#
# A fatal error has been detected by the Java Runtime Environment:
#
#  SIGSEGV (0xb) at pc=0x00007f830fe4bb2c, pid=31763, tid=31827
#
# JRE version: Java(TM) SE Runtime Environment (9.0+11) (build 9.0.4+11)
# Java VM: Java HotSpot(TM) 64-Bit Server VM (9.0.4+11, mixed mode, tiered, compressed oops, g1 gc, linux-amd64)
# Problematic frame:
# V  [libjvm.so+0x48eb2c]  Canonicalizer::do_If(If*)+0x1c
#
# Core dump will be written. Default location: Core dumps may be processed with "/usr/share/apport/apport -p%p -s%s -c%c -d%d -P%P -u%u -g%g -- %E" (or dumping to /JVMfuzzing/zjy/classming/Fuzzing-Testing-of-JVM-Implementations/core.31763)
#
# If you would like to submit a bug report, please visit:
#   http://bugreport.java.com/bugreport/crash.jsp
#

---------------  S U M M A R Y ------------

Command Line: -Xbootclasspath/a:/usr/local/java/jdk1.8.0_301/jre/lib/rt.jar -Xverify:none org.eclipse.core.runtime.adaptor.EclipseStarter -debug

Host: Intel(R) Core(TM) i9-9940X CPU @ 3.30GHz, 28 cores, 62G, Ubuntu 20.04.3 LTS
Time: Thu Nov  3 09:12:00 2022 UTC elapsed time: 0 seconds (0d 0h 0m 0s)

---------------  T H R E A D  ---------------

Current thread (0x00007f83082bf800):  JavaThread "C1 CompilerThread10" daemon [_thread_in_native, id=31827, stack(0x00007f81cfeff000,0x00007f81d0000000)]


Current CompileTask:
C1:    683  244 %     3       org.eclipse.core.runtime.adaptor.EclipseStarter::main @ 4600 (7592 bytes)

Stack: [0x00007f81cfeff000,0x00007f81d0000000],  sp=0x00007f81cfffe0c0,  free space=1020k
Native frames: (J=compiled Java code, A=aot compiled Java code, j=interpreted, Vv=VM code, C=native code)
V  [libjvm.so+0x48eb2c]  Canonicalizer::do_If(If*)+0x1c
V  [libjvm.so+0x4a0452]  GraphBuilder::append_with_bci(Instruction*, int)+0x42
V  [libjvm.so+0x4a3526]  GraphBuilder::if_node(Instruction*, Instruction::Condition, Instruction*, ValueStack*)+0x2a6
V  [libjvm.so+0x4b137a]  GraphBuilder::iterate_bytecodes_for_block(int)+0x198a
V  [libjvm.so+0x4b1ad5]  GraphBuilder::iterate_all_blocks(bool)+0x85
V  [libjvm.so+0x4b1ec9]  GraphBuilder::GraphBuilder(Compilation*, IRScope*)+0x389
V  [libjvm.so+0x4b70a8]  IR::IR(Compilation*, ciMethod*, int)+0x1e8
V  [libjvm.so+0x497832]  Compilation::build_hir() [clone .part.93]+0x162
V  [libjvm.so+0x499633]  Compilation::compile_java_method()+0x3c3
V  [libjvm.so+0x4997af]  Compilation::compile_method()+0x12f
V  [libjvm.so+0x499c31]  Compilation::Compilation(AbstractCompiler*, ciEnv*, ciMethod*, int, BufferBlob*, DirectiveSet*)+0x271
V  [libjvm.so+0x49ac1e]  Compiler::compile_method(ciEnv*, ciMethod*, int, DirectiveSet*)+0xae
V  [libjvm.so+0x6125ac]  CompileBroker::invoke_compiler_on_method(CompileTask*)+0x41c
V  [libjvm.so+0x61344b]  CompileBroker::compiler_thread_loop()+0x28b
V  [libjvm.so+0xcef338]  JavaThread::thread_main_inner()+0xd8
V  [libjvm.so+0xb6e132]  thread_native_entry(Thread*)+0xf2
C  [libpthread.so.0+0x9609]  start_thread+0xd9


siginfo: si_signo: 11 (SIGSEGV), si_code: 1 (SEGV_MAPERR), si_addr: 0x0000000000000018

Register to memory mapping:

RAX=0x0000000000000000 is an unknown value
RBX=0x00007f81d0160ca0 is an unknown value
RCX=0x00007f81cfffe800 is pointing into the stack for thread: 0x00007f83082bf800
RDX=0x00007f81d0160ca0 is an unknown value
RSP=0x00007f81cfffe0c0 is pointing into the stack for thread: 0x00007f83082bf800
RBP=0x00007f81cfffe130 is pointing into the stack for thread: 0x00007f83082bf800
RSI=0x00007f81d0160ca0 is an unknown value
RDI=0x00007f81cfffe160 is pointing into the stack for thread: 0x00007f83082bf800
R8 =0x00007f81d0160240 is an unknown value
R9 =0x00000000000000f0 is an unknown value
R10=0x0020000000000000 is an unknown value
R11=0x0000000000000000 is an unknown value
R12=0x00007f81d0160d40 is an unknown value
R13=0x00007f81cfffe460 is pointing into the stack for thread: 0x00007f83082bf800
R14=0x00007f81d0160ca0 is an unknown value
R15=0x00007f81d0160d40 is an unknown value


Registers:
RAX=0x0000000000000000, RBX=0x00007f81d0160ca0, RCX=0x00007f81cfffe800, RDX=0x00007f81d0160ca0
RSP=0x00007f81cfffe0c0, RBP=0x00007f81cfffe130, RSI=0x00007f81d0160ca0, RDI=0x00007f81cfffe160
R8 =0x00007f81d0160240, R9 =0x00000000000000f0, R10=0x0020000000000000, R11=0x0000000000000000
R12=0x00007f81d0160d40, R13=0x00007f81cfffe460, R14=0x00007f81d0160ca0, R15=0x00007f81d0160d40
RIP=0x00007f830fe4bb2c, EFLAGS=0x0000000000010206, CSGSFS=0x002b000000000033, ERR=0x0000000000000004
  TRAPNO=0x000000000000000e

Top of Stack: (sp=0x00007f81cfffe0c0)
0x00007f81cfffe0c0:   00007f81cfffe130 00007f830fdc1eb7
0x00007f81cfffe0d0:   00007f81d82844e8 00007f81d82844a8
0x00007f81cfffe0e0:   00007f81cfffe110 00007f830fe7869f
0x00007f81cfffe0f0:   00007f81f4081460 00007f81cfffe160 

Instructions: (pc=0x00007f830fe4bb2c)
0x00007f830fe4bb0c:   ff 90 66 90 55 48 89 e5 41 57 41 56 41 55 41 54
0x00007f830fe4bb1c:   53 48 89 f3 48 83 ec 48 48 8b 46 70 48 89 7d c8
0x00007f830fe4bb2c:   48 8b 78 18 48 8b 07 ff 50 18 84 c0 0f 85 a2 00
0x00007f830fe4bb3c:   00 00 4c 8b 63 70 48 8b 83 80 00 00 00 49 39 c4 


---------------  P R O C E S S  ---------------

Java Threads: ( => current thread )
  0x00007f8308351800 JavaThread "Service Thread" daemon [_thread_blocked, id=31831, stack(0x00007f81cf6d3000,0x00007f81cf7d4000)]
  0x00007f83082d2000 JavaThread "Common-Cleaner" daemon [_thread_blocked, id=31830, stack(0x00007f81cf7d4000,0x00007f81cf8d5000)]
  0x00007f83082c3000 JavaThread "Sweeper thread" daemon [_thread_blocked, id=31829, stack(0x00007f81cfcfd000,0x00007f81cfdfe000)]
  0x00007f83082c1800 JavaThread "C1 CompilerThread11" daemon [_thread_blocked, id=31828, stack(0x00007f81cfdfe000,0x00007f81cfeff000)]
=>0x00007f83082bf800 JavaThread "C1 CompilerThread10" daemon [_thread_in_native, id=31827, stack(0x00007f81cfeff000,0x00007f81d0000000)]
  0x00007f83082be000 JavaThread "C1 CompilerThread9" daemon [_thread_blocked, id=31826, stack(0x00007f8208072000,0x00007f8208173000)]
  0x00007f83082bc000 JavaThread "C1 CompilerThread8" daemon [_thread_blocked, id=31825, stack(0x00007f8208173000,0x00007f8208274000)]
  0x00007f83082ba800 JavaThread "C2 CompilerThread7" daemon [_thread_blocked, id=31824, stack(0x00007f8208274000,0x00007f8208375000)]
  0x00007f83082b8800 JavaThread "C2 CompilerThread6" daemon [_thread_blocked, id=31823, stack(0x00007f8208375000,0x00007f8208476000)]
  0x00007f83082b7000 JavaThread "C2 CompilerThread5" daemon [_thread_blocked, id=31822, stack(0x00007f8208476000,0x00007f8208577000)]
  0x00007f83082b5000 JavaThread "C2 CompilerThread4" daemon [_thread_blocked, id=31821, stack(0x00007f8208577000,0x00007f8208678000)]
  0x00007f83082b3000 JavaThread "C2 CompilerThread3" daemon [_thread_blocked, id=31820, stack(0x00007f8208678000,0x00007f8208779000)]
  0x00007f83082b1000 JavaThread "C2 CompilerThread2" daemon [_thread_blocked, id=31819, stack(0x00007f8208779000,0x00007f820887a000)]
  0x00007f83082af000 JavaThread "C2 CompilerThread1" daemon [_thread_blocked, id=31818, stack(0x00007f820887a000,0x00007f820897b000)]
  0x00007f83082ad800 JavaThread "C2 CompilerThread0" daemon [_thread_blocked, id=31817, stack(0x00007f820897b000,0x00007f8208a7c000)]
  0x00007f83082ac800 JavaThread "Signal Dispatcher" daemon [_thread_blocked, id=31816, stack(0x00007f8208a7c000,0x00007f8208b7d000)]
  0x00007f8308291000 JavaThread "Finalizer" daemon [_thread_blocked, id=31815, stack(0x00007f8208b7d000,0x00007f8208c7e000)]
  0x00007f8308288800 JavaThread "Reference Handler" daemon [_thread_blocked, id=31814, stack(0x00007f8208c7e000,0x00007f8208d7f000)]
  0x00007f8308011800 JavaThread "main" [_thread_in_native, id=31765, stack(0x00007f830f76f000,0x00007f830f86e000)]

Other Threads:
  0x00007f8308281000 VMThread "VM Thread" [stack: 0x00007f8208d81000,0x00007f8208e81000] [id=31813]
  0x00007f8308354000 WatcherThread [stack: 0x00007f81cf5d3000,0x00007f81cf6d3000] [id=31832]
  0x00007f8308034000 GCTaskThread "GC Thread#0" [stack: 0x00007f830e9c9000,0x00007f830eac9000] [id=31766]
  0x00007f8308035800 GCTaskThread "GC Thread#1" [stack: 0x00007f830e8c7000,0x00007f830e9c7000] [id=31767]
  0x00007f8308037000 GCTaskThread "GC Thread#2" [stack: 0x00007f830e7c5000,0x00007f830e8c5000] [id=31768]
  0x00007f8308039000 GCTaskThread "GC Thread#3" [stack: 0x00007f830e6c3000,0x00007f830e7c3000] [id=31769]
  0x00007f830803a800 GCTaskThread "GC Thread#4" [stack: 0x00007f830e5c1000,0x00007f830e6c1000] [id=31770]
  0x00007f830803c800 GCTaskThread "GC Thread#5" [stack: 0x00007f830e4bf000,0x00007f830e5bf000] [id=31771]
  0x00007f830803e000 GCTaskThread "GC Thread#6" [stack: 0x00007f830e3bd000,0x00007f830e4bd000] [id=31772]
  0x00007f830803f800 GCTaskThread "GC Thread#7" [stack: 0x00007f830e2bb000,0x00007f830e3bb000] [id=31773]
  0x00007f8308041800 GCTaskThread "GC Thread#8" [stack: 0x00007f830e1b9000,0x00007f830e2b9000] [id=31774]
  0x00007f8308043000 GCTaskThread "GC Thread#9" [stack: 0x00007f830e0b7000,0x00007f830e1b7000] [id=31775]
  0x00007f8308045000 GCTaskThread "GC Thread#10" [stack: 0x00007f830dfb5000,0x00007f830e0b5000] [id=31776]
  0x00007f8308046800 GCTaskThread "GC Thread#11" [stack: 0x00007f830deb3000,0x00007f830dfb3000] [id=31777]
  0x00007f8308048800 GCTaskThread "GC Thread#12" [stack: 0x00007f830ddb1000,0x00007f830deb1000] [id=31778]
  0x00007f830804a000 GCTaskThread "GC Thread#13" [stack: 0x00007f830dcaf000,0x00007f830ddaf000] [id=31779]
  0x00007f830804c000 GCTaskThread "GC Thread#14" [stack: 0x00007f830dbad000,0x00007f830dcad000] [id=31780]
  0x00007f830804d800 GCTaskThread "GC Thread#15" [stack: 0x00007f830daab000,0x00007f830dbab000] [id=31781]
  0x00007f830804f800 GCTaskThread "GC Thread#16" [stack: 0x00007f830d9a9000,0x00007f830daa9000] [id=31782]
  0x00007f8308051000 GCTaskThread "GC Thread#17" [stack: 0x00007f830d8a7000,0x00007f830d9a7000] [id=31783]
  0x00007f8308052800 GCTaskThread "GC Thread#18" [stack: 0x00007f830d7a5000,0x00007f830d8a5000] [id=31784]
  0x00007f8308054800 GCTaskThread "GC Thread#19" [stack: 0x00007f830d6a3000,0x00007f830d7a3000] [id=31785]
  0x00007f830809f800 ConcurrentGCThread "G1 Main Marker" [stack: 0x00007f82ec232000,0x00007f82ec332000] [id=31807]
  0x00007f83080a1000 ConcurrentGCThread "G1 Marker#0" [stack: 0x00007f82ec130000,0x00007f82ec230000] [id=31808]
  0x00007f83080a3000 ConcurrentGCThread "G1 Marker#1" [stack: 0x00007f82ec02e000,0x00007f82ec12e000] [id=31809]
  0x00007f83080a4800 ConcurrentGCThread "G1 Marker#2" [stack: 0x00007f8220dd8000,0x00007f8220ed8000] [id=31810]
  0x00007f83080a6800 ConcurrentGCThread "G1 Marker#3" [stack: 0x00007f8220cd6000,0x00007f8220dd6000] [id=31811]
  0x00007f83080a8000 ConcurrentGCThread "G1 Marker#4" [stack: 0x00007f8220bd4000,0x00007f8220cd4000] [id=31812]
  0x00007f8308079000 ConcurrentGCThread "G1 Refine#0" [stack: 0x00007f82ec921000,0x00007f82eca21000] [id=31805]
  0x00007f8308077000 ConcurrentGCThread "G1 Refine#1" [stack: 0x00007f82eca23000,0x00007f82ecb23000] [id=31804]
  0x00007f8308075000 ConcurrentGCThread "G1 Refine#2" [stack: 0x00007f82ecb25000,0x00007f82ecc25000] [id=31803]
  0x00007f8308073800 ConcurrentGCThread "G1 Refine#3" [stack: 0x00007f82ecc27000,0x00007f82ecd27000] [id=31802]
  0x00007f8308071800 ConcurrentGCThread "G1 Refine#4" [stack: 0x00007f82ecd29000,0x00007f82ece29000] [id=31801]
  0x00007f8308070000 ConcurrentGCThread "G1 Refine#5" [stack: 0x00007f82ece2b000,0x00007f82ecf2b000] [id=31800]
  0x00007f830806e000 ConcurrentGCThread "G1 Refine#6" [stack: 0x00007f82ecf2d000,0x00007f82ed02d000] [id=31799]
  0x00007f830806c800 ConcurrentGCThread "G1 Refine#7" [stack: 0x00007f82ed02f000,0x00007f82ed12f000] [id=31798]
  0x00007f830806a800 ConcurrentGCThread "G1 Refine#8" [stack: 0x00007f82ed131000,0x00007f82ed231000] [id=31797]
  0x00007f8308069000 ConcurrentGCThread "G1 Refine#9" [stack: 0x00007f82ed233000,0x00007f82ed333000] [id=31796]
  0x00007f8308067000 ConcurrentGCThread "G1 Refine#10" [stack: 0x00007f82ed335000,0x00007f82ed435000] [id=31795]
  0x00007f8308065000 ConcurrentGCThread "G1 Refine#11" [stack: 0x00007f82ed437000,0x00007f82ed537000] [id=31794]
  0x00007f8308063800 ConcurrentGCThread "G1 Refine#12" [stack: 0x00007f82ed539000,0x00007f82ed639000] [id=31793]
  0x00007f8308061800 ConcurrentGCThread "G1 Refine#13" [stack: 0x00007f82ed63b000,0x00007f82ed73b000] [id=31792]
  0x00007f8308060000 ConcurrentGCThread "G1 Refine#14" [stack: 0x00007f82ed73d000,0x00007f82ed83d000] [id=31791]
  0x00007f830805e000 ConcurrentGCThread "G1 Refine#15" [stack: 0x00007f82ed83f000,0x00007f82ed93f000] [id=31790]
  0x00007f830805c800 ConcurrentGCThread "G1 Refine#16" [stack: 0x00007f82ed941000,0x00007f82eda41000] [id=31789]
  0x00007f830805a800 ConcurrentGCThread "G1 Refine#17" [stack: 0x00007f82eda43000,0x00007f82edb43000] [id=31788]
  0x00007f8308059000 ConcurrentGCThread "G1 Refine#18" [stack: 0x00007f830c08b000,0x00007f830c18b000] [id=31787]
  0x00007f8308057000 ConcurrentGCThread "G1 Refine#19" [stack: 0x00007f830c18d000,0x00007f830c28d000] [id=31786]
  0x00007f830807a800 ConcurrentGCThread "G1 Young RemSet Sampling" [stack: 0x00007f82ec81f000,0x00007f82ec91f000] [id=31806]

Threads with active compile tasks:
C1 CompilerThread10 244 %     3       org.eclipse.core.runtime.adaptor.EclipseStarter::main @ 4600 (7592 bytes)

VM state:not at safepoint (normal execution)

VM Mutex/Monitor currently owned by a thread: None

Heap address: 0x00000003d7c00000, size: 16004 MB, Compressed Oops mode: Zero based, Oop shift amount: 3
Narrow klass base: 0x0000000000000000, Narrow klass shift: 3
Compressed class space size: 1073741824 Address: 0x00000007c0000000

Heap:
 garbage-first heap   total 1028096K, used 12288K [0x00000003d7c00000, 0x00000003d80007d8, 0x00000007c0000000)
  region size 4096K, 4 young (16384K), 0 survivors (0K)
 Metaspace       used 4323K, capacity 4680K, committed 4864K, reserved 1056768K
  class space    used 356K, capacity 388K, committed 512K, reserved 1048576K
Heap Regions: E=young(eden), S=young(survivor), O=old, HS=humongous(starts), HC=humongous(continues), CS=collection set, F=free, A=archive, TS=gc time stamp, AC=allocation context, TAMS=top-at-mark-start (previous, next)
|   0|0x00000003d7c00000, 0x00000003d7c00000, 0x00000003d8000000|  0%| F|  |TS  0|AC  0|TAMS 0x00000003d7c00000, 0x00000003d7c00000|
|   1|0x00000003d8000000, 0x00000003d8000000, 0x00000003d8400000|  0%| F|  |TS  0|AC  0|TAMS 0x00000003d8000000, 0x00000003d8000000|
|   2|0x00000003d8400000, 0x00000003d8400000, 0x00000003d8800000|  0%| F|  |TS  0|AC  0|TAMS 0x00000003d8400000, 0x00000003d8400000|
|   3|0x00000003d8800000, 0x00000003d8800000, 0x00000003d8c00000|  0%| F|  |TS  0|AC  0|TAMS 0x00000003d8800000, 0x00000003d8800000|
|   4|0x00000003d8c00000, 0x00000003d8c00000, 0x00000003d9000000|  0%| F|  |TS  0|AC  0|TAMS 0x00000003d8c00000, 0x00000003d8c00000|
|   5|0x00000003d9000000, 0x00000003d9000000, 0x00000003d9400000|  0%| F|  |TS  0|AC  0|TAMS 0x00000003d9000000, 0x00000003d9000000|
|   6|0x00000003d9400000, 0x00000003d9400000, 0x00000003d9800000|  0%| F|  |TS  0|AC  0|TAMS 0x00000003d9400000, 0x00000003d9400000|
|   7|0x00000003d9800000, 0x00000003d9800000, 0x00000003d9c00000|  0%| F|  |TS  0|AC  0|TAMS 0x00000003d9800000, 0x00000003d9800000|
|   8|0x00000003d9c00000, 0x00000003d9c00000, 0x00000003da000000|  0%| F|  |TS  0|AC  0|TAMS 0x00000003d9c00000, 0x00000003d9c00000|
|   9|0x00000003da000000, 0x00000003da000000, 0x00000003da400000|  0%| F|  |TS  0|AC  0|TAMS 0x00000003da000000, 0x00000003da000000|
|  10|0x00000003da400000, 0x00000003da400000, 0x00000003da800000|  0%| F|  |TS  0|AC  0|TAMS 0x00000003da400000, 0x00000003da400000|
|  11|0x00000003da800000, 0x00000003da800000, 0x00000003dac00000|  0%| F|  |TS  0|AC  0|TAMS 0x00000003da800000, 0x00000003da800000|
|  12|0x00000003dac00000, 0x00000003dac00000, 0x00000003db000000|  0%| F|  |TS  0|AC  0|TAMS 0x00000003dac00000, 0x00000003dac00000|
|  13|0x00000003db000000, 0x00000003db000000, 0x00000003db400000|  0%| F|  |TS  0|AC  0|TAMS 0x00000003db000000, 0x00000003db000000|
|  14|0x00000003db400000, 0x00000003db400000, 0x00000003db800000|  0%| F|  |TS  0|AC  0|TAMS 0x00000003db400000, 0x00000003db400000|
|  15|0x00000003db800000, 0x00000003db800000, 0x00000003dbc00000|  0%| F|  |TS  0|AC  0|TAMS 0x00000003db800000, 0x00000003db800000|
|  16|0x00000003dbc00000, 0x00000003dbc00000, 0x00000003dc000000|  0%| F|  |TS  0|AC  0|TAMS 0x00000003dbc00000, 0x00000003dbc00000|
|  17|0x00000003dc000000, 0x00000003dc000000, 0x00000003dc400000|  0%| F|  |TS  0|AC  0|TAMS 0x00000003dc000000, 0x00000003dc000000|
|  18|0x00000003dc400000, 0x00000003dc400000, 0x00000003dc800000|  0%| F|  |TS  0|AC  0|TAMS 0x00000003dc400000, 0x00000003dc400000|
|  19|0x00000003dc800000, 0x00000003dc800000, 0x00000003dcc00000|  0%| F|  |TS  0|AC  0|TAMS 0x00000003dc800000, 0x00000003dc800000|
|  20|0x00000003dcc00000, 0x00000003dcc00000, 0x00000003dd000000|  0%| F|  |TS  0|AC  0|TAMS 0x00000003dcc00000, 0x00000003dcc00000|
|  21|0x00000003dd000000, 0x00000003dd000000, 0x00000003dd400000|  0%| F|  |TS  0|AC  0|TAMS 0x00000003dd000000, 0x00000003dd000000|
|  22|0x00000003dd400000, 0x00000003dd400000, 0x00000003dd800000|  0%| F|  |TS  0|AC  0|TAMS 0x00000003dd400000, 0x00000003dd400000|
|  23|0x00000003dd800000, 0x00000003dd800000, 0x00000003ddc00000|  0%| F|  |TS  0|AC  0|TAMS 0x00000003dd800000, 0x00000003dd800000|
|  24|0x00000003ddc00000, 0x00000003ddc00000, 0x00000003de000000|  0%| F|  |TS  0|AC  0|TAMS 0x00000003ddc00000, 0x00000003ddc00000|
|  25|0x00000003de000000, 0x00000003de000000, 0x00000003de400000|  0%| F|  |TS  0|AC  0|TAMS 0x00000003de000000, 0x00000003de000000|
|  26|0x00000003de400000, 0x00000003de400000, 0x00000003de800000|  0%| F|  |TS  0|AC  0|TAMS 0x00000003de400000, 0x00000003de400000|
|  27|0x00000003de800000, 0x00000003de800000, 0x00000003dec00000|  0%| F|  |TS  0|AC  0|TAMS 0x00000003de800000, 0x00000003de800000|
|  28|0x00000003dec00000, 0x00000003dec00000, 0x00000003df000000|  0%| F|  |TS  0|AC  0|TAMS 0x00000003dec00000, 0x00000003dec00000|
|  29|0x00000003df000000, 0x00000003df000000, 0x00000003df400000|  0%| F|  |TS  0|AC  0|TAMS 0x00000003df000000, 0x00000003df000000|
|  30|0x00000003df400000, 0x00000003df400000, 0x00000003df800000|  0%| F|  |TS  0|AC  0|TAMS 0x00000003df400000, 0x00000003df400000|
|  31|0x00000003df800000, 0x00000003df800000, 0x00000003dfc00000|  0%| F|  |TS  0|AC  0|TAMS 0x00000003df800000, 0x00000003df800000|
|  32|0x00000003dfc00000, 0x00000003dfc00000, 0x00000003e0000000|  0%| F|  |TS  0|AC  0|TAMS 0x00000003dfc00000, 0x00000003dfc00000|
|  33|0x00000003e0000000, 0x00000003e0000000, 0x00000003e0400000|  0%| F|  |TS  0|AC  0|TAMS 0x00000003e0000000, 0x00000003e0000000|
|  34|0x00000003e0400000, 0x00000003e0400000, 0x00000003e0800000|  0%| F|  |TS  0|AC  0|TAMS 0x00000003e0400000, 0x00000003e0400000|
|  35|0x00000003e0800000, 0x00000003e0800000, 0x00000003e0c00000|  0%| F|  |TS  0|AC  0|TAMS 0x00000003e0800000, 0x00000003e0800000|
|  36|0x00000003e0c00000, 0x00000003e0c00000, 0x00000003e1000000|  0%| F|  |TS  0|AC  0|TAMS 0x00000003e0c00000, 0x00000003e0c00000|
|  37|0x00000003e1000000, 0x00000003e1000000, 0x00000003e1400000|  0%| F|  |TS  0|AC  0|TAMS 0x00000003e1000000, 0x00000003e1000000|
|  38|0x00000003e1400000, 0x00000003e1400000, 0x00000003e1800000|  0%| F|  |TS  0|AC  0|TAMS 0x00000003e1400000, 0x00000003e1400000|
|  39|0x00000003e1800000, 0x00000003e1800000, 0x00000003e1c00000|  0%| F|  |TS  0|AC  0|TAMS 0x00000003e1800000, 0x00000003e1800000|
|  40|0x00000003e1c00000, 0x00000003e1c00000, 0x00000003e2000000|  0%| F|  |TS  0|AC  0|TAMS 0x00000003e1c00000, 0x00000003e1c00000|
|  41|0x00000003e2000000, 0x00000003e2000000, 0x00000003e2400000|  0%| F|  |TS  0|AC  0|TAMS 0x00000003e2000000, 0x00000003e2000000|
|  42|0x00000003e2400000, 0x00000003e2400000, 0x00000003e2800000|  0%| F|  |TS  0|AC  0|TAMS 0x00000003e2400000, 0x00000003e2400000|
|  43|0x00000003e2800000, 0x00000003e2800000, 0x00000003e2c00000|  0%| F|  |TS  0|AC  0|TAMS 0x00000003e2800000, 0x00000003e2800000|
|  44|0x00000003e2c00000, 0x00000003e2c00000, 0x00000003e3000000|  0%| F|  |TS  0|AC  0|TAMS 0x00000003e2c00000, 0x00000003e2c00000|
|  45|0x00000003e3000000, 0x00000003e3000000, 0x00000003e3400000|  0%| F|  |TS  0|AC  0|TAMS 0x00000003e3000000, 0x00000003e3000000|
|  46|0x00000003e3400000, 0x00000003e3400000, 0x00000003e3800000|  0%| F|  |TS  0|AC  0|TAMS 0x00000003e3400000, 0x00000003e3400000|
|  47|0x00000003e3800000, 0x00000003e3800000, 0x00000003e3c00000|  0%| F|  |TS  0|AC  0|TAMS 0x00000003e3800000, 0x00000003e3800000|
|  48|0x00000003e3c00000, 0x00000003e3c00000, 0x00000003e4000000|  0%| F|  |TS  0|AC  0|TAMS 0x00000003e3c00000, 0x00000003e3c00000|
|  49|0x00000003e4000000, 0x00000003e4000000, 0x00000003e4400000|  0%| F|  |TS  0|AC  0|TAMS 0x00000003e4000000, 0x00000003e4000000|
|  50|0x00000003e4400000, 0x00000003e4400000, 0x00000003e4800000|  0%| F|  |TS  0|AC  0|TAMS 0x00000003e4400000, 0x00000003e4400000|
|  51|0x00000003e4800000, 0x00000003e4800000, 0x00000003e4c00000|  0%| F|  |TS  0|AC  0|TAMS 0x00000003e4800000, 0x00000003e4800000|
|  52|0x00000003e4c00000, 0x00000003e4c00000, 0x00000003e5000000|  0%| F|  |TS  0|AC  0|TAMS 0x00000003e4c00000, 0x00000003e4c00000|
|  53|0x00000003e5000000, 0x00000003e5000000, 0x00000003e5400000|  0%| F|  |TS  0|AC  0|TAMS 0x00000003e5000000, 0x00000003e5000000|
|  54|0x00000003e5400000, 0x00000003e5400000, 0x00000003e5800000|  0%| F|  |TS  0|AC  0|TAMS 0x00000003e5400000, 0x00000003e5400000|
|  55|0x00000003e5800000, 0x00000003e5800000, 0x00000003e5c00000|  0%| F|  |TS  0|AC  0|TAMS 0x00000003e5800000, 0x00000003e5800000|
|  56|0x00000003e5c00000, 0x00000003e5c00000, 0x00000003e6000000|  0%| F|  |TS  0|AC  0|TAMS 0x00000003e5c00000, 0x00000003e5c00000|
|  57|0x00000003e6000000, 0x00000003e6000000, 0x00000003e6400000|  0%| F|  |TS  0|AC  0|TAMS 0x00000003e6000000, 0x00000003e6000000|
|  58|0x00000003e6400000, 0x00000003e6400000, 0x00000003e6800000|  0%| F|  |TS  0|AC  0|TAMS 0x00000003e6400000, 0x00000003e6400000|
|  59|0x00000003e6800000, 0x00000003e6800000, 0x00000003e6c00000|  0%| F|  |TS  0|AC  0|TAMS 0x00000003e6800000, 0x00000003e6800000|
|  60|0x00000003e6c00000, 0x00000003e6c00000, 0x00000003e7000000|  0%| F|  |TS  0|AC  0|TAMS 0x00000003e6c00000, 0x00000003e6c00000|
|  61|0x00000003e7000000, 0x00000003e7000000, 0x00000003e7400000|  0%| F|  |TS  0|AC  0|TAMS 0x00000003e7000000, 0x00000003e7000000|
|  62|0x00000003e7400000, 0x00000003e7400000, 0x00000003e7800000|  0%| F|  |TS  0|AC  0|TAMS 0x00000003e7400000, 0x00000003e7400000|
|  63|0x00000003e7800000, 0x00000003e7800000, 0x00000003e7c00000|  0%| F|  |TS  0|AC  0|TAMS 0x00000003e7800000, 0x00000003e7800000|
|  64|0x00000003e7c00000, 0x00000003e7c00000, 0x00000003e8000000|  0%| F|  |TS  0|AC  0|TAMS 0x00000003e7c00000, 0x00000003e7c00000|
|  65|0x00000003e8000000, 0x00000003e8000000, 0x00000003e8400000|  0%| F|  |TS  0|AC  0|TAMS 0x00000003e8000000, 0x00000003e8000000|
|  66|0x00000003e8400000, 0x00000003e8400000, 0x00000003e8800000|  0%| F|  |TS  0|AC  0|TAMS 0x00000003e8400000, 0x00000003e8400000|
|  67|0x00000003e8800000, 0x00000003e8800000, 0x00000003e8c00000|  0%| F|  |TS  0|AC  0|TAMS 0x00000003e8800000, 0x00000003e8800000|
|  68|0x00000003e8c00000, 0x00000003e8c00000, 0x00000003e9000000|  0%| F|  |TS  0|AC  0|TAMS 0x00000003e8c00000, 0x00000003e8c00000|
|  69|0x00000003e9000000, 0x00000003e9000000, 0x00000003e9400000|  0%| F|  |TS  0|AC  0|TAMS 0x00000003e9000000, 0x00000003e9000000|
|  70|0x00000003e9400000, 0x00000003e9400000, 0x00000003e9800000|  0%| F|  |TS  0|AC  0|TAMS 0x00000003e9400000, 0x00000003e9400000|
|  71|0x00000003e9800000, 0x00000003e9800000, 0x00000003e9c00000|  0%| F|  |TS  0|AC  0|TAMS 0x00000003e9800000, 0x00000003e9800000|
|  72|0x00000003e9c00000, 0x00000003e9c00000, 0x00000003ea000000|  0%| F|  |TS  0|AC  0|TAMS 0x00000003e9c00000, 0x00000003e9c00000|
|  73|0x00000003ea000000, 0x00000003ea000000, 0x00000003ea400000|  0%| F|  |TS  0|AC  0|TAMS 0x00000003ea000000, 0x00000003ea000000|
|  74|0x00000003ea400000, 0x00000003ea400000, 0x00000003ea800000|  0%| F|  |TS  0|AC  0|TAMS 0x00000003ea400000, 0x00000003ea400000|
|  75|0x00000003ea800000, 0x00000003ea800000, 0x00000003eac00000|  0%| F|  |TS  0|AC  0|TAMS 0x00000003ea800000, 0x00000003ea800000|
|  76|0x00000003eac00000, 0x00000003eac00000, 0x00000003eb000000|  0%| F|  |TS  0|AC  0|TAMS 0x00000003eac00000, 0x00000003eac00000|
|  77|0x00000003eb000000, 0x00000003eb000000, 0x00000003eb400000|  0%| F|  |TS  0|AC  0|TAMS 0x00000003eb000000, 0x00000003eb000000|
|  78|0x00000003eb400000, 0x00000003eb400000, 0x00000003eb800000|  0%| F|  |TS  0|AC  0|TAMS 0x00000003eb400000, 0x00000003eb400000|
|  79|0x00000003eb800000, 0x00000003eb800000, 0x00000003ebc00000|  0%| F|  |TS  0|AC  0|TAMS 0x00000003eb800000, 0x00000003eb800000|
|  80|0x00000003ebc00000, 0x00000003ebc00000, 0x00000003ec000000|  0%| F|  |TS  0|AC  0|TAMS 0x00000003ebc00000, 0x00000003ebc00000|
|  81|0x00000003ec000000, 0x00000003ec000000, 0x00000003ec400000|  0%| F|  |TS  0|AC  0|TAMS 0x00000003ec000000, 0x00000003ec000000|
|  82|0x00000003ec400000, 0x00000003ec400000, 0x00000003ec800000|  0%| F|  |TS  0|AC  0|TAMS 0x00000003ec400000, 0x00000003ec400000|
|  83|0x00000003ec800000, 0x00000003ec800000, 0x00000003ecc00000|  0%| F|  |TS  0|AC  0|TAMS 0x00000003ec800000, 0x00000003ec800000|
|  84|0x00000003ecc00000, 0x00000003ecc00000, 0x00000003ed000000|  0%| F|  |TS  0|AC  0|TAMS 0x00000003ecc00000, 0x00000003ecc00000|
|  85|0x00000003ed000000, 0x00000003ed000000, 0x00000003ed400000|  0%| F|  |TS  0|AC  0|TAMS 0x00000003ed000000, 0x00000003ed000000|
|  86|0x00000003ed400000, 0x00000003ed400000, 0x00000003ed800000|  0%| F|  |TS  0|AC  0|TAMS 0x00000003ed400000, 0x00000003ed400000|
|  87|0x00000003ed800000, 0x00000003ed800000, 0x00000003edc00000|  0%| F|  |TS  0|AC  0|TAMS 0x00000003ed800000, 0x00000003ed800000|
|  88|0x00000003edc00000, 0x00000003edc00000, 0x00000003ee000000|  0%| F|  |TS  0|AC  0|TAMS 0x00000003edc00000, 0x00000003edc00000|
|  89|0x00000003ee000000, 0x00000003ee000000, 0x00000003ee400000|  0%| F|  |TS  0|AC  0|TAMS 0x00000003ee000000, 0x00000003ee000000|
|  90|0x00000003ee400000, 0x00000003ee400000, 0x00000003ee800000|  0%| F|  |TS  0|AC  0|TAMS 0x00000003ee400000, 0x00000003ee400000|
|  91|0x00000003ee800000, 0x00000003ee800000, 0x00000003eec00000|  0%| F|  |TS  0|AC  0|TAMS 0x00000003ee800000, 0x00000003ee800000|
|  92|0x00000003eec00000, 0x00000003eec00000, 0x00000003ef000000|  0%| F|  |TS  0|AC  0|TAMS 0x00000003eec00000, 0x00000003eec00000|
|  93|0x00000003ef000000, 0x00000003ef000000, 0x00000003ef400000|  0%| F|  |TS  0|AC  0|TAMS 0x00000003ef000000, 0x00000003ef000000|
|  94|0x00000003ef400000, 0x00000003ef400000, 0x00000003ef800000|  0%| F|  |TS  0|AC  0|TAMS 0x00000003ef400000, 0x00000003ef400000|
|  95|0x00000003ef800000, 0x00000003ef800000, 0x00000003efc00000|  0%| F|  |TS  0|AC  0|TAMS 0x00000003ef800000, 0x00000003ef800000|
|  96|0x00000003efc00000, 0x00000003efc00000, 0x00000003f0000000|  0%| F|  |TS  0|AC  0|TAMS 0x00000003efc00000, 0x00000003efc00000|
|  97|0x00000003f0000000, 0x00000003f0000000, 0x00000003f0400000|  0%| F|  |TS  0|AC  0|TAMS 0x00000003f0000000, 0x00000003f0000000|
|  98|0x00000003f0400000, 0x00000003f0400000, 0x00000003f0800000|  0%| F|  |TS  0|AC  0|TAMS 0x00000003f0400000, 0x00000003f0400000|
|  99|0x00000003f0800000, 0x00000003f0800000, 0x00000003f0c00000|  0%| F|  |TS  0|AC  0|TAMS 0x00000003f0800000, 0x00000003f0800000|
| 100|0x00000003f0c00000, 0x00000003f0c00000, 0x00000003f1000000|  0%| F|  |TS  0|AC  0|TAMS 0x00000003f0c00000, 0x00000003f0c00000|
| 101|0x00000003f1000000, 0x00000003f1000000, 0x00000003f1400000|  0%| F|  |TS  0|AC  0|TAMS 0x00000003f1000000, 0x00000003f1000000|
| 102|0x00000003f1400000, 0x00000003f1400000, 0x00000003f1800000|  0%| F|  |TS  0|AC  0|TAMS 0x00000003f1400000, 0x00000003f1400000|
| 103|0x00000003f1800000, 0x00000003f1800000, 0x00000003f1c00000|  0%| F|  |TS  0|AC  0|TAMS 0x00000003f1800000, 0x00000003f1800000|
| 104|0x00000003f1c00000, 0x00000003f1c00000, 0x00000003f2000000|  0%| F|  |TS  0|AC  0|TAMS 0x00000003f1c00000, 0x00000003f1c00000|
| 105|0x00000003f2000000, 0x00000003f2000000, 0x00000003f2400000|  0%| F|  |TS  0|AC  0|TAMS 0x00000003f2000000, 0x00000003f2000000|
| 106|0x00000003f2400000, 0x00000003f2400000, 0x00000003f2800000|  0%| F|  |TS  0|AC  0|TAMS 0x00000003f2400000, 0x00000003f2400000|
| 107|0x00000003f2800000, 0x00000003f2800000, 0x00000003f2c00000|  0%| F|  |TS  0|AC  0|TAMS 0x00000003f2800000, 0x00000003f2800000|
| 108|0x00000003f2c00000, 0x00000003f2c00000, 0x00000003f3000000|  0%| F|  |TS  0|AC  0|TAMS 0x00000003f2c00000, 0x00000003f2c00000|
| 109|0x00000003f3000000, 0x00000003f3000000, 0x00000003f3400000|  0%| F|  |TS  0|AC  0|TAMS 0x00000003f3000000, 0x00000003f3000000|
| 110|0x00000003f3400000, 0x00000003f3400000, 0x00000003f3800000|  0%| F|  |TS  0|AC  0|TAMS 0x00000003f3400000, 0x00000003f3400000|
| 111|0x00000003f3800000, 0x00000003f3800000, 0x00000003f3c00000|  0%| F|  |TS  0|AC  0|TAMS 0x00000003f3800000, 0x00000003f3800000|
| 112|0x00000003f3c00000, 0x00000003f3c00000, 0x00000003f4000000|  0%| F|  |TS  0|AC  0|TAMS 0x00000003f3c00000, 0x00000003f3c00000|
| 113|0x00000003f4000000, 0x00000003f4000000, 0x00000003f4400000|  0%| F|  |TS  0|AC  0|TAMS 0x00000003f4000000, 0x00000003f4000000|
| 114|0x00000003f4400000, 0x00000003f4400000, 0x00000003f4800000|  0%| F|  |TS  0|AC  0|TAMS 0x00000003f4400000, 0x00000003f4400000|
| 115|0x00000003f4800000, 0x00000003f4800000, 0x00000003f4c00000|  0%| F|  |TS  0|AC  0|TAMS 0x00000003f4800000, 0x00000003f4800000|
| 116|0x00000003f4c00000, 0x00000003f4c00000, 0x00000003f5000000|  0%| F|  |TS  0|AC  0|TAMS 0x00000003f4c00000, 0x00000003f4c00000|
| 117|0x00000003f5000000, 0x00000003f5000000, 0x00000003f5400000|  0%| F|  |TS  0|AC  0|TAMS 0x00000003f5000000, 0x00000003f5000000|
| 118|0x00000003f5400000, 0x00000003f5400000, 0x00000003f5800000|  0%| F|  |TS  0|AC  0|TAMS 0x00000003f5400000, 0x00000003f5400000|
| 119|0x00000003f5800000, 0x00000003f5800000, 0x00000003f5c00000|  0%| F|  |TS  0|AC  0|TAMS 0x00000003f5800000, 0x00000003f5800000|
| 120|0x00000003f5c00000, 0x00000003f5c00000, 0x00000003f6000000|  0%| F|  |TS  0|AC  0|TAMS 0x00000003f5c00000, 0x00000003f5c00000|
| 121|0x00000003f6000000, 0x00000003f6000000, 0x00000003f6400000|  0%| F|  |TS  0|AC  0|TAMS 0x00000003f6000000, 0x00000003f6000000|
| 122|0x00000003f6400000, 0x00000003f6400000, 0x00000003f6800000|  0%| F|  |TS  0|AC  0|TAMS 0x00000003f6400000, 0x00000003f6400000|
| 123|0x00000003f6800000, 0x00000003f6800000, 0x00000003f6c00000|  0%| F|  |TS  0|AC  0|TAMS 0x00000003f6800000, 0x00000003f6800000|
| 124|0x00000003f6c00000, 0x00000003f6c00000, 0x00000003f7000000|  0%| F|  |TS  0|AC  0|TAMS 0x00000003f6c00000, 0x00000003f6c00000|
| 125|0x00000003f7000000, 0x00000003f7000000, 0x00000003f7400000|  0%| F|  |TS  0|AC  0|TAMS 0x00000003f7000000, 0x00000003f7000000|
| 126|0x00000003f7400000, 0x00000003f7400000, 0x00000003f7800000|  0%| F|  |TS  0|AC  0|TAMS 0x00000003f7400000, 0x00000003f7400000|
| 127|0x00000003f7800000, 0x00000003f7800000, 0x00000003f7c00000|  0%| F|  |TS  0|AC  0|TAMS 0x00000003f7800000, 0x00000003f7800000|
| 128|0x00000003f7c00000, 0x00000003f7c00000, 0x00000003f8000000|  0%| F|  |TS  0|AC  0|TAMS 0x00000003f7c00000, 0x00000003f7c00000|
| 129|0x00000003f8000000, 0x00000003f8000000, 0x00000003f8400000|  0%| F|  |TS  0|AC  0|TAMS 0x00000003f8000000, 0x00000003f8000000|
| 130|0x00000003f8400000, 0x00000003f8400000, 0x00000003f8800000|  0%| F|  |TS  0|AC  0|TAMS 0x00000003f8400000, 0x00000003f8400000|
| 131|0x00000003f8800000, 0x00000003f8800000, 0x00000003f8c00000|  0%| F|  |TS  0|AC  0|TAMS 0x00000003f8800000, 0x00000003f8800000|
| 132|0x00000003f8c00000, 0x00000003f8c00000, 0x00000003f9000000|  0%| F|  |TS  0|AC  0|TAMS 0x00000003f8c00000, 0x00000003f8c00000|
| 133|0x00000003f9000000, 0x00000003f9000000, 0x00000003f9400000|  0%| F|  |TS  0|AC  0|TAMS 0x00000003f9000000, 0x00000003f9000000|
| 134|0x00000003f9400000, 0x00000003f9400000, 0x00000003f9800000|  0%| F|  |TS  0|AC  0|TAMS 0x00000003f9400000, 0x00000003f9400000|
| 135|0x00000003f9800000, 0x00000003f9800000, 0x00000003f9c00000|  0%| F|  |TS  0|AC  0|TAMS 0x00000003f9800000, 0x00000003f9800000|
| 136|0x00000003f9c00000, 0x00000003f9c00000, 0x00000003fa000000|  0%| F|  |TS  0|AC  0|TAMS 0x00000003f9c00000, 0x00000003f9c00000|
| 137|0x00000003fa000000, 0x00000003fa000000, 0x00000003fa400000|  0%| F|  |TS  0|AC  0|TAMS 0x00000003fa000000, 0x00000003fa000000|
| 138|0x00000003fa400000, 0x00000003fa400000, 0x00000003fa800000|  0%| F|  |TS  0|AC  0|TAMS 0x00000003fa400000, 0x00000003fa400000|
| 139|0x00000003fa800000, 0x00000003fa800000, 0x00000003fac00000|  0%| F|  |TS  0|AC  0|TAMS 0x00000003fa800000, 0x00000003fa800000|
| 140|0x00000003fac00000, 0x00000003fac00000, 0x00000003fb000000|  0%| F|  |TS  0|AC  0|TAMS 0x00000003fac00000, 0x00000003fac00000|
| 141|0x00000003fb000000, 0x00000003fb000000, 0x00000003fb400000|  0%| F|  |TS  0|AC  0|TAMS 0x00000003fb000000, 0x00000003fb000000|
| 142|0x00000003fb400000, 0x00000003fb400000, 0x00000003fb800000|  0%| F|  |TS  0|AC  0|TAMS 0x00000003fb400000, 0x00000003fb400000|
| 143|0x00000003fb800000, 0x00000003fb800000, 0x00000003fbc00000|  0%| F|  |TS  0|AC  0|TAMS 0x00000003fb800000, 0x00000003fb800000|
| 144|0x00000003fbc00000, 0x00000003fbc00000, 0x00000003fc000000|  0%| F|  |TS  0|AC  0|TAMS 0x00000003fbc00000, 0x00000003fbc00000|
| 145|0x00000003fc000000, 0x00000003fc000000, 0x00000003fc400000|  0%| F|  |TS  0|AC  0|TAMS 0x00000003fc000000, 0x00000003fc000000|
| 146|0x00000003fc400000, 0x00000003fc400000, 0x00000003fc800000|  0%| F|  |TS  0|AC  0|TAMS 0x00000003fc400000, 0x00000003fc400000|
| 147|0x00000003fc800000, 0x00000003fc800000, 0x00000003fcc00000|  0%| F|  |TS  0|AC  0|TAMS 0x00000003fc800000, 0x00000003fc800000|
| 148|0x00000003fcc00000, 0x00000003fcc00000, 0x00000003fd000000|  0%| F|  |TS  0|AC  0|TAMS 0x00000003fcc00000, 0x00000003fcc00000|
| 149|0x00000003fd000000, 0x00000003fd000000, 0x00000003fd400000|  0%| F|  |TS  0|AC  0|TAMS 0x00000003fd000000, 0x00000003fd000000|
| 150|0x00000003fd400000, 0x00000003fd400000, 0x00000003fd800000|  0%| F|  |TS  0|AC  0|TAMS 0x00000003fd400000, 0x00000003fd400000|
| 151|0x00000003fd800000, 0x00000003fd800000, 0x00000003fdc00000|  0%| F|  |TS  0|AC  0|TAMS 0x00000003fd800000, 0x00000003fd800000|
| 152|0x00000003fdc00000, 0x00000003fdc00000, 0x00000003fe000000|  0%| F|  |TS  0|AC  0|TAMS 0x00000003fdc00000, 0x00000003fdc00000|
| 153|0x00000003fe000000, 0x00000003fe000000, 0x00000003fe400000|  0%| F|  |TS  0|AC  0|TAMS 0x00000003fe000000, 0x00000003fe000000|
| 154|0x00000003fe400000, 0x00000003fe400000, 0x00000003fe800000|  0%| F|  |TS  0|AC  0|TAMS 0x00000003fe400000, 0x00000003fe400000|
| 155|0x00000003fe800000, 0x00000003fe800000, 0x00000003fec00000|  0%| F|  |TS  0|AC  0|TAMS 0x00000003fe800000, 0x00000003fe800000|
| 156|0x00000003fec00000, 0x00000003fec00000, 0x00000003ff000000|  0%| F|  |TS  0|AC  0|TAMS 0x00000003fec00000, 0x00000003fec00000|
| 157|0x00000003ff000000, 0x00000003ff000000, 0x00000003ff400000|  0%| F|  |TS  0|AC  0|TAMS 0x00000003ff000000, 0x00000003ff000000|
| 158|0x00000003ff400000, 0x00000003ff400000, 0x00000003ff800000|  0%| F|  |TS  0|AC  0|TAMS 0x00000003ff400000, 0x00000003ff400000|
| 159|0x00000003ff800000, 0x00000003ff800000, 0x00000003ffc00000|  0%| F|  |TS  0|AC  0|TAMS 0x00000003ff800000, 0x00000003ff800000|
| 160|0x00000003ffc00000, 0x00000003ffc00000, 0x0000000400000000|  0%| F|  |TS  0|AC  0|TAMS 0x00000003ffc00000, 0x00000003ffc00000|
| 161|0x0000000400000000, 0x0000000400000000, 0x0000000400400000|  0%| F|  |TS  0|AC  0|TAMS 0x0000000400000000, 0x0000000400000000|
| 162|0x0000000400400000, 0x0000000400400000, 0x0000000400800000|  0%| F|  |TS  0|AC  0|TAMS 0x0000000400400000, 0x0000000400400000|
| 163|0x0000000400800000, 0x0000000400800000, 0x0000000400c00000|  0%| F|  |TS  0|AC  0|TAMS 0x0000000400800000, 0x0000000400800000|
| 164|0x0000000400c00000, 0x0000000400c00000, 0x0000000401000000|  0%| F|  |TS  0|AC  0|TAMS 0x0000000400c00000, 0x0000000400c00000|
| 165|0x0000000401000000, 0x0000000401000000, 0x0000000401400000|  0%| F|  |TS  0|AC  0|TAMS 0x0000000401000000, 0x0000000401000000|
| 166|0x0000000401400000, 0x0000000401400000, 0x0000000401800000|  0%| F|  |TS  0|AC  0|TAMS 0x0000000401400000, 0x0000000401400000|
| 167|0x0000000401800000, 0x0000000401800000, 0x0000000401c00000|  0%| F|  |TS  0|AC  0|TAMS 0x0000000401800000, 0x0000000401800000|
| 168|0x0000000401c00000, 0x0000000401c00000, 0x0000000402000000|  0%| F|  |TS  0|AC  0|TAMS 0x0000000401c00000, 0x0000000401c00000|
| 169|0x0000000402000000, 0x0000000402000000, 0x0000000402400000|  0%| F|  |TS  0|AC  0|TAMS 0x0000000402000000, 0x0000000402000000|
| 170|0x0000000402400000, 0x0000000402400000, 0x0000000402800000|  0%| F|  |TS  0|AC  0|TAMS 0x0000000402400000, 0x0000000402400000|
| 171|0x0000000402800000, 0x0000000402800000, 0x0000000402c00000|  0%| F|  |TS  0|AC  0|TAMS 0x0000000402800000, 0x0000000402800000|
| 172|0x0000000402c00000, 0x0000000402c00000, 0x0000000403000000|  0%| F|  |TS  0|AC  0|TAMS 0x0000000402c00000, 0x0000000402c00000|
| 173|0x0000000403000000, 0x0000000403000000, 0x0000000403400000|  0%| F|  |TS  0|AC  0|TAMS 0x0000000403000000, 0x0000000403000000|
| 174|0x0000000403400000, 0x0000000403400000, 0x0000000403800000|  0%| F|  |TS  0|AC  0|TAMS 0x0000000403400000, 0x0000000403400000|
| 175|0x0000000403800000, 0x0000000403800000, 0x0000000403c00000|  0%| F|  |TS  0|AC  0|TAMS 0x0000000403800000, 0x0000000403800000|
| 176|0x0000000403c00000, 0x0000000403c00000, 0x0000000404000000|  0%| F|  |TS  0|AC  0|TAMS 0x0000000403c00000, 0x0000000403c00000|
| 177|0x0000000404000000, 0x0000000404000000, 0x0000000404400000|  0%| F|  |TS  0|AC  0|TAMS 0x0000000404000000, 0x0000000404000000|
| 178|0x0000000404400000, 0x0000000404400000, 0x0000000404800000|  0%| F|  |TS  0|AC  0|TAMS 0x0000000404400000, 0x0000000404400000|
| 179|0x0000000404800000, 0x0000000404800000, 0x0000000404c00000|  0%| F|  |TS  0|AC  0|TAMS 0x0000000404800000, 0x0000000404800000|
| 180|0x0000000404c00000, 0x0000000404c00000, 0x0000000405000000|  0%| F|  |TS  0|AC  0|TAMS 0x0000000404c00000, 0x0000000404c00000|
| 181|0x0000000405000000, 0x0000000405000000, 0x0000000405400000|  0%| F|  |TS  0|AC  0|TAMS 0x0000000405000000, 0x0000000405000000|
| 182|0x0000000405400000, 0x0000000405400000, 0x0000000405800000|  0%| F|  |TS  0|AC  0|TAMS 0x0000000405400000, 0x0000000405400000|
| 183|0x0000000405800000, 0x0000000405800000, 0x0000000405c00000|  0%| F|  |TS  0|AC  0|TAMS 0x0000000405800000, 0x0000000405800000|
| 184|0x0000000405c00000, 0x0000000405c00000, 0x0000000406000000|  0%| F|  |TS  0|AC  0|TAMS 0x0000000405c00000, 0x0000000405c00000|
| 185|0x0000000406000000, 0x0000000406000000, 0x0000000406400000|  0%| F|  |TS  0|AC  0|TAMS 0x0000000406000000, 0x0000000406000000|
| 186|0x0000000406400000, 0x0000000406400000, 0x0000000406800000|  0%| F|  |TS  0|AC  0|TAMS 0x0000000406400000, 0x0000000406400000|
| 187|0x0000000406800000, 0x0000000406800000, 0x0000000406c00000|  0%| F|  |TS  0|AC  0|TAMS 0x0000000406800000, 0x0000000406800000|
| 188|0x0000000406c00000, 0x0000000406c00000, 0x0000000407000000|  0%| F|  |TS  0|AC  0|TAMS 0x0000000406c00000, 0x0000000406c00000|
| 189|0x0000000407000000, 0x0000000407000000, 0x0000000407400000|  0%| F|  |TS  0|AC  0|TAMS 0x0000000407000000, 0x0000000407000000|
| 190|0x0000000407400000, 0x0000000407400000, 0x0000000407800000|  0%| F|  |TS  0|AC  0|TAMS 0x0000000407400000, 0x0000000407400000|
| 191|0x0000000407800000, 0x0000000407800000, 0x0000000407c00000|  0%| F|  |TS  0|AC  0|TAMS 0x0000000407800000, 0x0000000407800000|
| 192|0x0000000407c00000, 0x0000000407c00000, 0x0000000408000000|  0%| F|  |TS  0|AC  0|TAMS 0x0000000407c00000, 0x0000000407c00000|
| 193|0x0000000408000000, 0x0000000408000000, 0x0000000408400000|  0%| F|  |TS  0|AC  0|TAMS 0x0000000408000000, 0x0000000408000000|
| 194|0x0000000408400000, 0x0000000408400000, 0x0000000408800000|  0%| F|  |TS  0|AC  0|TAMS 0x0000000408400000, 0x0000000408400000|
| 195|0x0000000408800000, 0x0000000408800000, 0x0000000408c00000|  0%| F|  |TS  0|AC  0|TAMS 0x0000000408800000, 0x0000000408800000|
| 196|0x0000000408c00000, 0x0000000408c00000, 0x0000000409000000|  0%| F|  |TS  0|AC  0|TAMS 0x0000000408c00000, 0x0000000408c00000|
| 197|0x0000000409000000, 0x0000000409000000, 0x0000000409400000|  0%| F|  |TS  0|AC  0|TAMS 0x0000000409000000, 0x0000000409000000|
| 198|0x0000000409400000, 0x0000000409400000, 0x0000000409800000|  0%| F|  |TS  0|AC  0|TAMS 0x0000000409400000, 0x0000000409400000|
| 199|0x0000000409800000, 0x0000000409800000, 0x0000000409c00000|  0%| F|  |TS  0|AC  0|TAMS 0x0000000409800000, 0x0000000409800000|
| 200|0x0000000409c00000, 0x0000000409c00000, 0x000000040a000000|  0%| F|  |TS  0|AC  0|TAMS 0x0000000409c00000, 0x0000000409c00000|
| 201|0x000000040a000000, 0x000000040a000000, 0x000000040a400000|  0%| F|  |TS  0|AC  0|TAMS 0x000000040a000000, 0x000000040a000000|
| 202|0x000000040a400000, 0x000000040a400000, 0x000000040a800000|  0%| F|  |TS  0|AC  0|TAMS 0x000000040a400000, 0x000000040a400000|
| 203|0x000000040a800000, 0x000000040a800000, 0x000000040ac00000|  0%| F|  |TS  0|AC  0|TAMS 0x000000040a800000, 0x000000040a800000|
| 204|0x000000040ac00000, 0x000000040ac00000, 0x000000040b000000|  0%| F|  |TS  0|AC  0|TAMS 0x000000040ac00000, 0x000000040ac00000|
| 205|0x000000040b000000, 0x000000040b000000, 0x000000040b400000|  0%| F|  |TS  0|AC  0|TAMS 0x000000040b000000, 0x000000040b000000|
| 206|0x000000040b400000, 0x000000040b400000, 0x000000040b800000|  0%| F|  |TS  0|AC  0|TAMS 0x000000040b400000, 0x000000040b400000|
| 207|0x000000040b800000, 0x000000040b800000, 0x000000040bc00000|  0%| F|  |TS  0|AC  0|TAMS 0x000000040b800000, 0x000000040b800000|
| 208|0x000000040bc00000, 0x000000040bc00000, 0x000000040c000000|  0%| F|  |TS  0|AC  0|TAMS 0x000000040bc00000, 0x000000040bc00000|
| 209|0x000000040c000000, 0x000000040c000000, 0x000000040c400000|  0%| F|  |TS  0|AC  0|TAMS 0x000000040c000000, 0x000000040c000000|
| 210|0x000000040c400000, 0x000000040c400000, 0x000000040c800000|  0%| F|  |TS  0|AC  0|TAMS 0x000000040c400000, 0x000000040c400000|
| 211|0x000000040c800000, 0x000000040c800000, 0x000000040cc00000|  0%| F|  |TS  0|AC  0|TAMS 0x000000040c800000, 0x000000040c800000|
| 212|0x000000040cc00000, 0x000000040cc00000, 0x000000040d000000|  0%| F|  |TS  0|AC  0|TAMS 0x000000040cc00000, 0x000000040cc00000|
| 213|0x000000040d000000, 0x000000040d000000, 0x000000040d400000|  0%| F|  |TS  0|AC  0|TAMS 0x000000040d000000, 0x000000040d000000|
| 214|0x000000040d400000, 0x000000040d400000, 0x000000040d800000|  0%| F|  |TS  0|AC  0|TAMS 0x000000040d400000, 0x000000040d400000|
| 215|0x000000040d800000, 0x000000040d800000, 0x000000040dc00000|  0%| F|  |TS  0|AC  0|TAMS 0x000000040d800000, 0x000000040d800000|
| 216|0x000000040dc00000, 0x000000040dc00000, 0x000000040e000000|  0%| F|  |TS  0|AC  0|TAMS 0x000000040dc00000, 0x000000040dc00000|
| 217|0x000000040e000000, 0x000000040e000000, 0x000000040e400000|  0%| F|  |TS  0|AC  0|TAMS 0x000000040e000000, 0x000000040e000000|
| 218|0x000000040e400000, 0x000000040e400000, 0x000000040e800000|  0%| F|  |TS  0|AC  0|TAMS 0x000000040e400000, 0x000000040e400000|
| 219|0x000000040e800000, 0x000000040e800000, 0x000000040ec00000|  0%| F|  |TS  0|AC  0|TAMS 0x000000040e800000, 0x000000040e800000|
| 220|0x000000040ec00000, 0x000000040ec00000, 0x000000040f000000|  0%| F|  |TS  0|AC  0|TAMS 0x000000040ec00000, 0x000000040ec00000|
| 221|0x000000040f000000, 0x000000040f000000, 0x000000040f400000|  0%| F|  |TS  0|AC  0|TAMS 0x000000040f000000, 0x000000040f000000|
| 222|0x000000040f400000, 0x000000040f400000, 0x000000040f800000|  0%| F|  |TS  0|AC  0|TAMS 0x000000040f400000, 0x000000040f400000|
| 223|0x000000040f800000, 0x000000040f800000, 0x000000040fc00000|  0%| F|  |TS  0|AC  0|TAMS 0x000000040f800000, 0x000000040f800000|
| 224|0x000000040fc00000, 0x000000040fc00000, 0x0000000410000000|  0%| F|  |TS  0|AC  0|TAMS 0x000000040fc00000, 0x000000040fc00000|
| 225|0x0000000410000000, 0x0000000410000000, 0x0000000410400000|  0%| F|  |TS  0|AC  0|TAMS 0x0000000410000000, 0x0000000410000000|
| 226|0x0000000410400000, 0x0000000410400000, 0x0000000410800000|  0%| F|  |TS  0|AC  0|TAMS 0x0000000410400000, 0x0000000410400000|
| 227|0x0000000410800000, 0x0000000410800000, 0x0000000410c00000|  0%| F|  |TS  0|AC  0|TAMS 0x0000000410800000, 0x0000000410800000|
| 228|0x0000000410c00000, 0x0000000410c00000, 0x0000000411000000|  0%| F|  |TS  0|AC  0|TAMS 0x0000000410c00000, 0x0000000410c00000|
| 229|0x0000000411000000, 0x0000000411000000, 0x0000000411400000|  0%| F|  |TS  0|AC  0|TAMS 0x0000000411000000, 0x0000000411000000|
| 230|0x0000000411400000, 0x0000000411400000, 0x0000000411800000|  0%| F|  |TS  0|AC  0|TAMS 0x0000000411400000, 0x0000000411400000|
| 231|0x0000000411800000, 0x0000000411800000, 0x0000000411c00000|  0%| F|  |TS  0|AC  0|TAMS 0x0000000411800000, 0x0000000411800000|
| 232|0x0000000411c00000, 0x0000000411c00000, 0x0000000412000000|  0%| F|  |TS  0|AC  0|TAMS 0x0000000411c00000, 0x0000000411c00000|
| 233|0x0000000412000000, 0x0000000412000000, 0x0000000412400000|  0%| F|  |TS  0|AC  0|TAMS 0x0000000412000000, 0x0000000412000000|
| 234|0x0000000412400000, 0x0000000412400000, 0x0000000412800000|  0%| F|  |TS  0|AC  0|TAMS 0x0000000412400000, 0x0000000412400000|
| 235|0x0000000412800000, 0x0000000412800000, 0x0000000412c00000|  0%| F|  |TS  0|AC  0|TAMS 0x0000000412800000, 0x0000000412800000|
| 236|0x0000000412c00000, 0x0000000412c00000, 0x0000000413000000|  0%| F|  |TS  0|AC  0|TAMS 0x0000000412c00000, 0x0000000412c00000|
| 237|0x0000000413000000, 0x0000000413000000, 0x0000000413400000|  0%| F|  |TS  0|AC  0|TAMS 0x0000000413000000, 0x0000000413000000|
| 238|0x0000000413400000, 0x0000000413400000, 0x0000000413800000|  0%| F|  |TS  0|AC  0|TAMS 0x0000000413400000, 0x0000000413400000|
| 239|0x0000000413800000, 0x0000000413800000, 0x0000000413c00000|  0%| F|  |TS  0|AC  0|TAMS 0x0000000413800000, 0x0000000413800000|
| 240|0x0000000413c00000, 0x0000000413c00000, 0x0000000414000000|  0%| F|  |TS  0|AC  0|TAMS 0x0000000413c00000, 0x0000000413c00000|
| 241|0x0000000414000000, 0x0000000414000000, 0x0000000414400000|  0%| F|  |TS  0|AC  0|TAMS 0x0000000414000000, 0x0000000414000000|
| 242|0x0000000414400000, 0x0000000414400000, 0x0000000414800000|  0%| F|  |TS  0|AC  0|TAMS 0x0000000414400000, 0x0000000414400000|
| 243|0x0000000414800000, 0x0000000414800000, 0x0000000414c00000|  0%| F|  |TS  0|AC  0|TAMS 0x0000000414800000, 0x0000000414800000|
| 244|0x0000000414c00000, 0x0000000414c00000, 0x0000000415000000|  0%| F|  |TS  0|AC  0|TAMS 0x0000000414c00000, 0x0000000414c00000|
| 245|0x0000000415000000, 0x0000000415000000, 0x0000000415400000|  0%| F|  |TS  0|AC  0|TAMS 0x0000000415000000, 0x0000000415000000|
| 246|0x0000000415400000, 0x0000000415400000, 0x0000000415800000|  0%| F|  |TS  0|AC  0|TAMS 0x0000000415400000, 0x0000000415400000|
| 247|0x0000000415800000, 0x00000004158f6458, 0x0000000415c00000| 24%| E|  |TS  0|AC  0|TAMS 0x0000000415800000, 0x0000000415800000|
| 248|0x0000000415c00000, 0x0000000416000000, 0x0000000416000000|100%| E|CS|TS  0|AC  0|TAMS 0x0000000415c00000, 0x0000000415c00000|
| 249|0x0000000416000000, 0x0000000416400000, 0x0000000416400000|100%| E|CS|TS  0|AC  0|TAMS 0x0000000416000000, 0x0000000416000000|
| 250|0x0000000416400000, 0x0000000416800000, 0x0000000416800000|100%| E|CS|TS  0|AC  0|TAMS 0x0000000416400000, 0x0000000416400000|

Card table byte_map: [0x00007f824223a000,0x00007f824417c000] byte_map_base: 0x00007f824037c000

Marking Bits (Prev, Next): (CMBitMap*) 0x00007f830809e820, (CMBitMap*) 0x00007f830809e858
 Prev Bits: [0x00007f82308e8000, 0x00007f82402f8000)
 Next Bits: [0x00007f8220ed8000, 0x00007f82308e8000)

Polling page: 0x00007f83111c1000

CodeHeap 'non-profiled nmethods': size=119172Kb used=164Kb max_used=164Kb free=119008Kb
 bounds [0x00007f82f56e2000, 0x00007f82f5952000, 0x00007f82fcb43000]
CodeHeap 'profiled nmethods': size=119172Kb used=332Kb max_used=332Kb free=118839Kb
 bounds [0x00007f82ee281000, 0x00007f82ee4f1000, 0x00007f82f56e2000]
CodeHeap 'non-nmethods': size=7416Kb used=2826Kb max_used=2853Kb free=4589Kb
 bounds [0x00007f82edb43000, 0x00007f82ede13000, 0x00007f82ee281000]
 total_blobs=628 nmethods=243 adapters=168
 compilation: enabled

Compilation events (10 events):
Event: 0.537 Thread 0x00007f83082b5000 nmethod 237 0x00007f82f5703490 code [0x00007f82f5703940, 0x00007f82f5707940]
Event: 0.548 Thread 0x00007f83082b8800  240       4       java.nio.CharBuffer::hasArray (20 bytes)
Event: 0.548 Thread 0x00007f83082b8800 nmethod 240 0x00007f82f570a310 code [0x00007f82f570a4a0, 0x00007f82f570a538]
Event: 0.548 Thread 0x00007f83082b8800  242       4       java.nio.CharBuffer::limit (6 bytes)
Event: 0.549 Thread 0x00007f83082b8800 nmethod 242 0x00007f82f570a610 code [0x00007f82f570a7a0, 0x00007f82f570a898]
Event: 0.549 Thread 0x00007f83082b8800  243       4       java.nio.CharBuffer::position (6 bytes)
Event: 0.550 Thread 0x00007f83082b7000  241       4       java.nio.ByteBuffer::hasArray (20 bytes)
Event: 0.550 Thread 0x00007f83082b8800 nmethod 243 0x00007f82f570a990 code [0x00007f82f570ab20, 0x00007f82f570abf8]
Event: 0.550 Thread 0x00007f83082b7000 nmethod 241 0x00007f82f570ad10 code [0x00007f82f570aea0, 0x00007f82f570af38]
Event: 0.662 Thread 0x00007f83082bf800  244 %     3       org.eclipse.core.runtime.adaptor.EclipseStarter::main @ 4600 (7592 bytes)

GC Heap History (0 events):
No events

Deoptimization events (0 events):
No events

Classes redefined (0 events):
No events

Internal exceptions (0 events):
No events

Events (10 events):
Event: 0.344 Thread 0x00007f8308011800 DEOPT PACKING pc=0x00007f82ee2b6524 sp=0x00007f830f86b960
Event: 0.344 Thread 0x00007f8308011800 DEOPT UNPACKING pc=0x00007f82edb90aab sp=0x00007f830f86af48 mode 0
Event: 0.345 Thread 0x00007f8308011800 DEOPT PACKING pc=0x00007f82ee2b6524 sp=0x00007f830f86b960
Event: 0.345 Thread 0x00007f8308011800 DEOPT UNPACKING pc=0x00007f82edb90aab sp=0x00007f830f86af48 mode 0
Event: 0.345 Thread 0x00007f8308011800 DEOPT PACKING pc=0x00007f82ee2b6524 sp=0x00007f830f86b960
Event: 0.345 Thread 0x00007f8308011800 DEOPT UNPACKING pc=0x00007f82edb90aab sp=0x00007f830f86af48 mode 0
Event: 0.345 Thread 0x00007f8308011800 DEOPT PACKING pc=0x00007f82ee2b6524 sp=0x00007f830f86b960
Event: 0.345 Thread 0x00007f8308011800 DEOPT UNPACKING pc=0x00007f82edb90aab sp=0x00007f830f86af48 mode 0
Event: 0.345 Thread 0x00007f8308011800 DEOPT PACKING pc=0x00007f82ee2b6524 sp=0x00007f830f86b960
Event: 0.345 Thread 0x00007f8308011800 DEOPT UNPACKING pc=0x00007f82edb90aab sp=0x00007f830f86af48 mode 0


Dynamic libraries:
00400000-00401000 r-xp 00000000 00:65 77077150                           /root/oracle/jdk-9.0.4/bin/java
00600000-00601000 rw-p 00000000 00:65 77077150                           /root/oracle/jdk-9.0.4/bin/java
025e4000-02605000 rw-p 00000000 00:00 0                                  [heap]
3d7c00000-416800000 rw-p 00000000 00:00 0 
416800000-7c0000000 ---p 00000000 00:00 0 
7c0000000-7c0080000 rw-p 00000000 00:00 0 
7c0080000-800000000 ---p 00000000 00:00 0 
7f81ac000000-7f81ac021000 rw-p 00000000 00:00 0 
7f81ac021000-7f81b0000000 ---p 00000000 00:00 0 
7f81b4000000-7f81b4021000 rw-p 00000000 00:00 0 
7f81b4021000-7f81b8000000 ---p 00000000 00:00 0 
7f81b8000000-7f81b8021000 rw-p 00000000 00:00 0 
7f81b8021000-7f81bc000000 ---p 00000000 00:00 0 
7f81bc000000-7f81bc074000 rw-p 00000000 00:00 0 
7f81bc074000-7f81c0000000 ---p 00000000 00:00 0 
7f81c0000000-7f81c0021000 rw-p 00000000 00:00 0 
7f81c0021000-7f81c4000000 ---p 00000000 00:00 0 
7f81c4000000-7f81c407a000 rw-p 00000000 00:00 0 
7f81c407a000-7f81c8000000 ---p 00000000 00:00 0 
7f81c8000000-7f81c8033000 rw-p 00000000 00:00 0 
7f81c8033000-7f81cc000000 ---p 00000000 00:00 0 
7f81cf2a3000-7f81cf5d1000 rw-p 00000000 00:00 0 
7f81cf5d1000-7f81cf5d2000 ---p 00000000 00:00 0 
7f81cf5d2000-7f81cf6d3000 rw-p 00000000 00:00 0 
7f81cf6d3000-7f81cf6d7000 ---p 00000000 00:00 0 
7f81cf6d7000-7f81cf7d4000 rw-p 00000000 00:00 0 
7f81cf7d4000-7f81cf7d8000 ---p 00000000 00:00 0 
7f81cf7d8000-7f81cf8d5000 rw-p 00000000 00:00 0 
7f81cf8d5000-7f81cf8eb000 r-xp 00000000 00:65 77077477                   /root/oracle/jdk-9.0.4/lib/libnet.so
7f81cf8eb000-7f81cfaeb000 ---p 00016000 00:65 77077477                   /root/oracle/jdk-9.0.4/lib/libnet.so
7f81cfaeb000-7f81cfaec000 rw-p 00016000 00:65 77077477                   /root/oracle/jdk-9.0.4/lib/libnet.so
7f81cfaec000-7f81cfafc000 r-xp 00000000 00:65 77077594                   /root/oracle/jdk-9.0.4/lib/libnio.so
7f81cfafc000-7f81cfcfc000 ---p 00010000 00:65 77077594                   /root/oracle/jdk-9.0.4/lib/libnio.so
7f81cfcfc000-7f81cfcfd000 rw-p 00010000 00:65 77077594                   /root/oracle/jdk-9.0.4/lib/libnio.so
7f81cfcfd000-7f81cfd01000 ---p 00000000 00:00 0 
7f81cfd01000-7f81cfdfe000 rw-p 00000000 00:00 0 
7f81cfdfe000-7f81cfe02000 ---p 00000000 00:00 0 
7f81cfe02000-7f81cfeff000 rw-p 00000000 00:00 0 
7f81cfeff000-7f81cff03000 ---p 00000000 00:00 0 
7f81cff03000-7f81d0000000 rw-p 00000000 00:00 0 
7f81d0000000-7f81d0273000 rw-p 00000000 00:00 0 
7f81d0273000-7f81d4000000 ---p 00000000 00:00 0 
7f81d4000000-7f81d4058000 rw-p 00000000 00:00 0 
7f81d4058000-7f81d8000000 ---p 00000000 00:00 0 
7f81d8000000-7f81d8292000 rw-p 00000000 00:00 0 
7f81d8292000-7f81dc000000 ---p 00000000 00:00 0 
7f81dc000000-7f81dc10a000 rw-p 00000000 00:00 0 
7f81dc10a000-7f81e0000000 ---p 00000000 00:00 0 
7f81e0000000-7f81e0182000 rw-p 00000000 00:00 0 
7f81e0182000-7f81e4000000 ---p 00000000 00:00 0 
7f81e4000000-7f81e44ee000 rw-p 00000000 00:00 0 
7f81e44ee000-7f81e8000000 ---p 00000000 00:00 0 
7f81e8000000-7f81e815f000 rw-p 00000000 00:00 0 
7f81e815f000-7f81ec000000 ---p 00000000 00:00 0 
7f81ec000000-7f81ec067000 rw-p 00000000 00:00 0 
7f81ec067000-7f81f0000000 ---p 00000000 00:00 0 
7f81f0000000-7f81f0021000 rw-p 00000000 00:00 0 
7f81f0021000-7f81f4000000 ---p 00000000 00:00 0 
7f81f4000000-7f81f4290000 rw-p 00000000 00:00 0 
7f81f4290000-7f81f8000000 ---p 00000000 00:00 0 
7f81f8000000-7f81f8021000 rw-p 00000000 00:00 0 
7f81f8021000-7f81fc000000 ---p 00000000 00:00 0 
7f81fc000000-7f81fc021000 rw-p 00000000 00:00 0 
7f81fc021000-7f8200000000 ---p 00000000 00:00 0 
7f8200000000-7f8200021000 rw-p 00000000 00:00 0 
7f8200021000-7f8204000000 ---p 00000000 00:00 0 
7f8204000000-7f8204021000 rw-p 00000000 00:00 0 
7f8204021000-7f8208000000 ---p 00000000 00:00 0 
7f8208072000-7f8208076000 ---p 00000000 00:00 0 
7f8208076000-7f8208173000 rw-p 00000000 00:00 0 
7f8208173000-7f8208177000 ---p 00000000 00:00 0 
7f8208177000-7f8208274000 rw-p 00000000 00:00 0 
7f8208274000-7f8208278000 ---p 00000000 00:00 0 
7f8208278000-7f8208375000 rw-p 00000000 00:00 0 
7f8208375000-7f8208379000 ---p 00000000 00:00 0 
7f8208379000-7f8208476000 rw-p 00000000 00:00 0 
7f8208476000-7f820847a000 ---p 00000000 00:00 0 
7f820847a000-7f8208577000 rw-p 00000000 00:00 0 
7f8208577000-7f820857b000 ---p 00000000 00:00 0 
7f820857b000-7f8208678000 rw-p 00000000 00:00 0 
7f8208678000-7f820867c000 ---p 00000000 00:00 0 
7f820867c000-7f8208779000 rw-p 00000000 00:00 0 
7f8208779000-7f820877d000 ---p 00000000 00:00 0 
7f820877d000-7f820887a000 rw-p 00000000 00:00 0 
7f820887a000-7f820887e000 ---p 00000000 00:00 0 
7f820887e000-7f820897b000 rw-p 00000000 00:00 0 
7f820897b000-7f820897f000 ---p 00000000 00:00 0 
7f820897f000-7f8208a7c000 rw-p 00000000 00:00 0 
7f8208a7c000-7f8208a80000 ---p 00000000 00:00 0 
7f8208a80000-7f8208b7d000 rw-p 00000000 00:00 0 
7f8208b7d000-7f8208b81000 ---p 00000000 00:00 0 
7f8208b81000-7f8208c7e000 rw-p 00000000 00:00 0 
7f8208c7e000-7f8208c82000 ---p 00000000 00:00 0 
7f8208c82000-7f8208d7f000 rw-p 00000000 00:00 0 
7f8208d7f000-7f8208d80000 ---p 00000000 00:00 0 
7f8208d80000-7f8209337000 rw-p 00000000 00:00 0 
7f8209337000-7f82096f7000 ---p 00000000 00:00 0 
7f82096f7000-7f820a000000 rw-p 00000000 00:00 0 
7f820a000000-7f820c000000 rwxp 00000000 00:00 0 
7f820c000000-7f820c021000 rw-p 00000000 00:00 0 
7f820c021000-7f8210000000 ---p 00000000 00:00 0 
7f8210000000-7f8210021000 rw-p 00000000 00:00 0 
7f8210021000-7f8214000000 ---p 00000000 00:00 0 
7f8214000000-7f8214021000 rw-p 00000000 00:00 0 
7f8214021000-7f8218000000 ---p 00000000 00:00 0 
7f8218000000-7f8218021000 rw-p 00000000 00:00 0 
7f8218021000-7f821c000000 ---p 00000000 00:00 0 
7f821c000000-7f821c021000 rw-p 00000000 00:00 0 
7f821c021000-7f8220000000 ---p 00000000 00:00 0 
7f822003b000-7f8220bd2000 rw-p 00000000 00:00 0 
7f8220bd2000-7f8220bd3000 ---p 00000000 00:00 0 
7f8220bd3000-7f8220cd4000 rw-p 00000000 00:00 0 
7f8220cd4000-7f8220cd5000 ---p 00000000 00:00 0 
7f8220cd5000-7f8220dd6000 rw-p 00000000 00:00 0 
7f8220dd6000-7f8220dd7000 ---p 00000000 00:00 0 
7f8220dd7000-7f8221e88000 rw-p 00000000 00:00 0 
7f8221e88000-7f82308e8000 ---p 00000000 00:00 0 
7f82308e8000-7f8231898000 rw-p 00000000 00:00 0 
7f8231898000-7f82402f8000 ---p 00000000 00:00 0 
7f82402f8000-7f82404ee000 rw-p 00000000 00:00 0 
7f82404ee000-7f824223a000 ---p 00000000 00:00 0 
7f824223a000-7f8242430000 rw-p 00000000 00:00 0 
7f8242430000-7f82460be000 ---p 00000000 00:00 0 
7f82460be000-7f82462b4000 rw-p 00000000 00:00 0 
7f82462b4000-7f8248000000 ---p 00000000 00:00 0 
7f8248000000-7f8248021000 rw-p 00000000 00:00 0 
7f8248021000-7f824c000000 ---p 00000000 00:00 0 
7f824c000000-7f824c021000 rw-p 00000000 00:00 0 
7f824c021000-7f8250000000 ---p 00000000 00:00 0 
7f8250000000-7f8250021000 rw-p 00000000 00:00 0 
7f8250021000-7f8254000000 ---p 00000000 00:00 0 
7f8254000000-7f8254021000 rw-p 00000000 00:00 0 
7f8254021000-7f8258000000 ---p 00000000 00:00 0 
7f8258000000-7f8258021000 rw-p 00000000 00:00 0 
7f8258021000-7f825c000000 ---p 00000000 00:00 0 
7f825c000000-7f825c021000 rw-p 00000000 00:00 0 
7f825c021000-7f8260000000 ---p 00000000 00:00 0 
7f8260000000-7f8260021000 rw-p 00000000 00:00 0 
7f8260021000-7f8264000000 ---p 00000000 00:00 0 
7f8264000000-7f8264021000 rw-p 00000000 00:00 0 
7f8264021000-7f8268000000 ---p 00000000 00:00 0 
7f8268000000-7f8268021000 rw-p 00000000 00:00 0 
7f8268021000-7f826c000000 ---p 00000000 00:00 0 
7f826c000000-7f826c021000 rw-p 00000000 00:00 0 
7f826c021000-7f8270000000 ---p 00000000 00:00 0 
7f8270000000-7f8270021000 rw-p 00000000 00:00 0 
7f8270021000-7f8274000000 ---p 00000000 00:00 0 
7f8274000000-7f8274021000 rw-p 00000000 00:00 0 
7f8274021000-7f8278000000 ---p 00000000 00:00 0 
7f8278000000-7f8278021000 rw-p 00000000 00:00 0 
7f8278021000-7f827c000000 ---p 00000000 00:00 0 
7f827c000000-7f827c021000 rw-p 00000000 00:00 0 
7f827c021000-7f8280000000 ---p 00000000 00:00 0 
7f8280000000-7f8280021000 rw-p 00000000 00:00 0 
7f8280021000-7f8284000000 ---p 00000000 00:00 0 
7f8284000000-7f8284021000 rw-p 00000000 00:00 0 
7f8284021000-7f8288000000 ---p 00000000 00:00 0 
7f8288000000-7f8288021000 rw-p 00000000 00:00 0 
7f8288021000-7f828c000000 ---p 00000000 00:00 0 
7f828c000000-7f828c021000 rw-p 00000000 00:00 0 
7f828c021000-7f8290000000 ---p 00000000 00:00 0 
7f8290000000-7f8290021000 rw-p 00000000 00:00 0 
7f8290021000-7f8294000000 ---p 00000000 00:00 0 
7f8294000000-7f8294021000 rw-p 00000000 00:00 0 
7f8294021000-7f8298000000 ---p 00000000 00:00 0 
7f8298000000-7f8298021000 rw-p 00000000 00:00 0 
7f8298021000-7f829c000000 ---p 00000000 00:00 0 
7f829c000000-7f829c021000 rw-p 00000000 00:00 0 
7f829c021000-7f82a0000000 ---p 00000000 00:00 0 
7f82a0000000-7f82a0021000 rw-p 00000000 00:00 0 
7f82a0021000-7f82a4000000 ---p 00000000 00:00 0 
7f82a4000000-7f82a4021000 rw-p 00000000 00:00 0 
7f82a4021000-7f82a8000000 ---p 00000000 00:00 0 
7f82a8000000-7f82a8021000 rw-p 00000000 00:00 0 
7f82a8021000-7f82ac000000 ---p 00000000 00:00 0 
7f82ac000000-7f82ac021000 rw-p 00000000 00:00 0 
7f82ac021000-7f82b0000000 ---p 00000000 00:00 0 
7f82b0000000-7f82b0021000 rw-p 00000000 00:00 0 
7f82b0021000-7f82b4000000 ---p 00000000 00:00 0 
7f82b4000000-7f82b4021000 rw-p 00000000 00:00 0 
7f82b4021000-7f82b8000000 ---p 00000000 00:00 0 
7f82b8000000-7f82b8021000 rw-p 00000000 00:00 0 
7f82b8021000-7f82bc000000 ---p 00000000 00:00 0 
7f82bc000000-7f82bc021000 rw-p 00000000 00:00 0 
7f82bc021000-7f82c0000000 ---p 00000000 00:00 0 
7f82c0000000-7f82c0021000 rw-p 00000000 00:00 0 
7f82c0021000-7f82c4000000 ---p 00000000 00:00 0 
7f82c4000000-7f82c4021000 rw-p 00000000 00:00 0 
7f82c4021000-7f82c8000000 ---p 00000000 00:00 0 
7f82c8000000-7f82c8021000 rw-p 00000000 00:00 0 
7f82c8021000-7f82cc000000 ---p 00000000 00:00 0 
7f82cc000000-7f82cc021000 rw-p 00000000 00:00 0 
7f82cc021000-7f82d0000000 ---p 00000000 00:00 0 
7f82d0000000-7f82d0021000 rw-p 00000000 00:00 0 
7f82d0021000-7f82d4000000 ---p 00000000 00:00 0 
7f82d4000000-7f82d4021000 rw-p 00000000 00:00 0 
7f82d4021000-7f82d8000000 ---p 00000000 00:00 0 
7f82d8000000-7f82d8021000 rw-p 00000000 00:00 0 
7f82d8021000-7f82dc000000 ---p 00000000 00:00 0 
7f82dc000000-7f82dc021000 rw-p 00000000 00:00 0 
7f82dc021000-7f82e0000000 ---p 00000000 00:00 0 
7f82e0000000-7f82e0021000 rw-p 00000000 00:00 0 
7f82e0021000-7f82e4000000 ---p 00000000 00:00 0 
7f82e4000000-7f82e4021000 rw-p 00000000 00:00 0 
7f82e4021000-7f82e8000000 ---p 00000000 00:00 0 
7f82e8000000-7f82e8021000 rw-p 00000000 00:00 0 
7f82e8021000-7f82ec000000 ---p 00000000 00:00 0 
7f82ec004000-7f82ec02c000 rw-p 00000000 00:00 0 
7f82ec02c000-7f82ec02d000 ---p 00000000 00:00 0 
7f82ec02d000-7f82ec12e000 rw-p 00000000 00:00 0 
7f82ec12e000-7f82ec12f000 ---p 00000000 00:00 0 
7f82ec12f000-7f82ec230000 rw-p 00000000 00:00 0 
7f82ec230000-7f82ec231000 ---p 00000000 00:00 0 
7f82ec231000-7f82ec81d000 rw-p 00000000 00:00 0 
7f82ec81d000-7f82ec81e000 ---p 00000000 00:00 0 
7f82ec81e000-7f82ec91f000 rw-p 00000000 00:00 0 
7f82ec91f000-7f82ec920000 ---p 00000000 00:00 0 
7f82ec920000-7f82eca21000 rw-p 00000000 00:00 0 
7f82eca21000-7f82eca22000 ---p 00000000 00:00 0 
7f82eca22000-7f82ecb23000 rw-p 00000000 00:00 0 
7f82ecb23000-7f82ecb24000 ---p 00000000 00:00 0 
7f82ecb24000-7f82ecc25000 rw-p 00000000 00:00 0 
7f82ecc25000-7f82ecc26000 ---p 00000000 00:00 0 
7f82ecc26000-7f82ecd27000 rw-p 00000000 00:00 0 
7f82ecd27000-7f82ecd28000 ---p 00000000 00:00 0 
7f82ecd28000-7f82ece29000 rw-p 00000000 00:00 0 
7f82ece29000-7f82ece2a000 ---p 00000000 00:00 0 
7f82ece2a000-7f82ecf2b000 rw-p 00000000 00:00 0 
7f82ecf2b000-7f82ecf2c000 ---p 00000000 00:00 0 
7f82ecf2c000-7f82ed02d000 rw-p 00000000 00:00 0 
7f82ed02d000-7f82ed02e000 ---p 00000000 00:00 0 
7f82ed02e000-7f82ed12f000 rw-p 00000000 00:00 0 
7f82ed12f000-7f82ed130000 ---p 00000000 00:00 0 
7f82ed130000-7f82ed231000 rw-p 00000000 00:00 0 
7f82ed231000-7f82ed232000 ---p 00000000 00:00 0 
7f82ed232000-7f82ed333000 rw-p 00000000 00:00 0 
7f82ed333000-7f82ed334000 ---p 00000000 00:00 0 
7f82ed334000-7f82ed435000 rw-p 00000000 00:00 0 
7f82ed435000-7f82ed436000 ---p 00000000 00:00 0 
7f82ed436000-7f82ed537000 rw-p 00000000 00:00 0 
7f82ed537000-7f82ed538000 ---p 00000000 00:00 0 
7f82ed538000-7f82ed639000 rw-p 00000000 00:00 0 
7f82ed639000-7f82ed63a000 ---p 00000000 00:00 0 
7f82ed63a000-7f82ed73b000 rw-p 00000000 00:00 0 
7f82ed73b000-7f82ed73c000 ---p 00000000 00:00 0 
7f82ed73c000-7f82ed83d000 rw-p 00000000 00:00 0 
7f82ed83d000-7f82ed83e000 ---p 00000000 00:00 0 
7f82ed83e000-7f82ed93f000 rw-p 00000000 00:00 0 
7f82ed93f000-7f82ed940000 ---p 00000000 00:00 0 
7f82ed940000-7f82eda41000 rw-p 00000000 00:00 0 
7f82eda41000-7f82eda42000 ---p 00000000 00:00 0 
7f82eda42000-7f82edb43000 rw-p 00000000 00:00 0 
7f82edb43000-7f82ede13000 rwxp 00000000 00:00 0 
7f82ede13000-7f82ee281000 ---p 00000000 00:00 0 
7f82ee281000-7f82ee4f1000 rwxp 00000000 00:00 0 
7f82ee4f1000-7f82f56e2000 ---p 00000000 00:00 0 
7f82f56e2000-7f82f5952000 rwxp 00000000 00:00 0 
7f82f5952000-7f82fcb43000 ---p 00000000 00:00 0 
7f82fcb43000-7f8308000000 r--s 00000000 00:65 77077560                   /root/oracle/jdk-9.0.4/lib/modules
7f8308000000-7f83083f8000 rw-p 00000000 00:00 0 
7f83083f8000-7f830c000000 ---p 00000000 00:00 0 
7f830c00b000-7f830c089000 rw-p 00000000 00:00 0 
7f830c089000-7f830c08a000 ---p 00000000 00:00 0 
7f830c08a000-7f830c18b000 rw-p 00000000 00:00 0 
7f830c18b000-7f830c18c000 ---p 00000000 00:00 0 
7f830c18c000-7f830d6a1000 rw-p 00000000 00:00 0 
7f830d6a1000-7f830d6a2000 ---p 00000000 00:00 0 
7f830d6a2000-7f830d7a3000 rw-p 00000000 00:00 0 
7f830d7a3000-7f830d7a4000 ---p 00000000 00:00 0 
7f830d7a4000-7f830d8a5000 rw-p 00000000 00:00 0 
7f830d8a5000-7f830d8a6000 ---p 00000000 00:00 0 
7f830d8a6000-7f830d9a7000 rw-p 00000000 00:00 0 
7f830d9a7000-7f830d9a8000 ---p 00000000 00:00 0 
7f830d9a8000-7f830daa9000 rw-p 00000000 00:00 0 
7f830daa9000-7f830daaa000 ---p 00000000 00:00 0 
7f830daaa000-7f830dbab000 rw-p 00000000 00:00 0 
7f830dbab000-7f830dbac000 ---p 00000000 00:00 0 
7f830dbac000-7f830dcad000 rw-p 00000000 00:00 0 
7f830dcad000-7f830dcae000 ---p 00000000 00:00 0 
7f830dcae000-7f830ddaf000 rw-p 00000000 00:00 0 
7f830ddaf000-7f830ddb0000 ---p 00000000 00:00 0 
7f830ddb0000-7f830deb1000 rw-p 00000000 00:00 0 
7f830deb1000-7f830deb2000 ---p 00000000 00:00 0 
7f830deb2000-7f830dfb3000 rw-p 00000000 00:00 0 
7f830dfb3000-7f830dfb4000 ---p 00000000 00:00 0 
7f830dfb4000-7f830e0b5000 rw-p 00000000 00:00 0 
7f830e0b5000-7f830e0b6000 ---p 00000000 00:00 0 
7f830e0b6000-7f830e1b7000 rw-p 00000000 00:00 0 
7f830e1b7000-7f830e1b8000 ---p 00000000 00:00 0 
7f830e1b8000-7f830e2b9000 rw-p 00000000 00:00 0 
7f830e2b9000-7f830e2ba000 ---p 00000000 00:00 0 
7f830e2ba000-7f830e3bb000 rw-p 00000000 00:00 0 
7f830e3bb000-7f830e3bc000 ---p 00000000 00:00 0 
7f830e3bc000-7f830e4bd000 rw-p 00000000 00:00 0 
7f830e4bd000-7f830e4be000 ---p 00000000 00:00 0 
7f830e4be000-7f830e5bf000 rw-p 00000000 00:00 0 
7f830e5bf000-7f830e5c0000 ---p 00000000 00:00 0 
7f830e5c0000-7f830e6c1000 rw-p 00000000 00:00 0 
7f830e6c1000-7f830e6c2000 ---p 00000000 00:00 0 
7f830e6c2000-7f830e7c3000 rw-p 00000000 00:00 0 
7f830e7c3000-7f830e7c4000 ---p 00000000 00:00 0 
7f830e7c4000-7f830e8c5000 rw-p 00000000 00:00 0 
7f830e8c5000-7f830e8c6000 ---p 00000000 00:00 0 
7f830e8c6000-7f830e9c7000 rw-p 00000000 00:00 0 
7f830e9c7000-7f830e9c8000 ---p 00000000 00:00 0 
7f830e9c8000-7f830eace000 rw-p 00000000 00:00 0 
7f830eace000-7f830ebb2000 ---p 00000000 00:00 0 
7f830ebb2000-7f830ebb7000 rw-p 00000000 00:00 0 
7f830ebb7000-7f830ec9b000 ---p 00000000 00:00 0 
7f830ec9b000-7f830eca1000 rw-p 00000000 00:00 0 
7f830eca1000-7f830ecaa000 ---p 00000000 00:00 0 
7f830ecaa000-7f830ecfa000 rw-p 00000000 00:00 0 
7f830ecfa000-7f830eed7000 r--s 03e31000 00:65 101727669                  /usr/local/java/jdk1.8.0_301/jre/lib/rt.jar
7f830eed7000-7f830eef1000 r-xp 00000000 00:65 77077435                   /root/oracle/jdk-9.0.4/lib/libjimage.so
7f830eef1000-7f830f0f0000 ---p 0001a000 00:65 77077435                   /root/oracle/jdk-9.0.4/lib/libjimage.so
7f830f0f0000-7f830f0f2000 rw-p 00019000 00:65 77077435                   /root/oracle/jdk-9.0.4/lib/libjimage.so
7f830f0f2000-7f830f104000 rw-p 00000000 00:00 0 
7f830f104000-7f830f10b000 r-xp 00000000 00:65 77083131                   /root/oracle/jdk-9.0.4/lib/libzip.so
7f830f10b000-7f830f30a000 ---p 00007000 00:65 77083131                   /root/oracle/jdk-9.0.4/lib/libzip.so
7f830f30a000-7f830f30b000 rw-p 00006000 00:65 77083131                   /root/oracle/jdk-9.0.4/lib/libzip.so
7f830f30b000-7f830f30e000 r--p 00000000 00:65 165034530                  /usr/lib/x86_64-linux-gnu/libnss_files-2.31.so
7f830f30e000-7f830f315000 r-xp 00003000 00:65 165034530                  /usr/lib/x86_64-linux-gnu/libnss_files-2.31.so
7f830f315000-7f830f317000 r--p 0000a000 00:65 165034530                  /usr/lib/x86_64-linux-gnu/libnss_files-2.31.so
7f830f317000-7f830f318000 r--p 0000b000 00:65 165034530                  /usr/lib/x86_64-linux-gnu/libnss_files-2.31.so
7f830f318000-7f830f319000 rw-p 0000c000 00:65 165034530                  /usr/lib/x86_64-linux-gnu/libnss_files-2.31.so
7f830f319000-7f830f31f000 rw-p 00000000 00:00 0 
7f830f327000-7f830f328000 rw-p 00000000 00:00 0 
7f830f328000-7f830f353000 r-xp 00000000 00:65 77077470                   /root/oracle/jdk-9.0.4/lib/libjava.so
7f830f353000-7f830f552000 ---p 0002b000 00:65 77077470                   /root/oracle/jdk-9.0.4/lib/libjava.so
7f830f552000-7f830f554000 rw-p 0002a000 00:65 77077470                   /root/oracle/jdk-9.0.4/lib/libjava.so
7f830f554000-7f830f561000 r-xp 00000000 00:65 77077494                   /root/oracle/jdk-9.0.4/lib/libverify.so
7f830f561000-7f830f760000 ---p 0000d000 00:65 77077494                   /root/oracle/jdk-9.0.4/lib/libverify.so
7f830f760000-7f830f762000 rw-p 0000c000 00:65 77077494                   /root/oracle/jdk-9.0.4/lib/libverify.so
7f830f762000-7f830f765000 r--p 00000000 00:65 165034636                  /usr/lib/x86_64-linux-gnu/librt-2.31.so
7f830f765000-7f830f769000 r-xp 00003000 00:65 165034636                  /usr/lib/x86_64-linux-gnu/librt-2.31.so
7f830f769000-7f830f76a000 r--p 00007000 00:65 165034636                  /usr/lib/x86_64-linux-gnu/librt-2.31.so
7f830f76a000-7f830f76b000 ---p 00008000 00:65 165034636                  /usr/lib/x86_64-linux-gnu/librt-2.31.so
7f830f76b000-7f830f76c000 r--p 00008000 00:65 165034636                  /usr/lib/x86_64-linux-gnu/librt-2.31.so
7f830f76c000-7f830f76d000 rw-p 00009000 00:65 165034636                  /usr/lib/x86_64-linux-gnu/librt-2.31.so
7f830f76d000-7f830f76e000 ---p 00000000 00:00 0 
7f830f76e000-7f830f76f000 rw-p 00000000 00:00 0 
7f830f76f000-7f830f773000 ---p 00000000 00:00 0 
7f830f773000-7f830f86e000 rw-p 00000000 00:00 0 
7f830f86e000-7f830f87d000 r--p 00000000 00:65 165034468                  /usr/lib/x86_64-linux-gnu/libm-2.31.so
7f830f87d000-7f830f924000 r-xp 0000f000 00:65 165034468                  /usr/lib/x86_64-linux-gnu/libm-2.31.so
7f830f924000-7f830f9bb000 r--p 000b6000 00:65 165034468                  /usr/lib/x86_64-linux-gnu/libm-2.31.so
7f830f9bb000-7f830f9bc000 r--p 0014c000 00:65 165034468                  /usr/lib/x86_64-linux-gnu/libm-2.31.so
7f830f9bc000-7f830f9bd000 rw-p 0014d000 00:65 165034468                  /usr/lib/x86_64-linux-gnu/libm-2.31.so
7f830f9bd000-7f83109d2000 r-xp 00000000 00:65 77083135                   /root/oracle/jdk-9.0.4/lib/server/libjvm.so
7f83109d2000-7f8310bd1000 ---p 01015000 00:65 77083135                   /root/oracle/jdk-9.0.4/lib/server/libjvm.so
7f8310bd1000-7f8310ca2000 r--p 01014000 00:65 77083135                   /root/oracle/jdk-9.0.4/lib/server/libjvm.so
7f8310ca2000-7f8310cd9000 rw-p 010e5000 00:65 77083135                   /root/oracle/jdk-9.0.4/lib/server/libjvm.so
7f8310cd9000-7f8310d44000 rw-p 00000000 00:00 0 
7f8310d44000-7f8310d69000 r--p 00000000 00:65 165034165                  /usr/lib/x86_64-linux-gnu/libc-2.31.so
7f8310d69000-7f8310ee1000 r-xp 00025000 00:65 165034165                  /usr/lib/x86_64-linux-gnu/libc-2.31.so
7f8310ee1000-7f8310f2b000 r--p 0019d000 00:65 165034165                  /usr/lib/x86_64-linux-gnu/libc-2.31.so
7f8310f2b000-7f8310f2c000 ---p 001e7000 00:65 165034165                  /usr/lib/x86_64-linux-gnu/libc-2.31.so
7f8310f2c000-7f8310f2f000 r--p 001e7000 00:65 165034165                  /usr/lib/x86_64-linux-gnu/libc-2.31.so
7f8310f2f000-7f8310f32000 rw-p 001ea000 00:65 165034165                  /usr/lib/x86_64-linux-gnu/libc-2.31.so
7f8310f32000-7f8310f36000 rw-p 00000000 00:00 0 
7f8310f36000-7f8310f37000 r--p 00000000 00:65 165034236                  /usr/lib/x86_64-linux-gnu/libdl-2.31.so
7f8310f37000-7f8310f39000 r-xp 00001000 00:65 165034236                  /usr/lib/x86_64-linux-gnu/libdl-2.31.so
7f8310f39000-7f8310f3a000 r--p 00003000 00:65 165034236                  /usr/lib/x86_64-linux-gnu/libdl-2.31.so
7f8310f3a000-7f8310f3b000 r--p 00003000 00:65 165034236                  /usr/lib/x86_64-linux-gnu/libdl-2.31.so
7f8310f3b000-7f8310f3c000 rw-p 00004000 00:65 165034236                  /usr/lib/x86_64-linux-gnu/libdl-2.31.so
7f8310f3c000-7f8310f4a000 r-xp 00000000 00:65 77083142                   /root/oracle/jdk-9.0.4/lib/jli/libjli.so
7f8310f4a000-7f831114a000 ---p 0000e000 00:65 77083142                   /root/oracle/jdk-9.0.4/lib/jli/libjli.so
7f831114a000-7f831114b000 rw-p 0000e000 00:65 77083142                   /root/oracle/jdk-9.0.4/lib/jli/libjli.so
7f831114b000-7f8311152000 r--p 00000000 00:65 165034610                  /usr/lib/x86_64-linux-gnu/libpthread-2.31.so
7f8311152000-7f8311163000 r-xp 00007000 00:65 165034610                  /usr/lib/x86_64-linux-gnu/libpthread-2.31.so
7f8311163000-7f8311168000 r--p 00018000 00:65 165034610                  /usr/lib/x86_64-linux-gnu/libpthread-2.31.so
7f8311168000-7f8311169000 r--p 0001c000 00:65 165034610                  /usr/lib/x86_64-linux-gnu/libpthread-2.31.so
7f8311169000-7f831116a000 rw-p 0001d000 00:65 165034610                  /usr/lib/x86_64-linux-gnu/libpthread-2.31.so
7f831116a000-7f831116e000 rw-p 00000000 00:00 0 
7f831116e000-7f8311170000 r--p 00000000 00:65 165034796                  /usr/lib/x86_64-linux-gnu/libz.so.1.2.11
7f8311170000-7f8311181000 r-xp 00002000 00:65 165034796                  /usr/lib/x86_64-linux-gnu/libz.so.1.2.11
7f8311181000-7f8311187000 r--p 00013000 00:65 165034796                  /usr/lib/x86_64-linux-gnu/libz.so.1.2.11
7f8311187000-7f8311188000 ---p 00019000 00:65 165034796                  /usr/lib/x86_64-linux-gnu/libz.so.1.2.11
7f8311188000-7f8311189000 r--p 00019000 00:65 165034796                  /usr/lib/x86_64-linux-gnu/libz.so.1.2.11
7f8311189000-7f831118a000 rw-p 0001a000 00:65 165034796                  /usr/lib/x86_64-linux-gnu/libz.so.1.2.11
7f831118a000-7f8311192000 rw-s 00000000 00:65 71965686                   /tmp/hsperfdata_root/31763
7f8311192000-7f8311195000 rw-p 00000000 00:00 0 
7f8311195000-7f8311196000 r--p 00000000 00:65 165033992                  /usr/lib/x86_64-linux-gnu/ld-2.31.so
7f8311196000-7f83111b9000 r-xp 00001000 00:65 165033992                  /usr/lib/x86_64-linux-gnu/ld-2.31.so
7f83111b9000-7f83111c1000 r--p 00024000 00:65 165033992                  /usr/lib/x86_64-linux-gnu/ld-2.31.so
7f83111c1000-7f83111c2000 r--p 00000000 00:00 0 
7f83111c2000-7f83111c3000 r--p 0002c000 00:65 165033992                  /usr/lib/x86_64-linux-gnu/ld-2.31.so
7f83111c3000-7f83111c4000 rw-p 0002d000 00:65 165033992                  /usr/lib/x86_64-linux-gnu/ld-2.31.so
7f83111c4000-7f83111c5000 rw-p 00000000 00:00 0 
7fff15003000-7fff15024000 rw-p 00000000 00:00 0                          [stack]
7fff1502c000-7fff1502f000 r--p 00000000 00:00 0                          [vvar]
7fff1502f000-7fff15030000 r-xp 00000000 00:00 0                          [vdso]
ffffffffff600000-ffffffffff601000 --xp 00000000 00:00 0                  [vsyscall]

VM Arguments:
jvm_args: -Xbootclasspath/a:/usr/local/java/jdk1.8.0_301/jre/lib/rt.jar -Xverify:none 
java_command: org.eclipse.core.runtime.adaptor.EclipseStarter -debug
java_class_path (initial): ./sootOutput/eclipse/
Launcher Type: SUN_STANDARD

Logging:
Log output configuration:
#0: stdout all=warning uptime,level,tags
#1: stderr all=off uptime,level,tags

Environment Variables:
JAVA_HOME=/root/oracle/jdk-9.0.4
JRE_HOME=/root/oracle/jdk-9.0.4
CLASSPATH=.:/root/oracle/jdk-9.0.4/lib:/JVMfuzzing/htm/CFSynthesis/resource/commons-lang3-3.12.0/commons-lang3-3.12.0.jar
PATH=/root/oracle/jdk-9.0.4/bin:/root/.vscode-server/bin/da76f93349a72022ca4670c1b84860304616aaa2/bin/remote-cli:/root/oracle/jdk-9.0.4/bin:/usr/local/sbin:/usr/local/bin:/usr/sbin:/usr/bin:/sbin:/bin:/usr/games:/usr/local/games:/snap/bin
SHELL=/bin/bash

Signal Handlers:
SIGSEGV: [libjvm.so+0xd4d370], sa_mask[0]=11111111011111111101111111111110, sa_flags=SA_RESTART|SA_SIGINFO
SIGBUS: [libjvm.so+0xd4d370], sa_mask[0]=11111111011111111101111111111110, sa_flags=SA_RESTART|SA_SIGINFO
SIGFPE: [libjvm.so+0xd4d370], sa_mask[0]=11111111011111111101111111111110, sa_flags=SA_RESTART|SA_SIGINFO
SIGPIPE: [libjvm.so+0xb64780], sa_mask[0]=11111111011111111101111111111110, sa_flags=SA_RESTART|SA_SIGINFO
SIGXFSZ: [libjvm.so+0xb64780], sa_mask[0]=11111111011111111101111111111110, sa_flags=SA_RESTART|SA_SIGINFO
SIGILL: [libjvm.so+0xd4d370], sa_mask[0]=11111111011111111101111111111110, sa_flags=SA_RESTART|SA_SIGINFO
SIGUSR2: [libjvm.so+0xb64640], sa_mask[0]=00100000000000000000000000000000, sa_flags=SA_RESTART|SA_SIGINFO
SIGHUP: [libjvm.so+0xb64850], sa_mask[0]=11111111011111111101111111111110, sa_flags=SA_RESTART|SA_SIGINFO
SIGINT: [libjvm.so+0xb64850], sa_mask[0]=11111111011111111101111111111110, sa_flags=SA_RESTART|SA_SIGINFO
SIGTERM: [libjvm.so+0xb64850], sa_mask[0]=11111111011111111101111111111110, sa_flags=SA_RESTART|SA_SIGINFO
SIGQUIT: [libjvm.so+0xb64850], sa_mask[0]=11111111011111111101111111111110, sa_flags=SA_RESTART|SA_SIGINFO


---------------  S Y S T E M  ---------------

OS:DISTRIB_ID=Ubuntu
DISTRIB_RELEASE=20.04
DISTRIB_CODENAME=focal
DISTRIB_DESCRIPTION="Ubuntu 20.04.3 LTS"
uname:Linux 5.4.0-124-generic #140~18.04.1-Ubuntu SMP Fri Aug 5 11:43:34 UTC 2022 x86_64
libc:glibc 2.31 NPTL 2.31 
rlimit: STACK 8192k, CORE infinity, NPROC infinity, NOFILE 1048576, AS infinity
load average:48.69 42.55 40.11

/proc/meminfo:
MemTotal:       65549624 kB
MemFree:         5330572 kB
MemAvailable:   32411228 kB
Buffers:         5872960 kB
Cached:          3700216 kB
SwapCached:         8092 kB
Active:         33569228 kB
Inactive:        6459276 kB
Active(anon):   26457944 kB
Inactive(anon):  4018444 kB
Active(file):    7111284 kB
Inactive(file):  2440832 kB
Unevictable:          16 kB
Mlocked:              16 kB
SwapTotal:       2097148 kB
SwapFree:              0 kB
Dirty:             28756 kB
Writeback:             0 kB
AnonPages:      30447236 kB
Mapped:           837368 kB
Shmem:             25608 kB
KReclaimable:   18260464 kB
Slab:           19430288 kB
SReclaimable:   18260464 kB
SUnreclaim:      1169824 kB
KernelStack:       79664 kB
PageTables:       242784 kB
NFS_Unstable:          0 kB
Bounce:                0 kB
WritebackTmp:          0 kB
CommitLimit:    34871960 kB
Committed_AS:   86142000 kB
VmallocTotal:   34359738367 kB
VmallocUsed:      162280 kB
VmallocChunk:          0 kB
Percpu:            32512 kB
HardwareCorrupted:     0 kB
AnonHugePages:         0 kB
ShmemHugePages:        0 kB
ShmemPmdMapped:        0 kB
FileHugePages:         0 kB
FilePmdMapped:         0 kB
CmaTotal:              0 kB
CmaFree:               0 kB
HugePages_Total:       0
HugePages_Free:        0
HugePages_Rsvd:        0
HugePages_Surp:        0
Hugepagesize:       2048 kB
Hugetlb:               0 kB
DirectMap4k:    15497632 kB
DirectMap2M:    51298304 kB
DirectMap1G:           0 kB


CPU:total 28 (initial active 28) (14 cores per cpu, 2 threads per core) family 6 model 85 stepping 4, cmov, cx8, fxsr, mmx, sse, sse2, sse3, ssse3, sse4.1, sse4.2, popcnt, avx, avx2, aes, clmul, erms, rtm, 3dnowpref, lzcnt, ht, tsc, tscinvbit, bmi1, bmi2, adx, fma
CPU Model and flags from /proc/cpuinfo:
model name	: Intel(R) Core(TM) i9-9940X CPU @ 3.30GHz
flags		: fpu vme de pse tsc msr pae mce cx8 apic sep mtrr pge mca cmov pat pse36 clflush dts acpi mmx fxsr sse sse2 ss ht tm pbe syscall nx pdpe1gb rdtscp lm constant_tsc art arch_perfmon pebs bts rep_good nopl xtopology nonstop_tsc cpuid aperfmperf pni pclmulqdq dtes64 monitor ds_cpl vmx est tm2 ssse3 sdbg fma cx16 xtpr pdcm pcid dca sse4_1 sse4_2 x2apic movbe popcnt tsc_deadline_timer aes xsave avx f16c rdrand lahf_lm abm 3dnowprefetch cpuid_fault epb cat_l3 cdp_l3 invpcid_single pti ssbd mba ibrs ibpb stibp tpr_shadow vnmi flexpriority ept vpid ept_ad fsgsbase tsc_adjust bmi1 hle avx2 smep bmi2 erms invpcid rtm cqm mpx rdt_a avx512f avx512dq rdseed adx smap clflushopt clwb intel_pt avx512cd avx512bw avx512vl xsaveopt xsavec xgetbv1 xsaves cqm_llc cqm_occup_llc cqm_mbm_total cqm_mbm_local dtherm ida arat pln pts hwp hwp_act_window hwp_epp hwp_pkg_req md_clear flush_l1d arch_capabilities

Memory: 4k page, physical 65549624k(5330572k free), swap 2097148k(0k free)

vm_info: Java HotSpot(TM) 64-Bit Server VM (9.0.4+11) for linux-amd64 JRE (9.0.4+11), built on Dec 19 2017 18:12:19 by "mach5one" with gcc 4.9.2

END.
