#
# A fatal error has been detected by the Java Runtime Environment:
#
#  SIGSEGV (0xb) at pc=0x00007f3ecc2a79ac, pid=26256, tid=26318
#
# JRE version: Java(TM) SE Runtime Environment (9.0+11) (build 9.0.4+11)
# Java VM: Java HotSpot(TM) 64-Bit Server VM (9.0.4+11, mixed mode, tiered, compressed oops, g1 gc, linux-amd64)
# Problematic frame:
# V  [libjvm.so+0x4ad9ac]  GraphBuilder::try_inline_full(ciMethod*, bool, bool, Bytecodes::Code, Instruction*)+0x44c
#
# Core dump will be written. Default location: Core dumps may be processed with "/usr/share/apport/apport -p%p -s%s -c%c -d%d -P%P -u%u -g%g -- %E" (or dumping to /JVMfuzzing/zjy/classming/Fuzzing-Testing-of-JVM-Implementations/core.26256)
#
# If you would like to submit a bug report, please visit:
#   http://bugreport.java.com/bugreport/crash.jsp
#

---------------  S U M M A R Y ------------

Command Line: -Xbootclasspath/a:/usr/local/java/jdk1.8.0_301/jre/lib/rt.jar -Xverify:none org.eclipse.core.runtime.adaptor.EclipseStarter -debug

Host: Intel(R) Core(TM) i9-9940X CPU @ 3.30GHz, 28 cores, 62G, Ubuntu 20.04.3 LTS
Time: Thu Nov  3 09:10:55 2022 UTC elapsed time: 0 seconds (0d 0h 0m 0s)

---------------  T H R E A D  ---------------

Current thread (0x00007f3ec42bb800):  JavaThread "C1 CompilerThread8" daemon [_thread_in_native, id=26318, stack(0x00007f3dc4577000,0x00007f3dc4678000)]


Current CompileTask:
C1:    560  251 %     3       org.eclipse.core.runtime.adaptor.EclipseStarter::main @ 5367 (7040 bytes)

Stack: [0x00007f3dc4577000,0x00007f3dc4678000],  sp=0x00007f3dc46760b0,  free space=1020k
Native frames: (J=compiled Java code, A=aot compiled Java code, j=interpreted, Vv=VM code, C=native code)
V  [libjvm.so+0x4ad9ac]  GraphBuilder::try_inline_full(ciMethod*, bool, bool, Bytecodes::Code, Instruction*)+0x44c
V  [libjvm.so+0x4ae2fc]  GraphBuilder::try_inline(ciMethod*, bool, bool, Bytecodes::Code, Instruction*)+0x1dc
V  [libjvm.so+0x4aee6d]  GraphBuilder::invoke(Bytecodes::Code)+0x3ed
V  [libjvm.so+0x4b163e]  GraphBuilder::iterate_bytecodes_for_block(int)+0x1c4e
V  [libjvm.so+0x4b1ad5]  GraphBuilder::iterate_all_blocks(bool)+0x85
V  [libjvm.so+0x4b1ec9]  GraphBuilder::GraphBuilder(Compilation*, IRScope*)+0x389
V  [libjvm.so+0x4b70a8]  IR::IR(Compilation*, ciMethod*, int)+0x1e8
V  [libjvm.so+0x497832]  Compilation::build_hir() [clone .part.93]+0x162
V  [libjvm.so+0x499633]  Compilation::compile_java_method()+0x3c3
V  [libjvm.so+0x4997af]  Compilation::compile_method()+0x12f
V  [libjvm.so+0x499c31]  Compilation::Compilation(AbstractCompiler*, ciEnv*, ciMethod*, int, BufferBlob*, DirectiveSet*)+0x271
V  [libjvm.so+0x49ac1e]  Compiler::compile_method(ciEnv*, ciMethod*, int, DirectiveSet*)+0xae
V  [libjvm.so+0x6125ac]  CompileBroker::invoke_compiler_on_method(CompileTask*)+0x41c
V  [libjvm.so+0x61344b]  CompileBroker::compiler_thread_loop()+0x28b
V  [libjvm.so+0xcef338]  JavaThread::thread_main_inner()+0xd8
V  [libjvm.so+0xb6e132]  thread_native_entry(Thread*)+0xf2
C  [libpthread.so.0+0x9609]  start_thread+0xd9


siginfo: si_signo: 11 (SIGSEGV), si_code: 1 (SEGV_MAPERR), si_addr: 0x0000000000000018

Register to memory mapping:

RAX=0x00007f3d940458e0 is an unknown value
RBX=0x00007f3dc4676460 is pointing into the stack for thread: 0x00007f3ec42bb800
RCX=0x0000000000000000 is an unknown value
RDX=0x0000000000000000 is an unknown value
RSP=0x00007f3dc46760b0 is pointing into the stack for thread: 0x00007f3ec42bb800
RBP=0x00007f3dc4676130 is pointing into the stack for thread: 0x00007f3ec42bb800
RSI=0x0000000000000000 is an unknown value
RDI=0x00007f3dc4676460 is pointing into the stack for thread: 0x00007f3ec42bb800
R8 =0x0000000000000000 is an unknown value
R9 =0x00007f3d940455c0 is an unknown value
R10=0x000000000000000c is an unknown value
R11=0x0000000000000001 is an unknown value
R12=0x00007f3db01b7ba0 is an unknown value
R13=0x0000000000000000 is an unknown value
R14=0x0000000000000000 is an unknown value
R15=0x0000000000000001 is an unknown value


Registers:
RAX=0x00007f3d940458e0, RBX=0x00007f3dc4676460, RCX=0x0000000000000000, RDX=0x0000000000000000
RSP=0x00007f3dc46760b0, RBP=0x00007f3dc4676130, RSI=0x0000000000000000, RDI=0x00007f3dc4676460
R8 =0x0000000000000000, R9 =0x00007f3d940455c0, R10=0x000000000000000c, R11=0x0000000000000001
R12=0x00007f3db01b7ba0, R13=0x0000000000000000, R14=0x0000000000000000, R15=0x0000000000000001
RIP=0x00007f3ecc2a79ac, EFLAGS=0x0000000000010246, CSGSFS=0x002b000000000033, ERR=0x0000000000000004
  TRAPNO=0x000000000000000e

Top of Stack: (sp=0x00007f3dc46760b0)
0x00007f3dc46760b0:   00007f3ecd1434cc 00007f3dc46760e0
0x00007f3dc46760c0:   00000000c4676130 00007f3d940462b0
0x00007f3dc46760d0:   00007f3db0144920 00007f3d940458e0
0x00007f3dc46760e0:   0000000000001322 00007f3d94045320 

Instructions: (pc=0x00007f3ecc2a79ac)
0x00007f3ecc2a798c:   40 08 44 39 68 38 7e 3f 48 8b 50 50 49 63 f0 44
0x00007f3ecc2a799c:   89 c1 44 29 e9 48 89 df 48 89 45 a8 48 8b 14 f2
0x00007f3ecc2a79ac:   48 8b 72 18 44 03 46 08 48 8b 75 98 44 89 45 b0
0x00007f3ecc2a79bc:   44 89 45 88 e8 3b 36 ff ff 48 8b 45 a8 44 8b 45 


---------------  P R O C E S S  ---------------

Java Threads: ( => current thread )
  0x00007f3ec4372000 JavaThread "Service Thread" daemon [_thread_blocked, id=26324, stack(0x00007f3d7bad7000,0x00007f3d7bbd8000)]
  0x00007f3ec42d2000 JavaThread "Common-Cleaner" daemon [_thread_blocked, id=26323, stack(0x00007f3dc4072000,0x00007f3dc4173000)]
  0x00007f3ec42c3800 JavaThread "Sweeper thread" daemon [_thread_blocked, id=26322, stack(0x00007f3dc4173000,0x00007f3dc4274000)]
  0x00007f3ec42c1800 JavaThread "C1 CompilerThread11" daemon [_thread_blocked, id=26321, stack(0x00007f3dc4274000,0x00007f3dc4375000)]
  0x00007f3ec42bf800 JavaThread "C1 CompilerThread10" daemon [_thread_blocked, id=26320, stack(0x00007f3dc4375000,0x00007f3dc4476000)]
  0x00007f3ec42bd800 JavaThread "C1 CompilerThread9" daemon [_thread_blocked, id=26319, stack(0x00007f3dc4476000,0x00007f3dc4577000)]
=>0x00007f3ec42bb800 JavaThread "C1 CompilerThread8" daemon [_thread_in_native, id=26318, stack(0x00007f3dc4577000,0x00007f3dc4678000)]
  0x00007f3ec42ba000 JavaThread "C2 CompilerThread7" daemon [_thread_blocked, id=26317, stack(0x00007f3dc4678000,0x00007f3dc4779000)]
  0x00007f3ec42b8000 JavaThread "C2 CompilerThread6" daemon [_thread_blocked, id=26316, stack(0x00007f3dc4779000,0x00007f3dc487a000)]
  0x00007f3ec42b6000 JavaThread "C2 CompilerThread5" daemon [_thread_blocked, id=26315, stack(0x00007f3dc487a000,0x00007f3dc497b000)]
  0x00007f3ec42b4800 JavaThread "C2 CompilerThread4" daemon [_thread_blocked, id=26314, stack(0x00007f3dc497b000,0x00007f3dc4a7c000)]
  0x00007f3ec42b2800 JavaThread "C2 CompilerThread3" daemon [_thread_blocked, id=26313, stack(0x00007f3dc4a7c000,0x00007f3dc4b7d000)]
  0x00007f3ec42b1000 JavaThread "C2 CompilerThread2" daemon [_thread_blocked, id=26312, stack(0x00007f3dc4b7d000,0x00007f3dc4c7e000)]
  0x00007f3ec42af000 JavaThread "C2 CompilerThread1" daemon [_thread_blocked, id=26311, stack(0x00007f3dc4c7e000,0x00007f3dc4d7f000)]
  0x00007f3ec42ad000 JavaThread "C2 CompilerThread0" daemon [_thread_blocked, id=26310, stack(0x00007f3dc4d7f000,0x00007f3dc4e80000)]
  0x00007f3ec42ab000 JavaThread "Signal Dispatcher" daemon [_thread_blocked, id=26309, stack(0x00007f3dc4e80000,0x00007f3dc4f81000)]
  0x00007f3ec4291000 JavaThread "Finalizer" daemon [_thread_blocked, id=26308, stack(0x00007f3dc4f81000,0x00007f3dc5082000)]
  0x00007f3ec4288800 JavaThread "Reference Handler" daemon [_thread_blocked, id=26307, stack(0x00007f3dc5082000,0x00007f3dc5183000)]
  0x00007f3ec4011800 JavaThread "main" [_thread_in_vm, id=26258, stack(0x00007f3ecbbac000,0x00007f3ecbcab000)]

Other Threads:
  0x00007f3ec4281000 VMThread "VM Thread" [stack: 0x00007f3dc5185000,0x00007f3dc5285000] [id=26306]
  0x00007f3ec4374800 WatcherThread [stack: 0x00007f3d7b9d7000,0x00007f3d7bad7000] [id=26325]
  0x00007f3ec4034000 GCTaskThread "GC Thread#0" [stack: 0x00007f3ecae06000,0x00007f3ecaf06000] [id=26259]
  0x00007f3ec4035800 GCTaskThread "GC Thread#1" [stack: 0x00007f3ecad04000,0x00007f3ecae04000] [id=26260]
  0x00007f3ec4037000 GCTaskThread "GC Thread#2" [stack: 0x00007f3ecac02000,0x00007f3ecad02000] [id=26261]
  0x00007f3ec4039000 GCTaskThread "GC Thread#3" [stack: 0x00007f3ecab00000,0x00007f3ecac00000] [id=26262]
  0x00007f3ec403a800 GCTaskThread "GC Thread#4" [stack: 0x00007f3eca9fe000,0x00007f3ecaafe000] [id=26263]
  0x00007f3ec403c800 GCTaskThread "GC Thread#5" [stack: 0x00007f3eca8fc000,0x00007f3eca9fc000] [id=26264]
  0x00007f3ec403e000 GCTaskThread "GC Thread#6" [stack: 0x00007f3eca7fa000,0x00007f3eca8fa000] [id=26265]
  0x00007f3ec403f800 GCTaskThread "GC Thread#7" [stack: 0x00007f3eca6f8000,0x00007f3eca7f8000] [id=26266]
  0x00007f3ec4041800 GCTaskThread "GC Thread#8" [stack: 0x00007f3eca5f6000,0x00007f3eca6f6000] [id=26267]
  0x00007f3ec4043000 GCTaskThread "GC Thread#9" [stack: 0x00007f3eca4f4000,0x00007f3eca5f4000] [id=26268]
  0x00007f3ec4045000 GCTaskThread "GC Thread#10" [stack: 0x00007f3eca3f2000,0x00007f3eca4f2000] [id=26269]
  0x00007f3ec4046800 GCTaskThread "GC Thread#11" [stack: 0x00007f3eca2f0000,0x00007f3eca3f0000] [id=26270]
  0x00007f3ec4048800 GCTaskThread "GC Thread#12" [stack: 0x00007f3eca1ee000,0x00007f3eca2ee000] [id=26271]
  0x00007f3ec404a000 GCTaskThread "GC Thread#13" [stack: 0x00007f3eca0ec000,0x00007f3eca1ec000] [id=26272]
  0x00007f3ec404c000 GCTaskThread "GC Thread#14" [stack: 0x00007f3ec9fea000,0x00007f3eca0ea000] [id=26273]
  0x00007f3ec404d800 GCTaskThread "GC Thread#15" [stack: 0x00007f3ec9ee8000,0x00007f3ec9fe8000] [id=26274]
  0x00007f3ec404f800 GCTaskThread "GC Thread#16" [stack: 0x00007f3ec9de6000,0x00007f3ec9ee6000] [id=26275]
  0x00007f3ec4051000 GCTaskThread "GC Thread#17" [stack: 0x00007f3ec9ce4000,0x00007f3ec9de4000] [id=26276]
  0x00007f3ec4052800 GCTaskThread "GC Thread#18" [stack: 0x00007f3ec9be2000,0x00007f3ec9ce2000] [id=26277]
  0x00007f3ec4054800 GCTaskThread "GC Thread#19" [stack: 0x00007f3ec9ae0000,0x00007f3ec9be0000] [id=26278]
  0x00007f3ec409f800 ConcurrentGCThread "G1 Main Marker" [stack: 0x00007f3ea863a000,0x00007f3ea873a000] [id=26300]
  0x00007f3ec40a1000 ConcurrentGCThread "G1 Marker#0" [stack: 0x00007f3ea8538000,0x00007f3ea8638000] [id=26301]
  0x00007f3ec40a3000 ConcurrentGCThread "G1 Marker#1" [stack: 0x00007f3ea8436000,0x00007f3ea8536000] [id=26302]
  0x00007f3ec40a4800 ConcurrentGCThread "G1 Marker#2" [stack: 0x00007f3ea8334000,0x00007f3ea8434000] [id=26303]
  0x00007f3ec40a6800 ConcurrentGCThread "G1 Marker#3" [stack: 0x00007f3ea8232000,0x00007f3ea8332000] [id=26304]
  0x00007f3ec40a8000 ConcurrentGCThread "G1 Marker#4" [stack: 0x00007f3ea8130000,0x00007f3ea8230000] [id=26305]
  0x00007f3ec4079000 ConcurrentGCThread "G1 Refine#0" [stack: 0x00007f3ea8d29000,0x00007f3ea8e29000] [id=26298]
  0x00007f3ec4077000 ConcurrentGCThread "G1 Refine#1" [stack: 0x00007f3ea8e2b000,0x00007f3ea8f2b000] [id=26297]
  0x00007f3ec4075000 ConcurrentGCThread "G1 Refine#2" [stack: 0x00007f3ea8f2d000,0x00007f3ea902d000] [id=26296]
  0x00007f3ec4073800 ConcurrentGCThread "G1 Refine#3" [stack: 0x00007f3ea902f000,0x00007f3ea912f000] [id=26295]
  0x00007f3ec4071800 ConcurrentGCThread "G1 Refine#4" [stack: 0x00007f3ea9131000,0x00007f3ea9231000] [id=26294]
  0x00007f3ec4070000 ConcurrentGCThread "G1 Refine#5" [stack: 0x00007f3ea9233000,0x00007f3ea9333000] [id=26293]
  0x00007f3ec406e000 ConcurrentGCThread "G1 Refine#6" [stack: 0x00007f3ea9335000,0x00007f3ea9435000] [id=26292]
  0x00007f3ec406c800 ConcurrentGCThread "G1 Refine#7" [stack: 0x00007f3ea9437000,0x00007f3ea9537000] [id=26291]
  0x00007f3ec406a800 ConcurrentGCThread "G1 Refine#8" [stack: 0x00007f3ea9539000,0x00007f3ea9639000] [id=26290]
  0x00007f3ec4069000 ConcurrentGCThread "G1 Refine#9" [stack: 0x00007f3ea963b000,0x00007f3ea973b000] [id=26289]
  0x00007f3ec4067000 ConcurrentGCThread "G1 Refine#10" [stack: 0x00007f3ea973d000,0x00007f3ea983d000] [id=26288]
  0x00007f3ec4065000 ConcurrentGCThread "G1 Refine#11" [stack: 0x00007f3ea983f000,0x00007f3ea993f000] [id=26287]
  0x00007f3ec4063800 ConcurrentGCThread "G1 Refine#12" [stack: 0x00007f3ea9941000,0x00007f3ea9a41000] [id=26286]
  0x00007f3ec4061800 ConcurrentGCThread "G1 Refine#13" [stack: 0x00007f3ea9a43000,0x00007f3ea9b43000] [id=26285]
  0x00007f3ec4060000 ConcurrentGCThread "G1 Refine#14" [stack: 0x00007f3ec80c0000,0x00007f3ec81c0000] [id=26284]
  0x00007f3ec405e000 ConcurrentGCThread "G1 Refine#15" [stack: 0x00007f3ec81c2000,0x00007f3ec82c2000] [id=26283]
  0x00007f3ec405c800 ConcurrentGCThread "G1 Refine#16" [stack: 0x00007f3ec82c4000,0x00007f3ec83c4000] [id=26282]
  0x00007f3ec405a800 ConcurrentGCThread "G1 Refine#17" [stack: 0x00007f3ec83c6000,0x00007f3ec84c6000] [id=26281]
  0x00007f3ec4059000 ConcurrentGCThread "G1 Refine#18" [stack: 0x00007f3ec84c8000,0x00007f3ec85c8000] [id=26280]
  0x00007f3ec4057000 ConcurrentGCThread "G1 Refine#19" [stack: 0x00007f3ec85ca000,0x00007f3ec86ca000] [id=26279]
  0x00007f3ec407a800 ConcurrentGCThread "G1 Young RemSet Sampling" [stack: 0x00007f3ea8c27000,0x00007f3ea8d27000] [id=26299]

Threads with active compile tasks:
C1 CompilerThread8 251 %     3       org.eclipse.core.runtime.adaptor.EclipseStarter::main @ 5367 (7040 bytes)

VM state:not at safepoint (normal execution)

VM Mutex/Monitor currently owned by a thread: None

Heap address: 0x00000003d7c00000, size: 16004 MB, Compressed Oops mode: Zero based, Oop shift amount: 3
Narrow klass base: 0x0000000000000000, Narrow klass shift: 3
Compressed class space size: 1073741824 Address: 0x00000007c0000000

Heap:
 garbage-first heap   total 1028096K, used 8192K [0x00000003d7c00000, 0x00000003d80007d8, 0x00000007c0000000)
  region size 4096K, 3 young (12288K), 0 survivors (0K)
 Metaspace       used 4323K, capacity 4678K, committed 4864K, reserved 1056768K
  class space    used 355K, capacity 386K, committed 512K, reserved 1048576K
Heap Regions: E=young(eden), S=young(survivor), O=old, HS=humongous(starts), HC=humongous(continues), CS=collection set, F=free, A=archive, TS=gc time stamp, AC=allocation context, TAMS=top-at-mark-start (previous, next)
|   0|0x00000003d7c00000, 0x00000003d7c00000, 0x00000003d8000000|  0%| F|  |TS  0|AC  0|TAMS 0x00000003d7c00000, 0x00000003d7c00000|
|   1|0x00000003d8000000, 0x00000003d8000000, 0x00000003d8400000|  0%| F|  |TS  0|AC  0|TAMS 0x00000003d8000000, 0x00000003d8000000|
|   2|0x00000003d8400000, 0x00000003d8400000, 0x00000003d8800000|  0%| F|  |TS  0|AC  0|TAMS 0x00000003d8400000, 0x00000003d8400000|
|   3|0x00000003d8800000, 0x00000003d8800000, 0x00000003d8c00000|  0%| F|  |TS  0|AC  0|TAMS 0x00000003d8800000, 0x00000003d8800000|
|   4|0x00000003d8c00000, 0x00000003d8c00000, 0x00000003d9000000|  0%| F|  |TS  0|AC  0|TAMS 0x00000003d8c00000, 0x00000003d8c00000|
|   5|0x00000003d9000000, 0x00000003d9000000, 0x00000003d9400000|  0%| F|  |TS  0|AC  0|TAMS 0x00000003d9000000, 0x00000003d9000000|
|   6|0x00000003d9400000, 0x00000003d9400000, 0x00000003d9800000|  0%| F|  |TS  0|AC  0|TAMS 0x00000003d9400000, 0x00000003d9400000|
|   7|0x00000003d9800000, 0x00000003d9800000, 0x00000003d9c00000|  0%| F|  |TS  0|AC  0|TAMS 0x00000003d9800000, 0x00000003d9800000|
|   8|0x00000003d9c00000, 0x00000003d9c00000, 0x00000003da000000|  0%| F|  |TS  0|AC  0|TAMS 0x00000003d9c00000, 0x00000003d9c00000|
|   9|0x00000003da000000, 0x00000003da000000, 0x00000003da400000|  0%| F|  |TS  0|AC  0|TAMS 0x00000003da000000, 0x00000003da000000|
|  10|0x00000003da400000, 0x00000003da400000, 0x00000003da800000|  0%| F|  |TS  0|AC  0|TAMS 0x00000003da400000, 0x00000003da400000|
|  11|0x00000003da800000, 0x00000003da800000, 0x00000003dac00000|  0%| F|  |TS  0|AC  0|TAMS 0x00000003da800000, 0x00000003da800000|
|  12|0x00000003dac00000, 0x00000003dac00000, 0x00000003db000000|  0%| F|  |TS  0|AC  0|TAMS 0x00000003dac00000, 0x00000003dac00000|
|  13|0x00000003db000000, 0x00000003db000000, 0x00000003db400000|  0%| F|  |TS  0|AC  0|TAMS 0x00000003db000000, 0x00000003db000000|
|  14|0x00000003db400000, 0x00000003db400000, 0x00000003db800000|  0%| F|  |TS  0|AC  0|TAMS 0x00000003db400000, 0x00000003db400000|
|  15|0x00000003db800000, 0x00000003db800000, 0x00000003dbc00000|  0%| F|  |TS  0|AC  0|TAMS 0x00000003db800000, 0x00000003db800000|
|  16|0x00000003dbc00000, 0x00000003dbc00000, 0x00000003dc000000|  0%| F|  |TS  0|AC  0|TAMS 0x00000003dbc00000, 0x00000003dbc00000|
|  17|0x00000003dc000000, 0x00000003dc000000, 0x00000003dc400000|  0%| F|  |TS  0|AC  0|TAMS 0x00000003dc000000, 0x00000003dc000000|
|  18|0x00000003dc400000, 0x00000003dc400000, 0x00000003dc800000|  0%| F|  |TS  0|AC  0|TAMS 0x00000003dc400000, 0x00000003dc400000|
|  19|0x00000003dc800000, 0x00000003dc800000, 0x00000003dcc00000|  0%| F|  |TS  0|AC  0|TAMS 0x00000003dc800000, 0x00000003dc800000|
|  20|0x00000003dcc00000, 0x00000003dcc00000, 0x00000003dd000000|  0%| F|  |TS  0|AC  0|TAMS 0x00000003dcc00000, 0x00000003dcc00000|
|  21|0x00000003dd000000, 0x00000003dd000000, 0x00000003dd400000|  0%| F|  |TS  0|AC  0|TAMS 0x00000003dd000000, 0x00000003dd000000|
|  22|0x00000003dd400000, 0x00000003dd400000, 0x00000003dd800000|  0%| F|  |TS  0|AC  0|TAMS 0x00000003dd400000, 0x00000003dd400000|
|  23|0x00000003dd800000, 0x00000003dd800000, 0x00000003ddc00000|  0%| F|  |TS  0|AC  0|TAMS 0x00000003dd800000, 0x00000003dd800000|
|  24|0x00000003ddc00000, 0x00000003ddc00000, 0x00000003de000000|  0%| F|  |TS  0|AC  0|TAMS 0x00000003ddc00000, 0x00000003ddc00000|
|  25|0x00000003de000000, 0x00000003de000000, 0x00000003de400000|  0%| F|  |TS  0|AC  0|TAMS 0x00000003de000000, 0x00000003de000000|
|  26|0x00000003de400000, 0x00000003de400000, 0x00000003de800000|  0%| F|  |TS  0|AC  0|TAMS 0x00000003de400000, 0x00000003de400000|
|  27|0x00000003de800000, 0x00000003de800000, 0x00000003dec00000|  0%| F|  |TS  0|AC  0|TAMS 0x00000003de800000, 0x00000003de800000|
|  28|0x00000003dec00000, 0x00000003dec00000, 0x00000003df000000|  0%| F|  |TS  0|AC  0|TAMS 0x00000003dec00000, 0x00000003dec00000|
|  29|0x00000003df000000, 0x00000003df000000, 0x00000003df400000|  0%| F|  |TS  0|AC  0|TAMS 0x00000003df000000, 0x00000003df000000|
|  30|0x00000003df400000, 0x00000003df400000, 0x00000003df800000|  0%| F|  |TS  0|AC  0|TAMS 0x00000003df400000, 0x00000003df400000|
|  31|0x00000003df800000, 0x00000003df800000, 0x00000003dfc00000|  0%| F|  |TS  0|AC  0|TAMS 0x00000003df800000, 0x00000003df800000|
|  32|0x00000003dfc00000, 0x00000003dfc00000, 0x00000003e0000000|  0%| F|  |TS  0|AC  0|TAMS 0x00000003dfc00000, 0x00000003dfc00000|
|  33|0x00000003e0000000, 0x00000003e0000000, 0x00000003e0400000|  0%| F|  |TS  0|AC  0|TAMS 0x00000003e0000000, 0x00000003e0000000|
|  34|0x00000003e0400000, 0x00000003e0400000, 0x00000003e0800000|  0%| F|  |TS  0|AC  0|TAMS 0x00000003e0400000, 0x00000003e0400000|
|  35|0x00000003e0800000, 0x00000003e0800000, 0x00000003e0c00000|  0%| F|  |TS  0|AC  0|TAMS 0x00000003e0800000, 0x00000003e0800000|
|  36|0x00000003e0c00000, 0x00000003e0c00000, 0x00000003e1000000|  0%| F|  |TS  0|AC  0|TAMS 0x00000003e0c00000, 0x00000003e0c00000|
|  37|0x00000003e1000000, 0x00000003e1000000, 0x00000003e1400000|  0%| F|  |TS  0|AC  0|TAMS 0x00000003e1000000, 0x00000003e1000000|
|  38|0x00000003e1400000, 0x00000003e1400000, 0x00000003e1800000|  0%| F|  |TS  0|AC  0|TAMS 0x00000003e1400000, 0x00000003e1400000|
|  39|0x00000003e1800000, 0x00000003e1800000, 0x00000003e1c00000|  0%| F|  |TS  0|AC  0|TAMS 0x00000003e1800000, 0x00000003e1800000|
|  40|0x00000003e1c00000, 0x00000003e1c00000, 0x00000003e2000000|  0%| F|  |TS  0|AC  0|TAMS 0x00000003e1c00000, 0x00000003e1c00000|
|  41|0x00000003e2000000, 0x00000003e2000000, 0x00000003e2400000|  0%| F|  |TS  0|AC  0|TAMS 0x00000003e2000000, 0x00000003e2000000|
|  42|0x00000003e2400000, 0x00000003e2400000, 0x00000003e2800000|  0%| F|  |TS  0|AC  0|TAMS 0x00000003e2400000, 0x00000003e2400000|
|  43|0x00000003e2800000, 0x00000003e2800000, 0x00000003e2c00000|  0%| F|  |TS  0|AC  0|TAMS 0x00000003e2800000, 0x00000003e2800000|
|  44|0x00000003e2c00000, 0x00000003e2c00000, 0x00000003e3000000|  0%| F|  |TS  0|AC  0|TAMS 0x00000003e2c00000, 0x00000003e2c00000|
|  45|0x00000003e3000000, 0x00000003e3000000, 0x00000003e3400000|  0%| F|  |TS  0|AC  0|TAMS 0x00000003e3000000, 0x00000003e3000000|
|  46|0x00000003e3400000, 0x00000003e3400000, 0x00000003e3800000|  0%| F|  |TS  0|AC  0|TAMS 0x00000003e3400000, 0x00000003e3400000|
|  47|0x00000003e3800000, 0x00000003e3800000, 0x00000003e3c00000|  0%| F|  |TS  0|AC  0|TAMS 0x00000003e3800000, 0x00000003e3800000|
|  48|0x00000003e3c00000, 0x00000003e3c00000, 0x00000003e4000000|  0%| F|  |TS  0|AC  0|TAMS 0x00000003e3c00000, 0x00000003e3c00000|
|  49|0x00000003e4000000, 0x00000003e4000000, 0x00000003e4400000|  0%| F|  |TS  0|AC  0|TAMS 0x00000003e4000000, 0x00000003e4000000|
|  50|0x00000003e4400000, 0x00000003e4400000, 0x00000003e4800000|  0%| F|  |TS  0|AC  0|TAMS 0x00000003e4400000, 0x00000003e4400000|
|  51|0x00000003e4800000, 0x00000003e4800000, 0x00000003e4c00000|  0%| F|  |TS  0|AC  0|TAMS 0x00000003e4800000, 0x00000003e4800000|
|  52|0x00000003e4c00000, 0x00000003e4c00000, 0x00000003e5000000|  0%| F|  |TS  0|AC  0|TAMS 0x00000003e4c00000, 0x00000003e4c00000|
|  53|0x00000003e5000000, 0x00000003e5000000, 0x00000003e5400000|  0%| F|  |TS  0|AC  0|TAMS 0x00000003e5000000, 0x00000003e5000000|
|  54|0x00000003e5400000, 0x00000003e5400000, 0x00000003e5800000|  0%| F|  |TS  0|AC  0|TAMS 0x00000003e5400000, 0x00000003e5400000|
|  55|0x00000003e5800000, 0x00000003e5800000, 0x00000003e5c00000|  0%| F|  |TS  0|AC  0|TAMS 0x00000003e5800000, 0x00000003e5800000|
|  56|0x00000003e5c00000, 0x00000003e5c00000, 0x00000003e6000000|  0%| F|  |TS  0|AC  0|TAMS 0x00000003e5c00000, 0x00000003e5c00000|
|  57|0x00000003e6000000, 0x00000003e6000000, 0x00000003e6400000|  0%| F|  |TS  0|AC  0|TAMS 0x00000003e6000000, 0x00000003e6000000|
|  58|0x00000003e6400000, 0x00000003e6400000, 0x00000003e6800000|  0%| F|  |TS  0|AC  0|TAMS 0x00000003e6400000, 0x00000003e6400000|
|  59|0x00000003e6800000, 0x00000003e6800000, 0x00000003e6c00000|  0%| F|  |TS  0|AC  0|TAMS 0x00000003e6800000, 0x00000003e6800000|
|  60|0x00000003e6c00000, 0x00000003e6c00000, 0x00000003e7000000|  0%| F|  |TS  0|AC  0|TAMS 0x00000003e6c00000, 0x00000003e6c00000|
|  61|0x00000003e7000000, 0x00000003e7000000, 0x00000003e7400000|  0%| F|  |TS  0|AC  0|TAMS 0x00000003e7000000, 0x00000003e7000000|
|  62|0x00000003e7400000, 0x00000003e7400000, 0x00000003e7800000|  0%| F|  |TS  0|AC  0|TAMS 0x00000003e7400000, 0x00000003e7400000|
|  63|0x00000003e7800000, 0x00000003e7800000, 0x00000003e7c00000|  0%| F|  |TS  0|AC  0|TAMS 0x00000003e7800000, 0x00000003e7800000|
|  64|0x00000003e7c00000, 0x00000003e7c00000, 0x00000003e8000000|  0%| F|  |TS  0|AC  0|TAMS 0x00000003e7c00000, 0x00000003e7c00000|
|  65|0x00000003e8000000, 0x00000003e8000000, 0x00000003e8400000|  0%| F|  |TS  0|AC  0|TAMS 0x00000003e8000000, 0x00000003e8000000|
|  66|0x00000003e8400000, 0x00000003e8400000, 0x00000003e8800000|  0%| F|  |TS  0|AC  0|TAMS 0x00000003e8400000, 0x00000003e8400000|
|  67|0x00000003e8800000, 0x00000003e8800000, 0x00000003e8c00000|  0%| F|  |TS  0|AC  0|TAMS 0x00000003e8800000, 0x00000003e8800000|
|  68|0x00000003e8c00000, 0x00000003e8c00000, 0x00000003e9000000|  0%| F|  |TS  0|AC  0|TAMS 0x00000003e8c00000, 0x00000003e8c00000|
|  69|0x00000003e9000000, 0x00000003e9000000, 0x00000003e9400000|  0%| F|  |TS  0|AC  0|TAMS 0x00000003e9000000, 0x00000003e9000000|
|  70|0x00000003e9400000, 0x00000003e9400000, 0x00000003e9800000|  0%| F|  |TS  0|AC  0|TAMS 0x00000003e9400000, 0x00000003e9400000|
|  71|0x00000003e9800000, 0x00000003e9800000, 0x00000003e9c00000|  0%| F|  |TS  0|AC  0|TAMS 0x00000003e9800000, 0x00000003e9800000|
|  72|0x00000003e9c00000, 0x00000003e9c00000, 0x00000003ea000000|  0%| F|  |TS  0|AC  0|TAMS 0x00000003e9c00000, 0x00000003e9c00000|
|  73|0x00000003ea000000, 0x00000003ea000000, 0x00000003ea400000|  0%| F|  |TS  0|AC  0|TAMS 0x00000003ea000000, 0x00000003ea000000|
|  74|0x00000003ea400000, 0x00000003ea400000, 0x00000003ea800000|  0%| F|  |TS  0|AC  0|TAMS 0x00000003ea400000, 0x00000003ea400000|
|  75|0x00000003ea800000, 0x00000003ea800000, 0x00000003eac00000|  0%| F|  |TS  0|AC  0|TAMS 0x00000003ea800000, 0x00000003ea800000|
|  76|0x00000003eac00000, 0x00000003eac00000, 0x00000003eb000000|  0%| F|  |TS  0|AC  0|TAMS 0x00000003eac00000, 0x00000003eac00000|
|  77|0x00000003eb000000, 0x00000003eb000000, 0x00000003eb400000|  0%| F|  |TS  0|AC  0|TAMS 0x00000003eb000000, 0x00000003eb000000|
|  78|0x00000003eb400000, 0x00000003eb400000, 0x00000003eb800000|  0%| F|  |TS  0|AC  0|TAMS 0x00000003eb400000, 0x00000003eb400000|
|  79|0x00000003eb800000, 0x00000003eb800000, 0x00000003ebc00000|  0%| F|  |TS  0|AC  0|TAMS 0x00000003eb800000, 0x00000003eb800000|
|  80|0x00000003ebc00000, 0x00000003ebc00000, 0x00000003ec000000|  0%| F|  |TS  0|AC  0|TAMS 0x00000003ebc00000, 0x00000003ebc00000|
|  81|0x00000003ec000000, 0x00000003ec000000, 0x00000003ec400000|  0%| F|  |TS  0|AC  0|TAMS 0x00000003ec000000, 0x00000003ec000000|
|  82|0x00000003ec400000, 0x00000003ec400000, 0x00000003ec800000|  0%| F|  |TS  0|AC  0|TAMS 0x00000003ec400000, 0x00000003ec400000|
|  83|0x00000003ec800000, 0x00000003ec800000, 0x00000003ecc00000|  0%| F|  |TS  0|AC  0|TAMS 0x00000003ec800000, 0x00000003ec800000|
|  84|0x00000003ecc00000, 0x00000003ecc00000, 0x00000003ed000000|  0%| F|  |TS  0|AC  0|TAMS 0x00000003ecc00000, 0x00000003ecc00000|
|  85|0x00000003ed000000, 0x00000003ed000000, 0x00000003ed400000|  0%| F|  |TS  0|AC  0|TAMS 0x00000003ed000000, 0x00000003ed000000|
|  86|0x00000003ed400000, 0x00000003ed400000, 0x00000003ed800000|  0%| F|  |TS  0|AC  0|TAMS 0x00000003ed400000, 0x00000003ed400000|
|  87|0x00000003ed800000, 0x00000003ed800000, 0x00000003edc00000|  0%| F|  |TS  0|AC  0|TAMS 0x00000003ed800000, 0x00000003ed800000|
|  88|0x00000003edc00000, 0x00000003edc00000, 0x00000003ee000000|  0%| F|  |TS  0|AC  0|TAMS 0x00000003edc00000, 0x00000003edc00000|
|  89|0x00000003ee000000, 0x00000003ee000000, 0x00000003ee400000|  0%| F|  |TS  0|AC  0|TAMS 0x00000003ee000000, 0x00000003ee000000|
|  90|0x00000003ee400000, 0x00000003ee400000, 0x00000003ee800000|  0%| F|  |TS  0|AC  0|TAMS 0x00000003ee400000, 0x00000003ee400000|
|  91|0x00000003ee800000, 0x00000003ee800000, 0x00000003eec00000|  0%| F|  |TS  0|AC  0|TAMS 0x00000003ee800000, 0x00000003ee800000|
|  92|0x00000003eec00000, 0x00000003eec00000, 0x00000003ef000000|  0%| F|  |TS  0|AC  0|TAMS 0x00000003eec00000, 0x00000003eec00000|
|  93|0x00000003ef000000, 0x00000003ef000000, 0x00000003ef400000|  0%| F|  |TS  0|AC  0|TAMS 0x00000003ef000000, 0x00000003ef000000|
|  94|0x00000003ef400000, 0x00000003ef400000, 0x00000003ef800000|  0%| F|  |TS  0|AC  0|TAMS 0x00000003ef400000, 0x00000003ef400000|
|  95|0x00000003ef800000, 0x00000003ef800000, 0x00000003efc00000|  0%| F|  |TS  0|AC  0|TAMS 0x00000003ef800000, 0x00000003ef800000|
|  96|0x00000003efc00000, 0x00000003efc00000, 0x00000003f0000000|  0%| F|  |TS  0|AC  0|TAMS 0x00000003efc00000, 0x00000003efc00000|
|  97|0x00000003f0000000, 0x00000003f0000000, 0x00000003f0400000|  0%| F|  |TS  0|AC  0|TAMS 0x00000003f0000000, 0x00000003f0000000|
|  98|0x00000003f0400000, 0x00000003f0400000, 0x00000003f0800000|  0%| F|  |TS  0|AC  0|TAMS 0x00000003f0400000, 0x00000003f0400000|
|  99|0x00000003f0800000, 0x00000003f0800000, 0x00000003f0c00000|  0%| F|  |TS  0|AC  0|TAMS 0x00000003f0800000, 0x00000003f0800000|
| 100|0x00000003f0c00000, 0x00000003f0c00000, 0x00000003f1000000|  0%| F|  |TS  0|AC  0|TAMS 0x00000003f0c00000, 0x00000003f0c00000|
| 101|0x00000003f1000000, 0x00000003f1000000, 0x00000003f1400000|  0%| F|  |TS  0|AC  0|TAMS 0x00000003f1000000, 0x00000003f1000000|
| 102|0x00000003f1400000, 0x00000003f1400000, 0x00000003f1800000|  0%| F|  |TS  0|AC  0|TAMS 0x00000003f1400000, 0x00000003f1400000|
| 103|0x00000003f1800000, 0x00000003f1800000, 0x00000003f1c00000|  0%| F|  |TS  0|AC  0|TAMS 0x00000003f1800000, 0x00000003f1800000|
| 104|0x00000003f1c00000, 0x00000003f1c00000, 0x00000003f2000000|  0%| F|  |TS  0|AC  0|TAMS 0x00000003f1c00000, 0x00000003f1c00000|
| 105|0x00000003f2000000, 0x00000003f2000000, 0x00000003f2400000|  0%| F|  |TS  0|AC  0|TAMS 0x00000003f2000000, 0x00000003f2000000|
| 106|0x00000003f2400000, 0x00000003f2400000, 0x00000003f2800000|  0%| F|  |TS  0|AC  0|TAMS 0x00000003f2400000, 0x00000003f2400000|
| 107|0x00000003f2800000, 0x00000003f2800000, 0x00000003f2c00000|  0%| F|  |TS  0|AC  0|TAMS 0x00000003f2800000, 0x00000003f2800000|
| 108|0x00000003f2c00000, 0x00000003f2c00000, 0x00000003f3000000|  0%| F|  |TS  0|AC  0|TAMS 0x00000003f2c00000, 0x00000003f2c00000|
| 109|0x00000003f3000000, 0x00000003f3000000, 0x00000003f3400000|  0%| F|  |TS  0|AC  0|TAMS 0x00000003f3000000, 0x00000003f3000000|
| 110|0x00000003f3400000, 0x00000003f3400000, 0x00000003f3800000|  0%| F|  |TS  0|AC  0|TAMS 0x00000003f3400000, 0x00000003f3400000|
| 111|0x00000003f3800000, 0x00000003f3800000, 0x00000003f3c00000|  0%| F|  |TS  0|AC  0|TAMS 0x00000003f3800000, 0x00000003f3800000|
| 112|0x00000003f3c00000, 0x00000003f3c00000, 0x00000003f4000000|  0%| F|  |TS  0|AC  0|TAMS 0x00000003f3c00000, 0x00000003f3c00000|
| 113|0x00000003f4000000, 0x00000003f4000000, 0x00000003f4400000|  0%| F|  |TS  0|AC  0|TAMS 0x00000003f4000000, 0x00000003f4000000|
| 114|0x00000003f4400000, 0x00000003f4400000, 0x00000003f4800000|  0%| F|  |TS  0|AC  0|TAMS 0x00000003f4400000, 0x00000003f4400000|
| 115|0x00000003f4800000, 0x00000003f4800000, 0x00000003f4c00000|  0%| F|  |TS  0|AC  0|TAMS 0x00000003f4800000, 0x00000003f4800000|
| 116|0x00000003f4c00000, 0x00000003f4c00000, 0x00000003f5000000|  0%| F|  |TS  0|AC  0|TAMS 0x00000003f4c00000, 0x00000003f4c00000|
| 117|0x00000003f5000000, 0x00000003f5000000, 0x00000003f5400000|  0%| F|  |TS  0|AC  0|TAMS 0x00000003f5000000, 0x00000003f5000000|
| 118|0x00000003f5400000, 0x00000003f5400000, 0x00000003f5800000|  0%| F|  |TS  0|AC  0|TAMS 0x00000003f5400000, 0x00000003f5400000|
| 119|0x00000003f5800000, 0x00000003f5800000, 0x00000003f5c00000|  0%| F|  |TS  0|AC  0|TAMS 0x00000003f5800000, 0x00000003f5800000|
| 120|0x00000003f5c00000, 0x00000003f5c00000, 0x00000003f6000000|  0%| F|  |TS  0|AC  0|TAMS 0x00000003f5c00000, 0x00000003f5c00000|
| 121|0x00000003f6000000, 0x00000003f6000000, 0x00000003f6400000|  0%| F|  |TS  0|AC  0|TAMS 0x00000003f6000000, 0x00000003f6000000|
| 122|0x00000003f6400000, 0x00000003f6400000, 0x00000003f6800000|  0%| F|  |TS  0|AC  0|TAMS 0x00000003f6400000, 0x00000003f6400000|
| 123|0x00000003f6800000, 0x00000003f6800000, 0x00000003f6c00000|  0%| F|  |TS  0|AC  0|TAMS 0x00000003f6800000, 0x00000003f6800000|
| 124|0x00000003f6c00000, 0x00000003f6c00000, 0x00000003f7000000|  0%| F|  |TS  0|AC  0|TAMS 0x00000003f6c00000, 0x00000003f6c00000|
| 125|0x00000003f7000000, 0x00000003f7000000, 0x00000003f7400000|  0%| F|  |TS  0|AC  0|TAMS 0x00000003f7000000, 0x00000003f7000000|
| 126|0x00000003f7400000, 0x00000003f7400000, 0x00000003f7800000|  0%| F|  |TS  0|AC  0|TAMS 0x00000003f7400000, 0x00000003f7400000|
| 127|0x00000003f7800000, 0x00000003f7800000, 0x00000003f7c00000|  0%| F|  |TS  0|AC  0|TAMS 0x00000003f7800000, 0x00000003f7800000|
| 128|0x00000003f7c00000, 0x00000003f7c00000, 0x00000003f8000000|  0%| F|  |TS  0|AC  0|TAMS 0x00000003f7c00000, 0x00000003f7c00000|
| 129|0x00000003f8000000, 0x00000003f8000000, 0x00000003f8400000|  0%| F|  |TS  0|AC  0|TAMS 0x00000003f8000000, 0x00000003f8000000|
| 130|0x00000003f8400000, 0x00000003f8400000, 0x00000003f8800000|  0%| F|  |TS  0|AC  0|TAMS 0x00000003f8400000, 0x00000003f8400000|
| 131|0x00000003f8800000, 0x00000003f8800000, 0x00000003f8c00000|  0%| F|  |TS  0|AC  0|TAMS 0x00000003f8800000, 0x00000003f8800000|
| 132|0x00000003f8c00000, 0x00000003f8c00000, 0x00000003f9000000|  0%| F|  |TS  0|AC  0|TAMS 0x00000003f8c00000, 0x00000003f8c00000|
| 133|0x00000003f9000000, 0x00000003f9000000, 0x00000003f9400000|  0%| F|  |TS  0|AC  0|TAMS 0x00000003f9000000, 0x00000003f9000000|
| 134|0x00000003f9400000, 0x00000003f9400000, 0x00000003f9800000|  0%| F|  |TS  0|AC  0|TAMS 0x00000003f9400000, 0x00000003f9400000|
| 135|0x00000003f9800000, 0x00000003f9800000, 0x00000003f9c00000|  0%| F|  |TS  0|AC  0|TAMS 0x00000003f9800000, 0x00000003f9800000|
| 136|0x00000003f9c00000, 0x00000003f9c00000, 0x00000003fa000000|  0%| F|  |TS  0|AC  0|TAMS 0x00000003f9c00000, 0x00000003f9c00000|
| 137|0x00000003fa000000, 0x00000003fa000000, 0x00000003fa400000|  0%| F|  |TS  0|AC  0|TAMS 0x00000003fa000000, 0x00000003fa000000|
| 138|0x00000003fa400000, 0x00000003fa400000, 0x00000003fa800000|  0%| F|  |TS  0|AC  0|TAMS 0x00000003fa400000, 0x00000003fa400000|
| 139|0x00000003fa800000, 0x00000003fa800000, 0x00000003fac00000|  0%| F|  |TS  0|AC  0|TAMS 0x00000003fa800000, 0x00000003fa800000|
| 140|0x00000003fac00000, 0x00000003fac00000, 0x00000003fb000000|  0%| F|  |TS  0|AC  0|TAMS 0x00000003fac00000, 0x00000003fac00000|
| 141|0x00000003fb000000, 0x00000003fb000000, 0x00000003fb400000|  0%| F|  |TS  0|AC  0|TAMS 0x00000003fb000000, 0x00000003fb000000|
| 142|0x00000003fb400000, 0x00000003fb400000, 0x00000003fb800000|  0%| F|  |TS  0|AC  0|TAMS 0x00000003fb400000, 0x00000003fb400000|
| 143|0x00000003fb800000, 0x00000003fb800000, 0x00000003fbc00000|  0%| F|  |TS  0|AC  0|TAMS 0x00000003fb800000, 0x00000003fb800000|
| 144|0x00000003fbc00000, 0x00000003fbc00000, 0x00000003fc000000|  0%| F|  |TS  0|AC  0|TAMS 0x00000003fbc00000, 0x00000003fbc00000|
| 145|0x00000003fc000000, 0x00000003fc000000, 0x00000003fc400000|  0%| F|  |TS  0|AC  0|TAMS 0x00000003fc000000, 0x00000003fc000000|
| 146|0x00000003fc400000, 0x00000003fc400000, 0x00000003fc800000|  0%| F|  |TS  0|AC  0|TAMS 0x00000003fc400000, 0x00000003fc400000|
| 147|0x00000003fc800000, 0x00000003fc800000, 0x00000003fcc00000|  0%| F|  |TS  0|AC  0|TAMS 0x00000003fc800000, 0x00000003fc800000|
| 148|0x00000003fcc00000, 0x00000003fcc00000, 0x00000003fd000000|  0%| F|  |TS  0|AC  0|TAMS 0x00000003fcc00000, 0x00000003fcc00000|
| 149|0x00000003fd000000, 0x00000003fd000000, 0x00000003fd400000|  0%| F|  |TS  0|AC  0|TAMS 0x00000003fd000000, 0x00000003fd000000|
| 150|0x00000003fd400000, 0x00000003fd400000, 0x00000003fd800000|  0%| F|  |TS  0|AC  0|TAMS 0x00000003fd400000, 0x00000003fd400000|
| 151|0x00000003fd800000, 0x00000003fd800000, 0x00000003fdc00000|  0%| F|  |TS  0|AC  0|TAMS 0x00000003fd800000, 0x00000003fd800000|
| 152|0x00000003fdc00000, 0x00000003fdc00000, 0x00000003fe000000|  0%| F|  |TS  0|AC  0|TAMS 0x00000003fdc00000, 0x00000003fdc00000|
| 153|0x00000003fe000000, 0x00000003fe000000, 0x00000003fe400000|  0%| F|  |TS  0|AC  0|TAMS 0x00000003fe000000, 0x00000003fe000000|
| 154|0x00000003fe400000, 0x00000003fe400000, 0x00000003fe800000|  0%| F|  |TS  0|AC  0|TAMS 0x00000003fe400000, 0x00000003fe400000|
| 155|0x00000003fe800000, 0x00000003fe800000, 0x00000003fec00000|  0%| F|  |TS  0|AC  0|TAMS 0x00000003fe800000, 0x00000003fe800000|
| 156|0x00000003fec00000, 0x00000003fec00000, 0x00000003ff000000|  0%| F|  |TS  0|AC  0|TAMS 0x00000003fec00000, 0x00000003fec00000|
| 157|0x00000003ff000000, 0x00000003ff000000, 0x00000003ff400000|  0%| F|  |TS  0|AC  0|TAMS 0x00000003ff000000, 0x00000003ff000000|
| 158|0x00000003ff400000, 0x00000003ff400000, 0x00000003ff800000|  0%| F|  |TS  0|AC  0|TAMS 0x00000003ff400000, 0x00000003ff400000|
| 159|0x00000003ff800000, 0x00000003ff800000, 0x00000003ffc00000|  0%| F|  |TS  0|AC  0|TAMS 0x00000003ff800000, 0x00000003ff800000|
| 160|0x00000003ffc00000, 0x00000003ffc00000, 0x0000000400000000|  0%| F|  |TS  0|AC  0|TAMS 0x00000003ffc00000, 0x00000003ffc00000|
| 161|0x0000000400000000, 0x0000000400000000, 0x0000000400400000|  0%| F|  |TS  0|AC  0|TAMS 0x0000000400000000, 0x0000000400000000|
| 162|0x0000000400400000, 0x0000000400400000, 0x0000000400800000|  0%| F|  |TS  0|AC  0|TAMS 0x0000000400400000, 0x0000000400400000|
| 163|0x0000000400800000, 0x0000000400800000, 0x0000000400c00000|  0%| F|  |TS  0|AC  0|TAMS 0x0000000400800000, 0x0000000400800000|
| 164|0x0000000400c00000, 0x0000000400c00000, 0x0000000401000000|  0%| F|  |TS  0|AC  0|TAMS 0x0000000400c00000, 0x0000000400c00000|
| 165|0x0000000401000000, 0x0000000401000000, 0x0000000401400000|  0%| F|  |TS  0|AC  0|TAMS 0x0000000401000000, 0x0000000401000000|
| 166|0x0000000401400000, 0x0000000401400000, 0x0000000401800000|  0%| F|  |TS  0|AC  0|TAMS 0x0000000401400000, 0x0000000401400000|
| 167|0x0000000401800000, 0x0000000401800000, 0x0000000401c00000|  0%| F|  |TS  0|AC  0|TAMS 0x0000000401800000, 0x0000000401800000|
| 168|0x0000000401c00000, 0x0000000401c00000, 0x0000000402000000|  0%| F|  |TS  0|AC  0|TAMS 0x0000000401c00000, 0x0000000401c00000|
| 169|0x0000000402000000, 0x0000000402000000, 0x0000000402400000|  0%| F|  |TS  0|AC  0|TAMS 0x0000000402000000, 0x0000000402000000|
| 170|0x0000000402400000, 0x0000000402400000, 0x0000000402800000|  0%| F|  |TS  0|AC  0|TAMS 0x0000000402400000, 0x0000000402400000|
| 171|0x0000000402800000, 0x0000000402800000, 0x0000000402c00000|  0%| F|  |TS  0|AC  0|TAMS 0x0000000402800000, 0x0000000402800000|
| 172|0x0000000402c00000, 0x0000000402c00000, 0x0000000403000000|  0%| F|  |TS  0|AC  0|TAMS 0x0000000402c00000, 0x0000000402c00000|
| 173|0x0000000403000000, 0x0000000403000000, 0x0000000403400000|  0%| F|  |TS  0|AC  0|TAMS 0x0000000403000000, 0x0000000403000000|
| 174|0x0000000403400000, 0x0000000403400000, 0x0000000403800000|  0%| F|  |TS  0|AC  0|TAMS 0x0000000403400000, 0x0000000403400000|
| 175|0x0000000403800000, 0x0000000403800000, 0x0000000403c00000|  0%| F|  |TS  0|AC  0|TAMS 0x0000000403800000, 0x0000000403800000|
| 176|0x0000000403c00000, 0x0000000403c00000, 0x0000000404000000|  0%| F|  |TS  0|AC  0|TAMS 0x0000000403c00000, 0x0000000403c00000|
| 177|0x0000000404000000, 0x0000000404000000, 0x0000000404400000|  0%| F|  |TS  0|AC  0|TAMS 0x0000000404000000, 0x0000000404000000|
| 178|0x0000000404400000, 0x0000000404400000, 0x0000000404800000|  0%| F|  |TS  0|AC  0|TAMS 0x0000000404400000, 0x0000000404400000|
| 179|0x0000000404800000, 0x0000000404800000, 0x0000000404c00000|  0%| F|  |TS  0|AC  0|TAMS 0x0000000404800000, 0x0000000404800000|
| 180|0x0000000404c00000, 0x0000000404c00000, 0x0000000405000000|  0%| F|  |TS  0|AC  0|TAMS 0x0000000404c00000, 0x0000000404c00000|
| 181|0x0000000405000000, 0x0000000405000000, 0x0000000405400000|  0%| F|  |TS  0|AC  0|TAMS 0x0000000405000000, 0x0000000405000000|
| 182|0x0000000405400000, 0x0000000405400000, 0x0000000405800000|  0%| F|  |TS  0|AC  0|TAMS 0x0000000405400000, 0x0000000405400000|
| 183|0x0000000405800000, 0x0000000405800000, 0x0000000405c00000|  0%| F|  |TS  0|AC  0|TAMS 0x0000000405800000, 0x0000000405800000|
| 184|0x0000000405c00000, 0x0000000405c00000, 0x0000000406000000|  0%| F|  |TS  0|AC  0|TAMS 0x0000000405c00000, 0x0000000405c00000|
| 185|0x0000000406000000, 0x0000000406000000, 0x0000000406400000|  0%| F|  |TS  0|AC  0|TAMS 0x0000000406000000, 0x0000000406000000|
| 186|0x0000000406400000, 0x0000000406400000, 0x0000000406800000|  0%| F|  |TS  0|AC  0|TAMS 0x0000000406400000, 0x0000000406400000|
| 187|0x0000000406800000, 0x0000000406800000, 0x0000000406c00000|  0%| F|  |TS  0|AC  0|TAMS 0x0000000406800000, 0x0000000406800000|
| 188|0x0000000406c00000, 0x0000000406c00000, 0x0000000407000000|  0%| F|  |TS  0|AC  0|TAMS 0x0000000406c00000, 0x0000000406c00000|
| 189|0x0000000407000000, 0x0000000407000000, 0x0000000407400000|  0%| F|  |TS  0|AC  0|TAMS 0x0000000407000000, 0x0000000407000000|
| 190|0x0000000407400000, 0x0000000407400000, 0x0000000407800000|  0%| F|  |TS  0|AC  0|TAMS 0x0000000407400000, 0x0000000407400000|
| 191|0x0000000407800000, 0x0000000407800000, 0x0000000407c00000|  0%| F|  |TS  0|AC  0|TAMS 0x0000000407800000, 0x0000000407800000|
| 192|0x0000000407c00000, 0x0000000407c00000, 0x0000000408000000|  0%| F|  |TS  0|AC  0|TAMS 0x0000000407c00000, 0x0000000407c00000|
| 193|0x0000000408000000, 0x0000000408000000, 0x0000000408400000|  0%| F|  |TS  0|AC  0|TAMS 0x0000000408000000, 0x0000000408000000|
| 194|0x0000000408400000, 0x0000000408400000, 0x0000000408800000|  0%| F|  |TS  0|AC  0|TAMS 0x0000000408400000, 0x0000000408400000|
| 195|0x0000000408800000, 0x0000000408800000, 0x0000000408c00000|  0%| F|  |TS  0|AC  0|TAMS 0x0000000408800000, 0x0000000408800000|
| 196|0x0000000408c00000, 0x0000000408c00000, 0x0000000409000000|  0%| F|  |TS  0|AC  0|TAMS 0x0000000408c00000, 0x0000000408c00000|
| 197|0x0000000409000000, 0x0000000409000000, 0x0000000409400000|  0%| F|  |TS  0|AC  0|TAMS 0x0000000409000000, 0x0000000409000000|
| 198|0x0000000409400000, 0x0000000409400000, 0x0000000409800000|  0%| F|  |TS  0|AC  0|TAMS 0x0000000409400000, 0x0000000409400000|
| 199|0x0000000409800000, 0x0000000409800000, 0x0000000409c00000|  0%| F|  |TS  0|AC  0|TAMS 0x0000000409800000, 0x0000000409800000|
| 200|0x0000000409c00000, 0x0000000409c00000, 0x000000040a000000|  0%| F|  |TS  0|AC  0|TAMS 0x0000000409c00000, 0x0000000409c00000|
| 201|0x000000040a000000, 0x000000040a000000, 0x000000040a400000|  0%| F|  |TS  0|AC  0|TAMS 0x000000040a000000, 0x000000040a000000|
| 202|0x000000040a400000, 0x000000040a400000, 0x000000040a800000|  0%| F|  |TS  0|AC  0|TAMS 0x000000040a400000, 0x000000040a400000|
| 203|0x000000040a800000, 0x000000040a800000, 0x000000040ac00000|  0%| F|  |TS  0|AC  0|TAMS 0x000000040a800000, 0x000000040a800000|
| 204|0x000000040ac00000, 0x000000040ac00000, 0x000000040b000000|  0%| F|  |TS  0|AC  0|TAMS 0x000000040ac00000, 0x000000040ac00000|
| 205|0x000000040b000000, 0x000000040b000000, 0x000000040b400000|  0%| F|  |TS  0|AC  0|TAMS 0x000000040b000000, 0x000000040b000000|
| 206|0x000000040b400000, 0x000000040b400000, 0x000000040b800000|  0%| F|  |TS  0|AC  0|TAMS 0x000000040b400000, 0x000000040b400000|
| 207|0x000000040b800000, 0x000000040b800000, 0x000000040bc00000|  0%| F|  |TS  0|AC  0|TAMS 0x000000040b800000, 0x000000040b800000|
| 208|0x000000040bc00000, 0x000000040bc00000, 0x000000040c000000|  0%| F|  |TS  0|AC  0|TAMS 0x000000040bc00000, 0x000000040bc00000|
| 209|0x000000040c000000, 0x000000040c000000, 0x000000040c400000|  0%| F|  |TS  0|AC  0|TAMS 0x000000040c000000, 0x000000040c000000|
| 210|0x000000040c400000, 0x000000040c400000, 0x000000040c800000|  0%| F|  |TS  0|AC  0|TAMS 0x000000040c400000, 0x000000040c400000|
| 211|0x000000040c800000, 0x000000040c800000, 0x000000040cc00000|  0%| F|  |TS  0|AC  0|TAMS 0x000000040c800000, 0x000000040c800000|
| 212|0x000000040cc00000, 0x000000040cc00000, 0x000000040d000000|  0%| F|  |TS  0|AC  0|TAMS 0x000000040cc00000, 0x000000040cc00000|
| 213|0x000000040d000000, 0x000000040d000000, 0x000000040d400000|  0%| F|  |TS  0|AC  0|TAMS 0x000000040d000000, 0x000000040d000000|
| 214|0x000000040d400000, 0x000000040d400000, 0x000000040d800000|  0%| F|  |TS  0|AC  0|TAMS 0x000000040d400000, 0x000000040d400000|
| 215|0x000000040d800000, 0x000000040d800000, 0x000000040dc00000|  0%| F|  |TS  0|AC  0|TAMS 0x000000040d800000, 0x000000040d800000|
| 216|0x000000040dc00000, 0x000000040dc00000, 0x000000040e000000|  0%| F|  |TS  0|AC  0|TAMS 0x000000040dc00000, 0x000000040dc00000|
| 217|0x000000040e000000, 0x000000040e000000, 0x000000040e400000|  0%| F|  |TS  0|AC  0|TAMS 0x000000040e000000, 0x000000040e000000|
| 218|0x000000040e400000, 0x000000040e400000, 0x000000040e800000|  0%| F|  |TS  0|AC  0|TAMS 0x000000040e400000, 0x000000040e400000|
| 219|0x000000040e800000, 0x000000040e800000, 0x000000040ec00000|  0%| F|  |TS  0|AC  0|TAMS 0x000000040e800000, 0x000000040e800000|
| 220|0x000000040ec00000, 0x000000040ec00000, 0x000000040f000000|  0%| F|  |TS  0|AC  0|TAMS 0x000000040ec00000, 0x000000040ec00000|
| 221|0x000000040f000000, 0x000000040f000000, 0x000000040f400000|  0%| F|  |TS  0|AC  0|TAMS 0x000000040f000000, 0x000000040f000000|
| 222|0x000000040f400000, 0x000000040f400000, 0x000000040f800000|  0%| F|  |TS  0|AC  0|TAMS 0x000000040f400000, 0x000000040f400000|
| 223|0x000000040f800000, 0x000000040f800000, 0x000000040fc00000|  0%| F|  |TS  0|AC  0|TAMS 0x000000040f800000, 0x000000040f800000|
| 224|0x000000040fc00000, 0x000000040fc00000, 0x0000000410000000|  0%| F|  |TS  0|AC  0|TAMS 0x000000040fc00000, 0x000000040fc00000|
| 225|0x0000000410000000, 0x0000000410000000, 0x0000000410400000|  0%| F|  |TS  0|AC  0|TAMS 0x0000000410000000, 0x0000000410000000|
| 226|0x0000000410400000, 0x0000000410400000, 0x0000000410800000|  0%| F|  |TS  0|AC  0|TAMS 0x0000000410400000, 0x0000000410400000|
| 227|0x0000000410800000, 0x0000000410800000, 0x0000000410c00000|  0%| F|  |TS  0|AC  0|TAMS 0x0000000410800000, 0x0000000410800000|
| 228|0x0000000410c00000, 0x0000000410c00000, 0x0000000411000000|  0%| F|  |TS  0|AC  0|TAMS 0x0000000410c00000, 0x0000000410c00000|
| 229|0x0000000411000000, 0x0000000411000000, 0x0000000411400000|  0%| F|  |TS  0|AC  0|TAMS 0x0000000411000000, 0x0000000411000000|
| 230|0x0000000411400000, 0x0000000411400000, 0x0000000411800000|  0%| F|  |TS  0|AC  0|TAMS 0x0000000411400000, 0x0000000411400000|
| 231|0x0000000411800000, 0x0000000411800000, 0x0000000411c00000|  0%| F|  |TS  0|AC  0|TAMS 0x0000000411800000, 0x0000000411800000|
| 232|0x0000000411c00000, 0x0000000411c00000, 0x0000000412000000|  0%| F|  |TS  0|AC  0|TAMS 0x0000000411c00000, 0x0000000411c00000|
| 233|0x0000000412000000, 0x0000000412000000, 0x0000000412400000|  0%| F|  |TS  0|AC  0|TAMS 0x0000000412000000, 0x0000000412000000|
| 234|0x0000000412400000, 0x0000000412400000, 0x0000000412800000|  0%| F|  |TS  0|AC  0|TAMS 0x0000000412400000, 0x0000000412400000|
| 235|0x0000000412800000, 0x0000000412800000, 0x0000000412c00000|  0%| F|  |TS  0|AC  0|TAMS 0x0000000412800000, 0x0000000412800000|
| 236|0x0000000412c00000, 0x0000000412c00000, 0x0000000413000000|  0%| F|  |TS  0|AC  0|TAMS 0x0000000412c00000, 0x0000000412c00000|
| 237|0x0000000413000000, 0x0000000413000000, 0x0000000413400000|  0%| F|  |TS  0|AC  0|TAMS 0x0000000413000000, 0x0000000413000000|
| 238|0x0000000413400000, 0x0000000413400000, 0x0000000413800000|  0%| F|  |TS  0|AC  0|TAMS 0x0000000413400000, 0x0000000413400000|
| 239|0x0000000413800000, 0x0000000413800000, 0x0000000413c00000|  0%| F|  |TS  0|AC  0|TAMS 0x0000000413800000, 0x0000000413800000|
| 240|0x0000000413c00000, 0x0000000413c00000, 0x0000000414000000|  0%| F|  |TS  0|AC  0|TAMS 0x0000000413c00000, 0x0000000413c00000|
| 241|0x0000000414000000, 0x0000000414000000, 0x0000000414400000|  0%| F|  |TS  0|AC  0|TAMS 0x0000000414000000, 0x0000000414000000|
| 242|0x0000000414400000, 0x0000000414400000, 0x0000000414800000|  0%| F|  |TS  0|AC  0|TAMS 0x0000000414400000, 0x0000000414400000|
| 243|0x0000000414800000, 0x0000000414800000, 0x0000000414c00000|  0%| F|  |TS  0|AC  0|TAMS 0x0000000414800000, 0x0000000414800000|
| 244|0x0000000414c00000, 0x0000000414c00000, 0x0000000415000000|  0%| F|  |TS  0|AC  0|TAMS 0x0000000414c00000, 0x0000000414c00000|
| 245|0x0000000415000000, 0x0000000415000000, 0x0000000415400000|  0%| F|  |TS  0|AC  0|TAMS 0x0000000415000000, 0x0000000415000000|
| 246|0x0000000415400000, 0x0000000415400000, 0x0000000415800000|  0%| F|  |TS  0|AC  0|TAMS 0x0000000415400000, 0x0000000415400000|
| 247|0x0000000415800000, 0x0000000415800000, 0x0000000415c00000|  0%| F|  |TS  0|AC  0|TAMS 0x0000000415800000, 0x0000000415800000|
| 248|0x0000000415c00000, 0x0000000415ee1d08, 0x0000000416000000| 72%| E|  |TS  0|AC  0|TAMS 0x0000000415c00000, 0x0000000415c00000|
| 249|0x0000000416000000, 0x0000000416400000, 0x0000000416400000|100%| E|CS|TS  0|AC  0|TAMS 0x0000000416000000, 0x0000000416000000|
| 250|0x0000000416400000, 0x0000000416800000, 0x0000000416800000|100%| E|CS|TS  0|AC  0|TAMS 0x0000000416400000, 0x0000000416400000|

Card table byte_map: [0x00007f3dfe23a000,0x00007f3e0017c000] byte_map_base: 0x00007f3dfc37c000

Marking Bits (Prev, Next): (CMBitMap*) 0x00007f3ec409e820, (CMBitMap*) 0x00007f3ec409e858
 Prev Bits: [0x00007f3dec8e8000, 0x00007f3dfc2f8000)
 Next Bits: [0x00007f3ddced8000, 0x00007f3dec8e8000)

Polling page: 0x00007f3ecd5fe000

CodeHeap 'non-profiled nmethods': size=119172Kb used=171Kb max_used=171Kb free=119000Kb
 bounds [0x00007f3eb16e2000, 0x00007f3eb1952000, 0x00007f3eb8b43000]
CodeHeap 'profiled nmethods': size=119172Kb used=338Kb max_used=338Kb free=118833Kb
 bounds [0x00007f3eaa281000, 0x00007f3eaa4f1000, 0x00007f3eb16e2000]
CodeHeap 'non-nmethods': size=7416Kb used=2826Kb max_used=2856Kb free=4589Kb
 bounds [0x00007f3ea9b43000, 0x00007f3ea9e13000, 0x00007f3eaa281000]
 total_blobs=635 nmethods=250 adapters=168
 compilation: enabled

Compilation events (10 events):
Event: 0.379 Thread 0x00007f3ec42b2800 nmethod 239 0x00007f3eb16f8810 code [0x00007f3eb16f89e0, 0x00007f3eb16f8c88]
Event: 0.384 Thread 0x00007f3ec42b4800 nmethod 240 0x00007f3eb16f9090 code [0x00007f3eb16f9300, 0x00007f3eb16fa788]
Event: 0.386 Thread 0x00007f3ec42af000 nmethod 238 0x00007f3eb16fb190 code [0x00007f3eb16fb3a0, 0x00007f3eb16fbec8]
Event: 0.387 Thread 0x00007f3ec42b1000 nmethod 243 0x00007f3eb16fc790 code [0x00007f3eb16fc9c0, 0x00007f3eb16fd788]
Event: 0.403 Thread 0x00007f3ec42b6000 nmethod 249 0x00007f3eb16fde10 code [0x00007f3eb16fe140, 0x00007f3eb1700980]
Event: 0.410 Thread 0x00007f3ec42ad000 nmethod 248 0x00007f3eb1701d10 code [0x00007f3eb1702020, 0x00007f3eb17044f0]
Event: 0.444 Thread 0x00007f3ec42ba000 nmethod 247 0x00007f3eb1705810 code [0x00007f3eb1705cc0, 0x00007f3eb170a708]
Event: 0.452 Thread 0x00007f3ec42b8000  250       4       java.io.FileDescriptor$1::getAppend (5 bytes)
Event: 0.452 Thread 0x00007f3ec42b8000 nmethod 250 0x00007f3eb170cc90 code [0x00007f3eb170ce20, 0x00007f3eb170ce98]
Event: 0.553 Thread 0x00007f3ec42bb800  251 %     3       org.eclipse.core.runtime.adaptor.EclipseStarter::main @ 5367 (7040 bytes)

GC Heap History (0 events):
No events

Deoptimization events (0 events):
No events

Classes redefined (0 events):
No events

Internal exceptions (0 events):
No events

Events (10 events):
Event: 0.339 Thread 0x00007f3ec4011800 DEOPT PACKING pc=0x00007f3eaa2b8b28 sp=0x00007f3ecbca8dc0
Event: 0.339 Thread 0x00007f3ec4011800 DEOPT UNPACKING pc=0x00007f3ea9b90aab sp=0x00007f3ecbca8258 mode 0
Event: 0.339 Thread 0x00007f3ec4011800 DEOPT PACKING pc=0x00007f3eaa2b8b28 sp=0x00007f3ecbca8dc0
Event: 0.339 Thread 0x00007f3ec4011800 DEOPT UNPACKING pc=0x00007f3ea9b90aab sp=0x00007f3ecbca8258 mode 0
Event: 0.339 Thread 0x00007f3ec4011800 DEOPT PACKING pc=0x00007f3eaa2b8b28 sp=0x00007f3ecbca8dc0
Event: 0.339 Thread 0x00007f3ec4011800 DEOPT UNPACKING pc=0x00007f3ea9b90aab sp=0x00007f3ecbca8258 mode 0
Event: 0.339 Thread 0x00007f3ec4011800 DEOPT PACKING pc=0x00007f3eaa2b8b28 sp=0x00007f3ecbca8dc0
Event: 0.339 Thread 0x00007f3ec4011800 DEOPT UNPACKING pc=0x00007f3ea9b90aab sp=0x00007f3ecbca8258 mode 0
Event: 0.339 Thread 0x00007f3ec4011800 DEOPT PACKING pc=0x00007f3eaa2b8b28 sp=0x00007f3ecbca8dc0
Event: 0.339 Thread 0x00007f3ec4011800 DEOPT UNPACKING pc=0x00007f3ea9b90aab sp=0x00007f3ecbca8258 mode 0


Dynamic libraries:
00400000-00401000 r-xp 00000000 00:65 77077150                           /root/oracle/jdk-9.0.4/bin/java
00600000-00601000 rw-p 00000000 00:65 77077150                           /root/oracle/jdk-9.0.4/bin/java
02052000-02073000 rw-p 00000000 00:00 0                                  [heap]
3d7c00000-416800000 rw-p 00000000 00:00 0 
416800000-7c0000000 ---p 00000000 00:00 0 
7c0000000-7c0080000 rw-p 00000000 00:00 0 
7c0080000-800000000 ---p 00000000 00:00 0 
7f3d6c000000-7f3d6c021000 rw-p 00000000 00:00 0 
7f3d6c021000-7f3d70000000 ---p 00000000 00:00 0 
7f3d70000000-7f3d70021000 rw-p 00000000 00:00 0 
7f3d70021000-7f3d74000000 ---p 00000000 00:00 0 
7f3d74000000-7f3d74021000 rw-p 00000000 00:00 0 
7f3d74021000-7f3d78000000 ---p 00000000 00:00 0 
7f3d7b6a7000-7f3d7b9d5000 rw-p 00000000 00:00 0 
7f3d7b9d5000-7f3d7b9d6000 ---p 00000000 00:00 0 
7f3d7b9d6000-7f3d7bad7000 rw-p 00000000 00:00 0 
7f3d7bad7000-7f3d7badb000 ---p 00000000 00:00 0 
7f3d7badb000-7f3d7bbd8000 rw-p 00000000 00:00 0 
7f3d7bbd8000-7f3d7bbee000 r-xp 00000000 00:65 77077477                   /root/oracle/jdk-9.0.4/lib/libnet.so
7f3d7bbee000-7f3d7bdee000 ---p 00016000 00:65 77077477                   /root/oracle/jdk-9.0.4/lib/libnet.so
7f3d7bdee000-7f3d7bdef000 rw-p 00016000 00:65 77077477                   /root/oracle/jdk-9.0.4/lib/libnet.so
7f3d7bdef000-7f3d7bdff000 r-xp 00000000 00:65 77077594                   /root/oracle/jdk-9.0.4/lib/libnio.so
7f3d7bdff000-7f3d7bfff000 ---p 00010000 00:65 77077594                   /root/oracle/jdk-9.0.4/lib/libnio.so
7f3d7bfff000-7f3d7c000000 rw-p 00010000 00:65 77077594                   /root/oracle/jdk-9.0.4/lib/libnio.so
7f3d7c000000-7f3d7c03c000 rw-p 00000000 00:00 0 
7f3d7c03c000-7f3d80000000 ---p 00000000 00:00 0 
7f3d80000000-7f3d80021000 rw-p 00000000 00:00 0 
7f3d80021000-7f3d84000000 ---p 00000000 00:00 0 
7f3d84000000-7f3d84023000 rw-p 00000000 00:00 0 
7f3d84023000-7f3d88000000 ---p 00000000 00:00 0 
7f3d88000000-7f3d88095000 rw-p 00000000 00:00 0 
7f3d88095000-7f3d8c000000 ---p 00000000 00:00 0 
7f3d8c000000-7f3d8c521000 rw-p 00000000 00:00 0 
7f3d8c521000-7f3d90000000 ---p 00000000 00:00 0 
7f3d90000000-7f3d90048000 rw-p 00000000 00:00 0 
7f3d90048000-7f3d94000000 ---p 00000000 00:00 0 
7f3d94000000-7f3d94373000 rw-p 00000000 00:00 0 
7f3d94373000-7f3d98000000 ---p 00000000 00:00 0 
7f3d98000000-7f3d9804b000 rw-p 00000000 00:00 0 
7f3d9804b000-7f3d9c000000 ---p 00000000 00:00 0 
7f3d9c000000-7f3d9c233000 rw-p 00000000 00:00 0 
7f3d9c233000-7f3da0000000 ---p 00000000 00:00 0 
7f3da0000000-7f3da019d000 rw-p 00000000 00:00 0 
7f3da019d000-7f3da4000000 ---p 00000000 00:00 0 
7f3da4000000-7f3da422b000 rw-p 00000000 00:00 0 
7f3da422b000-7f3da8000000 ---p 00000000 00:00 0 
7f3da8000000-7f3da80d3000 rw-p 00000000 00:00 0 
7f3da80d3000-7f3dac000000 ---p 00000000 00:00 0 
7f3dac000000-7f3dac021000 rw-p 00000000 00:00 0 
7f3dac021000-7f3db0000000 ---p 00000000 00:00 0 
7f3db0000000-7f3db0439000 rw-p 00000000 00:00 0 
7f3db0439000-7f3db4000000 ---p 00000000 00:00 0 
7f3db4000000-7f3db4021000 rw-p 00000000 00:00 0 
7f3db4021000-7f3db8000000 ---p 00000000 00:00 0 
7f3db8000000-7f3db8021000 rw-p 00000000 00:00 0 
7f3db8021000-7f3dbc000000 ---p 00000000 00:00 0 
7f3dbc000000-7f3dbc021000 rw-p 00000000 00:00 0 
7f3dbc021000-7f3dc0000000 ---p 00000000 00:00 0 
7f3dc0000000-7f3dc0021000 rw-p 00000000 00:00 0 
7f3dc0021000-7f3dc4000000 ---p 00000000 00:00 0 
7f3dc4072000-7f3dc4076000 ---p 00000000 00:00 0 
7f3dc4076000-7f3dc4173000 rw-p 00000000 00:00 0 
7f3dc4173000-7f3dc4177000 ---p 00000000 00:00 0 
7f3dc4177000-7f3dc4274000 rw-p 00000000 00:00 0 
7f3dc4274000-7f3dc4278000 ---p 00000000 00:00 0 
7f3dc4278000-7f3dc4375000 rw-p 00000000 00:00 0 
7f3dc4375000-7f3dc4379000 ---p 00000000 00:00 0 
7f3dc4379000-7f3dc4476000 rw-p 00000000 00:00 0 
7f3dc4476000-7f3dc447a000 ---p 00000000 00:00 0 
7f3dc447a000-7f3dc4577000 rw-p 00000000 00:00 0 
7f3dc4577000-7f3dc457b000 ---p 00000000 00:00 0 
7f3dc457b000-7f3dc4678000 rw-p 00000000 00:00 0 
7f3dc4678000-7f3dc467c000 ---p 00000000 00:00 0 
7f3dc467c000-7f3dc4779000 rw-p 00000000 00:00 0 
7f3dc4779000-7f3dc477d000 ---p 00000000 00:00 0 
7f3dc477d000-7f3dc487a000 rw-p 00000000 00:00 0 
7f3dc487a000-7f3dc487e000 ---p 00000000 00:00 0 
7f3dc487e000-7f3dc497b000 rw-p 00000000 00:00 0 
7f3dc497b000-7f3dc497f000 ---p 00000000 00:00 0 
7f3dc497f000-7f3dc4a7c000 rw-p 00000000 00:00 0 
7f3dc4a7c000-7f3dc4a80000 ---p 00000000 00:00 0 
7f3dc4a80000-7f3dc4b7d000 rw-p 00000000 00:00 0 
7f3dc4b7d000-7f3dc4b81000 ---p 00000000 00:00 0 
7f3dc4b81000-7f3dc4c7e000 rw-p 00000000 00:00 0 
7f3dc4c7e000-7f3dc4c82000 ---p 00000000 00:00 0 
7f3dc4c82000-7f3dc4d7f000 rw-p 00000000 00:00 0 
7f3dc4d7f000-7f3dc4d83000 ---p 00000000 00:00 0 
7f3dc4d83000-7f3dc4e80000 rw-p 00000000 00:00 0 
7f3dc4e80000-7f3dc4e84000 ---p 00000000 00:00 0 
7f3dc4e84000-7f3dc4f81000 rw-p 00000000 00:00 0 
7f3dc4f81000-7f3dc4f85000 ---p 00000000 00:00 0 
7f3dc4f85000-7f3dc5082000 rw-p 00000000 00:00 0 
7f3dc5082000-7f3dc5086000 ---p 00000000 00:00 0 
7f3dc5086000-7f3dc5183000 rw-p 00000000 00:00 0 
7f3dc5183000-7f3dc5184000 ---p 00000000 00:00 0 
7f3dc5184000-7f3dc573b000 rw-p 00000000 00:00 0 
7f3dc573b000-7f3dc5afb000 ---p 00000000 00:00 0 
7f3dc5afb000-7f3dc6000000 rw-p 00000000 00:00 0 
7f3dc6000000-7f3dc8000000 rwxp 00000000 00:00 0 
7f3dc8000000-7f3dc8021000 rw-p 00000000 00:00 0 
7f3dc8021000-7f3dcc000000 ---p 00000000 00:00 0 
7f3dcc000000-7f3dcc021000 rw-p 00000000 00:00 0 
7f3dcc021000-7f3dd0000000 ---p 00000000 00:00 0 
7f3dd0000000-7f3dd0021000 rw-p 00000000 00:00 0 
7f3dd0021000-7f3dd4000000 ---p 00000000 00:00 0 
7f3dd4000000-7f3dd4021000 rw-p 00000000 00:00 0 
7f3dd4021000-7f3dd8000000 ---p 00000000 00:00 0 
7f3dd8000000-7f3dd8021000 rw-p 00000000 00:00 0 
7f3dd8021000-7f3ddc000000 ---p 00000000 00:00 0 
7f3ddc03e000-7f3ddde88000 rw-p 00000000 00:00 0 
7f3ddde88000-7f3dec8e8000 ---p 00000000 00:00 0 
7f3dec8e8000-7f3ded898000 rw-p 00000000 00:00 0 
7f3ded898000-7f3dfc2f8000 ---p 00000000 00:00 0 
7f3dfc2f8000-7f3dfc4ee000 rw-p 00000000 00:00 0 
7f3dfc4ee000-7f3dfe23a000 ---p 00000000 00:00 0 
7f3dfe23a000-7f3dfe430000 rw-p 00000000 00:00 0 
7f3dfe430000-7f3e020be000 ---p 00000000 00:00 0 
7f3e020be000-7f3e022b4000 rw-p 00000000 00:00 0 
7f3e022b4000-7f3e04000000 ---p 00000000 00:00 0 
7f3e04000000-7f3e04021000 rw-p 00000000 00:00 0 
7f3e04021000-7f3e08000000 ---p 00000000 00:00 0 
7f3e08000000-7f3e08021000 rw-p 00000000 00:00 0 
7f3e08021000-7f3e0c000000 ---p 00000000 00:00 0 
7f3e0c000000-7f3e0c021000 rw-p 00000000 00:00 0 
7f3e0c021000-7f3e10000000 ---p 00000000 00:00 0 
7f3e10000000-7f3e10021000 rw-p 00000000 00:00 0 
7f3e10021000-7f3e14000000 ---p 00000000 00:00 0 
7f3e14000000-7f3e14021000 rw-p 00000000 00:00 0 
7f3e14021000-7f3e18000000 ---p 00000000 00:00 0 
7f3e18000000-7f3e18021000 rw-p 00000000 00:00 0 
7f3e18021000-7f3e1c000000 ---p 00000000 00:00 0 
7f3e1c000000-7f3e1c021000 rw-p 00000000 00:00 0 
7f3e1c021000-7f3e20000000 ---p 00000000 00:00 0 
7f3e20000000-7f3e20021000 rw-p 00000000 00:00 0 
7f3e20021000-7f3e24000000 ---p 00000000 00:00 0 
7f3e24000000-7f3e24021000 rw-p 00000000 00:00 0 
7f3e24021000-7f3e28000000 ---p 00000000 00:00 0 
7f3e28000000-7f3e28021000 rw-p 00000000 00:00 0 
7f3e28021000-7f3e2c000000 ---p 00000000 00:00 0 
7f3e2c000000-7f3e2c021000 rw-p 00000000 00:00 0 
7f3e2c021000-7f3e30000000 ---p 00000000 00:00 0 
7f3e30000000-7f3e30021000 rw-p 00000000 00:00 0 
7f3e30021000-7f3e34000000 ---p 00000000 00:00 0 
7f3e34000000-7f3e34021000 rw-p 00000000 00:00 0 
7f3e34021000-7f3e38000000 ---p 00000000 00:00 0 
7f3e38000000-7f3e38021000 rw-p 00000000 00:00 0 
7f3e38021000-7f3e3c000000 ---p 00000000 00:00 0 
7f3e3c000000-7f3e3c021000 rw-p 00000000 00:00 0 
7f3e3c021000-7f3e40000000 ---p 00000000 00:00 0 
7f3e40000000-7f3e40021000 rw-p 00000000 00:00 0 
7f3e40021000-7f3e44000000 ---p 00000000 00:00 0 
7f3e44000000-7f3e44021000 rw-p 00000000 00:00 0 
7f3e44021000-7f3e48000000 ---p 00000000 00:00 0 
7f3e48000000-7f3e48021000 rw-p 00000000 00:00 0 
7f3e48021000-7f3e4c000000 ---p 00000000 00:00 0 
7f3e4c000000-7f3e4c021000 rw-p 00000000 00:00 0 
7f3e4c021000-7f3e50000000 ---p 00000000 00:00 0 
7f3e50000000-7f3e50021000 rw-p 00000000 00:00 0 
7f3e50021000-7f3e54000000 ---p 00000000 00:00 0 
7f3e54000000-7f3e54021000 rw-p 00000000 00:00 0 
7f3e54021000-7f3e58000000 ---p 00000000 00:00 0 
7f3e58000000-7f3e58021000 rw-p 00000000 00:00 0 
7f3e58021000-7f3e5c000000 ---p 00000000 00:00 0 
7f3e5c000000-7f3e5c021000 rw-p 00000000 00:00 0 
7f3e5c021000-7f3e60000000 ---p 00000000 00:00 0 
7f3e60000000-7f3e60021000 rw-p 00000000 00:00 0 
7f3e60021000-7f3e64000000 ---p 00000000 00:00 0 
7f3e64000000-7f3e64021000 rw-p 00000000 00:00 0 
7f3e64021000-7f3e68000000 ---p 00000000 00:00 0 
7f3e68000000-7f3e68021000 rw-p 00000000 00:00 0 
7f3e68021000-7f3e6c000000 ---p 00000000 00:00 0 
7f3e6c000000-7f3e6c021000 rw-p 00000000 00:00 0 
7f3e6c021000-7f3e70000000 ---p 00000000 00:00 0 
7f3e70000000-7f3e70021000 rw-p 00000000 00:00 0 
7f3e70021000-7f3e74000000 ---p 00000000 00:00 0 
7f3e74000000-7f3e74021000 rw-p 00000000 00:00 0 
7f3e74021000-7f3e78000000 ---p 00000000 00:00 0 
7f3e78000000-7f3e78021000 rw-p 00000000 00:00 0 
7f3e78021000-7f3e7c000000 ---p 00000000 00:00 0 
7f3e7c000000-7f3e7c021000 rw-p 00000000 00:00 0 
7f3e7c021000-7f3e80000000 ---p 00000000 00:00 0 
7f3e80000000-7f3e80021000 rw-p 00000000 00:00 0 
7f3e80021000-7f3e84000000 ---p 00000000 00:00 0 
7f3e84000000-7f3e84021000 rw-p 00000000 00:00 0 
7f3e84021000-7f3e88000000 ---p 00000000 00:00 0 
7f3e88000000-7f3e88021000 rw-p 00000000 00:00 0 
7f3e88021000-7f3e8c000000 ---p 00000000 00:00 0 
7f3e8c000000-7f3e8c021000 rw-p 00000000 00:00 0 
7f3e8c021000-7f3e90000000 ---p 00000000 00:00 0 
7f3e90000000-7f3e90021000 rw-p 00000000 00:00 0 
7f3e90021000-7f3e94000000 ---p 00000000 00:00 0 
7f3e94000000-7f3e94021000 rw-p 00000000 00:00 0 
7f3e94021000-7f3e98000000 ---p 00000000 00:00 0 
7f3e98000000-7f3e98021000 rw-p 00000000 00:00 0 
7f3e98021000-7f3e9c000000 ---p 00000000 00:00 0 
7f3e9c000000-7f3e9c021000 rw-p 00000000 00:00 0 
7f3e9c021000-7f3ea0000000 ---p 00000000 00:00 0 
7f3ea0000000-7f3ea0021000 rw-p 00000000 00:00 0 
7f3ea0021000-7f3ea4000000 ---p 00000000 00:00 0 
7f3ea4000000-7f3ea4021000 rw-p 00000000 00:00 0 
7f3ea4021000-7f3ea8000000 ---p 00000000 00:00 0 
7f3ea802d000-7f3ea812e000 rw-p 00000000 00:00 0 
7f3ea812e000-7f3ea812f000 ---p 00000000 00:00 0 
7f3ea812f000-7f3ea8230000 rw-p 00000000 00:00 0 
7f3ea8230000-7f3ea8231000 ---p 00000000 00:00 0 
7f3ea8231000-7f3ea8332000 rw-p 00000000 00:00 0 
7f3ea8332000-7f3ea8333000 ---p 00000000 00:00 0 
7f3ea8333000-7f3ea8434000 rw-p 00000000 00:00 0 
7f3ea8434000-7f3ea8435000 ---p 00000000 00:00 0 
7f3ea8435000-7f3ea8536000 rw-p 00000000 00:00 0 
7f3ea8536000-7f3ea8537000 ---p 00000000 00:00 0 
7f3ea8537000-7f3ea8638000 rw-p 00000000 00:00 0 
7f3ea8638000-7f3ea8639000 ---p 00000000 00:00 0 
7f3ea8639000-7f3ea8c25000 rw-p 00000000 00:00 0 
7f3ea8c25000-7f3ea8c26000 ---p 00000000 00:00 0 
7f3ea8c26000-7f3ea8d27000 rw-p 00000000 00:00 0 
7f3ea8d27000-7f3ea8d28000 ---p 00000000 00:00 0 
7f3ea8d28000-7f3ea8e29000 rw-p 00000000 00:00 0 
7f3ea8e29000-7f3ea8e2a000 ---p 00000000 00:00 0 
7f3ea8e2a000-7f3ea8f2b000 rw-p 00000000 00:00 0 
7f3ea8f2b000-7f3ea8f2c000 ---p 00000000 00:00 0 
7f3ea8f2c000-7f3ea902d000 rw-p 00000000 00:00 0 
7f3ea902d000-7f3ea902e000 ---p 00000000 00:00 0 
7f3ea902e000-7f3ea912f000 rw-p 00000000 00:00 0 
7f3ea912f000-7f3ea9130000 ---p 00000000 00:00 0 
7f3ea9130000-7f3ea9231000 rw-p 00000000 00:00 0 
7f3ea9231000-7f3ea9232000 ---p 00000000 00:00 0 
7f3ea9232000-7f3ea9333000 rw-p 00000000 00:00 0 
7f3ea9333000-7f3ea9334000 ---p 00000000 00:00 0 
7f3ea9334000-7f3ea9435000 rw-p 00000000 00:00 0 
7f3ea9435000-7f3ea9436000 ---p 00000000 00:00 0 
7f3ea9436000-7f3ea9537000 rw-p 00000000 00:00 0 
7f3ea9537000-7f3ea9538000 ---p 00000000 00:00 0 
7f3ea9538000-7f3ea9639000 rw-p 00000000 00:00 0 
7f3ea9639000-7f3ea963a000 ---p 00000000 00:00 0 
7f3ea963a000-7f3ea973b000 rw-p 00000000 00:00 0 
7f3ea973b000-7f3ea973c000 ---p 00000000 00:00 0 
7f3ea973c000-7f3ea983d000 rw-p 00000000 00:00 0 
7f3ea983d000-7f3ea983e000 ---p 00000000 00:00 0 
7f3ea983e000-7f3ea993f000 rw-p 00000000 00:00 0 
7f3ea993f000-7f3ea9940000 ---p 00000000 00:00 0 
7f3ea9940000-7f3ea9a41000 rw-p 00000000 00:00 0 
7f3ea9a41000-7f3ea9a42000 ---p 00000000 00:00 0 
7f3ea9a42000-7f3ea9b43000 rw-p 00000000 00:00 0 
7f3ea9b43000-7f3ea9e13000 rwxp 00000000 00:00 0 
7f3ea9e13000-7f3eaa281000 ---p 00000000 00:00 0 
7f3eaa281000-7f3eaa4f1000 rwxp 00000000 00:00 0 
7f3eaa4f1000-7f3eb16e2000 ---p 00000000 00:00 0 
7f3eb16e2000-7f3eb1952000 rwxp 00000000 00:00 0 
7f3eb1952000-7f3eb8b43000 ---p 00000000 00:00 0 
7f3eb8b43000-7f3ec4000000 r--s 00000000 00:65 77077560                   /root/oracle/jdk-9.0.4/lib/modules
7f3ec4000000-7f3ec4419000 rw-p 00000000 00:00 0 
7f3ec4419000-7f3ec8000000 ---p 00000000 00:00 0 
7f3ec8018000-7f3ec80be000 rw-p 00000000 00:00 0 
7f3ec80be000-7f3ec80bf000 ---p 00000000 00:00 0 
7f3ec80bf000-7f3ec81c0000 rw-p 00000000 00:00 0 
7f3ec81c0000-7f3ec81c1000 ---p 00000000 00:00 0 
7f3ec81c1000-7f3ec82c2000 rw-p 00000000 00:00 0 
7f3ec82c2000-7f3ec82c3000 ---p 00000000 00:00 0 
7f3ec82c3000-7f3ec83c4000 rw-p 00000000 00:00 0 
7f3ec83c4000-7f3ec83c5000 ---p 00000000 00:00 0 
7f3ec83c5000-7f3ec84c6000 rw-p 00000000 00:00 0 
7f3ec84c6000-7f3ec84c7000 ---p 00000000 00:00 0 
7f3ec84c7000-7f3ec85c8000 rw-p 00000000 00:00 0 
7f3ec85c8000-7f3ec85c9000 ---p 00000000 00:00 0 
7f3ec85c9000-7f3ec9ade000 rw-p 00000000 00:00 0 
7f3ec9ade000-7f3ec9adf000 ---p 00000000 00:00 0 
7f3ec9adf000-7f3ec9be0000 rw-p 00000000 00:00 0 
7f3ec9be0000-7f3ec9be1000 ---p 00000000 00:00 0 
7f3ec9be1000-7f3ec9ce2000 rw-p 00000000 00:00 0 
7f3ec9ce2000-7f3ec9ce3000 ---p 00000000 00:00 0 
7f3ec9ce3000-7f3ec9de4000 rw-p 00000000 00:00 0 
7f3ec9de4000-7f3ec9de5000 ---p 00000000 00:00 0 
7f3ec9de5000-7f3ec9ee6000 rw-p 00000000 00:00 0 
7f3ec9ee6000-7f3ec9ee7000 ---p 00000000 00:00 0 
7f3ec9ee7000-7f3ec9fe8000 rw-p 00000000 00:00 0 
7f3ec9fe8000-7f3ec9fe9000 ---p 00000000 00:00 0 
7f3ec9fe9000-7f3eca0ea000 rw-p 00000000 00:00 0 
7f3eca0ea000-7f3eca0eb000 ---p 00000000 00:00 0 
7f3eca0eb000-7f3eca1ec000 rw-p 00000000 00:00 0 
7f3eca1ec000-7f3eca1ed000 ---p 00000000 00:00 0 
7f3eca1ed000-7f3eca2ee000 rw-p 00000000 00:00 0 
7f3eca2ee000-7f3eca2ef000 ---p 00000000 00:00 0 
7f3eca2ef000-7f3eca3f0000 rw-p 00000000 00:00 0 
7f3eca3f0000-7f3eca3f1000 ---p 00000000 00:00 0 
7f3eca3f1000-7f3eca4f2000 rw-p 00000000 00:00 0 
7f3eca4f2000-7f3eca4f3000 ---p 00000000 00:00 0 
7f3eca4f3000-7f3eca5f4000 rw-p 00000000 00:00 0 
7f3eca5f4000-7f3eca5f5000 ---p 00000000 00:00 0 
7f3eca5f5000-7f3eca6f6000 rw-p 00000000 00:00 0 
7f3eca6f6000-7f3eca6f7000 ---p 00000000 00:00 0 
7f3eca6f7000-7f3eca7f8000 rw-p 00000000 00:00 0 
7f3eca7f8000-7f3eca7f9000 ---p 00000000 00:00 0 
7f3eca7f9000-7f3eca8fa000 rw-p 00000000 00:00 0 
7f3eca8fa000-7f3eca8fb000 ---p 00000000 00:00 0 
7f3eca8fb000-7f3eca9fc000 rw-p 00000000 00:00 0 
7f3eca9fc000-7f3eca9fd000 ---p 00000000 00:00 0 
7f3eca9fd000-7f3ecaafe000 rw-p 00000000 00:00 0 
7f3ecaafe000-7f3ecaaff000 ---p 00000000 00:00 0 
7f3ecaaff000-7f3ecac00000 rw-p 00000000 00:00 0 
7f3ecac00000-7f3ecac01000 ---p 00000000 00:00 0 
7f3ecac01000-7f3ecad02000 rw-p 00000000 00:00 0 
7f3ecad02000-7f3ecad03000 ---p 00000000 00:00 0 
7f3ecad03000-7f3ecae04000 rw-p 00000000 00:00 0 
7f3ecae04000-7f3ecae05000 ---p 00000000 00:00 0 
7f3ecae05000-7f3ecaf0b000 rw-p 00000000 00:00 0 
7f3ecaf0b000-7f3ecafef000 ---p 00000000 00:00 0 
7f3ecafef000-7f3ecaff4000 rw-p 00000000 00:00 0 
7f3ecaff4000-7f3ecb0d8000 ---p 00000000 00:00 0 
7f3ecb0d8000-7f3ecb0de000 rw-p 00000000 00:00 0 
7f3ecb0de000-7f3ecb0e7000 ---p 00000000 00:00 0 
7f3ecb0e7000-7f3ecb137000 rw-p 00000000 00:00 0 
7f3ecb137000-7f3ecb314000 r--s 03e31000 00:65 101727669                  /usr/local/java/jdk1.8.0_301/jre/lib/rt.jar
7f3ecb314000-7f3ecb32e000 r-xp 00000000 00:65 77077435                   /root/oracle/jdk-9.0.4/lib/libjimage.so
7f3ecb32e000-7f3ecb52d000 ---p 0001a000 00:65 77077435                   /root/oracle/jdk-9.0.4/lib/libjimage.so
7f3ecb52d000-7f3ecb52f000 rw-p 00019000 00:65 77077435                   /root/oracle/jdk-9.0.4/lib/libjimage.so
7f3ecb52f000-7f3ecb541000 rw-p 00000000 00:00 0 
7f3ecb541000-7f3ecb548000 r-xp 00000000 00:65 77083131                   /root/oracle/jdk-9.0.4/lib/libzip.so
7f3ecb548000-7f3ecb747000 ---p 00007000 00:65 77083131                   /root/oracle/jdk-9.0.4/lib/libzip.so
7f3ecb747000-7f3ecb748000 rw-p 00006000 00:65 77083131                   /root/oracle/jdk-9.0.4/lib/libzip.so
7f3ecb748000-7f3ecb74b000 r--p 00000000 00:65 165034530                  /usr/lib/x86_64-linux-gnu/libnss_files-2.31.so
7f3ecb74b000-7f3ecb752000 r-xp 00003000 00:65 165034530                  /usr/lib/x86_64-linux-gnu/libnss_files-2.31.so
7f3ecb752000-7f3ecb754000 r--p 0000a000 00:65 165034530                  /usr/lib/x86_64-linux-gnu/libnss_files-2.31.so
7f3ecb754000-7f3ecb755000 r--p 0000b000 00:65 165034530                  /usr/lib/x86_64-linux-gnu/libnss_files-2.31.so
7f3ecb755000-7f3ecb756000 rw-p 0000c000 00:65 165034530                  /usr/lib/x86_64-linux-gnu/libnss_files-2.31.so
7f3ecb756000-7f3ecb75c000 rw-p 00000000 00:00 0 
7f3ecb764000-7f3ecb765000 rw-p 00000000 00:00 0 
7f3ecb765000-7f3ecb790000 r-xp 00000000 00:65 77077470                   /root/oracle/jdk-9.0.4/lib/libjava.so
7f3ecb790000-7f3ecb98f000 ---p 0002b000 00:65 77077470                   /root/oracle/jdk-9.0.4/lib/libjava.so
7f3ecb98f000-7f3ecb991000 rw-p 0002a000 00:65 77077470                   /root/oracle/jdk-9.0.4/lib/libjava.so
7f3ecb991000-7f3ecb99e000 r-xp 00000000 00:65 77077494                   /root/oracle/jdk-9.0.4/lib/libverify.so
7f3ecb99e000-7f3ecbb9d000 ---p 0000d000 00:65 77077494                   /root/oracle/jdk-9.0.4/lib/libverify.so
7f3ecbb9d000-7f3ecbb9f000 rw-p 0000c000 00:65 77077494                   /root/oracle/jdk-9.0.4/lib/libverify.so
7f3ecbb9f000-7f3ecbba2000 r--p 00000000 00:65 165034636                  /usr/lib/x86_64-linux-gnu/librt-2.31.so
7f3ecbba2000-7f3ecbba6000 r-xp 00003000 00:65 165034636                  /usr/lib/x86_64-linux-gnu/librt-2.31.so
7f3ecbba6000-7f3ecbba7000 r--p 00007000 00:65 165034636                  /usr/lib/x86_64-linux-gnu/librt-2.31.so
7f3ecbba7000-7f3ecbba8000 ---p 00008000 00:65 165034636                  /usr/lib/x86_64-linux-gnu/librt-2.31.so
7f3ecbba8000-7f3ecbba9000 r--p 00008000 00:65 165034636                  /usr/lib/x86_64-linux-gnu/librt-2.31.so
7f3ecbba9000-7f3ecbbaa000 rw-p 00009000 00:65 165034636                  /usr/lib/x86_64-linux-gnu/librt-2.31.so
7f3ecbbaa000-7f3ecbbab000 ---p 00000000 00:00 0 
7f3ecbbab000-7f3ecbbac000 rw-p 00000000 00:00 0 
7f3ecbbac000-7f3ecbbb0000 ---p 00000000 00:00 0 
7f3ecbbb0000-7f3ecbcab000 rw-p 00000000 00:00 0 
7f3ecbcab000-7f3ecbcba000 r--p 00000000 00:65 165034468                  /usr/lib/x86_64-linux-gnu/libm-2.31.so
7f3ecbcba000-7f3ecbd61000 r-xp 0000f000 00:65 165034468                  /usr/lib/x86_64-linux-gnu/libm-2.31.so
7f3ecbd61000-7f3ecbdf8000 r--p 000b6000 00:65 165034468                  /usr/lib/x86_64-linux-gnu/libm-2.31.so
7f3ecbdf8000-7f3ecbdf9000 r--p 0014c000 00:65 165034468                  /usr/lib/x86_64-linux-gnu/libm-2.31.so
7f3ecbdf9000-7f3ecbdfa000 rw-p 0014d000 00:65 165034468                  /usr/lib/x86_64-linux-gnu/libm-2.31.so
7f3ecbdfa000-7f3ecce0f000 r-xp 00000000 00:65 77083135                   /root/oracle/jdk-9.0.4/lib/server/libjvm.so
7f3ecce0f000-7f3ecd00e000 ---p 01015000 00:65 77083135                   /root/oracle/jdk-9.0.4/lib/server/libjvm.so
7f3ecd00e000-7f3ecd0df000 r--p 01014000 00:65 77083135                   /root/oracle/jdk-9.0.4/lib/server/libjvm.so
7f3ecd0df000-7f3ecd116000 rw-p 010e5000 00:65 77083135                   /root/oracle/jdk-9.0.4/lib/server/libjvm.so
7f3ecd116000-7f3ecd181000 rw-p 00000000 00:00 0 
7f3ecd181000-7f3ecd1a6000 r--p 00000000 00:65 165034165                  /usr/lib/x86_64-linux-gnu/libc-2.31.so
7f3ecd1a6000-7f3ecd31e000 r-xp 00025000 00:65 165034165                  /usr/lib/x86_64-linux-gnu/libc-2.31.so
7f3ecd31e000-7f3ecd368000 r--p 0019d000 00:65 165034165                  /usr/lib/x86_64-linux-gnu/libc-2.31.so
7f3ecd368000-7f3ecd369000 ---p 001e7000 00:65 165034165                  /usr/lib/x86_64-linux-gnu/libc-2.31.so
7f3ecd369000-7f3ecd36c000 r--p 001e7000 00:65 165034165                  /usr/lib/x86_64-linux-gnu/libc-2.31.so
7f3ecd36c000-7f3ecd36f000 rw-p 001ea000 00:65 165034165                  /usr/lib/x86_64-linux-gnu/libc-2.31.so
7f3ecd36f000-7f3ecd373000 rw-p 00000000 00:00 0 
7f3ecd373000-7f3ecd374000 r--p 00000000 00:65 165034236                  /usr/lib/x86_64-linux-gnu/libdl-2.31.so
7f3ecd374000-7f3ecd376000 r-xp 00001000 00:65 165034236                  /usr/lib/x86_64-linux-gnu/libdl-2.31.so
7f3ecd376000-7f3ecd377000 r--p 00003000 00:65 165034236                  /usr/lib/x86_64-linux-gnu/libdl-2.31.so
7f3ecd377000-7f3ecd378000 r--p 00003000 00:65 165034236                  /usr/lib/x86_64-linux-gnu/libdl-2.31.so
7f3ecd378000-7f3ecd379000 rw-p 00004000 00:65 165034236                  /usr/lib/x86_64-linux-gnu/libdl-2.31.so
7f3ecd379000-7f3ecd387000 r-xp 00000000 00:65 77083142                   /root/oracle/jdk-9.0.4/lib/jli/libjli.so
7f3ecd387000-7f3ecd587000 ---p 0000e000 00:65 77083142                   /root/oracle/jdk-9.0.4/lib/jli/libjli.so
7f3ecd587000-7f3ecd588000 rw-p 0000e000 00:65 77083142                   /root/oracle/jdk-9.0.4/lib/jli/libjli.so
7f3ecd588000-7f3ecd58f000 r--p 00000000 00:65 165034610                  /usr/lib/x86_64-linux-gnu/libpthread-2.31.so
7f3ecd58f000-7f3ecd5a0000 r-xp 00007000 00:65 165034610                  /usr/lib/x86_64-linux-gnu/libpthread-2.31.so
7f3ecd5a0000-7f3ecd5a5000 r--p 00018000 00:65 165034610                  /usr/lib/x86_64-linux-gnu/libpthread-2.31.so
7f3ecd5a5000-7f3ecd5a6000 r--p 0001c000 00:65 165034610                  /usr/lib/x86_64-linux-gnu/libpthread-2.31.so
7f3ecd5a6000-7f3ecd5a7000 rw-p 0001d000 00:65 165034610                  /usr/lib/x86_64-linux-gnu/libpthread-2.31.so
7f3ecd5a7000-7f3ecd5ab000 rw-p 00000000 00:00 0 
7f3ecd5ab000-7f3ecd5ad000 r--p 00000000 00:65 165034796                  /usr/lib/x86_64-linux-gnu/libz.so.1.2.11
7f3ecd5ad000-7f3ecd5be000 r-xp 00002000 00:65 165034796                  /usr/lib/x86_64-linux-gnu/libz.so.1.2.11
7f3ecd5be000-7f3ecd5c4000 r--p 00013000 00:65 165034796                  /usr/lib/x86_64-linux-gnu/libz.so.1.2.11
7f3ecd5c4000-7f3ecd5c5000 ---p 00019000 00:65 165034796                  /usr/lib/x86_64-linux-gnu/libz.so.1.2.11
7f3ecd5c5000-7f3ecd5c6000 r--p 00019000 00:65 165034796                  /usr/lib/x86_64-linux-gnu/libz.so.1.2.11
7f3ecd5c6000-7f3ecd5c7000 rw-p 0001a000 00:65 165034796                  /usr/lib/x86_64-linux-gnu/libz.so.1.2.11
7f3ecd5c7000-7f3ecd5cf000 rw-s 00000000 00:65 71965686                   /tmp/hsperfdata_root/26256
7f3ecd5cf000-7f3ecd5d2000 rw-p 00000000 00:00 0 
7f3ecd5d2000-7f3ecd5d3000 r--p 00000000 00:65 165033992                  /usr/lib/x86_64-linux-gnu/ld-2.31.so
7f3ecd5d3000-7f3ecd5f6000 r-xp 00001000 00:65 165033992                  /usr/lib/x86_64-linux-gnu/ld-2.31.so
7f3ecd5f6000-7f3ecd5fe000 r--p 00024000 00:65 165033992                  /usr/lib/x86_64-linux-gnu/ld-2.31.so
7f3ecd5fe000-7f3ecd5ff000 r--p 00000000 00:00 0 
7f3ecd5ff000-7f3ecd600000 r--p 0002c000 00:65 165033992                  /usr/lib/x86_64-linux-gnu/ld-2.31.so
7f3ecd600000-7f3ecd601000 rw-p 0002d000 00:65 165033992                  /usr/lib/x86_64-linux-gnu/ld-2.31.so
7f3ecd601000-7f3ecd602000 rw-p 00000000 00:00 0 
7fffde54c000-7fffde56d000 rw-p 00000000 00:00 0                          [stack]
7fffde592000-7fffde595000 r--p 00000000 00:00 0                          [vvar]
7fffde595000-7fffde596000 r-xp 00000000 00:00 0                          [vdso]
ffffffffff600000-ffffffffff601000 --xp 00000000 00:00 0                  [vsyscall]

VM Arguments:
jvm_args: -Xbootclasspath/a:/usr/local/java/jdk1.8.0_301/jre/lib/rt.jar -Xverify:none 
java_command: org.eclipse.core.runtime.adaptor.EclipseStarter -debug
java_class_path (initial): ./sootOutput/eclipse/
Launcher Type: SUN_STANDARD

Logging:
Log output configuration:
#0: stdout all=warning uptime,level,tags
#1: stderr all=off uptime,level,tags

Environment Variables:
JAVA_HOME=/root/oracle/jdk-9.0.4
JRE_HOME=/root/oracle/jdk-9.0.4
CLASSPATH=.:/root/oracle/jdk-9.0.4/lib:/JVMfuzzing/htm/CFSynthesis/resource/commons-lang3-3.12.0/commons-lang3-3.12.0.jar
PATH=/root/oracle/jdk-9.0.4/bin:/root/.vscode-server/bin/da76f93349a72022ca4670c1b84860304616aaa2/bin/remote-cli:/root/oracle/jdk-9.0.4/bin:/usr/local/sbin:/usr/local/bin:/usr/sbin:/usr/bin:/sbin:/bin:/usr/games:/usr/local/games:/snap/bin
SHELL=/bin/bash

Signal Handlers:
SIGSEGV: [libjvm.so+0xd4d370], sa_mask[0]=11111111011111111101111111111110, sa_flags=SA_RESTART|SA_SIGINFO
SIGBUS: [libjvm.so+0xd4d370], sa_mask[0]=11111111011111111101111111111110, sa_flags=SA_RESTART|SA_SIGINFO
SIGFPE: [libjvm.so+0xd4d370], sa_mask[0]=11111111011111111101111111111110, sa_flags=SA_RESTART|SA_SIGINFO
SIGPIPE: [libjvm.so+0xb64780], sa_mask[0]=11111111011111111101111111111110, sa_flags=SA_RESTART|SA_SIGINFO
SIGXFSZ: [libjvm.so+0xb64780], sa_mask[0]=11111111011111111101111111111110, sa_flags=SA_RESTART|SA_SIGINFO
SIGILL: [libjvm.so+0xd4d370], sa_mask[0]=11111111011111111101111111111110, sa_flags=SA_RESTART|SA_SIGINFO
SIGUSR2: [libjvm.so+0xb64640], sa_mask[0]=00100000000000000000000000000000, sa_flags=SA_RESTART|SA_SIGINFO
SIGHUP: [libjvm.so+0xb64850], sa_mask[0]=11111111011111111101111111111110, sa_flags=SA_RESTART|SA_SIGINFO
SIGINT: [libjvm.so+0xb64850], sa_mask[0]=11111111011111111101111111111110, sa_flags=SA_RESTART|SA_SIGINFO
SIGTERM: [libjvm.so+0xb64850], sa_mask[0]=11111111011111111101111111111110, sa_flags=SA_RESTART|SA_SIGINFO
SIGQUIT: [libjvm.so+0xb64850], sa_mask[0]=11111111011111111101111111111110, sa_flags=SA_RESTART|SA_SIGINFO


---------------  S Y S T E M  ---------------

OS:DISTRIB_ID=Ubuntu
DISTRIB_RELEASE=20.04
DISTRIB_CODENAME=focal
DISTRIB_DESCRIPTION="Ubuntu 20.04.3 LTS"
uname:Linux 5.4.0-124-generic #140~18.04.1-Ubuntu SMP Fri Aug 5 11:43:34 UTC 2022 x86_64
libc:glibc 2.31 NPTL 2.31 
rlimit: STACK 8192k, CORE infinity, NPROC infinity, NOFILE 1048576, AS infinity
load average:42.33 41.01 39.51

/proc/meminfo:
MemTotal:       65549624 kB
MemFree:         5861436 kB
MemAvailable:   32911412 kB
Buffers:         5872740 kB
Cached:          3670428 kB
SwapCached:         8092 kB
Active:         33052620 kB
Inactive:        6442364 kB
Active(anon):   25954464 kB
Inactive(anon):  4018444 kB
Active(file):    7098156 kB
Inactive(file):  2423920 kB
Unevictable:          16 kB
Mlocked:              16 kB
SwapTotal:       2097148 kB
SwapFree:              0 kB
Dirty:             31420 kB
Writeback:             0 kB
AnonPages:      29944360 kB
Mapped:           881832 kB
Shmem:             25608 kB
KReclaimable:   18259824 kB
Slab:           19429628 kB
SReclaimable:   18259824 kB
SUnreclaim:      1169804 kB
KernelStack:       79280 kB
PageTables:       243048 kB
NFS_Unstable:          0 kB
Bounce:                0 kB
WritebackTmp:          0 kB
CommitLimit:    34871960 kB
Committed_AS:   86850272 kB
VmallocTotal:   34359738367 kB
VmallocUsed:      162224 kB
VmallocChunk:          0 kB
Percpu:            32512 kB
HardwareCorrupted:     0 kB
AnonHugePages:         0 kB
ShmemHugePages:        0 kB
ShmemPmdMapped:        0 kB
FileHugePages:         0 kB
FilePmdMapped:         0 kB
CmaTotal:              0 kB
CmaFree:               0 kB
HugePages_Total:       0
HugePages_Free:        0
HugePages_Rsvd:        0
HugePages_Surp:        0
Hugepagesize:       2048 kB
Hugetlb:               0 kB
DirectMap4k:    15497632 kB
DirectMap2M:    51298304 kB
DirectMap1G:           0 kB


CPU:total 28 (initial active 28) (14 cores per cpu, 2 threads per core) family 6 model 85 stepping 4, cmov, cx8, fxsr, mmx, sse, sse2, sse3, ssse3, sse4.1, sse4.2, popcnt, avx, avx2, aes, clmul, erms, rtm, 3dnowpref, lzcnt, ht, tsc, tscinvbit, bmi1, bmi2, adx, fma
CPU Model and flags from /proc/cpuinfo:
model name	: Intel(R) Core(TM) i9-9940X CPU @ 3.30GHz
flags		: fpu vme de pse tsc msr pae mce cx8 apic sep mtrr pge mca cmov pat pse36 clflush dts acpi mmx fxsr sse sse2 ss ht tm pbe syscall nx pdpe1gb rdtscp lm constant_tsc art arch_perfmon pebs bts rep_good nopl xtopology nonstop_tsc cpuid aperfmperf pni pclmulqdq dtes64 monitor ds_cpl vmx est tm2 ssse3 sdbg fma cx16 xtpr pdcm pcid dca sse4_1 sse4_2 x2apic movbe popcnt tsc_deadline_timer aes xsave avx f16c rdrand lahf_lm abm 3dnowprefetch cpuid_fault epb cat_l3 cdp_l3 invpcid_single pti ssbd mba ibrs ibpb stibp tpr_shadow vnmi flexpriority ept vpid ept_ad fsgsbase tsc_adjust bmi1 hle avx2 smep bmi2 erms invpcid rtm cqm mpx rdt_a avx512f avx512dq rdseed adx smap clflushopt clwb intel_pt avx512cd avx512bw avx512vl xsaveopt xsavec xgetbv1 xsaves cqm_llc cqm_occup_llc cqm_mbm_total cqm_mbm_local dtherm ida arat pln pts hwp hwp_act_window hwp_epp hwp_pkg_req md_clear flush_l1d arch_capabilities

Memory: 4k page, physical 65549624k(5861436k free), swap 2097148k(0k free)

vm_info: Java HotSpot(TM) 64-Bit Server VM (9.0.4+11) for linux-amd64 JRE (9.0.4+11), built on Dec 19 2017 18:12:19 by "mach5one" with gcc 4.9.2

END.
