#
# A fatal error has been detected by the Java Runtime Environment:
#
#  SIGSEGV (0xb) at pc=0x00007fc5a287d9ac, pid=26326, tid=26388
#
# JRE version: Java(TM) SE Runtime Environment (9.0+11) (build 9.0.4+11)
# Java VM: Java HotSpot(TM) 64-Bit Server VM (9.0.4+11, mixed mode, tiered, compressed oops, g1 gc, linux-amd64)
# Problematic frame:
# V  [libjvm.so+0x4ad9ac]  GraphBuilder::try_inline_full(ciMethod*, bool, bool, Bytecodes::Code, Instruction*)+0x44c
#
# Core dump will be written. Default location: Core dumps may be processed with "/usr/share/apport/apport -p%p -s%s -c%c -d%d -P%P -u%u -g%g -- %E" (or dumping to /JVMfuzzing/zjy/classming/Fuzzing-Testing-of-JVM-Implementations/core.26326)
#
# If you would like to submit a bug report, please visit:
#   http://bugreport.java.com/bugreport/crash.jsp
#

---------------  S U M M A R Y ------------

Command Line: -Xbootclasspath/a:/usr/local/java/jdk1.8.0_301/jre/lib/rt.jar -Xverify:none org.eclipse.core.runtime.adaptor.EclipseStarter -debug

Host: Intel(R) Core(TM) i9-9940X CPU @ 3.30GHz, 28 cores, 62G, Ubuntu 20.04.3 LTS
Time: Thu Nov  3 09:10:56 2022 UTC elapsed time: 0 seconds (0d 0h 0m 0s)

---------------  T H R E A D  ---------------

Current thread (0x00007fc59c2bc800):  JavaThread "C1 CompilerThread8" daemon [_thread_in_native, id=26388, stack(0x00007fc49aaf2000,0x00007fc49abf3000)]


Current CompileTask:
C1:    422  245 %     3       org.eclipse.core.runtime.adaptor.EclipseStarter::main @ 5367 (7040 bytes)

Stack: [0x00007fc49aaf2000,0x00007fc49abf3000],  sp=0x00007fc49abf10b0,  free space=1020k
Native frames: (J=compiled Java code, A=aot compiled Java code, j=interpreted, Vv=VM code, C=native code)
V  [libjvm.so+0x4ad9ac]  GraphBuilder::try_inline_full(ciMethod*, bool, bool, Bytecodes::Code, Instruction*)+0x44c
V  [libjvm.so+0x4ae2fc]  GraphBuilder::try_inline(ciMethod*, bool, bool, Bytecodes::Code, Instruction*)+0x1dc
V  [libjvm.so+0x4aee6d]  GraphBuilder::invoke(Bytecodes::Code)+0x3ed
V  [libjvm.so+0x4b163e]  GraphBuilder::iterate_bytecodes_for_block(int)+0x1c4e
V  [libjvm.so+0x4b1ad5]  GraphBuilder::iterate_all_blocks(bool)+0x85
V  [libjvm.so+0x4b1ec9]  GraphBuilder::GraphBuilder(Compilation*, IRScope*)+0x389
V  [libjvm.so+0x4b70a8]  IR::IR(Compilation*, ciMethod*, int)+0x1e8
V  [libjvm.so+0x497832]  Compilation::build_hir() [clone .part.93]+0x162
V  [libjvm.so+0x499633]  Compilation::compile_java_method()+0x3c3
V  [libjvm.so+0x4997af]  Compilation::compile_method()+0x12f
V  [libjvm.so+0x499c31]  Compilation::Compilation(AbstractCompiler*, ciEnv*, ciMethod*, int, BufferBlob*, DirectiveSet*)+0x271
V  [libjvm.so+0x49ac1e]  Compiler::compile_method(ciEnv*, ciMethod*, int, DirectiveSet*)+0xae
V  [libjvm.so+0x6125ac]  CompileBroker::invoke_compiler_on_method(CompileTask*)+0x41c
V  [libjvm.so+0x61344b]  CompileBroker::compiler_thread_loop()+0x28b
V  [libjvm.so+0xcef338]  JavaThread::thread_main_inner()+0xd8
V  [libjvm.so+0xb6e132]  thread_native_entry(Thread*)+0xf2
C  [libpthread.so.0+0x9609]  start_thread+0xd9


siginfo: si_signo: 11 (SIGSEGV), si_code: 1 (SEGV_MAPERR), si_addr: 0x0000000000000018

Register to memory mapping:

RAX=0x00007fc46c0841d0 is an unknown value
RBX=0x00007fc49abf1460 is pointing into the stack for thread: 0x00007fc59c2bc800
RCX=0x0000000000000000 is an unknown value
RDX=0x0000000000000000 is an unknown value
RSP=0x00007fc49abf10b0 is pointing into the stack for thread: 0x00007fc59c2bc800
RBP=0x00007fc49abf1130 is pointing into the stack for thread: 0x00007fc59c2bc800
RSI=0x0000000000000000 is an unknown value
RDI=0x00007fc49abf1460 is pointing into the stack for thread: 0x00007fc59c2bc800
R8 =0x0000000000000000 is an unknown value
R9 =0x00007fc46c083eb0 is an unknown value
R10=0x000000000000000c is an unknown value
R11=0x0000000000000001 is an unknown value
R12=0x00007fc4681780b0 is an unknown value
R13=0x0000000000000000 is an unknown value
R14=0x0000000000000000 is an unknown value
R15=0x0000000000000001 is an unknown value


Registers:
RAX=0x00007fc46c0841d0, RBX=0x00007fc49abf1460, RCX=0x0000000000000000, RDX=0x0000000000000000
RSP=0x00007fc49abf10b0, RBP=0x00007fc49abf1130, RSI=0x0000000000000000, RDI=0x00007fc49abf1460
R8 =0x0000000000000000, R9 =0x00007fc46c083eb0, R10=0x000000000000000c, R11=0x0000000000000001
R12=0x00007fc4681780b0, R13=0x0000000000000000, R14=0x0000000000000000, R15=0x0000000000000001
RIP=0x00007fc5a287d9ac, EFLAGS=0x0000000000010246, CSGSFS=0x002b000000000033, ERR=0x0000000000000004
  TRAPNO=0x000000000000000e

Top of Stack: (sp=0x00007fc49abf10b0)
0x00007fc49abf10b0:   00007fc5a37194cc 00007fc49abf10e0
0x00007fc49abf10c0:   000000009abf1130 00007fc46c084ba0
0x00007fc49abf10d0:   00007fc484112790 00007fc46c0841d0
0x00007fc49abf10e0:   0000000000001322 00007fc46c083c10 

Instructions: (pc=0x00007fc5a287d9ac)
0x00007fc5a287d98c:   40 08 44 39 68 38 7e 3f 48 8b 50 50 49 63 f0 44
0x00007fc5a287d99c:   89 c1 44 29 e9 48 89 df 48 89 45 a8 48 8b 14 f2
0x00007fc5a287d9ac:   48 8b 72 18 44 03 46 08 48 8b 75 98 44 89 45 b0
0x00007fc5a287d9bc:   44 89 45 88 e8 3b 36 ff ff 48 8b 45 a8 44 8b 45 


---------------  P R O C E S S  ---------------

Java Threads: ( => current thread )
  0x00007fc59c352000 JavaThread "Service Thread" daemon [_thread_blocked, id=26395, stack(0x00007fc49a0c4000,0x00007fc49a1c5000)]
  0x00007fc59c2d2800 JavaThread "Common-Cleaner" daemon [_thread_blocked, id=26393, stack(0x00007fc49a1c5000,0x00007fc49a2c6000)]
  0x00007fc59c2c4000 JavaThread "Sweeper thread" daemon [_thread_blocked, id=26392, stack(0x00007fc49a6ee000,0x00007fc49a7ef000)]
  0x00007fc59c2c2000 JavaThread "C1 CompilerThread11" daemon [_thread_blocked, id=26391, stack(0x00007fc49a7ef000,0x00007fc49a8f0000)]
  0x00007fc59c2c0000 JavaThread "C1 CompilerThread10" daemon [_thread_blocked, id=26390, stack(0x00007fc49a8f0000,0x00007fc49a9f1000)]
  0x00007fc59c2be000 JavaThread "C1 CompilerThread9" daemon [_thread_blocked, id=26389, stack(0x00007fc49a9f1000,0x00007fc49aaf2000)]
=>0x00007fc59c2bc800 JavaThread "C1 CompilerThread8" daemon [_thread_in_native, id=26388, stack(0x00007fc49aaf2000,0x00007fc49abf3000)]
  0x00007fc59c2ba800 JavaThread "C2 CompilerThread7" daemon [_thread_blocked, id=26387, stack(0x00007fc49abf3000,0x00007fc49acf4000)]
  0x00007fc59c2b8800 JavaThread "C2 CompilerThread6" daemon [_thread_blocked, id=26386, stack(0x00007fc49acf4000,0x00007fc49adf5000)]
  0x00007fc59c2b6800 JavaThread "C2 CompilerThread5" daemon [_thread_blocked, id=26385, stack(0x00007fc49adf5000,0x00007fc49aef6000)]
  0x00007fc59c2b4800 JavaThread "C2 CompilerThread4" daemon [_thread_blocked, id=26384, stack(0x00007fc49aef6000,0x00007fc49aff7000)]
  0x00007fc59c2b2800 JavaThread "C2 CompilerThread3" daemon [_thread_blocked, id=26383, stack(0x00007fc49aff7000,0x00007fc49b0f8000)]
  0x00007fc59c2b1000 JavaThread "C2 CompilerThread2" daemon [_thread_blocked, id=26382, stack(0x00007fc49b0f8000,0x00007fc49b1f9000)]
  0x00007fc59c2af000 JavaThread "C2 CompilerThread1" daemon [_thread_blocked, id=26381, stack(0x00007fc49b1f9000,0x00007fc49b2fa000)]
  0x00007fc59c2ad000 JavaThread "C2 CompilerThread0" daemon [_thread_blocked, id=26380, stack(0x00007fc49b2fa000,0x00007fc49b3fb000)]
  0x00007fc59c2ab000 JavaThread "Signal Dispatcher" daemon [_thread_blocked, id=26379, stack(0x00007fc49b3fb000,0x00007fc49b4fc000)]
  0x00007fc59c291000 JavaThread "Finalizer" daemon [_thread_blocked, id=26378, stack(0x00007fc49b4fc000,0x00007fc49b5fd000)]
  0x00007fc59c288800 JavaThread "Reference Handler" daemon [_thread_blocked, id=26377, stack(0x00007fc49b5fd000,0x00007fc49b6fe000)]
  0x00007fc59c011800 JavaThread "main" [_thread_in_Java, id=26328, stack(0x00007fc5a2182000,0x00007fc5a2281000)]

Other Threads:
  0x00007fc59c281000 VMThread "VM Thread" [stack: 0x00007fc49b700000,0x00007fc49b800000] [id=26376]
  0x00007fc59c354800 WatcherThread [stack: 0x00007fc499fc4000,0x00007fc49a0c4000] [id=26398]
  0x00007fc59c034000 GCTaskThread "GC Thread#0" [stack: 0x00007fc5a13dc000,0x00007fc5a14dc000] [id=26329]
  0x00007fc59c035800 GCTaskThread "GC Thread#1" [stack: 0x00007fc5a12da000,0x00007fc5a13da000] [id=26330]
  0x00007fc59c037000 GCTaskThread "GC Thread#2" [stack: 0x00007fc5a11d8000,0x00007fc5a12d8000] [id=26331]
  0x00007fc59c039000 GCTaskThread "GC Thread#3" [stack: 0x00007fc5a10d6000,0x00007fc5a11d6000] [id=26332]
  0x00007fc59c03a800 GCTaskThread "GC Thread#4" [stack: 0x00007fc5a0fd4000,0x00007fc5a10d4000] [id=26333]
  0x00007fc59c03c800 GCTaskThread "GC Thread#5" [stack: 0x00007fc5a0ed2000,0x00007fc5a0fd2000] [id=26334]
  0x00007fc59c03e000 GCTaskThread "GC Thread#6" [stack: 0x00007fc5a0dd0000,0x00007fc5a0ed0000] [id=26335]
  0x00007fc59c03f800 GCTaskThread "GC Thread#7" [stack: 0x00007fc5a0cce000,0x00007fc5a0dce000] [id=26336]
  0x00007fc59c041800 GCTaskThread "GC Thread#8" [stack: 0x00007fc5a0bcc000,0x00007fc5a0ccc000] [id=26337]
  0x00007fc59c043000 GCTaskThread "GC Thread#9" [stack: 0x00007fc5a0aca000,0x00007fc5a0bca000] [id=26338]
  0x00007fc59c045000 GCTaskThread "GC Thread#10" [stack: 0x00007fc5a09c8000,0x00007fc5a0ac8000] [id=26339]
  0x00007fc59c046800 GCTaskThread "GC Thread#11" [stack: 0x00007fc5a08c6000,0x00007fc5a09c6000] [id=26340]
  0x00007fc59c048800 GCTaskThread "GC Thread#12" [stack: 0x00007fc5a07c4000,0x00007fc5a08c4000] [id=26341]
  0x00007fc59c04a000 GCTaskThread "GC Thread#13" [stack: 0x00007fc5a06c2000,0x00007fc5a07c2000] [id=26342]
  0x00007fc59c04c000 GCTaskThread "GC Thread#14" [stack: 0x00007fc5a05c0000,0x00007fc5a06c0000] [id=26343]
  0x00007fc59c04d800 GCTaskThread "GC Thread#15" [stack: 0x00007fc5a04be000,0x00007fc5a05be000] [id=26344]
  0x00007fc59c04f800 GCTaskThread "GC Thread#16" [stack: 0x00007fc5a03bc000,0x00007fc5a04bc000] [id=26345]
  0x00007fc59c051000 GCTaskThread "GC Thread#17" [stack: 0x00007fc5a02ba000,0x00007fc5a03ba000] [id=26346]
  0x00007fc59c052800 GCTaskThread "GC Thread#18" [stack: 0x00007fc5a01b8000,0x00007fc5a02b8000] [id=26347]
  0x00007fc59c054800 GCTaskThread "GC Thread#19" [stack: 0x00007fc5a00b6000,0x00007fc5a01b6000] [id=26348]
  0x00007fc59c09f800 ConcurrentGCThread "G1 Main Marker" [stack: 0x00007fc510cb7000,0x00007fc510db7000] [id=26370]
  0x00007fc59c0a1000 ConcurrentGCThread "G1 Marker#0" [stack: 0x00007fc510bb5000,0x00007fc510cb5000] [id=26371]
  0x00007fc59c0a3000 ConcurrentGCThread "G1 Marker#1" [stack: 0x00007fc510ab3000,0x00007fc510bb3000] [id=26372]
  0x00007fc59c0a4800 ConcurrentGCThread "G1 Marker#2" [stack: 0x00007fc5109b1000,0x00007fc510ab1000] [id=26373]
  0x00007fc59c0a6800 ConcurrentGCThread "G1 Marker#3" [stack: 0x00007fc5108af000,0x00007fc5109af000] [id=26374]
  0x00007fc59c0a8000 ConcurrentGCThread "G1 Marker#4" [stack: 0x00007fc5107ad000,0x00007fc5108ad000] [id=26375]
  0x00007fc59c079000 ConcurrentGCThread "G1 Refine#0" [stack: 0x00007fc5132e8000,0x00007fc5133e8000] [id=26368]
  0x00007fc59c077000 ConcurrentGCThread "G1 Refine#1" [stack: 0x00007fc5133ea000,0x00007fc5134ea000] [id=26367]
  0x00007fc59c075000 ConcurrentGCThread "G1 Refine#2" [stack: 0x00007fc5134ec000,0x00007fc5135ec000] [id=26366]
  0x00007fc59c073800 ConcurrentGCThread "G1 Refine#3" [stack: 0x00007fc5135ee000,0x00007fc5136ee000] [id=26365]
  0x00007fc59c071800 ConcurrentGCThread "G1 Refine#4" [stack: 0x00007fc5136f0000,0x00007fc5137f0000] [id=26364]
  0x00007fc59c070000 ConcurrentGCThread "G1 Refine#5" [stack: 0x00007fc5137f2000,0x00007fc5138f2000] [id=26363]
  0x00007fc59c06e000 ConcurrentGCThread "G1 Refine#6" [stack: 0x00007fc5138f4000,0x00007fc5139f4000] [id=26362]
  0x00007fc59c06c800 ConcurrentGCThread "G1 Refine#7" [stack: 0x00007fc5139f6000,0x00007fc513af6000] [id=26361]
  0x00007fc59c06a800 ConcurrentGCThread "G1 Refine#8" [stack: 0x00007fc513af8000,0x00007fc513bf8000] [id=26360]
  0x00007fc59c069000 ConcurrentGCThread "G1 Refine#9" [stack: 0x00007fc513bfa000,0x00007fc513cfa000] [id=26359]
  0x00007fc59c067000 ConcurrentGCThread "G1 Refine#10" [stack: 0x00007fc513cfc000,0x00007fc513dfc000] [id=26358]
  0x00007fc59c065000 ConcurrentGCThread "G1 Refine#11" [stack: 0x00007fc513dfe000,0x00007fc513efe000] [id=26357]
  0x00007fc59c063800 ConcurrentGCThread "G1 Refine#12" [stack: 0x00007fc513f00000,0x00007fc514000000] [id=26356]
  0x00007fc59c061800 ConcurrentGCThread "G1 Refine#13" [stack: 0x00007fc580023000,0x00007fc580123000] [id=26355]
  0x00007fc59c060000 ConcurrentGCThread "G1 Refine#14" [stack: 0x00007fc580125000,0x00007fc580225000] [id=26354]
  0x00007fc59c05e000 ConcurrentGCThread "G1 Refine#15" [stack: 0x00007fc580227000,0x00007fc580327000] [id=26353]
  0x00007fc59c05c800 ConcurrentGCThread "G1 Refine#16" [stack: 0x00007fc580329000,0x00007fc580429000] [id=26352]
  0x00007fc59c05a800 ConcurrentGCThread "G1 Refine#17" [stack: 0x00007fc58042b000,0x00007fc58052b000] [id=26351]
  0x00007fc59c059000 ConcurrentGCThread "G1 Refine#18" [stack: 0x00007fc58052d000,0x00007fc58062d000] [id=26350]
  0x00007fc59c057000 ConcurrentGCThread "G1 Refine#19" [stack: 0x00007fc58062f000,0x00007fc58072f000] [id=26349]
  0x00007fc59c07a800 ConcurrentGCThread "G1 Young RemSet Sampling" [stack: 0x00007fc5131e6000,0x00007fc5132e6000] [id=26369]

Threads with active compile tasks:
C1 CompilerThread8 245 %     3       org.eclipse.core.runtime.adaptor.EclipseStarter::main @ 5367 (7040 bytes)

VM state:not at safepoint (normal execution)

VM Mutex/Monitor currently owned by a thread: None

Heap address: 0x00000003d7c00000, size: 16004 MB, Compressed Oops mode: Zero based, Oop shift amount: 3
Narrow klass base: 0x0000000000000000, Narrow klass shift: 3
Compressed class space size: 1073741824 Address: 0x00000007c0000000

Heap:
 garbage-first heap   total 1028096K, used 8192K [0x00000003d7c00000, 0x00000003d80007d8, 0x00000007c0000000)
  region size 4096K, 3 young (12288K), 0 survivors (0K)
 Metaspace       used 4312K, capacity 4678K, committed 4864K, reserved 1056768K
  class space    used 355K, capacity 386K, committed 512K, reserved 1048576K
Heap Regions: E=young(eden), S=young(survivor), O=old, HS=humongous(starts), HC=humongous(continues), CS=collection set, F=free, A=archive, TS=gc time stamp, AC=allocation context, TAMS=top-at-mark-start (previous, next)
|   0|0x00000003d7c00000, 0x00000003d7c00000, 0x00000003d8000000|  0%| F|  |TS  0|AC  0|TAMS 0x00000003d7c00000, 0x00000003d7c00000|
|   1|0x00000003d8000000, 0x00000003d8000000, 0x00000003d8400000|  0%| F|  |TS  0|AC  0|TAMS 0x00000003d8000000, 0x00000003d8000000|
|   2|0x00000003d8400000, 0x00000003d8400000, 0x00000003d8800000|  0%| F|  |TS  0|AC  0|TAMS 0x00000003d8400000, 0x00000003d8400000|
|   3|0x00000003d8800000, 0x00000003d8800000, 0x00000003d8c00000|  0%| F|  |TS  0|AC  0|TAMS 0x00000003d8800000, 0x00000003d8800000|
|   4|0x00000003d8c00000, 0x00000003d8c00000, 0x00000003d9000000|  0%| F|  |TS  0|AC  0|TAMS 0x00000003d8c00000, 0x00000003d8c00000|
|   5|0x00000003d9000000, 0x00000003d9000000, 0x00000003d9400000|  0%| F|  |TS  0|AC  0|TAMS 0x00000003d9000000, 0x00000003d9000000|
|   6|0x00000003d9400000, 0x00000003d9400000, 0x00000003d9800000|  0%| F|  |TS  0|AC  0|TAMS 0x00000003d9400000, 0x00000003d9400000|
|   7|0x00000003d9800000, 0x00000003d9800000, 0x00000003d9c00000|  0%| F|  |TS  0|AC  0|TAMS 0x00000003d9800000, 0x00000003d9800000|
|   8|0x00000003d9c00000, 0x00000003d9c00000, 0x00000003da000000|  0%| F|  |TS  0|AC  0|TAMS 0x00000003d9c00000, 0x00000003d9c00000|
|   9|0x00000003da000000, 0x00000003da000000, 0x00000003da400000|  0%| F|  |TS  0|AC  0|TAMS 0x00000003da000000, 0x00000003da000000|
|  10|0x00000003da400000, 0x00000003da400000, 0x00000003da800000|  0%| F|  |TS  0|AC  0|TAMS 0x00000003da400000, 0x00000003da400000|
|  11|0x00000003da800000, 0x00000003da800000, 0x00000003dac00000|  0%| F|  |TS  0|AC  0|TAMS 0x00000003da800000, 0x00000003da800000|
|  12|0x00000003dac00000, 0x00000003dac00000, 0x00000003db000000|  0%| F|  |TS  0|AC  0|TAMS 0x00000003dac00000, 0x00000003dac00000|
|  13|0x00000003db000000, 0x00000003db000000, 0x00000003db400000|  0%| F|  |TS  0|AC  0|TAMS 0x00000003db000000, 0x00000003db000000|
|  14|0x00000003db400000, 0x00000003db400000, 0x00000003db800000|  0%| F|  |TS  0|AC  0|TAMS 0x00000003db400000, 0x00000003db400000|
|  15|0x00000003db800000, 0x00000003db800000, 0x00000003dbc00000|  0%| F|  |TS  0|AC  0|TAMS 0x00000003db800000, 0x00000003db800000|
|  16|0x00000003dbc00000, 0x00000003dbc00000, 0x00000003dc000000|  0%| F|  |TS  0|AC  0|TAMS 0x00000003dbc00000, 0x00000003dbc00000|
|  17|0x00000003dc000000, 0x00000003dc000000, 0x00000003dc400000|  0%| F|  |TS  0|AC  0|TAMS 0x00000003dc000000, 0x00000003dc000000|
|  18|0x00000003dc400000, 0x00000003dc400000, 0x00000003dc800000|  0%| F|  |TS  0|AC  0|TAMS 0x00000003dc400000, 0x00000003dc400000|
|  19|0x00000003dc800000, 0x00000003dc800000, 0x00000003dcc00000|  0%| F|  |TS  0|AC  0|TAMS 0x00000003dc800000, 0x00000003dc800000|
|  20|0x00000003dcc00000, 0x00000003dcc00000, 0x00000003dd000000|  0%| F|  |TS  0|AC  0|TAMS 0x00000003dcc00000, 0x00000003dcc00000|
|  21|0x00000003dd000000, 0x00000003dd000000, 0x00000003dd400000|  0%| F|  |TS  0|AC  0|TAMS 0x00000003dd000000, 0x00000003dd000000|
|  22|0x00000003dd400000, 0x00000003dd400000, 0x00000003dd800000|  0%| F|  |TS  0|AC  0|TAMS 0x00000003dd400000, 0x00000003dd400000|
|  23|0x00000003dd800000, 0x00000003dd800000, 0x00000003ddc00000|  0%| F|  |TS  0|AC  0|TAMS 0x00000003dd800000, 0x00000003dd800000|
|  24|0x00000003ddc00000, 0x00000003ddc00000, 0x00000003de000000|  0%| F|  |TS  0|AC  0|TAMS 0x00000003ddc00000, 0x00000003ddc00000|
|  25|0x00000003de000000, 0x00000003de000000, 0x00000003de400000|  0%| F|  |TS  0|AC  0|TAMS 0x00000003de000000, 0x00000003de000000|
|  26|0x00000003de400000, 0x00000003de400000, 0x00000003de800000|  0%| F|  |TS  0|AC  0|TAMS 0x00000003de400000, 0x00000003de400000|
|  27|0x00000003de800000, 0x00000003de800000, 0x00000003dec00000|  0%| F|  |TS  0|AC  0|TAMS 0x00000003de800000, 0x00000003de800000|
|  28|0x00000003dec00000, 0x00000003dec00000, 0x00000003df000000|  0%| F|  |TS  0|AC  0|TAMS 0x00000003dec00000, 0x00000003dec00000|
|  29|0x00000003df000000, 0x00000003df000000, 0x00000003df400000|  0%| F|  |TS  0|AC  0|TAMS 0x00000003df000000, 0x00000003df000000|
|  30|0x00000003df400000, 0x00000003df400000, 0x00000003df800000|  0%| F|  |TS  0|AC  0|TAMS 0x00000003df400000, 0x00000003df400000|
|  31|0x00000003df800000, 0x00000003df800000, 0x00000003dfc00000|  0%| F|  |TS  0|AC  0|TAMS 0x00000003df800000, 0x00000003df800000|
|  32|0x00000003dfc00000, 0x00000003dfc00000, 0x00000003e0000000|  0%| F|  |TS  0|AC  0|TAMS 0x00000003dfc00000, 0x00000003dfc00000|
|  33|0x00000003e0000000, 0x00000003e0000000, 0x00000003e0400000|  0%| F|  |TS  0|AC  0|TAMS 0x00000003e0000000, 0x00000003e0000000|
|  34|0x00000003e0400000, 0x00000003e0400000, 0x00000003e0800000|  0%| F|  |TS  0|AC  0|TAMS 0x00000003e0400000, 0x00000003e0400000|
|  35|0x00000003e0800000, 0x00000003e0800000, 0x00000003e0c00000|  0%| F|  |TS  0|AC  0|TAMS 0x00000003e0800000, 0x00000003e0800000|
|  36|0x00000003e0c00000, 0x00000003e0c00000, 0x00000003e1000000|  0%| F|  |TS  0|AC  0|TAMS 0x00000003e0c00000, 0x00000003e0c00000|
|  37|0x00000003e1000000, 0x00000003e1000000, 0x00000003e1400000|  0%| F|  |TS  0|AC  0|TAMS 0x00000003e1000000, 0x00000003e1000000|
|  38|0x00000003e1400000, 0x00000003e1400000, 0x00000003e1800000|  0%| F|  |TS  0|AC  0|TAMS 0x00000003e1400000, 0x00000003e1400000|
|  39|0x00000003e1800000, 0x00000003e1800000, 0x00000003e1c00000|  0%| F|  |TS  0|AC  0|TAMS 0x00000003e1800000, 0x00000003e1800000|
|  40|0x00000003e1c00000, 0x00000003e1c00000, 0x00000003e2000000|  0%| F|  |TS  0|AC  0|TAMS 0x00000003e1c00000, 0x00000003e1c00000|
|  41|0x00000003e2000000, 0x00000003e2000000, 0x00000003e2400000|  0%| F|  |TS  0|AC  0|TAMS 0x00000003e2000000, 0x00000003e2000000|
|  42|0x00000003e2400000, 0x00000003e2400000, 0x00000003e2800000|  0%| F|  |TS  0|AC  0|TAMS 0x00000003e2400000, 0x00000003e2400000|
|  43|0x00000003e2800000, 0x00000003e2800000, 0x00000003e2c00000|  0%| F|  |TS  0|AC  0|TAMS 0x00000003e2800000, 0x00000003e2800000|
|  44|0x00000003e2c00000, 0x00000003e2c00000, 0x00000003e3000000|  0%| F|  |TS  0|AC  0|TAMS 0x00000003e2c00000, 0x00000003e2c00000|
|  45|0x00000003e3000000, 0x00000003e3000000, 0x00000003e3400000|  0%| F|  |TS  0|AC  0|TAMS 0x00000003e3000000, 0x00000003e3000000|
|  46|0x00000003e3400000, 0x00000003e3400000, 0x00000003e3800000|  0%| F|  |TS  0|AC  0|TAMS 0x00000003e3400000, 0x00000003e3400000|
|  47|0x00000003e3800000, 0x00000003e3800000, 0x00000003e3c00000|  0%| F|  |TS  0|AC  0|TAMS 0x00000003e3800000, 0x00000003e3800000|
|  48|0x00000003e3c00000, 0x00000003e3c00000, 0x00000003e4000000|  0%| F|  |TS  0|AC  0|TAMS 0x00000003e3c00000, 0x00000003e3c00000|
|  49|0x00000003e4000000, 0x00000003e4000000, 0x00000003e4400000|  0%| F|  |TS  0|AC  0|TAMS 0x00000003e4000000, 0x00000003e4000000|
|  50|0x00000003e4400000, 0x00000003e4400000, 0x00000003e4800000|  0%| F|  |TS  0|AC  0|TAMS 0x00000003e4400000, 0x00000003e4400000|
|  51|0x00000003e4800000, 0x00000003e4800000, 0x00000003e4c00000|  0%| F|  |TS  0|AC  0|TAMS 0x00000003e4800000, 0x00000003e4800000|
|  52|0x00000003e4c00000, 0x00000003e4c00000, 0x00000003e5000000|  0%| F|  |TS  0|AC  0|TAMS 0x00000003e4c00000, 0x00000003e4c00000|
|  53|0x00000003e5000000, 0x00000003e5000000, 0x00000003e5400000|  0%| F|  |TS  0|AC  0|TAMS 0x00000003e5000000, 0x00000003e5000000|
|  54|0x00000003e5400000, 0x00000003e5400000, 0x00000003e5800000|  0%| F|  |TS  0|AC  0|TAMS 0x00000003e5400000, 0x00000003e5400000|
|  55|0x00000003e5800000, 0x00000003e5800000, 0x00000003e5c00000|  0%| F|  |TS  0|AC  0|TAMS 0x00000003e5800000, 0x00000003e5800000|
|  56|0x00000003e5c00000, 0x00000003e5c00000, 0x00000003e6000000|  0%| F|  |TS  0|AC  0|TAMS 0x00000003e5c00000, 0x00000003e5c00000|
|  57|0x00000003e6000000, 0x00000003e6000000, 0x00000003e6400000|  0%| F|  |TS  0|AC  0|TAMS 0x00000003e6000000, 0x00000003e6000000|
|  58|0x00000003e6400000, 0x00000003e6400000, 0x00000003e6800000|  0%| F|  |TS  0|AC  0|TAMS 0x00000003e6400000, 0x00000003e6400000|
|  59|0x00000003e6800000, 0x00000003e6800000, 0x00000003e6c00000|  0%| F|  |TS  0|AC  0|TAMS 0x00000003e6800000, 0x00000003e6800000|
|  60|0x00000003e6c00000, 0x00000003e6c00000, 0x00000003e7000000|  0%| F|  |TS  0|AC  0|TAMS 0x00000003e6c00000, 0x00000003e6c00000|
|  61|0x00000003e7000000, 0x00000003e7000000, 0x00000003e7400000|  0%| F|  |TS  0|AC  0|TAMS 0x00000003e7000000, 0x00000003e7000000|
|  62|0x00000003e7400000, 0x00000003e7400000, 0x00000003e7800000|  0%| F|  |TS  0|AC  0|TAMS 0x00000003e7400000, 0x00000003e7400000|
|  63|0x00000003e7800000, 0x00000003e7800000, 0x00000003e7c00000|  0%| F|  |TS  0|AC  0|TAMS 0x00000003e7800000, 0x00000003e7800000|
|  64|0x00000003e7c00000, 0x00000003e7c00000, 0x00000003e8000000|  0%| F|  |TS  0|AC  0|TAMS 0x00000003e7c00000, 0x00000003e7c00000|
|  65|0x00000003e8000000, 0x00000003e8000000, 0x00000003e8400000|  0%| F|  |TS  0|AC  0|TAMS 0x00000003e8000000, 0x00000003e8000000|
|  66|0x00000003e8400000, 0x00000003e8400000, 0x00000003e8800000|  0%| F|  |TS  0|AC  0|TAMS 0x00000003e8400000, 0x00000003e8400000|
|  67|0x00000003e8800000, 0x00000003e8800000, 0x00000003e8c00000|  0%| F|  |TS  0|AC  0|TAMS 0x00000003e8800000, 0x00000003e8800000|
|  68|0x00000003e8c00000, 0x00000003e8c00000, 0x00000003e9000000|  0%| F|  |TS  0|AC  0|TAMS 0x00000003e8c00000, 0x00000003e8c00000|
|  69|0x00000003e9000000, 0x00000003e9000000, 0x00000003e9400000|  0%| F|  |TS  0|AC  0|TAMS 0x00000003e9000000, 0x00000003e9000000|
|  70|0x00000003e9400000, 0x00000003e9400000, 0x00000003e9800000|  0%| F|  |TS  0|AC  0|TAMS 0x00000003e9400000, 0x00000003e9400000|
|  71|0x00000003e9800000, 0x00000003e9800000, 0x00000003e9c00000|  0%| F|  |TS  0|AC  0|TAMS 0x00000003e9800000, 0x00000003e9800000|
|  72|0x00000003e9c00000, 0x00000003e9c00000, 0x00000003ea000000|  0%| F|  |TS  0|AC  0|TAMS 0x00000003e9c00000, 0x00000003e9c00000|
|  73|0x00000003ea000000, 0x00000003ea000000, 0x00000003ea400000|  0%| F|  |TS  0|AC  0|TAMS 0x00000003ea000000, 0x00000003ea000000|
|  74|0x00000003ea400000, 0x00000003ea400000, 0x00000003ea800000|  0%| F|  |TS  0|AC  0|TAMS 0x00000003ea400000, 0x00000003ea400000|
|  75|0x00000003ea800000, 0x00000003ea800000, 0x00000003eac00000|  0%| F|  |TS  0|AC  0|TAMS 0x00000003ea800000, 0x00000003ea800000|
|  76|0x00000003eac00000, 0x00000003eac00000, 0x00000003eb000000|  0%| F|  |TS  0|AC  0|TAMS 0x00000003eac00000, 0x00000003eac00000|
|  77|0x00000003eb000000, 0x00000003eb000000, 0x00000003eb400000|  0%| F|  |TS  0|AC  0|TAMS 0x00000003eb000000, 0x00000003eb000000|
|  78|0x00000003eb400000, 0x00000003eb400000, 0x00000003eb800000|  0%| F|  |TS  0|AC  0|TAMS 0x00000003eb400000, 0x00000003eb400000|
|  79|0x00000003eb800000, 0x00000003eb800000, 0x00000003ebc00000|  0%| F|  |TS  0|AC  0|TAMS 0x00000003eb800000, 0x00000003eb800000|
|  80|0x00000003ebc00000, 0x00000003ebc00000, 0x00000003ec000000|  0%| F|  |TS  0|AC  0|TAMS 0x00000003ebc00000, 0x00000003ebc00000|
|  81|0x00000003ec000000, 0x00000003ec000000, 0x00000003ec400000|  0%| F|  |TS  0|AC  0|TAMS 0x00000003ec000000, 0x00000003ec000000|
|  82|0x00000003ec400000, 0x00000003ec400000, 0x00000003ec800000|  0%| F|  |TS  0|AC  0|TAMS 0x00000003ec400000, 0x00000003ec400000|
|  83|0x00000003ec800000, 0x00000003ec800000, 0x00000003ecc00000|  0%| F|  |TS  0|AC  0|TAMS 0x00000003ec800000, 0x00000003ec800000|
|  84|0x00000003ecc00000, 0x00000003ecc00000, 0x00000003ed000000|  0%| F|  |TS  0|AC  0|TAMS 0x00000003ecc00000, 0x00000003ecc00000|
|  85|0x00000003ed000000, 0x00000003ed000000, 0x00000003ed400000|  0%| F|  |TS  0|AC  0|TAMS 0x00000003ed000000, 0x00000003ed000000|
|  86|0x00000003ed400000, 0x00000003ed400000, 0x00000003ed800000|  0%| F|  |TS  0|AC  0|TAMS 0x00000003ed400000, 0x00000003ed400000|
|  87|0x00000003ed800000, 0x00000003ed800000, 0x00000003edc00000|  0%| F|  |TS  0|AC  0|TAMS 0x00000003ed800000, 0x00000003ed800000|
|  88|0x00000003edc00000, 0x00000003edc00000, 0x00000003ee000000|  0%| F|  |TS  0|AC  0|TAMS 0x00000003edc00000, 0x00000003edc00000|
|  89|0x00000003ee000000, 0x00000003ee000000, 0x00000003ee400000|  0%| F|  |TS  0|AC  0|TAMS 0x00000003ee000000, 0x00000003ee000000|
|  90|0x00000003ee400000, 0x00000003ee400000, 0x00000003ee800000|  0%| F|  |TS  0|AC  0|TAMS 0x00000003ee400000, 0x00000003ee400000|
|  91|0x00000003ee800000, 0x00000003ee800000, 0x00000003eec00000|  0%| F|  |TS  0|AC  0|TAMS 0x00000003ee800000, 0x00000003ee800000|
|  92|0x00000003eec00000, 0x00000003eec00000, 0x00000003ef000000|  0%| F|  |TS  0|AC  0|TAMS 0x00000003eec00000, 0x00000003eec00000|
|  93|0x00000003ef000000, 0x00000003ef000000, 0x00000003ef400000|  0%| F|  |TS  0|AC  0|TAMS 0x00000003ef000000, 0x00000003ef000000|
|  94|0x00000003ef400000, 0x00000003ef400000, 0x00000003ef800000|  0%| F|  |TS  0|AC  0|TAMS 0x00000003ef400000, 0x00000003ef400000|
|  95|0x00000003ef800000, 0x00000003ef800000, 0x00000003efc00000|  0%| F|  |TS  0|AC  0|TAMS 0x00000003ef800000, 0x00000003ef800000|
|  96|0x00000003efc00000, 0x00000003efc00000, 0x00000003f0000000|  0%| F|  |TS  0|AC  0|TAMS 0x00000003efc00000, 0x00000003efc00000|
|  97|0x00000003f0000000, 0x00000003f0000000, 0x00000003f0400000|  0%| F|  |TS  0|AC  0|TAMS 0x00000003f0000000, 0x00000003f0000000|
|  98|0x00000003f0400000, 0x00000003f0400000, 0x00000003f0800000|  0%| F|  |TS  0|AC  0|TAMS 0x00000003f0400000, 0x00000003f0400000|
|  99|0x00000003f0800000, 0x00000003f0800000, 0x00000003f0c00000|  0%| F|  |TS  0|AC  0|TAMS 0x00000003f0800000, 0x00000003f0800000|
| 100|0x00000003f0c00000, 0x00000003f0c00000, 0x00000003f1000000|  0%| F|  |TS  0|AC  0|TAMS 0x00000003f0c00000, 0x00000003f0c00000|
| 101|0x00000003f1000000, 0x00000003f1000000, 0x00000003f1400000|  0%| F|  |TS  0|AC  0|TAMS 0x00000003f1000000, 0x00000003f1000000|
| 102|0x00000003f1400000, 0x00000003f1400000, 0x00000003f1800000|  0%| F|  |TS  0|AC  0|TAMS 0x00000003f1400000, 0x00000003f1400000|
| 103|0x00000003f1800000, 0x00000003f1800000, 0x00000003f1c00000|  0%| F|  |TS  0|AC  0|TAMS 0x00000003f1800000, 0x00000003f1800000|
| 104|0x00000003f1c00000, 0x00000003f1c00000, 0x00000003f2000000|  0%| F|  |TS  0|AC  0|TAMS 0x00000003f1c00000, 0x00000003f1c00000|
| 105|0x00000003f2000000, 0x00000003f2000000, 0x00000003f2400000|  0%| F|  |TS  0|AC  0|TAMS 0x00000003f2000000, 0x00000003f2000000|
| 106|0x00000003f2400000, 0x00000003f2400000, 0x00000003f2800000|  0%| F|  |TS  0|AC  0|TAMS 0x00000003f2400000, 0x00000003f2400000|
| 107|0x00000003f2800000, 0x00000003f2800000, 0x00000003f2c00000|  0%| F|  |TS  0|AC  0|TAMS 0x00000003f2800000, 0x00000003f2800000|
| 108|0x00000003f2c00000, 0x00000003f2c00000, 0x00000003f3000000|  0%| F|  |TS  0|AC  0|TAMS 0x00000003f2c00000, 0x00000003f2c00000|
| 109|0x00000003f3000000, 0x00000003f3000000, 0x00000003f3400000|  0%| F|  |TS  0|AC  0|TAMS 0x00000003f3000000, 0x00000003f3000000|
| 110|0x00000003f3400000, 0x00000003f3400000, 0x00000003f3800000|  0%| F|  |TS  0|AC  0|TAMS 0x00000003f3400000, 0x00000003f3400000|
| 111|0x00000003f3800000, 0x00000003f3800000, 0x00000003f3c00000|  0%| F|  |TS  0|AC  0|TAMS 0x00000003f3800000, 0x00000003f3800000|
| 112|0x00000003f3c00000, 0x00000003f3c00000, 0x00000003f4000000|  0%| F|  |TS  0|AC  0|TAMS 0x00000003f3c00000, 0x00000003f3c00000|
| 113|0x00000003f4000000, 0x00000003f4000000, 0x00000003f4400000|  0%| F|  |TS  0|AC  0|TAMS 0x00000003f4000000, 0x00000003f4000000|
| 114|0x00000003f4400000, 0x00000003f4400000, 0x00000003f4800000|  0%| F|  |TS  0|AC  0|TAMS 0x00000003f4400000, 0x00000003f4400000|
| 115|0x00000003f4800000, 0x00000003f4800000, 0x00000003f4c00000|  0%| F|  |TS  0|AC  0|TAMS 0x00000003f4800000, 0x00000003f4800000|
| 116|0x00000003f4c00000, 0x00000003f4c00000, 0x00000003f5000000|  0%| F|  |TS  0|AC  0|TAMS 0x00000003f4c00000, 0x00000003f4c00000|
| 117|0x00000003f5000000, 0x00000003f5000000, 0x00000003f5400000|  0%| F|  |TS  0|AC  0|TAMS 0x00000003f5000000, 0x00000003f5000000|
| 118|0x00000003f5400000, 0x00000003f5400000, 0x00000003f5800000|  0%| F|  |TS  0|AC  0|TAMS 0x00000003f5400000, 0x00000003f5400000|
| 119|0x00000003f5800000, 0x00000003f5800000, 0x00000003f5c00000|  0%| F|  |TS  0|AC  0|TAMS 0x00000003f5800000, 0x00000003f5800000|
| 120|0x00000003f5c00000, 0x00000003f5c00000, 0x00000003f6000000|  0%| F|  |TS  0|AC  0|TAMS 0x00000003f5c00000, 0x00000003f5c00000|
| 121|0x00000003f6000000, 0x00000003f6000000, 0x00000003f6400000|  0%| F|  |TS  0|AC  0|TAMS 0x00000003f6000000, 0x00000003f6000000|
| 122|0x00000003f6400000, 0x00000003f6400000, 0x00000003f6800000|  0%| F|  |TS  0|AC  0|TAMS 0x00000003f6400000, 0x00000003f6400000|
| 123|0x00000003f6800000, 0x00000003f6800000, 0x00000003f6c00000|  0%| F|  |TS  0|AC  0|TAMS 0x00000003f6800000, 0x00000003f6800000|
| 124|0x00000003f6c00000, 0x00000003f6c00000, 0x00000003f7000000|  0%| F|  |TS  0|AC  0|TAMS 0x00000003f6c00000, 0x00000003f6c00000|
| 125|0x00000003f7000000, 0x00000003f7000000, 0x00000003f7400000|  0%| F|  |TS  0|AC  0|TAMS 0x00000003f7000000, 0x00000003f7000000|
| 126|0x00000003f7400000, 0x00000003f7400000, 0x00000003f7800000|  0%| F|  |TS  0|AC  0|TAMS 0x00000003f7400000, 0x00000003f7400000|
| 127|0x00000003f7800000, 0x00000003f7800000, 0x00000003f7c00000|  0%| F|  |TS  0|AC  0|TAMS 0x00000003f7800000, 0x00000003f7800000|
| 128|0x00000003f7c00000, 0x00000003f7c00000, 0x00000003f8000000|  0%| F|  |TS  0|AC  0|TAMS 0x00000003f7c00000, 0x00000003f7c00000|
| 129|0x00000003f8000000, 0x00000003f8000000, 0x00000003f8400000|  0%| F|  |TS  0|AC  0|TAMS 0x00000003f8000000, 0x00000003f8000000|
| 130|0x00000003f8400000, 0x00000003f8400000, 0x00000003f8800000|  0%| F|  |TS  0|AC  0|TAMS 0x00000003f8400000, 0x00000003f8400000|
| 131|0x00000003f8800000, 0x00000003f8800000, 0x00000003f8c00000|  0%| F|  |TS  0|AC  0|TAMS 0x00000003f8800000, 0x00000003f8800000|
| 132|0x00000003f8c00000, 0x00000003f8c00000, 0x00000003f9000000|  0%| F|  |TS  0|AC  0|TAMS 0x00000003f8c00000, 0x00000003f8c00000|
| 133|0x00000003f9000000, 0x00000003f9000000, 0x00000003f9400000|  0%| F|  |TS  0|AC  0|TAMS 0x00000003f9000000, 0x00000003f9000000|
| 134|0x00000003f9400000, 0x00000003f9400000, 0x00000003f9800000|  0%| F|  |TS  0|AC  0|TAMS 0x00000003f9400000, 0x00000003f9400000|
| 135|0x00000003f9800000, 0x00000003f9800000, 0x00000003f9c00000|  0%| F|  |TS  0|AC  0|TAMS 0x00000003f9800000, 0x00000003f9800000|
| 136|0x00000003f9c00000, 0x00000003f9c00000, 0x00000003fa000000|  0%| F|  |TS  0|AC  0|TAMS 0x00000003f9c00000, 0x00000003f9c00000|
| 137|0x00000003fa000000, 0x00000003fa000000, 0x00000003fa400000|  0%| F|  |TS  0|AC  0|TAMS 0x00000003fa000000, 0x00000003fa000000|
| 138|0x00000003fa400000, 0x00000003fa400000, 0x00000003fa800000|  0%| F|  |TS  0|AC  0|TAMS 0x00000003fa400000, 0x00000003fa400000|
| 139|0x00000003fa800000, 0x00000003fa800000, 0x00000003fac00000|  0%| F|  |TS  0|AC  0|TAMS 0x00000003fa800000, 0x00000003fa800000|
| 140|0x00000003fac00000, 0x00000003fac00000, 0x00000003fb000000|  0%| F|  |TS  0|AC  0|TAMS 0x00000003fac00000, 0x00000003fac00000|
| 141|0x00000003fb000000, 0x00000003fb000000, 0x00000003fb400000|  0%| F|  |TS  0|AC  0|TAMS 0x00000003fb000000, 0x00000003fb000000|
| 142|0x00000003fb400000, 0x00000003fb400000, 0x00000003fb800000|  0%| F|  |TS  0|AC  0|TAMS 0x00000003fb400000, 0x00000003fb400000|
| 143|0x00000003fb800000, 0x00000003fb800000, 0x00000003fbc00000|  0%| F|  |TS  0|AC  0|TAMS 0x00000003fb800000, 0x00000003fb800000|
| 144|0x00000003fbc00000, 0x00000003fbc00000, 0x00000003fc000000|  0%| F|  |TS  0|AC  0|TAMS 0x00000003fbc00000, 0x00000003fbc00000|
| 145|0x00000003fc000000, 0x00000003fc000000, 0x00000003fc400000|  0%| F|  |TS  0|AC  0|TAMS 0x00000003fc000000, 0x00000003fc000000|
| 146|0x00000003fc400000, 0x00000003fc400000, 0x00000003fc800000|  0%| F|  |TS  0|AC  0|TAMS 0x00000003fc400000, 0x00000003fc400000|
| 147|0x00000003fc800000, 0x00000003fc800000, 0x00000003fcc00000|  0%| F|  |TS  0|AC  0|TAMS 0x00000003fc800000, 0x00000003fc800000|
| 148|0x00000003fcc00000, 0x00000003fcc00000, 0x00000003fd000000|  0%| F|  |TS  0|AC  0|TAMS 0x00000003fcc00000, 0x00000003fcc00000|
| 149|0x00000003fd000000, 0x00000003fd000000, 0x00000003fd400000|  0%| F|  |TS  0|AC  0|TAMS 0x00000003fd000000, 0x00000003fd000000|
| 150|0x00000003fd400000, 0x00000003fd400000, 0x00000003fd800000|  0%| F|  |TS  0|AC  0|TAMS 0x00000003fd400000, 0x00000003fd400000|
| 151|0x00000003fd800000, 0x00000003fd800000, 0x00000003fdc00000|  0%| F|  |TS  0|AC  0|TAMS 0x00000003fd800000, 0x00000003fd800000|
| 152|0x00000003fdc00000, 0x00000003fdc00000, 0x00000003fe000000|  0%| F|  |TS  0|AC  0|TAMS 0x00000003fdc00000, 0x00000003fdc00000|
| 153|0x00000003fe000000, 0x00000003fe000000, 0x00000003fe400000|  0%| F|  |TS  0|AC  0|TAMS 0x00000003fe000000, 0x00000003fe000000|
| 154|0x00000003fe400000, 0x00000003fe400000, 0x00000003fe800000|  0%| F|  |TS  0|AC  0|TAMS 0x00000003fe400000, 0x00000003fe400000|
| 155|0x00000003fe800000, 0x00000003fe800000, 0x00000003fec00000|  0%| F|  |TS  0|AC  0|TAMS 0x00000003fe800000, 0x00000003fe800000|
| 156|0x00000003fec00000, 0x00000003fec00000, 0x00000003ff000000|  0%| F|  |TS  0|AC  0|TAMS 0x00000003fec00000, 0x00000003fec00000|
| 157|0x00000003ff000000, 0x00000003ff000000, 0x00000003ff400000|  0%| F|  |TS  0|AC  0|TAMS 0x00000003ff000000, 0x00000003ff000000|
| 158|0x00000003ff400000, 0x00000003ff400000, 0x00000003ff800000|  0%| F|  |TS  0|AC  0|TAMS 0x00000003ff400000, 0x00000003ff400000|
| 159|0x00000003ff800000, 0x00000003ff800000, 0x00000003ffc00000|  0%| F|  |TS  0|AC  0|TAMS 0x00000003ff800000, 0x00000003ff800000|
| 160|0x00000003ffc00000, 0x00000003ffc00000, 0x0000000400000000|  0%| F|  |TS  0|AC  0|TAMS 0x00000003ffc00000, 0x00000003ffc00000|
| 161|0x0000000400000000, 0x0000000400000000, 0x0000000400400000|  0%| F|  |TS  0|AC  0|TAMS 0x0000000400000000, 0x0000000400000000|
| 162|0x0000000400400000, 0x0000000400400000, 0x0000000400800000|  0%| F|  |TS  0|AC  0|TAMS 0x0000000400400000, 0x0000000400400000|
| 163|0x0000000400800000, 0x0000000400800000, 0x0000000400c00000|  0%| F|  |TS  0|AC  0|TAMS 0x0000000400800000, 0x0000000400800000|
| 164|0x0000000400c00000, 0x0000000400c00000, 0x0000000401000000|  0%| F|  |TS  0|AC  0|TAMS 0x0000000400c00000, 0x0000000400c00000|
| 165|0x0000000401000000, 0x0000000401000000, 0x0000000401400000|  0%| F|  |TS  0|AC  0|TAMS 0x0000000401000000, 0x0000000401000000|
| 166|0x0000000401400000, 0x0000000401400000, 0x0000000401800000|  0%| F|  |TS  0|AC  0|TAMS 0x0000000401400000, 0x0000000401400000|
| 167|0x0000000401800000, 0x0000000401800000, 0x0000000401c00000|  0%| F|  |TS  0|AC  0|TAMS 0x0000000401800000, 0x0000000401800000|
| 168|0x0000000401c00000, 0x0000000401c00000, 0x0000000402000000|  0%| F|  |TS  0|AC  0|TAMS 0x0000000401c00000, 0x0000000401c00000|
| 169|0x0000000402000000, 0x0000000402000000, 0x0000000402400000|  0%| F|  |TS  0|AC  0|TAMS 0x0000000402000000, 0x0000000402000000|
| 170|0x0000000402400000, 0x0000000402400000, 0x0000000402800000|  0%| F|  |TS  0|AC  0|TAMS 0x0000000402400000, 0x0000000402400000|
| 171|0x0000000402800000, 0x0000000402800000, 0x0000000402c00000|  0%| F|  |TS  0|AC  0|TAMS 0x0000000402800000, 0x0000000402800000|
| 172|0x0000000402c00000, 0x0000000402c00000, 0x0000000403000000|  0%| F|  |TS  0|AC  0|TAMS 0x0000000402c00000, 0x0000000402c00000|
| 173|0x0000000403000000, 0x0000000403000000, 0x0000000403400000|  0%| F|  |TS  0|AC  0|TAMS 0x0000000403000000, 0x0000000403000000|
| 174|0x0000000403400000, 0x0000000403400000, 0x0000000403800000|  0%| F|  |TS  0|AC  0|TAMS 0x0000000403400000, 0x0000000403400000|
| 175|0x0000000403800000, 0x0000000403800000, 0x0000000403c00000|  0%| F|  |TS  0|AC  0|TAMS 0x0000000403800000, 0x0000000403800000|
| 176|0x0000000403c00000, 0x0000000403c00000, 0x0000000404000000|  0%| F|  |TS  0|AC  0|TAMS 0x0000000403c00000, 0x0000000403c00000|
| 177|0x0000000404000000, 0x0000000404000000, 0x0000000404400000|  0%| F|  |TS  0|AC  0|TAMS 0x0000000404000000, 0x0000000404000000|
| 178|0x0000000404400000, 0x0000000404400000, 0x0000000404800000|  0%| F|  |TS  0|AC  0|TAMS 0x0000000404400000, 0x0000000404400000|
| 179|0x0000000404800000, 0x0000000404800000, 0x0000000404c00000|  0%| F|  |TS  0|AC  0|TAMS 0x0000000404800000, 0x0000000404800000|
| 180|0x0000000404c00000, 0x0000000404c00000, 0x0000000405000000|  0%| F|  |TS  0|AC  0|TAMS 0x0000000404c00000, 0x0000000404c00000|
| 181|0x0000000405000000, 0x0000000405000000, 0x0000000405400000|  0%| F|  |TS  0|AC  0|TAMS 0x0000000405000000, 0x0000000405000000|
| 182|0x0000000405400000, 0x0000000405400000, 0x0000000405800000|  0%| F|  |TS  0|AC  0|TAMS 0x0000000405400000, 0x0000000405400000|
| 183|0x0000000405800000, 0x0000000405800000, 0x0000000405c00000|  0%| F|  |TS  0|AC  0|TAMS 0x0000000405800000, 0x0000000405800000|
| 184|0x0000000405c00000, 0x0000000405c00000, 0x0000000406000000|  0%| F|  |TS  0|AC  0|TAMS 0x0000000405c00000, 0x0000000405c00000|
| 185|0x0000000406000000, 0x0000000406000000, 0x0000000406400000|  0%| F|  |TS  0|AC  0|TAMS 0x0000000406000000, 0x0000000406000000|
| 186|0x0000000406400000, 0x0000000406400000, 0x0000000406800000|  0%| F|  |TS  0|AC  0|TAMS 0x0000000406400000, 0x0000000406400000|
| 187|0x0000000406800000, 0x0000000406800000, 0x0000000406c00000|  0%| F|  |TS  0|AC  0|TAMS 0x0000000406800000, 0x0000000406800000|
| 188|0x0000000406c00000, 0x0000000406c00000, 0x0000000407000000|  0%| F|  |TS  0|AC  0|TAMS 0x0000000406c00000, 0x0000000406c00000|
| 189|0x0000000407000000, 0x0000000407000000, 0x0000000407400000|  0%| F|  |TS  0|AC  0|TAMS 0x0000000407000000, 0x0000000407000000|
| 190|0x0000000407400000, 0x0000000407400000, 0x0000000407800000|  0%| F|  |TS  0|AC  0|TAMS 0x0000000407400000, 0x0000000407400000|
| 191|0x0000000407800000, 0x0000000407800000, 0x0000000407c00000|  0%| F|  |TS  0|AC  0|TAMS 0x0000000407800000, 0x0000000407800000|
| 192|0x0000000407c00000, 0x0000000407c00000, 0x0000000408000000|  0%| F|  |TS  0|AC  0|TAMS 0x0000000407c00000, 0x0000000407c00000|
| 193|0x0000000408000000, 0x0000000408000000, 0x0000000408400000|  0%| F|  |TS  0|AC  0|TAMS 0x0000000408000000, 0x0000000408000000|
| 194|0x0000000408400000, 0x0000000408400000, 0x0000000408800000|  0%| F|  |TS  0|AC  0|TAMS 0x0000000408400000, 0x0000000408400000|
| 195|0x0000000408800000, 0x0000000408800000, 0x0000000408c00000|  0%| F|  |TS  0|AC  0|TAMS 0x0000000408800000, 0x0000000408800000|
| 196|0x0000000408c00000, 0x0000000408c00000, 0x0000000409000000|  0%| F|  |TS  0|AC  0|TAMS 0x0000000408c00000, 0x0000000408c00000|
| 197|0x0000000409000000, 0x0000000409000000, 0x0000000409400000|  0%| F|  |TS  0|AC  0|TAMS 0x0000000409000000, 0x0000000409000000|
| 198|0x0000000409400000, 0x0000000409400000, 0x0000000409800000|  0%| F|  |TS  0|AC  0|TAMS 0x0000000409400000, 0x0000000409400000|
| 199|0x0000000409800000, 0x0000000409800000, 0x0000000409c00000|  0%| F|  |TS  0|AC  0|TAMS 0x0000000409800000, 0x0000000409800000|
| 200|0x0000000409c00000, 0x0000000409c00000, 0x000000040a000000|  0%| F|  |TS  0|AC  0|TAMS 0x0000000409c00000, 0x0000000409c00000|
| 201|0x000000040a000000, 0x000000040a000000, 0x000000040a400000|  0%| F|  |TS  0|AC  0|TAMS 0x000000040a000000, 0x000000040a000000|
| 202|0x000000040a400000, 0x000000040a400000, 0x000000040a800000|  0%| F|  |TS  0|AC  0|TAMS 0x000000040a400000, 0x000000040a400000|
| 203|0x000000040a800000, 0x000000040a800000, 0x000000040ac00000|  0%| F|  |TS  0|AC  0|TAMS 0x000000040a800000, 0x000000040a800000|
| 204|0x000000040ac00000, 0x000000040ac00000, 0x000000040b000000|  0%| F|  |TS  0|AC  0|TAMS 0x000000040ac00000, 0x000000040ac00000|
| 205|0x000000040b000000, 0x000000040b000000, 0x000000040b400000|  0%| F|  |TS  0|AC  0|TAMS 0x000000040b000000, 0x000000040b000000|
| 206|0x000000040b400000, 0x000000040b400000, 0x000000040b800000|  0%| F|  |TS  0|AC  0|TAMS 0x000000040b400000, 0x000000040b400000|
| 207|0x000000040b800000, 0x000000040b800000, 0x000000040bc00000|  0%| F|  |TS  0|AC  0|TAMS 0x000000040b800000, 0x000000040b800000|
| 208|0x000000040bc00000, 0x000000040bc00000, 0x000000040c000000|  0%| F|  |TS  0|AC  0|TAMS 0x000000040bc00000, 0x000000040bc00000|
| 209|0x000000040c000000, 0x000000040c000000, 0x000000040c400000|  0%| F|  |TS  0|AC  0|TAMS 0x000000040c000000, 0x000000040c000000|
| 210|0x000000040c400000, 0x000000040c400000, 0x000000040c800000|  0%| F|  |TS  0|AC  0|TAMS 0x000000040c400000, 0x000000040c400000|
| 211|0x000000040c800000, 0x000000040c800000, 0x000000040cc00000|  0%| F|  |TS  0|AC  0|TAMS 0x000000040c800000, 0x000000040c800000|
| 212|0x000000040cc00000, 0x000000040cc00000, 0x000000040d000000|  0%| F|  |TS  0|AC  0|TAMS 0x000000040cc00000, 0x000000040cc00000|
| 213|0x000000040d000000, 0x000000040d000000, 0x000000040d400000|  0%| F|  |TS  0|AC  0|TAMS 0x000000040d000000, 0x000000040d000000|
| 214|0x000000040d400000, 0x000000040d400000, 0x000000040d800000|  0%| F|  |TS  0|AC  0|TAMS 0x000000040d400000, 0x000000040d400000|
| 215|0x000000040d800000, 0x000000040d800000, 0x000000040dc00000|  0%| F|  |TS  0|AC  0|TAMS 0x000000040d800000, 0x000000040d800000|
| 216|0x000000040dc00000, 0x000000040dc00000, 0x000000040e000000|  0%| F|  |TS  0|AC  0|TAMS 0x000000040dc00000, 0x000000040dc00000|
| 217|0x000000040e000000, 0x000000040e000000, 0x000000040e400000|  0%| F|  |TS  0|AC  0|TAMS 0x000000040e000000, 0x000000040e000000|
| 218|0x000000040e400000, 0x000000040e400000, 0x000000040e800000|  0%| F|  |TS  0|AC  0|TAMS 0x000000040e400000, 0x000000040e400000|
| 219|0x000000040e800000, 0x000000040e800000, 0x000000040ec00000|  0%| F|  |TS  0|AC  0|TAMS 0x000000040e800000, 0x000000040e800000|
| 220|0x000000040ec00000, 0x000000040ec00000, 0x000000040f000000|  0%| F|  |TS  0|AC  0|TAMS 0x000000040ec00000, 0x000000040ec00000|
| 221|0x000000040f000000, 0x000000040f000000, 0x000000040f400000|  0%| F|  |TS  0|AC  0|TAMS 0x000000040f000000, 0x000000040f000000|
| 222|0x000000040f400000, 0x000000040f400000, 0x000000040f800000|  0%| F|  |TS  0|AC  0|TAMS 0x000000040f400000, 0x000000040f400000|
| 223|0x000000040f800000, 0x000000040f800000, 0x000000040fc00000|  0%| F|  |TS  0|AC  0|TAMS 0x000000040f800000, 0x000000040f800000|
| 224|0x000000040fc00000, 0x000000040fc00000, 0x0000000410000000|  0%| F|  |TS  0|AC  0|TAMS 0x000000040fc00000, 0x000000040fc00000|
| 225|0x0000000410000000, 0x0000000410000000, 0x0000000410400000|  0%| F|  |TS  0|AC  0|TAMS 0x0000000410000000, 0x0000000410000000|
| 226|0x0000000410400000, 0x0000000410400000, 0x0000000410800000|  0%| F|  |TS  0|AC  0|TAMS 0x0000000410400000, 0x0000000410400000|
| 227|0x0000000410800000, 0x0000000410800000, 0x0000000410c00000|  0%| F|  |TS  0|AC  0|TAMS 0x0000000410800000, 0x0000000410800000|
| 228|0x0000000410c00000, 0x0000000410c00000, 0x0000000411000000|  0%| F|  |TS  0|AC  0|TAMS 0x0000000410c00000, 0x0000000410c00000|
| 229|0x0000000411000000, 0x0000000411000000, 0x0000000411400000|  0%| F|  |TS  0|AC  0|TAMS 0x0000000411000000, 0x0000000411000000|
| 230|0x0000000411400000, 0x0000000411400000, 0x0000000411800000|  0%| F|  |TS  0|AC  0|TAMS 0x0000000411400000, 0x0000000411400000|
| 231|0x0000000411800000, 0x0000000411800000, 0x0000000411c00000|  0%| F|  |TS  0|AC  0|TAMS 0x0000000411800000, 0x0000000411800000|
| 232|0x0000000411c00000, 0x0000000411c00000, 0x0000000412000000|  0%| F|  |TS  0|AC  0|TAMS 0x0000000411c00000, 0x0000000411c00000|
| 233|0x0000000412000000, 0x0000000412000000, 0x0000000412400000|  0%| F|  |TS  0|AC  0|TAMS 0x0000000412000000, 0x0000000412000000|
| 234|0x0000000412400000, 0x0000000412400000, 0x0000000412800000|  0%| F|  |TS  0|AC  0|TAMS 0x0000000412400000, 0x0000000412400000|
| 235|0x0000000412800000, 0x0000000412800000, 0x0000000412c00000|  0%| F|  |TS  0|AC  0|TAMS 0x0000000412800000, 0x0000000412800000|
| 236|0x0000000412c00000, 0x0000000412c00000, 0x0000000413000000|  0%| F|  |TS  0|AC  0|TAMS 0x0000000412c00000, 0x0000000412c00000|
| 237|0x0000000413000000, 0x0000000413000000, 0x0000000413400000|  0%| F|  |TS  0|AC  0|TAMS 0x0000000413000000, 0x0000000413000000|
| 238|0x0000000413400000, 0x0000000413400000, 0x0000000413800000|  0%| F|  |TS  0|AC  0|TAMS 0x0000000413400000, 0x0000000413400000|
| 239|0x0000000413800000, 0x0000000413800000, 0x0000000413c00000|  0%| F|  |TS  0|AC  0|TAMS 0x0000000413800000, 0x0000000413800000|
| 240|0x0000000413c00000, 0x0000000413c00000, 0x0000000414000000|  0%| F|  |TS  0|AC  0|TAMS 0x0000000413c00000, 0x0000000413c00000|
| 241|0x0000000414000000, 0x0000000414000000, 0x0000000414400000|  0%| F|  |TS  0|AC  0|TAMS 0x0000000414000000, 0x0000000414000000|
| 242|0x0000000414400000, 0x0000000414400000, 0x0000000414800000|  0%| F|  |TS  0|AC  0|TAMS 0x0000000414400000, 0x0000000414400000|
| 243|0x0000000414800000, 0x0000000414800000, 0x0000000414c00000|  0%| F|  |TS  0|AC  0|TAMS 0x0000000414800000, 0x0000000414800000|
| 244|0x0000000414c00000, 0x0000000414c00000, 0x0000000415000000|  0%| F|  |TS  0|AC  0|TAMS 0x0000000414c00000, 0x0000000414c00000|
| 245|0x0000000415000000, 0x0000000415000000, 0x0000000415400000|  0%| F|  |TS  0|AC  0|TAMS 0x0000000415000000, 0x0000000415000000|
| 246|0x0000000415400000, 0x0000000415400000, 0x0000000415800000|  0%| F|  |TS  0|AC  0|TAMS 0x0000000415400000, 0x0000000415400000|
| 247|0x0000000415800000, 0x0000000415800000, 0x0000000415c00000|  0%| F|  |TS  0|AC  0|TAMS 0x0000000415800000, 0x0000000415800000|
| 248|0x0000000415c00000, 0x0000000416000000, 0x0000000416000000|100%| E|  |TS  0|AC  0|TAMS 0x0000000415c00000, 0x0000000415c00000|
| 249|0x0000000416000000, 0x0000000416400000, 0x0000000416400000|100%| E|CS|TS  0|AC  0|TAMS 0x0000000416000000, 0x0000000416000000|
| 250|0x0000000416400000, 0x0000000416800000, 0x0000000416800000|100%| E|CS|TS  0|AC  0|TAMS 0x0000000416400000, 0x0000000416400000|

Card table byte_map: [0x00007fc4d817c000,0x00007fc4da0be000] byte_map_base: 0x00007fc4d62be000

Marking Bits (Prev, Next): (CMBitMap*) 0x00007fc59c09e820, (CMBitMap*) 0x00007fc59c09e858
 Prev Bits: [0x00007fc4c26ae000, 0x00007fc4d20be000)
 Next Bits: [0x00007fc4b2c9e000, 0x00007fc4c26ae000)

Polling page: 0x00007fc5a3bd4000

CodeHeap 'non-profiled nmethods': size=119172Kb used=160Kb max_used=160Kb free=119011Kb
 bounds [0x00007fc5896e2000, 0x00007fc589952000, 0x00007fc590b43000]
CodeHeap 'profiled nmethods': size=119172Kb used=318Kb max_used=318Kb free=118853Kb
 bounds [0x00007fc582281000, 0x00007fc5824f1000, 0x00007fc5896e2000]
CodeHeap 'non-nmethods': size=7416Kb used=2827Kb max_used=2884Kb free=4588Kb
 bounds [0x00007fc581b43000, 0x00007fc581e23000, 0x00007fc582281000]
 total_blobs=631 nmethods=244 adapters=168
 compilation: enabled

Compilation events (10 events):
Event: 0.263 Thread 0x00007fc59c2af000  244   !   4       java.io.PrintStream::newLine (73 bytes)
Event: 0.267 Thread 0x00007fc59c2b4800 nmethod 237 0x00007fc5896f8f90 code [0x00007fc5896f91c0, 0x00007fc5896f9f88]
Event: 0.267 Thread 0x00007fc59c2b8800 nmethod 221 0x00007fc5896fa610 code [0x00007fc5896fa880, 0x00007fc5896fbc88]
Event: 0.272 Thread 0x00007fc59c2b6800 nmethod 232 0x00007fc5896fc610 code [0x00007fc5896fc840, 0x00007fc5896fd288]
Event: 0.272 Thread 0x00007fc59c2ad000 nmethod 241 0x00007fc5896fdc10 code [0x00007fc5896fdde0, 0x00007fc5896fe418]
Event: 0.285 Thread 0x00007fc59c2b2800 nmethod 235 0x00007fc5896fe910 code [0x00007fc5896feb80, 0x00007fc5896ffc48]
Event: 0.293 Thread 0x00007fc59c2af000 nmethod 244 0x00007fc589700510 code [0x00007fc589700820, 0x00007fc589702be0]
Event: 0.297 Thread 0x00007fc59c2ba800 nmethod 242 0x00007fc589703e90 code [0x00007fc589704160, 0x00007fc589705920]
Event: 0.318 Thread 0x00007fc59c2b1000 nmethod 243 0x00007fc589706a10 code [0x00007fc589706d00, 0x00007fc589708ef0]
Event: 0.415 Thread 0x00007fc59c2bc800  245 %     3       org.eclipse.core.runtime.adaptor.EclipseStarter::main @ 5367 (7040 bytes)

GC Heap History (0 events):
No events

Deoptimization events (0 events):
No events

Classes redefined (0 events):
No events

Internal exceptions (0 events):
No events

Events (10 events):
Event: 0.270 Thread 0x00007fc59c011800 DEOPT PACKING pc=0x00007fc5822b1aa4 sp=0x00007fc5a227ed00
Event: 0.270 Thread 0x00007fc59c011800 DEOPT UNPACKING pc=0x00007fc581b90aab sp=0x00007fc5a227e2e8 mode 0
Event: 0.270 Thread 0x00007fc59c011800 DEOPT PACKING pc=0x00007fc5822b1aa4 sp=0x00007fc5a227ed00
Event: 0.270 Thread 0x00007fc59c011800 DEOPT UNPACKING pc=0x00007fc581b90aab sp=0x00007fc5a227e2e8 mode 0
Event: 0.270 Thread 0x00007fc59c011800 DEOPT PACKING pc=0x00007fc5822b1aa4 sp=0x00007fc5a227ed00
Event: 0.270 Thread 0x00007fc59c011800 DEOPT UNPACKING pc=0x00007fc581b90aab sp=0x00007fc5a227e2e8 mode 0
Event: 0.270 Thread 0x00007fc59c011800 DEOPT PACKING pc=0x00007fc5822b1aa4 sp=0x00007fc5a227ed00
Event: 0.270 Thread 0x00007fc59c011800 DEOPT UNPACKING pc=0x00007fc581b90aab sp=0x00007fc5a227e2e8 mode 0
Event: 0.271 Thread 0x00007fc59c011800 DEOPT PACKING pc=0x00007fc5822b1aa4 sp=0x00007fc5a227ed00
Event: 0.271 Thread 0x00007fc59c011800 DEOPT UNPACKING pc=0x00007fc581b90aab sp=0x00007fc5a227e2e8 mode 0


Dynamic libraries:
00400000-00401000 r-xp 00000000 00:65 77077150                           /root/oracle/jdk-9.0.4/bin/java
00600000-00601000 rw-p 00000000 00:65 77077150                           /root/oracle/jdk-9.0.4/bin/java
01c35000-01c56000 rw-p 00000000 00:00 0                                  [heap]
3d7c00000-416800000 rw-p 00000000 00:00 0 
416800000-7c0000000 ---p 00000000 00:00 0 
7c0000000-7c0080000 rw-p 00000000 00:00 0 
7c0080000-800000000 ---p 00000000 00:00 0 
7fc440000000-7fc440021000 rw-p 00000000 00:00 0 
7fc440021000-7fc444000000 ---p 00000000 00:00 0 
7fc448000000-7fc448021000 rw-p 00000000 00:00 0 
7fc448021000-7fc44c000000 ---p 00000000 00:00 0 
7fc44c000000-7fc44c021000 rw-p 00000000 00:00 0 
7fc44c021000-7fc450000000 ---p 00000000 00:00 0 
7fc450000000-7fc45004d000 rw-p 00000000 00:00 0 
7fc45004d000-7fc454000000 ---p 00000000 00:00 0 
7fc454000000-7fc454021000 rw-p 00000000 00:00 0 
7fc454021000-7fc458000000 ---p 00000000 00:00 0 
7fc458000000-7fc458022000 rw-p 00000000 00:00 0 
7fc458022000-7fc45c000000 ---p 00000000 00:00 0 
7fc45c000000-7fc45c02b000 rw-p 00000000 00:00 0 
7fc45c02b000-7fc460000000 ---p 00000000 00:00 0 
7fc460000000-7fc4601b2000 rw-p 00000000 00:00 0 
7fc4601b2000-7fc464000000 ---p 00000000 00:00 0 
7fc464000000-7fc464070000 rw-p 00000000 00:00 0 
7fc464070000-7fc468000000 ---p 00000000 00:00 0 
7fc468000000-7fc468187000 rw-p 00000000 00:00 0 
7fc468187000-7fc46c000000 ---p 00000000 00:00 0 
7fc46c000000-7fc46c20c000 rw-p 00000000 00:00 0 
7fc46c20c000-7fc470000000 ---p 00000000 00:00 0 
7fc470000000-7fc47022c000 rw-p 00000000 00:00 0 
7fc47022c000-7fc474000000 ---p 00000000 00:00 0 
7fc474000000-7fc4740a6000 rw-p 00000000 00:00 0 
7fc4740a6000-7fc478000000 ---p 00000000 00:00 0 
7fc478000000-7fc478387000 rw-p 00000000 00:00 0 
7fc478387000-7fc47c000000 ---p 00000000 00:00 0 
7fc47c000000-7fc47c256000 rw-p 00000000 00:00 0 
7fc47c256000-7fc480000000 ---p 00000000 00:00 0 
7fc480000000-7fc480021000 rw-p 00000000 00:00 0 
7fc480021000-7fc484000000 ---p 00000000 00:00 0 
7fc484000000-7fc4841e1000 rw-p 00000000 00:00 0 
7fc4841e1000-7fc488000000 ---p 00000000 00:00 0 
7fc488000000-7fc488021000 rw-p 00000000 00:00 0 
7fc488021000-7fc48c000000 ---p 00000000 00:00 0 
7fc48c000000-7fc48c021000 rw-p 00000000 00:00 0 
7fc48c021000-7fc490000000 ---p 00000000 00:00 0 
7fc490000000-7fc490021000 rw-p 00000000 00:00 0 
7fc490021000-7fc494000000 ---p 00000000 00:00 0 
7fc494000000-7fc494021000 rw-p 00000000 00:00 0 
7fc494021000-7fc498000000 ---p 00000000 00:00 0 
7fc499c94000-7fc499fc2000 rw-p 00000000 00:00 0 
7fc499fc2000-7fc499fc3000 ---p 00000000 00:00 0 
7fc499fc3000-7fc49a0c4000 rw-p 00000000 00:00 0 
7fc49a0c4000-7fc49a0c8000 ---p 00000000 00:00 0 
7fc49a0c8000-7fc49a1c5000 rw-p 00000000 00:00 0 
7fc49a1c5000-7fc49a1c9000 ---p 00000000 00:00 0 
7fc49a1c9000-7fc49a2c6000 rw-p 00000000 00:00 0 
7fc49a2c6000-7fc49a2dc000 r-xp 00000000 00:65 77077477                   /root/oracle/jdk-9.0.4/lib/libnet.so
7fc49a2dc000-7fc49a4dc000 ---p 00016000 00:65 77077477                   /root/oracle/jdk-9.0.4/lib/libnet.so
7fc49a4dc000-7fc49a4dd000 rw-p 00016000 00:65 77077477                   /root/oracle/jdk-9.0.4/lib/libnet.so
7fc49a4dd000-7fc49a4ed000 r-xp 00000000 00:65 77077594                   /root/oracle/jdk-9.0.4/lib/libnio.so
7fc49a4ed000-7fc49a6ed000 ---p 00010000 00:65 77077594                   /root/oracle/jdk-9.0.4/lib/libnio.so
7fc49a6ed000-7fc49a6ee000 rw-p 00010000 00:65 77077594                   /root/oracle/jdk-9.0.4/lib/libnio.so
7fc49a6ee000-7fc49a6f2000 ---p 00000000 00:00 0 
7fc49a6f2000-7fc49a7ef000 rw-p 00000000 00:00 0 
7fc49a7ef000-7fc49a7f3000 ---p 00000000 00:00 0 
7fc49a7f3000-7fc49a8f0000 rw-p 00000000 00:00 0 
7fc49a8f0000-7fc49a8f4000 ---p 00000000 00:00 0 
7fc49a8f4000-7fc49a9f1000 rw-p 00000000 00:00 0 
7fc49a9f1000-7fc49a9f5000 ---p 00000000 00:00 0 
7fc49a9f5000-7fc49aaf2000 rw-p 00000000 00:00 0 
7fc49aaf2000-7fc49aaf6000 ---p 00000000 00:00 0 
7fc49aaf6000-7fc49abf3000 rw-p 00000000 00:00 0 
7fc49abf3000-7fc49abf7000 ---p 00000000 00:00 0 
7fc49abf7000-7fc49acf4000 rw-p 00000000 00:00 0 
7fc49acf4000-7fc49acf8000 ---p 00000000 00:00 0 
7fc49acf8000-7fc49adf5000 rw-p 00000000 00:00 0 
7fc49adf5000-7fc49adf9000 ---p 00000000 00:00 0 
7fc49adf9000-7fc49aef6000 rw-p 00000000 00:00 0 
7fc49aef6000-7fc49aefa000 ---p 00000000 00:00 0 
7fc49aefa000-7fc49aff7000 rw-p 00000000 00:00 0 
7fc49aff7000-7fc49affb000 ---p 00000000 00:00 0 
7fc49affb000-7fc49b0f8000 rw-p 00000000 00:00 0 
7fc49b0f8000-7fc49b0fc000 ---p 00000000 00:00 0 
7fc49b0fc000-7fc49b1f9000 rw-p 00000000 00:00 0 
7fc49b1f9000-7fc49b1fd000 ---p 00000000 00:00 0 
7fc49b1fd000-7fc49b2fa000 rw-p 00000000 00:00 0 
7fc49b2fa000-7fc49b2fe000 ---p 00000000 00:00 0 
7fc49b2fe000-7fc49b3fb000 rw-p 00000000 00:00 0 
7fc49b3fb000-7fc49b3ff000 ---p 00000000 00:00 0 
7fc49b3ff000-7fc49b4fc000 rw-p 00000000 00:00 0 
7fc49b4fc000-7fc49b500000 ---p 00000000 00:00 0 
7fc49b500000-7fc49b5fd000 rw-p 00000000 00:00 0 
7fc49b5fd000-7fc49b601000 ---p 00000000 00:00 0 
7fc49b601000-7fc49b6fe000 rw-p 00000000 00:00 0 
7fc49b6fe000-7fc49b6ff000 ---p 00000000 00:00 0 
7fc49b6ff000-7fc49bc40000 rw-p 00000000 00:00 0 
7fc49bc40000-7fc49c000000 ---p 00000000 00:00 0 
7fc49c000000-7fc49c021000 rw-p 00000000 00:00 0 
7fc49c021000-7fc4a0000000 ---p 00000000 00:00 0 
7fc4a0000000-7fc4a0021000 rw-p 00000000 00:00 0 
7fc4a0021000-7fc4a4000000 ---p 00000000 00:00 0 
7fc4a4000000-7fc4a4021000 rw-p 00000000 00:00 0 
7fc4a4021000-7fc4a8000000 ---p 00000000 00:00 0 
7fc4a8000000-7fc4a8021000 rw-p 00000000 00:00 0 
7fc4a8021000-7fc4ac000000 ---p 00000000 00:00 0 
7fc4ac000000-7fc4ac021000 rw-p 00000000 00:00 0 
7fc4ac021000-7fc4b0000000 ---p 00000000 00:00 0 
7fc4b0092000-7fc4b0c9e000 rw-p 00000000 00:00 0 
7fc4b0c9e000-7fc4b2c9e000 rwxp 00000000 00:00 0 
7fc4b2c9e000-7fc4b3c4e000 rw-p 00000000 00:00 0 
7fc4b3c4e000-7fc4c26ae000 ---p 00000000 00:00 0 
7fc4c26ae000-7fc4c365e000 rw-p 00000000 00:00 0 
7fc4c365e000-7fc4d20be000 ---p 00000000 00:00 0 
7fc4d20be000-7fc4d22b4000 rw-p 00000000 00:00 0 
7fc4d22b4000-7fc4d4000000 ---p 00000000 00:00 0 
7fc4d4000000-7fc4d4021000 rw-p 00000000 00:00 0 
7fc4d4021000-7fc4d8000000 ---p 00000000 00:00 0 
7fc4d8005000-7fc4d8372000 rw-p 00000000 00:00 0 
7fc4d8372000-7fc4dc000000 ---p 00000000 00:00 0 
7fc4dc000000-7fc4dc021000 rw-p 00000000 00:00 0 
7fc4dc021000-7fc4e0000000 ---p 00000000 00:00 0 
7fc4e0000000-7fc4e0021000 rw-p 00000000 00:00 0 
7fc4e0021000-7fc4e4000000 ---p 00000000 00:00 0 
7fc4e4000000-7fc4e4021000 rw-p 00000000 00:00 0 
7fc4e4021000-7fc4e8000000 ---p 00000000 00:00 0 
7fc4e8000000-7fc4e8021000 rw-p 00000000 00:00 0 
7fc4e8021000-7fc4ec000000 ---p 00000000 00:00 0 
7fc4ec000000-7fc4ec021000 rw-p 00000000 00:00 0 
7fc4ec021000-7fc4f0000000 ---p 00000000 00:00 0 
7fc4f0000000-7fc4f0021000 rw-p 00000000 00:00 0 
7fc4f0021000-7fc4f4000000 ---p 00000000 00:00 0 
7fc4f4000000-7fc4f4021000 rw-p 00000000 00:00 0 
7fc4f4021000-7fc4f8000000 ---p 00000000 00:00 0 
7fc4f8000000-7fc4f8021000 rw-p 00000000 00:00 0 
7fc4f8021000-7fc4fc000000 ---p 00000000 00:00 0 
7fc4fc000000-7fc4fc021000 rw-p 00000000 00:00 0 
7fc4fc021000-7fc500000000 ---p 00000000 00:00 0 
7fc500000000-7fc500021000 rw-p 00000000 00:00 0 
7fc500021000-7fc504000000 ---p 00000000 00:00 0 
7fc504000000-7fc504021000 rw-p 00000000 00:00 0 
7fc504021000-7fc508000000 ---p 00000000 00:00 0 
7fc508000000-7fc508021000 rw-p 00000000 00:00 0 
7fc508021000-7fc50c000000 ---p 00000000 00:00 0 
7fc50c000000-7fc50c021000 rw-p 00000000 00:00 0 
7fc50c021000-7fc510000000 ---p 00000000 00:00 0 
7fc510018000-7fc5107ab000 rw-p 00000000 00:00 0 
7fc5107ab000-7fc5107ac000 ---p 00000000 00:00 0 
7fc5107ac000-7fc5108ad000 rw-p 00000000 00:00 0 
7fc5108ad000-7fc5108ae000 ---p 00000000 00:00 0 
7fc5108ae000-7fc5109af000 rw-p 00000000 00:00 0 
7fc5109af000-7fc5109b0000 ---p 00000000 00:00 0 
7fc5109b0000-7fc510ab1000 rw-p 00000000 00:00 0 
7fc510ab1000-7fc510ab2000 ---p 00000000 00:00 0 
7fc510ab2000-7fc510bb3000 rw-p 00000000 00:00 0 
7fc510bb3000-7fc510bb4000 ---p 00000000 00:00 0 
7fc510bb4000-7fc510cb5000 rw-p 00000000 00:00 0 
7fc510cb5000-7fc510cb6000 ---p 00000000 00:00 0 
7fc510cb6000-7fc511498000 rw-p 00000000 00:00 0 
7fc511498000-7fc5131e4000 ---p 00000000 00:00 0 
7fc5131e4000-7fc5131e5000 ---p 00000000 00:00 0 
7fc5131e5000-7fc5132e6000 rw-p 00000000 00:00 0 
7fc5132e6000-7fc5132e7000 ---p 00000000 00:00 0 
7fc5132e7000-7fc5133e8000 rw-p 00000000 00:00 0 
7fc5133e8000-7fc5133e9000 ---p 00000000 00:00 0 
7fc5133e9000-7fc5134ea000 rw-p 00000000 00:00 0 
7fc5134ea000-7fc5134eb000 ---p 00000000 00:00 0 
7fc5134eb000-7fc5135ec000 rw-p 00000000 00:00 0 
7fc5135ec000-7fc5135ed000 ---p 00000000 00:00 0 
7fc5135ed000-7fc5136ee000 rw-p 00000000 00:00 0 
7fc5136ee000-7fc5136ef000 ---p 00000000 00:00 0 
7fc5136ef000-7fc5137f0000 rw-p 00000000 00:00 0 
7fc5137f0000-7fc5137f1000 ---p 00000000 00:00 0 
7fc5137f1000-7fc5138f2000 rw-p 00000000 00:00 0 
7fc5138f2000-7fc5138f3000 ---p 00000000 00:00 0 
7fc5138f3000-7fc5139f4000 rw-p 00000000 00:00 0 
7fc5139f4000-7fc5139f5000 ---p 00000000 00:00 0 
7fc5139f5000-7fc513af6000 rw-p 00000000 00:00 0 
7fc513af6000-7fc513af7000 ---p 00000000 00:00 0 
7fc513af7000-7fc513bf8000 rw-p 00000000 00:00 0 
7fc513bf8000-7fc513bf9000 ---p 00000000 00:00 0 
7fc513bf9000-7fc513cfa000 rw-p 00000000 00:00 0 
7fc513cfa000-7fc513cfb000 ---p 00000000 00:00 0 
7fc513cfb000-7fc513dfc000 rw-p 00000000 00:00 0 
7fc513dfc000-7fc513dfd000 ---p 00000000 00:00 0 
7fc513dfd000-7fc513efe000 rw-p 00000000 00:00 0 
7fc513efe000-7fc513eff000 ---p 00000000 00:00 0 
7fc513eff000-7fc514000000 rw-p 00000000 00:00 0 
7fc514000000-7fc514021000 rw-p 00000000 00:00 0 
7fc514021000-7fc518000000 ---p 00000000 00:00 0 
7fc518000000-7fc518021000 rw-p 00000000 00:00 0 
7fc518021000-7fc51c000000 ---p 00000000 00:00 0 
7fc51c000000-7fc51c021000 rw-p 00000000 00:00 0 
7fc51c021000-7fc520000000 ---p 00000000 00:00 0 
7fc520000000-7fc520021000 rw-p 00000000 00:00 0 
7fc520021000-7fc524000000 ---p 00000000 00:00 0 
7fc524000000-7fc524021000 rw-p 00000000 00:00 0 
7fc524021000-7fc528000000 ---p 00000000 00:00 0 
7fc528000000-7fc528021000 rw-p 00000000 00:00 0 
7fc528021000-7fc52c000000 ---p 00000000 00:00 0 
7fc52c000000-7fc52c021000 rw-p 00000000 00:00 0 
7fc52c021000-7fc530000000 ---p 00000000 00:00 0 
7fc530000000-7fc530021000 rw-p 00000000 00:00 0 
7fc530021000-7fc534000000 ---p 00000000 00:00 0 
7fc534000000-7fc534021000 rw-p 00000000 00:00 0 
7fc534021000-7fc538000000 ---p 00000000 00:00 0 
7fc538000000-7fc538021000 rw-p 00000000 00:00 0 
7fc538021000-7fc53c000000 ---p 00000000 00:00 0 
7fc53c000000-7fc53c021000 rw-p 00000000 00:00 0 
7fc53c021000-7fc540000000 ---p 00000000 00:00 0 
7fc540000000-7fc540021000 rw-p 00000000 00:00 0 
7fc540021000-7fc544000000 ---p 00000000 00:00 0 
7fc544000000-7fc544021000 rw-p 00000000 00:00 0 
7fc544021000-7fc548000000 ---p 00000000 00:00 0 
7fc548000000-7fc548021000 rw-p 00000000 00:00 0 
7fc548021000-7fc54c000000 ---p 00000000 00:00 0 
7fc54c000000-7fc54c021000 rw-p 00000000 00:00 0 
7fc54c021000-7fc550000000 ---p 00000000 00:00 0 
7fc550000000-7fc550021000 rw-p 00000000 00:00 0 
7fc550021000-7fc554000000 ---p 00000000 00:00 0 
7fc554000000-7fc554021000 rw-p 00000000 00:00 0 
7fc554021000-7fc558000000 ---p 00000000 00:00 0 
7fc558000000-7fc558021000 rw-p 00000000 00:00 0 
7fc558021000-7fc55c000000 ---p 00000000 00:00 0 
7fc55c000000-7fc55c021000 rw-p 00000000 00:00 0 
7fc55c021000-7fc560000000 ---p 00000000 00:00 0 
7fc560000000-7fc560021000 rw-p 00000000 00:00 0 
7fc560021000-7fc564000000 ---p 00000000 00:00 0 
7fc564000000-7fc564021000 rw-p 00000000 00:00 0 
7fc564021000-7fc568000000 ---p 00000000 00:00 0 
7fc568000000-7fc568021000 rw-p 00000000 00:00 0 
7fc568021000-7fc56c000000 ---p 00000000 00:00 0 
7fc56c000000-7fc56c021000 rw-p 00000000 00:00 0 
7fc56c021000-7fc570000000 ---p 00000000 00:00 0 
7fc570000000-7fc570021000 rw-p 00000000 00:00 0 
7fc570021000-7fc574000000 ---p 00000000 00:00 0 
7fc574000000-7fc574021000 rw-p 00000000 00:00 0 
7fc574021000-7fc578000000 ---p 00000000 00:00 0 
7fc578000000-7fc578021000 rw-p 00000000 00:00 0 
7fc578021000-7fc57c000000 ---p 00000000 00:00 0 
7fc57c000000-7fc57c021000 rw-p 00000000 00:00 0 
7fc57c021000-7fc580000000 ---p 00000000 00:00 0 
7fc580021000-7fc580022000 ---p 00000000 00:00 0 
7fc580022000-7fc580123000 rw-p 00000000 00:00 0 
7fc580123000-7fc580124000 ---p 00000000 00:00 0 
7fc580124000-7fc580225000 rw-p 00000000 00:00 0 
7fc580225000-7fc580226000 ---p 00000000 00:00 0 
7fc580226000-7fc580327000 rw-p 00000000 00:00 0 
7fc580327000-7fc580328000 ---p 00000000 00:00 0 
7fc580328000-7fc580429000 rw-p 00000000 00:00 0 
7fc580429000-7fc58042a000 ---p 00000000 00:00 0 
7fc58042a000-7fc58052b000 rw-p 00000000 00:00 0 
7fc58052b000-7fc58052c000 ---p 00000000 00:00 0 
7fc58052c000-7fc58062d000 rw-p 00000000 00:00 0 
7fc58062d000-7fc58062e000 ---p 00000000 00:00 0 
7fc58062e000-7fc581b43000 rw-p 00000000 00:00 0 
7fc581b43000-7fc581e23000 rwxp 00000000 00:00 0 
7fc581e23000-7fc582281000 ---p 00000000 00:00 0 
7fc582281000-7fc5824f1000 rwxp 00000000 00:00 0 
7fc5824f1000-7fc5896e2000 ---p 00000000 00:00 0 
7fc5896e2000-7fc589952000 rwxp 00000000 00:00 0 
7fc589952000-7fc590b43000 ---p 00000000 00:00 0 
7fc590b43000-7fc59c000000 r--s 00000000 00:65 77077560                   /root/oracle/jdk-9.0.4/lib/modules
7fc59c000000-7fc59c44d000 rw-p 00000000 00:00 0 
7fc59c44d000-7fc5a0000000 ---p 00000000 00:00 0 
7fc5a000e000-7fc5a00b4000 rw-p 00000000 00:00 0 
7fc5a00b4000-7fc5a00b5000 ---p 00000000 00:00 0 
7fc5a00b5000-7fc5a01b6000 rw-p 00000000 00:00 0 
7fc5a01b6000-7fc5a01b7000 ---p 00000000 00:00 0 
7fc5a01b7000-7fc5a02b8000 rw-p 00000000 00:00 0 
7fc5a02b8000-7fc5a02b9000 ---p 00000000 00:00 0 
7fc5a02b9000-7fc5a03ba000 rw-p 00000000 00:00 0 
7fc5a03ba000-7fc5a03bb000 ---p 00000000 00:00 0 
7fc5a03bb000-7fc5a04bc000 rw-p 00000000 00:00 0 
7fc5a04bc000-7fc5a04bd000 ---p 00000000 00:00 0 
7fc5a04bd000-7fc5a05be000 rw-p 00000000 00:00 0 
7fc5a05be000-7fc5a05bf000 ---p 00000000 00:00 0 
7fc5a05bf000-7fc5a06c0000 rw-p 00000000 00:00 0 
7fc5a06c0000-7fc5a06c1000 ---p 00000000 00:00 0 
7fc5a06c1000-7fc5a07c2000 rw-p 00000000 00:00 0 
7fc5a07c2000-7fc5a07c3000 ---p 00000000 00:00 0 
7fc5a07c3000-7fc5a08c4000 rw-p 00000000 00:00 0 
7fc5a08c4000-7fc5a08c5000 ---p 00000000 00:00 0 
7fc5a08c5000-7fc5a09c6000 rw-p 00000000 00:00 0 
7fc5a09c6000-7fc5a09c7000 ---p 00000000 00:00 0 
7fc5a09c7000-7fc5a0ac8000 rw-p 00000000 00:00 0 
7fc5a0ac8000-7fc5a0ac9000 ---p 00000000 00:00 0 
7fc5a0ac9000-7fc5a0bca000 rw-p 00000000 00:00 0 
7fc5a0bca000-7fc5a0bcb000 ---p 00000000 00:00 0 
7fc5a0bcb000-7fc5a0ccc000 rw-p 00000000 00:00 0 
7fc5a0ccc000-7fc5a0ccd000 ---p 00000000 00:00 0 
7fc5a0ccd000-7fc5a0dce000 rw-p 00000000 00:00 0 
7fc5a0dce000-7fc5a0dcf000 ---p 00000000 00:00 0 
7fc5a0dcf000-7fc5a0ed0000 rw-p 00000000 00:00 0 
7fc5a0ed0000-7fc5a0ed1000 ---p 00000000 00:00 0 
7fc5a0ed1000-7fc5a0fd2000 rw-p 00000000 00:00 0 
7fc5a0fd2000-7fc5a0fd3000 ---p 00000000 00:00 0 
7fc5a0fd3000-7fc5a10d4000 rw-p 00000000 00:00 0 
7fc5a10d4000-7fc5a10d5000 ---p 00000000 00:00 0 
7fc5a10d5000-7fc5a11d6000 rw-p 00000000 00:00 0 
7fc5a11d6000-7fc5a11d7000 ---p 00000000 00:00 0 
7fc5a11d7000-7fc5a12d8000 rw-p 00000000 00:00 0 
7fc5a12d8000-7fc5a12d9000 ---p 00000000 00:00 0 
7fc5a12d9000-7fc5a13da000 rw-p 00000000 00:00 0 
7fc5a13da000-7fc5a13db000 ---p 00000000 00:00 0 
7fc5a13db000-7fc5a14e1000 rw-p 00000000 00:00 0 
7fc5a14e1000-7fc5a15c5000 ---p 00000000 00:00 0 
7fc5a15c5000-7fc5a15ca000 rw-p 00000000 00:00 0 
7fc5a15ca000-7fc5a16ae000 ---p 00000000 00:00 0 
7fc5a16ae000-7fc5a16b4000 rw-p 00000000 00:00 0 
7fc5a16b4000-7fc5a16bd000 ---p 00000000 00:00 0 
7fc5a16bd000-7fc5a170d000 rw-p 00000000 00:00 0 
7fc5a170d000-7fc5a18ea000 r--s 03e31000 00:65 101727669                  /usr/local/java/jdk1.8.0_301/jre/lib/rt.jar
7fc5a18ea000-7fc5a1904000 r-xp 00000000 00:65 77077435                   /root/oracle/jdk-9.0.4/lib/libjimage.so
7fc5a1904000-7fc5a1b03000 ---p 0001a000 00:65 77077435                   /root/oracle/jdk-9.0.4/lib/libjimage.so
7fc5a1b03000-7fc5a1b05000 rw-p 00019000 00:65 77077435                   /root/oracle/jdk-9.0.4/lib/libjimage.so
7fc5a1b05000-7fc5a1b17000 rw-p 00000000 00:00 0 
7fc5a1b17000-7fc5a1b1e000 r-xp 00000000 00:65 77083131                   /root/oracle/jdk-9.0.4/lib/libzip.so
7fc5a1b1e000-7fc5a1d1d000 ---p 00007000 00:65 77083131                   /root/oracle/jdk-9.0.4/lib/libzip.so
7fc5a1d1d000-7fc5a1d1e000 rw-p 00006000 00:65 77083131                   /root/oracle/jdk-9.0.4/lib/libzip.so
7fc5a1d1e000-7fc5a1d21000 r--p 00000000 00:65 165034530                  /usr/lib/x86_64-linux-gnu/libnss_files-2.31.so
7fc5a1d21000-7fc5a1d28000 r-xp 00003000 00:65 165034530                  /usr/lib/x86_64-linux-gnu/libnss_files-2.31.so
7fc5a1d28000-7fc5a1d2a000 r--p 0000a000 00:65 165034530                  /usr/lib/x86_64-linux-gnu/libnss_files-2.31.so
7fc5a1d2a000-7fc5a1d2b000 r--p 0000b000 00:65 165034530                  /usr/lib/x86_64-linux-gnu/libnss_files-2.31.so
7fc5a1d2b000-7fc5a1d2c000 rw-p 0000c000 00:65 165034530                  /usr/lib/x86_64-linux-gnu/libnss_files-2.31.so
7fc5a1d2c000-7fc5a1d32000 rw-p 00000000 00:00 0 
7fc5a1d3a000-7fc5a1d3b000 rw-p 00000000 00:00 0 
7fc5a1d3b000-7fc5a1d66000 r-xp 00000000 00:65 77077470                   /root/oracle/jdk-9.0.4/lib/libjava.so
7fc5a1d66000-7fc5a1f65000 ---p 0002b000 00:65 77077470                   /root/oracle/jdk-9.0.4/lib/libjava.so
7fc5a1f65000-7fc5a1f67000 rw-p 0002a000 00:65 77077470                   /root/oracle/jdk-9.0.4/lib/libjava.so
7fc5a1f67000-7fc5a1f74000 r-xp 00000000 00:65 77077494                   /root/oracle/jdk-9.0.4/lib/libverify.so
7fc5a1f74000-7fc5a2173000 ---p 0000d000 00:65 77077494                   /root/oracle/jdk-9.0.4/lib/libverify.so
7fc5a2173000-7fc5a2175000 rw-p 0000c000 00:65 77077494                   /root/oracle/jdk-9.0.4/lib/libverify.so
7fc5a2175000-7fc5a2178000 r--p 00000000 00:65 165034636                  /usr/lib/x86_64-linux-gnu/librt-2.31.so
7fc5a2178000-7fc5a217c000 r-xp 00003000 00:65 165034636                  /usr/lib/x86_64-linux-gnu/librt-2.31.so
7fc5a217c000-7fc5a217d000 r--p 00007000 00:65 165034636                  /usr/lib/x86_64-linux-gnu/librt-2.31.so
7fc5a217d000-7fc5a217e000 ---p 00008000 00:65 165034636                  /usr/lib/x86_64-linux-gnu/librt-2.31.so
7fc5a217e000-7fc5a217f000 r--p 00008000 00:65 165034636                  /usr/lib/x86_64-linux-gnu/librt-2.31.so
7fc5a217f000-7fc5a2180000 rw-p 00009000 00:65 165034636                  /usr/lib/x86_64-linux-gnu/librt-2.31.so
7fc5a2180000-7fc5a2181000 ---p 00000000 00:00 0 
7fc5a2181000-7fc5a2182000 rw-p 00000000 00:00 0 
7fc5a2182000-7fc5a2186000 ---p 00000000 00:00 0 
7fc5a2186000-7fc5a2281000 rw-p 00000000 00:00 0 
7fc5a2281000-7fc5a2290000 r--p 00000000 00:65 165034468                  /usr/lib/x86_64-linux-gnu/libm-2.31.so
7fc5a2290000-7fc5a2337000 r-xp 0000f000 00:65 165034468                  /usr/lib/x86_64-linux-gnu/libm-2.31.so
7fc5a2337000-7fc5a23ce000 r--p 000b6000 00:65 165034468                  /usr/lib/x86_64-linux-gnu/libm-2.31.so
7fc5a23ce000-7fc5a23cf000 r--p 0014c000 00:65 165034468                  /usr/lib/x86_64-linux-gnu/libm-2.31.so
7fc5a23cf000-7fc5a23d0000 rw-p 0014d000 00:65 165034468                  /usr/lib/x86_64-linux-gnu/libm-2.31.so
7fc5a23d0000-7fc5a33e5000 r-xp 00000000 00:65 77083135                   /root/oracle/jdk-9.0.4/lib/server/libjvm.so
7fc5a33e5000-7fc5a35e4000 ---p 01015000 00:65 77083135                   /root/oracle/jdk-9.0.4/lib/server/libjvm.so
7fc5a35e4000-7fc5a36b5000 r--p 01014000 00:65 77083135                   /root/oracle/jdk-9.0.4/lib/server/libjvm.so
7fc5a36b5000-7fc5a36ec000 rw-p 010e5000 00:65 77083135                   /root/oracle/jdk-9.0.4/lib/server/libjvm.so
7fc5a36ec000-7fc5a3757000 rw-p 00000000 00:00 0 
7fc5a3757000-7fc5a377c000 r--p 00000000 00:65 165034165                  /usr/lib/x86_64-linux-gnu/libc-2.31.so
7fc5a377c000-7fc5a38f4000 r-xp 00025000 00:65 165034165                  /usr/lib/x86_64-linux-gnu/libc-2.31.so
7fc5a38f4000-7fc5a393e000 r--p 0019d000 00:65 165034165                  /usr/lib/x86_64-linux-gnu/libc-2.31.so
7fc5a393e000-7fc5a393f000 ---p 001e7000 00:65 165034165                  /usr/lib/x86_64-linux-gnu/libc-2.31.so
7fc5a393f000-7fc5a3942000 r--p 001e7000 00:65 165034165                  /usr/lib/x86_64-linux-gnu/libc-2.31.so
7fc5a3942000-7fc5a3945000 rw-p 001ea000 00:65 165034165                  /usr/lib/x86_64-linux-gnu/libc-2.31.so
7fc5a3945000-7fc5a3949000 rw-p 00000000 00:00 0 
7fc5a3949000-7fc5a394a000 r--p 00000000 00:65 165034236                  /usr/lib/x86_64-linux-gnu/libdl-2.31.so
7fc5a394a000-7fc5a394c000 r-xp 00001000 00:65 165034236                  /usr/lib/x86_64-linux-gnu/libdl-2.31.so
7fc5a394c000-7fc5a394d000 r--p 00003000 00:65 165034236                  /usr/lib/x86_64-linux-gnu/libdl-2.31.so
7fc5a394d000-7fc5a394e000 r--p 00003000 00:65 165034236                  /usr/lib/x86_64-linux-gnu/libdl-2.31.so
7fc5a394e000-7fc5a394f000 rw-p 00004000 00:65 165034236                  /usr/lib/x86_64-linux-gnu/libdl-2.31.so
7fc5a394f000-7fc5a395d000 r-xp 00000000 00:65 77083142                   /root/oracle/jdk-9.0.4/lib/jli/libjli.so
7fc5a395d000-7fc5a3b5d000 ---p 0000e000 00:65 77083142                   /root/oracle/jdk-9.0.4/lib/jli/libjli.so
7fc5a3b5d000-7fc5a3b5e000 rw-p 0000e000 00:65 77083142                   /root/oracle/jdk-9.0.4/lib/jli/libjli.so
7fc5a3b5e000-7fc5a3b65000 r--p 00000000 00:65 165034610                  /usr/lib/x86_64-linux-gnu/libpthread-2.31.so
7fc5a3b65000-7fc5a3b76000 r-xp 00007000 00:65 165034610                  /usr/lib/x86_64-linux-gnu/libpthread-2.31.so
7fc5a3b76000-7fc5a3b7b000 r--p 00018000 00:65 165034610                  /usr/lib/x86_64-linux-gnu/libpthread-2.31.so
7fc5a3b7b000-7fc5a3b7c000 r--p 0001c000 00:65 165034610                  /usr/lib/x86_64-linux-gnu/libpthread-2.31.so
7fc5a3b7c000-7fc5a3b7d000 rw-p 0001d000 00:65 165034610                  /usr/lib/x86_64-linux-gnu/libpthread-2.31.so
7fc5a3b7d000-7fc5a3b81000 rw-p 00000000 00:00 0 
7fc5a3b81000-7fc5a3b83000 r--p 00000000 00:65 165034796                  /usr/lib/x86_64-linux-gnu/libz.so.1.2.11
7fc5a3b83000-7fc5a3b94000 r-xp 00002000 00:65 165034796                  /usr/lib/x86_64-linux-gnu/libz.so.1.2.11
7fc5a3b94000-7fc5a3b9a000 r--p 00013000 00:65 165034796                  /usr/lib/x86_64-linux-gnu/libz.so.1.2.11
7fc5a3b9a000-7fc5a3b9b000 ---p 00019000 00:65 165034796                  /usr/lib/x86_64-linux-gnu/libz.so.1.2.11
7fc5a3b9b000-7fc5a3b9c000 r--p 00019000 00:65 165034796                  /usr/lib/x86_64-linux-gnu/libz.so.1.2.11
7fc5a3b9c000-7fc5a3b9d000 rw-p 0001a000 00:65 165034796                  /usr/lib/x86_64-linux-gnu/libz.so.1.2.11
7fc5a3b9d000-7fc5a3ba5000 rw-s 00000000 00:65 71965686                   /tmp/hsperfdata_root/26326
7fc5a3ba5000-7fc5a3ba8000 rw-p 00000000 00:00 0 
7fc5a3ba8000-7fc5a3ba9000 r--p 00000000 00:65 165033992                  /usr/lib/x86_64-linux-gnu/ld-2.31.so
7fc5a3ba9000-7fc5a3bcc000 r-xp 00001000 00:65 165033992                  /usr/lib/x86_64-linux-gnu/ld-2.31.so
7fc5a3bcc000-7fc5a3bd4000 r--p 00024000 00:65 165033992                  /usr/lib/x86_64-linux-gnu/ld-2.31.so
7fc5a3bd4000-7fc5a3bd5000 r--p 00000000 00:00 0 
7fc5a3bd5000-7fc5a3bd6000 r--p 0002c000 00:65 165033992                  /usr/lib/x86_64-linux-gnu/ld-2.31.so
7fc5a3bd6000-7fc5a3bd7000 rw-p 0002d000 00:65 165033992                  /usr/lib/x86_64-linux-gnu/ld-2.31.so
7fc5a3bd7000-7fc5a3bd8000 rw-p 00000000 00:00 0 
7fff0bf46000-7fff0bf67000 rw-p 00000000 00:00 0                          [stack]
7fff0bf75000-7fff0bf78000 r--p 00000000 00:00 0                          [vvar]
7fff0bf78000-7fff0bf79000 r-xp 00000000 00:00 0                          [vdso]
ffffffffff600000-ffffffffff601000 --xp 00000000 00:00 0                  [vsyscall]

VM Arguments:
jvm_args: -Xbootclasspath/a:/usr/local/java/jdk1.8.0_301/jre/lib/rt.jar -Xverify:none 
java_command: org.eclipse.core.runtime.adaptor.EclipseStarter -debug
java_class_path (initial): ./sootOutput/eclipse/
Launcher Type: SUN_STANDARD

Logging:
Log output configuration:
#0: stdout all=warning uptime,level,tags
#1: stderr all=off uptime,level,tags

Environment Variables:
JAVA_HOME=/root/oracle/jdk-9.0.4
JRE_HOME=/root/oracle/jdk-9.0.4
CLASSPATH=.:/root/oracle/jdk-9.0.4/lib:/JVMfuzzing/htm/CFSynthesis/resource/commons-lang3-3.12.0/commons-lang3-3.12.0.jar
PATH=/root/oracle/jdk-9.0.4/bin:/root/.vscode-server/bin/da76f93349a72022ca4670c1b84860304616aaa2/bin/remote-cli:/root/oracle/jdk-9.0.4/bin:/usr/local/sbin:/usr/local/bin:/usr/sbin:/usr/bin:/sbin:/bin:/usr/games:/usr/local/games:/snap/bin
SHELL=/bin/bash

Signal Handlers:
SIGSEGV: [libjvm.so+0xd4d370], sa_mask[0]=11111111011111111101111111111110, sa_flags=SA_RESTART|SA_SIGINFO
SIGBUS: [libjvm.so+0xd4d370], sa_mask[0]=11111111011111111101111111111110, sa_flags=SA_RESTART|SA_SIGINFO
SIGFPE: [libjvm.so+0xd4d370], sa_mask[0]=11111111011111111101111111111110, sa_flags=SA_RESTART|SA_SIGINFO
SIGPIPE: [libjvm.so+0xb64780], sa_mask[0]=11111111011111111101111111111110, sa_flags=SA_RESTART|SA_SIGINFO
SIGXFSZ: [libjvm.so+0xb64780], sa_mask[0]=11111111011111111101111111111110, sa_flags=SA_RESTART|SA_SIGINFO
SIGILL: [libjvm.so+0xd4d370], sa_mask[0]=11111111011111111101111111111110, sa_flags=SA_RESTART|SA_SIGINFO
SIGUSR2: [libjvm.so+0xb64640], sa_mask[0]=00100000000000000000000000000000, sa_flags=SA_RESTART|SA_SIGINFO
SIGHUP: [libjvm.so+0xb64850], sa_mask[0]=11111111011111111101111111111110, sa_flags=SA_RESTART|SA_SIGINFO
SIGINT: [libjvm.so+0xb64850], sa_mask[0]=11111111011111111101111111111110, sa_flags=SA_RESTART|SA_SIGINFO
SIGTERM: [libjvm.so+0xb64850], sa_mask[0]=11111111011111111101111111111110, sa_flags=SA_RESTART|SA_SIGINFO
SIGQUIT: [libjvm.so+0xb64850], sa_mask[0]=11111111011111111101111111111110, sa_flags=SA_RESTART|SA_SIGINFO


---------------  S Y S T E M  ---------------

OS:DISTRIB_ID=Ubuntu
DISTRIB_RELEASE=20.04
DISTRIB_CODENAME=focal
DISTRIB_DESCRIPTION="Ubuntu 20.04.3 LTS"
uname:Linux 5.4.0-124-generic #140~18.04.1-Ubuntu SMP Fri Aug 5 11:43:34 UTC 2022 x86_64
libc:glibc 2.31 NPTL 2.31 
rlimit: STACK 8192k, CORE infinity, NPROC infinity, NOFILE 1048576, AS infinity
load average:42.33 41.01 39.51

/proc/meminfo:
MemTotal:       65549624 kB
MemFree:         5857224 kB
MemAvailable:   32907488 kB
Buffers:         5872748 kB
Cached:          3670688 kB
SwapCached:         8092 kB
Active:         33057388 kB
Inactive:        6442336 kB
Active(anon):   25958916 kB
Inactive(anon):  4018444 kB
Active(file):    7098472 kB
Inactive(file):  2423892 kB
Unevictable:          16 kB
Mlocked:              16 kB
SwapTotal:       2097148 kB
SwapFree:              0 kB
Dirty:             31704 kB
Writeback:             0 kB
AnonPages:      29949584 kB
Mapped:           882068 kB
Shmem:             25608 kB
KReclaimable:   18259824 kB
Slab:           19429916 kB
SReclaimable:   18259824 kB
SUnreclaim:      1170092 kB
KernelStack:       79592 kB
PageTables:       243988 kB
NFS_Unstable:          0 kB
Bounce:                0 kB
WritebackTmp:          0 kB
CommitLimit:    34871960 kB
Committed_AS:   86827672 kB
VmallocTotal:   34359738367 kB
VmallocUsed:      162288 kB
VmallocChunk:          0 kB
Percpu:            32512 kB
HardwareCorrupted:     0 kB
AnonHugePages:         0 kB
ShmemHugePages:        0 kB
ShmemPmdMapped:        0 kB
FileHugePages:         0 kB
FilePmdMapped:         0 kB
CmaTotal:              0 kB
CmaFree:               0 kB
HugePages_Total:       0
HugePages_Free:        0
HugePages_Rsvd:        0
HugePages_Surp:        0
Hugepagesize:       2048 kB
Hugetlb:               0 kB
DirectMap4k:    15497632 kB
DirectMap2M:    51298304 kB
DirectMap1G:           0 kB


CPU:total 28 (initial active 28) (14 cores per cpu, 2 threads per core) family 6 model 85 stepping 4, cmov, cx8, fxsr, mmx, sse, sse2, sse3, ssse3, sse4.1, sse4.2, popcnt, avx, avx2, aes, clmul, erms, rtm, 3dnowpref, lzcnt, ht, tsc, tscinvbit, bmi1, bmi2, adx, fma
CPU Model and flags from /proc/cpuinfo:
model name	: Intel(R) Core(TM) i9-9940X CPU @ 3.30GHz
flags		: fpu vme de pse tsc msr pae mce cx8 apic sep mtrr pge mca cmov pat pse36 clflush dts acpi mmx fxsr sse sse2 ss ht tm pbe syscall nx pdpe1gb rdtscp lm constant_tsc art arch_perfmon pebs bts rep_good nopl xtopology nonstop_tsc cpuid aperfmperf pni pclmulqdq dtes64 monitor ds_cpl vmx est tm2 ssse3 sdbg fma cx16 xtpr pdcm pcid dca sse4_1 sse4_2 x2apic movbe popcnt tsc_deadline_timer aes xsave avx f16c rdrand lahf_lm abm 3dnowprefetch cpuid_fault epb cat_l3 cdp_l3 invpcid_single pti ssbd mba ibrs ibpb stibp tpr_shadow vnmi flexpriority ept vpid ept_ad fsgsbase tsc_adjust bmi1 hle avx2 smep bmi2 erms invpcid rtm cqm mpx rdt_a avx512f avx512dq rdseed adx smap clflushopt clwb intel_pt avx512cd avx512bw avx512vl xsaveopt xsavec xgetbv1 xsaves cqm_llc cqm_occup_llc cqm_mbm_total cqm_mbm_local dtherm ida arat pln pts hwp hwp_act_window hwp_epp hwp_pkg_req md_clear flush_l1d arch_capabilities

Memory: 4k page, physical 65549624k(5857224k free), swap 2097148k(0k free)

vm_info: Java HotSpot(TM) 64-Bit Server VM (9.0.4+11) for linux-amd64 JRE (9.0.4+11), built on Dec 19 2017 18:12:19 by "mach5one" with gcc 4.9.2

END.
