#
# A fatal error has been detected by the Java Runtime Environment:
#
#  SIGSEGV (0xb) at pc=0x00007fcf227f8b2c, pid=27891, tid=27960
#
# JRE version: Java(TM) SE Runtime Environment (9.0+11) (build 9.0.4+11)
# Java VM: Java HotSpot(TM) 64-Bit Server VM (9.0.4+11, mixed mode, tiered, compressed oops, g1 gc, linux-amd64)
# Problematic frame:
# V  [libjvm.so+0x48eb2c]  Canonicalizer::do_If(If*)+0x1c
#
# Core dump will be written. Default location: Core dumps may be processed with "/usr/share/apport/apport -p%p -s%s -c%c -d%d -P%P -u%u -g%g -- %E" (or dumping to /JVMfuzzing/zjy/classming/Fuzzing-Testing-of-JVM-Implementations/core.27891)
#
# If you would like to submit a bug report, please visit:
#   http://bugreport.java.com/bugreport/crash.jsp
#

---------------  S U M M A R Y ------------

Command Line: -Xbootclasspath/a:/usr/local/java/jdk1.8.0_301/jre/lib/rt.jar -Xverify:none org.eclipse.core.runtime.adaptor.EclipseStarter -debug

Host: Intel(R) Core(TM) i9-9940X CPU @ 3.30GHz, 28 cores, 62G, Ubuntu 20.04.3 LTS
Time: Thu Nov  3 09:05:49 2022 UTC elapsed time: 0 seconds (0d 0h 0m 0s)

---------------  T H R E A D  ---------------

Current thread (0x00007fcf1c2d3000):  JavaThread "C1 CompilerThread11" daemon [_thread_in_native, id=27960, stack(0x00007fce1a7ef000,0x00007fce1a8f0000)]


Current CompileTask:
C1:    298  289 %     3       org.eclipse.core.runtime.adaptor.EclipseStarter::main @ 2680 (4088 bytes)

Stack: [0x00007fce1a7ef000,0x00007fce1a8f0000],  sp=0x00007fce1a8ee0c0,  free space=1020k
Native frames: (J=compiled Java code, A=aot compiled Java code, j=interpreted, Vv=VM code, C=native code)
V  [libjvm.so+0x48eb2c]  Canonicalizer::do_If(If*)+0x1c
V  [libjvm.so+0x4a0452]  GraphBuilder::append_with_bci(Instruction*, int)+0x42
V  [libjvm.so+0x4a3526]  GraphBuilder::if_node(Instruction*, Instruction::Condition, Instruction*, ValueStack*)+0x2a6
V  [libjvm.so+0x4b137a]  GraphBuilder::iterate_bytecodes_for_block(int)+0x198a
V  [libjvm.so+0x4b1ad5]  GraphBuilder::iterate_all_blocks(bool)+0x85
V  [libjvm.so+0x4b1ec9]  GraphBuilder::GraphBuilder(Compilation*, IRScope*)+0x389
V  [libjvm.so+0x4b70a8]  IR::IR(Compilation*, ciMethod*, int)+0x1e8
V  [libjvm.so+0x497832]  Compilation::build_hir() [clone .part.93]+0x162
V  [libjvm.so+0x499633]  Compilation::compile_java_method()+0x3c3
V  [libjvm.so+0x4997af]  Compilation::compile_method()+0x12f
V  [libjvm.so+0x499c31]  Compilation::Compilation(AbstractCompiler*, ciEnv*, ciMethod*, int, BufferBlob*, DirectiveSet*)+0x271
V  [libjvm.so+0x49ac1e]  Compiler::compile_method(ciEnv*, ciMethod*, int, DirectiveSet*)+0xae
V  [libjvm.so+0x6125ac]  CompileBroker::invoke_compiler_on_method(CompileTask*)+0x41c
V  [libjvm.so+0x61344b]  CompileBroker::compiler_thread_loop()+0x28b
V  [libjvm.so+0xcef338]  JavaThread::thread_main_inner()+0xd8
V  [libjvm.so+0xb6e132]  thread_native_entry(Thread*)+0xf2
C  [libpthread.so.0+0x9609]  start_thread+0xd9


siginfo: si_signo: 11 (SIGSEGV), si_code: 1 (SEGV_MAPERR), si_addr: 0x0000000000000018

Register to memory mapping:

RAX=0x0000000000000000 is an unknown value
RBX=0x00007fcdf0064680 is an unknown value
RCX=0x00007fce1a8ee800 is pointing into the stack for thread: 0x00007fcf1c2d3000
RDX=0x00007fcdf0064680 is an unknown value
RSP=0x00007fce1a8ee0c0 is pointing into the stack for thread: 0x00007fcf1c2d3000
RBP=0x00007fce1a8ee130 is pointing into the stack for thread: 0x00007fcf1c2d3000
RSI=0x00007fcdf0064680 is an unknown value
RDI=0x00007fce1a8ee160 is pointing into the stack for thread: 0x00007fcf1c2d3000
R8 =0x00007fcdf0064010 is an unknown value
R9 =0x0000000000000091 is an unknown value
R10=0x0040000000000000 is an unknown value
R11=0x0000000000000000 is an unknown value
R12=0x00007fcdf0064720 is an unknown value
R13=0x00007fce1a8ee460 is pointing into the stack for thread: 0x00007fcf1c2d3000
R14=0x00007fcdf0064680 is an unknown value
R15=0x00007fcdf0064720 is an unknown value


Registers:
RAX=0x0000000000000000, RBX=0x00007fcdf0064680, RCX=0x00007fce1a8ee800, RDX=0x00007fcdf0064680
RSP=0x00007fce1a8ee0c0, RBP=0x00007fce1a8ee130, RSI=0x00007fcdf0064680, RDI=0x00007fce1a8ee160
R8 =0x00007fcdf0064010, R9 =0x0000000000000091, R10=0x0040000000000000, R11=0x0000000000000000
R12=0x00007fcdf0064720, R13=0x00007fce1a8ee460, R14=0x00007fcdf0064680, R15=0x00007fcdf0064720
RIP=0x00007fcf227f8b2c, EFLAGS=0x0000000000010206, CSGSFS=0x002b000000000033, ERR=0x0000000000000004
  TRAPNO=0x000000000000000e

Top of Stack: (sp=0x00007fce1a8ee0c0)
0x00007fce1a8ee0c0:   00007fce1a8ee0f0 00007fcf1c4555b8
0x00007fce1a8ee0d0:   00007fcf1c4555d8 00007fcf1c455598
0x00007fce1a8ee0e0:   00007fce1a8ee110 00007fcf2282569f
0x00007fce1a8ee0f0:   00007fcdd8061080 00007fce1a8ee160 

Instructions: (pc=0x00007fcf227f8b2c)
0x00007fcf227f8b0c:   ff 90 66 90 55 48 89 e5 41 57 41 56 41 55 41 54
0x00007fcf227f8b1c:   53 48 89 f3 48 83 ec 48 48 8b 46 70 48 89 7d c8
0x00007fcf227f8b2c:   48 8b 78 18 48 8b 07 ff 50 18 84 c0 0f 85 a2 00
0x00007fcf227f8b3c:   00 00 4c 8b 63 70 48 8b 83 80 00 00 00 49 39 c4 


---------------  P R O C E S S  ---------------

Java Threads: ( => current thread )
  0x00007fcf1c39a000 JavaThread "Service Thread" daemon [_thread_blocked, id=27963, stack(0x00007fce1a093000,0x00007fce1a194000)]
  0x00007fcf1c2f3800 JavaThread "Common-Cleaner" daemon [_thread_blocked, id=27962, stack(0x00007fce1a194000,0x00007fce1a295000)]
  0x00007fcf1c2d5000 JavaThread "Sweeper thread" daemon [_thread_blocked, id=27961, stack(0x00007fce1a6ee000,0x00007fce1a7ef000)]
=>0x00007fcf1c2d3000 JavaThread "C1 CompilerThread11" daemon [_thread_in_native, id=27960, stack(0x00007fce1a7ef000,0x00007fce1a8f0000)]
  0x00007fcf1c2d1000 JavaThread "C1 CompilerThread10" daemon [_thread_blocked, id=27959, stack(0x00007fce1a8f0000,0x00007fce1a9f1000)]
  0x00007fcf1c2cf000 JavaThread "C1 CompilerThread9" daemon [_thread_blocked, id=27958, stack(0x00007fce1a9f1000,0x00007fce1aaf2000)]
  0x00007fcf1c2cd000 JavaThread "C1 CompilerThread8" daemon [_thread_blocked, id=27957, stack(0x00007fce1aaf2000,0x00007fce1abf3000)]
  0x00007fcf1c2cb000 JavaThread "C2 CompilerThread7" daemon [_thread_blocked, id=27956, stack(0x00007fce1abf3000,0x00007fce1acf4000)]
  0x00007fcf1c2c9000 JavaThread "C2 CompilerThread6" daemon [_thread_blocked, id=27955, stack(0x00007fce1acf4000,0x00007fce1adf5000)]
  0x00007fcf1c2c7000 JavaThread "C2 CompilerThread5" daemon [_thread_blocked, id=27954, stack(0x00007fce1adf5000,0x00007fce1aef6000)]
  0x00007fcf1c2bd000 JavaThread "C2 CompilerThread4" daemon [_thread_blocked, id=27953, stack(0x00007fce1aef6000,0x00007fce1aff7000)]
  0x00007fcf1c2bb000 JavaThread "C2 CompilerThread3" daemon [_thread_blocked, id=27952, stack(0x00007fce1aff7000,0x00007fce1b0f8000)]
  0x00007fcf1c2b9000 JavaThread "C2 CompilerThread2" daemon [_thread_blocked, id=27951, stack(0x00007fce1b0f8000,0x00007fce1b1f9000)]
  0x00007fcf1c2b7000 JavaThread "C2 CompilerThread1" daemon [_thread_blocked, id=27950, stack(0x00007fce1b1f9000,0x00007fce1b2fa000)]
  0x00007fcf1c2b3000 JavaThread "C2 CompilerThread0" daemon [_thread_blocked, id=27949, stack(0x00007fce1b2fa000,0x00007fce1b3fb000)]
  0x00007fcf1c2b5000 JavaThread "Signal Dispatcher" daemon [_thread_blocked, id=27948, stack(0x00007fce1b3fb000,0x00007fce1b4fc000)]
  0x00007fcf1c29d800 JavaThread "Finalizer" daemon [_thread_blocked, id=27947, stack(0x00007fce1b4fc000,0x00007fce1b5fd000)]
  0x00007fcf1c288800 JavaThread "Reference Handler" daemon [_thread_blocked, id=27946, stack(0x00007fce1b5fd000,0x00007fce1b6fe000)]
  0x00007fcf1c011800 JavaThread "main" [_thread_in_native, id=27893, stack(0x00007fcf2211c000,0x00007fcf2221b000)]

Other Threads:
  0x00007fcf1c281000 VMThread "VM Thread" [stack: 0x00007fce1b700000,0x00007fce1b800000] [id=27945]
  0x00007fcf1c39c800 WatcherThread [stack: 0x00007fce19f93000,0x00007fce1a093000] [id=27964]
  0x00007fcf1c034000 GCTaskThread "GC Thread#0" [stack: 0x00007fcf21376000,0x00007fcf21476000] [id=27894]
  0x00007fcf1c035800 GCTaskThread "GC Thread#1" [stack: 0x00007fcf21274000,0x00007fcf21374000] [id=27895]
  0x00007fcf1c037000 GCTaskThread "GC Thread#2" [stack: 0x00007fcf21172000,0x00007fcf21272000] [id=27896]
  0x00007fcf1c039000 GCTaskThread "GC Thread#3" [stack: 0x00007fcf21070000,0x00007fcf21170000] [id=27897]
  0x00007fcf1c03a800 GCTaskThread "GC Thread#4" [stack: 0x00007fcf20f6e000,0x00007fcf2106e000] [id=27898]
  0x00007fcf1c03c800 GCTaskThread "GC Thread#5" [stack: 0x00007fcf20e6c000,0x00007fcf20f6c000] [id=27899]
  0x00007fcf1c03e000 GCTaskThread "GC Thread#6" [stack: 0x00007fcf20d6a000,0x00007fcf20e6a000] [id=27900]
  0x00007fcf1c03f800 GCTaskThread "GC Thread#7" [stack: 0x00007fcf20c68000,0x00007fcf20d68000] [id=27901]
  0x00007fcf1c041800 GCTaskThread "GC Thread#8" [stack: 0x00007fcf20b66000,0x00007fcf20c66000] [id=27902]
  0x00007fcf1c043000 GCTaskThread "GC Thread#9" [stack: 0x00007fcf20a64000,0x00007fcf20b64000] [id=27903]
  0x00007fcf1c045000 GCTaskThread "GC Thread#10" [stack: 0x00007fcf20962000,0x00007fcf20a62000] [id=27904]
  0x00007fcf1c046800 GCTaskThread "GC Thread#11" [stack: 0x00007fcf20860000,0x00007fcf20960000] [id=27905]
  0x00007fcf1c048800 GCTaskThread "GC Thread#12" [stack: 0x00007fcf2075e000,0x00007fcf2085e000] [id=27906]
  0x00007fcf1c04a000 GCTaskThread "GC Thread#13" [stack: 0x00007fcf2065c000,0x00007fcf2075c000] [id=27907]
  0x00007fcf1c04c000 GCTaskThread "GC Thread#14" [stack: 0x00007fcf2055a000,0x00007fcf2065a000] [id=27908]
  0x00007fcf1c04d800 GCTaskThread "GC Thread#15" [stack: 0x00007fcf20458000,0x00007fcf20558000] [id=27910]
  0x00007fcf1c04f800 GCTaskThread "GC Thread#16" [stack: 0x00007fcf20356000,0x00007fcf20456000] [id=27911]
  0x00007fcf1c051000 GCTaskThread "GC Thread#17" [stack: 0x00007fcf20254000,0x00007fcf20354000] [id=27912]
  0x00007fcf1c052800 GCTaskThread "GC Thread#18" [stack: 0x00007fcf20152000,0x00007fcf20252000] [id=27913]
  0x00007fcf1c054800 GCTaskThread "GC Thread#19" [stack: 0x00007fcf20050000,0x00007fcf20150000] [id=27914]
  0x00007fcf1c09f800 ConcurrentGCThread "G1 Main Marker" [stack: 0x00007fce90c39000,0x00007fce90d39000] [id=27939]
  0x00007fcf1c0a1000 ConcurrentGCThread "G1 Marker#0" [stack: 0x00007fce90b37000,0x00007fce90c37000] [id=27940]
  0x00007fcf1c0a3000 ConcurrentGCThread "G1 Marker#1" [stack: 0x00007fce90a35000,0x00007fce90b35000] [id=27941]
  0x00007fcf1c0a4800 ConcurrentGCThread "G1 Marker#2" [stack: 0x00007fce90933000,0x00007fce90a33000] [id=27942]
  0x00007fcf1c0a6800 ConcurrentGCThread "G1 Marker#3" [stack: 0x00007fce90831000,0x00007fce90931000] [id=27943]
  0x00007fcf1c0a8000 ConcurrentGCThread "G1 Marker#4" [stack: 0x00007fce9072f000,0x00007fce9082f000] [id=27944]
  0x00007fcf1c079000 ConcurrentGCThread "G1 Refine#0" [stack: 0x00007fce932e8000,0x00007fce933e8000] [id=27937]
  0x00007fcf1c077000 ConcurrentGCThread "G1 Refine#1" [stack: 0x00007fce933ea000,0x00007fce934ea000] [id=27936]
  0x00007fcf1c075000 ConcurrentGCThread "G1 Refine#2" [stack: 0x00007fce934ec000,0x00007fce935ec000] [id=27935]
  0x00007fcf1c073800 ConcurrentGCThread "G1 Refine#3" [stack: 0x00007fce935ee000,0x00007fce936ee000] [id=27934]
  0x00007fcf1c071800 ConcurrentGCThread "G1 Refine#4" [stack: 0x00007fce936f0000,0x00007fce937f0000] [id=27933]
  0x00007fcf1c070000 ConcurrentGCThread "G1 Refine#5" [stack: 0x00007fce937f2000,0x00007fce938f2000] [id=27931]
  0x00007fcf1c06e000 ConcurrentGCThread "G1 Refine#6" [stack: 0x00007fce938f4000,0x00007fce939f4000] [id=27930]
  0x00007fcf1c06c800 ConcurrentGCThread "G1 Refine#7" [stack: 0x00007fce939f6000,0x00007fce93af6000] [id=27929]
  0x00007fcf1c06a800 ConcurrentGCThread "G1 Refine#8" [stack: 0x00007fce93af8000,0x00007fce93bf8000] [id=27928]
  0x00007fcf1c069000 ConcurrentGCThread "G1 Refine#9" [stack: 0x00007fce93bfa000,0x00007fce93cfa000] [id=27927]
  0x00007fcf1c067000 ConcurrentGCThread "G1 Refine#10" [stack: 0x00007fce93cfc000,0x00007fce93dfc000] [id=27926]
  0x00007fcf1c065000 ConcurrentGCThread "G1 Refine#11" [stack: 0x00007fce93dfe000,0x00007fce93efe000] [id=27925]
  0x00007fcf1c063800 ConcurrentGCThread "G1 Refine#12" [stack: 0x00007fce93f00000,0x00007fce94000000] [id=27924]
  0x00007fcf1c061800 ConcurrentGCThread "G1 Refine#13" [stack: 0x00007fcf00023000,0x00007fcf00123000] [id=27923]
  0x00007fcf1c060000 ConcurrentGCThread "G1 Refine#14" [stack: 0x00007fcf00125000,0x00007fcf00225000] [id=27921]
  0x00007fcf1c05e000 ConcurrentGCThread "G1 Refine#15" [stack: 0x00007fcf00227000,0x00007fcf00327000] [id=27920]
  0x00007fcf1c05c800 ConcurrentGCThread "G1 Refine#16" [stack: 0x00007fcf00329000,0x00007fcf00429000] [id=27919]
  0x00007fcf1c05a800 ConcurrentGCThread "G1 Refine#17" [stack: 0x00007fcf0042b000,0x00007fcf0052b000] [id=27918]
  0x00007fcf1c059000 ConcurrentGCThread "G1 Refine#18" [stack: 0x00007fcf0052d000,0x00007fcf0062d000] [id=27916]
  0x00007fcf1c057000 ConcurrentGCThread "G1 Refine#19" [stack: 0x00007fcf0062f000,0x00007fcf0072f000] [id=27915]
  0x00007fcf1c07a800 ConcurrentGCThread "G1 Young RemSet Sampling" [stack: 0x00007fce931e6000,0x00007fce932e6000] [id=27938]

Threads with active compile tasks:
C1 CompilerThread11 289 %     3       org.eclipse.core.runtime.adaptor.EclipseStarter::main @ 2680 (4088 bytes)

VM state:not at safepoint (normal execution)

VM Mutex/Monitor currently owned by a thread: None

Heap address: 0x00000003d7c00000, size: 16004 MB, Compressed Oops mode: Zero based, Oop shift amount: 3
Narrow klass base: 0x0000000000000000, Narrow klass shift: 3
Compressed class space size: 1073741824 Address: 0x00000007c0000000

Heap:
 garbage-first heap   total 1028096K, used 12288K [0x00000003d7c00000, 0x00000003d80007d8, 0x00000007c0000000)
  region size 4096K, 4 young (16384K), 0 survivors (0K)
 Metaspace       used 4308K, capacity 4614K, committed 4864K, reserved 1056768K
  class space    used 355K, capacity 386K, committed 512K, reserved 1048576K
Heap Regions: E=young(eden), S=young(survivor), O=old, HS=humongous(starts), HC=humongous(continues), CS=collection set, F=free, A=archive, TS=gc time stamp, AC=allocation context, TAMS=top-at-mark-start (previous, next)
|   0|0x00000003d7c00000, 0x00000003d7c00000, 0x00000003d8000000|  0%| F|  |TS  0|AC  0|TAMS 0x00000003d7c00000, 0x00000003d7c00000|
|   1|0x00000003d8000000, 0x00000003d8000000, 0x00000003d8400000|  0%| F|  |TS  0|AC  0|TAMS 0x00000003d8000000, 0x00000003d8000000|
|   2|0x00000003d8400000, 0x00000003d8400000, 0x00000003d8800000|  0%| F|  |TS  0|AC  0|TAMS 0x00000003d8400000, 0x00000003d8400000|
|   3|0x00000003d8800000, 0x00000003d8800000, 0x00000003d8c00000|  0%| F|  |TS  0|AC  0|TAMS 0x00000003d8800000, 0x00000003d8800000|
|   4|0x00000003d8c00000, 0x00000003d8c00000, 0x00000003d9000000|  0%| F|  |TS  0|AC  0|TAMS 0x00000003d8c00000, 0x00000003d8c00000|
|   5|0x00000003d9000000, 0x00000003d9000000, 0x00000003d9400000|  0%| F|  |TS  0|AC  0|TAMS 0x00000003d9000000, 0x00000003d9000000|
|   6|0x00000003d9400000, 0x00000003d9400000, 0x00000003d9800000|  0%| F|  |TS  0|AC  0|TAMS 0x00000003d9400000, 0x00000003d9400000|
|   7|0x00000003d9800000, 0x00000003d9800000, 0x00000003d9c00000|  0%| F|  |TS  0|AC  0|TAMS 0x00000003d9800000, 0x00000003d9800000|
|   8|0x00000003d9c00000, 0x00000003d9c00000, 0x00000003da000000|  0%| F|  |TS  0|AC  0|TAMS 0x00000003d9c00000, 0x00000003d9c00000|
|   9|0x00000003da000000, 0x00000003da000000, 0x00000003da400000|  0%| F|  |TS  0|AC  0|TAMS 0x00000003da000000, 0x00000003da000000|
|  10|0x00000003da400000, 0x00000003da400000, 0x00000003da800000|  0%| F|  |TS  0|AC  0|TAMS 0x00000003da400000, 0x00000003da400000|
|  11|0x00000003da800000, 0x00000003da800000, 0x00000003dac00000|  0%| F|  |TS  0|AC  0|TAMS 0x00000003da800000, 0x00000003da800000|
|  12|0x00000003dac00000, 0x00000003dac00000, 0x00000003db000000|  0%| F|  |TS  0|AC  0|TAMS 0x00000003dac00000, 0x00000003dac00000|
|  13|0x00000003db000000, 0x00000003db000000, 0x00000003db400000|  0%| F|  |TS  0|AC  0|TAMS 0x00000003db000000, 0x00000003db000000|
|  14|0x00000003db400000, 0x00000003db400000, 0x00000003db800000|  0%| F|  |TS  0|AC  0|TAMS 0x00000003db400000, 0x00000003db400000|
|  15|0x00000003db800000, 0x00000003db800000, 0x00000003dbc00000|  0%| F|  |TS  0|AC  0|TAMS 0x00000003db800000, 0x00000003db800000|
|  16|0x00000003dbc00000, 0x00000003dbc00000, 0x00000003dc000000|  0%| F|  |TS  0|AC  0|TAMS 0x00000003dbc00000, 0x00000003dbc00000|
|  17|0x00000003dc000000, 0x00000003dc000000, 0x00000003dc400000|  0%| F|  |TS  0|AC  0|TAMS 0x00000003dc000000, 0x00000003dc000000|
|  18|0x00000003dc400000, 0x00000003dc400000, 0x00000003dc800000|  0%| F|  |TS  0|AC  0|TAMS 0x00000003dc400000, 0x00000003dc400000|
|  19|0x00000003dc800000, 0x00000003dc800000, 0x00000003dcc00000|  0%| F|  |TS  0|AC  0|TAMS 0x00000003dc800000, 0x00000003dc800000|
|  20|0x00000003dcc00000, 0x00000003dcc00000, 0x00000003dd000000|  0%| F|  |TS  0|AC  0|TAMS 0x00000003dcc00000, 0x00000003dcc00000|
|  21|0x00000003dd000000, 0x00000003dd000000, 0x00000003dd400000|  0%| F|  |TS  0|AC  0|TAMS 0x00000003dd000000, 0x00000003dd000000|
|  22|0x00000003dd400000, 0x00000003dd400000, 0x00000003dd800000|  0%| F|  |TS  0|AC  0|TAMS 0x00000003dd400000, 0x00000003dd400000|
|  23|0x00000003dd800000, 0x00000003dd800000, 0x00000003ddc00000|  0%| F|  |TS  0|AC  0|TAMS 0x00000003dd800000, 0x00000003dd800000|
|  24|0x00000003ddc00000, 0x00000003ddc00000, 0x00000003de000000|  0%| F|  |TS  0|AC  0|TAMS 0x00000003ddc00000, 0x00000003ddc00000|
|  25|0x00000003de000000, 0x00000003de000000, 0x00000003de400000|  0%| F|  |TS  0|AC  0|TAMS 0x00000003de000000, 0x00000003de000000|
|  26|0x00000003de400000, 0x00000003de400000, 0x00000003de800000|  0%| F|  |TS  0|AC  0|TAMS 0x00000003de400000, 0x00000003de400000|
|  27|0x00000003de800000, 0x00000003de800000, 0x00000003dec00000|  0%| F|  |TS  0|AC  0|TAMS 0x00000003de800000, 0x00000003de800000|
|  28|0x00000003dec00000, 0x00000003dec00000, 0x00000003df000000|  0%| F|  |TS  0|AC  0|TAMS 0x00000003dec00000, 0x00000003dec00000|
|  29|0x00000003df000000, 0x00000003df000000, 0x00000003df400000|  0%| F|  |TS  0|AC  0|TAMS 0x00000003df000000, 0x00000003df000000|
|  30|0x00000003df400000, 0x00000003df400000, 0x00000003df800000|  0%| F|  |TS  0|AC  0|TAMS 0x00000003df400000, 0x00000003df400000|
|  31|0x00000003df800000, 0x00000003df800000, 0x00000003dfc00000|  0%| F|  |TS  0|AC  0|TAMS 0x00000003df800000, 0x00000003df800000|
|  32|0x00000003dfc00000, 0x00000003dfc00000, 0x00000003e0000000|  0%| F|  |TS  0|AC  0|TAMS 0x00000003dfc00000, 0x00000003dfc00000|
|  33|0x00000003e0000000, 0x00000003e0000000, 0x00000003e0400000|  0%| F|  |TS  0|AC  0|TAMS 0x00000003e0000000, 0x00000003e0000000|
|  34|0x00000003e0400000, 0x00000003e0400000, 0x00000003e0800000|  0%| F|  |TS  0|AC  0|TAMS 0x00000003e0400000, 0x00000003e0400000|
|  35|0x00000003e0800000, 0x00000003e0800000, 0x00000003e0c00000|  0%| F|  |TS  0|AC  0|TAMS 0x00000003e0800000, 0x00000003e0800000|
|  36|0x00000003e0c00000, 0x00000003e0c00000, 0x00000003e1000000|  0%| F|  |TS  0|AC  0|TAMS 0x00000003e0c00000, 0x00000003e0c00000|
|  37|0x00000003e1000000, 0x00000003e1000000, 0x00000003e1400000|  0%| F|  |TS  0|AC  0|TAMS 0x00000003e1000000, 0x00000003e1000000|
|  38|0x00000003e1400000, 0x00000003e1400000, 0x00000003e1800000|  0%| F|  |TS  0|AC  0|TAMS 0x00000003e1400000, 0x00000003e1400000|
|  39|0x00000003e1800000, 0x00000003e1800000, 0x00000003e1c00000|  0%| F|  |TS  0|AC  0|TAMS 0x00000003e1800000, 0x00000003e1800000|
|  40|0x00000003e1c00000, 0x00000003e1c00000, 0x00000003e2000000|  0%| F|  |TS  0|AC  0|TAMS 0x00000003e1c00000, 0x00000003e1c00000|
|  41|0x00000003e2000000, 0x00000003e2000000, 0x00000003e2400000|  0%| F|  |TS  0|AC  0|TAMS 0x00000003e2000000, 0x00000003e2000000|
|  42|0x00000003e2400000, 0x00000003e2400000, 0x00000003e2800000|  0%| F|  |TS  0|AC  0|TAMS 0x00000003e2400000, 0x00000003e2400000|
|  43|0x00000003e2800000, 0x00000003e2800000, 0x00000003e2c00000|  0%| F|  |TS  0|AC  0|TAMS 0x00000003e2800000, 0x00000003e2800000|
|  44|0x00000003e2c00000, 0x00000003e2c00000, 0x00000003e3000000|  0%| F|  |TS  0|AC  0|TAMS 0x00000003e2c00000, 0x00000003e2c00000|
|  45|0x00000003e3000000, 0x00000003e3000000, 0x00000003e3400000|  0%| F|  |TS  0|AC  0|TAMS 0x00000003e3000000, 0x00000003e3000000|
|  46|0x00000003e3400000, 0x00000003e3400000, 0x00000003e3800000|  0%| F|  |TS  0|AC  0|TAMS 0x00000003e3400000, 0x00000003e3400000|
|  47|0x00000003e3800000, 0x00000003e3800000, 0x00000003e3c00000|  0%| F|  |TS  0|AC  0|TAMS 0x00000003e3800000, 0x00000003e3800000|
|  48|0x00000003e3c00000, 0x00000003e3c00000, 0x00000003e4000000|  0%| F|  |TS  0|AC  0|TAMS 0x00000003e3c00000, 0x00000003e3c00000|
|  49|0x00000003e4000000, 0x00000003e4000000, 0x00000003e4400000|  0%| F|  |TS  0|AC  0|TAMS 0x00000003e4000000, 0x00000003e4000000|
|  50|0x00000003e4400000, 0x00000003e4400000, 0x00000003e4800000|  0%| F|  |TS  0|AC  0|TAMS 0x00000003e4400000, 0x00000003e4400000|
|  51|0x00000003e4800000, 0x00000003e4800000, 0x00000003e4c00000|  0%| F|  |TS  0|AC  0|TAMS 0x00000003e4800000, 0x00000003e4800000|
|  52|0x00000003e4c00000, 0x00000003e4c00000, 0x00000003e5000000|  0%| F|  |TS  0|AC  0|TAMS 0x00000003e4c00000, 0x00000003e4c00000|
|  53|0x00000003e5000000, 0x00000003e5000000, 0x00000003e5400000|  0%| F|  |TS  0|AC  0|TAMS 0x00000003e5000000, 0x00000003e5000000|
|  54|0x00000003e5400000, 0x00000003e5400000, 0x00000003e5800000|  0%| F|  |TS  0|AC  0|TAMS 0x00000003e5400000, 0x00000003e5400000|
|  55|0x00000003e5800000, 0x00000003e5800000, 0x00000003e5c00000|  0%| F|  |TS  0|AC  0|TAMS 0x00000003e5800000, 0x00000003e5800000|
|  56|0x00000003e5c00000, 0x00000003e5c00000, 0x00000003e6000000|  0%| F|  |TS  0|AC  0|TAMS 0x00000003e5c00000, 0x00000003e5c00000|
|  57|0x00000003e6000000, 0x00000003e6000000, 0x00000003e6400000|  0%| F|  |TS  0|AC  0|TAMS 0x00000003e6000000, 0x00000003e6000000|
|  58|0x00000003e6400000, 0x00000003e6400000, 0x00000003e6800000|  0%| F|  |TS  0|AC  0|TAMS 0x00000003e6400000, 0x00000003e6400000|
|  59|0x00000003e6800000, 0x00000003e6800000, 0x00000003e6c00000|  0%| F|  |TS  0|AC  0|TAMS 0x00000003e6800000, 0x00000003e6800000|
|  60|0x00000003e6c00000, 0x00000003e6c00000, 0x00000003e7000000|  0%| F|  |TS  0|AC  0|TAMS 0x00000003e6c00000, 0x00000003e6c00000|
|  61|0x00000003e7000000, 0x00000003e7000000, 0x00000003e7400000|  0%| F|  |TS  0|AC  0|TAMS 0x00000003e7000000, 0x00000003e7000000|
|  62|0x00000003e7400000, 0x00000003e7400000, 0x00000003e7800000|  0%| F|  |TS  0|AC  0|TAMS 0x00000003e7400000, 0x00000003e7400000|
|  63|0x00000003e7800000, 0x00000003e7800000, 0x00000003e7c00000|  0%| F|  |TS  0|AC  0|TAMS 0x00000003e7800000, 0x00000003e7800000|
|  64|0x00000003e7c00000, 0x00000003e7c00000, 0x00000003e8000000|  0%| F|  |TS  0|AC  0|TAMS 0x00000003e7c00000, 0x00000003e7c00000|
|  65|0x00000003e8000000, 0x00000003e8000000, 0x00000003e8400000|  0%| F|  |TS  0|AC  0|TAMS 0x00000003e8000000, 0x00000003e8000000|
|  66|0x00000003e8400000, 0x00000003e8400000, 0x00000003e8800000|  0%| F|  |TS  0|AC  0|TAMS 0x00000003e8400000, 0x00000003e8400000|
|  67|0x00000003e8800000, 0x00000003e8800000, 0x00000003e8c00000|  0%| F|  |TS  0|AC  0|TAMS 0x00000003e8800000, 0x00000003e8800000|
|  68|0x00000003e8c00000, 0x00000003e8c00000, 0x00000003e9000000|  0%| F|  |TS  0|AC  0|TAMS 0x00000003e8c00000, 0x00000003e8c00000|
|  69|0x00000003e9000000, 0x00000003e9000000, 0x00000003e9400000|  0%| F|  |TS  0|AC  0|TAMS 0x00000003e9000000, 0x00000003e9000000|
|  70|0x00000003e9400000, 0x00000003e9400000, 0x00000003e9800000|  0%| F|  |TS  0|AC  0|TAMS 0x00000003e9400000, 0x00000003e9400000|
|  71|0x00000003e9800000, 0x00000003e9800000, 0x00000003e9c00000|  0%| F|  |TS  0|AC  0|TAMS 0x00000003e9800000, 0x00000003e9800000|
|  72|0x00000003e9c00000, 0x00000003e9c00000, 0x00000003ea000000|  0%| F|  |TS  0|AC  0|TAMS 0x00000003e9c00000, 0x00000003e9c00000|
|  73|0x00000003ea000000, 0x00000003ea000000, 0x00000003ea400000|  0%| F|  |TS  0|AC  0|TAMS 0x00000003ea000000, 0x00000003ea000000|
|  74|0x00000003ea400000, 0x00000003ea400000, 0x00000003ea800000|  0%| F|  |TS  0|AC  0|TAMS 0x00000003ea400000, 0x00000003ea400000|
|  75|0x00000003ea800000, 0x00000003ea800000, 0x00000003eac00000|  0%| F|  |TS  0|AC  0|TAMS 0x00000003ea800000, 0x00000003ea800000|
|  76|0x00000003eac00000, 0x00000003eac00000, 0x00000003eb000000|  0%| F|  |TS  0|AC  0|TAMS 0x00000003eac00000, 0x00000003eac00000|
|  77|0x00000003eb000000, 0x00000003eb000000, 0x00000003eb400000|  0%| F|  |TS  0|AC  0|TAMS 0x00000003eb000000, 0x00000003eb000000|
|  78|0x00000003eb400000, 0x00000003eb400000, 0x00000003eb800000|  0%| F|  |TS  0|AC  0|TAMS 0x00000003eb400000, 0x00000003eb400000|
|  79|0x00000003eb800000, 0x00000003eb800000, 0x00000003ebc00000|  0%| F|  |TS  0|AC  0|TAMS 0x00000003eb800000, 0x00000003eb800000|
|  80|0x00000003ebc00000, 0x00000003ebc00000, 0x00000003ec000000|  0%| F|  |TS  0|AC  0|TAMS 0x00000003ebc00000, 0x00000003ebc00000|
|  81|0x00000003ec000000, 0x00000003ec000000, 0x00000003ec400000|  0%| F|  |TS  0|AC  0|TAMS 0x00000003ec000000, 0x00000003ec000000|
|  82|0x00000003ec400000, 0x00000003ec400000, 0x00000003ec800000|  0%| F|  |TS  0|AC  0|TAMS 0x00000003ec400000, 0x00000003ec400000|
|  83|0x00000003ec800000, 0x00000003ec800000, 0x00000003ecc00000|  0%| F|  |TS  0|AC  0|TAMS 0x00000003ec800000, 0x00000003ec800000|
|  84|0x00000003ecc00000, 0x00000003ecc00000, 0x00000003ed000000|  0%| F|  |TS  0|AC  0|TAMS 0x00000003ecc00000, 0x00000003ecc00000|
|  85|0x00000003ed000000, 0x00000003ed000000, 0x00000003ed400000|  0%| F|  |TS  0|AC  0|TAMS 0x00000003ed000000, 0x00000003ed000000|
|  86|0x00000003ed400000, 0x00000003ed400000, 0x00000003ed800000|  0%| F|  |TS  0|AC  0|TAMS 0x00000003ed400000, 0x00000003ed400000|
|  87|0x00000003ed800000, 0x00000003ed800000, 0x00000003edc00000|  0%| F|  |TS  0|AC  0|TAMS 0x00000003ed800000, 0x00000003ed800000|
|  88|0x00000003edc00000, 0x00000003edc00000, 0x00000003ee000000|  0%| F|  |TS  0|AC  0|TAMS 0x00000003edc00000, 0x00000003edc00000|
|  89|0x00000003ee000000, 0x00000003ee000000, 0x00000003ee400000|  0%| F|  |TS  0|AC  0|TAMS 0x00000003ee000000, 0x00000003ee000000|
|  90|0x00000003ee400000, 0x00000003ee400000, 0x00000003ee800000|  0%| F|  |TS  0|AC  0|TAMS 0x00000003ee400000, 0x00000003ee400000|
|  91|0x00000003ee800000, 0x00000003ee800000, 0x00000003eec00000|  0%| F|  |TS  0|AC  0|TAMS 0x00000003ee800000, 0x00000003ee800000|
|  92|0x00000003eec00000, 0x00000003eec00000, 0x00000003ef000000|  0%| F|  |TS  0|AC  0|TAMS 0x00000003eec00000, 0x00000003eec00000|
|  93|0x00000003ef000000, 0x00000003ef000000, 0x00000003ef400000|  0%| F|  |TS  0|AC  0|TAMS 0x00000003ef000000, 0x00000003ef000000|
|  94|0x00000003ef400000, 0x00000003ef400000, 0x00000003ef800000|  0%| F|  |TS  0|AC  0|TAMS 0x00000003ef400000, 0x00000003ef400000|
|  95|0x00000003ef800000, 0x00000003ef800000, 0x00000003efc00000|  0%| F|  |TS  0|AC  0|TAMS 0x00000003ef800000, 0x00000003ef800000|
|  96|0x00000003efc00000, 0x00000003efc00000, 0x00000003f0000000|  0%| F|  |TS  0|AC  0|TAMS 0x00000003efc00000, 0x00000003efc00000|
|  97|0x00000003f0000000, 0x00000003f0000000, 0x00000003f0400000|  0%| F|  |TS  0|AC  0|TAMS 0x00000003f0000000, 0x00000003f0000000|
|  98|0x00000003f0400000, 0x00000003f0400000, 0x00000003f0800000|  0%| F|  |TS  0|AC  0|TAMS 0x00000003f0400000, 0x00000003f0400000|
|  99|0x00000003f0800000, 0x00000003f0800000, 0x00000003f0c00000|  0%| F|  |TS  0|AC  0|TAMS 0x00000003f0800000, 0x00000003f0800000|
| 100|0x00000003f0c00000, 0x00000003f0c00000, 0x00000003f1000000|  0%| F|  |TS  0|AC  0|TAMS 0x00000003f0c00000, 0x00000003f0c00000|
| 101|0x00000003f1000000, 0x00000003f1000000, 0x00000003f1400000|  0%| F|  |TS  0|AC  0|TAMS 0x00000003f1000000, 0x00000003f1000000|
| 102|0x00000003f1400000, 0x00000003f1400000, 0x00000003f1800000|  0%| F|  |TS  0|AC  0|TAMS 0x00000003f1400000, 0x00000003f1400000|
| 103|0x00000003f1800000, 0x00000003f1800000, 0x00000003f1c00000|  0%| F|  |TS  0|AC  0|TAMS 0x00000003f1800000, 0x00000003f1800000|
| 104|0x00000003f1c00000, 0x00000003f1c00000, 0x00000003f2000000|  0%| F|  |TS  0|AC  0|TAMS 0x00000003f1c00000, 0x00000003f1c00000|
| 105|0x00000003f2000000, 0x00000003f2000000, 0x00000003f2400000|  0%| F|  |TS  0|AC  0|TAMS 0x00000003f2000000, 0x00000003f2000000|
| 106|0x00000003f2400000, 0x00000003f2400000, 0x00000003f2800000|  0%| F|  |TS  0|AC  0|TAMS 0x00000003f2400000, 0x00000003f2400000|
| 107|0x00000003f2800000, 0x00000003f2800000, 0x00000003f2c00000|  0%| F|  |TS  0|AC  0|TAMS 0x00000003f2800000, 0x00000003f2800000|
| 108|0x00000003f2c00000, 0x00000003f2c00000, 0x00000003f3000000|  0%| F|  |TS  0|AC  0|TAMS 0x00000003f2c00000, 0x00000003f2c00000|
| 109|0x00000003f3000000, 0x00000003f3000000, 0x00000003f3400000|  0%| F|  |TS  0|AC  0|TAMS 0x00000003f3000000, 0x00000003f3000000|
| 110|0x00000003f3400000, 0x00000003f3400000, 0x00000003f3800000|  0%| F|  |TS  0|AC  0|TAMS 0x00000003f3400000, 0x00000003f3400000|
| 111|0x00000003f3800000, 0x00000003f3800000, 0x00000003f3c00000|  0%| F|  |TS  0|AC  0|TAMS 0x00000003f3800000, 0x00000003f3800000|
| 112|0x00000003f3c00000, 0x00000003f3c00000, 0x00000003f4000000|  0%| F|  |TS  0|AC  0|TAMS 0x00000003f3c00000, 0x00000003f3c00000|
| 113|0x00000003f4000000, 0x00000003f4000000, 0x00000003f4400000|  0%| F|  |TS  0|AC  0|TAMS 0x00000003f4000000, 0x00000003f4000000|
| 114|0x00000003f4400000, 0x00000003f4400000, 0x00000003f4800000|  0%| F|  |TS  0|AC  0|TAMS 0x00000003f4400000, 0x00000003f4400000|
| 115|0x00000003f4800000, 0x00000003f4800000, 0x00000003f4c00000|  0%| F|  |TS  0|AC  0|TAMS 0x00000003f4800000, 0x00000003f4800000|
| 116|0x00000003f4c00000, 0x00000003f4c00000, 0x00000003f5000000|  0%| F|  |TS  0|AC  0|TAMS 0x00000003f4c00000, 0x00000003f4c00000|
| 117|0x00000003f5000000, 0x00000003f5000000, 0x00000003f5400000|  0%| F|  |TS  0|AC  0|TAMS 0x00000003f5000000, 0x00000003f5000000|
| 118|0x00000003f5400000, 0x00000003f5400000, 0x00000003f5800000|  0%| F|  |TS  0|AC  0|TAMS 0x00000003f5400000, 0x00000003f5400000|
| 119|0x00000003f5800000, 0x00000003f5800000, 0x00000003f5c00000|  0%| F|  |TS  0|AC  0|TAMS 0x00000003f5800000, 0x00000003f5800000|
| 120|0x00000003f5c00000, 0x00000003f5c00000, 0x00000003f6000000|  0%| F|  |TS  0|AC  0|TAMS 0x00000003f5c00000, 0x00000003f5c00000|
| 121|0x00000003f6000000, 0x00000003f6000000, 0x00000003f6400000|  0%| F|  |TS  0|AC  0|TAMS 0x00000003f6000000, 0x00000003f6000000|
| 122|0x00000003f6400000, 0x00000003f6400000, 0x00000003f6800000|  0%| F|  |TS  0|AC  0|TAMS 0x00000003f6400000, 0x00000003f6400000|
| 123|0x00000003f6800000, 0x00000003f6800000, 0x00000003f6c00000|  0%| F|  |TS  0|AC  0|TAMS 0x00000003f6800000, 0x00000003f6800000|
| 124|0x00000003f6c00000, 0x00000003f6c00000, 0x00000003f7000000|  0%| F|  |TS  0|AC  0|TAMS 0x00000003f6c00000, 0x00000003f6c00000|
| 125|0x00000003f7000000, 0x00000003f7000000, 0x00000003f7400000|  0%| F|  |TS  0|AC  0|TAMS 0x00000003f7000000, 0x00000003f7000000|
| 126|0x00000003f7400000, 0x00000003f7400000, 0x00000003f7800000|  0%| F|  |TS  0|AC  0|TAMS 0x00000003f7400000, 0x00000003f7400000|
| 127|0x00000003f7800000, 0x00000003f7800000, 0x00000003f7c00000|  0%| F|  |TS  0|AC  0|TAMS 0x00000003f7800000, 0x00000003f7800000|
| 128|0x00000003f7c00000, 0x00000003f7c00000, 0x00000003f8000000|  0%| F|  |TS  0|AC  0|TAMS 0x00000003f7c00000, 0x00000003f7c00000|
| 129|0x00000003f8000000, 0x00000003f8000000, 0x00000003f8400000|  0%| F|  |TS  0|AC  0|TAMS 0x00000003f8000000, 0x00000003f8000000|
| 130|0x00000003f8400000, 0x00000003f8400000, 0x00000003f8800000|  0%| F|  |TS  0|AC  0|TAMS 0x00000003f8400000, 0x00000003f8400000|
| 131|0x00000003f8800000, 0x00000003f8800000, 0x00000003f8c00000|  0%| F|  |TS  0|AC  0|TAMS 0x00000003f8800000, 0x00000003f8800000|
| 132|0x00000003f8c00000, 0x00000003f8c00000, 0x00000003f9000000|  0%| F|  |TS  0|AC  0|TAMS 0x00000003f8c00000, 0x00000003f8c00000|
| 133|0x00000003f9000000, 0x00000003f9000000, 0x00000003f9400000|  0%| F|  |TS  0|AC  0|TAMS 0x00000003f9000000, 0x00000003f9000000|
| 134|0x00000003f9400000, 0x00000003f9400000, 0x00000003f9800000|  0%| F|  |TS  0|AC  0|TAMS 0x00000003f9400000, 0x00000003f9400000|
| 135|0x00000003f9800000, 0x00000003f9800000, 0x00000003f9c00000|  0%| F|  |TS  0|AC  0|TAMS 0x00000003f9800000, 0x00000003f9800000|
| 136|0x00000003f9c00000, 0x00000003f9c00000, 0x00000003fa000000|  0%| F|  |TS  0|AC  0|TAMS 0x00000003f9c00000, 0x00000003f9c00000|
| 137|0x00000003fa000000, 0x00000003fa000000, 0x00000003fa400000|  0%| F|  |TS  0|AC  0|TAMS 0x00000003fa000000, 0x00000003fa000000|
| 138|0x00000003fa400000, 0x00000003fa400000, 0x00000003fa800000|  0%| F|  |TS  0|AC  0|TAMS 0x00000003fa400000, 0x00000003fa400000|
| 139|0x00000003fa800000, 0x00000003fa800000, 0x00000003fac00000|  0%| F|  |TS  0|AC  0|TAMS 0x00000003fa800000, 0x00000003fa800000|
| 140|0x00000003fac00000, 0x00000003fac00000, 0x00000003fb000000|  0%| F|  |TS  0|AC  0|TAMS 0x00000003fac00000, 0x00000003fac00000|
| 141|0x00000003fb000000, 0x00000003fb000000, 0x00000003fb400000|  0%| F|  |TS  0|AC  0|TAMS 0x00000003fb000000, 0x00000003fb000000|
| 142|0x00000003fb400000, 0x00000003fb400000, 0x00000003fb800000|  0%| F|  |TS  0|AC  0|TAMS 0x00000003fb400000, 0x00000003fb400000|
| 143|0x00000003fb800000, 0x00000003fb800000, 0x00000003fbc00000|  0%| F|  |TS  0|AC  0|TAMS 0x00000003fb800000, 0x00000003fb800000|
| 144|0x00000003fbc00000, 0x00000003fbc00000, 0x00000003fc000000|  0%| F|  |TS  0|AC  0|TAMS 0x00000003fbc00000, 0x00000003fbc00000|
| 145|0x00000003fc000000, 0x00000003fc000000, 0x00000003fc400000|  0%| F|  |TS  0|AC  0|TAMS 0x00000003fc000000, 0x00000003fc000000|
| 146|0x00000003fc400000, 0x00000003fc400000, 0x00000003fc800000|  0%| F|  |TS  0|AC  0|TAMS 0x00000003fc400000, 0x00000003fc400000|
| 147|0x00000003fc800000, 0x00000003fc800000, 0x00000003fcc00000|  0%| F|  |TS  0|AC  0|TAMS 0x00000003fc800000, 0x00000003fc800000|
| 148|0x00000003fcc00000, 0x00000003fcc00000, 0x00000003fd000000|  0%| F|  |TS  0|AC  0|TAMS 0x00000003fcc00000, 0x00000003fcc00000|
| 149|0x00000003fd000000, 0x00000003fd000000, 0x00000003fd400000|  0%| F|  |TS  0|AC  0|TAMS 0x00000003fd000000, 0x00000003fd000000|
| 150|0x00000003fd400000, 0x00000003fd400000, 0x00000003fd800000|  0%| F|  |TS  0|AC  0|TAMS 0x00000003fd400000, 0x00000003fd400000|
| 151|0x00000003fd800000, 0x00000003fd800000, 0x00000003fdc00000|  0%| F|  |TS  0|AC  0|TAMS 0x00000003fd800000, 0x00000003fd800000|
| 152|0x00000003fdc00000, 0x00000003fdc00000, 0x00000003fe000000|  0%| F|  |TS  0|AC  0|TAMS 0x00000003fdc00000, 0x00000003fdc00000|
| 153|0x00000003fe000000, 0x00000003fe000000, 0x00000003fe400000|  0%| F|  |TS  0|AC  0|TAMS 0x00000003fe000000, 0x00000003fe000000|
| 154|0x00000003fe400000, 0x00000003fe400000, 0x00000003fe800000|  0%| F|  |TS  0|AC  0|TAMS 0x00000003fe400000, 0x00000003fe400000|
| 155|0x00000003fe800000, 0x00000003fe800000, 0x00000003fec00000|  0%| F|  |TS  0|AC  0|TAMS 0x00000003fe800000, 0x00000003fe800000|
| 156|0x00000003fec00000, 0x00000003fec00000, 0x00000003ff000000|  0%| F|  |TS  0|AC  0|TAMS 0x00000003fec00000, 0x00000003fec00000|
| 157|0x00000003ff000000, 0x00000003ff000000, 0x00000003ff400000|  0%| F|  |TS  0|AC  0|TAMS 0x00000003ff000000, 0x00000003ff000000|
| 158|0x00000003ff400000, 0x00000003ff400000, 0x00000003ff800000|  0%| F|  |TS  0|AC  0|TAMS 0x00000003ff400000, 0x00000003ff400000|
| 159|0x00000003ff800000, 0x00000003ff800000, 0x00000003ffc00000|  0%| F|  |TS  0|AC  0|TAMS 0x00000003ff800000, 0x00000003ff800000|
| 160|0x00000003ffc00000, 0x00000003ffc00000, 0x0000000400000000|  0%| F|  |TS  0|AC  0|TAMS 0x00000003ffc00000, 0x00000003ffc00000|
| 161|0x0000000400000000, 0x0000000400000000, 0x0000000400400000|  0%| F|  |TS  0|AC  0|TAMS 0x0000000400000000, 0x0000000400000000|
| 162|0x0000000400400000, 0x0000000400400000, 0x0000000400800000|  0%| F|  |TS  0|AC  0|TAMS 0x0000000400400000, 0x0000000400400000|
| 163|0x0000000400800000, 0x0000000400800000, 0x0000000400c00000|  0%| F|  |TS  0|AC  0|TAMS 0x0000000400800000, 0x0000000400800000|
| 164|0x0000000400c00000, 0x0000000400c00000, 0x0000000401000000|  0%| F|  |TS  0|AC  0|TAMS 0x0000000400c00000, 0x0000000400c00000|
| 165|0x0000000401000000, 0x0000000401000000, 0x0000000401400000|  0%| F|  |TS  0|AC  0|TAMS 0x0000000401000000, 0x0000000401000000|
| 166|0x0000000401400000, 0x0000000401400000, 0x0000000401800000|  0%| F|  |TS  0|AC  0|TAMS 0x0000000401400000, 0x0000000401400000|
| 167|0x0000000401800000, 0x0000000401800000, 0x0000000401c00000|  0%| F|  |TS  0|AC  0|TAMS 0x0000000401800000, 0x0000000401800000|
| 168|0x0000000401c00000, 0x0000000401c00000, 0x0000000402000000|  0%| F|  |TS  0|AC  0|TAMS 0x0000000401c00000, 0x0000000401c00000|
| 169|0x0000000402000000, 0x0000000402000000, 0x0000000402400000|  0%| F|  |TS  0|AC  0|TAMS 0x0000000402000000, 0x0000000402000000|
| 170|0x0000000402400000, 0x0000000402400000, 0x0000000402800000|  0%| F|  |TS  0|AC  0|TAMS 0x0000000402400000, 0x0000000402400000|
| 171|0x0000000402800000, 0x0000000402800000, 0x0000000402c00000|  0%| F|  |TS  0|AC  0|TAMS 0x0000000402800000, 0x0000000402800000|
| 172|0x0000000402c00000, 0x0000000402c00000, 0x0000000403000000|  0%| F|  |TS  0|AC  0|TAMS 0x0000000402c00000, 0x0000000402c00000|
| 173|0x0000000403000000, 0x0000000403000000, 0x0000000403400000|  0%| F|  |TS  0|AC  0|TAMS 0x0000000403000000, 0x0000000403000000|
| 174|0x0000000403400000, 0x0000000403400000, 0x0000000403800000|  0%| F|  |TS  0|AC  0|TAMS 0x0000000403400000, 0x0000000403400000|
| 175|0x0000000403800000, 0x0000000403800000, 0x0000000403c00000|  0%| F|  |TS  0|AC  0|TAMS 0x0000000403800000, 0x0000000403800000|
| 176|0x0000000403c00000, 0x0000000403c00000, 0x0000000404000000|  0%| F|  |TS  0|AC  0|TAMS 0x0000000403c00000, 0x0000000403c00000|
| 177|0x0000000404000000, 0x0000000404000000, 0x0000000404400000|  0%| F|  |TS  0|AC  0|TAMS 0x0000000404000000, 0x0000000404000000|
| 178|0x0000000404400000, 0x0000000404400000, 0x0000000404800000|  0%| F|  |TS  0|AC  0|TAMS 0x0000000404400000, 0x0000000404400000|
| 179|0x0000000404800000, 0x0000000404800000, 0x0000000404c00000|  0%| F|  |TS  0|AC  0|TAMS 0x0000000404800000, 0x0000000404800000|
| 180|0x0000000404c00000, 0x0000000404c00000, 0x0000000405000000|  0%| F|  |TS  0|AC  0|TAMS 0x0000000404c00000, 0x0000000404c00000|
| 181|0x0000000405000000, 0x0000000405000000, 0x0000000405400000|  0%| F|  |TS  0|AC  0|TAMS 0x0000000405000000, 0x0000000405000000|
| 182|0x0000000405400000, 0x0000000405400000, 0x0000000405800000|  0%| F|  |TS  0|AC  0|TAMS 0x0000000405400000, 0x0000000405400000|
| 183|0x0000000405800000, 0x0000000405800000, 0x0000000405c00000|  0%| F|  |TS  0|AC  0|TAMS 0x0000000405800000, 0x0000000405800000|
| 184|0x0000000405c00000, 0x0000000405c00000, 0x0000000406000000|  0%| F|  |TS  0|AC  0|TAMS 0x0000000405c00000, 0x0000000405c00000|
| 185|0x0000000406000000, 0x0000000406000000, 0x0000000406400000|  0%| F|  |TS  0|AC  0|TAMS 0x0000000406000000, 0x0000000406000000|
| 186|0x0000000406400000, 0x0000000406400000, 0x0000000406800000|  0%| F|  |TS  0|AC  0|TAMS 0x0000000406400000, 0x0000000406400000|
| 187|0x0000000406800000, 0x0000000406800000, 0x0000000406c00000|  0%| F|  |TS  0|AC  0|TAMS 0x0000000406800000, 0x0000000406800000|
| 188|0x0000000406c00000, 0x0000000406c00000, 0x0000000407000000|  0%| F|  |TS  0|AC  0|TAMS 0x0000000406c00000, 0x0000000406c00000|
| 189|0x0000000407000000, 0x0000000407000000, 0x0000000407400000|  0%| F|  |TS  0|AC  0|TAMS 0x0000000407000000, 0x0000000407000000|
| 190|0x0000000407400000, 0x0000000407400000, 0x0000000407800000|  0%| F|  |TS  0|AC  0|TAMS 0x0000000407400000, 0x0000000407400000|
| 191|0x0000000407800000, 0x0000000407800000, 0x0000000407c00000|  0%| F|  |TS  0|AC  0|TAMS 0x0000000407800000, 0x0000000407800000|
| 192|0x0000000407c00000, 0x0000000407c00000, 0x0000000408000000|  0%| F|  |TS  0|AC  0|TAMS 0x0000000407c00000, 0x0000000407c00000|
| 193|0x0000000408000000, 0x0000000408000000, 0x0000000408400000|  0%| F|  |TS  0|AC  0|TAMS 0x0000000408000000, 0x0000000408000000|
| 194|0x0000000408400000, 0x0000000408400000, 0x0000000408800000|  0%| F|  |TS  0|AC  0|TAMS 0x0000000408400000, 0x0000000408400000|
| 195|0x0000000408800000, 0x0000000408800000, 0x0000000408c00000|  0%| F|  |TS  0|AC  0|TAMS 0x0000000408800000, 0x0000000408800000|
| 196|0x0000000408c00000, 0x0000000408c00000, 0x0000000409000000|  0%| F|  |TS  0|AC  0|TAMS 0x0000000408c00000, 0x0000000408c00000|
| 197|0x0000000409000000, 0x0000000409000000, 0x0000000409400000|  0%| F|  |TS  0|AC  0|TAMS 0x0000000409000000, 0x0000000409000000|
| 198|0x0000000409400000, 0x0000000409400000, 0x0000000409800000|  0%| F|  |TS  0|AC  0|TAMS 0x0000000409400000, 0x0000000409400000|
| 199|0x0000000409800000, 0x0000000409800000, 0x0000000409c00000|  0%| F|  |TS  0|AC  0|TAMS 0x0000000409800000, 0x0000000409800000|
| 200|0x0000000409c00000, 0x0000000409c00000, 0x000000040a000000|  0%| F|  |TS  0|AC  0|TAMS 0x0000000409c00000, 0x0000000409c00000|
| 201|0x000000040a000000, 0x000000040a000000, 0x000000040a400000|  0%| F|  |TS  0|AC  0|TAMS 0x000000040a000000, 0x000000040a000000|
| 202|0x000000040a400000, 0x000000040a400000, 0x000000040a800000|  0%| F|  |TS  0|AC  0|TAMS 0x000000040a400000, 0x000000040a400000|
| 203|0x000000040a800000, 0x000000040a800000, 0x000000040ac00000|  0%| F|  |TS  0|AC  0|TAMS 0x000000040a800000, 0x000000040a800000|
| 204|0x000000040ac00000, 0x000000040ac00000, 0x000000040b000000|  0%| F|  |TS  0|AC  0|TAMS 0x000000040ac00000, 0x000000040ac00000|
| 205|0x000000040b000000, 0x000000040b000000, 0x000000040b400000|  0%| F|  |TS  0|AC  0|TAMS 0x000000040b000000, 0x000000040b000000|
| 206|0x000000040b400000, 0x000000040b400000, 0x000000040b800000|  0%| F|  |TS  0|AC  0|TAMS 0x000000040b400000, 0x000000040b400000|
| 207|0x000000040b800000, 0x000000040b800000, 0x000000040bc00000|  0%| F|  |TS  0|AC  0|TAMS 0x000000040b800000, 0x000000040b800000|
| 208|0x000000040bc00000, 0x000000040bc00000, 0x000000040c000000|  0%| F|  |TS  0|AC  0|TAMS 0x000000040bc00000, 0x000000040bc00000|
| 209|0x000000040c000000, 0x000000040c000000, 0x000000040c400000|  0%| F|  |TS  0|AC  0|TAMS 0x000000040c000000, 0x000000040c000000|
| 210|0x000000040c400000, 0x000000040c400000, 0x000000040c800000|  0%| F|  |TS  0|AC  0|TAMS 0x000000040c400000, 0x000000040c400000|
| 211|0x000000040c800000, 0x000000040c800000, 0x000000040cc00000|  0%| F|  |TS  0|AC  0|TAMS 0x000000040c800000, 0x000000040c800000|
| 212|0x000000040cc00000, 0x000000040cc00000, 0x000000040d000000|  0%| F|  |TS  0|AC  0|TAMS 0x000000040cc00000, 0x000000040cc00000|
| 213|0x000000040d000000, 0x000000040d000000, 0x000000040d400000|  0%| F|  |TS  0|AC  0|TAMS 0x000000040d000000, 0x000000040d000000|
| 214|0x000000040d400000, 0x000000040d400000, 0x000000040d800000|  0%| F|  |TS  0|AC  0|TAMS 0x000000040d400000, 0x000000040d400000|
| 215|0x000000040d800000, 0x000000040d800000, 0x000000040dc00000|  0%| F|  |TS  0|AC  0|TAMS 0x000000040d800000, 0x000000040d800000|
| 216|0x000000040dc00000, 0x000000040dc00000, 0x000000040e000000|  0%| F|  |TS  0|AC  0|TAMS 0x000000040dc00000, 0x000000040dc00000|
| 217|0x000000040e000000, 0x000000040e000000, 0x000000040e400000|  0%| F|  |TS  0|AC  0|TAMS 0x000000040e000000, 0x000000040e000000|
| 218|0x000000040e400000, 0x000000040e400000, 0x000000040e800000|  0%| F|  |TS  0|AC  0|TAMS 0x000000040e400000, 0x000000040e400000|
| 219|0x000000040e800000, 0x000000040e800000, 0x000000040ec00000|  0%| F|  |TS  0|AC  0|TAMS 0x000000040e800000, 0x000000040e800000|
| 220|0x000000040ec00000, 0x000000040ec00000, 0x000000040f000000|  0%| F|  |TS  0|AC  0|TAMS 0x000000040ec00000, 0x000000040ec00000|
| 221|0x000000040f000000, 0x000000040f000000, 0x000000040f400000|  0%| F|  |TS  0|AC  0|TAMS 0x000000040f000000, 0x000000040f000000|
| 222|0x000000040f400000, 0x000000040f400000, 0x000000040f800000|  0%| F|  |TS  0|AC  0|TAMS 0x000000040f400000, 0x000000040f400000|
| 223|0x000000040f800000, 0x000000040f800000, 0x000000040fc00000|  0%| F|  |TS  0|AC  0|TAMS 0x000000040f800000, 0x000000040f800000|
| 224|0x000000040fc00000, 0x000000040fc00000, 0x0000000410000000|  0%| F|  |TS  0|AC  0|TAMS 0x000000040fc00000, 0x000000040fc00000|
| 225|0x0000000410000000, 0x0000000410000000, 0x0000000410400000|  0%| F|  |TS  0|AC  0|TAMS 0x0000000410000000, 0x0000000410000000|
| 226|0x0000000410400000, 0x0000000410400000, 0x0000000410800000|  0%| F|  |TS  0|AC  0|TAMS 0x0000000410400000, 0x0000000410400000|
| 227|0x0000000410800000, 0x0000000410800000, 0x0000000410c00000|  0%| F|  |TS  0|AC  0|TAMS 0x0000000410800000, 0x0000000410800000|
| 228|0x0000000410c00000, 0x0000000410c00000, 0x0000000411000000|  0%| F|  |TS  0|AC  0|TAMS 0x0000000410c00000, 0x0000000410c00000|
| 229|0x0000000411000000, 0x0000000411000000, 0x0000000411400000|  0%| F|  |TS  0|AC  0|TAMS 0x0000000411000000, 0x0000000411000000|
| 230|0x0000000411400000, 0x0000000411400000, 0x0000000411800000|  0%| F|  |TS  0|AC  0|TAMS 0x0000000411400000, 0x0000000411400000|
| 231|0x0000000411800000, 0x0000000411800000, 0x0000000411c00000|  0%| F|  |TS  0|AC  0|TAMS 0x0000000411800000, 0x0000000411800000|
| 232|0x0000000411c00000, 0x0000000411c00000, 0x0000000412000000|  0%| F|  |TS  0|AC  0|TAMS 0x0000000411c00000, 0x0000000411c00000|
| 233|0x0000000412000000, 0x0000000412000000, 0x0000000412400000|  0%| F|  |TS  0|AC  0|TAMS 0x0000000412000000, 0x0000000412000000|
| 234|0x0000000412400000, 0x0000000412400000, 0x0000000412800000|  0%| F|  |TS  0|AC  0|TAMS 0x0000000412400000, 0x0000000412400000|
| 235|0x0000000412800000, 0x0000000412800000, 0x0000000412c00000|  0%| F|  |TS  0|AC  0|TAMS 0x0000000412800000, 0x0000000412800000|
| 236|0x0000000412c00000, 0x0000000412c00000, 0x0000000413000000|  0%| F|  |TS  0|AC  0|TAMS 0x0000000412c00000, 0x0000000412c00000|
| 237|0x0000000413000000, 0x0000000413000000, 0x0000000413400000|  0%| F|  |TS  0|AC  0|TAMS 0x0000000413000000, 0x0000000413000000|
| 238|0x0000000413400000, 0x0000000413400000, 0x0000000413800000|  0%| F|  |TS  0|AC  0|TAMS 0x0000000413400000, 0x0000000413400000|
| 239|0x0000000413800000, 0x0000000413800000, 0x0000000413c00000|  0%| F|  |TS  0|AC  0|TAMS 0x0000000413800000, 0x0000000413800000|
| 240|0x0000000413c00000, 0x0000000413c00000, 0x0000000414000000|  0%| F|  |TS  0|AC  0|TAMS 0x0000000413c00000, 0x0000000413c00000|
| 241|0x0000000414000000, 0x0000000414000000, 0x0000000414400000|  0%| F|  |TS  0|AC  0|TAMS 0x0000000414000000, 0x0000000414000000|
| 242|0x0000000414400000, 0x0000000414400000, 0x0000000414800000|  0%| F|  |TS  0|AC  0|TAMS 0x0000000414400000, 0x0000000414400000|
| 243|0x0000000414800000, 0x0000000414800000, 0x0000000414c00000|  0%| F|  |TS  0|AC  0|TAMS 0x0000000414800000, 0x0000000414800000|
| 244|0x0000000414c00000, 0x0000000414c00000, 0x0000000415000000|  0%| F|  |TS  0|AC  0|TAMS 0x0000000414c00000, 0x0000000414c00000|
| 245|0x0000000415000000, 0x0000000415000000, 0x0000000415400000|  0%| F|  |TS  0|AC  0|TAMS 0x0000000415000000, 0x0000000415000000|
| 246|0x0000000415400000, 0x0000000415400000, 0x0000000415800000|  0%| F|  |TS  0|AC  0|TAMS 0x0000000415400000, 0x0000000415400000|
| 247|0x0000000415800000, 0x0000000415bd7948, 0x0000000415c00000| 96%| E|  |TS  0|AC  0|TAMS 0x0000000415800000, 0x0000000415800000|
| 248|0x0000000415c00000, 0x0000000416000000, 0x0000000416000000|100%| E|CS|TS  0|AC  0|TAMS 0x0000000415c00000, 0x0000000415c00000|
| 249|0x0000000416000000, 0x0000000416400000, 0x0000000416400000|100%| E|CS|TS  0|AC  0|TAMS 0x0000000416000000, 0x0000000416000000|
| 250|0x0000000416400000, 0x0000000416800000, 0x0000000416800000|100%| E|CS|TS  0|AC  0|TAMS 0x0000000416400000, 0x0000000416400000|

Card table byte_map: [0x00007fce5817c000,0x00007fce5a0be000] byte_map_base: 0x00007fce562be000

Marking Bits (Prev, Next): (CMBitMap*) 0x00007fcf1c09e820, (CMBitMap*) 0x00007fcf1c09e858
 Prev Bits: [0x00007fce426ae000, 0x00007fce520be000)
 Next Bits: [0x00007fce32c9e000, 0x00007fce426ae000)

Polling page: 0x00007fcf23b6e000

CodeHeap 'non-profiled nmethods': size=119172Kb used=170Kb max_used=170Kb free=119001Kb
 bounds [0x00007fcf096e2000, 0x00007fcf09952000, 0x00007fcf10b43000]
CodeHeap 'profiled nmethods': size=119172Kb used=388Kb max_used=388Kb free=118783Kb
 bounds [0x00007fcf02281000, 0x00007fcf024f1000, 0x00007fcf096e2000]
CodeHeap 'non-nmethods': size=7416Kb used=2825Kb max_used=2854Kb free=4590Kb
 bounds [0x00007fcf01b43000, 0x00007fcf01e13000, 0x00007fcf02281000]
 total_blobs=683 nmethods=288 adapters=168
 compilation: enabled

Compilation events (10 events):
Event: 0.175 Thread 0x00007fcf1c2b7000 nmethod 284 0x00007fcf09700610 code [0x00007fcf09700900, 0x00007fcf09702520]
Event: 0.177 Thread 0x00007fcf1c2b9000 nmethod 283 0x00007fcf09703710 code [0x00007fcf097039c0, 0x00007fcf097052d0]
Event: 0.177 Thread 0x00007fcf1c2bd000  286       4       java.nio.Buffer::limit (74 bytes)
Event: 0.178 Thread 0x00007fcf1c2bd000 nmethod 286 0x00007fcf09706390 code [0x00007fcf09706520, 0x00007fcf09706618]
Event: 0.215 Thread 0x00007fcf1c2c7000 nmethod 281 0x00007fcf09706710 code [0x00007fcf09706b40, 0x00007fcf09709f40]
Event: 0.218 Thread 0x00007fcf1c2cb000  288       4       java.nio.ByteBuffer::hasArray (20 bytes)
Event: 0.218 Thread 0x00007fcf1c2c9000  287       4       java.nio.CharBuffer::hasArray (20 bytes)
Event: 0.218 Thread 0x00007fcf1c2c9000 nmethod 287 0x00007fcf0970c290 code [0x00007fcf0970c420, 0x00007fcf0970c4b8]
Event: 0.219 Thread 0x00007fcf1c2cb000 nmethod 288 0x00007fcf0970c590 code [0x00007fcf0970c720, 0x00007fcf0970c7b8]
Event: 0.293 Thread 0x00007fcf1c2d3000  289 %     3       org.eclipse.core.runtime.adaptor.EclipseStarter::main @ 2680 (4088 bytes)

GC Heap History (0 events):
No events

Deoptimization events (0 events):
No events

Classes redefined (0 events):
No events

Internal exceptions (0 events):
No events

Events (10 events):
Event: 0.142 Thread 0x00007fcf1c011800 DEOPT PACKING pc=0x00007fcf022ca324 sp=0x00007fcf22218e80
Event: 0.142 Thread 0x00007fcf1c011800 DEOPT UNPACKING pc=0x00007fcf01b90aab sp=0x00007fcf22218468 mode 0
Event: 0.143 Thread 0x00007fcf1c011800 DEOPT PACKING pc=0x00007fcf022ca324 sp=0x00007fcf22218e80
Event: 0.143 Thread 0x00007fcf1c011800 DEOPT UNPACKING pc=0x00007fcf01b90aab sp=0x00007fcf22218468 mode 0
Event: 0.143 Thread 0x00007fcf1c011800 DEOPT PACKING pc=0x00007fcf022ca324 sp=0x00007fcf22218e80
Event: 0.143 Thread 0x00007fcf1c011800 DEOPT UNPACKING pc=0x00007fcf01b90aab sp=0x00007fcf22218468 mode 0
Event: 0.143 Thread 0x00007fcf1c011800 DEOPT PACKING pc=0x00007fcf022ca324 sp=0x00007fcf22218e80
Event: 0.143 Thread 0x00007fcf1c011800 DEOPT UNPACKING pc=0x00007fcf01b90aab sp=0x00007fcf22218468 mode 0
Event: 0.143 Thread 0x00007fcf1c011800 DEOPT PACKING pc=0x00007fcf022ca324 sp=0x00007fcf22218e80
Event: 0.143 Thread 0x00007fcf1c011800 DEOPT UNPACKING pc=0x00007fcf01b90aab sp=0x00007fcf22218468 mode 0


Dynamic libraries:
00400000-00401000 r-xp 00000000 00:65 77077150                           /root/oracle/jdk-9.0.4/bin/java
00600000-00601000 rw-p 00000000 00:65 77077150                           /root/oracle/jdk-9.0.4/bin/java
01977000-01998000 rw-p 00000000 00:00 0                                  [heap]
3d7c00000-416800000 rw-p 00000000 00:00 0 
416800000-7c0000000 ---p 00000000 00:00 0 
7c0000000-7c0080000 rw-p 00000000 00:00 0 
7c0080000-800000000 ---p 00000000 00:00 0 
7fcdc0000000-7fcdc0021000 rw-p 00000000 00:00 0 
7fcdc0021000-7fcdc4000000 ---p 00000000 00:00 0 
7fcdc8000000-7fcdc8021000 rw-p 00000000 00:00 0 
7fcdc8021000-7fcdcc000000 ---p 00000000 00:00 0 
7fcdcc000000-7fcdcc021000 rw-p 00000000 00:00 0 
7fcdcc021000-7fcdd0000000 ---p 00000000 00:00 0 
7fcdd0000000-7fcdd005e000 rw-p 00000000 00:00 0 
7fcdd005e000-7fcdd4000000 ---p 00000000 00:00 0 
7fcdd4000000-7fcdd4021000 rw-p 00000000 00:00 0 
7fcdd4021000-7fcdd8000000 ---p 00000000 00:00 0 
7fcdd8000000-7fcdd8065000 rw-p 00000000 00:00 0 
7fcdd8065000-7fcddc000000 ---p 00000000 00:00 0 
7fcddc000000-7fcddc044000 rw-p 00000000 00:00 0 
7fcddc044000-7fcde0000000 ---p 00000000 00:00 0 
7fcde0000000-7fcde00fb000 rw-p 00000000 00:00 0 
7fcde00fb000-7fcde4000000 ---p 00000000 00:00 0 
7fcde4000000-7fcde4056000 rw-p 00000000 00:00 0 
7fcde4056000-7fcde8000000 ---p 00000000 00:00 0 
7fcde8000000-7fcde82c8000 rw-p 00000000 00:00 0 
7fcde82c8000-7fcdec000000 ---p 00000000 00:00 0 
7fcdec000000-7fcdec10b000 rw-p 00000000 00:00 0 
7fcdec10b000-7fcdf0000000 ---p 00000000 00:00 0 
7fcdf0000000-7fcdf00eb000 rw-p 00000000 00:00 0 
7fcdf00eb000-7fcdf4000000 ---p 00000000 00:00 0 
7fcdf4000000-7fcdf41c6000 rw-p 00000000 00:00 0 
7fcdf41c6000-7fcdf8000000 ---p 00000000 00:00 0 
7fcdf8000000-7fcdf827f000 rw-p 00000000 00:00 0 
7fcdf827f000-7fcdfc000000 ---p 00000000 00:00 0 
7fcdfc000000-7fcdfc2d8000 rw-p 00000000 00:00 0 
7fcdfc2d8000-7fce00000000 ---p 00000000 00:00 0 
7fce00000000-7fce00021000 rw-p 00000000 00:00 0 
7fce00021000-7fce04000000 ---p 00000000 00:00 0 
7fce04000000-7fce0417f000 rw-p 00000000 00:00 0 
7fce0417f000-7fce08000000 ---p 00000000 00:00 0 
7fce08000000-7fce08021000 rw-p 00000000 00:00 0 
7fce08021000-7fce0c000000 ---p 00000000 00:00 0 
7fce0c000000-7fce0c021000 rw-p 00000000 00:00 0 
7fce0c021000-7fce10000000 ---p 00000000 00:00 0 
7fce10000000-7fce10021000 rw-p 00000000 00:00 0 
7fce10021000-7fce14000000 ---p 00000000 00:00 0 
7fce14000000-7fce14021000 rw-p 00000000 00:00 0 
7fce14021000-7fce18000000 ---p 00000000 00:00 0 
7fce19c63000-7fce19f91000 rw-p 00000000 00:00 0 
7fce19f91000-7fce19f92000 ---p 00000000 00:00 0 
7fce19f92000-7fce1a093000 rw-p 00000000 00:00 0 
7fce1a093000-7fce1a097000 ---p 00000000 00:00 0 
7fce1a097000-7fce1a194000 rw-p 00000000 00:00 0 
7fce1a194000-7fce1a198000 ---p 00000000 00:00 0 
7fce1a198000-7fce1a2c6000 rw-p 00000000 00:00 0 
7fce1a2c6000-7fce1a2dc000 r-xp 00000000 00:65 77077477                   /root/oracle/jdk-9.0.4/lib/libnet.so
7fce1a2dc000-7fce1a4dc000 ---p 00016000 00:65 77077477                   /root/oracle/jdk-9.0.4/lib/libnet.so
7fce1a4dc000-7fce1a4dd000 rw-p 00016000 00:65 77077477                   /root/oracle/jdk-9.0.4/lib/libnet.so
7fce1a4dd000-7fce1a4ed000 r-xp 00000000 00:65 77077594                   /root/oracle/jdk-9.0.4/lib/libnio.so
7fce1a4ed000-7fce1a6ed000 ---p 00010000 00:65 77077594                   /root/oracle/jdk-9.0.4/lib/libnio.so
7fce1a6ed000-7fce1a6ee000 rw-p 00010000 00:65 77077594                   /root/oracle/jdk-9.0.4/lib/libnio.so
7fce1a6ee000-7fce1a6f2000 ---p 00000000 00:00 0 
7fce1a6f2000-7fce1a7ef000 rw-p 00000000 00:00 0 
7fce1a7ef000-7fce1a7f3000 ---p 00000000 00:00 0 
7fce1a7f3000-7fce1a8f0000 rw-p 00000000 00:00 0 
7fce1a8f0000-7fce1a8f4000 ---p 00000000 00:00 0 
7fce1a8f4000-7fce1a9f1000 rw-p 00000000 00:00 0 
7fce1a9f1000-7fce1a9f5000 ---p 00000000 00:00 0 
7fce1a9f5000-7fce1aaf2000 rw-p 00000000 00:00 0 
7fce1aaf2000-7fce1aaf6000 ---p 00000000 00:00 0 
7fce1aaf6000-7fce1abf3000 rw-p 00000000 00:00 0 
7fce1abf3000-7fce1abf7000 ---p 00000000 00:00 0 
7fce1abf7000-7fce1acf4000 rw-p 00000000 00:00 0 
7fce1acf4000-7fce1acf8000 ---p 00000000 00:00 0 
7fce1acf8000-7fce1adf5000 rw-p 00000000 00:00 0 
7fce1adf5000-7fce1adf9000 ---p 00000000 00:00 0 
7fce1adf9000-7fce1aef6000 rw-p 00000000 00:00 0 
7fce1aef6000-7fce1aefa000 ---p 00000000 00:00 0 
7fce1aefa000-7fce1aff7000 rw-p 00000000 00:00 0 
7fce1aff7000-7fce1affb000 ---p 00000000 00:00 0 
7fce1affb000-7fce1b0f8000 rw-p 00000000 00:00 0 
7fce1b0f8000-7fce1b0fc000 ---p 00000000 00:00 0 
7fce1b0fc000-7fce1b1f9000 rw-p 00000000 00:00 0 
7fce1b1f9000-7fce1b1fd000 ---p 00000000 00:00 0 
7fce1b1fd000-7fce1b2fa000 rw-p 00000000 00:00 0 
7fce1b2fa000-7fce1b2fe000 ---p 00000000 00:00 0 
7fce1b2fe000-7fce1b3fb000 rw-p 00000000 00:00 0 
7fce1b3fb000-7fce1b3ff000 ---p 00000000 00:00 0 
7fce1b3ff000-7fce1b4fc000 rw-p 00000000 00:00 0 
7fce1b4fc000-7fce1b500000 ---p 00000000 00:00 0 
7fce1b500000-7fce1b5fd000 rw-p 00000000 00:00 0 
7fce1b5fd000-7fce1b601000 ---p 00000000 00:00 0 
7fce1b601000-7fce1b6fe000 rw-p 00000000 00:00 0 
7fce1b6fe000-7fce1b6ff000 ---p 00000000 00:00 0 
7fce1b6ff000-7fce1bc40000 rw-p 00000000 00:00 0 
7fce1bc40000-7fce1c000000 ---p 00000000 00:00 0 
7fce1c000000-7fce1c021000 rw-p 00000000 00:00 0 
7fce1c021000-7fce20000000 ---p 00000000 00:00 0 
7fce20000000-7fce20021000 rw-p 00000000 00:00 0 
7fce20021000-7fce24000000 ---p 00000000 00:00 0 
7fce24000000-7fce24021000 rw-p 00000000 00:00 0 
7fce24021000-7fce28000000 ---p 00000000 00:00 0 
7fce28000000-7fce28021000 rw-p 00000000 00:00 0 
7fce28021000-7fce2c000000 ---p 00000000 00:00 0 
7fce2c000000-7fce2c021000 rw-p 00000000 00:00 0 
7fce2c021000-7fce30000000 ---p 00000000 00:00 0 
7fce3001c000-7fce30c9e000 rw-p 00000000 00:00 0 
7fce30c9e000-7fce32c9e000 rwxp 00000000 00:00 0 
7fce32c9e000-7fce33c4e000 rw-p 00000000 00:00 0 
7fce33c4e000-7fce426ae000 ---p 00000000 00:00 0 
7fce426ae000-7fce4365e000 rw-p 00000000 00:00 0 
7fce4365e000-7fce520be000 ---p 00000000 00:00 0 
7fce520be000-7fce522b4000 rw-p 00000000 00:00 0 
7fce522b4000-7fce54000000 ---p 00000000 00:00 0 
7fce54000000-7fce54021000 rw-p 00000000 00:00 0 
7fce54021000-7fce58000000 ---p 00000000 00:00 0 
7fce58020000-7fce58372000 rw-p 00000000 00:00 0 
7fce58372000-7fce5c000000 ---p 00000000 00:00 0 
7fce5c000000-7fce5c021000 rw-p 00000000 00:00 0 
7fce5c021000-7fce60000000 ---p 00000000 00:00 0 
7fce60000000-7fce60021000 rw-p 00000000 00:00 0 
7fce60021000-7fce64000000 ---p 00000000 00:00 0 
7fce64000000-7fce64021000 rw-p 00000000 00:00 0 
7fce64021000-7fce68000000 ---p 00000000 00:00 0 
7fce68000000-7fce68021000 rw-p 00000000 00:00 0 
7fce68021000-7fce6c000000 ---p 00000000 00:00 0 
7fce6c000000-7fce6c021000 rw-p 00000000 00:00 0 
7fce6c021000-7fce70000000 ---p 00000000 00:00 0 
7fce70000000-7fce70021000 rw-p 00000000 00:00 0 
7fce70021000-7fce74000000 ---p 00000000 00:00 0 
7fce74000000-7fce74021000 rw-p 00000000 00:00 0 
7fce74021000-7fce78000000 ---p 00000000 00:00 0 
7fce78000000-7fce78021000 rw-p 00000000 00:00 0 
7fce78021000-7fce7c000000 ---p 00000000 00:00 0 
7fce7c000000-7fce7c021000 rw-p 00000000 00:00 0 
7fce7c021000-7fce80000000 ---p 00000000 00:00 0 
7fce80000000-7fce80021000 rw-p 00000000 00:00 0 
7fce80021000-7fce84000000 ---p 00000000 00:00 0 
7fce84000000-7fce84021000 rw-p 00000000 00:00 0 
7fce84021000-7fce88000000 ---p 00000000 00:00 0 
7fce88000000-7fce88021000 rw-p 00000000 00:00 0 
7fce88021000-7fce8c000000 ---p 00000000 00:00 0 
7fce8c000000-7fce8c021000 rw-p 00000000 00:00 0 
7fce8c021000-7fce90000000 ---p 00000000 00:00 0 
7fce90026000-7fce9072d000 rw-p 00000000 00:00 0 
7fce9072d000-7fce9072e000 ---p 00000000 00:00 0 
7fce9072e000-7fce9082f000 rw-p 00000000 00:00 0 
7fce9082f000-7fce90830000 ---p 00000000 00:00 0 
7fce90830000-7fce90931000 rw-p 00000000 00:00 0 
7fce90931000-7fce90932000 ---p 00000000 00:00 0 
7fce90932000-7fce90a33000 rw-p 00000000 00:00 0 
7fce90a33000-7fce90a34000 ---p 00000000 00:00 0 
7fce90a34000-7fce90b35000 rw-p 00000000 00:00 0 
7fce90b35000-7fce90b36000 ---p 00000000 00:00 0 
7fce90b36000-7fce90c37000 rw-p 00000000 00:00 0 
7fce90c37000-7fce90c38000 ---p 00000000 00:00 0 
7fce90c38000-7fce9141a000 rw-p 00000000 00:00 0 
7fce9141a000-7fce93166000 ---p 00000000 00:00 0 
7fce93166000-7fce931e4000 rw-p 00000000 00:00 0 
7fce931e4000-7fce931e5000 ---p 00000000 00:00 0 
7fce931e5000-7fce932e6000 rw-p 00000000 00:00 0 
7fce932e6000-7fce932e7000 ---p 00000000 00:00 0 
7fce932e7000-7fce933e8000 rw-p 00000000 00:00 0 
7fce933e8000-7fce933e9000 ---p 00000000 00:00 0 
7fce933e9000-7fce934ea000 rw-p 00000000 00:00 0 
7fce934ea000-7fce934eb000 ---p 00000000 00:00 0 
7fce934eb000-7fce935ec000 rw-p 00000000 00:00 0 
7fce935ec000-7fce935ed000 ---p 00000000 00:00 0 
7fce935ed000-7fce936ee000 rw-p 00000000 00:00 0 
7fce936ee000-7fce936ef000 ---p 00000000 00:00 0 
7fce936ef000-7fce937f0000 rw-p 00000000 00:00 0 
7fce937f0000-7fce937f1000 ---p 00000000 00:00 0 
7fce937f1000-7fce938f2000 rw-p 00000000 00:00 0 
7fce938f2000-7fce938f3000 ---p 00000000 00:00 0 
7fce938f3000-7fce939f4000 rw-p 00000000 00:00 0 
7fce939f4000-7fce939f5000 ---p 00000000 00:00 0 
7fce939f5000-7fce93af6000 rw-p 00000000 00:00 0 
7fce93af6000-7fce93af7000 ---p 00000000 00:00 0 
7fce93af7000-7fce93bf8000 rw-p 00000000 00:00 0 
7fce93bf8000-7fce93bf9000 ---p 00000000 00:00 0 
7fce93bf9000-7fce93cfa000 rw-p 00000000 00:00 0 
7fce93cfa000-7fce93cfb000 ---p 00000000 00:00 0 
7fce93cfb000-7fce93dfc000 rw-p 00000000 00:00 0 
7fce93dfc000-7fce93dfd000 ---p 00000000 00:00 0 
7fce93dfd000-7fce93efe000 rw-p 00000000 00:00 0 
7fce93efe000-7fce93eff000 ---p 00000000 00:00 0 
7fce93eff000-7fce94000000 rw-p 00000000 00:00 0 
7fce94000000-7fce94021000 rw-p 00000000 00:00 0 
7fce94021000-7fce98000000 ---p 00000000 00:00 0 
7fce98000000-7fce98021000 rw-p 00000000 00:00 0 
7fce98021000-7fce9c000000 ---p 00000000 00:00 0 
7fce9c000000-7fce9c021000 rw-p 00000000 00:00 0 
7fce9c021000-7fcea0000000 ---p 00000000 00:00 0 
7fcea0000000-7fcea0021000 rw-p 00000000 00:00 0 
7fcea0021000-7fcea4000000 ---p 00000000 00:00 0 
7fcea4000000-7fcea4021000 rw-p 00000000 00:00 0 
7fcea4021000-7fcea8000000 ---p 00000000 00:00 0 
7fcea8000000-7fcea8021000 rw-p 00000000 00:00 0 
7fcea8021000-7fceac000000 ---p 00000000 00:00 0 
7fceac000000-7fceac021000 rw-p 00000000 00:00 0 
7fceac021000-7fceb0000000 ---p 00000000 00:00 0 
7fceb0000000-7fceb0021000 rw-p 00000000 00:00 0 
7fceb0021000-7fceb4000000 ---p 00000000 00:00 0 
7fceb4000000-7fceb4021000 rw-p 00000000 00:00 0 
7fceb4021000-7fceb8000000 ---p 00000000 00:00 0 
7fceb8000000-7fceb8021000 rw-p 00000000 00:00 0 
7fceb8021000-7fcebc000000 ---p 00000000 00:00 0 
7fcebc000000-7fcebc021000 rw-p 00000000 00:00 0 
7fcebc021000-7fcec0000000 ---p 00000000 00:00 0 
7fcec0000000-7fcec0021000 rw-p 00000000 00:00 0 
7fcec0021000-7fcec4000000 ---p 00000000 00:00 0 
7fcec4000000-7fcec4021000 rw-p 00000000 00:00 0 
7fcec4021000-7fcec8000000 ---p 00000000 00:00 0 
7fcec8000000-7fcec8021000 rw-p 00000000 00:00 0 
7fcec8021000-7fcecc000000 ---p 00000000 00:00 0 
7fcecc000000-7fcecc021000 rw-p 00000000 00:00 0 
7fcecc021000-7fced0000000 ---p 00000000 00:00 0 
7fced0000000-7fced0021000 rw-p 00000000 00:00 0 
7fced0021000-7fced4000000 ---p 00000000 00:00 0 
7fced4000000-7fced4021000 rw-p 00000000 00:00 0 
7fced4021000-7fced8000000 ---p 00000000 00:00 0 
7fced8000000-7fced8021000 rw-p 00000000 00:00 0 
7fced8021000-7fcedc000000 ---p 00000000 00:00 0 
7fcedc000000-7fcedc021000 rw-p 00000000 00:00 0 
7fcedc021000-7fcee0000000 ---p 00000000 00:00 0 
7fcee0000000-7fcee0021000 rw-p 00000000 00:00 0 
7fcee0021000-7fcee4000000 ---p 00000000 00:00 0 
7fcee4000000-7fcee4021000 rw-p 00000000 00:00 0 
7fcee4021000-7fcee8000000 ---p 00000000 00:00 0 
7fcee8000000-7fcee8021000 rw-p 00000000 00:00 0 
7fcee8021000-7fceec000000 ---p 00000000 00:00 0 
7fceec000000-7fceec021000 rw-p 00000000 00:00 0 
7fceec021000-7fcef0000000 ---p 00000000 00:00 0 
7fcef0000000-7fcef0021000 rw-p 00000000 00:00 0 
7fcef0021000-7fcef4000000 ---p 00000000 00:00 0 
7fcef4000000-7fcef4021000 rw-p 00000000 00:00 0 
7fcef4021000-7fcef8000000 ---p 00000000 00:00 0 
7fcef8000000-7fcef8021000 rw-p 00000000 00:00 0 
7fcef8021000-7fcefc000000 ---p 00000000 00:00 0 
7fcefc000000-7fcefc021000 rw-p 00000000 00:00 0 
7fcefc021000-7fcf00000000 ---p 00000000 00:00 0 
7fcf00021000-7fcf00022000 ---p 00000000 00:00 0 
7fcf00022000-7fcf00123000 rw-p 00000000 00:00 0 
7fcf00123000-7fcf00124000 ---p 00000000 00:00 0 
7fcf00124000-7fcf00225000 rw-p 00000000 00:00 0 
7fcf00225000-7fcf00226000 ---p 00000000 00:00 0 
7fcf00226000-7fcf00327000 rw-p 00000000 00:00 0 
7fcf00327000-7fcf00328000 ---p 00000000 00:00 0 
7fcf00328000-7fcf00429000 rw-p 00000000 00:00 0 
7fcf00429000-7fcf0042a000 ---p 00000000 00:00 0 
7fcf0042a000-7fcf0052b000 rw-p 00000000 00:00 0 
7fcf0052b000-7fcf0052c000 ---p 00000000 00:00 0 
7fcf0052c000-7fcf0062d000 rw-p 00000000 00:00 0 
7fcf0062d000-7fcf0062e000 ---p 00000000 00:00 0 
7fcf0062e000-7fcf01b43000 rw-p 00000000 00:00 0 
7fcf01b43000-7fcf01e13000 rwxp 00000000 00:00 0 
7fcf01e13000-7fcf02281000 ---p 00000000 00:00 0 
7fcf02281000-7fcf024f1000 rwxp 00000000 00:00 0 
7fcf024f1000-7fcf096e2000 ---p 00000000 00:00 0 
7fcf096e2000-7fcf09952000 rwxp 00000000 00:00 0 
7fcf09952000-7fcf10b43000 ---p 00000000 00:00 0 
7fcf10b43000-7fcf1c000000 r--s 00000000 00:65 77077560                   /root/oracle/jdk-9.0.4/lib/modules
7fcf1c000000-7fcf1c4be000 rw-p 00000000 00:00 0 
7fcf1c4be000-7fcf20000000 ---p 00000000 00:00 0 
7fcf20026000-7fcf2004e000 rw-p 00000000 00:00 0 
7fcf2004e000-7fcf2004f000 ---p 00000000 00:00 0 
7fcf2004f000-7fcf20150000 rw-p 00000000 00:00 0 
7fcf20150000-7fcf20151000 ---p 00000000 00:00 0 
7fcf20151000-7fcf20252000 rw-p 00000000 00:00 0 
7fcf20252000-7fcf20253000 ---p 00000000 00:00 0 
7fcf20253000-7fcf20354000 rw-p 00000000 00:00 0 
7fcf20354000-7fcf20355000 ---p 00000000 00:00 0 
7fcf20355000-7fcf20456000 rw-p 00000000 00:00 0 
7fcf20456000-7fcf20457000 ---p 00000000 00:00 0 
7fcf20457000-7fcf20558000 rw-p 00000000 00:00 0 
7fcf20558000-7fcf20559000 ---p 00000000 00:00 0 
7fcf20559000-7fcf2065a000 rw-p 00000000 00:00 0 
7fcf2065a000-7fcf2065b000 ---p 00000000 00:00 0 
7fcf2065b000-7fcf2075c000 rw-p 00000000 00:00 0 
7fcf2075c000-7fcf2075d000 ---p 00000000 00:00 0 
7fcf2075d000-7fcf2085e000 rw-p 00000000 00:00 0 
7fcf2085e000-7fcf2085f000 ---p 00000000 00:00 0 
7fcf2085f000-7fcf20960000 rw-p 00000000 00:00 0 
7fcf20960000-7fcf20961000 ---p 00000000 00:00 0 
7fcf20961000-7fcf20a62000 rw-p 00000000 00:00 0 
7fcf20a62000-7fcf20a63000 ---p 00000000 00:00 0 
7fcf20a63000-7fcf20b64000 rw-p 00000000 00:00 0 
7fcf20b64000-7fcf20b65000 ---p 00000000 00:00 0 
7fcf20b65000-7fcf20c66000 rw-p 00000000 00:00 0 
7fcf20c66000-7fcf20c67000 ---p 00000000 00:00 0 
7fcf20c67000-7fcf20d68000 rw-p 00000000 00:00 0 
7fcf20d68000-7fcf20d69000 ---p 00000000 00:00 0 
7fcf20d69000-7fcf20e6a000 rw-p 00000000 00:00 0 
7fcf20e6a000-7fcf20e6b000 ---p 00000000 00:00 0 
7fcf20e6b000-7fcf20f6c000 rw-p 00000000 00:00 0 
7fcf20f6c000-7fcf20f6d000 ---p 00000000 00:00 0 
7fcf20f6d000-7fcf2106e000 rw-p 00000000 00:00 0 
7fcf2106e000-7fcf2106f000 ---p 00000000 00:00 0 
7fcf2106f000-7fcf21170000 rw-p 00000000 00:00 0 
7fcf21170000-7fcf21171000 ---p 00000000 00:00 0 
7fcf21171000-7fcf21272000 rw-p 00000000 00:00 0 
7fcf21272000-7fcf21273000 ---p 00000000 00:00 0 
7fcf21273000-7fcf21374000 rw-p 00000000 00:00 0 
7fcf21374000-7fcf21375000 ---p 00000000 00:00 0 
7fcf21375000-7fcf2147b000 rw-p 00000000 00:00 0 
7fcf2147b000-7fcf2155f000 ---p 00000000 00:00 0 
7fcf2155f000-7fcf21564000 rw-p 00000000 00:00 0 
7fcf21564000-7fcf21648000 ---p 00000000 00:00 0 
7fcf21648000-7fcf2164e000 rw-p 00000000 00:00 0 
7fcf2164e000-7fcf21657000 ---p 00000000 00:00 0 
7fcf21657000-7fcf216a7000 rw-p 00000000 00:00 0 
7fcf216a7000-7fcf21884000 r--s 03e31000 00:65 101727669                  /usr/local/java/jdk1.8.0_301/jre/lib/rt.jar
7fcf21884000-7fcf2189e000 r-xp 00000000 00:65 77077435                   /root/oracle/jdk-9.0.4/lib/libjimage.so
7fcf2189e000-7fcf21a9d000 ---p 0001a000 00:65 77077435                   /root/oracle/jdk-9.0.4/lib/libjimage.so
7fcf21a9d000-7fcf21a9f000 rw-p 00019000 00:65 77077435                   /root/oracle/jdk-9.0.4/lib/libjimage.so
7fcf21a9f000-7fcf21ab1000 rw-p 00000000 00:00 0 
7fcf21ab1000-7fcf21ab8000 r-xp 00000000 00:65 77083131                   /root/oracle/jdk-9.0.4/lib/libzip.so
7fcf21ab8000-7fcf21cb7000 ---p 00007000 00:65 77083131                   /root/oracle/jdk-9.0.4/lib/libzip.so
7fcf21cb7000-7fcf21cb8000 rw-p 00006000 00:65 77083131                   /root/oracle/jdk-9.0.4/lib/libzip.so
7fcf21cb8000-7fcf21cbb000 r--p 00000000 00:65 165034530                  /usr/lib/x86_64-linux-gnu/libnss_files-2.31.so
7fcf21cbb000-7fcf21cc2000 r-xp 00003000 00:65 165034530                  /usr/lib/x86_64-linux-gnu/libnss_files-2.31.so
7fcf21cc2000-7fcf21cc4000 r--p 0000a000 00:65 165034530                  /usr/lib/x86_64-linux-gnu/libnss_files-2.31.so
7fcf21cc4000-7fcf21cc5000 r--p 0000b000 00:65 165034530                  /usr/lib/x86_64-linux-gnu/libnss_files-2.31.so
7fcf21cc5000-7fcf21cc6000 rw-p 0000c000 00:65 165034530                  /usr/lib/x86_64-linux-gnu/libnss_files-2.31.so
7fcf21cc6000-7fcf21ccc000 rw-p 00000000 00:00 0 
7fcf21cd4000-7fcf21cd5000 rw-p 00000000 00:00 0 
7fcf21cd5000-7fcf21d00000 r-xp 00000000 00:65 77077470                   /root/oracle/jdk-9.0.4/lib/libjava.so
7fcf21d00000-7fcf21eff000 ---p 0002b000 00:65 77077470                   /root/oracle/jdk-9.0.4/lib/libjava.so
7fcf21eff000-7fcf21f01000 rw-p 0002a000 00:65 77077470                   /root/oracle/jdk-9.0.4/lib/libjava.so
7fcf21f01000-7fcf21f0e000 r-xp 00000000 00:65 77077494                   /root/oracle/jdk-9.0.4/lib/libverify.so
7fcf21f0e000-7fcf2210d000 ---p 0000d000 00:65 77077494                   /root/oracle/jdk-9.0.4/lib/libverify.so
7fcf2210d000-7fcf2210f000 rw-p 0000c000 00:65 77077494                   /root/oracle/jdk-9.0.4/lib/libverify.so
7fcf2210f000-7fcf22112000 r--p 00000000 00:65 165034636                  /usr/lib/x86_64-linux-gnu/librt-2.31.so
7fcf22112000-7fcf22116000 r-xp 00003000 00:65 165034636                  /usr/lib/x86_64-linux-gnu/librt-2.31.so
7fcf22116000-7fcf22117000 r--p 00007000 00:65 165034636                  /usr/lib/x86_64-linux-gnu/librt-2.31.so
7fcf22117000-7fcf22118000 ---p 00008000 00:65 165034636                  /usr/lib/x86_64-linux-gnu/librt-2.31.so
7fcf22118000-7fcf22119000 r--p 00008000 00:65 165034636                  /usr/lib/x86_64-linux-gnu/librt-2.31.so
7fcf22119000-7fcf2211a000 rw-p 00009000 00:65 165034636                  /usr/lib/x86_64-linux-gnu/librt-2.31.so
7fcf2211a000-7fcf2211b000 ---p 00000000 00:00 0 
7fcf2211b000-7fcf2211c000 rw-p 00000000 00:00 0 
7fcf2211c000-7fcf22120000 ---p 00000000 00:00 0 
7fcf22120000-7fcf2221b000 rw-p 00000000 00:00 0 
7fcf2221b000-7fcf2222a000 r--p 00000000 00:65 165034468                  /usr/lib/x86_64-linux-gnu/libm-2.31.so
7fcf2222a000-7fcf222d1000 r-xp 0000f000 00:65 165034468                  /usr/lib/x86_64-linux-gnu/libm-2.31.so
7fcf222d1000-7fcf22368000 r--p 000b6000 00:65 165034468                  /usr/lib/x86_64-linux-gnu/libm-2.31.so
7fcf22368000-7fcf22369000 r--p 0014c000 00:65 165034468                  /usr/lib/x86_64-linux-gnu/libm-2.31.so
7fcf22369000-7fcf2236a000 rw-p 0014d000 00:65 165034468                  /usr/lib/x86_64-linux-gnu/libm-2.31.so
7fcf2236a000-7fcf2337f000 r-xp 00000000 00:65 77083135                   /root/oracle/jdk-9.0.4/lib/server/libjvm.so
7fcf2337f000-7fcf2357e000 ---p 01015000 00:65 77083135                   /root/oracle/jdk-9.0.4/lib/server/libjvm.so
7fcf2357e000-7fcf2364f000 r--p 01014000 00:65 77083135                   /root/oracle/jdk-9.0.4/lib/server/libjvm.so
7fcf2364f000-7fcf23686000 rw-p 010e5000 00:65 77083135                   /root/oracle/jdk-9.0.4/lib/server/libjvm.so
7fcf23686000-7fcf236f1000 rw-p 00000000 00:00 0 
7fcf236f1000-7fcf23716000 r--p 00000000 00:65 165034165                  /usr/lib/x86_64-linux-gnu/libc-2.31.so
7fcf23716000-7fcf2388e000 r-xp 00025000 00:65 165034165                  /usr/lib/x86_64-linux-gnu/libc-2.31.so
7fcf2388e000-7fcf238d8000 r--p 0019d000 00:65 165034165                  /usr/lib/x86_64-linux-gnu/libc-2.31.so
7fcf238d8000-7fcf238d9000 ---p 001e7000 00:65 165034165                  /usr/lib/x86_64-linux-gnu/libc-2.31.so
7fcf238d9000-7fcf238dc000 r--p 001e7000 00:65 165034165                  /usr/lib/x86_64-linux-gnu/libc-2.31.so
7fcf238dc000-7fcf238df000 rw-p 001ea000 00:65 165034165                  /usr/lib/x86_64-linux-gnu/libc-2.31.so
7fcf238df000-7fcf238e3000 rw-p 00000000 00:00 0 
7fcf238e3000-7fcf238e4000 r--p 00000000 00:65 165034236                  /usr/lib/x86_64-linux-gnu/libdl-2.31.so
7fcf238e4000-7fcf238e6000 r-xp 00001000 00:65 165034236                  /usr/lib/x86_64-linux-gnu/libdl-2.31.so
7fcf238e6000-7fcf238e7000 r--p 00003000 00:65 165034236                  /usr/lib/x86_64-linux-gnu/libdl-2.31.so
7fcf238e7000-7fcf238e8000 r--p 00003000 00:65 165034236                  /usr/lib/x86_64-linux-gnu/libdl-2.31.so
7fcf238e8000-7fcf238e9000 rw-p 00004000 00:65 165034236                  /usr/lib/x86_64-linux-gnu/libdl-2.31.so
7fcf238e9000-7fcf238f7000 r-xp 00000000 00:65 77083142                   /root/oracle/jdk-9.0.4/lib/jli/libjli.so
7fcf238f7000-7fcf23af7000 ---p 0000e000 00:65 77083142                   /root/oracle/jdk-9.0.4/lib/jli/libjli.so
7fcf23af7000-7fcf23af8000 rw-p 0000e000 00:65 77083142                   /root/oracle/jdk-9.0.4/lib/jli/libjli.so
7fcf23af8000-7fcf23aff000 r--p 00000000 00:65 165034610                  /usr/lib/x86_64-linux-gnu/libpthread-2.31.so
7fcf23aff000-7fcf23b10000 r-xp 00007000 00:65 165034610                  /usr/lib/x86_64-linux-gnu/libpthread-2.31.so
7fcf23b10000-7fcf23b15000 r--p 00018000 00:65 165034610                  /usr/lib/x86_64-linux-gnu/libpthread-2.31.so
7fcf23b15000-7fcf23b16000 r--p 0001c000 00:65 165034610                  /usr/lib/x86_64-linux-gnu/libpthread-2.31.so
7fcf23b16000-7fcf23b17000 rw-p 0001d000 00:65 165034610                  /usr/lib/x86_64-linux-gnu/libpthread-2.31.so
7fcf23b17000-7fcf23b1b000 rw-p 00000000 00:00 0 
7fcf23b1b000-7fcf23b1d000 r--p 00000000 00:65 165034796                  /usr/lib/x86_64-linux-gnu/libz.so.1.2.11
7fcf23b1d000-7fcf23b2e000 r-xp 00002000 00:65 165034796                  /usr/lib/x86_64-linux-gnu/libz.so.1.2.11
7fcf23b2e000-7fcf23b34000 r--p 00013000 00:65 165034796                  /usr/lib/x86_64-linux-gnu/libz.so.1.2.11
7fcf23b34000-7fcf23b35000 ---p 00019000 00:65 165034796                  /usr/lib/x86_64-linux-gnu/libz.so.1.2.11
7fcf23b35000-7fcf23b36000 r--p 00019000 00:65 165034796                  /usr/lib/x86_64-linux-gnu/libz.so.1.2.11
7fcf23b36000-7fcf23b37000 rw-p 0001a000 00:65 165034796                  /usr/lib/x86_64-linux-gnu/libz.so.1.2.11
7fcf23b37000-7fcf23b3f000 rw-s 00000000 00:65 71965686                   /tmp/hsperfdata_root/27891
7fcf23b3f000-7fcf23b42000 rw-p 00000000 00:00 0 
7fcf23b42000-7fcf23b43000 r--p 00000000 00:65 165033992                  /usr/lib/x86_64-linux-gnu/ld-2.31.so
7fcf23b43000-7fcf23b66000 r-xp 00001000 00:65 165033992                  /usr/lib/x86_64-linux-gnu/ld-2.31.so
7fcf23b66000-7fcf23b6e000 r--p 00024000 00:65 165033992                  /usr/lib/x86_64-linux-gnu/ld-2.31.so
7fcf23b6e000-7fcf23b6f000 r--p 00000000 00:00 0 
7fcf23b6f000-7fcf23b70000 r--p 0002c000 00:65 165033992                  /usr/lib/x86_64-linux-gnu/ld-2.31.so
7fcf23b70000-7fcf23b71000 rw-p 0002d000 00:65 165033992                  /usr/lib/x86_64-linux-gnu/ld-2.31.so
7fcf23b71000-7fcf23b72000 rw-p 00000000 00:00 0 
7ffca6809000-7ffca682a000 rw-p 00000000 00:00 0                          [stack]
7ffca6843000-7ffca6846000 r--p 00000000 00:00 0                          [vvar]
7ffca6846000-7ffca6847000 r-xp 00000000 00:00 0                          [vdso]
ffffffffff600000-ffffffffff601000 --xp 00000000 00:00 0                  [vsyscall]

VM Arguments:
jvm_args: -Xbootclasspath/a:/usr/local/java/jdk1.8.0_301/jre/lib/rt.jar -Xverify:none 
java_command: org.eclipse.core.runtime.adaptor.EclipseStarter -debug
java_class_path (initial): ./sootOutput/eclipse/
Launcher Type: SUN_STANDARD

Logging:
Log output configuration:
#0: stdout all=warning uptime,level,tags
#1: stderr all=off uptime,level,tags

Environment Variables:
JAVA_HOME=/root/oracle/jdk-9.0.4
JRE_HOME=/root/oracle/jdk-9.0.4
CLASSPATH=.:/root/oracle/jdk-9.0.4/lib:/JVMfuzzing/htm/CFSynthesis/resource/commons-lang3-3.12.0/commons-lang3-3.12.0.jar
PATH=/root/oracle/jdk-9.0.4/bin:/root/.vscode-server/bin/da76f93349a72022ca4670c1b84860304616aaa2/bin/remote-cli:/root/oracle/jdk-9.0.4/bin:/usr/local/sbin:/usr/local/bin:/usr/sbin:/usr/bin:/sbin:/bin:/usr/games:/usr/local/games:/snap/bin
SHELL=/bin/bash

Signal Handlers:
SIGSEGV: [libjvm.so+0xd4d370], sa_mask[0]=11111111011111111101111111111110, sa_flags=SA_RESTART|SA_SIGINFO
SIGBUS: [libjvm.so+0xd4d370], sa_mask[0]=11111111011111111101111111111110, sa_flags=SA_RESTART|SA_SIGINFO
SIGFPE: [libjvm.so+0xd4d370], sa_mask[0]=11111111011111111101111111111110, sa_flags=SA_RESTART|SA_SIGINFO
SIGPIPE: [libjvm.so+0xb64780], sa_mask[0]=11111111011111111101111111111110, sa_flags=SA_RESTART|SA_SIGINFO
SIGXFSZ: [libjvm.so+0xb64780], sa_mask[0]=11111111011111111101111111111110, sa_flags=SA_RESTART|SA_SIGINFO
SIGILL: [libjvm.so+0xd4d370], sa_mask[0]=11111111011111111101111111111110, sa_flags=SA_RESTART|SA_SIGINFO
SIGUSR2: [libjvm.so+0xb64640], sa_mask[0]=00100000000000000000000000000000, sa_flags=SA_RESTART|SA_SIGINFO
SIGHUP: [libjvm.so+0xb64850], sa_mask[0]=11111111011111111101111111111110, sa_flags=SA_RESTART|SA_SIGINFO
SIGINT: [libjvm.so+0xb64850], sa_mask[0]=11111111011111111101111111111110, sa_flags=SA_RESTART|SA_SIGINFO
SIGTERM: [libjvm.so+0xb64850], sa_mask[0]=11111111011111111101111111111110, sa_flags=SA_RESTART|SA_SIGINFO
SIGQUIT: [libjvm.so+0xb64850], sa_mask[0]=11111111011111111101111111111110, sa_flags=SA_RESTART|SA_SIGINFO


---------------  S Y S T E M  ---------------

OS:DISTRIB_ID=Ubuntu
DISTRIB_RELEASE=20.04
DISTRIB_CODENAME=focal
DISTRIB_DESCRIPTION="Ubuntu 20.04.3 LTS"
uname:Linux 5.4.0-124-generic #140~18.04.1-Ubuntu SMP Fri Aug 5 11:43:34 UTC 2022 x86_64
libc:glibc 2.31 NPTL 2.31 
rlimit: STACK 8192k, CORE infinity, NPROC infinity, NOFILE 1048576, AS infinity
load average:36.64 39.13 38.52

/proc/meminfo:
MemTotal:       65549624 kB
MemFree:         9053920 kB
MemAvailable:   35962084 kB
Buffers:         5872196 kB
Cached:          3516976 kB
SwapCached:         8092 kB
Active:         30022656 kB
Inactive:        6276004 kB
Active(anon):   22912624 kB
Inactive(anon):  4018028 kB
Active(file):    7110032 kB
Inactive(file):  2257976 kB
Unevictable:          16 kB
Mlocked:              16 kB
SwapTotal:       2097148 kB
SwapFree:              0 kB
Dirty:             36464 kB
Writeback:             0 kB
AnonPages:      26902332 kB
Mapped:           854004 kB
Shmem:             25608 kB
KReclaimable:   18272080 kB
Slab:           19441044 kB
SReclaimable:   18272080 kB
SUnreclaim:      1168964 kB
KernelStack:       79480 kB
PageTables:       237708 kB
NFS_Unstable:          0 kB
Bounce:                0 kB
WritebackTmp:          0 kB
CommitLimit:    34871960 kB
Committed_AS:   82885340 kB
VmallocTotal:   34359738367 kB
VmallocUsed:      162096 kB
VmallocChunk:          0 kB
Percpu:            32512 kB
HardwareCorrupted:     0 kB
AnonHugePages:         0 kB
ShmemHugePages:        0 kB
ShmemPmdMapped:        0 kB
FileHugePages:         0 kB
FilePmdMapped:         0 kB
CmaTotal:              0 kB
CmaFree:               0 kB
HugePages_Total:       0
HugePages_Free:        0
HugePages_Rsvd:        0
HugePages_Surp:        0
Hugepagesize:       2048 kB
Hugetlb:               0 kB
DirectMap4k:    15497632 kB
DirectMap2M:    51298304 kB
DirectMap1G:           0 kB


CPU:total 28 (initial active 28) (14 cores per cpu, 2 threads per core) family 6 model 85 stepping 4, cmov, cx8, fxsr, mmx, sse, sse2, sse3, ssse3, sse4.1, sse4.2, popcnt, avx, avx2, aes, clmul, erms, rtm, 3dnowpref, lzcnt, ht, tsc, tscinvbit, bmi1, bmi2, adx, fma
CPU Model and flags from /proc/cpuinfo:
model name	: Intel(R) Core(TM) i9-9940X CPU @ 3.30GHz
flags		: fpu vme de pse tsc msr pae mce cx8 apic sep mtrr pge mca cmov pat pse36 clflush dts acpi mmx fxsr sse sse2 ss ht tm pbe syscall nx pdpe1gb rdtscp lm constant_tsc art arch_perfmon pebs bts rep_good nopl xtopology nonstop_tsc cpuid aperfmperf pni pclmulqdq dtes64 monitor ds_cpl vmx est tm2 ssse3 sdbg fma cx16 xtpr pdcm pcid dca sse4_1 sse4_2 x2apic movbe popcnt tsc_deadline_timer aes xsave avx f16c rdrand lahf_lm abm 3dnowprefetch cpuid_fault epb cat_l3 cdp_l3 invpcid_single pti ssbd mba ibrs ibpb stibp tpr_shadow vnmi flexpriority ept vpid ept_ad fsgsbase tsc_adjust bmi1 hle avx2 smep bmi2 erms invpcid rtm cqm mpx rdt_a avx512f avx512dq rdseed adx smap clflushopt clwb intel_pt avx512cd avx512bw avx512vl xsaveopt xsavec xgetbv1 xsaves cqm_llc cqm_occup_llc cqm_mbm_total cqm_mbm_local dtherm ida arat pln pts hwp hwp_act_window hwp_epp hwp_pkg_req md_clear flush_l1d arch_capabilities

Memory: 4k page, physical 65549624k(9053920k free), swap 2097148k(0k free)

vm_info: Java HotSpot(TM) 64-Bit Server VM (9.0.4+11) for linux-amd64 JRE (9.0.4+11), built on Dec 19 2017 18:12:19 by "mach5one" with gcc 4.9.2

END.
