#
# A fatal error has been detected by the Java Runtime Environment:
#
#  SIGSEGV (0xb) at pc=0x00007efefcf85b2c, pid=31423, tid=31488
#
# JRE version: Java(TM) SE Runtime Environment (9.0+11) (build 9.0.4+11)
# Java VM: Java HotSpot(TM) 64-Bit Server VM (9.0.4+11, mixed mode, tiered, compressed oops, g1 gc, linux-amd64)
# Problematic frame:
# V  [libjvm.so+0x48eb2c]  Canonicalizer::do_If(If*)+0x1c
#
# Core dump will be written. Default location: Core dumps may be processed with "/usr/share/apport/apport -p%p -s%s -c%c -d%d -P%P -u%u -g%g -- %E" (or dumping to /JVMfuzzing/zjy/classming/Fuzzing-Testing-of-JVM-Implementations/core.31423)
#
# If you would like to submit a bug report, please visit:
#   http://bugreport.java.com/bugreport/crash.jsp
#

---------------  S U M M A R Y ------------

Command Line: -Xbootclasspath/a:/usr/local/java/jdk1.8.0_301/jre/lib/rt.jar -Xverify:none org.eclipse.core.runtime.adaptor.EclipseStarter -debug

Host: Intel(R) Core(TM) i9-9940X CPU @ 3.30GHz, 28 cores, 62G, Ubuntu 20.04.3 LTS
Time: Thu Nov  3 09:11:56 2022 UTC elapsed time: 0 seconds (0d 0h 0m 0s)

---------------  T H R E A D  ---------------

Current thread (0x00007efef82c1000):  JavaThread "C1 CompilerThread11" daemon [_thread_in_native, id=31488, stack(0x00007efdf4fef000,0x00007efdf50f0000)]


Current CompileTask:
C1:    544  243 %     3       org.eclipse.core.runtime.adaptor.EclipseStarter::main @ 4584 (7576 bytes)

Stack: [0x00007efdf4fef000,0x00007efdf50f0000],  sp=0x00007efdf50ee0c0,  free space=1020k
Native frames: (J=compiled Java code, A=aot compiled Java code, j=interpreted, Vv=VM code, C=native code)
V  [libjvm.so+0x48eb2c]  Canonicalizer::do_If(If*)+0x1c
V  [libjvm.so+0x4a0452]  GraphBuilder::append_with_bci(Instruction*, int)+0x42
V  [libjvm.so+0x4a3526]  GraphBuilder::if_node(Instruction*, Instruction::Condition, Instruction*, ValueStack*)+0x2a6
V  [libjvm.so+0x4b1873]  GraphBuilder::iterate_bytecodes_for_block(int)+0x1e83
V  [libjvm.so+0x4b1ad5]  GraphBuilder::iterate_all_blocks(bool)+0x85
V  [libjvm.so+0x4b1ec9]  GraphBuilder::GraphBuilder(Compilation*, IRScope*)+0x389
V  [libjvm.so+0x4b70a8]  IR::IR(Compilation*, ciMethod*, int)+0x1e8
V  [libjvm.so+0x497832]  Compilation::build_hir() [clone .part.93]+0x162
V  [libjvm.so+0x499633]  Compilation::compile_java_method()+0x3c3
V  [libjvm.so+0x4997af]  Compilation::compile_method()+0x12f
V  [libjvm.so+0x499c31]  Compilation::Compilation(AbstractCompiler*, ciEnv*, ciMethod*, int, BufferBlob*, DirectiveSet*)+0x271
V  [libjvm.so+0x49ac1e]  Compiler::compile_method(ciEnv*, ciMethod*, int, DirectiveSet*)+0xae
V  [libjvm.so+0x6125ac]  CompileBroker::invoke_compiler_on_method(CompileTask*)+0x41c
V  [libjvm.so+0x61344b]  CompileBroker::compiler_thread_loop()+0x28b
V  [libjvm.so+0xcef338]  JavaThread::thread_main_inner()+0xd8
V  [libjvm.so+0xb6e132]  thread_native_entry(Thread*)+0xf2
C  [libpthread.so.0+0x9609]  start_thread+0xd9


siginfo: si_signo: 11 (SIGSEGV), si_code: 1 (SEGV_MAPERR), si_addr: 0x0000000000000018

Register to memory mapping:

RAX=0x0000000000000000 is an unknown value
RBX=0x00007efdbc0a8710 is an unknown value
RCX=0x00007efdf50ee800 is pointing into the stack for thread: 0x00007efef82c1000
RDX=0x00007efdbc0a8710 is an unknown value
RSP=0x00007efdf50ee0c0 is pointing into the stack for thread: 0x00007efef82c1000
RBP=0x00007efdf50ee130 is pointing into the stack for thread: 0x00007efef82c1000
RSI=0x00007efdbc0a8710 is an unknown value
RDI=0x00007efdf50ee160 is pointing into the stack for thread: 0x00007efef82c1000
R8 =0x00007efdbc0a7cb0 is an unknown value
R9 =0x000000000000016a is an unknown value
R10=0x0010000000000000 is an unknown value
R11=0x0000000000000000 is an unknown value
R12=0x00007efdbc0a87b0 is an unknown value
R13=0x00007efdf50ee460 is pointing into the stack for thread: 0x00007efef82c1000
R14=0x00007efdbc0a8710 is an unknown value
R15=0x00007efdbc0a87b0 is an unknown value


Registers:
RAX=0x0000000000000000, RBX=0x00007efdbc0a8710, RCX=0x00007efdf50ee800, RDX=0x00007efdbc0a8710
RSP=0x00007efdf50ee0c0, RBP=0x00007efdf50ee130, RSI=0x00007efdbc0a8710, RDI=0x00007efdf50ee160
R8 =0x00007efdbc0a7cb0, R9 =0x000000000000016a, R10=0x0010000000000000, R11=0x0000000000000000
R12=0x00007efdbc0a87b0, R13=0x00007efdf50ee460, R14=0x00007efdbc0a8710, R15=0x00007efdbc0a87b0
RIP=0x00007efefcf85b2c, EFLAGS=0x0000000000010206, CSGSFS=0x002b000000000033, ERR=0x0000000000000004
  TRAPNO=0x000000000000000e

Top of Stack: (sp=0x00007efdf50ee0c0)
0x00007efdf50ee0c0:   00007efdf50ee0f0 00007efdd0037cf8
0x00007efdf50ee0d0:   00007efdd0037d18 00007efdd0037cd8
0x00007efdf50ee0e0:   00007efdf50ee110 00007efefcfb2598
0x00007efdf50ee0f0:   00007efdd40df2a0 00007efdf50ee160 

Instructions: (pc=0x00007efefcf85b2c)
0x00007efefcf85b0c:   ff 90 66 90 55 48 89 e5 41 57 41 56 41 55 41 54
0x00007efefcf85b1c:   53 48 89 f3 48 83 ec 48 48 8b 46 70 48 89 7d c8
0x00007efefcf85b2c:   48 8b 78 18 48 8b 07 ff 50 18 84 c0 0f 85 a2 00
0x00007efefcf85b3c:   00 00 4c 8b 63 70 48 8b 83 80 00 00 00 49 39 c4 


---------------  P R O C E S S  ---------------

Java Threads: ( => current thread )
  0x00007efef836a800 JavaThread "Service Thread" daemon [_thread_blocked, id=31491, stack(0x00007efdf4893000,0x00007efdf4994000)]
  0x00007efef82d1800 JavaThread "Common-Cleaner" daemon [_thread_blocked, id=31490, stack(0x00007efdf4994000,0x00007efdf4a95000)]
  0x00007efef82c2800 JavaThread "Sweeper thread" daemon [_thread_blocked, id=31489, stack(0x00007efdf4eee000,0x00007efdf4fef000)]
=>0x00007efef82c1000 JavaThread "C1 CompilerThread11" daemon [_thread_in_native, id=31488, stack(0x00007efdf4fef000,0x00007efdf50f0000)]
  0x00007efef82bf000 JavaThread "C1 CompilerThread10" daemon [_thread_blocked, id=31487, stack(0x00007efdf50f0000,0x00007efdf51f1000)]
  0x00007efef82bd800 JavaThread "C1 CompilerThread9" daemon [_thread_blocked, id=31486, stack(0x00007efdf51f1000,0x00007efdf52f2000)]
  0x00007efef82bb800 JavaThread "C1 CompilerThread8" daemon [_thread_blocked, id=31485, stack(0x00007efdf52f2000,0x00007efdf53f3000)]
  0x00007efef82b9800 JavaThread "C2 CompilerThread7" daemon [_thread_blocked, id=31484, stack(0x00007efdf53f3000,0x00007efdf54f4000)]
  0x00007efef82b7800 JavaThread "C2 CompilerThread6" daemon [_thread_blocked, id=31483, stack(0x00007efdf54f4000,0x00007efdf55f5000)]
  0x00007efef82b6000 JavaThread "C2 CompilerThread5" daemon [_thread_blocked, id=31482, stack(0x00007efdf55f5000,0x00007efdf56f6000)]
  0x00007efef82b4000 JavaThread "C2 CompilerThread4" daemon [_thread_blocked, id=31481, stack(0x00007efdf56f6000,0x00007efdf57f7000)]
  0x00007efef82b2800 JavaThread "C2 CompilerThread3" daemon [_thread_blocked, id=31480, stack(0x00007efdf57f7000,0x00007efdf58f8000)]
  0x00007efef82b0800 JavaThread "C2 CompilerThread2" daemon [_thread_blocked, id=31479, stack(0x00007efdf58f8000,0x00007efdf59f9000)]
  0x00007efef82af000 JavaThread "C2 CompilerThread1" daemon [_thread_blocked, id=31478, stack(0x00007efdf59f9000,0x00007efdf5afa000)]
  0x00007efef82ad000 JavaThread "C2 CompilerThread0" daemon [_thread_blocked, id=31477, stack(0x00007efdf5afa000,0x00007efdf5bfb000)]
  0x00007efef82ab000 JavaThread "Signal Dispatcher" daemon [_thread_blocked, id=31476, stack(0x00007efdf5bfb000,0x00007efdf5cfc000)]
  0x00007efef8291000 JavaThread "Finalizer" daemon [_thread_blocked, id=31475, stack(0x00007efdf5cfc000,0x00007efdf5dfd000)]
  0x00007efef8288800 JavaThread "Reference Handler" daemon [_thread_blocked, id=31474, stack(0x00007efdf5dfd000,0x00007efdf5efe000)]
  0x00007efef8011800 JavaThread "main" [_thread_in_native, id=31424, stack(0x00007efefc8a9000,0x00007efefc9a8000)]

Other Threads:
  0x00007efef8281000 VMThread "VM Thread" [stack: 0x00007efdf5f00000,0x00007efdf6000000] [id=31473]
  0x00007efef836d000 WatcherThread [stack: 0x00007efdf4793000,0x00007efdf4893000] [id=31492]
  0x00007efef8034000 GCTaskThread "GC Thread#0" [stack: 0x00007efedd644000,0x00007efedd744000] [id=31426]
  0x00007efef8035800 GCTaskThread "GC Thread#1" [stack: 0x00007efedd542000,0x00007efedd642000] [id=31427]
  0x00007efef8037000 GCTaskThread "GC Thread#2" [stack: 0x00007efedd440000,0x00007efedd540000] [id=31428]
  0x00007efef8039000 GCTaskThread "GC Thread#3" [stack: 0x00007efedd33e000,0x00007efedd43e000] [id=31429]
  0x00007efef803a800 GCTaskThread "GC Thread#4" [stack: 0x00007efedd23c000,0x00007efedd33c000] [id=31430]
  0x00007efef803c800 GCTaskThread "GC Thread#5" [stack: 0x00007efedd13a000,0x00007efedd23a000] [id=31431]
  0x00007efef803e000 GCTaskThread "GC Thread#6" [stack: 0x00007efedd038000,0x00007efedd138000] [id=31432]
  0x00007efef803f800 GCTaskThread "GC Thread#7" [stack: 0x00007efedcf36000,0x00007efedd036000] [id=31433]
  0x00007efef8041800 GCTaskThread "GC Thread#8" [stack: 0x00007efedce34000,0x00007efedcf34000] [id=31434]
  0x00007efef8043000 GCTaskThread "GC Thread#9" [stack: 0x00007efedcd32000,0x00007efedce32000] [id=31435]
  0x00007efef8045000 GCTaskThread "GC Thread#10" [stack: 0x00007efedcc30000,0x00007efedcd30000] [id=31436]
  0x00007efef8046800 GCTaskThread "GC Thread#11" [stack: 0x00007efedcb2e000,0x00007efedcc2e000] [id=31437]
  0x00007efef8048800 GCTaskThread "GC Thread#12" [stack: 0x00007efedca2c000,0x00007efedcb2c000] [id=31438]
  0x00007efef804a000 GCTaskThread "GC Thread#13" [stack: 0x00007efedc92a000,0x00007efedca2a000] [id=31439]
  0x00007efef804c000 GCTaskThread "GC Thread#14" [stack: 0x00007efedc828000,0x00007efedc928000] [id=31440]
  0x00007efef804d800 GCTaskThread "GC Thread#15" [stack: 0x00007efedc726000,0x00007efedc826000] [id=31441]
  0x00007efef804f800 GCTaskThread "GC Thread#16" [stack: 0x00007efedc624000,0x00007efedc724000] [id=31442]
  0x00007efef8051000 GCTaskThread "GC Thread#17" [stack: 0x00007efedc522000,0x00007efedc622000] [id=31443]
  0x00007efef8052800 GCTaskThread "GC Thread#18" [stack: 0x00007efedc420000,0x00007efedc520000] [id=31444]
  0x00007efef8054800 GCTaskThread "GC Thread#19" [stack: 0x00007efedc31e000,0x00007efedc41e000] [id=31445]
  0x00007efef809f800 ConcurrentGCThread "G1 Main Marker" [stack: 0x00007efe8d35c000,0x00007efe8d45c000] [id=31467]
  0x00007efef80a1000 ConcurrentGCThread "G1 Marker#0" [stack: 0x00007efe8d25a000,0x00007efe8d35a000] [id=31468]
  0x00007efef80a3000 ConcurrentGCThread "G1 Marker#1" [stack: 0x00007efe8d158000,0x00007efe8d258000] [id=31469]
  0x00007efef80a4800 ConcurrentGCThread "G1 Marker#2" [stack: 0x00007efe8d056000,0x00007efe8d156000] [id=31470]
  0x00007efef80a6800 ConcurrentGCThread "G1 Marker#3" [stack: 0x00007efe8cf54000,0x00007efe8d054000] [id=31471]
  0x00007efef80a8000 ConcurrentGCThread "G1 Marker#4" [stack: 0x00007efe8ce52000,0x00007efe8cf52000] [id=31472]
  0x00007efef8079000 ConcurrentGCThread "G1 Refine#0" [stack: 0x00007efe8dac9000,0x00007efe8dbc9000] [id=31465]
  0x00007efef8077000 ConcurrentGCThread "G1 Refine#1" [stack: 0x00007efe8dbcb000,0x00007efe8dccb000] [id=31464]
  0x00007efef8075000 ConcurrentGCThread "G1 Refine#2" [stack: 0x00007efe8dccd000,0x00007efe8ddcd000] [id=31463]
  0x00007efef8073800 ConcurrentGCThread "G1 Refine#3" [stack: 0x00007efe8ddcf000,0x00007efe8decf000] [id=31462]
  0x00007efef8071800 ConcurrentGCThread "G1 Refine#4" [stack: 0x00007efe8ded1000,0x00007efe8dfd1000] [id=31461]
  0x00007efef8070000 ConcurrentGCThread "G1 Refine#5" [stack: 0x00007efe8dfd3000,0x00007efe8e0d3000] [id=31460]
  0x00007efef806e000 ConcurrentGCThread "G1 Refine#6" [stack: 0x00007efe8e0d5000,0x00007efe8e1d5000] [id=31459]
  0x00007efef806c800 ConcurrentGCThread "G1 Refine#7" [stack: 0x00007efe8e1d7000,0x00007efe8e2d7000] [id=31458]
  0x00007efef806a800 ConcurrentGCThread "G1 Refine#8" [stack: 0x00007efe8e2d9000,0x00007efe8e3d9000] [id=31457]
  0x00007efef8069000 ConcurrentGCThread "G1 Refine#9" [stack: 0x00007efe8e3db000,0x00007efe8e4db000] [id=31456]
  0x00007efef8067000 ConcurrentGCThread "G1 Refine#10" [stack: 0x00007efe8e4dd000,0x00007efe8e5dd000] [id=31455]
  0x00007efef8065000 ConcurrentGCThread "G1 Refine#11" [stack: 0x00007efe8e5df000,0x00007efe8e6df000] [id=31454]
  0x00007efef8063800 ConcurrentGCThread "G1 Refine#12" [stack: 0x00007efe8e6e1000,0x00007efe8e7e1000] [id=31453]
  0x00007efef8061800 ConcurrentGCThread "G1 Refine#13" [stack: 0x00007efe8e7e3000,0x00007efe8e8e3000] [id=31452]
  0x00007efef8060000 ConcurrentGCThread "G1 Refine#14" [stack: 0x00007efe8e8e5000,0x00007efe8e9e5000] [id=31451]
  0x00007efef805e000 ConcurrentGCThread "G1 Refine#15" [stack: 0x00007efe8e9e7000,0x00007efe8eae7000] [id=31450]
  0x00007efef805c800 ConcurrentGCThread "G1 Refine#16" [stack: 0x00007efe8eae9000,0x00007efe8ebe9000] [id=31449]
  0x00007efef805a800 ConcurrentGCThread "G1 Refine#17" [stack: 0x00007efe8ebeb000,0x00007efe8eceb000] [id=31448]
  0x00007efef8059000 ConcurrentGCThread "G1 Refine#18" [stack: 0x00007efe8eced000,0x00007efe8eded000] [id=31447]
  0x00007efef8057000 ConcurrentGCThread "G1 Refine#19" [stack: 0x00007efe8edef000,0x00007efe8eeef000] [id=31446]
  0x00007efef807a800 ConcurrentGCThread "G1 Young RemSet Sampling" [stack: 0x00007efe8d9c7000,0x00007efe8dac7000] [id=31466]

Threads with active compile tasks:
C1 CompilerThread11 243 %     3       org.eclipse.core.runtime.adaptor.EclipseStarter::main @ 4584 (7576 bytes)

VM state:not at safepoint (normal execution)

VM Mutex/Monitor currently owned by a thread: None

Heap address: 0x00000003d7c00000, size: 16004 MB, Compressed Oops mode: Zero based, Oop shift amount: 3
Narrow klass base: 0x0000000000000000, Narrow klass shift: 3
Compressed class space size: 1073741824 Address: 0x00000007c0000000

Heap:
 garbage-first heap   total 1028096K, used 12288K [0x00000003d7c00000, 0x00000003d80007d8, 0x00000007c0000000)
  region size 4096K, 4 young (16384K), 0 survivors (0K)
 Metaspace       used 4316K, capacity 4680K, committed 4864K, reserved 1056768K
  class space    used 356K, capacity 388K, committed 512K, reserved 1048576K
Heap Regions: E=young(eden), S=young(survivor), O=old, HS=humongous(starts), HC=humongous(continues), CS=collection set, F=free, A=archive, TS=gc time stamp, AC=allocation context, TAMS=top-at-mark-start (previous, next)
|   0|0x00000003d7c00000, 0x00000003d7c00000, 0x00000003d8000000|  0%| F|  |TS  0|AC  0|TAMS 0x00000003d7c00000, 0x00000003d7c00000|
|   1|0x00000003d8000000, 0x00000003d8000000, 0x00000003d8400000|  0%| F|  |TS  0|AC  0|TAMS 0x00000003d8000000, 0x00000003d8000000|
|   2|0x00000003d8400000, 0x00000003d8400000, 0x00000003d8800000|  0%| F|  |TS  0|AC  0|TAMS 0x00000003d8400000, 0x00000003d8400000|
|   3|0x00000003d8800000, 0x00000003d8800000, 0x00000003d8c00000|  0%| F|  |TS  0|AC  0|TAMS 0x00000003d8800000, 0x00000003d8800000|
|   4|0x00000003d8c00000, 0x00000003d8c00000, 0x00000003d9000000|  0%| F|  |TS  0|AC  0|TAMS 0x00000003d8c00000, 0x00000003d8c00000|
|   5|0x00000003d9000000, 0x00000003d9000000, 0x00000003d9400000|  0%| F|  |TS  0|AC  0|TAMS 0x00000003d9000000, 0x00000003d9000000|
|   6|0x00000003d9400000, 0x00000003d9400000, 0x00000003d9800000|  0%| F|  |TS  0|AC  0|TAMS 0x00000003d9400000, 0x00000003d9400000|
|   7|0x00000003d9800000, 0x00000003d9800000, 0x00000003d9c00000|  0%| F|  |TS  0|AC  0|TAMS 0x00000003d9800000, 0x00000003d9800000|
|   8|0x00000003d9c00000, 0x00000003d9c00000, 0x00000003da000000|  0%| F|  |TS  0|AC  0|TAMS 0x00000003d9c00000, 0x00000003d9c00000|
|   9|0x00000003da000000, 0x00000003da000000, 0x00000003da400000|  0%| F|  |TS  0|AC  0|TAMS 0x00000003da000000, 0x00000003da000000|
|  10|0x00000003da400000, 0x00000003da400000, 0x00000003da800000|  0%| F|  |TS  0|AC  0|TAMS 0x00000003da400000, 0x00000003da400000|
|  11|0x00000003da800000, 0x00000003da800000, 0x00000003dac00000|  0%| F|  |TS  0|AC  0|TAMS 0x00000003da800000, 0x00000003da800000|
|  12|0x00000003dac00000, 0x00000003dac00000, 0x00000003db000000|  0%| F|  |TS  0|AC  0|TAMS 0x00000003dac00000, 0x00000003dac00000|
|  13|0x00000003db000000, 0x00000003db000000, 0x00000003db400000|  0%| F|  |TS  0|AC  0|TAMS 0x00000003db000000, 0x00000003db000000|
|  14|0x00000003db400000, 0x00000003db400000, 0x00000003db800000|  0%| F|  |TS  0|AC  0|TAMS 0x00000003db400000, 0x00000003db400000|
|  15|0x00000003db800000, 0x00000003db800000, 0x00000003dbc00000|  0%| F|  |TS  0|AC  0|TAMS 0x00000003db800000, 0x00000003db800000|
|  16|0x00000003dbc00000, 0x00000003dbc00000, 0x00000003dc000000|  0%| F|  |TS  0|AC  0|TAMS 0x00000003dbc00000, 0x00000003dbc00000|
|  17|0x00000003dc000000, 0x00000003dc000000, 0x00000003dc400000|  0%| F|  |TS  0|AC  0|TAMS 0x00000003dc000000, 0x00000003dc000000|
|  18|0x00000003dc400000, 0x00000003dc400000, 0x00000003dc800000|  0%| F|  |TS  0|AC  0|TAMS 0x00000003dc400000, 0x00000003dc400000|
|  19|0x00000003dc800000, 0x00000003dc800000, 0x00000003dcc00000|  0%| F|  |TS  0|AC  0|TAMS 0x00000003dc800000, 0x00000003dc800000|
|  20|0x00000003dcc00000, 0x00000003dcc00000, 0x00000003dd000000|  0%| F|  |TS  0|AC  0|TAMS 0x00000003dcc00000, 0x00000003dcc00000|
|  21|0x00000003dd000000, 0x00000003dd000000, 0x00000003dd400000|  0%| F|  |TS  0|AC  0|TAMS 0x00000003dd000000, 0x00000003dd000000|
|  22|0x00000003dd400000, 0x00000003dd400000, 0x00000003dd800000|  0%| F|  |TS  0|AC  0|TAMS 0x00000003dd400000, 0x00000003dd400000|
|  23|0x00000003dd800000, 0x00000003dd800000, 0x00000003ddc00000|  0%| F|  |TS  0|AC  0|TAMS 0x00000003dd800000, 0x00000003dd800000|
|  24|0x00000003ddc00000, 0x00000003ddc00000, 0x00000003de000000|  0%| F|  |TS  0|AC  0|TAMS 0x00000003ddc00000, 0x00000003ddc00000|
|  25|0x00000003de000000, 0x00000003de000000, 0x00000003de400000|  0%| F|  |TS  0|AC  0|TAMS 0x00000003de000000, 0x00000003de000000|
|  26|0x00000003de400000, 0x00000003de400000, 0x00000003de800000|  0%| F|  |TS  0|AC  0|TAMS 0x00000003de400000, 0x00000003de400000|
|  27|0x00000003de800000, 0x00000003de800000, 0x00000003dec00000|  0%| F|  |TS  0|AC  0|TAMS 0x00000003de800000, 0x00000003de800000|
|  28|0x00000003dec00000, 0x00000003dec00000, 0x00000003df000000|  0%| F|  |TS  0|AC  0|TAMS 0x00000003dec00000, 0x00000003dec00000|
|  29|0x00000003df000000, 0x00000003df000000, 0x00000003df400000|  0%| F|  |TS  0|AC  0|TAMS 0x00000003df000000, 0x00000003df000000|
|  30|0x00000003df400000, 0x00000003df400000, 0x00000003df800000|  0%| F|  |TS  0|AC  0|TAMS 0x00000003df400000, 0x00000003df400000|
|  31|0x00000003df800000, 0x00000003df800000, 0x00000003dfc00000|  0%| F|  |TS  0|AC  0|TAMS 0x00000003df800000, 0x00000003df800000|
|  32|0x00000003dfc00000, 0x00000003dfc00000, 0x00000003e0000000|  0%| F|  |TS  0|AC  0|TAMS 0x00000003dfc00000, 0x00000003dfc00000|
|  33|0x00000003e0000000, 0x00000003e0000000, 0x00000003e0400000|  0%| F|  |TS  0|AC  0|TAMS 0x00000003e0000000, 0x00000003e0000000|
|  34|0x00000003e0400000, 0x00000003e0400000, 0x00000003e0800000|  0%| F|  |TS  0|AC  0|TAMS 0x00000003e0400000, 0x00000003e0400000|
|  35|0x00000003e0800000, 0x00000003e0800000, 0x00000003e0c00000|  0%| F|  |TS  0|AC  0|TAMS 0x00000003e0800000, 0x00000003e0800000|
|  36|0x00000003e0c00000, 0x00000003e0c00000, 0x00000003e1000000|  0%| F|  |TS  0|AC  0|TAMS 0x00000003e0c00000, 0x00000003e0c00000|
|  37|0x00000003e1000000, 0x00000003e1000000, 0x00000003e1400000|  0%| F|  |TS  0|AC  0|TAMS 0x00000003e1000000, 0x00000003e1000000|
|  38|0x00000003e1400000, 0x00000003e1400000, 0x00000003e1800000|  0%| F|  |TS  0|AC  0|TAMS 0x00000003e1400000, 0x00000003e1400000|
|  39|0x00000003e1800000, 0x00000003e1800000, 0x00000003e1c00000|  0%| F|  |TS  0|AC  0|TAMS 0x00000003e1800000, 0x00000003e1800000|
|  40|0x00000003e1c00000, 0x00000003e1c00000, 0x00000003e2000000|  0%| F|  |TS  0|AC  0|TAMS 0x00000003e1c00000, 0x00000003e1c00000|
|  41|0x00000003e2000000, 0x00000003e2000000, 0x00000003e2400000|  0%| F|  |TS  0|AC  0|TAMS 0x00000003e2000000, 0x00000003e2000000|
|  42|0x00000003e2400000, 0x00000003e2400000, 0x00000003e2800000|  0%| F|  |TS  0|AC  0|TAMS 0x00000003e2400000, 0x00000003e2400000|
|  43|0x00000003e2800000, 0x00000003e2800000, 0x00000003e2c00000|  0%| F|  |TS  0|AC  0|TAMS 0x00000003e2800000, 0x00000003e2800000|
|  44|0x00000003e2c00000, 0x00000003e2c00000, 0x00000003e3000000|  0%| F|  |TS  0|AC  0|TAMS 0x00000003e2c00000, 0x00000003e2c00000|
|  45|0x00000003e3000000, 0x00000003e3000000, 0x00000003e3400000|  0%| F|  |TS  0|AC  0|TAMS 0x00000003e3000000, 0x00000003e3000000|
|  46|0x00000003e3400000, 0x00000003e3400000, 0x00000003e3800000|  0%| F|  |TS  0|AC  0|TAMS 0x00000003e3400000, 0x00000003e3400000|
|  47|0x00000003e3800000, 0x00000003e3800000, 0x00000003e3c00000|  0%| F|  |TS  0|AC  0|TAMS 0x00000003e3800000, 0x00000003e3800000|
|  48|0x00000003e3c00000, 0x00000003e3c00000, 0x00000003e4000000|  0%| F|  |TS  0|AC  0|TAMS 0x00000003e3c00000, 0x00000003e3c00000|
|  49|0x00000003e4000000, 0x00000003e4000000, 0x00000003e4400000|  0%| F|  |TS  0|AC  0|TAMS 0x00000003e4000000, 0x00000003e4000000|
|  50|0x00000003e4400000, 0x00000003e4400000, 0x00000003e4800000|  0%| F|  |TS  0|AC  0|TAMS 0x00000003e4400000, 0x00000003e4400000|
|  51|0x00000003e4800000, 0x00000003e4800000, 0x00000003e4c00000|  0%| F|  |TS  0|AC  0|TAMS 0x00000003e4800000, 0x00000003e4800000|
|  52|0x00000003e4c00000, 0x00000003e4c00000, 0x00000003e5000000|  0%| F|  |TS  0|AC  0|TAMS 0x00000003e4c00000, 0x00000003e4c00000|
|  53|0x00000003e5000000, 0x00000003e5000000, 0x00000003e5400000|  0%| F|  |TS  0|AC  0|TAMS 0x00000003e5000000, 0x00000003e5000000|
|  54|0x00000003e5400000, 0x00000003e5400000, 0x00000003e5800000|  0%| F|  |TS  0|AC  0|TAMS 0x00000003e5400000, 0x00000003e5400000|
|  55|0x00000003e5800000, 0x00000003e5800000, 0x00000003e5c00000|  0%| F|  |TS  0|AC  0|TAMS 0x00000003e5800000, 0x00000003e5800000|
|  56|0x00000003e5c00000, 0x00000003e5c00000, 0x00000003e6000000|  0%| F|  |TS  0|AC  0|TAMS 0x00000003e5c00000, 0x00000003e5c00000|
|  57|0x00000003e6000000, 0x00000003e6000000, 0x00000003e6400000|  0%| F|  |TS  0|AC  0|TAMS 0x00000003e6000000, 0x00000003e6000000|
|  58|0x00000003e6400000, 0x00000003e6400000, 0x00000003e6800000|  0%| F|  |TS  0|AC  0|TAMS 0x00000003e6400000, 0x00000003e6400000|
|  59|0x00000003e6800000, 0x00000003e6800000, 0x00000003e6c00000|  0%| F|  |TS  0|AC  0|TAMS 0x00000003e6800000, 0x00000003e6800000|
|  60|0x00000003e6c00000, 0x00000003e6c00000, 0x00000003e7000000|  0%| F|  |TS  0|AC  0|TAMS 0x00000003e6c00000, 0x00000003e6c00000|
|  61|0x00000003e7000000, 0x00000003e7000000, 0x00000003e7400000|  0%| F|  |TS  0|AC  0|TAMS 0x00000003e7000000, 0x00000003e7000000|
|  62|0x00000003e7400000, 0x00000003e7400000, 0x00000003e7800000|  0%| F|  |TS  0|AC  0|TAMS 0x00000003e7400000, 0x00000003e7400000|
|  63|0x00000003e7800000, 0x00000003e7800000, 0x00000003e7c00000|  0%| F|  |TS  0|AC  0|TAMS 0x00000003e7800000, 0x00000003e7800000|
|  64|0x00000003e7c00000, 0x00000003e7c00000, 0x00000003e8000000|  0%| F|  |TS  0|AC  0|TAMS 0x00000003e7c00000, 0x00000003e7c00000|
|  65|0x00000003e8000000, 0x00000003e8000000, 0x00000003e8400000|  0%| F|  |TS  0|AC  0|TAMS 0x00000003e8000000, 0x00000003e8000000|
|  66|0x00000003e8400000, 0x00000003e8400000, 0x00000003e8800000|  0%| F|  |TS  0|AC  0|TAMS 0x00000003e8400000, 0x00000003e8400000|
|  67|0x00000003e8800000, 0x00000003e8800000, 0x00000003e8c00000|  0%| F|  |TS  0|AC  0|TAMS 0x00000003e8800000, 0x00000003e8800000|
|  68|0x00000003e8c00000, 0x00000003e8c00000, 0x00000003e9000000|  0%| F|  |TS  0|AC  0|TAMS 0x00000003e8c00000, 0x00000003e8c00000|
|  69|0x00000003e9000000, 0x00000003e9000000, 0x00000003e9400000|  0%| F|  |TS  0|AC  0|TAMS 0x00000003e9000000, 0x00000003e9000000|
|  70|0x00000003e9400000, 0x00000003e9400000, 0x00000003e9800000|  0%| F|  |TS  0|AC  0|TAMS 0x00000003e9400000, 0x00000003e9400000|
|  71|0x00000003e9800000, 0x00000003e9800000, 0x00000003e9c00000|  0%| F|  |TS  0|AC  0|TAMS 0x00000003e9800000, 0x00000003e9800000|
|  72|0x00000003e9c00000, 0x00000003e9c00000, 0x00000003ea000000|  0%| F|  |TS  0|AC  0|TAMS 0x00000003e9c00000, 0x00000003e9c00000|
|  73|0x00000003ea000000, 0x00000003ea000000, 0x00000003ea400000|  0%| F|  |TS  0|AC  0|TAMS 0x00000003ea000000, 0x00000003ea000000|
|  74|0x00000003ea400000, 0x00000003ea400000, 0x00000003ea800000|  0%| F|  |TS  0|AC  0|TAMS 0x00000003ea400000, 0x00000003ea400000|
|  75|0x00000003ea800000, 0x00000003ea800000, 0x00000003eac00000|  0%| F|  |TS  0|AC  0|TAMS 0x00000003ea800000, 0x00000003ea800000|
|  76|0x00000003eac00000, 0x00000003eac00000, 0x00000003eb000000|  0%| F|  |TS  0|AC  0|TAMS 0x00000003eac00000, 0x00000003eac00000|
|  77|0x00000003eb000000, 0x00000003eb000000, 0x00000003eb400000|  0%| F|  |TS  0|AC  0|TAMS 0x00000003eb000000, 0x00000003eb000000|
|  78|0x00000003eb400000, 0x00000003eb400000, 0x00000003eb800000|  0%| F|  |TS  0|AC  0|TAMS 0x00000003eb400000, 0x00000003eb400000|
|  79|0x00000003eb800000, 0x00000003eb800000, 0x00000003ebc00000|  0%| F|  |TS  0|AC  0|TAMS 0x00000003eb800000, 0x00000003eb800000|
|  80|0x00000003ebc00000, 0x00000003ebc00000, 0x00000003ec000000|  0%| F|  |TS  0|AC  0|TAMS 0x00000003ebc00000, 0x00000003ebc00000|
|  81|0x00000003ec000000, 0x00000003ec000000, 0x00000003ec400000|  0%| F|  |TS  0|AC  0|TAMS 0x00000003ec000000, 0x00000003ec000000|
|  82|0x00000003ec400000, 0x00000003ec400000, 0x00000003ec800000|  0%| F|  |TS  0|AC  0|TAMS 0x00000003ec400000, 0x00000003ec400000|
|  83|0x00000003ec800000, 0x00000003ec800000, 0x00000003ecc00000|  0%| F|  |TS  0|AC  0|TAMS 0x00000003ec800000, 0x00000003ec800000|
|  84|0x00000003ecc00000, 0x00000003ecc00000, 0x00000003ed000000|  0%| F|  |TS  0|AC  0|TAMS 0x00000003ecc00000, 0x00000003ecc00000|
|  85|0x00000003ed000000, 0x00000003ed000000, 0x00000003ed400000|  0%| F|  |TS  0|AC  0|TAMS 0x00000003ed000000, 0x00000003ed000000|
|  86|0x00000003ed400000, 0x00000003ed400000, 0x00000003ed800000|  0%| F|  |TS  0|AC  0|TAMS 0x00000003ed400000, 0x00000003ed400000|
|  87|0x00000003ed800000, 0x00000003ed800000, 0x00000003edc00000|  0%| F|  |TS  0|AC  0|TAMS 0x00000003ed800000, 0x00000003ed800000|
|  88|0x00000003edc00000, 0x00000003edc00000, 0x00000003ee000000|  0%| F|  |TS  0|AC  0|TAMS 0x00000003edc00000, 0x00000003edc00000|
|  89|0x00000003ee000000, 0x00000003ee000000, 0x00000003ee400000|  0%| F|  |TS  0|AC  0|TAMS 0x00000003ee000000, 0x00000003ee000000|
|  90|0x00000003ee400000, 0x00000003ee400000, 0x00000003ee800000|  0%| F|  |TS  0|AC  0|TAMS 0x00000003ee400000, 0x00000003ee400000|
|  91|0x00000003ee800000, 0x00000003ee800000, 0x00000003eec00000|  0%| F|  |TS  0|AC  0|TAMS 0x00000003ee800000, 0x00000003ee800000|
|  92|0x00000003eec00000, 0x00000003eec00000, 0x00000003ef000000|  0%| F|  |TS  0|AC  0|TAMS 0x00000003eec00000, 0x00000003eec00000|
|  93|0x00000003ef000000, 0x00000003ef000000, 0x00000003ef400000|  0%| F|  |TS  0|AC  0|TAMS 0x00000003ef000000, 0x00000003ef000000|
|  94|0x00000003ef400000, 0x00000003ef400000, 0x00000003ef800000|  0%| F|  |TS  0|AC  0|TAMS 0x00000003ef400000, 0x00000003ef400000|
|  95|0x00000003ef800000, 0x00000003ef800000, 0x00000003efc00000|  0%| F|  |TS  0|AC  0|TAMS 0x00000003ef800000, 0x00000003ef800000|
|  96|0x00000003efc00000, 0x00000003efc00000, 0x00000003f0000000|  0%| F|  |TS  0|AC  0|TAMS 0x00000003efc00000, 0x00000003efc00000|
|  97|0x00000003f0000000, 0x00000003f0000000, 0x00000003f0400000|  0%| F|  |TS  0|AC  0|TAMS 0x00000003f0000000, 0x00000003f0000000|
|  98|0x00000003f0400000, 0x00000003f0400000, 0x00000003f0800000|  0%| F|  |TS  0|AC  0|TAMS 0x00000003f0400000, 0x00000003f0400000|
|  99|0x00000003f0800000, 0x00000003f0800000, 0x00000003f0c00000|  0%| F|  |TS  0|AC  0|TAMS 0x00000003f0800000, 0x00000003f0800000|
| 100|0x00000003f0c00000, 0x00000003f0c00000, 0x00000003f1000000|  0%| F|  |TS  0|AC  0|TAMS 0x00000003f0c00000, 0x00000003f0c00000|
| 101|0x00000003f1000000, 0x00000003f1000000, 0x00000003f1400000|  0%| F|  |TS  0|AC  0|TAMS 0x00000003f1000000, 0x00000003f1000000|
| 102|0x00000003f1400000, 0x00000003f1400000, 0x00000003f1800000|  0%| F|  |TS  0|AC  0|TAMS 0x00000003f1400000, 0x00000003f1400000|
| 103|0x00000003f1800000, 0x00000003f1800000, 0x00000003f1c00000|  0%| F|  |TS  0|AC  0|TAMS 0x00000003f1800000, 0x00000003f1800000|
| 104|0x00000003f1c00000, 0x00000003f1c00000, 0x00000003f2000000|  0%| F|  |TS  0|AC  0|TAMS 0x00000003f1c00000, 0x00000003f1c00000|
| 105|0x00000003f2000000, 0x00000003f2000000, 0x00000003f2400000|  0%| F|  |TS  0|AC  0|TAMS 0x00000003f2000000, 0x00000003f2000000|
| 106|0x00000003f2400000, 0x00000003f2400000, 0x00000003f2800000|  0%| F|  |TS  0|AC  0|TAMS 0x00000003f2400000, 0x00000003f2400000|
| 107|0x00000003f2800000, 0x00000003f2800000, 0x00000003f2c00000|  0%| F|  |TS  0|AC  0|TAMS 0x00000003f2800000, 0x00000003f2800000|
| 108|0x00000003f2c00000, 0x00000003f2c00000, 0x00000003f3000000|  0%| F|  |TS  0|AC  0|TAMS 0x00000003f2c00000, 0x00000003f2c00000|
| 109|0x00000003f3000000, 0x00000003f3000000, 0x00000003f3400000|  0%| F|  |TS  0|AC  0|TAMS 0x00000003f3000000, 0x00000003f3000000|
| 110|0x00000003f3400000, 0x00000003f3400000, 0x00000003f3800000|  0%| F|  |TS  0|AC  0|TAMS 0x00000003f3400000, 0x00000003f3400000|
| 111|0x00000003f3800000, 0x00000003f3800000, 0x00000003f3c00000|  0%| F|  |TS  0|AC  0|TAMS 0x00000003f3800000, 0x00000003f3800000|
| 112|0x00000003f3c00000, 0x00000003f3c00000, 0x00000003f4000000|  0%| F|  |TS  0|AC  0|TAMS 0x00000003f3c00000, 0x00000003f3c00000|
| 113|0x00000003f4000000, 0x00000003f4000000, 0x00000003f4400000|  0%| F|  |TS  0|AC  0|TAMS 0x00000003f4000000, 0x00000003f4000000|
| 114|0x00000003f4400000, 0x00000003f4400000, 0x00000003f4800000|  0%| F|  |TS  0|AC  0|TAMS 0x00000003f4400000, 0x00000003f4400000|
| 115|0x00000003f4800000, 0x00000003f4800000, 0x00000003f4c00000|  0%| F|  |TS  0|AC  0|TAMS 0x00000003f4800000, 0x00000003f4800000|
| 116|0x00000003f4c00000, 0x00000003f4c00000, 0x00000003f5000000|  0%| F|  |TS  0|AC  0|TAMS 0x00000003f4c00000, 0x00000003f4c00000|
| 117|0x00000003f5000000, 0x00000003f5000000, 0x00000003f5400000|  0%| F|  |TS  0|AC  0|TAMS 0x00000003f5000000, 0x00000003f5000000|
| 118|0x00000003f5400000, 0x00000003f5400000, 0x00000003f5800000|  0%| F|  |TS  0|AC  0|TAMS 0x00000003f5400000, 0x00000003f5400000|
| 119|0x00000003f5800000, 0x00000003f5800000, 0x00000003f5c00000|  0%| F|  |TS  0|AC  0|TAMS 0x00000003f5800000, 0x00000003f5800000|
| 120|0x00000003f5c00000, 0x00000003f5c00000, 0x00000003f6000000|  0%| F|  |TS  0|AC  0|TAMS 0x00000003f5c00000, 0x00000003f5c00000|
| 121|0x00000003f6000000, 0x00000003f6000000, 0x00000003f6400000|  0%| F|  |TS  0|AC  0|TAMS 0x00000003f6000000, 0x00000003f6000000|
| 122|0x00000003f6400000, 0x00000003f6400000, 0x00000003f6800000|  0%| F|  |TS  0|AC  0|TAMS 0x00000003f6400000, 0x00000003f6400000|
| 123|0x00000003f6800000, 0x00000003f6800000, 0x00000003f6c00000|  0%| F|  |TS  0|AC  0|TAMS 0x00000003f6800000, 0x00000003f6800000|
| 124|0x00000003f6c00000, 0x00000003f6c00000, 0x00000003f7000000|  0%| F|  |TS  0|AC  0|TAMS 0x00000003f6c00000, 0x00000003f6c00000|
| 125|0x00000003f7000000, 0x00000003f7000000, 0x00000003f7400000|  0%| F|  |TS  0|AC  0|TAMS 0x00000003f7000000, 0x00000003f7000000|
| 126|0x00000003f7400000, 0x00000003f7400000, 0x00000003f7800000|  0%| F|  |TS  0|AC  0|TAMS 0x00000003f7400000, 0x00000003f7400000|
| 127|0x00000003f7800000, 0x00000003f7800000, 0x00000003f7c00000|  0%| F|  |TS  0|AC  0|TAMS 0x00000003f7800000, 0x00000003f7800000|
| 128|0x00000003f7c00000, 0x00000003f7c00000, 0x00000003f8000000|  0%| F|  |TS  0|AC  0|TAMS 0x00000003f7c00000, 0x00000003f7c00000|
| 129|0x00000003f8000000, 0x00000003f8000000, 0x00000003f8400000|  0%| F|  |TS  0|AC  0|TAMS 0x00000003f8000000, 0x00000003f8000000|
| 130|0x00000003f8400000, 0x00000003f8400000, 0x00000003f8800000|  0%| F|  |TS  0|AC  0|TAMS 0x00000003f8400000, 0x00000003f8400000|
| 131|0x00000003f8800000, 0x00000003f8800000, 0x00000003f8c00000|  0%| F|  |TS  0|AC  0|TAMS 0x00000003f8800000, 0x00000003f8800000|
| 132|0x00000003f8c00000, 0x00000003f8c00000, 0x00000003f9000000|  0%| F|  |TS  0|AC  0|TAMS 0x00000003f8c00000, 0x00000003f8c00000|
| 133|0x00000003f9000000, 0x00000003f9000000, 0x00000003f9400000|  0%| F|  |TS  0|AC  0|TAMS 0x00000003f9000000, 0x00000003f9000000|
| 134|0x00000003f9400000, 0x00000003f9400000, 0x00000003f9800000|  0%| F|  |TS  0|AC  0|TAMS 0x00000003f9400000, 0x00000003f9400000|
| 135|0x00000003f9800000, 0x00000003f9800000, 0x00000003f9c00000|  0%| F|  |TS  0|AC  0|TAMS 0x00000003f9800000, 0x00000003f9800000|
| 136|0x00000003f9c00000, 0x00000003f9c00000, 0x00000003fa000000|  0%| F|  |TS  0|AC  0|TAMS 0x00000003f9c00000, 0x00000003f9c00000|
| 137|0x00000003fa000000, 0x00000003fa000000, 0x00000003fa400000|  0%| F|  |TS  0|AC  0|TAMS 0x00000003fa000000, 0x00000003fa000000|
| 138|0x00000003fa400000, 0x00000003fa400000, 0x00000003fa800000|  0%| F|  |TS  0|AC  0|TAMS 0x00000003fa400000, 0x00000003fa400000|
| 139|0x00000003fa800000, 0x00000003fa800000, 0x00000003fac00000|  0%| F|  |TS  0|AC  0|TAMS 0x00000003fa800000, 0x00000003fa800000|
| 140|0x00000003fac00000, 0x00000003fac00000, 0x00000003fb000000|  0%| F|  |TS  0|AC  0|TAMS 0x00000003fac00000, 0x00000003fac00000|
| 141|0x00000003fb000000, 0x00000003fb000000, 0x00000003fb400000|  0%| F|  |TS  0|AC  0|TAMS 0x00000003fb000000, 0x00000003fb000000|
| 142|0x00000003fb400000, 0x00000003fb400000, 0x00000003fb800000|  0%| F|  |TS  0|AC  0|TAMS 0x00000003fb400000, 0x00000003fb400000|
| 143|0x00000003fb800000, 0x00000003fb800000, 0x00000003fbc00000|  0%| F|  |TS  0|AC  0|TAMS 0x00000003fb800000, 0x00000003fb800000|
| 144|0x00000003fbc00000, 0x00000003fbc00000, 0x00000003fc000000|  0%| F|  |TS  0|AC  0|TAMS 0x00000003fbc00000, 0x00000003fbc00000|
| 145|0x00000003fc000000, 0x00000003fc000000, 0x00000003fc400000|  0%| F|  |TS  0|AC  0|TAMS 0x00000003fc000000, 0x00000003fc000000|
| 146|0x00000003fc400000, 0x00000003fc400000, 0x00000003fc800000|  0%| F|  |TS  0|AC  0|TAMS 0x00000003fc400000, 0x00000003fc400000|
| 147|0x00000003fc800000, 0x00000003fc800000, 0x00000003fcc00000|  0%| F|  |TS  0|AC  0|TAMS 0x00000003fc800000, 0x00000003fc800000|
| 148|0x00000003fcc00000, 0x00000003fcc00000, 0x00000003fd000000|  0%| F|  |TS  0|AC  0|TAMS 0x00000003fcc00000, 0x00000003fcc00000|
| 149|0x00000003fd000000, 0x00000003fd000000, 0x00000003fd400000|  0%| F|  |TS  0|AC  0|TAMS 0x00000003fd000000, 0x00000003fd000000|
| 150|0x00000003fd400000, 0x00000003fd400000, 0x00000003fd800000|  0%| F|  |TS  0|AC  0|TAMS 0x00000003fd400000, 0x00000003fd400000|
| 151|0x00000003fd800000, 0x00000003fd800000, 0x00000003fdc00000|  0%| F|  |TS  0|AC  0|TAMS 0x00000003fd800000, 0x00000003fd800000|
| 152|0x00000003fdc00000, 0x00000003fdc00000, 0x00000003fe000000|  0%| F|  |TS  0|AC  0|TAMS 0x00000003fdc00000, 0x00000003fdc00000|
| 153|0x00000003fe000000, 0x00000003fe000000, 0x00000003fe400000|  0%| F|  |TS  0|AC  0|TAMS 0x00000003fe000000, 0x00000003fe000000|
| 154|0x00000003fe400000, 0x00000003fe400000, 0x00000003fe800000|  0%| F|  |TS  0|AC  0|TAMS 0x00000003fe400000, 0x00000003fe400000|
| 155|0x00000003fe800000, 0x00000003fe800000, 0x00000003fec00000|  0%| F|  |TS  0|AC  0|TAMS 0x00000003fe800000, 0x00000003fe800000|
| 156|0x00000003fec00000, 0x00000003fec00000, 0x00000003ff000000|  0%| F|  |TS  0|AC  0|TAMS 0x00000003fec00000, 0x00000003fec00000|
| 157|0x00000003ff000000, 0x00000003ff000000, 0x00000003ff400000|  0%| F|  |TS  0|AC  0|TAMS 0x00000003ff000000, 0x00000003ff000000|
| 158|0x00000003ff400000, 0x00000003ff400000, 0x00000003ff800000|  0%| F|  |TS  0|AC  0|TAMS 0x00000003ff400000, 0x00000003ff400000|
| 159|0x00000003ff800000, 0x00000003ff800000, 0x00000003ffc00000|  0%| F|  |TS  0|AC  0|TAMS 0x00000003ff800000, 0x00000003ff800000|
| 160|0x00000003ffc00000, 0x00000003ffc00000, 0x0000000400000000|  0%| F|  |TS  0|AC  0|TAMS 0x00000003ffc00000, 0x00000003ffc00000|
| 161|0x0000000400000000, 0x0000000400000000, 0x0000000400400000|  0%| F|  |TS  0|AC  0|TAMS 0x0000000400000000, 0x0000000400000000|
| 162|0x0000000400400000, 0x0000000400400000, 0x0000000400800000|  0%| F|  |TS  0|AC  0|TAMS 0x0000000400400000, 0x0000000400400000|
| 163|0x0000000400800000, 0x0000000400800000, 0x0000000400c00000|  0%| F|  |TS  0|AC  0|TAMS 0x0000000400800000, 0x0000000400800000|
| 164|0x0000000400c00000, 0x0000000400c00000, 0x0000000401000000|  0%| F|  |TS  0|AC  0|TAMS 0x0000000400c00000, 0x0000000400c00000|
| 165|0x0000000401000000, 0x0000000401000000, 0x0000000401400000|  0%| F|  |TS  0|AC  0|TAMS 0x0000000401000000, 0x0000000401000000|
| 166|0x0000000401400000, 0x0000000401400000, 0x0000000401800000|  0%| F|  |TS  0|AC  0|TAMS 0x0000000401400000, 0x0000000401400000|
| 167|0x0000000401800000, 0x0000000401800000, 0x0000000401c00000|  0%| F|  |TS  0|AC  0|TAMS 0x0000000401800000, 0x0000000401800000|
| 168|0x0000000401c00000, 0x0000000401c00000, 0x0000000402000000|  0%| F|  |TS  0|AC  0|TAMS 0x0000000401c00000, 0x0000000401c00000|
| 169|0x0000000402000000, 0x0000000402000000, 0x0000000402400000|  0%| F|  |TS  0|AC  0|TAMS 0x0000000402000000, 0x0000000402000000|
| 170|0x0000000402400000, 0x0000000402400000, 0x0000000402800000|  0%| F|  |TS  0|AC  0|TAMS 0x0000000402400000, 0x0000000402400000|
| 171|0x0000000402800000, 0x0000000402800000, 0x0000000402c00000|  0%| F|  |TS  0|AC  0|TAMS 0x0000000402800000, 0x0000000402800000|
| 172|0x0000000402c00000, 0x0000000402c00000, 0x0000000403000000|  0%| F|  |TS  0|AC  0|TAMS 0x0000000402c00000, 0x0000000402c00000|
| 173|0x0000000403000000, 0x0000000403000000, 0x0000000403400000|  0%| F|  |TS  0|AC  0|TAMS 0x0000000403000000, 0x0000000403000000|
| 174|0x0000000403400000, 0x0000000403400000, 0x0000000403800000|  0%| F|  |TS  0|AC  0|TAMS 0x0000000403400000, 0x0000000403400000|
| 175|0x0000000403800000, 0x0000000403800000, 0x0000000403c00000|  0%| F|  |TS  0|AC  0|TAMS 0x0000000403800000, 0x0000000403800000|
| 176|0x0000000403c00000, 0x0000000403c00000, 0x0000000404000000|  0%| F|  |TS  0|AC  0|TAMS 0x0000000403c00000, 0x0000000403c00000|
| 177|0x0000000404000000, 0x0000000404000000, 0x0000000404400000|  0%| F|  |TS  0|AC  0|TAMS 0x0000000404000000, 0x0000000404000000|
| 178|0x0000000404400000, 0x0000000404400000, 0x0000000404800000|  0%| F|  |TS  0|AC  0|TAMS 0x0000000404400000, 0x0000000404400000|
| 179|0x0000000404800000, 0x0000000404800000, 0x0000000404c00000|  0%| F|  |TS  0|AC  0|TAMS 0x0000000404800000, 0x0000000404800000|
| 180|0x0000000404c00000, 0x0000000404c00000, 0x0000000405000000|  0%| F|  |TS  0|AC  0|TAMS 0x0000000404c00000, 0x0000000404c00000|
| 181|0x0000000405000000, 0x0000000405000000, 0x0000000405400000|  0%| F|  |TS  0|AC  0|TAMS 0x0000000405000000, 0x0000000405000000|
| 182|0x0000000405400000, 0x0000000405400000, 0x0000000405800000|  0%| F|  |TS  0|AC  0|TAMS 0x0000000405400000, 0x0000000405400000|
| 183|0x0000000405800000, 0x0000000405800000, 0x0000000405c00000|  0%| F|  |TS  0|AC  0|TAMS 0x0000000405800000, 0x0000000405800000|
| 184|0x0000000405c00000, 0x0000000405c00000, 0x0000000406000000|  0%| F|  |TS  0|AC  0|TAMS 0x0000000405c00000, 0x0000000405c00000|
| 185|0x0000000406000000, 0x0000000406000000, 0x0000000406400000|  0%| F|  |TS  0|AC  0|TAMS 0x0000000406000000, 0x0000000406000000|
| 186|0x0000000406400000, 0x0000000406400000, 0x0000000406800000|  0%| F|  |TS  0|AC  0|TAMS 0x0000000406400000, 0x0000000406400000|
| 187|0x0000000406800000, 0x0000000406800000, 0x0000000406c00000|  0%| F|  |TS  0|AC  0|TAMS 0x0000000406800000, 0x0000000406800000|
| 188|0x0000000406c00000, 0x0000000406c00000, 0x0000000407000000|  0%| F|  |TS  0|AC  0|TAMS 0x0000000406c00000, 0x0000000406c00000|
| 189|0x0000000407000000, 0x0000000407000000, 0x0000000407400000|  0%| F|  |TS  0|AC  0|TAMS 0x0000000407000000, 0x0000000407000000|
| 190|0x0000000407400000, 0x0000000407400000, 0x0000000407800000|  0%| F|  |TS  0|AC  0|TAMS 0x0000000407400000, 0x0000000407400000|
| 191|0x0000000407800000, 0x0000000407800000, 0x0000000407c00000|  0%| F|  |TS  0|AC  0|TAMS 0x0000000407800000, 0x0000000407800000|
| 192|0x0000000407c00000, 0x0000000407c00000, 0x0000000408000000|  0%| F|  |TS  0|AC  0|TAMS 0x0000000407c00000, 0x0000000407c00000|
| 193|0x0000000408000000, 0x0000000408000000, 0x0000000408400000|  0%| F|  |TS  0|AC  0|TAMS 0x0000000408000000, 0x0000000408000000|
| 194|0x0000000408400000, 0x0000000408400000, 0x0000000408800000|  0%| F|  |TS  0|AC  0|TAMS 0x0000000408400000, 0x0000000408400000|
| 195|0x0000000408800000, 0x0000000408800000, 0x0000000408c00000|  0%| F|  |TS  0|AC  0|TAMS 0x0000000408800000, 0x0000000408800000|
| 196|0x0000000408c00000, 0x0000000408c00000, 0x0000000409000000|  0%| F|  |TS  0|AC  0|TAMS 0x0000000408c00000, 0x0000000408c00000|
| 197|0x0000000409000000, 0x0000000409000000, 0x0000000409400000|  0%| F|  |TS  0|AC  0|TAMS 0x0000000409000000, 0x0000000409000000|
| 198|0x0000000409400000, 0x0000000409400000, 0x0000000409800000|  0%| F|  |TS  0|AC  0|TAMS 0x0000000409400000, 0x0000000409400000|
| 199|0x0000000409800000, 0x0000000409800000, 0x0000000409c00000|  0%| F|  |TS  0|AC  0|TAMS 0x0000000409800000, 0x0000000409800000|
| 200|0x0000000409c00000, 0x0000000409c00000, 0x000000040a000000|  0%| F|  |TS  0|AC  0|TAMS 0x0000000409c00000, 0x0000000409c00000|
| 201|0x000000040a000000, 0x000000040a000000, 0x000000040a400000|  0%| F|  |TS  0|AC  0|TAMS 0x000000040a000000, 0x000000040a000000|
| 202|0x000000040a400000, 0x000000040a400000, 0x000000040a800000|  0%| F|  |TS  0|AC  0|TAMS 0x000000040a400000, 0x000000040a400000|
| 203|0x000000040a800000, 0x000000040a800000, 0x000000040ac00000|  0%| F|  |TS  0|AC  0|TAMS 0x000000040a800000, 0x000000040a800000|
| 204|0x000000040ac00000, 0x000000040ac00000, 0x000000040b000000|  0%| F|  |TS  0|AC  0|TAMS 0x000000040ac00000, 0x000000040ac00000|
| 205|0x000000040b000000, 0x000000040b000000, 0x000000040b400000|  0%| F|  |TS  0|AC  0|TAMS 0x000000040b000000, 0x000000040b000000|
| 206|0x000000040b400000, 0x000000040b400000, 0x000000040b800000|  0%| F|  |TS  0|AC  0|TAMS 0x000000040b400000, 0x000000040b400000|
| 207|0x000000040b800000, 0x000000040b800000, 0x000000040bc00000|  0%| F|  |TS  0|AC  0|TAMS 0x000000040b800000, 0x000000040b800000|
| 208|0x000000040bc00000, 0x000000040bc00000, 0x000000040c000000|  0%| F|  |TS  0|AC  0|TAMS 0x000000040bc00000, 0x000000040bc00000|
| 209|0x000000040c000000, 0x000000040c000000, 0x000000040c400000|  0%| F|  |TS  0|AC  0|TAMS 0x000000040c000000, 0x000000040c000000|
| 210|0x000000040c400000, 0x000000040c400000, 0x000000040c800000|  0%| F|  |TS  0|AC  0|TAMS 0x000000040c400000, 0x000000040c400000|
| 211|0x000000040c800000, 0x000000040c800000, 0x000000040cc00000|  0%| F|  |TS  0|AC  0|TAMS 0x000000040c800000, 0x000000040c800000|
| 212|0x000000040cc00000, 0x000000040cc00000, 0x000000040d000000|  0%| F|  |TS  0|AC  0|TAMS 0x000000040cc00000, 0x000000040cc00000|
| 213|0x000000040d000000, 0x000000040d000000, 0x000000040d400000|  0%| F|  |TS  0|AC  0|TAMS 0x000000040d000000, 0x000000040d000000|
| 214|0x000000040d400000, 0x000000040d400000, 0x000000040d800000|  0%| F|  |TS  0|AC  0|TAMS 0x000000040d400000, 0x000000040d400000|
| 215|0x000000040d800000, 0x000000040d800000, 0x000000040dc00000|  0%| F|  |TS  0|AC  0|TAMS 0x000000040d800000, 0x000000040d800000|
| 216|0x000000040dc00000, 0x000000040dc00000, 0x000000040e000000|  0%| F|  |TS  0|AC  0|TAMS 0x000000040dc00000, 0x000000040dc00000|
| 217|0x000000040e000000, 0x000000040e000000, 0x000000040e400000|  0%| F|  |TS  0|AC  0|TAMS 0x000000040e000000, 0x000000040e000000|
| 218|0x000000040e400000, 0x000000040e400000, 0x000000040e800000|  0%| F|  |TS  0|AC  0|TAMS 0x000000040e400000, 0x000000040e400000|
| 219|0x000000040e800000, 0x000000040e800000, 0x000000040ec00000|  0%| F|  |TS  0|AC  0|TAMS 0x000000040e800000, 0x000000040e800000|
| 220|0x000000040ec00000, 0x000000040ec00000, 0x000000040f000000|  0%| F|  |TS  0|AC  0|TAMS 0x000000040ec00000, 0x000000040ec00000|
| 221|0x000000040f000000, 0x000000040f000000, 0x000000040f400000|  0%| F|  |TS  0|AC  0|TAMS 0x000000040f000000, 0x000000040f000000|
| 222|0x000000040f400000, 0x000000040f400000, 0x000000040f800000|  0%| F|  |TS  0|AC  0|TAMS 0x000000040f400000, 0x000000040f400000|
| 223|0x000000040f800000, 0x000000040f800000, 0x000000040fc00000|  0%| F|  |TS  0|AC  0|TAMS 0x000000040f800000, 0x000000040f800000|
| 224|0x000000040fc00000, 0x000000040fc00000, 0x0000000410000000|  0%| F|  |TS  0|AC  0|TAMS 0x000000040fc00000, 0x000000040fc00000|
| 225|0x0000000410000000, 0x0000000410000000, 0x0000000410400000|  0%| F|  |TS  0|AC  0|TAMS 0x0000000410000000, 0x0000000410000000|
| 226|0x0000000410400000, 0x0000000410400000, 0x0000000410800000|  0%| F|  |TS  0|AC  0|TAMS 0x0000000410400000, 0x0000000410400000|
| 227|0x0000000410800000, 0x0000000410800000, 0x0000000410c00000|  0%| F|  |TS  0|AC  0|TAMS 0x0000000410800000, 0x0000000410800000|
| 228|0x0000000410c00000, 0x0000000410c00000, 0x0000000411000000|  0%| F|  |TS  0|AC  0|TAMS 0x0000000410c00000, 0x0000000410c00000|
| 229|0x0000000411000000, 0x0000000411000000, 0x0000000411400000|  0%| F|  |TS  0|AC  0|TAMS 0x0000000411000000, 0x0000000411000000|
| 230|0x0000000411400000, 0x0000000411400000, 0x0000000411800000|  0%| F|  |TS  0|AC  0|TAMS 0x0000000411400000, 0x0000000411400000|
| 231|0x0000000411800000, 0x0000000411800000, 0x0000000411c00000|  0%| F|  |TS  0|AC  0|TAMS 0x0000000411800000, 0x0000000411800000|
| 232|0x0000000411c00000, 0x0000000411c00000, 0x0000000412000000|  0%| F|  |TS  0|AC  0|TAMS 0x0000000411c00000, 0x0000000411c00000|
| 233|0x0000000412000000, 0x0000000412000000, 0x0000000412400000|  0%| F|  |TS  0|AC  0|TAMS 0x0000000412000000, 0x0000000412000000|
| 234|0x0000000412400000, 0x0000000412400000, 0x0000000412800000|  0%| F|  |TS  0|AC  0|TAMS 0x0000000412400000, 0x0000000412400000|
| 235|0x0000000412800000, 0x0000000412800000, 0x0000000412c00000|  0%| F|  |TS  0|AC  0|TAMS 0x0000000412800000, 0x0000000412800000|
| 236|0x0000000412c00000, 0x0000000412c00000, 0x0000000413000000|  0%| F|  |TS  0|AC  0|TAMS 0x0000000412c00000, 0x0000000412c00000|
| 237|0x0000000413000000, 0x0000000413000000, 0x0000000413400000|  0%| F|  |TS  0|AC  0|TAMS 0x0000000413000000, 0x0000000413000000|
| 238|0x0000000413400000, 0x0000000413400000, 0x0000000413800000|  0%| F|  |TS  0|AC  0|TAMS 0x0000000413400000, 0x0000000413400000|
| 239|0x0000000413800000, 0x0000000413800000, 0x0000000413c00000|  0%| F|  |TS  0|AC  0|TAMS 0x0000000413800000, 0x0000000413800000|
| 240|0x0000000413c00000, 0x0000000413c00000, 0x0000000414000000|  0%| F|  |TS  0|AC  0|TAMS 0x0000000413c00000, 0x0000000413c00000|
| 241|0x0000000414000000, 0x0000000414000000, 0x0000000414400000|  0%| F|  |TS  0|AC  0|TAMS 0x0000000414000000, 0x0000000414000000|
| 242|0x0000000414400000, 0x0000000414400000, 0x0000000414800000|  0%| F|  |TS  0|AC  0|TAMS 0x0000000414400000, 0x0000000414400000|
| 243|0x0000000414800000, 0x0000000414800000, 0x0000000414c00000|  0%| F|  |TS  0|AC  0|TAMS 0x0000000414800000, 0x0000000414800000|
| 244|0x0000000414c00000, 0x0000000414c00000, 0x0000000415000000|  0%| F|  |TS  0|AC  0|TAMS 0x0000000414c00000, 0x0000000414c00000|
| 245|0x0000000415000000, 0x0000000415000000, 0x0000000415400000|  0%| F|  |TS  0|AC  0|TAMS 0x0000000415000000, 0x0000000415000000|
| 246|0x0000000415400000, 0x0000000415400000, 0x0000000415800000|  0%| F|  |TS  0|AC  0|TAMS 0x0000000415400000, 0x0000000415400000|
| 247|0x0000000415800000, 0x00000004158f6458, 0x0000000415c00000| 24%| E|  |TS  0|AC  0|TAMS 0x0000000415800000, 0x0000000415800000|
| 248|0x0000000415c00000, 0x0000000416000000, 0x0000000416000000|100%| E|CS|TS  0|AC  0|TAMS 0x0000000415c00000, 0x0000000415c00000|
| 249|0x0000000416000000, 0x0000000416400000, 0x0000000416400000|100%| E|CS|TS  0|AC  0|TAMS 0x0000000416000000, 0x0000000416000000|
| 250|0x0000000416400000, 0x0000000416800000, 0x0000000416800000|100%| E|CS|TS  0|AC  0|TAMS 0x0000000416400000, 0x0000000416400000|

Card table byte_map: [0x00007efe2e23a000,0x00007efe3017c000] byte_map_base: 0x00007efe2c37c000

Marking Bits (Prev, Next): (CMBitMap*) 0x00007efef809e820, (CMBitMap*) 0x00007efef809e858
 Prev Bits: [0x00007efe1c8e8000, 0x00007efe2c2f8000)
 Next Bits: [0x00007efe0ced8000, 0x00007efe1c8e8000)

Polling page: 0x00007efefe2fb000

CodeHeap 'non-profiled nmethods': size=119172Kb used=141Kb max_used=141Kb free=119031Kb
 bounds [0x00007efee54b5000, 0x00007efee5725000, 0x00007efeec916000]
CodeHeap 'profiled nmethods': size=119172Kb used=322Kb max_used=322Kb free=118849Kb
 bounds [0x00007efede054000, 0x00007efede2c4000, 0x00007efee54b5000]
CodeHeap 'non-nmethods': size=7416Kb used=2826Kb max_used=2854Kb free=4589Kb
 bounds [0x00007efedd916000, 0x00007efeddbe6000, 0x00007efede054000]
 total_blobs=617 nmethods=242 adapters=168
 compilation: enabled

Compilation events (10 events):
Event: 0.297 Thread 0x00007efef82ad000  240   !   4       java.io.PrintStream::write (83 bytes)
Event: 0.297 Thread 0x00007efef82b7800  241   !   4       java.io.PrintStream::newLine (73 bytes)
Event: 0.298 Thread 0x00007efef82b0800 nmethod 234 0x00007efee54cae10 code [0x00007efee54cafe0, 0x00007efee54cb248]
Event: 0.303 Thread 0x00007efef82b9800 nmethod 233 0x00007efee54cb490 code [0x00007efee54cb700, 0x00007efee54ccb08]
Event: 0.313 Thread 0x00007efef82b7800 nmethod 241 0x00007efee54cd490 code [0x00007efee54cd720, 0x00007efee54ceaa8]
Event: 0.318 Thread 0x00007efef82ad000 nmethod 240 0x00007efee54cf610 code [0x00007efee54cf860, 0x00007efee54d0a58]
Event: 0.369 Thread 0x00007efef82b4000 nmethod 239 0x00007efee54d1590 code [0x00007efee54d1a20, 0x00007efee54d5d88]
Event: 0.373 Thread 0x00007efef82af000  242       4       java.io.FileDescriptor$1::getAppend (5 bytes)
Event: 0.374 Thread 0x00007efef82af000 nmethod 242 0x00007efee54d8110 code [0x00007efee54d82a0, 0x00007efee54d8318]
Event: 0.522 Thread 0x00007efef82c1000  243 %     3       org.eclipse.core.runtime.adaptor.EclipseStarter::main @ 4584 (7576 bytes)

GC Heap History (0 events):
No events

Deoptimization events (0 events):
No events

Classes redefined (0 events):
No events

Internal exceptions (0 events):
No events

Events (10 events):
Event: 0.251 Thread 0x00007efef8011800 DEOPT PACKING pc=0x00007efede085624 sp=0x00007efefc9a58e0
Event: 0.251 Thread 0x00007efef8011800 DEOPT UNPACKING pc=0x00007efedd963aab sp=0x00007efefc9a4ec8 mode 0
Event: 0.251 Thread 0x00007efef8011800 DEOPT PACKING pc=0x00007efede085624 sp=0x00007efefc9a58e0
Event: 0.251 Thread 0x00007efef8011800 DEOPT UNPACKING pc=0x00007efedd963aab sp=0x00007efefc9a4ec8 mode 0
Event: 0.251 Thread 0x00007efef8011800 DEOPT PACKING pc=0x00007efede085624 sp=0x00007efefc9a58e0
Event: 0.251 Thread 0x00007efef8011800 DEOPT UNPACKING pc=0x00007efedd963aab sp=0x00007efefc9a4ec8 mode 0
Event: 0.251 Thread 0x00007efef8011800 DEOPT PACKING pc=0x00007efede085624 sp=0x00007efefc9a58e0
Event: 0.251 Thread 0x00007efef8011800 DEOPT UNPACKING pc=0x00007efedd963aab sp=0x00007efefc9a4ec8 mode 0
Event: 0.252 Thread 0x00007efef8011800 DEOPT PACKING pc=0x00007efede085624 sp=0x00007efefc9a58e0
Event: 0.252 Thread 0x00007efef8011800 DEOPT UNPACKING pc=0x00007efedd963aab sp=0x00007efefc9a4ec8 mode 0


Dynamic libraries:
00400000-00401000 r-xp 00000000 00:65 77077150                           /root/oracle/jdk-9.0.4/bin/java
00600000-00601000 rw-p 00000000 00:65 77077150                           /root/oracle/jdk-9.0.4/bin/java
0241e000-0243f000 rw-p 00000000 00:00 0                                  [heap]
3d7c00000-416800000 rw-p 00000000 00:00 0 
416800000-7c0000000 ---p 00000000 00:00 0 
7c0000000-7c0080000 rw-p 00000000 00:00 0 
7c0080000-800000000 ---p 00000000 00:00 0 
7efd9c000000-7efd9c021000 rw-p 00000000 00:00 0 
7efd9c021000-7efda0000000 ---p 00000000 00:00 0 
7efda4000000-7efda4021000 rw-p 00000000 00:00 0 
7efda4021000-7efda8000000 ---p 00000000 00:00 0 
7efda8000000-7efda8021000 rw-p 00000000 00:00 0 
7efda8021000-7efdac000000 ---p 00000000 00:00 0 
7efdac000000-7efdac05a000 rw-p 00000000 00:00 0 
7efdac05a000-7efdb0000000 ---p 00000000 00:00 0 
7efdb0000000-7efdb0021000 rw-p 00000000 00:00 0 
7efdb0021000-7efdb4000000 ---p 00000000 00:00 0 
7efdb4000000-7efdb4036000 rw-p 00000000 00:00 0 
7efdb4036000-7efdb8000000 ---p 00000000 00:00 0 
7efdb8000000-7efdb8033000 rw-p 00000000 00:00 0 
7efdb8033000-7efdbc000000 ---p 00000000 00:00 0 
7efdbc000000-7efdbc187000 rw-p 00000000 00:00 0 
7efdbc187000-7efdc0000000 ---p 00000000 00:00 0 
7efdc0000000-7efdc007e000 rw-p 00000000 00:00 0 
7efdc007e000-7efdc4000000 ---p 00000000 00:00 0 
7efdc4000000-7efdc4093000 rw-p 00000000 00:00 0 
7efdc4093000-7efdc8000000 ---p 00000000 00:00 0 
7efdc8000000-7efdc8238000 rw-p 00000000 00:00 0 
7efdc8238000-7efdcc000000 ---p 00000000 00:00 0 
7efdcc000000-7efdcc021000 rw-p 00000000 00:00 0 
7efdcc021000-7efdd0000000 ---p 00000000 00:00 0 
7efdd0000000-7efdd04c5000 rw-p 00000000 00:00 0 
7efdd04c5000-7efdd4000000 ---p 00000000 00:00 0 
7efdd4000000-7efdd4100000 rw-p 00000000 00:00 0 
7efdd4100000-7efdd8000000 ---p 00000000 00:00 0 
7efdd8000000-7efdd809a000 rw-p 00000000 00:00 0 
7efdd809a000-7efddc000000 ---p 00000000 00:00 0 
7efddc000000-7efddc021000 rw-p 00000000 00:00 0 
7efddc021000-7efde0000000 ---p 00000000 00:00 0 
7efde0000000-7efde022f000 rw-p 00000000 00:00 0 
7efde022f000-7efde4000000 ---p 00000000 00:00 0 
7efde4000000-7efde4021000 rw-p 00000000 00:00 0 
7efde4021000-7efde8000000 ---p 00000000 00:00 0 
7efde8000000-7efde8021000 rw-p 00000000 00:00 0 
7efde8021000-7efdec000000 ---p 00000000 00:00 0 
7efdec000000-7efdec021000 rw-p 00000000 00:00 0 
7efdec021000-7efdf0000000 ---p 00000000 00:00 0 
7efdf0000000-7efdf0021000 rw-p 00000000 00:00 0 
7efdf0021000-7efdf4000000 ---p 00000000 00:00 0 
7efdf4463000-7efdf4791000 rw-p 00000000 00:00 0 
7efdf4791000-7efdf4792000 ---p 00000000 00:00 0 
7efdf4792000-7efdf4893000 rw-p 00000000 00:00 0 
7efdf4893000-7efdf4897000 ---p 00000000 00:00 0 
7efdf4897000-7efdf4994000 rw-p 00000000 00:00 0 
7efdf4994000-7efdf4998000 ---p 00000000 00:00 0 
7efdf4998000-7efdf4ac6000 rw-p 00000000 00:00 0 
7efdf4ac6000-7efdf4adc000 r-xp 00000000 00:65 77077477                   /root/oracle/jdk-9.0.4/lib/libnet.so
7efdf4adc000-7efdf4cdc000 ---p 00016000 00:65 77077477                   /root/oracle/jdk-9.0.4/lib/libnet.so
7efdf4cdc000-7efdf4cdd000 rw-p 00016000 00:65 77077477                   /root/oracle/jdk-9.0.4/lib/libnet.so
7efdf4cdd000-7efdf4ced000 r-xp 00000000 00:65 77077594                   /root/oracle/jdk-9.0.4/lib/libnio.so
7efdf4ced000-7efdf4eed000 ---p 00010000 00:65 77077594                   /root/oracle/jdk-9.0.4/lib/libnio.so
7efdf4eed000-7efdf4eee000 rw-p 00010000 00:65 77077594                   /root/oracle/jdk-9.0.4/lib/libnio.so
7efdf4eee000-7efdf4ef2000 ---p 00000000 00:00 0 
7efdf4ef2000-7efdf4fef000 rw-p 00000000 00:00 0 
7efdf4fef000-7efdf4ff3000 ---p 00000000 00:00 0 
7efdf4ff3000-7efdf50f0000 rw-p 00000000 00:00 0 
7efdf50f0000-7efdf50f4000 ---p 00000000 00:00 0 
7efdf50f4000-7efdf51f1000 rw-p 00000000 00:00 0 
7efdf51f1000-7efdf51f5000 ---p 00000000 00:00 0 
7efdf51f5000-7efdf52f2000 rw-p 00000000 00:00 0 
7efdf52f2000-7efdf52f6000 ---p 00000000 00:00 0 
7efdf52f6000-7efdf53f3000 rw-p 00000000 00:00 0 
7efdf53f3000-7efdf53f7000 ---p 00000000 00:00 0 
7efdf53f7000-7efdf54f4000 rw-p 00000000 00:00 0 
7efdf54f4000-7efdf54f8000 ---p 00000000 00:00 0 
7efdf54f8000-7efdf55f5000 rw-p 00000000 00:00 0 
7efdf55f5000-7efdf55f9000 ---p 00000000 00:00 0 
7efdf55f9000-7efdf56f6000 rw-p 00000000 00:00 0 
7efdf56f6000-7efdf56fa000 ---p 00000000 00:00 0 
7efdf56fa000-7efdf57f7000 rw-p 00000000 00:00 0 
7efdf57f7000-7efdf57fb000 ---p 00000000 00:00 0 
7efdf57fb000-7efdf58f8000 rw-p 00000000 00:00 0 
7efdf58f8000-7efdf58fc000 ---p 00000000 00:00 0 
7efdf58fc000-7efdf59f9000 rw-p 00000000 00:00 0 
7efdf59f9000-7efdf59fd000 ---p 00000000 00:00 0 
7efdf59fd000-7efdf5afa000 rw-p 00000000 00:00 0 
7efdf5afa000-7efdf5afe000 ---p 00000000 00:00 0 
7efdf5afe000-7efdf5bfb000 rw-p 00000000 00:00 0 
7efdf5bfb000-7efdf5bff000 ---p 00000000 00:00 0 
7efdf5bff000-7efdf5cfc000 rw-p 00000000 00:00 0 
7efdf5cfc000-7efdf5d00000 ---p 00000000 00:00 0 
7efdf5d00000-7efdf5dfd000 rw-p 00000000 00:00 0 
7efdf5dfd000-7efdf5e01000 ---p 00000000 00:00 0 
7efdf5e01000-7efdf5efe000 rw-p 00000000 00:00 0 
7efdf5efe000-7efdf5eff000 ---p 00000000 00:00 0 
7efdf5eff000-7efdf6000000 rw-p 00000000 00:00 0 
7efdf6000000-7efdf8000000 rwxp 00000000 00:00 0 
7efdf8000000-7efdf8021000 rw-p 00000000 00:00 0 
7efdf8021000-7efdfc000000 ---p 00000000 00:00 0 
7efdfc000000-7efdfc021000 rw-p 00000000 00:00 0 
7efdfc021000-7efe00000000 ---p 00000000 00:00 0 
7efe00000000-7efe00021000 rw-p 00000000 00:00 0 
7efe00021000-7efe04000000 ---p 00000000 00:00 0 
7efe04000000-7efe04021000 rw-p 00000000 00:00 0 
7efe04021000-7efe08000000 ---p 00000000 00:00 0 
7efe08000000-7efe08021000 rw-p 00000000 00:00 0 
7efe08021000-7efe0c000000 ---p 00000000 00:00 0 
7efe0c001000-7efe0c512000 rw-p 00000000 00:00 0 
7efe0c512000-7efe0c8d2000 ---p 00000000 00:00 0 
7efe0c8d2000-7efe0de88000 rw-p 00000000 00:00 0 
7efe0de88000-7efe1c8e8000 ---p 00000000 00:00 0 
7efe1c8e8000-7efe1d898000 rw-p 00000000 00:00 0 
7efe1d898000-7efe2c2f8000 ---p 00000000 00:00 0 
7efe2c2f8000-7efe2c4ee000 rw-p 00000000 00:00 0 
7efe2c4ee000-7efe2e23a000 ---p 00000000 00:00 0 
7efe2e23a000-7efe2e430000 rw-p 00000000 00:00 0 
7efe2e430000-7efe320be000 ---p 00000000 00:00 0 
7efe320be000-7efe322b4000 rw-p 00000000 00:00 0 
7efe322b4000-7efe34000000 ---p 00000000 00:00 0 
7efe34000000-7efe34021000 rw-p 00000000 00:00 0 
7efe34021000-7efe38000000 ---p 00000000 00:00 0 
7efe38000000-7efe38021000 rw-p 00000000 00:00 0 
7efe38021000-7efe3c000000 ---p 00000000 00:00 0 
7efe3c000000-7efe3c021000 rw-p 00000000 00:00 0 
7efe3c021000-7efe40000000 ---p 00000000 00:00 0 
7efe40000000-7efe40021000 rw-p 00000000 00:00 0 
7efe40021000-7efe44000000 ---p 00000000 00:00 0 
7efe44000000-7efe44021000 rw-p 00000000 00:00 0 
7efe44021000-7efe48000000 ---p 00000000 00:00 0 
7efe48000000-7efe48021000 rw-p 00000000 00:00 0 
7efe48021000-7efe4c000000 ---p 00000000 00:00 0 
7efe4c000000-7efe4c021000 rw-p 00000000 00:00 0 
7efe4c021000-7efe50000000 ---p 00000000 00:00 0 
7efe50000000-7efe50021000 rw-p 00000000 00:00 0 
7efe50021000-7efe54000000 ---p 00000000 00:00 0 
7efe54000000-7efe54021000 rw-p 00000000 00:00 0 
7efe54021000-7efe58000000 ---p 00000000 00:00 0 
7efe58000000-7efe58021000 rw-p 00000000 00:00 0 
7efe58021000-7efe5c000000 ---p 00000000 00:00 0 
7efe5c000000-7efe5c021000 rw-p 00000000 00:00 0 
7efe5c021000-7efe60000000 ---p 00000000 00:00 0 
7efe60000000-7efe60021000 rw-p 00000000 00:00 0 
7efe60021000-7efe64000000 ---p 00000000 00:00 0 
7efe64000000-7efe64021000 rw-p 00000000 00:00 0 
7efe64021000-7efe68000000 ---p 00000000 00:00 0 
7efe68000000-7efe68021000 rw-p 00000000 00:00 0 
7efe68021000-7efe6c000000 ---p 00000000 00:00 0 
7efe6c000000-7efe6c021000 rw-p 00000000 00:00 0 
7efe6c021000-7efe70000000 ---p 00000000 00:00 0 
7efe70000000-7efe70021000 rw-p 00000000 00:00 0 
7efe70021000-7efe74000000 ---p 00000000 00:00 0 
7efe74000000-7efe74021000 rw-p 00000000 00:00 0 
7efe74021000-7efe78000000 ---p 00000000 00:00 0 
7efe78000000-7efe78021000 rw-p 00000000 00:00 0 
7efe78021000-7efe7c000000 ---p 00000000 00:00 0 
7efe7c000000-7efe7c021000 rw-p 00000000 00:00 0 
7efe7c021000-7efe80000000 ---p 00000000 00:00 0 
7efe80000000-7efe80021000 rw-p 00000000 00:00 0 
7efe80021000-7efe84000000 ---p 00000000 00:00 0 
7efe84000000-7efe84021000 rw-p 00000000 00:00 0 
7efe84021000-7efe88000000 ---p 00000000 00:00 0 
7efe88000000-7efe88021000 rw-p 00000000 00:00 0 
7efe88021000-7efe8c000000 ---p 00000000 00:00 0 
7efe8c01a000-7efe8ce50000 rw-p 00000000 00:00 0 
7efe8ce50000-7efe8ce51000 ---p 00000000 00:00 0 
7efe8ce51000-7efe8cf52000 rw-p 00000000 00:00 0 
7efe8cf52000-7efe8cf53000 ---p 00000000 00:00 0 
7efe8cf53000-7efe8d054000 rw-p 00000000 00:00 0 
7efe8d054000-7efe8d055000 ---p 00000000 00:00 0 
7efe8d055000-7efe8d156000 rw-p 00000000 00:00 0 
7efe8d156000-7efe8d157000 ---p 00000000 00:00 0 
7efe8d157000-7efe8d258000 rw-p 00000000 00:00 0 
7efe8d258000-7efe8d259000 ---p 00000000 00:00 0 
7efe8d259000-7efe8d35a000 rw-p 00000000 00:00 0 
7efe8d35a000-7efe8d35b000 ---p 00000000 00:00 0 
7efe8d35b000-7efe8d9c5000 rw-p 00000000 00:00 0 
7efe8d9c5000-7efe8d9c6000 ---p 00000000 00:00 0 
7efe8d9c6000-7efe8dac7000 rw-p 00000000 00:00 0 
7efe8dac7000-7efe8dac8000 ---p 00000000 00:00 0 
7efe8dac8000-7efe8dbc9000 rw-p 00000000 00:00 0 
7efe8dbc9000-7efe8dbca000 ---p 00000000 00:00 0 
7efe8dbca000-7efe8dccb000 rw-p 00000000 00:00 0 
7efe8dccb000-7efe8dccc000 ---p 00000000 00:00 0 
7efe8dccc000-7efe8ddcd000 rw-p 00000000 00:00 0 
7efe8ddcd000-7efe8ddce000 ---p 00000000 00:00 0 
7efe8ddce000-7efe8decf000 rw-p 00000000 00:00 0 
7efe8decf000-7efe8ded0000 ---p 00000000 00:00 0 
7efe8ded0000-7efe8dfd1000 rw-p 00000000 00:00 0 
7efe8dfd1000-7efe8dfd2000 ---p 00000000 00:00 0 
7efe8dfd2000-7efe8e0d3000 rw-p 00000000 00:00 0 
7efe8e0d3000-7efe8e0d4000 ---p 00000000 00:00 0 
7efe8e0d4000-7efe8e1d5000 rw-p 00000000 00:00 0 
7efe8e1d5000-7efe8e1d6000 ---p 00000000 00:00 0 
7efe8e1d6000-7efe8e2d7000 rw-p 00000000 00:00 0 
7efe8e2d7000-7efe8e2d8000 ---p 00000000 00:00 0 
7efe8e2d8000-7efe8e3d9000 rw-p 00000000 00:00 0 
7efe8e3d9000-7efe8e3da000 ---p 00000000 00:00 0 
7efe8e3da000-7efe8e4db000 rw-p 00000000 00:00 0 
7efe8e4db000-7efe8e4dc000 ---p 00000000 00:00 0 
7efe8e4dc000-7efe8e5dd000 rw-p 00000000 00:00 0 
7efe8e5dd000-7efe8e5de000 ---p 00000000 00:00 0 
7efe8e5de000-7efe8e6df000 rw-p 00000000 00:00 0 
7efe8e6df000-7efe8e6e0000 ---p 00000000 00:00 0 
7efe8e6e0000-7efe8e7e1000 rw-p 00000000 00:00 0 
7efe8e7e1000-7efe8e7e2000 ---p 00000000 00:00 0 
7efe8e7e2000-7efe8e8e3000 rw-p 00000000 00:00 0 
7efe8e8e3000-7efe8e8e4000 ---p 00000000 00:00 0 
7efe8e8e4000-7efe8e9e5000 rw-p 00000000 00:00 0 
7efe8e9e5000-7efe8e9e6000 ---p 00000000 00:00 0 
7efe8e9e6000-7efe8eae7000 rw-p 00000000 00:00 0 
7efe8eae7000-7efe8eae8000 ---p 00000000 00:00 0 
7efe8eae8000-7efe8ebe9000 rw-p 00000000 00:00 0 
7efe8ebe9000-7efe8ebea000 ---p 00000000 00:00 0 
7efe8ebea000-7efe8eceb000 rw-p 00000000 00:00 0 
7efe8eceb000-7efe8ecec000 ---p 00000000 00:00 0 
7efe8ecec000-7efe8eded000 rw-p 00000000 00:00 0 
7efe8eded000-7efe8edee000 ---p 00000000 00:00 0 
7efe8edee000-7efe90000000 rw-p 00000000 00:00 0 
7efe90000000-7efe90021000 rw-p 00000000 00:00 0 
7efe90021000-7efe94000000 ---p 00000000 00:00 0 
7efe94000000-7efe94021000 rw-p 00000000 00:00 0 
7efe94021000-7efe98000000 ---p 00000000 00:00 0 
7efe98000000-7efe98021000 rw-p 00000000 00:00 0 
7efe98021000-7efe9c000000 ---p 00000000 00:00 0 
7efe9c000000-7efe9c021000 rw-p 00000000 00:00 0 
7efe9c021000-7efea0000000 ---p 00000000 00:00 0 
7efea0000000-7efea0021000 rw-p 00000000 00:00 0 
7efea0021000-7efea4000000 ---p 00000000 00:00 0 
7efea4000000-7efea4021000 rw-p 00000000 00:00 0 
7efea4021000-7efea8000000 ---p 00000000 00:00 0 
7efea8000000-7efea8021000 rw-p 00000000 00:00 0 
7efea8021000-7efeac000000 ---p 00000000 00:00 0 
7efeac000000-7efeac021000 rw-p 00000000 00:00 0 
7efeac021000-7efeb0000000 ---p 00000000 00:00 0 
7efeb0000000-7efeb0021000 rw-p 00000000 00:00 0 
7efeb0021000-7efeb4000000 ---p 00000000 00:00 0 
7efeb4000000-7efeb4021000 rw-p 00000000 00:00 0 
7efeb4021000-7efeb8000000 ---p 00000000 00:00 0 
7efeb8000000-7efeb8021000 rw-p 00000000 00:00 0 
7efeb8021000-7efebc000000 ---p 00000000 00:00 0 
7efebc000000-7efebc021000 rw-p 00000000 00:00 0 
7efebc021000-7efec0000000 ---p 00000000 00:00 0 
7efec0000000-7efec0021000 rw-p 00000000 00:00 0 
7efec0021000-7efec4000000 ---p 00000000 00:00 0 
7efec4000000-7efec4021000 rw-p 00000000 00:00 0 
7efec4021000-7efec8000000 ---p 00000000 00:00 0 
7efec8000000-7efec8021000 rw-p 00000000 00:00 0 
7efec8021000-7efecc000000 ---p 00000000 00:00 0 
7efecc000000-7efecc021000 rw-p 00000000 00:00 0 
7efecc021000-7efed0000000 ---p 00000000 00:00 0 
7efed0000000-7efed0021000 rw-p 00000000 00:00 0 
7efed0021000-7efed4000000 ---p 00000000 00:00 0 
7efed4000000-7efed4021000 rw-p 00000000 00:00 0 
7efed4021000-7efed8000000 ---p 00000000 00:00 0 
7efed8000000-7efed8021000 rw-p 00000000 00:00 0 
7efed8021000-7efedc000000 ---p 00000000 00:00 0 
7efedc019000-7efedc31c000 rw-p 00000000 00:00 0 
7efedc31c000-7efedc31d000 ---p 00000000 00:00 0 
7efedc31d000-7efedc41e000 rw-p 00000000 00:00 0 
7efedc41e000-7efedc41f000 ---p 00000000 00:00 0 
7efedc41f000-7efedc520000 rw-p 00000000 00:00 0 
7efedc520000-7efedc521000 ---p 00000000 00:00 0 
7efedc521000-7efedc622000 rw-p 00000000 00:00 0 
7efedc622000-7efedc623000 ---p 00000000 00:00 0 
7efedc623000-7efedc724000 rw-p 00000000 00:00 0 
7efedc724000-7efedc725000 ---p 00000000 00:00 0 
7efedc725000-7efedc826000 rw-p 00000000 00:00 0 
7efedc826000-7efedc827000 ---p 00000000 00:00 0 
7efedc827000-7efedc928000 rw-p 00000000 00:00 0 
7efedc928000-7efedc929000 ---p 00000000 00:00 0 
7efedc929000-7efedca2a000 rw-p 00000000 00:00 0 
7efedca2a000-7efedca2b000 ---p 00000000 00:00 0 
7efedca2b000-7efedcb2c000 rw-p 00000000 00:00 0 
7efedcb2c000-7efedcb2d000 ---p 00000000 00:00 0 
7efedcb2d000-7efedcc2e000 rw-p 00000000 00:00 0 
7efedcc2e000-7efedcc2f000 ---p 00000000 00:00 0 
7efedcc2f000-7efedcd30000 rw-p 00000000 00:00 0 
7efedcd30000-7efedcd31000 ---p 00000000 00:00 0 
7efedcd31000-7efedce32000 rw-p 00000000 00:00 0 
7efedce32000-7efedce33000 ---p 00000000 00:00 0 
7efedce33000-7efedcf34000 rw-p 00000000 00:00 0 
7efedcf34000-7efedcf35000 ---p 00000000 00:00 0 
7efedcf35000-7efedd036000 rw-p 00000000 00:00 0 
7efedd036000-7efedd037000 ---p 00000000 00:00 0 
7efedd037000-7efedd138000 rw-p 00000000 00:00 0 
7efedd138000-7efedd139000 ---p 00000000 00:00 0 
7efedd139000-7efedd23a000 rw-p 00000000 00:00 0 
7efedd23a000-7efedd23b000 ---p 00000000 00:00 0 
7efedd23b000-7efedd33c000 rw-p 00000000 00:00 0 
7efedd33c000-7efedd33d000 ---p 00000000 00:00 0 
7efedd33d000-7efedd43e000 rw-p 00000000 00:00 0 
7efedd43e000-7efedd43f000 ---p 00000000 00:00 0 
7efedd43f000-7efedd540000 rw-p 00000000 00:00 0 
7efedd540000-7efedd541000 ---p 00000000 00:00 0 
7efedd541000-7efedd642000 rw-p 00000000 00:00 0 
7efedd642000-7efedd643000 ---p 00000000 00:00 0 
7efedd643000-7efedd749000 rw-p 00000000 00:00 0 
7efedd749000-7efedd82d000 ---p 00000000 00:00 0 
7efedd82d000-7efedd832000 rw-p 00000000 00:00 0 
7efedd832000-7efedd916000 ---p 00000000 00:00 0 
7efedd916000-7efeddbe6000 rwxp 00000000 00:00 0 
7efeddbe6000-7efede054000 ---p 00000000 00:00 0 
7efede054000-7efede2c4000 rwxp 00000000 00:00 0 
7efede2c4000-7efee54b5000 ---p 00000000 00:00 0 
7efee54b5000-7efee5725000 rwxp 00000000 00:00 0 
7efee5725000-7efeec916000 ---p 00000000 00:00 0 
7efeec916000-7efeec966000 rw-p 00000000 00:00 0 
7efeec966000-7efeecb43000 r--s 03e31000 00:65 101727669                  /usr/local/java/jdk1.8.0_301/jre/lib/rt.jar
7efeecb43000-7efef8000000 r--s 00000000 00:65 77077560                   /root/oracle/jdk-9.0.4/lib/modules
7efef8000000-7efef8411000 rw-p 00000000 00:00 0 
7efef8411000-7efefc000000 ---p 00000000 00:00 0 
7efefc002000-7efefc008000 rw-p 00000000 00:00 0 
7efefc008000-7efefc011000 ---p 00000000 00:00 0 
7efefc011000-7efefc02b000 r-xp 00000000 00:65 77077435                   /root/oracle/jdk-9.0.4/lib/libjimage.so
7efefc02b000-7efefc22a000 ---p 0001a000 00:65 77077435                   /root/oracle/jdk-9.0.4/lib/libjimage.so
7efefc22a000-7efefc22c000 rw-p 00019000 00:65 77077435                   /root/oracle/jdk-9.0.4/lib/libjimage.so
7efefc22c000-7efefc23e000 rw-p 00000000 00:00 0 
7efefc23e000-7efefc245000 r-xp 00000000 00:65 77083131                   /root/oracle/jdk-9.0.4/lib/libzip.so
7efefc245000-7efefc444000 ---p 00007000 00:65 77083131                   /root/oracle/jdk-9.0.4/lib/libzip.so
7efefc444000-7efefc445000 rw-p 00006000 00:65 77083131                   /root/oracle/jdk-9.0.4/lib/libzip.so
7efefc445000-7efefc448000 r--p 00000000 00:65 165034530                  /usr/lib/x86_64-linux-gnu/libnss_files-2.31.so
7efefc448000-7efefc44f000 r-xp 00003000 00:65 165034530                  /usr/lib/x86_64-linux-gnu/libnss_files-2.31.so
7efefc44f000-7efefc451000 r--p 0000a000 00:65 165034530                  /usr/lib/x86_64-linux-gnu/libnss_files-2.31.so
7efefc451000-7efefc452000 r--p 0000b000 00:65 165034530                  /usr/lib/x86_64-linux-gnu/libnss_files-2.31.so
7efefc452000-7efefc453000 rw-p 0000c000 00:65 165034530                  /usr/lib/x86_64-linux-gnu/libnss_files-2.31.so
7efefc453000-7efefc459000 rw-p 00000000 00:00 0 
7efefc461000-7efefc462000 rw-p 00000000 00:00 0 
7efefc462000-7efefc48d000 r-xp 00000000 00:65 77077470                   /root/oracle/jdk-9.0.4/lib/libjava.so
7efefc48d000-7efefc68c000 ---p 0002b000 00:65 77077470                   /root/oracle/jdk-9.0.4/lib/libjava.so
7efefc68c000-7efefc68e000 rw-p 0002a000 00:65 77077470                   /root/oracle/jdk-9.0.4/lib/libjava.so
7efefc68e000-7efefc69b000 r-xp 00000000 00:65 77077494                   /root/oracle/jdk-9.0.4/lib/libverify.so
7efefc69b000-7efefc89a000 ---p 0000d000 00:65 77077494                   /root/oracle/jdk-9.0.4/lib/libverify.so
7efefc89a000-7efefc89c000 rw-p 0000c000 00:65 77077494                   /root/oracle/jdk-9.0.4/lib/libverify.so
7efefc89c000-7efefc89f000 r--p 00000000 00:65 165034636                  /usr/lib/x86_64-linux-gnu/librt-2.31.so
7efefc89f000-7efefc8a3000 r-xp 00003000 00:65 165034636                  /usr/lib/x86_64-linux-gnu/librt-2.31.so
7efefc8a3000-7efefc8a4000 r--p 00007000 00:65 165034636                  /usr/lib/x86_64-linux-gnu/librt-2.31.so
7efefc8a4000-7efefc8a5000 ---p 00008000 00:65 165034636                  /usr/lib/x86_64-linux-gnu/librt-2.31.so
7efefc8a5000-7efefc8a6000 r--p 00008000 00:65 165034636                  /usr/lib/x86_64-linux-gnu/librt-2.31.so
7efefc8a6000-7efefc8a7000 rw-p 00009000 00:65 165034636                  /usr/lib/x86_64-linux-gnu/librt-2.31.so
7efefc8a7000-7efefc8a8000 ---p 00000000 00:00 0 
7efefc8a8000-7efefc8a9000 rw-p 00000000 00:00 0 
7efefc8a9000-7efefc8ad000 ---p 00000000 00:00 0 
7efefc8ad000-7efefc9a8000 rw-p 00000000 00:00 0 
7efefc9a8000-7efefc9b7000 r--p 00000000 00:65 165034468                  /usr/lib/x86_64-linux-gnu/libm-2.31.so
7efefc9b7000-7efefca5e000 r-xp 0000f000 00:65 165034468                  /usr/lib/x86_64-linux-gnu/libm-2.31.so
7efefca5e000-7efefcaf5000 r--p 000b6000 00:65 165034468                  /usr/lib/x86_64-linux-gnu/libm-2.31.so
7efefcaf5000-7efefcaf6000 r--p 0014c000 00:65 165034468                  /usr/lib/x86_64-linux-gnu/libm-2.31.so
7efefcaf6000-7efefcaf7000 rw-p 0014d000 00:65 165034468                  /usr/lib/x86_64-linux-gnu/libm-2.31.so
7efefcaf7000-7efefdb0c000 r-xp 00000000 00:65 77083135                   /root/oracle/jdk-9.0.4/lib/server/libjvm.so
7efefdb0c000-7efefdd0b000 ---p 01015000 00:65 77083135                   /root/oracle/jdk-9.0.4/lib/server/libjvm.so
7efefdd0b000-7efefdddc000 r--p 01014000 00:65 77083135                   /root/oracle/jdk-9.0.4/lib/server/libjvm.so
7efefdddc000-7efefde13000 rw-p 010e5000 00:65 77083135                   /root/oracle/jdk-9.0.4/lib/server/libjvm.so
7efefde13000-7efefde7e000 rw-p 00000000 00:00 0 
7efefde7e000-7efefdea3000 r--p 00000000 00:65 165034165                  /usr/lib/x86_64-linux-gnu/libc-2.31.so
7efefdea3000-7efefe01b000 r-xp 00025000 00:65 165034165                  /usr/lib/x86_64-linux-gnu/libc-2.31.so
7efefe01b000-7efefe065000 r--p 0019d000 00:65 165034165                  /usr/lib/x86_64-linux-gnu/libc-2.31.so
7efefe065000-7efefe066000 ---p 001e7000 00:65 165034165                  /usr/lib/x86_64-linux-gnu/libc-2.31.so
7efefe066000-7efefe069000 r--p 001e7000 00:65 165034165                  /usr/lib/x86_64-linux-gnu/libc-2.31.so
7efefe069000-7efefe06c000 rw-p 001ea000 00:65 165034165                  /usr/lib/x86_64-linux-gnu/libc-2.31.so
7efefe06c000-7efefe070000 rw-p 00000000 00:00 0 
7efefe070000-7efefe071000 r--p 00000000 00:65 165034236                  /usr/lib/x86_64-linux-gnu/libdl-2.31.so
7efefe071000-7efefe073000 r-xp 00001000 00:65 165034236                  /usr/lib/x86_64-linux-gnu/libdl-2.31.so
7efefe073000-7efefe074000 r--p 00003000 00:65 165034236                  /usr/lib/x86_64-linux-gnu/libdl-2.31.so
7efefe074000-7efefe075000 r--p 00003000 00:65 165034236                  /usr/lib/x86_64-linux-gnu/libdl-2.31.so
7efefe075000-7efefe076000 rw-p 00004000 00:65 165034236                  /usr/lib/x86_64-linux-gnu/libdl-2.31.so
7efefe076000-7efefe084000 r-xp 00000000 00:65 77083142                   /root/oracle/jdk-9.0.4/lib/jli/libjli.so
7efefe084000-7efefe284000 ---p 0000e000 00:65 77083142                   /root/oracle/jdk-9.0.4/lib/jli/libjli.so
7efefe284000-7efefe285000 rw-p 0000e000 00:65 77083142                   /root/oracle/jdk-9.0.4/lib/jli/libjli.so
7efefe285000-7efefe28c000 r--p 00000000 00:65 165034610                  /usr/lib/x86_64-linux-gnu/libpthread-2.31.so
7efefe28c000-7efefe29d000 r-xp 00007000 00:65 165034610                  /usr/lib/x86_64-linux-gnu/libpthread-2.31.so
7efefe29d000-7efefe2a2000 r--p 00018000 00:65 165034610                  /usr/lib/x86_64-linux-gnu/libpthread-2.31.so
7efefe2a2000-7efefe2a3000 r--p 0001c000 00:65 165034610                  /usr/lib/x86_64-linux-gnu/libpthread-2.31.so
7efefe2a3000-7efefe2a4000 rw-p 0001d000 00:65 165034610                  /usr/lib/x86_64-linux-gnu/libpthread-2.31.so
7efefe2a4000-7efefe2a8000 rw-p 00000000 00:00 0 
7efefe2a8000-7efefe2aa000 r--p 00000000 00:65 165034796                  /usr/lib/x86_64-linux-gnu/libz.so.1.2.11
7efefe2aa000-7efefe2bb000 r-xp 00002000 00:65 165034796                  /usr/lib/x86_64-linux-gnu/libz.so.1.2.11
7efefe2bb000-7efefe2c1000 r--p 00013000 00:65 165034796                  /usr/lib/x86_64-linux-gnu/libz.so.1.2.11
7efefe2c1000-7efefe2c2000 ---p 00019000 00:65 165034796                  /usr/lib/x86_64-linux-gnu/libz.so.1.2.11
7efefe2c2000-7efefe2c3000 r--p 00019000 00:65 165034796                  /usr/lib/x86_64-linux-gnu/libz.so.1.2.11
7efefe2c3000-7efefe2c4000 rw-p 0001a000 00:65 165034796                  /usr/lib/x86_64-linux-gnu/libz.so.1.2.11
7efefe2c4000-7efefe2cc000 rw-s 00000000 00:65 71965686                   /tmp/hsperfdata_root/31423
7efefe2cc000-7efefe2cf000 rw-p 00000000 00:00 0 
7efefe2cf000-7efefe2d0000 r--p 00000000 00:65 165033992                  /usr/lib/x86_64-linux-gnu/ld-2.31.so
7efefe2d0000-7efefe2f3000 r-xp 00001000 00:65 165033992                  /usr/lib/x86_64-linux-gnu/ld-2.31.so
7efefe2f3000-7efefe2fb000 r--p 00024000 00:65 165033992                  /usr/lib/x86_64-linux-gnu/ld-2.31.so
7efefe2fb000-7efefe2fc000 r--p 00000000 00:00 0 
7efefe2fc000-7efefe2fd000 r--p 0002c000 00:65 165033992                  /usr/lib/x86_64-linux-gnu/ld-2.31.so
7efefe2fd000-7efefe2fe000 rw-p 0002d000 00:65 165033992                  /usr/lib/x86_64-linux-gnu/ld-2.31.so
7efefe2fe000-7efefe2ff000 rw-p 00000000 00:00 0 
7ffe626fc000-7ffe6271d000 rw-p 00000000 00:00 0                          [stack]
7ffe6279c000-7ffe6279f000 r--p 00000000 00:00 0                          [vvar]
7ffe6279f000-7ffe627a0000 r-xp 00000000 00:00 0                          [vdso]
ffffffffff600000-ffffffffff601000 --xp 00000000 00:00 0                  [vsyscall]

VM Arguments:
jvm_args: -Xbootclasspath/a:/usr/local/java/jdk1.8.0_301/jre/lib/rt.jar -Xverify:none 
java_command: org.eclipse.core.runtime.adaptor.EclipseStarter -debug
java_class_path (initial): ./sootOutput/eclipse/
Launcher Type: SUN_STANDARD

Logging:
Log output configuration:
#0: stdout all=warning uptime,level,tags
#1: stderr all=off uptime,level,tags

Environment Variables:
JAVA_HOME=/root/oracle/jdk-9.0.4
JRE_HOME=/root/oracle/jdk-9.0.4
CLASSPATH=.:/root/oracle/jdk-9.0.4/lib:/JVMfuzzing/htm/CFSynthesis/resource/commons-lang3-3.12.0/commons-lang3-3.12.0.jar
PATH=/root/oracle/jdk-9.0.4/bin:/root/.vscode-server/bin/da76f93349a72022ca4670c1b84860304616aaa2/bin/remote-cli:/root/oracle/jdk-9.0.4/bin:/usr/local/sbin:/usr/local/bin:/usr/sbin:/usr/bin:/sbin:/bin:/usr/games:/usr/local/games:/snap/bin
SHELL=/bin/bash

Signal Handlers:
SIGSEGV: [libjvm.so+0xd4d370], sa_mask[0]=11111111011111111101111111111110, sa_flags=SA_RESTART|SA_SIGINFO
SIGBUS: [libjvm.so+0xd4d370], sa_mask[0]=11111111011111111101111111111110, sa_flags=SA_RESTART|SA_SIGINFO
SIGFPE: [libjvm.so+0xd4d370], sa_mask[0]=11111111011111111101111111111110, sa_flags=SA_RESTART|SA_SIGINFO
SIGPIPE: [libjvm.so+0xb64780], sa_mask[0]=11111111011111111101111111111110, sa_flags=SA_RESTART|SA_SIGINFO
SIGXFSZ: [libjvm.so+0xb64780], sa_mask[0]=11111111011111111101111111111110, sa_flags=SA_RESTART|SA_SIGINFO
SIGILL: [libjvm.so+0xd4d370], sa_mask[0]=11111111011111111101111111111110, sa_flags=SA_RESTART|SA_SIGINFO
SIGUSR2: [libjvm.so+0xb64640], sa_mask[0]=00100000000000000000000000000000, sa_flags=SA_RESTART|SA_SIGINFO
SIGHUP: [libjvm.so+0xb64850], sa_mask[0]=11111111011111111101111111111110, sa_flags=SA_RESTART|SA_SIGINFO
SIGINT: [libjvm.so+0xb64850], sa_mask[0]=11111111011111111101111111111110, sa_flags=SA_RESTART|SA_SIGINFO
SIGTERM: [libjvm.so+0xb64850], sa_mask[0]=11111111011111111101111111111110, sa_flags=SA_RESTART|SA_SIGINFO
SIGQUIT: [libjvm.so+0xb64850], sa_mask[0]=11111111011111111101111111111110, sa_flags=SA_RESTART|SA_SIGINFO


---------------  S Y S T E M  ---------------

OS:DISTRIB_ID=Ubuntu
DISTRIB_RELEASE=20.04
DISTRIB_CODENAME=focal
DISTRIB_DESCRIPTION="Ubuntu 20.04.3 LTS"
uname:Linux 5.4.0-124-generic #140~18.04.1-Ubuntu SMP Fri Aug 5 11:43:34 UTC 2022 x86_64
libc:glibc 2.31 NPTL 2.31 
rlimit: STACK 8192k, CORE infinity, NPROC infinity, NOFILE 1048576, AS infinity
load average:43.70 41.48 39.75

/proc/meminfo:
MemTotal:       65549624 kB
MemFree:         5743236 kB
MemAvailable:   32821916 kB
Buffers:         5872940 kB
Cached:          3698532 kB
SwapCached:         8092 kB
Active:         33155148 kB
Inactive:        6458224 kB
Active(anon):   26044732 kB
Inactive(anon):  4018444 kB
Active(file):    7110416 kB
Inactive(file):  2439780 kB
Unevictable:          16 kB
Mlocked:              16 kB
SwapTotal:       2097148 kB
SwapFree:              0 kB
Dirty:             28956 kB
Writeback:             0 kB
AnonPages:      30033836 kB
Mapped:           837248 kB
Shmem:             25608 kB
KReclaimable:   18260408 kB
Slab:           19430160 kB
SReclaimable:   18260408 kB
SUnreclaim:      1169752 kB
KernelStack:       79384 kB
PageTables:       241732 kB
NFS_Unstable:          0 kB
Bounce:                0 kB
WritebackTmp:          0 kB
CommitLimit:    34871960 kB
Committed_AS:   86078660 kB
VmallocTotal:   34359738367 kB
VmallocUsed:      162136 kB
VmallocChunk:          0 kB
Percpu:            32512 kB
HardwareCorrupted:     0 kB
AnonHugePages:         0 kB
ShmemHugePages:        0 kB
ShmemPmdMapped:        0 kB
FileHugePages:         0 kB
FilePmdMapped:         0 kB
CmaTotal:              0 kB
CmaFree:               0 kB
HugePages_Total:       0
HugePages_Free:        0
HugePages_Rsvd:        0
HugePages_Surp:        0
Hugepagesize:       2048 kB
Hugetlb:               0 kB
DirectMap4k:    15497632 kB
DirectMap2M:    51298304 kB
DirectMap1G:           0 kB


CPU:total 28 (initial active 28) (14 cores per cpu, 2 threads per core) family 6 model 85 stepping 4, cmov, cx8, fxsr, mmx, sse, sse2, sse3, ssse3, sse4.1, sse4.2, popcnt, avx, avx2, aes, clmul, erms, rtm, 3dnowpref, lzcnt, ht, tsc, tscinvbit, bmi1, bmi2, adx, fma
CPU Model and flags from /proc/cpuinfo:
model name	: Intel(R) Core(TM) i9-9940X CPU @ 3.30GHz
flags		: fpu vme de pse tsc msr pae mce cx8 apic sep mtrr pge mca cmov pat pse36 clflush dts acpi mmx fxsr sse sse2 ss ht tm pbe syscall nx pdpe1gb rdtscp lm constant_tsc art arch_perfmon pebs bts rep_good nopl xtopology nonstop_tsc cpuid aperfmperf pni pclmulqdq dtes64 monitor ds_cpl vmx est tm2 ssse3 sdbg fma cx16 xtpr pdcm pcid dca sse4_1 sse4_2 x2apic movbe popcnt tsc_deadline_timer aes xsave avx f16c rdrand lahf_lm abm 3dnowprefetch cpuid_fault epb cat_l3 cdp_l3 invpcid_single pti ssbd mba ibrs ibpb stibp tpr_shadow vnmi flexpriority ept vpid ept_ad fsgsbase tsc_adjust bmi1 hle avx2 smep bmi2 erms invpcid rtm cqm mpx rdt_a avx512f avx512dq rdseed adx smap clflushopt clwb intel_pt avx512cd avx512bw avx512vl xsaveopt xsavec xgetbv1 xsaves cqm_llc cqm_occup_llc cqm_mbm_total cqm_mbm_local dtherm ida arat pln pts hwp hwp_act_window hwp_epp hwp_pkg_req md_clear flush_l1d arch_capabilities

Memory: 4k page, physical 65549624k(5743236k free), swap 2097148k(0k free)

vm_info: Java HotSpot(TM) 64-Bit Server VM (9.0.4+11) for linux-amd64 JRE (9.0.4+11), built on Dec 19 2017 18:12:19 by "mach5one" with gcc 4.9.2

END.
