#
# A fatal error has been detected by the Java Runtime Environment:
#
#  SIGSEGV (0xb) at pc=0x00007f9d07dc4199, pid=2144, tid=2208
#
# JRE version: Java(TM) SE Runtime Environment (9.0+11) (build 9.0.4+11)
# Java VM: Java HotSpot(TM) 64-Bit Server VM (9.0.4+11, mixed mode, tiered, compressed oops, g1 gc, linux-amd64)
# Problematic frame:
# V  [libjvm.so+0x4a8199]  GraphBuilder::arithmetic_op(ValueType*, Bytecodes::Code, ValueStack*)+0xc9
#
# Core dump will be written. Default location: Core dumps may be processed with "/usr/share/apport/apport -p%p -s%s -c%c -d%d -P%P -u%u -g%g -- %E" (or dumping to /JVMfuzzing/zjy/classming/Fuzzing-Testing-of-JVM-Implementations/core.2144)
#
# If you would like to submit a bug report, please visit:
#   http://bugreport.java.com/bugreport/crash.jsp
#

---------------  S U M M A R Y ------------

Command Line: -Xbootclasspath/a:/usr/local/java/jdk1.8.0_301/jre/lib/rt.jar -Xverify:none org.apache.batik.apps.rasterizer.Main

Host: Intel(R) Core(TM) i9-9940X CPU @ 3.30GHz, 28 cores, 62G, Ubuntu 20.04.3 LTS
Time: Thu Nov  3 07:51:09 2022 UTC elapsed time: 1 seconds (0d 0h 0m 1s)

---------------  T H R E A D  ---------------

Current thread (0x00007f9d002bf800):  JavaThread "C1 CompilerThread10" daemon [_thread_in_native, id=2208, stack(0x00007f9bc7dfe000,0x00007f9bc7eff000)]


Current CompileTask:
C1:   1859  442 %     3       org.apache.batik.apps.rasterizer.Main::main @ 68 (5767 bytes)

Stack: [0x00007f9bc7dfe000,0x00007f9bc7eff000],  sp=0x00007f9bc7efd1d0,  free space=1020k
Native frames: (J=compiled Java code, A=aot compiled Java code, j=interpreted, Vv=VM code, C=native code)
V  [libjvm.so+0x4a8199]  GraphBuilder::arithmetic_op(ValueType*, Bytecodes::Code, ValueStack*)+0xc9
V  [libjvm.so+0x4b0143]  GraphBuilder::iterate_bytecodes_for_block(int)+0x753
V  [libjvm.so+0x4b1ad5]  GraphBuilder::iterate_all_blocks(bool)+0x85
V  [libjvm.so+0x4b1ec9]  GraphBuilder::GraphBuilder(Compilation*, IRScope*)+0x389
V  [libjvm.so+0x4b70a8]  IR::IR(Compilation*, ciMethod*, int)+0x1e8
V  [libjvm.so+0x497832]  Compilation::build_hir() [clone .part.93]+0x162
V  [libjvm.so+0x499633]  Compilation::compile_java_method()+0x3c3
V  [libjvm.so+0x4997af]  Compilation::compile_method()+0x12f
V  [libjvm.so+0x499c31]  Compilation::Compilation(AbstractCompiler*, ciEnv*, ciMethod*, int, BufferBlob*, DirectiveSet*)+0x271
V  [libjvm.so+0x49ac1e]  Compiler::compile_method(ciEnv*, ciMethod*, int, DirectiveSet*)+0xae
V  [libjvm.so+0x6125ac]  CompileBroker::invoke_compiler_on_method(CompileTask*)+0x41c
V  [libjvm.so+0x61344b]  CompileBroker::compiler_thread_loop()+0x28b
V  [libjvm.so+0xcef338]  JavaThread::thread_main_inner()+0xd8
V  [libjvm.so+0xb6e132]  thread_native_entry(Thread*)+0xf2
C  [libpthread.so.0+0x9609]  start_thread+0xd9


siginfo: si_signo: 11 (SIGSEGV), si_code: 1 (SEGV_MAPERR), si_addr: 0x0000000000000018

Register to memory mapping:

RAX=0x0000000000001f61 is an unknown value
RBX=0x00007f9bc7efd460 is pointing into the stack for thread: 0x00007f9d002bf800
RCX=0x00007f9bc7efd800 is pointing into the stack for thread: 0x00007f9d002bf800
RDX=0x00007f9bd408ea00 is an unknown value
RSP=0x00007f9bc7efd1d0 is pointing into the stack for thread: 0x00007f9d002bf800
RBP=0x00007f9bc7efd220 is pointing into the stack for thread: 0x00007f9d002bf800
RSI=0x00007f9bd408e960 is an unknown value
RDI=0x00007f9d08c00fe0: <offset 0x00000000012e4fe0> in /root/oracle/jdk-9.0.4/lib/server/libjvm.so at 0x00007f9d0791c000
R8 =0x00007f9bd0124d70 is an unknown value
R9 =0x00000000000000fe is an unknown value
R10=0x0000000000000080 is an unknown value
R11=0x0000000000000000 is an unknown value
R12=0x00007f9bcc000d50 is an unknown value
R13=0x00007f9bd408e980 is an unknown value
R14=0x0000000000000000 is an unknown value
R15=0x00007f9bd408ea00 is an unknown value


Registers:
RAX=0x0000000000001f61, RBX=0x00007f9bc7efd460, RCX=0x00007f9bc7efd800, RDX=0x00007f9bd408ea00
RSP=0x00007f9bc7efd1d0, RBP=0x00007f9bc7efd220, RSI=0x00007f9bd408e960, RDI=0x00007f9d08c00fe0
R8 =0x00007f9bd0124d70, R9 =0x00000000000000fe, R10=0x0000000000000080, R11=0x0000000000000000
R12=0x00007f9bcc000d50, R13=0x00007f9bd408e980, R14=0x0000000000000000, R15=0x00007f9bd408ea00
RIP=0x00007f9d07dc4199, EFLAGS=0x0000000000010293, CSGSFS=0x002b000000000033, ERR=0x0000000000000004
  TRAPNO=0x000000000000000e

Top of Stack: (sp=0x00007f9bc7efd1d0)
0x00007f9bc7efd1d0:   00007f9d08b33cd0 00007f9bc7efd800
0x00007f9bc7efd1e0:   0000000000000000 0000000000000060
0x00007f9bc7efd1f0:   00007f9bc7efd220 0000000000000000
0x00007f9bc7efd200:   0000000000000000 0000000000000000 

Instructions: (pc=0x00007f9d07dc4199)
0x00007f9d07dc4179:   77 20 0f 87 2f 01 00 00 49 89 77 18 49 89 d7 8b
0x00007f9d07dc4189:   41 08 8d 70 01 89 71 08 41 89 47 08 49 8b 75 18
0x00007f9d07dc4199:   49 8b 7e 18 e8 4e b9 08 00 48 8d 0d 97 64 e1 00
0x00007f9d07dc41a9:   49 89 47 18 4c 89 ff 48 8d 05 d9 bb e7 00 41 c7 


---------------  P R O C E S S  ---------------

Java Threads: ( => current thread )
  0x00007f9d00359000 JavaThread "Service Thread" daemon [_thread_blocked, id=2212, stack(0x00007f9bc75d2000,0x00007f9bc76d3000)]
  0x00007f9d002d2000 JavaThread "Common-Cleaner" daemon [_thread_blocked, id=2211, stack(0x00007f9bc76d3000,0x00007f9bc77d4000)]
  0x00007f9d002c3000 JavaThread "Sweeper thread" daemon [_thread_blocked, id=2210, stack(0x00007f9bc7bfc000,0x00007f9bc7cfd000)]
  0x00007f9d002c1800 JavaThread "C1 CompilerThread11" daemon [_thread_blocked, id=2209, stack(0x00007f9bc7cfd000,0x00007f9bc7dfe000)]
=>0x00007f9d002bf800 JavaThread "C1 CompilerThread10" daemon [_thread_in_native, id=2208, stack(0x00007f9bc7dfe000,0x00007f9bc7eff000)]
  0x00007f9d002bd800 JavaThread "C1 CompilerThread9" daemon [_thread_blocked, id=2207, stack(0x00007f9bc7eff000,0x00007f9bc8000000)]
  0x00007f9d002bc000 JavaThread "C1 CompilerThread8" daemon [_thread_blocked, id=2206, stack(0x00007f9c00072000,0x00007f9c00173000)]
  0x00007f9d002ba000 JavaThread "C2 CompilerThread7" daemon [_thread_blocked, id=2205, stack(0x00007f9c00173000,0x00007f9c00274000)]
  0x00007f9d002b8800 JavaThread "C2 CompilerThread6" daemon [_thread_blocked, id=2204, stack(0x00007f9c00274000,0x00007f9c00375000)]
  0x00007f9d002b6800 JavaThread "C2 CompilerThread5" daemon [_thread_blocked, id=2203, stack(0x00007f9c00375000,0x00007f9c00476000)]
  0x00007f9d002b5000 JavaThread "C2 CompilerThread4" daemon [_thread_blocked, id=2202, stack(0x00007f9c00476000,0x00007f9c00577000)]
  0x00007f9d002b3000 JavaThread "C2 CompilerThread3" daemon [_thread_blocked, id=2201, stack(0x00007f9c00577000,0x00007f9c00678000)]
  0x00007f9d002b1000 JavaThread "C2 CompilerThread2" daemon [_thread_blocked, id=2200, stack(0x00007f9c00678000,0x00007f9c00779000)]
  0x00007f9d002af000 JavaThread "C2 CompilerThread1" daemon [_thread_blocked, id=2199, stack(0x00007f9c00779000,0x00007f9c0087a000)]
  0x00007f9d002ad000 JavaThread "C2 CompilerThread0" daemon [_thread_blocked, id=2198, stack(0x00007f9c0087a000,0x00007f9c0097b000)]
  0x00007f9d002ab000 JavaThread "Signal Dispatcher" daemon [_thread_blocked, id=2197, stack(0x00007f9c0097b000,0x00007f9c00a7c000)]
  0x00007f9d00291000 JavaThread "Finalizer" daemon [_thread_blocked, id=2196, stack(0x00007f9c00a7c000,0x00007f9c00b7d000)]
  0x00007f9d00288800 JavaThread "Reference Handler" daemon [_thread_blocked, id=2195, stack(0x00007f9c00b7d000,0x00007f9c00c7e000)]
  0x00007f9d00011800 JavaThread "main" [_thread_in_Java, id=2146, stack(0x00007f9d076ce000,0x00007f9d077cd000)]

Other Threads:
  0x00007f9d00281000 VMThread "VM Thread" [stack: 0x00007f9c00c80000,0x00007f9c00d80000] [id=2194]
  0x00007f9d0035c000 WatcherThread [stack: 0x00007f9bc74d2000,0x00007f9bc75d2000] [id=2213]
  0x00007f9d00034000 GCTaskThread "GC Thread#0" [stack: 0x00007f9d06928000,0x00007f9d06a28000] [id=2147]
  0x00007f9d00035800 GCTaskThread "GC Thread#1" [stack: 0x00007f9d06826000,0x00007f9d06926000] [id=2148]
  0x00007f9d00037000 GCTaskThread "GC Thread#2" [stack: 0x00007f9d06724000,0x00007f9d06824000] [id=2149]
  0x00007f9d00039000 GCTaskThread "GC Thread#3" [stack: 0x00007f9d06622000,0x00007f9d06722000] [id=2150]
  0x00007f9d0003a800 GCTaskThread "GC Thread#4" [stack: 0x00007f9d06520000,0x00007f9d06620000] [id=2151]
  0x00007f9d0003c800 GCTaskThread "GC Thread#5" [stack: 0x00007f9d0641e000,0x00007f9d0651e000] [id=2152]
  0x00007f9d0003e000 GCTaskThread "GC Thread#6" [stack: 0x00007f9d0631c000,0x00007f9d0641c000] [id=2153]
  0x00007f9d0003f800 GCTaskThread "GC Thread#7" [stack: 0x00007f9d0621a000,0x00007f9d0631a000] [id=2154]
  0x00007f9d00041800 GCTaskThread "GC Thread#8" [stack: 0x00007f9d06118000,0x00007f9d06218000] [id=2155]
  0x00007f9d00043000 GCTaskThread "GC Thread#9" [stack: 0x00007f9d06016000,0x00007f9d06116000] [id=2156]
  0x00007f9d00045000 GCTaskThread "GC Thread#10" [stack: 0x00007f9d05f14000,0x00007f9d06014000] [id=2157]
  0x00007f9d00046800 GCTaskThread "GC Thread#11" [stack: 0x00007f9d05e12000,0x00007f9d05f12000] [id=2158]
  0x00007f9d00048800 GCTaskThread "GC Thread#12" [stack: 0x00007f9d05d10000,0x00007f9d05e10000] [id=2159]
  0x00007f9d0004a000 GCTaskThread "GC Thread#13" [stack: 0x00007f9d05c0e000,0x00007f9d05d0e000] [id=2160]
  0x00007f9d0004c000 GCTaskThread "GC Thread#14" [stack: 0x00007f9d05b0c000,0x00007f9d05c0c000] [id=2161]
  0x00007f9d0004d800 GCTaskThread "GC Thread#15" [stack: 0x00007f9d05a0a000,0x00007f9d05b0a000] [id=2162]
  0x00007f9d0004f800 GCTaskThread "GC Thread#16" [stack: 0x00007f9d05908000,0x00007f9d05a08000] [id=2163]
  0x00007f9d00051000 GCTaskThread "GC Thread#17" [stack: 0x00007f9d05806000,0x00007f9d05906000] [id=2164]
  0x00007f9d00052800 GCTaskThread "GC Thread#18" [stack: 0x00007f9d05704000,0x00007f9d05804000] [id=2165]
  0x00007f9d00054800 GCTaskThread "GC Thread#19" [stack: 0x00007f9d05602000,0x00007f9d05702000] [id=2166]
  0x00007f9d0009f800 ConcurrentGCThread "G1 Main Marker" [stack: 0x00007f9ce4130000,0x00007f9ce4230000] [id=2188]
  0x00007f9d000a1000 ConcurrentGCThread "G1 Marker#0" [stack: 0x00007f9ce402e000,0x00007f9ce412e000] [id=2189]
  0x00007f9d000a3000 ConcurrentGCThread "G1 Marker#1" [stack: 0x00007f9c18dd8000,0x00007f9c18ed8000] [id=2190]
  0x00007f9d000a4800 ConcurrentGCThread "G1 Marker#2" [stack: 0x00007f9c18cd6000,0x00007f9c18dd6000] [id=2191]
  0x00007f9d000a6800 ConcurrentGCThread "G1 Marker#3" [stack: 0x00007f9c18bd4000,0x00007f9c18cd4000] [id=2192]
  0x00007f9d000a8000 ConcurrentGCThread "G1 Marker#4" [stack: 0x00007f9c18ad2000,0x00007f9c18bd2000] [id=2193]
  0x00007f9d00078800 ConcurrentGCThread "G1 Refine#0" [stack: 0x00007f9ce481f000,0x00007f9ce491f000] [id=2186]
  0x00007f9d00077000 ConcurrentGCThread "G1 Refine#1" [stack: 0x00007f9ce4921000,0x00007f9ce4a21000] [id=2185]
  0x00007f9d00075000 ConcurrentGCThread "G1 Refine#2" [stack: 0x00007f9ce4a23000,0x00007f9ce4b23000] [id=2184]
  0x00007f9d00073800 ConcurrentGCThread "G1 Refine#3" [stack: 0x00007f9ce4b25000,0x00007f9ce4c25000] [id=2183]
  0x00007f9d00071800 ConcurrentGCThread "G1 Refine#4" [stack: 0x00007f9ce4c27000,0x00007f9ce4d27000] [id=2182]
  0x00007f9d00070000 ConcurrentGCThread "G1 Refine#5" [stack: 0x00007f9ce4d29000,0x00007f9ce4e29000] [id=2181]
  0x00007f9d0006e000 ConcurrentGCThread "G1 Refine#6" [stack: 0x00007f9ce4e2b000,0x00007f9ce4f2b000] [id=2180]
  0x00007f9d0006c800 ConcurrentGCThread "G1 Refine#7" [stack: 0x00007f9ce4f2d000,0x00007f9ce502d000] [id=2179]
  0x00007f9d0006a800 ConcurrentGCThread "G1 Refine#8" [stack: 0x00007f9ce502f000,0x00007f9ce512f000] [id=2178]
  0x00007f9d00069000 ConcurrentGCThread "G1 Refine#9" [stack: 0x00007f9ce5131000,0x00007f9ce5231000] [id=2177]
  0x00007f9d00067000 ConcurrentGCThread "G1 Refine#10" [stack: 0x00007f9ce5233000,0x00007f9ce5333000] [id=2176]
  0x00007f9d00065000 ConcurrentGCThread "G1 Refine#11" [stack: 0x00007f9ce5335000,0x00007f9ce5435000] [id=2175]
  0x00007f9d00063800 ConcurrentGCThread "G1 Refine#12" [stack: 0x00007f9ce5437000,0x00007f9ce5537000] [id=2174]
  0x00007f9d00061800 ConcurrentGCThread "G1 Refine#13" [stack: 0x00007f9ce5539000,0x00007f9ce5639000] [id=2173]
  0x00007f9d00060000 ConcurrentGCThread "G1 Refine#14" [stack: 0x00007f9ce563b000,0x00007f9ce573b000] [id=2172]
  0x00007f9d0005e000 ConcurrentGCThread "G1 Refine#15" [stack: 0x00007f9ce573d000,0x00007f9ce583d000] [id=2171]
  0x00007f9d0005c800 ConcurrentGCThread "G1 Refine#16" [stack: 0x00007f9ce583f000,0x00007f9ce593f000] [id=2170]
  0x00007f9d0005a800 ConcurrentGCThread "G1 Refine#17" [stack: 0x00007f9ce5941000,0x00007f9ce5a41000] [id=2169]
  0x00007f9d00059000 ConcurrentGCThread "G1 Refine#18" [stack: 0x00007f9ce5a43000,0x00007f9ce5b43000] [id=2168]
  0x00007f9d00057000 ConcurrentGCThread "G1 Refine#19" [stack: 0x00007f9d040ec000,0x00007f9d041ec000] [id=2167]
  0x00007f9d0007a800 ConcurrentGCThread "G1 Young RemSet Sampling" [stack: 0x00007f9ce471d000,0x00007f9ce481d000] [id=2187]

Threads with active compile tasks:
C1 CompilerThread10 442 %     3       org.apache.batik.apps.rasterizer.Main::main @ 68 (5767 bytes)

VM state:not at safepoint (normal execution)

VM Mutex/Monitor currently owned by a thread: None

Heap address: 0x00000003d7c00000, size: 16004 MB, Compressed Oops mode: Zero based, Oop shift amount: 3
Narrow klass base: 0x0000000000000000, Narrow klass shift: 3
Compressed class space size: 1073741824 Address: 0x00000007c0000000

Heap:
 garbage-first heap   total 1028096K, used 7477K [0x00000003d7c00000, 0x00000003d80007d8, 0x00000007c0000000)
  region size 4096K, 3 young (12288K), 1 survivors (4096K)
 Metaspace       used 6538K, capacity 6674K, committed 6784K, reserved 1056768K
  class space    used 564K, capacity 611K, committed 640K, reserved 1048576K
Heap Regions: E=young(eden), S=young(survivor), O=old, HS=humongous(starts), HC=humongous(continues), CS=collection set, F=free, A=archive, TS=gc time stamp, AC=allocation context, TAMS=top-at-mark-start (previous, next)
|   0|0x00000003d7c00000, 0x00000003d7c00000, 0x00000003d8000000|  0%| F|  |TS  0|AC  0|TAMS 0x00000003d7c00000, 0x00000003d7c00000|
|   1|0x00000003d8000000, 0x00000003d8000000, 0x00000003d8400000|  0%| F|  |TS  0|AC  0|TAMS 0x00000003d8000000, 0x00000003d8000000|
|   2|0x00000003d8400000, 0x00000003d8400000, 0x00000003d8800000|  0%| F|  |TS  0|AC  0|TAMS 0x00000003d8400000, 0x00000003d8400000|
|   3|0x00000003d8800000, 0x00000003d8800000, 0x00000003d8c00000|  0%| F|  |TS  0|AC  0|TAMS 0x00000003d8800000, 0x00000003d8800000|
|   4|0x00000003d8c00000, 0x00000003d8c00000, 0x00000003d9000000|  0%| F|  |TS  0|AC  0|TAMS 0x00000003d8c00000, 0x00000003d8c00000|
|   5|0x00000003d9000000, 0x00000003d9000000, 0x00000003d9400000|  0%| F|  |TS  0|AC  0|TAMS 0x00000003d9000000, 0x00000003d9000000|
|   6|0x00000003d9400000, 0x00000003d9400000, 0x00000003d9800000|  0%| F|  |TS  0|AC  0|TAMS 0x00000003d9400000, 0x00000003d9400000|
|   7|0x00000003d9800000, 0x00000003d9800000, 0x00000003d9c00000|  0%| F|  |TS  0|AC  0|TAMS 0x00000003d9800000, 0x00000003d9800000|
|   8|0x00000003d9c00000, 0x00000003d9c00000, 0x00000003da000000|  0%| F|  |TS  0|AC  0|TAMS 0x00000003d9c00000, 0x00000003d9c00000|
|   9|0x00000003da000000, 0x00000003da000000, 0x00000003da400000|  0%| F|  |TS  0|AC  0|TAMS 0x00000003da000000, 0x00000003da000000|
|  10|0x00000003da400000, 0x00000003da400000, 0x00000003da800000|  0%| F|  |TS  0|AC  0|TAMS 0x00000003da400000, 0x00000003da400000|
|  11|0x00000003da800000, 0x00000003da800000, 0x00000003dac00000|  0%| F|  |TS  0|AC  0|TAMS 0x00000003da800000, 0x00000003da800000|
|  12|0x00000003dac00000, 0x00000003dac00000, 0x00000003db000000|  0%| F|  |TS  0|AC  0|TAMS 0x00000003dac00000, 0x00000003dac00000|
|  13|0x00000003db000000, 0x00000003db000000, 0x00000003db400000|  0%| F|  |TS  0|AC  0|TAMS 0x00000003db000000, 0x00000003db000000|
|  14|0x00000003db400000, 0x00000003db400000, 0x00000003db800000|  0%| F|  |TS  0|AC  0|TAMS 0x00000003db400000, 0x00000003db400000|
|  15|0x00000003db800000, 0x00000003db800000, 0x00000003dbc00000|  0%| F|  |TS  0|AC  0|TAMS 0x00000003db800000, 0x00000003db800000|
|  16|0x00000003dbc00000, 0x00000003dbc00000, 0x00000003dc000000|  0%| F|  |TS  0|AC  0|TAMS 0x00000003dbc00000, 0x00000003dbc00000|
|  17|0x00000003dc000000, 0x00000003dc000000, 0x00000003dc400000|  0%| F|  |TS  0|AC  0|TAMS 0x00000003dc000000, 0x00000003dc000000|
|  18|0x00000003dc400000, 0x00000003dc400000, 0x00000003dc800000|  0%| F|  |TS  0|AC  0|TAMS 0x00000003dc400000, 0x00000003dc400000|
|  19|0x00000003dc800000, 0x00000003dc800000, 0x00000003dcc00000|  0%| F|  |TS  0|AC  0|TAMS 0x00000003dc800000, 0x00000003dc800000|
|  20|0x00000003dcc00000, 0x00000003dcc00000, 0x00000003dd000000|  0%| F|  |TS  0|AC  0|TAMS 0x00000003dcc00000, 0x00000003dcc00000|
|  21|0x00000003dd000000, 0x00000003dd000000, 0x00000003dd400000|  0%| F|  |TS  0|AC  0|TAMS 0x00000003dd000000, 0x00000003dd000000|
|  22|0x00000003dd400000, 0x00000003dd400000, 0x00000003dd800000|  0%| F|  |TS  0|AC  0|TAMS 0x00000003dd400000, 0x00000003dd400000|
|  23|0x00000003dd800000, 0x00000003dd800000, 0x00000003ddc00000|  0%| F|  |TS  0|AC  0|TAMS 0x00000003dd800000, 0x00000003dd800000|
|  24|0x00000003ddc00000, 0x00000003ddc00000, 0x00000003de000000|  0%| F|  |TS  0|AC  0|TAMS 0x00000003ddc00000, 0x00000003ddc00000|
|  25|0x00000003de000000, 0x00000003de000000, 0x00000003de400000|  0%| F|  |TS  0|AC  0|TAMS 0x00000003de000000, 0x00000003de000000|
|  26|0x00000003de400000, 0x00000003de400000, 0x00000003de800000|  0%| F|  |TS  0|AC  0|TAMS 0x00000003de400000, 0x00000003de400000|
|  27|0x00000003de800000, 0x00000003de800000, 0x00000003dec00000|  0%| F|  |TS  0|AC  0|TAMS 0x00000003de800000, 0x00000003de800000|
|  28|0x00000003dec00000, 0x00000003dec00000, 0x00000003df000000|  0%| F|  |TS  0|AC  0|TAMS 0x00000003dec00000, 0x00000003dec00000|
|  29|0x00000003df000000, 0x00000003df000000, 0x00000003df400000|  0%| F|  |TS  0|AC  0|TAMS 0x00000003df000000, 0x00000003df000000|
|  30|0x00000003df400000, 0x00000003df400000, 0x00000003df800000|  0%| F|  |TS  0|AC  0|TAMS 0x00000003df400000, 0x00000003df400000|
|  31|0x00000003df800000, 0x00000003df800000, 0x00000003dfc00000|  0%| F|  |TS  0|AC  0|TAMS 0x00000003df800000, 0x00000003df800000|
|  32|0x00000003dfc00000, 0x00000003dfc00000, 0x00000003e0000000|  0%| F|  |TS  0|AC  0|TAMS 0x00000003dfc00000, 0x00000003dfc00000|
|  33|0x00000003e0000000, 0x00000003e0000000, 0x00000003e0400000|  0%| F|  |TS  0|AC  0|TAMS 0x00000003e0000000, 0x00000003e0000000|
|  34|0x00000003e0400000, 0x00000003e0400000, 0x00000003e0800000|  0%| F|  |TS  0|AC  0|TAMS 0x00000003e0400000, 0x00000003e0400000|
|  35|0x00000003e0800000, 0x00000003e0800000, 0x00000003e0c00000|  0%| F|  |TS  0|AC  0|TAMS 0x00000003e0800000, 0x00000003e0800000|
|  36|0x00000003e0c00000, 0x00000003e0c00000, 0x00000003e1000000|  0%| F|  |TS  0|AC  0|TAMS 0x00000003e0c00000, 0x00000003e0c00000|
|  37|0x00000003e1000000, 0x00000003e1000000, 0x00000003e1400000|  0%| F|  |TS  0|AC  0|TAMS 0x00000003e1000000, 0x00000003e1000000|
|  38|0x00000003e1400000, 0x00000003e1400000, 0x00000003e1800000|  0%| F|  |TS  0|AC  0|TAMS 0x00000003e1400000, 0x00000003e1400000|
|  39|0x00000003e1800000, 0x00000003e1800000, 0x00000003e1c00000|  0%| F|  |TS  0|AC  0|TAMS 0x00000003e1800000, 0x00000003e1800000|
|  40|0x00000003e1c00000, 0x00000003e1c00000, 0x00000003e2000000|  0%| F|  |TS  0|AC  0|TAMS 0x00000003e1c00000, 0x00000003e1c00000|
|  41|0x00000003e2000000, 0x00000003e2000000, 0x00000003e2400000|  0%| F|  |TS  0|AC  0|TAMS 0x00000003e2000000, 0x00000003e2000000|
|  42|0x00000003e2400000, 0x00000003e2400000, 0x00000003e2800000|  0%| F|  |TS  0|AC  0|TAMS 0x00000003e2400000, 0x00000003e2400000|
|  43|0x00000003e2800000, 0x00000003e2800000, 0x00000003e2c00000|  0%| F|  |TS  0|AC  0|TAMS 0x00000003e2800000, 0x00000003e2800000|
|  44|0x00000003e2c00000, 0x00000003e2c00000, 0x00000003e3000000|  0%| F|  |TS  0|AC  0|TAMS 0x00000003e2c00000, 0x00000003e2c00000|
|  45|0x00000003e3000000, 0x00000003e3000000, 0x00000003e3400000|  0%| F|  |TS  0|AC  0|TAMS 0x00000003e3000000, 0x00000003e3000000|
|  46|0x00000003e3400000, 0x00000003e3400000, 0x00000003e3800000|  0%| F|  |TS  0|AC  0|TAMS 0x00000003e3400000, 0x00000003e3400000|
|  47|0x00000003e3800000, 0x00000003e3800000, 0x00000003e3c00000|  0%| F|  |TS  0|AC  0|TAMS 0x00000003e3800000, 0x00000003e3800000|
|  48|0x00000003e3c00000, 0x00000003e3c00000, 0x00000003e4000000|  0%| F|  |TS  0|AC  0|TAMS 0x00000003e3c00000, 0x00000003e3c00000|
|  49|0x00000003e4000000, 0x00000003e4000000, 0x00000003e4400000|  0%| F|  |TS  0|AC  0|TAMS 0x00000003e4000000, 0x00000003e4000000|
|  50|0x00000003e4400000, 0x00000003e4400000, 0x00000003e4800000|  0%| F|  |TS  0|AC  0|TAMS 0x00000003e4400000, 0x00000003e4400000|
|  51|0x00000003e4800000, 0x00000003e4800000, 0x00000003e4c00000|  0%| F|  |TS  0|AC  0|TAMS 0x00000003e4800000, 0x00000003e4800000|
|  52|0x00000003e4c00000, 0x00000003e4c00000, 0x00000003e5000000|  0%| F|  |TS  0|AC  0|TAMS 0x00000003e4c00000, 0x00000003e4c00000|
|  53|0x00000003e5000000, 0x00000003e5000000, 0x00000003e5400000|  0%| F|  |TS  0|AC  0|TAMS 0x00000003e5000000, 0x00000003e5000000|
|  54|0x00000003e5400000, 0x00000003e5400000, 0x00000003e5800000|  0%| F|  |TS  0|AC  0|TAMS 0x00000003e5400000, 0x00000003e5400000|
|  55|0x00000003e5800000, 0x00000003e5800000, 0x00000003e5c00000|  0%| F|  |TS  0|AC  0|TAMS 0x00000003e5800000, 0x00000003e5800000|
|  56|0x00000003e5c00000, 0x00000003e5c00000, 0x00000003e6000000|  0%| F|  |TS  0|AC  0|TAMS 0x00000003e5c00000, 0x00000003e5c00000|
|  57|0x00000003e6000000, 0x00000003e6000000, 0x00000003e6400000|  0%| F|  |TS  0|AC  0|TAMS 0x00000003e6000000, 0x00000003e6000000|
|  58|0x00000003e6400000, 0x00000003e6400000, 0x00000003e6800000|  0%| F|  |TS  0|AC  0|TAMS 0x00000003e6400000, 0x00000003e6400000|
|  59|0x00000003e6800000, 0x00000003e6800000, 0x00000003e6c00000|  0%| F|  |TS  0|AC  0|TAMS 0x00000003e6800000, 0x00000003e6800000|
|  60|0x00000003e6c00000, 0x00000003e6c00000, 0x00000003e7000000|  0%| F|  |TS  0|AC  0|TAMS 0x00000003e6c00000, 0x00000003e6c00000|
|  61|0x00000003e7000000, 0x00000003e7000000, 0x00000003e7400000|  0%| F|  |TS  0|AC  0|TAMS 0x00000003e7000000, 0x00000003e7000000|
|  62|0x00000003e7400000, 0x00000003e7400000, 0x00000003e7800000|  0%| F|  |TS  0|AC  0|TAMS 0x00000003e7400000, 0x00000003e7400000|
|  63|0x00000003e7800000, 0x00000003e7800000, 0x00000003e7c00000|  0%| F|  |TS  0|AC  0|TAMS 0x00000003e7800000, 0x00000003e7800000|
|  64|0x00000003e7c00000, 0x00000003e7c00000, 0x00000003e8000000|  0%| F|  |TS  0|AC  0|TAMS 0x00000003e7c00000, 0x00000003e7c00000|
|  65|0x00000003e8000000, 0x00000003e8000000, 0x00000003e8400000|  0%| F|  |TS  0|AC  0|TAMS 0x00000003e8000000, 0x00000003e8000000|
|  66|0x00000003e8400000, 0x00000003e8400000, 0x00000003e8800000|  0%| F|  |TS  0|AC  0|TAMS 0x00000003e8400000, 0x00000003e8400000|
|  67|0x00000003e8800000, 0x00000003e8800000, 0x00000003e8c00000|  0%| F|  |TS  0|AC  0|TAMS 0x00000003e8800000, 0x00000003e8800000|
|  68|0x00000003e8c00000, 0x00000003e8c00000, 0x00000003e9000000|  0%| F|  |TS  0|AC  0|TAMS 0x00000003e8c00000, 0x00000003e8c00000|
|  69|0x00000003e9000000, 0x00000003e9000000, 0x00000003e9400000|  0%| F|  |TS  0|AC  0|TAMS 0x00000003e9000000, 0x00000003e9000000|
|  70|0x00000003e9400000, 0x00000003e9400000, 0x00000003e9800000|  0%| F|  |TS  0|AC  0|TAMS 0x00000003e9400000, 0x00000003e9400000|
|  71|0x00000003e9800000, 0x00000003e9800000, 0x00000003e9c00000|  0%| F|  |TS  0|AC  0|TAMS 0x00000003e9800000, 0x00000003e9800000|
|  72|0x00000003e9c00000, 0x00000003e9c00000, 0x00000003ea000000|  0%| F|  |TS  0|AC  0|TAMS 0x00000003e9c00000, 0x00000003e9c00000|
|  73|0x00000003ea000000, 0x00000003ea000000, 0x00000003ea400000|  0%| F|  |TS  0|AC  0|TAMS 0x00000003ea000000, 0x00000003ea000000|
|  74|0x00000003ea400000, 0x00000003ea400000, 0x00000003ea800000|  0%| F|  |TS  0|AC  0|TAMS 0x00000003ea400000, 0x00000003ea400000|
|  75|0x00000003ea800000, 0x00000003ea800000, 0x00000003eac00000|  0%| F|  |TS  0|AC  0|TAMS 0x00000003ea800000, 0x00000003ea800000|
|  76|0x00000003eac00000, 0x00000003eac00000, 0x00000003eb000000|  0%| F|  |TS  0|AC  0|TAMS 0x00000003eac00000, 0x00000003eac00000|
|  77|0x00000003eb000000, 0x00000003eb000000, 0x00000003eb400000|  0%| F|  |TS  0|AC  0|TAMS 0x00000003eb000000, 0x00000003eb000000|
|  78|0x00000003eb400000, 0x00000003eb400000, 0x00000003eb800000|  0%| F|  |TS  0|AC  0|TAMS 0x00000003eb400000, 0x00000003eb400000|
|  79|0x00000003eb800000, 0x00000003eb800000, 0x00000003ebc00000|  0%| F|  |TS  0|AC  0|TAMS 0x00000003eb800000, 0x00000003eb800000|
|  80|0x00000003ebc00000, 0x00000003ebc00000, 0x00000003ec000000|  0%| F|  |TS  0|AC  0|TAMS 0x00000003ebc00000, 0x00000003ebc00000|
|  81|0x00000003ec000000, 0x00000003ec000000, 0x00000003ec400000|  0%| F|  |TS  0|AC  0|TAMS 0x00000003ec000000, 0x00000003ec000000|
|  82|0x00000003ec400000, 0x00000003ec400000, 0x00000003ec800000|  0%| F|  |TS  0|AC  0|TAMS 0x00000003ec400000, 0x00000003ec400000|
|  83|0x00000003ec800000, 0x00000003ec800000, 0x00000003ecc00000|  0%| F|  |TS  0|AC  0|TAMS 0x00000003ec800000, 0x00000003ec800000|
|  84|0x00000003ecc00000, 0x00000003ecc00000, 0x00000003ed000000|  0%| F|  |TS  0|AC  0|TAMS 0x00000003ecc00000, 0x00000003ecc00000|
|  85|0x00000003ed000000, 0x00000003ed000000, 0x00000003ed400000|  0%| F|  |TS  0|AC  0|TAMS 0x00000003ed000000, 0x00000003ed000000|
|  86|0x00000003ed400000, 0x00000003ed400000, 0x00000003ed800000|  0%| F|  |TS  0|AC  0|TAMS 0x00000003ed400000, 0x00000003ed400000|
|  87|0x00000003ed800000, 0x00000003ed800000, 0x00000003edc00000|  0%| F|  |TS  0|AC  0|TAMS 0x00000003ed800000, 0x00000003ed800000|
|  88|0x00000003edc00000, 0x00000003edc00000, 0x00000003ee000000|  0%| F|  |TS  0|AC  0|TAMS 0x00000003edc00000, 0x00000003edc00000|
|  89|0x00000003ee000000, 0x00000003ee000000, 0x00000003ee400000|  0%| F|  |TS  0|AC  0|TAMS 0x00000003ee000000, 0x00000003ee000000|
|  90|0x00000003ee400000, 0x00000003ee400000, 0x00000003ee800000|  0%| F|  |TS  0|AC  0|TAMS 0x00000003ee400000, 0x00000003ee400000|
|  91|0x00000003ee800000, 0x00000003ee800000, 0x00000003eec00000|  0%| F|  |TS  0|AC  0|TAMS 0x00000003ee800000, 0x00000003ee800000|
|  92|0x00000003eec00000, 0x00000003eec00000, 0x00000003ef000000|  0%| F|  |TS  0|AC  0|TAMS 0x00000003eec00000, 0x00000003eec00000|
|  93|0x00000003ef000000, 0x00000003ef000000, 0x00000003ef400000|  0%| F|  |TS  0|AC  0|TAMS 0x00000003ef000000, 0x00000003ef000000|
|  94|0x00000003ef400000, 0x00000003ef400000, 0x00000003ef800000|  0%| F|  |TS  0|AC  0|TAMS 0x00000003ef400000, 0x00000003ef400000|
|  95|0x00000003ef800000, 0x00000003ef800000, 0x00000003efc00000|  0%| F|  |TS  0|AC  0|TAMS 0x00000003ef800000, 0x00000003ef800000|
|  96|0x00000003efc00000, 0x00000003efc00000, 0x00000003f0000000|  0%| F|  |TS  0|AC  0|TAMS 0x00000003efc00000, 0x00000003efc00000|
|  97|0x00000003f0000000, 0x00000003f0000000, 0x00000003f0400000|  0%| F|  |TS  0|AC  0|TAMS 0x00000003f0000000, 0x00000003f0000000|
|  98|0x00000003f0400000, 0x00000003f0400000, 0x00000003f0800000|  0%| F|  |TS  0|AC  0|TAMS 0x00000003f0400000, 0x00000003f0400000|
|  99|0x00000003f0800000, 0x00000003f0800000, 0x00000003f0c00000|  0%| F|  |TS  0|AC  0|TAMS 0x00000003f0800000, 0x00000003f0800000|
| 100|0x00000003f0c00000, 0x00000003f0c00000, 0x00000003f1000000|  0%| F|  |TS  0|AC  0|TAMS 0x00000003f0c00000, 0x00000003f0c00000|
| 101|0x00000003f1000000, 0x00000003f1000000, 0x00000003f1400000|  0%| F|  |TS  0|AC  0|TAMS 0x00000003f1000000, 0x00000003f1000000|
| 102|0x00000003f1400000, 0x00000003f1400000, 0x00000003f1800000|  0%| F|  |TS  0|AC  0|TAMS 0x00000003f1400000, 0x00000003f1400000|
| 103|0x00000003f1800000, 0x00000003f1800000, 0x00000003f1c00000|  0%| F|  |TS  0|AC  0|TAMS 0x00000003f1800000, 0x00000003f1800000|
| 104|0x00000003f1c00000, 0x00000003f1c00000, 0x00000003f2000000|  0%| F|  |TS  0|AC  0|TAMS 0x00000003f1c00000, 0x00000003f1c00000|
| 105|0x00000003f2000000, 0x00000003f2000000, 0x00000003f2400000|  0%| F|  |TS  0|AC  0|TAMS 0x00000003f2000000, 0x00000003f2000000|
| 106|0x00000003f2400000, 0x00000003f2400000, 0x00000003f2800000|  0%| F|  |TS  0|AC  0|TAMS 0x00000003f2400000, 0x00000003f2400000|
| 107|0x00000003f2800000, 0x00000003f2800000, 0x00000003f2c00000|  0%| F|  |TS  0|AC  0|TAMS 0x00000003f2800000, 0x00000003f2800000|
| 108|0x00000003f2c00000, 0x00000003f2c00000, 0x00000003f3000000|  0%| F|  |TS  0|AC  0|TAMS 0x00000003f2c00000, 0x00000003f2c00000|
| 109|0x00000003f3000000, 0x00000003f3000000, 0x00000003f3400000|  0%| F|  |TS  0|AC  0|TAMS 0x00000003f3000000, 0x00000003f3000000|
| 110|0x00000003f3400000, 0x00000003f3400000, 0x00000003f3800000|  0%| F|  |TS  0|AC  0|TAMS 0x00000003f3400000, 0x00000003f3400000|
| 111|0x00000003f3800000, 0x00000003f3800000, 0x00000003f3c00000|  0%| F|  |TS  0|AC  0|TAMS 0x00000003f3800000, 0x00000003f3800000|
| 112|0x00000003f3c00000, 0x00000003f3c00000, 0x00000003f4000000|  0%| F|  |TS  0|AC  0|TAMS 0x00000003f3c00000, 0x00000003f3c00000|
| 113|0x00000003f4000000, 0x00000003f4000000, 0x00000003f4400000|  0%| F|  |TS  0|AC  0|TAMS 0x00000003f4000000, 0x00000003f4000000|
| 114|0x00000003f4400000, 0x00000003f4400000, 0x00000003f4800000|  0%| F|  |TS  0|AC  0|TAMS 0x00000003f4400000, 0x00000003f4400000|
| 115|0x00000003f4800000, 0x00000003f4800000, 0x00000003f4c00000|  0%| F|  |TS  0|AC  0|TAMS 0x00000003f4800000, 0x00000003f4800000|
| 116|0x00000003f4c00000, 0x00000003f4c00000, 0x00000003f5000000|  0%| F|  |TS  0|AC  0|TAMS 0x00000003f4c00000, 0x00000003f4c00000|
| 117|0x00000003f5000000, 0x00000003f5000000, 0x00000003f5400000|  0%| F|  |TS  0|AC  0|TAMS 0x00000003f5000000, 0x00000003f5000000|
| 118|0x00000003f5400000, 0x00000003f5400000, 0x00000003f5800000|  0%| F|  |TS  0|AC  0|TAMS 0x00000003f5400000, 0x00000003f5400000|
| 119|0x00000003f5800000, 0x00000003f5800000, 0x00000003f5c00000|  0%| F|  |TS  0|AC  0|TAMS 0x00000003f5800000, 0x00000003f5800000|
| 120|0x00000003f5c00000, 0x00000003f5c00000, 0x00000003f6000000|  0%| F|  |TS  0|AC  0|TAMS 0x00000003f5c00000, 0x00000003f5c00000|
| 121|0x00000003f6000000, 0x00000003f6000000, 0x00000003f6400000|  0%| F|  |TS  0|AC  0|TAMS 0x00000003f6000000, 0x00000003f6000000|
| 122|0x00000003f6400000, 0x00000003f6400000, 0x00000003f6800000|  0%| F|  |TS  0|AC  0|TAMS 0x00000003f6400000, 0x00000003f6400000|
| 123|0x00000003f6800000, 0x00000003f6800000, 0x00000003f6c00000|  0%| F|  |TS  0|AC  0|TAMS 0x00000003f6800000, 0x00000003f6800000|
| 124|0x00000003f6c00000, 0x00000003f6c00000, 0x00000003f7000000|  0%| F|  |TS  0|AC  0|TAMS 0x00000003f6c00000, 0x00000003f6c00000|
| 125|0x00000003f7000000, 0x00000003f7000000, 0x00000003f7400000|  0%| F|  |TS  0|AC  0|TAMS 0x00000003f7000000, 0x00000003f7000000|
| 126|0x00000003f7400000, 0x00000003f7400000, 0x00000003f7800000|  0%| F|  |TS  0|AC  0|TAMS 0x00000003f7400000, 0x00000003f7400000|
| 127|0x00000003f7800000, 0x00000003f7800000, 0x00000003f7c00000|  0%| F|  |TS  0|AC  0|TAMS 0x00000003f7800000, 0x00000003f7800000|
| 128|0x00000003f7c00000, 0x00000003f7c00000, 0x00000003f8000000|  0%| F|  |TS  0|AC  0|TAMS 0x00000003f7c00000, 0x00000003f7c00000|
| 129|0x00000003f8000000, 0x00000003f8000000, 0x00000003f8400000|  0%| F|  |TS  0|AC  0|TAMS 0x00000003f8000000, 0x00000003f8000000|
| 130|0x00000003f8400000, 0x00000003f8400000, 0x00000003f8800000|  0%| F|  |TS  0|AC  0|TAMS 0x00000003f8400000, 0x00000003f8400000|
| 131|0x00000003f8800000, 0x00000003f8800000, 0x00000003f8c00000|  0%| F|  |TS  0|AC  0|TAMS 0x00000003f8800000, 0x00000003f8800000|
| 132|0x00000003f8c00000, 0x00000003f8c00000, 0x00000003f9000000|  0%| F|  |TS  0|AC  0|TAMS 0x00000003f8c00000, 0x00000003f8c00000|
| 133|0x00000003f9000000, 0x00000003f9000000, 0x00000003f9400000|  0%| F|  |TS  0|AC  0|TAMS 0x00000003f9000000, 0x00000003f9000000|
| 134|0x00000003f9400000, 0x00000003f9400000, 0x00000003f9800000|  0%| F|  |TS  0|AC  0|TAMS 0x00000003f9400000, 0x00000003f9400000|
| 135|0x00000003f9800000, 0x00000003f9800000, 0x00000003f9c00000|  0%| F|  |TS  0|AC  0|TAMS 0x00000003f9800000, 0x00000003f9800000|
| 136|0x00000003f9c00000, 0x00000003f9c00000, 0x00000003fa000000|  0%| F|  |TS  0|AC  0|TAMS 0x00000003f9c00000, 0x00000003f9c00000|
| 137|0x00000003fa000000, 0x00000003fa000000, 0x00000003fa400000|  0%| F|  |TS  0|AC  0|TAMS 0x00000003fa000000, 0x00000003fa000000|
| 138|0x00000003fa400000, 0x00000003fa400000, 0x00000003fa800000|  0%| F|  |TS  0|AC  0|TAMS 0x00000003fa400000, 0x00000003fa400000|
| 139|0x00000003fa800000, 0x00000003fa800000, 0x00000003fac00000|  0%| F|  |TS  0|AC  0|TAMS 0x00000003fa800000, 0x00000003fa800000|
| 140|0x00000003fac00000, 0x00000003fac00000, 0x00000003fb000000|  0%| F|  |TS  0|AC  0|TAMS 0x00000003fac00000, 0x00000003fac00000|
| 141|0x00000003fb000000, 0x00000003fb000000, 0x00000003fb400000|  0%| F|  |TS  0|AC  0|TAMS 0x00000003fb000000, 0x00000003fb000000|
| 142|0x00000003fb400000, 0x00000003fb400000, 0x00000003fb800000|  0%| F|  |TS  0|AC  0|TAMS 0x00000003fb400000, 0x00000003fb400000|
| 143|0x00000003fb800000, 0x00000003fb800000, 0x00000003fbc00000|  0%| F|  |TS  0|AC  0|TAMS 0x00000003fb800000, 0x00000003fb800000|
| 144|0x00000003fbc00000, 0x00000003fbc00000, 0x00000003fc000000|  0%| F|  |TS  0|AC  0|TAMS 0x00000003fbc00000, 0x00000003fbc00000|
| 145|0x00000003fc000000, 0x00000003fc000000, 0x00000003fc400000|  0%| F|  |TS  0|AC  0|TAMS 0x00000003fc000000, 0x00000003fc000000|
| 146|0x00000003fc400000, 0x00000003fc400000, 0x00000003fc800000|  0%| F|  |TS  0|AC  0|TAMS 0x00000003fc400000, 0x00000003fc400000|
| 147|0x00000003fc800000, 0x00000003fc800000, 0x00000003fcc00000|  0%| F|  |TS  0|AC  0|TAMS 0x00000003fc800000, 0x00000003fc800000|
| 148|0x00000003fcc00000, 0x00000003fcc00000, 0x00000003fd000000|  0%| F|  |TS  0|AC  0|TAMS 0x00000003fcc00000, 0x00000003fcc00000|
| 149|0x00000003fd000000, 0x00000003fd000000, 0x00000003fd400000|  0%| F|  |TS  0|AC  0|TAMS 0x00000003fd000000, 0x00000003fd000000|
| 150|0x00000003fd400000, 0x00000003fd400000, 0x00000003fd800000|  0%| F|  |TS  0|AC  0|TAMS 0x00000003fd400000, 0x00000003fd400000|
| 151|0x00000003fd800000, 0x00000003fd800000, 0x00000003fdc00000|  0%| F|  |TS  0|AC  0|TAMS 0x00000003fd800000, 0x00000003fd800000|
| 152|0x00000003fdc00000, 0x00000003fdc00000, 0x00000003fe000000|  0%| F|  |TS  0|AC  0|TAMS 0x00000003fdc00000, 0x00000003fdc00000|
| 153|0x00000003fe000000, 0x00000003fe000000, 0x00000003fe400000|  0%| F|  |TS  0|AC  0|TAMS 0x00000003fe000000, 0x00000003fe000000|
| 154|0x00000003fe400000, 0x00000003fe400000, 0x00000003fe800000|  0%| F|  |TS  0|AC  0|TAMS 0x00000003fe400000, 0x00000003fe400000|
| 155|0x00000003fe800000, 0x00000003fe800000, 0x00000003fec00000|  0%| F|  |TS  0|AC  0|TAMS 0x00000003fe800000, 0x00000003fe800000|
| 156|0x00000003fec00000, 0x00000003fec00000, 0x00000003ff000000|  0%| F|  |TS  0|AC  0|TAMS 0x00000003fec00000, 0x00000003fec00000|
| 157|0x00000003ff000000, 0x00000003ff000000, 0x00000003ff400000|  0%| F|  |TS  0|AC  0|TAMS 0x00000003ff000000, 0x00000003ff000000|
| 158|0x00000003ff400000, 0x00000003ff400000, 0x00000003ff800000|  0%| F|  |TS  0|AC  0|TAMS 0x00000003ff400000, 0x00000003ff400000|
| 159|0x00000003ff800000, 0x00000003ff800000, 0x00000003ffc00000|  0%| F|  |TS  0|AC  0|TAMS 0x00000003ff800000, 0x00000003ff800000|
| 160|0x00000003ffc00000, 0x00000003ffc00000, 0x0000000400000000|  0%| F|  |TS  0|AC  0|TAMS 0x00000003ffc00000, 0x00000003ffc00000|
| 161|0x0000000400000000, 0x0000000400000000, 0x0000000400400000|  0%| F|  |TS  0|AC  0|TAMS 0x0000000400000000, 0x0000000400000000|
| 162|0x0000000400400000, 0x0000000400400000, 0x0000000400800000|  0%| F|  |TS  0|AC  0|TAMS 0x0000000400400000, 0x0000000400400000|
| 163|0x0000000400800000, 0x0000000400800000, 0x0000000400c00000|  0%| F|  |TS  0|AC  0|TAMS 0x0000000400800000, 0x0000000400800000|
| 164|0x0000000400c00000, 0x0000000400c00000, 0x0000000401000000|  0%| F|  |TS  0|AC  0|TAMS 0x0000000400c00000, 0x0000000400c00000|
| 165|0x0000000401000000, 0x0000000401000000, 0x0000000401400000|  0%| F|  |TS  0|AC  0|TAMS 0x0000000401000000, 0x0000000401000000|
| 166|0x0000000401400000, 0x0000000401400000, 0x0000000401800000|  0%| F|  |TS  0|AC  0|TAMS 0x0000000401400000, 0x0000000401400000|
| 167|0x0000000401800000, 0x0000000401800000, 0x0000000401c00000|  0%| F|  |TS  0|AC  0|TAMS 0x0000000401800000, 0x0000000401800000|
| 168|0x0000000401c00000, 0x0000000401c00000, 0x0000000402000000|  0%| F|  |TS  0|AC  0|TAMS 0x0000000401c00000, 0x0000000401c00000|
| 169|0x0000000402000000, 0x0000000402000000, 0x0000000402400000|  0%| F|  |TS  0|AC  0|TAMS 0x0000000402000000, 0x0000000402000000|
| 170|0x0000000402400000, 0x0000000402400000, 0x0000000402800000|  0%| F|  |TS  0|AC  0|TAMS 0x0000000402400000, 0x0000000402400000|
| 171|0x0000000402800000, 0x0000000402800000, 0x0000000402c00000|  0%| F|  |TS  0|AC  0|TAMS 0x0000000402800000, 0x0000000402800000|
| 172|0x0000000402c00000, 0x0000000402c00000, 0x0000000403000000|  0%| F|  |TS  0|AC  0|TAMS 0x0000000402c00000, 0x0000000402c00000|
| 173|0x0000000403000000, 0x0000000403000000, 0x0000000403400000|  0%| F|  |TS  0|AC  0|TAMS 0x0000000403000000, 0x0000000403000000|
| 174|0x0000000403400000, 0x0000000403400000, 0x0000000403800000|  0%| F|  |TS  0|AC  0|TAMS 0x0000000403400000, 0x0000000403400000|
| 175|0x0000000403800000, 0x0000000403800000, 0x0000000403c00000|  0%| F|  |TS  0|AC  0|TAMS 0x0000000403800000, 0x0000000403800000|
| 176|0x0000000403c00000, 0x0000000403c00000, 0x0000000404000000|  0%| F|  |TS  0|AC  0|TAMS 0x0000000403c00000, 0x0000000403c00000|
| 177|0x0000000404000000, 0x0000000404000000, 0x0000000404400000|  0%| F|  |TS  0|AC  0|TAMS 0x0000000404000000, 0x0000000404000000|
| 178|0x0000000404400000, 0x0000000404400000, 0x0000000404800000|  0%| F|  |TS  0|AC  0|TAMS 0x0000000404400000, 0x0000000404400000|
| 179|0x0000000404800000, 0x0000000404800000, 0x0000000404c00000|  0%| F|  |TS  0|AC  0|TAMS 0x0000000404800000, 0x0000000404800000|
| 180|0x0000000404c00000, 0x0000000404c00000, 0x0000000405000000|  0%| F|  |TS  0|AC  0|TAMS 0x0000000404c00000, 0x0000000404c00000|
| 181|0x0000000405000000, 0x0000000405000000, 0x0000000405400000|  0%| F|  |TS  0|AC  0|TAMS 0x0000000405000000, 0x0000000405000000|
| 182|0x0000000405400000, 0x0000000405400000, 0x0000000405800000|  0%| F|  |TS  0|AC  0|TAMS 0x0000000405400000, 0x0000000405400000|
| 183|0x0000000405800000, 0x0000000405800000, 0x0000000405c00000|  0%| F|  |TS  0|AC  0|TAMS 0x0000000405800000, 0x0000000405800000|
| 184|0x0000000405c00000, 0x0000000405c00000, 0x0000000406000000|  0%| F|  |TS  0|AC  0|TAMS 0x0000000405c00000, 0x0000000405c00000|
| 185|0x0000000406000000, 0x0000000406000000, 0x0000000406400000|  0%| F|  |TS  0|AC  0|TAMS 0x0000000406000000, 0x0000000406000000|
| 186|0x0000000406400000, 0x0000000406400000, 0x0000000406800000|  0%| F|  |TS  0|AC  0|TAMS 0x0000000406400000, 0x0000000406400000|
| 187|0x0000000406800000, 0x0000000406800000, 0x0000000406c00000|  0%| F|  |TS  0|AC  0|TAMS 0x0000000406800000, 0x0000000406800000|
| 188|0x0000000406c00000, 0x0000000406c00000, 0x0000000407000000|  0%| F|  |TS  0|AC  0|TAMS 0x0000000406c00000, 0x0000000406c00000|
| 189|0x0000000407000000, 0x0000000407000000, 0x0000000407400000|  0%| F|  |TS  0|AC  0|TAMS 0x0000000407000000, 0x0000000407000000|
| 190|0x0000000407400000, 0x0000000407400000, 0x0000000407800000|  0%| F|  |TS  0|AC  0|TAMS 0x0000000407400000, 0x0000000407400000|
| 191|0x0000000407800000, 0x0000000407800000, 0x0000000407c00000|  0%| F|  |TS  0|AC  0|TAMS 0x0000000407800000, 0x0000000407800000|
| 192|0x0000000407c00000, 0x0000000407c00000, 0x0000000408000000|  0%| F|  |TS  0|AC  0|TAMS 0x0000000407c00000, 0x0000000407c00000|
| 193|0x0000000408000000, 0x0000000408000000, 0x0000000408400000|  0%| F|  |TS  0|AC  0|TAMS 0x0000000408000000, 0x0000000408000000|
| 194|0x0000000408400000, 0x0000000408400000, 0x0000000408800000|  0%| F|  |TS  0|AC  0|TAMS 0x0000000408400000, 0x0000000408400000|
| 195|0x0000000408800000, 0x0000000408800000, 0x0000000408c00000|  0%| F|  |TS  0|AC  0|TAMS 0x0000000408800000, 0x0000000408800000|
| 196|0x0000000408c00000, 0x0000000408c00000, 0x0000000409000000|  0%| F|  |TS  0|AC  0|TAMS 0x0000000408c00000, 0x0000000408c00000|
| 197|0x0000000409000000, 0x0000000409000000, 0x0000000409400000|  0%| F|  |TS  0|AC  0|TAMS 0x0000000409000000, 0x0000000409000000|
| 198|0x0000000409400000, 0x0000000409400000, 0x0000000409800000|  0%| F|  |TS  0|AC  0|TAMS 0x0000000409400000, 0x0000000409400000|
| 199|0x0000000409800000, 0x0000000409800000, 0x0000000409c00000|  0%| F|  |TS  0|AC  0|TAMS 0x0000000409800000, 0x0000000409800000|
| 200|0x0000000409c00000, 0x0000000409c00000, 0x000000040a000000|  0%| F|  |TS  0|AC  0|TAMS 0x0000000409c00000, 0x0000000409c00000|
| 201|0x000000040a000000, 0x000000040a000000, 0x000000040a400000|  0%| F|  |TS  0|AC  0|TAMS 0x000000040a000000, 0x000000040a000000|
| 202|0x000000040a400000, 0x000000040a400000, 0x000000040a800000|  0%| F|  |TS  0|AC  0|TAMS 0x000000040a400000, 0x000000040a400000|
| 203|0x000000040a800000, 0x000000040a800000, 0x000000040ac00000|  0%| F|  |TS  0|AC  0|TAMS 0x000000040a800000, 0x000000040a800000|
| 204|0x000000040ac00000, 0x000000040ac00000, 0x000000040b000000|  0%| F|  |TS  0|AC  0|TAMS 0x000000040ac00000, 0x000000040ac00000|
| 205|0x000000040b000000, 0x000000040b000000, 0x000000040b400000|  0%| F|  |TS  0|AC  0|TAMS 0x000000040b000000, 0x000000040b000000|
| 206|0x000000040b400000, 0x000000040b400000, 0x000000040b800000|  0%| F|  |TS  0|AC  0|TAMS 0x000000040b400000, 0x000000040b400000|
| 207|0x000000040b800000, 0x000000040b800000, 0x000000040bc00000|  0%| F|  |TS  0|AC  0|TAMS 0x000000040b800000, 0x000000040b800000|
| 208|0x000000040bc00000, 0x000000040bc00000, 0x000000040c000000|  0%| F|  |TS  0|AC  0|TAMS 0x000000040bc00000, 0x000000040bc00000|
| 209|0x000000040c000000, 0x000000040c000000, 0x000000040c400000|  0%| F|  |TS  0|AC  0|TAMS 0x000000040c000000, 0x000000040c000000|
| 210|0x000000040c400000, 0x000000040c400000, 0x000000040c800000|  0%| F|  |TS  0|AC  0|TAMS 0x000000040c400000, 0x000000040c400000|
| 211|0x000000040c800000, 0x000000040c800000, 0x000000040cc00000|  0%| F|  |TS  0|AC  0|TAMS 0x000000040c800000, 0x000000040c800000|
| 212|0x000000040cc00000, 0x000000040cc00000, 0x000000040d000000|  0%| F|  |TS  0|AC  0|TAMS 0x000000040cc00000, 0x000000040cc00000|
| 213|0x000000040d000000, 0x000000040d000000, 0x000000040d400000|  0%| F|  |TS  0|AC  0|TAMS 0x000000040d000000, 0x000000040d000000|
| 214|0x000000040d400000, 0x000000040d400000, 0x000000040d800000|  0%| F|  |TS  0|AC  0|TAMS 0x000000040d400000, 0x000000040d400000|
| 215|0x000000040d800000, 0x000000040d800000, 0x000000040dc00000|  0%| F|  |TS  0|AC  0|TAMS 0x000000040d800000, 0x000000040d800000|
| 216|0x000000040dc00000, 0x000000040dc00000, 0x000000040e000000|  0%| F|  |TS  0|AC  0|TAMS 0x000000040dc00000, 0x000000040dc00000|
| 217|0x000000040e000000, 0x000000040e000000, 0x000000040e400000|  0%| F|  |TS  0|AC  0|TAMS 0x000000040e000000, 0x000000040e000000|
| 218|0x000000040e400000, 0x000000040e400000, 0x000000040e800000|  0%| F|  |TS  0|AC  0|TAMS 0x000000040e400000, 0x000000040e400000|
| 219|0x000000040e800000, 0x000000040e800000, 0x000000040ec00000|  0%| F|  |TS  0|AC  0|TAMS 0x000000040e800000, 0x000000040e800000|
| 220|0x000000040ec00000, 0x000000040ec00000, 0x000000040f000000|  0%| F|  |TS  0|AC  0|TAMS 0x000000040ec00000, 0x000000040ec00000|
| 221|0x000000040f000000, 0x000000040f000000, 0x000000040f400000|  0%| F|  |TS  0|AC  0|TAMS 0x000000040f000000, 0x000000040f000000|
| 222|0x000000040f400000, 0x000000040f400000, 0x000000040f800000|  0%| F|  |TS  0|AC  0|TAMS 0x000000040f400000, 0x000000040f400000|
| 223|0x000000040f800000, 0x000000040f800000, 0x000000040fc00000|  0%| F|  |TS  0|AC  0|TAMS 0x000000040f800000, 0x000000040f800000|
| 224|0x000000040fc00000, 0x000000040fc00000, 0x0000000410000000|  0%| F|  |TS  0|AC  0|TAMS 0x000000040fc00000, 0x000000040fc00000|
| 225|0x0000000410000000, 0x0000000410000000, 0x0000000410400000|  0%| F|  |TS  0|AC  0|TAMS 0x0000000410000000, 0x0000000410000000|
| 226|0x0000000410400000, 0x0000000410400000, 0x0000000410800000|  0%| F|  |TS  0|AC  0|TAMS 0x0000000410400000, 0x0000000410400000|
| 227|0x0000000410800000, 0x0000000410800000, 0x0000000410c00000|  0%| F|  |TS  0|AC  0|TAMS 0x0000000410800000, 0x0000000410800000|
| 228|0x0000000410c00000, 0x0000000410c00000, 0x0000000411000000|  0%| F|  |TS  0|AC  0|TAMS 0x0000000410c00000, 0x0000000410c00000|
| 229|0x0000000411000000, 0x0000000411000000, 0x0000000411400000|  0%| F|  |TS  0|AC  0|TAMS 0x0000000411000000, 0x0000000411000000|
| 230|0x0000000411400000, 0x0000000411400000, 0x0000000411800000|  0%| F|  |TS  0|AC  0|TAMS 0x0000000411400000, 0x0000000411400000|
| 231|0x0000000411800000, 0x0000000411800000, 0x0000000411c00000|  0%| F|  |TS  0|AC  0|TAMS 0x0000000411800000, 0x0000000411800000|
| 232|0x0000000411c00000, 0x0000000411c00000, 0x0000000412000000|  0%| F|  |TS  0|AC  0|TAMS 0x0000000411c00000, 0x0000000411c00000|
| 233|0x0000000412000000, 0x0000000412000000, 0x0000000412400000|  0%| F|  |TS  0|AC  0|TAMS 0x0000000412000000, 0x0000000412000000|
| 234|0x0000000412400000, 0x0000000412400000, 0x0000000412800000|  0%| F|  |TS  0|AC  0|TAMS 0x0000000412400000, 0x0000000412400000|
| 235|0x0000000412800000, 0x0000000412800000, 0x0000000412c00000|  0%| F|  |TS  0|AC  0|TAMS 0x0000000412800000, 0x0000000412800000|
| 236|0x0000000412c00000, 0x0000000412c00000, 0x0000000413000000|  0%| F|  |TS  0|AC  0|TAMS 0x0000000412c00000, 0x0000000412c00000|
| 237|0x0000000413000000, 0x0000000413000000, 0x0000000413400000|  0%| F|  |TS  0|AC  0|TAMS 0x0000000413000000, 0x0000000413000000|
| 238|0x0000000413400000, 0x000000041374d410, 0x0000000413800000| 82%| S|CS|TS  1|AC  0|TAMS 0x0000000413400000, 0x0000000413400000|
| 239|0x0000000413800000, 0x0000000413800000, 0x0000000413c00000|  0%| F|  |TS  1|AC  0|TAMS 0x0000000413800000, 0x0000000413800000|
| 240|0x0000000413c00000, 0x0000000413c00000, 0x0000000414000000|  0%| F|  |TS  1|AC  0|TAMS 0x0000000413c00000, 0x0000000413c00000|
| 241|0x0000000414000000, 0x0000000414000000, 0x0000000414400000|  0%| F|  |TS  1|AC  0|TAMS 0x0000000414000000, 0x0000000414000000|
| 242|0x0000000414400000, 0x0000000414400000, 0x0000000414800000|  0%| F|  |TS  1|AC  0|TAMS 0x0000000414400000, 0x0000000414400000|
| 243|0x0000000414800000, 0x0000000414800000, 0x0000000414c00000|  0%| F|  |TS  1|AC  0|TAMS 0x0000000414800000, 0x0000000414800000|
| 244|0x0000000414c00000, 0x0000000414c00000, 0x0000000415000000|  0%| F|  |TS  1|AC  0|TAMS 0x0000000414c00000, 0x0000000414c00000|
| 245|0x0000000415000000, 0x0000000415000000, 0x0000000415400000|  0%| F|  |TS  1|AC  0|TAMS 0x0000000415000000, 0x0000000415000000|
| 246|0x0000000415400000, 0x0000000415400000, 0x0000000415800000|  0%| F|  |TS  1|AC  0|TAMS 0x0000000415400000, 0x0000000415400000|
| 247|0x0000000415800000, 0x0000000415800000, 0x0000000415c00000|  0%| F|  |TS  1|AC  0|TAMS 0x0000000415800000, 0x0000000415800000|
| 248|0x0000000415c00000, 0x0000000415c00000, 0x0000000416000000|  0%| F|  |TS  1|AC  0|TAMS 0x0000000415c00000, 0x0000000415c00000|
| 249|0x0000000416000000, 0x0000000416200800, 0x0000000416400000| 50%| E|  |TS  1|AC  0|TAMS 0x0000000416000000, 0x0000000416000000|
| 250|0x0000000416400000, 0x0000000416800000, 0x0000000416800000|100%| E|CS|TS  1|AC  0|TAMS 0x0000000416400000, 0x0000000416400000|

Card table byte_map: [0x00007f9c3a23a000,0x00007f9c3c17c000] byte_map_base: 0x00007f9c3837c000

Marking Bits (Prev, Next): (CMBitMap*) 0x00007f9d0009e800, (CMBitMap*) 0x00007f9d0009e838
 Prev Bits: [0x00007f9c288e8000, 0x00007f9c382f8000)
 Next Bits: [0x00007f9c18ed8000, 0x00007f9c288e8000)

Polling page: 0x00007f9d09120000

CodeHeap 'non-profiled nmethods': size=119172Kb used=221Kb max_used=221Kb free=118950Kb
 bounds [0x00007f9ced6e2000, 0x00007f9ced952000, 0x00007f9cf4b43000]
CodeHeap 'profiled nmethods': size=119172Kb used=583Kb max_used=583Kb free=118588Kb
 bounds [0x00007f9ce6281000, 0x00007f9ce64f1000, 0x00007f9ced6e2000]
CodeHeap 'non-nmethods': size=7416Kb used=2867Kb max_used=2893Kb free=4549Kb
 bounds [0x00007f9ce5b43000, 0x00007f9ce5e23000, 0x00007f9ce6281000]
 total_blobs=934 nmethods=441 adapters=236
 compilation: enabled

Compilation events (10 events):
Event: 0.393 Thread 0x00007f9d002b6800 nmethod 428 0x00007f9ced70a410 code [0x00007f9ced70a640, 0x00007f9ced70b508]
Event: 0.398 Thread 0x00007f9d002b1000 nmethod 424 0x00007f9ced70bf10 code [0x00007f9ced70c0c0, 0x00007f9ced70c208]
Event: 0.414 Thread 0x00007f9d002b3000 nmethod 438 0x00007f9ced70c390 code [0x00007f9ced70c660, 0x00007f9ced70e2d0]
Event: 0.421 Thread 0x00007f9d002b5000 nmethod 439 0x00007f9ced70f490 code [0x00007f9ced70f7a0, 0x00007f9ced711740]
Event: 0.531 Thread 0x00007f9d002b8800 nmethod 437 0x00007f9ced712a10 code [0x00007f9ced712e60, 0x00007f9ced716a60]
Event: 0.532 Thread 0x00007f9d002af000  440       4       java.nio.CharBuffer::hasArray (20 bytes)
Event: 0.533 Thread 0x00007f9d002af000 nmethod 440 0x00007f9ced719010 code [0x00007f9ced7191a0, 0x00007f9ced719238]
Event: 0.533 Thread 0x00007f9d002ba000  441       4       java.nio.ByteBuffer::hasArray (20 bytes)
Event: 0.533 Thread 0x00007f9d002ba000 nmethod 441 0x00007f9ced719310 code [0x00007f9ced7194a0, 0x00007f9ced719538]
Event: 1.840 Thread 0x00007f9d002bf800  442 %     3       org.apache.batik.apps.rasterizer.Main::main @ 68 (5767 bytes)

GC Heap History (2 events):
Event: 1.714 GC heap before
{Heap before GC invocations=0 (full 0):
 garbage-first heap   total 1028096K, used 49152K [0x00000003d7c00000, 0x00000003d80007d8, 0x00000007c0000000)
  region size 4096K, 12 young (49152K), 0 survivors (0K)
 Metaspace       used 6515K, capacity 6610K, committed 6784K, reserved 1056768K
  class space    used 564K, capacity 611K, committed 640K, reserved 1048576K
}
Event: 1.721 GC heap after
{Heap after GC invocations=1 (full 0):
 garbage-first heap   total 1028096K, used 3381K [0x00000003d7c00000, 0x00000003d80007d8, 0x00000007c0000000)
  region size 4096K, 1 young (4096K), 1 survivors (4096K)
 Metaspace       used 6515K, capacity 6610K, committed 6784K, reserved 1056768K
  class space    used 564K, capacity 611K, committed 640K, reserved 1048576K
}

Deoptimization events (0 events):
No events

Classes redefined (0 events):
No events

Internal exceptions (2 events):
Event: 0.230 Thread 0x00007f9d00011800 Exception <a 'java/lang/NoSuchMethodError'{0x00000004166cdab8}: java.lang.invoke.DirectMethodHandle$Holder.invokeInterface(Ljava/lang/Object;Ljava/lang/Object;)Ljava/lang/Object;> (0x00000004166cdab8) thrown at [/scratch/opt/mach5/mesos/work_dir/slaves/5a
Event: 0.235 Thread 0x00007f9d00011800 Exception <a 'java/lang/NoSuchMethodError'{0x00000004166da320}: java.lang.invoke.DirectMethodHandle$Holder.invokeInterface(Ljava/lang/Object;Ljava/lang/Object;Ljava/lang/Object;)I> (0x00000004166da320) thrown at [/scratch/opt/mach5/mesos/work_dir/slaves/5

Events (10 events):
Event: 0.344 Thread 0x00007f9d00011800 DEOPT PACKING pc=0x00007f9ce62f4ba4 sp=0x00007f9d077cae20
Event: 0.344 Thread 0x00007f9d00011800 DEOPT UNPACKING pc=0x00007f9ce5b90aab sp=0x00007f9d077ca408 mode 0
Event: 0.345 Thread 0x00007f9d00011800 DEOPT PACKING pc=0x00007f9ce62f4ba4 sp=0x00007f9d077cae20
Event: 0.345 Thread 0x00007f9d00011800 DEOPT UNPACKING pc=0x00007f9ce5b90aab sp=0x00007f9d077ca408 mode 0
Event: 0.345 Thread 0x00007f9d00011800 DEOPT PACKING pc=0x00007f9ce62f4ba4 sp=0x00007f9d077cae20
Event: 0.345 Thread 0x00007f9d00011800 DEOPT UNPACKING pc=0x00007f9ce5b90aab sp=0x00007f9d077ca408 mode 0
Event: 0.345 Thread 0x00007f9d00011800 DEOPT PACKING pc=0x00007f9ce62f4ba4 sp=0x00007f9d077cae20
Event: 0.345 Thread 0x00007f9d00011800 DEOPT UNPACKING pc=0x00007f9ce5b90aab sp=0x00007f9d077ca408 mode 0
Event: 1.714 Executing VM operation: G1IncCollectionPause
Event: 1.721 Executing VM operation: G1IncCollectionPause done


Dynamic libraries:
00400000-00401000 r-xp 00000000 00:65 77077150                           /root/oracle/jdk-9.0.4/bin/java
00600000-00601000 rw-p 00000000 00:65 77077150                           /root/oracle/jdk-9.0.4/bin/java
023ba000-023db000 rw-p 00000000 00:00 0                                  [heap]
3d7c00000-416800000 rw-p 00000000 00:00 0 
416800000-7c0000000 ---p 00000000 00:00 0 
7c0000000-7c00a0000 rw-p 00000000 00:00 0 
7c00a0000-800000000 ---p 00000000 00:00 0 
7f9ba8000000-7f9ba8021000 rw-p 00000000 00:00 0 
7f9ba8021000-7f9bac000000 ---p 00000000 00:00 0 
7f9bac000000-7f9bac021000 rw-p 00000000 00:00 0 
7f9bac021000-7f9bb0000000 ---p 00000000 00:00 0 
7f9bb0000000-7f9bb0021000 rw-p 00000000 00:00 0 
7f9bb0021000-7f9bb4000000 ---p 00000000 00:00 0 
7f9bb4000000-7f9bb4021000 rw-p 00000000 00:00 0 
7f9bb4021000-7f9bb8000000 ---p 00000000 00:00 0 
7f9bb8000000-7f9bb80d6000 rw-p 00000000 00:00 0 
7f9bb80d6000-7f9bbc000000 ---p 00000000 00:00 0 
7f9bbc000000-7f9bbc04d000 rw-p 00000000 00:00 0 
7f9bbc04d000-7f9bc0000000 ---p 00000000 00:00 0 
7f9bc0000000-7f9bc007f000 rw-p 00000000 00:00 0 
7f9bc007f000-7f9bc4000000 ---p 00000000 00:00 0 
7f9bc71a2000-7f9bc74d0000 rw-p 00000000 00:00 0 
7f9bc74d0000-7f9bc74d1000 ---p 00000000 00:00 0 
7f9bc74d1000-7f9bc75d2000 rw-p 00000000 00:00 0 
7f9bc75d2000-7f9bc75d6000 ---p 00000000 00:00 0 
7f9bc75d6000-7f9bc76d3000 rw-p 00000000 00:00 0 
7f9bc76d3000-7f9bc76d7000 ---p 00000000 00:00 0 
7f9bc76d7000-7f9bc77d4000 rw-p 00000000 00:00 0 
7f9bc77d4000-7f9bc77ea000 r-xp 00000000 00:65 77077477                   /root/oracle/jdk-9.0.4/lib/libnet.so
7f9bc77ea000-7f9bc79ea000 ---p 00016000 00:65 77077477                   /root/oracle/jdk-9.0.4/lib/libnet.so
7f9bc79ea000-7f9bc79eb000 rw-p 00016000 00:65 77077477                   /root/oracle/jdk-9.0.4/lib/libnet.so
7f9bc79eb000-7f9bc79fb000 r-xp 00000000 00:65 77077594                   /root/oracle/jdk-9.0.4/lib/libnio.so
7f9bc79fb000-7f9bc7bfb000 ---p 00010000 00:65 77077594                   /root/oracle/jdk-9.0.4/lib/libnio.so
7f9bc7bfb000-7f9bc7bfc000 rw-p 00010000 00:65 77077594                   /root/oracle/jdk-9.0.4/lib/libnio.so
7f9bc7bfc000-7f9bc7c00000 ---p 00000000 00:00 0 
7f9bc7c00000-7f9bc7cfd000 rw-p 00000000 00:00 0 
7f9bc7cfd000-7f9bc7d01000 ---p 00000000 00:00 0 
7f9bc7d01000-7f9bc7dfe000 rw-p 00000000 00:00 0 
7f9bc7dfe000-7f9bc7e02000 ---p 00000000 00:00 0 
7f9bc7e02000-7f9bc7eff000 rw-p 00000000 00:00 0 
7f9bc7eff000-7f9bc7f03000 ---p 00000000 00:00 0 
7f9bc7f03000-7f9bc8000000 rw-p 00000000 00:00 0 
7f9bc8000000-7f9bc8040000 rw-p 00000000 00:00 0 
7f9bc8040000-7f9bcc000000 ---p 00000000 00:00 0 
7f9bcc000000-7f9bcc038000 rw-p 00000000 00:00 0 
7f9bcc038000-7f9bd0000000 ---p 00000000 00:00 0 
7f9bd0000000-7f9bd01ab000 rw-p 00000000 00:00 0 
7f9bd01ab000-7f9bd4000000 ---p 00000000 00:00 0 
7f9bd4000000-7f9bd4435000 rw-p 00000000 00:00 0 
7f9bd4435000-7f9bd8000000 ---p 00000000 00:00 0 
7f9bd8000000-7f9bd82ab000 rw-p 00000000 00:00 0 
7f9bd82ab000-7f9bdc000000 ---p 00000000 00:00 0 
7f9bdc000000-7f9bdc267000 rw-p 00000000 00:00 0 
7f9bdc267000-7f9be0000000 ---p 00000000 00:00 0 
7f9be0000000-7f9be00f6000 rw-p 00000000 00:00 0 
7f9be00f6000-7f9be4000000 ---p 00000000 00:00 0 
7f9be4000000-7f9be41d6000 rw-p 00000000 00:00 0 
7f9be41d6000-7f9be8000000 ---p 00000000 00:00 0 
7f9be8000000-7f9be8021000 rw-p 00000000 00:00 0 
7f9be8021000-7f9bec000000 ---p 00000000 00:00 0 
7f9bec000000-7f9bec0de000 rw-p 00000000 00:00 0 
7f9bec0de000-7f9bf0000000 ---p 00000000 00:00 0 
7f9bf0000000-7f9bf0021000 rw-p 00000000 00:00 0 
7f9bf0021000-7f9bf4000000 ---p 00000000 00:00 0 
7f9bf4000000-7f9bf4021000 rw-p 00000000 00:00 0 
7f9bf4021000-7f9bf8000000 ---p 00000000 00:00 0 
7f9bf8000000-7f9bf8021000 rw-p 00000000 00:00 0 
7f9bf8021000-7f9bfc000000 ---p 00000000 00:00 0 
7f9bfc000000-7f9bfc021000 rw-p 00000000 00:00 0 
7f9bfc021000-7f9c00000000 ---p 00000000 00:00 0 
7f9c00072000-7f9c00076000 ---p 00000000 00:00 0 
7f9c00076000-7f9c00173000 rw-p 00000000 00:00 0 
7f9c00173000-7f9c00177000 ---p 00000000 00:00 0 
7f9c00177000-7f9c00274000 rw-p 00000000 00:00 0 
7f9c00274000-7f9c00278000 ---p 00000000 00:00 0 
7f9c00278000-7f9c00375000 rw-p 00000000 00:00 0 
7f9c00375000-7f9c00379000 ---p 00000000 00:00 0 
7f9c00379000-7f9c00476000 rw-p 00000000 00:00 0 
7f9c00476000-7f9c0047a000 ---p 00000000 00:00 0 
7f9c0047a000-7f9c00577000 rw-p 00000000 00:00 0 
7f9c00577000-7f9c0057b000 ---p 00000000 00:00 0 
7f9c0057b000-7f9c00678000 rw-p 00000000 00:00 0 
7f9c00678000-7f9c0067c000 ---p 00000000 00:00 0 
7f9c0067c000-7f9c00779000 rw-p 00000000 00:00 0 
7f9c00779000-7f9c0077d000 ---p 00000000 00:00 0 
7f9c0077d000-7f9c0087a000 rw-p 00000000 00:00 0 
7f9c0087a000-7f9c0087e000 ---p 00000000 00:00 0 
7f9c0087e000-7f9c0097b000 rw-p 00000000 00:00 0 
7f9c0097b000-7f9c0097f000 ---p 00000000 00:00 0 
7f9c0097f000-7f9c00a7c000 rw-p 00000000 00:00 0 
7f9c00a7c000-7f9c00a80000 ---p 00000000 00:00 0 
7f9c00a80000-7f9c00b7d000 rw-p 00000000 00:00 0 
7f9c00b7d000-7f9c00b81000 ---p 00000000 00:00 0 
7f9c00b81000-7f9c00c7e000 rw-p 00000000 00:00 0 
7f9c00c7e000-7f9c00c7f000 ---p 00000000 00:00 0 
7f9c00c7f000-7f9c013f6000 rw-p 00000000 00:00 0 
7f9c013f6000-7f9c015f6000 ---p 00000000 00:00 0 
7f9c015f6000-7f9c02000000 rw-p 00000000 00:00 0 
7f9c02000000-7f9c04000000 rwxp 00000000 00:00 0 
7f9c04000000-7f9c04021000 rw-p 00000000 00:00 0 
7f9c04021000-7f9c08000000 ---p 00000000 00:00 0 
7f9c08000000-7f9c08021000 rw-p 00000000 00:00 0 
7f9c08021000-7f9c0c000000 ---p 00000000 00:00 0 
7f9c0c000000-7f9c0c021000 rw-p 00000000 00:00 0 
7f9c0c021000-7f9c10000000 ---p 00000000 00:00 0 
7f9c10000000-7f9c10021000 rw-p 00000000 00:00 0 
7f9c10021000-7f9c14000000 ---p 00000000 00:00 0 
7f9c14000000-7f9c14021000 rw-p 00000000 00:00 0 
7f9c14021000-7f9c18000000 ---p 00000000 00:00 0 
7f9c1806b000-7f9c18ad0000 rw-p 00000000 00:00 0 
7f9c18ad0000-7f9c18ad1000 ---p 00000000 00:00 0 
7f9c18ad1000-7f9c18bd2000 rw-p 00000000 00:00 0 
7f9c18bd2000-7f9c18bd3000 ---p 00000000 00:00 0 
7f9c18bd3000-7f9c18cd4000 rw-p 00000000 00:00 0 
7f9c18cd4000-7f9c18cd5000 ---p 00000000 00:00 0 
7f9c18cd5000-7f9c18dd6000 rw-p 00000000 00:00 0 
7f9c18dd6000-7f9c18dd7000 ---p 00000000 00:00 0 
7f9c18dd7000-7f9c19e88000 rw-p 00000000 00:00 0 
7f9c19e88000-7f9c288e8000 ---p 00000000 00:00 0 
7f9c288e8000-7f9c29898000 rw-p 00000000 00:00 0 
7f9c29898000-7f9c382f8000 ---p 00000000 00:00 0 
7f9c382f8000-7f9c384ee000 rw-p 00000000 00:00 0 
7f9c384ee000-7f9c3a23a000 ---p 00000000 00:00 0 
7f9c3a23a000-7f9c3a430000 rw-p 00000000 00:00 0 
7f9c3a430000-7f9c3e0be000 ---p 00000000 00:00 0 
7f9c3e0be000-7f9c3e2b4000 rw-p 00000000 00:00 0 
7f9c3e2b4000-7f9c40000000 ---p 00000000 00:00 0 
7f9c40000000-7f9c40021000 rw-p 00000000 00:00 0 
7f9c40021000-7f9c44000000 ---p 00000000 00:00 0 
7f9c44000000-7f9c44021000 rw-p 00000000 00:00 0 
7f9c44021000-7f9c48000000 ---p 00000000 00:00 0 
7f9c48000000-7f9c48021000 rw-p 00000000 00:00 0 
7f9c48021000-7f9c4c000000 ---p 00000000 00:00 0 
7f9c4c000000-7f9c4c021000 rw-p 00000000 00:00 0 
7f9c4c021000-7f9c50000000 ---p 00000000 00:00 0 
7f9c50000000-7f9c50021000 rw-p 00000000 00:00 0 
7f9c50021000-7f9c54000000 ---p 00000000 00:00 0 
7f9c54000000-7f9c54021000 rw-p 00000000 00:00 0 
7f9c54021000-7f9c58000000 ---p 00000000 00:00 0 
7f9c58000000-7f9c58021000 rw-p 00000000 00:00 0 
7f9c58021000-7f9c5c000000 ---p 00000000 00:00 0 
7f9c5c000000-7f9c5c021000 rw-p 00000000 00:00 0 
7f9c5c021000-7f9c60000000 ---p 00000000 00:00 0 
7f9c60000000-7f9c60021000 rw-p 00000000 00:00 0 
7f9c60021000-7f9c64000000 ---p 00000000 00:00 0 
7f9c64000000-7f9c64021000 rw-p 00000000 00:00 0 
7f9c64021000-7f9c68000000 ---p 00000000 00:00 0 
7f9c68000000-7f9c68021000 rw-p 00000000 00:00 0 
7f9c68021000-7f9c6c000000 ---p 00000000 00:00 0 
7f9c6c000000-7f9c6c021000 rw-p 00000000 00:00 0 
7f9c6c021000-7f9c70000000 ---p 00000000 00:00 0 
7f9c70000000-7f9c70021000 rw-p 00000000 00:00 0 
7f9c70021000-7f9c74000000 ---p 00000000 00:00 0 
7f9c74000000-7f9c74021000 rw-p 00000000 00:00 0 
7f9c74021000-7f9c78000000 ---p 00000000 00:00 0 
7f9c78000000-7f9c78021000 rw-p 00000000 00:00 0 
7f9c78021000-7f9c7c000000 ---p 00000000 00:00 0 
7f9c7c000000-7f9c7c021000 rw-p 00000000 00:00 0 
7f9c7c021000-7f9c80000000 ---p 00000000 00:00 0 
7f9c80000000-7f9c80021000 rw-p 00000000 00:00 0 
7f9c80021000-7f9c84000000 ---p 00000000 00:00 0 
7f9c84000000-7f9c84021000 rw-p 00000000 00:00 0 
7f9c84021000-7f9c88000000 ---p 00000000 00:00 0 
7f9c88000000-7f9c88021000 rw-p 00000000 00:00 0 
7f9c88021000-7f9c8c000000 ---p 00000000 00:00 0 
7f9c8c000000-7f9c8c021000 rw-p 00000000 00:00 0 
7f9c8c021000-7f9c90000000 ---p 00000000 00:00 0 
7f9c90000000-7f9c90021000 rw-p 00000000 00:00 0 
7f9c90021000-7f9c94000000 ---p 00000000 00:00 0 
7f9c94000000-7f9c94021000 rw-p 00000000 00:00 0 
7f9c94021000-7f9c98000000 ---p 00000000 00:00 0 
7f9c98000000-7f9c98021000 rw-p 00000000 00:00 0 
7f9c98021000-7f9c9c000000 ---p 00000000 00:00 0 
7f9c9c000000-7f9c9c021000 rw-p 00000000 00:00 0 
7f9c9c021000-7f9ca0000000 ---p 00000000 00:00 0 
7f9ca0000000-7f9ca0021000 rw-p 00000000 00:00 0 
7f9ca0021000-7f9ca4000000 ---p 00000000 00:00 0 
7f9ca4000000-7f9ca4021000 rw-p 00000000 00:00 0 
7f9ca4021000-7f9ca8000000 ---p 00000000 00:00 0 
7f9ca8000000-7f9ca8021000 rw-p 00000000 00:00 0 
7f9ca8021000-7f9cac000000 ---p 00000000 00:00 0 
7f9cac000000-7f9cac021000 rw-p 00000000 00:00 0 
7f9cac021000-7f9cb0000000 ---p 00000000 00:00 0 
7f9cb0000000-7f9cb0021000 rw-p 00000000 00:00 0 
7f9cb0021000-7f9cb4000000 ---p 00000000 00:00 0 
7f9cb4000000-7f9cb4021000 rw-p 00000000 00:00 0 
7f9cb4021000-7f9cb8000000 ---p 00000000 00:00 0 
7f9cb8000000-7f9cb8021000 rw-p 00000000 00:00 0 
7f9cb8021000-7f9cbc000000 ---p 00000000 00:00 0 
7f9cbc000000-7f9cbc021000 rw-p 00000000 00:00 0 
7f9cbc021000-7f9cc0000000 ---p 00000000 00:00 0 
7f9cc0000000-7f9cc0021000 rw-p 00000000 00:00 0 
7f9cc0021000-7f9cc4000000 ---p 00000000 00:00 0 
7f9cc4000000-7f9cc4021000 rw-p 00000000 00:00 0 
7f9cc4021000-7f9cc8000000 ---p 00000000 00:00 0 
7f9cc8000000-7f9cc8021000 rw-p 00000000 00:00 0 
7f9cc8021000-7f9ccc000000 ---p 00000000 00:00 0 
7f9ccc000000-7f9ccc021000 rw-p 00000000 00:00 0 
7f9ccc021000-7f9cd0000000 ---p 00000000 00:00 0 
7f9cd0000000-7f9cd0021000 rw-p 00000000 00:00 0 
7f9cd0021000-7f9cd4000000 ---p 00000000 00:00 0 
7f9cd4000000-7f9cd4021000 rw-p 00000000 00:00 0 
7f9cd4021000-7f9cd8000000 ---p 00000000 00:00 0 
7f9cd8000000-7f9cd8021000 rw-p 00000000 00:00 0 
7f9cd8021000-7f9cdc000000 ---p 00000000 00:00 0 
7f9cdc000000-7f9cdc04c000 rw-p 00000000 00:00 0 
7f9cdc04c000-7f9ce0000000 ---p 00000000 00:00 0 
7f9ce0000000-7f9ce0021000 rw-p 00000000 00:00 0 
7f9ce0021000-7f9ce4000000 ---p 00000000 00:00 0 
7f9ce402c000-7f9ce402d000 ---p 00000000 00:00 0 
7f9ce402d000-7f9ce412e000 rw-p 00000000 00:00 0 
7f9ce412e000-7f9ce412f000 ---p 00000000 00:00 0 
7f9ce412f000-7f9ce471b000 rw-p 00000000 00:00 0 
7f9ce471b000-7f9ce471c000 ---p 00000000 00:00 0 
7f9ce471c000-7f9ce481d000 rw-p 00000000 00:00 0 
7f9ce481d000-7f9ce481e000 ---p 00000000 00:00 0 
7f9ce481e000-7f9ce491f000 rw-p 00000000 00:00 0 
7f9ce491f000-7f9ce4920000 ---p 00000000 00:00 0 
7f9ce4920000-7f9ce4a21000 rw-p 00000000 00:00 0 
7f9ce4a21000-7f9ce4a22000 ---p 00000000 00:00 0 
7f9ce4a22000-7f9ce4b23000 rw-p 00000000 00:00 0 
7f9ce4b23000-7f9ce4b24000 ---p 00000000 00:00 0 
7f9ce4b24000-7f9ce4c25000 rw-p 00000000 00:00 0 
7f9ce4c25000-7f9ce4c26000 ---p 00000000 00:00 0 
7f9ce4c26000-7f9ce4d27000 rw-p 00000000 00:00 0 
7f9ce4d27000-7f9ce4d28000 ---p 00000000 00:00 0 
7f9ce4d28000-7f9ce4e29000 rw-p 00000000 00:00 0 
7f9ce4e29000-7f9ce4e2a000 ---p 00000000 00:00 0 
7f9ce4e2a000-7f9ce4f2b000 rw-p 00000000 00:00 0 
7f9ce4f2b000-7f9ce4f2c000 ---p 00000000 00:00 0 
7f9ce4f2c000-7f9ce502d000 rw-p 00000000 00:00 0 
7f9ce502d000-7f9ce502e000 ---p 00000000 00:00 0 
7f9ce502e000-7f9ce512f000 rw-p 00000000 00:00 0 
7f9ce512f000-7f9ce5130000 ---p 00000000 00:00 0 
7f9ce5130000-7f9ce5231000 rw-p 00000000 00:00 0 
7f9ce5231000-7f9ce5232000 ---p 00000000 00:00 0 
7f9ce5232000-7f9ce5333000 rw-p 00000000 00:00 0 
7f9ce5333000-7f9ce5334000 ---p 00000000 00:00 0 
7f9ce5334000-7f9ce5435000 rw-p 00000000 00:00 0 
7f9ce5435000-7f9ce5436000 ---p 00000000 00:00 0 
7f9ce5436000-7f9ce5537000 rw-p 00000000 00:00 0 
7f9ce5537000-7f9ce5538000 ---p 00000000 00:00 0 
7f9ce5538000-7f9ce5639000 rw-p 00000000 00:00 0 
7f9ce5639000-7f9ce563a000 ---p 00000000 00:00 0 
7f9ce563a000-7f9ce573b000 rw-p 00000000 00:00 0 
7f9ce573b000-7f9ce573c000 ---p 00000000 00:00 0 
7f9ce573c000-7f9ce583d000 rw-p 00000000 00:00 0 
7f9ce583d000-7f9ce583e000 ---p 00000000 00:00 0 
7f9ce583e000-7f9ce593f000 rw-p 00000000 00:00 0 
7f9ce593f000-7f9ce5940000 ---p 00000000 00:00 0 
7f9ce5940000-7f9ce5a41000 rw-p 00000000 00:00 0 
7f9ce5a41000-7f9ce5a42000 ---p 00000000 00:00 0 
7f9ce5a42000-7f9ce5b43000 rw-p 00000000 00:00 0 
7f9ce5b43000-7f9ce5e23000 rwxp 00000000 00:00 0 
7f9ce5e23000-7f9ce6281000 ---p 00000000 00:00 0 
7f9ce6281000-7f9ce64f1000 rwxp 00000000 00:00 0 
7f9ce64f1000-7f9ced6e2000 ---p 00000000 00:00 0 
7f9ced6e2000-7f9ced952000 rwxp 00000000 00:00 0 
7f9ced952000-7f9cf4b43000 ---p 00000000 00:00 0 
7f9cf4b43000-7f9d00000000 r--s 00000000 00:65 77077560                   /root/oracle/jdk-9.0.4/lib/modules
7f9d00000000-7f9d00406000 rw-p 00000000 00:00 0 
7f9d00406000-7f9d04000000 ---p 00000000 00:00 0 
7f9d04013000-7f9d040ea000 rw-p 00000000 00:00 0 
7f9d040ea000-7f9d040eb000 ---p 00000000 00:00 0 
7f9d040eb000-7f9d05600000 rw-p 00000000 00:00 0 
7f9d05600000-7f9d05601000 ---p 00000000 00:00 0 
7f9d05601000-7f9d05702000 rw-p 00000000 00:00 0 
7f9d05702000-7f9d05703000 ---p 00000000 00:00 0 
7f9d05703000-7f9d05804000 rw-p 00000000 00:00 0 
7f9d05804000-7f9d05805000 ---p 00000000 00:00 0 
7f9d05805000-7f9d05906000 rw-p 00000000 00:00 0 
7f9d05906000-7f9d05907000 ---p 00000000 00:00 0 
7f9d05907000-7f9d05a08000 rw-p 00000000 00:00 0 
7f9d05a08000-7f9d05a09000 ---p 00000000 00:00 0 
7f9d05a09000-7f9d05b0a000 rw-p 00000000 00:00 0 
7f9d05b0a000-7f9d05b0b000 ---p 00000000 00:00 0 
7f9d05b0b000-7f9d05c0c000 rw-p 00000000 00:00 0 
7f9d05c0c000-7f9d05c0d000 ---p 00000000 00:00 0 
7f9d05c0d000-7f9d05d0e000 rw-p 00000000 00:00 0 
7f9d05d0e000-7f9d05d0f000 ---p 00000000 00:00 0 
7f9d05d0f000-7f9d05e10000 rw-p 00000000 00:00 0 
7f9d05e10000-7f9d05e11000 ---p 00000000 00:00 0 
7f9d05e11000-7f9d05f12000 rw-p 00000000 00:00 0 
7f9d05f12000-7f9d05f13000 ---p 00000000 00:00 0 
7f9d05f13000-7f9d06014000 rw-p 00000000 00:00 0 
7f9d06014000-7f9d06015000 ---p 00000000 00:00 0 
7f9d06015000-7f9d06116000 rw-p 00000000 00:00 0 
7f9d06116000-7f9d06117000 ---p 00000000 00:00 0 
7f9d06117000-7f9d06218000 rw-p 00000000 00:00 0 
7f9d06218000-7f9d06219000 ---p 00000000 00:00 0 
7f9d06219000-7f9d0631a000 rw-p 00000000 00:00 0 
7f9d0631a000-7f9d0631b000 ---p 00000000 00:00 0 
7f9d0631b000-7f9d0641c000 rw-p 00000000 00:00 0 
7f9d0641c000-7f9d0641d000 ---p 00000000 00:00 0 
7f9d0641d000-7f9d0651e000 rw-p 00000000 00:00 0 
7f9d0651e000-7f9d0651f000 ---p 00000000 00:00 0 
7f9d0651f000-7f9d06620000 rw-p 00000000 00:00 0 
7f9d06620000-7f9d06621000 ---p 00000000 00:00 0 
7f9d06621000-7f9d06722000 rw-p 00000000 00:00 0 
7f9d06722000-7f9d06723000 ---p 00000000 00:00 0 
7f9d06723000-7f9d06824000 rw-p 00000000 00:00 0 
7f9d06824000-7f9d06825000 ---p 00000000 00:00 0 
7f9d06825000-7f9d06926000 rw-p 00000000 00:00 0 
7f9d06926000-7f9d06927000 ---p 00000000 00:00 0 
7f9d06927000-7f9d06a2d000 rw-p 00000000 00:00 0 
7f9d06a2d000-7f9d06b11000 ---p 00000000 00:00 0 
7f9d06b11000-7f9d06b16000 rw-p 00000000 00:00 0 
7f9d06b16000-7f9d06bfa000 ---p 00000000 00:00 0 
7f9d06bfa000-7f9d06c00000 rw-p 00000000 00:00 0 
7f9d06c00000-7f9d06c09000 ---p 00000000 00:00 0 
7f9d06c09000-7f9d06c59000 rw-p 00000000 00:00 0 
7f9d06c59000-7f9d06e36000 r--s 03e31000 00:65 101727669                  /usr/local/java/jdk1.8.0_301/jre/lib/rt.jar
7f9d06e36000-7f9d06e50000 r-xp 00000000 00:65 77077435                   /root/oracle/jdk-9.0.4/lib/libjimage.so
7f9d06e50000-7f9d0704f000 ---p 0001a000 00:65 77077435                   /root/oracle/jdk-9.0.4/lib/libjimage.so
7f9d0704f000-7f9d07051000 rw-p 00019000 00:65 77077435                   /root/oracle/jdk-9.0.4/lib/libjimage.so
7f9d07051000-7f9d07063000 rw-p 00000000 00:00 0 
7f9d07063000-7f9d0706a000 r-xp 00000000 00:65 77083131                   /root/oracle/jdk-9.0.4/lib/libzip.so
7f9d0706a000-7f9d07269000 ---p 00007000 00:65 77083131                   /root/oracle/jdk-9.0.4/lib/libzip.so
7f9d07269000-7f9d0726a000 rw-p 00006000 00:65 77083131                   /root/oracle/jdk-9.0.4/lib/libzip.so
7f9d0726a000-7f9d0726d000 r--p 00000000 00:65 165034530                  /usr/lib/x86_64-linux-gnu/libnss_files-2.31.so
7f9d0726d000-7f9d07274000 r-xp 00003000 00:65 165034530                  /usr/lib/x86_64-linux-gnu/libnss_files-2.31.so
7f9d07274000-7f9d07276000 r--p 0000a000 00:65 165034530                  /usr/lib/x86_64-linux-gnu/libnss_files-2.31.so
7f9d07276000-7f9d07277000 r--p 0000b000 00:65 165034530                  /usr/lib/x86_64-linux-gnu/libnss_files-2.31.so
7f9d07277000-7f9d07278000 rw-p 0000c000 00:65 165034530                  /usr/lib/x86_64-linux-gnu/libnss_files-2.31.so
7f9d07278000-7f9d0727e000 rw-p 00000000 00:00 0 
7f9d07286000-7f9d07287000 rw-p 00000000 00:00 0 
7f9d07287000-7f9d072b2000 r-xp 00000000 00:65 77077470                   /root/oracle/jdk-9.0.4/lib/libjava.so
7f9d072b2000-7f9d074b1000 ---p 0002b000 00:65 77077470                   /root/oracle/jdk-9.0.4/lib/libjava.so
7f9d074b1000-7f9d074b3000 rw-p 0002a000 00:65 77077470                   /root/oracle/jdk-9.0.4/lib/libjava.so
7f9d074b3000-7f9d074c0000 r-xp 00000000 00:65 77077494                   /root/oracle/jdk-9.0.4/lib/libverify.so
7f9d074c0000-7f9d076bf000 ---p 0000d000 00:65 77077494                   /root/oracle/jdk-9.0.4/lib/libverify.so
7f9d076bf000-7f9d076c1000 rw-p 0000c000 00:65 77077494                   /root/oracle/jdk-9.0.4/lib/libverify.so
7f9d076c1000-7f9d076c4000 r--p 00000000 00:65 165034636                  /usr/lib/x86_64-linux-gnu/librt-2.31.so
7f9d076c4000-7f9d076c8000 r-xp 00003000 00:65 165034636                  /usr/lib/x86_64-linux-gnu/librt-2.31.so
7f9d076c8000-7f9d076c9000 r--p 00007000 00:65 165034636                  /usr/lib/x86_64-linux-gnu/librt-2.31.so
7f9d076c9000-7f9d076ca000 ---p 00008000 00:65 165034636                  /usr/lib/x86_64-linux-gnu/librt-2.31.so
7f9d076ca000-7f9d076cb000 r--p 00008000 00:65 165034636                  /usr/lib/x86_64-linux-gnu/librt-2.31.so
7f9d076cb000-7f9d076cc000 rw-p 00009000 00:65 165034636                  /usr/lib/x86_64-linux-gnu/librt-2.31.so
7f9d076cc000-7f9d076cd000 ---p 00000000 00:00 0 
7f9d076cd000-7f9d076ce000 rw-p 00000000 00:00 0 
7f9d076ce000-7f9d076d2000 ---p 00000000 00:00 0 
7f9d076d2000-7f9d077cd000 rw-p 00000000 00:00 0 
7f9d077cd000-7f9d077dc000 r--p 00000000 00:65 165034468                  /usr/lib/x86_64-linux-gnu/libm-2.31.so
7f9d077dc000-7f9d07883000 r-xp 0000f000 00:65 165034468                  /usr/lib/x86_64-linux-gnu/libm-2.31.so
7f9d07883000-7f9d0791a000 r--p 000b6000 00:65 165034468                  /usr/lib/x86_64-linux-gnu/libm-2.31.so
7f9d0791a000-7f9d0791b000 r--p 0014c000 00:65 165034468                  /usr/lib/x86_64-linux-gnu/libm-2.31.so
7f9d0791b000-7f9d0791c000 rw-p 0014d000 00:65 165034468                  /usr/lib/x86_64-linux-gnu/libm-2.31.so
7f9d0791c000-7f9d08931000 r-xp 00000000 00:65 77083135                   /root/oracle/jdk-9.0.4/lib/server/libjvm.so
7f9d08931000-7f9d08b30000 ---p 01015000 00:65 77083135                   /root/oracle/jdk-9.0.4/lib/server/libjvm.so
7f9d08b30000-7f9d08c01000 r--p 01014000 00:65 77083135                   /root/oracle/jdk-9.0.4/lib/server/libjvm.so
7f9d08c01000-7f9d08c38000 rw-p 010e5000 00:65 77083135                   /root/oracle/jdk-9.0.4/lib/server/libjvm.so
7f9d08c38000-7f9d08ca3000 rw-p 00000000 00:00 0 
7f9d08ca3000-7f9d08cc8000 r--p 00000000 00:65 165034165                  /usr/lib/x86_64-linux-gnu/libc-2.31.so
7f9d08cc8000-7f9d08e40000 r-xp 00025000 00:65 165034165                  /usr/lib/x86_64-linux-gnu/libc-2.31.so
7f9d08e40000-7f9d08e8a000 r--p 0019d000 00:65 165034165                  /usr/lib/x86_64-linux-gnu/libc-2.31.so
7f9d08e8a000-7f9d08e8b000 ---p 001e7000 00:65 165034165                  /usr/lib/x86_64-linux-gnu/libc-2.31.so
7f9d08e8b000-7f9d08e8e000 r--p 001e7000 00:65 165034165                  /usr/lib/x86_64-linux-gnu/libc-2.31.so
7f9d08e8e000-7f9d08e91000 rw-p 001ea000 00:65 165034165                  /usr/lib/x86_64-linux-gnu/libc-2.31.so
7f9d08e91000-7f9d08e95000 rw-p 00000000 00:00 0 
7f9d08e95000-7f9d08e96000 r--p 00000000 00:65 165034236                  /usr/lib/x86_64-linux-gnu/libdl-2.31.so
7f9d08e96000-7f9d08e98000 r-xp 00001000 00:65 165034236                  /usr/lib/x86_64-linux-gnu/libdl-2.31.so
7f9d08e98000-7f9d08e99000 r--p 00003000 00:65 165034236                  /usr/lib/x86_64-linux-gnu/libdl-2.31.so
7f9d08e99000-7f9d08e9a000 r--p 00003000 00:65 165034236                  /usr/lib/x86_64-linux-gnu/libdl-2.31.so
7f9d08e9a000-7f9d08e9b000 rw-p 00004000 00:65 165034236                  /usr/lib/x86_64-linux-gnu/libdl-2.31.so
7f9d08e9b000-7f9d08ea9000 r-xp 00000000 00:65 77083142                   /root/oracle/jdk-9.0.4/lib/jli/libjli.so
7f9d08ea9000-7f9d090a9000 ---p 0000e000 00:65 77083142                   /root/oracle/jdk-9.0.4/lib/jli/libjli.so
7f9d090a9000-7f9d090aa000 rw-p 0000e000 00:65 77083142                   /root/oracle/jdk-9.0.4/lib/jli/libjli.so
7f9d090aa000-7f9d090b1000 r--p 00000000 00:65 165034610                  /usr/lib/x86_64-linux-gnu/libpthread-2.31.so
7f9d090b1000-7f9d090c2000 r-xp 00007000 00:65 165034610                  /usr/lib/x86_64-linux-gnu/libpthread-2.31.so
7f9d090c2000-7f9d090c7000 r--p 00018000 00:65 165034610                  /usr/lib/x86_64-linux-gnu/libpthread-2.31.so
7f9d090c7000-7f9d090c8000 r--p 0001c000 00:65 165034610                  /usr/lib/x86_64-linux-gnu/libpthread-2.31.so
7f9d090c8000-7f9d090c9000 rw-p 0001d000 00:65 165034610                  /usr/lib/x86_64-linux-gnu/libpthread-2.31.so
7f9d090c9000-7f9d090cd000 rw-p 00000000 00:00 0 
7f9d090cd000-7f9d090cf000 r--p 00000000 00:65 165034796                  /usr/lib/x86_64-linux-gnu/libz.so.1.2.11
7f9d090cf000-7f9d090e0000 r-xp 00002000 00:65 165034796                  /usr/lib/x86_64-linux-gnu/libz.so.1.2.11
7f9d090e0000-7f9d090e6000 r--p 00013000 00:65 165034796                  /usr/lib/x86_64-linux-gnu/libz.so.1.2.11
7f9d090e6000-7f9d090e7000 ---p 00019000 00:65 165034796                  /usr/lib/x86_64-linux-gnu/libz.so.1.2.11
7f9d090e7000-7f9d090e8000 r--p 00019000 00:65 165034796                  /usr/lib/x86_64-linux-gnu/libz.so.1.2.11
7f9d090e8000-7f9d090e9000 rw-p 0001a000 00:65 165034796                  /usr/lib/x86_64-linux-gnu/libz.so.1.2.11
7f9d090e9000-7f9d090f1000 rw-s 00000000 00:65 71965686                   /tmp/hsperfdata_root/2144
7f9d090f1000-7f9d090f4000 rw-p 00000000 00:00 0 
7f9d090f4000-7f9d090f5000 r--p 00000000 00:65 165033992                  /usr/lib/x86_64-linux-gnu/ld-2.31.so
7f9d090f5000-7f9d09118000 r-xp 00001000 00:65 165033992                  /usr/lib/x86_64-linux-gnu/ld-2.31.so
7f9d09118000-7f9d09120000 r--p 00024000 00:65 165033992                  /usr/lib/x86_64-linux-gnu/ld-2.31.so
7f9d09120000-7f9d09121000 r--p 00000000 00:00 0 
7f9d09121000-7f9d09122000 r--p 0002c000 00:65 165033992                  /usr/lib/x86_64-linux-gnu/ld-2.31.so
7f9d09122000-7f9d09123000 rw-p 0002d000 00:65 165033992                  /usr/lib/x86_64-linux-gnu/ld-2.31.so
7f9d09123000-7f9d09124000 rw-p 00000000 00:00 0 
7ffc78cec000-7ffc78d0d000 rw-p 00000000 00:00 0                          [stack]
7ffc78de1000-7ffc78de4000 r--p 00000000 00:00 0                          [vvar]
7ffc78de4000-7ffc78de5000 r-xp 00000000 00:00 0                          [vdso]
ffffffffff600000-ffffffffff601000 --xp 00000000 00:00 0                  [vsyscall]

VM Arguments:
jvm_args: -Xbootclasspath/a:/usr/local/java/jdk1.8.0_301/jre/lib/rt.jar -Xverify:none 
java_command: org.apache.batik.apps.rasterizer.Main
java_class_path (initial): ./sootOutput/batik-all/
Launcher Type: SUN_STANDARD

Logging:
Log output configuration:
#0: stdout all=warning uptime,level,tags
#1: stderr all=off uptime,level,tags

Environment Variables:
JAVA_HOME=/root/oracle/jdk-9.0.4
JRE_HOME=/root/oracle/jdk-9.0.4
CLASSPATH=.:/root/oracle/jdk-9.0.4/lib:/JVMfuzzing/htm/CFSynthesis/resource/commons-lang3-3.12.0/commons-lang3-3.12.0.jar
PATH=/root/oracle/jdk-9.0.4/bin:/root/.vscode-server/bin/da76f93349a72022ca4670c1b84860304616aaa2/bin/remote-cli:/root/oracle/jdk-9.0.4/bin:/usr/local/sbin:/usr/local/bin:/usr/sbin:/usr/bin:/sbin:/bin:/usr/games:/usr/local/games:/snap/bin
SHELL=/bin/bash

Signal Handlers:
SIGSEGV: [libjvm.so+0xd4d370], sa_mask[0]=11111111011111111101111111111110, sa_flags=SA_RESTART|SA_SIGINFO
SIGBUS: [libjvm.so+0xd4d370], sa_mask[0]=11111111011111111101111111111110, sa_flags=SA_RESTART|SA_SIGINFO
SIGFPE: [libjvm.so+0xd4d370], sa_mask[0]=11111111011111111101111111111110, sa_flags=SA_RESTART|SA_SIGINFO
SIGPIPE: [libjvm.so+0xb64780], sa_mask[0]=11111111011111111101111111111110, sa_flags=SA_RESTART|SA_SIGINFO
SIGXFSZ: [libjvm.so+0xb64780], sa_mask[0]=11111111011111111101111111111110, sa_flags=SA_RESTART|SA_SIGINFO
SIGILL: [libjvm.so+0xd4d370], sa_mask[0]=11111111011111111101111111111110, sa_flags=SA_RESTART|SA_SIGINFO
SIGUSR2: [libjvm.so+0xb64640], sa_mask[0]=00100000000000000000000000000000, sa_flags=SA_RESTART|SA_SIGINFO
SIGHUP: [libjvm.so+0xb64850], sa_mask[0]=11111111011111111101111111111110, sa_flags=SA_RESTART|SA_SIGINFO
SIGINT: [libjvm.so+0xb64850], sa_mask[0]=11111111011111111101111111111110, sa_flags=SA_RESTART|SA_SIGINFO
SIGTERM: [libjvm.so+0xb64850], sa_mask[0]=11111111011111111101111111111110, sa_flags=SA_RESTART|SA_SIGINFO
SIGQUIT: [libjvm.so+0xb64850], sa_mask[0]=11111111011111111101111111111110, sa_flags=SA_RESTART|SA_SIGINFO


---------------  S Y S T E M  ---------------

OS:DISTRIB_ID=Ubuntu
DISTRIB_RELEASE=20.04
DISTRIB_CODENAME=focal
DISTRIB_DESCRIPTION="Ubuntu 20.04.3 LTS"
uname:Linux 5.4.0-124-generic #140~18.04.1-Ubuntu SMP Fri Aug 5 11:43:34 UTC 2022 x86_64
libc:glibc 2.31 NPTL 2.31 
rlimit: STACK 8192k, CORE infinity, NPROC infinity, NOFILE 1048576, AS infinity
load average:39.93 38.39 34.41

/proc/meminfo:
MemTotal:       65549624 kB
MemFree:        10285040 kB
MemAvailable:   36563996 kB
Buffers:         5875400 kB
Cached:          2999100 kB
SwapCached:         7560 kB
Active:         29495936 kB
Inactive:        5743084 kB
Active(anon):   22393740 kB
Inactive(anon):  3992524 kB
Active(file):    7102196 kB
Inactive(file):  1750560 kB
Unevictable:          16 kB
Mlocked:              16 kB
SwapTotal:       2097148 kB
SwapFree:              4 kB
Dirty:             24864 kB
Writeback:             0 kB
AnonPages:      26358212 kB
Mapped:           818584 kB
Shmem:             25660 kB
KReclaimable:   18158124 kB
Slab:           19313984 kB
SReclaimable:   18158124 kB
SUnreclaim:      1155860 kB
KernelStack:       77896 kB
PageTables:       217000 kB
NFS_Unstable:          0 kB
Bounce:                0 kB
WritebackTmp:          0 kB
CommitLimit:    34871960 kB
Committed_AS:   83125280 kB
VmallocTotal:   34359738367 kB
VmallocUsed:      160696 kB
VmallocChunk:          0 kB
Percpu:            32512 kB
HardwareCorrupted:     0 kB
AnonHugePages:         0 kB
ShmemHugePages:        0 kB
ShmemPmdMapped:        0 kB
FileHugePages:         0 kB
FilePmdMapped:         0 kB
CmaTotal:              0 kB
CmaFree:               0 kB
HugePages_Total:       0
HugePages_Free:        0
HugePages_Rsvd:        0
HugePages_Surp:        0
Hugepagesize:       2048 kB
Hugetlb:               0 kB
DirectMap4k:    15497632 kB
DirectMap2M:    51298304 kB
DirectMap1G:           0 kB


CPU:total 28 (initial active 28) (14 cores per cpu, 2 threads per core) family 6 model 85 stepping 4, cmov, cx8, fxsr, mmx, sse, sse2, sse3, ssse3, sse4.1, sse4.2, popcnt, avx, avx2, aes, clmul, erms, rtm, 3dnowpref, lzcnt, ht, tsc, tscinvbit, bmi1, bmi2, adx, fma
CPU Model and flags from /proc/cpuinfo:
model name	: Intel(R) Core(TM) i9-9940X CPU @ 3.30GHz
flags		: fpu vme de pse tsc msr pae mce cx8 apic sep mtrr pge mca cmov pat pse36 clflush dts acpi mmx fxsr sse sse2 ss ht tm pbe syscall nx pdpe1gb rdtscp lm constant_tsc art arch_perfmon pebs bts rep_good nopl xtopology nonstop_tsc cpuid aperfmperf pni pclmulqdq dtes64 monitor ds_cpl vmx est tm2 ssse3 sdbg fma cx16 xtpr pdcm pcid dca sse4_1 sse4_2 x2apic movbe popcnt tsc_deadline_timer aes xsave avx f16c rdrand lahf_lm abm 3dnowprefetch cpuid_fault epb cat_l3 cdp_l3 invpcid_single pti ssbd mba ibrs ibpb stibp tpr_shadow vnmi flexpriority ept vpid ept_ad fsgsbase tsc_adjust bmi1 hle avx2 smep bmi2 erms invpcid rtm cqm mpx rdt_a avx512f avx512dq rdseed adx smap clflushopt clwb intel_pt avx512cd avx512bw avx512vl xsaveopt xsavec xgetbv1 xsaves cqm_llc cqm_occup_llc cqm_mbm_total cqm_mbm_local dtherm ida arat pln pts hwp hwp_act_window hwp_epp hwp_pkg_req md_clear flush_l1d arch_capabilities

Memory: 4k page, physical 65549624k(10285040k free), swap 2097148k(4k free)

vm_info: Java HotSpot(TM) 64-Bit Server VM (9.0.4+11) for linux-amd64 JRE (9.0.4+11), built on Dec 19 2017 18:12:19 by "mach5one" with gcc 4.9.2

END.
