#
# A fatal error has been detected by the Java Runtime Environment:
#
#  SIGSEGV (0xb) at pc=0x00007fc65ad47b2c, pid=31920, tid=31982
#
# JRE version: Java(TM) SE Runtime Environment (9.0+11) (build 9.0.4+11)
# Java VM: Java HotSpot(TM) 64-Bit Server VM (9.0.4+11, mixed mode, tiered, compressed oops, g1 gc, linux-amd64)
# Problematic frame:
# V  [libjvm.so+0x48eb2c]  Canonicalizer::do_If(If*)+0x1c
#
# Core dump will be written. Default location: Core dumps may be processed with "/usr/share/apport/apport -p%p -s%s -c%c -d%d -P%P -u%u -g%g -- %E" (or dumping to /JVMfuzzing/zjy/classming/Fuzzing-Testing-of-JVM-Implementations/core.31920)
#
# If you would like to submit a bug report, please visit:
#   http://bugreport.java.com/bugreport/crash.jsp
#

---------------  S U M M A R Y ------------

Command Line: -Xbootclasspath/a:/usr/local/java/jdk1.8.0_301/jre/lib/rt.jar -Xverify:none org.eclipse.core.runtime.adaptor.EclipseStarter -debug

Host: Intel(R) Core(TM) i9-9940X CPU @ 3.30GHz, 28 cores, 62G, Ubuntu 20.04.3 LTS
Time: Thu Nov  3 09:12:02 2022 UTC elapsed time: 0 seconds (0d 0h 0m 0s)

---------------  T H R E A D  ---------------

Current thread (0x00007fc6542bb000):  JavaThread "C1 CompilerThread8" daemon [_thread_in_native, id=31982, stack(0x00007fc552ff8000,0x00007fc5530f9000)]


Current CompileTask:
C1:    768  230 %     3       org.eclipse.core.runtime.adaptor.EclipseStarter::main @ 4600 (7592 bytes)

Stack: [0x00007fc552ff8000,0x00007fc5530f9000],  sp=0x00007fc5530f70c0,  free space=1020k
Native frames: (J=compiled Java code, A=aot compiled Java code, j=interpreted, Vv=VM code, C=native code)
V  [libjvm.so+0x48eb2c]  Canonicalizer::do_If(If*)+0x1c
V  [libjvm.so+0x4a0452]  GraphBuilder::append_with_bci(Instruction*, int)+0x42
V  [libjvm.so+0x4a3526]  GraphBuilder::if_node(Instruction*, Instruction::Condition, Instruction*, ValueStack*)+0x2a6
V  [libjvm.so+0x4b137a]  GraphBuilder::iterate_bytecodes_for_block(int)+0x198a
V  [libjvm.so+0x4b1ad5]  GraphBuilder::iterate_all_blocks(bool)+0x85
V  [libjvm.so+0x4b1ec9]  GraphBuilder::GraphBuilder(Compilation*, IRScope*)+0x389
V  [libjvm.so+0x4b70a8]  IR::IR(Compilation*, ciMethod*, int)+0x1e8
V  [libjvm.so+0x497832]  Compilation::build_hir() [clone .part.93]+0x162
V  [libjvm.so+0x499633]  Compilation::compile_java_method()+0x3c3
V  [libjvm.so+0x4997af]  Compilation::compile_method()+0x12f
V  [libjvm.so+0x499c31]  Compilation::Compilation(AbstractCompiler*, ciEnv*, ciMethod*, int, BufferBlob*, DirectiveSet*)+0x271
V  [libjvm.so+0x49ac1e]  Compiler::compile_method(ciEnv*, ciMethod*, int, DirectiveSet*)+0xae
V  [libjvm.so+0x6125ac]  CompileBroker::invoke_compiler_on_method(CompileTask*)+0x41c
V  [libjvm.so+0x61344b]  CompileBroker::compiler_thread_loop()+0x28b
V  [libjvm.so+0xcef338]  JavaThread::thread_main_inner()+0xd8
V  [libjvm.so+0xb6e132]  thread_native_entry(Thread*)+0xf2
C  [libpthread.so.0+0x9609]  start_thread+0xd9


siginfo: si_signo: 11 (SIGSEGV), si_code: 1 (SEGV_MAPERR), si_addr: 0x0000000000000018

Register to memory mapping:

RAX=0x0000000000000000 is an unknown value
RBX=0x00007fc52c03a2a0 is an unknown value
RCX=0x00007fc5530f7800 is pointing into the stack for thread: 0x00007fc6542bb000
RDX=0x00007fc52c03a2a0 is an unknown value
RSP=0x00007fc5530f70c0 is pointing into the stack for thread: 0x00007fc6542bb000
RBP=0x00007fc5530f7130 is pointing into the stack for thread: 0x00007fc6542bb000
RSI=0x00007fc52c03a2a0 is an unknown value
RDI=0x00007fc5530f7160 is pointing into the stack for thread: 0x00007fc6542bb000
R8 =0x00007fc52c039840 is an unknown value
R9 =0x00000000000000f0 is an unknown value
R10=0x0020000000000000 is an unknown value
R11=0x0000000000000000 is an unknown value
R12=0x00007fc52c03a340 is an unknown value
R13=0x00007fc5530f7460 is pointing into the stack for thread: 0x00007fc6542bb000
R14=0x00007fc52c03a2a0 is an unknown value
R15=0x00007fc52c03a340 is an unknown value


Registers:
RAX=0x0000000000000000, RBX=0x00007fc52c03a2a0, RCX=0x00007fc5530f7800, RDX=0x00007fc52c03a2a0
RSP=0x00007fc5530f70c0, RBP=0x00007fc5530f7130, RSI=0x00007fc52c03a2a0, RDI=0x00007fc5530f7160
R8 =0x00007fc52c039840, R9 =0x00000000000000f0, R10=0x0020000000000000, R11=0x0000000000000000
R12=0x00007fc52c03a340, R13=0x00007fc5530f7460, R14=0x00007fc52c03a2a0, R15=0x00007fc52c03a340
RIP=0x00007fc65ad47b2c, EFLAGS=0x0000000000010206, CSGSFS=0x002b000000000033, ERR=0x0000000000000004
  TRAPNO=0x000000000000000e

Top of Stack: (sp=0x00007fc5530f70c0)
0x00007fc5530f70c0:   00007fc5530f7130 00007fc65acbdeb7
0x00007fc5530f70d0:   00007fc5340d8b58 00007fc5340d8b18
0x00007fc5530f70e0:   00007fc5530f7110 00007fc65ad7469f
0x00007fc5530f70f0:   00007fc53c06fb40 00007fc5530f7160 

Instructions: (pc=0x00007fc65ad47b2c)
0x00007fc65ad47b0c:   ff 90 66 90 55 48 89 e5 41 57 41 56 41 55 41 54
0x00007fc65ad47b1c:   53 48 89 f3 48 83 ec 48 48 8b 46 70 48 89 7d c8
0x00007fc65ad47b2c:   48 8b 78 18 48 8b 07 ff 50 18 84 c0 0f 85 a2 00
0x00007fc65ad47b3c:   00 00 4c 8b 63 70 48 8b 83 80 00 00 00 49 39 c4 


---------------  P R O C E S S  ---------------

Java Threads: ( => current thread )
  0x00007fc654379800 JavaThread "Service Thread" daemon [_thread_blocked, id=31988, stack(0x00007fc5525ca000,0x00007fc5526cb000)]
  0x00007fc6542d1000 JavaThread "Common-Cleaner" daemon [_thread_blocked, id=31987, stack(0x00007fc5526cb000,0x00007fc5527cc000)]
  0x00007fc6542c2800 JavaThread "Sweeper thread" daemon [_thread_blocked, id=31986, stack(0x00007fc552bf4000,0x00007fc552cf5000)]
  0x00007fc6542c0800 JavaThread "C1 CompilerThread11" daemon [_thread_blocked, id=31985, stack(0x00007fc552cf5000,0x00007fc552df6000)]
  0x00007fc6542bf000 JavaThread "C1 CompilerThread10" daemon [_thread_blocked, id=31984, stack(0x00007fc552df6000,0x00007fc552ef7000)]
  0x00007fc6542bd000 JavaThread "C1 CompilerThread9" daemon [_thread_blocked, id=31983, stack(0x00007fc552ef7000,0x00007fc552ff8000)]
=>0x00007fc6542bb000 JavaThread "C1 CompilerThread8" daemon [_thread_in_native, id=31982, stack(0x00007fc552ff8000,0x00007fc5530f9000)]
  0x00007fc6542b9800 JavaThread "C2 CompilerThread7" daemon [_thread_blocked, id=31981, stack(0x00007fc5530f9000,0x00007fc5531fa000)]
  0x00007fc6542b7800 JavaThread "C2 CompilerThread6" daemon [_thread_blocked, id=31980, stack(0x00007fc5531fa000,0x00007fc5532fb000)]
  0x00007fc6542b6000 JavaThread "C2 CompilerThread5" daemon [_thread_blocked, id=31979, stack(0x00007fc5532fb000,0x00007fc5533fc000)]
  0x00007fc6542b4000 JavaThread "C2 CompilerThread4" daemon [_thread_blocked, id=31978, stack(0x00007fc5533fc000,0x00007fc5534fd000)]
  0x00007fc6542b2800 JavaThread "C2 CompilerThread3" daemon [_thread_blocked, id=31977, stack(0x00007fc5534fd000,0x00007fc5535fe000)]
  0x00007fc6542b0800 JavaThread "C2 CompilerThread2" daemon [_thread_blocked, id=31976, stack(0x00007fc5535fe000,0x00007fc5536ff000)]
  0x00007fc6542af000 JavaThread "C2 CompilerThread1" daemon [_thread_blocked, id=31975, stack(0x00007fc5536ff000,0x00007fc553800000)]
  0x00007fc6542ad000 JavaThread "C2 CompilerThread0" daemon [_thread_blocked, id=31974, stack(0x00007fc568096000,0x00007fc568197000)]
  0x00007fc6542ab000 JavaThread "Signal Dispatcher" daemon [_thread_blocked, id=31973, stack(0x00007fc568197000,0x00007fc568298000)]
  0x00007fc654291000 JavaThread "Finalizer" daemon [_thread_blocked, id=31972, stack(0x00007fc568298000,0x00007fc568399000)]
  0x00007fc654288800 JavaThread "Reference Handler" daemon [_thread_blocked, id=31971, stack(0x00007fc568399000,0x00007fc56849a000)]
  0x00007fc654011800 JavaThread "main" [_thread_in_native, id=31922, stack(0x00007fc65a66b000,0x00007fc65a76a000)]

Other Threads:
  0x00007fc654281000 VMThread "VM Thread" [stack: 0x00007fc56849c000,0x00007fc56859c000] [id=31970]
  0x00007fc65437c000 WatcherThread [stack: 0x00007fc5524ca000,0x00007fc5525ca000] [id=31989]
  0x00007fc654034000 GCTaskThread "GC Thread#0" [stack: 0x00007fc6598c5000,0x00007fc6599c5000] [id=31923]
  0x00007fc654035800 GCTaskThread "GC Thread#1" [stack: 0x00007fc6597c3000,0x00007fc6598c3000] [id=31924]
  0x00007fc654037000 GCTaskThread "GC Thread#2" [stack: 0x00007fc6596c1000,0x00007fc6597c1000] [id=31925]
  0x00007fc654039000 GCTaskThread "GC Thread#3" [stack: 0x00007fc6595bf000,0x00007fc6596bf000] [id=31926]
  0x00007fc65403a800 GCTaskThread "GC Thread#4" [stack: 0x00007fc6594bd000,0x00007fc6595bd000] [id=31927]
  0x00007fc65403c800 GCTaskThread "GC Thread#5" [stack: 0x00007fc6593bb000,0x00007fc6594bb000] [id=31928]
  0x00007fc65403e000 GCTaskThread "GC Thread#6" [stack: 0x00007fc6592b9000,0x00007fc6593b9000] [id=31929]
  0x00007fc65403f800 GCTaskThread "GC Thread#7" [stack: 0x00007fc6591b7000,0x00007fc6592b7000] [id=31930]
  0x00007fc654041800 GCTaskThread "GC Thread#8" [stack: 0x00007fc6590b5000,0x00007fc6591b5000] [id=31931]
  0x00007fc654043000 GCTaskThread "GC Thread#9" [stack: 0x00007fc658fb3000,0x00007fc6590b3000] [id=31932]
  0x00007fc654045000 GCTaskThread "GC Thread#10" [stack: 0x00007fc658eb1000,0x00007fc658fb1000] [id=31933]
  0x00007fc654046800 GCTaskThread "GC Thread#11" [stack: 0x00007fc658daf000,0x00007fc658eaf000] [id=31934]
  0x00007fc654048800 GCTaskThread "GC Thread#12" [stack: 0x00007fc658cad000,0x00007fc658dad000] [id=31935]
  0x00007fc65404a000 GCTaskThread "GC Thread#13" [stack: 0x00007fc658bab000,0x00007fc658cab000] [id=31936]
  0x00007fc65404c000 GCTaskThread "GC Thread#14" [stack: 0x00007fc658aa9000,0x00007fc658ba9000] [id=31937]
  0x00007fc65404d800 GCTaskThread "GC Thread#15" [stack: 0x00007fc6589a7000,0x00007fc658aa7000] [id=31938]
  0x00007fc65404f800 GCTaskThread "GC Thread#16" [stack: 0x00007fc6588a5000,0x00007fc6589a5000] [id=31939]
  0x00007fc654051000 GCTaskThread "GC Thread#17" [stack: 0x00007fc6587a3000,0x00007fc6588a3000] [id=31940]
  0x00007fc654052800 GCTaskThread "GC Thread#18" [stack: 0x00007fc6586a1000,0x00007fc6587a1000] [id=31941]
  0x00007fc654054800 GCTaskThread "GC Thread#19" [stack: 0x00007fc65859f000,0x00007fc65869f000] [id=31942]
  0x00007fc65409f800 ConcurrentGCThread "G1 Main Marker" [stack: 0x00007fc5b91c1000,0x00007fc5b92c1000] [id=31964]
  0x00007fc6540a1000 ConcurrentGCThread "G1 Marker#0" [stack: 0x00007fc5b90bf000,0x00007fc5b91bf000] [id=31965]
  0x00007fc6540a3000 ConcurrentGCThread "G1 Marker#1" [stack: 0x00007fc5b8fbd000,0x00007fc5b90bd000] [id=31966]
  0x00007fc6540a4800 ConcurrentGCThread "G1 Marker#2" [stack: 0x00007fc5b8ebb000,0x00007fc5b8fbb000] [id=31967]
  0x00007fc6540a6800 ConcurrentGCThread "G1 Marker#3" [stack: 0x00007fc5b8db9000,0x00007fc5b8eb9000] [id=31968]
  0x00007fc6540a8000 ConcurrentGCThread "G1 Marker#4" [stack: 0x00007fc5b8cb7000,0x00007fc5b8db7000] [id=31969]
  0x00007fc654079000 ConcurrentGCThread "G1 Refine#0" [stack: 0x00007fc5bb7f2000,0x00007fc5bb8f2000] [id=31962]
  0x00007fc654077000 ConcurrentGCThread "G1 Refine#1" [stack: 0x00007fc5bb8f4000,0x00007fc5bb9f4000] [id=31961]
  0x00007fc654075000 ConcurrentGCThread "G1 Refine#2" [stack: 0x00007fc5bb9f6000,0x00007fc5bbaf6000] [id=31960]
  0x00007fc654073800 ConcurrentGCThread "G1 Refine#3" [stack: 0x00007fc5bbaf8000,0x00007fc5bbbf8000] [id=31959]
  0x00007fc654071800 ConcurrentGCThread "G1 Refine#4" [stack: 0x00007fc5bbbfa000,0x00007fc5bbcfa000] [id=31958]
  0x00007fc654070000 ConcurrentGCThread "G1 Refine#5" [stack: 0x00007fc5bbcfc000,0x00007fc5bbdfc000] [id=31957]
  0x00007fc65406e000 ConcurrentGCThread "G1 Refine#6" [stack: 0x00007fc5bbdfe000,0x00007fc5bbefe000] [id=31956]
  0x00007fc65406c800 ConcurrentGCThread "G1 Refine#7" [stack: 0x00007fc5bbf00000,0x00007fc5bc000000] [id=31955]
  0x00007fc65406a800 ConcurrentGCThread "G1 Refine#8" [stack: 0x00007fc63801e000,0x00007fc63811e000] [id=31954]
  0x00007fc654069000 ConcurrentGCThread "G1 Refine#9" [stack: 0x00007fc638120000,0x00007fc638220000] [id=31953]
  0x00007fc654067000 ConcurrentGCThread "G1 Refine#10" [stack: 0x00007fc638222000,0x00007fc638322000] [id=31952]
  0x00007fc654065000 ConcurrentGCThread "G1 Refine#11" [stack: 0x00007fc638324000,0x00007fc638424000] [id=31951]
  0x00007fc654063800 ConcurrentGCThread "G1 Refine#12" [stack: 0x00007fc638426000,0x00007fc638526000] [id=31950]
  0x00007fc654061800 ConcurrentGCThread "G1 Refine#13" [stack: 0x00007fc638528000,0x00007fc638628000] [id=31949]
  0x00007fc654060000 ConcurrentGCThread "G1 Refine#14" [stack: 0x00007fc63862a000,0x00007fc63872a000] [id=31948]
  0x00007fc65405e000 ConcurrentGCThread "G1 Refine#15" [stack: 0x00007fc63872c000,0x00007fc63882c000] [id=31947]
  0x00007fc65405c800 ConcurrentGCThread "G1 Refine#16" [stack: 0x00007fc63882e000,0x00007fc63892e000] [id=31946]
  0x00007fc65405a800 ConcurrentGCThread "G1 Refine#17" [stack: 0x00007fc638930000,0x00007fc638a30000] [id=31945]
  0x00007fc654059000 ConcurrentGCThread "G1 Refine#18" [stack: 0x00007fc638a32000,0x00007fc638b32000] [id=31944]
  0x00007fc654057000 ConcurrentGCThread "G1 Refine#19" [stack: 0x00007fc638b34000,0x00007fc638c34000] [id=31943]
  0x00007fc65407a800 ConcurrentGCThread "G1 Young RemSet Sampling" [stack: 0x00007fc5bb6f0000,0x00007fc5bb7f0000] [id=31963]

Threads with active compile tasks:
C1 CompilerThread8 230 %     3       org.eclipse.core.runtime.adaptor.EclipseStarter::main @ 4600 (7592 bytes)

VM state:not at safepoint (normal execution)

VM Mutex/Monitor currently owned by a thread: None

Heap address: 0x00000003d7c00000, size: 16004 MB, Compressed Oops mode: Zero based, Oop shift amount: 3
Narrow klass base: 0x0000000000000000, Narrow klass shift: 3
Compressed class space size: 1073741824 Address: 0x00000007c0000000

Heap:
 garbage-first heap   total 1028096K, used 8192K [0x00000003d7c00000, 0x00000003d80007d8, 0x00000007c0000000)
  region size 4096K, 3 young (12288K), 0 survivors (0K)
 Metaspace       used 4314K, capacity 4680K, committed 4864K, reserved 1056768K
  class space    used 356K, capacity 388K, committed 512K, reserved 1048576K
Heap Regions: E=young(eden), S=young(survivor), O=old, HS=humongous(starts), HC=humongous(continues), CS=collection set, F=free, A=archive, TS=gc time stamp, AC=allocation context, TAMS=top-at-mark-start (previous, next)
|   0|0x00000003d7c00000, 0x00000003d7c00000, 0x00000003d8000000|  0%| F|  |TS  0|AC  0|TAMS 0x00000003d7c00000, 0x00000003d7c00000|
|   1|0x00000003d8000000, 0x00000003d8000000, 0x00000003d8400000|  0%| F|  |TS  0|AC  0|TAMS 0x00000003d8000000, 0x00000003d8000000|
|   2|0x00000003d8400000, 0x00000003d8400000, 0x00000003d8800000|  0%| F|  |TS  0|AC  0|TAMS 0x00000003d8400000, 0x00000003d8400000|
|   3|0x00000003d8800000, 0x00000003d8800000, 0x00000003d8c00000|  0%| F|  |TS  0|AC  0|TAMS 0x00000003d8800000, 0x00000003d8800000|
|   4|0x00000003d8c00000, 0x00000003d8c00000, 0x00000003d9000000|  0%| F|  |TS  0|AC  0|TAMS 0x00000003d8c00000, 0x00000003d8c00000|
|   5|0x00000003d9000000, 0x00000003d9000000, 0x00000003d9400000|  0%| F|  |TS  0|AC  0|TAMS 0x00000003d9000000, 0x00000003d9000000|
|   6|0x00000003d9400000, 0x00000003d9400000, 0x00000003d9800000|  0%| F|  |TS  0|AC  0|TAMS 0x00000003d9400000, 0x00000003d9400000|
|   7|0x00000003d9800000, 0x00000003d9800000, 0x00000003d9c00000|  0%| F|  |TS  0|AC  0|TAMS 0x00000003d9800000, 0x00000003d9800000|
|   8|0x00000003d9c00000, 0x00000003d9c00000, 0x00000003da000000|  0%| F|  |TS  0|AC  0|TAMS 0x00000003d9c00000, 0x00000003d9c00000|
|   9|0x00000003da000000, 0x00000003da000000, 0x00000003da400000|  0%| F|  |TS  0|AC  0|TAMS 0x00000003da000000, 0x00000003da000000|
|  10|0x00000003da400000, 0x00000003da400000, 0x00000003da800000|  0%| F|  |TS  0|AC  0|TAMS 0x00000003da400000, 0x00000003da400000|
|  11|0x00000003da800000, 0x00000003da800000, 0x00000003dac00000|  0%| F|  |TS  0|AC  0|TAMS 0x00000003da800000, 0x00000003da800000|
|  12|0x00000003dac00000, 0x00000003dac00000, 0x00000003db000000|  0%| F|  |TS  0|AC  0|TAMS 0x00000003dac00000, 0x00000003dac00000|
|  13|0x00000003db000000, 0x00000003db000000, 0x00000003db400000|  0%| F|  |TS  0|AC  0|TAMS 0x00000003db000000, 0x00000003db000000|
|  14|0x00000003db400000, 0x00000003db400000, 0x00000003db800000|  0%| F|  |TS  0|AC  0|TAMS 0x00000003db400000, 0x00000003db400000|
|  15|0x00000003db800000, 0x00000003db800000, 0x00000003dbc00000|  0%| F|  |TS  0|AC  0|TAMS 0x00000003db800000, 0x00000003db800000|
|  16|0x00000003dbc00000, 0x00000003dbc00000, 0x00000003dc000000|  0%| F|  |TS  0|AC  0|TAMS 0x00000003dbc00000, 0x00000003dbc00000|
|  17|0x00000003dc000000, 0x00000003dc000000, 0x00000003dc400000|  0%| F|  |TS  0|AC  0|TAMS 0x00000003dc000000, 0x00000003dc000000|
|  18|0x00000003dc400000, 0x00000003dc400000, 0x00000003dc800000|  0%| F|  |TS  0|AC  0|TAMS 0x00000003dc400000, 0x00000003dc400000|
|  19|0x00000003dc800000, 0x00000003dc800000, 0x00000003dcc00000|  0%| F|  |TS  0|AC  0|TAMS 0x00000003dc800000, 0x00000003dc800000|
|  20|0x00000003dcc00000, 0x00000003dcc00000, 0x00000003dd000000|  0%| F|  |TS  0|AC  0|TAMS 0x00000003dcc00000, 0x00000003dcc00000|
|  21|0x00000003dd000000, 0x00000003dd000000, 0x00000003dd400000|  0%| F|  |TS  0|AC  0|TAMS 0x00000003dd000000, 0x00000003dd000000|
|  22|0x00000003dd400000, 0x00000003dd400000, 0x00000003dd800000|  0%| F|  |TS  0|AC  0|TAMS 0x00000003dd400000, 0x00000003dd400000|
|  23|0x00000003dd800000, 0x00000003dd800000, 0x00000003ddc00000|  0%| F|  |TS  0|AC  0|TAMS 0x00000003dd800000, 0x00000003dd800000|
|  24|0x00000003ddc00000, 0x00000003ddc00000, 0x00000003de000000|  0%| F|  |TS  0|AC  0|TAMS 0x00000003ddc00000, 0x00000003ddc00000|
|  25|0x00000003de000000, 0x00000003de000000, 0x00000003de400000|  0%| F|  |TS  0|AC  0|TAMS 0x00000003de000000, 0x00000003de000000|
|  26|0x00000003de400000, 0x00000003de400000, 0x00000003de800000|  0%| F|  |TS  0|AC  0|TAMS 0x00000003de400000, 0x00000003de400000|
|  27|0x00000003de800000, 0x00000003de800000, 0x00000003dec00000|  0%| F|  |TS  0|AC  0|TAMS 0x00000003de800000, 0x00000003de800000|
|  28|0x00000003dec00000, 0x00000003dec00000, 0x00000003df000000|  0%| F|  |TS  0|AC  0|TAMS 0x00000003dec00000, 0x00000003dec00000|
|  29|0x00000003df000000, 0x00000003df000000, 0x00000003df400000|  0%| F|  |TS  0|AC  0|TAMS 0x00000003df000000, 0x00000003df000000|
|  30|0x00000003df400000, 0x00000003df400000, 0x00000003df800000|  0%| F|  |TS  0|AC  0|TAMS 0x00000003df400000, 0x00000003df400000|
|  31|0x00000003df800000, 0x00000003df800000, 0x00000003dfc00000|  0%| F|  |TS  0|AC  0|TAMS 0x00000003df800000, 0x00000003df800000|
|  32|0x00000003dfc00000, 0x00000003dfc00000, 0x00000003e0000000|  0%| F|  |TS  0|AC  0|TAMS 0x00000003dfc00000, 0x00000003dfc00000|
|  33|0x00000003e0000000, 0x00000003e0000000, 0x00000003e0400000|  0%| F|  |TS  0|AC  0|TAMS 0x00000003e0000000, 0x00000003e0000000|
|  34|0x00000003e0400000, 0x00000003e0400000, 0x00000003e0800000|  0%| F|  |TS  0|AC  0|TAMS 0x00000003e0400000, 0x00000003e0400000|
|  35|0x00000003e0800000, 0x00000003e0800000, 0x00000003e0c00000|  0%| F|  |TS  0|AC  0|TAMS 0x00000003e0800000, 0x00000003e0800000|
|  36|0x00000003e0c00000, 0x00000003e0c00000, 0x00000003e1000000|  0%| F|  |TS  0|AC  0|TAMS 0x00000003e0c00000, 0x00000003e0c00000|
|  37|0x00000003e1000000, 0x00000003e1000000, 0x00000003e1400000|  0%| F|  |TS  0|AC  0|TAMS 0x00000003e1000000, 0x00000003e1000000|
|  38|0x00000003e1400000, 0x00000003e1400000, 0x00000003e1800000|  0%| F|  |TS  0|AC  0|TAMS 0x00000003e1400000, 0x00000003e1400000|
|  39|0x00000003e1800000, 0x00000003e1800000, 0x00000003e1c00000|  0%| F|  |TS  0|AC  0|TAMS 0x00000003e1800000, 0x00000003e1800000|
|  40|0x00000003e1c00000, 0x00000003e1c00000, 0x00000003e2000000|  0%| F|  |TS  0|AC  0|TAMS 0x00000003e1c00000, 0x00000003e1c00000|
|  41|0x00000003e2000000, 0x00000003e2000000, 0x00000003e2400000|  0%| F|  |TS  0|AC  0|TAMS 0x00000003e2000000, 0x00000003e2000000|
|  42|0x00000003e2400000, 0x00000003e2400000, 0x00000003e2800000|  0%| F|  |TS  0|AC  0|TAMS 0x00000003e2400000, 0x00000003e2400000|
|  43|0x00000003e2800000, 0x00000003e2800000, 0x00000003e2c00000|  0%| F|  |TS  0|AC  0|TAMS 0x00000003e2800000, 0x00000003e2800000|
|  44|0x00000003e2c00000, 0x00000003e2c00000, 0x00000003e3000000|  0%| F|  |TS  0|AC  0|TAMS 0x00000003e2c00000, 0x00000003e2c00000|
|  45|0x00000003e3000000, 0x00000003e3000000, 0x00000003e3400000|  0%| F|  |TS  0|AC  0|TAMS 0x00000003e3000000, 0x00000003e3000000|
|  46|0x00000003e3400000, 0x00000003e3400000, 0x00000003e3800000|  0%| F|  |TS  0|AC  0|TAMS 0x00000003e3400000, 0x00000003e3400000|
|  47|0x00000003e3800000, 0x00000003e3800000, 0x00000003e3c00000|  0%| F|  |TS  0|AC  0|TAMS 0x00000003e3800000, 0x00000003e3800000|
|  48|0x00000003e3c00000, 0x00000003e3c00000, 0x00000003e4000000|  0%| F|  |TS  0|AC  0|TAMS 0x00000003e3c00000, 0x00000003e3c00000|
|  49|0x00000003e4000000, 0x00000003e4000000, 0x00000003e4400000|  0%| F|  |TS  0|AC  0|TAMS 0x00000003e4000000, 0x00000003e4000000|
|  50|0x00000003e4400000, 0x00000003e4400000, 0x00000003e4800000|  0%| F|  |TS  0|AC  0|TAMS 0x00000003e4400000, 0x00000003e4400000|
|  51|0x00000003e4800000, 0x00000003e4800000, 0x00000003e4c00000|  0%| F|  |TS  0|AC  0|TAMS 0x00000003e4800000, 0x00000003e4800000|
|  52|0x00000003e4c00000, 0x00000003e4c00000, 0x00000003e5000000|  0%| F|  |TS  0|AC  0|TAMS 0x00000003e4c00000, 0x00000003e4c00000|
|  53|0x00000003e5000000, 0x00000003e5000000, 0x00000003e5400000|  0%| F|  |TS  0|AC  0|TAMS 0x00000003e5000000, 0x00000003e5000000|
|  54|0x00000003e5400000, 0x00000003e5400000, 0x00000003e5800000|  0%| F|  |TS  0|AC  0|TAMS 0x00000003e5400000, 0x00000003e5400000|
|  55|0x00000003e5800000, 0x00000003e5800000, 0x00000003e5c00000|  0%| F|  |TS  0|AC  0|TAMS 0x00000003e5800000, 0x00000003e5800000|
|  56|0x00000003e5c00000, 0x00000003e5c00000, 0x00000003e6000000|  0%| F|  |TS  0|AC  0|TAMS 0x00000003e5c00000, 0x00000003e5c00000|
|  57|0x00000003e6000000, 0x00000003e6000000, 0x00000003e6400000|  0%| F|  |TS  0|AC  0|TAMS 0x00000003e6000000, 0x00000003e6000000|
|  58|0x00000003e6400000, 0x00000003e6400000, 0x00000003e6800000|  0%| F|  |TS  0|AC  0|TAMS 0x00000003e6400000, 0x00000003e6400000|
|  59|0x00000003e6800000, 0x00000003e6800000, 0x00000003e6c00000|  0%| F|  |TS  0|AC  0|TAMS 0x00000003e6800000, 0x00000003e6800000|
|  60|0x00000003e6c00000, 0x00000003e6c00000, 0x00000003e7000000|  0%| F|  |TS  0|AC  0|TAMS 0x00000003e6c00000, 0x00000003e6c00000|
|  61|0x00000003e7000000, 0x00000003e7000000, 0x00000003e7400000|  0%| F|  |TS  0|AC  0|TAMS 0x00000003e7000000, 0x00000003e7000000|
|  62|0x00000003e7400000, 0x00000003e7400000, 0x00000003e7800000|  0%| F|  |TS  0|AC  0|TAMS 0x00000003e7400000, 0x00000003e7400000|
|  63|0x00000003e7800000, 0x00000003e7800000, 0x00000003e7c00000|  0%| F|  |TS  0|AC  0|TAMS 0x00000003e7800000, 0x00000003e7800000|
|  64|0x00000003e7c00000, 0x00000003e7c00000, 0x00000003e8000000|  0%| F|  |TS  0|AC  0|TAMS 0x00000003e7c00000, 0x00000003e7c00000|
|  65|0x00000003e8000000, 0x00000003e8000000, 0x00000003e8400000|  0%| F|  |TS  0|AC  0|TAMS 0x00000003e8000000, 0x00000003e8000000|
|  66|0x00000003e8400000, 0x00000003e8400000, 0x00000003e8800000|  0%| F|  |TS  0|AC  0|TAMS 0x00000003e8400000, 0x00000003e8400000|
|  67|0x00000003e8800000, 0x00000003e8800000, 0x00000003e8c00000|  0%| F|  |TS  0|AC  0|TAMS 0x00000003e8800000, 0x00000003e8800000|
|  68|0x00000003e8c00000, 0x00000003e8c00000, 0x00000003e9000000|  0%| F|  |TS  0|AC  0|TAMS 0x00000003e8c00000, 0x00000003e8c00000|
|  69|0x00000003e9000000, 0x00000003e9000000, 0x00000003e9400000|  0%| F|  |TS  0|AC  0|TAMS 0x00000003e9000000, 0x00000003e9000000|
|  70|0x00000003e9400000, 0x00000003e9400000, 0x00000003e9800000|  0%| F|  |TS  0|AC  0|TAMS 0x00000003e9400000, 0x00000003e9400000|
|  71|0x00000003e9800000, 0x00000003e9800000, 0x00000003e9c00000|  0%| F|  |TS  0|AC  0|TAMS 0x00000003e9800000, 0x00000003e9800000|
|  72|0x00000003e9c00000, 0x00000003e9c00000, 0x00000003ea000000|  0%| F|  |TS  0|AC  0|TAMS 0x00000003e9c00000, 0x00000003e9c00000|
|  73|0x00000003ea000000, 0x00000003ea000000, 0x00000003ea400000|  0%| F|  |TS  0|AC  0|TAMS 0x00000003ea000000, 0x00000003ea000000|
|  74|0x00000003ea400000, 0x00000003ea400000, 0x00000003ea800000|  0%| F|  |TS  0|AC  0|TAMS 0x00000003ea400000, 0x00000003ea400000|
|  75|0x00000003ea800000, 0x00000003ea800000, 0x00000003eac00000|  0%| F|  |TS  0|AC  0|TAMS 0x00000003ea800000, 0x00000003ea800000|
|  76|0x00000003eac00000, 0x00000003eac00000, 0x00000003eb000000|  0%| F|  |TS  0|AC  0|TAMS 0x00000003eac00000, 0x00000003eac00000|
|  77|0x00000003eb000000, 0x00000003eb000000, 0x00000003eb400000|  0%| F|  |TS  0|AC  0|TAMS 0x00000003eb000000, 0x00000003eb000000|
|  78|0x00000003eb400000, 0x00000003eb400000, 0x00000003eb800000|  0%| F|  |TS  0|AC  0|TAMS 0x00000003eb400000, 0x00000003eb400000|
|  79|0x00000003eb800000, 0x00000003eb800000, 0x00000003ebc00000|  0%| F|  |TS  0|AC  0|TAMS 0x00000003eb800000, 0x00000003eb800000|
|  80|0x00000003ebc00000, 0x00000003ebc00000, 0x00000003ec000000|  0%| F|  |TS  0|AC  0|TAMS 0x00000003ebc00000, 0x00000003ebc00000|
|  81|0x00000003ec000000, 0x00000003ec000000, 0x00000003ec400000|  0%| F|  |TS  0|AC  0|TAMS 0x00000003ec000000, 0x00000003ec000000|
|  82|0x00000003ec400000, 0x00000003ec400000, 0x00000003ec800000|  0%| F|  |TS  0|AC  0|TAMS 0x00000003ec400000, 0x00000003ec400000|
|  83|0x00000003ec800000, 0x00000003ec800000, 0x00000003ecc00000|  0%| F|  |TS  0|AC  0|TAMS 0x00000003ec800000, 0x00000003ec800000|
|  84|0x00000003ecc00000, 0x00000003ecc00000, 0x00000003ed000000|  0%| F|  |TS  0|AC  0|TAMS 0x00000003ecc00000, 0x00000003ecc00000|
|  85|0x00000003ed000000, 0x00000003ed000000, 0x00000003ed400000|  0%| F|  |TS  0|AC  0|TAMS 0x00000003ed000000, 0x00000003ed000000|
|  86|0x00000003ed400000, 0x00000003ed400000, 0x00000003ed800000|  0%| F|  |TS  0|AC  0|TAMS 0x00000003ed400000, 0x00000003ed400000|
|  87|0x00000003ed800000, 0x00000003ed800000, 0x00000003edc00000|  0%| F|  |TS  0|AC  0|TAMS 0x00000003ed800000, 0x00000003ed800000|
|  88|0x00000003edc00000, 0x00000003edc00000, 0x00000003ee000000|  0%| F|  |TS  0|AC  0|TAMS 0x00000003edc00000, 0x00000003edc00000|
|  89|0x00000003ee000000, 0x00000003ee000000, 0x00000003ee400000|  0%| F|  |TS  0|AC  0|TAMS 0x00000003ee000000, 0x00000003ee000000|
|  90|0x00000003ee400000, 0x00000003ee400000, 0x00000003ee800000|  0%| F|  |TS  0|AC  0|TAMS 0x00000003ee400000, 0x00000003ee400000|
|  91|0x00000003ee800000, 0x00000003ee800000, 0x00000003eec00000|  0%| F|  |TS  0|AC  0|TAMS 0x00000003ee800000, 0x00000003ee800000|
|  92|0x00000003eec00000, 0x00000003eec00000, 0x00000003ef000000|  0%| F|  |TS  0|AC  0|TAMS 0x00000003eec00000, 0x00000003eec00000|
|  93|0x00000003ef000000, 0x00000003ef000000, 0x00000003ef400000|  0%| F|  |TS  0|AC  0|TAMS 0x00000003ef000000, 0x00000003ef000000|
|  94|0x00000003ef400000, 0x00000003ef400000, 0x00000003ef800000|  0%| F|  |TS  0|AC  0|TAMS 0x00000003ef400000, 0x00000003ef400000|
|  95|0x00000003ef800000, 0x00000003ef800000, 0x00000003efc00000|  0%| F|  |TS  0|AC  0|TAMS 0x00000003ef800000, 0x00000003ef800000|
|  96|0x00000003efc00000, 0x00000003efc00000, 0x00000003f0000000|  0%| F|  |TS  0|AC  0|TAMS 0x00000003efc00000, 0x00000003efc00000|
|  97|0x00000003f0000000, 0x00000003f0000000, 0x00000003f0400000|  0%| F|  |TS  0|AC  0|TAMS 0x00000003f0000000, 0x00000003f0000000|
|  98|0x00000003f0400000, 0x00000003f0400000, 0x00000003f0800000|  0%| F|  |TS  0|AC  0|TAMS 0x00000003f0400000, 0x00000003f0400000|
|  99|0x00000003f0800000, 0x00000003f0800000, 0x00000003f0c00000|  0%| F|  |TS  0|AC  0|TAMS 0x00000003f0800000, 0x00000003f0800000|
| 100|0x00000003f0c00000, 0x00000003f0c00000, 0x00000003f1000000|  0%| F|  |TS  0|AC  0|TAMS 0x00000003f0c00000, 0x00000003f0c00000|
| 101|0x00000003f1000000, 0x00000003f1000000, 0x00000003f1400000|  0%| F|  |TS  0|AC  0|TAMS 0x00000003f1000000, 0x00000003f1000000|
| 102|0x00000003f1400000, 0x00000003f1400000, 0x00000003f1800000|  0%| F|  |TS  0|AC  0|TAMS 0x00000003f1400000, 0x00000003f1400000|
| 103|0x00000003f1800000, 0x00000003f1800000, 0x00000003f1c00000|  0%| F|  |TS  0|AC  0|TAMS 0x00000003f1800000, 0x00000003f1800000|
| 104|0x00000003f1c00000, 0x00000003f1c00000, 0x00000003f2000000|  0%| F|  |TS  0|AC  0|TAMS 0x00000003f1c00000, 0x00000003f1c00000|
| 105|0x00000003f2000000, 0x00000003f2000000, 0x00000003f2400000|  0%| F|  |TS  0|AC  0|TAMS 0x00000003f2000000, 0x00000003f2000000|
| 106|0x00000003f2400000, 0x00000003f2400000, 0x00000003f2800000|  0%| F|  |TS  0|AC  0|TAMS 0x00000003f2400000, 0x00000003f2400000|
| 107|0x00000003f2800000, 0x00000003f2800000, 0x00000003f2c00000|  0%| F|  |TS  0|AC  0|TAMS 0x00000003f2800000, 0x00000003f2800000|
| 108|0x00000003f2c00000, 0x00000003f2c00000, 0x00000003f3000000|  0%| F|  |TS  0|AC  0|TAMS 0x00000003f2c00000, 0x00000003f2c00000|
| 109|0x00000003f3000000, 0x00000003f3000000, 0x00000003f3400000|  0%| F|  |TS  0|AC  0|TAMS 0x00000003f3000000, 0x00000003f3000000|
| 110|0x00000003f3400000, 0x00000003f3400000, 0x00000003f3800000|  0%| F|  |TS  0|AC  0|TAMS 0x00000003f3400000, 0x00000003f3400000|
| 111|0x00000003f3800000, 0x00000003f3800000, 0x00000003f3c00000|  0%| F|  |TS  0|AC  0|TAMS 0x00000003f3800000, 0x00000003f3800000|
| 112|0x00000003f3c00000, 0x00000003f3c00000, 0x00000003f4000000|  0%| F|  |TS  0|AC  0|TAMS 0x00000003f3c00000, 0x00000003f3c00000|
| 113|0x00000003f4000000, 0x00000003f4000000, 0x00000003f4400000|  0%| F|  |TS  0|AC  0|TAMS 0x00000003f4000000, 0x00000003f4000000|
| 114|0x00000003f4400000, 0x00000003f4400000, 0x00000003f4800000|  0%| F|  |TS  0|AC  0|TAMS 0x00000003f4400000, 0x00000003f4400000|
| 115|0x00000003f4800000, 0x00000003f4800000, 0x00000003f4c00000|  0%| F|  |TS  0|AC  0|TAMS 0x00000003f4800000, 0x00000003f4800000|
| 116|0x00000003f4c00000, 0x00000003f4c00000, 0x00000003f5000000|  0%| F|  |TS  0|AC  0|TAMS 0x00000003f4c00000, 0x00000003f4c00000|
| 117|0x00000003f5000000, 0x00000003f5000000, 0x00000003f5400000|  0%| F|  |TS  0|AC  0|TAMS 0x00000003f5000000, 0x00000003f5000000|
| 118|0x00000003f5400000, 0x00000003f5400000, 0x00000003f5800000|  0%| F|  |TS  0|AC  0|TAMS 0x00000003f5400000, 0x00000003f5400000|
| 119|0x00000003f5800000, 0x00000003f5800000, 0x00000003f5c00000|  0%| F|  |TS  0|AC  0|TAMS 0x00000003f5800000, 0x00000003f5800000|
| 120|0x00000003f5c00000, 0x00000003f5c00000, 0x00000003f6000000|  0%| F|  |TS  0|AC  0|TAMS 0x00000003f5c00000, 0x00000003f5c00000|
| 121|0x00000003f6000000, 0x00000003f6000000, 0x00000003f6400000|  0%| F|  |TS  0|AC  0|TAMS 0x00000003f6000000, 0x00000003f6000000|
| 122|0x00000003f6400000, 0x00000003f6400000, 0x00000003f6800000|  0%| F|  |TS  0|AC  0|TAMS 0x00000003f6400000, 0x00000003f6400000|
| 123|0x00000003f6800000, 0x00000003f6800000, 0x00000003f6c00000|  0%| F|  |TS  0|AC  0|TAMS 0x00000003f6800000, 0x00000003f6800000|
| 124|0x00000003f6c00000, 0x00000003f6c00000, 0x00000003f7000000|  0%| F|  |TS  0|AC  0|TAMS 0x00000003f6c00000, 0x00000003f6c00000|
| 125|0x00000003f7000000, 0x00000003f7000000, 0x00000003f7400000|  0%| F|  |TS  0|AC  0|TAMS 0x00000003f7000000, 0x00000003f7000000|
| 126|0x00000003f7400000, 0x00000003f7400000, 0x00000003f7800000|  0%| F|  |TS  0|AC  0|TAMS 0x00000003f7400000, 0x00000003f7400000|
| 127|0x00000003f7800000, 0x00000003f7800000, 0x00000003f7c00000|  0%| F|  |TS  0|AC  0|TAMS 0x00000003f7800000, 0x00000003f7800000|
| 128|0x00000003f7c00000, 0x00000003f7c00000, 0x00000003f8000000|  0%| F|  |TS  0|AC  0|TAMS 0x00000003f7c00000, 0x00000003f7c00000|
| 129|0x00000003f8000000, 0x00000003f8000000, 0x00000003f8400000|  0%| F|  |TS  0|AC  0|TAMS 0x00000003f8000000, 0x00000003f8000000|
| 130|0x00000003f8400000, 0x00000003f8400000, 0x00000003f8800000|  0%| F|  |TS  0|AC  0|TAMS 0x00000003f8400000, 0x00000003f8400000|
| 131|0x00000003f8800000, 0x00000003f8800000, 0x00000003f8c00000|  0%| F|  |TS  0|AC  0|TAMS 0x00000003f8800000, 0x00000003f8800000|
| 132|0x00000003f8c00000, 0x00000003f8c00000, 0x00000003f9000000|  0%| F|  |TS  0|AC  0|TAMS 0x00000003f8c00000, 0x00000003f8c00000|
| 133|0x00000003f9000000, 0x00000003f9000000, 0x00000003f9400000|  0%| F|  |TS  0|AC  0|TAMS 0x00000003f9000000, 0x00000003f9000000|
| 134|0x00000003f9400000, 0x00000003f9400000, 0x00000003f9800000|  0%| F|  |TS  0|AC  0|TAMS 0x00000003f9400000, 0x00000003f9400000|
| 135|0x00000003f9800000, 0x00000003f9800000, 0x00000003f9c00000|  0%| F|  |TS  0|AC  0|TAMS 0x00000003f9800000, 0x00000003f9800000|
| 136|0x00000003f9c00000, 0x00000003f9c00000, 0x00000003fa000000|  0%| F|  |TS  0|AC  0|TAMS 0x00000003f9c00000, 0x00000003f9c00000|
| 137|0x00000003fa000000, 0x00000003fa000000, 0x00000003fa400000|  0%| F|  |TS  0|AC  0|TAMS 0x00000003fa000000, 0x00000003fa000000|
| 138|0x00000003fa400000, 0x00000003fa400000, 0x00000003fa800000|  0%| F|  |TS  0|AC  0|TAMS 0x00000003fa400000, 0x00000003fa400000|
| 139|0x00000003fa800000, 0x00000003fa800000, 0x00000003fac00000|  0%| F|  |TS  0|AC  0|TAMS 0x00000003fa800000, 0x00000003fa800000|
| 140|0x00000003fac00000, 0x00000003fac00000, 0x00000003fb000000|  0%| F|  |TS  0|AC  0|TAMS 0x00000003fac00000, 0x00000003fac00000|
| 141|0x00000003fb000000, 0x00000003fb000000, 0x00000003fb400000|  0%| F|  |TS  0|AC  0|TAMS 0x00000003fb000000, 0x00000003fb000000|
| 142|0x00000003fb400000, 0x00000003fb400000, 0x00000003fb800000|  0%| F|  |TS  0|AC  0|TAMS 0x00000003fb400000, 0x00000003fb400000|
| 143|0x00000003fb800000, 0x00000003fb800000, 0x00000003fbc00000|  0%| F|  |TS  0|AC  0|TAMS 0x00000003fb800000, 0x00000003fb800000|
| 144|0x00000003fbc00000, 0x00000003fbc00000, 0x00000003fc000000|  0%| F|  |TS  0|AC  0|TAMS 0x00000003fbc00000, 0x00000003fbc00000|
| 145|0x00000003fc000000, 0x00000003fc000000, 0x00000003fc400000|  0%| F|  |TS  0|AC  0|TAMS 0x00000003fc000000, 0x00000003fc000000|
| 146|0x00000003fc400000, 0x00000003fc400000, 0x00000003fc800000|  0%| F|  |TS  0|AC  0|TAMS 0x00000003fc400000, 0x00000003fc400000|
| 147|0x00000003fc800000, 0x00000003fc800000, 0x00000003fcc00000|  0%| F|  |TS  0|AC  0|TAMS 0x00000003fc800000, 0x00000003fc800000|
| 148|0x00000003fcc00000, 0x00000003fcc00000, 0x00000003fd000000|  0%| F|  |TS  0|AC  0|TAMS 0x00000003fcc00000, 0x00000003fcc00000|
| 149|0x00000003fd000000, 0x00000003fd000000, 0x00000003fd400000|  0%| F|  |TS  0|AC  0|TAMS 0x00000003fd000000, 0x00000003fd000000|
| 150|0x00000003fd400000, 0x00000003fd400000, 0x00000003fd800000|  0%| F|  |TS  0|AC  0|TAMS 0x00000003fd400000, 0x00000003fd400000|
| 151|0x00000003fd800000, 0x00000003fd800000, 0x00000003fdc00000|  0%| F|  |TS  0|AC  0|TAMS 0x00000003fd800000, 0x00000003fd800000|
| 152|0x00000003fdc00000, 0x00000003fdc00000, 0x00000003fe000000|  0%| F|  |TS  0|AC  0|TAMS 0x00000003fdc00000, 0x00000003fdc00000|
| 153|0x00000003fe000000, 0x00000003fe000000, 0x00000003fe400000|  0%| F|  |TS  0|AC  0|TAMS 0x00000003fe000000, 0x00000003fe000000|
| 154|0x00000003fe400000, 0x00000003fe400000, 0x00000003fe800000|  0%| F|  |TS  0|AC  0|TAMS 0x00000003fe400000, 0x00000003fe400000|
| 155|0x00000003fe800000, 0x00000003fe800000, 0x00000003fec00000|  0%| F|  |TS  0|AC  0|TAMS 0x00000003fe800000, 0x00000003fe800000|
| 156|0x00000003fec00000, 0x00000003fec00000, 0x00000003ff000000|  0%| F|  |TS  0|AC  0|TAMS 0x00000003fec00000, 0x00000003fec00000|
| 157|0x00000003ff000000, 0x00000003ff000000, 0x00000003ff400000|  0%| F|  |TS  0|AC  0|TAMS 0x00000003ff000000, 0x00000003ff000000|
| 158|0x00000003ff400000, 0x00000003ff400000, 0x00000003ff800000|  0%| F|  |TS  0|AC  0|TAMS 0x00000003ff400000, 0x00000003ff400000|
| 159|0x00000003ff800000, 0x00000003ff800000, 0x00000003ffc00000|  0%| F|  |TS  0|AC  0|TAMS 0x00000003ff800000, 0x00000003ff800000|
| 160|0x00000003ffc00000, 0x00000003ffc00000, 0x0000000400000000|  0%| F|  |TS  0|AC  0|TAMS 0x00000003ffc00000, 0x00000003ffc00000|
| 161|0x0000000400000000, 0x0000000400000000, 0x0000000400400000|  0%| F|  |TS  0|AC  0|TAMS 0x0000000400000000, 0x0000000400000000|
| 162|0x0000000400400000, 0x0000000400400000, 0x0000000400800000|  0%| F|  |TS  0|AC  0|TAMS 0x0000000400400000, 0x0000000400400000|
| 163|0x0000000400800000, 0x0000000400800000, 0x0000000400c00000|  0%| F|  |TS  0|AC  0|TAMS 0x0000000400800000, 0x0000000400800000|
| 164|0x0000000400c00000, 0x0000000400c00000, 0x0000000401000000|  0%| F|  |TS  0|AC  0|TAMS 0x0000000400c00000, 0x0000000400c00000|
| 165|0x0000000401000000, 0x0000000401000000, 0x0000000401400000|  0%| F|  |TS  0|AC  0|TAMS 0x0000000401000000, 0x0000000401000000|
| 166|0x0000000401400000, 0x0000000401400000, 0x0000000401800000|  0%| F|  |TS  0|AC  0|TAMS 0x0000000401400000, 0x0000000401400000|
| 167|0x0000000401800000, 0x0000000401800000, 0x0000000401c00000|  0%| F|  |TS  0|AC  0|TAMS 0x0000000401800000, 0x0000000401800000|
| 168|0x0000000401c00000, 0x0000000401c00000, 0x0000000402000000|  0%| F|  |TS  0|AC  0|TAMS 0x0000000401c00000, 0x0000000401c00000|
| 169|0x0000000402000000, 0x0000000402000000, 0x0000000402400000|  0%| F|  |TS  0|AC  0|TAMS 0x0000000402000000, 0x0000000402000000|
| 170|0x0000000402400000, 0x0000000402400000, 0x0000000402800000|  0%| F|  |TS  0|AC  0|TAMS 0x0000000402400000, 0x0000000402400000|
| 171|0x0000000402800000, 0x0000000402800000, 0x0000000402c00000|  0%| F|  |TS  0|AC  0|TAMS 0x0000000402800000, 0x0000000402800000|
| 172|0x0000000402c00000, 0x0000000402c00000, 0x0000000403000000|  0%| F|  |TS  0|AC  0|TAMS 0x0000000402c00000, 0x0000000402c00000|
| 173|0x0000000403000000, 0x0000000403000000, 0x0000000403400000|  0%| F|  |TS  0|AC  0|TAMS 0x0000000403000000, 0x0000000403000000|
| 174|0x0000000403400000, 0x0000000403400000, 0x0000000403800000|  0%| F|  |TS  0|AC  0|TAMS 0x0000000403400000, 0x0000000403400000|
| 175|0x0000000403800000, 0x0000000403800000, 0x0000000403c00000|  0%| F|  |TS  0|AC  0|TAMS 0x0000000403800000, 0x0000000403800000|
| 176|0x0000000403c00000, 0x0000000403c00000, 0x0000000404000000|  0%| F|  |TS  0|AC  0|TAMS 0x0000000403c00000, 0x0000000403c00000|
| 177|0x0000000404000000, 0x0000000404000000, 0x0000000404400000|  0%| F|  |TS  0|AC  0|TAMS 0x0000000404000000, 0x0000000404000000|
| 178|0x0000000404400000, 0x0000000404400000, 0x0000000404800000|  0%| F|  |TS  0|AC  0|TAMS 0x0000000404400000, 0x0000000404400000|
| 179|0x0000000404800000, 0x0000000404800000, 0x0000000404c00000|  0%| F|  |TS  0|AC  0|TAMS 0x0000000404800000, 0x0000000404800000|
| 180|0x0000000404c00000, 0x0000000404c00000, 0x0000000405000000|  0%| F|  |TS  0|AC  0|TAMS 0x0000000404c00000, 0x0000000404c00000|
| 181|0x0000000405000000, 0x0000000405000000, 0x0000000405400000|  0%| F|  |TS  0|AC  0|TAMS 0x0000000405000000, 0x0000000405000000|
| 182|0x0000000405400000, 0x0000000405400000, 0x0000000405800000|  0%| F|  |TS  0|AC  0|TAMS 0x0000000405400000, 0x0000000405400000|
| 183|0x0000000405800000, 0x0000000405800000, 0x0000000405c00000|  0%| F|  |TS  0|AC  0|TAMS 0x0000000405800000, 0x0000000405800000|
| 184|0x0000000405c00000, 0x0000000405c00000, 0x0000000406000000|  0%| F|  |TS  0|AC  0|TAMS 0x0000000405c00000, 0x0000000405c00000|
| 185|0x0000000406000000, 0x0000000406000000, 0x0000000406400000|  0%| F|  |TS  0|AC  0|TAMS 0x0000000406000000, 0x0000000406000000|
| 186|0x0000000406400000, 0x0000000406400000, 0x0000000406800000|  0%| F|  |TS  0|AC  0|TAMS 0x0000000406400000, 0x0000000406400000|
| 187|0x0000000406800000, 0x0000000406800000, 0x0000000406c00000|  0%| F|  |TS  0|AC  0|TAMS 0x0000000406800000, 0x0000000406800000|
| 188|0x0000000406c00000, 0x0000000406c00000, 0x0000000407000000|  0%| F|  |TS  0|AC  0|TAMS 0x0000000406c00000, 0x0000000406c00000|
| 189|0x0000000407000000, 0x0000000407000000, 0x0000000407400000|  0%| F|  |TS  0|AC  0|TAMS 0x0000000407000000, 0x0000000407000000|
| 190|0x0000000407400000, 0x0000000407400000, 0x0000000407800000|  0%| F|  |TS  0|AC  0|TAMS 0x0000000407400000, 0x0000000407400000|
| 191|0x0000000407800000, 0x0000000407800000, 0x0000000407c00000|  0%| F|  |TS  0|AC  0|TAMS 0x0000000407800000, 0x0000000407800000|
| 192|0x0000000407c00000, 0x0000000407c00000, 0x0000000408000000|  0%| F|  |TS  0|AC  0|TAMS 0x0000000407c00000, 0x0000000407c00000|
| 193|0x0000000408000000, 0x0000000408000000, 0x0000000408400000|  0%| F|  |TS  0|AC  0|TAMS 0x0000000408000000, 0x0000000408000000|
| 194|0x0000000408400000, 0x0000000408400000, 0x0000000408800000|  0%| F|  |TS  0|AC  0|TAMS 0x0000000408400000, 0x0000000408400000|
| 195|0x0000000408800000, 0x0000000408800000, 0x0000000408c00000|  0%| F|  |TS  0|AC  0|TAMS 0x0000000408800000, 0x0000000408800000|
| 196|0x0000000408c00000, 0x0000000408c00000, 0x0000000409000000|  0%| F|  |TS  0|AC  0|TAMS 0x0000000408c00000, 0x0000000408c00000|
| 197|0x0000000409000000, 0x0000000409000000, 0x0000000409400000|  0%| F|  |TS  0|AC  0|TAMS 0x0000000409000000, 0x0000000409000000|
| 198|0x0000000409400000, 0x0000000409400000, 0x0000000409800000|  0%| F|  |TS  0|AC  0|TAMS 0x0000000409400000, 0x0000000409400000|
| 199|0x0000000409800000, 0x0000000409800000, 0x0000000409c00000|  0%| F|  |TS  0|AC  0|TAMS 0x0000000409800000, 0x0000000409800000|
| 200|0x0000000409c00000, 0x0000000409c00000, 0x000000040a000000|  0%| F|  |TS  0|AC  0|TAMS 0x0000000409c00000, 0x0000000409c00000|
| 201|0x000000040a000000, 0x000000040a000000, 0x000000040a400000|  0%| F|  |TS  0|AC  0|TAMS 0x000000040a000000, 0x000000040a000000|
| 202|0x000000040a400000, 0x000000040a400000, 0x000000040a800000|  0%| F|  |TS  0|AC  0|TAMS 0x000000040a400000, 0x000000040a400000|
| 203|0x000000040a800000, 0x000000040a800000, 0x000000040ac00000|  0%| F|  |TS  0|AC  0|TAMS 0x000000040a800000, 0x000000040a800000|
| 204|0x000000040ac00000, 0x000000040ac00000, 0x000000040b000000|  0%| F|  |TS  0|AC  0|TAMS 0x000000040ac00000, 0x000000040ac00000|
| 205|0x000000040b000000, 0x000000040b000000, 0x000000040b400000|  0%| F|  |TS  0|AC  0|TAMS 0x000000040b000000, 0x000000040b000000|
| 206|0x000000040b400000, 0x000000040b400000, 0x000000040b800000|  0%| F|  |TS  0|AC  0|TAMS 0x000000040b400000, 0x000000040b400000|
| 207|0x000000040b800000, 0x000000040b800000, 0x000000040bc00000|  0%| F|  |TS  0|AC  0|TAMS 0x000000040b800000, 0x000000040b800000|
| 208|0x000000040bc00000, 0x000000040bc00000, 0x000000040c000000|  0%| F|  |TS  0|AC  0|TAMS 0x000000040bc00000, 0x000000040bc00000|
| 209|0x000000040c000000, 0x000000040c000000, 0x000000040c400000|  0%| F|  |TS  0|AC  0|TAMS 0x000000040c000000, 0x000000040c000000|
| 210|0x000000040c400000, 0x000000040c400000, 0x000000040c800000|  0%| F|  |TS  0|AC  0|TAMS 0x000000040c400000, 0x000000040c400000|
| 211|0x000000040c800000, 0x000000040c800000, 0x000000040cc00000|  0%| F|  |TS  0|AC  0|TAMS 0x000000040c800000, 0x000000040c800000|
| 212|0x000000040cc00000, 0x000000040cc00000, 0x000000040d000000|  0%| F|  |TS  0|AC  0|TAMS 0x000000040cc00000, 0x000000040cc00000|
| 213|0x000000040d000000, 0x000000040d000000, 0x000000040d400000|  0%| F|  |TS  0|AC  0|TAMS 0x000000040d000000, 0x000000040d000000|
| 214|0x000000040d400000, 0x000000040d400000, 0x000000040d800000|  0%| F|  |TS  0|AC  0|TAMS 0x000000040d400000, 0x000000040d400000|
| 215|0x000000040d800000, 0x000000040d800000, 0x000000040dc00000|  0%| F|  |TS  0|AC  0|TAMS 0x000000040d800000, 0x000000040d800000|
| 216|0x000000040dc00000, 0x000000040dc00000, 0x000000040e000000|  0%| F|  |TS  0|AC  0|TAMS 0x000000040dc00000, 0x000000040dc00000|
| 217|0x000000040e000000, 0x000000040e000000, 0x000000040e400000|  0%| F|  |TS  0|AC  0|TAMS 0x000000040e000000, 0x000000040e000000|
| 218|0x000000040e400000, 0x000000040e400000, 0x000000040e800000|  0%| F|  |TS  0|AC  0|TAMS 0x000000040e400000, 0x000000040e400000|
| 219|0x000000040e800000, 0x000000040e800000, 0x000000040ec00000|  0%| F|  |TS  0|AC  0|TAMS 0x000000040e800000, 0x000000040e800000|
| 220|0x000000040ec00000, 0x000000040ec00000, 0x000000040f000000|  0%| F|  |TS  0|AC  0|TAMS 0x000000040ec00000, 0x000000040ec00000|
| 221|0x000000040f000000, 0x000000040f000000, 0x000000040f400000|  0%| F|  |TS  0|AC  0|TAMS 0x000000040f000000, 0x000000040f000000|
| 222|0x000000040f400000, 0x000000040f400000, 0x000000040f800000|  0%| F|  |TS  0|AC  0|TAMS 0x000000040f400000, 0x000000040f400000|
| 223|0x000000040f800000, 0x000000040f800000, 0x000000040fc00000|  0%| F|  |TS  0|AC  0|TAMS 0x000000040f800000, 0x000000040f800000|
| 224|0x000000040fc00000, 0x000000040fc00000, 0x0000000410000000|  0%| F|  |TS  0|AC  0|TAMS 0x000000040fc00000, 0x000000040fc00000|
| 225|0x0000000410000000, 0x0000000410000000, 0x0000000410400000|  0%| F|  |TS  0|AC  0|TAMS 0x0000000410000000, 0x0000000410000000|
| 226|0x0000000410400000, 0x0000000410400000, 0x0000000410800000|  0%| F|  |TS  0|AC  0|TAMS 0x0000000410400000, 0x0000000410400000|
| 227|0x0000000410800000, 0x0000000410800000, 0x0000000410c00000|  0%| F|  |TS  0|AC  0|TAMS 0x0000000410800000, 0x0000000410800000|
| 228|0x0000000410c00000, 0x0000000410c00000, 0x0000000411000000|  0%| F|  |TS  0|AC  0|TAMS 0x0000000410c00000, 0x0000000410c00000|
| 229|0x0000000411000000, 0x0000000411000000, 0x0000000411400000|  0%| F|  |TS  0|AC  0|TAMS 0x0000000411000000, 0x0000000411000000|
| 230|0x0000000411400000, 0x0000000411400000, 0x0000000411800000|  0%| F|  |TS  0|AC  0|TAMS 0x0000000411400000, 0x0000000411400000|
| 231|0x0000000411800000, 0x0000000411800000, 0x0000000411c00000|  0%| F|  |TS  0|AC  0|TAMS 0x0000000411800000, 0x0000000411800000|
| 232|0x0000000411c00000, 0x0000000411c00000, 0x0000000412000000|  0%| F|  |TS  0|AC  0|TAMS 0x0000000411c00000, 0x0000000411c00000|
| 233|0x0000000412000000, 0x0000000412000000, 0x0000000412400000|  0%| F|  |TS  0|AC  0|TAMS 0x0000000412000000, 0x0000000412000000|
| 234|0x0000000412400000, 0x0000000412400000, 0x0000000412800000|  0%| F|  |TS  0|AC  0|TAMS 0x0000000412400000, 0x0000000412400000|
| 235|0x0000000412800000, 0x0000000412800000, 0x0000000412c00000|  0%| F|  |TS  0|AC  0|TAMS 0x0000000412800000, 0x0000000412800000|
| 236|0x0000000412c00000, 0x0000000412c00000, 0x0000000413000000|  0%| F|  |TS  0|AC  0|TAMS 0x0000000412c00000, 0x0000000412c00000|
| 237|0x0000000413000000, 0x0000000413000000, 0x0000000413400000|  0%| F|  |TS  0|AC  0|TAMS 0x0000000413000000, 0x0000000413000000|
| 238|0x0000000413400000, 0x0000000413400000, 0x0000000413800000|  0%| F|  |TS  0|AC  0|TAMS 0x0000000413400000, 0x0000000413400000|
| 239|0x0000000413800000, 0x0000000413800000, 0x0000000413c00000|  0%| F|  |TS  0|AC  0|TAMS 0x0000000413800000, 0x0000000413800000|
| 240|0x0000000413c00000, 0x0000000413c00000, 0x0000000414000000|  0%| F|  |TS  0|AC  0|TAMS 0x0000000413c00000, 0x0000000413c00000|
| 241|0x0000000414000000, 0x0000000414000000, 0x0000000414400000|  0%| F|  |TS  0|AC  0|TAMS 0x0000000414000000, 0x0000000414000000|
| 242|0x0000000414400000, 0x0000000414400000, 0x0000000414800000|  0%| F|  |TS  0|AC  0|TAMS 0x0000000414400000, 0x0000000414400000|
| 243|0x0000000414800000, 0x0000000414800000, 0x0000000414c00000|  0%| F|  |TS  0|AC  0|TAMS 0x0000000414800000, 0x0000000414800000|
| 244|0x0000000414c00000, 0x0000000414c00000, 0x0000000415000000|  0%| F|  |TS  0|AC  0|TAMS 0x0000000414c00000, 0x0000000414c00000|
| 245|0x0000000415000000, 0x0000000415000000, 0x0000000415400000|  0%| F|  |TS  0|AC  0|TAMS 0x0000000415000000, 0x0000000415000000|
| 246|0x0000000415400000, 0x0000000415400000, 0x0000000415800000|  0%| F|  |TS  0|AC  0|TAMS 0x0000000415400000, 0x0000000415400000|
| 247|0x0000000415800000, 0x0000000415800000, 0x0000000415c00000|  0%| F|  |TS  0|AC  0|TAMS 0x0000000415800000, 0x0000000415800000|
| 248|0x0000000415c00000, 0x0000000415fd7960, 0x0000000416000000| 96%| E|  |TS  0|AC  0|TAMS 0x0000000415c00000, 0x0000000415c00000|
| 249|0x0000000416000000, 0x0000000416400000, 0x0000000416400000|100%| E|CS|TS  0|AC  0|TAMS 0x0000000416000000, 0x0000000416000000|
| 250|0x0000000416400000, 0x0000000416800000, 0x0000000416800000|100%| E|CS|TS  0|AC  0|TAMS 0x0000000416400000, 0x0000000416400000|

Card table byte_map: [0x00007fc58c17c000,0x00007fc58e0be000] byte_map_base: 0x00007fc58a2be000

Marking Bits (Prev, Next): (CMBitMap*) 0x00007fc65409e820, (CMBitMap*) 0x00007fc65409e858
 Prev Bits: [0x00007fc57a82a000, 0x00007fc58a23a000)
 Next Bits: [0x00007fc56ae1a000, 0x00007fc57a82a000)

Polling page: 0x00007fc65c0bd000

CodeHeap 'non-profiled nmethods': size=119172Kb used=139Kb max_used=139Kb free=119032Kb
 bounds [0x00007fc6416e2000, 0x00007fc641952000, 0x00007fc648b43000]
CodeHeap 'profiled nmethods': size=119172Kb used=302Kb max_used=302Kb free=118869Kb
 bounds [0x00007fc63a281000, 0x00007fc63a4f1000, 0x00007fc6416e2000]
CodeHeap 'non-nmethods': size=7416Kb used=2826Kb max_used=2869Kb free=4589Kb
 bounds [0x00007fc639b43000, 0x00007fc639e13000, 0x00007fc63a281000]
 total_blobs=610 nmethods=229 adapters=168
 compilation: enabled

Compilation events (10 events):
Event: 0.522 Thread 0x00007fc6542b9800  223       4       java.nio.ByteBuffer::flip (7 bytes)
Event: 0.522 Thread 0x00007fc6542b0800  229   !   4       java.io.PrintStream::newLine (73 bytes)
Event: 0.522 Thread 0x00007fc6542b9800 nmethod 223 0x00007fc6416fa310 code [0x00007fc6416fa4a0, 0x00007fc6416fa518]
Event: 0.524 Thread 0x00007fc6542af000 nmethod 224 0x00007fc6416fa590 code [0x00007fc6416fa7c0, 0x00007fc6416fb588]
Event: 0.526 Thread 0x00007fc6542b4000 nmethod 222 0x00007fc6416fbc10 code [0x00007fc6416fbe80, 0x00007fc6416fcfa8]
Event: 0.536 Thread 0x00007fc6542b7800 nmethod 218 0x00007fc6416fd890 code [0x00007fc6416fda40, 0x00007fc6416fdd98]
Event: 0.536 Thread 0x00007fc6542b0800 nmethod 229 0x00007fc6416fe010 code [0x00007fc6416fe260, 0x00007fc6416ff488]
Event: 0.536 Thread 0x00007fc6542b2800 nmethod 228 0x00007fc6416ffe90 code [0x00007fc6417000c0, 0x00007fc641701098]
Event: 0.553 Thread 0x00007fc6542ad000 nmethod 227 0x00007fc641701990 code [0x00007fc641701c80, 0x00007fc641703b40]
Event: 0.763 Thread 0x00007fc6542bb000  230 %     3       org.eclipse.core.runtime.adaptor.EclipseStarter::main @ 4600 (7592 bytes)

GC Heap History (0 events):
No events

Deoptimization events (0 events):
No events

Classes redefined (0 events):
No events

Internal exceptions (0 events):
No events

Events (10 events):
Event: 0.477 Thread 0x00007fc654011800 DEOPT PACKING pc=0x00007fc63a2af1a4 sp=0x00007fc65a767960
Event: 0.477 Thread 0x00007fc654011800 DEOPT UNPACKING pc=0x00007fc639b90aab sp=0x00007fc65a766f48 mode 0
Event: 0.477 Thread 0x00007fc654011800 DEOPT PACKING pc=0x00007fc63a2af1a4 sp=0x00007fc65a767960
Event: 0.477 Thread 0x00007fc654011800 DEOPT UNPACKING pc=0x00007fc639b90aab sp=0x00007fc65a766f48 mode 0
Event: 0.477 Thread 0x00007fc654011800 DEOPT PACKING pc=0x00007fc63a2af1a4 sp=0x00007fc65a767960
Event: 0.477 Thread 0x00007fc654011800 DEOPT UNPACKING pc=0x00007fc639b90aab sp=0x00007fc65a766f48 mode 0
Event: 0.477 Thread 0x00007fc654011800 DEOPT PACKING pc=0x00007fc63a2af1a4 sp=0x00007fc65a767960
Event: 0.477 Thread 0x00007fc654011800 DEOPT UNPACKING pc=0x00007fc639b90aab sp=0x00007fc65a766f48 mode 0
Event: 0.477 Thread 0x00007fc654011800 DEOPT PACKING pc=0x00007fc63a2af1a4 sp=0x00007fc65a767960
Event: 0.477 Thread 0x00007fc654011800 DEOPT UNPACKING pc=0x00007fc639b90aab sp=0x00007fc65a766f48 mode 0


Dynamic libraries:
00400000-00401000 r-xp 00000000 00:65 77077150                           /root/oracle/jdk-9.0.4/bin/java
00600000-00601000 rw-p 00000000 00:65 77077150                           /root/oracle/jdk-9.0.4/bin/java
01f3b000-01f5c000 rw-p 00000000 00:00 0                                  [heap]
3d7c00000-416800000 rw-p 00000000 00:00 0 
416800000-7c0000000 ---p 00000000 00:00 0 
7c0000000-7c0080000 rw-p 00000000 00:00 0 
7c0080000-800000000 ---p 00000000 00:00 0 
7fc4f8000000-7fc4f8021000 rw-p 00000000 00:00 0 
7fc4f8021000-7fc4fc000000 ---p 00000000 00:00 0 
7fc500000000-7fc500021000 rw-p 00000000 00:00 0 
7fc500021000-7fc504000000 ---p 00000000 00:00 0 
7fc504000000-7fc504021000 rw-p 00000000 00:00 0 
7fc504021000-7fc508000000 ---p 00000000 00:00 0 
7fc508000000-7fc50803b000 rw-p 00000000 00:00 0 
7fc50803b000-7fc50c000000 ---p 00000000 00:00 0 
7fc50c000000-7fc50c021000 rw-p 00000000 00:00 0 
7fc50c021000-7fc510000000 ---p 00000000 00:00 0 
7fc510000000-7fc51003b000 rw-p 00000000 00:00 0 
7fc51003b000-7fc514000000 ---p 00000000 00:00 0 
7fc514000000-7fc514055000 rw-p 00000000 00:00 0 
7fc514055000-7fc518000000 ---p 00000000 00:00 0 
7fc518000000-7fc51803f000 rw-p 00000000 00:00 0 
7fc51803f000-7fc51c000000 ---p 00000000 00:00 0 
7fc51c000000-7fc51c0b6000 rw-p 00000000 00:00 0 
7fc51c0b6000-7fc520000000 ---p 00000000 00:00 0 
7fc520000000-7fc5200f4000 rw-p 00000000 00:00 0 
7fc5200f4000-7fc524000000 ---p 00000000 00:00 0 
7fc524000000-7fc524137000 rw-p 00000000 00:00 0 
7fc524137000-7fc528000000 ---p 00000000 00:00 0 
7fc528000000-7fc5280f0000 rw-p 00000000 00:00 0 
7fc5280f0000-7fc52c000000 ---p 00000000 00:00 0 
7fc52c000000-7fc52c182000 rw-p 00000000 00:00 0 
7fc52c182000-7fc530000000 ---p 00000000 00:00 0 
7fc530000000-7fc5300ad000 rw-p 00000000 00:00 0 
7fc5300ad000-7fc534000000 ---p 00000000 00:00 0 
7fc534000000-7fc5340e6000 rw-p 00000000 00:00 0 
7fc5340e6000-7fc538000000 ---p 00000000 00:00 0 
7fc538000000-7fc538021000 rw-p 00000000 00:00 0 
7fc538021000-7fc53c000000 ---p 00000000 00:00 0 
7fc53c000000-7fc53c21f000 rw-p 00000000 00:00 0 
7fc53c21f000-7fc540000000 ---p 00000000 00:00 0 
7fc540000000-7fc540021000 rw-p 00000000 00:00 0 
7fc540021000-7fc544000000 ---p 00000000 00:00 0 
7fc544000000-7fc544021000 rw-p 00000000 00:00 0 
7fc544021000-7fc548000000 ---p 00000000 00:00 0 
7fc548000000-7fc548021000 rw-p 00000000 00:00 0 
7fc548021000-7fc54c000000 ---p 00000000 00:00 0 
7fc54c000000-7fc54c021000 rw-p 00000000 00:00 0 
7fc54c021000-7fc550000000 ---p 00000000 00:00 0 
7fc55219a000-7fc5524c8000 rw-p 00000000 00:00 0 
7fc5524c8000-7fc5524c9000 ---p 00000000 00:00 0 
7fc5524c9000-7fc5525ca000 rw-p 00000000 00:00 0 
7fc5525ca000-7fc5525ce000 ---p 00000000 00:00 0 
7fc5525ce000-7fc5526cb000 rw-p 00000000 00:00 0 
7fc5526cb000-7fc5526cf000 ---p 00000000 00:00 0 
7fc5526cf000-7fc5527cc000 rw-p 00000000 00:00 0 
7fc5527cc000-7fc5527e2000 r-xp 00000000 00:65 77077477                   /root/oracle/jdk-9.0.4/lib/libnet.so
7fc5527e2000-7fc5529e2000 ---p 00016000 00:65 77077477                   /root/oracle/jdk-9.0.4/lib/libnet.so
7fc5529e2000-7fc5529e3000 rw-p 00016000 00:65 77077477                   /root/oracle/jdk-9.0.4/lib/libnet.so
7fc5529e3000-7fc5529f3000 r-xp 00000000 00:65 77077594                   /root/oracle/jdk-9.0.4/lib/libnio.so
7fc5529f3000-7fc552bf3000 ---p 00010000 00:65 77077594                   /root/oracle/jdk-9.0.4/lib/libnio.so
7fc552bf3000-7fc552bf4000 rw-p 00010000 00:65 77077594                   /root/oracle/jdk-9.0.4/lib/libnio.so
7fc552bf4000-7fc552bf8000 ---p 00000000 00:00 0 
7fc552bf8000-7fc552cf5000 rw-p 00000000 00:00 0 
7fc552cf5000-7fc552cf9000 ---p 00000000 00:00 0 
7fc552cf9000-7fc552df6000 rw-p 00000000 00:00 0 
7fc552df6000-7fc552dfa000 ---p 00000000 00:00 0 
7fc552dfa000-7fc552ef7000 rw-p 00000000 00:00 0 
7fc552ef7000-7fc552efb000 ---p 00000000 00:00 0 
7fc552efb000-7fc552ff8000 rw-p 00000000 00:00 0 
7fc552ff8000-7fc552ffc000 ---p 00000000 00:00 0 
7fc552ffc000-7fc5530f9000 rw-p 00000000 00:00 0 
7fc5530f9000-7fc5530fd000 ---p 00000000 00:00 0 
7fc5530fd000-7fc5531fa000 rw-p 00000000 00:00 0 
7fc5531fa000-7fc5531fe000 ---p 00000000 00:00 0 
7fc5531fe000-7fc5532fb000 rw-p 00000000 00:00 0 
7fc5532fb000-7fc5532ff000 ---p 00000000 00:00 0 
7fc5532ff000-7fc5533fc000 rw-p 00000000 00:00 0 
7fc5533fc000-7fc553400000 ---p 00000000 00:00 0 
7fc553400000-7fc5534fd000 rw-p 00000000 00:00 0 
7fc5534fd000-7fc553501000 ---p 00000000 00:00 0 
7fc553501000-7fc5535fe000 rw-p 00000000 00:00 0 
7fc5535fe000-7fc553602000 ---p 00000000 00:00 0 
7fc553602000-7fc5536ff000 rw-p 00000000 00:00 0 
7fc5536ff000-7fc553703000 ---p 00000000 00:00 0 
7fc553703000-7fc553c40000 rw-p 00000000 00:00 0 
7fc553c40000-7fc554000000 ---p 00000000 00:00 0 
7fc554000000-7fc554021000 rw-p 00000000 00:00 0 
7fc554021000-7fc558000000 ---p 00000000 00:00 0 
7fc558000000-7fc558021000 rw-p 00000000 00:00 0 
7fc558021000-7fc55c000000 ---p 00000000 00:00 0 
7fc55c000000-7fc55c021000 rw-p 00000000 00:00 0 
7fc55c021000-7fc560000000 ---p 00000000 00:00 0 
7fc560000000-7fc560021000 rw-p 00000000 00:00 0 
7fc560021000-7fc564000000 ---p 00000000 00:00 0 
7fc564000000-7fc564021000 rw-p 00000000 00:00 0 
7fc564021000-7fc568000000 ---p 00000000 00:00 0 
7fc568065000-7fc568096000 rw-p 00000000 00:00 0 
7fc568096000-7fc56809a000 ---p 00000000 00:00 0 
7fc56809a000-7fc568197000 rw-p 00000000 00:00 0 
7fc568197000-7fc56819b000 ---p 00000000 00:00 0 
7fc56819b000-7fc568298000 rw-p 00000000 00:00 0 
7fc568298000-7fc56829c000 ---p 00000000 00:00 0 
7fc56829c000-7fc568399000 rw-p 00000000 00:00 0 
7fc568399000-7fc56839d000 ---p 00000000 00:00 0 
7fc56839d000-7fc56849a000 rw-p 00000000 00:00 0 
7fc56849a000-7fc56849b000 ---p 00000000 00:00 0 
7fc56849b000-7fc568e1a000 rw-p 00000000 00:00 0 
7fc568e1a000-7fc56ae1a000 rwxp 00000000 00:00 0 
7fc56ae1a000-7fc56bdca000 rw-p 00000000 00:00 0 
7fc56bdca000-7fc57a82a000 ---p 00000000 00:00 0 
7fc57a82a000-7fc57b7da000 rw-p 00000000 00:00 0 
7fc57b7da000-7fc58a23a000 ---p 00000000 00:00 0 
7fc58a23a000-7fc58a430000 rw-p 00000000 00:00 0 
7fc58a430000-7fc58c17c000 ---p 00000000 00:00 0 
7fc58c17c000-7fc58c372000 rw-p 00000000 00:00 0 
7fc58c372000-7fc590000000 ---p 00000000 00:00 0 
7fc590000000-7fc590021000 rw-p 00000000 00:00 0 
7fc590021000-7fc594000000 ---p 00000000 00:00 0 
7fc594000000-7fc594021000 rw-p 00000000 00:00 0 
7fc594021000-7fc598000000 ---p 00000000 00:00 0 
7fc598000000-7fc598021000 rw-p 00000000 00:00 0 
7fc598021000-7fc59c000000 ---p 00000000 00:00 0 
7fc59c000000-7fc59c021000 rw-p 00000000 00:00 0 
7fc59c021000-7fc5a0000000 ---p 00000000 00:00 0 
7fc5a0000000-7fc5a0021000 rw-p 00000000 00:00 0 
7fc5a0021000-7fc5a4000000 ---p 00000000 00:00 0 
7fc5a4000000-7fc5a4021000 rw-p 00000000 00:00 0 
7fc5a4021000-7fc5a8000000 ---p 00000000 00:00 0 
7fc5a8000000-7fc5a8021000 rw-p 00000000 00:00 0 
7fc5a8021000-7fc5ac000000 ---p 00000000 00:00 0 
7fc5ac000000-7fc5ac021000 rw-p 00000000 00:00 0 
7fc5ac021000-7fc5b0000000 ---p 00000000 00:00 0 
7fc5b0000000-7fc5b0021000 rw-p 00000000 00:00 0 
7fc5b0021000-7fc5b4000000 ---p 00000000 00:00 0 
7fc5b4000000-7fc5b4021000 rw-p 00000000 00:00 0 
7fc5b4021000-7fc5b8000000 ---p 00000000 00:00 0 
7fc5b8026000-7fc5b8cb5000 rw-p 00000000 00:00 0 
7fc5b8cb5000-7fc5b8cb6000 ---p 00000000 00:00 0 
7fc5b8cb6000-7fc5b8db7000 rw-p 00000000 00:00 0 
7fc5b8db7000-7fc5b8db8000 ---p 00000000 00:00 0 
7fc5b8db8000-7fc5b8eb9000 rw-p 00000000 00:00 0 
7fc5b8eb9000-7fc5b8eba000 ---p 00000000 00:00 0 
7fc5b8eba000-7fc5b8fbb000 rw-p 00000000 00:00 0 
7fc5b8fbb000-7fc5b8fbc000 ---p 00000000 00:00 0 
7fc5b8fbc000-7fc5b90bd000 rw-p 00000000 00:00 0 
7fc5b90bd000-7fc5b90be000 ---p 00000000 00:00 0 
7fc5b90be000-7fc5b91bf000 rw-p 00000000 00:00 0 
7fc5b91bf000-7fc5b91c0000 ---p 00000000 00:00 0 
7fc5b91c0000-7fc5b99a2000 rw-p 00000000 00:00 0 
7fc5b99a2000-7fc5bb6ee000 ---p 00000000 00:00 0 
7fc5bb6ee000-7fc5bb6ef000 ---p 00000000 00:00 0 
7fc5bb6ef000-7fc5bb7f0000 rw-p 00000000 00:00 0 
7fc5bb7f0000-7fc5bb7f1000 ---p 00000000 00:00 0 
7fc5bb7f1000-7fc5bb8f2000 rw-p 00000000 00:00 0 
7fc5bb8f2000-7fc5bb8f3000 ---p 00000000 00:00 0 
7fc5bb8f3000-7fc5bb9f4000 rw-p 00000000 00:00 0 
7fc5bb9f4000-7fc5bb9f5000 ---p 00000000 00:00 0 
7fc5bb9f5000-7fc5bbaf6000 rw-p 00000000 00:00 0 
7fc5bbaf6000-7fc5bbaf7000 ---p 00000000 00:00 0 
7fc5bbaf7000-7fc5bbbf8000 rw-p 00000000 00:00 0 
7fc5bbbf8000-7fc5bbbf9000 ---p 00000000 00:00 0 
7fc5bbbf9000-7fc5bbcfa000 rw-p 00000000 00:00 0 
7fc5bbcfa000-7fc5bbcfb000 ---p 00000000 00:00 0 
7fc5bbcfb000-7fc5bbdfc000 rw-p 00000000 00:00 0 
7fc5bbdfc000-7fc5bbdfd000 ---p 00000000 00:00 0 
7fc5bbdfd000-7fc5bbefe000 rw-p 00000000 00:00 0 
7fc5bbefe000-7fc5bbeff000 ---p 00000000 00:00 0 
7fc5bbeff000-7fc5bc000000 rw-p 00000000 00:00 0 
7fc5bc000000-7fc5bc021000 rw-p 00000000 00:00 0 
7fc5bc021000-7fc5c0000000 ---p 00000000 00:00 0 
7fc5c0000000-7fc5c0021000 rw-p 00000000 00:00 0 
7fc5c0021000-7fc5c4000000 ---p 00000000 00:00 0 
7fc5c4000000-7fc5c4021000 rw-p 00000000 00:00 0 
7fc5c4021000-7fc5c8000000 ---p 00000000 00:00 0 
7fc5c8000000-7fc5c8021000 rw-p 00000000 00:00 0 
7fc5c8021000-7fc5cc000000 ---p 00000000 00:00 0 
7fc5cc000000-7fc5cc021000 rw-p 00000000 00:00 0 
7fc5cc021000-7fc5d0000000 ---p 00000000 00:00 0 
7fc5d0000000-7fc5d0021000 rw-p 00000000 00:00 0 
7fc5d0021000-7fc5d4000000 ---p 00000000 00:00 0 
7fc5d4000000-7fc5d4021000 rw-p 00000000 00:00 0 
7fc5d4021000-7fc5d8000000 ---p 00000000 00:00 0 
7fc5d8000000-7fc5d8021000 rw-p 00000000 00:00 0 
7fc5d8021000-7fc5dc000000 ---p 00000000 00:00 0 
7fc5dc000000-7fc5dc021000 rw-p 00000000 00:00 0 
7fc5dc021000-7fc5e0000000 ---p 00000000 00:00 0 
7fc5e0000000-7fc5e0021000 rw-p 00000000 00:00 0 
7fc5e0021000-7fc5e4000000 ---p 00000000 00:00 0 
7fc5e4000000-7fc5e4021000 rw-p 00000000 00:00 0 
7fc5e4021000-7fc5e8000000 ---p 00000000 00:00 0 
7fc5e8000000-7fc5e8021000 rw-p 00000000 00:00 0 
7fc5e8021000-7fc5ec000000 ---p 00000000 00:00 0 
7fc5ec000000-7fc5ec021000 rw-p 00000000 00:00 0 
7fc5ec021000-7fc5f0000000 ---p 00000000 00:00 0 
7fc5f0000000-7fc5f0021000 rw-p 00000000 00:00 0 
7fc5f0021000-7fc5f4000000 ---p 00000000 00:00 0 
7fc5f4000000-7fc5f4021000 rw-p 00000000 00:00 0 
7fc5f4021000-7fc5f8000000 ---p 00000000 00:00 0 
7fc5f8000000-7fc5f8021000 rw-p 00000000 00:00 0 
7fc5f8021000-7fc5fc000000 ---p 00000000 00:00 0 
7fc5fc000000-7fc5fc021000 rw-p 00000000 00:00 0 
7fc5fc021000-7fc600000000 ---p 00000000 00:00 0 
7fc600000000-7fc600021000 rw-p 00000000 00:00 0 
7fc600021000-7fc604000000 ---p 00000000 00:00 0 
7fc604000000-7fc604021000 rw-p 00000000 00:00 0 
7fc604021000-7fc608000000 ---p 00000000 00:00 0 
7fc608000000-7fc608021000 rw-p 00000000 00:00 0 
7fc608021000-7fc60c000000 ---p 00000000 00:00 0 
7fc60c000000-7fc60c021000 rw-p 00000000 00:00 0 
7fc60c021000-7fc610000000 ---p 00000000 00:00 0 
7fc610000000-7fc610021000 rw-p 00000000 00:00 0 
7fc610021000-7fc614000000 ---p 00000000 00:00 0 
7fc614000000-7fc614021000 rw-p 00000000 00:00 0 
7fc614021000-7fc618000000 ---p 00000000 00:00 0 
7fc618000000-7fc618021000 rw-p 00000000 00:00 0 
7fc618021000-7fc61c000000 ---p 00000000 00:00 0 
7fc61c000000-7fc61c021000 rw-p 00000000 00:00 0 
7fc61c021000-7fc620000000 ---p 00000000 00:00 0 
7fc620000000-7fc620021000 rw-p 00000000 00:00 0 
7fc620021000-7fc624000000 ---p 00000000 00:00 0 
7fc624000000-7fc624021000 rw-p 00000000 00:00 0 
7fc624021000-7fc628000000 ---p 00000000 00:00 0 
7fc628000000-7fc628021000 rw-p 00000000 00:00 0 
7fc628021000-7fc62c000000 ---p 00000000 00:00 0 
7fc62c000000-7fc62c021000 rw-p 00000000 00:00 0 
7fc62c021000-7fc630000000 ---p 00000000 00:00 0 
7fc630000000-7fc630021000 rw-p 00000000 00:00 0 
7fc630021000-7fc634000000 ---p 00000000 00:00 0 
7fc634000000-7fc634021000 rw-p 00000000 00:00 0 
7fc634021000-7fc638000000 ---p 00000000 00:00 0 
7fc63801c000-7fc63801d000 ---p 00000000 00:00 0 
7fc63801d000-7fc63811e000 rw-p 00000000 00:00 0 
7fc63811e000-7fc63811f000 ---p 00000000 00:00 0 
7fc63811f000-7fc638220000 rw-p 00000000 00:00 0 
7fc638220000-7fc638221000 ---p 00000000 00:00 0 
7fc638221000-7fc638322000 rw-p 00000000 00:00 0 
7fc638322000-7fc638323000 ---p 00000000 00:00 0 
7fc638323000-7fc638424000 rw-p 00000000 00:00 0 
7fc638424000-7fc638425000 ---p 00000000 00:00 0 
7fc638425000-7fc638526000 rw-p 00000000 00:00 0 
7fc638526000-7fc638527000 ---p 00000000 00:00 0 
7fc638527000-7fc638628000 rw-p 00000000 00:00 0 
7fc638628000-7fc638629000 ---p 00000000 00:00 0 
7fc638629000-7fc63872a000 rw-p 00000000 00:00 0 
7fc63872a000-7fc63872b000 ---p 00000000 00:00 0 
7fc63872b000-7fc63882c000 rw-p 00000000 00:00 0 
7fc63882c000-7fc63882d000 ---p 00000000 00:00 0 
7fc63882d000-7fc63892e000 rw-p 00000000 00:00 0 
7fc63892e000-7fc63892f000 ---p 00000000 00:00 0 
7fc63892f000-7fc638a30000 rw-p 00000000 00:00 0 
7fc638a30000-7fc638a31000 ---p 00000000 00:00 0 
7fc638a31000-7fc638b32000 rw-p 00000000 00:00 0 
7fc638b32000-7fc638b33000 ---p 00000000 00:00 0 
7fc638b33000-7fc639b43000 rw-p 00000000 00:00 0 
7fc639b43000-7fc639e13000 rwxp 00000000 00:00 0 
7fc639e13000-7fc63a281000 ---p 00000000 00:00 0 
7fc63a281000-7fc63a4f1000 rwxp 00000000 00:00 0 
7fc63a4f1000-7fc6416e2000 ---p 00000000 00:00 0 
7fc6416e2000-7fc641952000 rwxp 00000000 00:00 0 
7fc641952000-7fc648b43000 ---p 00000000 00:00 0 
7fc648b43000-7fc654000000 r--s 00000000 00:65 77077560                   /root/oracle/jdk-9.0.4/lib/modules
7fc654000000-7fc654420000 rw-p 00000000 00:00 0 
7fc654420000-7fc658000000 ---p 00000000 00:00 0 
7fc65801a000-7fc65859d000 rw-p 00000000 00:00 0 
7fc65859d000-7fc65859e000 ---p 00000000 00:00 0 
7fc65859e000-7fc65869f000 rw-p 00000000 00:00 0 
7fc65869f000-7fc6586a0000 ---p 00000000 00:00 0 
7fc6586a0000-7fc6587a1000 rw-p 00000000 00:00 0 
7fc6587a1000-7fc6587a2000 ---p 00000000 00:00 0 
7fc6587a2000-7fc6588a3000 rw-p 00000000 00:00 0 
7fc6588a3000-7fc6588a4000 ---p 00000000 00:00 0 
7fc6588a4000-7fc6589a5000 rw-p 00000000 00:00 0 
7fc6589a5000-7fc6589a6000 ---p 00000000 00:00 0 
7fc6589a6000-7fc658aa7000 rw-p 00000000 00:00 0 
7fc658aa7000-7fc658aa8000 ---p 00000000 00:00 0 
7fc658aa8000-7fc658ba9000 rw-p 00000000 00:00 0 
7fc658ba9000-7fc658baa000 ---p 00000000 00:00 0 
7fc658baa000-7fc658cab000 rw-p 00000000 00:00 0 
7fc658cab000-7fc658cac000 ---p 00000000 00:00 0 
7fc658cac000-7fc658dad000 rw-p 00000000 00:00 0 
7fc658dad000-7fc658dae000 ---p 00000000 00:00 0 
7fc658dae000-7fc658eaf000 rw-p 00000000 00:00 0 
7fc658eaf000-7fc658eb0000 ---p 00000000 00:00 0 
7fc658eb0000-7fc658fb1000 rw-p 00000000 00:00 0 
7fc658fb1000-7fc658fb2000 ---p 00000000 00:00 0 
7fc658fb2000-7fc6590b3000 rw-p 00000000 00:00 0 
7fc6590b3000-7fc6590b4000 ---p 00000000 00:00 0 
7fc6590b4000-7fc6591b5000 rw-p 00000000 00:00 0 
7fc6591b5000-7fc6591b6000 ---p 00000000 00:00 0 
7fc6591b6000-7fc6592b7000 rw-p 00000000 00:00 0 
7fc6592b7000-7fc6592b8000 ---p 00000000 00:00 0 
7fc6592b8000-7fc6593b9000 rw-p 00000000 00:00 0 
7fc6593b9000-7fc6593ba000 ---p 00000000 00:00 0 
7fc6593ba000-7fc6594bb000 rw-p 00000000 00:00 0 
7fc6594bb000-7fc6594bc000 ---p 00000000 00:00 0 
7fc6594bc000-7fc6595bd000 rw-p 00000000 00:00 0 
7fc6595bd000-7fc6595be000 ---p 00000000 00:00 0 
7fc6595be000-7fc6596bf000 rw-p 00000000 00:00 0 
7fc6596bf000-7fc6596c0000 ---p 00000000 00:00 0 
7fc6596c0000-7fc6597c1000 rw-p 00000000 00:00 0 
7fc6597c1000-7fc6597c2000 ---p 00000000 00:00 0 
7fc6597c2000-7fc6598c3000 rw-p 00000000 00:00 0 
7fc6598c3000-7fc6598c4000 ---p 00000000 00:00 0 
7fc6598c4000-7fc6599ca000 rw-p 00000000 00:00 0 
7fc6599ca000-7fc659aae000 ---p 00000000 00:00 0 
7fc659aae000-7fc659ab3000 rw-p 00000000 00:00 0 
7fc659ab3000-7fc659b97000 ---p 00000000 00:00 0 
7fc659b97000-7fc659b9d000 rw-p 00000000 00:00 0 
7fc659b9d000-7fc659ba6000 ---p 00000000 00:00 0 
7fc659ba6000-7fc659bf6000 rw-p 00000000 00:00 0 
7fc659bf6000-7fc659dd3000 r--s 03e31000 00:65 101727669                  /usr/local/java/jdk1.8.0_301/jre/lib/rt.jar
7fc659dd3000-7fc659ded000 r-xp 00000000 00:65 77077435                   /root/oracle/jdk-9.0.4/lib/libjimage.so
7fc659ded000-7fc659fec000 ---p 0001a000 00:65 77077435                   /root/oracle/jdk-9.0.4/lib/libjimage.so
7fc659fec000-7fc659fee000 rw-p 00019000 00:65 77077435                   /root/oracle/jdk-9.0.4/lib/libjimage.so
7fc659fee000-7fc65a000000 rw-p 00000000 00:00 0 
7fc65a000000-7fc65a007000 r-xp 00000000 00:65 77083131                   /root/oracle/jdk-9.0.4/lib/libzip.so
7fc65a007000-7fc65a206000 ---p 00007000 00:65 77083131                   /root/oracle/jdk-9.0.4/lib/libzip.so
7fc65a206000-7fc65a207000 rw-p 00006000 00:65 77083131                   /root/oracle/jdk-9.0.4/lib/libzip.so
7fc65a207000-7fc65a20a000 r--p 00000000 00:65 165034530                  /usr/lib/x86_64-linux-gnu/libnss_files-2.31.so
7fc65a20a000-7fc65a211000 r-xp 00003000 00:65 165034530                  /usr/lib/x86_64-linux-gnu/libnss_files-2.31.so
7fc65a211000-7fc65a213000 r--p 0000a000 00:65 165034530                  /usr/lib/x86_64-linux-gnu/libnss_files-2.31.so
7fc65a213000-7fc65a214000 r--p 0000b000 00:65 165034530                  /usr/lib/x86_64-linux-gnu/libnss_files-2.31.so
7fc65a214000-7fc65a215000 rw-p 0000c000 00:65 165034530                  /usr/lib/x86_64-linux-gnu/libnss_files-2.31.so
7fc65a215000-7fc65a21b000 rw-p 00000000 00:00 0 
7fc65a223000-7fc65a224000 rw-p 00000000 00:00 0 
7fc65a224000-7fc65a24f000 r-xp 00000000 00:65 77077470                   /root/oracle/jdk-9.0.4/lib/libjava.so
7fc65a24f000-7fc65a44e000 ---p 0002b000 00:65 77077470                   /root/oracle/jdk-9.0.4/lib/libjava.so
7fc65a44e000-7fc65a450000 rw-p 0002a000 00:65 77077470                   /root/oracle/jdk-9.0.4/lib/libjava.so
7fc65a450000-7fc65a45d000 r-xp 00000000 00:65 77077494                   /root/oracle/jdk-9.0.4/lib/libverify.so
7fc65a45d000-7fc65a65c000 ---p 0000d000 00:65 77077494                   /root/oracle/jdk-9.0.4/lib/libverify.so
7fc65a65c000-7fc65a65e000 rw-p 0000c000 00:65 77077494                   /root/oracle/jdk-9.0.4/lib/libverify.so
7fc65a65e000-7fc65a661000 r--p 00000000 00:65 165034636                  /usr/lib/x86_64-linux-gnu/librt-2.31.so
7fc65a661000-7fc65a665000 r-xp 00003000 00:65 165034636                  /usr/lib/x86_64-linux-gnu/librt-2.31.so
7fc65a665000-7fc65a666000 r--p 00007000 00:65 165034636                  /usr/lib/x86_64-linux-gnu/librt-2.31.so
7fc65a666000-7fc65a667000 ---p 00008000 00:65 165034636                  /usr/lib/x86_64-linux-gnu/librt-2.31.so
7fc65a667000-7fc65a668000 r--p 00008000 00:65 165034636                  /usr/lib/x86_64-linux-gnu/librt-2.31.so
7fc65a668000-7fc65a669000 rw-p 00009000 00:65 165034636                  /usr/lib/x86_64-linux-gnu/librt-2.31.so
7fc65a669000-7fc65a66a000 ---p 00000000 00:00 0 
7fc65a66a000-7fc65a66b000 rw-p 00000000 00:00 0 
7fc65a66b000-7fc65a66f000 ---p 00000000 00:00 0 
7fc65a66f000-7fc65a76a000 rw-p 00000000 00:00 0 
7fc65a76a000-7fc65a779000 r--p 00000000 00:65 165034468                  /usr/lib/x86_64-linux-gnu/libm-2.31.so
7fc65a779000-7fc65a820000 r-xp 0000f000 00:65 165034468                  /usr/lib/x86_64-linux-gnu/libm-2.31.so
7fc65a820000-7fc65a8b7000 r--p 000b6000 00:65 165034468                  /usr/lib/x86_64-linux-gnu/libm-2.31.so
7fc65a8b7000-7fc65a8b8000 r--p 0014c000 00:65 165034468                  /usr/lib/x86_64-linux-gnu/libm-2.31.so
7fc65a8b8000-7fc65a8b9000 rw-p 0014d000 00:65 165034468                  /usr/lib/x86_64-linux-gnu/libm-2.31.so
7fc65a8b9000-7fc65b8ce000 r-xp 00000000 00:65 77083135                   /root/oracle/jdk-9.0.4/lib/server/libjvm.so
7fc65b8ce000-7fc65bacd000 ---p 01015000 00:65 77083135                   /root/oracle/jdk-9.0.4/lib/server/libjvm.so
7fc65bacd000-7fc65bb9e000 r--p 01014000 00:65 77083135                   /root/oracle/jdk-9.0.4/lib/server/libjvm.so
7fc65bb9e000-7fc65bbd5000 rw-p 010e5000 00:65 77083135                   /root/oracle/jdk-9.0.4/lib/server/libjvm.so
7fc65bbd5000-7fc65bc40000 rw-p 00000000 00:00 0 
7fc65bc40000-7fc65bc65000 r--p 00000000 00:65 165034165                  /usr/lib/x86_64-linux-gnu/libc-2.31.so
7fc65bc65000-7fc65bddd000 r-xp 00025000 00:65 165034165                  /usr/lib/x86_64-linux-gnu/libc-2.31.so
7fc65bddd000-7fc65be27000 r--p 0019d000 00:65 165034165                  /usr/lib/x86_64-linux-gnu/libc-2.31.so
7fc65be27000-7fc65be28000 ---p 001e7000 00:65 165034165                  /usr/lib/x86_64-linux-gnu/libc-2.31.so
7fc65be28000-7fc65be2b000 r--p 001e7000 00:65 165034165                  /usr/lib/x86_64-linux-gnu/libc-2.31.so
7fc65be2b000-7fc65be2e000 rw-p 001ea000 00:65 165034165                  /usr/lib/x86_64-linux-gnu/libc-2.31.so
7fc65be2e000-7fc65be32000 rw-p 00000000 00:00 0 
7fc65be32000-7fc65be33000 r--p 00000000 00:65 165034236                  /usr/lib/x86_64-linux-gnu/libdl-2.31.so
7fc65be33000-7fc65be35000 r-xp 00001000 00:65 165034236                  /usr/lib/x86_64-linux-gnu/libdl-2.31.so
7fc65be35000-7fc65be36000 r--p 00003000 00:65 165034236                  /usr/lib/x86_64-linux-gnu/libdl-2.31.so
7fc65be36000-7fc65be37000 r--p 00003000 00:65 165034236                  /usr/lib/x86_64-linux-gnu/libdl-2.31.so
7fc65be37000-7fc65be38000 rw-p 00004000 00:65 165034236                  /usr/lib/x86_64-linux-gnu/libdl-2.31.so
7fc65be38000-7fc65be46000 r-xp 00000000 00:65 77083142                   /root/oracle/jdk-9.0.4/lib/jli/libjli.so
7fc65be46000-7fc65c046000 ---p 0000e000 00:65 77083142                   /root/oracle/jdk-9.0.4/lib/jli/libjli.so
7fc65c046000-7fc65c047000 rw-p 0000e000 00:65 77083142                   /root/oracle/jdk-9.0.4/lib/jli/libjli.so
7fc65c047000-7fc65c04e000 r--p 00000000 00:65 165034610                  /usr/lib/x86_64-linux-gnu/libpthread-2.31.so
7fc65c04e000-7fc65c05f000 r-xp 00007000 00:65 165034610                  /usr/lib/x86_64-linux-gnu/libpthread-2.31.so
7fc65c05f000-7fc65c064000 r--p 00018000 00:65 165034610                  /usr/lib/x86_64-linux-gnu/libpthread-2.31.so
7fc65c064000-7fc65c065000 r--p 0001c000 00:65 165034610                  /usr/lib/x86_64-linux-gnu/libpthread-2.31.so
7fc65c065000-7fc65c066000 rw-p 0001d000 00:65 165034610                  /usr/lib/x86_64-linux-gnu/libpthread-2.31.so
7fc65c066000-7fc65c06a000 rw-p 00000000 00:00 0 
7fc65c06a000-7fc65c06c000 r--p 00000000 00:65 165034796                  /usr/lib/x86_64-linux-gnu/libz.so.1.2.11
7fc65c06c000-7fc65c07d000 r-xp 00002000 00:65 165034796                  /usr/lib/x86_64-linux-gnu/libz.so.1.2.11
7fc65c07d000-7fc65c083000 r--p 00013000 00:65 165034796                  /usr/lib/x86_64-linux-gnu/libz.so.1.2.11
7fc65c083000-7fc65c084000 ---p 00019000 00:65 165034796                  /usr/lib/x86_64-linux-gnu/libz.so.1.2.11
7fc65c084000-7fc65c085000 r--p 00019000 00:65 165034796                  /usr/lib/x86_64-linux-gnu/libz.so.1.2.11
7fc65c085000-7fc65c086000 rw-p 0001a000 00:65 165034796                  /usr/lib/x86_64-linux-gnu/libz.so.1.2.11
7fc65c086000-7fc65c08e000 rw-s 00000000 00:65 71965686                   /tmp/hsperfdata_root/31920
7fc65c08e000-7fc65c091000 rw-p 00000000 00:00 0 
7fc65c091000-7fc65c092000 r--p 00000000 00:65 165033992                  /usr/lib/x86_64-linux-gnu/ld-2.31.so
7fc65c092000-7fc65c0b5000 r-xp 00001000 00:65 165033992                  /usr/lib/x86_64-linux-gnu/ld-2.31.so
7fc65c0b5000-7fc65c0bd000 r--p 00024000 00:65 165033992                  /usr/lib/x86_64-linux-gnu/ld-2.31.so
7fc65c0bd000-7fc65c0be000 r--p 00000000 00:00 0 
7fc65c0be000-7fc65c0bf000 r--p 0002c000 00:65 165033992                  /usr/lib/x86_64-linux-gnu/ld-2.31.so
7fc65c0bf000-7fc65c0c0000 rw-p 0002d000 00:65 165033992                  /usr/lib/x86_64-linux-gnu/ld-2.31.so
7fc65c0c0000-7fc65c0c1000 rw-p 00000000 00:00 0 
7ffe78f67000-7ffe78f88000 rw-p 00000000 00:00 0                          [stack]
7ffe78f92000-7ffe78f95000 r--p 00000000 00:00 0                          [vvar]
7ffe78f95000-7ffe78f96000 r-xp 00000000 00:00 0                          [vdso]
ffffffffff600000-ffffffffff601000 --xp 00000000 00:00 0                  [vsyscall]

VM Arguments:
jvm_args: -Xbootclasspath/a:/usr/local/java/jdk1.8.0_301/jre/lib/rt.jar -Xverify:none 
java_command: org.eclipse.core.runtime.adaptor.EclipseStarter -debug
java_class_path (initial): ./sootOutput/eclipse/
Launcher Type: SUN_STANDARD

Logging:
Log output configuration:
#0: stdout all=warning uptime,level,tags
#1: stderr all=off uptime,level,tags

Environment Variables:
JAVA_HOME=/root/oracle/jdk-9.0.4
JRE_HOME=/root/oracle/jdk-9.0.4
CLASSPATH=.:/root/oracle/jdk-9.0.4/lib:/JVMfuzzing/htm/CFSynthesis/resource/commons-lang3-3.12.0/commons-lang3-3.12.0.jar
PATH=/root/oracle/jdk-9.0.4/bin:/root/.vscode-server/bin/da76f93349a72022ca4670c1b84860304616aaa2/bin/remote-cli:/root/oracle/jdk-9.0.4/bin:/usr/local/sbin:/usr/local/bin:/usr/sbin:/usr/bin:/sbin:/bin:/usr/games:/usr/local/games:/snap/bin
SHELL=/bin/bash

Signal Handlers:
SIGSEGV: [libjvm.so+0xd4d370], sa_mask[0]=11111111011111111101111111111110, sa_flags=SA_RESTART|SA_SIGINFO
SIGBUS: [libjvm.so+0xd4d370], sa_mask[0]=11111111011111111101111111111110, sa_flags=SA_RESTART|SA_SIGINFO
SIGFPE: [libjvm.so+0xd4d370], sa_mask[0]=11111111011111111101111111111110, sa_flags=SA_RESTART|SA_SIGINFO
SIGPIPE: [libjvm.so+0xb64780], sa_mask[0]=11111111011111111101111111111110, sa_flags=SA_RESTART|SA_SIGINFO
SIGXFSZ: [libjvm.so+0xb64780], sa_mask[0]=11111111011111111101111111111110, sa_flags=SA_RESTART|SA_SIGINFO
SIGILL: [libjvm.so+0xd4d370], sa_mask[0]=11111111011111111101111111111110, sa_flags=SA_RESTART|SA_SIGINFO
SIGUSR2: [libjvm.so+0xb64640], sa_mask[0]=00100000000000000000000000000000, sa_flags=SA_RESTART|SA_SIGINFO
SIGHUP: [libjvm.so+0xb64850], sa_mask[0]=11111111011111111101111111111110, sa_flags=SA_RESTART|SA_SIGINFO
SIGINT: [libjvm.so+0xb64850], sa_mask[0]=11111111011111111101111111111110, sa_flags=SA_RESTART|SA_SIGINFO
SIGTERM: [libjvm.so+0xb64850], sa_mask[0]=11111111011111111101111111111110, sa_flags=SA_RESTART|SA_SIGINFO
SIGQUIT: [libjvm.so+0xb64850], sa_mask[0]=11111111011111111101111111111110, sa_flags=SA_RESTART|SA_SIGINFO


---------------  S Y S T E M  ---------------

OS:DISTRIB_ID=Ubuntu
DISTRIB_RELEASE=20.04
DISTRIB_CODENAME=focal
DISTRIB_DESCRIPTION="Ubuntu 20.04.3 LTS"
uname:Linux 5.4.0-124-generic #140~18.04.1-Ubuntu SMP Fri Aug 5 11:43:34 UTC 2022 x86_64
libc:glibc 2.31 NPTL 2.31 
rlimit: STACK 8192k, CORE infinity, NPROC infinity, NOFILE 1048576, AS infinity
load average:48.69 42.55 40.11

/proc/meminfo:
MemTotal:       65549624 kB
MemFree:         5280196 kB
MemAvailable:   32361276 kB
Buffers:         5872968 kB
Cached:          3700664 kB
SwapCached:         8092 kB
Active:         33620936 kB
Inactive:        6458596 kB
Active(anon):   26508516 kB
Inactive(anon):  4018444 kB
Active(file):    7112420 kB
Inactive(file):  2440152 kB
Unevictable:          16 kB
Mlocked:              16 kB
SwapTotal:       2097148 kB
SwapFree:              0 kB
Dirty:             26416 kB
Writeback:             4 kB
AnonPages:      30497796 kB
Mapped:           837484 kB
Shmem:             25608 kB
KReclaimable:   18260432 kB
Slab:           19429864 kB
SReclaimable:   18260432 kB
SUnreclaim:      1169432 kB
KernelStack:       79784 kB
PageTables:       243876 kB
NFS_Unstable:          0 kB
Bounce:                0 kB
WritebackTmp:          0 kB
CommitLimit:    34871960 kB
Committed_AS:   86272520 kB
VmallocTotal:   34359738367 kB
VmallocUsed:      162344 kB
VmallocChunk:          0 kB
Percpu:            32512 kB
HardwareCorrupted:     0 kB
AnonHugePages:         0 kB
ShmemHugePages:        0 kB
ShmemPmdMapped:        0 kB
FileHugePages:         0 kB
FilePmdMapped:         0 kB
CmaTotal:              0 kB
CmaFree:               0 kB
HugePages_Total:       0
HugePages_Free:        0
HugePages_Rsvd:        0
HugePages_Surp:        0
Hugepagesize:       2048 kB
Hugetlb:               0 kB
DirectMap4k:    15497632 kB
DirectMap2M:    51298304 kB
DirectMap1G:           0 kB


CPU:total 28 (initial active 28) (14 cores per cpu, 2 threads per core) family 6 model 85 stepping 4, cmov, cx8, fxsr, mmx, sse, sse2, sse3, ssse3, sse4.1, sse4.2, popcnt, avx, avx2, aes, clmul, erms, rtm, 3dnowpref, lzcnt, ht, tsc, tscinvbit, bmi1, bmi2, adx, fma
CPU Model and flags from /proc/cpuinfo:
model name	: Intel(R) Core(TM) i9-9940X CPU @ 3.30GHz
flags		: fpu vme de pse tsc msr pae mce cx8 apic sep mtrr pge mca cmov pat pse36 clflush dts acpi mmx fxsr sse sse2 ss ht tm pbe syscall nx pdpe1gb rdtscp lm constant_tsc art arch_perfmon pebs bts rep_good nopl xtopology nonstop_tsc cpuid aperfmperf pni pclmulqdq dtes64 monitor ds_cpl vmx est tm2 ssse3 sdbg fma cx16 xtpr pdcm pcid dca sse4_1 sse4_2 x2apic movbe popcnt tsc_deadline_timer aes xsave avx f16c rdrand lahf_lm abm 3dnowprefetch cpuid_fault epb cat_l3 cdp_l3 invpcid_single pti ssbd mba ibrs ibpb stibp tpr_shadow vnmi flexpriority ept vpid ept_ad fsgsbase tsc_adjust bmi1 hle avx2 smep bmi2 erms invpcid rtm cqm mpx rdt_a avx512f avx512dq rdseed adx smap clflushopt clwb intel_pt avx512cd avx512bw avx512vl xsaveopt xsavec xgetbv1 xsaves cqm_llc cqm_occup_llc cqm_mbm_total cqm_mbm_local dtherm ida arat pln pts hwp hwp_act_window hwp_epp hwp_pkg_req md_clear flush_l1d arch_capabilities

Memory: 4k page, physical 65549624k(5278432k free), swap 2097148k(0k free)

vm_info: Java HotSpot(TM) 64-Bit Server VM (9.0.4+11) for linux-amd64 JRE (9.0.4+11), built on Dec 19 2017 18:12:19 by "mach5one" with gcc 4.9.2

END.
