#
# A fatal error has been detected by the Java Runtime Environment:
#
#  SIGSEGV (0xb) at pc=0x00007fd78fab8b2c, pid=30212, tid=30287
#
# JRE version: Java(TM) SE Runtime Environment (9.0+11) (build 9.0.4+11)
# Java VM: Java HotSpot(TM) 64-Bit Server VM (9.0.4+11, mixed mode, tiered, compressed oops, g1 gc, linux-amd64)
# Problematic frame:
# V  [libjvm.so+0x48eb2c]  Canonicalizer::do_If(If*)+0x1c
#
# Core dump will be written. Default location: Core dumps may be processed with "/usr/share/apport/apport -p%p -s%s -c%c -d%d -P%P -u%u -g%g -- %E" (or dumping to /JVMfuzzing/zjy/classming/Fuzzing-Testing-of-JVM-Implementations/core.30212)
#
# If you would like to submit a bug report, please visit:
#   http://bugreport.java.com/bugreport/crash.jsp
#

---------------  S U M M A R Y ------------

Command Line: -Xbootclasspath/a:/usr/local/java/jdk1.8.0_301/jre/lib/rt.jar -Xverify:none org.eclipse.core.runtime.adaptor.EclipseStarter -debug

Host: Intel(R) Core(TM) i9-9940X CPU @ 3.30GHz, 28 cores, 62G, Ubuntu 20.04.3 LTS
Time: Thu Nov  3 09:01:40 2022 UTC elapsed time: 0 seconds (0d 0h 0m 0s)

---------------  T H R E A D  ---------------

Current thread (0x00007fd7882c1800):  JavaThread "C1 CompilerThread11" daemon [_thread_in_native, id=30287, stack(0x00007fd65f9fa000,0x00007fd65fafb000)]


Current CompileTask:
C1:    858  242 %     3       org.eclipse.core.runtime.adaptor.EclipseStarter::main @ 531 (1519 bytes)

Stack: [0x00007fd65f9fa000,0x00007fd65fafb000],  sp=0x00007fd65faf90c0,  free space=1020k
Native frames: (J=compiled Java code, A=aot compiled Java code, j=interpreted, Vv=VM code, C=native code)
V  [libjvm.so+0x48eb2c]  Canonicalizer::do_If(If*)+0x1c
V  [libjvm.so+0x4a0452]  GraphBuilder::append_with_bci(Instruction*, int)+0x42
V  [libjvm.so+0x4a3526]  GraphBuilder::if_node(Instruction*, Instruction::Condition, Instruction*, ValueStack*)+0x2a6
V  [libjvm.so+0x4b1873]  GraphBuilder::iterate_bytecodes_for_block(int)+0x1e83
V  [libjvm.so+0x4b1ad5]  GraphBuilder::iterate_all_blocks(bool)+0x85
V  [libjvm.so+0x4b1ec9]  GraphBuilder::GraphBuilder(Compilation*, IRScope*)+0x389
V  [libjvm.so+0x4b70a8]  IR::IR(Compilation*, ciMethod*, int)+0x1e8
V  [libjvm.so+0x497832]  Compilation::build_hir() [clone .part.93]+0x162
V  [libjvm.so+0x499633]  Compilation::compile_java_method()+0x3c3
V  [libjvm.so+0x4997af]  Compilation::compile_method()+0x12f
V  [libjvm.so+0x499c31]  Compilation::Compilation(AbstractCompiler*, ciEnv*, ciMethod*, int, BufferBlob*, DirectiveSet*)+0x271
V  [libjvm.so+0x49ac1e]  Compiler::compile_method(ciEnv*, ciMethod*, int, DirectiveSet*)+0xae
V  [libjvm.so+0x6125ac]  CompileBroker::invoke_compiler_on_method(CompileTask*)+0x41c
V  [libjvm.so+0x61344b]  CompileBroker::compiler_thread_loop()+0x28b
V  [libjvm.so+0xcef338]  JavaThread::thread_main_inner()+0xd8
V  [libjvm.so+0xb6e132]  thread_native_entry(Thread*)+0xf2
C  [libpthread.so.0+0x9609]  start_thread+0xd9


siginfo: si_signo: 11 (SIGSEGV), si_code: 1 (SEGV_MAPERR), si_addr: 0x0000000000000018

Register to memory mapping:

RAX=0x0000000000000000 is an unknown value
RBX=0x00007fd64403d6a0 is an unknown value
RCX=0x00007fd65faf9800 is pointing into the stack for thread: 0x00007fd7882c1800
RDX=0x00007fd64403d6a0 is an unknown value
RSP=0x00007fd65faf90c0 is pointing into the stack for thread: 0x00007fd7882c1800
RBP=0x00007fd65faf9130 is pointing into the stack for thread: 0x00007fd7882c1800
RSI=0x00007fd64403d6a0 is an unknown value
RDI=0x00007fd65faf9160 is pointing into the stack for thread: 0x00007fd7882c1800
R8 =0x00007fd64403d3b0 is an unknown value
R9 =0x0000000000000037 is an unknown value
R10=0x0000000000000080 is an unknown value
R11=0x0000000000000000 is an unknown value
R12=0x00007fd64403d740 is an unknown value
R13=0x00007fd65faf9460 is pointing into the stack for thread: 0x00007fd7882c1800
R14=0x00007fd64403d6a0 is an unknown value
R15=0x00007fd64403d740 is an unknown value


Registers:
RAX=0x0000000000000000, RBX=0x00007fd64403d6a0, RCX=0x00007fd65faf9800, RDX=0x00007fd64403d6a0
RSP=0x00007fd65faf90c0, RBP=0x00007fd65faf9130, RSI=0x00007fd64403d6a0, RDI=0x00007fd65faf9160
R8 =0x00007fd64403d3b0, R9 =0x0000000000000037, R10=0x0000000000000080, R11=0x0000000000000000
R12=0x00007fd64403d740, R13=0x00007fd65faf9460, R14=0x00007fd64403d6a0, R15=0x00007fd64403d740
RIP=0x00007fd78fab8b2c, EFLAGS=0x0000000000010206, CSGSFS=0x002b000000000033, ERR=0x0000000000000004
  TRAPNO=0x000000000000000e

Top of Stack: (sp=0x00007fd65faf90c0)
0x00007fd65faf90c0:   000000015faf9130 00007fd64c175930
0x00007fd65faf90d0:   00007fd6680badb0 0000000000000000
0x00007fd65faf90e0:   00007fd65faf9110 00007fd78fae5598
0x00007fd65faf90f0:   00007fd660039870 00007fd65faf9160 

Instructions: (pc=0x00007fd78fab8b2c)
0x00007fd78fab8b0c:   ff 90 66 90 55 48 89 e5 41 57 41 56 41 55 41 54
0x00007fd78fab8b1c:   53 48 89 f3 48 83 ec 48 48 8b 46 70 48 89 7d c8
0x00007fd78fab8b2c:   48 8b 78 18 48 8b 07 ff 50 18 84 c0 0f 85 a2 00
0x00007fd78fab8b3c:   00 00 4c 8b 63 70 48 8b 83 80 00 00 00 49 39 c4 


---------------  P R O C E S S  ---------------

Java Threads: ( => current thread )
  0x00007fd788362000 JavaThread "Service Thread" daemon [_thread_blocked, id=30290, stack(0x00007fd65f2cf000,0x00007fd65f3d0000)]
  0x00007fd7882d2000 JavaThread "Common-Cleaner" daemon [_thread_blocked, id=30289, stack(0x00007fd65f3d0000,0x00007fd65f4d1000)]
  0x00007fd7882c3800 JavaThread "Sweeper thread" daemon [_thread_blocked, id=30288, stack(0x00007fd65f8f9000,0x00007fd65f9fa000)]
=>0x00007fd7882c1800 JavaThread "C1 CompilerThread11" daemon [_thread_in_native, id=30287, stack(0x00007fd65f9fa000,0x00007fd65fafb000)]
  0x00007fd7882bf800 JavaThread "C1 CompilerThread10" daemon [_thread_blocked, id=30286, stack(0x00007fd65fafb000,0x00007fd65fbfc000)]
  0x00007fd7882bd800 JavaThread "C1 CompilerThread9" daemon [_thread_blocked, id=30285, stack(0x00007fd65fbfc000,0x00007fd65fcfd000)]
  0x00007fd7882bc000 JavaThread "C1 CompilerThread8" daemon [_thread_blocked, id=30284, stack(0x00007fd65fcfd000,0x00007fd65fdfe000)]
  0x00007fd7882ba000 JavaThread "C2 CompilerThread7" daemon [_thread_blocked, id=30283, stack(0x00007fd65fdfe000,0x00007fd65feff000)]
  0x00007fd7882b8800 JavaThread "C2 CompilerThread6" daemon [_thread_blocked, id=30282, stack(0x00007fd65feff000,0x00007fd660000000)]
  0x00007fd7882b6800 JavaThread "C2 CompilerThread5" daemon [_thread_blocked, id=30281, stack(0x00007fd6880e8000,0x00007fd6881e9000)]
  0x00007fd7882b5000 JavaThread "C2 CompilerThread4" daemon [_thread_blocked, id=30280, stack(0x00007fd6881e9000,0x00007fd6882ea000)]
  0x00007fd7882b3000 JavaThread "C2 CompilerThread3" daemon [_thread_blocked, id=30279, stack(0x00007fd6882ea000,0x00007fd6883eb000)]
  0x00007fd7882b1000 JavaThread "C2 CompilerThread2" daemon [_thread_blocked, id=30278, stack(0x00007fd6883eb000,0x00007fd6884ec000)]
  0x00007fd7882af000 JavaThread "C2 CompilerThread1" daemon [_thread_blocked, id=30277, stack(0x00007fd6884ec000,0x00007fd6885ed000)]
  0x00007fd7882ad000 JavaThread "C2 CompilerThread0" daemon [_thread_blocked, id=30276, stack(0x00007fd6885ed000,0x00007fd6886ee000)]
  0x00007fd7882ab000 JavaThread "Signal Dispatcher" daemon [_thread_blocked, id=30275, stack(0x00007fd6886ee000,0x00007fd6887ef000)]
  0x00007fd788291000 JavaThread "Finalizer" daemon [_thread_blocked, id=30274, stack(0x00007fd6887ef000,0x00007fd6888f0000)]
  0x00007fd788288800 JavaThread "Reference Handler" daemon [_thread_blocked, id=30273, stack(0x00007fd6888f0000,0x00007fd6889f1000)]
  0x00007fd788011800 JavaThread "main" [_thread_in_native, id=30214, stack(0x00007fd78f3dc000,0x00007fd78f4db000)]

Other Threads:
  0x00007fd788281000 VMThread "VM Thread" [stack: 0x00007fd6889f3000,0x00007fd688af3000] [id=30272]
  0x00007fd788364800 WatcherThread [stack: 0x00007fd65f1cf000,0x00007fd65f2cf000] [id=30291]
  0x00007fd788034000 GCTaskThread "GC Thread#0" [stack: 0x00007fd78e636000,0x00007fd78e736000] [id=30215]
  0x00007fd788035800 GCTaskThread "GC Thread#1" [stack: 0x00007fd78e534000,0x00007fd78e634000] [id=30216]
  0x00007fd788037000 GCTaskThread "GC Thread#2" [stack: 0x00007fd78e432000,0x00007fd78e532000] [id=30217]
  0x00007fd788039000 GCTaskThread "GC Thread#3" [stack: 0x00007fd78e330000,0x00007fd78e430000] [id=30220]
  0x00007fd78803a800 GCTaskThread "GC Thread#4" [stack: 0x00007fd78e22e000,0x00007fd78e32e000] [id=30221]
  0x00007fd78803c800 GCTaskThread "GC Thread#5" [stack: 0x00007fd78e12c000,0x00007fd78e22c000] [id=30222]
  0x00007fd78803e000 GCTaskThread "GC Thread#6" [stack: 0x00007fd78e02a000,0x00007fd78e12a000] [id=30223]
  0x00007fd78803f800 GCTaskThread "GC Thread#7" [stack: 0x00007fd78df28000,0x00007fd78e028000] [id=30224]
  0x00007fd788041800 GCTaskThread "GC Thread#8" [stack: 0x00007fd78de26000,0x00007fd78df26000] [id=30225]
  0x00007fd788043000 GCTaskThread "GC Thread#9" [stack: 0x00007fd78dd24000,0x00007fd78de24000] [id=30226]
  0x00007fd788045000 GCTaskThread "GC Thread#10" [stack: 0x00007fd78dc22000,0x00007fd78dd22000] [id=30227]
  0x00007fd788046800 GCTaskThread "GC Thread#11" [stack: 0x00007fd78db20000,0x00007fd78dc20000] [id=30228]
  0x00007fd788048800 GCTaskThread "GC Thread#12" [stack: 0x00007fd78da1e000,0x00007fd78db1e000] [id=30229]
  0x00007fd78804a000 GCTaskThread "GC Thread#13" [stack: 0x00007fd78d91c000,0x00007fd78da1c000] [id=30230]
  0x00007fd78804c000 GCTaskThread "GC Thread#14" [stack: 0x00007fd78d81a000,0x00007fd78d91a000] [id=30231]
  0x00007fd78804d800 GCTaskThread "GC Thread#15" [stack: 0x00007fd78d718000,0x00007fd78d818000] [id=30232]
  0x00007fd78804f800 GCTaskThread "GC Thread#16" [stack: 0x00007fd78d616000,0x00007fd78d716000] [id=30239]
  0x00007fd788051000 GCTaskThread "GC Thread#17" [stack: 0x00007fd78d514000,0x00007fd78d614000] [id=30240]
  0x00007fd788052800 GCTaskThread "GC Thread#18" [stack: 0x00007fd78d412000,0x00007fd78d512000] [id=30241]
  0x00007fd788054800 GCTaskThread "GC Thread#19" [stack: 0x00007fd78d310000,0x00007fd78d410000] [id=30242]
  0x00007fd78809f800 ConcurrentGCThread "G1 Main Marker" [stack: 0x00007fd76c215000,0x00007fd76c315000] [id=30266]
  0x00007fd7880a1000 ConcurrentGCThread "G1 Marker#0" [stack: 0x00007fd76c113000,0x00007fd76c213000] [id=30267]
  0x00007fd7880a3000 ConcurrentGCThread "G1 Marker#1" [stack: 0x00007fd76c011000,0x00007fd76c111000] [id=30268]
  0x00007fd7880a4800 ConcurrentGCThread "G1 Marker#2" [stack: 0x00007fd6a09ef000,0x00007fd6a0aef000] [id=30269]
  0x00007fd7880a6800 ConcurrentGCThread "G1 Marker#3" [stack: 0x00007fd6a08ed000,0x00007fd6a09ed000] [id=30270]
  0x00007fd7880a8000 ConcurrentGCThread "G1 Marker#4" [stack: 0x00007fd6a07eb000,0x00007fd6a08eb000] [id=30271]
  0x00007fd788079000 ConcurrentGCThread "G1 Refine#0" [stack: 0x00007fd76c51b000,0x00007fd76c61b000] [id=30264]
  0x00007fd788077000 ConcurrentGCThread "G1 Refine#1" [stack: 0x00007fd76c61d000,0x00007fd76c71d000] [id=30263]
  0x00007fd788075000 ConcurrentGCThread "G1 Refine#2" [stack: 0x00007fd76c71f000,0x00007fd76c81f000] [id=30262]
  0x00007fd788073800 ConcurrentGCThread "G1 Refine#3" [stack: 0x00007fd76c821000,0x00007fd76c921000] [id=30261]
  0x00007fd788071800 ConcurrentGCThread "G1 Refine#4" [stack: 0x00007fd76c923000,0x00007fd76ca23000] [id=30260]
  0x00007fd788070000 ConcurrentGCThread "G1 Refine#5" [stack: 0x00007fd76ca25000,0x00007fd76cb25000] [id=30259]
  0x00007fd78806e000 ConcurrentGCThread "G1 Refine#6" [stack: 0x00007fd76cb27000,0x00007fd76cc27000] [id=30257]
  0x00007fd78806c800 ConcurrentGCThread "G1 Refine#7" [stack: 0x00007fd76cc29000,0x00007fd76cd29000] [id=30256]
  0x00007fd78806a800 ConcurrentGCThread "G1 Refine#8" [stack: 0x00007fd76cd2b000,0x00007fd76ce2b000] [id=30254]
  0x00007fd788069000 ConcurrentGCThread "G1 Refine#9" [stack: 0x00007fd76ce2d000,0x00007fd76cf2d000] [id=30253]
  0x00007fd788067000 ConcurrentGCThread "G1 Refine#10" [stack: 0x00007fd76cf2f000,0x00007fd76d02f000] [id=30252]
  0x00007fd788065000 ConcurrentGCThread "G1 Refine#11" [stack: 0x00007fd76d031000,0x00007fd76d131000] [id=30251]
  0x00007fd788063800 ConcurrentGCThread "G1 Refine#12" [stack: 0x00007fd76d133000,0x00007fd76d233000] [id=30250]
  0x00007fd788061800 ConcurrentGCThread "G1 Refine#13" [stack: 0x00007fd76d235000,0x00007fd76d335000] [id=30249]
  0x00007fd788060000 ConcurrentGCThread "G1 Refine#14" [stack: 0x00007fd76d337000,0x00007fd76d437000] [id=30248]
  0x00007fd78805e000 ConcurrentGCThread "G1 Refine#15" [stack: 0x00007fd76d439000,0x00007fd76d539000] [id=30247]
  0x00007fd78805c800 ConcurrentGCThread "G1 Refine#16" [stack: 0x00007fd76d53b000,0x00007fd76d63b000] [id=30246]
  0x00007fd78805a800 ConcurrentGCThread "G1 Refine#17" [stack: 0x00007fd76d63d000,0x00007fd76d73d000] [id=30245]
  0x00007fd788059000 ConcurrentGCThread "G1 Refine#18" [stack: 0x00007fd76d73f000,0x00007fd76d83f000] [id=30244]
  0x00007fd788057000 ConcurrentGCThread "G1 Refine#19" [stack: 0x00007fd76d841000,0x00007fd76d941000] [id=30243]
  0x00007fd78807a800 ConcurrentGCThread "G1 Young RemSet Sampling" [stack: 0x00007fd76c419000,0x00007fd76c519000] [id=30265]

Threads with active compile tasks:
C1 CompilerThread11 242 %     3       org.eclipse.core.runtime.adaptor.EclipseStarter::main @ 531 (1519 bytes)

VM state:not at safepoint (normal execution)

VM Mutex/Monitor currently owned by a thread: None

Heap address: 0x00000003d7c00000, size: 16004 MB, Compressed Oops mode: Zero based, Oop shift amount: 3
Narrow klass base: 0x0000000000000000, Narrow klass shift: 3
Compressed class space size: 1073741824 Address: 0x00000007c0000000

Heap:
 garbage-first heap   total 1028096K, used 8192K [0x00000003d7c00000, 0x00000003d80007d8, 0x00000007c0000000)
  region size 4096K, 3 young (12288K), 0 survivors (0K)
 Metaspace       used 4292K, capacity 4616K, committed 4864K, reserved 1056768K
  class space    used 356K, capacity 388K, committed 512K, reserved 1048576K
Heap Regions: E=young(eden), S=young(survivor), O=old, HS=humongous(starts), HC=humongous(continues), CS=collection set, F=free, A=archive, TS=gc time stamp, AC=allocation context, TAMS=top-at-mark-start (previous, next)
|   0|0x00000003d7c00000, 0x00000003d7c00000, 0x00000003d8000000|  0%| F|  |TS  0|AC  0|TAMS 0x00000003d7c00000, 0x00000003d7c00000|
|   1|0x00000003d8000000, 0x00000003d8000000, 0x00000003d8400000|  0%| F|  |TS  0|AC  0|TAMS 0x00000003d8000000, 0x00000003d8000000|
|   2|0x00000003d8400000, 0x00000003d8400000, 0x00000003d8800000|  0%| F|  |TS  0|AC  0|TAMS 0x00000003d8400000, 0x00000003d8400000|
|   3|0x00000003d8800000, 0x00000003d8800000, 0x00000003d8c00000|  0%| F|  |TS  0|AC  0|TAMS 0x00000003d8800000, 0x00000003d8800000|
|   4|0x00000003d8c00000, 0x00000003d8c00000, 0x00000003d9000000|  0%| F|  |TS  0|AC  0|TAMS 0x00000003d8c00000, 0x00000003d8c00000|
|   5|0x00000003d9000000, 0x00000003d9000000, 0x00000003d9400000|  0%| F|  |TS  0|AC  0|TAMS 0x00000003d9000000, 0x00000003d9000000|
|   6|0x00000003d9400000, 0x00000003d9400000, 0x00000003d9800000|  0%| F|  |TS  0|AC  0|TAMS 0x00000003d9400000, 0x00000003d9400000|
|   7|0x00000003d9800000, 0x00000003d9800000, 0x00000003d9c00000|  0%| F|  |TS  0|AC  0|TAMS 0x00000003d9800000, 0x00000003d9800000|
|   8|0x00000003d9c00000, 0x00000003d9c00000, 0x00000003da000000|  0%| F|  |TS  0|AC  0|TAMS 0x00000003d9c00000, 0x00000003d9c00000|
|   9|0x00000003da000000, 0x00000003da000000, 0x00000003da400000|  0%| F|  |TS  0|AC  0|TAMS 0x00000003da000000, 0x00000003da000000|
|  10|0x00000003da400000, 0x00000003da400000, 0x00000003da800000|  0%| F|  |TS  0|AC  0|TAMS 0x00000003da400000, 0x00000003da400000|
|  11|0x00000003da800000, 0x00000003da800000, 0x00000003dac00000|  0%| F|  |TS  0|AC  0|TAMS 0x00000003da800000, 0x00000003da800000|
|  12|0x00000003dac00000, 0x00000003dac00000, 0x00000003db000000|  0%| F|  |TS  0|AC  0|TAMS 0x00000003dac00000, 0x00000003dac00000|
|  13|0x00000003db000000, 0x00000003db000000, 0x00000003db400000|  0%| F|  |TS  0|AC  0|TAMS 0x00000003db000000, 0x00000003db000000|
|  14|0x00000003db400000, 0x00000003db400000, 0x00000003db800000|  0%| F|  |TS  0|AC  0|TAMS 0x00000003db400000, 0x00000003db400000|
|  15|0x00000003db800000, 0x00000003db800000, 0x00000003dbc00000|  0%| F|  |TS  0|AC  0|TAMS 0x00000003db800000, 0x00000003db800000|
|  16|0x00000003dbc00000, 0x00000003dbc00000, 0x00000003dc000000|  0%| F|  |TS  0|AC  0|TAMS 0x00000003dbc00000, 0x00000003dbc00000|
|  17|0x00000003dc000000, 0x00000003dc000000, 0x00000003dc400000|  0%| F|  |TS  0|AC  0|TAMS 0x00000003dc000000, 0x00000003dc000000|
|  18|0x00000003dc400000, 0x00000003dc400000, 0x00000003dc800000|  0%| F|  |TS  0|AC  0|TAMS 0x00000003dc400000, 0x00000003dc400000|
|  19|0x00000003dc800000, 0x00000003dc800000, 0x00000003dcc00000|  0%| F|  |TS  0|AC  0|TAMS 0x00000003dc800000, 0x00000003dc800000|
|  20|0x00000003dcc00000, 0x00000003dcc00000, 0x00000003dd000000|  0%| F|  |TS  0|AC  0|TAMS 0x00000003dcc00000, 0x00000003dcc00000|
|  21|0x00000003dd000000, 0x00000003dd000000, 0x00000003dd400000|  0%| F|  |TS  0|AC  0|TAMS 0x00000003dd000000, 0x00000003dd000000|
|  22|0x00000003dd400000, 0x00000003dd400000, 0x00000003dd800000|  0%| F|  |TS  0|AC  0|TAMS 0x00000003dd400000, 0x00000003dd400000|
|  23|0x00000003dd800000, 0x00000003dd800000, 0x00000003ddc00000|  0%| F|  |TS  0|AC  0|TAMS 0x00000003dd800000, 0x00000003dd800000|
|  24|0x00000003ddc00000, 0x00000003ddc00000, 0x00000003de000000|  0%| F|  |TS  0|AC  0|TAMS 0x00000003ddc00000, 0x00000003ddc00000|
|  25|0x00000003de000000, 0x00000003de000000, 0x00000003de400000|  0%| F|  |TS  0|AC  0|TAMS 0x00000003de000000, 0x00000003de000000|
|  26|0x00000003de400000, 0x00000003de400000, 0x00000003de800000|  0%| F|  |TS  0|AC  0|TAMS 0x00000003de400000, 0x00000003de400000|
|  27|0x00000003de800000, 0x00000003de800000, 0x00000003dec00000|  0%| F|  |TS  0|AC  0|TAMS 0x00000003de800000, 0x00000003de800000|
|  28|0x00000003dec00000, 0x00000003dec00000, 0x00000003df000000|  0%| F|  |TS  0|AC  0|TAMS 0x00000003dec00000, 0x00000003dec00000|
|  29|0x00000003df000000, 0x00000003df000000, 0x00000003df400000|  0%| F|  |TS  0|AC  0|TAMS 0x00000003df000000, 0x00000003df000000|
|  30|0x00000003df400000, 0x00000003df400000, 0x00000003df800000|  0%| F|  |TS  0|AC  0|TAMS 0x00000003df400000, 0x00000003df400000|
|  31|0x00000003df800000, 0x00000003df800000, 0x00000003dfc00000|  0%| F|  |TS  0|AC  0|TAMS 0x00000003df800000, 0x00000003df800000|
|  32|0x00000003dfc00000, 0x00000003dfc00000, 0x00000003e0000000|  0%| F|  |TS  0|AC  0|TAMS 0x00000003dfc00000, 0x00000003dfc00000|
|  33|0x00000003e0000000, 0x00000003e0000000, 0x00000003e0400000|  0%| F|  |TS  0|AC  0|TAMS 0x00000003e0000000, 0x00000003e0000000|
|  34|0x00000003e0400000, 0x00000003e0400000, 0x00000003e0800000|  0%| F|  |TS  0|AC  0|TAMS 0x00000003e0400000, 0x00000003e0400000|
|  35|0x00000003e0800000, 0x00000003e0800000, 0x00000003e0c00000|  0%| F|  |TS  0|AC  0|TAMS 0x00000003e0800000, 0x00000003e0800000|
|  36|0x00000003e0c00000, 0x00000003e0c00000, 0x00000003e1000000|  0%| F|  |TS  0|AC  0|TAMS 0x00000003e0c00000, 0x00000003e0c00000|
|  37|0x00000003e1000000, 0x00000003e1000000, 0x00000003e1400000|  0%| F|  |TS  0|AC  0|TAMS 0x00000003e1000000, 0x00000003e1000000|
|  38|0x00000003e1400000, 0x00000003e1400000, 0x00000003e1800000|  0%| F|  |TS  0|AC  0|TAMS 0x00000003e1400000, 0x00000003e1400000|
|  39|0x00000003e1800000, 0x00000003e1800000, 0x00000003e1c00000|  0%| F|  |TS  0|AC  0|TAMS 0x00000003e1800000, 0x00000003e1800000|
|  40|0x00000003e1c00000, 0x00000003e1c00000, 0x00000003e2000000|  0%| F|  |TS  0|AC  0|TAMS 0x00000003e1c00000, 0x00000003e1c00000|
|  41|0x00000003e2000000, 0x00000003e2000000, 0x00000003e2400000|  0%| F|  |TS  0|AC  0|TAMS 0x00000003e2000000, 0x00000003e2000000|
|  42|0x00000003e2400000, 0x00000003e2400000, 0x00000003e2800000|  0%| F|  |TS  0|AC  0|TAMS 0x00000003e2400000, 0x00000003e2400000|
|  43|0x00000003e2800000, 0x00000003e2800000, 0x00000003e2c00000|  0%| F|  |TS  0|AC  0|TAMS 0x00000003e2800000, 0x00000003e2800000|
|  44|0x00000003e2c00000, 0x00000003e2c00000, 0x00000003e3000000|  0%| F|  |TS  0|AC  0|TAMS 0x00000003e2c00000, 0x00000003e2c00000|
|  45|0x00000003e3000000, 0x00000003e3000000, 0x00000003e3400000|  0%| F|  |TS  0|AC  0|TAMS 0x00000003e3000000, 0x00000003e3000000|
|  46|0x00000003e3400000, 0x00000003e3400000, 0x00000003e3800000|  0%| F|  |TS  0|AC  0|TAMS 0x00000003e3400000, 0x00000003e3400000|
|  47|0x00000003e3800000, 0x00000003e3800000, 0x00000003e3c00000|  0%| F|  |TS  0|AC  0|TAMS 0x00000003e3800000, 0x00000003e3800000|
|  48|0x00000003e3c00000, 0x00000003e3c00000, 0x00000003e4000000|  0%| F|  |TS  0|AC  0|TAMS 0x00000003e3c00000, 0x00000003e3c00000|
|  49|0x00000003e4000000, 0x00000003e4000000, 0x00000003e4400000|  0%| F|  |TS  0|AC  0|TAMS 0x00000003e4000000, 0x00000003e4000000|
|  50|0x00000003e4400000, 0x00000003e4400000, 0x00000003e4800000|  0%| F|  |TS  0|AC  0|TAMS 0x00000003e4400000, 0x00000003e4400000|
|  51|0x00000003e4800000, 0x00000003e4800000, 0x00000003e4c00000|  0%| F|  |TS  0|AC  0|TAMS 0x00000003e4800000, 0x00000003e4800000|
|  52|0x00000003e4c00000, 0x00000003e4c00000, 0x00000003e5000000|  0%| F|  |TS  0|AC  0|TAMS 0x00000003e4c00000, 0x00000003e4c00000|
|  53|0x00000003e5000000, 0x00000003e5000000, 0x00000003e5400000|  0%| F|  |TS  0|AC  0|TAMS 0x00000003e5000000, 0x00000003e5000000|
|  54|0x00000003e5400000, 0x00000003e5400000, 0x00000003e5800000|  0%| F|  |TS  0|AC  0|TAMS 0x00000003e5400000, 0x00000003e5400000|
|  55|0x00000003e5800000, 0x00000003e5800000, 0x00000003e5c00000|  0%| F|  |TS  0|AC  0|TAMS 0x00000003e5800000, 0x00000003e5800000|
|  56|0x00000003e5c00000, 0x00000003e5c00000, 0x00000003e6000000|  0%| F|  |TS  0|AC  0|TAMS 0x00000003e5c00000, 0x00000003e5c00000|
|  57|0x00000003e6000000, 0x00000003e6000000, 0x00000003e6400000|  0%| F|  |TS  0|AC  0|TAMS 0x00000003e6000000, 0x00000003e6000000|
|  58|0x00000003e6400000, 0x00000003e6400000, 0x00000003e6800000|  0%| F|  |TS  0|AC  0|TAMS 0x00000003e6400000, 0x00000003e6400000|
|  59|0x00000003e6800000, 0x00000003e6800000, 0x00000003e6c00000|  0%| F|  |TS  0|AC  0|TAMS 0x00000003e6800000, 0x00000003e6800000|
|  60|0x00000003e6c00000, 0x00000003e6c00000, 0x00000003e7000000|  0%| F|  |TS  0|AC  0|TAMS 0x00000003e6c00000, 0x00000003e6c00000|
|  61|0x00000003e7000000, 0x00000003e7000000, 0x00000003e7400000|  0%| F|  |TS  0|AC  0|TAMS 0x00000003e7000000, 0x00000003e7000000|
|  62|0x00000003e7400000, 0x00000003e7400000, 0x00000003e7800000|  0%| F|  |TS  0|AC  0|TAMS 0x00000003e7400000, 0x00000003e7400000|
|  63|0x00000003e7800000, 0x00000003e7800000, 0x00000003e7c00000|  0%| F|  |TS  0|AC  0|TAMS 0x00000003e7800000, 0x00000003e7800000|
|  64|0x00000003e7c00000, 0x00000003e7c00000, 0x00000003e8000000|  0%| F|  |TS  0|AC  0|TAMS 0x00000003e7c00000, 0x00000003e7c00000|
|  65|0x00000003e8000000, 0x00000003e8000000, 0x00000003e8400000|  0%| F|  |TS  0|AC  0|TAMS 0x00000003e8000000, 0x00000003e8000000|
|  66|0x00000003e8400000, 0x00000003e8400000, 0x00000003e8800000|  0%| F|  |TS  0|AC  0|TAMS 0x00000003e8400000, 0x00000003e8400000|
|  67|0x00000003e8800000, 0x00000003e8800000, 0x00000003e8c00000|  0%| F|  |TS  0|AC  0|TAMS 0x00000003e8800000, 0x00000003e8800000|
|  68|0x00000003e8c00000, 0x00000003e8c00000, 0x00000003e9000000|  0%| F|  |TS  0|AC  0|TAMS 0x00000003e8c00000, 0x00000003e8c00000|
|  69|0x00000003e9000000, 0x00000003e9000000, 0x00000003e9400000|  0%| F|  |TS  0|AC  0|TAMS 0x00000003e9000000, 0x00000003e9000000|
|  70|0x00000003e9400000, 0x00000003e9400000, 0x00000003e9800000|  0%| F|  |TS  0|AC  0|TAMS 0x00000003e9400000, 0x00000003e9400000|
|  71|0x00000003e9800000, 0x00000003e9800000, 0x00000003e9c00000|  0%| F|  |TS  0|AC  0|TAMS 0x00000003e9800000, 0x00000003e9800000|
|  72|0x00000003e9c00000, 0x00000003e9c00000, 0x00000003ea000000|  0%| F|  |TS  0|AC  0|TAMS 0x00000003e9c00000, 0x00000003e9c00000|
|  73|0x00000003ea000000, 0x00000003ea000000, 0x00000003ea400000|  0%| F|  |TS  0|AC  0|TAMS 0x00000003ea000000, 0x00000003ea000000|
|  74|0x00000003ea400000, 0x00000003ea400000, 0x00000003ea800000|  0%| F|  |TS  0|AC  0|TAMS 0x00000003ea400000, 0x00000003ea400000|
|  75|0x00000003ea800000, 0x00000003ea800000, 0x00000003eac00000|  0%| F|  |TS  0|AC  0|TAMS 0x00000003ea800000, 0x00000003ea800000|
|  76|0x00000003eac00000, 0x00000003eac00000, 0x00000003eb000000|  0%| F|  |TS  0|AC  0|TAMS 0x00000003eac00000, 0x00000003eac00000|
|  77|0x00000003eb000000, 0x00000003eb000000, 0x00000003eb400000|  0%| F|  |TS  0|AC  0|TAMS 0x00000003eb000000, 0x00000003eb000000|
|  78|0x00000003eb400000, 0x00000003eb400000, 0x00000003eb800000|  0%| F|  |TS  0|AC  0|TAMS 0x00000003eb400000, 0x00000003eb400000|
|  79|0x00000003eb800000, 0x00000003eb800000, 0x00000003ebc00000|  0%| F|  |TS  0|AC  0|TAMS 0x00000003eb800000, 0x00000003eb800000|
|  80|0x00000003ebc00000, 0x00000003ebc00000, 0x00000003ec000000|  0%| F|  |TS  0|AC  0|TAMS 0x00000003ebc00000, 0x00000003ebc00000|
|  81|0x00000003ec000000, 0x00000003ec000000, 0x00000003ec400000|  0%| F|  |TS  0|AC  0|TAMS 0x00000003ec000000, 0x00000003ec000000|
|  82|0x00000003ec400000, 0x00000003ec400000, 0x00000003ec800000|  0%| F|  |TS  0|AC  0|TAMS 0x00000003ec400000, 0x00000003ec400000|
|  83|0x00000003ec800000, 0x00000003ec800000, 0x00000003ecc00000|  0%| F|  |TS  0|AC  0|TAMS 0x00000003ec800000, 0x00000003ec800000|
|  84|0x00000003ecc00000, 0x00000003ecc00000, 0x00000003ed000000|  0%| F|  |TS  0|AC  0|TAMS 0x00000003ecc00000, 0x00000003ecc00000|
|  85|0x00000003ed000000, 0x00000003ed000000, 0x00000003ed400000|  0%| F|  |TS  0|AC  0|TAMS 0x00000003ed000000, 0x00000003ed000000|
|  86|0x00000003ed400000, 0x00000003ed400000, 0x00000003ed800000|  0%| F|  |TS  0|AC  0|TAMS 0x00000003ed400000, 0x00000003ed400000|
|  87|0x00000003ed800000, 0x00000003ed800000, 0x00000003edc00000|  0%| F|  |TS  0|AC  0|TAMS 0x00000003ed800000, 0x00000003ed800000|
|  88|0x00000003edc00000, 0x00000003edc00000, 0x00000003ee000000|  0%| F|  |TS  0|AC  0|TAMS 0x00000003edc00000, 0x00000003edc00000|
|  89|0x00000003ee000000, 0x00000003ee000000, 0x00000003ee400000|  0%| F|  |TS  0|AC  0|TAMS 0x00000003ee000000, 0x00000003ee000000|
|  90|0x00000003ee400000, 0x00000003ee400000, 0x00000003ee800000|  0%| F|  |TS  0|AC  0|TAMS 0x00000003ee400000, 0x00000003ee400000|
|  91|0x00000003ee800000, 0x00000003ee800000, 0x00000003eec00000|  0%| F|  |TS  0|AC  0|TAMS 0x00000003ee800000, 0x00000003ee800000|
|  92|0x00000003eec00000, 0x00000003eec00000, 0x00000003ef000000|  0%| F|  |TS  0|AC  0|TAMS 0x00000003eec00000, 0x00000003eec00000|
|  93|0x00000003ef000000, 0x00000003ef000000, 0x00000003ef400000|  0%| F|  |TS  0|AC  0|TAMS 0x00000003ef000000, 0x00000003ef000000|
|  94|0x00000003ef400000, 0x00000003ef400000, 0x00000003ef800000|  0%| F|  |TS  0|AC  0|TAMS 0x00000003ef400000, 0x00000003ef400000|
|  95|0x00000003ef800000, 0x00000003ef800000, 0x00000003efc00000|  0%| F|  |TS  0|AC  0|TAMS 0x00000003ef800000, 0x00000003ef800000|
|  96|0x00000003efc00000, 0x00000003efc00000, 0x00000003f0000000|  0%| F|  |TS  0|AC  0|TAMS 0x00000003efc00000, 0x00000003efc00000|
|  97|0x00000003f0000000, 0x00000003f0000000, 0x00000003f0400000|  0%| F|  |TS  0|AC  0|TAMS 0x00000003f0000000, 0x00000003f0000000|
|  98|0x00000003f0400000, 0x00000003f0400000, 0x00000003f0800000|  0%| F|  |TS  0|AC  0|TAMS 0x00000003f0400000, 0x00000003f0400000|
|  99|0x00000003f0800000, 0x00000003f0800000, 0x00000003f0c00000|  0%| F|  |TS  0|AC  0|TAMS 0x00000003f0800000, 0x00000003f0800000|
| 100|0x00000003f0c00000, 0x00000003f0c00000, 0x00000003f1000000|  0%| F|  |TS  0|AC  0|TAMS 0x00000003f0c00000, 0x00000003f0c00000|
| 101|0x00000003f1000000, 0x00000003f1000000, 0x00000003f1400000|  0%| F|  |TS  0|AC  0|TAMS 0x00000003f1000000, 0x00000003f1000000|
| 102|0x00000003f1400000, 0x00000003f1400000, 0x00000003f1800000|  0%| F|  |TS  0|AC  0|TAMS 0x00000003f1400000, 0x00000003f1400000|
| 103|0x00000003f1800000, 0x00000003f1800000, 0x00000003f1c00000|  0%| F|  |TS  0|AC  0|TAMS 0x00000003f1800000, 0x00000003f1800000|
| 104|0x00000003f1c00000, 0x00000003f1c00000, 0x00000003f2000000|  0%| F|  |TS  0|AC  0|TAMS 0x00000003f1c00000, 0x00000003f1c00000|
| 105|0x00000003f2000000, 0x00000003f2000000, 0x00000003f2400000|  0%| F|  |TS  0|AC  0|TAMS 0x00000003f2000000, 0x00000003f2000000|
| 106|0x00000003f2400000, 0x00000003f2400000, 0x00000003f2800000|  0%| F|  |TS  0|AC  0|TAMS 0x00000003f2400000, 0x00000003f2400000|
| 107|0x00000003f2800000, 0x00000003f2800000, 0x00000003f2c00000|  0%| F|  |TS  0|AC  0|TAMS 0x00000003f2800000, 0x00000003f2800000|
| 108|0x00000003f2c00000, 0x00000003f2c00000, 0x00000003f3000000|  0%| F|  |TS  0|AC  0|TAMS 0x00000003f2c00000, 0x00000003f2c00000|
| 109|0x00000003f3000000, 0x00000003f3000000, 0x00000003f3400000|  0%| F|  |TS  0|AC  0|TAMS 0x00000003f3000000, 0x00000003f3000000|
| 110|0x00000003f3400000, 0x00000003f3400000, 0x00000003f3800000|  0%| F|  |TS  0|AC  0|TAMS 0x00000003f3400000, 0x00000003f3400000|
| 111|0x00000003f3800000, 0x00000003f3800000, 0x00000003f3c00000|  0%| F|  |TS  0|AC  0|TAMS 0x00000003f3800000, 0x00000003f3800000|
| 112|0x00000003f3c00000, 0x00000003f3c00000, 0x00000003f4000000|  0%| F|  |TS  0|AC  0|TAMS 0x00000003f3c00000, 0x00000003f3c00000|
| 113|0x00000003f4000000, 0x00000003f4000000, 0x00000003f4400000|  0%| F|  |TS  0|AC  0|TAMS 0x00000003f4000000, 0x00000003f4000000|
| 114|0x00000003f4400000, 0x00000003f4400000, 0x00000003f4800000|  0%| F|  |TS  0|AC  0|TAMS 0x00000003f4400000, 0x00000003f4400000|
| 115|0x00000003f4800000, 0x00000003f4800000, 0x00000003f4c00000|  0%| F|  |TS  0|AC  0|TAMS 0x00000003f4800000, 0x00000003f4800000|
| 116|0x00000003f4c00000, 0x00000003f4c00000, 0x00000003f5000000|  0%| F|  |TS  0|AC  0|TAMS 0x00000003f4c00000, 0x00000003f4c00000|
| 117|0x00000003f5000000, 0x00000003f5000000, 0x00000003f5400000|  0%| F|  |TS  0|AC  0|TAMS 0x00000003f5000000, 0x00000003f5000000|
| 118|0x00000003f5400000, 0x00000003f5400000, 0x00000003f5800000|  0%| F|  |TS  0|AC  0|TAMS 0x00000003f5400000, 0x00000003f5400000|
| 119|0x00000003f5800000, 0x00000003f5800000, 0x00000003f5c00000|  0%| F|  |TS  0|AC  0|TAMS 0x00000003f5800000, 0x00000003f5800000|
| 120|0x00000003f5c00000, 0x00000003f5c00000, 0x00000003f6000000|  0%| F|  |TS  0|AC  0|TAMS 0x00000003f5c00000, 0x00000003f5c00000|
| 121|0x00000003f6000000, 0x00000003f6000000, 0x00000003f6400000|  0%| F|  |TS  0|AC  0|TAMS 0x00000003f6000000, 0x00000003f6000000|
| 122|0x00000003f6400000, 0x00000003f6400000, 0x00000003f6800000|  0%| F|  |TS  0|AC  0|TAMS 0x00000003f6400000, 0x00000003f6400000|
| 123|0x00000003f6800000, 0x00000003f6800000, 0x00000003f6c00000|  0%| F|  |TS  0|AC  0|TAMS 0x00000003f6800000, 0x00000003f6800000|
| 124|0x00000003f6c00000, 0x00000003f6c00000, 0x00000003f7000000|  0%| F|  |TS  0|AC  0|TAMS 0x00000003f6c00000, 0x00000003f6c00000|
| 125|0x00000003f7000000, 0x00000003f7000000, 0x00000003f7400000|  0%| F|  |TS  0|AC  0|TAMS 0x00000003f7000000, 0x00000003f7000000|
| 126|0x00000003f7400000, 0x00000003f7400000, 0x00000003f7800000|  0%| F|  |TS  0|AC  0|TAMS 0x00000003f7400000, 0x00000003f7400000|
| 127|0x00000003f7800000, 0x00000003f7800000, 0x00000003f7c00000|  0%| F|  |TS  0|AC  0|TAMS 0x00000003f7800000, 0x00000003f7800000|
| 128|0x00000003f7c00000, 0x00000003f7c00000, 0x00000003f8000000|  0%| F|  |TS  0|AC  0|TAMS 0x00000003f7c00000, 0x00000003f7c00000|
| 129|0x00000003f8000000, 0x00000003f8000000, 0x00000003f8400000|  0%| F|  |TS  0|AC  0|TAMS 0x00000003f8000000, 0x00000003f8000000|
| 130|0x00000003f8400000, 0x00000003f8400000, 0x00000003f8800000|  0%| F|  |TS  0|AC  0|TAMS 0x00000003f8400000, 0x00000003f8400000|
| 131|0x00000003f8800000, 0x00000003f8800000, 0x00000003f8c00000|  0%| F|  |TS  0|AC  0|TAMS 0x00000003f8800000, 0x00000003f8800000|
| 132|0x00000003f8c00000, 0x00000003f8c00000, 0x00000003f9000000|  0%| F|  |TS  0|AC  0|TAMS 0x00000003f8c00000, 0x00000003f8c00000|
| 133|0x00000003f9000000, 0x00000003f9000000, 0x00000003f9400000|  0%| F|  |TS  0|AC  0|TAMS 0x00000003f9000000, 0x00000003f9000000|
| 134|0x00000003f9400000, 0x00000003f9400000, 0x00000003f9800000|  0%| F|  |TS  0|AC  0|TAMS 0x00000003f9400000, 0x00000003f9400000|
| 135|0x00000003f9800000, 0x00000003f9800000, 0x00000003f9c00000|  0%| F|  |TS  0|AC  0|TAMS 0x00000003f9800000, 0x00000003f9800000|
| 136|0x00000003f9c00000, 0x00000003f9c00000, 0x00000003fa000000|  0%| F|  |TS  0|AC  0|TAMS 0x00000003f9c00000, 0x00000003f9c00000|
| 137|0x00000003fa000000, 0x00000003fa000000, 0x00000003fa400000|  0%| F|  |TS  0|AC  0|TAMS 0x00000003fa000000, 0x00000003fa000000|
| 138|0x00000003fa400000, 0x00000003fa400000, 0x00000003fa800000|  0%| F|  |TS  0|AC  0|TAMS 0x00000003fa400000, 0x00000003fa400000|
| 139|0x00000003fa800000, 0x00000003fa800000, 0x00000003fac00000|  0%| F|  |TS  0|AC  0|TAMS 0x00000003fa800000, 0x00000003fa800000|
| 140|0x00000003fac00000, 0x00000003fac00000, 0x00000003fb000000|  0%| F|  |TS  0|AC  0|TAMS 0x00000003fac00000, 0x00000003fac00000|
| 141|0x00000003fb000000, 0x00000003fb000000, 0x00000003fb400000|  0%| F|  |TS  0|AC  0|TAMS 0x00000003fb000000, 0x00000003fb000000|
| 142|0x00000003fb400000, 0x00000003fb400000, 0x00000003fb800000|  0%| F|  |TS  0|AC  0|TAMS 0x00000003fb400000, 0x00000003fb400000|
| 143|0x00000003fb800000, 0x00000003fb800000, 0x00000003fbc00000|  0%| F|  |TS  0|AC  0|TAMS 0x00000003fb800000, 0x00000003fb800000|
| 144|0x00000003fbc00000, 0x00000003fbc00000, 0x00000003fc000000|  0%| F|  |TS  0|AC  0|TAMS 0x00000003fbc00000, 0x00000003fbc00000|
| 145|0x00000003fc000000, 0x00000003fc000000, 0x00000003fc400000|  0%| F|  |TS  0|AC  0|TAMS 0x00000003fc000000, 0x00000003fc000000|
| 146|0x00000003fc400000, 0x00000003fc400000, 0x00000003fc800000|  0%| F|  |TS  0|AC  0|TAMS 0x00000003fc400000, 0x00000003fc400000|
| 147|0x00000003fc800000, 0x00000003fc800000, 0x00000003fcc00000|  0%| F|  |TS  0|AC  0|TAMS 0x00000003fc800000, 0x00000003fc800000|
| 148|0x00000003fcc00000, 0x00000003fcc00000, 0x00000003fd000000|  0%| F|  |TS  0|AC  0|TAMS 0x00000003fcc00000, 0x00000003fcc00000|
| 149|0x00000003fd000000, 0x00000003fd000000, 0x00000003fd400000|  0%| F|  |TS  0|AC  0|TAMS 0x00000003fd000000, 0x00000003fd000000|
| 150|0x00000003fd400000, 0x00000003fd400000, 0x00000003fd800000|  0%| F|  |TS  0|AC  0|TAMS 0x00000003fd400000, 0x00000003fd400000|
| 151|0x00000003fd800000, 0x00000003fd800000, 0x00000003fdc00000|  0%| F|  |TS  0|AC  0|TAMS 0x00000003fd800000, 0x00000003fd800000|
| 152|0x00000003fdc00000, 0x00000003fdc00000, 0x00000003fe000000|  0%| F|  |TS  0|AC  0|TAMS 0x00000003fdc00000, 0x00000003fdc00000|
| 153|0x00000003fe000000, 0x00000003fe000000, 0x00000003fe400000|  0%| F|  |TS  0|AC  0|TAMS 0x00000003fe000000, 0x00000003fe000000|
| 154|0x00000003fe400000, 0x00000003fe400000, 0x00000003fe800000|  0%| F|  |TS  0|AC  0|TAMS 0x00000003fe400000, 0x00000003fe400000|
| 155|0x00000003fe800000, 0x00000003fe800000, 0x00000003fec00000|  0%| F|  |TS  0|AC  0|TAMS 0x00000003fe800000, 0x00000003fe800000|
| 156|0x00000003fec00000, 0x00000003fec00000, 0x00000003ff000000|  0%| F|  |TS  0|AC  0|TAMS 0x00000003fec00000, 0x00000003fec00000|
| 157|0x00000003ff000000, 0x00000003ff000000, 0x00000003ff400000|  0%| F|  |TS  0|AC  0|TAMS 0x00000003ff000000, 0x00000003ff000000|
| 158|0x00000003ff400000, 0x00000003ff400000, 0x00000003ff800000|  0%| F|  |TS  0|AC  0|TAMS 0x00000003ff400000, 0x00000003ff400000|
| 159|0x00000003ff800000, 0x00000003ff800000, 0x00000003ffc00000|  0%| F|  |TS  0|AC  0|TAMS 0x00000003ff800000, 0x00000003ff800000|
| 160|0x00000003ffc00000, 0x00000003ffc00000, 0x0000000400000000|  0%| F|  |TS  0|AC  0|TAMS 0x00000003ffc00000, 0x00000003ffc00000|
| 161|0x0000000400000000, 0x0000000400000000, 0x0000000400400000|  0%| F|  |TS  0|AC  0|TAMS 0x0000000400000000, 0x0000000400000000|
| 162|0x0000000400400000, 0x0000000400400000, 0x0000000400800000|  0%| F|  |TS  0|AC  0|TAMS 0x0000000400400000, 0x0000000400400000|
| 163|0x0000000400800000, 0x0000000400800000, 0x0000000400c00000|  0%| F|  |TS  0|AC  0|TAMS 0x0000000400800000, 0x0000000400800000|
| 164|0x0000000400c00000, 0x0000000400c00000, 0x0000000401000000|  0%| F|  |TS  0|AC  0|TAMS 0x0000000400c00000, 0x0000000400c00000|
| 165|0x0000000401000000, 0x0000000401000000, 0x0000000401400000|  0%| F|  |TS  0|AC  0|TAMS 0x0000000401000000, 0x0000000401000000|
| 166|0x0000000401400000, 0x0000000401400000, 0x0000000401800000|  0%| F|  |TS  0|AC  0|TAMS 0x0000000401400000, 0x0000000401400000|
| 167|0x0000000401800000, 0x0000000401800000, 0x0000000401c00000|  0%| F|  |TS  0|AC  0|TAMS 0x0000000401800000, 0x0000000401800000|
| 168|0x0000000401c00000, 0x0000000401c00000, 0x0000000402000000|  0%| F|  |TS  0|AC  0|TAMS 0x0000000401c00000, 0x0000000401c00000|
| 169|0x0000000402000000, 0x0000000402000000, 0x0000000402400000|  0%| F|  |TS  0|AC  0|TAMS 0x0000000402000000, 0x0000000402000000|
| 170|0x0000000402400000, 0x0000000402400000, 0x0000000402800000|  0%| F|  |TS  0|AC  0|TAMS 0x0000000402400000, 0x0000000402400000|
| 171|0x0000000402800000, 0x0000000402800000, 0x0000000402c00000|  0%| F|  |TS  0|AC  0|TAMS 0x0000000402800000, 0x0000000402800000|
| 172|0x0000000402c00000, 0x0000000402c00000, 0x0000000403000000|  0%| F|  |TS  0|AC  0|TAMS 0x0000000402c00000, 0x0000000402c00000|
| 173|0x0000000403000000, 0x0000000403000000, 0x0000000403400000|  0%| F|  |TS  0|AC  0|TAMS 0x0000000403000000, 0x0000000403000000|
| 174|0x0000000403400000, 0x0000000403400000, 0x0000000403800000|  0%| F|  |TS  0|AC  0|TAMS 0x0000000403400000, 0x0000000403400000|
| 175|0x0000000403800000, 0x0000000403800000, 0x0000000403c00000|  0%| F|  |TS  0|AC  0|TAMS 0x0000000403800000, 0x0000000403800000|
| 176|0x0000000403c00000, 0x0000000403c00000, 0x0000000404000000|  0%| F|  |TS  0|AC  0|TAMS 0x0000000403c00000, 0x0000000403c00000|
| 177|0x0000000404000000, 0x0000000404000000, 0x0000000404400000|  0%| F|  |TS  0|AC  0|TAMS 0x0000000404000000, 0x0000000404000000|
| 178|0x0000000404400000, 0x0000000404400000, 0x0000000404800000|  0%| F|  |TS  0|AC  0|TAMS 0x0000000404400000, 0x0000000404400000|
| 179|0x0000000404800000, 0x0000000404800000, 0x0000000404c00000|  0%| F|  |TS  0|AC  0|TAMS 0x0000000404800000, 0x0000000404800000|
| 180|0x0000000404c00000, 0x0000000404c00000, 0x0000000405000000|  0%| F|  |TS  0|AC  0|TAMS 0x0000000404c00000, 0x0000000404c00000|
| 181|0x0000000405000000, 0x0000000405000000, 0x0000000405400000|  0%| F|  |TS  0|AC  0|TAMS 0x0000000405000000, 0x0000000405000000|
| 182|0x0000000405400000, 0x0000000405400000, 0x0000000405800000|  0%| F|  |TS  0|AC  0|TAMS 0x0000000405400000, 0x0000000405400000|
| 183|0x0000000405800000, 0x0000000405800000, 0x0000000405c00000|  0%| F|  |TS  0|AC  0|TAMS 0x0000000405800000, 0x0000000405800000|
| 184|0x0000000405c00000, 0x0000000405c00000, 0x0000000406000000|  0%| F|  |TS  0|AC  0|TAMS 0x0000000405c00000, 0x0000000405c00000|
| 185|0x0000000406000000, 0x0000000406000000, 0x0000000406400000|  0%| F|  |TS  0|AC  0|TAMS 0x0000000406000000, 0x0000000406000000|
| 186|0x0000000406400000, 0x0000000406400000, 0x0000000406800000|  0%| F|  |TS  0|AC  0|TAMS 0x0000000406400000, 0x0000000406400000|
| 187|0x0000000406800000, 0x0000000406800000, 0x0000000406c00000|  0%| F|  |TS  0|AC  0|TAMS 0x0000000406800000, 0x0000000406800000|
| 188|0x0000000406c00000, 0x0000000406c00000, 0x0000000407000000|  0%| F|  |TS  0|AC  0|TAMS 0x0000000406c00000, 0x0000000406c00000|
| 189|0x0000000407000000, 0x0000000407000000, 0x0000000407400000|  0%| F|  |TS  0|AC  0|TAMS 0x0000000407000000, 0x0000000407000000|
| 190|0x0000000407400000, 0x0000000407400000, 0x0000000407800000|  0%| F|  |TS  0|AC  0|TAMS 0x0000000407400000, 0x0000000407400000|
| 191|0x0000000407800000, 0x0000000407800000, 0x0000000407c00000|  0%| F|  |TS  0|AC  0|TAMS 0x0000000407800000, 0x0000000407800000|
| 192|0x0000000407c00000, 0x0000000407c00000, 0x0000000408000000|  0%| F|  |TS  0|AC  0|TAMS 0x0000000407c00000, 0x0000000407c00000|
| 193|0x0000000408000000, 0x0000000408000000, 0x0000000408400000|  0%| F|  |TS  0|AC  0|TAMS 0x0000000408000000, 0x0000000408000000|
| 194|0x0000000408400000, 0x0000000408400000, 0x0000000408800000|  0%| F|  |TS  0|AC  0|TAMS 0x0000000408400000, 0x0000000408400000|
| 195|0x0000000408800000, 0x0000000408800000, 0x0000000408c00000|  0%| F|  |TS  0|AC  0|TAMS 0x0000000408800000, 0x0000000408800000|
| 196|0x0000000408c00000, 0x0000000408c00000, 0x0000000409000000|  0%| F|  |TS  0|AC  0|TAMS 0x0000000408c00000, 0x0000000408c00000|
| 197|0x0000000409000000, 0x0000000409000000, 0x0000000409400000|  0%| F|  |TS  0|AC  0|TAMS 0x0000000409000000, 0x0000000409000000|
| 198|0x0000000409400000, 0x0000000409400000, 0x0000000409800000|  0%| F|  |TS  0|AC  0|TAMS 0x0000000409400000, 0x0000000409400000|
| 199|0x0000000409800000, 0x0000000409800000, 0x0000000409c00000|  0%| F|  |TS  0|AC  0|TAMS 0x0000000409800000, 0x0000000409800000|
| 200|0x0000000409c00000, 0x0000000409c00000, 0x000000040a000000|  0%| F|  |TS  0|AC  0|TAMS 0x0000000409c00000, 0x0000000409c00000|
| 201|0x000000040a000000, 0x000000040a000000, 0x000000040a400000|  0%| F|  |TS  0|AC  0|TAMS 0x000000040a000000, 0x000000040a000000|
| 202|0x000000040a400000, 0x000000040a400000, 0x000000040a800000|  0%| F|  |TS  0|AC  0|TAMS 0x000000040a400000, 0x000000040a400000|
| 203|0x000000040a800000, 0x000000040a800000, 0x000000040ac00000|  0%| F|  |TS  0|AC  0|TAMS 0x000000040a800000, 0x000000040a800000|
| 204|0x000000040ac00000, 0x000000040ac00000, 0x000000040b000000|  0%| F|  |TS  0|AC  0|TAMS 0x000000040ac00000, 0x000000040ac00000|
| 205|0x000000040b000000, 0x000000040b000000, 0x000000040b400000|  0%| F|  |TS  0|AC  0|TAMS 0x000000040b000000, 0x000000040b000000|
| 206|0x000000040b400000, 0x000000040b400000, 0x000000040b800000|  0%| F|  |TS  0|AC  0|TAMS 0x000000040b400000, 0x000000040b400000|
| 207|0x000000040b800000, 0x000000040b800000, 0x000000040bc00000|  0%| F|  |TS  0|AC  0|TAMS 0x000000040b800000, 0x000000040b800000|
| 208|0x000000040bc00000, 0x000000040bc00000, 0x000000040c000000|  0%| F|  |TS  0|AC  0|TAMS 0x000000040bc00000, 0x000000040bc00000|
| 209|0x000000040c000000, 0x000000040c000000, 0x000000040c400000|  0%| F|  |TS  0|AC  0|TAMS 0x000000040c000000, 0x000000040c000000|
| 210|0x000000040c400000, 0x000000040c400000, 0x000000040c800000|  0%| F|  |TS  0|AC  0|TAMS 0x000000040c400000, 0x000000040c400000|
| 211|0x000000040c800000, 0x000000040c800000, 0x000000040cc00000|  0%| F|  |TS  0|AC  0|TAMS 0x000000040c800000, 0x000000040c800000|
| 212|0x000000040cc00000, 0x000000040cc00000, 0x000000040d000000|  0%| F|  |TS  0|AC  0|TAMS 0x000000040cc00000, 0x000000040cc00000|
| 213|0x000000040d000000, 0x000000040d000000, 0x000000040d400000|  0%| F|  |TS  0|AC  0|TAMS 0x000000040d000000, 0x000000040d000000|
| 214|0x000000040d400000, 0x000000040d400000, 0x000000040d800000|  0%| F|  |TS  0|AC  0|TAMS 0x000000040d400000, 0x000000040d400000|
| 215|0x000000040d800000, 0x000000040d800000, 0x000000040dc00000|  0%| F|  |TS  0|AC  0|TAMS 0x000000040d800000, 0x000000040d800000|
| 216|0x000000040dc00000, 0x000000040dc00000, 0x000000040e000000|  0%| F|  |TS  0|AC  0|TAMS 0x000000040dc00000, 0x000000040dc00000|
| 217|0x000000040e000000, 0x000000040e000000, 0x000000040e400000|  0%| F|  |TS  0|AC  0|TAMS 0x000000040e000000, 0x000000040e000000|
| 218|0x000000040e400000, 0x000000040e400000, 0x000000040e800000|  0%| F|  |TS  0|AC  0|TAMS 0x000000040e400000, 0x000000040e400000|
| 219|0x000000040e800000, 0x000000040e800000, 0x000000040ec00000|  0%| F|  |TS  0|AC  0|TAMS 0x000000040e800000, 0x000000040e800000|
| 220|0x000000040ec00000, 0x000000040ec00000, 0x000000040f000000|  0%| F|  |TS  0|AC  0|TAMS 0x000000040ec00000, 0x000000040ec00000|
| 221|0x000000040f000000, 0x000000040f000000, 0x000000040f400000|  0%| F|  |TS  0|AC  0|TAMS 0x000000040f000000, 0x000000040f000000|
| 222|0x000000040f400000, 0x000000040f400000, 0x000000040f800000|  0%| F|  |TS  0|AC  0|TAMS 0x000000040f400000, 0x000000040f400000|
| 223|0x000000040f800000, 0x000000040f800000, 0x000000040fc00000|  0%| F|  |TS  0|AC  0|TAMS 0x000000040f800000, 0x000000040f800000|
| 224|0x000000040fc00000, 0x000000040fc00000, 0x0000000410000000|  0%| F|  |TS  0|AC  0|TAMS 0x000000040fc00000, 0x000000040fc00000|
| 225|0x0000000410000000, 0x0000000410000000, 0x0000000410400000|  0%| F|  |TS  0|AC  0|TAMS 0x0000000410000000, 0x0000000410000000|
| 226|0x0000000410400000, 0x0000000410400000, 0x0000000410800000|  0%| F|  |TS  0|AC  0|TAMS 0x0000000410400000, 0x0000000410400000|
| 227|0x0000000410800000, 0x0000000410800000, 0x0000000410c00000|  0%| F|  |TS  0|AC  0|TAMS 0x0000000410800000, 0x0000000410800000|
| 228|0x0000000410c00000, 0x0000000410c00000, 0x0000000411000000|  0%| F|  |TS  0|AC  0|TAMS 0x0000000410c00000, 0x0000000410c00000|
| 229|0x0000000411000000, 0x0000000411000000, 0x0000000411400000|  0%| F|  |TS  0|AC  0|TAMS 0x0000000411000000, 0x0000000411000000|
| 230|0x0000000411400000, 0x0000000411400000, 0x0000000411800000|  0%| F|  |TS  0|AC  0|TAMS 0x0000000411400000, 0x0000000411400000|
| 231|0x0000000411800000, 0x0000000411800000, 0x0000000411c00000|  0%| F|  |TS  0|AC  0|TAMS 0x0000000411800000, 0x0000000411800000|
| 232|0x0000000411c00000, 0x0000000411c00000, 0x0000000412000000|  0%| F|  |TS  0|AC  0|TAMS 0x0000000411c00000, 0x0000000411c00000|
| 233|0x0000000412000000, 0x0000000412000000, 0x0000000412400000|  0%| F|  |TS  0|AC  0|TAMS 0x0000000412000000, 0x0000000412000000|
| 234|0x0000000412400000, 0x0000000412400000, 0x0000000412800000|  0%| F|  |TS  0|AC  0|TAMS 0x0000000412400000, 0x0000000412400000|
| 235|0x0000000412800000, 0x0000000412800000, 0x0000000412c00000|  0%| F|  |TS  0|AC  0|TAMS 0x0000000412800000, 0x0000000412800000|
| 236|0x0000000412c00000, 0x0000000412c00000, 0x0000000413000000|  0%| F|  |TS  0|AC  0|TAMS 0x0000000412c00000, 0x0000000412c00000|
| 237|0x0000000413000000, 0x0000000413000000, 0x0000000413400000|  0%| F|  |TS  0|AC  0|TAMS 0x0000000413000000, 0x0000000413000000|
| 238|0x0000000413400000, 0x0000000413400000, 0x0000000413800000|  0%| F|  |TS  0|AC  0|TAMS 0x0000000413400000, 0x0000000413400000|
| 239|0x0000000413800000, 0x0000000413800000, 0x0000000413c00000|  0%| F|  |TS  0|AC  0|TAMS 0x0000000413800000, 0x0000000413800000|
| 240|0x0000000413c00000, 0x0000000413c00000, 0x0000000414000000|  0%| F|  |TS  0|AC  0|TAMS 0x0000000413c00000, 0x0000000413c00000|
| 241|0x0000000414000000, 0x0000000414000000, 0x0000000414400000|  0%| F|  |TS  0|AC  0|TAMS 0x0000000414000000, 0x0000000414000000|
| 242|0x0000000414400000, 0x0000000414400000, 0x0000000414800000|  0%| F|  |TS  0|AC  0|TAMS 0x0000000414400000, 0x0000000414400000|
| 243|0x0000000414800000, 0x0000000414800000, 0x0000000414c00000|  0%| F|  |TS  0|AC  0|TAMS 0x0000000414800000, 0x0000000414800000|
| 244|0x0000000414c00000, 0x0000000414c00000, 0x0000000415000000|  0%| F|  |TS  0|AC  0|TAMS 0x0000000414c00000, 0x0000000414c00000|
| 245|0x0000000415000000, 0x0000000415000000, 0x0000000415400000|  0%| F|  |TS  0|AC  0|TAMS 0x0000000415000000, 0x0000000415000000|
| 246|0x0000000415400000, 0x0000000415400000, 0x0000000415800000|  0%| F|  |TS  0|AC  0|TAMS 0x0000000415400000, 0x0000000415400000|
| 247|0x0000000415800000, 0x0000000415800000, 0x0000000415c00000|  0%| F|  |TS  0|AC  0|TAMS 0x0000000415800000, 0x0000000415800000|
| 248|0x0000000415c00000, 0x0000000415ee1d08, 0x0000000416000000| 72%| E|  |TS  0|AC  0|TAMS 0x0000000415c00000, 0x0000000415c00000|
| 249|0x0000000416000000, 0x0000000416400000, 0x0000000416400000|100%| E|CS|TS  0|AC  0|TAMS 0x0000000416000000, 0x0000000416000000|
| 250|0x0000000416400000, 0x0000000416800000, 0x0000000416800000|100%| E|CS|TS  0|AC  0|TAMS 0x0000000416400000, 0x0000000416400000|

Card table byte_map: [0x00007fd6c223a000,0x00007fd6c417c000] byte_map_base: 0x00007fd6c037c000

Marking Bits (Prev, Next): (CMBitMap*) 0x00007fd78809e820, (CMBitMap*) 0x00007fd78809e858
 Prev Bits: [0x00007fd6b08e8000, 0x00007fd6c02f8000)
 Next Bits: [0x00007fd6a0ed8000, 0x00007fd6b08e8000)

Polling page: 0x00007fd790e2e000

CodeHeap 'non-profiled nmethods': size=119172Kb used=138Kb max_used=138Kb free=119033Kb
 bounds [0x00007fd7756e2000, 0x00007fd775952000, 0x00007fd77cb43000]
CodeHeap 'profiled nmethods': size=119172Kb used=322Kb max_used=322Kb free=118849Kb
 bounds [0x00007fd76e281000, 0x00007fd76e4f1000, 0x00007fd7756e2000]
CodeHeap 'non-nmethods': size=7416Kb used=2826Kb max_used=2872Kb free=4589Kb
 bounds [0x00007fd76db43000, 0x00007fd76de13000, 0x00007fd76e281000]
 total_blobs=624 nmethods=241 adapters=168
 compilation: enabled

Compilation events (10 events):
Event: 0.556 Thread 0x00007fd7882ba000 nmethod 232 0x00007fd7756f9f90 code [0x00007fd7756fa200, 0x00007fd7756fb608]
Event: 0.556 Thread 0x00007fd7882b5000 nmethod 228 0x00007fd7756fbf90 code [0x00007fd7756fc1c0, 0x00007fd7756fd028]
Event: 0.556 Thread 0x00007fd7882b5000  240   !   4       java.io.PrintStream::newLine (73 bytes)
Event: 0.559 Thread 0x00007fd7882af000 nmethod 235 0x00007fd7756fda10 code [0x00007fd7756fdc40, 0x00007fd7756fe9e8]
Event: 0.559 Thread 0x00007fd7882af000  239   !   4       java.io.PrintStream::write (83 bytes)
Event: 0.559 Thread 0x00007fd7882ad000  241       4       Print::logPrint (8 bytes)
Event: 0.568 Thread 0x00007fd7882b5000 nmethod 240 0x00007fd7756ff010 code [0x00007fd7756ff260, 0x00007fd775700068]
Event: 0.570 Thread 0x00007fd7882af000 nmethod 239 0x00007fd775700910 code [0x00007fd775700b20, 0x00007fd775701758]
Event: 0.605 Thread 0x00007fd7882ad000 nmethod 241 0x00007fd775701f10 code [0x00007fd7757021e0, 0x00007fd7757039a0]
Event: 0.838 Thread 0x00007fd7882c1800  242 %     3       org.eclipse.core.runtime.adaptor.EclipseStarter::main @ 531 (1519 bytes)

GC Heap History (0 events):
No events

Deoptimization events (0 events):
No events

Classes redefined (0 events):
No events

Internal exceptions (0 events):
No events

Events (10 events):
Event: 0.505 Thread 0x00007fd788011800 DEOPT PACKING pc=0x00007fd76e2b3d24 sp=0x00007fd78f4d90d0
Event: 0.505 Thread 0x00007fd788011800 DEOPT UNPACKING pc=0x00007fd76db90aab sp=0x00007fd78f4d86b8 mode 0
Event: 0.505 Thread 0x00007fd788011800 DEOPT PACKING pc=0x00007fd76e2b3d24 sp=0x00007fd78f4d90d0
Event: 0.505 Thread 0x00007fd788011800 DEOPT UNPACKING pc=0x00007fd76db90aab sp=0x00007fd78f4d86b8 mode 0
Event: 0.505 Thread 0x00007fd788011800 DEOPT PACKING pc=0x00007fd76e2b3d24 sp=0x00007fd78f4d90d0
Event: 0.505 Thread 0x00007fd788011800 DEOPT UNPACKING pc=0x00007fd76db90aab sp=0x00007fd78f4d86b8 mode 0
Event: 0.505 Thread 0x00007fd788011800 DEOPT PACKING pc=0x00007fd76e2b3d24 sp=0x00007fd78f4d90d0
Event: 0.505 Thread 0x00007fd788011800 DEOPT UNPACKING pc=0x00007fd76db90aab sp=0x00007fd78f4d86b8 mode 0
Event: 0.505 Thread 0x00007fd788011800 DEOPT PACKING pc=0x00007fd76e2b3d24 sp=0x00007fd78f4d90d0
Event: 0.505 Thread 0x00007fd788011800 DEOPT UNPACKING pc=0x00007fd76db90aab sp=0x00007fd78f4d86b8 mode 0


Dynamic libraries:
00400000-00401000 r-xp 00000000 00:65 77077150                           /root/oracle/jdk-9.0.4/bin/java
00600000-00601000 rw-p 00000000 00:65 77077150                           /root/oracle/jdk-9.0.4/bin/java
02396000-023b7000 rw-p 00000000 00:00 0                                  [heap]
3d7c00000-416800000 rw-p 00000000 00:00 0 
416800000-7c0000000 ---p 00000000 00:00 0 
7c0000000-7c0080000 rw-p 00000000 00:00 0 
7c0080000-800000000 ---p 00000000 00:00 0 
7fd62c000000-7fd62c021000 rw-p 00000000 00:00 0 
7fd62c021000-7fd630000000 ---p 00000000 00:00 0 
7fd634000000-7fd634021000 rw-p 00000000 00:00 0 
7fd634021000-7fd638000000 ---p 00000000 00:00 0 
7fd638000000-7fd638021000 rw-p 00000000 00:00 0 
7fd638021000-7fd63c000000 ---p 00000000 00:00 0 
7fd63c000000-7fd63c09a000 rw-p 00000000 00:00 0 
7fd63c09a000-7fd640000000 ---p 00000000 00:00 0 
7fd640000000-7fd640021000 rw-p 00000000 00:00 0 
7fd640021000-7fd644000000 ---p 00000000 00:00 0 
7fd644000000-7fd644055000 rw-p 00000000 00:00 0 
7fd644055000-7fd648000000 ---p 00000000 00:00 0 
7fd648000000-7fd648021000 rw-p 00000000 00:00 0 
7fd648021000-7fd64c000000 ---p 00000000 00:00 0 
7fd64c000000-7fd64c1ea000 rw-p 00000000 00:00 0 
7fd64c1ea000-7fd650000000 ---p 00000000 00:00 0 
7fd650000000-7fd65002d000 rw-p 00000000 00:00 0 
7fd65002d000-7fd654000000 ---p 00000000 00:00 0 
7fd654000000-7fd654213000 rw-p 00000000 00:00 0 
7fd654213000-7fd658000000 ---p 00000000 00:00 0 
7fd658000000-7fd65803e000 rw-p 00000000 00:00 0 
7fd65803e000-7fd65c000000 ---p 00000000 00:00 0 
7fd65ee9f000-7fd65f1cd000 rw-p 00000000 00:00 0 
7fd65f1cd000-7fd65f1ce000 ---p 00000000 00:00 0 
7fd65f1ce000-7fd65f2cf000 rw-p 00000000 00:00 0 
7fd65f2cf000-7fd65f2d3000 ---p 00000000 00:00 0 
7fd65f2d3000-7fd65f3d0000 rw-p 00000000 00:00 0 
7fd65f3d0000-7fd65f3d4000 ---p 00000000 00:00 0 
7fd65f3d4000-7fd65f4d1000 rw-p 00000000 00:00 0 
7fd65f4d1000-7fd65f4e7000 r-xp 00000000 00:65 77077477                   /root/oracle/jdk-9.0.4/lib/libnet.so
7fd65f4e7000-7fd65f6e7000 ---p 00016000 00:65 77077477                   /root/oracle/jdk-9.0.4/lib/libnet.so
7fd65f6e7000-7fd65f6e8000 rw-p 00016000 00:65 77077477                   /root/oracle/jdk-9.0.4/lib/libnet.so
7fd65f6e8000-7fd65f6f8000 r-xp 00000000 00:65 77077594                   /root/oracle/jdk-9.0.4/lib/libnio.so
7fd65f6f8000-7fd65f8f8000 ---p 00010000 00:65 77077594                   /root/oracle/jdk-9.0.4/lib/libnio.so
7fd65f8f8000-7fd65f8f9000 rw-p 00010000 00:65 77077594                   /root/oracle/jdk-9.0.4/lib/libnio.so
7fd65f8f9000-7fd65f8fd000 ---p 00000000 00:00 0 
7fd65f8fd000-7fd65f9fa000 rw-p 00000000 00:00 0 
7fd65f9fa000-7fd65f9fe000 ---p 00000000 00:00 0 
7fd65f9fe000-7fd65fafb000 rw-p 00000000 00:00 0 
7fd65fafb000-7fd65faff000 ---p 00000000 00:00 0 
7fd65faff000-7fd65fbfc000 rw-p 00000000 00:00 0 
7fd65fbfc000-7fd65fc00000 ---p 00000000 00:00 0 
7fd65fc00000-7fd65fcfd000 rw-p 00000000 00:00 0 
7fd65fcfd000-7fd65fd01000 ---p 00000000 00:00 0 
7fd65fd01000-7fd65fdfe000 rw-p 00000000 00:00 0 
7fd65fdfe000-7fd65fe02000 ---p 00000000 00:00 0 
7fd65fe02000-7fd65feff000 rw-p 00000000 00:00 0 
7fd65feff000-7fd65ff03000 ---p 00000000 00:00 0 
7fd65ff03000-7fd660000000 rw-p 00000000 00:00 0 
7fd660000000-7fd660170000 rw-p 00000000 00:00 0 
7fd660170000-7fd664000000 ---p 00000000 00:00 0 
7fd664000000-7fd664132000 rw-p 00000000 00:00 0 
7fd664132000-7fd668000000 ---p 00000000 00:00 0 
7fd668000000-7fd6680ee000 rw-p 00000000 00:00 0 
7fd6680ee000-7fd66c000000 ---p 00000000 00:00 0 
7fd66c000000-7fd66c021000 rw-p 00000000 00:00 0 
7fd66c021000-7fd670000000 ---p 00000000 00:00 0 
7fd670000000-7fd670021000 rw-p 00000000 00:00 0 
7fd670021000-7fd674000000 ---p 00000000 00:00 0 
7fd674000000-7fd6741ae000 rw-p 00000000 00:00 0 
7fd6741ae000-7fd678000000 ---p 00000000 00:00 0 
7fd678000000-7fd678021000 rw-p 00000000 00:00 0 
7fd678021000-7fd67c000000 ---p 00000000 00:00 0 
7fd67c000000-7fd67c021000 rw-p 00000000 00:00 0 
7fd67c021000-7fd680000000 ---p 00000000 00:00 0 
7fd680000000-7fd680021000 rw-p 00000000 00:00 0 
7fd680021000-7fd684000000 ---p 00000000 00:00 0 
7fd684000000-7fd684021000 rw-p 00000000 00:00 0 
7fd684021000-7fd688000000 ---p 00000000 00:00 0 
7fd6880e8000-7fd6880ec000 ---p 00000000 00:00 0 
7fd6880ec000-7fd6881e9000 rw-p 00000000 00:00 0 
7fd6881e9000-7fd6881ed000 ---p 00000000 00:00 0 
7fd6881ed000-7fd6882ea000 rw-p 00000000 00:00 0 
7fd6882ea000-7fd6882ee000 ---p 00000000 00:00 0 
7fd6882ee000-7fd6883eb000 rw-p 00000000 00:00 0 
7fd6883eb000-7fd6883ef000 ---p 00000000 00:00 0 
7fd6883ef000-7fd6884ec000 rw-p 00000000 00:00 0 
7fd6884ec000-7fd6884f0000 ---p 00000000 00:00 0 
7fd6884f0000-7fd6885ed000 rw-p 00000000 00:00 0 
7fd6885ed000-7fd6885f1000 ---p 00000000 00:00 0 
7fd6885f1000-7fd6886ee000 rw-p 00000000 00:00 0 
7fd6886ee000-7fd6886f2000 ---p 00000000 00:00 0 
7fd6886f2000-7fd6887ef000 rw-p 00000000 00:00 0 
7fd6887ef000-7fd6887f3000 ---p 00000000 00:00 0 
7fd6887f3000-7fd6888f0000 rw-p 00000000 00:00 0 
7fd6888f0000-7fd6888f4000 ---p 00000000 00:00 0 
7fd6888f4000-7fd6889f1000 rw-p 00000000 00:00 0 
7fd6889f1000-7fd6889f2000 ---p 00000000 00:00 0 
7fd6889f2000-7fd688f33000 rw-p 00000000 00:00 0 
7fd688f33000-7fd6892f3000 ---p 00000000 00:00 0 
7fd6892f3000-7fd68a000000 rw-p 00000000 00:00 0 
7fd68a000000-7fd68c000000 rwxp 00000000 00:00 0 
7fd68c000000-7fd68c021000 rw-p 00000000 00:00 0 
7fd68c021000-7fd690000000 ---p 00000000 00:00 0 
7fd690000000-7fd690021000 rw-p 00000000 00:00 0 
7fd690021000-7fd694000000 ---p 00000000 00:00 0 
7fd694000000-7fd694021000 rw-p 00000000 00:00 0 
7fd694021000-7fd698000000 ---p 00000000 00:00 0 
7fd698000000-7fd698021000 rw-p 00000000 00:00 0 
7fd698021000-7fd69c000000 ---p 00000000 00:00 0 
7fd69c000000-7fd69c021000 rw-p 00000000 00:00 0 
7fd69c021000-7fd6a0000000 ---p 00000000 00:00 0 
7fd6a0011000-7fd6a07e9000 rw-p 00000000 00:00 0 
7fd6a07e9000-7fd6a07ea000 ---p 00000000 00:00 0 
7fd6a07ea000-7fd6a08eb000 rw-p 00000000 00:00 0 
7fd6a08eb000-7fd6a08ec000 ---p 00000000 00:00 0 
7fd6a08ec000-7fd6a09ed000 rw-p 00000000 00:00 0 
7fd6a09ed000-7fd6a09ee000 ---p 00000000 00:00 0 
7fd6a09ee000-7fd6a1e88000 rw-p 00000000 00:00 0 
7fd6a1e88000-7fd6b08e8000 ---p 00000000 00:00 0 
7fd6b08e8000-7fd6b1898000 rw-p 00000000 00:00 0 
7fd6b1898000-7fd6c02f8000 ---p 00000000 00:00 0 
7fd6c02f8000-7fd6c04ee000 rw-p 00000000 00:00 0 
7fd6c04ee000-7fd6c223a000 ---p 00000000 00:00 0 
7fd6c223a000-7fd6c2430000 rw-p 00000000 00:00 0 
7fd6c2430000-7fd6c60be000 ---p 00000000 00:00 0 
7fd6c60be000-7fd6c62b4000 rw-p 00000000 00:00 0 
7fd6c62b4000-7fd6c8000000 ---p 00000000 00:00 0 
7fd6c8000000-7fd6c8021000 rw-p 00000000 00:00 0 
7fd6c8021000-7fd6cc000000 ---p 00000000 00:00 0 
7fd6cc000000-7fd6cc021000 rw-p 00000000 00:00 0 
7fd6cc021000-7fd6d0000000 ---p 00000000 00:00 0 
7fd6d0000000-7fd6d0021000 rw-p 00000000 00:00 0 
7fd6d0021000-7fd6d4000000 ---p 00000000 00:00 0 
7fd6d4000000-7fd6d4021000 rw-p 00000000 00:00 0 
7fd6d4021000-7fd6d8000000 ---p 00000000 00:00 0 
7fd6d8000000-7fd6d8021000 rw-p 00000000 00:00 0 
7fd6d8021000-7fd6dc000000 ---p 00000000 00:00 0 
7fd6dc000000-7fd6dc021000 rw-p 00000000 00:00 0 
7fd6dc021000-7fd6e0000000 ---p 00000000 00:00 0 
7fd6e0000000-7fd6e0021000 rw-p 00000000 00:00 0 
7fd6e0021000-7fd6e4000000 ---p 00000000 00:00 0 
7fd6e4000000-7fd6e4021000 rw-p 00000000 00:00 0 
7fd6e4021000-7fd6e8000000 ---p 00000000 00:00 0 
7fd6e8000000-7fd6e8021000 rw-p 00000000 00:00 0 
7fd6e8021000-7fd6ec000000 ---p 00000000 00:00 0 
7fd6ec000000-7fd6ec021000 rw-p 00000000 00:00 0 
7fd6ec021000-7fd6f0000000 ---p 00000000 00:00 0 
7fd6f0000000-7fd6f0021000 rw-p 00000000 00:00 0 
7fd6f0021000-7fd6f4000000 ---p 00000000 00:00 0 
7fd6f4000000-7fd6f4021000 rw-p 00000000 00:00 0 
7fd6f4021000-7fd6f8000000 ---p 00000000 00:00 0 
7fd6f8000000-7fd6f8021000 rw-p 00000000 00:00 0 
7fd6f8021000-7fd6fc000000 ---p 00000000 00:00 0 
7fd6fc000000-7fd6fc021000 rw-p 00000000 00:00 0 
7fd6fc021000-7fd700000000 ---p 00000000 00:00 0 
7fd700000000-7fd700021000 rw-p 00000000 00:00 0 
7fd700021000-7fd704000000 ---p 00000000 00:00 0 
7fd704000000-7fd704021000 rw-p 00000000 00:00 0 
7fd704021000-7fd708000000 ---p 00000000 00:00 0 
7fd708000000-7fd708021000 rw-p 00000000 00:00 0 
7fd708021000-7fd70c000000 ---p 00000000 00:00 0 
7fd70c000000-7fd70c021000 rw-p 00000000 00:00 0 
7fd70c021000-7fd710000000 ---p 00000000 00:00 0 
7fd710000000-7fd710021000 rw-p 00000000 00:00 0 
7fd710021000-7fd714000000 ---p 00000000 00:00 0 
7fd714000000-7fd714021000 rw-p 00000000 00:00 0 
7fd714021000-7fd718000000 ---p 00000000 00:00 0 
7fd718000000-7fd718021000 rw-p 00000000 00:00 0 
7fd718021000-7fd71c000000 ---p 00000000 00:00 0 
7fd71c000000-7fd71c021000 rw-p 00000000 00:00 0 
7fd71c021000-7fd720000000 ---p 00000000 00:00 0 
7fd720000000-7fd720021000 rw-p 00000000 00:00 0 
7fd720021000-7fd724000000 ---p 00000000 00:00 0 
7fd724000000-7fd724021000 rw-p 00000000 00:00 0 
7fd724021000-7fd728000000 ---p 00000000 00:00 0 
7fd728000000-7fd728021000 rw-p 00000000 00:00 0 
7fd728021000-7fd72c000000 ---p 00000000 00:00 0 
7fd72c000000-7fd72c021000 rw-p 00000000 00:00 0 
7fd72c021000-7fd730000000 ---p 00000000 00:00 0 
7fd730000000-7fd730021000 rw-p 00000000 00:00 0 
7fd730021000-7fd734000000 ---p 00000000 00:00 0 
7fd734000000-7fd734021000 rw-p 00000000 00:00 0 
7fd734021000-7fd738000000 ---p 00000000 00:00 0 
7fd738000000-7fd738021000 rw-p 00000000 00:00 0 
7fd738021000-7fd73c000000 ---p 00000000 00:00 0 
7fd73c000000-7fd73c021000 rw-p 00000000 00:00 0 
7fd73c021000-7fd740000000 ---p 00000000 00:00 0 
7fd740000000-7fd740021000 rw-p 00000000 00:00 0 
7fd740021000-7fd744000000 ---p 00000000 00:00 0 
7fd744000000-7fd744021000 rw-p 00000000 00:00 0 
7fd744021000-7fd748000000 ---p 00000000 00:00 0 
7fd748000000-7fd748021000 rw-p 00000000 00:00 0 
7fd748021000-7fd74c000000 ---p 00000000 00:00 0 
7fd74c000000-7fd74c021000 rw-p 00000000 00:00 0 
7fd74c021000-7fd750000000 ---p 00000000 00:00 0 
7fd750000000-7fd750021000 rw-p 00000000 00:00 0 
7fd750021000-7fd754000000 ---p 00000000 00:00 0 
7fd754000000-7fd754021000 rw-p 00000000 00:00 0 
7fd754021000-7fd758000000 ---p 00000000 00:00 0 
7fd758000000-7fd758021000 rw-p 00000000 00:00 0 
7fd758021000-7fd75c000000 ---p 00000000 00:00 0 
7fd75c000000-7fd75c021000 rw-p 00000000 00:00 0 
7fd75c021000-7fd760000000 ---p 00000000 00:00 0 
7fd760000000-7fd760021000 rw-p 00000000 00:00 0 
7fd760021000-7fd764000000 ---p 00000000 00:00 0 
7fd764000000-7fd764021000 rw-p 00000000 00:00 0 
7fd764021000-7fd768000000 ---p 00000000 00:00 0 
7fd768000000-7fd768021000 rw-p 00000000 00:00 0 
7fd768021000-7fd76c000000 ---p 00000000 00:00 0 
7fd76c00f000-7fd76c010000 ---p 00000000 00:00 0 
7fd76c010000-7fd76c111000 rw-p 00000000 00:00 0 
7fd76c111000-7fd76c112000 ---p 00000000 00:00 0 
7fd76c112000-7fd76c213000 rw-p 00000000 00:00 0 
7fd76c213000-7fd76c214000 ---p 00000000 00:00 0 
7fd76c214000-7fd76c417000 rw-p 00000000 00:00 0 
7fd76c417000-7fd76c418000 ---p 00000000 00:00 0 
7fd76c418000-7fd76c519000 rw-p 00000000 00:00 0 
7fd76c519000-7fd76c51a000 ---p 00000000 00:00 0 
7fd76c51a000-7fd76c61b000 rw-p 00000000 00:00 0 
7fd76c61b000-7fd76c61c000 ---p 00000000 00:00 0 
7fd76c61c000-7fd76c71d000 rw-p 00000000 00:00 0 
7fd76c71d000-7fd76c71e000 ---p 00000000 00:00 0 
7fd76c71e000-7fd76c81f000 rw-p 00000000 00:00 0 
7fd76c81f000-7fd76c820000 ---p 00000000 00:00 0 
7fd76c820000-7fd76c921000 rw-p 00000000 00:00 0 
7fd76c921000-7fd76c922000 ---p 00000000 00:00 0 
7fd76c922000-7fd76ca23000 rw-p 00000000 00:00 0 
7fd76ca23000-7fd76ca24000 ---p 00000000 00:00 0 
7fd76ca24000-7fd76cb25000 rw-p 00000000 00:00 0 
7fd76cb25000-7fd76cb26000 ---p 00000000 00:00 0 
7fd76cb26000-7fd76cc27000 rw-p 00000000 00:00 0 
7fd76cc27000-7fd76cc28000 ---p 00000000 00:00 0 
7fd76cc28000-7fd76cd29000 rw-p 00000000 00:00 0 
7fd76cd29000-7fd76cd2a000 ---p 00000000 00:00 0 
7fd76cd2a000-7fd76ce2b000 rw-p 00000000 00:00 0 
7fd76ce2b000-7fd76ce2c000 ---p 00000000 00:00 0 
7fd76ce2c000-7fd76cf2d000 rw-p 00000000 00:00 0 
7fd76cf2d000-7fd76cf2e000 ---p 00000000 00:00 0 
7fd76cf2e000-7fd76d02f000 rw-p 00000000 00:00 0 
7fd76d02f000-7fd76d030000 ---p 00000000 00:00 0 
7fd76d030000-7fd76d131000 rw-p 00000000 00:00 0 
7fd76d131000-7fd76d132000 ---p 00000000 00:00 0 
7fd76d132000-7fd76d233000 rw-p 00000000 00:00 0 
7fd76d233000-7fd76d234000 ---p 00000000 00:00 0 
7fd76d234000-7fd76d335000 rw-p 00000000 00:00 0 
7fd76d335000-7fd76d336000 ---p 00000000 00:00 0 
7fd76d336000-7fd76d437000 rw-p 00000000 00:00 0 
7fd76d437000-7fd76d438000 ---p 00000000 00:00 0 
7fd76d438000-7fd76d539000 rw-p 00000000 00:00 0 
7fd76d539000-7fd76d53a000 ---p 00000000 00:00 0 
7fd76d53a000-7fd76d63b000 rw-p 00000000 00:00 0 
7fd76d63b000-7fd76d63c000 ---p 00000000 00:00 0 
7fd76d63c000-7fd76d73d000 rw-p 00000000 00:00 0 
7fd76d73d000-7fd76d73e000 ---p 00000000 00:00 0 
7fd76d73e000-7fd76d83f000 rw-p 00000000 00:00 0 
7fd76d83f000-7fd76d840000 ---p 00000000 00:00 0 
7fd76d840000-7fd76db43000 rw-p 00000000 00:00 0 
7fd76db43000-7fd76de13000 rwxp 00000000 00:00 0 
7fd76de13000-7fd76e281000 ---p 00000000 00:00 0 
7fd76e281000-7fd76e4f1000 rwxp 00000000 00:00 0 
7fd76e4f1000-7fd7756e2000 ---p 00000000 00:00 0 
7fd7756e2000-7fd775952000 rwxp 00000000 00:00 0 
7fd775952000-7fd77cb43000 ---p 00000000 00:00 0 
7fd77cb43000-7fd788000000 r--s 00000000 00:65 77077560                   /root/oracle/jdk-9.0.4/lib/modules
7fd788000000-7fd788408000 rw-p 00000000 00:00 0 
7fd788408000-7fd78c000000 ---p 00000000 00:00 0 
7fd78c025000-7fd78d30e000 rw-p 00000000 00:00 0 
7fd78d30e000-7fd78d30f000 ---p 00000000 00:00 0 
7fd78d30f000-7fd78d410000 rw-p 00000000 00:00 0 
7fd78d410000-7fd78d411000 ---p 00000000 00:00 0 
7fd78d411000-7fd78d512000 rw-p 00000000 00:00 0 
7fd78d512000-7fd78d513000 ---p 00000000 00:00 0 
7fd78d513000-7fd78d614000 rw-p 00000000 00:00 0 
7fd78d614000-7fd78d615000 ---p 00000000 00:00 0 
7fd78d615000-7fd78d716000 rw-p 00000000 00:00 0 
7fd78d716000-7fd78d717000 ---p 00000000 00:00 0 
7fd78d717000-7fd78d818000 rw-p 00000000 00:00 0 
7fd78d818000-7fd78d819000 ---p 00000000 00:00 0 
7fd78d819000-7fd78d91a000 rw-p 00000000 00:00 0 
7fd78d91a000-7fd78d91b000 ---p 00000000 00:00 0 
7fd78d91b000-7fd78da1c000 rw-p 00000000 00:00 0 
7fd78da1c000-7fd78da1d000 ---p 00000000 00:00 0 
7fd78da1d000-7fd78db1e000 rw-p 00000000 00:00 0 
7fd78db1e000-7fd78db1f000 ---p 00000000 00:00 0 
7fd78db1f000-7fd78dc20000 rw-p 00000000 00:00 0 
7fd78dc20000-7fd78dc21000 ---p 00000000 00:00 0 
7fd78dc21000-7fd78dd22000 rw-p 00000000 00:00 0 
7fd78dd22000-7fd78dd23000 ---p 00000000 00:00 0 
7fd78dd23000-7fd78de24000 rw-p 00000000 00:00 0 
7fd78de24000-7fd78de25000 ---p 00000000 00:00 0 
7fd78de25000-7fd78df26000 rw-p 00000000 00:00 0 
7fd78df26000-7fd78df27000 ---p 00000000 00:00 0 
7fd78df27000-7fd78e028000 rw-p 00000000 00:00 0 
7fd78e028000-7fd78e029000 ---p 00000000 00:00 0 
7fd78e029000-7fd78e12a000 rw-p 00000000 00:00 0 
7fd78e12a000-7fd78e12b000 ---p 00000000 00:00 0 
7fd78e12b000-7fd78e22c000 rw-p 00000000 00:00 0 
7fd78e22c000-7fd78e22d000 ---p 00000000 00:00 0 
7fd78e22d000-7fd78e32e000 rw-p 00000000 00:00 0 
7fd78e32e000-7fd78e32f000 ---p 00000000 00:00 0 
7fd78e32f000-7fd78e430000 rw-p 00000000 00:00 0 
7fd78e430000-7fd78e431000 ---p 00000000 00:00 0 
7fd78e431000-7fd78e532000 rw-p 00000000 00:00 0 
7fd78e532000-7fd78e533000 ---p 00000000 00:00 0 
7fd78e533000-7fd78e634000 rw-p 00000000 00:00 0 
7fd78e634000-7fd78e635000 ---p 00000000 00:00 0 
7fd78e635000-7fd78e73b000 rw-p 00000000 00:00 0 
7fd78e73b000-7fd78e81f000 ---p 00000000 00:00 0 
7fd78e81f000-7fd78e824000 rw-p 00000000 00:00 0 
7fd78e824000-7fd78e908000 ---p 00000000 00:00 0 
7fd78e908000-7fd78e90e000 rw-p 00000000 00:00 0 
7fd78e90e000-7fd78e917000 ---p 00000000 00:00 0 
7fd78e917000-7fd78e967000 rw-p 00000000 00:00 0 
7fd78e967000-7fd78eb44000 r--s 03e31000 00:65 101727669                  /usr/local/java/jdk1.8.0_301/jre/lib/rt.jar
7fd78eb44000-7fd78eb5e000 r-xp 00000000 00:65 77077435                   /root/oracle/jdk-9.0.4/lib/libjimage.so
7fd78eb5e000-7fd78ed5d000 ---p 0001a000 00:65 77077435                   /root/oracle/jdk-9.0.4/lib/libjimage.so
7fd78ed5d000-7fd78ed5f000 rw-p 00019000 00:65 77077435                   /root/oracle/jdk-9.0.4/lib/libjimage.so
7fd78ed5f000-7fd78ed71000 rw-p 00000000 00:00 0 
7fd78ed71000-7fd78ed78000 r-xp 00000000 00:65 77083131                   /root/oracle/jdk-9.0.4/lib/libzip.so
7fd78ed78000-7fd78ef77000 ---p 00007000 00:65 77083131                   /root/oracle/jdk-9.0.4/lib/libzip.so
7fd78ef77000-7fd78ef78000 rw-p 00006000 00:65 77083131                   /root/oracle/jdk-9.0.4/lib/libzip.so
7fd78ef78000-7fd78ef7b000 r--p 00000000 00:65 165034530                  /usr/lib/x86_64-linux-gnu/libnss_files-2.31.so
7fd78ef7b000-7fd78ef82000 r-xp 00003000 00:65 165034530                  /usr/lib/x86_64-linux-gnu/libnss_files-2.31.so
7fd78ef82000-7fd78ef84000 r--p 0000a000 00:65 165034530                  /usr/lib/x86_64-linux-gnu/libnss_files-2.31.so
7fd78ef84000-7fd78ef85000 r--p 0000b000 00:65 165034530                  /usr/lib/x86_64-linux-gnu/libnss_files-2.31.so
7fd78ef85000-7fd78ef86000 rw-p 0000c000 00:65 165034530                  /usr/lib/x86_64-linux-gnu/libnss_files-2.31.so
7fd78ef86000-7fd78ef8c000 rw-p 00000000 00:00 0 
7fd78ef94000-7fd78ef95000 rw-p 00000000 00:00 0 
7fd78ef95000-7fd78efc0000 r-xp 00000000 00:65 77077470                   /root/oracle/jdk-9.0.4/lib/libjava.so
7fd78efc0000-7fd78f1bf000 ---p 0002b000 00:65 77077470                   /root/oracle/jdk-9.0.4/lib/libjava.so
7fd78f1bf000-7fd78f1c1000 rw-p 0002a000 00:65 77077470                   /root/oracle/jdk-9.0.4/lib/libjava.so
7fd78f1c1000-7fd78f1ce000 r-xp 00000000 00:65 77077494                   /root/oracle/jdk-9.0.4/lib/libverify.so
7fd78f1ce000-7fd78f3cd000 ---p 0000d000 00:65 77077494                   /root/oracle/jdk-9.0.4/lib/libverify.so
7fd78f3cd000-7fd78f3cf000 rw-p 0000c000 00:65 77077494                   /root/oracle/jdk-9.0.4/lib/libverify.so
7fd78f3cf000-7fd78f3d2000 r--p 00000000 00:65 165034636                  /usr/lib/x86_64-linux-gnu/librt-2.31.so
7fd78f3d2000-7fd78f3d6000 r-xp 00003000 00:65 165034636                  /usr/lib/x86_64-linux-gnu/librt-2.31.so
7fd78f3d6000-7fd78f3d7000 r--p 00007000 00:65 165034636                  /usr/lib/x86_64-linux-gnu/librt-2.31.so
7fd78f3d7000-7fd78f3d8000 ---p 00008000 00:65 165034636                  /usr/lib/x86_64-linux-gnu/librt-2.31.so
7fd78f3d8000-7fd78f3d9000 r--p 00008000 00:65 165034636                  /usr/lib/x86_64-linux-gnu/librt-2.31.so
7fd78f3d9000-7fd78f3da000 rw-p 00009000 00:65 165034636                  /usr/lib/x86_64-linux-gnu/librt-2.31.so
7fd78f3da000-7fd78f3db000 ---p 00000000 00:00 0 
7fd78f3db000-7fd78f3dc000 rw-p 00000000 00:00 0 
7fd78f3dc000-7fd78f3e0000 ---p 00000000 00:00 0 
7fd78f3e0000-7fd78f4db000 rw-p 00000000 00:00 0 
7fd78f4db000-7fd78f4ea000 r--p 00000000 00:65 165034468                  /usr/lib/x86_64-linux-gnu/libm-2.31.so
7fd78f4ea000-7fd78f591000 r-xp 0000f000 00:65 165034468                  /usr/lib/x86_64-linux-gnu/libm-2.31.so
7fd78f591000-7fd78f628000 r--p 000b6000 00:65 165034468                  /usr/lib/x86_64-linux-gnu/libm-2.31.so
7fd78f628000-7fd78f629000 r--p 0014c000 00:65 165034468                  /usr/lib/x86_64-linux-gnu/libm-2.31.so
7fd78f629000-7fd78f62a000 rw-p 0014d000 00:65 165034468                  /usr/lib/x86_64-linux-gnu/libm-2.31.so
7fd78f62a000-7fd79063f000 r-xp 00000000 00:65 77083135                   /root/oracle/jdk-9.0.4/lib/server/libjvm.so
7fd79063f000-7fd79083e000 ---p 01015000 00:65 77083135                   /root/oracle/jdk-9.0.4/lib/server/libjvm.so
7fd79083e000-7fd79090f000 r--p 01014000 00:65 77083135                   /root/oracle/jdk-9.0.4/lib/server/libjvm.so
7fd79090f000-7fd790946000 rw-p 010e5000 00:65 77083135                   /root/oracle/jdk-9.0.4/lib/server/libjvm.so
7fd790946000-7fd7909b1000 rw-p 00000000 00:00 0 
7fd7909b1000-7fd7909d6000 r--p 00000000 00:65 165034165                  /usr/lib/x86_64-linux-gnu/libc-2.31.so
7fd7909d6000-7fd790b4e000 r-xp 00025000 00:65 165034165                  /usr/lib/x86_64-linux-gnu/libc-2.31.so
7fd790b4e000-7fd790b98000 r--p 0019d000 00:65 165034165                  /usr/lib/x86_64-linux-gnu/libc-2.31.so
7fd790b98000-7fd790b99000 ---p 001e7000 00:65 165034165                  /usr/lib/x86_64-linux-gnu/libc-2.31.so
7fd790b99000-7fd790b9c000 r--p 001e7000 00:65 165034165                  /usr/lib/x86_64-linux-gnu/libc-2.31.so
7fd790b9c000-7fd790b9f000 rw-p 001ea000 00:65 165034165                  /usr/lib/x86_64-linux-gnu/libc-2.31.so
7fd790b9f000-7fd790ba3000 rw-p 00000000 00:00 0 
7fd790ba3000-7fd790ba4000 r--p 00000000 00:65 165034236                  /usr/lib/x86_64-linux-gnu/libdl-2.31.so
7fd790ba4000-7fd790ba6000 r-xp 00001000 00:65 165034236                  /usr/lib/x86_64-linux-gnu/libdl-2.31.so
7fd790ba6000-7fd790ba7000 r--p 00003000 00:65 165034236                  /usr/lib/x86_64-linux-gnu/libdl-2.31.so
7fd790ba7000-7fd790ba8000 r--p 00003000 00:65 165034236                  /usr/lib/x86_64-linux-gnu/libdl-2.31.so
7fd790ba8000-7fd790ba9000 rw-p 00004000 00:65 165034236                  /usr/lib/x86_64-linux-gnu/libdl-2.31.so
7fd790ba9000-7fd790bb7000 r-xp 00000000 00:65 77083142                   /root/oracle/jdk-9.0.4/lib/jli/libjli.so
7fd790bb7000-7fd790db7000 ---p 0000e000 00:65 77083142                   /root/oracle/jdk-9.0.4/lib/jli/libjli.so
7fd790db7000-7fd790db8000 rw-p 0000e000 00:65 77083142                   /root/oracle/jdk-9.0.4/lib/jli/libjli.so
7fd790db8000-7fd790dbf000 r--p 00000000 00:65 165034610                  /usr/lib/x86_64-linux-gnu/libpthread-2.31.so
7fd790dbf000-7fd790dd0000 r-xp 00007000 00:65 165034610                  /usr/lib/x86_64-linux-gnu/libpthread-2.31.so
7fd790dd0000-7fd790dd5000 r--p 00018000 00:65 165034610                  /usr/lib/x86_64-linux-gnu/libpthread-2.31.so
7fd790dd5000-7fd790dd6000 r--p 0001c000 00:65 165034610                  /usr/lib/x86_64-linux-gnu/libpthread-2.31.so
7fd790dd6000-7fd790dd7000 rw-p 0001d000 00:65 165034610                  /usr/lib/x86_64-linux-gnu/libpthread-2.31.so
7fd790dd7000-7fd790ddb000 rw-p 00000000 00:00 0 
7fd790ddb000-7fd790ddd000 r--p 00000000 00:65 165034796                  /usr/lib/x86_64-linux-gnu/libz.so.1.2.11
7fd790ddd000-7fd790dee000 r-xp 00002000 00:65 165034796                  /usr/lib/x86_64-linux-gnu/libz.so.1.2.11
7fd790dee000-7fd790df4000 r--p 00013000 00:65 165034796                  /usr/lib/x86_64-linux-gnu/libz.so.1.2.11
7fd790df4000-7fd790df5000 ---p 00019000 00:65 165034796                  /usr/lib/x86_64-linux-gnu/libz.so.1.2.11
7fd790df5000-7fd790df6000 r--p 00019000 00:65 165034796                  /usr/lib/x86_64-linux-gnu/libz.so.1.2.11
7fd790df6000-7fd790df7000 rw-p 0001a000 00:65 165034796                  /usr/lib/x86_64-linux-gnu/libz.so.1.2.11
7fd790df7000-7fd790dff000 rw-s 00000000 00:65 71965686                   /tmp/hsperfdata_root/30212
7fd790dff000-7fd790e02000 rw-p 00000000 00:00 0 
7fd790e02000-7fd790e03000 r--p 00000000 00:65 165033992                  /usr/lib/x86_64-linux-gnu/ld-2.31.so
7fd790e03000-7fd790e26000 r-xp 00001000 00:65 165033992                  /usr/lib/x86_64-linux-gnu/ld-2.31.so
7fd790e26000-7fd790e2e000 r--p 00024000 00:65 165033992                  /usr/lib/x86_64-linux-gnu/ld-2.31.so
7fd790e2e000-7fd790e2f000 r--p 00000000 00:00 0 
7fd790e2f000-7fd790e30000 r--p 0002c000 00:65 165033992                  /usr/lib/x86_64-linux-gnu/ld-2.31.so
7fd790e30000-7fd790e31000 rw-p 0002d000 00:65 165033992                  /usr/lib/x86_64-linux-gnu/ld-2.31.so
7fd790e31000-7fd790e32000 rw-p 00000000 00:00 0 
7ffe25d07000-7ffe25d28000 rw-p 00000000 00:00 0                          [stack]
7ffe25d9f000-7ffe25da2000 r--p 00000000 00:00 0                          [vvar]
7ffe25da2000-7ffe25da3000 r-xp 00000000 00:00 0                          [vdso]
ffffffffff600000-ffffffffff601000 --xp 00000000 00:00 0                  [vsyscall]

VM Arguments:
jvm_args: -Xbootclasspath/a:/usr/local/java/jdk1.8.0_301/jre/lib/rt.jar -Xverify:none 
java_command: org.eclipse.core.runtime.adaptor.EclipseStarter -debug
java_class_path (initial): ./sootOutput/eclipse/
Launcher Type: SUN_STANDARD

Logging:
Log output configuration:
#0: stdout all=warning uptime,level,tags
#1: stderr all=off uptime,level,tags

Environment Variables:
JAVA_HOME=/root/oracle/jdk-9.0.4
JRE_HOME=/root/oracle/jdk-9.0.4
CLASSPATH=.:/root/oracle/jdk-9.0.4/lib:/JVMfuzzing/htm/CFSynthesis/resource/commons-lang3-3.12.0/commons-lang3-3.12.0.jar
PATH=/root/oracle/jdk-9.0.4/bin:/root/.vscode-server/bin/da76f93349a72022ca4670c1b84860304616aaa2/bin/remote-cli:/root/oracle/jdk-9.0.4/bin:/usr/local/sbin:/usr/local/bin:/usr/sbin:/usr/bin:/sbin:/bin:/usr/games:/usr/local/games:/snap/bin
SHELL=/bin/bash

Signal Handlers:
SIGSEGV: [libjvm.so+0xd4d370], sa_mask[0]=11111111011111111101111111111110, sa_flags=SA_RESTART|SA_SIGINFO
SIGBUS: [libjvm.so+0xd4d370], sa_mask[0]=11111111011111111101111111111110, sa_flags=SA_RESTART|SA_SIGINFO
SIGFPE: [libjvm.so+0xd4d370], sa_mask[0]=11111111011111111101111111111110, sa_flags=SA_RESTART|SA_SIGINFO
SIGPIPE: [libjvm.so+0xb64780], sa_mask[0]=11111111011111111101111111111110, sa_flags=SA_RESTART|SA_SIGINFO
SIGXFSZ: [libjvm.so+0xb64780], sa_mask[0]=11111111011111111101111111111110, sa_flags=SA_RESTART|SA_SIGINFO
SIGILL: [libjvm.so+0xd4d370], sa_mask[0]=11111111011111111101111111111110, sa_flags=SA_RESTART|SA_SIGINFO
SIGUSR2: [libjvm.so+0xb64640], sa_mask[0]=00100000000000000000000000000000, sa_flags=SA_RESTART|SA_SIGINFO
SIGHUP: [libjvm.so+0xb64850], sa_mask[0]=11111111011111111101111111111110, sa_flags=SA_RESTART|SA_SIGINFO
SIGINT: [libjvm.so+0xb64850], sa_mask[0]=11111111011111111101111111111110, sa_flags=SA_RESTART|SA_SIGINFO
SIGTERM: [libjvm.so+0xb64850], sa_mask[0]=11111111011111111101111111111110, sa_flags=SA_RESTART|SA_SIGINFO
SIGQUIT: [libjvm.so+0xb64850], sa_mask[0]=11111111011111111101111111111110, sa_flags=SA_RESTART|SA_SIGINFO


---------------  S Y S T E M  ---------------

OS:DISTRIB_ID=Ubuntu
DISTRIB_RELEASE=20.04
DISTRIB_CODENAME=focal
DISTRIB_DESCRIPTION="Ubuntu 20.04.3 LTS"
uname:Linux 5.4.0-124-generic #140~18.04.1-Ubuntu SMP Fri Aug 5 11:43:34 UTC 2022 x86_64
libc:glibc 2.31 NPTL 2.31 
rlimit: STACK 8192k, CORE infinity, NPROC infinity, NOFILE 1048576, AS infinity
load average:41.38 39.59 38.31

/proc/meminfo:
MemTotal:       65549624 kB
MemFree:        11312684 kB
MemAvailable:   37657716 kB
Buffers:         5871616 kB
Cached:          3313884 kB
SwapCached:         8092 kB
Active:         28279304 kB
Inactive:        6133248 kB
Active(anon):   21230744 kB
Inactive(anon):  4017412 kB
Active(file):    7048560 kB
Inactive(file):  2115836 kB
Unevictable:          16 kB
Mlocked:              16 kB
SwapTotal:       2097148 kB
SwapFree:              0 kB
Dirty:             52276 kB
Writeback:             0 kB
AnonPages:      25219100 kB
Mapped:           822936 kB
Shmem:             25608 kB
KReclaimable:   17912560 kB
Slab:           19081780 kB
SReclaimable:   17912560 kB
SUnreclaim:      1169220 kB
KernelStack:       77688 kB
PageTables:       231036 kB
NFS_Unstable:          0 kB
Bounce:                0 kB
WritebackTmp:          0 kB
CommitLimit:    34871960 kB
Committed_AS:   79119916 kB
VmallocTotal:   34359738367 kB
VmallocUsed:      160176 kB
VmallocChunk:          0 kB
Percpu:            32512 kB
HardwareCorrupted:     0 kB
AnonHugePages:         0 kB
ShmemHugePages:        0 kB
ShmemPmdMapped:        0 kB
FileHugePages:         0 kB
FilePmdMapped:         0 kB
CmaTotal:              0 kB
CmaFree:               0 kB
HugePages_Total:       0
HugePages_Free:        0
HugePages_Rsvd:        0
HugePages_Surp:        0
Hugepagesize:       2048 kB
Hugetlb:               0 kB
DirectMap4k:    15497632 kB
DirectMap2M:    51298304 kB
DirectMap1G:           0 kB


CPU:total 28 (initial active 28) (14 cores per cpu, 2 threads per core) family 6 model 85 stepping 4, cmov, cx8, fxsr, mmx, sse, sse2, sse3, ssse3, sse4.1, sse4.2, popcnt, avx, avx2, aes, clmul, erms, rtm, 3dnowpref, lzcnt, ht, tsc, tscinvbit, bmi1, bmi2, adx, fma
CPU Model and flags from /proc/cpuinfo:
model name	: Intel(R) Core(TM) i9-9940X CPU @ 3.30GHz
flags		: fpu vme de pse tsc msr pae mce cx8 apic sep mtrr pge mca cmov pat pse36 clflush dts acpi mmx fxsr sse sse2 ss ht tm pbe syscall nx pdpe1gb rdtscp lm constant_tsc art arch_perfmon pebs bts rep_good nopl xtopology nonstop_tsc cpuid aperfmperf pni pclmulqdq dtes64 monitor ds_cpl vmx est tm2 ssse3 sdbg fma cx16 xtpr pdcm pcid dca sse4_1 sse4_2 x2apic movbe popcnt tsc_deadline_timer aes xsave avx f16c rdrand lahf_lm abm 3dnowprefetch cpuid_fault epb cat_l3 cdp_l3 invpcid_single pti ssbd mba ibrs ibpb stibp tpr_shadow vnmi flexpriority ept vpid ept_ad fsgsbase tsc_adjust bmi1 hle avx2 smep bmi2 erms invpcid rtm cqm mpx rdt_a avx512f avx512dq rdseed adx smap clflushopt clwb intel_pt avx512cd avx512bw avx512vl xsaveopt xsavec xgetbv1 xsaves cqm_llc cqm_occup_llc cqm_mbm_total cqm_mbm_local dtherm ida arat pln pts hwp hwp_act_window hwp_epp hwp_pkg_req md_clear flush_l1d arch_capabilities

Memory: 4k page, physical 65549624k(11312684k free), swap 2097148k(0k free)

vm_info: Java HotSpot(TM) 64-Bit Server VM (9.0.4+11) for linux-amd64 JRE (9.0.4+11), built on Dec 19 2017 18:12:19 by "mach5one" with gcc 4.9.2

END.
