#
# A fatal error has been detected by the Java Runtime Environment:
#
#  SIGSEGV (0xb) at pc=0x00007f309118cb2c, pid=24177, tid=24242
#
# JRE version: Java(TM) SE Runtime Environment (9.0+11) (build 9.0.4+11)
# Java VM: Java HotSpot(TM) 64-Bit Server VM (9.0.4+11, mixed mode, tiered, compressed oops, g1 gc, linux-amd64)
# Problematic frame:
# V  [libjvm.so+0x48eb2c]  Canonicalizer::do_If(If*)+0x1c
#
# Core dump will be written. Default location: Core dumps may be processed with "/usr/share/apport/apport -p%p -s%s -c%c -d%d -P%P -u%u -g%g -- %E" (or dumping to /JVMfuzzing/zjy/classming/Fuzzing-Testing-of-JVM-Implementations/core.24177)
#
# If you would like to submit a bug report, please visit:
#   http://bugreport.java.com/bugreport/crash.jsp
#

---------------  S U M M A R Y ------------

Command Line: -Xbootclasspath/a:/usr/local/java/jdk1.8.0_301/jre/lib/rt.jar -Xverify:none org.eclipse.core.runtime.adaptor.EclipseStarter -debug

Host: Intel(R) Core(TM) i9-9940X CPU @ 3.30GHz, 28 cores, 62G, Ubuntu 20.04.3 LTS
Time: Thu Nov  3 09:10:32 2022 UTC elapsed time: 0 seconds (0d 0h 0m 0s)

---------------  T H R E A D  ---------------

Current thread (0x00007f308c2c2800):  JavaThread "C1 CompilerThread11" daemon [_thread_in_native, id=24242, stack(0x00007f2f890f1000,0x00007f2f891f2000)]


Current CompileTask:
C1:    460  242 %     3       org.eclipse.core.runtime.adaptor.EclipseStarter::main @ 5297 (6751 bytes)

Stack: [0x00007f2f890f1000,0x00007f2f891f2000],  sp=0x00007f2f891f00c0,  free space=1020k
Native frames: (J=compiled Java code, A=aot compiled Java code, j=interpreted, Vv=VM code, C=native code)
V  [libjvm.so+0x48eb2c]  Canonicalizer::do_If(If*)+0x1c
V  [libjvm.so+0x4a0452]  GraphBuilder::append_with_bci(Instruction*, int)+0x42
V  [libjvm.so+0x4a3526]  GraphBuilder::if_node(Instruction*, Instruction::Condition, Instruction*, ValueStack*)+0x2a6
V  [libjvm.so+0x4b137a]  GraphBuilder::iterate_bytecodes_for_block(int)+0x198a
V  [libjvm.so+0x4b1ad5]  GraphBuilder::iterate_all_blocks(bool)+0x85
V  [libjvm.so+0x4b1ec9]  GraphBuilder::GraphBuilder(Compilation*, IRScope*)+0x389
V  [libjvm.so+0x4b70a8]  IR::IR(Compilation*, ciMethod*, int)+0x1e8
V  [libjvm.so+0x497832]  Compilation::build_hir() [clone .part.93]+0x162
V  [libjvm.so+0x499633]  Compilation::compile_java_method()+0x3c3
V  [libjvm.so+0x4997af]  Compilation::compile_method()+0x12f
V  [libjvm.so+0x499c31]  Compilation::Compilation(AbstractCompiler*, ciEnv*, ciMethod*, int, BufferBlob*, DirectiveSet*)+0x271
V  [libjvm.so+0x49ac1e]  Compiler::compile_method(ciEnv*, ciMethod*, int, DirectiveSet*)+0xae
V  [libjvm.so+0x6125ac]  CompileBroker::invoke_compiler_on_method(CompileTask*)+0x41c
V  [libjvm.so+0x61344b]  CompileBroker::compiler_thread_loop()+0x28b
V  [libjvm.so+0xcef338]  JavaThread::thread_main_inner()+0xd8
V  [libjvm.so+0xb6e132]  thread_native_entry(Thread*)+0xf2
C  [libpthread.so.0+0x9609]  start_thread+0xd9


siginfo: si_signo: 11 (SIGSEGV), si_code: 1 (SEGV_MAPERR), si_addr: 0x0000000000000018

Register to memory mapping:

RAX=0x0000000000000000 is an unknown value
RBX=0x00007f2f680ea740 is an unknown value
RCX=0x00007f2f891f0800 is pointing into the stack for thread: 0x00007f308c2c2800
RDX=0x00007f2f680ea740 is an unknown value
RSP=0x00007f2f891f00c0 is pointing into the stack for thread: 0x00007f308c2c2800
RBP=0x00007f2f891f0130 is pointing into the stack for thread: 0x00007f308c2c2800
RSI=0x00007f2f680ea740 is an unknown value
RDI=0x00007f2f891f0160 is pointing into the stack for thread: 0x00007f308c2c2800
R8 =0x00007f2f6812ccd0 is an unknown value
R9 =0x00007f2f6812b7e0 is an unknown value
R10=0x00007f2f8889a490 is an unknown value
R11=0x0000000000000000 is an unknown value
R12=0x00007f2f680ea7e0 is an unknown value
R13=0x00007f2f891f0460 is pointing into the stack for thread: 0x00007f308c2c2800
R14=0x00007f2f680ea740 is an unknown value
R15=0x00007f2f680ea7e0 is an unknown value


Registers:
RAX=0x0000000000000000, RBX=0x00007f2f680ea740, RCX=0x00007f2f891f0800, RDX=0x00007f2f680ea740
RSP=0x00007f2f891f00c0, RBP=0x00007f2f891f0130, RSI=0x00007f2f680ea740, RDI=0x00007f2f891f0160
R8 =0x00007f2f6812ccd0, R9 =0x00007f2f6812b7e0, R10=0x00007f2f8889a490, R11=0x0000000000000000
R12=0x00007f2f680ea7e0, R13=0x00007f2f891f0460, R14=0x00007f2f680ea740, R15=0x00007f2f680ea7e0
RIP=0x00007f309118cb2c, EFLAGS=0x0000000000010206, CSGSFS=0x002b000000000033, ERR=0x0000000000000004
  TRAPNO=0x000000000000000e

Top of Stack: (sp=0x00007f2f891f00c0)
0x00007f2f891f00c0:   0000000000000003 000000000000011c
0x00007f2f891f00d0:   00007f2f891f0170 00007f3091230675
0x00007f2f891f00e0:   00007f2f891f0110 00007f30911b969f
0x00007f2f891f00f0:   00000003891f0120 00007f2f891f0160 

Instructions: (pc=0x00007f309118cb2c)
0x00007f309118cb0c:   ff 90 66 90 55 48 89 e5 41 57 41 56 41 55 41 54
0x00007f309118cb1c:   53 48 89 f3 48 83 ec 48 48 8b 46 70 48 89 7d c8
0x00007f309118cb2c:   48 8b 78 18 48 8b 07 ff 50 18 84 c0 0f 85 a2 00
0x00007f309118cb3c:   00 00 4c 8b 63 70 48 8b 83 80 00 00 00 49 39 c4 


---------------  P R O C E S S  ---------------

Java Threads: ( => current thread )
  0x00007f308c352000 JavaThread "Service Thread" daemon [_thread_blocked, id=24245, stack(0x00007f2f889c6000,0x00007f2f88ac7000)]
  0x00007f308c2d3000 JavaThread "Common-Cleaner" daemon [_thread_blocked, id=24244, stack(0x00007f2f88ac7000,0x00007f2f88bc8000)]
  0x00007f308c2c4000 JavaThread "Sweeper thread" daemon [_thread_blocked, id=24243, stack(0x00007f2f88ff0000,0x00007f2f890f1000)]
=>0x00007f308c2c2800 JavaThread "C1 CompilerThread11" daemon [_thread_in_native, id=24242, stack(0x00007f2f890f1000,0x00007f2f891f2000)]
  0x00007f308c2c0800 JavaThread "C1 CompilerThread10" daemon [_thread_blocked, id=24241, stack(0x00007f2f891f2000,0x00007f2f892f3000)]
  0x00007f308c2be800 JavaThread "C1 CompilerThread9" daemon [_thread_blocked, id=24240, stack(0x00007f2f892f3000,0x00007f2f893f4000)]
  0x00007f308c2bc800 JavaThread "C1 CompilerThread8" daemon [_thread_blocked, id=24239, stack(0x00007f2f893f4000,0x00007f2f894f5000)]
  0x00007f308c2ba800 JavaThread "C2 CompilerThread7" daemon [_thread_blocked, id=24238, stack(0x00007f2f894f5000,0x00007f2f895f6000)]
  0x00007f308c2b8800 JavaThread "C2 CompilerThread6" daemon [_thread_blocked, id=24237, stack(0x00007f2f895f6000,0x00007f2f896f7000)]
  0x00007f308c2b7000 JavaThread "C2 CompilerThread5" daemon [_thread_blocked, id=24236, stack(0x00007f2f896f7000,0x00007f2f897f8000)]
  0x00007f308c2b5000 JavaThread "C2 CompilerThread4" daemon [_thread_blocked, id=24235, stack(0x00007f2f897f8000,0x00007f2f898f9000)]
  0x00007f308c2b3000 JavaThread "C2 CompilerThread3" daemon [_thread_blocked, id=24234, stack(0x00007f2f898f9000,0x00007f2f899fa000)]
  0x00007f308c2b1000 JavaThread "C2 CompilerThread2" daemon [_thread_blocked, id=24233, stack(0x00007f2f899fa000,0x00007f2f89afb000)]
  0x00007f308c2af000 JavaThread "C2 CompilerThread1" daemon [_thread_blocked, id=24232, stack(0x00007f2f89afb000,0x00007f2f89bfc000)]
  0x00007f308c2ad000 JavaThread "C2 CompilerThread0" daemon [_thread_blocked, id=24231, stack(0x00007f2f89bfc000,0x00007f2f89cfd000)]
  0x00007f308c2ab000 JavaThread "Signal Dispatcher" daemon [_thread_blocked, id=24230, stack(0x00007f2f89cfd000,0x00007f2f89dfe000)]
  0x00007f308c291000 JavaThread "Finalizer" daemon [_thread_blocked, id=24229, stack(0x00007f2f89dfe000,0x00007f2f89eff000)]
  0x00007f308c288800 JavaThread "Reference Handler" daemon [_thread_blocked, id=24228, stack(0x00007f2f89eff000,0x00007f2f8a000000)]
  0x00007f308c011800 JavaThread "main" [_thread_in_native, id=24178, stack(0x00007f3090ab0000,0x00007f3090baf000)]

Other Threads:
  0x00007f308c281000 VMThread "VM Thread" [stack: 0x00007f2fa00d3000,0x00007f2fa01d3000] [id=24227]
  0x00007f308c354800 WatcherThread [stack: 0x00007f2f888c6000,0x00007f2f889c6000] [id=24246]
  0x00007f308c034000 GCTaskThread "GC Thread#0" [stack: 0x00007f3071821000,0x00007f3071921000] [id=24180]
  0x00007f308c035800 GCTaskThread "GC Thread#1" [stack: 0x00007f307171f000,0x00007f307181f000] [id=24181]
  0x00007f308c037000 GCTaskThread "GC Thread#2" [stack: 0x00007f307161d000,0x00007f307171d000] [id=24182]
  0x00007f308c039000 GCTaskThread "GC Thread#3" [stack: 0x00007f307151b000,0x00007f307161b000] [id=24183]
  0x00007f308c03a800 GCTaskThread "GC Thread#4" [stack: 0x00007f3071419000,0x00007f3071519000] [id=24184]
  0x00007f308c03c800 GCTaskThread "GC Thread#5" [stack: 0x00007f3071317000,0x00007f3071417000] [id=24185]
  0x00007f308c03e000 GCTaskThread "GC Thread#6" [stack: 0x00007f3071215000,0x00007f3071315000] [id=24186]
  0x00007f308c03f800 GCTaskThread "GC Thread#7" [stack: 0x00007f3071113000,0x00007f3071213000] [id=24187]
  0x00007f308c041800 GCTaskThread "GC Thread#8" [stack: 0x00007f3071011000,0x00007f3071111000] [id=24188]
  0x00007f308c043000 GCTaskThread "GC Thread#9" [stack: 0x00007f3070f0f000,0x00007f307100f000] [id=24189]
  0x00007f308c045000 GCTaskThread "GC Thread#10" [stack: 0x00007f3070e0d000,0x00007f3070f0d000] [id=24190]
  0x00007f308c046800 GCTaskThread "GC Thread#11" [stack: 0x00007f3070d0b000,0x00007f3070e0b000] [id=24191]
  0x00007f308c048800 GCTaskThread "GC Thread#12" [stack: 0x00007f3070c09000,0x00007f3070d09000] [id=24192]
  0x00007f308c04a000 GCTaskThread "GC Thread#13" [stack: 0x00007f3070b07000,0x00007f3070c07000] [id=24193]
  0x00007f308c04c000 GCTaskThread "GC Thread#14" [stack: 0x00007f3070a05000,0x00007f3070b05000] [id=24194]
  0x00007f308c04d800 GCTaskThread "GC Thread#15" [stack: 0x00007f3070903000,0x00007f3070a03000] [id=24195]
  0x00007f308c04f800 GCTaskThread "GC Thread#16" [stack: 0x00007f3070801000,0x00007f3070901000] [id=24196]
  0x00007f308c051000 GCTaskThread "GC Thread#17" [stack: 0x00007f30706ff000,0x00007f30707ff000] [id=24197]
  0x00007f308c052800 GCTaskThread "GC Thread#18" [stack: 0x00007f30705fd000,0x00007f30706fd000] [id=24198]
  0x00007f308c054800 GCTaskThread "GC Thread#19" [stack: 0x00007f30704fb000,0x00007f30705fb000] [id=24199]
  0x00007f308c09f800 ConcurrentGCThread "G1 Main Marker" [stack: 0x00007f30214db000,0x00007f30215db000] [id=24221]
  0x00007f308c0a1000 ConcurrentGCThread "G1 Marker#0" [stack: 0x00007f30213d9000,0x00007f30214d9000] [id=24222]
  0x00007f308c0a3000 ConcurrentGCThread "G1 Marker#1" [stack: 0x00007f30212d7000,0x00007f30213d7000] [id=24223]
  0x00007f308c0a4800 ConcurrentGCThread "G1 Marker#2" [stack: 0x00007f30211d5000,0x00007f30212d5000] [id=24224]
  0x00007f308c0a6800 ConcurrentGCThread "G1 Marker#3" [stack: 0x00007f30210d3000,0x00007f30211d3000] [id=24225]
  0x00007f308c0a8000 ConcurrentGCThread "G1 Marker#4" [stack: 0x00007f3020fd1000,0x00007f30210d1000] [id=24226]
  0x00007f308c079000 ConcurrentGCThread "G1 Refine#0" [stack: 0x00007f3021bca000,0x00007f3021cca000] [id=24219]
  0x00007f308c077000 ConcurrentGCThread "G1 Refine#1" [stack: 0x00007f3021ccc000,0x00007f3021dcc000] [id=24218]
  0x00007f308c075000 ConcurrentGCThread "G1 Refine#2" [stack: 0x00007f3021dce000,0x00007f3021ece000] [id=24217]
  0x00007f308c073800 ConcurrentGCThread "G1 Refine#3" [stack: 0x00007f3021ed0000,0x00007f3021fd0000] [id=24216]
  0x00007f308c071800 ConcurrentGCThread "G1 Refine#4" [stack: 0x00007f3021fd2000,0x00007f30220d2000] [id=24215]
  0x00007f308c070000 ConcurrentGCThread "G1 Refine#5" [stack: 0x00007f30220d4000,0x00007f30221d4000] [id=24214]
  0x00007f308c06e000 ConcurrentGCThread "G1 Refine#6" [stack: 0x00007f30221d6000,0x00007f30222d6000] [id=24213]
  0x00007f308c06c800 ConcurrentGCThread "G1 Refine#7" [stack: 0x00007f30222d8000,0x00007f30223d8000] [id=24212]
  0x00007f308c06a800 ConcurrentGCThread "G1 Refine#8" [stack: 0x00007f30223da000,0x00007f30224da000] [id=24211]
  0x00007f308c069000 ConcurrentGCThread "G1 Refine#9" [stack: 0x00007f30224dc000,0x00007f30225dc000] [id=24210]
  0x00007f308c067000 ConcurrentGCThread "G1 Refine#10" [stack: 0x00007f30225de000,0x00007f30226de000] [id=24209]
  0x00007f308c065000 ConcurrentGCThread "G1 Refine#11" [stack: 0x00007f30226e0000,0x00007f30227e0000] [id=24208]
  0x00007f308c063800 ConcurrentGCThread "G1 Refine#12" [stack: 0x00007f30227e2000,0x00007f30228e2000] [id=24207]
  0x00007f308c061800 ConcurrentGCThread "G1 Refine#13" [stack: 0x00007f30228e4000,0x00007f30229e4000] [id=24206]
  0x00007f308c060000 ConcurrentGCThread "G1 Refine#14" [stack: 0x00007f30229e6000,0x00007f3022ae6000] [id=24205]
  0x00007f308c05e000 ConcurrentGCThread "G1 Refine#15" [stack: 0x00007f3022ae8000,0x00007f3022be8000] [id=24204]
  0x00007f308c05c800 ConcurrentGCThread "G1 Refine#16" [stack: 0x00007f3022bea000,0x00007f3022cea000] [id=24203]
  0x00007f308c05a800 ConcurrentGCThread "G1 Refine#17" [stack: 0x00007f3022cec000,0x00007f3022dec000] [id=24202]
  0x00007f308c059000 ConcurrentGCThread "G1 Refine#18" [stack: 0x00007f3022dee000,0x00007f3022eee000] [id=24201]
  0x00007f308c057000 ConcurrentGCThread "G1 Refine#19" [stack: 0x00007f3022ef0000,0x00007f3022ff0000] [id=24200]
  0x00007f308c07a800 ConcurrentGCThread "G1 Young RemSet Sampling" [stack: 0x00007f3021ac8000,0x00007f3021bc8000] [id=24220]

Threads with active compile tasks:
C1 CompilerThread11 242 %     3       org.eclipse.core.runtime.adaptor.EclipseStarter::main @ 5297 (6751 bytes)

VM state:not at safepoint (normal execution)

VM Mutex/Monitor currently owned by a thread: None

Heap address: 0x00000003d7c00000, size: 16004 MB, Compressed Oops mode: Zero based, Oop shift amount: 3
Narrow klass base: 0x0000000000000000, Narrow klass shift: 3
Compressed class space size: 1073741824 Address: 0x00000007c0000000

Heap:
 garbage-first heap   total 1028096K, used 12288K [0x00000003d7c00000, 0x00000003d80007d8, 0x00000007c0000000)
  region size 4096K, 4 young (16384K), 0 survivors (0K)
 Metaspace       used 4313K, capacity 4678K, committed 4864K, reserved 1056768K
  class space    used 355K, capacity 386K, committed 512K, reserved 1048576K
Heap Regions: E=young(eden), S=young(survivor), O=old, HS=humongous(starts), HC=humongous(continues), CS=collection set, F=free, A=archive, TS=gc time stamp, AC=allocation context, TAMS=top-at-mark-start (previous, next)
|   0|0x00000003d7c00000, 0x00000003d7c00000, 0x00000003d8000000|  0%| F|  |TS  0|AC  0|TAMS 0x00000003d7c00000, 0x00000003d7c00000|
|   1|0x00000003d8000000, 0x00000003d8000000, 0x00000003d8400000|  0%| F|  |TS  0|AC  0|TAMS 0x00000003d8000000, 0x00000003d8000000|
|   2|0x00000003d8400000, 0x00000003d8400000, 0x00000003d8800000|  0%| F|  |TS  0|AC  0|TAMS 0x00000003d8400000, 0x00000003d8400000|
|   3|0x00000003d8800000, 0x00000003d8800000, 0x00000003d8c00000|  0%| F|  |TS  0|AC  0|TAMS 0x00000003d8800000, 0x00000003d8800000|
|   4|0x00000003d8c00000, 0x00000003d8c00000, 0x00000003d9000000|  0%| F|  |TS  0|AC  0|TAMS 0x00000003d8c00000, 0x00000003d8c00000|
|   5|0x00000003d9000000, 0x00000003d9000000, 0x00000003d9400000|  0%| F|  |TS  0|AC  0|TAMS 0x00000003d9000000, 0x00000003d9000000|
|   6|0x00000003d9400000, 0x00000003d9400000, 0x00000003d9800000|  0%| F|  |TS  0|AC  0|TAMS 0x00000003d9400000, 0x00000003d9400000|
|   7|0x00000003d9800000, 0x00000003d9800000, 0x00000003d9c00000|  0%| F|  |TS  0|AC  0|TAMS 0x00000003d9800000, 0x00000003d9800000|
|   8|0x00000003d9c00000, 0x00000003d9c00000, 0x00000003da000000|  0%| F|  |TS  0|AC  0|TAMS 0x00000003d9c00000, 0x00000003d9c00000|
|   9|0x00000003da000000, 0x00000003da000000, 0x00000003da400000|  0%| F|  |TS  0|AC  0|TAMS 0x00000003da000000, 0x00000003da000000|
|  10|0x00000003da400000, 0x00000003da400000, 0x00000003da800000|  0%| F|  |TS  0|AC  0|TAMS 0x00000003da400000, 0x00000003da400000|
|  11|0x00000003da800000, 0x00000003da800000, 0x00000003dac00000|  0%| F|  |TS  0|AC  0|TAMS 0x00000003da800000, 0x00000003da800000|
|  12|0x00000003dac00000, 0x00000003dac00000, 0x00000003db000000|  0%| F|  |TS  0|AC  0|TAMS 0x00000003dac00000, 0x00000003dac00000|
|  13|0x00000003db000000, 0x00000003db000000, 0x00000003db400000|  0%| F|  |TS  0|AC  0|TAMS 0x00000003db000000, 0x00000003db000000|
|  14|0x00000003db400000, 0x00000003db400000, 0x00000003db800000|  0%| F|  |TS  0|AC  0|TAMS 0x00000003db400000, 0x00000003db400000|
|  15|0x00000003db800000, 0x00000003db800000, 0x00000003dbc00000|  0%| F|  |TS  0|AC  0|TAMS 0x00000003db800000, 0x00000003db800000|
|  16|0x00000003dbc00000, 0x00000003dbc00000, 0x00000003dc000000|  0%| F|  |TS  0|AC  0|TAMS 0x00000003dbc00000, 0x00000003dbc00000|
|  17|0x00000003dc000000, 0x00000003dc000000, 0x00000003dc400000|  0%| F|  |TS  0|AC  0|TAMS 0x00000003dc000000, 0x00000003dc000000|
|  18|0x00000003dc400000, 0x00000003dc400000, 0x00000003dc800000|  0%| F|  |TS  0|AC  0|TAMS 0x00000003dc400000, 0x00000003dc400000|
|  19|0x00000003dc800000, 0x00000003dc800000, 0x00000003dcc00000|  0%| F|  |TS  0|AC  0|TAMS 0x00000003dc800000, 0x00000003dc800000|
|  20|0x00000003dcc00000, 0x00000003dcc00000, 0x00000003dd000000|  0%| F|  |TS  0|AC  0|TAMS 0x00000003dcc00000, 0x00000003dcc00000|
|  21|0x00000003dd000000, 0x00000003dd000000, 0x00000003dd400000|  0%| F|  |TS  0|AC  0|TAMS 0x00000003dd000000, 0x00000003dd000000|
|  22|0x00000003dd400000, 0x00000003dd400000, 0x00000003dd800000|  0%| F|  |TS  0|AC  0|TAMS 0x00000003dd400000, 0x00000003dd400000|
|  23|0x00000003dd800000, 0x00000003dd800000, 0x00000003ddc00000|  0%| F|  |TS  0|AC  0|TAMS 0x00000003dd800000, 0x00000003dd800000|
|  24|0x00000003ddc00000, 0x00000003ddc00000, 0x00000003de000000|  0%| F|  |TS  0|AC  0|TAMS 0x00000003ddc00000, 0x00000003ddc00000|
|  25|0x00000003de000000, 0x00000003de000000, 0x00000003de400000|  0%| F|  |TS  0|AC  0|TAMS 0x00000003de000000, 0x00000003de000000|
|  26|0x00000003de400000, 0x00000003de400000, 0x00000003de800000|  0%| F|  |TS  0|AC  0|TAMS 0x00000003de400000, 0x00000003de400000|
|  27|0x00000003de800000, 0x00000003de800000, 0x00000003dec00000|  0%| F|  |TS  0|AC  0|TAMS 0x00000003de800000, 0x00000003de800000|
|  28|0x00000003dec00000, 0x00000003dec00000, 0x00000003df000000|  0%| F|  |TS  0|AC  0|TAMS 0x00000003dec00000, 0x00000003dec00000|
|  29|0x00000003df000000, 0x00000003df000000, 0x00000003df400000|  0%| F|  |TS  0|AC  0|TAMS 0x00000003df000000, 0x00000003df000000|
|  30|0x00000003df400000, 0x00000003df400000, 0x00000003df800000|  0%| F|  |TS  0|AC  0|TAMS 0x00000003df400000, 0x00000003df400000|
|  31|0x00000003df800000, 0x00000003df800000, 0x00000003dfc00000|  0%| F|  |TS  0|AC  0|TAMS 0x00000003df800000, 0x00000003df800000|
|  32|0x00000003dfc00000, 0x00000003dfc00000, 0x00000003e0000000|  0%| F|  |TS  0|AC  0|TAMS 0x00000003dfc00000, 0x00000003dfc00000|
|  33|0x00000003e0000000, 0x00000003e0000000, 0x00000003e0400000|  0%| F|  |TS  0|AC  0|TAMS 0x00000003e0000000, 0x00000003e0000000|
|  34|0x00000003e0400000, 0x00000003e0400000, 0x00000003e0800000|  0%| F|  |TS  0|AC  0|TAMS 0x00000003e0400000, 0x00000003e0400000|
|  35|0x00000003e0800000, 0x00000003e0800000, 0x00000003e0c00000|  0%| F|  |TS  0|AC  0|TAMS 0x00000003e0800000, 0x00000003e0800000|
|  36|0x00000003e0c00000, 0x00000003e0c00000, 0x00000003e1000000|  0%| F|  |TS  0|AC  0|TAMS 0x00000003e0c00000, 0x00000003e0c00000|
|  37|0x00000003e1000000, 0x00000003e1000000, 0x00000003e1400000|  0%| F|  |TS  0|AC  0|TAMS 0x00000003e1000000, 0x00000003e1000000|
|  38|0x00000003e1400000, 0x00000003e1400000, 0x00000003e1800000|  0%| F|  |TS  0|AC  0|TAMS 0x00000003e1400000, 0x00000003e1400000|
|  39|0x00000003e1800000, 0x00000003e1800000, 0x00000003e1c00000|  0%| F|  |TS  0|AC  0|TAMS 0x00000003e1800000, 0x00000003e1800000|
|  40|0x00000003e1c00000, 0x00000003e1c00000, 0x00000003e2000000|  0%| F|  |TS  0|AC  0|TAMS 0x00000003e1c00000, 0x00000003e1c00000|
|  41|0x00000003e2000000, 0x00000003e2000000, 0x00000003e2400000|  0%| F|  |TS  0|AC  0|TAMS 0x00000003e2000000, 0x00000003e2000000|
|  42|0x00000003e2400000, 0x00000003e2400000, 0x00000003e2800000|  0%| F|  |TS  0|AC  0|TAMS 0x00000003e2400000, 0x00000003e2400000|
|  43|0x00000003e2800000, 0x00000003e2800000, 0x00000003e2c00000|  0%| F|  |TS  0|AC  0|TAMS 0x00000003e2800000, 0x00000003e2800000|
|  44|0x00000003e2c00000, 0x00000003e2c00000, 0x00000003e3000000|  0%| F|  |TS  0|AC  0|TAMS 0x00000003e2c00000, 0x00000003e2c00000|
|  45|0x00000003e3000000, 0x00000003e3000000, 0x00000003e3400000|  0%| F|  |TS  0|AC  0|TAMS 0x00000003e3000000, 0x00000003e3000000|
|  46|0x00000003e3400000, 0x00000003e3400000, 0x00000003e3800000|  0%| F|  |TS  0|AC  0|TAMS 0x00000003e3400000, 0x00000003e3400000|
|  47|0x00000003e3800000, 0x00000003e3800000, 0x00000003e3c00000|  0%| F|  |TS  0|AC  0|TAMS 0x00000003e3800000, 0x00000003e3800000|
|  48|0x00000003e3c00000, 0x00000003e3c00000, 0x00000003e4000000|  0%| F|  |TS  0|AC  0|TAMS 0x00000003e3c00000, 0x00000003e3c00000|
|  49|0x00000003e4000000, 0x00000003e4000000, 0x00000003e4400000|  0%| F|  |TS  0|AC  0|TAMS 0x00000003e4000000, 0x00000003e4000000|
|  50|0x00000003e4400000, 0x00000003e4400000, 0x00000003e4800000|  0%| F|  |TS  0|AC  0|TAMS 0x00000003e4400000, 0x00000003e4400000|
|  51|0x00000003e4800000, 0x00000003e4800000, 0x00000003e4c00000|  0%| F|  |TS  0|AC  0|TAMS 0x00000003e4800000, 0x00000003e4800000|
|  52|0x00000003e4c00000, 0x00000003e4c00000, 0x00000003e5000000|  0%| F|  |TS  0|AC  0|TAMS 0x00000003e4c00000, 0x00000003e4c00000|
|  53|0x00000003e5000000, 0x00000003e5000000, 0x00000003e5400000|  0%| F|  |TS  0|AC  0|TAMS 0x00000003e5000000, 0x00000003e5000000|
|  54|0x00000003e5400000, 0x00000003e5400000, 0x00000003e5800000|  0%| F|  |TS  0|AC  0|TAMS 0x00000003e5400000, 0x00000003e5400000|
|  55|0x00000003e5800000, 0x00000003e5800000, 0x00000003e5c00000|  0%| F|  |TS  0|AC  0|TAMS 0x00000003e5800000, 0x00000003e5800000|
|  56|0x00000003e5c00000, 0x00000003e5c00000, 0x00000003e6000000|  0%| F|  |TS  0|AC  0|TAMS 0x00000003e5c00000, 0x00000003e5c00000|
|  57|0x00000003e6000000, 0x00000003e6000000, 0x00000003e6400000|  0%| F|  |TS  0|AC  0|TAMS 0x00000003e6000000, 0x00000003e6000000|
|  58|0x00000003e6400000, 0x00000003e6400000, 0x00000003e6800000|  0%| F|  |TS  0|AC  0|TAMS 0x00000003e6400000, 0x00000003e6400000|
|  59|0x00000003e6800000, 0x00000003e6800000, 0x00000003e6c00000|  0%| F|  |TS  0|AC  0|TAMS 0x00000003e6800000, 0x00000003e6800000|
|  60|0x00000003e6c00000, 0x00000003e6c00000, 0x00000003e7000000|  0%| F|  |TS  0|AC  0|TAMS 0x00000003e6c00000, 0x00000003e6c00000|
|  61|0x00000003e7000000, 0x00000003e7000000, 0x00000003e7400000|  0%| F|  |TS  0|AC  0|TAMS 0x00000003e7000000, 0x00000003e7000000|
|  62|0x00000003e7400000, 0x00000003e7400000, 0x00000003e7800000|  0%| F|  |TS  0|AC  0|TAMS 0x00000003e7400000, 0x00000003e7400000|
|  63|0x00000003e7800000, 0x00000003e7800000, 0x00000003e7c00000|  0%| F|  |TS  0|AC  0|TAMS 0x00000003e7800000, 0x00000003e7800000|
|  64|0x00000003e7c00000, 0x00000003e7c00000, 0x00000003e8000000|  0%| F|  |TS  0|AC  0|TAMS 0x00000003e7c00000, 0x00000003e7c00000|
|  65|0x00000003e8000000, 0x00000003e8000000, 0x00000003e8400000|  0%| F|  |TS  0|AC  0|TAMS 0x00000003e8000000, 0x00000003e8000000|
|  66|0x00000003e8400000, 0x00000003e8400000, 0x00000003e8800000|  0%| F|  |TS  0|AC  0|TAMS 0x00000003e8400000, 0x00000003e8400000|
|  67|0x00000003e8800000, 0x00000003e8800000, 0x00000003e8c00000|  0%| F|  |TS  0|AC  0|TAMS 0x00000003e8800000, 0x00000003e8800000|
|  68|0x00000003e8c00000, 0x00000003e8c00000, 0x00000003e9000000|  0%| F|  |TS  0|AC  0|TAMS 0x00000003e8c00000, 0x00000003e8c00000|
|  69|0x00000003e9000000, 0x00000003e9000000, 0x00000003e9400000|  0%| F|  |TS  0|AC  0|TAMS 0x00000003e9000000, 0x00000003e9000000|
|  70|0x00000003e9400000, 0x00000003e9400000, 0x00000003e9800000|  0%| F|  |TS  0|AC  0|TAMS 0x00000003e9400000, 0x00000003e9400000|
|  71|0x00000003e9800000, 0x00000003e9800000, 0x00000003e9c00000|  0%| F|  |TS  0|AC  0|TAMS 0x00000003e9800000, 0x00000003e9800000|
|  72|0x00000003e9c00000, 0x00000003e9c00000, 0x00000003ea000000|  0%| F|  |TS  0|AC  0|TAMS 0x00000003e9c00000, 0x00000003e9c00000|
|  73|0x00000003ea000000, 0x00000003ea000000, 0x00000003ea400000|  0%| F|  |TS  0|AC  0|TAMS 0x00000003ea000000, 0x00000003ea000000|
|  74|0x00000003ea400000, 0x00000003ea400000, 0x00000003ea800000|  0%| F|  |TS  0|AC  0|TAMS 0x00000003ea400000, 0x00000003ea400000|
|  75|0x00000003ea800000, 0x00000003ea800000, 0x00000003eac00000|  0%| F|  |TS  0|AC  0|TAMS 0x00000003ea800000, 0x00000003ea800000|
|  76|0x00000003eac00000, 0x00000003eac00000, 0x00000003eb000000|  0%| F|  |TS  0|AC  0|TAMS 0x00000003eac00000, 0x00000003eac00000|
|  77|0x00000003eb000000, 0x00000003eb000000, 0x00000003eb400000|  0%| F|  |TS  0|AC  0|TAMS 0x00000003eb000000, 0x00000003eb000000|
|  78|0x00000003eb400000, 0x00000003eb400000, 0x00000003eb800000|  0%| F|  |TS  0|AC  0|TAMS 0x00000003eb400000, 0x00000003eb400000|
|  79|0x00000003eb800000, 0x00000003eb800000, 0x00000003ebc00000|  0%| F|  |TS  0|AC  0|TAMS 0x00000003eb800000, 0x00000003eb800000|
|  80|0x00000003ebc00000, 0x00000003ebc00000, 0x00000003ec000000|  0%| F|  |TS  0|AC  0|TAMS 0x00000003ebc00000, 0x00000003ebc00000|
|  81|0x00000003ec000000, 0x00000003ec000000, 0x00000003ec400000|  0%| F|  |TS  0|AC  0|TAMS 0x00000003ec000000, 0x00000003ec000000|
|  82|0x00000003ec400000, 0x00000003ec400000, 0x00000003ec800000|  0%| F|  |TS  0|AC  0|TAMS 0x00000003ec400000, 0x00000003ec400000|
|  83|0x00000003ec800000, 0x00000003ec800000, 0x00000003ecc00000|  0%| F|  |TS  0|AC  0|TAMS 0x00000003ec800000, 0x00000003ec800000|
|  84|0x00000003ecc00000, 0x00000003ecc00000, 0x00000003ed000000|  0%| F|  |TS  0|AC  0|TAMS 0x00000003ecc00000, 0x00000003ecc00000|
|  85|0x00000003ed000000, 0x00000003ed000000, 0x00000003ed400000|  0%| F|  |TS  0|AC  0|TAMS 0x00000003ed000000, 0x00000003ed000000|
|  86|0x00000003ed400000, 0x00000003ed400000, 0x00000003ed800000|  0%| F|  |TS  0|AC  0|TAMS 0x00000003ed400000, 0x00000003ed400000|
|  87|0x00000003ed800000, 0x00000003ed800000, 0x00000003edc00000|  0%| F|  |TS  0|AC  0|TAMS 0x00000003ed800000, 0x00000003ed800000|
|  88|0x00000003edc00000, 0x00000003edc00000, 0x00000003ee000000|  0%| F|  |TS  0|AC  0|TAMS 0x00000003edc00000, 0x00000003edc00000|
|  89|0x00000003ee000000, 0x00000003ee000000, 0x00000003ee400000|  0%| F|  |TS  0|AC  0|TAMS 0x00000003ee000000, 0x00000003ee000000|
|  90|0x00000003ee400000, 0x00000003ee400000, 0x00000003ee800000|  0%| F|  |TS  0|AC  0|TAMS 0x00000003ee400000, 0x00000003ee400000|
|  91|0x00000003ee800000, 0x00000003ee800000, 0x00000003eec00000|  0%| F|  |TS  0|AC  0|TAMS 0x00000003ee800000, 0x00000003ee800000|
|  92|0x00000003eec00000, 0x00000003eec00000, 0x00000003ef000000|  0%| F|  |TS  0|AC  0|TAMS 0x00000003eec00000, 0x00000003eec00000|
|  93|0x00000003ef000000, 0x00000003ef000000, 0x00000003ef400000|  0%| F|  |TS  0|AC  0|TAMS 0x00000003ef000000, 0x00000003ef000000|
|  94|0x00000003ef400000, 0x00000003ef400000, 0x00000003ef800000|  0%| F|  |TS  0|AC  0|TAMS 0x00000003ef400000, 0x00000003ef400000|
|  95|0x00000003ef800000, 0x00000003ef800000, 0x00000003efc00000|  0%| F|  |TS  0|AC  0|TAMS 0x00000003ef800000, 0x00000003ef800000|
|  96|0x00000003efc00000, 0x00000003efc00000, 0x00000003f0000000|  0%| F|  |TS  0|AC  0|TAMS 0x00000003efc00000, 0x00000003efc00000|
|  97|0x00000003f0000000, 0x00000003f0000000, 0x00000003f0400000|  0%| F|  |TS  0|AC  0|TAMS 0x00000003f0000000, 0x00000003f0000000|
|  98|0x00000003f0400000, 0x00000003f0400000, 0x00000003f0800000|  0%| F|  |TS  0|AC  0|TAMS 0x00000003f0400000, 0x00000003f0400000|
|  99|0x00000003f0800000, 0x00000003f0800000, 0x00000003f0c00000|  0%| F|  |TS  0|AC  0|TAMS 0x00000003f0800000, 0x00000003f0800000|
| 100|0x00000003f0c00000, 0x00000003f0c00000, 0x00000003f1000000|  0%| F|  |TS  0|AC  0|TAMS 0x00000003f0c00000, 0x00000003f0c00000|
| 101|0x00000003f1000000, 0x00000003f1000000, 0x00000003f1400000|  0%| F|  |TS  0|AC  0|TAMS 0x00000003f1000000, 0x00000003f1000000|
| 102|0x00000003f1400000, 0x00000003f1400000, 0x00000003f1800000|  0%| F|  |TS  0|AC  0|TAMS 0x00000003f1400000, 0x00000003f1400000|
| 103|0x00000003f1800000, 0x00000003f1800000, 0x00000003f1c00000|  0%| F|  |TS  0|AC  0|TAMS 0x00000003f1800000, 0x00000003f1800000|
| 104|0x00000003f1c00000, 0x00000003f1c00000, 0x00000003f2000000|  0%| F|  |TS  0|AC  0|TAMS 0x00000003f1c00000, 0x00000003f1c00000|
| 105|0x00000003f2000000, 0x00000003f2000000, 0x00000003f2400000|  0%| F|  |TS  0|AC  0|TAMS 0x00000003f2000000, 0x00000003f2000000|
| 106|0x00000003f2400000, 0x00000003f2400000, 0x00000003f2800000|  0%| F|  |TS  0|AC  0|TAMS 0x00000003f2400000, 0x00000003f2400000|
| 107|0x00000003f2800000, 0x00000003f2800000, 0x00000003f2c00000|  0%| F|  |TS  0|AC  0|TAMS 0x00000003f2800000, 0x00000003f2800000|
| 108|0x00000003f2c00000, 0x00000003f2c00000, 0x00000003f3000000|  0%| F|  |TS  0|AC  0|TAMS 0x00000003f2c00000, 0x00000003f2c00000|
| 109|0x00000003f3000000, 0x00000003f3000000, 0x00000003f3400000|  0%| F|  |TS  0|AC  0|TAMS 0x00000003f3000000, 0x00000003f3000000|
| 110|0x00000003f3400000, 0x00000003f3400000, 0x00000003f3800000|  0%| F|  |TS  0|AC  0|TAMS 0x00000003f3400000, 0x00000003f3400000|
| 111|0x00000003f3800000, 0x00000003f3800000, 0x00000003f3c00000|  0%| F|  |TS  0|AC  0|TAMS 0x00000003f3800000, 0x00000003f3800000|
| 112|0x00000003f3c00000, 0x00000003f3c00000, 0x00000003f4000000|  0%| F|  |TS  0|AC  0|TAMS 0x00000003f3c00000, 0x00000003f3c00000|
| 113|0x00000003f4000000, 0x00000003f4000000, 0x00000003f4400000|  0%| F|  |TS  0|AC  0|TAMS 0x00000003f4000000, 0x00000003f4000000|
| 114|0x00000003f4400000, 0x00000003f4400000, 0x00000003f4800000|  0%| F|  |TS  0|AC  0|TAMS 0x00000003f4400000, 0x00000003f4400000|
| 115|0x00000003f4800000, 0x00000003f4800000, 0x00000003f4c00000|  0%| F|  |TS  0|AC  0|TAMS 0x00000003f4800000, 0x00000003f4800000|
| 116|0x00000003f4c00000, 0x00000003f4c00000, 0x00000003f5000000|  0%| F|  |TS  0|AC  0|TAMS 0x00000003f4c00000, 0x00000003f4c00000|
| 117|0x00000003f5000000, 0x00000003f5000000, 0x00000003f5400000|  0%| F|  |TS  0|AC  0|TAMS 0x00000003f5000000, 0x00000003f5000000|
| 118|0x00000003f5400000, 0x00000003f5400000, 0x00000003f5800000|  0%| F|  |TS  0|AC  0|TAMS 0x00000003f5400000, 0x00000003f5400000|
| 119|0x00000003f5800000, 0x00000003f5800000, 0x00000003f5c00000|  0%| F|  |TS  0|AC  0|TAMS 0x00000003f5800000, 0x00000003f5800000|
| 120|0x00000003f5c00000, 0x00000003f5c00000, 0x00000003f6000000|  0%| F|  |TS  0|AC  0|TAMS 0x00000003f5c00000, 0x00000003f5c00000|
| 121|0x00000003f6000000, 0x00000003f6000000, 0x00000003f6400000|  0%| F|  |TS  0|AC  0|TAMS 0x00000003f6000000, 0x00000003f6000000|
| 122|0x00000003f6400000, 0x00000003f6400000, 0x00000003f6800000|  0%| F|  |TS  0|AC  0|TAMS 0x00000003f6400000, 0x00000003f6400000|
| 123|0x00000003f6800000, 0x00000003f6800000, 0x00000003f6c00000|  0%| F|  |TS  0|AC  0|TAMS 0x00000003f6800000, 0x00000003f6800000|
| 124|0x00000003f6c00000, 0x00000003f6c00000, 0x00000003f7000000|  0%| F|  |TS  0|AC  0|TAMS 0x00000003f6c00000, 0x00000003f6c00000|
| 125|0x00000003f7000000, 0x00000003f7000000, 0x00000003f7400000|  0%| F|  |TS  0|AC  0|TAMS 0x00000003f7000000, 0x00000003f7000000|
| 126|0x00000003f7400000, 0x00000003f7400000, 0x00000003f7800000|  0%| F|  |TS  0|AC  0|TAMS 0x00000003f7400000, 0x00000003f7400000|
| 127|0x00000003f7800000, 0x00000003f7800000, 0x00000003f7c00000|  0%| F|  |TS  0|AC  0|TAMS 0x00000003f7800000, 0x00000003f7800000|
| 128|0x00000003f7c00000, 0x00000003f7c00000, 0x00000003f8000000|  0%| F|  |TS  0|AC  0|TAMS 0x00000003f7c00000, 0x00000003f7c00000|
| 129|0x00000003f8000000, 0x00000003f8000000, 0x00000003f8400000|  0%| F|  |TS  0|AC  0|TAMS 0x00000003f8000000, 0x00000003f8000000|
| 130|0x00000003f8400000, 0x00000003f8400000, 0x00000003f8800000|  0%| F|  |TS  0|AC  0|TAMS 0x00000003f8400000, 0x00000003f8400000|
| 131|0x00000003f8800000, 0x00000003f8800000, 0x00000003f8c00000|  0%| F|  |TS  0|AC  0|TAMS 0x00000003f8800000, 0x00000003f8800000|
| 132|0x00000003f8c00000, 0x00000003f8c00000, 0x00000003f9000000|  0%| F|  |TS  0|AC  0|TAMS 0x00000003f8c00000, 0x00000003f8c00000|
| 133|0x00000003f9000000, 0x00000003f9000000, 0x00000003f9400000|  0%| F|  |TS  0|AC  0|TAMS 0x00000003f9000000, 0x00000003f9000000|
| 134|0x00000003f9400000, 0x00000003f9400000, 0x00000003f9800000|  0%| F|  |TS  0|AC  0|TAMS 0x00000003f9400000, 0x00000003f9400000|
| 135|0x00000003f9800000, 0x00000003f9800000, 0x00000003f9c00000|  0%| F|  |TS  0|AC  0|TAMS 0x00000003f9800000, 0x00000003f9800000|
| 136|0x00000003f9c00000, 0x00000003f9c00000, 0x00000003fa000000|  0%| F|  |TS  0|AC  0|TAMS 0x00000003f9c00000, 0x00000003f9c00000|
| 137|0x00000003fa000000, 0x00000003fa000000, 0x00000003fa400000|  0%| F|  |TS  0|AC  0|TAMS 0x00000003fa000000, 0x00000003fa000000|
| 138|0x00000003fa400000, 0x00000003fa400000, 0x00000003fa800000|  0%| F|  |TS  0|AC  0|TAMS 0x00000003fa400000, 0x00000003fa400000|
| 139|0x00000003fa800000, 0x00000003fa800000, 0x00000003fac00000|  0%| F|  |TS  0|AC  0|TAMS 0x00000003fa800000, 0x00000003fa800000|
| 140|0x00000003fac00000, 0x00000003fac00000, 0x00000003fb000000|  0%| F|  |TS  0|AC  0|TAMS 0x00000003fac00000, 0x00000003fac00000|
| 141|0x00000003fb000000, 0x00000003fb000000, 0x00000003fb400000|  0%| F|  |TS  0|AC  0|TAMS 0x00000003fb000000, 0x00000003fb000000|
| 142|0x00000003fb400000, 0x00000003fb400000, 0x00000003fb800000|  0%| F|  |TS  0|AC  0|TAMS 0x00000003fb400000, 0x00000003fb400000|
| 143|0x00000003fb800000, 0x00000003fb800000, 0x00000003fbc00000|  0%| F|  |TS  0|AC  0|TAMS 0x00000003fb800000, 0x00000003fb800000|
| 144|0x00000003fbc00000, 0x00000003fbc00000, 0x00000003fc000000|  0%| F|  |TS  0|AC  0|TAMS 0x00000003fbc00000, 0x00000003fbc00000|
| 145|0x00000003fc000000, 0x00000003fc000000, 0x00000003fc400000|  0%| F|  |TS  0|AC  0|TAMS 0x00000003fc000000, 0x00000003fc000000|
| 146|0x00000003fc400000, 0x00000003fc400000, 0x00000003fc800000|  0%| F|  |TS  0|AC  0|TAMS 0x00000003fc400000, 0x00000003fc400000|
| 147|0x00000003fc800000, 0x00000003fc800000, 0x00000003fcc00000|  0%| F|  |TS  0|AC  0|TAMS 0x00000003fc800000, 0x00000003fc800000|
| 148|0x00000003fcc00000, 0x00000003fcc00000, 0x00000003fd000000|  0%| F|  |TS  0|AC  0|TAMS 0x00000003fcc00000, 0x00000003fcc00000|
| 149|0x00000003fd000000, 0x00000003fd000000, 0x00000003fd400000|  0%| F|  |TS  0|AC  0|TAMS 0x00000003fd000000, 0x00000003fd000000|
| 150|0x00000003fd400000, 0x00000003fd400000, 0x00000003fd800000|  0%| F|  |TS  0|AC  0|TAMS 0x00000003fd400000, 0x00000003fd400000|
| 151|0x00000003fd800000, 0x00000003fd800000, 0x00000003fdc00000|  0%| F|  |TS  0|AC  0|TAMS 0x00000003fd800000, 0x00000003fd800000|
| 152|0x00000003fdc00000, 0x00000003fdc00000, 0x00000003fe000000|  0%| F|  |TS  0|AC  0|TAMS 0x00000003fdc00000, 0x00000003fdc00000|
| 153|0x00000003fe000000, 0x00000003fe000000, 0x00000003fe400000|  0%| F|  |TS  0|AC  0|TAMS 0x00000003fe000000, 0x00000003fe000000|
| 154|0x00000003fe400000, 0x00000003fe400000, 0x00000003fe800000|  0%| F|  |TS  0|AC  0|TAMS 0x00000003fe400000, 0x00000003fe400000|
| 155|0x00000003fe800000, 0x00000003fe800000, 0x00000003fec00000|  0%| F|  |TS  0|AC  0|TAMS 0x00000003fe800000, 0x00000003fe800000|
| 156|0x00000003fec00000, 0x00000003fec00000, 0x00000003ff000000|  0%| F|  |TS  0|AC  0|TAMS 0x00000003fec00000, 0x00000003fec00000|
| 157|0x00000003ff000000, 0x00000003ff000000, 0x00000003ff400000|  0%| F|  |TS  0|AC  0|TAMS 0x00000003ff000000, 0x00000003ff000000|
| 158|0x00000003ff400000, 0x00000003ff400000, 0x00000003ff800000|  0%| F|  |TS  0|AC  0|TAMS 0x00000003ff400000, 0x00000003ff400000|
| 159|0x00000003ff800000, 0x00000003ff800000, 0x00000003ffc00000|  0%| F|  |TS  0|AC  0|TAMS 0x00000003ff800000, 0x00000003ff800000|
| 160|0x00000003ffc00000, 0x00000003ffc00000, 0x0000000400000000|  0%| F|  |TS  0|AC  0|TAMS 0x00000003ffc00000, 0x00000003ffc00000|
| 161|0x0000000400000000, 0x0000000400000000, 0x0000000400400000|  0%| F|  |TS  0|AC  0|TAMS 0x0000000400000000, 0x0000000400000000|
| 162|0x0000000400400000, 0x0000000400400000, 0x0000000400800000|  0%| F|  |TS  0|AC  0|TAMS 0x0000000400400000, 0x0000000400400000|
| 163|0x0000000400800000, 0x0000000400800000, 0x0000000400c00000|  0%| F|  |TS  0|AC  0|TAMS 0x0000000400800000, 0x0000000400800000|
| 164|0x0000000400c00000, 0x0000000400c00000, 0x0000000401000000|  0%| F|  |TS  0|AC  0|TAMS 0x0000000400c00000, 0x0000000400c00000|
| 165|0x0000000401000000, 0x0000000401000000, 0x0000000401400000|  0%| F|  |TS  0|AC  0|TAMS 0x0000000401000000, 0x0000000401000000|
| 166|0x0000000401400000, 0x0000000401400000, 0x0000000401800000|  0%| F|  |TS  0|AC  0|TAMS 0x0000000401400000, 0x0000000401400000|
| 167|0x0000000401800000, 0x0000000401800000, 0x0000000401c00000|  0%| F|  |TS  0|AC  0|TAMS 0x0000000401800000, 0x0000000401800000|
| 168|0x0000000401c00000, 0x0000000401c00000, 0x0000000402000000|  0%| F|  |TS  0|AC  0|TAMS 0x0000000401c00000, 0x0000000401c00000|
| 169|0x0000000402000000, 0x0000000402000000, 0x0000000402400000|  0%| F|  |TS  0|AC  0|TAMS 0x0000000402000000, 0x0000000402000000|
| 170|0x0000000402400000, 0x0000000402400000, 0x0000000402800000|  0%| F|  |TS  0|AC  0|TAMS 0x0000000402400000, 0x0000000402400000|
| 171|0x0000000402800000, 0x0000000402800000, 0x0000000402c00000|  0%| F|  |TS  0|AC  0|TAMS 0x0000000402800000, 0x0000000402800000|
| 172|0x0000000402c00000, 0x0000000402c00000, 0x0000000403000000|  0%| F|  |TS  0|AC  0|TAMS 0x0000000402c00000, 0x0000000402c00000|
| 173|0x0000000403000000, 0x0000000403000000, 0x0000000403400000|  0%| F|  |TS  0|AC  0|TAMS 0x0000000403000000, 0x0000000403000000|
| 174|0x0000000403400000, 0x0000000403400000, 0x0000000403800000|  0%| F|  |TS  0|AC  0|TAMS 0x0000000403400000, 0x0000000403400000|
| 175|0x0000000403800000, 0x0000000403800000, 0x0000000403c00000|  0%| F|  |TS  0|AC  0|TAMS 0x0000000403800000, 0x0000000403800000|
| 176|0x0000000403c00000, 0x0000000403c00000, 0x0000000404000000|  0%| F|  |TS  0|AC  0|TAMS 0x0000000403c00000, 0x0000000403c00000|
| 177|0x0000000404000000, 0x0000000404000000, 0x0000000404400000|  0%| F|  |TS  0|AC  0|TAMS 0x0000000404000000, 0x0000000404000000|
| 178|0x0000000404400000, 0x0000000404400000, 0x0000000404800000|  0%| F|  |TS  0|AC  0|TAMS 0x0000000404400000, 0x0000000404400000|
| 179|0x0000000404800000, 0x0000000404800000, 0x0000000404c00000|  0%| F|  |TS  0|AC  0|TAMS 0x0000000404800000, 0x0000000404800000|
| 180|0x0000000404c00000, 0x0000000404c00000, 0x0000000405000000|  0%| F|  |TS  0|AC  0|TAMS 0x0000000404c00000, 0x0000000404c00000|
| 181|0x0000000405000000, 0x0000000405000000, 0x0000000405400000|  0%| F|  |TS  0|AC  0|TAMS 0x0000000405000000, 0x0000000405000000|
| 182|0x0000000405400000, 0x0000000405400000, 0x0000000405800000|  0%| F|  |TS  0|AC  0|TAMS 0x0000000405400000, 0x0000000405400000|
| 183|0x0000000405800000, 0x0000000405800000, 0x0000000405c00000|  0%| F|  |TS  0|AC  0|TAMS 0x0000000405800000, 0x0000000405800000|
| 184|0x0000000405c00000, 0x0000000405c00000, 0x0000000406000000|  0%| F|  |TS  0|AC  0|TAMS 0x0000000405c00000, 0x0000000405c00000|
| 185|0x0000000406000000, 0x0000000406000000, 0x0000000406400000|  0%| F|  |TS  0|AC  0|TAMS 0x0000000406000000, 0x0000000406000000|
| 186|0x0000000406400000, 0x0000000406400000, 0x0000000406800000|  0%| F|  |TS  0|AC  0|TAMS 0x0000000406400000, 0x0000000406400000|
| 187|0x0000000406800000, 0x0000000406800000, 0x0000000406c00000|  0%| F|  |TS  0|AC  0|TAMS 0x0000000406800000, 0x0000000406800000|
| 188|0x0000000406c00000, 0x0000000406c00000, 0x0000000407000000|  0%| F|  |TS  0|AC  0|TAMS 0x0000000406c00000, 0x0000000406c00000|
| 189|0x0000000407000000, 0x0000000407000000, 0x0000000407400000|  0%| F|  |TS  0|AC  0|TAMS 0x0000000407000000, 0x0000000407000000|
| 190|0x0000000407400000, 0x0000000407400000, 0x0000000407800000|  0%| F|  |TS  0|AC  0|TAMS 0x0000000407400000, 0x0000000407400000|
| 191|0x0000000407800000, 0x0000000407800000, 0x0000000407c00000|  0%| F|  |TS  0|AC  0|TAMS 0x0000000407800000, 0x0000000407800000|
| 192|0x0000000407c00000, 0x0000000407c00000, 0x0000000408000000|  0%| F|  |TS  0|AC  0|TAMS 0x0000000407c00000, 0x0000000407c00000|
| 193|0x0000000408000000, 0x0000000408000000, 0x0000000408400000|  0%| F|  |TS  0|AC  0|TAMS 0x0000000408000000, 0x0000000408000000|
| 194|0x0000000408400000, 0x0000000408400000, 0x0000000408800000|  0%| F|  |TS  0|AC  0|TAMS 0x0000000408400000, 0x0000000408400000|
| 195|0x0000000408800000, 0x0000000408800000, 0x0000000408c00000|  0%| F|  |TS  0|AC  0|TAMS 0x0000000408800000, 0x0000000408800000|
| 196|0x0000000408c00000, 0x0000000408c00000, 0x0000000409000000|  0%| F|  |TS  0|AC  0|TAMS 0x0000000408c00000, 0x0000000408c00000|
| 197|0x0000000409000000, 0x0000000409000000, 0x0000000409400000|  0%| F|  |TS  0|AC  0|TAMS 0x0000000409000000, 0x0000000409000000|
| 198|0x0000000409400000, 0x0000000409400000, 0x0000000409800000|  0%| F|  |TS  0|AC  0|TAMS 0x0000000409400000, 0x0000000409400000|
| 199|0x0000000409800000, 0x0000000409800000, 0x0000000409c00000|  0%| F|  |TS  0|AC  0|TAMS 0x0000000409800000, 0x0000000409800000|
| 200|0x0000000409c00000, 0x0000000409c00000, 0x000000040a000000|  0%| F|  |TS  0|AC  0|TAMS 0x0000000409c00000, 0x0000000409c00000|
| 201|0x000000040a000000, 0x000000040a000000, 0x000000040a400000|  0%| F|  |TS  0|AC  0|TAMS 0x000000040a000000, 0x000000040a000000|
| 202|0x000000040a400000, 0x000000040a400000, 0x000000040a800000|  0%| F|  |TS  0|AC  0|TAMS 0x000000040a400000, 0x000000040a400000|
| 203|0x000000040a800000, 0x000000040a800000, 0x000000040ac00000|  0%| F|  |TS  0|AC  0|TAMS 0x000000040a800000, 0x000000040a800000|
| 204|0x000000040ac00000, 0x000000040ac00000, 0x000000040b000000|  0%| F|  |TS  0|AC  0|TAMS 0x000000040ac00000, 0x000000040ac00000|
| 205|0x000000040b000000, 0x000000040b000000, 0x000000040b400000|  0%| F|  |TS  0|AC  0|TAMS 0x000000040b000000, 0x000000040b000000|
| 206|0x000000040b400000, 0x000000040b400000, 0x000000040b800000|  0%| F|  |TS  0|AC  0|TAMS 0x000000040b400000, 0x000000040b400000|
| 207|0x000000040b800000, 0x000000040b800000, 0x000000040bc00000|  0%| F|  |TS  0|AC  0|TAMS 0x000000040b800000, 0x000000040b800000|
| 208|0x000000040bc00000, 0x000000040bc00000, 0x000000040c000000|  0%| F|  |TS  0|AC  0|TAMS 0x000000040bc00000, 0x000000040bc00000|
| 209|0x000000040c000000, 0x000000040c000000, 0x000000040c400000|  0%| F|  |TS  0|AC  0|TAMS 0x000000040c000000, 0x000000040c000000|
| 210|0x000000040c400000, 0x000000040c400000, 0x000000040c800000|  0%| F|  |TS  0|AC  0|TAMS 0x000000040c400000, 0x000000040c400000|
| 211|0x000000040c800000, 0x000000040c800000, 0x000000040cc00000|  0%| F|  |TS  0|AC  0|TAMS 0x000000040c800000, 0x000000040c800000|
| 212|0x000000040cc00000, 0x000000040cc00000, 0x000000040d000000|  0%| F|  |TS  0|AC  0|TAMS 0x000000040cc00000, 0x000000040cc00000|
| 213|0x000000040d000000, 0x000000040d000000, 0x000000040d400000|  0%| F|  |TS  0|AC  0|TAMS 0x000000040d000000, 0x000000040d000000|
| 214|0x000000040d400000, 0x000000040d400000, 0x000000040d800000|  0%| F|  |TS  0|AC  0|TAMS 0x000000040d400000, 0x000000040d400000|
| 215|0x000000040d800000, 0x000000040d800000, 0x000000040dc00000|  0%| F|  |TS  0|AC  0|TAMS 0x000000040d800000, 0x000000040d800000|
| 216|0x000000040dc00000, 0x000000040dc00000, 0x000000040e000000|  0%| F|  |TS  0|AC  0|TAMS 0x000000040dc00000, 0x000000040dc00000|
| 217|0x000000040e000000, 0x000000040e000000, 0x000000040e400000|  0%| F|  |TS  0|AC  0|TAMS 0x000000040e000000, 0x000000040e000000|
| 218|0x000000040e400000, 0x000000040e400000, 0x000000040e800000|  0%| F|  |TS  0|AC  0|TAMS 0x000000040e400000, 0x000000040e400000|
| 219|0x000000040e800000, 0x000000040e800000, 0x000000040ec00000|  0%| F|  |TS  0|AC  0|TAMS 0x000000040e800000, 0x000000040e800000|
| 220|0x000000040ec00000, 0x000000040ec00000, 0x000000040f000000|  0%| F|  |TS  0|AC  0|TAMS 0x000000040ec00000, 0x000000040ec00000|
| 221|0x000000040f000000, 0x000000040f000000, 0x000000040f400000|  0%| F|  |TS  0|AC  0|TAMS 0x000000040f000000, 0x000000040f000000|
| 222|0x000000040f400000, 0x000000040f400000, 0x000000040f800000|  0%| F|  |TS  0|AC  0|TAMS 0x000000040f400000, 0x000000040f400000|
| 223|0x000000040f800000, 0x000000040f800000, 0x000000040fc00000|  0%| F|  |TS  0|AC  0|TAMS 0x000000040f800000, 0x000000040f800000|
| 224|0x000000040fc00000, 0x000000040fc00000, 0x0000000410000000|  0%| F|  |TS  0|AC  0|TAMS 0x000000040fc00000, 0x000000040fc00000|
| 225|0x0000000410000000, 0x0000000410000000, 0x0000000410400000|  0%| F|  |TS  0|AC  0|TAMS 0x0000000410000000, 0x0000000410000000|
| 226|0x0000000410400000, 0x0000000410400000, 0x0000000410800000|  0%| F|  |TS  0|AC  0|TAMS 0x0000000410400000, 0x0000000410400000|
| 227|0x0000000410800000, 0x0000000410800000, 0x0000000410c00000|  0%| F|  |TS  0|AC  0|TAMS 0x0000000410800000, 0x0000000410800000|
| 228|0x0000000410c00000, 0x0000000410c00000, 0x0000000411000000|  0%| F|  |TS  0|AC  0|TAMS 0x0000000410c00000, 0x0000000410c00000|
| 229|0x0000000411000000, 0x0000000411000000, 0x0000000411400000|  0%| F|  |TS  0|AC  0|TAMS 0x0000000411000000, 0x0000000411000000|
| 230|0x0000000411400000, 0x0000000411400000, 0x0000000411800000|  0%| F|  |TS  0|AC  0|TAMS 0x0000000411400000, 0x0000000411400000|
| 231|0x0000000411800000, 0x0000000411800000, 0x0000000411c00000|  0%| F|  |TS  0|AC  0|TAMS 0x0000000411800000, 0x0000000411800000|
| 232|0x0000000411c00000, 0x0000000411c00000, 0x0000000412000000|  0%| F|  |TS  0|AC  0|TAMS 0x0000000411c00000, 0x0000000411c00000|
| 233|0x0000000412000000, 0x0000000412000000, 0x0000000412400000|  0%| F|  |TS  0|AC  0|TAMS 0x0000000412000000, 0x0000000412000000|
| 234|0x0000000412400000, 0x0000000412400000, 0x0000000412800000|  0%| F|  |TS  0|AC  0|TAMS 0x0000000412400000, 0x0000000412400000|
| 235|0x0000000412800000, 0x0000000412800000, 0x0000000412c00000|  0%| F|  |TS  0|AC  0|TAMS 0x0000000412800000, 0x0000000412800000|
| 236|0x0000000412c00000, 0x0000000412c00000, 0x0000000413000000|  0%| F|  |TS  0|AC  0|TAMS 0x0000000412c00000, 0x0000000412c00000|
| 237|0x0000000413000000, 0x0000000413000000, 0x0000000413400000|  0%| F|  |TS  0|AC  0|TAMS 0x0000000413000000, 0x0000000413000000|
| 238|0x0000000413400000, 0x0000000413400000, 0x0000000413800000|  0%| F|  |TS  0|AC  0|TAMS 0x0000000413400000, 0x0000000413400000|
| 239|0x0000000413800000, 0x0000000413800000, 0x0000000413c00000|  0%| F|  |TS  0|AC  0|TAMS 0x0000000413800000, 0x0000000413800000|
| 240|0x0000000413c00000, 0x0000000413c00000, 0x0000000414000000|  0%| F|  |TS  0|AC  0|TAMS 0x0000000413c00000, 0x0000000413c00000|
| 241|0x0000000414000000, 0x0000000414000000, 0x0000000414400000|  0%| F|  |TS  0|AC  0|TAMS 0x0000000414000000, 0x0000000414000000|
| 242|0x0000000414400000, 0x0000000414400000, 0x0000000414800000|  0%| F|  |TS  0|AC  0|TAMS 0x0000000414400000, 0x0000000414400000|
| 243|0x0000000414800000, 0x0000000414800000, 0x0000000414c00000|  0%| F|  |TS  0|AC  0|TAMS 0x0000000414800000, 0x0000000414800000|
| 244|0x0000000414c00000, 0x0000000414c00000, 0x0000000415000000|  0%| F|  |TS  0|AC  0|TAMS 0x0000000414c00000, 0x0000000414c00000|
| 245|0x0000000415000000, 0x0000000415000000, 0x0000000415400000|  0%| F|  |TS  0|AC  0|TAMS 0x0000000415000000, 0x0000000415000000|
| 246|0x0000000415400000, 0x0000000415400000, 0x0000000415800000|  0%| F|  |TS  0|AC  0|TAMS 0x0000000415400000, 0x0000000415400000|
| 247|0x0000000415800000, 0x00000004158f6458, 0x0000000415c00000| 24%| E|  |TS  0|AC  0|TAMS 0x0000000415800000, 0x0000000415800000|
| 248|0x0000000415c00000, 0x0000000416000000, 0x0000000416000000|100%| E|CS|TS  0|AC  0|TAMS 0x0000000415c00000, 0x0000000415c00000|
| 249|0x0000000416000000, 0x0000000416400000, 0x0000000416400000|100%| E|CS|TS  0|AC  0|TAMS 0x0000000416000000, 0x0000000416000000|
| 250|0x0000000416400000, 0x0000000416800000, 0x0000000416800000|100%| E|CS|TS  0|AC  0|TAMS 0x0000000416400000, 0x0000000416400000|

Card table byte_map: [0x00007f2fc223a000,0x00007f2fc417c000] byte_map_base: 0x00007f2fc037c000

Marking Bits (Prev, Next): (CMBitMap*) 0x00007f308c09e820, (CMBitMap*) 0x00007f308c09e858
 Prev Bits: [0x00007f2fb08e8000, 0x00007f2fc02f8000)
 Next Bits: [0x00007f2fa0ed8000, 0x00007f2fb08e8000)

Polling page: 0x00007f3092502000

CodeHeap 'non-profiled nmethods': size=119172Kb used=136Kb max_used=136Kb free=119035Kb
 bounds [0x00007f3079692000, 0x00007f3079902000, 0x00007f3080af3000]
CodeHeap 'profiled nmethods': size=119172Kb used=325Kb max_used=325Kb free=118846Kb
 bounds [0x00007f3072231000, 0x00007f30724a1000, 0x00007f3079692000]
CodeHeap 'non-nmethods': size=7416Kb used=2826Kb max_used=2846Kb free=4589Kb
 bounds [0x00007f3071af3000, 0x00007f3071dc3000, 0x00007f3072231000]
 total_blobs=618 nmethods=241 adapters=168
 compilation: enabled

Compilation events (10 events):
Event: 0.314 Thread 0x00007f308c2b7000 nmethod 238 0x00007f30796aa290 code [0x00007f30796aa420, 0x00007f30796aa4c8]
Event: 0.314 Thread 0x00007f308c2b7000  240   !   4       java.io.PrintStream::write (83 bytes)
Event: 0.314 Thread 0x00007f308c2ba800 nmethod 236 0x00007f30796aa590 code [0x00007f30796aa760, 0x00007f30796aad98]
Event: 0.314 Thread 0x00007f308c2b5000 nmethod 227 0x00007f30796ab090 code [0x00007f30796ab260, 0x00007f30796ab4a8]
Event: 0.318 Thread 0x00007f308c2b1000 nmethod 235 0x00007f30796ab810 code [0x00007f30796aba40, 0x00007f30796ac808]
Event: 0.322 Thread 0x00007f308c2b8800 nmethod 230 0x00007f30796ace90 code [0x00007f30796ad0a0, 0x00007f30796adbc8]
Event: 0.326 Thread 0x00007f308c2ad000 nmethod 241 0x00007f30796ae490 code [0x00007f30796ae6e0, 0x00007f30796af828]
Event: 0.330 Thread 0x00007f308c2b7000 nmethod 240 0x00007f30796b0190 code [0x00007f30796b03a0, 0x00007f30796b0fd8]
Event: 0.339 Thread 0x00007f308c2af000 nmethod 239 0x00007f30796b1790 code [0x00007f30796b1a60, 0x00007f30796b3220]
Event: 0.452 Thread 0x00007f308c2c2800  242 %     3       org.eclipse.core.runtime.adaptor.EclipseStarter::main @ 5297 (6751 bytes)

GC Heap History (0 events):
No events

Deoptimization events (0 events):
No events

Classes redefined (0 events):
No events

Internal exceptions (0 events):
No events

Events (10 events):
Event: 0.271 Thread 0x00007f308c011800 DEOPT PACKING pc=0x00007f3072261a24 sp=0x00007f3090baca30
Event: 0.271 Thread 0x00007f308c011800 DEOPT UNPACKING pc=0x00007f3071b40aab sp=0x00007f3090bac018 mode 0
Event: 0.272 Thread 0x00007f308c011800 DEOPT PACKING pc=0x00007f3072261a24 sp=0x00007f3090baca30
Event: 0.272 Thread 0x00007f308c011800 DEOPT UNPACKING pc=0x00007f3071b40aab sp=0x00007f3090bac018 mode 0
Event: 0.272 Thread 0x00007f308c011800 DEOPT PACKING pc=0x00007f3072261a24 sp=0x00007f3090baca30
Event: 0.272 Thread 0x00007f308c011800 DEOPT UNPACKING pc=0x00007f3071b40aab sp=0x00007f3090bac018 mode 0
Event: 0.272 Thread 0x00007f308c011800 DEOPT PACKING pc=0x00007f3072261a24 sp=0x00007f3090baca30
Event: 0.272 Thread 0x00007f308c011800 DEOPT UNPACKING pc=0x00007f3071b40aab sp=0x00007f3090bac018 mode 0
Event: 0.272 Thread 0x00007f308c011800 DEOPT PACKING pc=0x00007f3072261a24 sp=0x00007f3090baca30
Event: 0.272 Thread 0x00007f308c011800 DEOPT UNPACKING pc=0x00007f3071b40aab sp=0x00007f3090bac018 mode 0


Dynamic libraries:
00400000-00401000 r-xp 00000000 00:65 77077150                           /root/oracle/jdk-9.0.4/bin/java
00600000-00601000 rw-p 00000000 00:65 77077150                           /root/oracle/jdk-9.0.4/bin/java
01ddf000-01e00000 rw-p 00000000 00:00 0                                  [heap]
3d7c00000-416800000 rw-p 00000000 00:00 0 
416800000-7c0000000 ---p 00000000 00:00 0 
7c0000000-7c0080000 rw-p 00000000 00:00 0 
7c0080000-800000000 ---p 00000000 00:00 0 
7f2f30000000-7f2f30021000 rw-p 00000000 00:00 0 
7f2f30021000-7f2f34000000 ---p 00000000 00:00 0 
7f2f38000000-7f2f38021000 rw-p 00000000 00:00 0 
7f2f38021000-7f2f3c000000 ---p 00000000 00:00 0 
7f2f3c000000-7f2f3c021000 rw-p 00000000 00:00 0 
7f2f3c021000-7f2f40000000 ---p 00000000 00:00 0 
7f2f40000000-7f2f4007e000 rw-p 00000000 00:00 0 
7f2f4007e000-7f2f44000000 ---p 00000000 00:00 0 
7f2f44000000-7f2f44021000 rw-p 00000000 00:00 0 
7f2f44021000-7f2f48000000 ---p 00000000 00:00 0 
7f2f48000000-7f2f4804a000 rw-p 00000000 00:00 0 
7f2f4804a000-7f2f4c000000 ---p 00000000 00:00 0 
7f2f4c000000-7f2f4c021000 rw-p 00000000 00:00 0 
7f2f4c021000-7f2f50000000 ---p 00000000 00:00 0 
7f2f50000000-7f2f501f4000 rw-p 00000000 00:00 0 
7f2f501f4000-7f2f54000000 ---p 00000000 00:00 0 
7f2f54000000-7f2f5406f000 rw-p 00000000 00:00 0 
7f2f5406f000-7f2f58000000 ---p 00000000 00:00 0 
7f2f58000000-7f2f58181000 rw-p 00000000 00:00 0 
7f2f58181000-7f2f5c000000 ---p 00000000 00:00 0 
7f2f5c000000-7f2f5c1a8000 rw-p 00000000 00:00 0 
7f2f5c1a8000-7f2f60000000 ---p 00000000 00:00 0 
7f2f60000000-7f2f6002c000 rw-p 00000000 00:00 0 
7f2f6002c000-7f2f64000000 ---p 00000000 00:00 0 
7f2f64000000-7f2f64027000 rw-p 00000000 00:00 0 
7f2f64027000-7f2f68000000 ---p 00000000 00:00 0 
7f2f68000000-7f2f68280000 rw-p 00000000 00:00 0 
7f2f68280000-7f2f6c000000 ---p 00000000 00:00 0 
7f2f6c000000-7f2f6c0b9000 rw-p 00000000 00:00 0 
7f2f6c0b9000-7f2f70000000 ---p 00000000 00:00 0 
7f2f70000000-7f2f70021000 rw-p 00000000 00:00 0 
7f2f70021000-7f2f74000000 ---p 00000000 00:00 0 
7f2f74000000-7f2f7424c000 rw-p 00000000 00:00 0 
7f2f7424c000-7f2f78000000 ---p 00000000 00:00 0 
7f2f78000000-7f2f78021000 rw-p 00000000 00:00 0 
7f2f78021000-7f2f7c000000 ---p 00000000 00:00 0 
7f2f7c000000-7f2f7c021000 rw-p 00000000 00:00 0 
7f2f7c021000-7f2f80000000 ---p 00000000 00:00 0 
7f2f80000000-7f2f80021000 rw-p 00000000 00:00 0 
7f2f80021000-7f2f84000000 ---p 00000000 00:00 0 
7f2f84000000-7f2f84021000 rw-p 00000000 00:00 0 
7f2f84021000-7f2f88000000 ---p 00000000 00:00 0 
7f2f88596000-7f2f888c4000 rw-p 00000000 00:00 0 
7f2f888c4000-7f2f888c5000 ---p 00000000 00:00 0 
7f2f888c5000-7f2f889c6000 rw-p 00000000 00:00 0 
7f2f889c6000-7f2f889ca000 ---p 00000000 00:00 0 
7f2f889ca000-7f2f88ac7000 rw-p 00000000 00:00 0 
7f2f88ac7000-7f2f88acb000 ---p 00000000 00:00 0 
7f2f88acb000-7f2f88bc8000 rw-p 00000000 00:00 0 
7f2f88bc8000-7f2f88bde000 r-xp 00000000 00:65 77077477                   /root/oracle/jdk-9.0.4/lib/libnet.so
7f2f88bde000-7f2f88dde000 ---p 00016000 00:65 77077477                   /root/oracle/jdk-9.0.4/lib/libnet.so
7f2f88dde000-7f2f88ddf000 rw-p 00016000 00:65 77077477                   /root/oracle/jdk-9.0.4/lib/libnet.so
7f2f88ddf000-7f2f88def000 r-xp 00000000 00:65 77077594                   /root/oracle/jdk-9.0.4/lib/libnio.so
7f2f88def000-7f2f88fef000 ---p 00010000 00:65 77077594                   /root/oracle/jdk-9.0.4/lib/libnio.so
7f2f88fef000-7f2f88ff0000 rw-p 00010000 00:65 77077594                   /root/oracle/jdk-9.0.4/lib/libnio.so
7f2f88ff0000-7f2f88ff4000 ---p 00000000 00:00 0 
7f2f88ff4000-7f2f890f1000 rw-p 00000000 00:00 0 
7f2f890f1000-7f2f890f5000 ---p 00000000 00:00 0 
7f2f890f5000-7f2f891f2000 rw-p 00000000 00:00 0 
7f2f891f2000-7f2f891f6000 ---p 00000000 00:00 0 
7f2f891f6000-7f2f892f3000 rw-p 00000000 00:00 0 
7f2f892f3000-7f2f892f7000 ---p 00000000 00:00 0 
7f2f892f7000-7f2f893f4000 rw-p 00000000 00:00 0 
7f2f893f4000-7f2f893f8000 ---p 00000000 00:00 0 
7f2f893f8000-7f2f894f5000 rw-p 00000000 00:00 0 
7f2f894f5000-7f2f894f9000 ---p 00000000 00:00 0 
7f2f894f9000-7f2f895f6000 rw-p 00000000 00:00 0 
7f2f895f6000-7f2f895fa000 ---p 00000000 00:00 0 
7f2f895fa000-7f2f896f7000 rw-p 00000000 00:00 0 
7f2f896f7000-7f2f896fb000 ---p 00000000 00:00 0 
7f2f896fb000-7f2f897f8000 rw-p 00000000 00:00 0 
7f2f897f8000-7f2f897fc000 ---p 00000000 00:00 0 
7f2f897fc000-7f2f898f9000 rw-p 00000000 00:00 0 
7f2f898f9000-7f2f898fd000 ---p 00000000 00:00 0 
7f2f898fd000-7f2f899fa000 rw-p 00000000 00:00 0 
7f2f899fa000-7f2f899fe000 ---p 00000000 00:00 0 
7f2f899fe000-7f2f89afb000 rw-p 00000000 00:00 0 
7f2f89afb000-7f2f89aff000 ---p 00000000 00:00 0 
7f2f89aff000-7f2f89bfc000 rw-p 00000000 00:00 0 
7f2f89bfc000-7f2f89c00000 ---p 00000000 00:00 0 
7f2f89c00000-7f2f89cfd000 rw-p 00000000 00:00 0 
7f2f89cfd000-7f2f89d01000 ---p 00000000 00:00 0 
7f2f89d01000-7f2f89dfe000 rw-p 00000000 00:00 0 
7f2f89dfe000-7f2f89e02000 ---p 00000000 00:00 0 
7f2f89e02000-7f2f89eff000 rw-p 00000000 00:00 0 
7f2f89eff000-7f2f89f03000 ---p 00000000 00:00 0 
7f2f89f03000-7f2f8a000000 rw-p 00000000 00:00 0 
7f2f8a000000-7f2f8c000000 rwxp 00000000 00:00 0 
7f2f8c000000-7f2f8c021000 rw-p 00000000 00:00 0 
7f2f8c021000-7f2f90000000 ---p 00000000 00:00 0 
7f2f90000000-7f2f90021000 rw-p 00000000 00:00 0 
7f2f90021000-7f2f94000000 ---p 00000000 00:00 0 
7f2f94000000-7f2f94021000 rw-p 00000000 00:00 0 
7f2f94021000-7f2f98000000 ---p 00000000 00:00 0 
7f2f98000000-7f2f98021000 rw-p 00000000 00:00 0 
7f2f98021000-7f2f9c000000 ---p 00000000 00:00 0 
7f2f9c000000-7f2f9c021000 rw-p 00000000 00:00 0 
7f2f9c021000-7f2fa0000000 ---p 00000000 00:00 0 
7f2fa00d1000-7f2fa00d2000 ---p 00000000 00:00 0 
7f2fa00d2000-7f2fa0613000 rw-p 00000000 00:00 0 
7f2fa0613000-7f2fa09d3000 ---p 00000000 00:00 0 
7f2fa09d3000-7f2fa1e88000 rw-p 00000000 00:00 0 
7f2fa1e88000-7f2fb08e8000 ---p 00000000 00:00 0 
7f2fb08e8000-7f2fb1898000 rw-p 00000000 00:00 0 
7f2fb1898000-7f2fc02f8000 ---p 00000000 00:00 0 
7f2fc02f8000-7f2fc04ee000 rw-p 00000000 00:00 0 
7f2fc04ee000-7f2fc223a000 ---p 00000000 00:00 0 
7f2fc223a000-7f2fc2430000 rw-p 00000000 00:00 0 
7f2fc2430000-7f2fc60be000 ---p 00000000 00:00 0 
7f2fc60be000-7f2fc62b4000 rw-p 00000000 00:00 0 
7f2fc62b4000-7f2fc8000000 ---p 00000000 00:00 0 
7f2fc8000000-7f2fc8021000 rw-p 00000000 00:00 0 
7f2fc8021000-7f2fcc000000 ---p 00000000 00:00 0 
7f2fcc000000-7f2fcc021000 rw-p 00000000 00:00 0 
7f2fcc021000-7f2fd0000000 ---p 00000000 00:00 0 
7f2fd0000000-7f2fd0021000 rw-p 00000000 00:00 0 
7f2fd0021000-7f2fd4000000 ---p 00000000 00:00 0 
7f2fd4000000-7f2fd4021000 rw-p 00000000 00:00 0 
7f2fd4021000-7f2fd8000000 ---p 00000000 00:00 0 
7f2fd8000000-7f2fd8021000 rw-p 00000000 00:00 0 
7f2fd8021000-7f2fdc000000 ---p 00000000 00:00 0 
7f2fdc000000-7f2fdc021000 rw-p 00000000 00:00 0 
7f2fdc021000-7f2fe0000000 ---p 00000000 00:00 0 
7f2fe0000000-7f2fe0021000 rw-p 00000000 00:00 0 
7f2fe0021000-7f2fe4000000 ---p 00000000 00:00 0 
7f2fe4000000-7f2fe4021000 rw-p 00000000 00:00 0 
7f2fe4021000-7f2fe8000000 ---p 00000000 00:00 0 
7f2fe8000000-7f2fe8021000 rw-p 00000000 00:00 0 
7f2fe8021000-7f2fec000000 ---p 00000000 00:00 0 
7f2fec000000-7f2fec021000 rw-p 00000000 00:00 0 
7f2fec021000-7f2ff0000000 ---p 00000000 00:00 0 
7f2ff0000000-7f2ff0021000 rw-p 00000000 00:00 0 
7f2ff0021000-7f2ff4000000 ---p 00000000 00:00 0 
7f2ff4000000-7f2ff4021000 rw-p 00000000 00:00 0 
7f2ff4021000-7f2ff8000000 ---p 00000000 00:00 0 
7f2ff8000000-7f2ff8021000 rw-p 00000000 00:00 0 
7f2ff8021000-7f2ffc000000 ---p 00000000 00:00 0 
7f2ffc000000-7f2ffc021000 rw-p 00000000 00:00 0 
7f2ffc021000-7f3000000000 ---p 00000000 00:00 0 
7f3000000000-7f3000021000 rw-p 00000000 00:00 0 
7f3000021000-7f3004000000 ---p 00000000 00:00 0 
7f3004000000-7f3004021000 rw-p 00000000 00:00 0 
7f3004021000-7f3008000000 ---p 00000000 00:00 0 
7f3008000000-7f3008021000 rw-p 00000000 00:00 0 
7f3008021000-7f300c000000 ---p 00000000 00:00 0 
7f300c000000-7f300c021000 rw-p 00000000 00:00 0 
7f300c021000-7f3010000000 ---p 00000000 00:00 0 
7f3010000000-7f3010021000 rw-p 00000000 00:00 0 
7f3010021000-7f3014000000 ---p 00000000 00:00 0 
7f3014000000-7f3014021000 rw-p 00000000 00:00 0 
7f3014021000-7f3018000000 ---p 00000000 00:00 0 
7f3018000000-7f3018021000 rw-p 00000000 00:00 0 
7f3018021000-7f301c000000 ---p 00000000 00:00 0 
7f301c000000-7f301c021000 rw-p 00000000 00:00 0 
7f301c021000-7f3020000000 ---p 00000000 00:00 0 
7f3020019000-7f3020fcf000 rw-p 00000000 00:00 0 
7f3020fcf000-7f3020fd0000 ---p 00000000 00:00 0 
7f3020fd0000-7f30210d1000 rw-p 00000000 00:00 0 
7f30210d1000-7f30210d2000 ---p 00000000 00:00 0 
7f30210d2000-7f30211d3000 rw-p 00000000 00:00 0 
7f30211d3000-7f30211d4000 ---p 00000000 00:00 0 
7f30211d4000-7f30212d5000 rw-p 00000000 00:00 0 
7f30212d5000-7f30212d6000 ---p 00000000 00:00 0 
7f30212d6000-7f30213d7000 rw-p 00000000 00:00 0 
7f30213d7000-7f30213d8000 ---p 00000000 00:00 0 
7f30213d8000-7f30214d9000 rw-p 00000000 00:00 0 
7f30214d9000-7f30214da000 ---p 00000000 00:00 0 
7f30214da000-7f3021ac6000 rw-p 00000000 00:00 0 
7f3021ac6000-7f3021ac7000 ---p 00000000 00:00 0 
7f3021ac7000-7f3021bc8000 rw-p 00000000 00:00 0 
7f3021bc8000-7f3021bc9000 ---p 00000000 00:00 0 
7f3021bc9000-7f3021cca000 rw-p 00000000 00:00 0 
7f3021cca000-7f3021ccb000 ---p 00000000 00:00 0 
7f3021ccb000-7f3021dcc000 rw-p 00000000 00:00 0 
7f3021dcc000-7f3021dcd000 ---p 00000000 00:00 0 
7f3021dcd000-7f3021ece000 rw-p 00000000 00:00 0 
7f3021ece000-7f3021ecf000 ---p 00000000 00:00 0 
7f3021ecf000-7f3021fd0000 rw-p 00000000 00:00 0 
7f3021fd0000-7f3021fd1000 ---p 00000000 00:00 0 
7f3021fd1000-7f30220d2000 rw-p 00000000 00:00 0 
7f30220d2000-7f30220d3000 ---p 00000000 00:00 0 
7f30220d3000-7f30221d4000 rw-p 00000000 00:00 0 
7f30221d4000-7f30221d5000 ---p 00000000 00:00 0 
7f30221d5000-7f30222d6000 rw-p 00000000 00:00 0 
7f30222d6000-7f30222d7000 ---p 00000000 00:00 0 
7f30222d7000-7f30223d8000 rw-p 00000000 00:00 0 
7f30223d8000-7f30223d9000 ---p 00000000 00:00 0 
7f30223d9000-7f30224da000 rw-p 00000000 00:00 0 
7f30224da000-7f30224db000 ---p 00000000 00:00 0 
7f30224db000-7f30225dc000 rw-p 00000000 00:00 0 
7f30225dc000-7f30225dd000 ---p 00000000 00:00 0 
7f30225dd000-7f30226de000 rw-p 00000000 00:00 0 
7f30226de000-7f30226df000 ---p 00000000 00:00 0 
7f30226df000-7f30227e0000 rw-p 00000000 00:00 0 
7f30227e0000-7f30227e1000 ---p 00000000 00:00 0 
7f30227e1000-7f30228e2000 rw-p 00000000 00:00 0 
7f30228e2000-7f30228e3000 ---p 00000000 00:00 0 
7f30228e3000-7f30229e4000 rw-p 00000000 00:00 0 
7f30229e4000-7f30229e5000 ---p 00000000 00:00 0 
7f30229e5000-7f3022ae6000 rw-p 00000000 00:00 0 
7f3022ae6000-7f3022ae7000 ---p 00000000 00:00 0 
7f3022ae7000-7f3022be8000 rw-p 00000000 00:00 0 
7f3022be8000-7f3022be9000 ---p 00000000 00:00 0 
7f3022be9000-7f3022cea000 rw-p 00000000 00:00 0 
7f3022cea000-7f3022ceb000 ---p 00000000 00:00 0 
7f3022ceb000-7f3022dec000 rw-p 00000000 00:00 0 
7f3022dec000-7f3022ded000 ---p 00000000 00:00 0 
7f3022ded000-7f3022eee000 rw-p 00000000 00:00 0 
7f3022eee000-7f3022eef000 ---p 00000000 00:00 0 
7f3022eef000-7f3024000000 rw-p 00000000 00:00 0 
7f3024000000-7f3024021000 rw-p 00000000 00:00 0 
7f3024021000-7f3028000000 ---p 00000000 00:00 0 
7f3028000000-7f3028021000 rw-p 00000000 00:00 0 
7f3028021000-7f302c000000 ---p 00000000 00:00 0 
7f302c000000-7f302c021000 rw-p 00000000 00:00 0 
7f302c021000-7f3030000000 ---p 00000000 00:00 0 
7f3030000000-7f3030021000 rw-p 00000000 00:00 0 
7f3030021000-7f3034000000 ---p 00000000 00:00 0 
7f3034000000-7f3034021000 rw-p 00000000 00:00 0 
7f3034021000-7f3038000000 ---p 00000000 00:00 0 
7f3038000000-7f3038021000 rw-p 00000000 00:00 0 
7f3038021000-7f303c000000 ---p 00000000 00:00 0 
7f303c000000-7f303c021000 rw-p 00000000 00:00 0 
7f303c021000-7f3040000000 ---p 00000000 00:00 0 
7f3040000000-7f3040021000 rw-p 00000000 00:00 0 
7f3040021000-7f3044000000 ---p 00000000 00:00 0 
7f3044000000-7f3044021000 rw-p 00000000 00:00 0 
7f3044021000-7f3048000000 ---p 00000000 00:00 0 
7f3048000000-7f3048021000 rw-p 00000000 00:00 0 
7f3048021000-7f304c000000 ---p 00000000 00:00 0 
7f304c000000-7f304c021000 rw-p 00000000 00:00 0 
7f304c021000-7f3050000000 ---p 00000000 00:00 0 
7f3050000000-7f3050021000 rw-p 00000000 00:00 0 
7f3050021000-7f3054000000 ---p 00000000 00:00 0 
7f3054000000-7f3054021000 rw-p 00000000 00:00 0 
7f3054021000-7f3058000000 ---p 00000000 00:00 0 
7f3058000000-7f3058021000 rw-p 00000000 00:00 0 
7f3058021000-7f305c000000 ---p 00000000 00:00 0 
7f305c000000-7f305c021000 rw-p 00000000 00:00 0 
7f305c021000-7f3060000000 ---p 00000000 00:00 0 
7f3060000000-7f3060021000 rw-p 00000000 00:00 0 
7f3060021000-7f3064000000 ---p 00000000 00:00 0 
7f3064000000-7f3064021000 rw-p 00000000 00:00 0 
7f3064021000-7f3068000000 ---p 00000000 00:00 0 
7f3068000000-7f3068021000 rw-p 00000000 00:00 0 
7f3068021000-7f306c000000 ---p 00000000 00:00 0 
7f306c000000-7f306c021000 rw-p 00000000 00:00 0 
7f306c021000-7f3070000000 ---p 00000000 00:00 0 
7f307001c000-7f30704f9000 rw-p 00000000 00:00 0 
7f30704f9000-7f30704fa000 ---p 00000000 00:00 0 
7f30704fa000-7f30705fb000 rw-p 00000000 00:00 0 
7f30705fb000-7f30705fc000 ---p 00000000 00:00 0 
7f30705fc000-7f30706fd000 rw-p 00000000 00:00 0 
7f30706fd000-7f30706fe000 ---p 00000000 00:00 0 
7f30706fe000-7f30707ff000 rw-p 00000000 00:00 0 
7f30707ff000-7f3070800000 ---p 00000000 00:00 0 
7f3070800000-7f3070901000 rw-p 00000000 00:00 0 
7f3070901000-7f3070902000 ---p 00000000 00:00 0 
7f3070902000-7f3070a03000 rw-p 00000000 00:00 0 
7f3070a03000-7f3070a04000 ---p 00000000 00:00 0 
7f3070a04000-7f3070b05000 rw-p 00000000 00:00 0 
7f3070b05000-7f3070b06000 ---p 00000000 00:00 0 
7f3070b06000-7f3070c07000 rw-p 00000000 00:00 0 
7f3070c07000-7f3070c08000 ---p 00000000 00:00 0 
7f3070c08000-7f3070d09000 rw-p 00000000 00:00 0 
7f3070d09000-7f3070d0a000 ---p 00000000 00:00 0 
7f3070d0a000-7f3070e0b000 rw-p 00000000 00:00 0 
7f3070e0b000-7f3070e0c000 ---p 00000000 00:00 0 
7f3070e0c000-7f3070f0d000 rw-p 00000000 00:00 0 
7f3070f0d000-7f3070f0e000 ---p 00000000 00:00 0 
7f3070f0e000-7f307100f000 rw-p 00000000 00:00 0 
7f307100f000-7f3071010000 ---p 00000000 00:00 0 
7f3071010000-7f3071111000 rw-p 00000000 00:00 0 
7f3071111000-7f3071112000 ---p 00000000 00:00 0 
7f3071112000-7f3071213000 rw-p 00000000 00:00 0 
7f3071213000-7f3071214000 ---p 00000000 00:00 0 
7f3071214000-7f3071315000 rw-p 00000000 00:00 0 
7f3071315000-7f3071316000 ---p 00000000 00:00 0 
7f3071316000-7f3071417000 rw-p 00000000 00:00 0 
7f3071417000-7f3071418000 ---p 00000000 00:00 0 
7f3071418000-7f3071519000 rw-p 00000000 00:00 0 
7f3071519000-7f307151a000 ---p 00000000 00:00 0 
7f307151a000-7f307161b000 rw-p 00000000 00:00 0 
7f307161b000-7f307161c000 ---p 00000000 00:00 0 
7f307161c000-7f307171d000 rw-p 00000000 00:00 0 
7f307171d000-7f307171e000 ---p 00000000 00:00 0 
7f307171e000-7f307181f000 rw-p 00000000 00:00 0 
7f307181f000-7f3071820000 ---p 00000000 00:00 0 
7f3071820000-7f3071926000 rw-p 00000000 00:00 0 
7f3071926000-7f3071a0a000 ---p 00000000 00:00 0 
7f3071a0a000-7f3071a0f000 rw-p 00000000 00:00 0 
7f3071a0f000-7f3071af3000 ---p 00000000 00:00 0 
7f3071af3000-7f3071dc3000 rwxp 00000000 00:00 0 
7f3071dc3000-7f3072231000 ---p 00000000 00:00 0 
7f3072231000-7f30724a1000 rwxp 00000000 00:00 0 
7f30724a1000-7f3079692000 ---p 00000000 00:00 0 
7f3079692000-7f3079902000 rwxp 00000000 00:00 0 
7f3079902000-7f3080af3000 ---p 00000000 00:00 0 
7f3080af3000-7f3080b43000 rw-p 00000000 00:00 0 
7f3080b43000-7f308c000000 r--s 00000000 00:65 77077560                   /root/oracle/jdk-9.0.4/lib/modules
7f308c000000-7f308c3f9000 rw-p 00000000 00:00 0 
7f308c3f9000-7f3090000000 ---p 00000000 00:00 0 
7f3090004000-7f3090032000 rw-p 00000000 00:00 0 
7f3090032000-7f309003b000 ---p 00000000 00:00 0 
7f309003b000-7f3090218000 r--s 03e31000 00:65 101727669                  /usr/local/java/jdk1.8.0_301/jre/lib/rt.jar
7f3090218000-7f3090232000 r-xp 00000000 00:65 77077435                   /root/oracle/jdk-9.0.4/lib/libjimage.so
7f3090232000-7f3090431000 ---p 0001a000 00:65 77077435                   /root/oracle/jdk-9.0.4/lib/libjimage.so
7f3090431000-7f3090433000 rw-p 00019000 00:65 77077435                   /root/oracle/jdk-9.0.4/lib/libjimage.so
7f3090433000-7f3090445000 rw-p 00000000 00:00 0 
7f3090445000-7f309044c000 r-xp 00000000 00:65 77083131                   /root/oracle/jdk-9.0.4/lib/libzip.so
7f309044c000-7f309064b000 ---p 00007000 00:65 77083131                   /root/oracle/jdk-9.0.4/lib/libzip.so
7f309064b000-7f309064c000 rw-p 00006000 00:65 77083131                   /root/oracle/jdk-9.0.4/lib/libzip.so
7f309064c000-7f309064f000 r--p 00000000 00:65 165034530                  /usr/lib/x86_64-linux-gnu/libnss_files-2.31.so
7f309064f000-7f3090656000 r-xp 00003000 00:65 165034530                  /usr/lib/x86_64-linux-gnu/libnss_files-2.31.so
7f3090656000-7f3090658000 r--p 0000a000 00:65 165034530                  /usr/lib/x86_64-linux-gnu/libnss_files-2.31.so
7f3090658000-7f3090659000 r--p 0000b000 00:65 165034530                  /usr/lib/x86_64-linux-gnu/libnss_files-2.31.so
7f3090659000-7f309065a000 rw-p 0000c000 00:65 165034530                  /usr/lib/x86_64-linux-gnu/libnss_files-2.31.so
7f309065a000-7f3090660000 rw-p 00000000 00:00 0 
7f3090668000-7f3090669000 rw-p 00000000 00:00 0 
7f3090669000-7f3090694000 r-xp 00000000 00:65 77077470                   /root/oracle/jdk-9.0.4/lib/libjava.so
7f3090694000-7f3090893000 ---p 0002b000 00:65 77077470                   /root/oracle/jdk-9.0.4/lib/libjava.so
7f3090893000-7f3090895000 rw-p 0002a000 00:65 77077470                   /root/oracle/jdk-9.0.4/lib/libjava.so
7f3090895000-7f30908a2000 r-xp 00000000 00:65 77077494                   /root/oracle/jdk-9.0.4/lib/libverify.so
7f30908a2000-7f3090aa1000 ---p 0000d000 00:65 77077494                   /root/oracle/jdk-9.0.4/lib/libverify.so
7f3090aa1000-7f3090aa3000 rw-p 0000c000 00:65 77077494                   /root/oracle/jdk-9.0.4/lib/libverify.so
7f3090aa3000-7f3090aa6000 r--p 00000000 00:65 165034636                  /usr/lib/x86_64-linux-gnu/librt-2.31.so
7f3090aa6000-7f3090aaa000 r-xp 00003000 00:65 165034636                  /usr/lib/x86_64-linux-gnu/librt-2.31.so
7f3090aaa000-7f3090aab000 r--p 00007000 00:65 165034636                  /usr/lib/x86_64-linux-gnu/librt-2.31.so
7f3090aab000-7f3090aac000 ---p 00008000 00:65 165034636                  /usr/lib/x86_64-linux-gnu/librt-2.31.so
7f3090aac000-7f3090aad000 r--p 00008000 00:65 165034636                  /usr/lib/x86_64-linux-gnu/librt-2.31.so
7f3090aad000-7f3090aae000 rw-p 00009000 00:65 165034636                  /usr/lib/x86_64-linux-gnu/librt-2.31.so
7f3090aae000-7f3090aaf000 ---p 00000000 00:00 0 
7f3090aaf000-7f3090ab0000 rw-p 00000000 00:00 0 
7f3090ab0000-7f3090ab4000 ---p 00000000 00:00 0 
7f3090ab4000-7f3090baf000 rw-p 00000000 00:00 0 
7f3090baf000-7f3090bbe000 r--p 00000000 00:65 165034468                  /usr/lib/x86_64-linux-gnu/libm-2.31.so
7f3090bbe000-7f3090c65000 r-xp 0000f000 00:65 165034468                  /usr/lib/x86_64-linux-gnu/libm-2.31.so
7f3090c65000-7f3090cfc000 r--p 000b6000 00:65 165034468                  /usr/lib/x86_64-linux-gnu/libm-2.31.so
7f3090cfc000-7f3090cfd000 r--p 0014c000 00:65 165034468                  /usr/lib/x86_64-linux-gnu/libm-2.31.so
7f3090cfd000-7f3090cfe000 rw-p 0014d000 00:65 165034468                  /usr/lib/x86_64-linux-gnu/libm-2.31.so
7f3090cfe000-7f3091d13000 r-xp 00000000 00:65 77083135                   /root/oracle/jdk-9.0.4/lib/server/libjvm.so
7f3091d13000-7f3091f12000 ---p 01015000 00:65 77083135                   /root/oracle/jdk-9.0.4/lib/server/libjvm.so
7f3091f12000-7f3091fe3000 r--p 01014000 00:65 77083135                   /root/oracle/jdk-9.0.4/lib/server/libjvm.so
7f3091fe3000-7f309201a000 rw-p 010e5000 00:65 77083135                   /root/oracle/jdk-9.0.4/lib/server/libjvm.so
7f309201a000-7f3092085000 rw-p 00000000 00:00 0 
7f3092085000-7f30920aa000 r--p 00000000 00:65 165034165                  /usr/lib/x86_64-linux-gnu/libc-2.31.so
7f30920aa000-7f3092222000 r-xp 00025000 00:65 165034165                  /usr/lib/x86_64-linux-gnu/libc-2.31.so
7f3092222000-7f309226c000 r--p 0019d000 00:65 165034165                  /usr/lib/x86_64-linux-gnu/libc-2.31.so
7f309226c000-7f309226d000 ---p 001e7000 00:65 165034165                  /usr/lib/x86_64-linux-gnu/libc-2.31.so
7f309226d000-7f3092270000 r--p 001e7000 00:65 165034165                  /usr/lib/x86_64-linux-gnu/libc-2.31.so
7f3092270000-7f3092273000 rw-p 001ea000 00:65 165034165                  /usr/lib/x86_64-linux-gnu/libc-2.31.so
7f3092273000-7f3092277000 rw-p 00000000 00:00 0 
7f3092277000-7f3092278000 r--p 00000000 00:65 165034236                  /usr/lib/x86_64-linux-gnu/libdl-2.31.so
7f3092278000-7f309227a000 r-xp 00001000 00:65 165034236                  /usr/lib/x86_64-linux-gnu/libdl-2.31.so
7f309227a000-7f309227b000 r--p 00003000 00:65 165034236                  /usr/lib/x86_64-linux-gnu/libdl-2.31.so
7f309227b000-7f309227c000 r--p 00003000 00:65 165034236                  /usr/lib/x86_64-linux-gnu/libdl-2.31.so
7f309227c000-7f309227d000 rw-p 00004000 00:65 165034236                  /usr/lib/x86_64-linux-gnu/libdl-2.31.so
7f309227d000-7f309228b000 r-xp 00000000 00:65 77083142                   /root/oracle/jdk-9.0.4/lib/jli/libjli.so
7f309228b000-7f309248b000 ---p 0000e000 00:65 77083142                   /root/oracle/jdk-9.0.4/lib/jli/libjli.so
7f309248b000-7f309248c000 rw-p 0000e000 00:65 77083142                   /root/oracle/jdk-9.0.4/lib/jli/libjli.so
7f309248c000-7f3092493000 r--p 00000000 00:65 165034610                  /usr/lib/x86_64-linux-gnu/libpthread-2.31.so
7f3092493000-7f30924a4000 r-xp 00007000 00:65 165034610                  /usr/lib/x86_64-linux-gnu/libpthread-2.31.so
7f30924a4000-7f30924a9000 r--p 00018000 00:65 165034610                  /usr/lib/x86_64-linux-gnu/libpthread-2.31.so
7f30924a9000-7f30924aa000 r--p 0001c000 00:65 165034610                  /usr/lib/x86_64-linux-gnu/libpthread-2.31.so
7f30924aa000-7f30924ab000 rw-p 0001d000 00:65 165034610                  /usr/lib/x86_64-linux-gnu/libpthread-2.31.so
7f30924ab000-7f30924af000 rw-p 00000000 00:00 0 
7f30924af000-7f30924b1000 r--p 00000000 00:65 165034796                  /usr/lib/x86_64-linux-gnu/libz.so.1.2.11
7f30924b1000-7f30924c2000 r-xp 00002000 00:65 165034796                  /usr/lib/x86_64-linux-gnu/libz.so.1.2.11
7f30924c2000-7f30924c8000 r--p 00013000 00:65 165034796                  /usr/lib/x86_64-linux-gnu/libz.so.1.2.11
7f30924c8000-7f30924c9000 ---p 00019000 00:65 165034796                  /usr/lib/x86_64-linux-gnu/libz.so.1.2.11
7f30924c9000-7f30924ca000 r--p 00019000 00:65 165034796                  /usr/lib/x86_64-linux-gnu/libz.so.1.2.11
7f30924ca000-7f30924cb000 rw-p 0001a000 00:65 165034796                  /usr/lib/x86_64-linux-gnu/libz.so.1.2.11
7f30924cb000-7f30924d3000 rw-s 00000000 00:65 71965686                   /tmp/hsperfdata_root/24177
7f30924d3000-7f30924d6000 rw-p 00000000 00:00 0 
7f30924d6000-7f30924d7000 r--p 00000000 00:65 165033992                  /usr/lib/x86_64-linux-gnu/ld-2.31.so
7f30924d7000-7f30924fa000 r-xp 00001000 00:65 165033992                  /usr/lib/x86_64-linux-gnu/ld-2.31.so
7f30924fa000-7f3092502000 r--p 00024000 00:65 165033992                  /usr/lib/x86_64-linux-gnu/ld-2.31.so
7f3092502000-7f3092503000 r--p 00000000 00:00 0 
7f3092503000-7f3092504000 r--p 0002c000 00:65 165033992                  /usr/lib/x86_64-linux-gnu/ld-2.31.so
7f3092504000-7f3092505000 rw-p 0002d000 00:65 165033992                  /usr/lib/x86_64-linux-gnu/ld-2.31.so
7f3092505000-7f3092506000 rw-p 00000000 00:00 0 
7ffc93809000-7ffc9382a000 rw-p 00000000 00:00 0                          [stack]
7ffc938a9000-7ffc938ac000 r--p 00000000 00:00 0                          [vvar]
7ffc938ac000-7ffc938ad000 r-xp 00000000 00:00 0                          [vdso]
ffffffffff600000-ffffffffff601000 --xp 00000000 00:00 0                  [vsyscall]

VM Arguments:
jvm_args: -Xbootclasspath/a:/usr/local/java/jdk1.8.0_301/jre/lib/rt.jar -Xverify:none 
java_command: org.eclipse.core.runtime.adaptor.EclipseStarter -debug
java_class_path (initial): ./sootOutput/eclipse/
Launcher Type: SUN_STANDARD

Logging:
Log output configuration:
#0: stdout all=warning uptime,level,tags
#1: stderr all=off uptime,level,tags

Environment Variables:
JAVA_HOME=/root/oracle/jdk-9.0.4
JRE_HOME=/root/oracle/jdk-9.0.4
CLASSPATH=.:/root/oracle/jdk-9.0.4/lib:/JVMfuzzing/htm/CFSynthesis/resource/commons-lang3-3.12.0/commons-lang3-3.12.0.jar
PATH=/root/oracle/jdk-9.0.4/bin:/root/.vscode-server/bin/da76f93349a72022ca4670c1b84860304616aaa2/bin/remote-cli:/root/oracle/jdk-9.0.4/bin:/usr/local/sbin:/usr/local/bin:/usr/sbin:/usr/bin:/sbin:/bin:/usr/games:/usr/local/games:/snap/bin
SHELL=/bin/bash

Signal Handlers:
SIGSEGV: [libjvm.so+0xd4d370], sa_mask[0]=11111111011111111101111111111110, sa_flags=SA_RESTART|SA_SIGINFO
SIGBUS: [libjvm.so+0xd4d370], sa_mask[0]=11111111011111111101111111111110, sa_flags=SA_RESTART|SA_SIGINFO
SIGFPE: [libjvm.so+0xd4d370], sa_mask[0]=11111111011111111101111111111110, sa_flags=SA_RESTART|SA_SIGINFO
SIGPIPE: [libjvm.so+0xb64780], sa_mask[0]=11111111011111111101111111111110, sa_flags=SA_RESTART|SA_SIGINFO
SIGXFSZ: [libjvm.so+0xb64780], sa_mask[0]=11111111011111111101111111111110, sa_flags=SA_RESTART|SA_SIGINFO
SIGILL: [libjvm.so+0xd4d370], sa_mask[0]=11111111011111111101111111111110, sa_flags=SA_RESTART|SA_SIGINFO
SIGUSR2: [libjvm.so+0xb64640], sa_mask[0]=00100000000000000000000000000000, sa_flags=SA_RESTART|SA_SIGINFO
SIGHUP: [libjvm.so+0xb64850], sa_mask[0]=11111111011111111101111111111110, sa_flags=SA_RESTART|SA_SIGINFO
SIGINT: [libjvm.so+0xb64850], sa_mask[0]=11111111011111111101111111111110, sa_flags=SA_RESTART|SA_SIGINFO
SIGTERM: [libjvm.so+0xb64850], sa_mask[0]=11111111011111111101111111111110, sa_flags=SA_RESTART|SA_SIGINFO
SIGQUIT: [libjvm.so+0xb64850], sa_mask[0]=11111111011111111101111111111110, sa_flags=SA_RESTART|SA_SIGINFO


---------------  S Y S T E M  ---------------

OS:DISTRIB_ID=Ubuntu
DISTRIB_RELEASE=20.04
DISTRIB_CODENAME=focal
DISTRIB_DESCRIPTION="Ubuntu 20.04.3 LTS"
uname:Linux 5.4.0-124-generic #140~18.04.1-Ubuntu SMP Fri Aug 5 11:43:34 UTC 2022 x86_64
libc:glibc 2.31 NPTL 2.31 
rlimit: STACK 8192k, CORE infinity, NPROC infinity, NOFILE 1048576, AS infinity
load average:41.45 40.72 39.37

/proc/meminfo:
MemTotal:       65549624 kB
MemFree:         6374756 kB
MemAvailable:   33413056 kB
Buffers:         5872660 kB
Cached:          3658788 kB
SwapCached:         8092 kB
Active:         32553436 kB
Inactive:        6435888 kB
Active(anon):   25460268 kB
Inactive(anon):  4018444 kB
Active(file):    7093168 kB
Inactive(file):  2417444 kB
Unevictable:          16 kB
Mlocked:              16 kB
SwapTotal:       2097148 kB
SwapFree:              0 kB
Dirty:             42504 kB
Writeback:             0 kB
AnonPages:      29449876 kB
Mapped:           854648 kB
Shmem:             25608 kB
KReclaimable:   18259612 kB
Slab:           19429848 kB
SReclaimable:   18259612 kB
SUnreclaim:      1170236 kB
KernelStack:       80024 kB
PageTables:       242032 kB
NFS_Unstable:          0 kB
Bounce:                0 kB
WritebackTmp:          0 kB
CommitLimit:    34871960 kB
Committed_AS:   85275336 kB
VmallocTotal:   34359738367 kB
VmallocUsed:      162720 kB
VmallocChunk:          0 kB
Percpu:            32512 kB
HardwareCorrupted:     0 kB
AnonHugePages:         0 kB
ShmemHugePages:        0 kB
ShmemPmdMapped:        0 kB
FileHugePages:         0 kB
FilePmdMapped:         0 kB
CmaTotal:              0 kB
CmaFree:               0 kB
HugePages_Total:       0
HugePages_Free:        0
HugePages_Rsvd:        0
HugePages_Surp:        0
Hugepagesize:       2048 kB
Hugetlb:               0 kB
DirectMap4k:    15497632 kB
DirectMap2M:    51298304 kB
DirectMap1G:           0 kB


CPU:total 28 (initial active 28) (14 cores per cpu, 2 threads per core) family 6 model 85 stepping 4, cmov, cx8, fxsr, mmx, sse, sse2, sse3, ssse3, sse4.1, sse4.2, popcnt, avx, avx2, aes, clmul, erms, rtm, 3dnowpref, lzcnt, ht, tsc, tscinvbit, bmi1, bmi2, adx, fma
CPU Model and flags from /proc/cpuinfo:
model name	: Intel(R) Core(TM) i9-9940X CPU @ 3.30GHz
flags		: fpu vme de pse tsc msr pae mce cx8 apic sep mtrr pge mca cmov pat pse36 clflush dts acpi mmx fxsr sse sse2 ss ht tm pbe syscall nx pdpe1gb rdtscp lm constant_tsc art arch_perfmon pebs bts rep_good nopl xtopology nonstop_tsc cpuid aperfmperf pni pclmulqdq dtes64 monitor ds_cpl vmx est tm2 ssse3 sdbg fma cx16 xtpr pdcm pcid dca sse4_1 sse4_2 x2apic movbe popcnt tsc_deadline_timer aes xsave avx f16c rdrand lahf_lm abm 3dnowprefetch cpuid_fault epb cat_l3 cdp_l3 invpcid_single pti ssbd mba ibrs ibpb stibp tpr_shadow vnmi flexpriority ept vpid ept_ad fsgsbase tsc_adjust bmi1 hle avx2 smep bmi2 erms invpcid rtm cqm mpx rdt_a avx512f avx512dq rdseed adx smap clflushopt clwb intel_pt avx512cd avx512bw avx512vl xsaveopt xsavec xgetbv1 xsaves cqm_llc cqm_occup_llc cqm_mbm_total cqm_mbm_local dtherm ida arat pln pts hwp hwp_act_window hwp_epp hwp_pkg_req md_clear flush_l1d arch_capabilities

Memory: 4k page, physical 65549624k(6374756k free), swap 2097148k(0k free)

vm_info: Java HotSpot(TM) 64-Bit Server VM (9.0.4+11) for linux-amd64 JRE (9.0.4+11), built on Dec 19 2017 18:12:19 by "mach5one" with gcc 4.9.2

END.
