#
# A fatal error has been detected by the Java Runtime Environment:
#
#  SIGSEGV (0xb) at pc=0x00007f8fec85e9ac, pid=14838, tid=14901
#
# JRE version: Java(TM) SE Runtime Environment (9.0+11) (build 9.0.4+11)
# Java VM: Java HotSpot(TM) 64-Bit Server VM (9.0.4+11, mixed mode, tiered, compressed oops, g1 gc, linux-amd64)
# Problematic frame:
# V  [libjvm.so+0x4ad9ac]  GraphBuilder::try_inline_full(ciMethod*, bool, bool, Bytecodes::Code, Instruction*)+0x44c
#
# Core dump will be written. Default location: Core dumps may be processed with "/usr/share/apport/apport -p%p -s%s -c%c -d%d -P%P -u%u -g%g -- %E" (or dumping to /JVMfuzzing/zjy/classming/Fuzzing-Testing-of-JVM-Implementations/core.14838)
#
# If you would like to submit a bug report, please visit:
#   http://bugreport.java.com/bugreport/crash.jsp
#

---------------  S U M M A R Y ------------

Command Line: -Xbootclasspath/a:/usr/local/java/jdk1.8.0_301/jre/lib/rt.jar -Xverify:none org.eclipse.core.runtime.adaptor.EclipseStarter -debug

Host: Intel(R) Core(TM) i9-9940X CPU @ 3.30GHz, 28 cores, 62G, Ubuntu 20.04.3 LTS
Time: Thu Nov  3 08:59:21 2022 UTC elapsed time: 2 seconds (0d 0h 0m 2s)

---------------  T H R E A D  ---------------

Current thread (0x00007f8fe82bd800):  JavaThread "C1 CompilerThread9" daemon [_thread_in_native, id=14901, stack(0x00007f8ee49f1000,0x00007f8ee4af2000)]


Current CompileTask:
C1:   2143  281 %     3       org.eclipse.core.runtime.adaptor.EclipseStarter::main @ 30 (348 bytes)

Stack: [0x00007f8ee49f1000,0x00007f8ee4af2000],  sp=0x00007f8ee4af00b0,  free space=1020k
Native frames: (J=compiled Java code, A=aot compiled Java code, j=interpreted, Vv=VM code, C=native code)
V  [libjvm.so+0x4ad9ac]  GraphBuilder::try_inline_full(ciMethod*, bool, bool, Bytecodes::Code, Instruction*)+0x44c
V  [libjvm.so+0x4ae2fc]  GraphBuilder::try_inline(ciMethod*, bool, bool, Bytecodes::Code, Instruction*)+0x1dc
V  [libjvm.so+0x4aee6d]  GraphBuilder::invoke(Bytecodes::Code)+0x3ed
V  [libjvm.so+0x4b163e]  GraphBuilder::iterate_bytecodes_for_block(int)+0x1c4e
V  [libjvm.so+0x4b1ad5]  GraphBuilder::iterate_all_blocks(bool)+0x85
V  [libjvm.so+0x4b1ec9]  GraphBuilder::GraphBuilder(Compilation*, IRScope*)+0x389
V  [libjvm.so+0x4b70a8]  IR::IR(Compilation*, ciMethod*, int)+0x1e8
V  [libjvm.so+0x497832]  Compilation::build_hir() [clone .part.93]+0x162
V  [libjvm.so+0x499633]  Compilation::compile_java_method()+0x3c3
V  [libjvm.so+0x4997af]  Compilation::compile_method()+0x12f
V  [libjvm.so+0x499c31]  Compilation::Compilation(AbstractCompiler*, ciEnv*, ciMethod*, int, BufferBlob*, DirectiveSet*)+0x271
V  [libjvm.so+0x49ac1e]  Compiler::compile_method(ciEnv*, ciMethod*, int, DirectiveSet*)+0xae
V  [libjvm.so+0x6125ac]  CompileBroker::invoke_compiler_on_method(CompileTask*)+0x41c
V  [libjvm.so+0x61344b]  CompileBroker::compiler_thread_loop()+0x28b
V  [libjvm.so+0xcef338]  JavaThread::thread_main_inner()+0xd8
V  [libjvm.so+0xb6e132]  thread_native_entry(Thread*)+0xf2
C  [libpthread.so.0+0x9609]  start_thread+0xd9


siginfo: si_signo: 11 (SIGSEGV), si_code: 1 (SEGV_MAPERR), si_addr: 0x0000000000000018

Register to memory mapping:

RAX=0x00007f8ebc1338b0 is an unknown value
RBX=0x00007f8ee4af0460 is pointing into the stack for thread: 0x00007f8fe82bd800
RCX=0x0000000000000000 is an unknown value
RDX=0x0000000000000000 is an unknown value
RSP=0x00007f8ee4af00b0 is pointing into the stack for thread: 0x00007f8fe82bd800
RBP=0x00007f8ee4af0130 is pointing into the stack for thread: 0x00007f8fe82bd800
RSI=0x0000000000000000 is an unknown value
RDI=0x00007f8ee4af0460 is pointing into the stack for thread: 0x00007f8fe82bd800
R8 =0x0000000000000000 is an unknown value
R9 =0x00007f8ebc133060 is an unknown value
R10=0x000000000000000c is an unknown value
R11=0x0000000000000001 is an unknown value
R12=0x00007f8ec802ef40 is an unknown value
R13=0x0000000000000000 is an unknown value
R14=0x0000000000000000 is an unknown value
R15=0x0000000000000001 is an unknown value


Registers:
RAX=0x00007f8ebc1338b0, RBX=0x00007f8ee4af0460, RCX=0x0000000000000000, RDX=0x0000000000000000
RSP=0x00007f8ee4af00b0, RBP=0x00007f8ee4af0130, RSI=0x0000000000000000, RDI=0x00007f8ee4af0460
R8 =0x0000000000000000, R9 =0x00007f8ebc133060, R10=0x000000000000000c, R11=0x0000000000000001
R12=0x00007f8ec802ef40, R13=0x0000000000000000, R14=0x0000000000000000, R15=0x0000000000000001
RIP=0x00007f8fec85e9ac, EFLAGS=0x0000000000010246, CSGSFS=0x002b000000000033, ERR=0x0000000000000004
  TRAPNO=0x000000000000000e

Top of Stack: (sp=0x00007f8ee4af00b0)
0x00007f8ee4af00b0:   00007f8fed6fa4cc 00007f8ee4af00e0
0x00007f8ee4af00c0:   00000000e4af0130 00007f8ebc1339d0
0x00007f8ee4af00d0:   00007f8ec80582a0 00007f8ebc1338b0
0x00007f8ee4af00e0:   00000000000000bf 00007f8ebc132dc0 

Instructions: (pc=0x00007f8fec85e9ac)
0x00007f8fec85e98c:   40 08 44 39 68 38 7e 3f 48 8b 50 50 49 63 f0 44
0x00007f8fec85e99c:   89 c1 44 29 e9 48 89 df 48 89 45 a8 48 8b 14 f2
0x00007f8fec85e9ac:   48 8b 72 18 44 03 46 08 48 8b 75 98 44 89 45 b0
0x00007f8fec85e9bc:   44 89 45 88 e8 3b 36 ff ff 48 8b 45 a8 44 8b 45 


---------------  P R O C E S S  ---------------

Java Threads: ( => current thread )
  0x00007f8fe8371800 JavaThread "Service Thread" daemon [_thread_blocked, id=14906, stack(0x00007f8ee40c4000,0x00007f8ee41c5000)]
  0x00007f8fe82d1800 JavaThread "Common-Cleaner" daemon [_thread_blocked, id=14905, stack(0x00007f8ee41c5000,0x00007f8ee42c6000)]
  0x00007f8fe82c3000 JavaThread "Sweeper thread" daemon [_thread_blocked, id=14904, stack(0x00007f8ee46ee000,0x00007f8ee47ef000)]
  0x00007f8fe82c1000 JavaThread "C1 CompilerThread11" daemon [_thread_blocked, id=14903, stack(0x00007f8ee47ef000,0x00007f8ee48f0000)]
  0x00007f8fe82bf800 JavaThread "C1 CompilerThread10" daemon [_thread_blocked, id=14902, stack(0x00007f8ee48f0000,0x00007f8ee49f1000)]
=>0x00007f8fe82bd800 JavaThread "C1 CompilerThread9" daemon [_thread_in_native, id=14901, stack(0x00007f8ee49f1000,0x00007f8ee4af2000)]
  0x00007f8fe82bb800 JavaThread "C1 CompilerThread8" daemon [_thread_blocked, id=14900, stack(0x00007f8ee4af2000,0x00007f8ee4bf3000)]
  0x00007f8fe82ba000 JavaThread "C2 CompilerThread7" daemon [_thread_blocked, id=14899, stack(0x00007f8ee4bf3000,0x00007f8ee4cf4000)]
  0x00007f8fe82b8000 JavaThread "C2 CompilerThread6" daemon [_thread_blocked, id=14898, stack(0x00007f8ee4cf4000,0x00007f8ee4df5000)]
  0x00007f8fe82b6800 JavaThread "C2 CompilerThread5" daemon [_thread_blocked, id=14897, stack(0x00007f8ee4df5000,0x00007f8ee4ef6000)]
  0x00007f8fe82b4800 JavaThread "C2 CompilerThread4" daemon [_thread_blocked, id=14896, stack(0x00007f8ee4ef6000,0x00007f8ee4ff7000)]
  0x00007f8fe82b3000 JavaThread "C2 CompilerThread3" daemon [_thread_blocked, id=14895, stack(0x00007f8ee4ff7000,0x00007f8ee50f8000)]
  0x00007f8fe82b1000 JavaThread "C2 CompilerThread2" daemon [_thread_blocked, id=14894, stack(0x00007f8ee50f8000,0x00007f8ee51f9000)]
  0x00007f8fe82af000 JavaThread "C2 CompilerThread1" daemon [_thread_blocked, id=14893, stack(0x00007f8ee51f9000,0x00007f8ee52fa000)]
  0x00007f8fe82ad000 JavaThread "C2 CompilerThread0" daemon [_thread_blocked, id=14892, stack(0x00007f8ee52fa000,0x00007f8ee53fb000)]
  0x00007f8fe82ab000 JavaThread "Signal Dispatcher" daemon [_thread_blocked, id=14891, stack(0x00007f8ee53fb000,0x00007f8ee54fc000)]
  0x00007f8fe8291000 JavaThread "Finalizer" daemon [_thread_blocked, id=14890, stack(0x00007f8ee54fc000,0x00007f8ee55fd000)]
  0x00007f8fe8288800 JavaThread "Reference Handler" daemon [_thread_blocked, id=14889, stack(0x00007f8ee55fd000,0x00007f8ee56fe000)]
  0x00007f8fe8011800 JavaThread "main" [_thread_in_Java, id=14840, stack(0x00007f8fec163000,0x00007f8fec262000)]

Other Threads:
  0x00007f8fe8281000 VMThread "VM Thread" [stack: 0x00007f8ee5700000,0x00007f8ee5800000] [id=14888]
  0x00007f8fe8374000 WatcherThread [stack: 0x00007f8e93f00000,0x00007f8e94000000] [id=14907]
  0x00007f8fe8034000 GCTaskThread "GC Thread#0" [stack: 0x00007f8fcce26000,0x00007f8fccf26000] [id=14841]
  0x00007f8fe8035800 GCTaskThread "GC Thread#1" [stack: 0x00007f8fccd24000,0x00007f8fcce24000] [id=14842]
  0x00007f8fe8037000 GCTaskThread "GC Thread#2" [stack: 0x00007f8fccc22000,0x00007f8fccd22000] [id=14843]
  0x00007f8fe8039000 GCTaskThread "GC Thread#3" [stack: 0x00007f8fccb20000,0x00007f8fccc20000] [id=14844]
  0x00007f8fe803a800 GCTaskThread "GC Thread#4" [stack: 0x00007f8fcca1e000,0x00007f8fccb1e000] [id=14845]
  0x00007f8fe803c800 GCTaskThread "GC Thread#5" [stack: 0x00007f8fcc91c000,0x00007f8fcca1c000] [id=14846]
  0x00007f8fe803e000 GCTaskThread "GC Thread#6" [stack: 0x00007f8fcc81a000,0x00007f8fcc91a000] [id=14847]
  0x00007f8fe803f800 GCTaskThread "GC Thread#7" [stack: 0x00007f8fcc718000,0x00007f8fcc818000] [id=14848]
  0x00007f8fe8041800 GCTaskThread "GC Thread#8" [stack: 0x00007f8fcc616000,0x00007f8fcc716000] [id=14849]
  0x00007f8fe8043000 GCTaskThread "GC Thread#9" [stack: 0x00007f8fcc514000,0x00007f8fcc614000] [id=14850]
  0x00007f8fe8045000 GCTaskThread "GC Thread#10" [stack: 0x00007f8fcc412000,0x00007f8fcc512000] [id=14851]
  0x00007f8fe8046800 GCTaskThread "GC Thread#11" [stack: 0x00007f8fcc310000,0x00007f8fcc410000] [id=14852]
  0x00007f8fe8048800 GCTaskThread "GC Thread#12" [stack: 0x00007f8fcc20e000,0x00007f8fcc30e000] [id=14853]
  0x00007f8fe804a000 GCTaskThread "GC Thread#13" [stack: 0x00007f8fcc10c000,0x00007f8fcc20c000] [id=14854]
  0x00007f8fe804c000 GCTaskThread "GC Thread#14" [stack: 0x00007f8fcc00a000,0x00007f8fcc10a000] [id=14855]
  0x00007f8fe804d800 GCTaskThread "GC Thread#15" [stack: 0x00007f8f8ff00000,0x00007f8f90000000] [id=14856]
  0x00007f8fe804f800 GCTaskThread "GC Thread#16" [stack: 0x00007f8f8fdfe000,0x00007f8f8fefe000] [id=14857]
  0x00007f8fe8051000 GCTaskThread "GC Thread#17" [stack: 0x00007f8f8fcfc000,0x00007f8f8fdfc000] [id=14858]
  0x00007f8fe8052800 GCTaskThread "GC Thread#18" [stack: 0x00007f8f8fbfa000,0x00007f8f8fcfa000] [id=14859]
  0x00007f8fe8054800 GCTaskThread "GC Thread#19" [stack: 0x00007f8f8faf8000,0x00007f8f8fbf8000] [id=14860]
  0x00007f8fe809f800 ConcurrentGCThread "G1 Main Marker" [stack: 0x00007f8f8cbcd000,0x00007f8f8cccd000] [id=14882]
  0x00007f8fe80a1000 ConcurrentGCThread "G1 Marker#0" [stack: 0x00007f8f8cacb000,0x00007f8f8cbcb000] [id=14883]
  0x00007f8fe80a3000 ConcurrentGCThread "G1 Marker#1" [stack: 0x00007f8f8c9c9000,0x00007f8f8cac9000] [id=14884]
  0x00007f8fe80a4800 ConcurrentGCThread "G1 Marker#2" [stack: 0x00007f8f8c8c7000,0x00007f8f8c9c7000] [id=14885]
  0x00007f8fe80a6800 ConcurrentGCThread "G1 Marker#3" [stack: 0x00007f8f8c7c5000,0x00007f8f8c8c5000] [id=14886]
  0x00007f8fe80a8000 ConcurrentGCThread "G1 Marker#4" [stack: 0x00007f8f8c6c3000,0x00007f8f8c7c3000] [id=14887]
  0x00007f8fe8079000 ConcurrentGCThread "G1 Refine#0" [stack: 0x00007f8f8d2bc000,0x00007f8f8d3bc000] [id=14880]
  0x00007f8fe8077000 ConcurrentGCThread "G1 Refine#1" [stack: 0x00007f8f8d3be000,0x00007f8f8d4be000] [id=14879]
  0x00007f8fe8075000 ConcurrentGCThread "G1 Refine#2" [stack: 0x00007f8f8d4c0000,0x00007f8f8d5c0000] [id=14878]
  0x00007f8fe8073800 ConcurrentGCThread "G1 Refine#3" [stack: 0x00007f8f8d5c2000,0x00007f8f8d6c2000] [id=14877]
  0x00007f8fe8071800 ConcurrentGCThread "G1 Refine#4" [stack: 0x00007f8f8d6c4000,0x00007f8f8d7c4000] [id=14876]
  0x00007f8fe8070000 ConcurrentGCThread "G1 Refine#5" [stack: 0x00007f8f8d7c6000,0x00007f8f8d8c6000] [id=14875]
  0x00007f8fe806e000 ConcurrentGCThread "G1 Refine#6" [stack: 0x00007f8f8d8c8000,0x00007f8f8d9c8000] [id=14874]
  0x00007f8fe806c800 ConcurrentGCThread "G1 Refine#7" [stack: 0x00007f8f8d9ca000,0x00007f8f8daca000] [id=14873]
  0x00007f8fe806a800 ConcurrentGCThread "G1 Refine#8" [stack: 0x00007f8f8dacc000,0x00007f8f8dbcc000] [id=14872]
  0x00007f8fe8069000 ConcurrentGCThread "G1 Refine#9" [stack: 0x00007f8f8dbce000,0x00007f8f8dcce000] [id=14871]
  0x00007f8fe8067000 ConcurrentGCThread "G1 Refine#10" [stack: 0x00007f8f8dcd0000,0x00007f8f8ddd0000] [id=14870]
  0x00007f8fe8065000 ConcurrentGCThread "G1 Refine#11" [stack: 0x00007f8f8ddd2000,0x00007f8f8ded2000] [id=14869]
  0x00007f8fe8063800 ConcurrentGCThread "G1 Refine#12" [stack: 0x00007f8f8ded4000,0x00007f8f8dfd4000] [id=14868]
  0x00007f8fe8061800 ConcurrentGCThread "G1 Refine#13" [stack: 0x00007f8f8dfd6000,0x00007f8f8e0d6000] [id=14867]
  0x00007f8fe8060000 ConcurrentGCThread "G1 Refine#14" [stack: 0x00007f8f8e0d8000,0x00007f8f8e1d8000] [id=14866]
  0x00007f8fe805e000 ConcurrentGCThread "G1 Refine#15" [stack: 0x00007f8f8e1da000,0x00007f8f8e2da000] [id=14865]
  0x00007f8fe805c800 ConcurrentGCThread "G1 Refine#16" [stack: 0x00007f8f8e2dc000,0x00007f8f8e3dc000] [id=14864]
  0x00007f8fe805a800 ConcurrentGCThread "G1 Refine#17" [stack: 0x00007f8f8e3de000,0x00007f8f8e4de000] [id=14863]
  0x00007f8fe8059000 ConcurrentGCThread "G1 Refine#18" [stack: 0x00007f8f8e4e0000,0x00007f8f8e5e0000] [id=14862]
  0x00007f8fe8057000 ConcurrentGCThread "G1 Refine#19" [stack: 0x00007f8f8e5e2000,0x00007f8f8e6e2000] [id=14861]
  0x00007f8fe807a800 ConcurrentGCThread "G1 Young RemSet Sampling" [stack: 0x00007f8f8d1ba000,0x00007f8f8d2ba000] [id=14881]

Threads with active compile tasks:
C1 CompilerThread9 281 %     3       org.eclipse.core.runtime.adaptor.EclipseStarter::main @ 30 (348 bytes)

VM state:not at safepoint (normal execution)

VM Mutex/Monitor currently owned by a thread: None

Heap address: 0x00000003d7c00000, size: 16004 MB, Compressed Oops mode: Zero based, Oop shift amount: 3
Narrow klass base: 0x0000000000000000, Narrow klass shift: 3
Compressed class space size: 1073741824 Address: 0x00000007c0000000

Heap:
 garbage-first heap   total 1028096K, used 13182K [0x00000003d7c00000, 0x00000003d80007d8, 0x00000007c0000000)
  region size 4096K, 5 young (20480K), 1 survivors (4096K)
 Metaspace       used 4317K, capacity 4616K, committed 4864K, reserved 1056768K
  class space    used 356K, capacity 388K, committed 512K, reserved 1048576K
Heap Regions: E=young(eden), S=young(survivor), O=old, HS=humongous(starts), HC=humongous(continues), CS=collection set, F=free, A=archive, TS=gc time stamp, AC=allocation context, TAMS=top-at-mark-start (previous, next)
|   0|0x00000003d7c00000, 0x00000003d7c00000, 0x00000003d8000000|  0%| F|  |TS  0|AC  0|TAMS 0x00000003d7c00000, 0x00000003d7c00000|
|   1|0x00000003d8000000, 0x00000003d8000000, 0x00000003d8400000|  0%| F|  |TS  0|AC  0|TAMS 0x00000003d8000000, 0x00000003d8000000|
|   2|0x00000003d8400000, 0x00000003d8400000, 0x00000003d8800000|  0%| F|  |TS  0|AC  0|TAMS 0x00000003d8400000, 0x00000003d8400000|
|   3|0x00000003d8800000, 0x00000003d8800000, 0x00000003d8c00000|  0%| F|  |TS  0|AC  0|TAMS 0x00000003d8800000, 0x00000003d8800000|
|   4|0x00000003d8c00000, 0x00000003d8c00000, 0x00000003d9000000|  0%| F|  |TS  0|AC  0|TAMS 0x00000003d8c00000, 0x00000003d8c00000|
|   5|0x00000003d9000000, 0x00000003d9000000, 0x00000003d9400000|  0%| F|  |TS  0|AC  0|TAMS 0x00000003d9000000, 0x00000003d9000000|
|   6|0x00000003d9400000, 0x00000003d9400000, 0x00000003d9800000|  0%| F|  |TS  0|AC  0|TAMS 0x00000003d9400000, 0x00000003d9400000|
|   7|0x00000003d9800000, 0x00000003d9800000, 0x00000003d9c00000|  0%| F|  |TS  0|AC  0|TAMS 0x00000003d9800000, 0x00000003d9800000|
|   8|0x00000003d9c00000, 0x00000003d9c00000, 0x00000003da000000|  0%| F|  |TS  0|AC  0|TAMS 0x00000003d9c00000, 0x00000003d9c00000|
|   9|0x00000003da000000, 0x00000003da000000, 0x00000003da400000|  0%| F|  |TS  0|AC  0|TAMS 0x00000003da000000, 0x00000003da000000|
|  10|0x00000003da400000, 0x00000003da400000, 0x00000003da800000|  0%| F|  |TS  0|AC  0|TAMS 0x00000003da400000, 0x00000003da400000|
|  11|0x00000003da800000, 0x00000003da800000, 0x00000003dac00000|  0%| F|  |TS  0|AC  0|TAMS 0x00000003da800000, 0x00000003da800000|
|  12|0x00000003dac00000, 0x00000003dac00000, 0x00000003db000000|  0%| F|  |TS  0|AC  0|TAMS 0x00000003dac00000, 0x00000003dac00000|
|  13|0x00000003db000000, 0x00000003db000000, 0x00000003db400000|  0%| F|  |TS  0|AC  0|TAMS 0x00000003db000000, 0x00000003db000000|
|  14|0x00000003db400000, 0x00000003db400000, 0x00000003db800000|  0%| F|  |TS  0|AC  0|TAMS 0x00000003db400000, 0x00000003db400000|
|  15|0x00000003db800000, 0x00000003db800000, 0x00000003dbc00000|  0%| F|  |TS  0|AC  0|TAMS 0x00000003db800000, 0x00000003db800000|
|  16|0x00000003dbc00000, 0x00000003dbc00000, 0x00000003dc000000|  0%| F|  |TS  0|AC  0|TAMS 0x00000003dbc00000, 0x00000003dbc00000|
|  17|0x00000003dc000000, 0x00000003dc000000, 0x00000003dc400000|  0%| F|  |TS  0|AC  0|TAMS 0x00000003dc000000, 0x00000003dc000000|
|  18|0x00000003dc400000, 0x00000003dc400000, 0x00000003dc800000|  0%| F|  |TS  0|AC  0|TAMS 0x00000003dc400000, 0x00000003dc400000|
|  19|0x00000003dc800000, 0x00000003dc800000, 0x00000003dcc00000|  0%| F|  |TS  0|AC  0|TAMS 0x00000003dc800000, 0x00000003dc800000|
|  20|0x00000003dcc00000, 0x00000003dcc00000, 0x00000003dd000000|  0%| F|  |TS  0|AC  0|TAMS 0x00000003dcc00000, 0x00000003dcc00000|
|  21|0x00000003dd000000, 0x00000003dd000000, 0x00000003dd400000|  0%| F|  |TS  0|AC  0|TAMS 0x00000003dd000000, 0x00000003dd000000|
|  22|0x00000003dd400000, 0x00000003dd400000, 0x00000003dd800000|  0%| F|  |TS  0|AC  0|TAMS 0x00000003dd400000, 0x00000003dd400000|
|  23|0x00000003dd800000, 0x00000003dd800000, 0x00000003ddc00000|  0%| F|  |TS  0|AC  0|TAMS 0x00000003dd800000, 0x00000003dd800000|
|  24|0x00000003ddc00000, 0x00000003ddc00000, 0x00000003de000000|  0%| F|  |TS  0|AC  0|TAMS 0x00000003ddc00000, 0x00000003ddc00000|
|  25|0x00000003de000000, 0x00000003de000000, 0x00000003de400000|  0%| F|  |TS  0|AC  0|TAMS 0x00000003de000000, 0x00000003de000000|
|  26|0x00000003de400000, 0x00000003de400000, 0x00000003de800000|  0%| F|  |TS  0|AC  0|TAMS 0x00000003de400000, 0x00000003de400000|
|  27|0x00000003de800000, 0x00000003de800000, 0x00000003dec00000|  0%| F|  |TS  0|AC  0|TAMS 0x00000003de800000, 0x00000003de800000|
|  28|0x00000003dec00000, 0x00000003dec00000, 0x00000003df000000|  0%| F|  |TS  0|AC  0|TAMS 0x00000003dec00000, 0x00000003dec00000|
|  29|0x00000003df000000, 0x00000003df000000, 0x00000003df400000|  0%| F|  |TS  0|AC  0|TAMS 0x00000003df000000, 0x00000003df000000|
|  30|0x00000003df400000, 0x00000003df400000, 0x00000003df800000|  0%| F|  |TS  0|AC  0|TAMS 0x00000003df400000, 0x00000003df400000|
|  31|0x00000003df800000, 0x00000003df800000, 0x00000003dfc00000|  0%| F|  |TS  0|AC  0|TAMS 0x00000003df800000, 0x00000003df800000|
|  32|0x00000003dfc00000, 0x00000003dfc00000, 0x00000003e0000000|  0%| F|  |TS  0|AC  0|TAMS 0x00000003dfc00000, 0x00000003dfc00000|
|  33|0x00000003e0000000, 0x00000003e0000000, 0x00000003e0400000|  0%| F|  |TS  0|AC  0|TAMS 0x00000003e0000000, 0x00000003e0000000|
|  34|0x00000003e0400000, 0x00000003e0400000, 0x00000003e0800000|  0%| F|  |TS  0|AC  0|TAMS 0x00000003e0400000, 0x00000003e0400000|
|  35|0x00000003e0800000, 0x00000003e0800000, 0x00000003e0c00000|  0%| F|  |TS  0|AC  0|TAMS 0x00000003e0800000, 0x00000003e0800000|
|  36|0x00000003e0c00000, 0x00000003e0c00000, 0x00000003e1000000|  0%| F|  |TS  0|AC  0|TAMS 0x00000003e0c00000, 0x00000003e0c00000|
|  37|0x00000003e1000000, 0x00000003e1000000, 0x00000003e1400000|  0%| F|  |TS  0|AC  0|TAMS 0x00000003e1000000, 0x00000003e1000000|
|  38|0x00000003e1400000, 0x00000003e1400000, 0x00000003e1800000|  0%| F|  |TS  0|AC  0|TAMS 0x00000003e1400000, 0x00000003e1400000|
|  39|0x00000003e1800000, 0x00000003e1800000, 0x00000003e1c00000|  0%| F|  |TS  0|AC  0|TAMS 0x00000003e1800000, 0x00000003e1800000|
|  40|0x00000003e1c00000, 0x00000003e1c00000, 0x00000003e2000000|  0%| F|  |TS  0|AC  0|TAMS 0x00000003e1c00000, 0x00000003e1c00000|
|  41|0x00000003e2000000, 0x00000003e2000000, 0x00000003e2400000|  0%| F|  |TS  0|AC  0|TAMS 0x00000003e2000000, 0x00000003e2000000|
|  42|0x00000003e2400000, 0x00000003e2400000, 0x00000003e2800000|  0%| F|  |TS  0|AC  0|TAMS 0x00000003e2400000, 0x00000003e2400000|
|  43|0x00000003e2800000, 0x00000003e2800000, 0x00000003e2c00000|  0%| F|  |TS  0|AC  0|TAMS 0x00000003e2800000, 0x00000003e2800000|
|  44|0x00000003e2c00000, 0x00000003e2c00000, 0x00000003e3000000|  0%| F|  |TS  0|AC  0|TAMS 0x00000003e2c00000, 0x00000003e2c00000|
|  45|0x00000003e3000000, 0x00000003e3000000, 0x00000003e3400000|  0%| F|  |TS  0|AC  0|TAMS 0x00000003e3000000, 0x00000003e3000000|
|  46|0x00000003e3400000, 0x00000003e3400000, 0x00000003e3800000|  0%| F|  |TS  0|AC  0|TAMS 0x00000003e3400000, 0x00000003e3400000|
|  47|0x00000003e3800000, 0x00000003e3800000, 0x00000003e3c00000|  0%| F|  |TS  0|AC  0|TAMS 0x00000003e3800000, 0x00000003e3800000|
|  48|0x00000003e3c00000, 0x00000003e3c00000, 0x00000003e4000000|  0%| F|  |TS  0|AC  0|TAMS 0x00000003e3c00000, 0x00000003e3c00000|
|  49|0x00000003e4000000, 0x00000003e4000000, 0x00000003e4400000|  0%| F|  |TS  0|AC  0|TAMS 0x00000003e4000000, 0x00000003e4000000|
|  50|0x00000003e4400000, 0x00000003e4400000, 0x00000003e4800000|  0%| F|  |TS  0|AC  0|TAMS 0x00000003e4400000, 0x00000003e4400000|
|  51|0x00000003e4800000, 0x00000003e4800000, 0x00000003e4c00000|  0%| F|  |TS  0|AC  0|TAMS 0x00000003e4800000, 0x00000003e4800000|
|  52|0x00000003e4c00000, 0x00000003e4c00000, 0x00000003e5000000|  0%| F|  |TS  0|AC  0|TAMS 0x00000003e4c00000, 0x00000003e4c00000|
|  53|0x00000003e5000000, 0x00000003e5000000, 0x00000003e5400000|  0%| F|  |TS  0|AC  0|TAMS 0x00000003e5000000, 0x00000003e5000000|
|  54|0x00000003e5400000, 0x00000003e5400000, 0x00000003e5800000|  0%| F|  |TS  0|AC  0|TAMS 0x00000003e5400000, 0x00000003e5400000|
|  55|0x00000003e5800000, 0x00000003e5800000, 0x00000003e5c00000|  0%| F|  |TS  0|AC  0|TAMS 0x00000003e5800000, 0x00000003e5800000|
|  56|0x00000003e5c00000, 0x00000003e5c00000, 0x00000003e6000000|  0%| F|  |TS  0|AC  0|TAMS 0x00000003e5c00000, 0x00000003e5c00000|
|  57|0x00000003e6000000, 0x00000003e6000000, 0x00000003e6400000|  0%| F|  |TS  0|AC  0|TAMS 0x00000003e6000000, 0x00000003e6000000|
|  58|0x00000003e6400000, 0x00000003e6400000, 0x00000003e6800000|  0%| F|  |TS  0|AC  0|TAMS 0x00000003e6400000, 0x00000003e6400000|
|  59|0x00000003e6800000, 0x00000003e6800000, 0x00000003e6c00000|  0%| F|  |TS  0|AC  0|TAMS 0x00000003e6800000, 0x00000003e6800000|
|  60|0x00000003e6c00000, 0x00000003e6c00000, 0x00000003e7000000|  0%| F|  |TS  0|AC  0|TAMS 0x00000003e6c00000, 0x00000003e6c00000|
|  61|0x00000003e7000000, 0x00000003e7000000, 0x00000003e7400000|  0%| F|  |TS  0|AC  0|TAMS 0x00000003e7000000, 0x00000003e7000000|
|  62|0x00000003e7400000, 0x00000003e7400000, 0x00000003e7800000|  0%| F|  |TS  0|AC  0|TAMS 0x00000003e7400000, 0x00000003e7400000|
|  63|0x00000003e7800000, 0x00000003e7800000, 0x00000003e7c00000|  0%| F|  |TS  0|AC  0|TAMS 0x00000003e7800000, 0x00000003e7800000|
|  64|0x00000003e7c00000, 0x00000003e7c00000, 0x00000003e8000000|  0%| F|  |TS  0|AC  0|TAMS 0x00000003e7c00000, 0x00000003e7c00000|
|  65|0x00000003e8000000, 0x00000003e8000000, 0x00000003e8400000|  0%| F|  |TS  0|AC  0|TAMS 0x00000003e8000000, 0x00000003e8000000|
|  66|0x00000003e8400000, 0x00000003e8400000, 0x00000003e8800000|  0%| F|  |TS  0|AC  0|TAMS 0x00000003e8400000, 0x00000003e8400000|
|  67|0x00000003e8800000, 0x00000003e8800000, 0x00000003e8c00000|  0%| F|  |TS  0|AC  0|TAMS 0x00000003e8800000, 0x00000003e8800000|
|  68|0x00000003e8c00000, 0x00000003e8c00000, 0x00000003e9000000|  0%| F|  |TS  0|AC  0|TAMS 0x00000003e8c00000, 0x00000003e8c00000|
|  69|0x00000003e9000000, 0x00000003e9000000, 0x00000003e9400000|  0%| F|  |TS  0|AC  0|TAMS 0x00000003e9000000, 0x00000003e9000000|
|  70|0x00000003e9400000, 0x00000003e9400000, 0x00000003e9800000|  0%| F|  |TS  0|AC  0|TAMS 0x00000003e9400000, 0x00000003e9400000|
|  71|0x00000003e9800000, 0x00000003e9800000, 0x00000003e9c00000|  0%| F|  |TS  0|AC  0|TAMS 0x00000003e9800000, 0x00000003e9800000|
|  72|0x00000003e9c00000, 0x00000003e9c00000, 0x00000003ea000000|  0%| F|  |TS  0|AC  0|TAMS 0x00000003e9c00000, 0x00000003e9c00000|
|  73|0x00000003ea000000, 0x00000003ea000000, 0x00000003ea400000|  0%| F|  |TS  0|AC  0|TAMS 0x00000003ea000000, 0x00000003ea000000|
|  74|0x00000003ea400000, 0x00000003ea400000, 0x00000003ea800000|  0%| F|  |TS  0|AC  0|TAMS 0x00000003ea400000, 0x00000003ea400000|
|  75|0x00000003ea800000, 0x00000003ea800000, 0x00000003eac00000|  0%| F|  |TS  0|AC  0|TAMS 0x00000003ea800000, 0x00000003ea800000|
|  76|0x00000003eac00000, 0x00000003eac00000, 0x00000003eb000000|  0%| F|  |TS  0|AC  0|TAMS 0x00000003eac00000, 0x00000003eac00000|
|  77|0x00000003eb000000, 0x00000003eb000000, 0x00000003eb400000|  0%| F|  |TS  0|AC  0|TAMS 0x00000003eb000000, 0x00000003eb000000|
|  78|0x00000003eb400000, 0x00000003eb400000, 0x00000003eb800000|  0%| F|  |TS  0|AC  0|TAMS 0x00000003eb400000, 0x00000003eb400000|
|  79|0x00000003eb800000, 0x00000003eb800000, 0x00000003ebc00000|  0%| F|  |TS  0|AC  0|TAMS 0x00000003eb800000, 0x00000003eb800000|
|  80|0x00000003ebc00000, 0x00000003ebc00000, 0x00000003ec000000|  0%| F|  |TS  0|AC  0|TAMS 0x00000003ebc00000, 0x00000003ebc00000|
|  81|0x00000003ec000000, 0x00000003ec000000, 0x00000003ec400000|  0%| F|  |TS  0|AC  0|TAMS 0x00000003ec000000, 0x00000003ec000000|
|  82|0x00000003ec400000, 0x00000003ec400000, 0x00000003ec800000|  0%| F|  |TS  0|AC  0|TAMS 0x00000003ec400000, 0x00000003ec400000|
|  83|0x00000003ec800000, 0x00000003ec800000, 0x00000003ecc00000|  0%| F|  |TS  0|AC  0|TAMS 0x00000003ec800000, 0x00000003ec800000|
|  84|0x00000003ecc00000, 0x00000003ecc00000, 0x00000003ed000000|  0%| F|  |TS  0|AC  0|TAMS 0x00000003ecc00000, 0x00000003ecc00000|
|  85|0x00000003ed000000, 0x00000003ed000000, 0x00000003ed400000|  0%| F|  |TS  0|AC  0|TAMS 0x00000003ed000000, 0x00000003ed000000|
|  86|0x00000003ed400000, 0x00000003ed400000, 0x00000003ed800000|  0%| F|  |TS  0|AC  0|TAMS 0x00000003ed400000, 0x00000003ed400000|
|  87|0x00000003ed800000, 0x00000003ed800000, 0x00000003edc00000|  0%| F|  |TS  0|AC  0|TAMS 0x00000003ed800000, 0x00000003ed800000|
|  88|0x00000003edc00000, 0x00000003edc00000, 0x00000003ee000000|  0%| F|  |TS  0|AC  0|TAMS 0x00000003edc00000, 0x00000003edc00000|
|  89|0x00000003ee000000, 0x00000003ee000000, 0x00000003ee400000|  0%| F|  |TS  0|AC  0|TAMS 0x00000003ee000000, 0x00000003ee000000|
|  90|0x00000003ee400000, 0x00000003ee400000, 0x00000003ee800000|  0%| F|  |TS  0|AC  0|TAMS 0x00000003ee400000, 0x00000003ee400000|
|  91|0x00000003ee800000, 0x00000003ee800000, 0x00000003eec00000|  0%| F|  |TS  0|AC  0|TAMS 0x00000003ee800000, 0x00000003ee800000|
|  92|0x00000003eec00000, 0x00000003eec00000, 0x00000003ef000000|  0%| F|  |TS  0|AC  0|TAMS 0x00000003eec00000, 0x00000003eec00000|
|  93|0x00000003ef000000, 0x00000003ef000000, 0x00000003ef400000|  0%| F|  |TS  0|AC  0|TAMS 0x00000003ef000000, 0x00000003ef000000|
|  94|0x00000003ef400000, 0x00000003ef400000, 0x00000003ef800000|  0%| F|  |TS  0|AC  0|TAMS 0x00000003ef400000, 0x00000003ef400000|
|  95|0x00000003ef800000, 0x00000003ef800000, 0x00000003efc00000|  0%| F|  |TS  0|AC  0|TAMS 0x00000003ef800000, 0x00000003ef800000|
|  96|0x00000003efc00000, 0x00000003efc00000, 0x00000003f0000000|  0%| F|  |TS  0|AC  0|TAMS 0x00000003efc00000, 0x00000003efc00000|
|  97|0x00000003f0000000, 0x00000003f0000000, 0x00000003f0400000|  0%| F|  |TS  0|AC  0|TAMS 0x00000003f0000000, 0x00000003f0000000|
|  98|0x00000003f0400000, 0x00000003f0400000, 0x00000003f0800000|  0%| F|  |TS  0|AC  0|TAMS 0x00000003f0400000, 0x00000003f0400000|
|  99|0x00000003f0800000, 0x00000003f0800000, 0x00000003f0c00000|  0%| F|  |TS  0|AC  0|TAMS 0x00000003f0800000, 0x00000003f0800000|
| 100|0x00000003f0c00000, 0x00000003f0c00000, 0x00000003f1000000|  0%| F|  |TS  0|AC  0|TAMS 0x00000003f0c00000, 0x00000003f0c00000|
| 101|0x00000003f1000000, 0x00000003f1000000, 0x00000003f1400000|  0%| F|  |TS  0|AC  0|TAMS 0x00000003f1000000, 0x00000003f1000000|
| 102|0x00000003f1400000, 0x00000003f1400000, 0x00000003f1800000|  0%| F|  |TS  0|AC  0|TAMS 0x00000003f1400000, 0x00000003f1400000|
| 103|0x00000003f1800000, 0x00000003f1800000, 0x00000003f1c00000|  0%| F|  |TS  0|AC  0|TAMS 0x00000003f1800000, 0x00000003f1800000|
| 104|0x00000003f1c00000, 0x00000003f1c00000, 0x00000003f2000000|  0%| F|  |TS  0|AC  0|TAMS 0x00000003f1c00000, 0x00000003f1c00000|
| 105|0x00000003f2000000, 0x00000003f2000000, 0x00000003f2400000|  0%| F|  |TS  0|AC  0|TAMS 0x00000003f2000000, 0x00000003f2000000|
| 106|0x00000003f2400000, 0x00000003f2400000, 0x00000003f2800000|  0%| F|  |TS  0|AC  0|TAMS 0x00000003f2400000, 0x00000003f2400000|
| 107|0x00000003f2800000, 0x00000003f2800000, 0x00000003f2c00000|  0%| F|  |TS  0|AC  0|TAMS 0x00000003f2800000, 0x00000003f2800000|
| 108|0x00000003f2c00000, 0x00000003f2c00000, 0x00000003f3000000|  0%| F|  |TS  0|AC  0|TAMS 0x00000003f2c00000, 0x00000003f2c00000|
| 109|0x00000003f3000000, 0x00000003f3000000, 0x00000003f3400000|  0%| F|  |TS  0|AC  0|TAMS 0x00000003f3000000, 0x00000003f3000000|
| 110|0x00000003f3400000, 0x00000003f3400000, 0x00000003f3800000|  0%| F|  |TS  0|AC  0|TAMS 0x00000003f3400000, 0x00000003f3400000|
| 111|0x00000003f3800000, 0x00000003f3800000, 0x00000003f3c00000|  0%| F|  |TS  0|AC  0|TAMS 0x00000003f3800000, 0x00000003f3800000|
| 112|0x00000003f3c00000, 0x00000003f3c00000, 0x00000003f4000000|  0%| F|  |TS  0|AC  0|TAMS 0x00000003f3c00000, 0x00000003f3c00000|
| 113|0x00000003f4000000, 0x00000003f4000000, 0x00000003f4400000|  0%| F|  |TS  0|AC  0|TAMS 0x00000003f4000000, 0x00000003f4000000|
| 114|0x00000003f4400000, 0x00000003f4400000, 0x00000003f4800000|  0%| F|  |TS  0|AC  0|TAMS 0x00000003f4400000, 0x00000003f4400000|
| 115|0x00000003f4800000, 0x00000003f4800000, 0x00000003f4c00000|  0%| F|  |TS  0|AC  0|TAMS 0x00000003f4800000, 0x00000003f4800000|
| 116|0x00000003f4c00000, 0x00000003f4c00000, 0x00000003f5000000|  0%| F|  |TS  0|AC  0|TAMS 0x00000003f4c00000, 0x00000003f4c00000|
| 117|0x00000003f5000000, 0x00000003f5000000, 0x00000003f5400000|  0%| F|  |TS  0|AC  0|TAMS 0x00000003f5000000, 0x00000003f5000000|
| 118|0x00000003f5400000, 0x00000003f5400000, 0x00000003f5800000|  0%| F|  |TS  0|AC  0|TAMS 0x00000003f5400000, 0x00000003f5400000|
| 119|0x00000003f5800000, 0x00000003f5800000, 0x00000003f5c00000|  0%| F|  |TS  0|AC  0|TAMS 0x00000003f5800000, 0x00000003f5800000|
| 120|0x00000003f5c00000, 0x00000003f5c00000, 0x00000003f6000000|  0%| F|  |TS  0|AC  0|TAMS 0x00000003f5c00000, 0x00000003f5c00000|
| 121|0x00000003f6000000, 0x00000003f6000000, 0x00000003f6400000|  0%| F|  |TS  0|AC  0|TAMS 0x00000003f6000000, 0x00000003f6000000|
| 122|0x00000003f6400000, 0x00000003f6400000, 0x00000003f6800000|  0%| F|  |TS  0|AC  0|TAMS 0x00000003f6400000, 0x00000003f6400000|
| 123|0x00000003f6800000, 0x00000003f6800000, 0x00000003f6c00000|  0%| F|  |TS  0|AC  0|TAMS 0x00000003f6800000, 0x00000003f6800000|
| 124|0x00000003f6c00000, 0x00000003f6c00000, 0x00000003f7000000|  0%| F|  |TS  0|AC  0|TAMS 0x00000003f6c00000, 0x00000003f6c00000|
| 125|0x00000003f7000000, 0x00000003f7000000, 0x00000003f7400000|  0%| F|  |TS  0|AC  0|TAMS 0x00000003f7000000, 0x00000003f7000000|
| 126|0x00000003f7400000, 0x00000003f7400000, 0x00000003f7800000|  0%| F|  |TS  0|AC  0|TAMS 0x00000003f7400000, 0x00000003f7400000|
| 127|0x00000003f7800000, 0x00000003f7800000, 0x00000003f7c00000|  0%| F|  |TS  0|AC  0|TAMS 0x00000003f7800000, 0x00000003f7800000|
| 128|0x00000003f7c00000, 0x00000003f7c00000, 0x00000003f8000000|  0%| F|  |TS  0|AC  0|TAMS 0x00000003f7c00000, 0x00000003f7c00000|
| 129|0x00000003f8000000, 0x00000003f8000000, 0x00000003f8400000|  0%| F|  |TS  0|AC  0|TAMS 0x00000003f8000000, 0x00000003f8000000|
| 130|0x00000003f8400000, 0x00000003f8400000, 0x00000003f8800000|  0%| F|  |TS  0|AC  0|TAMS 0x00000003f8400000, 0x00000003f8400000|
| 131|0x00000003f8800000, 0x00000003f8800000, 0x00000003f8c00000|  0%| F|  |TS  0|AC  0|TAMS 0x00000003f8800000, 0x00000003f8800000|
| 132|0x00000003f8c00000, 0x00000003f8c00000, 0x00000003f9000000|  0%| F|  |TS  0|AC  0|TAMS 0x00000003f8c00000, 0x00000003f8c00000|
| 133|0x00000003f9000000, 0x00000003f9000000, 0x00000003f9400000|  0%| F|  |TS  0|AC  0|TAMS 0x00000003f9000000, 0x00000003f9000000|
| 134|0x00000003f9400000, 0x00000003f9400000, 0x00000003f9800000|  0%| F|  |TS  0|AC  0|TAMS 0x00000003f9400000, 0x00000003f9400000|
| 135|0x00000003f9800000, 0x00000003f9800000, 0x00000003f9c00000|  0%| F|  |TS  0|AC  0|TAMS 0x00000003f9800000, 0x00000003f9800000|
| 136|0x00000003f9c00000, 0x00000003f9c00000, 0x00000003fa000000|  0%| F|  |TS  0|AC  0|TAMS 0x00000003f9c00000, 0x00000003f9c00000|
| 137|0x00000003fa000000, 0x00000003fa000000, 0x00000003fa400000|  0%| F|  |TS  0|AC  0|TAMS 0x00000003fa000000, 0x00000003fa000000|
| 138|0x00000003fa400000, 0x00000003fa400000, 0x00000003fa800000|  0%| F|  |TS  0|AC  0|TAMS 0x00000003fa400000, 0x00000003fa400000|
| 139|0x00000003fa800000, 0x00000003fa800000, 0x00000003fac00000|  0%| F|  |TS  0|AC  0|TAMS 0x00000003fa800000, 0x00000003fa800000|
| 140|0x00000003fac00000, 0x00000003fac00000, 0x00000003fb000000|  0%| F|  |TS  0|AC  0|TAMS 0x00000003fac00000, 0x00000003fac00000|
| 141|0x00000003fb000000, 0x00000003fb000000, 0x00000003fb400000|  0%| F|  |TS  0|AC  0|TAMS 0x00000003fb000000, 0x00000003fb000000|
| 142|0x00000003fb400000, 0x00000003fb400000, 0x00000003fb800000|  0%| F|  |TS  0|AC  0|TAMS 0x00000003fb400000, 0x00000003fb400000|
| 143|0x00000003fb800000, 0x00000003fb800000, 0x00000003fbc00000|  0%| F|  |TS  0|AC  0|TAMS 0x00000003fb800000, 0x00000003fb800000|
| 144|0x00000003fbc00000, 0x00000003fbc00000, 0x00000003fc000000|  0%| F|  |TS  0|AC  0|TAMS 0x00000003fbc00000, 0x00000003fbc00000|
| 145|0x00000003fc000000, 0x00000003fc000000, 0x00000003fc400000|  0%| F|  |TS  0|AC  0|TAMS 0x00000003fc000000, 0x00000003fc000000|
| 146|0x00000003fc400000, 0x00000003fc400000, 0x00000003fc800000|  0%| F|  |TS  0|AC  0|TAMS 0x00000003fc400000, 0x00000003fc400000|
| 147|0x00000003fc800000, 0x00000003fc800000, 0x00000003fcc00000|  0%| F|  |TS  0|AC  0|TAMS 0x00000003fc800000, 0x00000003fc800000|
| 148|0x00000003fcc00000, 0x00000003fcc00000, 0x00000003fd000000|  0%| F|  |TS  0|AC  0|TAMS 0x00000003fcc00000, 0x00000003fcc00000|
| 149|0x00000003fd000000, 0x00000003fd000000, 0x00000003fd400000|  0%| F|  |TS  0|AC  0|TAMS 0x00000003fd000000, 0x00000003fd000000|
| 150|0x00000003fd400000, 0x00000003fd400000, 0x00000003fd800000|  0%| F|  |TS  0|AC  0|TAMS 0x00000003fd400000, 0x00000003fd400000|
| 151|0x00000003fd800000, 0x00000003fd800000, 0x00000003fdc00000|  0%| F|  |TS  0|AC  0|TAMS 0x00000003fd800000, 0x00000003fd800000|
| 152|0x00000003fdc00000, 0x00000003fdc00000, 0x00000003fe000000|  0%| F|  |TS  0|AC  0|TAMS 0x00000003fdc00000, 0x00000003fdc00000|
| 153|0x00000003fe000000, 0x00000003fe000000, 0x00000003fe400000|  0%| F|  |TS  0|AC  0|TAMS 0x00000003fe000000, 0x00000003fe000000|
| 154|0x00000003fe400000, 0x00000003fe400000, 0x00000003fe800000|  0%| F|  |TS  0|AC  0|TAMS 0x00000003fe400000, 0x00000003fe400000|
| 155|0x00000003fe800000, 0x00000003fe800000, 0x00000003fec00000|  0%| F|  |TS  0|AC  0|TAMS 0x00000003fe800000, 0x00000003fe800000|
| 156|0x00000003fec00000, 0x00000003fec00000, 0x00000003ff000000|  0%| F|  |TS  0|AC  0|TAMS 0x00000003fec00000, 0x00000003fec00000|
| 157|0x00000003ff000000, 0x00000003ff000000, 0x00000003ff400000|  0%| F|  |TS  0|AC  0|TAMS 0x00000003ff000000, 0x00000003ff000000|
| 158|0x00000003ff400000, 0x00000003ff400000, 0x00000003ff800000|  0%| F|  |TS  0|AC  0|TAMS 0x00000003ff400000, 0x00000003ff400000|
| 159|0x00000003ff800000, 0x00000003ff800000, 0x00000003ffc00000|  0%| F|  |TS  0|AC  0|TAMS 0x00000003ff800000, 0x00000003ff800000|
| 160|0x00000003ffc00000, 0x00000003ffc00000, 0x0000000400000000|  0%| F|  |TS  0|AC  0|TAMS 0x00000003ffc00000, 0x00000003ffc00000|
| 161|0x0000000400000000, 0x0000000400000000, 0x0000000400400000|  0%| F|  |TS  0|AC  0|TAMS 0x0000000400000000, 0x0000000400000000|
| 162|0x0000000400400000, 0x0000000400400000, 0x0000000400800000|  0%| F|  |TS  0|AC  0|TAMS 0x0000000400400000, 0x0000000400400000|
| 163|0x0000000400800000, 0x0000000400800000, 0x0000000400c00000|  0%| F|  |TS  0|AC  0|TAMS 0x0000000400800000, 0x0000000400800000|
| 164|0x0000000400c00000, 0x0000000400c00000, 0x0000000401000000|  0%| F|  |TS  0|AC  0|TAMS 0x0000000400c00000, 0x0000000400c00000|
| 165|0x0000000401000000, 0x0000000401000000, 0x0000000401400000|  0%| F|  |TS  0|AC  0|TAMS 0x0000000401000000, 0x0000000401000000|
| 166|0x0000000401400000, 0x0000000401400000, 0x0000000401800000|  0%| F|  |TS  0|AC  0|TAMS 0x0000000401400000, 0x0000000401400000|
| 167|0x0000000401800000, 0x0000000401800000, 0x0000000401c00000|  0%| F|  |TS  0|AC  0|TAMS 0x0000000401800000, 0x0000000401800000|
| 168|0x0000000401c00000, 0x0000000401c00000, 0x0000000402000000|  0%| F|  |TS  0|AC  0|TAMS 0x0000000401c00000, 0x0000000401c00000|
| 169|0x0000000402000000, 0x0000000402000000, 0x0000000402400000|  0%| F|  |TS  0|AC  0|TAMS 0x0000000402000000, 0x0000000402000000|
| 170|0x0000000402400000, 0x0000000402400000, 0x0000000402800000|  0%| F|  |TS  0|AC  0|TAMS 0x0000000402400000, 0x0000000402400000|
| 171|0x0000000402800000, 0x0000000402800000, 0x0000000402c00000|  0%| F|  |TS  0|AC  0|TAMS 0x0000000402800000, 0x0000000402800000|
| 172|0x0000000402c00000, 0x0000000402c00000, 0x0000000403000000|  0%| F|  |TS  0|AC  0|TAMS 0x0000000402c00000, 0x0000000402c00000|
| 173|0x0000000403000000, 0x0000000403000000, 0x0000000403400000|  0%| F|  |TS  0|AC  0|TAMS 0x0000000403000000, 0x0000000403000000|
| 174|0x0000000403400000, 0x0000000403400000, 0x0000000403800000|  0%| F|  |TS  0|AC  0|TAMS 0x0000000403400000, 0x0000000403400000|
| 175|0x0000000403800000, 0x0000000403800000, 0x0000000403c00000|  0%| F|  |TS  0|AC  0|TAMS 0x0000000403800000, 0x0000000403800000|
| 176|0x0000000403c00000, 0x0000000403c00000, 0x0000000404000000|  0%| F|  |TS  0|AC  0|TAMS 0x0000000403c00000, 0x0000000403c00000|
| 177|0x0000000404000000, 0x0000000404000000, 0x0000000404400000|  0%| F|  |TS  0|AC  0|TAMS 0x0000000404000000, 0x0000000404000000|
| 178|0x0000000404400000, 0x0000000404400000, 0x0000000404800000|  0%| F|  |TS  0|AC  0|TAMS 0x0000000404400000, 0x0000000404400000|
| 179|0x0000000404800000, 0x0000000404800000, 0x0000000404c00000|  0%| F|  |TS  0|AC  0|TAMS 0x0000000404800000, 0x0000000404800000|
| 180|0x0000000404c00000, 0x0000000404c00000, 0x0000000405000000|  0%| F|  |TS  0|AC  0|TAMS 0x0000000404c00000, 0x0000000404c00000|
| 181|0x0000000405000000, 0x0000000405000000, 0x0000000405400000|  0%| F|  |TS  0|AC  0|TAMS 0x0000000405000000, 0x0000000405000000|
| 182|0x0000000405400000, 0x0000000405400000, 0x0000000405800000|  0%| F|  |TS  0|AC  0|TAMS 0x0000000405400000, 0x0000000405400000|
| 183|0x0000000405800000, 0x0000000405800000, 0x0000000405c00000|  0%| F|  |TS  0|AC  0|TAMS 0x0000000405800000, 0x0000000405800000|
| 184|0x0000000405c00000, 0x0000000405c00000, 0x0000000406000000|  0%| F|  |TS  0|AC  0|TAMS 0x0000000405c00000, 0x0000000405c00000|
| 185|0x0000000406000000, 0x0000000406000000, 0x0000000406400000|  0%| F|  |TS  0|AC  0|TAMS 0x0000000406000000, 0x0000000406000000|
| 186|0x0000000406400000, 0x0000000406400000, 0x0000000406800000|  0%| F|  |TS  0|AC  0|TAMS 0x0000000406400000, 0x0000000406400000|
| 187|0x0000000406800000, 0x0000000406800000, 0x0000000406c00000|  0%| F|  |TS  0|AC  0|TAMS 0x0000000406800000, 0x0000000406800000|
| 188|0x0000000406c00000, 0x0000000406c00000, 0x0000000407000000|  0%| F|  |TS  0|AC  0|TAMS 0x0000000406c00000, 0x0000000406c00000|
| 189|0x0000000407000000, 0x0000000407000000, 0x0000000407400000|  0%| F|  |TS  0|AC  0|TAMS 0x0000000407000000, 0x0000000407000000|
| 190|0x0000000407400000, 0x0000000407400000, 0x0000000407800000|  0%| F|  |TS  0|AC  0|TAMS 0x0000000407400000, 0x0000000407400000|
| 191|0x0000000407800000, 0x0000000407800000, 0x0000000407c00000|  0%| F|  |TS  0|AC  0|TAMS 0x0000000407800000, 0x0000000407800000|
| 192|0x0000000407c00000, 0x0000000407c00000, 0x0000000408000000|  0%| F|  |TS  0|AC  0|TAMS 0x0000000407c00000, 0x0000000407c00000|
| 193|0x0000000408000000, 0x0000000408000000, 0x0000000408400000|  0%| F|  |TS  0|AC  0|TAMS 0x0000000408000000, 0x0000000408000000|
| 194|0x0000000408400000, 0x0000000408400000, 0x0000000408800000|  0%| F|  |TS  0|AC  0|TAMS 0x0000000408400000, 0x0000000408400000|
| 195|0x0000000408800000, 0x0000000408800000, 0x0000000408c00000|  0%| F|  |TS  0|AC  0|TAMS 0x0000000408800000, 0x0000000408800000|
| 196|0x0000000408c00000, 0x0000000408c00000, 0x0000000409000000|  0%| F|  |TS  0|AC  0|TAMS 0x0000000408c00000, 0x0000000408c00000|
| 197|0x0000000409000000, 0x0000000409000000, 0x0000000409400000|  0%| F|  |TS  0|AC  0|TAMS 0x0000000409000000, 0x0000000409000000|
| 198|0x0000000409400000, 0x0000000409400000, 0x0000000409800000|  0%| F|  |TS  0|AC  0|TAMS 0x0000000409400000, 0x0000000409400000|
| 199|0x0000000409800000, 0x0000000409800000, 0x0000000409c00000|  0%| F|  |TS  0|AC  0|TAMS 0x0000000409800000, 0x0000000409800000|
| 200|0x0000000409c00000, 0x0000000409c00000, 0x000000040a000000|  0%| F|  |TS  0|AC  0|TAMS 0x0000000409c00000, 0x0000000409c00000|
| 201|0x000000040a000000, 0x000000040a000000, 0x000000040a400000|  0%| F|  |TS  0|AC  0|TAMS 0x000000040a000000, 0x000000040a000000|
| 202|0x000000040a400000, 0x000000040a400000, 0x000000040a800000|  0%| F|  |TS  0|AC  0|TAMS 0x000000040a400000, 0x000000040a400000|
| 203|0x000000040a800000, 0x000000040a800000, 0x000000040ac00000|  0%| F|  |TS  0|AC  0|TAMS 0x000000040a800000, 0x000000040a800000|
| 204|0x000000040ac00000, 0x000000040ac00000, 0x000000040b000000|  0%| F|  |TS  0|AC  0|TAMS 0x000000040ac00000, 0x000000040ac00000|
| 205|0x000000040b000000, 0x000000040b000000, 0x000000040b400000|  0%| F|  |TS  0|AC  0|TAMS 0x000000040b000000, 0x000000040b000000|
| 206|0x000000040b400000, 0x000000040b400000, 0x000000040b800000|  0%| F|  |TS  0|AC  0|TAMS 0x000000040b400000, 0x000000040b400000|
| 207|0x000000040b800000, 0x000000040b800000, 0x000000040bc00000|  0%| F|  |TS  0|AC  0|TAMS 0x000000040b800000, 0x000000040b800000|
| 208|0x000000040bc00000, 0x000000040bc00000, 0x000000040c000000|  0%| F|  |TS  0|AC  0|TAMS 0x000000040bc00000, 0x000000040bc00000|
| 209|0x000000040c000000, 0x000000040c000000, 0x000000040c400000|  0%| F|  |TS  0|AC  0|TAMS 0x000000040c000000, 0x000000040c000000|
| 210|0x000000040c400000, 0x000000040c400000, 0x000000040c800000|  0%| F|  |TS  0|AC  0|TAMS 0x000000040c400000, 0x000000040c400000|
| 211|0x000000040c800000, 0x000000040c800000, 0x000000040cc00000|  0%| F|  |TS  0|AC  0|TAMS 0x000000040c800000, 0x000000040c800000|
| 212|0x000000040cc00000, 0x000000040cc00000, 0x000000040d000000|  0%| F|  |TS  0|AC  0|TAMS 0x000000040cc00000, 0x000000040cc00000|
| 213|0x000000040d000000, 0x000000040d000000, 0x000000040d400000|  0%| F|  |TS  0|AC  0|TAMS 0x000000040d000000, 0x000000040d000000|
| 214|0x000000040d400000, 0x000000040d400000, 0x000000040d800000|  0%| F|  |TS  0|AC  0|TAMS 0x000000040d400000, 0x000000040d400000|
| 215|0x000000040d800000, 0x000000040d800000, 0x000000040dc00000|  0%| F|  |TS  0|AC  0|TAMS 0x000000040d800000, 0x000000040d800000|
| 216|0x000000040dc00000, 0x000000040dc00000, 0x000000040e000000|  0%| F|  |TS  0|AC  0|TAMS 0x000000040dc00000, 0x000000040dc00000|
| 217|0x000000040e000000, 0x000000040e000000, 0x000000040e400000|  0%| F|  |TS  0|AC  0|TAMS 0x000000040e000000, 0x000000040e000000|
| 218|0x000000040e400000, 0x000000040e400000, 0x000000040e800000|  0%| F|  |TS  0|AC  0|TAMS 0x000000040e400000, 0x000000040e400000|
| 219|0x000000040e800000, 0x000000040e800000, 0x000000040ec00000|  0%| F|  |TS  0|AC  0|TAMS 0x000000040e800000, 0x000000040e800000|
| 220|0x000000040ec00000, 0x000000040ec00000, 0x000000040f000000|  0%| F|  |TS  0|AC  0|TAMS 0x000000040ec00000, 0x000000040ec00000|
| 221|0x000000040f000000, 0x000000040f000000, 0x000000040f400000|  0%| F|  |TS  0|AC  0|TAMS 0x000000040f000000, 0x000000040f000000|
| 222|0x000000040f400000, 0x000000040f400000, 0x000000040f800000|  0%| F|  |TS  0|AC  0|TAMS 0x000000040f400000, 0x000000040f400000|
| 223|0x000000040f800000, 0x000000040f800000, 0x000000040fc00000|  0%| F|  |TS  0|AC  0|TAMS 0x000000040f800000, 0x000000040f800000|
| 224|0x000000040fc00000, 0x000000040fc00000, 0x0000000410000000|  0%| F|  |TS  0|AC  0|TAMS 0x000000040fc00000, 0x000000040fc00000|
| 225|0x0000000410000000, 0x0000000410000000, 0x0000000410400000|  0%| F|  |TS  0|AC  0|TAMS 0x0000000410000000, 0x0000000410000000|
| 226|0x0000000410400000, 0x0000000410400000, 0x0000000410800000|  0%| F|  |TS  0|AC  0|TAMS 0x0000000410400000, 0x0000000410400000|
| 227|0x0000000410800000, 0x0000000410800000, 0x0000000410c00000|  0%| F|  |TS  0|AC  0|TAMS 0x0000000410800000, 0x0000000410800000|
| 228|0x0000000410c00000, 0x0000000410c00000, 0x0000000411000000|  0%| F|  |TS  0|AC  0|TAMS 0x0000000410c00000, 0x0000000410c00000|
| 229|0x0000000411000000, 0x0000000411000000, 0x0000000411400000|  0%| F|  |TS  0|AC  0|TAMS 0x0000000411000000, 0x0000000411000000|
| 230|0x0000000411400000, 0x0000000411400000, 0x0000000411800000|  0%| F|  |TS  0|AC  0|TAMS 0x0000000411400000, 0x0000000411400000|
| 231|0x0000000411800000, 0x0000000411800000, 0x0000000411c00000|  0%| F|  |TS  0|AC  0|TAMS 0x0000000411800000, 0x0000000411800000|
| 232|0x0000000411c00000, 0x0000000411c00000, 0x0000000412000000|  0%| F|  |TS  0|AC  0|TAMS 0x0000000411c00000, 0x0000000411c00000|
| 233|0x0000000412000000, 0x0000000412000000, 0x0000000412400000|  0%| F|  |TS  0|AC  0|TAMS 0x0000000412000000, 0x0000000412000000|
| 234|0x0000000412400000, 0x0000000412400000, 0x0000000412800000|  0%| F|  |TS  0|AC  0|TAMS 0x0000000412400000, 0x0000000412400000|
| 235|0x0000000412800000, 0x0000000412800000, 0x0000000412c00000|  0%| F|  |TS  0|AC  0|TAMS 0x0000000412800000, 0x0000000412800000|
| 236|0x0000000412c00000, 0x0000000412c00000, 0x0000000413000000|  0%| F|  |TS  0|AC  0|TAMS 0x0000000412c00000, 0x0000000412c00000|
| 237|0x0000000413000000, 0x0000000413000000, 0x0000000413400000|  0%| F|  |TS  0|AC  0|TAMS 0x0000000413000000, 0x0000000413000000|
| 238|0x0000000413400000, 0x00000004134dfa98, 0x0000000413800000| 21%| S|CS|TS  1|AC  0|TAMS 0x0000000413400000, 0x0000000413400000|
| 239|0x0000000413800000, 0x0000000413800000, 0x0000000413c00000|  0%| F|  |TS  1|AC  0|TAMS 0x0000000413800000, 0x0000000413800000|
| 240|0x0000000413c00000, 0x0000000413c00000, 0x0000000414000000|  0%| F|  |TS  1|AC  0|TAMS 0x0000000413c00000, 0x0000000413c00000|
| 241|0x0000000414000000, 0x0000000414000000, 0x0000000414400000|  0%| F|  |TS  1|AC  0|TAMS 0x0000000414000000, 0x0000000414000000|
| 242|0x0000000414400000, 0x0000000414400000, 0x0000000414800000|  0%| F|  |TS  1|AC  0|TAMS 0x0000000414400000, 0x0000000414400000|
| 243|0x0000000414800000, 0x0000000414800000, 0x0000000414c00000|  0%| F|  |TS  1|AC  0|TAMS 0x0000000414800000, 0x0000000414800000|
| 244|0x0000000414c00000, 0x0000000414c00000, 0x0000000415000000|  0%| F|  |TS  1|AC  0|TAMS 0x0000000414c00000, 0x0000000414c00000|
| 245|0x0000000415000000, 0x0000000415000000, 0x0000000415400000|  0%| F|  |TS  1|AC  0|TAMS 0x0000000415000000, 0x0000000415000000|
| 246|0x0000000415400000, 0x0000000415400000, 0x0000000415800000|  0%| F|  |TS  1|AC  0|TAMS 0x0000000415400000, 0x0000000415400000|
| 247|0x0000000415800000, 0x0000000415a00800, 0x0000000415c00000| 50%| E|  |TS  1|AC  0|TAMS 0x0000000415800000, 0x0000000415800000|
| 248|0x0000000415c00000, 0x0000000416000000, 0x0000000416000000|100%| E|CS|TS  1|AC  0|TAMS 0x0000000415c00000, 0x0000000415c00000|
| 249|0x0000000416000000, 0x0000000416400000, 0x0000000416400000|100%| E|CS|TS  1|AC  0|TAMS 0x0000000416000000, 0x0000000416000000|
| 250|0x0000000416400000, 0x0000000416800000, 0x0000000416800000|100%| E|CS|TS  1|AC  0|TAMS 0x0000000416400000, 0x0000000416400000|

Card table byte_map: [0x00007f8f1e0be000,0x00007f8f20000000] byte_map_base: 0x00007f8f1c200000

Marking Bits (Prev, Next): (CMBitMap*) 0x00007f8fe809e820, (CMBitMap*) 0x00007f8fe809e858
 Prev Bits: [0x00007f8f0c76c000, 0x00007f8f1c17c000)
 Next Bits: [0x00007f8efcd5c000, 0x00007f8f0c76c000)

Polling page: 0x00007f8fedbb5000

CodeHeap 'non-profiled nmethods': size=119172Kb used=202Kb max_used=202Kb free=118969Kb
 bounds [0x00007f8fd4c97000, 0x00007f8fd4f07000, 0x00007f8fdc0f8000]
CodeHeap 'profiled nmethods': size=119172Kb used=374Kb max_used=374Kb free=118797Kb
 bounds [0x00007f8fcd836000, 0x00007f8fcdaa6000, 0x00007f8fd4c97000]
CodeHeap 'non-nmethods': size=7416Kb used=2826Kb max_used=2869Kb free=4589Kb
 bounds [0x00007f8fcd0f8000, 0x00007f8fcd3c8000, 0x00007f8fcd836000]
 total_blobs=687 nmethods=280 adapters=168
 compilation: enabled

Compilation events (10 events):
Event: 0.411 Thread 0x00007f8fe82b4800 nmethod 268 0x00007f8fd4cbeb90 code [0x00007f8fd4cbf040, 0x00007f8fd4cc3a88]
Event: 0.412 Thread 0x00007f8fe82b3000  277       4       java.io.FileDescriptor$1::getAppend (5 bytes)
Event: 0.412 Thread 0x00007f8fe82b3000 nmethod 277 0x00007f8fd4cc6010 code [0x00007f8fd4cc61a0, 0x00007f8fd4cc6218]
Event: 0.446 Thread 0x00007f8fe82b3000  278   !   4       java.util.concurrent.ConcurrentHashMap::putVal (432 bytes)
Event: 0.470 Thread 0x00007f8fe82b3000 nmethod 278 0x00007f8fd4cc6310 code [0x00007f8fd4cc6560, 0x00007f8fd4cc7820]
Event: 0.490 Thread 0x00007f8fe82b6800  279       4       org.eclipse.osgi.framework.internal.core.FrameworkProperties::setProperty (35 bytes)
Event: 0.493 Thread 0x00007f8fe82b8000  280       4       java.lang.Long::toString (55 bytes)
Event: 0.493 Thread 0x00007f8fe82b6800 nmethod 279 0x00007f8fd4cc8190 code [0x00007f8fd4cc8360, 0x00007f8fd4cc88e8]
Event: 0.505 Thread 0x00007f8fe82b8000 nmethod 280 0x00007f8fd4cc8b10 code [0x00007f8fd4cc8ce0, 0x00007f8fd4cc9758]
Event: 2.139 Thread 0x00007f8fe82bd800  281 %     3       org.eclipse.core.runtime.adaptor.EclipseStarter::main @ 30 (348 bytes)

GC Heap History (2 events):
Event: 1.777 GC heap before
{Heap before GC invocations=0 (full 0):
 garbage-first heap   total 1028096K, used 49152K [0x00000003d7c00000, 0x00000003d80007d8, 0x00000007c0000000)
  region size 4096K, 12 young (49152K), 0 survivors (0K)
 Metaspace       used 4305K, capacity 4616K, committed 4864K, reserved 1056768K
  class space    used 356K, capacity 388K, committed 512K, reserved 1048576K
}
Event: 1.798 GC heap after
{Heap after GC invocations=1 (full 0):
 garbage-first heap   total 1028096K, used 894K [0x00000003d7c00000, 0x00000003d80007d8, 0x00000007c0000000)
  region size 4096K, 1 young (4096K), 1 survivors (4096K)
 Metaspace       used 4305K, capacity 4616K, committed 4864K, reserved 1056768K
  class space    used 356K, capacity 388K, committed 512K, reserved 1048576K
}

Deoptimization events (0 events):
No events

Classes redefined (0 events):
No events

Internal exceptions (0 events):
No events

Events (10 events):
Event: 0.288 Thread 0x00007f8fe8011800 DEOPT PACKING pc=0x00007f8fcd86e224 sp=0x00007f8fec2602b0
Event: 0.288 Thread 0x00007f8fe8011800 DEOPT UNPACKING pc=0x00007f8fcd145aab sp=0x00007f8fec25f898 mode 0
Event: 0.288 Thread 0x00007f8fe8011800 DEOPT PACKING pc=0x00007f8fcd86e224 sp=0x00007f8fec2602b0
Event: 0.288 Thread 0x00007f8fe8011800 DEOPT UNPACKING pc=0x00007f8fcd145aab sp=0x00007f8fec25f898 mode 0
Event: 0.288 Thread 0x00007f8fe8011800 DEOPT PACKING pc=0x00007f8fcd86e224 sp=0x00007f8fec2602b0
Event: 0.288 Thread 0x00007f8fe8011800 DEOPT UNPACKING pc=0x00007f8fcd145aab sp=0x00007f8fec25f898 mode 0
Event: 0.288 Thread 0x00007f8fe8011800 DEOPT PACKING pc=0x00007f8fcd86e224 sp=0x00007f8fec2602b0
Event: 0.288 Thread 0x00007f8fe8011800 DEOPT UNPACKING pc=0x00007f8fcd145aab sp=0x00007f8fec25f898 mode 0
Event: 1.777 Executing VM operation: G1IncCollectionPause
Event: 1.798 Executing VM operation: G1IncCollectionPause done


Dynamic libraries:
00400000-00401000 r-xp 00000000 00:65 77077150                           /root/oracle/jdk-9.0.4/bin/java
00600000-00601000 rw-p 00000000 00:65 77077150                           /root/oracle/jdk-9.0.4/bin/java
0246c000-0248d000 rw-p 00000000 00:00 0                                  [heap]
3d7c00000-416800000 rw-p 00000000 00:00 0 
416800000-7c0000000 ---p 00000000 00:00 0 
7c0000000-7c0080000 rw-p 00000000 00:00 0 
7c0080000-800000000 ---p 00000000 00:00 0 
7f8e8c000000-7f8e8c021000 rw-p 00000000 00:00 0 
7f8e8c021000-7f8e90000000 ---p 00000000 00:00 0 
7f8e93efe000-7f8e93eff000 ---p 00000000 00:00 0 
7f8e93eff000-7f8e94000000 rw-p 00000000 00:00 0 
7f8e94000000-7f8e94021000 rw-p 00000000 00:00 0 
7f8e94021000-7f8e98000000 ---p 00000000 00:00 0 
7f8e98000000-7f8e98021000 rw-p 00000000 00:00 0 
7f8e98021000-7f8e9c000000 ---p 00000000 00:00 0 
7f8e9c000000-7f8e9c0a4000 rw-p 00000000 00:00 0 
7f8e9c0a4000-7f8ea0000000 ---p 00000000 00:00 0 
7f8ea0000000-7f8ea0021000 rw-p 00000000 00:00 0 
7f8ea0021000-7f8ea4000000 ---p 00000000 00:00 0 
7f8ea4000000-7f8ea4375000 rw-p 00000000 00:00 0 
7f8ea4375000-7f8ea8000000 ---p 00000000 00:00 0 
7f8ea8000000-7f8ea806e000 rw-p 00000000 00:00 0 
7f8ea806e000-7f8eac000000 ---p 00000000 00:00 0 
7f8eac000000-7f8eac150000 rw-p 00000000 00:00 0 
7f8eac150000-7f8eb0000000 ---p 00000000 00:00 0 
7f8eb0000000-7f8eb0046000 rw-p 00000000 00:00 0 
7f8eb0046000-7f8eb4000000 ---p 00000000 00:00 0 
7f8eb4000000-7f8eb4346000 rw-p 00000000 00:00 0 
7f8eb4346000-7f8eb8000000 ---p 00000000 00:00 0 
7f8eb8000000-7f8eb8310000 rw-p 00000000 00:00 0 
7f8eb8310000-7f8ebc000000 ---p 00000000 00:00 0 
7f8ebc000000-7f8ebc238000 rw-p 00000000 00:00 0 
7f8ebc238000-7f8ec0000000 ---p 00000000 00:00 0 
7f8ec0000000-7f8ec039a000 rw-p 00000000 00:00 0 
7f8ec039a000-7f8ec4000000 ---p 00000000 00:00 0 
7f8ec4000000-7f8ec4230000 rw-p 00000000 00:00 0 
7f8ec4230000-7f8ec8000000 ---p 00000000 00:00 0 
7f8ec8000000-7f8ec818f000 rw-p 00000000 00:00 0 
7f8ec818f000-7f8ecc000000 ---p 00000000 00:00 0 
7f8ecc000000-7f8ecc021000 rw-p 00000000 00:00 0 
7f8ecc021000-7f8ed0000000 ---p 00000000 00:00 0 
7f8ed0000000-7f8ed00af000 rw-p 00000000 00:00 0 
7f8ed00af000-7f8ed4000000 ---p 00000000 00:00 0 
7f8ed4000000-7f8ed4021000 rw-p 00000000 00:00 0 
7f8ed4021000-7f8ed8000000 ---p 00000000 00:00 0 
7f8ed8000000-7f8ed8021000 rw-p 00000000 00:00 0 
7f8ed8021000-7f8edc000000 ---p 00000000 00:00 0 
7f8edc000000-7f8edc021000 rw-p 00000000 00:00 0 
7f8edc021000-7f8ee0000000 ---p 00000000 00:00 0 
7f8ee0000000-7f8ee0021000 rw-p 00000000 00:00 0 
7f8ee0021000-7f8ee4000000 ---p 00000000 00:00 0 
7f8ee40c4000-7f8ee40c8000 ---p 00000000 00:00 0 
7f8ee40c8000-7f8ee41c5000 rw-p 00000000 00:00 0 
7f8ee41c5000-7f8ee41c9000 ---p 00000000 00:00 0 
7f8ee41c9000-7f8ee42c6000 rw-p 00000000 00:00 0 
7f8ee42c6000-7f8ee42dc000 r-xp 00000000 00:65 77077477                   /root/oracle/jdk-9.0.4/lib/libnet.so
7f8ee42dc000-7f8ee44dc000 ---p 00016000 00:65 77077477                   /root/oracle/jdk-9.0.4/lib/libnet.so
7f8ee44dc000-7f8ee44dd000 rw-p 00016000 00:65 77077477                   /root/oracle/jdk-9.0.4/lib/libnet.so
7f8ee44dd000-7f8ee44ed000 r-xp 00000000 00:65 77077594                   /root/oracle/jdk-9.0.4/lib/libnio.so
7f8ee44ed000-7f8ee46ed000 ---p 00010000 00:65 77077594                   /root/oracle/jdk-9.0.4/lib/libnio.so
7f8ee46ed000-7f8ee46ee000 rw-p 00010000 00:65 77077594                   /root/oracle/jdk-9.0.4/lib/libnio.so
7f8ee46ee000-7f8ee46f2000 ---p 00000000 00:00 0 
7f8ee46f2000-7f8ee47ef000 rw-p 00000000 00:00 0 
7f8ee47ef000-7f8ee47f3000 ---p 00000000 00:00 0 
7f8ee47f3000-7f8ee48f0000 rw-p 00000000 00:00 0 
7f8ee48f0000-7f8ee48f4000 ---p 00000000 00:00 0 
7f8ee48f4000-7f8ee49f1000 rw-p 00000000 00:00 0 
7f8ee49f1000-7f8ee49f5000 ---p 00000000 00:00 0 
7f8ee49f5000-7f8ee4af2000 rw-p 00000000 00:00 0 
7f8ee4af2000-7f8ee4af6000 ---p 00000000 00:00 0 
7f8ee4af6000-7f8ee4bf3000 rw-p 00000000 00:00 0 
7f8ee4bf3000-7f8ee4bf7000 ---p 00000000 00:00 0 
7f8ee4bf7000-7f8ee4cf4000 rw-p 00000000 00:00 0 
7f8ee4cf4000-7f8ee4cf8000 ---p 00000000 00:00 0 
7f8ee4cf8000-7f8ee4df5000 rw-p 00000000 00:00 0 
7f8ee4df5000-7f8ee4df9000 ---p 00000000 00:00 0 
7f8ee4df9000-7f8ee4ef6000 rw-p 00000000 00:00 0 
7f8ee4ef6000-7f8ee4efa000 ---p 00000000 00:00 0 
7f8ee4efa000-7f8ee4ff7000 rw-p 00000000 00:00 0 
7f8ee4ff7000-7f8ee4ffb000 ---p 00000000 00:00 0 
7f8ee4ffb000-7f8ee50f8000 rw-p 00000000 00:00 0 
7f8ee50f8000-7f8ee50fc000 ---p 00000000 00:00 0 
7f8ee50fc000-7f8ee51f9000 rw-p 00000000 00:00 0 
7f8ee51f9000-7f8ee51fd000 ---p 00000000 00:00 0 
7f8ee51fd000-7f8ee52fa000 rw-p 00000000 00:00 0 
7f8ee52fa000-7f8ee52fe000 ---p 00000000 00:00 0 
7f8ee52fe000-7f8ee53fb000 rw-p 00000000 00:00 0 
7f8ee53fb000-7f8ee53ff000 ---p 00000000 00:00 0 
7f8ee53ff000-7f8ee54fc000 rw-p 00000000 00:00 0 
7f8ee54fc000-7f8ee5500000 ---p 00000000 00:00 0 
7f8ee5500000-7f8ee55fd000 rw-p 00000000 00:00 0 
7f8ee55fd000-7f8ee5601000 ---p 00000000 00:00 0 
7f8ee5601000-7f8ee56fe000 rw-p 00000000 00:00 0 
7f8ee56fe000-7f8ee56ff000 ---p 00000000 00:00 0 
7f8ee56ff000-7f8ee5c40000 rw-p 00000000 00:00 0 
7f8ee5c40000-7f8ee6000000 ---p 00000000 00:00 0 
7f8ee6000000-7f8ee8000000 rwxp 00000000 00:00 0 
7f8ee8000000-7f8ee8021000 rw-p 00000000 00:00 0 
7f8ee8021000-7f8eec000000 ---p 00000000 00:00 0 
7f8eec000000-7f8eec021000 rw-p 00000000 00:00 0 
7f8eec021000-7f8ef0000000 ---p 00000000 00:00 0 
7f8ef0000000-7f8ef0021000 rw-p 00000000 00:00 0 
7f8ef0021000-7f8ef4000000 ---p 00000000 00:00 0 
7f8ef4000000-7f8ef4021000 rw-p 00000000 00:00 0 
7f8ef4021000-7f8ef8000000 ---p 00000000 00:00 0 
7f8ef8000000-7f8ef8021000 rw-p 00000000 00:00 0 
7f8ef8021000-7f8efc000000 ---p 00000000 00:00 0 
7f8efc04f000-7f8efdd0c000 rw-p 00000000 00:00 0 
7f8efdd0c000-7f8f0c76c000 ---p 00000000 00:00 0 
7f8f0c76c000-7f8f0d71c000 rw-p 00000000 00:00 0 
7f8f0d71c000-7f8f1c17c000 ---p 00000000 00:00 0 
7f8f1c17c000-7f8f1c372000 rw-p 00000000 00:00 0 
7f8f1c372000-7f8f1e0be000 ---p 00000000 00:00 0 
7f8f1e0be000-7f8f1e2b4000 rw-p 00000000 00:00 0 
7f8f1e2b4000-7f8f20000000 ---p 00000000 00:00 0 
7f8f20000000-7f8f20021000 rw-p 00000000 00:00 0 
7f8f20021000-7f8f24000000 ---p 00000000 00:00 0 
7f8f24005000-7f8f2417c000 rw-p 00000000 00:00 0 
7f8f2417c000-7f8f260be000 ---p 00000000 00:00 0 
7f8f260be000-7f8f262b4000 rw-p 00000000 00:00 0 
7f8f262b4000-7f8f28000000 ---p 00000000 00:00 0 
7f8f28000000-7f8f28021000 rw-p 00000000 00:00 0 
7f8f28021000-7f8f2c000000 ---p 00000000 00:00 0 
7f8f2c000000-7f8f2c021000 rw-p 00000000 00:00 0 
7f8f2c021000-7f8f30000000 ---p 00000000 00:00 0 
7f8f30000000-7f8f30021000 rw-p 00000000 00:00 0 
7f8f30021000-7f8f34000000 ---p 00000000 00:00 0 
7f8f34000000-7f8f34021000 rw-p 00000000 00:00 0 
7f8f34021000-7f8f38000000 ---p 00000000 00:00 0 
7f8f38000000-7f8f38021000 rw-p 00000000 00:00 0 
7f8f38021000-7f8f3c000000 ---p 00000000 00:00 0 
7f8f3c000000-7f8f3c021000 rw-p 00000000 00:00 0 
7f8f3c021000-7f8f40000000 ---p 00000000 00:00 0 
7f8f40000000-7f8f40021000 rw-p 00000000 00:00 0 
7f8f40021000-7f8f44000000 ---p 00000000 00:00 0 
7f8f44000000-7f8f44021000 rw-p 00000000 00:00 0 
7f8f44021000-7f8f48000000 ---p 00000000 00:00 0 
7f8f48000000-7f8f48021000 rw-p 00000000 00:00 0 
7f8f48021000-7f8f4c000000 ---p 00000000 00:00 0 
7f8f4c000000-7f8f4c021000 rw-p 00000000 00:00 0 
7f8f4c021000-7f8f50000000 ---p 00000000 00:00 0 
7f8f50000000-7f8f50021000 rw-p 00000000 00:00 0 
7f8f50021000-7f8f54000000 ---p 00000000 00:00 0 
7f8f54000000-7f8f54021000 rw-p 00000000 00:00 0 
7f8f54021000-7f8f58000000 ---p 00000000 00:00 0 
7f8f58000000-7f8f58021000 rw-p 00000000 00:00 0 
7f8f58021000-7f8f5c000000 ---p 00000000 00:00 0 
7f8f5c000000-7f8f5c021000 rw-p 00000000 00:00 0 
7f8f5c021000-7f8f60000000 ---p 00000000 00:00 0 
7f8f60000000-7f8f60021000 rw-p 00000000 00:00 0 
7f8f60021000-7f8f64000000 ---p 00000000 00:00 0 
7f8f64000000-7f8f64021000 rw-p 00000000 00:00 0 
7f8f64021000-7f8f68000000 ---p 00000000 00:00 0 
7f8f68000000-7f8f68021000 rw-p 00000000 00:00 0 
7f8f68021000-7f8f6c000000 ---p 00000000 00:00 0 
7f8f6c000000-7f8f6c021000 rw-p 00000000 00:00 0 
7f8f6c021000-7f8f70000000 ---p 00000000 00:00 0 
7f8f70000000-7f8f70021000 rw-p 00000000 00:00 0 
7f8f70021000-7f8f74000000 ---p 00000000 00:00 0 
7f8f74000000-7f8f74021000 rw-p 00000000 00:00 0 
7f8f74021000-7f8f78000000 ---p 00000000 00:00 0 
7f8f78000000-7f8f78021000 rw-p 00000000 00:00 0 
7f8f78021000-7f8f7c000000 ---p 00000000 00:00 0 
7f8f7c000000-7f8f7c021000 rw-p 00000000 00:00 0 
7f8f7c021000-7f8f80000000 ---p 00000000 00:00 0 
7f8f80000000-7f8f80021000 rw-p 00000000 00:00 0 
7f8f80021000-7f8f84000000 ---p 00000000 00:00 0 
7f8f84000000-7f8f84021000 rw-p 00000000 00:00 0 
7f8f84021000-7f8f88000000 ---p 00000000 00:00 0 
7f8f88000000-7f8f88021000 rw-p 00000000 00:00 0 
7f8f88021000-7f8f8c000000 ---p 00000000 00:00 0 
7f8f8c060000-7f8f8c6c1000 rw-p 00000000 00:00 0 
7f8f8c6c1000-7f8f8c6c2000 ---p 00000000 00:00 0 
7f8f8c6c2000-7f8f8c7c3000 rw-p 00000000 00:00 0 
7f8f8c7c3000-7f8f8c7c4000 ---p 00000000 00:00 0 
7f8f8c7c4000-7f8f8c8c5000 rw-p 00000000 00:00 0 
7f8f8c8c5000-7f8f8c8c6000 ---p 00000000 00:00 0 
7f8f8c8c6000-7f8f8c9c7000 rw-p 00000000 00:00 0 
7f8f8c9c7000-7f8f8c9c8000 ---p 00000000 00:00 0 
7f8f8c9c8000-7f8f8cac9000 rw-p 00000000 00:00 0 
7f8f8cac9000-7f8f8caca000 ---p 00000000 00:00 0 
7f8f8caca000-7f8f8cbcb000 rw-p 00000000 00:00 0 
7f8f8cbcb000-7f8f8cbcc000 ---p 00000000 00:00 0 
7f8f8cbcc000-7f8f8d1b8000 rw-p 00000000 00:00 0 
7f8f8d1b8000-7f8f8d1b9000 ---p 00000000 00:00 0 
7f8f8d1b9000-7f8f8d2ba000 rw-p 00000000 00:00 0 
7f8f8d2ba000-7f8f8d2bb000 ---p 00000000 00:00 0 
7f8f8d2bb000-7f8f8d3bc000 rw-p 00000000 00:00 0 
7f8f8d3bc000-7f8f8d3bd000 ---p 00000000 00:00 0 
7f8f8d3bd000-7f8f8d4be000 rw-p 00000000 00:00 0 
7f8f8d4be000-7f8f8d4bf000 ---p 00000000 00:00 0 
7f8f8d4bf000-7f8f8d5c0000 rw-p 00000000 00:00 0 
7f8f8d5c0000-7f8f8d5c1000 ---p 00000000 00:00 0 
7f8f8d5c1000-7f8f8d6c2000 rw-p 00000000 00:00 0 
7f8f8d6c2000-7f8f8d6c3000 ---p 00000000 00:00 0 
7f8f8d6c3000-7f8f8d7c4000 rw-p 00000000 00:00 0 
7f8f8d7c4000-7f8f8d7c5000 ---p 00000000 00:00 0 
7f8f8d7c5000-7f8f8d8c6000 rw-p 00000000 00:00 0 
7f8f8d8c6000-7f8f8d8c7000 ---p 00000000 00:00 0 
7f8f8d8c7000-7f8f8d9c8000 rw-p 00000000 00:00 0 
7f8f8d9c8000-7f8f8d9c9000 ---p 00000000 00:00 0 
7f8f8d9c9000-7f8f8daca000 rw-p 00000000 00:00 0 
7f8f8daca000-7f8f8dacb000 ---p 00000000 00:00 0 
7f8f8dacb000-7f8f8dbcc000 rw-p 00000000 00:00 0 
7f8f8dbcc000-7f8f8dbcd000 ---p 00000000 00:00 0 
7f8f8dbcd000-7f8f8dcce000 rw-p 00000000 00:00 0 
7f8f8dcce000-7f8f8dccf000 ---p 00000000 00:00 0 
7f8f8dccf000-7f8f8ddd0000 rw-p 00000000 00:00 0 
7f8f8ddd0000-7f8f8ddd1000 ---p 00000000 00:00 0 
7f8f8ddd1000-7f8f8ded2000 rw-p 00000000 00:00 0 
7f8f8ded2000-7f8f8ded3000 ---p 00000000 00:00 0 
7f8f8ded3000-7f8f8dfd4000 rw-p 00000000 00:00 0 
7f8f8dfd4000-7f8f8dfd5000 ---p 00000000 00:00 0 
7f8f8dfd5000-7f8f8e0d6000 rw-p 00000000 00:00 0 
7f8f8e0d6000-7f8f8e0d7000 ---p 00000000 00:00 0 
7f8f8e0d7000-7f8f8e1d8000 rw-p 00000000 00:00 0 
7f8f8e1d8000-7f8f8e1d9000 ---p 00000000 00:00 0 
7f8f8e1d9000-7f8f8e2da000 rw-p 00000000 00:00 0 
7f8f8e2da000-7f8f8e2db000 ---p 00000000 00:00 0 
7f8f8e2db000-7f8f8e3dc000 rw-p 00000000 00:00 0 
7f8f8e3dc000-7f8f8e3dd000 ---p 00000000 00:00 0 
7f8f8e3dd000-7f8f8e4de000 rw-p 00000000 00:00 0 
7f8f8e4de000-7f8f8e4df000 ---p 00000000 00:00 0 
7f8f8e4df000-7f8f8e5e0000 rw-p 00000000 00:00 0 
7f8f8e5e0000-7f8f8e5e1000 ---p 00000000 00:00 0 
7f8f8e5e1000-7f8f8faf6000 rw-p 00000000 00:00 0 
7f8f8faf6000-7f8f8faf7000 ---p 00000000 00:00 0 
7f8f8faf7000-7f8f8fbf8000 rw-p 00000000 00:00 0 
7f8f8fbf8000-7f8f8fbf9000 ---p 00000000 00:00 0 
7f8f8fbf9000-7f8f8fcfa000 rw-p 00000000 00:00 0 
7f8f8fcfa000-7f8f8fcfb000 ---p 00000000 00:00 0 
7f8f8fcfb000-7f8f8fdfc000 rw-p 00000000 00:00 0 
7f8f8fdfc000-7f8f8fdfd000 ---p 00000000 00:00 0 
7f8f8fdfd000-7f8f8fefe000 rw-p 00000000 00:00 0 
7f8f8fefe000-7f8f8feff000 ---p 00000000 00:00 0 
7f8f8feff000-7f8f90000000 rw-p 00000000 00:00 0 
7f8f90000000-7f8f90021000 rw-p 00000000 00:00 0 
7f8f90021000-7f8f94000000 ---p 00000000 00:00 0 
7f8f94000000-7f8f94021000 rw-p 00000000 00:00 0 
7f8f94021000-7f8f98000000 ---p 00000000 00:00 0 
7f8f98000000-7f8f98021000 rw-p 00000000 00:00 0 
7f8f98021000-7f8f9c000000 ---p 00000000 00:00 0 
7f8f9c000000-7f8f9c021000 rw-p 00000000 00:00 0 
7f8f9c021000-7f8fa0000000 ---p 00000000 00:00 0 
7f8fa0000000-7f8fa0021000 rw-p 00000000 00:00 0 
7f8fa0021000-7f8fa4000000 ---p 00000000 00:00 0 
7f8fa4000000-7f8fa4021000 rw-p 00000000 00:00 0 
7f8fa4021000-7f8fa8000000 ---p 00000000 00:00 0 
7f8fa8000000-7f8fa8021000 rw-p 00000000 00:00 0 
7f8fa8021000-7f8fac000000 ---p 00000000 00:00 0 
7f8fac000000-7f8fac021000 rw-p 00000000 00:00 0 
7f8fac021000-7f8fb0000000 ---p 00000000 00:00 0 
7f8fb0000000-7f8fb0021000 rw-p 00000000 00:00 0 
7f8fb0021000-7f8fb4000000 ---p 00000000 00:00 0 
7f8fb4000000-7f8fb4021000 rw-p 00000000 00:00 0 
7f8fb4021000-7f8fb8000000 ---p 00000000 00:00 0 
7f8fb8000000-7f8fb8021000 rw-p 00000000 00:00 0 
7f8fb8021000-7f8fbc000000 ---p 00000000 00:00 0 
7f8fbc000000-7f8fbc021000 rw-p 00000000 00:00 0 
7f8fbc021000-7f8fc0000000 ---p 00000000 00:00 0 
7f8fc0000000-7f8fc0021000 rw-p 00000000 00:00 0 
7f8fc0021000-7f8fc4000000 ---p 00000000 00:00 0 
7f8fc4000000-7f8fc4021000 rw-p 00000000 00:00 0 
7f8fc4021000-7f8fc8000000 ---p 00000000 00:00 0 
7f8fc8000000-7f8fc8021000 rw-p 00000000 00:00 0 
7f8fc8021000-7f8fcc000000 ---p 00000000 00:00 0 
7f8fcc008000-7f8fcc009000 ---p 00000000 00:00 0 
7f8fcc009000-7f8fcc10a000 rw-p 00000000 00:00 0 
7f8fcc10a000-7f8fcc10b000 ---p 00000000 00:00 0 
7f8fcc10b000-7f8fcc20c000 rw-p 00000000 00:00 0 
7f8fcc20c000-7f8fcc20d000 ---p 00000000 00:00 0 
7f8fcc20d000-7f8fcc30e000 rw-p 00000000 00:00 0 
7f8fcc30e000-7f8fcc30f000 ---p 00000000 00:00 0 
7f8fcc30f000-7f8fcc410000 rw-p 00000000 00:00 0 
7f8fcc410000-7f8fcc411000 ---p 00000000 00:00 0 
7f8fcc411000-7f8fcc512000 rw-p 00000000 00:00 0 
7f8fcc512000-7f8fcc513000 ---p 00000000 00:00 0 
7f8fcc513000-7f8fcc614000 rw-p 00000000 00:00 0 
7f8fcc614000-7f8fcc615000 ---p 00000000 00:00 0 
7f8fcc615000-7f8fcc716000 rw-p 00000000 00:00 0 
7f8fcc716000-7f8fcc717000 ---p 00000000 00:00 0 
7f8fcc717000-7f8fcc818000 rw-p 00000000 00:00 0 
7f8fcc818000-7f8fcc819000 ---p 00000000 00:00 0 
7f8fcc819000-7f8fcc91a000 rw-p 00000000 00:00 0 
7f8fcc91a000-7f8fcc91b000 ---p 00000000 00:00 0 
7f8fcc91b000-7f8fcca1c000 rw-p 00000000 00:00 0 
7f8fcca1c000-7f8fcca1d000 ---p 00000000 00:00 0 
7f8fcca1d000-7f8fccb1e000 rw-p 00000000 00:00 0 
7f8fccb1e000-7f8fccb1f000 ---p 00000000 00:00 0 
7f8fccb1f000-7f8fccc20000 rw-p 00000000 00:00 0 
7f8fccc20000-7f8fccc21000 ---p 00000000 00:00 0 
7f8fccc21000-7f8fccd22000 rw-p 00000000 00:00 0 
7f8fccd22000-7f8fccd23000 ---p 00000000 00:00 0 
7f8fccd23000-7f8fcce24000 rw-p 00000000 00:00 0 
7f8fcce24000-7f8fcce25000 ---p 00000000 00:00 0 
7f8fcce25000-7f8fccf2b000 rw-p 00000000 00:00 0 
7f8fccf2b000-7f8fcd00f000 ---p 00000000 00:00 0 
7f8fcd00f000-7f8fcd014000 rw-p 00000000 00:00 0 
7f8fcd014000-7f8fcd0f8000 ---p 00000000 00:00 0 
7f8fcd0f8000-7f8fcd3c8000 rwxp 00000000 00:00 0 
7f8fcd3c8000-7f8fcd836000 ---p 00000000 00:00 0 
7f8fcd836000-7f8fcdaa6000 rwxp 00000000 00:00 0 
7f8fcdaa6000-7f8fd4c97000 ---p 00000000 00:00 0 
7f8fd4c97000-7f8fd4f07000 rwxp 00000000 00:00 0 
7f8fd4f07000-7f8fdc0f8000 ---p 00000000 00:00 0 
7f8fdc0f8000-7f8fdc2d5000 r--s 03e31000 00:65 101727669                  /usr/local/java/jdk1.8.0_301/jre/lib/rt.jar
7f8fdc2d5000-7f8fe7792000 r--s 00000000 00:65 77077560                   /root/oracle/jdk-9.0.4/lib/modules
7f8fe7792000-7f8fe77ac000 r-xp 00000000 00:65 77077435                   /root/oracle/jdk-9.0.4/lib/libjimage.so
7f8fe77ac000-7f8fe79ab000 ---p 0001a000 00:65 77077435                   /root/oracle/jdk-9.0.4/lib/libjimage.so
7f8fe79ab000-7f8fe79ad000 rw-p 00019000 00:65 77077435                   /root/oracle/jdk-9.0.4/lib/libjimage.so
7f8fe79ad000-7f8fe79bf000 rw-p 00000000 00:00 0 
7f8fe79bf000-7f8fe79c6000 r-xp 00000000 00:65 77083131                   /root/oracle/jdk-9.0.4/lib/libzip.so
7f8fe79c6000-7f8fe7bc5000 ---p 00007000 00:65 77083131                   /root/oracle/jdk-9.0.4/lib/libzip.so
7f8fe7bc5000-7f8fe7bc6000 rw-p 00006000 00:65 77083131                   /root/oracle/jdk-9.0.4/lib/libzip.so
7f8fe7bc6000-7f8fe7bf1000 r-xp 00000000 00:65 77077470                   /root/oracle/jdk-9.0.4/lib/libjava.so
7f8fe7bf1000-7f8fe7df0000 ---p 0002b000 00:65 77077470                   /root/oracle/jdk-9.0.4/lib/libjava.so
7f8fe7df0000-7f8fe7df2000 rw-p 0002a000 00:65 77077470                   /root/oracle/jdk-9.0.4/lib/libjava.so
7f8fe7df2000-7f8fe7dff000 r-xp 00000000 00:65 77077494                   /root/oracle/jdk-9.0.4/lib/libverify.so
7f8fe7dff000-7f8fe7ffe000 ---p 0000d000 00:65 77077494                   /root/oracle/jdk-9.0.4/lib/libverify.so
7f8fe7ffe000-7f8fe8000000 rw-p 0000c000 00:65 77077494                   /root/oracle/jdk-9.0.4/lib/libverify.so
7f8fe8000000-7f8fe8748000 rw-p 00000000 00:00 0 
7f8fe8748000-7f8fec000000 ---p 00000000 00:00 0 
7f8fec003000-7f8fec0e0000 rw-p 00000000 00:00 0 
7f8fec0e0000-7f8fec0e9000 ---p 00000000 00:00 0 
7f8fec0e9000-7f8fec139000 rw-p 00000000 00:00 0 
7f8fec139000-7f8fec13c000 r--p 00000000 00:65 165034530                  /usr/lib/x86_64-linux-gnu/libnss_files-2.31.so
7f8fec13c000-7f8fec143000 r-xp 00003000 00:65 165034530                  /usr/lib/x86_64-linux-gnu/libnss_files-2.31.so
7f8fec143000-7f8fec145000 r--p 0000a000 00:65 165034530                  /usr/lib/x86_64-linux-gnu/libnss_files-2.31.so
7f8fec145000-7f8fec146000 r--p 0000b000 00:65 165034530                  /usr/lib/x86_64-linux-gnu/libnss_files-2.31.so
7f8fec146000-7f8fec147000 rw-p 0000c000 00:65 165034530                  /usr/lib/x86_64-linux-gnu/libnss_files-2.31.so
7f8fec147000-7f8fec14d000 rw-p 00000000 00:00 0 
7f8fec155000-7f8fec156000 rw-p 00000000 00:00 0 
7f8fec156000-7f8fec159000 r--p 00000000 00:65 165034636                  /usr/lib/x86_64-linux-gnu/librt-2.31.so
7f8fec159000-7f8fec15d000 r-xp 00003000 00:65 165034636                  /usr/lib/x86_64-linux-gnu/librt-2.31.so
7f8fec15d000-7f8fec15e000 r--p 00007000 00:65 165034636                  /usr/lib/x86_64-linux-gnu/librt-2.31.so
7f8fec15e000-7f8fec15f000 ---p 00008000 00:65 165034636                  /usr/lib/x86_64-linux-gnu/librt-2.31.so
7f8fec15f000-7f8fec160000 r--p 00008000 00:65 165034636                  /usr/lib/x86_64-linux-gnu/librt-2.31.so
7f8fec160000-7f8fec161000 rw-p 00009000 00:65 165034636                  /usr/lib/x86_64-linux-gnu/librt-2.31.so
7f8fec161000-7f8fec162000 ---p 00000000 00:00 0 
7f8fec162000-7f8fec163000 rw-p 00000000 00:00 0 
7f8fec163000-7f8fec167000 ---p 00000000 00:00 0 
7f8fec167000-7f8fec262000 rw-p 00000000 00:00 0 
7f8fec262000-7f8fec271000 r--p 00000000 00:65 165034468                  /usr/lib/x86_64-linux-gnu/libm-2.31.so
7f8fec271000-7f8fec318000 r-xp 0000f000 00:65 165034468                  /usr/lib/x86_64-linux-gnu/libm-2.31.so
7f8fec318000-7f8fec3af000 r--p 000b6000 00:65 165034468                  /usr/lib/x86_64-linux-gnu/libm-2.31.so
7f8fec3af000-7f8fec3b0000 r--p 0014c000 00:65 165034468                  /usr/lib/x86_64-linux-gnu/libm-2.31.so
7f8fec3b0000-7f8fec3b1000 rw-p 0014d000 00:65 165034468                  /usr/lib/x86_64-linux-gnu/libm-2.31.so
7f8fec3b1000-7f8fed3c6000 r-xp 00000000 00:65 77083135                   /root/oracle/jdk-9.0.4/lib/server/libjvm.so
7f8fed3c6000-7f8fed5c5000 ---p 01015000 00:65 77083135                   /root/oracle/jdk-9.0.4/lib/server/libjvm.so
7f8fed5c5000-7f8fed696000 r--p 01014000 00:65 77083135                   /root/oracle/jdk-9.0.4/lib/server/libjvm.so
7f8fed696000-7f8fed6cd000 rw-p 010e5000 00:65 77083135                   /root/oracle/jdk-9.0.4/lib/server/libjvm.so
7f8fed6cd000-7f8fed738000 rw-p 00000000 00:00 0 
7f8fed738000-7f8fed75d000 r--p 00000000 00:65 165034165                  /usr/lib/x86_64-linux-gnu/libc-2.31.so
7f8fed75d000-7f8fed8d5000 r-xp 00025000 00:65 165034165                  /usr/lib/x86_64-linux-gnu/libc-2.31.so
7f8fed8d5000-7f8fed91f000 r--p 0019d000 00:65 165034165                  /usr/lib/x86_64-linux-gnu/libc-2.31.so
7f8fed91f000-7f8fed920000 ---p 001e7000 00:65 165034165                  /usr/lib/x86_64-linux-gnu/libc-2.31.so
7f8fed920000-7f8fed923000 r--p 001e7000 00:65 165034165                  /usr/lib/x86_64-linux-gnu/libc-2.31.so
7f8fed923000-7f8fed926000 rw-p 001ea000 00:65 165034165                  /usr/lib/x86_64-linux-gnu/libc-2.31.so
7f8fed926000-7f8fed92a000 rw-p 00000000 00:00 0 
7f8fed92a000-7f8fed92b000 r--p 00000000 00:65 165034236                  /usr/lib/x86_64-linux-gnu/libdl-2.31.so
7f8fed92b000-7f8fed92d000 r-xp 00001000 00:65 165034236                  /usr/lib/x86_64-linux-gnu/libdl-2.31.so
7f8fed92d000-7f8fed92e000 r--p 00003000 00:65 165034236                  /usr/lib/x86_64-linux-gnu/libdl-2.31.so
7f8fed92e000-7f8fed92f000 r--p 00003000 00:65 165034236                  /usr/lib/x86_64-linux-gnu/libdl-2.31.so
7f8fed92f000-7f8fed930000 rw-p 00004000 00:65 165034236                  /usr/lib/x86_64-linux-gnu/libdl-2.31.so
7f8fed930000-7f8fed93e000 r-xp 00000000 00:65 77083142                   /root/oracle/jdk-9.0.4/lib/jli/libjli.so
7f8fed93e000-7f8fedb3e000 ---p 0000e000 00:65 77083142                   /root/oracle/jdk-9.0.4/lib/jli/libjli.so
7f8fedb3e000-7f8fedb3f000 rw-p 0000e000 00:65 77083142                   /root/oracle/jdk-9.0.4/lib/jli/libjli.so
7f8fedb3f000-7f8fedb46000 r--p 00000000 00:65 165034610                  /usr/lib/x86_64-linux-gnu/libpthread-2.31.so
7f8fedb46000-7f8fedb57000 r-xp 00007000 00:65 165034610                  /usr/lib/x86_64-linux-gnu/libpthread-2.31.so
7f8fedb57000-7f8fedb5c000 r--p 00018000 00:65 165034610                  /usr/lib/x86_64-linux-gnu/libpthread-2.31.so
7f8fedb5c000-7f8fedb5d000 r--p 0001c000 00:65 165034610                  /usr/lib/x86_64-linux-gnu/libpthread-2.31.so
7f8fedb5d000-7f8fedb5e000 rw-p 0001d000 00:65 165034610                  /usr/lib/x86_64-linux-gnu/libpthread-2.31.so
7f8fedb5e000-7f8fedb62000 rw-p 00000000 00:00 0 
7f8fedb62000-7f8fedb64000 r--p 00000000 00:65 165034796                  /usr/lib/x86_64-linux-gnu/libz.so.1.2.11
7f8fedb64000-7f8fedb75000 r-xp 00002000 00:65 165034796                  /usr/lib/x86_64-linux-gnu/libz.so.1.2.11
7f8fedb75000-7f8fedb7b000 r--p 00013000 00:65 165034796                  /usr/lib/x86_64-linux-gnu/libz.so.1.2.11
7f8fedb7b000-7f8fedb7c000 ---p 00019000 00:65 165034796                  /usr/lib/x86_64-linux-gnu/libz.so.1.2.11
7f8fedb7c000-7f8fedb7d000 r--p 00019000 00:65 165034796                  /usr/lib/x86_64-linux-gnu/libz.so.1.2.11
7f8fedb7d000-7f8fedb7e000 rw-p 0001a000 00:65 165034796                  /usr/lib/x86_64-linux-gnu/libz.so.1.2.11
7f8fedb7e000-7f8fedb86000 rw-s 00000000 00:65 71965686                   /tmp/hsperfdata_root/14838
7f8fedb86000-7f8fedb89000 rw-p 00000000 00:00 0 
7f8fedb89000-7f8fedb8a000 r--p 00000000 00:65 165033992                  /usr/lib/x86_64-linux-gnu/ld-2.31.so
7f8fedb8a000-7f8fedbad000 r-xp 00001000 00:65 165033992                  /usr/lib/x86_64-linux-gnu/ld-2.31.so
7f8fedbad000-7f8fedbb5000 r--p 00024000 00:65 165033992                  /usr/lib/x86_64-linux-gnu/ld-2.31.so
7f8fedbb5000-7f8fedbb6000 r--p 00000000 00:00 0 
7f8fedbb6000-7f8fedbb7000 r--p 0002c000 00:65 165033992                  /usr/lib/x86_64-linux-gnu/ld-2.31.so
7f8fedbb7000-7f8fedbb8000 rw-p 0002d000 00:65 165033992                  /usr/lib/x86_64-linux-gnu/ld-2.31.so
7f8fedbb8000-7f8fedbb9000 rw-p 00000000 00:00 0 
7ffc35d70000-7ffc35d91000 rw-p 00000000 00:00 0                          [stack]
7ffc35dd7000-7ffc35dda000 r--p 00000000 00:00 0                          [vvar]
7ffc35dda000-7ffc35ddb000 r-xp 00000000 00:00 0                          [vdso]
ffffffffff600000-ffffffffff601000 --xp 00000000 00:00 0                  [vsyscall]

VM Arguments:
jvm_args: -Xbootclasspath/a:/usr/local/java/jdk1.8.0_301/jre/lib/rt.jar -Xverify:none 
java_command: org.eclipse.core.runtime.adaptor.EclipseStarter -debug
java_class_path (initial): ./sootOutput/eclipse/
Launcher Type: SUN_STANDARD

Logging:
Log output configuration:
#0: stdout all=warning uptime,level,tags
#1: stderr all=off uptime,level,tags

Environment Variables:
JAVA_HOME=/root/oracle/jdk-9.0.4
JRE_HOME=/root/oracle/jdk-9.0.4
CLASSPATH=.:/root/oracle/jdk-9.0.4/lib:/JVMfuzzing/htm/CFSynthesis/resource/commons-lang3-3.12.0/commons-lang3-3.12.0.jar
PATH=/root/oracle/jdk-9.0.4/bin:/root/.vscode-server/bin/da76f93349a72022ca4670c1b84860304616aaa2/bin/remote-cli:/root/oracle/jdk-9.0.4/bin:/usr/local/sbin:/usr/local/bin:/usr/sbin:/usr/bin:/sbin:/bin:/usr/games:/usr/local/games:/snap/bin
SHELL=/bin/bash

Signal Handlers:
SIGSEGV: [libjvm.so+0xd4d370], sa_mask[0]=11111111011111111101111111111110, sa_flags=SA_RESTART|SA_SIGINFO
SIGBUS: [libjvm.so+0xd4d370], sa_mask[0]=11111111011111111101111111111110, sa_flags=SA_RESTART|SA_SIGINFO
SIGFPE: [libjvm.so+0xd4d370], sa_mask[0]=11111111011111111101111111111110, sa_flags=SA_RESTART|SA_SIGINFO
SIGPIPE: [libjvm.so+0xb64780], sa_mask[0]=11111111011111111101111111111110, sa_flags=SA_RESTART|SA_SIGINFO
SIGXFSZ: [libjvm.so+0xb64780], sa_mask[0]=11111111011111111101111111111110, sa_flags=SA_RESTART|SA_SIGINFO
SIGILL: [libjvm.so+0xd4d370], sa_mask[0]=11111111011111111101111111111110, sa_flags=SA_RESTART|SA_SIGINFO
SIGUSR2: [libjvm.so+0xb64640], sa_mask[0]=00100000000000000000000000000000, sa_flags=SA_RESTART|SA_SIGINFO
SIGHUP: [libjvm.so+0xb64850], sa_mask[0]=11111111011111111101111111111110, sa_flags=SA_RESTART|SA_SIGINFO
SIGINT: [libjvm.so+0xb64850], sa_mask[0]=11111111011111111101111111111110, sa_flags=SA_RESTART|SA_SIGINFO
SIGTERM: [libjvm.so+0xb64850], sa_mask[0]=11111111011111111101111111111110, sa_flags=SA_RESTART|SA_SIGINFO
SIGQUIT: [libjvm.so+0xb64850], sa_mask[0]=11111111011111111101111111111110, sa_flags=SA_RESTART|SA_SIGINFO


---------------  S Y S T E M  ---------------

OS:DISTRIB_ID=Ubuntu
DISTRIB_RELEASE=20.04
DISTRIB_CODENAME=focal
DISTRIB_DESCRIPTION="Ubuntu 20.04.3 LTS"
uname:Linux 5.4.0-124-generic #140~18.04.1-Ubuntu SMP Fri Aug 5 11:43:34 UTC 2022 x86_64
libc:glibc 2.31 NPTL 2.31 
rlimit: STACK 8192k, CORE infinity, NPROC infinity, NOFILE 1048576, AS infinity
load average:38.02 38.34 37.78

/proc/meminfo:
MemTotal:       65549624 kB
MemFree:        11068396 kB
MemAvailable:   37724644 kB
Buffers:         5871452 kB
Cached:          3291432 kB
SwapCached:         8096 kB
Active:         28215936 kB
Inactive:        6101168 kB
Active(anon):   21158244 kB
Inactive(anon):  4017140 kB
Active(file):    7057692 kB
Inactive(file):  2084028 kB
Unevictable:          16 kB
Mlocked:              16 kB
SwapTotal:       2097148 kB
SwapFree:             12 kB
Dirty:             17152 kB
Writeback:             0 kB
AnonPages:      25147076 kB
Mapped:           841424 kB
Shmem:             25624 kB
KReclaimable:   18246452 kB
Slab:           19417204 kB
SReclaimable:   18246452 kB
SUnreclaim:      1170752 kB
KernelStack:       78768 kB
PageTables:       230712 kB
NFS_Unstable:          0 kB
Bounce:                0 kB
WritebackTmp:          0 kB
CommitLimit:    34871960 kB
Committed_AS:   79850092 kB
VmallocTotal:   34359738367 kB
VmallocUsed:      161520 kB
VmallocChunk:          0 kB
Percpu:            32512 kB
HardwareCorrupted:     0 kB
AnonHugePages:         0 kB
ShmemHugePages:        0 kB
ShmemPmdMapped:        0 kB
FileHugePages:         0 kB
FilePmdMapped:         0 kB
CmaTotal:              0 kB
CmaFree:               0 kB
HugePages_Total:       0
HugePages_Free:        0
HugePages_Rsvd:        0
HugePages_Surp:        0
Hugepagesize:       2048 kB
Hugetlb:               0 kB
DirectMap4k:    15497632 kB
DirectMap2M:    51298304 kB
DirectMap1G:           0 kB


CPU:total 28 (initial active 28) (14 cores per cpu, 2 threads per core) family 6 model 85 stepping 4, cmov, cx8, fxsr, mmx, sse, sse2, sse3, ssse3, sse4.1, sse4.2, popcnt, avx, avx2, aes, clmul, erms, rtm, 3dnowpref, lzcnt, ht, tsc, tscinvbit, bmi1, bmi2, adx, fma
CPU Model and flags from /proc/cpuinfo:
model name	: Intel(R) Core(TM) i9-9940X CPU @ 3.30GHz
flags		: fpu vme de pse tsc msr pae mce cx8 apic sep mtrr pge mca cmov pat pse36 clflush dts acpi mmx fxsr sse sse2 ss ht tm pbe syscall nx pdpe1gb rdtscp lm constant_tsc art arch_perfmon pebs bts rep_good nopl xtopology nonstop_tsc cpuid aperfmperf pni pclmulqdq dtes64 monitor ds_cpl vmx est tm2 ssse3 sdbg fma cx16 xtpr pdcm pcid dca sse4_1 sse4_2 x2apic movbe popcnt tsc_deadline_timer aes xsave avx f16c rdrand lahf_lm abm 3dnowprefetch cpuid_fault epb cat_l3 cdp_l3 invpcid_single pti ssbd mba ibrs ibpb stibp tpr_shadow vnmi flexpriority ept vpid ept_ad fsgsbase tsc_adjust bmi1 hle avx2 smep bmi2 erms invpcid rtm cqm mpx rdt_a avx512f avx512dq rdseed adx smap clflushopt clwb intel_pt avx512cd avx512bw avx512vl xsaveopt xsavec xgetbv1 xsaves cqm_llc cqm_occup_llc cqm_mbm_total cqm_mbm_local dtherm ida arat pln pts hwp hwp_act_window hwp_epp hwp_pkg_req md_clear flush_l1d arch_capabilities

Memory: 4k page, physical 65549624k(11068396k free), swap 2097148k(12k free)

vm_info: Java HotSpot(TM) 64-Bit Server VM (9.0.4+11) for linux-amd64 JRE (9.0.4+11), built on Dec 19 2017 18:12:19 by "mach5one" with gcc 4.9.2

END.
