#
# A fatal error has been detected by the Java Runtime Environment:
#
#  SIGSEGV (0xb) at pc=0x00007f50799ed199, pid=1518, tid=1584
#
# JRE version: Java(TM) SE Runtime Environment (9.0+11) (build 9.0.4+11)
# Java VM: Java HotSpot(TM) 64-Bit Server VM (9.0.4+11, mixed mode, tiered, compressed oops, g1 gc, linux-amd64)
# Problematic frame:
# V  [libjvm.so+0x4a8199]  GraphBuilder::arithmetic_op(ValueType*, Bytecodes::Code, ValueStack*)+0xc9
#
# Core dump will be written. Default location: Core dumps may be processed with "/usr/share/apport/apport -p%p -s%s -c%c -d%d -P%P -u%u -g%g -- %E" (or dumping to /JVMfuzzing/zjy/classming/Fuzzing-Testing-of-JVM-Implementations/core.1518)
#
# If you would like to submit a bug report, please visit:
#   http://bugreport.java.com/bugreport/crash.jsp
#

---------------  S U M M A R Y ------------

Command Line: -Xbootclasspath/a:/usr/local/java/jdk1.8.0_301/jre/lib/rt.jar -Xverify:none org.apache.batik.apps.rasterizer.Main

Host: Intel(R) Core(TM) i9-9940X CPU @ 3.30GHz, 28 cores, 62G, Ubuntu 20.04.3 LTS
Time: Thu Nov  3 07:51:00 2022 UTC elapsed time: 4 seconds (0d 0h 0m 4s)

---------------  T H R E A D  ---------------

Current thread (0x00007f50742bb800):  JavaThread "C1 CompilerThread8" daemon [_thread_in_native, id=1584, stack(0x00007f4f71d14000,0x00007f4f71e15000)]


Current CompileTask:
C1:   4011  422 %     3       org.apache.batik.apps.rasterizer.Main::main @ 60 (5719 bytes)

Stack: [0x00007f4f71d14000,0x00007f4f71e15000],  sp=0x00007f4f71e131d0,  free space=1020k
Native frames: (J=compiled Java code, A=aot compiled Java code, j=interpreted, Vv=VM code, C=native code)
V  [libjvm.so+0x4a8199]  GraphBuilder::arithmetic_op(ValueType*, Bytecodes::Code, ValueStack*)+0xc9
V  [libjvm.so+0x4b0143]  GraphBuilder::iterate_bytecodes_for_block(int)+0x753
V  [libjvm.so+0x4b1ad5]  GraphBuilder::iterate_all_blocks(bool)+0x85
V  [libjvm.so+0x4b1ec9]  GraphBuilder::GraphBuilder(Compilation*, IRScope*)+0x389
V  [libjvm.so+0x4b70a8]  IR::IR(Compilation*, ciMethod*, int)+0x1e8
V  [libjvm.so+0x497832]  Compilation::build_hir() [clone .part.93]+0x162
V  [libjvm.so+0x499633]  Compilation::compile_java_method()+0x3c3
V  [libjvm.so+0x4997af]  Compilation::compile_method()+0x12f
V  [libjvm.so+0x499c31]  Compilation::Compilation(AbstractCompiler*, ciEnv*, ciMethod*, int, BufferBlob*, DirectiveSet*)+0x271
V  [libjvm.so+0x49ac1e]  Compiler::compile_method(ciEnv*, ciMethod*, int, DirectiveSet*)+0xae
V  [libjvm.so+0x6125ac]  CompileBroker::invoke_compiler_on_method(CompileTask*)+0x41c
V  [libjvm.so+0x61344b]  CompileBroker::compiler_thread_loop()+0x28b
V  [libjvm.so+0xcef338]  JavaThread::thread_main_inner()+0xd8
V  [libjvm.so+0xb6e132]  thread_native_entry(Thread*)+0xf2
C  [libpthread.so.0+0x9609]  start_thread+0xd9


siginfo: si_signo: 11 (SIGSEGV), si_code: 1 (SEGV_MAPERR), si_addr: 0x0000000000000018

Register to memory mapping:

RAX=0x0000000000001f3b is an unknown value
RBX=0x00007f4f71e13460 is pointing into the stack for thread: 0x00007f50742bb800
RCX=0x00007f4f71e13800 is pointing into the stack for thread: 0x00007f50742bb800
RDX=0x00007f4f481de2f0 is an unknown value
RSP=0x00007f4f71e131d0 is pointing into the stack for thread: 0x00007f50742bb800
RBP=0x00007f4f71e13220 is pointing into the stack for thread: 0x00007f50742bb800
RSI=0x00007f4f481de250 is an unknown value
RDI=0x00007f507a829fe0: <offset 0x00000000012e4fe0> in /root/oracle/jdk-9.0.4/lib/server/libjvm.so at 0x00007f5079545000
R8 =0x00007f4f5c105a60 is an unknown value
R9 =0x00000000000000f9 is an unknown value
R10=0x0000000000000080 is an unknown value
R11=0x0000000000000000 is an unknown value
R12=0x00007f4f3c001140 is an unknown value
R13=0x00007f4f481de270 is an unknown value
R14=0x0000000000000000 is an unknown value
R15=0x00007f4f481de2f0 is an unknown value


Registers:
RAX=0x0000000000001f3b, RBX=0x00007f4f71e13460, RCX=0x00007f4f71e13800, RDX=0x00007f4f481de2f0
RSP=0x00007f4f71e131d0, RBP=0x00007f4f71e13220, RSI=0x00007f4f481de250, RDI=0x00007f507a829fe0
R8 =0x00007f4f5c105a60, R9 =0x00000000000000f9, R10=0x0000000000000080, R11=0x0000000000000000
R12=0x00007f4f3c001140, R13=0x00007f4f481de270, R14=0x0000000000000000, R15=0x00007f4f481de2f0
RIP=0x00007f50799ed199, EFLAGS=0x0000000000010293, CSGSFS=0x002b000000000033, ERR=0x0000000000000004
  TRAPNO=0x000000000000000e

Top of Stack: (sp=0x00007f4f71e131d0)
0x00007f4f71e131d0:   00007f507a75ccd0 00007f4f71e13800
0x00007f4f71e131e0:   0000000000000000 0000000000000060
0x00007f4f71e131f0:   00007f4f71e13220 0000000000000000
0x00007f4f71e13200:   0000000000000000 0000000000000000 

Instructions: (pc=0x00007f50799ed199)
0x00007f50799ed179:   77 20 0f 87 2f 01 00 00 49 89 77 18 49 89 d7 8b
0x00007f50799ed189:   41 08 8d 70 01 89 71 08 41 89 47 08 49 8b 75 18
0x00007f50799ed199:   49 8b 7e 18 e8 4e b9 08 00 48 8d 0d 97 64 e1 00
0x00007f50799ed1a9:   49 89 47 18 4c 89 ff 48 8d 05 d9 bb e7 00 41 c7 


---------------  P R O C E S S  ---------------

Java Threads: ( => current thread )
  0x00007f5074371800 JavaThread "Service Thread" daemon [_thread_blocked, id=1595, stack(0x00007f4f712b5000,0x00007f4f713b6000)]
  0x00007f50742d1800 JavaThread "Common-Cleaner" daemon [_thread_blocked, id=1589, stack(0x00007f4f713b6000,0x00007f4f714b7000)]
  0x00007f50742c2800 JavaThread "Sweeper thread" daemon [_thread_blocked, id=1588, stack(0x00007f4f71910000,0x00007f4f71a11000)]
  0x00007f50742c1000 JavaThread "C1 CompilerThread11" daemon [_thread_blocked, id=1587, stack(0x00007f4f71a11000,0x00007f4f71b12000)]
  0x00007f50742bf000 JavaThread "C1 CompilerThread10" daemon [_thread_blocked, id=1586, stack(0x00007f4f71b12000,0x00007f4f71c13000)]
  0x00007f50742bd800 JavaThread "C1 CompilerThread9" daemon [_thread_blocked, id=1585, stack(0x00007f4f71c13000,0x00007f4f71d14000)]
=>0x00007f50742bb800 JavaThread "C1 CompilerThread8" daemon [_thread_in_native, id=1584, stack(0x00007f4f71d14000,0x00007f4f71e15000)]
  0x00007f50742ba000 JavaThread "C2 CompilerThread7" daemon [_thread_blocked, id=1583, stack(0x00007f4f71e15000,0x00007f4f71f16000)]
  0x00007f50742b8000 JavaThread "C2 CompilerThread6" daemon [_thread_blocked, id=1582, stack(0x00007f4f71f16000,0x00007f4f72017000)]
  0x00007f50742b6800 JavaThread "C2 CompilerThread5" daemon [_thread_blocked, id=1581, stack(0x00007f4f72017000,0x00007f4f72118000)]
  0x00007f50742b4800 JavaThread "C2 CompilerThread4" daemon [_thread_blocked, id=1580, stack(0x00007f4f72118000,0x00007f4f72219000)]
  0x00007f50742b2800 JavaThread "C2 CompilerThread3" daemon [_thread_blocked, id=1579, stack(0x00007f4f72219000,0x00007f4f7231a000)]
  0x00007f50742b1000 JavaThread "C2 CompilerThread2" daemon [_thread_blocked, id=1578, stack(0x00007f4f7231a000,0x00007f4f7241b000)]
  0x00007f50742af000 JavaThread "C2 CompilerThread1" daemon [_thread_blocked, id=1577, stack(0x00007f4f7241b000,0x00007f4f7251c000)]
  0x00007f50742ad800 JavaThread "C2 CompilerThread0" daemon [_thread_blocked, id=1576, stack(0x00007f4f7251c000,0x00007f4f7261d000)]
  0x00007f50742ac800 JavaThread "Signal Dispatcher" daemon [_thread_blocked, id=1575, stack(0x00007f4f7261d000,0x00007f4f7271e000)]
  0x00007f5074291000 JavaThread "Finalizer" daemon [_thread_blocked, id=1574, stack(0x00007f4f7271e000,0x00007f4f7281f000)]
  0x00007f5074288800 JavaThread "Reference Handler" daemon [_thread_blocked, id=1573, stack(0x00007f4f7281f000,0x00007f4f72920000)]
  0x00007f5074011800 JavaThread "main" [_thread_in_Java, id=1520, stack(0x00007f50792f7000,0x00007f50793f6000)]

Other Threads:
  0x00007f5074281000 VMThread "VM Thread" [stack: 0x00007f4f72922000,0x00007f4f72a22000] [id=1572]
  0x00007f5074374000 WatcherThread [stack: 0x00007f4f711b5000,0x00007f4f712b5000] [id=1596]
  0x00007f5074034000 GCTaskThread "GC Thread#0" [stack: 0x00007f5078551000,0x00007f5078651000] [id=1524]
  0x00007f5074035800 GCTaskThread "GC Thread#1" [stack: 0x00007f507844f000,0x00007f507854f000] [id=1525]
  0x00007f5074037000 GCTaskThread "GC Thread#2" [stack: 0x00007f507834d000,0x00007f507844d000] [id=1526]
  0x00007f5074039000 GCTaskThread "GC Thread#3" [stack: 0x00007f507824b000,0x00007f507834b000] [id=1527]
  0x00007f507403a800 GCTaskThread "GC Thread#4" [stack: 0x00007f5078149000,0x00007f5078249000] [id=1528]
  0x00007f507403c800 GCTaskThread "GC Thread#5" [stack: 0x00007f5078047000,0x00007f5078147000] [id=1530]
  0x00007f507403e000 GCTaskThread "GC Thread#6" [stack: 0x00007f5059a43000,0x00007f5059b43000] [id=1531]
  0x00007f507403f800 GCTaskThread "GC Thread#7" [stack: 0x00007f5059941000,0x00007f5059a41000] [id=1532]
  0x00007f5074041800 GCTaskThread "GC Thread#8" [stack: 0x00007f505983f000,0x00007f505993f000] [id=1533]
  0x00007f5074043000 GCTaskThread "GC Thread#9" [stack: 0x00007f505973d000,0x00007f505983d000] [id=1534]
  0x00007f5074045000 GCTaskThread "GC Thread#10" [stack: 0x00007f505963b000,0x00007f505973b000] [id=1535]
  0x00007f5074046800 GCTaskThread "GC Thread#11" [stack: 0x00007f5059539000,0x00007f5059639000] [id=1536]
  0x00007f5074048800 GCTaskThread "GC Thread#12" [stack: 0x00007f5059437000,0x00007f5059537000] [id=1537]
  0x00007f507404a000 GCTaskThread "GC Thread#13" [stack: 0x00007f5059335000,0x00007f5059435000] [id=1538]
  0x00007f507404c000 GCTaskThread "GC Thread#14" [stack: 0x00007f5059233000,0x00007f5059333000] [id=1539]
  0x00007f507404d800 GCTaskThread "GC Thread#15" [stack: 0x00007f5059131000,0x00007f5059231000] [id=1540]
  0x00007f507404f800 GCTaskThread "GC Thread#16" [stack: 0x00007f505902f000,0x00007f505912f000] [id=1541]
  0x00007f5074051000 GCTaskThread "GC Thread#17" [stack: 0x00007f5058f2d000,0x00007f505902d000] [id=1542]
  0x00007f5074052800 GCTaskThread "GC Thread#18" [stack: 0x00007f5058e2b000,0x00007f5058f2b000] [id=1543]
  0x00007f5074054800 GCTaskThread "GC Thread#19" [stack: 0x00007f5058d29000,0x00007f5058e29000] [id=1544]
  0x00007f507409f800 ConcurrentGCThread "G1 Main Marker" [stack: 0x00007f500820d000,0x00007f500830d000] [id=1566]
  0x00007f50740a1000 ConcurrentGCThread "G1 Marker#0" [stack: 0x00007f500810b000,0x00007f500820b000] [id=1567]
  0x00007f50740a3000 ConcurrentGCThread "G1 Marker#1" [stack: 0x00007f5008009000,0x00007f5008109000] [id=1568]
  0x00007f50740a4800 ConcurrentGCThread "G1 Marker#2" [stack: 0x00007f4f8a931000,0x00007f4f8aa31000] [id=1569]
  0x00007f50740a6800 ConcurrentGCThread "G1 Marker#3" [stack: 0x00007f4f8a82f000,0x00007f4f8a92f000] [id=1570]
  0x00007f50740a8000 ConcurrentGCThread "G1 Marker#4" [stack: 0x00007f4f8a72d000,0x00007f4f8a82d000] [id=1571]
  0x00007f5074078800 ConcurrentGCThread "G1 Refine#0" [stack: 0x00007f500a4d3000,0x00007f500a5d3000] [id=1564]
  0x00007f5074077000 ConcurrentGCThread "G1 Refine#1" [stack: 0x00007f500a5d5000,0x00007f500a6d5000] [id=1563]
  0x00007f5074075000 ConcurrentGCThread "G1 Refine#2" [stack: 0x00007f500a6d7000,0x00007f500a7d7000] [id=1562]
  0x00007f5074073800 ConcurrentGCThread "G1 Refine#3" [stack: 0x00007f500a7d9000,0x00007f500a8d9000] [id=1561]
  0x00007f5074071800 ConcurrentGCThread "G1 Refine#4" [stack: 0x00007f500a8db000,0x00007f500a9db000] [id=1560]
  0x00007f5074070000 ConcurrentGCThread "G1 Refine#5" [stack: 0x00007f500a9dd000,0x00007f500aadd000] [id=1559]
  0x00007f507406e000 ConcurrentGCThread "G1 Refine#6" [stack: 0x00007f500aadf000,0x00007f500abdf000] [id=1558]
  0x00007f507406c800 ConcurrentGCThread "G1 Refine#7" [stack: 0x00007f500abe1000,0x00007f500ace1000] [id=1557]
  0x00007f507406a800 ConcurrentGCThread "G1 Refine#8" [stack: 0x00007f500ace3000,0x00007f500ade3000] [id=1556]
  0x00007f5074069000 ConcurrentGCThread "G1 Refine#9" [stack: 0x00007f500ade5000,0x00007f500aee5000] [id=1555]
  0x00007f5074067000 ConcurrentGCThread "G1 Refine#10" [stack: 0x00007f500aee7000,0x00007f500afe7000] [id=1554]
  0x00007f5074065000 ConcurrentGCThread "G1 Refine#11" [stack: 0x00007f500afe9000,0x00007f500b0e9000] [id=1553]
  0x00007f5074063800 ConcurrentGCThread "G1 Refine#12" [stack: 0x00007f500b0eb000,0x00007f500b1eb000] [id=1552]
  0x00007f5074061800 ConcurrentGCThread "G1 Refine#13" [stack: 0x00007f500b1ed000,0x00007f500b2ed000] [id=1551]
  0x00007f5074060000 ConcurrentGCThread "G1 Refine#14" [stack: 0x00007f500b2ef000,0x00007f500b3ef000] [id=1550]
  0x00007f507405e000 ConcurrentGCThread "G1 Refine#15" [stack: 0x00007f500b3f1000,0x00007f500b4f1000] [id=1549]
  0x00007f507405c800 ConcurrentGCThread "G1 Refine#16" [stack: 0x00007f500b4f3000,0x00007f500b5f3000] [id=1548]
  0x00007f507405a800 ConcurrentGCThread "G1 Refine#17" [stack: 0x00007f500b5f5000,0x00007f500b6f5000] [id=1547]
  0x00007f5074059000 ConcurrentGCThread "G1 Refine#18" [stack: 0x00007f500b6f7000,0x00007f500b7f7000] [id=1546]
  0x00007f5074057000 ConcurrentGCThread "G1 Refine#19" [stack: 0x00007f500b7f9000,0x00007f500b8f9000] [id=1545]
  0x00007f507407a800 ConcurrentGCThread "G1 Young RemSet Sampling" [stack: 0x00007f500a3d1000,0x00007f500a4d1000] [id=1565]

Threads with active compile tasks:
C1 CompilerThread8 422 %     3       org.apache.batik.apps.rasterizer.Main::main @ 60 (5719 bytes)

VM state:not at safepoint (normal execution)

VM Mutex/Monitor currently owned by a thread: None

Heap address: 0x00000003d7c00000, size: 16004 MB, Compressed Oops mode: Zero based, Oop shift amount: 3
Narrow klass base: 0x0000000000000000, Narrow klass shift: 3
Compressed class space size: 1073741824 Address: 0x00000007c0000000

Heap:
 garbage-first heap   total 1028096K, used 60717K [0x00000003d7c00000, 0x00000003d80007d8, 0x00000007c0000000)
  region size 4096K, 16 young (65536K), 1 survivors (4096K)
 Metaspace       used 6535K, capacity 6682K, committed 6784K, reserved 1056768K
  class space    used 564K, capacity 611K, committed 640K, reserved 1048576K
Heap Regions: E=young(eden), S=young(survivor), O=old, HS=humongous(starts), HC=humongous(continues), CS=collection set, F=free, A=archive, TS=gc time stamp, AC=allocation context, TAMS=top-at-mark-start (previous, next)
|   0|0x00000003d7c00000, 0x00000003d7c00000, 0x00000003d8000000|  0%| F|  |TS  0|AC  0|TAMS 0x00000003d7c00000, 0x00000003d7c00000|
|   1|0x00000003d8000000, 0x00000003d8000000, 0x00000003d8400000|  0%| F|  |TS  0|AC  0|TAMS 0x00000003d8000000, 0x00000003d8000000|
|   2|0x00000003d8400000, 0x00000003d8400000, 0x00000003d8800000|  0%| F|  |TS  0|AC  0|TAMS 0x00000003d8400000, 0x00000003d8400000|
|   3|0x00000003d8800000, 0x00000003d8800000, 0x00000003d8c00000|  0%| F|  |TS  0|AC  0|TAMS 0x00000003d8800000, 0x00000003d8800000|
|   4|0x00000003d8c00000, 0x00000003d8c00000, 0x00000003d9000000|  0%| F|  |TS  0|AC  0|TAMS 0x00000003d8c00000, 0x00000003d8c00000|
|   5|0x00000003d9000000, 0x00000003d9000000, 0x00000003d9400000|  0%| F|  |TS  0|AC  0|TAMS 0x00000003d9000000, 0x00000003d9000000|
|   6|0x00000003d9400000, 0x00000003d9400000, 0x00000003d9800000|  0%| F|  |TS  0|AC  0|TAMS 0x00000003d9400000, 0x00000003d9400000|
|   7|0x00000003d9800000, 0x00000003d9800000, 0x00000003d9c00000|  0%| F|  |TS  0|AC  0|TAMS 0x00000003d9800000, 0x00000003d9800000|
|   8|0x00000003d9c00000, 0x00000003d9c00000, 0x00000003da000000|  0%| F|  |TS  0|AC  0|TAMS 0x00000003d9c00000, 0x00000003d9c00000|
|   9|0x00000003da000000, 0x00000003da000000, 0x00000003da400000|  0%| F|  |TS  0|AC  0|TAMS 0x00000003da000000, 0x00000003da000000|
|  10|0x00000003da400000, 0x00000003da400000, 0x00000003da800000|  0%| F|  |TS  0|AC  0|TAMS 0x00000003da400000, 0x00000003da400000|
|  11|0x00000003da800000, 0x00000003da800000, 0x00000003dac00000|  0%| F|  |TS  0|AC  0|TAMS 0x00000003da800000, 0x00000003da800000|
|  12|0x00000003dac00000, 0x00000003dac00000, 0x00000003db000000|  0%| F|  |TS  0|AC  0|TAMS 0x00000003dac00000, 0x00000003dac00000|
|  13|0x00000003db000000, 0x00000003db000000, 0x00000003db400000|  0%| F|  |TS  0|AC  0|TAMS 0x00000003db000000, 0x00000003db000000|
|  14|0x00000003db400000, 0x00000003db400000, 0x00000003db800000|  0%| F|  |TS  0|AC  0|TAMS 0x00000003db400000, 0x00000003db400000|
|  15|0x00000003db800000, 0x00000003db800000, 0x00000003dbc00000|  0%| F|  |TS  0|AC  0|TAMS 0x00000003db800000, 0x00000003db800000|
|  16|0x00000003dbc00000, 0x00000003dbc00000, 0x00000003dc000000|  0%| F|  |TS  0|AC  0|TAMS 0x00000003dbc00000, 0x00000003dbc00000|
|  17|0x00000003dc000000, 0x00000003dc000000, 0x00000003dc400000|  0%| F|  |TS  0|AC  0|TAMS 0x00000003dc000000, 0x00000003dc000000|
|  18|0x00000003dc400000, 0x00000003dc400000, 0x00000003dc800000|  0%| F|  |TS  0|AC  0|TAMS 0x00000003dc400000, 0x00000003dc400000|
|  19|0x00000003dc800000, 0x00000003dc800000, 0x00000003dcc00000|  0%| F|  |TS  0|AC  0|TAMS 0x00000003dc800000, 0x00000003dc800000|
|  20|0x00000003dcc00000, 0x00000003dcc00000, 0x00000003dd000000|  0%| F|  |TS  0|AC  0|TAMS 0x00000003dcc00000, 0x00000003dcc00000|
|  21|0x00000003dd000000, 0x00000003dd000000, 0x00000003dd400000|  0%| F|  |TS  0|AC  0|TAMS 0x00000003dd000000, 0x00000003dd000000|
|  22|0x00000003dd400000, 0x00000003dd400000, 0x00000003dd800000|  0%| F|  |TS  0|AC  0|TAMS 0x00000003dd400000, 0x00000003dd400000|
|  23|0x00000003dd800000, 0x00000003dd800000, 0x00000003ddc00000|  0%| F|  |TS  0|AC  0|TAMS 0x00000003dd800000, 0x00000003dd800000|
|  24|0x00000003ddc00000, 0x00000003ddc00000, 0x00000003de000000|  0%| F|  |TS  0|AC  0|TAMS 0x00000003ddc00000, 0x00000003ddc00000|
|  25|0x00000003de000000, 0x00000003de000000, 0x00000003de400000|  0%| F|  |TS  0|AC  0|TAMS 0x00000003de000000, 0x00000003de000000|
|  26|0x00000003de400000, 0x00000003de400000, 0x00000003de800000|  0%| F|  |TS  0|AC  0|TAMS 0x00000003de400000, 0x00000003de400000|
|  27|0x00000003de800000, 0x00000003de800000, 0x00000003dec00000|  0%| F|  |TS  0|AC  0|TAMS 0x00000003de800000, 0x00000003de800000|
|  28|0x00000003dec00000, 0x00000003dec00000, 0x00000003df000000|  0%| F|  |TS  0|AC  0|TAMS 0x00000003dec00000, 0x00000003dec00000|
|  29|0x00000003df000000, 0x00000003df000000, 0x00000003df400000|  0%| F|  |TS  0|AC  0|TAMS 0x00000003df000000, 0x00000003df000000|
|  30|0x00000003df400000, 0x00000003df400000, 0x00000003df800000|  0%| F|  |TS  0|AC  0|TAMS 0x00000003df400000, 0x00000003df400000|
|  31|0x00000003df800000, 0x00000003df800000, 0x00000003dfc00000|  0%| F|  |TS  0|AC  0|TAMS 0x00000003df800000, 0x00000003df800000|
|  32|0x00000003dfc00000, 0x00000003dfc00000, 0x00000003e0000000|  0%| F|  |TS  0|AC  0|TAMS 0x00000003dfc00000, 0x00000003dfc00000|
|  33|0x00000003e0000000, 0x00000003e0000000, 0x00000003e0400000|  0%| F|  |TS  0|AC  0|TAMS 0x00000003e0000000, 0x00000003e0000000|
|  34|0x00000003e0400000, 0x00000003e0400000, 0x00000003e0800000|  0%| F|  |TS  0|AC  0|TAMS 0x00000003e0400000, 0x00000003e0400000|
|  35|0x00000003e0800000, 0x00000003e0800000, 0x00000003e0c00000|  0%| F|  |TS  0|AC  0|TAMS 0x00000003e0800000, 0x00000003e0800000|
|  36|0x00000003e0c00000, 0x00000003e0c00000, 0x00000003e1000000|  0%| F|  |TS  0|AC  0|TAMS 0x00000003e0c00000, 0x00000003e0c00000|
|  37|0x00000003e1000000, 0x00000003e1000000, 0x00000003e1400000|  0%| F|  |TS  0|AC  0|TAMS 0x00000003e1000000, 0x00000003e1000000|
|  38|0x00000003e1400000, 0x00000003e1400000, 0x00000003e1800000|  0%| F|  |TS  0|AC  0|TAMS 0x00000003e1400000, 0x00000003e1400000|
|  39|0x00000003e1800000, 0x00000003e1800000, 0x00000003e1c00000|  0%| F|  |TS  0|AC  0|TAMS 0x00000003e1800000, 0x00000003e1800000|
|  40|0x00000003e1c00000, 0x00000003e1c00000, 0x00000003e2000000|  0%| F|  |TS  0|AC  0|TAMS 0x00000003e1c00000, 0x00000003e1c00000|
|  41|0x00000003e2000000, 0x00000003e2000000, 0x00000003e2400000|  0%| F|  |TS  0|AC  0|TAMS 0x00000003e2000000, 0x00000003e2000000|
|  42|0x00000003e2400000, 0x00000003e2400000, 0x00000003e2800000|  0%| F|  |TS  0|AC  0|TAMS 0x00000003e2400000, 0x00000003e2400000|
|  43|0x00000003e2800000, 0x00000003e2800000, 0x00000003e2c00000|  0%| F|  |TS  0|AC  0|TAMS 0x00000003e2800000, 0x00000003e2800000|
|  44|0x00000003e2c00000, 0x00000003e2c00000, 0x00000003e3000000|  0%| F|  |TS  0|AC  0|TAMS 0x00000003e2c00000, 0x00000003e2c00000|
|  45|0x00000003e3000000, 0x00000003e3000000, 0x00000003e3400000|  0%| F|  |TS  0|AC  0|TAMS 0x00000003e3000000, 0x00000003e3000000|
|  46|0x00000003e3400000, 0x00000003e3400000, 0x00000003e3800000|  0%| F|  |TS  0|AC  0|TAMS 0x00000003e3400000, 0x00000003e3400000|
|  47|0x00000003e3800000, 0x00000003e3800000, 0x00000003e3c00000|  0%| F|  |TS  0|AC  0|TAMS 0x00000003e3800000, 0x00000003e3800000|
|  48|0x00000003e3c00000, 0x00000003e3c00000, 0x00000003e4000000|  0%| F|  |TS  0|AC  0|TAMS 0x00000003e3c00000, 0x00000003e3c00000|
|  49|0x00000003e4000000, 0x00000003e4000000, 0x00000003e4400000|  0%| F|  |TS  0|AC  0|TAMS 0x00000003e4000000, 0x00000003e4000000|
|  50|0x00000003e4400000, 0x00000003e4400000, 0x00000003e4800000|  0%| F|  |TS  0|AC  0|TAMS 0x00000003e4400000, 0x00000003e4400000|
|  51|0x00000003e4800000, 0x00000003e4800000, 0x00000003e4c00000|  0%| F|  |TS  0|AC  0|TAMS 0x00000003e4800000, 0x00000003e4800000|
|  52|0x00000003e4c00000, 0x00000003e4c00000, 0x00000003e5000000|  0%| F|  |TS  0|AC  0|TAMS 0x00000003e4c00000, 0x00000003e4c00000|
|  53|0x00000003e5000000, 0x00000003e5000000, 0x00000003e5400000|  0%| F|  |TS  0|AC  0|TAMS 0x00000003e5000000, 0x00000003e5000000|
|  54|0x00000003e5400000, 0x00000003e5400000, 0x00000003e5800000|  0%| F|  |TS  0|AC  0|TAMS 0x00000003e5400000, 0x00000003e5400000|
|  55|0x00000003e5800000, 0x00000003e5800000, 0x00000003e5c00000|  0%| F|  |TS  0|AC  0|TAMS 0x00000003e5800000, 0x00000003e5800000|
|  56|0x00000003e5c00000, 0x00000003e5c00000, 0x00000003e6000000|  0%| F|  |TS  0|AC  0|TAMS 0x00000003e5c00000, 0x00000003e5c00000|
|  57|0x00000003e6000000, 0x00000003e6000000, 0x00000003e6400000|  0%| F|  |TS  0|AC  0|TAMS 0x00000003e6000000, 0x00000003e6000000|
|  58|0x00000003e6400000, 0x00000003e6400000, 0x00000003e6800000|  0%| F|  |TS  0|AC  0|TAMS 0x00000003e6400000, 0x00000003e6400000|
|  59|0x00000003e6800000, 0x00000003e6800000, 0x00000003e6c00000|  0%| F|  |TS  0|AC  0|TAMS 0x00000003e6800000, 0x00000003e6800000|
|  60|0x00000003e6c00000, 0x00000003e6c00000, 0x00000003e7000000|  0%| F|  |TS  0|AC  0|TAMS 0x00000003e6c00000, 0x00000003e6c00000|
|  61|0x00000003e7000000, 0x00000003e7000000, 0x00000003e7400000|  0%| F|  |TS  0|AC  0|TAMS 0x00000003e7000000, 0x00000003e7000000|
|  62|0x00000003e7400000, 0x00000003e7400000, 0x00000003e7800000|  0%| F|  |TS  0|AC  0|TAMS 0x00000003e7400000, 0x00000003e7400000|
|  63|0x00000003e7800000, 0x00000003e7800000, 0x00000003e7c00000|  0%| F|  |TS  0|AC  0|TAMS 0x00000003e7800000, 0x00000003e7800000|
|  64|0x00000003e7c00000, 0x00000003e7c00000, 0x00000003e8000000|  0%| F|  |TS  0|AC  0|TAMS 0x00000003e7c00000, 0x00000003e7c00000|
|  65|0x00000003e8000000, 0x00000003e8000000, 0x00000003e8400000|  0%| F|  |TS  0|AC  0|TAMS 0x00000003e8000000, 0x00000003e8000000|
|  66|0x00000003e8400000, 0x00000003e8400000, 0x00000003e8800000|  0%| F|  |TS  0|AC  0|TAMS 0x00000003e8400000, 0x00000003e8400000|
|  67|0x00000003e8800000, 0x00000003e8800000, 0x00000003e8c00000|  0%| F|  |TS  0|AC  0|TAMS 0x00000003e8800000, 0x00000003e8800000|
|  68|0x00000003e8c00000, 0x00000003e8c00000, 0x00000003e9000000|  0%| F|  |TS  0|AC  0|TAMS 0x00000003e8c00000, 0x00000003e8c00000|
|  69|0x00000003e9000000, 0x00000003e9000000, 0x00000003e9400000|  0%| F|  |TS  0|AC  0|TAMS 0x00000003e9000000, 0x00000003e9000000|
|  70|0x00000003e9400000, 0x00000003e9400000, 0x00000003e9800000|  0%| F|  |TS  0|AC  0|TAMS 0x00000003e9400000, 0x00000003e9400000|
|  71|0x00000003e9800000, 0x00000003e9800000, 0x00000003e9c00000|  0%| F|  |TS  0|AC  0|TAMS 0x00000003e9800000, 0x00000003e9800000|
|  72|0x00000003e9c00000, 0x00000003e9c00000, 0x00000003ea000000|  0%| F|  |TS  0|AC  0|TAMS 0x00000003e9c00000, 0x00000003e9c00000|
|  73|0x00000003ea000000, 0x00000003ea000000, 0x00000003ea400000|  0%| F|  |TS  0|AC  0|TAMS 0x00000003ea000000, 0x00000003ea000000|
|  74|0x00000003ea400000, 0x00000003ea400000, 0x00000003ea800000|  0%| F|  |TS  0|AC  0|TAMS 0x00000003ea400000, 0x00000003ea400000|
|  75|0x00000003ea800000, 0x00000003ea800000, 0x00000003eac00000|  0%| F|  |TS  0|AC  0|TAMS 0x00000003ea800000, 0x00000003ea800000|
|  76|0x00000003eac00000, 0x00000003eac00000, 0x00000003eb000000|  0%| F|  |TS  0|AC  0|TAMS 0x00000003eac00000, 0x00000003eac00000|
|  77|0x00000003eb000000, 0x00000003eb000000, 0x00000003eb400000|  0%| F|  |TS  0|AC  0|TAMS 0x00000003eb000000, 0x00000003eb000000|
|  78|0x00000003eb400000, 0x00000003eb400000, 0x00000003eb800000|  0%| F|  |TS  0|AC  0|TAMS 0x00000003eb400000, 0x00000003eb400000|
|  79|0x00000003eb800000, 0x00000003eb800000, 0x00000003ebc00000|  0%| F|  |TS  0|AC  0|TAMS 0x00000003eb800000, 0x00000003eb800000|
|  80|0x00000003ebc00000, 0x00000003ebc00000, 0x00000003ec000000|  0%| F|  |TS  0|AC  0|TAMS 0x00000003ebc00000, 0x00000003ebc00000|
|  81|0x00000003ec000000, 0x00000003ec000000, 0x00000003ec400000|  0%| F|  |TS  0|AC  0|TAMS 0x00000003ec000000, 0x00000003ec000000|
|  82|0x00000003ec400000, 0x00000003ec400000, 0x00000003ec800000|  0%| F|  |TS  0|AC  0|TAMS 0x00000003ec400000, 0x00000003ec400000|
|  83|0x00000003ec800000, 0x00000003ec800000, 0x00000003ecc00000|  0%| F|  |TS  0|AC  0|TAMS 0x00000003ec800000, 0x00000003ec800000|
|  84|0x00000003ecc00000, 0x00000003ecc00000, 0x00000003ed000000|  0%| F|  |TS  0|AC  0|TAMS 0x00000003ecc00000, 0x00000003ecc00000|
|  85|0x00000003ed000000, 0x00000003ed000000, 0x00000003ed400000|  0%| F|  |TS  0|AC  0|TAMS 0x00000003ed000000, 0x00000003ed000000|
|  86|0x00000003ed400000, 0x00000003ed400000, 0x00000003ed800000|  0%| F|  |TS  0|AC  0|TAMS 0x00000003ed400000, 0x00000003ed400000|
|  87|0x00000003ed800000, 0x00000003ed800000, 0x00000003edc00000|  0%| F|  |TS  0|AC  0|TAMS 0x00000003ed800000, 0x00000003ed800000|
|  88|0x00000003edc00000, 0x00000003edc00000, 0x00000003ee000000|  0%| F|  |TS  0|AC  0|TAMS 0x00000003edc00000, 0x00000003edc00000|
|  89|0x00000003ee000000, 0x00000003ee000000, 0x00000003ee400000|  0%| F|  |TS  0|AC  0|TAMS 0x00000003ee000000, 0x00000003ee000000|
|  90|0x00000003ee400000, 0x00000003ee400000, 0x00000003ee800000|  0%| F|  |TS  0|AC  0|TAMS 0x00000003ee400000, 0x00000003ee400000|
|  91|0x00000003ee800000, 0x00000003ee800000, 0x00000003eec00000|  0%| F|  |TS  0|AC  0|TAMS 0x00000003ee800000, 0x00000003ee800000|
|  92|0x00000003eec00000, 0x00000003eec00000, 0x00000003ef000000|  0%| F|  |TS  0|AC  0|TAMS 0x00000003eec00000, 0x00000003eec00000|
|  93|0x00000003ef000000, 0x00000003ef000000, 0x00000003ef400000|  0%| F|  |TS  0|AC  0|TAMS 0x00000003ef000000, 0x00000003ef000000|
|  94|0x00000003ef400000, 0x00000003ef400000, 0x00000003ef800000|  0%| F|  |TS  0|AC  0|TAMS 0x00000003ef400000, 0x00000003ef400000|
|  95|0x00000003ef800000, 0x00000003ef800000, 0x00000003efc00000|  0%| F|  |TS  0|AC  0|TAMS 0x00000003ef800000, 0x00000003ef800000|
|  96|0x00000003efc00000, 0x00000003efc00000, 0x00000003f0000000|  0%| F|  |TS  0|AC  0|TAMS 0x00000003efc00000, 0x00000003efc00000|
|  97|0x00000003f0000000, 0x00000003f0000000, 0x00000003f0400000|  0%| F|  |TS  0|AC  0|TAMS 0x00000003f0000000, 0x00000003f0000000|
|  98|0x00000003f0400000, 0x00000003f0400000, 0x00000003f0800000|  0%| F|  |TS  0|AC  0|TAMS 0x00000003f0400000, 0x00000003f0400000|
|  99|0x00000003f0800000, 0x00000003f0800000, 0x00000003f0c00000|  0%| F|  |TS  0|AC  0|TAMS 0x00000003f0800000, 0x00000003f0800000|
| 100|0x00000003f0c00000, 0x00000003f0c00000, 0x00000003f1000000|  0%| F|  |TS  0|AC  0|TAMS 0x00000003f0c00000, 0x00000003f0c00000|
| 101|0x00000003f1000000, 0x00000003f1000000, 0x00000003f1400000|  0%| F|  |TS  0|AC  0|TAMS 0x00000003f1000000, 0x00000003f1000000|
| 102|0x00000003f1400000, 0x00000003f1400000, 0x00000003f1800000|  0%| F|  |TS  0|AC  0|TAMS 0x00000003f1400000, 0x00000003f1400000|
| 103|0x00000003f1800000, 0x00000003f1800000, 0x00000003f1c00000|  0%| F|  |TS  0|AC  0|TAMS 0x00000003f1800000, 0x00000003f1800000|
| 104|0x00000003f1c00000, 0x00000003f1c00000, 0x00000003f2000000|  0%| F|  |TS  0|AC  0|TAMS 0x00000003f1c00000, 0x00000003f1c00000|
| 105|0x00000003f2000000, 0x00000003f2000000, 0x00000003f2400000|  0%| F|  |TS  0|AC  0|TAMS 0x00000003f2000000, 0x00000003f2000000|
| 106|0x00000003f2400000, 0x00000003f2400000, 0x00000003f2800000|  0%| F|  |TS  0|AC  0|TAMS 0x00000003f2400000, 0x00000003f2400000|
| 107|0x00000003f2800000, 0x00000003f2800000, 0x00000003f2c00000|  0%| F|  |TS  0|AC  0|TAMS 0x00000003f2800000, 0x00000003f2800000|
| 108|0x00000003f2c00000, 0x00000003f2c00000, 0x00000003f3000000|  0%| F|  |TS  0|AC  0|TAMS 0x00000003f2c00000, 0x00000003f2c00000|
| 109|0x00000003f3000000, 0x00000003f3000000, 0x00000003f3400000|  0%| F|  |TS  0|AC  0|TAMS 0x00000003f3000000, 0x00000003f3000000|
| 110|0x00000003f3400000, 0x00000003f3400000, 0x00000003f3800000|  0%| F|  |TS  0|AC  0|TAMS 0x00000003f3400000, 0x00000003f3400000|
| 111|0x00000003f3800000, 0x00000003f3800000, 0x00000003f3c00000|  0%| F|  |TS  0|AC  0|TAMS 0x00000003f3800000, 0x00000003f3800000|
| 112|0x00000003f3c00000, 0x00000003f3c00000, 0x00000003f4000000|  0%| F|  |TS  0|AC  0|TAMS 0x00000003f3c00000, 0x00000003f3c00000|
| 113|0x00000003f4000000, 0x00000003f4000000, 0x00000003f4400000|  0%| F|  |TS  0|AC  0|TAMS 0x00000003f4000000, 0x00000003f4000000|
| 114|0x00000003f4400000, 0x00000003f4400000, 0x00000003f4800000|  0%| F|  |TS  0|AC  0|TAMS 0x00000003f4400000, 0x00000003f4400000|
| 115|0x00000003f4800000, 0x00000003f4800000, 0x00000003f4c00000|  0%| F|  |TS  0|AC  0|TAMS 0x00000003f4800000, 0x00000003f4800000|
| 116|0x00000003f4c00000, 0x00000003f4c00000, 0x00000003f5000000|  0%| F|  |TS  0|AC  0|TAMS 0x00000003f4c00000, 0x00000003f4c00000|
| 117|0x00000003f5000000, 0x00000003f5000000, 0x00000003f5400000|  0%| F|  |TS  0|AC  0|TAMS 0x00000003f5000000, 0x00000003f5000000|
| 118|0x00000003f5400000, 0x00000003f5400000, 0x00000003f5800000|  0%| F|  |TS  0|AC  0|TAMS 0x00000003f5400000, 0x00000003f5400000|
| 119|0x00000003f5800000, 0x00000003f5800000, 0x00000003f5c00000|  0%| F|  |TS  0|AC  0|TAMS 0x00000003f5800000, 0x00000003f5800000|
| 120|0x00000003f5c00000, 0x00000003f5c00000, 0x00000003f6000000|  0%| F|  |TS  0|AC  0|TAMS 0x00000003f5c00000, 0x00000003f5c00000|
| 121|0x00000003f6000000, 0x00000003f6000000, 0x00000003f6400000|  0%| F|  |TS  0|AC  0|TAMS 0x00000003f6000000, 0x00000003f6000000|
| 122|0x00000003f6400000, 0x00000003f6400000, 0x00000003f6800000|  0%| F|  |TS  0|AC  0|TAMS 0x00000003f6400000, 0x00000003f6400000|
| 123|0x00000003f6800000, 0x00000003f6800000, 0x00000003f6c00000|  0%| F|  |TS  0|AC  0|TAMS 0x00000003f6800000, 0x00000003f6800000|
| 124|0x00000003f6c00000, 0x00000003f6c00000, 0x00000003f7000000|  0%| F|  |TS  0|AC  0|TAMS 0x00000003f6c00000, 0x00000003f6c00000|
| 125|0x00000003f7000000, 0x00000003f7000000, 0x00000003f7400000|  0%| F|  |TS  0|AC  0|TAMS 0x00000003f7000000, 0x00000003f7000000|
| 126|0x00000003f7400000, 0x00000003f7400000, 0x00000003f7800000|  0%| F|  |TS  0|AC  0|TAMS 0x00000003f7400000, 0x00000003f7400000|
| 127|0x00000003f7800000, 0x00000003f7800000, 0x00000003f7c00000|  0%| F|  |TS  0|AC  0|TAMS 0x00000003f7800000, 0x00000003f7800000|
| 128|0x00000003f7c00000, 0x00000003f7c00000, 0x00000003f8000000|  0%| F|  |TS  0|AC  0|TAMS 0x00000003f7c00000, 0x00000003f7c00000|
| 129|0x00000003f8000000, 0x00000003f8000000, 0x00000003f8400000|  0%| F|  |TS  0|AC  0|TAMS 0x00000003f8000000, 0x00000003f8000000|
| 130|0x00000003f8400000, 0x00000003f8400000, 0x00000003f8800000|  0%| F|  |TS  0|AC  0|TAMS 0x00000003f8400000, 0x00000003f8400000|
| 131|0x00000003f8800000, 0x00000003f8800000, 0x00000003f8c00000|  0%| F|  |TS  0|AC  0|TAMS 0x00000003f8800000, 0x00000003f8800000|
| 132|0x00000003f8c00000, 0x00000003f8c00000, 0x00000003f9000000|  0%| F|  |TS  0|AC  0|TAMS 0x00000003f8c00000, 0x00000003f8c00000|
| 133|0x00000003f9000000, 0x00000003f9000000, 0x00000003f9400000|  0%| F|  |TS  0|AC  0|TAMS 0x00000003f9000000, 0x00000003f9000000|
| 134|0x00000003f9400000, 0x00000003f9400000, 0x00000003f9800000|  0%| F|  |TS  0|AC  0|TAMS 0x00000003f9400000, 0x00000003f9400000|
| 135|0x00000003f9800000, 0x00000003f9800000, 0x00000003f9c00000|  0%| F|  |TS  0|AC  0|TAMS 0x00000003f9800000, 0x00000003f9800000|
| 136|0x00000003f9c00000, 0x00000003f9c00000, 0x00000003fa000000|  0%| F|  |TS  0|AC  0|TAMS 0x00000003f9c00000, 0x00000003f9c00000|
| 137|0x00000003fa000000, 0x00000003fa000000, 0x00000003fa400000|  0%| F|  |TS  0|AC  0|TAMS 0x00000003fa000000, 0x00000003fa000000|
| 138|0x00000003fa400000, 0x00000003fa400000, 0x00000003fa800000|  0%| F|  |TS  0|AC  0|TAMS 0x00000003fa400000, 0x00000003fa400000|
| 139|0x00000003fa800000, 0x00000003fa800000, 0x00000003fac00000|  0%| F|  |TS  0|AC  0|TAMS 0x00000003fa800000, 0x00000003fa800000|
| 140|0x00000003fac00000, 0x00000003fac00000, 0x00000003fb000000|  0%| F|  |TS  0|AC  0|TAMS 0x00000003fac00000, 0x00000003fac00000|
| 141|0x00000003fb000000, 0x00000003fb000000, 0x00000003fb400000|  0%| F|  |TS  0|AC  0|TAMS 0x00000003fb000000, 0x00000003fb000000|
| 142|0x00000003fb400000, 0x00000003fb400000, 0x00000003fb800000|  0%| F|  |TS  0|AC  0|TAMS 0x00000003fb400000, 0x00000003fb400000|
| 143|0x00000003fb800000, 0x00000003fb800000, 0x00000003fbc00000|  0%| F|  |TS  0|AC  0|TAMS 0x00000003fb800000, 0x00000003fb800000|
| 144|0x00000003fbc00000, 0x00000003fbc00000, 0x00000003fc000000|  0%| F|  |TS  0|AC  0|TAMS 0x00000003fbc00000, 0x00000003fbc00000|
| 145|0x00000003fc000000, 0x00000003fc000000, 0x00000003fc400000|  0%| F|  |TS  0|AC  0|TAMS 0x00000003fc000000, 0x00000003fc000000|
| 146|0x00000003fc400000, 0x00000003fc400000, 0x00000003fc800000|  0%| F|  |TS  0|AC  0|TAMS 0x00000003fc400000, 0x00000003fc400000|
| 147|0x00000003fc800000, 0x00000003fc800000, 0x00000003fcc00000|  0%| F|  |TS  0|AC  0|TAMS 0x00000003fc800000, 0x00000003fc800000|
| 148|0x00000003fcc00000, 0x00000003fcc00000, 0x00000003fd000000|  0%| F|  |TS  0|AC  0|TAMS 0x00000003fcc00000, 0x00000003fcc00000|
| 149|0x00000003fd000000, 0x00000003fd000000, 0x00000003fd400000|  0%| F|  |TS  0|AC  0|TAMS 0x00000003fd000000, 0x00000003fd000000|
| 150|0x00000003fd400000, 0x00000003fd400000, 0x00000003fd800000|  0%| F|  |TS  0|AC  0|TAMS 0x00000003fd400000, 0x00000003fd400000|
| 151|0x00000003fd800000, 0x00000003fd800000, 0x00000003fdc00000|  0%| F|  |TS  0|AC  0|TAMS 0x00000003fd800000, 0x00000003fd800000|
| 152|0x00000003fdc00000, 0x00000003fdc00000, 0x00000003fe000000|  0%| F|  |TS  0|AC  0|TAMS 0x00000003fdc00000, 0x00000003fdc00000|
| 153|0x00000003fe000000, 0x00000003fe000000, 0x00000003fe400000|  0%| F|  |TS  0|AC  0|TAMS 0x00000003fe000000, 0x00000003fe000000|
| 154|0x00000003fe400000, 0x00000003fe400000, 0x00000003fe800000|  0%| F|  |TS  0|AC  0|TAMS 0x00000003fe400000, 0x00000003fe400000|
| 155|0x00000003fe800000, 0x00000003fe800000, 0x00000003fec00000|  0%| F|  |TS  0|AC  0|TAMS 0x00000003fe800000, 0x00000003fe800000|
| 156|0x00000003fec00000, 0x00000003fec00000, 0x00000003ff000000|  0%| F|  |TS  0|AC  0|TAMS 0x00000003fec00000, 0x00000003fec00000|
| 157|0x00000003ff000000, 0x00000003ff000000, 0x00000003ff400000|  0%| F|  |TS  0|AC  0|TAMS 0x00000003ff000000, 0x00000003ff000000|
| 158|0x00000003ff400000, 0x00000003ff400000, 0x00000003ff800000|  0%| F|  |TS  0|AC  0|TAMS 0x00000003ff400000, 0x00000003ff400000|
| 159|0x00000003ff800000, 0x00000003ff800000, 0x00000003ffc00000|  0%| F|  |TS  0|AC  0|TAMS 0x00000003ff800000, 0x00000003ff800000|
| 160|0x00000003ffc00000, 0x00000003ffc00000, 0x0000000400000000|  0%| F|  |TS  0|AC  0|TAMS 0x00000003ffc00000, 0x00000003ffc00000|
| 161|0x0000000400000000, 0x0000000400000000, 0x0000000400400000|  0%| F|  |TS  0|AC  0|TAMS 0x0000000400000000, 0x0000000400000000|
| 162|0x0000000400400000, 0x0000000400400000, 0x0000000400800000|  0%| F|  |TS  0|AC  0|TAMS 0x0000000400400000, 0x0000000400400000|
| 163|0x0000000400800000, 0x0000000400800000, 0x0000000400c00000|  0%| F|  |TS  0|AC  0|TAMS 0x0000000400800000, 0x0000000400800000|
| 164|0x0000000400c00000, 0x0000000400c00000, 0x0000000401000000|  0%| F|  |TS  0|AC  0|TAMS 0x0000000400c00000, 0x0000000400c00000|
| 165|0x0000000401000000, 0x0000000401000000, 0x0000000401400000|  0%| F|  |TS  0|AC  0|TAMS 0x0000000401000000, 0x0000000401000000|
| 166|0x0000000401400000, 0x0000000401400000, 0x0000000401800000|  0%| F|  |TS  0|AC  0|TAMS 0x0000000401400000, 0x0000000401400000|
| 167|0x0000000401800000, 0x0000000401800000, 0x0000000401c00000|  0%| F|  |TS  0|AC  0|TAMS 0x0000000401800000, 0x0000000401800000|
| 168|0x0000000401c00000, 0x0000000401c00000, 0x0000000402000000|  0%| F|  |TS  0|AC  0|TAMS 0x0000000401c00000, 0x0000000401c00000|
| 169|0x0000000402000000, 0x0000000402000000, 0x0000000402400000|  0%| F|  |TS  0|AC  0|TAMS 0x0000000402000000, 0x0000000402000000|
| 170|0x0000000402400000, 0x0000000402400000, 0x0000000402800000|  0%| F|  |TS  0|AC  0|TAMS 0x0000000402400000, 0x0000000402400000|
| 171|0x0000000402800000, 0x0000000402800000, 0x0000000402c00000|  0%| F|  |TS  0|AC  0|TAMS 0x0000000402800000, 0x0000000402800000|
| 172|0x0000000402c00000, 0x0000000402c00000, 0x0000000403000000|  0%| F|  |TS  0|AC  0|TAMS 0x0000000402c00000, 0x0000000402c00000|
| 173|0x0000000403000000, 0x0000000403000000, 0x0000000403400000|  0%| F|  |TS  0|AC  0|TAMS 0x0000000403000000, 0x0000000403000000|
| 174|0x0000000403400000, 0x0000000403400000, 0x0000000403800000|  0%| F|  |TS  0|AC  0|TAMS 0x0000000403400000, 0x0000000403400000|
| 175|0x0000000403800000, 0x0000000403800000, 0x0000000403c00000|  0%| F|  |TS  0|AC  0|TAMS 0x0000000403800000, 0x0000000403800000|
| 176|0x0000000403c00000, 0x0000000403c00000, 0x0000000404000000|  0%| F|  |TS  0|AC  0|TAMS 0x0000000403c00000, 0x0000000403c00000|
| 177|0x0000000404000000, 0x0000000404000000, 0x0000000404400000|  0%| F|  |TS  0|AC  0|TAMS 0x0000000404000000, 0x0000000404000000|
| 178|0x0000000404400000, 0x0000000404400000, 0x0000000404800000|  0%| F|  |TS  0|AC  0|TAMS 0x0000000404400000, 0x0000000404400000|
| 179|0x0000000404800000, 0x0000000404800000, 0x0000000404c00000|  0%| F|  |TS  0|AC  0|TAMS 0x0000000404800000, 0x0000000404800000|
| 180|0x0000000404c00000, 0x0000000404c00000, 0x0000000405000000|  0%| F|  |TS  0|AC  0|TAMS 0x0000000404c00000, 0x0000000404c00000|
| 181|0x0000000405000000, 0x0000000405000000, 0x0000000405400000|  0%| F|  |TS  0|AC  0|TAMS 0x0000000405000000, 0x0000000405000000|
| 182|0x0000000405400000, 0x0000000405400000, 0x0000000405800000|  0%| F|  |TS  0|AC  0|TAMS 0x0000000405400000, 0x0000000405400000|
| 183|0x0000000405800000, 0x0000000405800000, 0x0000000405c00000|  0%| F|  |TS  0|AC  0|TAMS 0x0000000405800000, 0x0000000405800000|
| 184|0x0000000405c00000, 0x0000000405c00000, 0x0000000406000000|  0%| F|  |TS  0|AC  0|TAMS 0x0000000405c00000, 0x0000000405c00000|
| 185|0x0000000406000000, 0x0000000406000000, 0x0000000406400000|  0%| F|  |TS  0|AC  0|TAMS 0x0000000406000000, 0x0000000406000000|
| 186|0x0000000406400000, 0x0000000406400000, 0x0000000406800000|  0%| F|  |TS  0|AC  0|TAMS 0x0000000406400000, 0x0000000406400000|
| 187|0x0000000406800000, 0x0000000406800000, 0x0000000406c00000|  0%| F|  |TS  0|AC  0|TAMS 0x0000000406800000, 0x0000000406800000|
| 188|0x0000000406c00000, 0x0000000406c00000, 0x0000000407000000|  0%| F|  |TS  0|AC  0|TAMS 0x0000000406c00000, 0x0000000406c00000|
| 189|0x0000000407000000, 0x0000000407000000, 0x0000000407400000|  0%| F|  |TS  0|AC  0|TAMS 0x0000000407000000, 0x0000000407000000|
| 190|0x0000000407400000, 0x0000000407400000, 0x0000000407800000|  0%| F|  |TS  0|AC  0|TAMS 0x0000000407400000, 0x0000000407400000|
| 191|0x0000000407800000, 0x0000000407800000, 0x0000000407c00000|  0%| F|  |TS  0|AC  0|TAMS 0x0000000407800000, 0x0000000407800000|
| 192|0x0000000407c00000, 0x0000000407c00000, 0x0000000408000000|  0%| F|  |TS  0|AC  0|TAMS 0x0000000407c00000, 0x0000000407c00000|
| 193|0x0000000408000000, 0x0000000408000000, 0x0000000408400000|  0%| F|  |TS  0|AC  0|TAMS 0x0000000408000000, 0x0000000408000000|
| 194|0x0000000408400000, 0x0000000408400000, 0x0000000408800000|  0%| F|  |TS  0|AC  0|TAMS 0x0000000408400000, 0x0000000408400000|
| 195|0x0000000408800000, 0x0000000408800000, 0x0000000408c00000|  0%| F|  |TS  0|AC  0|TAMS 0x0000000408800000, 0x0000000408800000|
| 196|0x0000000408c00000, 0x0000000408c00000, 0x0000000409000000|  0%| F|  |TS  0|AC  0|TAMS 0x0000000408c00000, 0x0000000408c00000|
| 197|0x0000000409000000, 0x0000000409000000, 0x0000000409400000|  0%| F|  |TS  0|AC  0|TAMS 0x0000000409000000, 0x0000000409000000|
| 198|0x0000000409400000, 0x0000000409400000, 0x0000000409800000|  0%| F|  |TS  0|AC  0|TAMS 0x0000000409400000, 0x0000000409400000|
| 199|0x0000000409800000, 0x0000000409800000, 0x0000000409c00000|  0%| F|  |TS  0|AC  0|TAMS 0x0000000409800000, 0x0000000409800000|
| 200|0x0000000409c00000, 0x0000000409c00000, 0x000000040a000000|  0%| F|  |TS  0|AC  0|TAMS 0x0000000409c00000, 0x0000000409c00000|
| 201|0x000000040a000000, 0x000000040a000000, 0x000000040a400000|  0%| F|  |TS  0|AC  0|TAMS 0x000000040a000000, 0x000000040a000000|
| 202|0x000000040a400000, 0x000000040a400000, 0x000000040a800000|  0%| F|  |TS  0|AC  0|TAMS 0x000000040a400000, 0x000000040a400000|
| 203|0x000000040a800000, 0x000000040a800000, 0x000000040ac00000|  0%| F|  |TS  0|AC  0|TAMS 0x000000040a800000, 0x000000040a800000|
| 204|0x000000040ac00000, 0x000000040ac00000, 0x000000040b000000|  0%| F|  |TS  0|AC  0|TAMS 0x000000040ac00000, 0x000000040ac00000|
| 205|0x000000040b000000, 0x000000040b000000, 0x000000040b400000|  0%| F|  |TS  0|AC  0|TAMS 0x000000040b000000, 0x000000040b000000|
| 206|0x000000040b400000, 0x000000040b400000, 0x000000040b800000|  0%| F|  |TS  0|AC  0|TAMS 0x000000040b400000, 0x000000040b400000|
| 207|0x000000040b800000, 0x000000040b800000, 0x000000040bc00000|  0%| F|  |TS  0|AC  0|TAMS 0x000000040b800000, 0x000000040b800000|
| 208|0x000000040bc00000, 0x000000040bc00000, 0x000000040c000000|  0%| F|  |TS  0|AC  0|TAMS 0x000000040bc00000, 0x000000040bc00000|
| 209|0x000000040c000000, 0x000000040c000000, 0x000000040c400000|  0%| F|  |TS  0|AC  0|TAMS 0x000000040c000000, 0x000000040c000000|
| 210|0x000000040c400000, 0x000000040c400000, 0x000000040c800000|  0%| F|  |TS  0|AC  0|TAMS 0x000000040c400000, 0x000000040c400000|
| 211|0x000000040c800000, 0x000000040c800000, 0x000000040cc00000|  0%| F|  |TS  0|AC  0|TAMS 0x000000040c800000, 0x000000040c800000|
| 212|0x000000040cc00000, 0x000000040cc00000, 0x000000040d000000|  0%| F|  |TS  0|AC  0|TAMS 0x000000040cc00000, 0x000000040cc00000|
| 213|0x000000040d000000, 0x000000040d000000, 0x000000040d400000|  0%| F|  |TS  0|AC  0|TAMS 0x000000040d000000, 0x000000040d000000|
| 214|0x000000040d400000, 0x000000040d400000, 0x000000040d800000|  0%| F|  |TS  0|AC  0|TAMS 0x000000040d400000, 0x000000040d400000|
| 215|0x000000040d800000, 0x000000040d800000, 0x000000040dc00000|  0%| F|  |TS  0|AC  0|TAMS 0x000000040d800000, 0x000000040d800000|
| 216|0x000000040dc00000, 0x000000040dc00000, 0x000000040e000000|  0%| F|  |TS  0|AC  0|TAMS 0x000000040dc00000, 0x000000040dc00000|
| 217|0x000000040e000000, 0x000000040e000000, 0x000000040e400000|  0%| F|  |TS  0|AC  0|TAMS 0x000000040e000000, 0x000000040e000000|
| 218|0x000000040e400000, 0x000000040e400000, 0x000000040e800000|  0%| F|  |TS  0|AC  0|TAMS 0x000000040e400000, 0x000000040e400000|
| 219|0x000000040e800000, 0x000000040e800000, 0x000000040ec00000|  0%| F|  |TS  0|AC  0|TAMS 0x000000040e800000, 0x000000040e800000|
| 220|0x000000040ec00000, 0x000000040ec00000, 0x000000040f000000|  0%| F|  |TS  0|AC  0|TAMS 0x000000040ec00000, 0x000000040ec00000|
| 221|0x000000040f000000, 0x000000040f000000, 0x000000040f400000|  0%| F|  |TS  0|AC  0|TAMS 0x000000040f000000, 0x000000040f000000|
| 222|0x000000040f400000, 0x000000040f400000, 0x000000040f800000|  0%| F|  |TS  0|AC  0|TAMS 0x000000040f400000, 0x000000040f400000|
| 223|0x000000040f800000, 0x000000040f800000, 0x000000040fc00000|  0%| F|  |TS  0|AC  0|TAMS 0x000000040f800000, 0x000000040f800000|
| 224|0x000000040fc00000, 0x000000040fc00000, 0x0000000410000000|  0%| F|  |TS  0|AC  0|TAMS 0x000000040fc00000, 0x000000040fc00000|
| 225|0x0000000410000000, 0x0000000410000000, 0x0000000410400000|  0%| F|  |TS  0|AC  0|TAMS 0x0000000410000000, 0x0000000410000000|
| 226|0x0000000410400000, 0x0000000410400000, 0x0000000410800000|  0%| F|  |TS  0|AC  0|TAMS 0x0000000410400000, 0x0000000410400000|
| 227|0x0000000410800000, 0x0000000410800000, 0x0000000410c00000|  0%| F|  |TS  0|AC  0|TAMS 0x0000000410800000, 0x0000000410800000|
| 228|0x0000000410c00000, 0x0000000410c00000, 0x0000000411000000|  0%| F|  |TS  0|AC  0|TAMS 0x0000000410c00000, 0x0000000410c00000|
| 229|0x0000000411000000, 0x0000000411000000, 0x0000000411400000|  0%| F|  |TS  0|AC  0|TAMS 0x0000000411000000, 0x0000000411000000|
| 230|0x0000000411400000, 0x0000000411400000, 0x0000000411800000|  0%| F|  |TS  0|AC  0|TAMS 0x0000000411400000, 0x0000000411400000|
| 231|0x0000000411800000, 0x0000000411800000, 0x0000000411c00000|  0%| F|  |TS  0|AC  0|TAMS 0x0000000411800000, 0x0000000411800000|
| 232|0x0000000411c00000, 0x0000000411c00000, 0x0000000412000000|  0%| F|  |TS  0|AC  0|TAMS 0x0000000411c00000, 0x0000000411c00000|
| 233|0x0000000412000000, 0x0000000412000000, 0x0000000412400000|  0%| F|  |TS  0|AC  0|TAMS 0x0000000412000000, 0x0000000412000000|
| 234|0x0000000412400000, 0x0000000412400000, 0x0000000412800000|  0%| F|  |TS  0|AC  0|TAMS 0x0000000412400000, 0x0000000412400000|
| 235|0x0000000412800000, 0x0000000412a00800, 0x0000000412c00000| 50%| E|  |TS  0|AC  0|TAMS 0x0000000412800000, 0x0000000412800000|
| 236|0x0000000412c00000, 0x0000000413000000, 0x0000000413000000|100%| E|CS|TS  0|AC  0|TAMS 0x0000000412c00000, 0x0000000412c00000|
| 237|0x0000000413000000, 0x0000000413400000, 0x0000000413400000|100%| E|CS|TS  0|AC  0|TAMS 0x0000000413000000, 0x0000000413000000|
| 238|0x0000000413400000, 0x000000041374b6e8, 0x0000000413800000| 82%| S|CS|TS  1|AC  0|TAMS 0x0000000413400000, 0x0000000413400000|
| 239|0x0000000413800000, 0x0000000413c00000, 0x0000000413c00000|100%| E|CS|TS  1|AC  0|TAMS 0x0000000413800000, 0x0000000413800000|
| 240|0x0000000413c00000, 0x0000000414000000, 0x0000000414000000|100%| E|CS|TS  1|AC  0|TAMS 0x0000000413c00000, 0x0000000413c00000|
| 241|0x0000000414000000, 0x0000000414400000, 0x0000000414400000|100%| E|CS|TS  1|AC  0|TAMS 0x0000000414000000, 0x0000000414000000|
| 242|0x0000000414400000, 0x0000000414800000, 0x0000000414800000|100%| E|CS|TS  1|AC  0|TAMS 0x0000000414400000, 0x0000000414400000|
| 243|0x0000000414800000, 0x0000000414c00000, 0x0000000414c00000|100%| E|CS|TS  1|AC  0|TAMS 0x0000000414800000, 0x0000000414800000|
| 244|0x0000000414c00000, 0x0000000415000000, 0x0000000415000000|100%| E|CS|TS  1|AC  0|TAMS 0x0000000414c00000, 0x0000000414c00000|
| 245|0x0000000415000000, 0x0000000415400000, 0x0000000415400000|100%| E|CS|TS  1|AC  0|TAMS 0x0000000415000000, 0x0000000415000000|
| 246|0x0000000415400000, 0x0000000415800000, 0x0000000415800000|100%| E|CS|TS  1|AC  0|TAMS 0x0000000415400000, 0x0000000415400000|
| 247|0x0000000415800000, 0x0000000415c00000, 0x0000000415c00000|100%| E|CS|TS  1|AC  0|TAMS 0x0000000415800000, 0x0000000415800000|
| 248|0x0000000415c00000, 0x0000000416000000, 0x0000000416000000|100%| E|CS|TS  1|AC  0|TAMS 0x0000000415c00000, 0x0000000415c00000|
| 249|0x0000000416000000, 0x0000000416400000, 0x0000000416400000|100%| E|CS|TS  1|AC  0|TAMS 0x0000000416000000, 0x0000000416000000|
| 250|0x0000000416400000, 0x0000000416800000, 0x0000000416800000|100%| E|CS|TS  1|AC  0|TAMS 0x0000000416400000, 0x0000000416400000|

Card table byte_map: [0x00007f4fac17c000,0x00007f4fae0be000] byte_map_base: 0x00007f4faa2be000

Marking Bits (Prev, Next): (CMBitMap*) 0x00007f507409e800, (CMBitMap*) 0x00007f507409e838
 Prev Bits: [0x00007f4f9a82a000, 0x00007f4faa23a000)
 Next Bits: [0x00007f4f8ae1a000, 0x00007f4f9a82a000)

Polling page: 0x00007f507ad49000

CodeHeap 'non-profiled nmethods': size=119172Kb used=223Kb max_used=223Kb free=118948Kb
 bounds [0x00007f50616e2000, 0x00007f5061952000, 0x00007f5068b43000]
CodeHeap 'profiled nmethods': size=119172Kb used=533Kb max_used=533Kb free=118638Kb
 bounds [0x00007f505a281000, 0x00007f505a4f1000, 0x00007f50616e2000]
CodeHeap 'non-nmethods': size=7416Kb used=2866Kb max_used=2911Kb free=4549Kb
 bounds [0x00007f5059b43000, 0x00007f5059e23000, 0x00007f505a281000]
 total_blobs=912 nmethods=421 adapters=236
 compilation: enabled

Compilation events (10 events):
Event: 0.612 Thread 0x00007f50742b6800 nmethod 416 0x00007f5061712b10 code [0x00007f5061712f60, 0x00007f5061716b60]
Event: 0.624 Thread 0x00007f50742b8000  418       4       java.nio.CharBuffer::position (6 bytes)
Event: 0.624 Thread 0x00007f50742b8000 nmethod 418 0x00007f5061719110 code [0x00007f50617192a0, 0x00007f5061719358]
Event: 0.624 Thread 0x00007f50742b8000  419       4       java.nio.CharBuffer::limit (6 bytes)
Event: 0.625 Thread 0x00007f50742b8000 nmethod 419 0x00007f5061719410 code [0x00007f50617195a0, 0x00007f5061719698]
Event: 0.625 Thread 0x00007f50742b8000  420       4       java.nio.CharBuffer::hasArray (20 bytes)
Event: 0.626 Thread 0x00007f50742b8000 nmethod 420 0x00007f5061719790 code [0x00007f5061719920, 0x00007f50617199b8]
Event: 0.626 Thread 0x00007f50742b8000  421       4       java.nio.ByteBuffer::hasArray (20 bytes)
Event: 0.626 Thread 0x00007f50742b8000 nmethod 421 0x00007f5061719a90 code [0x00007f5061719c20, 0x00007f5061719cb8]
Event: 3.980 Thread 0x00007f50742bb800  422 %     3       org.apache.batik.apps.rasterizer.Main::main @ 60 (5719 bytes)

GC Heap History (2 events):
Event: 1.675 GC heap before
{Heap before GC invocations=0 (full 0):
 garbage-first heap   total 1028096K, used 49152K [0x00000003d7c00000, 0x00000003d80007d8, 0x00000007c0000000)
  region size 4096K, 12 young (49152K), 0 survivors (0K)
 Metaspace       used 6512K, capacity 6618K, committed 6784K, reserved 1056768K
  class space    used 564K, capacity 611K, committed 640K, reserved 1048576K
}
Event: 1.685 GC heap after
{Heap after GC invocations=1 (full 0):
 garbage-first heap   total 1028096K, used 3373K [0x00000003d7c00000, 0x00000003d80007d8, 0x00000007c0000000)
  region size 4096K, 1 young (4096K), 1 survivors (4096K)
 Metaspace       used 6512K, capacity 6618K, committed 6784K, reserved 1056768K
  class space    used 564K, capacity 611K, committed 640K, reserved 1048576K
}

Deoptimization events (0 events):
No events

Classes redefined (0 events):
No events

Internal exceptions (2 events):
Event: 0.310 Thread 0x00007f5074011800 Exception <a 'java/lang/NoSuchMethodError'{0x00000004166cda68}: java.lang.invoke.DirectMethodHandle$Holder.invokeInterface(Ljava/lang/Object;Ljava/lang/Object;)Ljava/lang/Object;> (0x00000004166cda68) thrown at [/scratch/opt/mach5/mesos/work_dir/slaves/5a
Event: 0.314 Thread 0x00007f5074011800 Exception <a 'java/lang/NoSuchMethodError'{0x00000004166da2d0}: java.lang.invoke.DirectMethodHandle$Holder.invokeInterface(Ljava/lang/Object;Ljava/lang/Object;Ljava/lang/Object;)I> (0x00000004166da2d0) thrown at [/scratch/opt/mach5/mesos/work_dir/slaves/5

Events (10 events):
Event: 0.465 Thread 0x00007f5074011800 DEOPT PACKING pc=0x00007f505a2e63a4 sp=0x00007f50793f3ec0
Event: 0.465 Thread 0x00007f5074011800 DEOPT UNPACKING pc=0x00007f5059b90aab sp=0x00007f50793f34a8 mode 0
Event: 0.465 Thread 0x00007f5074011800 DEOPT PACKING pc=0x00007f505a2e63a4 sp=0x00007f50793f3ec0
Event: 0.465 Thread 0x00007f5074011800 DEOPT UNPACKING pc=0x00007f5059b90aab sp=0x00007f50793f34a8 mode 0
Event: 0.465 Thread 0x00007f5074011800 DEOPT PACKING pc=0x00007f505a2e63a4 sp=0x00007f50793f3ec0
Event: 0.465 Thread 0x00007f5074011800 DEOPT UNPACKING pc=0x00007f5059b90aab sp=0x00007f50793f34a8 mode 0
Event: 0.466 Thread 0x00007f5074011800 DEOPT PACKING pc=0x00007f505a2e63a4 sp=0x00007f50793f3ec0
Event: 0.466 Thread 0x00007f5074011800 DEOPT UNPACKING pc=0x00007f5059b90aab sp=0x00007f50793f34a8 mode 0
Event: 1.675 Executing VM operation: G1IncCollectionPause
Event: 1.685 Executing VM operation: G1IncCollectionPause done


Dynamic libraries:
00400000-00401000 r-xp 00000000 00:65 77077150                           /root/oracle/jdk-9.0.4/bin/java
00600000-00601000 rw-p 00000000 00:65 77077150                           /root/oracle/jdk-9.0.4/bin/java
0089f000-008c0000 rw-p 00000000 00:00 0                                  [heap]
3d7c00000-416800000 rw-p 00000000 00:00 0 
416800000-7c0000000 ---p 00000000 00:00 0 
7c0000000-7c00a0000 rw-p 00000000 00:00 0 
7c00a0000-800000000 ---p 00000000 00:00 0 
7f4f18000000-7f4f18021000 rw-p 00000000 00:00 0 
7f4f18021000-7f4f1c000000 ---p 00000000 00:00 0 
7f4f20000000-7f4f20021000 rw-p 00000000 00:00 0 
7f4f20021000-7f4f24000000 ---p 00000000 00:00 0 
7f4f24000000-7f4f24021000 rw-p 00000000 00:00 0 
7f4f24021000-7f4f28000000 ---p 00000000 00:00 0 
7f4f28000000-7f4f28021000 rw-p 00000000 00:00 0 
7f4f28021000-7f4f2c000000 ---p 00000000 00:00 0 
7f4f2c000000-7f4f2c021000 rw-p 00000000 00:00 0 
7f4f2c021000-7f4f30000000 ---p 00000000 00:00 0 
7f4f30000000-7f4f3005f000 rw-p 00000000 00:00 0 
7f4f3005f000-7f4f34000000 ---p 00000000 00:00 0 
7f4f34000000-7f4f34094000 rw-p 00000000 00:00 0 
7f4f34094000-7f4f38000000 ---p 00000000 00:00 0 
7f4f38000000-7f4f38267000 rw-p 00000000 00:00 0 
7f4f38267000-7f4f3c000000 ---p 00000000 00:00 0 
7f4f3c000000-7f4f3c0ad000 rw-p 00000000 00:00 0 
7f4f3c0ad000-7f4f40000000 ---p 00000000 00:00 0 
7f4f40000000-7f4f403ed000 rw-p 00000000 00:00 0 
7f4f403ed000-7f4f44000000 ---p 00000000 00:00 0 
7f4f44000000-7f4f440ae000 rw-p 00000000 00:00 0 
7f4f440ae000-7f4f48000000 ---p 00000000 00:00 0 
7f4f48000000-7f4f48322000 rw-p 00000000 00:00 0 
7f4f48322000-7f4f4c000000 ---p 00000000 00:00 0 
7f4f4c000000-7f4f4c18e000 rw-p 00000000 00:00 0 
7f4f4c18e000-7f4f50000000 ---p 00000000 00:00 0 
7f4f50000000-7f4f503cd000 rw-p 00000000 00:00 0 
7f4f503cd000-7f4f54000000 ---p 00000000 00:00 0 
7f4f54000000-7f4f5402a000 rw-p 00000000 00:00 0 
7f4f5402a000-7f4f58000000 ---p 00000000 00:00 0 
7f4f58000000-7f4f58021000 rw-p 00000000 00:00 0 
7f4f58021000-7f4f5c000000 ---p 00000000 00:00 0 
7f4f5c000000-7f4f5c1de000 rw-p 00000000 00:00 0 
7f4f5c1de000-7f4f60000000 ---p 00000000 00:00 0 
7f4f60000000-7f4f60021000 rw-p 00000000 00:00 0 
7f4f60021000-7f4f64000000 ---p 00000000 00:00 0 
7f4f64000000-7f4f64021000 rw-p 00000000 00:00 0 
7f4f64021000-7f4f68000000 ---p 00000000 00:00 0 
7f4f68000000-7f4f68021000 rw-p 00000000 00:00 0 
7f4f68021000-7f4f6c000000 ---p 00000000 00:00 0 
7f4f6c000000-7f4f6c021000 rw-p 00000000 00:00 0 
7f4f6c021000-7f4f70000000 ---p 00000000 00:00 0 
7f4f70e85000-7f4f711b3000 rw-p 00000000 00:00 0 
7f4f711b3000-7f4f711b4000 ---p 00000000 00:00 0 
7f4f711b4000-7f4f712b5000 rw-p 00000000 00:00 0 
7f4f712b5000-7f4f712b9000 ---p 00000000 00:00 0 
7f4f712b9000-7f4f713b6000 rw-p 00000000 00:00 0 
7f4f713b6000-7f4f713ba000 ---p 00000000 00:00 0 
7f4f713ba000-7f4f714e8000 rw-p 00000000 00:00 0 
7f4f714e8000-7f4f714fe000 r-xp 00000000 00:65 77077477                   /root/oracle/jdk-9.0.4/lib/libnet.so
7f4f714fe000-7f4f716fe000 ---p 00016000 00:65 77077477                   /root/oracle/jdk-9.0.4/lib/libnet.so
7f4f716fe000-7f4f716ff000 rw-p 00016000 00:65 77077477                   /root/oracle/jdk-9.0.4/lib/libnet.so
7f4f716ff000-7f4f7170f000 r-xp 00000000 00:65 77077594                   /root/oracle/jdk-9.0.4/lib/libnio.so
7f4f7170f000-7f4f7190f000 ---p 00010000 00:65 77077594                   /root/oracle/jdk-9.0.4/lib/libnio.so
7f4f7190f000-7f4f71910000 rw-p 00010000 00:65 77077594                   /root/oracle/jdk-9.0.4/lib/libnio.so
7f4f71910000-7f4f71914000 ---p 00000000 00:00 0 
7f4f71914000-7f4f71a11000 rw-p 00000000 00:00 0 
7f4f71a11000-7f4f71a15000 ---p 00000000 00:00 0 
7f4f71a15000-7f4f71b12000 rw-p 00000000 00:00 0 
7f4f71b12000-7f4f71b16000 ---p 00000000 00:00 0 
7f4f71b16000-7f4f71c13000 rw-p 00000000 00:00 0 
7f4f71c13000-7f4f71c17000 ---p 00000000 00:00 0 
7f4f71c17000-7f4f71d14000 rw-p 00000000 00:00 0 
7f4f71d14000-7f4f71d18000 ---p 00000000 00:00 0 
7f4f71d18000-7f4f71e15000 rw-p 00000000 00:00 0 
7f4f71e15000-7f4f71e19000 ---p 00000000 00:00 0 
7f4f71e19000-7f4f71f16000 rw-p 00000000 00:00 0 
7f4f71f16000-7f4f71f1a000 ---p 00000000 00:00 0 
7f4f71f1a000-7f4f72017000 rw-p 00000000 00:00 0 
7f4f72017000-7f4f7201b000 ---p 00000000 00:00 0 
7f4f7201b000-7f4f72118000 rw-p 00000000 00:00 0 
7f4f72118000-7f4f7211c000 ---p 00000000 00:00 0 
7f4f7211c000-7f4f72219000 rw-p 00000000 00:00 0 
7f4f72219000-7f4f7221d000 ---p 00000000 00:00 0 
7f4f7221d000-7f4f7231a000 rw-p 00000000 00:00 0 
7f4f7231a000-7f4f7231e000 ---p 00000000 00:00 0 
7f4f7231e000-7f4f7241b000 rw-p 00000000 00:00 0 
7f4f7241b000-7f4f7241f000 ---p 00000000 00:00 0 
7f4f7241f000-7f4f7251c000 rw-p 00000000 00:00 0 
7f4f7251c000-7f4f72520000 ---p 00000000 00:00 0 
7f4f72520000-7f4f7261d000 rw-p 00000000 00:00 0 
7f4f7261d000-7f4f72621000 ---p 00000000 00:00 0 
7f4f72621000-7f4f7271e000 rw-p 00000000 00:00 0 
7f4f7271e000-7f4f72722000 ---p 00000000 00:00 0 
7f4f72722000-7f4f7281f000 rw-p 00000000 00:00 0 
7f4f7281f000-7f4f72823000 ---p 00000000 00:00 0 
7f4f72823000-7f4f72920000 rw-p 00000000 00:00 0 
7f4f72920000-7f4f72921000 ---p 00000000 00:00 0 
7f4f72921000-7f4f730f3000 rw-p 00000000 00:00 0 
7f4f730f3000-7f4f732f3000 ---p 00000000 00:00 0 
7f4f732f3000-7f4f74000000 rw-p 00000000 00:00 0 
7f4f74000000-7f4f74021000 rw-p 00000000 00:00 0 
7f4f74021000-7f4f78000000 ---p 00000000 00:00 0 
7f4f78000000-7f4f78021000 rw-p 00000000 00:00 0 
7f4f78021000-7f4f7c000000 ---p 00000000 00:00 0 
7f4f7c000000-7f4f7c021000 rw-p 00000000 00:00 0 
7f4f7c021000-7f4f80000000 ---p 00000000 00:00 0 
7f4f80000000-7f4f80021000 rw-p 00000000 00:00 0 
7f4f80021000-7f4f84000000 ---p 00000000 00:00 0 
7f4f84000000-7f4f84021000 rw-p 00000000 00:00 0 
7f4f84021000-7f4f88000000 ---p 00000000 00:00 0 
7f4f88024000-7f4f8872b000 rw-p 00000000 00:00 0 
7f4f8872b000-7f4f8a72b000 rwxp 00000000 00:00 0 
7f4f8a72b000-7f4f8a72c000 ---p 00000000 00:00 0 
7f4f8a72c000-7f4f8a82d000 rw-p 00000000 00:00 0 
7f4f8a82d000-7f4f8a82e000 ---p 00000000 00:00 0 
7f4f8a82e000-7f4f8a92f000 rw-p 00000000 00:00 0 
7f4f8a92f000-7f4f8a930000 ---p 00000000 00:00 0 
7f4f8a930000-7f4f8bdca000 rw-p 00000000 00:00 0 
7f4f8bdca000-7f4f9a82a000 ---p 00000000 00:00 0 
7f4f9a82a000-7f4f9b7da000 rw-p 00000000 00:00 0 
7f4f9b7da000-7f4faa23a000 ---p 00000000 00:00 0 
7f4faa23a000-7f4faa430000 rw-p 00000000 00:00 0 
7f4faa430000-7f4fac17c000 ---p 00000000 00:00 0 
7f4fac17c000-7f4fac372000 rw-p 00000000 00:00 0 
7f4fac372000-7f4fb0000000 ---p 00000000 00:00 0 
7f4fb0000000-7f4fb0021000 rw-p 00000000 00:00 0 
7f4fb0021000-7f4fb4000000 ---p 00000000 00:00 0 
7f4fb4000000-7f4fb4021000 rw-p 00000000 00:00 0 
7f4fb4021000-7f4fb8000000 ---p 00000000 00:00 0 
7f4fb8000000-7f4fb8021000 rw-p 00000000 00:00 0 
7f4fb8021000-7f4fbc000000 ---p 00000000 00:00 0 
7f4fbc000000-7f4fbc021000 rw-p 00000000 00:00 0 
7f4fbc021000-7f4fc0000000 ---p 00000000 00:00 0 
7f4fc0000000-7f4fc0021000 rw-p 00000000 00:00 0 
7f4fc0021000-7f4fc4000000 ---p 00000000 00:00 0 
7f4fc4000000-7f4fc4021000 rw-p 00000000 00:00 0 
7f4fc4021000-7f4fc8000000 ---p 00000000 00:00 0 
7f4fc8000000-7f4fc8021000 rw-p 00000000 00:00 0 
7f4fc8021000-7f4fcc000000 ---p 00000000 00:00 0 
7f4fcc000000-7f4fcc021000 rw-p 00000000 00:00 0 
7f4fcc021000-7f4fd0000000 ---p 00000000 00:00 0 
7f4fd0000000-7f4fd0021000 rw-p 00000000 00:00 0 
7f4fd0021000-7f4fd4000000 ---p 00000000 00:00 0 
7f4fd4000000-7f4fd4021000 rw-p 00000000 00:00 0 
7f4fd4021000-7f4fd8000000 ---p 00000000 00:00 0 
7f4fd8000000-7f4fd8021000 rw-p 00000000 00:00 0 
7f4fd8021000-7f4fdc000000 ---p 00000000 00:00 0 
7f4fdc000000-7f4fdc021000 rw-p 00000000 00:00 0 
7f4fdc021000-7f4fe0000000 ---p 00000000 00:00 0 
7f4fe0000000-7f4fe0021000 rw-p 00000000 00:00 0 
7f4fe0021000-7f4fe4000000 ---p 00000000 00:00 0 
7f4fe4000000-7f4fe4021000 rw-p 00000000 00:00 0 
7f4fe4021000-7f4fe8000000 ---p 00000000 00:00 0 
7f4fe8000000-7f4fe8021000 rw-p 00000000 00:00 0 
7f4fe8021000-7f4fec000000 ---p 00000000 00:00 0 
7f4fec000000-7f4fec021000 rw-p 00000000 00:00 0 
7f4fec021000-7f4ff0000000 ---p 00000000 00:00 0 
7f4ff0000000-7f4ff0021000 rw-p 00000000 00:00 0 
7f4ff0021000-7f4ff4000000 ---p 00000000 00:00 0 
7f4ff4000000-7f4ff4021000 rw-p 00000000 00:00 0 
7f4ff4021000-7f4ff8000000 ---p 00000000 00:00 0 
7f4ff8000000-7f4ff8021000 rw-p 00000000 00:00 0 
7f4ff8021000-7f4ffc000000 ---p 00000000 00:00 0 
7f4ffc000000-7f4ffc021000 rw-p 00000000 00:00 0 
7f4ffc021000-7f5000000000 ---p 00000000 00:00 0 
7f5000000000-7f5000021000 rw-p 00000000 00:00 0 
7f5000021000-7f5004000000 ---p 00000000 00:00 0 
7f5004000000-7f5004021000 rw-p 00000000 00:00 0 
7f5004021000-7f5008000000 ---p 00000000 00:00 0 
7f5008007000-7f5008008000 ---p 00000000 00:00 0 
7f5008008000-7f5008109000 rw-p 00000000 00:00 0 
7f5008109000-7f500810a000 ---p 00000000 00:00 0 
7f500810a000-7f500820b000 rw-p 00000000 00:00 0 
7f500820b000-7f500820c000 ---p 00000000 00:00 0 
7f500820c000-7f5008605000 rw-p 00000000 00:00 0 
7f5008605000-7f500a351000 ---p 00000000 00:00 0 
7f500a351000-7f500a3cf000 rw-p 00000000 00:00 0 
7f500a3cf000-7f500a3d0000 ---p 00000000 00:00 0 
7f500a3d0000-7f500a4d1000 rw-p 00000000 00:00 0 
7f500a4d1000-7f500a4d2000 ---p 00000000 00:00 0 
7f500a4d2000-7f500a5d3000 rw-p 00000000 00:00 0 
7f500a5d3000-7f500a5d4000 ---p 00000000 00:00 0 
7f500a5d4000-7f500a6d5000 rw-p 00000000 00:00 0 
7f500a6d5000-7f500a6d6000 ---p 00000000 00:00 0 
7f500a6d6000-7f500a7d7000 rw-p 00000000 00:00 0 
7f500a7d7000-7f500a7d8000 ---p 00000000 00:00 0 
7f500a7d8000-7f500a8d9000 rw-p 00000000 00:00 0 
7f500a8d9000-7f500a8da000 ---p 00000000 00:00 0 
7f500a8da000-7f500a9db000 rw-p 00000000 00:00 0 
7f500a9db000-7f500a9dc000 ---p 00000000 00:00 0 
7f500a9dc000-7f500aadd000 rw-p 00000000 00:00 0 
7f500aadd000-7f500aade000 ---p 00000000 00:00 0 
7f500aade000-7f500abdf000 rw-p 00000000 00:00 0 
7f500abdf000-7f500abe0000 ---p 00000000 00:00 0 
7f500abe0000-7f500ace1000 rw-p 00000000 00:00 0 
7f500ace1000-7f500ace2000 ---p 00000000 00:00 0 
7f500ace2000-7f500ade3000 rw-p 00000000 00:00 0 
7f500ade3000-7f500ade4000 ---p 00000000 00:00 0 
7f500ade4000-7f500aee5000 rw-p 00000000 00:00 0 
7f500aee5000-7f500aee6000 ---p 00000000 00:00 0 
7f500aee6000-7f500afe7000 rw-p 00000000 00:00 0 
7f500afe7000-7f500afe8000 ---p 00000000 00:00 0 
7f500afe8000-7f500b0e9000 rw-p 00000000 00:00 0 
7f500b0e9000-7f500b0ea000 ---p 00000000 00:00 0 
7f500b0ea000-7f500b1eb000 rw-p 00000000 00:00 0 
7f500b1eb000-7f500b1ec000 ---p 00000000 00:00 0 
7f500b1ec000-7f500b2ed000 rw-p 00000000 00:00 0 
7f500b2ed000-7f500b2ee000 ---p 00000000 00:00 0 
7f500b2ee000-7f500b3ef000 rw-p 00000000 00:00 0 
7f500b3ef000-7f500b3f0000 ---p 00000000 00:00 0 
7f500b3f0000-7f500b4f1000 rw-p 00000000 00:00 0 
7f500b4f1000-7f500b4f2000 ---p 00000000 00:00 0 
7f500b4f2000-7f500b5f3000 rw-p 00000000 00:00 0 
7f500b5f3000-7f500b5f4000 ---p 00000000 00:00 0 
7f500b5f4000-7f500b6f5000 rw-p 00000000 00:00 0 
7f500b6f5000-7f500b6f6000 ---p 00000000 00:00 0 
7f500b6f6000-7f500b7f7000 rw-p 00000000 00:00 0 
7f500b7f7000-7f500b7f8000 ---p 00000000 00:00 0 
7f500b7f8000-7f500c000000 rw-p 00000000 00:00 0 
7f500c000000-7f500c021000 rw-p 00000000 00:00 0 
7f500c021000-7f5010000000 ---p 00000000 00:00 0 
7f5010000000-7f5010021000 rw-p 00000000 00:00 0 
7f5010021000-7f5014000000 ---p 00000000 00:00 0 
7f5014000000-7f5014021000 rw-p 00000000 00:00 0 
7f5014021000-7f5018000000 ---p 00000000 00:00 0 
7f5018000000-7f5018021000 rw-p 00000000 00:00 0 
7f5018021000-7f501c000000 ---p 00000000 00:00 0 
7f501c000000-7f501c021000 rw-p 00000000 00:00 0 
7f501c021000-7f5020000000 ---p 00000000 00:00 0 
7f5020000000-7f5020021000 rw-p 00000000 00:00 0 
7f5020021000-7f5024000000 ---p 00000000 00:00 0 
7f5024000000-7f5024021000 rw-p 00000000 00:00 0 
7f5024021000-7f5028000000 ---p 00000000 00:00 0 
7f5028000000-7f5028021000 rw-p 00000000 00:00 0 
7f5028021000-7f502c000000 ---p 00000000 00:00 0 
7f502c000000-7f502c021000 rw-p 00000000 00:00 0 
7f502c021000-7f5030000000 ---p 00000000 00:00 0 
7f5030000000-7f5030021000 rw-p 00000000 00:00 0 
7f5030021000-7f5034000000 ---p 00000000 00:00 0 
7f5034000000-7f5034021000 rw-p 00000000 00:00 0 
7f5034021000-7f5038000000 ---p 00000000 00:00 0 
7f5038000000-7f5038021000 rw-p 00000000 00:00 0 
7f5038021000-7f503c000000 ---p 00000000 00:00 0 
7f503c000000-7f503c021000 rw-p 00000000 00:00 0 
7f503c021000-7f5040000000 ---p 00000000 00:00 0 
7f5040000000-7f5040021000 rw-p 00000000 00:00 0 
7f5040021000-7f5044000000 ---p 00000000 00:00 0 
7f5044000000-7f504404c000 rw-p 00000000 00:00 0 
7f504404c000-7f5048000000 ---p 00000000 00:00 0 
7f5048000000-7f5048021000 rw-p 00000000 00:00 0 
7f5048021000-7f504c000000 ---p 00000000 00:00 0 
7f504c000000-7f504c021000 rw-p 00000000 00:00 0 
7f504c021000-7f5050000000 ---p 00000000 00:00 0 
7f5050000000-7f5050021000 rw-p 00000000 00:00 0 
7f5050021000-7f5054000000 ---p 00000000 00:00 0 
7f5054000000-7f5054021000 rw-p 00000000 00:00 0 
7f5054021000-7f5058000000 ---p 00000000 00:00 0 
7f505801a000-7f5058d27000 rw-p 00000000 00:00 0 
7f5058d27000-7f5058d28000 ---p 00000000 00:00 0 
7f5058d28000-7f5058e29000 rw-p 00000000 00:00 0 
7f5058e29000-7f5058e2a000 ---p 00000000 00:00 0 
7f5058e2a000-7f5058f2b000 rw-p 00000000 00:00 0 
7f5058f2b000-7f5058f2c000 ---p 00000000 00:00 0 
7f5058f2c000-7f505902d000 rw-p 00000000 00:00 0 
7f505902d000-7f505902e000 ---p 00000000 00:00 0 
7f505902e000-7f505912f000 rw-p 00000000 00:00 0 
7f505912f000-7f5059130000 ---p 00000000 00:00 0 
7f5059130000-7f5059231000 rw-p 00000000 00:00 0 
7f5059231000-7f5059232000 ---p 00000000 00:00 0 
7f5059232000-7f5059333000 rw-p 00000000 00:00 0 
7f5059333000-7f5059334000 ---p 00000000 00:00 0 
7f5059334000-7f5059435000 rw-p 00000000 00:00 0 
7f5059435000-7f5059436000 ---p 00000000 00:00 0 
7f5059436000-7f5059537000 rw-p 00000000 00:00 0 
7f5059537000-7f5059538000 ---p 00000000 00:00 0 
7f5059538000-7f5059639000 rw-p 00000000 00:00 0 
7f5059639000-7f505963a000 ---p 00000000 00:00 0 
7f505963a000-7f505973b000 rw-p 00000000 00:00 0 
7f505973b000-7f505973c000 ---p 00000000 00:00 0 
7f505973c000-7f505983d000 rw-p 00000000 00:00 0 
7f505983d000-7f505983e000 ---p 00000000 00:00 0 
7f505983e000-7f505993f000 rw-p 00000000 00:00 0 
7f505993f000-7f5059940000 ---p 00000000 00:00 0 
7f5059940000-7f5059a41000 rw-p 00000000 00:00 0 
7f5059a41000-7f5059a42000 ---p 00000000 00:00 0 
7f5059a42000-7f5059b43000 rw-p 00000000 00:00 0 
7f5059b43000-7f5059e23000 rwxp 00000000 00:00 0 
7f5059e23000-7f505a281000 ---p 00000000 00:00 0 
7f505a281000-7f505a4f1000 rwxp 00000000 00:00 0 
7f505a4f1000-7f50616e2000 ---p 00000000 00:00 0 
7f50616e2000-7f5061952000 rwxp 00000000 00:00 0 
7f5061952000-7f5068b43000 ---p 00000000 00:00 0 
7f5068b43000-7f5074000000 r--s 00000000 00:65 77077560                   /root/oracle/jdk-9.0.4/lib/modules
7f5074000000-7f5074400000 rw-p 00000000 00:00 0 
7f5074400000-7f5078000000 ---p 00000000 00:00 0 
7f507801d000-7f5078045000 rw-p 00000000 00:00 0 
7f5078045000-7f5078046000 ---p 00000000 00:00 0 
7f5078046000-7f5078147000 rw-p 00000000 00:00 0 
7f5078147000-7f5078148000 ---p 00000000 00:00 0 
7f5078148000-7f5078249000 rw-p 00000000 00:00 0 
7f5078249000-7f507824a000 ---p 00000000 00:00 0 
7f507824a000-7f507834b000 rw-p 00000000 00:00 0 
7f507834b000-7f507834c000 ---p 00000000 00:00 0 
7f507834c000-7f507844d000 rw-p 00000000 00:00 0 
7f507844d000-7f507844e000 ---p 00000000 00:00 0 
7f507844e000-7f507854f000 rw-p 00000000 00:00 0 
7f507854f000-7f5078550000 ---p 00000000 00:00 0 
7f5078550000-7f5078656000 rw-p 00000000 00:00 0 
7f5078656000-7f507873a000 ---p 00000000 00:00 0 
7f507873a000-7f507873f000 rw-p 00000000 00:00 0 
7f507873f000-7f5078823000 ---p 00000000 00:00 0 
7f5078823000-7f5078829000 rw-p 00000000 00:00 0 
7f5078829000-7f5078832000 ---p 00000000 00:00 0 
7f5078832000-7f5078882000 rw-p 00000000 00:00 0 
7f5078882000-7f5078a5f000 r--s 03e31000 00:65 101727669                  /usr/local/java/jdk1.8.0_301/jre/lib/rt.jar
7f5078a5f000-7f5078a79000 r-xp 00000000 00:65 77077435                   /root/oracle/jdk-9.0.4/lib/libjimage.so
7f5078a79000-7f5078c78000 ---p 0001a000 00:65 77077435                   /root/oracle/jdk-9.0.4/lib/libjimage.so
7f5078c78000-7f5078c7a000 rw-p 00019000 00:65 77077435                   /root/oracle/jdk-9.0.4/lib/libjimage.so
7f5078c7a000-7f5078c8c000 rw-p 00000000 00:00 0 
7f5078c8c000-7f5078c93000 r-xp 00000000 00:65 77083131                   /root/oracle/jdk-9.0.4/lib/libzip.so
7f5078c93000-7f5078e92000 ---p 00007000 00:65 77083131                   /root/oracle/jdk-9.0.4/lib/libzip.so
7f5078e92000-7f5078e93000 rw-p 00006000 00:65 77083131                   /root/oracle/jdk-9.0.4/lib/libzip.so
7f5078e93000-7f5078e96000 r--p 00000000 00:65 165034530                  /usr/lib/x86_64-linux-gnu/libnss_files-2.31.so
7f5078e96000-7f5078e9d000 r-xp 00003000 00:65 165034530                  /usr/lib/x86_64-linux-gnu/libnss_files-2.31.so
7f5078e9d000-7f5078e9f000 r--p 0000a000 00:65 165034530                  /usr/lib/x86_64-linux-gnu/libnss_files-2.31.so
7f5078e9f000-7f5078ea0000 r--p 0000b000 00:65 165034530                  /usr/lib/x86_64-linux-gnu/libnss_files-2.31.so
7f5078ea0000-7f5078ea1000 rw-p 0000c000 00:65 165034530                  /usr/lib/x86_64-linux-gnu/libnss_files-2.31.so
7f5078ea1000-7f5078ea7000 rw-p 00000000 00:00 0 
7f5078eaf000-7f5078eb0000 rw-p 00000000 00:00 0 
7f5078eb0000-7f5078edb000 r-xp 00000000 00:65 77077470                   /root/oracle/jdk-9.0.4/lib/libjava.so
7f5078edb000-7f50790da000 ---p 0002b000 00:65 77077470                   /root/oracle/jdk-9.0.4/lib/libjava.so
7f50790da000-7f50790dc000 rw-p 0002a000 00:65 77077470                   /root/oracle/jdk-9.0.4/lib/libjava.so
7f50790dc000-7f50790e9000 r-xp 00000000 00:65 77077494                   /root/oracle/jdk-9.0.4/lib/libverify.so
7f50790e9000-7f50792e8000 ---p 0000d000 00:65 77077494                   /root/oracle/jdk-9.0.4/lib/libverify.so
7f50792e8000-7f50792ea000 rw-p 0000c000 00:65 77077494                   /root/oracle/jdk-9.0.4/lib/libverify.so
7f50792ea000-7f50792ed000 r--p 00000000 00:65 165034636                  /usr/lib/x86_64-linux-gnu/librt-2.31.so
7f50792ed000-7f50792f1000 r-xp 00003000 00:65 165034636                  /usr/lib/x86_64-linux-gnu/librt-2.31.so
7f50792f1000-7f50792f2000 r--p 00007000 00:65 165034636                  /usr/lib/x86_64-linux-gnu/librt-2.31.so
7f50792f2000-7f50792f3000 ---p 00008000 00:65 165034636                  /usr/lib/x86_64-linux-gnu/librt-2.31.so
7f50792f3000-7f50792f4000 r--p 00008000 00:65 165034636                  /usr/lib/x86_64-linux-gnu/librt-2.31.so
7f50792f4000-7f50792f5000 rw-p 00009000 00:65 165034636                  /usr/lib/x86_64-linux-gnu/librt-2.31.so
7f50792f5000-7f50792f6000 ---p 00000000 00:00 0 
7f50792f6000-7f50792f7000 rw-p 00000000 00:00 0 
7f50792f7000-7f50792fb000 ---p 00000000 00:00 0 
7f50792fb000-7f50793f6000 rw-p 00000000 00:00 0 
7f50793f6000-7f5079405000 r--p 00000000 00:65 165034468                  /usr/lib/x86_64-linux-gnu/libm-2.31.so
7f5079405000-7f50794ac000 r-xp 0000f000 00:65 165034468                  /usr/lib/x86_64-linux-gnu/libm-2.31.so
7f50794ac000-7f5079543000 r--p 000b6000 00:65 165034468                  /usr/lib/x86_64-linux-gnu/libm-2.31.so
7f5079543000-7f5079544000 r--p 0014c000 00:65 165034468                  /usr/lib/x86_64-linux-gnu/libm-2.31.so
7f5079544000-7f5079545000 rw-p 0014d000 00:65 165034468                  /usr/lib/x86_64-linux-gnu/libm-2.31.so
7f5079545000-7f507a55a000 r-xp 00000000 00:65 77083135                   /root/oracle/jdk-9.0.4/lib/server/libjvm.so
7f507a55a000-7f507a759000 ---p 01015000 00:65 77083135                   /root/oracle/jdk-9.0.4/lib/server/libjvm.so
7f507a759000-7f507a82a000 r--p 01014000 00:65 77083135                   /root/oracle/jdk-9.0.4/lib/server/libjvm.so
7f507a82a000-7f507a861000 rw-p 010e5000 00:65 77083135                   /root/oracle/jdk-9.0.4/lib/server/libjvm.so
7f507a861000-7f507a8cc000 rw-p 00000000 00:00 0 
7f507a8cc000-7f507a8f1000 r--p 00000000 00:65 165034165                  /usr/lib/x86_64-linux-gnu/libc-2.31.so
7f507a8f1000-7f507aa69000 r-xp 00025000 00:65 165034165                  /usr/lib/x86_64-linux-gnu/libc-2.31.so
7f507aa69000-7f507aab3000 r--p 0019d000 00:65 165034165                  /usr/lib/x86_64-linux-gnu/libc-2.31.so
7f507aab3000-7f507aab4000 ---p 001e7000 00:65 165034165                  /usr/lib/x86_64-linux-gnu/libc-2.31.so
7f507aab4000-7f507aab7000 r--p 001e7000 00:65 165034165                  /usr/lib/x86_64-linux-gnu/libc-2.31.so
7f507aab7000-7f507aaba000 rw-p 001ea000 00:65 165034165                  /usr/lib/x86_64-linux-gnu/libc-2.31.so
7f507aaba000-7f507aabe000 rw-p 00000000 00:00 0 
7f507aabe000-7f507aabf000 r--p 00000000 00:65 165034236                  /usr/lib/x86_64-linux-gnu/libdl-2.31.so
7f507aabf000-7f507aac1000 r-xp 00001000 00:65 165034236                  /usr/lib/x86_64-linux-gnu/libdl-2.31.so
7f507aac1000-7f507aac2000 r--p 00003000 00:65 165034236                  /usr/lib/x86_64-linux-gnu/libdl-2.31.so
7f507aac2000-7f507aac3000 r--p 00003000 00:65 165034236                  /usr/lib/x86_64-linux-gnu/libdl-2.31.so
7f507aac3000-7f507aac4000 rw-p 00004000 00:65 165034236                  /usr/lib/x86_64-linux-gnu/libdl-2.31.so
7f507aac4000-7f507aad2000 r-xp 00000000 00:65 77083142                   /root/oracle/jdk-9.0.4/lib/jli/libjli.so
7f507aad2000-7f507acd2000 ---p 0000e000 00:65 77083142                   /root/oracle/jdk-9.0.4/lib/jli/libjli.so
7f507acd2000-7f507acd3000 rw-p 0000e000 00:65 77083142                   /root/oracle/jdk-9.0.4/lib/jli/libjli.so
7f507acd3000-7f507acda000 r--p 00000000 00:65 165034610                  /usr/lib/x86_64-linux-gnu/libpthread-2.31.so
7f507acda000-7f507aceb000 r-xp 00007000 00:65 165034610                  /usr/lib/x86_64-linux-gnu/libpthread-2.31.so
7f507aceb000-7f507acf0000 r--p 00018000 00:65 165034610                  /usr/lib/x86_64-linux-gnu/libpthread-2.31.so
7f507acf0000-7f507acf1000 r--p 0001c000 00:65 165034610                  /usr/lib/x86_64-linux-gnu/libpthread-2.31.so
7f507acf1000-7f507acf2000 rw-p 0001d000 00:65 165034610                  /usr/lib/x86_64-linux-gnu/libpthread-2.31.so
7f507acf2000-7f507acf6000 rw-p 00000000 00:00 0 
7f507acf6000-7f507acf8000 r--p 00000000 00:65 165034796                  /usr/lib/x86_64-linux-gnu/libz.so.1.2.11
7f507acf8000-7f507ad09000 r-xp 00002000 00:65 165034796                  /usr/lib/x86_64-linux-gnu/libz.so.1.2.11
7f507ad09000-7f507ad0f000 r--p 00013000 00:65 165034796                  /usr/lib/x86_64-linux-gnu/libz.so.1.2.11
7f507ad0f000-7f507ad10000 ---p 00019000 00:65 165034796                  /usr/lib/x86_64-linux-gnu/libz.so.1.2.11
7f507ad10000-7f507ad11000 r--p 00019000 00:65 165034796                  /usr/lib/x86_64-linux-gnu/libz.so.1.2.11
7f507ad11000-7f507ad12000 rw-p 0001a000 00:65 165034796                  /usr/lib/x86_64-linux-gnu/libz.so.1.2.11
7f507ad12000-7f507ad1a000 rw-s 00000000 00:65 71965686                   /tmp/hsperfdata_root/1518
7f507ad1a000-7f507ad1d000 rw-p 00000000 00:00 0 
7f507ad1d000-7f507ad1e000 r--p 00000000 00:65 165033992                  /usr/lib/x86_64-linux-gnu/ld-2.31.so
7f507ad1e000-7f507ad41000 r-xp 00001000 00:65 165033992                  /usr/lib/x86_64-linux-gnu/ld-2.31.so
7f507ad41000-7f507ad49000 r--p 00024000 00:65 165033992                  /usr/lib/x86_64-linux-gnu/ld-2.31.so
7f507ad49000-7f507ad4a000 r--p 00000000 00:00 0 
7f507ad4a000-7f507ad4b000 r--p 0002c000 00:65 165033992                  /usr/lib/x86_64-linux-gnu/ld-2.31.so
7f507ad4b000-7f507ad4c000 rw-p 0002d000 00:65 165033992                  /usr/lib/x86_64-linux-gnu/ld-2.31.so
7f507ad4c000-7f507ad4d000 rw-p 00000000 00:00 0 
7ffc17005000-7ffc17026000 rw-p 00000000 00:00 0                          [stack]
7ffc1702a000-7ffc1702d000 r--p 00000000 00:00 0                          [vvar]
7ffc1702d000-7ffc1702e000 r-xp 00000000 00:00 0                          [vdso]
ffffffffff600000-ffffffffff601000 --xp 00000000 00:00 0                  [vsyscall]

VM Arguments:
jvm_args: -Xbootclasspath/a:/usr/local/java/jdk1.8.0_301/jre/lib/rt.jar -Xverify:none 
java_command: org.apache.batik.apps.rasterizer.Main
java_class_path (initial): ./sootOutput/batik-all/
Launcher Type: SUN_STANDARD

Logging:
Log output configuration:
#0: stdout all=warning uptime,level,tags
#1: stderr all=off uptime,level,tags

Environment Variables:
JAVA_HOME=/root/oracle/jdk-9.0.4
JRE_HOME=/root/oracle/jdk-9.0.4
CLASSPATH=.:/root/oracle/jdk-9.0.4/lib:/JVMfuzzing/htm/CFSynthesis/resource/commons-lang3-3.12.0/commons-lang3-3.12.0.jar
PATH=/root/oracle/jdk-9.0.4/bin:/root/.vscode-server/bin/da76f93349a72022ca4670c1b84860304616aaa2/bin/remote-cli:/root/oracle/jdk-9.0.4/bin:/usr/local/sbin:/usr/local/bin:/usr/sbin:/usr/bin:/sbin:/bin:/usr/games:/usr/local/games:/snap/bin
SHELL=/bin/bash

Signal Handlers:
SIGSEGV: [libjvm.so+0xd4d370], sa_mask[0]=11111111011111111101111111111110, sa_flags=SA_RESTART|SA_SIGINFO
SIGBUS: [libjvm.so+0xd4d370], sa_mask[0]=11111111011111111101111111111110, sa_flags=SA_RESTART|SA_SIGINFO
SIGFPE: [libjvm.so+0xd4d370], sa_mask[0]=11111111011111111101111111111110, sa_flags=SA_RESTART|SA_SIGINFO
SIGPIPE: [libjvm.so+0xb64780], sa_mask[0]=11111111011111111101111111111110, sa_flags=SA_RESTART|SA_SIGINFO
SIGXFSZ: [libjvm.so+0xb64780], sa_mask[0]=11111111011111111101111111111110, sa_flags=SA_RESTART|SA_SIGINFO
SIGILL: [libjvm.so+0xd4d370], sa_mask[0]=11111111011111111101111111111110, sa_flags=SA_RESTART|SA_SIGINFO
SIGUSR2: [libjvm.so+0xb64640], sa_mask[0]=00100000000000000000000000000000, sa_flags=SA_RESTART|SA_SIGINFO
SIGHUP: [libjvm.so+0xb64850], sa_mask[0]=11111111011111111101111111111110, sa_flags=SA_RESTART|SA_SIGINFO
SIGINT: [libjvm.so+0xb64850], sa_mask[0]=11111111011111111101111111111110, sa_flags=SA_RESTART|SA_SIGINFO
SIGTERM: [libjvm.so+0xb64850], sa_mask[0]=11111111011111111101111111111110, sa_flags=SA_RESTART|SA_SIGINFO
SIGQUIT: [libjvm.so+0xb64850], sa_mask[0]=11111111011111111101111111111110, sa_flags=SA_RESTART|SA_SIGINFO


---------------  S Y S T E M  ---------------

OS:DISTRIB_ID=Ubuntu
DISTRIB_RELEASE=20.04
DISTRIB_CODENAME=focal
DISTRIB_DESCRIPTION="Ubuntu 20.04.3 LTS"
uname:Linux 5.4.0-124-generic #140~18.04.1-Ubuntu SMP Fri Aug 5 11:43:34 UTC 2022 x86_64
libc:glibc 2.31 NPTL 2.31 
rlimit: STACK 8192k, CORE infinity, NPROC infinity, NOFILE 1048576, AS infinity
load average:40.27 38.43 34.40

/proc/meminfo:
MemTotal:       65549624 kB
MemFree:        10112940 kB
MemAvailable:   36389156 kB
Buffers:         5875368 kB
Cached:          2995632 kB
SwapCached:         7560 kB
Active:         29666684 kB
Inactive:        5740660 kB
Active(anon):   22564572 kB
Inactive(anon):  3992524 kB
Active(file):    7102112 kB
Inactive(file):  1748136 kB
Unevictable:          16 kB
Mlocked:              16 kB
SwapTotal:       2097148 kB
SwapFree:              4 kB
Dirty:              5684 kB
Writeback:             0 kB
AnonPages:      26529248 kB
Mapped:           818712 kB
Shmem:             25660 kB
KReclaimable:   18157892 kB
Slab:           19313900 kB
SReclaimable:   18157892 kB
SUnreclaim:      1156008 kB
KernelStack:       79216 kB
PageTables:       217160 kB
NFS_Unstable:          0 kB
Bounce:                0 kB
WritebackTmp:          0 kB
CommitLimit:    34871960 kB
Committed_AS:   83597212 kB
VmallocTotal:   34359738367 kB
VmallocUsed:      161880 kB
VmallocChunk:          0 kB
Percpu:            32512 kB
HardwareCorrupted:     0 kB
AnonHugePages:         0 kB
ShmemHugePages:        0 kB
ShmemPmdMapped:        0 kB
FileHugePages:         0 kB
FilePmdMapped:         0 kB
CmaTotal:              0 kB
CmaFree:               0 kB
HugePages_Total:       0
HugePages_Free:        0
HugePages_Rsvd:        0
HugePages_Surp:        0
Hugepagesize:       2048 kB
Hugetlb:               0 kB
DirectMap4k:    15497632 kB
DirectMap2M:    51298304 kB
DirectMap1G:           0 kB


CPU:total 28 (initial active 28) (14 cores per cpu, 2 threads per core) family 6 model 85 stepping 4, cmov, cx8, fxsr, mmx, sse, sse2, sse3, ssse3, sse4.1, sse4.2, popcnt, avx, avx2, aes, clmul, erms, rtm, 3dnowpref, lzcnt, ht, tsc, tscinvbit, bmi1, bmi2, adx, fma
CPU Model and flags from /proc/cpuinfo:
model name	: Intel(R) Core(TM) i9-9940X CPU @ 3.30GHz
flags		: fpu vme de pse tsc msr pae mce cx8 apic sep mtrr pge mca cmov pat pse36 clflush dts acpi mmx fxsr sse sse2 ss ht tm pbe syscall nx pdpe1gb rdtscp lm constant_tsc art arch_perfmon pebs bts rep_good nopl xtopology nonstop_tsc cpuid aperfmperf pni pclmulqdq dtes64 monitor ds_cpl vmx est tm2 ssse3 sdbg fma cx16 xtpr pdcm pcid dca sse4_1 sse4_2 x2apic movbe popcnt tsc_deadline_timer aes xsave avx f16c rdrand lahf_lm abm 3dnowprefetch cpuid_fault epb cat_l3 cdp_l3 invpcid_single pti ssbd mba ibrs ibpb stibp tpr_shadow vnmi flexpriority ept vpid ept_ad fsgsbase tsc_adjust bmi1 hle avx2 smep bmi2 erms invpcid rtm cqm mpx rdt_a avx512f avx512dq rdseed adx smap clflushopt clwb intel_pt avx512cd avx512bw avx512vl xsaveopt xsavec xgetbv1 xsaves cqm_llc cqm_occup_llc cqm_mbm_total cqm_mbm_local dtherm ida arat pln pts hwp hwp_act_window hwp_epp hwp_pkg_req md_clear flush_l1d arch_capabilities

Memory: 4k page, physical 65549624k(10112940k free), swap 2097148k(4k free)

vm_info: Java HotSpot(TM) 64-Bit Server VM (9.0.4+11) for linux-amd64 JRE (9.0.4+11), built on Dec 19 2017 18:12:19 by "mach5one" with gcc 4.9.2

END.
