#
# A fatal error has been detected by the Java Runtime Environment:
#
#  SIGSEGV (0xb) at pc=0x00007f86541f7b2c, pid=19111, tid=19174
#
# JRE version: Java(TM) SE Runtime Environment (9.0+11) (build 9.0.4+11)
# Java VM: Java HotSpot(TM) 64-Bit Server VM (9.0.4+11, mixed mode, tiered, compressed oops, g1 gc, linux-amd64)
# Problematic frame:
# V  [libjvm.so+0x48eb2c]  Canonicalizer::do_If(If*)+0x1c
#
# Core dump will be written. Default location: Core dumps may be processed with "/usr/share/apport/apport -p%p -s%s -c%c -d%d -P%P -u%u -g%g -- %E" (or dumping to /JVMfuzzing/zjy/classming/Fuzzing-Testing-of-JVM-Implementations/core.19111)
#
# If you would like to submit a bug report, please visit:
#   http://bugreport.java.com/bugreport/crash.jsp
#

---------------  S U M M A R Y ------------

Command Line: -Xbootclasspath/a:/usr/local/java/jdk1.8.0_301/jre/lib/rt.jar -Xverify:none org.eclipse.core.runtime.adaptor.EclipseStarter -debug

Host: Intel(R) Core(TM) i9-9940X CPU @ 3.30GHz, 28 cores, 62G, Ubuntu 20.04.3 LTS
Time: Thu Nov  3 09:09:34 2022 UTC elapsed time: 0 seconds (0d 0h 0m 0s)

---------------  T H R E A D  ---------------

Current thread (0x00007f864c2bb800):  JavaThread "C1 CompilerThread8" daemon [_thread_in_native, id=19174, stack(0x00007f854c4ec000,0x00007f854c5ed000)]


Current CompileTask:
C1:    535  260 %     3       org.eclipse.core.runtime.adaptor.EclipseStarter::main @ 5370 (6277 bytes)

Stack: [0x00007f854c4ec000,0x00007f854c5ed000],  sp=0x00007f854c5eb0c0,  free space=1020k
Native frames: (J=compiled Java code, A=aot compiled Java code, j=interpreted, Vv=VM code, C=native code)
V  [libjvm.so+0x48eb2c]  Canonicalizer::do_If(If*)+0x1c
V  [libjvm.so+0x4a0452]  GraphBuilder::append_with_bci(Instruction*, int)+0x42
V  [libjvm.so+0x4a3526]  GraphBuilder::if_node(Instruction*, Instruction::Condition, Instruction*, ValueStack*)+0x2a6
V  [libjvm.so+0x4b1873]  GraphBuilder::iterate_bytecodes_for_block(int)+0x1e83
V  [libjvm.so+0x4b1ad5]  GraphBuilder::iterate_all_blocks(bool)+0x85
V  [libjvm.so+0x4b1ec9]  GraphBuilder::GraphBuilder(Compilation*, IRScope*)+0x389
V  [libjvm.so+0x4b70a8]  IR::IR(Compilation*, ciMethod*, int)+0x1e8
V  [libjvm.so+0x497832]  Compilation::build_hir() [clone .part.93]+0x162
V  [libjvm.so+0x499633]  Compilation::compile_java_method()+0x3c3
V  [libjvm.so+0x4997af]  Compilation::compile_method()+0x12f
V  [libjvm.so+0x499c31]  Compilation::Compilation(AbstractCompiler*, ciEnv*, ciMethod*, int, BufferBlob*, DirectiveSet*)+0x271
V  [libjvm.so+0x49ac1e]  Compiler::compile_method(ciEnv*, ciMethod*, int, DirectiveSet*)+0xae
V  [libjvm.so+0x6125ac]  CompileBroker::invoke_compiler_on_method(CompileTask*)+0x41c
V  [libjvm.so+0x61344b]  CompileBroker::compiler_thread_loop()+0x28b
V  [libjvm.so+0xcef338]  JavaThread::thread_main_inner()+0xd8
V  [libjvm.so+0xb6e132]  thread_native_entry(Thread*)+0xf2
C  [libpthread.so.0+0x9609]  start_thread+0xd9


siginfo: si_signo: 11 (SIGSEGV), si_code: 1 (SEGV_MAPERR), si_addr: 0x0000000000000018

Register to memory mapping:

RAX=0x0000000000000000 is an unknown value
RBX=0x00007f85140ca2d0 is an unknown value
RCX=0x00007f854c5eb800 is pointing into the stack for thread: 0x00007f864c2bb800
RDX=0x00007f85140ca2d0 is an unknown value
RSP=0x00007f854c5eb0c0 is pointing into the stack for thread: 0x00007f864c2bb800
RBP=0x00007f854c5eb130 is pointing into the stack for thread: 0x00007f864c2bb800
RSI=0x00007f85140ca2d0 is an unknown value
RDI=0x00007f854c5eb160 is pointing into the stack for thread: 0x00007f864c2bb800
R8 =0x00007f85140c99d0 is an unknown value
R9 =0x00000000000000fd is an unknown value
R10=0x0000000000000020 is an unknown value
R11=0x0000000000000000 is an unknown value
R12=0x00007f85140ca370 is an unknown value
R13=0x00007f854c5eb460 is pointing into the stack for thread: 0x00007f864c2bb800
R14=0x00007f85140ca2d0 is an unknown value
R15=0x00007f85140ca370 is an unknown value


Registers:
RAX=0x0000000000000000, RBX=0x00007f85140ca2d0, RCX=0x00007f854c5eb800, RDX=0x00007f85140ca2d0
RSP=0x00007f854c5eb0c0, RBP=0x00007f854c5eb130, RSI=0x00007f85140ca2d0, RDI=0x00007f854c5eb160
R8 =0x00007f85140c99d0, R9 =0x00000000000000fd, R10=0x0000000000000020, R11=0x0000000000000000
R12=0x00007f85140ca370, R13=0x00007f854c5eb460, R14=0x00007f85140ca2d0, R15=0x00007f85140ca370
RIP=0x00007f86541f7b2c, EFLAGS=0x0000000000010206, CSGSFS=0x002b000000000033, ERR=0x0000000000000004
  TRAPNO=0x000000000000000e

Top of Stack: (sp=0x00007f854c5eb0c0)
0x00007f854c5eb0c0:   00007f854c5eb130 00007f865416deb7
0x00007f854c5eb0d0:   00007f8514077b08 00007f8514077ac8
0x00007f854c5eb0e0:   00007f854c5eb110 00007f8654224598
0x00007f854c5eb0f0:   00007f8520020190 00007f854c5eb160 

Instructions: (pc=0x00007f86541f7b2c)
0x00007f86541f7b0c:   ff 90 66 90 55 48 89 e5 41 57 41 56 41 55 41 54
0x00007f86541f7b1c:   53 48 89 f3 48 83 ec 48 48 8b 46 70 48 89 7d c8
0x00007f86541f7b2c:   48 8b 78 18 48 8b 07 ff 50 18 84 c0 0f 85 a2 00
0x00007f86541f7b3c:   00 00 4c 8b 63 70 48 8b 83 80 00 00 00 49 39 c4 


---------------  P R O C E S S  ---------------

Java Threads: ( => current thread )
  0x00007f864c398800 JavaThread "Service Thread" daemon [_thread_blocked, id=19181, stack(0x00007f85039d6000,0x00007f8503ad7000)]
  0x00007f864c2d1800 JavaThread "Common-Cleaner" daemon [_thread_blocked, id=19180, stack(0x00007f8503ad7000,0x00007f8503bd8000)]
  0x00007f864c2c2800 JavaThread "Sweeper thread" daemon [_thread_blocked, id=19179, stack(0x00007f854c0e8000,0x00007f854c1e9000)]
  0x00007f864c2c1000 JavaThread "C1 CompilerThread11" daemon [_thread_blocked, id=19178, stack(0x00007f854c1e9000,0x00007f854c2ea000)]
  0x00007f864c2bf000 JavaThread "C1 CompilerThread10" daemon [_thread_blocked, id=19177, stack(0x00007f854c2ea000,0x00007f854c3eb000)]
  0x00007f864c2bd800 JavaThread "C1 CompilerThread9" daemon [_thread_blocked, id=19175, stack(0x00007f854c3eb000,0x00007f854c4ec000)]
=>0x00007f864c2bb800 JavaThread "C1 CompilerThread8" daemon [_thread_in_native, id=19174, stack(0x00007f854c4ec000,0x00007f854c5ed000)]
  0x00007f864c2b9800 JavaThread "C2 CompilerThread7" daemon [_thread_blocked, id=19173, stack(0x00007f854c5ed000,0x00007f854c6ee000)]
  0x00007f864c2b8000 JavaThread "C2 CompilerThread6" daemon [_thread_blocked, id=19172, stack(0x00007f854c6ee000,0x00007f854c7ef000)]
  0x00007f864c2b6000 JavaThread "C2 CompilerThread5" daemon [_thread_blocked, id=19171, stack(0x00007f854c7ef000,0x00007f854c8f0000)]
  0x00007f864c2b4800 JavaThread "C2 CompilerThread4" daemon [_thread_blocked, id=19170, stack(0x00007f854c8f0000,0x00007f854c9f1000)]
  0x00007f864c2b2800 JavaThread "C2 CompilerThread3" daemon [_thread_blocked, id=19169, stack(0x00007f854c9f1000,0x00007f854caf2000)]
  0x00007f864c2b1000 JavaThread "C2 CompilerThread2" daemon [_thread_blocked, id=19168, stack(0x00007f854caf2000,0x00007f854cbf3000)]
  0x00007f864c2af000 JavaThread "C2 CompilerThread1" daemon [_thread_blocked, id=19167, stack(0x00007f854cbf3000,0x00007f854ccf4000)]
  0x00007f864c2ad000 JavaThread "C2 CompilerThread0" daemon [_thread_blocked, id=19166, stack(0x00007f854ccf4000,0x00007f854cdf5000)]
  0x00007f864c2ab000 JavaThread "Signal Dispatcher" daemon [_thread_blocked, id=19165, stack(0x00007f854cdf5000,0x00007f854cef6000)]
  0x00007f864c291000 JavaThread "Finalizer" daemon [_thread_blocked, id=19164, stack(0x00007f854cef6000,0x00007f854cff7000)]
  0x00007f864c288800 JavaThread "Reference Handler" daemon [_thread_blocked, id=19163, stack(0x00007f854cff7000,0x00007f854d0f8000)]
  0x00007f864c011800 JavaThread "main" [_thread_in_native, id=19113, stack(0x00007f8653b1b000,0x00007f8653c1a000)]

Other Threads:
  0x00007f864c281000 VMThread "VM Thread" [stack: 0x00007f854d0fa000,0x00007f854d1fa000] [id=19162]
  0x00007f864c39b000 WatcherThread [stack: 0x00007f85038d6000,0x00007f85039d6000] [id=19182]
  0x00007f864c034000 GCTaskThread "GC Thread#0" [stack: 0x00007f8652d75000,0x00007f8652e75000] [id=19114]
  0x00007f864c035800 GCTaskThread "GC Thread#1" [stack: 0x00007f8652c73000,0x00007f8652d73000] [id=19115]
  0x00007f864c037000 GCTaskThread "GC Thread#2" [stack: 0x00007f8652b71000,0x00007f8652c71000] [id=19116]
  0x00007f864c039000 GCTaskThread "GC Thread#3" [stack: 0x00007f8652a6f000,0x00007f8652b6f000] [id=19117]
  0x00007f864c03a800 GCTaskThread "GC Thread#4" [stack: 0x00007f865296d000,0x00007f8652a6d000] [id=19118]
  0x00007f864c03c800 GCTaskThread "GC Thread#5" [stack: 0x00007f865286b000,0x00007f865296b000] [id=19119]
  0x00007f864c03e000 GCTaskThread "GC Thread#6" [stack: 0x00007f8652769000,0x00007f8652869000] [id=19120]
  0x00007f864c03f800 GCTaskThread "GC Thread#7" [stack: 0x00007f8652667000,0x00007f8652767000] [id=19121]
  0x00007f864c041800 GCTaskThread "GC Thread#8" [stack: 0x00007f8652565000,0x00007f8652665000] [id=19122]
  0x00007f864c043000 GCTaskThread "GC Thread#9" [stack: 0x00007f8652463000,0x00007f8652563000] [id=19123]
  0x00007f864c045000 GCTaskThread "GC Thread#10" [stack: 0x00007f8652361000,0x00007f8652461000] [id=19124]
  0x00007f864c046800 GCTaskThread "GC Thread#11" [stack: 0x00007f865225f000,0x00007f865235f000] [id=19125]
  0x00007f864c048800 GCTaskThread "GC Thread#12" [stack: 0x00007f865215d000,0x00007f865225d000] [id=19126]
  0x00007f864c04a000 GCTaskThread "GC Thread#13" [stack: 0x00007f865205b000,0x00007f865215b000] [id=19127]
  0x00007f864c04c000 GCTaskThread "GC Thread#14" [stack: 0x00007f8651f59000,0x00007f8652059000] [id=19128]
  0x00007f864c04d800 GCTaskThread "GC Thread#15" [stack: 0x00007f8651e57000,0x00007f8651f57000] [id=19129]
  0x00007f864c04f800 GCTaskThread "GC Thread#16" [stack: 0x00007f8651d55000,0x00007f8651e55000] [id=19130]
  0x00007f864c051000 GCTaskThread "GC Thread#17" [stack: 0x00007f8651c53000,0x00007f8651d53000] [id=19131]
  0x00007f864c052800 GCTaskThread "GC Thread#18" [stack: 0x00007f8651b51000,0x00007f8651c51000] [id=19132]
  0x00007f864c054800 GCTaskThread "GC Thread#19" [stack: 0x00007f8651a4f000,0x00007f8651b4f000] [id=19133]
  0x00007f864c09f800 ConcurrentGCThread "G1 Main Marker" [stack: 0x00007f86305bc000,0x00007f86306bc000] [id=19156]
  0x00007f864c0a1000 ConcurrentGCThread "G1 Marker#0" [stack: 0x00007f86304ba000,0x00007f86305ba000] [id=19157]
  0x00007f864c0a3000 ConcurrentGCThread "G1 Marker#1" [stack: 0x00007f86303b8000,0x00007f86304b8000] [id=19158]
  0x00007f864c0a4800 ConcurrentGCThread "G1 Marker#2" [stack: 0x00007f86302b6000,0x00007f86303b6000] [id=19159]
  0x00007f864c0a6800 ConcurrentGCThread "G1 Marker#3" [stack: 0x00007f86301b4000,0x00007f86302b4000] [id=19160]
  0x00007f864c0a8000 ConcurrentGCThread "G1 Marker#4" [stack: 0x00007f86300b2000,0x00007f86301b2000] [id=19161]
  0x00007f864c079000 ConcurrentGCThread "G1 Refine#0" [stack: 0x00007f8630d29000,0x00007f8630e29000] [id=19154]
  0x00007f864c077000 ConcurrentGCThread "G1 Refine#1" [stack: 0x00007f8630e2b000,0x00007f8630f2b000] [id=19153]
  0x00007f864c075000 ConcurrentGCThread "G1 Refine#2" [stack: 0x00007f8630f2d000,0x00007f863102d000] [id=19152]
  0x00007f864c073800 ConcurrentGCThread "G1 Refine#3" [stack: 0x00007f863102f000,0x00007f863112f000] [id=19151]
  0x00007f864c071800 ConcurrentGCThread "G1 Refine#4" [stack: 0x00007f8631131000,0x00007f8631231000] [id=19150]
  0x00007f864c070000 ConcurrentGCThread "G1 Refine#5" [stack: 0x00007f8631233000,0x00007f8631333000] [id=19149]
  0x00007f864c06e000 ConcurrentGCThread "G1 Refine#6" [stack: 0x00007f8631335000,0x00007f8631435000] [id=19148]
  0x00007f864c06c800 ConcurrentGCThread "G1 Refine#7" [stack: 0x00007f8631437000,0x00007f8631537000] [id=19147]
  0x00007f864c06a800 ConcurrentGCThread "G1 Refine#8" [stack: 0x00007f8631539000,0x00007f8631639000] [id=19146]
  0x00007f864c069000 ConcurrentGCThread "G1 Refine#9" [stack: 0x00007f863163b000,0x00007f863173b000] [id=19145]
  0x00007f864c067000 ConcurrentGCThread "G1 Refine#10" [stack: 0x00007f863173d000,0x00007f863183d000] [id=19144]
  0x00007f864c065000 ConcurrentGCThread "G1 Refine#11" [stack: 0x00007f863183f000,0x00007f863193f000] [id=19143]
  0x00007f864c063800 ConcurrentGCThread "G1 Refine#12" [stack: 0x00007f8631941000,0x00007f8631a41000] [id=19142]
  0x00007f864c061800 ConcurrentGCThread "G1 Refine#13" [stack: 0x00007f8631a43000,0x00007f8631b43000] [id=19140]
  0x00007f864c060000 ConcurrentGCThread "G1 Refine#14" [stack: 0x00007f865002f000,0x00007f865012f000] [id=19139]
  0x00007f864c05e000 ConcurrentGCThread "G1 Refine#15" [stack: 0x00007f8650131000,0x00007f8650231000] [id=19138]
  0x00007f864c05c800 ConcurrentGCThread "G1 Refine#16" [stack: 0x00007f8650233000,0x00007f8650333000] [id=19137]
  0x00007f864c05a800 ConcurrentGCThread "G1 Refine#17" [stack: 0x00007f8650335000,0x00007f8650435000] [id=19136]
  0x00007f864c059000 ConcurrentGCThread "G1 Refine#18" [stack: 0x00007f8650437000,0x00007f8650537000] [id=19135]
  0x00007f864c057000 ConcurrentGCThread "G1 Refine#19" [stack: 0x00007f8650539000,0x00007f8650639000] [id=19134]
  0x00007f864c07a800 ConcurrentGCThread "G1 Young RemSet Sampling" [stack: 0x00007f8630c27000,0x00007f8630d27000] [id=19155]

Threads with active compile tasks:
C1 CompilerThread8 260 %     3       org.eclipse.core.runtime.adaptor.EclipseStarter::main @ 5370 (6277 bytes)

VM state:not at safepoint (normal execution)

VM Mutex/Monitor currently owned by a thread: None

Heap address: 0x00000003d7c00000, size: 16004 MB, Compressed Oops mode: Zero based, Oop shift amount: 3
Narrow klass base: 0x0000000000000000, Narrow klass shift: 3
Compressed class space size: 1073741824 Address: 0x00000007c0000000

Heap:
 garbage-first heap   total 1028096K, used 8192K [0x00000003d7c00000, 0x00000003d80007d8, 0x00000007c0000000)
  region size 4096K, 3 young (12288K), 0 survivors (0K)
 Metaspace       used 4323K, capacity 4680K, committed 4864K, reserved 1056768K
  class space    used 356K, capacity 388K, committed 512K, reserved 1048576K
Heap Regions: E=young(eden), S=young(survivor), O=old, HS=humongous(starts), HC=humongous(continues), CS=collection set, F=free, A=archive, TS=gc time stamp, AC=allocation context, TAMS=top-at-mark-start (previous, next)
|   0|0x00000003d7c00000, 0x00000003d7c00000, 0x00000003d8000000|  0%| F|  |TS  0|AC  0|TAMS 0x00000003d7c00000, 0x00000003d7c00000|
|   1|0x00000003d8000000, 0x00000003d8000000, 0x00000003d8400000|  0%| F|  |TS  0|AC  0|TAMS 0x00000003d8000000, 0x00000003d8000000|
|   2|0x00000003d8400000, 0x00000003d8400000, 0x00000003d8800000|  0%| F|  |TS  0|AC  0|TAMS 0x00000003d8400000, 0x00000003d8400000|
|   3|0x00000003d8800000, 0x00000003d8800000, 0x00000003d8c00000|  0%| F|  |TS  0|AC  0|TAMS 0x00000003d8800000, 0x00000003d8800000|
|   4|0x00000003d8c00000, 0x00000003d8c00000, 0x00000003d9000000|  0%| F|  |TS  0|AC  0|TAMS 0x00000003d8c00000, 0x00000003d8c00000|
|   5|0x00000003d9000000, 0x00000003d9000000, 0x00000003d9400000|  0%| F|  |TS  0|AC  0|TAMS 0x00000003d9000000, 0x00000003d9000000|
|   6|0x00000003d9400000, 0x00000003d9400000, 0x00000003d9800000|  0%| F|  |TS  0|AC  0|TAMS 0x00000003d9400000, 0x00000003d9400000|
|   7|0x00000003d9800000, 0x00000003d9800000, 0x00000003d9c00000|  0%| F|  |TS  0|AC  0|TAMS 0x00000003d9800000, 0x00000003d9800000|
|   8|0x00000003d9c00000, 0x00000003d9c00000, 0x00000003da000000|  0%| F|  |TS  0|AC  0|TAMS 0x00000003d9c00000, 0x00000003d9c00000|
|   9|0x00000003da000000, 0x00000003da000000, 0x00000003da400000|  0%| F|  |TS  0|AC  0|TAMS 0x00000003da000000, 0x00000003da000000|
|  10|0x00000003da400000, 0x00000003da400000, 0x00000003da800000|  0%| F|  |TS  0|AC  0|TAMS 0x00000003da400000, 0x00000003da400000|
|  11|0x00000003da800000, 0x00000003da800000, 0x00000003dac00000|  0%| F|  |TS  0|AC  0|TAMS 0x00000003da800000, 0x00000003da800000|
|  12|0x00000003dac00000, 0x00000003dac00000, 0x00000003db000000|  0%| F|  |TS  0|AC  0|TAMS 0x00000003dac00000, 0x00000003dac00000|
|  13|0x00000003db000000, 0x00000003db000000, 0x00000003db400000|  0%| F|  |TS  0|AC  0|TAMS 0x00000003db000000, 0x00000003db000000|
|  14|0x00000003db400000, 0x00000003db400000, 0x00000003db800000|  0%| F|  |TS  0|AC  0|TAMS 0x00000003db400000, 0x00000003db400000|
|  15|0x00000003db800000, 0x00000003db800000, 0x00000003dbc00000|  0%| F|  |TS  0|AC  0|TAMS 0x00000003db800000, 0x00000003db800000|
|  16|0x00000003dbc00000, 0x00000003dbc00000, 0x00000003dc000000|  0%| F|  |TS  0|AC  0|TAMS 0x00000003dbc00000, 0x00000003dbc00000|
|  17|0x00000003dc000000, 0x00000003dc000000, 0x00000003dc400000|  0%| F|  |TS  0|AC  0|TAMS 0x00000003dc000000, 0x00000003dc000000|
|  18|0x00000003dc400000, 0x00000003dc400000, 0x00000003dc800000|  0%| F|  |TS  0|AC  0|TAMS 0x00000003dc400000, 0x00000003dc400000|
|  19|0x00000003dc800000, 0x00000003dc800000, 0x00000003dcc00000|  0%| F|  |TS  0|AC  0|TAMS 0x00000003dc800000, 0x00000003dc800000|
|  20|0x00000003dcc00000, 0x00000003dcc00000, 0x00000003dd000000|  0%| F|  |TS  0|AC  0|TAMS 0x00000003dcc00000, 0x00000003dcc00000|
|  21|0x00000003dd000000, 0x00000003dd000000, 0x00000003dd400000|  0%| F|  |TS  0|AC  0|TAMS 0x00000003dd000000, 0x00000003dd000000|
|  22|0x00000003dd400000, 0x00000003dd400000, 0x00000003dd800000|  0%| F|  |TS  0|AC  0|TAMS 0x00000003dd400000, 0x00000003dd400000|
|  23|0x00000003dd800000, 0x00000003dd800000, 0x00000003ddc00000|  0%| F|  |TS  0|AC  0|TAMS 0x00000003dd800000, 0x00000003dd800000|
|  24|0x00000003ddc00000, 0x00000003ddc00000, 0x00000003de000000|  0%| F|  |TS  0|AC  0|TAMS 0x00000003ddc00000, 0x00000003ddc00000|
|  25|0x00000003de000000, 0x00000003de000000, 0x00000003de400000|  0%| F|  |TS  0|AC  0|TAMS 0x00000003de000000, 0x00000003de000000|
|  26|0x00000003de400000, 0x00000003de400000, 0x00000003de800000|  0%| F|  |TS  0|AC  0|TAMS 0x00000003de400000, 0x00000003de400000|
|  27|0x00000003de800000, 0x00000003de800000, 0x00000003dec00000|  0%| F|  |TS  0|AC  0|TAMS 0x00000003de800000, 0x00000003de800000|
|  28|0x00000003dec00000, 0x00000003dec00000, 0x00000003df000000|  0%| F|  |TS  0|AC  0|TAMS 0x00000003dec00000, 0x00000003dec00000|
|  29|0x00000003df000000, 0x00000003df000000, 0x00000003df400000|  0%| F|  |TS  0|AC  0|TAMS 0x00000003df000000, 0x00000003df000000|
|  30|0x00000003df400000, 0x00000003df400000, 0x00000003df800000|  0%| F|  |TS  0|AC  0|TAMS 0x00000003df400000, 0x00000003df400000|
|  31|0x00000003df800000, 0x00000003df800000, 0x00000003dfc00000|  0%| F|  |TS  0|AC  0|TAMS 0x00000003df800000, 0x00000003df800000|
|  32|0x00000003dfc00000, 0x00000003dfc00000, 0x00000003e0000000|  0%| F|  |TS  0|AC  0|TAMS 0x00000003dfc00000, 0x00000003dfc00000|
|  33|0x00000003e0000000, 0x00000003e0000000, 0x00000003e0400000|  0%| F|  |TS  0|AC  0|TAMS 0x00000003e0000000, 0x00000003e0000000|
|  34|0x00000003e0400000, 0x00000003e0400000, 0x00000003e0800000|  0%| F|  |TS  0|AC  0|TAMS 0x00000003e0400000, 0x00000003e0400000|
|  35|0x00000003e0800000, 0x00000003e0800000, 0x00000003e0c00000|  0%| F|  |TS  0|AC  0|TAMS 0x00000003e0800000, 0x00000003e0800000|
|  36|0x00000003e0c00000, 0x00000003e0c00000, 0x00000003e1000000|  0%| F|  |TS  0|AC  0|TAMS 0x00000003e0c00000, 0x00000003e0c00000|
|  37|0x00000003e1000000, 0x00000003e1000000, 0x00000003e1400000|  0%| F|  |TS  0|AC  0|TAMS 0x00000003e1000000, 0x00000003e1000000|
|  38|0x00000003e1400000, 0x00000003e1400000, 0x00000003e1800000|  0%| F|  |TS  0|AC  0|TAMS 0x00000003e1400000, 0x00000003e1400000|
|  39|0x00000003e1800000, 0x00000003e1800000, 0x00000003e1c00000|  0%| F|  |TS  0|AC  0|TAMS 0x00000003e1800000, 0x00000003e1800000|
|  40|0x00000003e1c00000, 0x00000003e1c00000, 0x00000003e2000000|  0%| F|  |TS  0|AC  0|TAMS 0x00000003e1c00000, 0x00000003e1c00000|
|  41|0x00000003e2000000, 0x00000003e2000000, 0x00000003e2400000|  0%| F|  |TS  0|AC  0|TAMS 0x00000003e2000000, 0x00000003e2000000|
|  42|0x00000003e2400000, 0x00000003e2400000, 0x00000003e2800000|  0%| F|  |TS  0|AC  0|TAMS 0x00000003e2400000, 0x00000003e2400000|
|  43|0x00000003e2800000, 0x00000003e2800000, 0x00000003e2c00000|  0%| F|  |TS  0|AC  0|TAMS 0x00000003e2800000, 0x00000003e2800000|
|  44|0x00000003e2c00000, 0x00000003e2c00000, 0x00000003e3000000|  0%| F|  |TS  0|AC  0|TAMS 0x00000003e2c00000, 0x00000003e2c00000|
|  45|0x00000003e3000000, 0x00000003e3000000, 0x00000003e3400000|  0%| F|  |TS  0|AC  0|TAMS 0x00000003e3000000, 0x00000003e3000000|
|  46|0x00000003e3400000, 0x00000003e3400000, 0x00000003e3800000|  0%| F|  |TS  0|AC  0|TAMS 0x00000003e3400000, 0x00000003e3400000|
|  47|0x00000003e3800000, 0x00000003e3800000, 0x00000003e3c00000|  0%| F|  |TS  0|AC  0|TAMS 0x00000003e3800000, 0x00000003e3800000|
|  48|0x00000003e3c00000, 0x00000003e3c00000, 0x00000003e4000000|  0%| F|  |TS  0|AC  0|TAMS 0x00000003e3c00000, 0x00000003e3c00000|
|  49|0x00000003e4000000, 0x00000003e4000000, 0x00000003e4400000|  0%| F|  |TS  0|AC  0|TAMS 0x00000003e4000000, 0x00000003e4000000|
|  50|0x00000003e4400000, 0x00000003e4400000, 0x00000003e4800000|  0%| F|  |TS  0|AC  0|TAMS 0x00000003e4400000, 0x00000003e4400000|
|  51|0x00000003e4800000, 0x00000003e4800000, 0x00000003e4c00000|  0%| F|  |TS  0|AC  0|TAMS 0x00000003e4800000, 0x00000003e4800000|
|  52|0x00000003e4c00000, 0x00000003e4c00000, 0x00000003e5000000|  0%| F|  |TS  0|AC  0|TAMS 0x00000003e4c00000, 0x00000003e4c00000|
|  53|0x00000003e5000000, 0x00000003e5000000, 0x00000003e5400000|  0%| F|  |TS  0|AC  0|TAMS 0x00000003e5000000, 0x00000003e5000000|
|  54|0x00000003e5400000, 0x00000003e5400000, 0x00000003e5800000|  0%| F|  |TS  0|AC  0|TAMS 0x00000003e5400000, 0x00000003e5400000|
|  55|0x00000003e5800000, 0x00000003e5800000, 0x00000003e5c00000|  0%| F|  |TS  0|AC  0|TAMS 0x00000003e5800000, 0x00000003e5800000|
|  56|0x00000003e5c00000, 0x00000003e5c00000, 0x00000003e6000000|  0%| F|  |TS  0|AC  0|TAMS 0x00000003e5c00000, 0x00000003e5c00000|
|  57|0x00000003e6000000, 0x00000003e6000000, 0x00000003e6400000|  0%| F|  |TS  0|AC  0|TAMS 0x00000003e6000000, 0x00000003e6000000|
|  58|0x00000003e6400000, 0x00000003e6400000, 0x00000003e6800000|  0%| F|  |TS  0|AC  0|TAMS 0x00000003e6400000, 0x00000003e6400000|
|  59|0x00000003e6800000, 0x00000003e6800000, 0x00000003e6c00000|  0%| F|  |TS  0|AC  0|TAMS 0x00000003e6800000, 0x00000003e6800000|
|  60|0x00000003e6c00000, 0x00000003e6c00000, 0x00000003e7000000|  0%| F|  |TS  0|AC  0|TAMS 0x00000003e6c00000, 0x00000003e6c00000|
|  61|0x00000003e7000000, 0x00000003e7000000, 0x00000003e7400000|  0%| F|  |TS  0|AC  0|TAMS 0x00000003e7000000, 0x00000003e7000000|
|  62|0x00000003e7400000, 0x00000003e7400000, 0x00000003e7800000|  0%| F|  |TS  0|AC  0|TAMS 0x00000003e7400000, 0x00000003e7400000|
|  63|0x00000003e7800000, 0x00000003e7800000, 0x00000003e7c00000|  0%| F|  |TS  0|AC  0|TAMS 0x00000003e7800000, 0x00000003e7800000|
|  64|0x00000003e7c00000, 0x00000003e7c00000, 0x00000003e8000000|  0%| F|  |TS  0|AC  0|TAMS 0x00000003e7c00000, 0x00000003e7c00000|
|  65|0x00000003e8000000, 0x00000003e8000000, 0x00000003e8400000|  0%| F|  |TS  0|AC  0|TAMS 0x00000003e8000000, 0x00000003e8000000|
|  66|0x00000003e8400000, 0x00000003e8400000, 0x00000003e8800000|  0%| F|  |TS  0|AC  0|TAMS 0x00000003e8400000, 0x00000003e8400000|
|  67|0x00000003e8800000, 0x00000003e8800000, 0x00000003e8c00000|  0%| F|  |TS  0|AC  0|TAMS 0x00000003e8800000, 0x00000003e8800000|
|  68|0x00000003e8c00000, 0x00000003e8c00000, 0x00000003e9000000|  0%| F|  |TS  0|AC  0|TAMS 0x00000003e8c00000, 0x00000003e8c00000|
|  69|0x00000003e9000000, 0x00000003e9000000, 0x00000003e9400000|  0%| F|  |TS  0|AC  0|TAMS 0x00000003e9000000, 0x00000003e9000000|
|  70|0x00000003e9400000, 0x00000003e9400000, 0x00000003e9800000|  0%| F|  |TS  0|AC  0|TAMS 0x00000003e9400000, 0x00000003e9400000|
|  71|0x00000003e9800000, 0x00000003e9800000, 0x00000003e9c00000|  0%| F|  |TS  0|AC  0|TAMS 0x00000003e9800000, 0x00000003e9800000|
|  72|0x00000003e9c00000, 0x00000003e9c00000, 0x00000003ea000000|  0%| F|  |TS  0|AC  0|TAMS 0x00000003e9c00000, 0x00000003e9c00000|
|  73|0x00000003ea000000, 0x00000003ea000000, 0x00000003ea400000|  0%| F|  |TS  0|AC  0|TAMS 0x00000003ea000000, 0x00000003ea000000|
|  74|0x00000003ea400000, 0x00000003ea400000, 0x00000003ea800000|  0%| F|  |TS  0|AC  0|TAMS 0x00000003ea400000, 0x00000003ea400000|
|  75|0x00000003ea800000, 0x00000003ea800000, 0x00000003eac00000|  0%| F|  |TS  0|AC  0|TAMS 0x00000003ea800000, 0x00000003ea800000|
|  76|0x00000003eac00000, 0x00000003eac00000, 0x00000003eb000000|  0%| F|  |TS  0|AC  0|TAMS 0x00000003eac00000, 0x00000003eac00000|
|  77|0x00000003eb000000, 0x00000003eb000000, 0x00000003eb400000|  0%| F|  |TS  0|AC  0|TAMS 0x00000003eb000000, 0x00000003eb000000|
|  78|0x00000003eb400000, 0x00000003eb400000, 0x00000003eb800000|  0%| F|  |TS  0|AC  0|TAMS 0x00000003eb400000, 0x00000003eb400000|
|  79|0x00000003eb800000, 0x00000003eb800000, 0x00000003ebc00000|  0%| F|  |TS  0|AC  0|TAMS 0x00000003eb800000, 0x00000003eb800000|
|  80|0x00000003ebc00000, 0x00000003ebc00000, 0x00000003ec000000|  0%| F|  |TS  0|AC  0|TAMS 0x00000003ebc00000, 0x00000003ebc00000|
|  81|0x00000003ec000000, 0x00000003ec000000, 0x00000003ec400000|  0%| F|  |TS  0|AC  0|TAMS 0x00000003ec000000, 0x00000003ec000000|
|  82|0x00000003ec400000, 0x00000003ec400000, 0x00000003ec800000|  0%| F|  |TS  0|AC  0|TAMS 0x00000003ec400000, 0x00000003ec400000|
|  83|0x00000003ec800000, 0x00000003ec800000, 0x00000003ecc00000|  0%| F|  |TS  0|AC  0|TAMS 0x00000003ec800000, 0x00000003ec800000|
|  84|0x00000003ecc00000, 0x00000003ecc00000, 0x00000003ed000000|  0%| F|  |TS  0|AC  0|TAMS 0x00000003ecc00000, 0x00000003ecc00000|
|  85|0x00000003ed000000, 0x00000003ed000000, 0x00000003ed400000|  0%| F|  |TS  0|AC  0|TAMS 0x00000003ed000000, 0x00000003ed000000|
|  86|0x00000003ed400000, 0x00000003ed400000, 0x00000003ed800000|  0%| F|  |TS  0|AC  0|TAMS 0x00000003ed400000, 0x00000003ed400000|
|  87|0x00000003ed800000, 0x00000003ed800000, 0x00000003edc00000|  0%| F|  |TS  0|AC  0|TAMS 0x00000003ed800000, 0x00000003ed800000|
|  88|0x00000003edc00000, 0x00000003edc00000, 0x00000003ee000000|  0%| F|  |TS  0|AC  0|TAMS 0x00000003edc00000, 0x00000003edc00000|
|  89|0x00000003ee000000, 0x00000003ee000000, 0x00000003ee400000|  0%| F|  |TS  0|AC  0|TAMS 0x00000003ee000000, 0x00000003ee000000|
|  90|0x00000003ee400000, 0x00000003ee400000, 0x00000003ee800000|  0%| F|  |TS  0|AC  0|TAMS 0x00000003ee400000, 0x00000003ee400000|
|  91|0x00000003ee800000, 0x00000003ee800000, 0x00000003eec00000|  0%| F|  |TS  0|AC  0|TAMS 0x00000003ee800000, 0x00000003ee800000|
|  92|0x00000003eec00000, 0x00000003eec00000, 0x00000003ef000000|  0%| F|  |TS  0|AC  0|TAMS 0x00000003eec00000, 0x00000003eec00000|
|  93|0x00000003ef000000, 0x00000003ef000000, 0x00000003ef400000|  0%| F|  |TS  0|AC  0|TAMS 0x00000003ef000000, 0x00000003ef000000|
|  94|0x00000003ef400000, 0x00000003ef400000, 0x00000003ef800000|  0%| F|  |TS  0|AC  0|TAMS 0x00000003ef400000, 0x00000003ef400000|
|  95|0x00000003ef800000, 0x00000003ef800000, 0x00000003efc00000|  0%| F|  |TS  0|AC  0|TAMS 0x00000003ef800000, 0x00000003ef800000|
|  96|0x00000003efc00000, 0x00000003efc00000, 0x00000003f0000000|  0%| F|  |TS  0|AC  0|TAMS 0x00000003efc00000, 0x00000003efc00000|
|  97|0x00000003f0000000, 0x00000003f0000000, 0x00000003f0400000|  0%| F|  |TS  0|AC  0|TAMS 0x00000003f0000000, 0x00000003f0000000|
|  98|0x00000003f0400000, 0x00000003f0400000, 0x00000003f0800000|  0%| F|  |TS  0|AC  0|TAMS 0x00000003f0400000, 0x00000003f0400000|
|  99|0x00000003f0800000, 0x00000003f0800000, 0x00000003f0c00000|  0%| F|  |TS  0|AC  0|TAMS 0x00000003f0800000, 0x00000003f0800000|
| 100|0x00000003f0c00000, 0x00000003f0c00000, 0x00000003f1000000|  0%| F|  |TS  0|AC  0|TAMS 0x00000003f0c00000, 0x00000003f0c00000|
| 101|0x00000003f1000000, 0x00000003f1000000, 0x00000003f1400000|  0%| F|  |TS  0|AC  0|TAMS 0x00000003f1000000, 0x00000003f1000000|
| 102|0x00000003f1400000, 0x00000003f1400000, 0x00000003f1800000|  0%| F|  |TS  0|AC  0|TAMS 0x00000003f1400000, 0x00000003f1400000|
| 103|0x00000003f1800000, 0x00000003f1800000, 0x00000003f1c00000|  0%| F|  |TS  0|AC  0|TAMS 0x00000003f1800000, 0x00000003f1800000|
| 104|0x00000003f1c00000, 0x00000003f1c00000, 0x00000003f2000000|  0%| F|  |TS  0|AC  0|TAMS 0x00000003f1c00000, 0x00000003f1c00000|
| 105|0x00000003f2000000, 0x00000003f2000000, 0x00000003f2400000|  0%| F|  |TS  0|AC  0|TAMS 0x00000003f2000000, 0x00000003f2000000|
| 106|0x00000003f2400000, 0x00000003f2400000, 0x00000003f2800000|  0%| F|  |TS  0|AC  0|TAMS 0x00000003f2400000, 0x00000003f2400000|
| 107|0x00000003f2800000, 0x00000003f2800000, 0x00000003f2c00000|  0%| F|  |TS  0|AC  0|TAMS 0x00000003f2800000, 0x00000003f2800000|
| 108|0x00000003f2c00000, 0x00000003f2c00000, 0x00000003f3000000|  0%| F|  |TS  0|AC  0|TAMS 0x00000003f2c00000, 0x00000003f2c00000|
| 109|0x00000003f3000000, 0x00000003f3000000, 0x00000003f3400000|  0%| F|  |TS  0|AC  0|TAMS 0x00000003f3000000, 0x00000003f3000000|
| 110|0x00000003f3400000, 0x00000003f3400000, 0x00000003f3800000|  0%| F|  |TS  0|AC  0|TAMS 0x00000003f3400000, 0x00000003f3400000|
| 111|0x00000003f3800000, 0x00000003f3800000, 0x00000003f3c00000|  0%| F|  |TS  0|AC  0|TAMS 0x00000003f3800000, 0x00000003f3800000|
| 112|0x00000003f3c00000, 0x00000003f3c00000, 0x00000003f4000000|  0%| F|  |TS  0|AC  0|TAMS 0x00000003f3c00000, 0x00000003f3c00000|
| 113|0x00000003f4000000, 0x00000003f4000000, 0x00000003f4400000|  0%| F|  |TS  0|AC  0|TAMS 0x00000003f4000000, 0x00000003f4000000|
| 114|0x00000003f4400000, 0x00000003f4400000, 0x00000003f4800000|  0%| F|  |TS  0|AC  0|TAMS 0x00000003f4400000, 0x00000003f4400000|
| 115|0x00000003f4800000, 0x00000003f4800000, 0x00000003f4c00000|  0%| F|  |TS  0|AC  0|TAMS 0x00000003f4800000, 0x00000003f4800000|
| 116|0x00000003f4c00000, 0x00000003f4c00000, 0x00000003f5000000|  0%| F|  |TS  0|AC  0|TAMS 0x00000003f4c00000, 0x00000003f4c00000|
| 117|0x00000003f5000000, 0x00000003f5000000, 0x00000003f5400000|  0%| F|  |TS  0|AC  0|TAMS 0x00000003f5000000, 0x00000003f5000000|
| 118|0x00000003f5400000, 0x00000003f5400000, 0x00000003f5800000|  0%| F|  |TS  0|AC  0|TAMS 0x00000003f5400000, 0x00000003f5400000|
| 119|0x00000003f5800000, 0x00000003f5800000, 0x00000003f5c00000|  0%| F|  |TS  0|AC  0|TAMS 0x00000003f5800000, 0x00000003f5800000|
| 120|0x00000003f5c00000, 0x00000003f5c00000, 0x00000003f6000000|  0%| F|  |TS  0|AC  0|TAMS 0x00000003f5c00000, 0x00000003f5c00000|
| 121|0x00000003f6000000, 0x00000003f6000000, 0x00000003f6400000|  0%| F|  |TS  0|AC  0|TAMS 0x00000003f6000000, 0x00000003f6000000|
| 122|0x00000003f6400000, 0x00000003f6400000, 0x00000003f6800000|  0%| F|  |TS  0|AC  0|TAMS 0x00000003f6400000, 0x00000003f6400000|
| 123|0x00000003f6800000, 0x00000003f6800000, 0x00000003f6c00000|  0%| F|  |TS  0|AC  0|TAMS 0x00000003f6800000, 0x00000003f6800000|
| 124|0x00000003f6c00000, 0x00000003f6c00000, 0x00000003f7000000|  0%| F|  |TS  0|AC  0|TAMS 0x00000003f6c00000, 0x00000003f6c00000|
| 125|0x00000003f7000000, 0x00000003f7000000, 0x00000003f7400000|  0%| F|  |TS  0|AC  0|TAMS 0x00000003f7000000, 0x00000003f7000000|
| 126|0x00000003f7400000, 0x00000003f7400000, 0x00000003f7800000|  0%| F|  |TS  0|AC  0|TAMS 0x00000003f7400000, 0x00000003f7400000|
| 127|0x00000003f7800000, 0x00000003f7800000, 0x00000003f7c00000|  0%| F|  |TS  0|AC  0|TAMS 0x00000003f7800000, 0x00000003f7800000|
| 128|0x00000003f7c00000, 0x00000003f7c00000, 0x00000003f8000000|  0%| F|  |TS  0|AC  0|TAMS 0x00000003f7c00000, 0x00000003f7c00000|
| 129|0x00000003f8000000, 0x00000003f8000000, 0x00000003f8400000|  0%| F|  |TS  0|AC  0|TAMS 0x00000003f8000000, 0x00000003f8000000|
| 130|0x00000003f8400000, 0x00000003f8400000, 0x00000003f8800000|  0%| F|  |TS  0|AC  0|TAMS 0x00000003f8400000, 0x00000003f8400000|
| 131|0x00000003f8800000, 0x00000003f8800000, 0x00000003f8c00000|  0%| F|  |TS  0|AC  0|TAMS 0x00000003f8800000, 0x00000003f8800000|
| 132|0x00000003f8c00000, 0x00000003f8c00000, 0x00000003f9000000|  0%| F|  |TS  0|AC  0|TAMS 0x00000003f8c00000, 0x00000003f8c00000|
| 133|0x00000003f9000000, 0x00000003f9000000, 0x00000003f9400000|  0%| F|  |TS  0|AC  0|TAMS 0x00000003f9000000, 0x00000003f9000000|
| 134|0x00000003f9400000, 0x00000003f9400000, 0x00000003f9800000|  0%| F|  |TS  0|AC  0|TAMS 0x00000003f9400000, 0x00000003f9400000|
| 135|0x00000003f9800000, 0x00000003f9800000, 0x00000003f9c00000|  0%| F|  |TS  0|AC  0|TAMS 0x00000003f9800000, 0x00000003f9800000|
| 136|0x00000003f9c00000, 0x00000003f9c00000, 0x00000003fa000000|  0%| F|  |TS  0|AC  0|TAMS 0x00000003f9c00000, 0x00000003f9c00000|
| 137|0x00000003fa000000, 0x00000003fa000000, 0x00000003fa400000|  0%| F|  |TS  0|AC  0|TAMS 0x00000003fa000000, 0x00000003fa000000|
| 138|0x00000003fa400000, 0x00000003fa400000, 0x00000003fa800000|  0%| F|  |TS  0|AC  0|TAMS 0x00000003fa400000, 0x00000003fa400000|
| 139|0x00000003fa800000, 0x00000003fa800000, 0x00000003fac00000|  0%| F|  |TS  0|AC  0|TAMS 0x00000003fa800000, 0x00000003fa800000|
| 140|0x00000003fac00000, 0x00000003fac00000, 0x00000003fb000000|  0%| F|  |TS  0|AC  0|TAMS 0x00000003fac00000, 0x00000003fac00000|
| 141|0x00000003fb000000, 0x00000003fb000000, 0x00000003fb400000|  0%| F|  |TS  0|AC  0|TAMS 0x00000003fb000000, 0x00000003fb000000|
| 142|0x00000003fb400000, 0x00000003fb400000, 0x00000003fb800000|  0%| F|  |TS  0|AC  0|TAMS 0x00000003fb400000, 0x00000003fb400000|
| 143|0x00000003fb800000, 0x00000003fb800000, 0x00000003fbc00000|  0%| F|  |TS  0|AC  0|TAMS 0x00000003fb800000, 0x00000003fb800000|
| 144|0x00000003fbc00000, 0x00000003fbc00000, 0x00000003fc000000|  0%| F|  |TS  0|AC  0|TAMS 0x00000003fbc00000, 0x00000003fbc00000|
| 145|0x00000003fc000000, 0x00000003fc000000, 0x00000003fc400000|  0%| F|  |TS  0|AC  0|TAMS 0x00000003fc000000, 0x00000003fc000000|
| 146|0x00000003fc400000, 0x00000003fc400000, 0x00000003fc800000|  0%| F|  |TS  0|AC  0|TAMS 0x00000003fc400000, 0x00000003fc400000|
| 147|0x00000003fc800000, 0x00000003fc800000, 0x00000003fcc00000|  0%| F|  |TS  0|AC  0|TAMS 0x00000003fc800000, 0x00000003fc800000|
| 148|0x00000003fcc00000, 0x00000003fcc00000, 0x00000003fd000000|  0%| F|  |TS  0|AC  0|TAMS 0x00000003fcc00000, 0x00000003fcc00000|
| 149|0x00000003fd000000, 0x00000003fd000000, 0x00000003fd400000|  0%| F|  |TS  0|AC  0|TAMS 0x00000003fd000000, 0x00000003fd000000|
| 150|0x00000003fd400000, 0x00000003fd400000, 0x00000003fd800000|  0%| F|  |TS  0|AC  0|TAMS 0x00000003fd400000, 0x00000003fd400000|
| 151|0x00000003fd800000, 0x00000003fd800000, 0x00000003fdc00000|  0%| F|  |TS  0|AC  0|TAMS 0x00000003fd800000, 0x00000003fd800000|
| 152|0x00000003fdc00000, 0x00000003fdc00000, 0x00000003fe000000|  0%| F|  |TS  0|AC  0|TAMS 0x00000003fdc00000, 0x00000003fdc00000|
| 153|0x00000003fe000000, 0x00000003fe000000, 0x00000003fe400000|  0%| F|  |TS  0|AC  0|TAMS 0x00000003fe000000, 0x00000003fe000000|
| 154|0x00000003fe400000, 0x00000003fe400000, 0x00000003fe800000|  0%| F|  |TS  0|AC  0|TAMS 0x00000003fe400000, 0x00000003fe400000|
| 155|0x00000003fe800000, 0x00000003fe800000, 0x00000003fec00000|  0%| F|  |TS  0|AC  0|TAMS 0x00000003fe800000, 0x00000003fe800000|
| 156|0x00000003fec00000, 0x00000003fec00000, 0x00000003ff000000|  0%| F|  |TS  0|AC  0|TAMS 0x00000003fec00000, 0x00000003fec00000|
| 157|0x00000003ff000000, 0x00000003ff000000, 0x00000003ff400000|  0%| F|  |TS  0|AC  0|TAMS 0x00000003ff000000, 0x00000003ff000000|
| 158|0x00000003ff400000, 0x00000003ff400000, 0x00000003ff800000|  0%| F|  |TS  0|AC  0|TAMS 0x00000003ff400000, 0x00000003ff400000|
| 159|0x00000003ff800000, 0x00000003ff800000, 0x00000003ffc00000|  0%| F|  |TS  0|AC  0|TAMS 0x00000003ff800000, 0x00000003ff800000|
| 160|0x00000003ffc00000, 0x00000003ffc00000, 0x0000000400000000|  0%| F|  |TS  0|AC  0|TAMS 0x00000003ffc00000, 0x00000003ffc00000|
| 161|0x0000000400000000, 0x0000000400000000, 0x0000000400400000|  0%| F|  |TS  0|AC  0|TAMS 0x0000000400000000, 0x0000000400000000|
| 162|0x0000000400400000, 0x0000000400400000, 0x0000000400800000|  0%| F|  |TS  0|AC  0|TAMS 0x0000000400400000, 0x0000000400400000|
| 163|0x0000000400800000, 0x0000000400800000, 0x0000000400c00000|  0%| F|  |TS  0|AC  0|TAMS 0x0000000400800000, 0x0000000400800000|
| 164|0x0000000400c00000, 0x0000000400c00000, 0x0000000401000000|  0%| F|  |TS  0|AC  0|TAMS 0x0000000400c00000, 0x0000000400c00000|
| 165|0x0000000401000000, 0x0000000401000000, 0x0000000401400000|  0%| F|  |TS  0|AC  0|TAMS 0x0000000401000000, 0x0000000401000000|
| 166|0x0000000401400000, 0x0000000401400000, 0x0000000401800000|  0%| F|  |TS  0|AC  0|TAMS 0x0000000401400000, 0x0000000401400000|
| 167|0x0000000401800000, 0x0000000401800000, 0x0000000401c00000|  0%| F|  |TS  0|AC  0|TAMS 0x0000000401800000, 0x0000000401800000|
| 168|0x0000000401c00000, 0x0000000401c00000, 0x0000000402000000|  0%| F|  |TS  0|AC  0|TAMS 0x0000000401c00000, 0x0000000401c00000|
| 169|0x0000000402000000, 0x0000000402000000, 0x0000000402400000|  0%| F|  |TS  0|AC  0|TAMS 0x0000000402000000, 0x0000000402000000|
| 170|0x0000000402400000, 0x0000000402400000, 0x0000000402800000|  0%| F|  |TS  0|AC  0|TAMS 0x0000000402400000, 0x0000000402400000|
| 171|0x0000000402800000, 0x0000000402800000, 0x0000000402c00000|  0%| F|  |TS  0|AC  0|TAMS 0x0000000402800000, 0x0000000402800000|
| 172|0x0000000402c00000, 0x0000000402c00000, 0x0000000403000000|  0%| F|  |TS  0|AC  0|TAMS 0x0000000402c00000, 0x0000000402c00000|
| 173|0x0000000403000000, 0x0000000403000000, 0x0000000403400000|  0%| F|  |TS  0|AC  0|TAMS 0x0000000403000000, 0x0000000403000000|
| 174|0x0000000403400000, 0x0000000403400000, 0x0000000403800000|  0%| F|  |TS  0|AC  0|TAMS 0x0000000403400000, 0x0000000403400000|
| 175|0x0000000403800000, 0x0000000403800000, 0x0000000403c00000|  0%| F|  |TS  0|AC  0|TAMS 0x0000000403800000, 0x0000000403800000|
| 176|0x0000000403c00000, 0x0000000403c00000, 0x0000000404000000|  0%| F|  |TS  0|AC  0|TAMS 0x0000000403c00000, 0x0000000403c00000|
| 177|0x0000000404000000, 0x0000000404000000, 0x0000000404400000|  0%| F|  |TS  0|AC  0|TAMS 0x0000000404000000, 0x0000000404000000|
| 178|0x0000000404400000, 0x0000000404400000, 0x0000000404800000|  0%| F|  |TS  0|AC  0|TAMS 0x0000000404400000, 0x0000000404400000|
| 179|0x0000000404800000, 0x0000000404800000, 0x0000000404c00000|  0%| F|  |TS  0|AC  0|TAMS 0x0000000404800000, 0x0000000404800000|
| 180|0x0000000404c00000, 0x0000000404c00000, 0x0000000405000000|  0%| F|  |TS  0|AC  0|TAMS 0x0000000404c00000, 0x0000000404c00000|
| 181|0x0000000405000000, 0x0000000405000000, 0x0000000405400000|  0%| F|  |TS  0|AC  0|TAMS 0x0000000405000000, 0x0000000405000000|
| 182|0x0000000405400000, 0x0000000405400000, 0x0000000405800000|  0%| F|  |TS  0|AC  0|TAMS 0x0000000405400000, 0x0000000405400000|
| 183|0x0000000405800000, 0x0000000405800000, 0x0000000405c00000|  0%| F|  |TS  0|AC  0|TAMS 0x0000000405800000, 0x0000000405800000|
| 184|0x0000000405c00000, 0x0000000405c00000, 0x0000000406000000|  0%| F|  |TS  0|AC  0|TAMS 0x0000000405c00000, 0x0000000405c00000|
| 185|0x0000000406000000, 0x0000000406000000, 0x0000000406400000|  0%| F|  |TS  0|AC  0|TAMS 0x0000000406000000, 0x0000000406000000|
| 186|0x0000000406400000, 0x0000000406400000, 0x0000000406800000|  0%| F|  |TS  0|AC  0|TAMS 0x0000000406400000, 0x0000000406400000|
| 187|0x0000000406800000, 0x0000000406800000, 0x0000000406c00000|  0%| F|  |TS  0|AC  0|TAMS 0x0000000406800000, 0x0000000406800000|
| 188|0x0000000406c00000, 0x0000000406c00000, 0x0000000407000000|  0%| F|  |TS  0|AC  0|TAMS 0x0000000406c00000, 0x0000000406c00000|
| 189|0x0000000407000000, 0x0000000407000000, 0x0000000407400000|  0%| F|  |TS  0|AC  0|TAMS 0x0000000407000000, 0x0000000407000000|
| 190|0x0000000407400000, 0x0000000407400000, 0x0000000407800000|  0%| F|  |TS  0|AC  0|TAMS 0x0000000407400000, 0x0000000407400000|
| 191|0x0000000407800000, 0x0000000407800000, 0x0000000407c00000|  0%| F|  |TS  0|AC  0|TAMS 0x0000000407800000, 0x0000000407800000|
| 192|0x0000000407c00000, 0x0000000407c00000, 0x0000000408000000|  0%| F|  |TS  0|AC  0|TAMS 0x0000000407c00000, 0x0000000407c00000|
| 193|0x0000000408000000, 0x0000000408000000, 0x0000000408400000|  0%| F|  |TS  0|AC  0|TAMS 0x0000000408000000, 0x0000000408000000|
| 194|0x0000000408400000, 0x0000000408400000, 0x0000000408800000|  0%| F|  |TS  0|AC  0|TAMS 0x0000000408400000, 0x0000000408400000|
| 195|0x0000000408800000, 0x0000000408800000, 0x0000000408c00000|  0%| F|  |TS  0|AC  0|TAMS 0x0000000408800000, 0x0000000408800000|
| 196|0x0000000408c00000, 0x0000000408c00000, 0x0000000409000000|  0%| F|  |TS  0|AC  0|TAMS 0x0000000408c00000, 0x0000000408c00000|
| 197|0x0000000409000000, 0x0000000409000000, 0x0000000409400000|  0%| F|  |TS  0|AC  0|TAMS 0x0000000409000000, 0x0000000409000000|
| 198|0x0000000409400000, 0x0000000409400000, 0x0000000409800000|  0%| F|  |TS  0|AC  0|TAMS 0x0000000409400000, 0x0000000409400000|
| 199|0x0000000409800000, 0x0000000409800000, 0x0000000409c00000|  0%| F|  |TS  0|AC  0|TAMS 0x0000000409800000, 0x0000000409800000|
| 200|0x0000000409c00000, 0x0000000409c00000, 0x000000040a000000|  0%| F|  |TS  0|AC  0|TAMS 0x0000000409c00000, 0x0000000409c00000|
| 201|0x000000040a000000, 0x000000040a000000, 0x000000040a400000|  0%| F|  |TS  0|AC  0|TAMS 0x000000040a000000, 0x000000040a000000|
| 202|0x000000040a400000, 0x000000040a400000, 0x000000040a800000|  0%| F|  |TS  0|AC  0|TAMS 0x000000040a400000, 0x000000040a400000|
| 203|0x000000040a800000, 0x000000040a800000, 0x000000040ac00000|  0%| F|  |TS  0|AC  0|TAMS 0x000000040a800000, 0x000000040a800000|
| 204|0x000000040ac00000, 0x000000040ac00000, 0x000000040b000000|  0%| F|  |TS  0|AC  0|TAMS 0x000000040ac00000, 0x000000040ac00000|
| 205|0x000000040b000000, 0x000000040b000000, 0x000000040b400000|  0%| F|  |TS  0|AC  0|TAMS 0x000000040b000000, 0x000000040b000000|
| 206|0x000000040b400000, 0x000000040b400000, 0x000000040b800000|  0%| F|  |TS  0|AC  0|TAMS 0x000000040b400000, 0x000000040b400000|
| 207|0x000000040b800000, 0x000000040b800000, 0x000000040bc00000|  0%| F|  |TS  0|AC  0|TAMS 0x000000040b800000, 0x000000040b800000|
| 208|0x000000040bc00000, 0x000000040bc00000, 0x000000040c000000|  0%| F|  |TS  0|AC  0|TAMS 0x000000040bc00000, 0x000000040bc00000|
| 209|0x000000040c000000, 0x000000040c000000, 0x000000040c400000|  0%| F|  |TS  0|AC  0|TAMS 0x000000040c000000, 0x000000040c000000|
| 210|0x000000040c400000, 0x000000040c400000, 0x000000040c800000|  0%| F|  |TS  0|AC  0|TAMS 0x000000040c400000, 0x000000040c400000|
| 211|0x000000040c800000, 0x000000040c800000, 0x000000040cc00000|  0%| F|  |TS  0|AC  0|TAMS 0x000000040c800000, 0x000000040c800000|
| 212|0x000000040cc00000, 0x000000040cc00000, 0x000000040d000000|  0%| F|  |TS  0|AC  0|TAMS 0x000000040cc00000, 0x000000040cc00000|
| 213|0x000000040d000000, 0x000000040d000000, 0x000000040d400000|  0%| F|  |TS  0|AC  0|TAMS 0x000000040d000000, 0x000000040d000000|
| 214|0x000000040d400000, 0x000000040d400000, 0x000000040d800000|  0%| F|  |TS  0|AC  0|TAMS 0x000000040d400000, 0x000000040d400000|
| 215|0x000000040d800000, 0x000000040d800000, 0x000000040dc00000|  0%| F|  |TS  0|AC  0|TAMS 0x000000040d800000, 0x000000040d800000|
| 216|0x000000040dc00000, 0x000000040dc00000, 0x000000040e000000|  0%| F|  |TS  0|AC  0|TAMS 0x000000040dc00000, 0x000000040dc00000|
| 217|0x000000040e000000, 0x000000040e000000, 0x000000040e400000|  0%| F|  |TS  0|AC  0|TAMS 0x000000040e000000, 0x000000040e000000|
| 218|0x000000040e400000, 0x000000040e400000, 0x000000040e800000|  0%| F|  |TS  0|AC  0|TAMS 0x000000040e400000, 0x000000040e400000|
| 219|0x000000040e800000, 0x000000040e800000, 0x000000040ec00000|  0%| F|  |TS  0|AC  0|TAMS 0x000000040e800000, 0x000000040e800000|
| 220|0x000000040ec00000, 0x000000040ec00000, 0x000000040f000000|  0%| F|  |TS  0|AC  0|TAMS 0x000000040ec00000, 0x000000040ec00000|
| 221|0x000000040f000000, 0x000000040f000000, 0x000000040f400000|  0%| F|  |TS  0|AC  0|TAMS 0x000000040f000000, 0x000000040f000000|
| 222|0x000000040f400000, 0x000000040f400000, 0x000000040f800000|  0%| F|  |TS  0|AC  0|TAMS 0x000000040f400000, 0x000000040f400000|
| 223|0x000000040f800000, 0x000000040f800000, 0x000000040fc00000|  0%| F|  |TS  0|AC  0|TAMS 0x000000040f800000, 0x000000040f800000|
| 224|0x000000040fc00000, 0x000000040fc00000, 0x0000000410000000|  0%| F|  |TS  0|AC  0|TAMS 0x000000040fc00000, 0x000000040fc00000|
| 225|0x0000000410000000, 0x0000000410000000, 0x0000000410400000|  0%| F|  |TS  0|AC  0|TAMS 0x0000000410000000, 0x0000000410000000|
| 226|0x0000000410400000, 0x0000000410400000, 0x0000000410800000|  0%| F|  |TS  0|AC  0|TAMS 0x0000000410400000, 0x0000000410400000|
| 227|0x0000000410800000, 0x0000000410800000, 0x0000000410c00000|  0%| F|  |TS  0|AC  0|TAMS 0x0000000410800000, 0x0000000410800000|
| 228|0x0000000410c00000, 0x0000000410c00000, 0x0000000411000000|  0%| F|  |TS  0|AC  0|TAMS 0x0000000410c00000, 0x0000000410c00000|
| 229|0x0000000411000000, 0x0000000411000000, 0x0000000411400000|  0%| F|  |TS  0|AC  0|TAMS 0x0000000411000000, 0x0000000411000000|
| 230|0x0000000411400000, 0x0000000411400000, 0x0000000411800000|  0%| F|  |TS  0|AC  0|TAMS 0x0000000411400000, 0x0000000411400000|
| 231|0x0000000411800000, 0x0000000411800000, 0x0000000411c00000|  0%| F|  |TS  0|AC  0|TAMS 0x0000000411800000, 0x0000000411800000|
| 232|0x0000000411c00000, 0x0000000411c00000, 0x0000000412000000|  0%| F|  |TS  0|AC  0|TAMS 0x0000000411c00000, 0x0000000411c00000|
| 233|0x0000000412000000, 0x0000000412000000, 0x0000000412400000|  0%| F|  |TS  0|AC  0|TAMS 0x0000000412000000, 0x0000000412000000|
| 234|0x0000000412400000, 0x0000000412400000, 0x0000000412800000|  0%| F|  |TS  0|AC  0|TAMS 0x0000000412400000, 0x0000000412400000|
| 235|0x0000000412800000, 0x0000000412800000, 0x0000000412c00000|  0%| F|  |TS  0|AC  0|TAMS 0x0000000412800000, 0x0000000412800000|
| 236|0x0000000412c00000, 0x0000000412c00000, 0x0000000413000000|  0%| F|  |TS  0|AC  0|TAMS 0x0000000412c00000, 0x0000000412c00000|
| 237|0x0000000413000000, 0x0000000413000000, 0x0000000413400000|  0%| F|  |TS  0|AC  0|TAMS 0x0000000413000000, 0x0000000413000000|
| 238|0x0000000413400000, 0x0000000413400000, 0x0000000413800000|  0%| F|  |TS  0|AC  0|TAMS 0x0000000413400000, 0x0000000413400000|
| 239|0x0000000413800000, 0x0000000413800000, 0x0000000413c00000|  0%| F|  |TS  0|AC  0|TAMS 0x0000000413800000, 0x0000000413800000|
| 240|0x0000000413c00000, 0x0000000413c00000, 0x0000000414000000|  0%| F|  |TS  0|AC  0|TAMS 0x0000000413c00000, 0x0000000413c00000|
| 241|0x0000000414000000, 0x0000000414000000, 0x0000000414400000|  0%| F|  |TS  0|AC  0|TAMS 0x0000000414000000, 0x0000000414000000|
| 242|0x0000000414400000, 0x0000000414400000, 0x0000000414800000|  0%| F|  |TS  0|AC  0|TAMS 0x0000000414400000, 0x0000000414400000|
| 243|0x0000000414800000, 0x0000000414800000, 0x0000000414c00000|  0%| F|  |TS  0|AC  0|TAMS 0x0000000414800000, 0x0000000414800000|
| 244|0x0000000414c00000, 0x0000000414c00000, 0x0000000415000000|  0%| F|  |TS  0|AC  0|TAMS 0x0000000414c00000, 0x0000000414c00000|
| 245|0x0000000415000000, 0x0000000415000000, 0x0000000415400000|  0%| F|  |TS  0|AC  0|TAMS 0x0000000415000000, 0x0000000415000000|
| 246|0x0000000415400000, 0x0000000415400000, 0x0000000415800000|  0%| F|  |TS  0|AC  0|TAMS 0x0000000415400000, 0x0000000415400000|
| 247|0x0000000415800000, 0x0000000415800000, 0x0000000415c00000|  0%| F|  |TS  0|AC  0|TAMS 0x0000000415800000, 0x0000000415800000|
| 248|0x0000000415c00000, 0x0000000415fd7960, 0x0000000416000000| 96%| E|  |TS  0|AC  0|TAMS 0x0000000415c00000, 0x0000000415c00000|
| 249|0x0000000416000000, 0x0000000416400000, 0x0000000416400000|100%| E|CS|TS  0|AC  0|TAMS 0x0000000416000000, 0x0000000416000000|
| 250|0x0000000416400000, 0x0000000416800000, 0x0000000416800000|100%| E|CS|TS  0|AC  0|TAMS 0x0000000416400000, 0x0000000416400000|

Card table byte_map: [0x00007f858623a000,0x00007f858817c000] byte_map_base: 0x00007f858437c000

Marking Bits (Prev, Next): (CMBitMap*) 0x00007f864c09e820, (CMBitMap*) 0x00007f864c09e858
 Prev Bits: [0x00007f85748e8000, 0x00007f85842f8000)
 Next Bits: [0x00007f8564ed8000, 0x00007f85748e8000)

Polling page: 0x00007f865556d000

CodeHeap 'non-profiled nmethods': size=119172Kb used=179Kb max_used=179Kb free=118993Kb
 bounds [0x00007f86396e2000, 0x00007f8639952000, 0x00007f8640b43000]
CodeHeap 'profiled nmethods': size=119172Kb used=343Kb max_used=343Kb free=118828Kb
 bounds [0x00007f8632281000, 0x00007f86324f1000, 0x00007f86396e2000]
CodeHeap 'non-nmethods': size=7416Kb used=2826Kb max_used=2856Kb free=4589Kb
 bounds [0x00007f8631b43000, 0x00007f8631e13000, 0x00007f8632281000]
 total_blobs=644 nmethods=259 adapters=168
 compilation: enabled

Compilation events (10 events):
Event: 0.365 Thread 0x00007f864c2b4800 nmethod 246 0x00007f86396f8c10 code [0x00007f86396f8e40, 0x00007f86396f9ca8]
Event: 0.366 Thread 0x00007f864c2b6000 nmethod 251 0x00007f86396fa690 code [0x00007f86396fa900, 0x00007f86396fba28]
Event: 0.368 Thread 0x00007f864c2b2800 nmethod 253 0x00007f86396fc310 code [0x00007f86396fc540, 0x00007f86396fd308]
Event: 0.379 Thread 0x00007f864c2af000 nmethod 250 0x00007f86396fd990 code [0x00007f86396fdc00, 0x00007f86396ff068]
Event: 0.391 Thread 0x00007f864c2b9800 nmethod 258 0x00007f86396ffa90 code [0x00007f86396ffdc0, 0x00007f8639702600]
Event: 0.403 Thread 0x00007f864c2b8000 nmethod 257 0x00007f8639703990 code [0x00007f8639703ca0, 0x00007f8639706170]
Event: 0.443 Thread 0x00007f864c2b1000 nmethod 256 0x00007f8639707490 code [0x00007f8639707940, 0x00007f863970c3c8]
Event: 0.446 Thread 0x00007f864c2ad000  259       4       java.io.FileDescriptor$1::getAppend (5 bytes)
Event: 0.446 Thread 0x00007f864c2ad000 nmethod 259 0x00007f863970e910 code [0x00007f863970eaa0, 0x00007f863970eb18]
Event: 0.530 Thread 0x00007f864c2bb800  260 %     3       org.eclipse.core.runtime.adaptor.EclipseStarter::main @ 5370 (6277 bytes)

GC Heap History (0 events):
No events

Deoptimization events (0 events):
No events

Classes redefined (0 events):
No events

Internal exceptions (0 events):
No events

Events (10 events):
Event: 0.330 Thread 0x00007f864c011800 DEOPT PACKING pc=0x00007f86322b74a4 sp=0x00007f8653c17ac0
Event: 0.330 Thread 0x00007f864c011800 DEOPT UNPACKING pc=0x00007f8631b90aab sp=0x00007f8653c170a8 mode 0
Event: 0.330 Thread 0x00007f864c011800 DEOPT PACKING pc=0x00007f86322b74a4 sp=0x00007f8653c17ac0
Event: 0.330 Thread 0x00007f864c011800 DEOPT UNPACKING pc=0x00007f8631b90aab sp=0x00007f8653c170a8 mode 0
Event: 0.330 Thread 0x00007f864c011800 DEOPT PACKING pc=0x00007f86322b74a4 sp=0x00007f8653c17ac0
Event: 0.330 Thread 0x00007f864c011800 DEOPT UNPACKING pc=0x00007f8631b90aab sp=0x00007f8653c170a8 mode 0
Event: 0.331 Thread 0x00007f864c011800 DEOPT PACKING pc=0x00007f86322b74a4 sp=0x00007f8653c17ac0
Event: 0.331 Thread 0x00007f864c011800 DEOPT UNPACKING pc=0x00007f8631b90aab sp=0x00007f8653c170a8 mode 0
Event: 0.331 Thread 0x00007f864c011800 DEOPT PACKING pc=0x00007f86322b74a4 sp=0x00007f8653c17ac0
Event: 0.331 Thread 0x00007f864c011800 DEOPT UNPACKING pc=0x00007f8631b90aab sp=0x00007f8653c170a8 mode 0


Dynamic libraries:
00400000-00401000 r-xp 00000000 00:65 77077150                           /root/oracle/jdk-9.0.4/bin/java
00600000-00601000 rw-p 00000000 00:65 77077150                           /root/oracle/jdk-9.0.4/bin/java
024f5000-02516000 rw-p 00000000 00:00 0                                  [heap]
3d7c00000-416800000 rw-p 00000000 00:00 0 
416800000-7c0000000 ---p 00000000 00:00 0 
7c0000000-7c0080000 rw-p 00000000 00:00 0 
7c0080000-800000000 ---p 00000000 00:00 0 
7f84f4000000-7f84f4021000 rw-p 00000000 00:00 0 
7f84f4021000-7f84f8000000 ---p 00000000 00:00 0 
7f84f8000000-7f84f8021000 rw-p 00000000 00:00 0 
7f84f8021000-7f84fc000000 ---p 00000000 00:00 0 
7f84fc000000-7f84fc021000 rw-p 00000000 00:00 0 
7f84fc021000-7f8500000000 ---p 00000000 00:00 0 
7f85035a6000-7f85038d4000 rw-p 00000000 00:00 0 
7f85038d4000-7f85038d5000 ---p 00000000 00:00 0 
7f85038d5000-7f85039d6000 rw-p 00000000 00:00 0 
7f85039d6000-7f85039da000 ---p 00000000 00:00 0 
7f85039da000-7f8503ad7000 rw-p 00000000 00:00 0 
7f8503ad7000-7f8503adb000 ---p 00000000 00:00 0 
7f8503adb000-7f8503bd8000 rw-p 00000000 00:00 0 
7f8503bd8000-7f8503bee000 r-xp 00000000 00:65 77077477                   /root/oracle/jdk-9.0.4/lib/libnet.so
7f8503bee000-7f8503dee000 ---p 00016000 00:65 77077477                   /root/oracle/jdk-9.0.4/lib/libnet.so
7f8503dee000-7f8503def000 rw-p 00016000 00:65 77077477                   /root/oracle/jdk-9.0.4/lib/libnet.so
7f8503def000-7f8503dff000 r-xp 00000000 00:65 77077594                   /root/oracle/jdk-9.0.4/lib/libnio.so
7f8503dff000-7f8503fff000 ---p 00010000 00:65 77077594                   /root/oracle/jdk-9.0.4/lib/libnio.so
7f8503fff000-7f8504000000 rw-p 00010000 00:65 77077594                   /root/oracle/jdk-9.0.4/lib/libnio.so
7f8504000000-7f850404c000 rw-p 00000000 00:00 0 
7f850404c000-7f8508000000 ---p 00000000 00:00 0 
7f8508000000-7f8508021000 rw-p 00000000 00:00 0 
7f8508021000-7f850c000000 ---p 00000000 00:00 0 
7f850c000000-7f850c06b000 rw-p 00000000 00:00 0 
7f850c06b000-7f8510000000 ---p 00000000 00:00 0 
7f8510000000-7f8510021000 rw-p 00000000 00:00 0 
7f8510021000-7f8514000000 ---p 00000000 00:00 0 
7f8514000000-7f85143ab000 rw-p 00000000 00:00 0 
7f85143ab000-7f8518000000 ---p 00000000 00:00 0 
7f8518000000-7f8518055000 rw-p 00000000 00:00 0 
7f8518055000-7f851c000000 ---p 00000000 00:00 0 
7f851c000000-7f851c247000 rw-p 00000000 00:00 0 
7f851c247000-7f8520000000 ---p 00000000 00:00 0 
7f8520000000-7f852038f000 rw-p 00000000 00:00 0 
7f852038f000-7f8524000000 ---p 00000000 00:00 0 
7f8524000000-7f85240c2000 rw-p 00000000 00:00 0 
7f85240c2000-7f8528000000 ---p 00000000 00:00 0 
7f8528000000-7f8528148000 rw-p 00000000 00:00 0 
7f8528148000-7f852c000000 ---p 00000000 00:00 0 
7f852c000000-7f852c177000 rw-p 00000000 00:00 0 
7f852c177000-7f8530000000 ---p 00000000 00:00 0 
7f8530000000-7f8530421000 rw-p 00000000 00:00 0 
7f8530421000-7f8534000000 ---p 00000000 00:00 0 
7f8534000000-7f8534021000 rw-p 00000000 00:00 0 
7f8534021000-7f8538000000 ---p 00000000 00:00 0 
7f8538000000-7f85381f5000 rw-p 00000000 00:00 0 
7f85381f5000-7f853c000000 ---p 00000000 00:00 0 
7f853c000000-7f853c021000 rw-p 00000000 00:00 0 
7f853c021000-7f8540000000 ---p 00000000 00:00 0 
7f8540000000-7f8540021000 rw-p 00000000 00:00 0 
7f8540021000-7f8544000000 ---p 00000000 00:00 0 
7f8544000000-7f8544021000 rw-p 00000000 00:00 0 
7f8544021000-7f8548000000 ---p 00000000 00:00 0 
7f8548000000-7f8548021000 rw-p 00000000 00:00 0 
7f8548021000-7f854c000000 ---p 00000000 00:00 0 
7f854c0e8000-7f854c0ec000 ---p 00000000 00:00 0 
7f854c0ec000-7f854c1e9000 rw-p 00000000 00:00 0 
7f854c1e9000-7f854c1ed000 ---p 00000000 00:00 0 
7f854c1ed000-7f854c2ea000 rw-p 00000000 00:00 0 
7f854c2ea000-7f854c2ee000 ---p 00000000 00:00 0 
7f854c2ee000-7f854c3eb000 rw-p 00000000 00:00 0 
7f854c3eb000-7f854c3ef000 ---p 00000000 00:00 0 
7f854c3ef000-7f854c4ec000 rw-p 00000000 00:00 0 
7f854c4ec000-7f854c4f0000 ---p 00000000 00:00 0 
7f854c4f0000-7f854c5ed000 rw-p 00000000 00:00 0 
7f854c5ed000-7f854c5f1000 ---p 00000000 00:00 0 
7f854c5f1000-7f854c6ee000 rw-p 00000000 00:00 0 
7f854c6ee000-7f854c6f2000 ---p 00000000 00:00 0 
7f854c6f2000-7f854c7ef000 rw-p 00000000 00:00 0 
7f854c7ef000-7f854c7f3000 ---p 00000000 00:00 0 
7f854c7f3000-7f854c8f0000 rw-p 00000000 00:00 0 
7f854c8f0000-7f854c8f4000 ---p 00000000 00:00 0 
7f854c8f4000-7f854c9f1000 rw-p 00000000 00:00 0 
7f854c9f1000-7f854c9f5000 ---p 00000000 00:00 0 
7f854c9f5000-7f854caf2000 rw-p 00000000 00:00 0 
7f854caf2000-7f854caf6000 ---p 00000000 00:00 0 
7f854caf6000-7f854cbf3000 rw-p 00000000 00:00 0 
7f854cbf3000-7f854cbf7000 ---p 00000000 00:00 0 
7f854cbf7000-7f854ccf4000 rw-p 00000000 00:00 0 
7f854ccf4000-7f854ccf8000 ---p 00000000 00:00 0 
7f854ccf8000-7f854cdf5000 rw-p 00000000 00:00 0 
7f854cdf5000-7f854cdf9000 ---p 00000000 00:00 0 
7f854cdf9000-7f854cef6000 rw-p 00000000 00:00 0 
7f854cef6000-7f854cefa000 ---p 00000000 00:00 0 
7f854cefa000-7f854cff7000 rw-p 00000000 00:00 0 
7f854cff7000-7f854cffb000 ---p 00000000 00:00 0 
7f854cffb000-7f854d0f8000 rw-p 00000000 00:00 0 
7f854d0f8000-7f854d0f9000 ---p 00000000 00:00 0 
7f854d0f9000-7f854d63a000 rw-p 00000000 00:00 0 
7f854d63a000-7f854d9fa000 ---p 00000000 00:00 0 
7f854d9fa000-7f854e000000 rw-p 00000000 00:00 0 
7f854e000000-7f8550000000 rwxp 00000000 00:00 0 
7f8550000000-7f8550021000 rw-p 00000000 00:00 0 
7f8550021000-7f8554000000 ---p 00000000 00:00 0 
7f8554000000-7f8554021000 rw-p 00000000 00:00 0 
7f8554021000-7f8558000000 ---p 00000000 00:00 0 
7f8558000000-7f8558021000 rw-p 00000000 00:00 0 
7f8558021000-7f855c000000 ---p 00000000 00:00 0 
7f855c000000-7f855c021000 rw-p 00000000 00:00 0 
7f855c021000-7f8560000000 ---p 00000000 00:00 0 
7f8560000000-7f8560021000 rw-p 00000000 00:00 0 
7f8560021000-7f8564000000 ---p 00000000 00:00 0 
7f8564054000-7f8565e88000 rw-p 00000000 00:00 0 
7f8565e88000-7f85748e8000 ---p 00000000 00:00 0 
7f85748e8000-7f8575898000 rw-p 00000000 00:00 0 
7f8575898000-7f85842f8000 ---p 00000000 00:00 0 
7f85842f8000-7f85844ee000 rw-p 00000000 00:00 0 
7f85844ee000-7f858623a000 ---p 00000000 00:00 0 
7f858623a000-7f8586430000 rw-p 00000000 00:00 0 
7f8586430000-7f858a0be000 ---p 00000000 00:00 0 
7f858a0be000-7f858a2b4000 rw-p 00000000 00:00 0 
7f858a2b4000-7f858c000000 ---p 00000000 00:00 0 
7f858c000000-7f858c021000 rw-p 00000000 00:00 0 
7f858c021000-7f8590000000 ---p 00000000 00:00 0 
7f8590000000-7f8590021000 rw-p 00000000 00:00 0 
7f8590021000-7f8594000000 ---p 00000000 00:00 0 
7f8594000000-7f8594021000 rw-p 00000000 00:00 0 
7f8594021000-7f8598000000 ---p 00000000 00:00 0 
7f8598000000-7f8598021000 rw-p 00000000 00:00 0 
7f8598021000-7f859c000000 ---p 00000000 00:00 0 
7f859c000000-7f859c021000 rw-p 00000000 00:00 0 
7f859c021000-7f85a0000000 ---p 00000000 00:00 0 
7f85a0000000-7f85a0021000 rw-p 00000000 00:00 0 
7f85a0021000-7f85a4000000 ---p 00000000 00:00 0 
7f85a4000000-7f85a4021000 rw-p 00000000 00:00 0 
7f85a4021000-7f85a8000000 ---p 00000000 00:00 0 
7f85a8000000-7f85a8021000 rw-p 00000000 00:00 0 
7f85a8021000-7f85ac000000 ---p 00000000 00:00 0 
7f85ac000000-7f85ac021000 rw-p 00000000 00:00 0 
7f85ac021000-7f85b0000000 ---p 00000000 00:00 0 
7f85b0000000-7f85b0021000 rw-p 00000000 00:00 0 
7f85b0021000-7f85b4000000 ---p 00000000 00:00 0 
7f85b4000000-7f85b4021000 rw-p 00000000 00:00 0 
7f85b4021000-7f85b8000000 ---p 00000000 00:00 0 
7f85b8000000-7f85b8021000 rw-p 00000000 00:00 0 
7f85b8021000-7f85bc000000 ---p 00000000 00:00 0 
7f85bc000000-7f85bc021000 rw-p 00000000 00:00 0 
7f85bc021000-7f85c0000000 ---p 00000000 00:00 0 
7f85c0000000-7f85c0021000 rw-p 00000000 00:00 0 
7f85c0021000-7f85c4000000 ---p 00000000 00:00 0 
7f85c4000000-7f85c4021000 rw-p 00000000 00:00 0 
7f85c4021000-7f85c8000000 ---p 00000000 00:00 0 
7f85c8000000-7f85c8021000 rw-p 00000000 00:00 0 
7f85c8021000-7f85cc000000 ---p 00000000 00:00 0 
7f85cc000000-7f85cc021000 rw-p 00000000 00:00 0 
7f85cc021000-7f85d0000000 ---p 00000000 00:00 0 
7f85d0000000-7f85d0021000 rw-p 00000000 00:00 0 
7f85d0021000-7f85d4000000 ---p 00000000 00:00 0 
7f85d4000000-7f85d4021000 rw-p 00000000 00:00 0 
7f85d4021000-7f85d8000000 ---p 00000000 00:00 0 
7f85d8000000-7f85d8021000 rw-p 00000000 00:00 0 
7f85d8021000-7f85dc000000 ---p 00000000 00:00 0 
7f85dc000000-7f85dc021000 rw-p 00000000 00:00 0 
7f85dc021000-7f85e0000000 ---p 00000000 00:00 0 
7f85e0000000-7f85e0021000 rw-p 00000000 00:00 0 
7f85e0021000-7f85e4000000 ---p 00000000 00:00 0 
7f85e4000000-7f85e4021000 rw-p 00000000 00:00 0 
7f85e4021000-7f85e8000000 ---p 00000000 00:00 0 
7f85e8000000-7f85e8021000 rw-p 00000000 00:00 0 
7f85e8021000-7f85ec000000 ---p 00000000 00:00 0 
7f85ec000000-7f85ec021000 rw-p 00000000 00:00 0 
7f85ec021000-7f85f0000000 ---p 00000000 00:00 0 
7f85f0000000-7f85f0021000 rw-p 00000000 00:00 0 
7f85f0021000-7f85f4000000 ---p 00000000 00:00 0 
7f85f4000000-7f85f4021000 rw-p 00000000 00:00 0 
7f85f4021000-7f85f8000000 ---p 00000000 00:00 0 
7f85f8000000-7f85f8021000 rw-p 00000000 00:00 0 
7f85f8021000-7f85fc000000 ---p 00000000 00:00 0 
7f85fc000000-7f85fc021000 rw-p 00000000 00:00 0 
7f85fc021000-7f8600000000 ---p 00000000 00:00 0 
7f8600000000-7f8600021000 rw-p 00000000 00:00 0 
7f8600021000-7f8604000000 ---p 00000000 00:00 0 
7f8604000000-7f8604021000 rw-p 00000000 00:00 0 
7f8604021000-7f8608000000 ---p 00000000 00:00 0 
7f8608000000-7f8608021000 rw-p 00000000 00:00 0 
7f8608021000-7f860c000000 ---p 00000000 00:00 0 
7f860c000000-7f860c021000 rw-p 00000000 00:00 0 
7f860c021000-7f8610000000 ---p 00000000 00:00 0 
7f8610000000-7f8610021000 rw-p 00000000 00:00 0 
7f8610021000-7f8614000000 ---p 00000000 00:00 0 
7f8614000000-7f8614021000 rw-p 00000000 00:00 0 
7f8614021000-7f8618000000 ---p 00000000 00:00 0 
7f8618000000-7f8618021000 rw-p 00000000 00:00 0 
7f8618021000-7f861c000000 ---p 00000000 00:00 0 
7f861c000000-7f861c021000 rw-p 00000000 00:00 0 
7f861c021000-7f8620000000 ---p 00000000 00:00 0 
7f8620000000-7f8620021000 rw-p 00000000 00:00 0 
7f8620021000-7f8624000000 ---p 00000000 00:00 0 
7f8624000000-7f8624021000 rw-p 00000000 00:00 0 
7f8624021000-7f8628000000 ---p 00000000 00:00 0 
7f8628000000-7f8628021000 rw-p 00000000 00:00 0 
7f8628021000-7f862c000000 ---p 00000000 00:00 0 
7f862c000000-7f862c021000 rw-p 00000000 00:00 0 
7f862c021000-7f8630000000 ---p 00000000 00:00 0 
7f8630024000-7f86300b0000 rw-p 00000000 00:00 0 
7f86300b0000-7f86300b1000 ---p 00000000 00:00 0 
7f86300b1000-7f86301b2000 rw-p 00000000 00:00 0 
7f86301b2000-7f86301b3000 ---p 00000000 00:00 0 
7f86301b3000-7f86302b4000 rw-p 00000000 00:00 0 
7f86302b4000-7f86302b5000 ---p 00000000 00:00 0 
7f86302b5000-7f86303b6000 rw-p 00000000 00:00 0 
7f86303b6000-7f86303b7000 ---p 00000000 00:00 0 
7f86303b7000-7f86304b8000 rw-p 00000000 00:00 0 
7f86304b8000-7f86304b9000 ---p 00000000 00:00 0 
7f86304b9000-7f86305ba000 rw-p 00000000 00:00 0 
7f86305ba000-7f86305bb000 ---p 00000000 00:00 0 
7f86305bb000-7f8630c25000 rw-p 00000000 00:00 0 
7f8630c25000-7f8630c26000 ---p 00000000 00:00 0 
7f8630c26000-7f8630d27000 rw-p 00000000 00:00 0 
7f8630d27000-7f8630d28000 ---p 00000000 00:00 0 
7f8630d28000-7f8630e29000 rw-p 00000000 00:00 0 
7f8630e29000-7f8630e2a000 ---p 00000000 00:00 0 
7f8630e2a000-7f8630f2b000 rw-p 00000000 00:00 0 
7f8630f2b000-7f8630f2c000 ---p 00000000 00:00 0 
7f8630f2c000-7f863102d000 rw-p 00000000 00:00 0 
7f863102d000-7f863102e000 ---p 00000000 00:00 0 
7f863102e000-7f863112f000 rw-p 00000000 00:00 0 
7f863112f000-7f8631130000 ---p 00000000 00:00 0 
7f8631130000-7f8631231000 rw-p 00000000 00:00 0 
7f8631231000-7f8631232000 ---p 00000000 00:00 0 
7f8631232000-7f8631333000 rw-p 00000000 00:00 0 
7f8631333000-7f8631334000 ---p 00000000 00:00 0 
7f8631334000-7f8631435000 rw-p 00000000 00:00 0 
7f8631435000-7f8631436000 ---p 00000000 00:00 0 
7f8631436000-7f8631537000 rw-p 00000000 00:00 0 
7f8631537000-7f8631538000 ---p 00000000 00:00 0 
7f8631538000-7f8631639000 rw-p 00000000 00:00 0 
7f8631639000-7f863163a000 ---p 00000000 00:00 0 
7f863163a000-7f863173b000 rw-p 00000000 00:00 0 
7f863173b000-7f863173c000 ---p 00000000 00:00 0 
7f863173c000-7f863183d000 rw-p 00000000 00:00 0 
7f863183d000-7f863183e000 ---p 00000000 00:00 0 
7f863183e000-7f863193f000 rw-p 00000000 00:00 0 
7f863193f000-7f8631940000 ---p 00000000 00:00 0 
7f8631940000-7f8631a41000 rw-p 00000000 00:00 0 
7f8631a41000-7f8631a42000 ---p 00000000 00:00 0 
7f8631a42000-7f8631b43000 rw-p 00000000 00:00 0 
7f8631b43000-7f8631e13000 rwxp 00000000 00:00 0 
7f8631e13000-7f8632281000 ---p 00000000 00:00 0 
7f8632281000-7f86324f1000 rwxp 00000000 00:00 0 
7f86324f1000-7f86396e2000 ---p 00000000 00:00 0 
7f86396e2000-7f8639952000 rwxp 00000000 00:00 0 
7f8639952000-7f8640b43000 ---p 00000000 00:00 0 
7f8640b43000-7f864c000000 r--s 00000000 00:65 77077560                   /root/oracle/jdk-9.0.4/lib/modules
7f864c000000-7f864c43f000 rw-p 00000000 00:00 0 
7f864c43f000-7f8650000000 ---p 00000000 00:00 0 
7f8650005000-7f865002d000 rw-p 00000000 00:00 0 
7f865002d000-7f865002e000 ---p 00000000 00:00 0 
7f865002e000-7f865012f000 rw-p 00000000 00:00 0 
7f865012f000-7f8650130000 ---p 00000000 00:00 0 
7f8650130000-7f8650231000 rw-p 00000000 00:00 0 
7f8650231000-7f8650232000 ---p 00000000 00:00 0 
7f8650232000-7f8650333000 rw-p 00000000 00:00 0 
7f8650333000-7f8650334000 ---p 00000000 00:00 0 
7f8650334000-7f8650435000 rw-p 00000000 00:00 0 
7f8650435000-7f8650436000 ---p 00000000 00:00 0 
7f8650436000-7f8650537000 rw-p 00000000 00:00 0 
7f8650537000-7f8650538000 ---p 00000000 00:00 0 
7f8650538000-7f8651a4d000 rw-p 00000000 00:00 0 
7f8651a4d000-7f8651a4e000 ---p 00000000 00:00 0 
7f8651a4e000-7f8651b4f000 rw-p 00000000 00:00 0 
7f8651b4f000-7f8651b50000 ---p 00000000 00:00 0 
7f8651b50000-7f8651c51000 rw-p 00000000 00:00 0 
7f8651c51000-7f8651c52000 ---p 00000000 00:00 0 
7f8651c52000-7f8651d53000 rw-p 00000000 00:00 0 
7f8651d53000-7f8651d54000 ---p 00000000 00:00 0 
7f8651d54000-7f8651e55000 rw-p 00000000 00:00 0 
7f8651e55000-7f8651e56000 ---p 00000000 00:00 0 
7f8651e56000-7f8651f57000 rw-p 00000000 00:00 0 
7f8651f57000-7f8651f58000 ---p 00000000 00:00 0 
7f8651f58000-7f8652059000 rw-p 00000000 00:00 0 
7f8652059000-7f865205a000 ---p 00000000 00:00 0 
7f865205a000-7f865215b000 rw-p 00000000 00:00 0 
7f865215b000-7f865215c000 ---p 00000000 00:00 0 
7f865215c000-7f865225d000 rw-p 00000000 00:00 0 
7f865225d000-7f865225e000 ---p 00000000 00:00 0 
7f865225e000-7f865235f000 rw-p 00000000 00:00 0 
7f865235f000-7f8652360000 ---p 00000000 00:00 0 
7f8652360000-7f8652461000 rw-p 00000000 00:00 0 
7f8652461000-7f8652462000 ---p 00000000 00:00 0 
7f8652462000-7f8652563000 rw-p 00000000 00:00 0 
7f8652563000-7f8652564000 ---p 00000000 00:00 0 
7f8652564000-7f8652665000 rw-p 00000000 00:00 0 
7f8652665000-7f8652666000 ---p 00000000 00:00 0 
7f8652666000-7f8652767000 rw-p 00000000 00:00 0 
7f8652767000-7f8652768000 ---p 00000000 00:00 0 
7f8652768000-7f8652869000 rw-p 00000000 00:00 0 
7f8652869000-7f865286a000 ---p 00000000 00:00 0 
7f865286a000-7f865296b000 rw-p 00000000 00:00 0 
7f865296b000-7f865296c000 ---p 00000000 00:00 0 
7f865296c000-7f8652a6d000 rw-p 00000000 00:00 0 
7f8652a6d000-7f8652a6e000 ---p 00000000 00:00 0 
7f8652a6e000-7f8652b6f000 rw-p 00000000 00:00 0 
7f8652b6f000-7f8652b70000 ---p 00000000 00:00 0 
7f8652b70000-7f8652c71000 rw-p 00000000 00:00 0 
7f8652c71000-7f8652c72000 ---p 00000000 00:00 0 
7f8652c72000-7f8652d73000 rw-p 00000000 00:00 0 
7f8652d73000-7f8652d74000 ---p 00000000 00:00 0 
7f8652d74000-7f8652e7a000 rw-p 00000000 00:00 0 
7f8652e7a000-7f8652f5e000 ---p 00000000 00:00 0 
7f8652f5e000-7f8652f63000 rw-p 00000000 00:00 0 
7f8652f63000-7f8653047000 ---p 00000000 00:00 0 
7f8653047000-7f865304d000 rw-p 00000000 00:00 0 
7f865304d000-7f8653056000 ---p 00000000 00:00 0 
7f8653056000-7f86530a6000 rw-p 00000000 00:00 0 
7f86530a6000-7f8653283000 r--s 03e31000 00:65 101727669                  /usr/local/java/jdk1.8.0_301/jre/lib/rt.jar
7f8653283000-7f865329d000 r-xp 00000000 00:65 77077435                   /root/oracle/jdk-9.0.4/lib/libjimage.so
7f865329d000-7f865349c000 ---p 0001a000 00:65 77077435                   /root/oracle/jdk-9.0.4/lib/libjimage.so
7f865349c000-7f865349e000 rw-p 00019000 00:65 77077435                   /root/oracle/jdk-9.0.4/lib/libjimage.so
7f865349e000-7f86534b0000 rw-p 00000000 00:00 0 
7f86534b0000-7f86534b7000 r-xp 00000000 00:65 77083131                   /root/oracle/jdk-9.0.4/lib/libzip.so
7f86534b7000-7f86536b6000 ---p 00007000 00:65 77083131                   /root/oracle/jdk-9.0.4/lib/libzip.so
7f86536b6000-7f86536b7000 rw-p 00006000 00:65 77083131                   /root/oracle/jdk-9.0.4/lib/libzip.so
7f86536b7000-7f86536ba000 r--p 00000000 00:65 165034530                  /usr/lib/x86_64-linux-gnu/libnss_files-2.31.so
7f86536ba000-7f86536c1000 r-xp 00003000 00:65 165034530                  /usr/lib/x86_64-linux-gnu/libnss_files-2.31.so
7f86536c1000-7f86536c3000 r--p 0000a000 00:65 165034530                  /usr/lib/x86_64-linux-gnu/libnss_files-2.31.so
7f86536c3000-7f86536c4000 r--p 0000b000 00:65 165034530                  /usr/lib/x86_64-linux-gnu/libnss_files-2.31.so
7f86536c4000-7f86536c5000 rw-p 0000c000 00:65 165034530                  /usr/lib/x86_64-linux-gnu/libnss_files-2.31.so
7f86536c5000-7f86536cb000 rw-p 00000000 00:00 0 
7f86536d3000-7f86536d4000 rw-p 00000000 00:00 0 
7f86536d4000-7f86536ff000 r-xp 00000000 00:65 77077470                   /root/oracle/jdk-9.0.4/lib/libjava.so
7f86536ff000-7f86538fe000 ---p 0002b000 00:65 77077470                   /root/oracle/jdk-9.0.4/lib/libjava.so
7f86538fe000-7f8653900000 rw-p 0002a000 00:65 77077470                   /root/oracle/jdk-9.0.4/lib/libjava.so
7f8653900000-7f865390d000 r-xp 00000000 00:65 77077494                   /root/oracle/jdk-9.0.4/lib/libverify.so
7f865390d000-7f8653b0c000 ---p 0000d000 00:65 77077494                   /root/oracle/jdk-9.0.4/lib/libverify.so
7f8653b0c000-7f8653b0e000 rw-p 0000c000 00:65 77077494                   /root/oracle/jdk-9.0.4/lib/libverify.so
7f8653b0e000-7f8653b11000 r--p 00000000 00:65 165034636                  /usr/lib/x86_64-linux-gnu/librt-2.31.so
7f8653b11000-7f8653b15000 r-xp 00003000 00:65 165034636                  /usr/lib/x86_64-linux-gnu/librt-2.31.so
7f8653b15000-7f8653b16000 r--p 00007000 00:65 165034636                  /usr/lib/x86_64-linux-gnu/librt-2.31.so
7f8653b16000-7f8653b17000 ---p 00008000 00:65 165034636                  /usr/lib/x86_64-linux-gnu/librt-2.31.so
7f8653b17000-7f8653b18000 r--p 00008000 00:65 165034636                  /usr/lib/x86_64-linux-gnu/librt-2.31.so
7f8653b18000-7f8653b19000 rw-p 00009000 00:65 165034636                  /usr/lib/x86_64-linux-gnu/librt-2.31.so
7f8653b19000-7f8653b1a000 ---p 00000000 00:00 0 
7f8653b1a000-7f8653b1b000 rw-p 00000000 00:00 0 
7f8653b1b000-7f8653b1f000 ---p 00000000 00:00 0 
7f8653b1f000-7f8653c1a000 rw-p 00000000 00:00 0 
7f8653c1a000-7f8653c29000 r--p 00000000 00:65 165034468                  /usr/lib/x86_64-linux-gnu/libm-2.31.so
7f8653c29000-7f8653cd0000 r-xp 0000f000 00:65 165034468                  /usr/lib/x86_64-linux-gnu/libm-2.31.so
7f8653cd0000-7f8653d67000 r--p 000b6000 00:65 165034468                  /usr/lib/x86_64-linux-gnu/libm-2.31.so
7f8653d67000-7f8653d68000 r--p 0014c000 00:65 165034468                  /usr/lib/x86_64-linux-gnu/libm-2.31.so
7f8653d68000-7f8653d69000 rw-p 0014d000 00:65 165034468                  /usr/lib/x86_64-linux-gnu/libm-2.31.so
7f8653d69000-7f8654d7e000 r-xp 00000000 00:65 77083135                   /root/oracle/jdk-9.0.4/lib/server/libjvm.so
7f8654d7e000-7f8654f7d000 ---p 01015000 00:65 77083135                   /root/oracle/jdk-9.0.4/lib/server/libjvm.so
7f8654f7d000-7f865504e000 r--p 01014000 00:65 77083135                   /root/oracle/jdk-9.0.4/lib/server/libjvm.so
7f865504e000-7f8655085000 rw-p 010e5000 00:65 77083135                   /root/oracle/jdk-9.0.4/lib/server/libjvm.so
7f8655085000-7f86550f0000 rw-p 00000000 00:00 0 
7f86550f0000-7f8655115000 r--p 00000000 00:65 165034165                  /usr/lib/x86_64-linux-gnu/libc-2.31.so
7f8655115000-7f865528d000 r-xp 00025000 00:65 165034165                  /usr/lib/x86_64-linux-gnu/libc-2.31.so
7f865528d000-7f86552d7000 r--p 0019d000 00:65 165034165                  /usr/lib/x86_64-linux-gnu/libc-2.31.so
7f86552d7000-7f86552d8000 ---p 001e7000 00:65 165034165                  /usr/lib/x86_64-linux-gnu/libc-2.31.so
7f86552d8000-7f86552db000 r--p 001e7000 00:65 165034165                  /usr/lib/x86_64-linux-gnu/libc-2.31.so
7f86552db000-7f86552de000 rw-p 001ea000 00:65 165034165                  /usr/lib/x86_64-linux-gnu/libc-2.31.so
7f86552de000-7f86552e2000 rw-p 00000000 00:00 0 
7f86552e2000-7f86552e3000 r--p 00000000 00:65 165034236                  /usr/lib/x86_64-linux-gnu/libdl-2.31.so
7f86552e3000-7f86552e5000 r-xp 00001000 00:65 165034236                  /usr/lib/x86_64-linux-gnu/libdl-2.31.so
7f86552e5000-7f86552e6000 r--p 00003000 00:65 165034236                  /usr/lib/x86_64-linux-gnu/libdl-2.31.so
7f86552e6000-7f86552e7000 r--p 00003000 00:65 165034236                  /usr/lib/x86_64-linux-gnu/libdl-2.31.so
7f86552e7000-7f86552e8000 rw-p 00004000 00:65 165034236                  /usr/lib/x86_64-linux-gnu/libdl-2.31.so
7f86552e8000-7f86552f6000 r-xp 00000000 00:65 77083142                   /root/oracle/jdk-9.0.4/lib/jli/libjli.so
7f86552f6000-7f86554f6000 ---p 0000e000 00:65 77083142                   /root/oracle/jdk-9.0.4/lib/jli/libjli.so
7f86554f6000-7f86554f7000 rw-p 0000e000 00:65 77083142                   /root/oracle/jdk-9.0.4/lib/jli/libjli.so
7f86554f7000-7f86554fe000 r--p 00000000 00:65 165034610                  /usr/lib/x86_64-linux-gnu/libpthread-2.31.so
7f86554fe000-7f865550f000 r-xp 00007000 00:65 165034610                  /usr/lib/x86_64-linux-gnu/libpthread-2.31.so
7f865550f000-7f8655514000 r--p 00018000 00:65 165034610                  /usr/lib/x86_64-linux-gnu/libpthread-2.31.so
7f8655514000-7f8655515000 r--p 0001c000 00:65 165034610                  /usr/lib/x86_64-linux-gnu/libpthread-2.31.so
7f8655515000-7f8655516000 rw-p 0001d000 00:65 165034610                  /usr/lib/x86_64-linux-gnu/libpthread-2.31.so
7f8655516000-7f865551a000 rw-p 00000000 00:00 0 
7f865551a000-7f865551c000 r--p 00000000 00:65 165034796                  /usr/lib/x86_64-linux-gnu/libz.so.1.2.11
7f865551c000-7f865552d000 r-xp 00002000 00:65 165034796                  /usr/lib/x86_64-linux-gnu/libz.so.1.2.11
7f865552d000-7f8655533000 r--p 00013000 00:65 165034796                  /usr/lib/x86_64-linux-gnu/libz.so.1.2.11
7f8655533000-7f8655534000 ---p 00019000 00:65 165034796                  /usr/lib/x86_64-linux-gnu/libz.so.1.2.11
7f8655534000-7f8655535000 r--p 00019000 00:65 165034796                  /usr/lib/x86_64-linux-gnu/libz.so.1.2.11
7f8655535000-7f8655536000 rw-p 0001a000 00:65 165034796                  /usr/lib/x86_64-linux-gnu/libz.so.1.2.11
7f8655536000-7f865553e000 rw-s 00000000 00:65 71965686                   /tmp/hsperfdata_root/19111
7f865553e000-7f8655541000 rw-p 00000000 00:00 0 
7f8655541000-7f8655542000 r--p 00000000 00:65 165033992                  /usr/lib/x86_64-linux-gnu/ld-2.31.so
7f8655542000-7f8655565000 r-xp 00001000 00:65 165033992                  /usr/lib/x86_64-linux-gnu/ld-2.31.so
7f8655565000-7f865556d000 r--p 00024000 00:65 165033992                  /usr/lib/x86_64-linux-gnu/ld-2.31.so
7f865556d000-7f865556e000 r--p 00000000 00:00 0 
7f865556e000-7f865556f000 r--p 0002c000 00:65 165033992                  /usr/lib/x86_64-linux-gnu/ld-2.31.so
7f865556f000-7f8655570000 rw-p 0002d000 00:65 165033992                  /usr/lib/x86_64-linux-gnu/ld-2.31.so
7f8655570000-7f8655571000 rw-p 00000000 00:00 0 
7fff3a251000-7fff3a272000 rw-p 00000000 00:00 0                          [stack]
7fff3a288000-7fff3a28b000 r--p 00000000 00:00 0                          [vvar]
7fff3a28b000-7fff3a28c000 r-xp 00000000 00:00 0                          [vdso]
ffffffffff600000-ffffffffff601000 --xp 00000000 00:00 0                  [vsyscall]

VM Arguments:
jvm_args: -Xbootclasspath/a:/usr/local/java/jdk1.8.0_301/jre/lib/rt.jar -Xverify:none 
java_command: org.eclipse.core.runtime.adaptor.EclipseStarter -debug
java_class_path (initial): ./sootOutput/eclipse/
Launcher Type: SUN_STANDARD

Logging:
Log output configuration:
#0: stdout all=warning uptime,level,tags
#1: stderr all=off uptime,level,tags

Environment Variables:
JAVA_HOME=/root/oracle/jdk-9.0.4
JRE_HOME=/root/oracle/jdk-9.0.4
CLASSPATH=.:/root/oracle/jdk-9.0.4/lib:/JVMfuzzing/htm/CFSynthesis/resource/commons-lang3-3.12.0/commons-lang3-3.12.0.jar
PATH=/root/oracle/jdk-9.0.4/bin:/root/.vscode-server/bin/da76f93349a72022ca4670c1b84860304616aaa2/bin/remote-cli:/root/oracle/jdk-9.0.4/bin:/usr/local/sbin:/usr/local/bin:/usr/sbin:/usr/bin:/sbin:/bin:/usr/games:/usr/local/games:/snap/bin
SHELL=/bin/bash

Signal Handlers:
SIGSEGV: [libjvm.so+0xd4d370], sa_mask[0]=11111111011111111101111111111110, sa_flags=SA_RESTART|SA_SIGINFO
SIGBUS: [libjvm.so+0xd4d370], sa_mask[0]=11111111011111111101111111111110, sa_flags=SA_RESTART|SA_SIGINFO
SIGFPE: [libjvm.so+0xd4d370], sa_mask[0]=11111111011111111101111111111110, sa_flags=SA_RESTART|SA_SIGINFO
SIGPIPE: [libjvm.so+0xb64780], sa_mask[0]=11111111011111111101111111111110, sa_flags=SA_RESTART|SA_SIGINFO
SIGXFSZ: [libjvm.so+0xb64780], sa_mask[0]=11111111011111111101111111111110, sa_flags=SA_RESTART|SA_SIGINFO
SIGILL: [libjvm.so+0xd4d370], sa_mask[0]=11111111011111111101111111111110, sa_flags=SA_RESTART|SA_SIGINFO
SIGUSR2: [libjvm.so+0xb64640], sa_mask[0]=00100000000000000000000000000000, sa_flags=SA_RESTART|SA_SIGINFO
SIGHUP: [libjvm.so+0xb64850], sa_mask[0]=11111111011111111101111111111110, sa_flags=SA_RESTART|SA_SIGINFO
SIGINT: [libjvm.so+0xb64850], sa_mask[0]=11111111011111111101111111111110, sa_flags=SA_RESTART|SA_SIGINFO
SIGTERM: [libjvm.so+0xb64850], sa_mask[0]=11111111011111111101111111111110, sa_flags=SA_RESTART|SA_SIGINFO
SIGQUIT: [libjvm.so+0xb64850], sa_mask[0]=11111111011111111101111111111110, sa_flags=SA_RESTART|SA_SIGINFO


---------------  S Y S T E M  ---------------

OS:DISTRIB_ID=Ubuntu
DISTRIB_RELEASE=20.04
DISTRIB_CODENAME=focal
DISTRIB_DESCRIPTION="Ubuntu 20.04.3 LTS"
uname:Linux 5.4.0-124-generic #140~18.04.1-Ubuntu SMP Fri Aug 5 11:43:34 UTC 2022 x86_64
libc:glibc 2.31 NPTL 2.31 
rlimit: STACK 8192k, CORE infinity, NPROC infinity, NOFILE 1048576, AS infinity
load average:43.09 40.73 39.29

/proc/meminfo:
MemTotal:       65549624 kB
MemFree:         6984728 kB
MemAvailable:   33975700 kB
Buffers:         5872456 kB
Cached:          3612872 kB
SwapCached:         8092 kB
Active:         31987420 kB
Inactive:        6389504 kB
Active(anon):   24894060 kB
Inactive(anon):  4018444 kB
Active(file):    7093360 kB
Inactive(file):  2371060 kB
Unevictable:          20 kB
Mlocked:              20 kB
SwapTotal:       2097148 kB
SwapFree:              0 kB
Dirty:             38648 kB
Writeback:             0 kB
AnonPages:      28883204 kB
Mapped:           855572 kB
Shmem:             25608 kB
KReclaimable:   18258476 kB
Slab:           19428996 kB
SReclaimable:   18258476 kB
SUnreclaim:      1170520 kB
KernelStack:       79160 kB
PageTables:       239664 kB
NFS_Unstable:          0 kB
Bounce:                0 kB
WritebackTmp:          0 kB
CommitLimit:    34871960 kB
Committed_AS:   84038728 kB
VmallocTotal:   34359738367 kB
VmallocUsed:      161936 kB
VmallocChunk:          0 kB
Percpu:            32512 kB
HardwareCorrupted:     0 kB
AnonHugePages:         0 kB
ShmemHugePages:        0 kB
ShmemPmdMapped:        0 kB
FileHugePages:         0 kB
FilePmdMapped:         0 kB
CmaTotal:              0 kB
CmaFree:               0 kB
HugePages_Total:       0
HugePages_Free:        0
HugePages_Rsvd:        0
HugePages_Surp:        0
Hugepagesize:       2048 kB
Hugetlb:               0 kB
DirectMap4k:    15497632 kB
DirectMap2M:    51298304 kB
DirectMap1G:           0 kB


CPU:total 28 (initial active 28) (14 cores per cpu, 2 threads per core) family 6 model 85 stepping 4, cmov, cx8, fxsr, mmx, sse, sse2, sse3, ssse3, sse4.1, sse4.2, popcnt, avx, avx2, aes, clmul, erms, rtm, 3dnowpref, lzcnt, ht, tsc, tscinvbit, bmi1, bmi2, adx, fma
CPU Model and flags from /proc/cpuinfo:
model name	: Intel(R) Core(TM) i9-9940X CPU @ 3.30GHz
flags		: fpu vme de pse tsc msr pae mce cx8 apic sep mtrr pge mca cmov pat pse36 clflush dts acpi mmx fxsr sse sse2 ss ht tm pbe syscall nx pdpe1gb rdtscp lm constant_tsc art arch_perfmon pebs bts rep_good nopl xtopology nonstop_tsc cpuid aperfmperf pni pclmulqdq dtes64 monitor ds_cpl vmx est tm2 ssse3 sdbg fma cx16 xtpr pdcm pcid dca sse4_1 sse4_2 x2apic movbe popcnt tsc_deadline_timer aes xsave avx f16c rdrand lahf_lm abm 3dnowprefetch cpuid_fault epb cat_l3 cdp_l3 invpcid_single pti ssbd mba ibrs ibpb stibp tpr_shadow vnmi flexpriority ept vpid ept_ad fsgsbase tsc_adjust bmi1 hle avx2 smep bmi2 erms invpcid rtm cqm mpx rdt_a avx512f avx512dq rdseed adx smap clflushopt clwb intel_pt avx512cd avx512bw avx512vl xsaveopt xsavec xgetbv1 xsaves cqm_llc cqm_occup_llc cqm_mbm_total cqm_mbm_local dtherm ida arat pln pts hwp hwp_act_window hwp_epp hwp_pkg_req md_clear flush_l1d arch_capabilities

Memory: 4k page, physical 65549624k(6984728k free), swap 2097148k(0k free)

vm_info: Java HotSpot(TM) 64-Bit Server VM (9.0.4+11) for linux-amd64 JRE (9.0.4+11), built on Dec 19 2017 18:12:19 by "mach5one" with gcc 4.9.2

END.
