#
# A fatal error has been detected by the Java Runtime Environment:
#
#  SIGSEGV (0xb) at pc=0x00007f204534eb2c, pid=17334, tid=17401
#
# JRE version: Java(TM) SE Runtime Environment (9.0+11) (build 9.0.4+11)
# Java VM: Java HotSpot(TM) 64-Bit Server VM (9.0.4+11, mixed mode, tiered, compressed oops, g1 gc, linux-amd64)
# Problematic frame:
# V  [libjvm.so+0x48eb2c]  Canonicalizer::do_If(If*)+0x1c
#
# Core dump will be written. Default location: Core dumps may be processed with "/usr/share/apport/apport -p%p -s%s -c%c -d%d -P%P -u%u -g%g -- %E" (or dumping to /JVMfuzzing/zjy/classming/Fuzzing-Testing-of-JVM-Implementations/core.17334)
#
# If you would like to submit a bug report, please visit:
#   http://bugreport.java.com/bugreport/crash.jsp
#

---------------  S U M M A R Y ------------

Command Line: -Xbootclasspath/a:/usr/local/java/jdk1.8.0_301/jre/lib/rt.jar -Xverify:none org.eclipse.core.runtime.adaptor.EclipseStarter -debug

Host: Intel(R) Core(TM) i9-9940X CPU @ 3.30GHz, 28 cores, 62G, Ubuntu 20.04.3 LTS
Time: Thu Nov  3 08:59:48 2022 UTC elapsed time: 0 seconds (0d 0h 0m 0s)

---------------  T H R E A D  ---------------

Current thread (0x00007f20402bc000):  JavaThread "C1 CompilerThread8" daemon [_thread_in_native, id=17401, stack(0x00007f1f3d5f6000,0x00007f1f3d6f7000)]


Current CompileTask:
C1:    691  256 %     3       org.eclipse.core.runtime.adaptor.EclipseStarter::main @ 74 (567 bytes)

Stack: [0x00007f1f3d5f6000,0x00007f1f3d6f7000],  sp=0x00007f1f3d6f50c0,  free space=1020k
Native frames: (J=compiled Java code, A=aot compiled Java code, j=interpreted, Vv=VM code, C=native code)
V  [libjvm.so+0x48eb2c]  Canonicalizer::do_If(If*)+0x1c
V  [libjvm.so+0x4a0452]  GraphBuilder::append_with_bci(Instruction*, int)+0x42
V  [libjvm.so+0x4a3526]  GraphBuilder::if_node(Instruction*, Instruction::Condition, Instruction*, ValueStack*)+0x2a6
V  [libjvm.so+0x4b1873]  GraphBuilder::iterate_bytecodes_for_block(int)+0x1e83
V  [libjvm.so+0x4b1ad5]  GraphBuilder::iterate_all_blocks(bool)+0x85
V  [libjvm.so+0x4b1ec9]  GraphBuilder::GraphBuilder(Compilation*, IRScope*)+0x389
V  [libjvm.so+0x4b70a8]  IR::IR(Compilation*, ciMethod*, int)+0x1e8
V  [libjvm.so+0x497832]  Compilation::build_hir() [clone .part.93]+0x162
V  [libjvm.so+0x499633]  Compilation::compile_java_method()+0x3c3
V  [libjvm.so+0x4997af]  Compilation::compile_method()+0x12f
V  [libjvm.so+0x499c31]  Compilation::Compilation(AbstractCompiler*, ciEnv*, ciMethod*, int, BufferBlob*, DirectiveSet*)+0x271
V  [libjvm.so+0x49ac1e]  Compiler::compile_method(ciEnv*, ciMethod*, int, DirectiveSet*)+0xae
V  [libjvm.so+0x6125ac]  CompileBroker::invoke_compiler_on_method(CompileTask*)+0x41c
V  [libjvm.so+0x61344b]  CompileBroker::compiler_thread_loop()+0x28b
V  [libjvm.so+0xcef338]  JavaThread::thread_main_inner()+0xd8
V  [libjvm.so+0xb6e132]  thread_native_entry(Thread*)+0xf2
C  [libpthread.so.0+0x9609]  start_thread+0xd9


siginfo: si_signo: 11 (SIGSEGV), si_code: 1 (SEGV_MAPERR), si_addr: 0x0000000000000018

Register to memory mapping:

RAX=0x0000000000000000 is an unknown value
RBX=0x00007f1f0c12b560 is an unknown value
RCX=0x00007f1f3d6f5800 is pointing into the stack for thread: 0x00007f20402bc000
RDX=0x00007f1f0c12b560 is an unknown value
RSP=0x00007f1f3d6f50c0 is pointing into the stack for thread: 0x00007f20402bc000
RBP=0x00007f1f3d6f5130 is pointing into the stack for thread: 0x00007f20402bc000
RSI=0x00007f1f0c12b560 is an unknown value
RDI=0x00007f1f3d6f5160 is pointing into the stack for thread: 0x00007f20402bc000
R8 =0x00007f1f0c12b3e0 is an unknown value
R9 =0x000000000000001a is an unknown value
R10=0x0000000001000000 is an unknown value
R11=0x0000000000000000 is an unknown value
R12=0x00007f1f0c12b600 is an unknown value
R13=0x00007f1f3d6f5460 is pointing into the stack for thread: 0x00007f20402bc000
R14=0x00007f1f0c12b560 is an unknown value
R15=0x00007f1f0c12b600 is an unknown value


Registers:
RAX=0x0000000000000000, RBX=0x00007f1f0c12b560, RCX=0x00007f1f3d6f5800, RDX=0x00007f1f0c12b560
RSP=0x00007f1f3d6f50c0, RBP=0x00007f1f3d6f5130, RSI=0x00007f1f0c12b560, RDI=0x00007f1f3d6f5160
R8 =0x00007f1f0c12b3e0, R9 =0x000000000000001a, R10=0x0000000001000000, R11=0x0000000000000000
R12=0x00007f1f0c12b600, R13=0x00007f1f3d6f5460, R14=0x00007f1f0c12b560, R15=0x00007f1f0c12b600
RIP=0x00007f204534eb2c, EFLAGS=0x0000000000010206, CSGSFS=0x002b000000000033, ERR=0x0000000000000004
  TRAPNO=0x000000000000000e

Top of Stack: (sp=0x00007f1f3d6f50c0)
0x00007f1f3d6f50c0:   000000003d6f5130 00007f1f040e32c0
0x00007f1f3d6f50d0:   00007f1f10074be0 0000000000000000
0x00007f1f3d6f50e0:   00007f1f3d6f5110 00007f204537b598
0x00007f1f3d6f50f0:   00000000402bc000 00007f1f3d6f5160 

Instructions: (pc=0x00007f204534eb2c)
0x00007f204534eb0c:   ff 90 66 90 55 48 89 e5 41 57 41 56 41 55 41 54
0x00007f204534eb1c:   53 48 89 f3 48 83 ec 48 48 8b 46 70 48 89 7d c8
0x00007f204534eb2c:   48 8b 78 18 48 8b 07 ff 50 18 84 c0 0f 85 a2 00
0x00007f204534eb3c:   00 00 4c 8b 63 70 48 8b 83 80 00 00 00 49 39 c4 


---------------  P R O C E S S  ---------------

Java Threads: ( => current thread )
  0x00007f2040352800 JavaThread "Service Thread" daemon [_thread_blocked, id=17407, stack(0x00007f1f3cbc8000,0x00007f1f3ccc9000)]
  0x00007f20402d2800 JavaThread "Common-Cleaner" daemon [_thread_blocked, id=17406, stack(0x00007f1f3ccc9000,0x00007f1f3cdca000)]
  0x00007f20402c4000 JavaThread "Sweeper thread" daemon [_thread_blocked, id=17405, stack(0x00007f1f3d1f2000,0x00007f1f3d2f3000)]
  0x00007f20402c2000 JavaThread "C1 CompilerThread11" daemon [_thread_blocked, id=17404, stack(0x00007f1f3d2f3000,0x00007f1f3d3f4000)]
  0x00007f20402c0000 JavaThread "C1 CompilerThread10" daemon [_thread_blocked, id=17403, stack(0x00007f1f3d3f4000,0x00007f1f3d4f5000)]
  0x00007f20402be000 JavaThread "C1 CompilerThread9" daemon [_thread_blocked, id=17402, stack(0x00007f1f3d4f5000,0x00007f1f3d5f6000)]
=>0x00007f20402bc000 JavaThread "C1 CompilerThread8" daemon [_thread_in_native, id=17401, stack(0x00007f1f3d5f6000,0x00007f1f3d6f7000)]
  0x00007f20402ba000 JavaThread "C2 CompilerThread7" daemon [_thread_blocked, id=17400, stack(0x00007f1f3d6f7000,0x00007f1f3d7f8000)]
  0x00007f20402b8800 JavaThread "C2 CompilerThread6" daemon [_thread_blocked, id=17399, stack(0x00007f1f3d7f8000,0x00007f1f3d8f9000)]
  0x00007f20402b6800 JavaThread "C2 CompilerThread5" daemon [_thread_blocked, id=17398, stack(0x00007f1f3d8f9000,0x00007f1f3d9fa000)]
  0x00007f20402b4800 JavaThread "C2 CompilerThread4" daemon [_thread_blocked, id=17397, stack(0x00007f1f3d9fa000,0x00007f1f3dafb000)]
  0x00007f20402b2800 JavaThread "C2 CompilerThread3" daemon [_thread_blocked, id=17396, stack(0x00007f1f3dafb000,0x00007f1f3dbfc000)]
  0x00007f20402b1000 JavaThread "C2 CompilerThread2" daemon [_thread_blocked, id=17395, stack(0x00007f1f3dbfc000,0x00007f1f3dcfd000)]
  0x00007f20402af000 JavaThread "C2 CompilerThread1" daemon [_thread_blocked, id=17394, stack(0x00007f1f3dcfd000,0x00007f1f3ddfe000)]
  0x00007f20402ad000 JavaThread "C2 CompilerThread0" daemon [_thread_blocked, id=17393, stack(0x00007f1f3ddfe000,0x00007f1f3deff000)]
  0x00007f20402ab000 JavaThread "Signal Dispatcher" daemon [_thread_blocked, id=17392, stack(0x00007f1f3deff000,0x00007f1f3e000000)]
  0x00007f2040291000 JavaThread "Finalizer" daemon [_thread_blocked, id=17391, stack(0x00007f1f5405b000,0x00007f1f5415c000)]
  0x00007f2040288800 JavaThread "Reference Handler" daemon [_thread_blocked, id=17390, stack(0x00007f1f5415c000,0x00007f1f5425d000)]
  0x00007f2040011800 JavaThread "main" [_thread_in_Java, id=17335, stack(0x00007f2044c72000,0x00007f2044d71000)]

Other Threads:
  0x00007f2040281000 VMThread "VM Thread" [stack: 0x00007f1f5425f000,0x00007f1f5435f000] [id=17389]
  0x00007f2040355800 WatcherThread [stack: 0x00007f1f3cac8000,0x00007f1f3cbc8000] [id=17408]
  0x00007f2040034000 GCTaskThread "GC Thread#0" [stack: 0x00007f202595a000,0x00007f2025a5a000] [id=17337]
  0x00007f2040035800 GCTaskThread "GC Thread#1" [stack: 0x00007f2025858000,0x00007f2025958000] [id=17338]
  0x00007f2040037000 GCTaskThread "GC Thread#2" [stack: 0x00007f2025756000,0x00007f2025856000] [id=17339]
  0x00007f2040039000 GCTaskThread "GC Thread#3" [stack: 0x00007f2025654000,0x00007f2025754000] [id=17340]
  0x00007f204003a800 GCTaskThread "GC Thread#4" [stack: 0x00007f2025552000,0x00007f2025652000] [id=17341]
  0x00007f204003c800 GCTaskThread "GC Thread#5" [stack: 0x00007f2025450000,0x00007f2025550000] [id=17342]
  0x00007f204003e000 GCTaskThread "GC Thread#6" [stack: 0x00007f202534e000,0x00007f202544e000] [id=17343]
  0x00007f204003f800 GCTaskThread "GC Thread#7" [stack: 0x00007f202524c000,0x00007f202534c000] [id=17344]
  0x00007f2040041800 GCTaskThread "GC Thread#8" [stack: 0x00007f202514a000,0x00007f202524a000] [id=17345]
  0x00007f2040043000 GCTaskThread "GC Thread#9" [stack: 0x00007f2025048000,0x00007f2025148000] [id=17346]
  0x00007f2040045000 GCTaskThread "GC Thread#10" [stack: 0x00007f2024f46000,0x00007f2025046000] [id=17347]
  0x00007f2040046800 GCTaskThread "GC Thread#11" [stack: 0x00007f2024e44000,0x00007f2024f44000] [id=17348]
  0x00007f2040048800 GCTaskThread "GC Thread#12" [stack: 0x00007f2024d42000,0x00007f2024e42000] [id=17349]
  0x00007f204004a000 GCTaskThread "GC Thread#13" [stack: 0x00007f2024c40000,0x00007f2024d40000] [id=17350]
  0x00007f204004c000 GCTaskThread "GC Thread#14" [stack: 0x00007f2024b3e000,0x00007f2024c3e000] [id=17351]
  0x00007f204004d800 GCTaskThread "GC Thread#15" [stack: 0x00007f2024a3c000,0x00007f2024b3c000] [id=17352]
  0x00007f204004f800 GCTaskThread "GC Thread#16" [stack: 0x00007f202493a000,0x00007f2024a3a000] [id=17353]
  0x00007f2040051000 GCTaskThread "GC Thread#17" [stack: 0x00007f2024838000,0x00007f2024938000] [id=17355]
  0x00007f2040052800 GCTaskThread "GC Thread#18" [stack: 0x00007f2024736000,0x00007f2024836000] [id=17356]
  0x00007f2040054800 GCTaskThread "GC Thread#19" [stack: 0x00007f2024634000,0x00007f2024734000] [id=17357]
  0x00007f204009f800 ConcurrentGCThread "G1 Main Marker" [stack: 0x00007f1fd56dd000,0x00007f1fd57dd000] [id=17383]
  0x00007f20400a1000 ConcurrentGCThread "G1 Marker#0" [stack: 0x00007f1fd55db000,0x00007f1fd56db000] [id=17384]
  0x00007f20400a3000 ConcurrentGCThread "G1 Marker#1" [stack: 0x00007f1fd54d9000,0x00007f1fd55d9000] [id=17385]
  0x00007f20400a4800 ConcurrentGCThread "G1 Marker#2" [stack: 0x00007f1fd53d7000,0x00007f1fd54d7000] [id=17386]
  0x00007f20400a6800 ConcurrentGCThread "G1 Marker#3" [stack: 0x00007f1fd52d5000,0x00007f1fd53d5000] [id=17387]
  0x00007f20400a8000 ConcurrentGCThread "G1 Marker#4" [stack: 0x00007f1fd51d3000,0x00007f1fd52d3000] [id=17388]
  0x00007f2040079000 ConcurrentGCThread "G1 Refine#0" [stack: 0x00007f1fd5dcc000,0x00007f1fd5ecc000] [id=17381]
  0x00007f2040077000 ConcurrentGCThread "G1 Refine#1" [stack: 0x00007f1fd5ece000,0x00007f1fd5fce000] [id=17380]
  0x00007f2040075000 ConcurrentGCThread "G1 Refine#2" [stack: 0x00007f1fd5fd0000,0x00007f1fd60d0000] [id=17379]
  0x00007f2040073800 ConcurrentGCThread "G1 Refine#3" [stack: 0x00007f1fd60d2000,0x00007f1fd61d2000] [id=17378]
  0x00007f2040071800 ConcurrentGCThread "G1 Refine#4" [stack: 0x00007f1fd61d4000,0x00007f1fd62d4000] [id=17377]
  0x00007f2040070000 ConcurrentGCThread "G1 Refine#5" [stack: 0x00007f1fd62d6000,0x00007f1fd63d6000] [id=17376]
  0x00007f204006e000 ConcurrentGCThread "G1 Refine#6" [stack: 0x00007f1fd63d8000,0x00007f1fd64d8000] [id=17375]
  0x00007f204006c800 ConcurrentGCThread "G1 Refine#7" [stack: 0x00007f1fd64da000,0x00007f1fd65da000] [id=17374]
  0x00007f204006a800 ConcurrentGCThread "G1 Refine#8" [stack: 0x00007f1fd65dc000,0x00007f1fd66dc000] [id=17373]
  0x00007f2040069000 ConcurrentGCThread "G1 Refine#9" [stack: 0x00007f1fd66de000,0x00007f1fd67de000] [id=17372]
  0x00007f2040067000 ConcurrentGCThread "G1 Refine#10" [stack: 0x00007f1fd67e0000,0x00007f1fd68e0000] [id=17371]
  0x00007f2040065000 ConcurrentGCThread "G1 Refine#11" [stack: 0x00007f1fd68e2000,0x00007f1fd69e2000] [id=17370]
  0x00007f2040063800 ConcurrentGCThread "G1 Refine#12" [stack: 0x00007f1fd69e4000,0x00007f1fd6ae4000] [id=17369]
  0x00007f2040061800 ConcurrentGCThread "G1 Refine#13" [stack: 0x00007f1fd6ae6000,0x00007f1fd6be6000] [id=17367]
  0x00007f2040060000 ConcurrentGCThread "G1 Refine#14" [stack: 0x00007f1fd6be8000,0x00007f1fd6ce8000] [id=17366]
  0x00007f204005e000 ConcurrentGCThread "G1 Refine#15" [stack: 0x00007f1fd6cea000,0x00007f1fd6dea000] [id=17365]
  0x00007f204005c800 ConcurrentGCThread "G1 Refine#16" [stack: 0x00007f1fd6dec000,0x00007f1fd6eec000] [id=17364]
  0x00007f204005a800 ConcurrentGCThread "G1 Refine#17" [stack: 0x00007f1fd6eee000,0x00007f1fd6fee000] [id=17360]
  0x00007f2040059000 ConcurrentGCThread "G1 Refine#18" [stack: 0x00007f1fd6ff0000,0x00007f1fd70f0000] [id=17359]
  0x00007f2040057000 ConcurrentGCThread "G1 Refine#19" [stack: 0x00007f1fd70f2000,0x00007f1fd71f2000] [id=17358]
  0x00007f204007a800 ConcurrentGCThread "G1 Young RemSet Sampling" [stack: 0x00007f1fd5cca000,0x00007f1fd5dca000] [id=17382]

Threads with active compile tasks:
C1 CompilerThread8 256 %     3       org.eclipse.core.runtime.adaptor.EclipseStarter::main @ 74 (567 bytes)

VM state:not at safepoint (normal execution)

VM Mutex/Monitor currently owned by a thread: None

Heap address: 0x00000003d7c00000, size: 16004 MB, Compressed Oops mode: Zero based, Oop shift amount: 3
Narrow klass base: 0x0000000000000000, Narrow klass shift: 3
Compressed class space size: 1073741824 Address: 0x00000007c0000000

Heap:
 garbage-first heap   total 1028096K, used 8192K [0x00000003d7c00000, 0x00000003d80007d8, 0x00000007c0000000)
  region size 4096K, 3 young (12288K), 0 survivors (0K)
 Metaspace       used 4291K, capacity 4616K, committed 4864K, reserved 1056768K
  class space    used 356K, capacity 388K, committed 512K, reserved 1048576K
Heap Regions: E=young(eden), S=young(survivor), O=old, HS=humongous(starts), HC=humongous(continues), CS=collection set, F=free, A=archive, TS=gc time stamp, AC=allocation context, TAMS=top-at-mark-start (previous, next)
|   0|0x00000003d7c00000, 0x00000003d7c00000, 0x00000003d8000000|  0%| F|  |TS  0|AC  0|TAMS 0x00000003d7c00000, 0x00000003d7c00000|
|   1|0x00000003d8000000, 0x00000003d8000000, 0x00000003d8400000|  0%| F|  |TS  0|AC  0|TAMS 0x00000003d8000000, 0x00000003d8000000|
|   2|0x00000003d8400000, 0x00000003d8400000, 0x00000003d8800000|  0%| F|  |TS  0|AC  0|TAMS 0x00000003d8400000, 0x00000003d8400000|
|   3|0x00000003d8800000, 0x00000003d8800000, 0x00000003d8c00000|  0%| F|  |TS  0|AC  0|TAMS 0x00000003d8800000, 0x00000003d8800000|
|   4|0x00000003d8c00000, 0x00000003d8c00000, 0x00000003d9000000|  0%| F|  |TS  0|AC  0|TAMS 0x00000003d8c00000, 0x00000003d8c00000|
|   5|0x00000003d9000000, 0x00000003d9000000, 0x00000003d9400000|  0%| F|  |TS  0|AC  0|TAMS 0x00000003d9000000, 0x00000003d9000000|
|   6|0x00000003d9400000, 0x00000003d9400000, 0x00000003d9800000|  0%| F|  |TS  0|AC  0|TAMS 0x00000003d9400000, 0x00000003d9400000|
|   7|0x00000003d9800000, 0x00000003d9800000, 0x00000003d9c00000|  0%| F|  |TS  0|AC  0|TAMS 0x00000003d9800000, 0x00000003d9800000|
|   8|0x00000003d9c00000, 0x00000003d9c00000, 0x00000003da000000|  0%| F|  |TS  0|AC  0|TAMS 0x00000003d9c00000, 0x00000003d9c00000|
|   9|0x00000003da000000, 0x00000003da000000, 0x00000003da400000|  0%| F|  |TS  0|AC  0|TAMS 0x00000003da000000, 0x00000003da000000|
|  10|0x00000003da400000, 0x00000003da400000, 0x00000003da800000|  0%| F|  |TS  0|AC  0|TAMS 0x00000003da400000, 0x00000003da400000|
|  11|0x00000003da800000, 0x00000003da800000, 0x00000003dac00000|  0%| F|  |TS  0|AC  0|TAMS 0x00000003da800000, 0x00000003da800000|
|  12|0x00000003dac00000, 0x00000003dac00000, 0x00000003db000000|  0%| F|  |TS  0|AC  0|TAMS 0x00000003dac00000, 0x00000003dac00000|
|  13|0x00000003db000000, 0x00000003db000000, 0x00000003db400000|  0%| F|  |TS  0|AC  0|TAMS 0x00000003db000000, 0x00000003db000000|
|  14|0x00000003db400000, 0x00000003db400000, 0x00000003db800000|  0%| F|  |TS  0|AC  0|TAMS 0x00000003db400000, 0x00000003db400000|
|  15|0x00000003db800000, 0x00000003db800000, 0x00000003dbc00000|  0%| F|  |TS  0|AC  0|TAMS 0x00000003db800000, 0x00000003db800000|
|  16|0x00000003dbc00000, 0x00000003dbc00000, 0x00000003dc000000|  0%| F|  |TS  0|AC  0|TAMS 0x00000003dbc00000, 0x00000003dbc00000|
|  17|0x00000003dc000000, 0x00000003dc000000, 0x00000003dc400000|  0%| F|  |TS  0|AC  0|TAMS 0x00000003dc000000, 0x00000003dc000000|
|  18|0x00000003dc400000, 0x00000003dc400000, 0x00000003dc800000|  0%| F|  |TS  0|AC  0|TAMS 0x00000003dc400000, 0x00000003dc400000|
|  19|0x00000003dc800000, 0x00000003dc800000, 0x00000003dcc00000|  0%| F|  |TS  0|AC  0|TAMS 0x00000003dc800000, 0x00000003dc800000|
|  20|0x00000003dcc00000, 0x00000003dcc00000, 0x00000003dd000000|  0%| F|  |TS  0|AC  0|TAMS 0x00000003dcc00000, 0x00000003dcc00000|
|  21|0x00000003dd000000, 0x00000003dd000000, 0x00000003dd400000|  0%| F|  |TS  0|AC  0|TAMS 0x00000003dd000000, 0x00000003dd000000|
|  22|0x00000003dd400000, 0x00000003dd400000, 0x00000003dd800000|  0%| F|  |TS  0|AC  0|TAMS 0x00000003dd400000, 0x00000003dd400000|
|  23|0x00000003dd800000, 0x00000003dd800000, 0x00000003ddc00000|  0%| F|  |TS  0|AC  0|TAMS 0x00000003dd800000, 0x00000003dd800000|
|  24|0x00000003ddc00000, 0x00000003ddc00000, 0x00000003de000000|  0%| F|  |TS  0|AC  0|TAMS 0x00000003ddc00000, 0x00000003ddc00000|
|  25|0x00000003de000000, 0x00000003de000000, 0x00000003de400000|  0%| F|  |TS  0|AC  0|TAMS 0x00000003de000000, 0x00000003de000000|
|  26|0x00000003de400000, 0x00000003de400000, 0x00000003de800000|  0%| F|  |TS  0|AC  0|TAMS 0x00000003de400000, 0x00000003de400000|
|  27|0x00000003de800000, 0x00000003de800000, 0x00000003dec00000|  0%| F|  |TS  0|AC  0|TAMS 0x00000003de800000, 0x00000003de800000|
|  28|0x00000003dec00000, 0x00000003dec00000, 0x00000003df000000|  0%| F|  |TS  0|AC  0|TAMS 0x00000003dec00000, 0x00000003dec00000|
|  29|0x00000003df000000, 0x00000003df000000, 0x00000003df400000|  0%| F|  |TS  0|AC  0|TAMS 0x00000003df000000, 0x00000003df000000|
|  30|0x00000003df400000, 0x00000003df400000, 0x00000003df800000|  0%| F|  |TS  0|AC  0|TAMS 0x00000003df400000, 0x00000003df400000|
|  31|0x00000003df800000, 0x00000003df800000, 0x00000003dfc00000|  0%| F|  |TS  0|AC  0|TAMS 0x00000003df800000, 0x00000003df800000|
|  32|0x00000003dfc00000, 0x00000003dfc00000, 0x00000003e0000000|  0%| F|  |TS  0|AC  0|TAMS 0x00000003dfc00000, 0x00000003dfc00000|
|  33|0x00000003e0000000, 0x00000003e0000000, 0x00000003e0400000|  0%| F|  |TS  0|AC  0|TAMS 0x00000003e0000000, 0x00000003e0000000|
|  34|0x00000003e0400000, 0x00000003e0400000, 0x00000003e0800000|  0%| F|  |TS  0|AC  0|TAMS 0x00000003e0400000, 0x00000003e0400000|
|  35|0x00000003e0800000, 0x00000003e0800000, 0x00000003e0c00000|  0%| F|  |TS  0|AC  0|TAMS 0x00000003e0800000, 0x00000003e0800000|
|  36|0x00000003e0c00000, 0x00000003e0c00000, 0x00000003e1000000|  0%| F|  |TS  0|AC  0|TAMS 0x00000003e0c00000, 0x00000003e0c00000|
|  37|0x00000003e1000000, 0x00000003e1000000, 0x00000003e1400000|  0%| F|  |TS  0|AC  0|TAMS 0x00000003e1000000, 0x00000003e1000000|
|  38|0x00000003e1400000, 0x00000003e1400000, 0x00000003e1800000|  0%| F|  |TS  0|AC  0|TAMS 0x00000003e1400000, 0x00000003e1400000|
|  39|0x00000003e1800000, 0x00000003e1800000, 0x00000003e1c00000|  0%| F|  |TS  0|AC  0|TAMS 0x00000003e1800000, 0x00000003e1800000|
|  40|0x00000003e1c00000, 0x00000003e1c00000, 0x00000003e2000000|  0%| F|  |TS  0|AC  0|TAMS 0x00000003e1c00000, 0x00000003e1c00000|
|  41|0x00000003e2000000, 0x00000003e2000000, 0x00000003e2400000|  0%| F|  |TS  0|AC  0|TAMS 0x00000003e2000000, 0x00000003e2000000|
|  42|0x00000003e2400000, 0x00000003e2400000, 0x00000003e2800000|  0%| F|  |TS  0|AC  0|TAMS 0x00000003e2400000, 0x00000003e2400000|
|  43|0x00000003e2800000, 0x00000003e2800000, 0x00000003e2c00000|  0%| F|  |TS  0|AC  0|TAMS 0x00000003e2800000, 0x00000003e2800000|
|  44|0x00000003e2c00000, 0x00000003e2c00000, 0x00000003e3000000|  0%| F|  |TS  0|AC  0|TAMS 0x00000003e2c00000, 0x00000003e2c00000|
|  45|0x00000003e3000000, 0x00000003e3000000, 0x00000003e3400000|  0%| F|  |TS  0|AC  0|TAMS 0x00000003e3000000, 0x00000003e3000000|
|  46|0x00000003e3400000, 0x00000003e3400000, 0x00000003e3800000|  0%| F|  |TS  0|AC  0|TAMS 0x00000003e3400000, 0x00000003e3400000|
|  47|0x00000003e3800000, 0x00000003e3800000, 0x00000003e3c00000|  0%| F|  |TS  0|AC  0|TAMS 0x00000003e3800000, 0x00000003e3800000|
|  48|0x00000003e3c00000, 0x00000003e3c00000, 0x00000003e4000000|  0%| F|  |TS  0|AC  0|TAMS 0x00000003e3c00000, 0x00000003e3c00000|
|  49|0x00000003e4000000, 0x00000003e4000000, 0x00000003e4400000|  0%| F|  |TS  0|AC  0|TAMS 0x00000003e4000000, 0x00000003e4000000|
|  50|0x00000003e4400000, 0x00000003e4400000, 0x00000003e4800000|  0%| F|  |TS  0|AC  0|TAMS 0x00000003e4400000, 0x00000003e4400000|
|  51|0x00000003e4800000, 0x00000003e4800000, 0x00000003e4c00000|  0%| F|  |TS  0|AC  0|TAMS 0x00000003e4800000, 0x00000003e4800000|
|  52|0x00000003e4c00000, 0x00000003e4c00000, 0x00000003e5000000|  0%| F|  |TS  0|AC  0|TAMS 0x00000003e4c00000, 0x00000003e4c00000|
|  53|0x00000003e5000000, 0x00000003e5000000, 0x00000003e5400000|  0%| F|  |TS  0|AC  0|TAMS 0x00000003e5000000, 0x00000003e5000000|
|  54|0x00000003e5400000, 0x00000003e5400000, 0x00000003e5800000|  0%| F|  |TS  0|AC  0|TAMS 0x00000003e5400000, 0x00000003e5400000|
|  55|0x00000003e5800000, 0x00000003e5800000, 0x00000003e5c00000|  0%| F|  |TS  0|AC  0|TAMS 0x00000003e5800000, 0x00000003e5800000|
|  56|0x00000003e5c00000, 0x00000003e5c00000, 0x00000003e6000000|  0%| F|  |TS  0|AC  0|TAMS 0x00000003e5c00000, 0x00000003e5c00000|
|  57|0x00000003e6000000, 0x00000003e6000000, 0x00000003e6400000|  0%| F|  |TS  0|AC  0|TAMS 0x00000003e6000000, 0x00000003e6000000|
|  58|0x00000003e6400000, 0x00000003e6400000, 0x00000003e6800000|  0%| F|  |TS  0|AC  0|TAMS 0x00000003e6400000, 0x00000003e6400000|
|  59|0x00000003e6800000, 0x00000003e6800000, 0x00000003e6c00000|  0%| F|  |TS  0|AC  0|TAMS 0x00000003e6800000, 0x00000003e6800000|
|  60|0x00000003e6c00000, 0x00000003e6c00000, 0x00000003e7000000|  0%| F|  |TS  0|AC  0|TAMS 0x00000003e6c00000, 0x00000003e6c00000|
|  61|0x00000003e7000000, 0x00000003e7000000, 0x00000003e7400000|  0%| F|  |TS  0|AC  0|TAMS 0x00000003e7000000, 0x00000003e7000000|
|  62|0x00000003e7400000, 0x00000003e7400000, 0x00000003e7800000|  0%| F|  |TS  0|AC  0|TAMS 0x00000003e7400000, 0x00000003e7400000|
|  63|0x00000003e7800000, 0x00000003e7800000, 0x00000003e7c00000|  0%| F|  |TS  0|AC  0|TAMS 0x00000003e7800000, 0x00000003e7800000|
|  64|0x00000003e7c00000, 0x00000003e7c00000, 0x00000003e8000000|  0%| F|  |TS  0|AC  0|TAMS 0x00000003e7c00000, 0x00000003e7c00000|
|  65|0x00000003e8000000, 0x00000003e8000000, 0x00000003e8400000|  0%| F|  |TS  0|AC  0|TAMS 0x00000003e8000000, 0x00000003e8000000|
|  66|0x00000003e8400000, 0x00000003e8400000, 0x00000003e8800000|  0%| F|  |TS  0|AC  0|TAMS 0x00000003e8400000, 0x00000003e8400000|
|  67|0x00000003e8800000, 0x00000003e8800000, 0x00000003e8c00000|  0%| F|  |TS  0|AC  0|TAMS 0x00000003e8800000, 0x00000003e8800000|
|  68|0x00000003e8c00000, 0x00000003e8c00000, 0x00000003e9000000|  0%| F|  |TS  0|AC  0|TAMS 0x00000003e8c00000, 0x00000003e8c00000|
|  69|0x00000003e9000000, 0x00000003e9000000, 0x00000003e9400000|  0%| F|  |TS  0|AC  0|TAMS 0x00000003e9000000, 0x00000003e9000000|
|  70|0x00000003e9400000, 0x00000003e9400000, 0x00000003e9800000|  0%| F|  |TS  0|AC  0|TAMS 0x00000003e9400000, 0x00000003e9400000|
|  71|0x00000003e9800000, 0x00000003e9800000, 0x00000003e9c00000|  0%| F|  |TS  0|AC  0|TAMS 0x00000003e9800000, 0x00000003e9800000|
|  72|0x00000003e9c00000, 0x00000003e9c00000, 0x00000003ea000000|  0%| F|  |TS  0|AC  0|TAMS 0x00000003e9c00000, 0x00000003e9c00000|
|  73|0x00000003ea000000, 0x00000003ea000000, 0x00000003ea400000|  0%| F|  |TS  0|AC  0|TAMS 0x00000003ea000000, 0x00000003ea000000|
|  74|0x00000003ea400000, 0x00000003ea400000, 0x00000003ea800000|  0%| F|  |TS  0|AC  0|TAMS 0x00000003ea400000, 0x00000003ea400000|
|  75|0x00000003ea800000, 0x00000003ea800000, 0x00000003eac00000|  0%| F|  |TS  0|AC  0|TAMS 0x00000003ea800000, 0x00000003ea800000|
|  76|0x00000003eac00000, 0x00000003eac00000, 0x00000003eb000000|  0%| F|  |TS  0|AC  0|TAMS 0x00000003eac00000, 0x00000003eac00000|
|  77|0x00000003eb000000, 0x00000003eb000000, 0x00000003eb400000|  0%| F|  |TS  0|AC  0|TAMS 0x00000003eb000000, 0x00000003eb000000|
|  78|0x00000003eb400000, 0x00000003eb400000, 0x00000003eb800000|  0%| F|  |TS  0|AC  0|TAMS 0x00000003eb400000, 0x00000003eb400000|
|  79|0x00000003eb800000, 0x00000003eb800000, 0x00000003ebc00000|  0%| F|  |TS  0|AC  0|TAMS 0x00000003eb800000, 0x00000003eb800000|
|  80|0x00000003ebc00000, 0x00000003ebc00000, 0x00000003ec000000|  0%| F|  |TS  0|AC  0|TAMS 0x00000003ebc00000, 0x00000003ebc00000|
|  81|0x00000003ec000000, 0x00000003ec000000, 0x00000003ec400000|  0%| F|  |TS  0|AC  0|TAMS 0x00000003ec000000, 0x00000003ec000000|
|  82|0x00000003ec400000, 0x00000003ec400000, 0x00000003ec800000|  0%| F|  |TS  0|AC  0|TAMS 0x00000003ec400000, 0x00000003ec400000|
|  83|0x00000003ec800000, 0x00000003ec800000, 0x00000003ecc00000|  0%| F|  |TS  0|AC  0|TAMS 0x00000003ec800000, 0x00000003ec800000|
|  84|0x00000003ecc00000, 0x00000003ecc00000, 0x00000003ed000000|  0%| F|  |TS  0|AC  0|TAMS 0x00000003ecc00000, 0x00000003ecc00000|
|  85|0x00000003ed000000, 0x00000003ed000000, 0x00000003ed400000|  0%| F|  |TS  0|AC  0|TAMS 0x00000003ed000000, 0x00000003ed000000|
|  86|0x00000003ed400000, 0x00000003ed400000, 0x00000003ed800000|  0%| F|  |TS  0|AC  0|TAMS 0x00000003ed400000, 0x00000003ed400000|
|  87|0x00000003ed800000, 0x00000003ed800000, 0x00000003edc00000|  0%| F|  |TS  0|AC  0|TAMS 0x00000003ed800000, 0x00000003ed800000|
|  88|0x00000003edc00000, 0x00000003edc00000, 0x00000003ee000000|  0%| F|  |TS  0|AC  0|TAMS 0x00000003edc00000, 0x00000003edc00000|
|  89|0x00000003ee000000, 0x00000003ee000000, 0x00000003ee400000|  0%| F|  |TS  0|AC  0|TAMS 0x00000003ee000000, 0x00000003ee000000|
|  90|0x00000003ee400000, 0x00000003ee400000, 0x00000003ee800000|  0%| F|  |TS  0|AC  0|TAMS 0x00000003ee400000, 0x00000003ee400000|
|  91|0x00000003ee800000, 0x00000003ee800000, 0x00000003eec00000|  0%| F|  |TS  0|AC  0|TAMS 0x00000003ee800000, 0x00000003ee800000|
|  92|0x00000003eec00000, 0x00000003eec00000, 0x00000003ef000000|  0%| F|  |TS  0|AC  0|TAMS 0x00000003eec00000, 0x00000003eec00000|
|  93|0x00000003ef000000, 0x00000003ef000000, 0x00000003ef400000|  0%| F|  |TS  0|AC  0|TAMS 0x00000003ef000000, 0x00000003ef000000|
|  94|0x00000003ef400000, 0x00000003ef400000, 0x00000003ef800000|  0%| F|  |TS  0|AC  0|TAMS 0x00000003ef400000, 0x00000003ef400000|
|  95|0x00000003ef800000, 0x00000003ef800000, 0x00000003efc00000|  0%| F|  |TS  0|AC  0|TAMS 0x00000003ef800000, 0x00000003ef800000|
|  96|0x00000003efc00000, 0x00000003efc00000, 0x00000003f0000000|  0%| F|  |TS  0|AC  0|TAMS 0x00000003efc00000, 0x00000003efc00000|
|  97|0x00000003f0000000, 0x00000003f0000000, 0x00000003f0400000|  0%| F|  |TS  0|AC  0|TAMS 0x00000003f0000000, 0x00000003f0000000|
|  98|0x00000003f0400000, 0x00000003f0400000, 0x00000003f0800000|  0%| F|  |TS  0|AC  0|TAMS 0x00000003f0400000, 0x00000003f0400000|
|  99|0x00000003f0800000, 0x00000003f0800000, 0x00000003f0c00000|  0%| F|  |TS  0|AC  0|TAMS 0x00000003f0800000, 0x00000003f0800000|
| 100|0x00000003f0c00000, 0x00000003f0c00000, 0x00000003f1000000|  0%| F|  |TS  0|AC  0|TAMS 0x00000003f0c00000, 0x00000003f0c00000|
| 101|0x00000003f1000000, 0x00000003f1000000, 0x00000003f1400000|  0%| F|  |TS  0|AC  0|TAMS 0x00000003f1000000, 0x00000003f1000000|
| 102|0x00000003f1400000, 0x00000003f1400000, 0x00000003f1800000|  0%| F|  |TS  0|AC  0|TAMS 0x00000003f1400000, 0x00000003f1400000|
| 103|0x00000003f1800000, 0x00000003f1800000, 0x00000003f1c00000|  0%| F|  |TS  0|AC  0|TAMS 0x00000003f1800000, 0x00000003f1800000|
| 104|0x00000003f1c00000, 0x00000003f1c00000, 0x00000003f2000000|  0%| F|  |TS  0|AC  0|TAMS 0x00000003f1c00000, 0x00000003f1c00000|
| 105|0x00000003f2000000, 0x00000003f2000000, 0x00000003f2400000|  0%| F|  |TS  0|AC  0|TAMS 0x00000003f2000000, 0x00000003f2000000|
| 106|0x00000003f2400000, 0x00000003f2400000, 0x00000003f2800000|  0%| F|  |TS  0|AC  0|TAMS 0x00000003f2400000, 0x00000003f2400000|
| 107|0x00000003f2800000, 0x00000003f2800000, 0x00000003f2c00000|  0%| F|  |TS  0|AC  0|TAMS 0x00000003f2800000, 0x00000003f2800000|
| 108|0x00000003f2c00000, 0x00000003f2c00000, 0x00000003f3000000|  0%| F|  |TS  0|AC  0|TAMS 0x00000003f2c00000, 0x00000003f2c00000|
| 109|0x00000003f3000000, 0x00000003f3000000, 0x00000003f3400000|  0%| F|  |TS  0|AC  0|TAMS 0x00000003f3000000, 0x00000003f3000000|
| 110|0x00000003f3400000, 0x00000003f3400000, 0x00000003f3800000|  0%| F|  |TS  0|AC  0|TAMS 0x00000003f3400000, 0x00000003f3400000|
| 111|0x00000003f3800000, 0x00000003f3800000, 0x00000003f3c00000|  0%| F|  |TS  0|AC  0|TAMS 0x00000003f3800000, 0x00000003f3800000|
| 112|0x00000003f3c00000, 0x00000003f3c00000, 0x00000003f4000000|  0%| F|  |TS  0|AC  0|TAMS 0x00000003f3c00000, 0x00000003f3c00000|
| 113|0x00000003f4000000, 0x00000003f4000000, 0x00000003f4400000|  0%| F|  |TS  0|AC  0|TAMS 0x00000003f4000000, 0x00000003f4000000|
| 114|0x00000003f4400000, 0x00000003f4400000, 0x00000003f4800000|  0%| F|  |TS  0|AC  0|TAMS 0x00000003f4400000, 0x00000003f4400000|
| 115|0x00000003f4800000, 0x00000003f4800000, 0x00000003f4c00000|  0%| F|  |TS  0|AC  0|TAMS 0x00000003f4800000, 0x00000003f4800000|
| 116|0x00000003f4c00000, 0x00000003f4c00000, 0x00000003f5000000|  0%| F|  |TS  0|AC  0|TAMS 0x00000003f4c00000, 0x00000003f4c00000|
| 117|0x00000003f5000000, 0x00000003f5000000, 0x00000003f5400000|  0%| F|  |TS  0|AC  0|TAMS 0x00000003f5000000, 0x00000003f5000000|
| 118|0x00000003f5400000, 0x00000003f5400000, 0x00000003f5800000|  0%| F|  |TS  0|AC  0|TAMS 0x00000003f5400000, 0x00000003f5400000|
| 119|0x00000003f5800000, 0x00000003f5800000, 0x00000003f5c00000|  0%| F|  |TS  0|AC  0|TAMS 0x00000003f5800000, 0x00000003f5800000|
| 120|0x00000003f5c00000, 0x00000003f5c00000, 0x00000003f6000000|  0%| F|  |TS  0|AC  0|TAMS 0x00000003f5c00000, 0x00000003f5c00000|
| 121|0x00000003f6000000, 0x00000003f6000000, 0x00000003f6400000|  0%| F|  |TS  0|AC  0|TAMS 0x00000003f6000000, 0x00000003f6000000|
| 122|0x00000003f6400000, 0x00000003f6400000, 0x00000003f6800000|  0%| F|  |TS  0|AC  0|TAMS 0x00000003f6400000, 0x00000003f6400000|
| 123|0x00000003f6800000, 0x00000003f6800000, 0x00000003f6c00000|  0%| F|  |TS  0|AC  0|TAMS 0x00000003f6800000, 0x00000003f6800000|
| 124|0x00000003f6c00000, 0x00000003f6c00000, 0x00000003f7000000|  0%| F|  |TS  0|AC  0|TAMS 0x00000003f6c00000, 0x00000003f6c00000|
| 125|0x00000003f7000000, 0x00000003f7000000, 0x00000003f7400000|  0%| F|  |TS  0|AC  0|TAMS 0x00000003f7000000, 0x00000003f7000000|
| 126|0x00000003f7400000, 0x00000003f7400000, 0x00000003f7800000|  0%| F|  |TS  0|AC  0|TAMS 0x00000003f7400000, 0x00000003f7400000|
| 127|0x00000003f7800000, 0x00000003f7800000, 0x00000003f7c00000|  0%| F|  |TS  0|AC  0|TAMS 0x00000003f7800000, 0x00000003f7800000|
| 128|0x00000003f7c00000, 0x00000003f7c00000, 0x00000003f8000000|  0%| F|  |TS  0|AC  0|TAMS 0x00000003f7c00000, 0x00000003f7c00000|
| 129|0x00000003f8000000, 0x00000003f8000000, 0x00000003f8400000|  0%| F|  |TS  0|AC  0|TAMS 0x00000003f8000000, 0x00000003f8000000|
| 130|0x00000003f8400000, 0x00000003f8400000, 0x00000003f8800000|  0%| F|  |TS  0|AC  0|TAMS 0x00000003f8400000, 0x00000003f8400000|
| 131|0x00000003f8800000, 0x00000003f8800000, 0x00000003f8c00000|  0%| F|  |TS  0|AC  0|TAMS 0x00000003f8800000, 0x00000003f8800000|
| 132|0x00000003f8c00000, 0x00000003f8c00000, 0x00000003f9000000|  0%| F|  |TS  0|AC  0|TAMS 0x00000003f8c00000, 0x00000003f8c00000|
| 133|0x00000003f9000000, 0x00000003f9000000, 0x00000003f9400000|  0%| F|  |TS  0|AC  0|TAMS 0x00000003f9000000, 0x00000003f9000000|
| 134|0x00000003f9400000, 0x00000003f9400000, 0x00000003f9800000|  0%| F|  |TS  0|AC  0|TAMS 0x00000003f9400000, 0x00000003f9400000|
| 135|0x00000003f9800000, 0x00000003f9800000, 0x00000003f9c00000|  0%| F|  |TS  0|AC  0|TAMS 0x00000003f9800000, 0x00000003f9800000|
| 136|0x00000003f9c00000, 0x00000003f9c00000, 0x00000003fa000000|  0%| F|  |TS  0|AC  0|TAMS 0x00000003f9c00000, 0x00000003f9c00000|
| 137|0x00000003fa000000, 0x00000003fa000000, 0x00000003fa400000|  0%| F|  |TS  0|AC  0|TAMS 0x00000003fa000000, 0x00000003fa000000|
| 138|0x00000003fa400000, 0x00000003fa400000, 0x00000003fa800000|  0%| F|  |TS  0|AC  0|TAMS 0x00000003fa400000, 0x00000003fa400000|
| 139|0x00000003fa800000, 0x00000003fa800000, 0x00000003fac00000|  0%| F|  |TS  0|AC  0|TAMS 0x00000003fa800000, 0x00000003fa800000|
| 140|0x00000003fac00000, 0x00000003fac00000, 0x00000003fb000000|  0%| F|  |TS  0|AC  0|TAMS 0x00000003fac00000, 0x00000003fac00000|
| 141|0x00000003fb000000, 0x00000003fb000000, 0x00000003fb400000|  0%| F|  |TS  0|AC  0|TAMS 0x00000003fb000000, 0x00000003fb000000|
| 142|0x00000003fb400000, 0x00000003fb400000, 0x00000003fb800000|  0%| F|  |TS  0|AC  0|TAMS 0x00000003fb400000, 0x00000003fb400000|
| 143|0x00000003fb800000, 0x00000003fb800000, 0x00000003fbc00000|  0%| F|  |TS  0|AC  0|TAMS 0x00000003fb800000, 0x00000003fb800000|
| 144|0x00000003fbc00000, 0x00000003fbc00000, 0x00000003fc000000|  0%| F|  |TS  0|AC  0|TAMS 0x00000003fbc00000, 0x00000003fbc00000|
| 145|0x00000003fc000000, 0x00000003fc000000, 0x00000003fc400000|  0%| F|  |TS  0|AC  0|TAMS 0x00000003fc000000, 0x00000003fc000000|
| 146|0x00000003fc400000, 0x00000003fc400000, 0x00000003fc800000|  0%| F|  |TS  0|AC  0|TAMS 0x00000003fc400000, 0x00000003fc400000|
| 147|0x00000003fc800000, 0x00000003fc800000, 0x00000003fcc00000|  0%| F|  |TS  0|AC  0|TAMS 0x00000003fc800000, 0x00000003fc800000|
| 148|0x00000003fcc00000, 0x00000003fcc00000, 0x00000003fd000000|  0%| F|  |TS  0|AC  0|TAMS 0x00000003fcc00000, 0x00000003fcc00000|
| 149|0x00000003fd000000, 0x00000003fd000000, 0x00000003fd400000|  0%| F|  |TS  0|AC  0|TAMS 0x00000003fd000000, 0x00000003fd000000|
| 150|0x00000003fd400000, 0x00000003fd400000, 0x00000003fd800000|  0%| F|  |TS  0|AC  0|TAMS 0x00000003fd400000, 0x00000003fd400000|
| 151|0x00000003fd800000, 0x00000003fd800000, 0x00000003fdc00000|  0%| F|  |TS  0|AC  0|TAMS 0x00000003fd800000, 0x00000003fd800000|
| 152|0x00000003fdc00000, 0x00000003fdc00000, 0x00000003fe000000|  0%| F|  |TS  0|AC  0|TAMS 0x00000003fdc00000, 0x00000003fdc00000|
| 153|0x00000003fe000000, 0x00000003fe000000, 0x00000003fe400000|  0%| F|  |TS  0|AC  0|TAMS 0x00000003fe000000, 0x00000003fe000000|
| 154|0x00000003fe400000, 0x00000003fe400000, 0x00000003fe800000|  0%| F|  |TS  0|AC  0|TAMS 0x00000003fe400000, 0x00000003fe400000|
| 155|0x00000003fe800000, 0x00000003fe800000, 0x00000003fec00000|  0%| F|  |TS  0|AC  0|TAMS 0x00000003fe800000, 0x00000003fe800000|
| 156|0x00000003fec00000, 0x00000003fec00000, 0x00000003ff000000|  0%| F|  |TS  0|AC  0|TAMS 0x00000003fec00000, 0x00000003fec00000|
| 157|0x00000003ff000000, 0x00000003ff000000, 0x00000003ff400000|  0%| F|  |TS  0|AC  0|TAMS 0x00000003ff000000, 0x00000003ff000000|
| 158|0x00000003ff400000, 0x00000003ff400000, 0x00000003ff800000|  0%| F|  |TS  0|AC  0|TAMS 0x00000003ff400000, 0x00000003ff400000|
| 159|0x00000003ff800000, 0x00000003ff800000, 0x00000003ffc00000|  0%| F|  |TS  0|AC  0|TAMS 0x00000003ff800000, 0x00000003ff800000|
| 160|0x00000003ffc00000, 0x00000003ffc00000, 0x0000000400000000|  0%| F|  |TS  0|AC  0|TAMS 0x00000003ffc00000, 0x00000003ffc00000|
| 161|0x0000000400000000, 0x0000000400000000, 0x0000000400400000|  0%| F|  |TS  0|AC  0|TAMS 0x0000000400000000, 0x0000000400000000|
| 162|0x0000000400400000, 0x0000000400400000, 0x0000000400800000|  0%| F|  |TS  0|AC  0|TAMS 0x0000000400400000, 0x0000000400400000|
| 163|0x0000000400800000, 0x0000000400800000, 0x0000000400c00000|  0%| F|  |TS  0|AC  0|TAMS 0x0000000400800000, 0x0000000400800000|
| 164|0x0000000400c00000, 0x0000000400c00000, 0x0000000401000000|  0%| F|  |TS  0|AC  0|TAMS 0x0000000400c00000, 0x0000000400c00000|
| 165|0x0000000401000000, 0x0000000401000000, 0x0000000401400000|  0%| F|  |TS  0|AC  0|TAMS 0x0000000401000000, 0x0000000401000000|
| 166|0x0000000401400000, 0x0000000401400000, 0x0000000401800000|  0%| F|  |TS  0|AC  0|TAMS 0x0000000401400000, 0x0000000401400000|
| 167|0x0000000401800000, 0x0000000401800000, 0x0000000401c00000|  0%| F|  |TS  0|AC  0|TAMS 0x0000000401800000, 0x0000000401800000|
| 168|0x0000000401c00000, 0x0000000401c00000, 0x0000000402000000|  0%| F|  |TS  0|AC  0|TAMS 0x0000000401c00000, 0x0000000401c00000|
| 169|0x0000000402000000, 0x0000000402000000, 0x0000000402400000|  0%| F|  |TS  0|AC  0|TAMS 0x0000000402000000, 0x0000000402000000|
| 170|0x0000000402400000, 0x0000000402400000, 0x0000000402800000|  0%| F|  |TS  0|AC  0|TAMS 0x0000000402400000, 0x0000000402400000|
| 171|0x0000000402800000, 0x0000000402800000, 0x0000000402c00000|  0%| F|  |TS  0|AC  0|TAMS 0x0000000402800000, 0x0000000402800000|
| 172|0x0000000402c00000, 0x0000000402c00000, 0x0000000403000000|  0%| F|  |TS  0|AC  0|TAMS 0x0000000402c00000, 0x0000000402c00000|
| 173|0x0000000403000000, 0x0000000403000000, 0x0000000403400000|  0%| F|  |TS  0|AC  0|TAMS 0x0000000403000000, 0x0000000403000000|
| 174|0x0000000403400000, 0x0000000403400000, 0x0000000403800000|  0%| F|  |TS  0|AC  0|TAMS 0x0000000403400000, 0x0000000403400000|
| 175|0x0000000403800000, 0x0000000403800000, 0x0000000403c00000|  0%| F|  |TS  0|AC  0|TAMS 0x0000000403800000, 0x0000000403800000|
| 176|0x0000000403c00000, 0x0000000403c00000, 0x0000000404000000|  0%| F|  |TS  0|AC  0|TAMS 0x0000000403c00000, 0x0000000403c00000|
| 177|0x0000000404000000, 0x0000000404000000, 0x0000000404400000|  0%| F|  |TS  0|AC  0|TAMS 0x0000000404000000, 0x0000000404000000|
| 178|0x0000000404400000, 0x0000000404400000, 0x0000000404800000|  0%| F|  |TS  0|AC  0|TAMS 0x0000000404400000, 0x0000000404400000|
| 179|0x0000000404800000, 0x0000000404800000, 0x0000000404c00000|  0%| F|  |TS  0|AC  0|TAMS 0x0000000404800000, 0x0000000404800000|
| 180|0x0000000404c00000, 0x0000000404c00000, 0x0000000405000000|  0%| F|  |TS  0|AC  0|TAMS 0x0000000404c00000, 0x0000000404c00000|
| 181|0x0000000405000000, 0x0000000405000000, 0x0000000405400000|  0%| F|  |TS  0|AC  0|TAMS 0x0000000405000000, 0x0000000405000000|
| 182|0x0000000405400000, 0x0000000405400000, 0x0000000405800000|  0%| F|  |TS  0|AC  0|TAMS 0x0000000405400000, 0x0000000405400000|
| 183|0x0000000405800000, 0x0000000405800000, 0x0000000405c00000|  0%| F|  |TS  0|AC  0|TAMS 0x0000000405800000, 0x0000000405800000|
| 184|0x0000000405c00000, 0x0000000405c00000, 0x0000000406000000|  0%| F|  |TS  0|AC  0|TAMS 0x0000000405c00000, 0x0000000405c00000|
| 185|0x0000000406000000, 0x0000000406000000, 0x0000000406400000|  0%| F|  |TS  0|AC  0|TAMS 0x0000000406000000, 0x0000000406000000|
| 186|0x0000000406400000, 0x0000000406400000, 0x0000000406800000|  0%| F|  |TS  0|AC  0|TAMS 0x0000000406400000, 0x0000000406400000|
| 187|0x0000000406800000, 0x0000000406800000, 0x0000000406c00000|  0%| F|  |TS  0|AC  0|TAMS 0x0000000406800000, 0x0000000406800000|
| 188|0x0000000406c00000, 0x0000000406c00000, 0x0000000407000000|  0%| F|  |TS  0|AC  0|TAMS 0x0000000406c00000, 0x0000000406c00000|
| 189|0x0000000407000000, 0x0000000407000000, 0x0000000407400000|  0%| F|  |TS  0|AC  0|TAMS 0x0000000407000000, 0x0000000407000000|
| 190|0x0000000407400000, 0x0000000407400000, 0x0000000407800000|  0%| F|  |TS  0|AC  0|TAMS 0x0000000407400000, 0x0000000407400000|
| 191|0x0000000407800000, 0x0000000407800000, 0x0000000407c00000|  0%| F|  |TS  0|AC  0|TAMS 0x0000000407800000, 0x0000000407800000|
| 192|0x0000000407c00000, 0x0000000407c00000, 0x0000000408000000|  0%| F|  |TS  0|AC  0|TAMS 0x0000000407c00000, 0x0000000407c00000|
| 193|0x0000000408000000, 0x0000000408000000, 0x0000000408400000|  0%| F|  |TS  0|AC  0|TAMS 0x0000000408000000, 0x0000000408000000|
| 194|0x0000000408400000, 0x0000000408400000, 0x0000000408800000|  0%| F|  |TS  0|AC  0|TAMS 0x0000000408400000, 0x0000000408400000|
| 195|0x0000000408800000, 0x0000000408800000, 0x0000000408c00000|  0%| F|  |TS  0|AC  0|TAMS 0x0000000408800000, 0x0000000408800000|
| 196|0x0000000408c00000, 0x0000000408c00000, 0x0000000409000000|  0%| F|  |TS  0|AC  0|TAMS 0x0000000408c00000, 0x0000000408c00000|
| 197|0x0000000409000000, 0x0000000409000000, 0x0000000409400000|  0%| F|  |TS  0|AC  0|TAMS 0x0000000409000000, 0x0000000409000000|
| 198|0x0000000409400000, 0x0000000409400000, 0x0000000409800000|  0%| F|  |TS  0|AC  0|TAMS 0x0000000409400000, 0x0000000409400000|
| 199|0x0000000409800000, 0x0000000409800000, 0x0000000409c00000|  0%| F|  |TS  0|AC  0|TAMS 0x0000000409800000, 0x0000000409800000|
| 200|0x0000000409c00000, 0x0000000409c00000, 0x000000040a000000|  0%| F|  |TS  0|AC  0|TAMS 0x0000000409c00000, 0x0000000409c00000|
| 201|0x000000040a000000, 0x000000040a000000, 0x000000040a400000|  0%| F|  |TS  0|AC  0|TAMS 0x000000040a000000, 0x000000040a000000|
| 202|0x000000040a400000, 0x000000040a400000, 0x000000040a800000|  0%| F|  |TS  0|AC  0|TAMS 0x000000040a400000, 0x000000040a400000|
| 203|0x000000040a800000, 0x000000040a800000, 0x000000040ac00000|  0%| F|  |TS  0|AC  0|TAMS 0x000000040a800000, 0x000000040a800000|
| 204|0x000000040ac00000, 0x000000040ac00000, 0x000000040b000000|  0%| F|  |TS  0|AC  0|TAMS 0x000000040ac00000, 0x000000040ac00000|
| 205|0x000000040b000000, 0x000000040b000000, 0x000000040b400000|  0%| F|  |TS  0|AC  0|TAMS 0x000000040b000000, 0x000000040b000000|
| 206|0x000000040b400000, 0x000000040b400000, 0x000000040b800000|  0%| F|  |TS  0|AC  0|TAMS 0x000000040b400000, 0x000000040b400000|
| 207|0x000000040b800000, 0x000000040b800000, 0x000000040bc00000|  0%| F|  |TS  0|AC  0|TAMS 0x000000040b800000, 0x000000040b800000|
| 208|0x000000040bc00000, 0x000000040bc00000, 0x000000040c000000|  0%| F|  |TS  0|AC  0|TAMS 0x000000040bc00000, 0x000000040bc00000|
| 209|0x000000040c000000, 0x000000040c000000, 0x000000040c400000|  0%| F|  |TS  0|AC  0|TAMS 0x000000040c000000, 0x000000040c000000|
| 210|0x000000040c400000, 0x000000040c400000, 0x000000040c800000|  0%| F|  |TS  0|AC  0|TAMS 0x000000040c400000, 0x000000040c400000|
| 211|0x000000040c800000, 0x000000040c800000, 0x000000040cc00000|  0%| F|  |TS  0|AC  0|TAMS 0x000000040c800000, 0x000000040c800000|
| 212|0x000000040cc00000, 0x000000040cc00000, 0x000000040d000000|  0%| F|  |TS  0|AC  0|TAMS 0x000000040cc00000, 0x000000040cc00000|
| 213|0x000000040d000000, 0x000000040d000000, 0x000000040d400000|  0%| F|  |TS  0|AC  0|TAMS 0x000000040d000000, 0x000000040d000000|
| 214|0x000000040d400000, 0x000000040d400000, 0x000000040d800000|  0%| F|  |TS  0|AC  0|TAMS 0x000000040d400000, 0x000000040d400000|
| 215|0x000000040d800000, 0x000000040d800000, 0x000000040dc00000|  0%| F|  |TS  0|AC  0|TAMS 0x000000040d800000, 0x000000040d800000|
| 216|0x000000040dc00000, 0x000000040dc00000, 0x000000040e000000|  0%| F|  |TS  0|AC  0|TAMS 0x000000040dc00000, 0x000000040dc00000|
| 217|0x000000040e000000, 0x000000040e000000, 0x000000040e400000|  0%| F|  |TS  0|AC  0|TAMS 0x000000040e000000, 0x000000040e000000|
| 218|0x000000040e400000, 0x000000040e400000, 0x000000040e800000|  0%| F|  |TS  0|AC  0|TAMS 0x000000040e400000, 0x000000040e400000|
| 219|0x000000040e800000, 0x000000040e800000, 0x000000040ec00000|  0%| F|  |TS  0|AC  0|TAMS 0x000000040e800000, 0x000000040e800000|
| 220|0x000000040ec00000, 0x000000040ec00000, 0x000000040f000000|  0%| F|  |TS  0|AC  0|TAMS 0x000000040ec00000, 0x000000040ec00000|
| 221|0x000000040f000000, 0x000000040f000000, 0x000000040f400000|  0%| F|  |TS  0|AC  0|TAMS 0x000000040f000000, 0x000000040f000000|
| 222|0x000000040f400000, 0x000000040f400000, 0x000000040f800000|  0%| F|  |TS  0|AC  0|TAMS 0x000000040f400000, 0x000000040f400000|
| 223|0x000000040f800000, 0x000000040f800000, 0x000000040fc00000|  0%| F|  |TS  0|AC  0|TAMS 0x000000040f800000, 0x000000040f800000|
| 224|0x000000040fc00000, 0x000000040fc00000, 0x0000000410000000|  0%| F|  |TS  0|AC  0|TAMS 0x000000040fc00000, 0x000000040fc00000|
| 225|0x0000000410000000, 0x0000000410000000, 0x0000000410400000|  0%| F|  |TS  0|AC  0|TAMS 0x0000000410000000, 0x0000000410000000|
| 226|0x0000000410400000, 0x0000000410400000, 0x0000000410800000|  0%| F|  |TS  0|AC  0|TAMS 0x0000000410400000, 0x0000000410400000|
| 227|0x0000000410800000, 0x0000000410800000, 0x0000000410c00000|  0%| F|  |TS  0|AC  0|TAMS 0x0000000410800000, 0x0000000410800000|
| 228|0x0000000410c00000, 0x0000000410c00000, 0x0000000411000000|  0%| F|  |TS  0|AC  0|TAMS 0x0000000410c00000, 0x0000000410c00000|
| 229|0x0000000411000000, 0x0000000411000000, 0x0000000411400000|  0%| F|  |TS  0|AC  0|TAMS 0x0000000411000000, 0x0000000411000000|
| 230|0x0000000411400000, 0x0000000411400000, 0x0000000411800000|  0%| F|  |TS  0|AC  0|TAMS 0x0000000411400000, 0x0000000411400000|
| 231|0x0000000411800000, 0x0000000411800000, 0x0000000411c00000|  0%| F|  |TS  0|AC  0|TAMS 0x0000000411800000, 0x0000000411800000|
| 232|0x0000000411c00000, 0x0000000411c00000, 0x0000000412000000|  0%| F|  |TS  0|AC  0|TAMS 0x0000000411c00000, 0x0000000411c00000|
| 233|0x0000000412000000, 0x0000000412000000, 0x0000000412400000|  0%| F|  |TS  0|AC  0|TAMS 0x0000000412000000, 0x0000000412000000|
| 234|0x0000000412400000, 0x0000000412400000, 0x0000000412800000|  0%| F|  |TS  0|AC  0|TAMS 0x0000000412400000, 0x0000000412400000|
| 235|0x0000000412800000, 0x0000000412800000, 0x0000000412c00000|  0%| F|  |TS  0|AC  0|TAMS 0x0000000412800000, 0x0000000412800000|
| 236|0x0000000412c00000, 0x0000000412c00000, 0x0000000413000000|  0%| F|  |TS  0|AC  0|TAMS 0x0000000412c00000, 0x0000000412c00000|
| 237|0x0000000413000000, 0x0000000413000000, 0x0000000413400000|  0%| F|  |TS  0|AC  0|TAMS 0x0000000413000000, 0x0000000413000000|
| 238|0x0000000413400000, 0x0000000413400000, 0x0000000413800000|  0%| F|  |TS  0|AC  0|TAMS 0x0000000413400000, 0x0000000413400000|
| 239|0x0000000413800000, 0x0000000413800000, 0x0000000413c00000|  0%| F|  |TS  0|AC  0|TAMS 0x0000000413800000, 0x0000000413800000|
| 240|0x0000000413c00000, 0x0000000413c00000, 0x0000000414000000|  0%| F|  |TS  0|AC  0|TAMS 0x0000000413c00000, 0x0000000413c00000|
| 241|0x0000000414000000, 0x0000000414000000, 0x0000000414400000|  0%| F|  |TS  0|AC  0|TAMS 0x0000000414000000, 0x0000000414000000|
| 242|0x0000000414400000, 0x0000000414400000, 0x0000000414800000|  0%| F|  |TS  0|AC  0|TAMS 0x0000000414400000, 0x0000000414400000|
| 243|0x0000000414800000, 0x0000000414800000, 0x0000000414c00000|  0%| F|  |TS  0|AC  0|TAMS 0x0000000414800000, 0x0000000414800000|
| 244|0x0000000414c00000, 0x0000000414c00000, 0x0000000415000000|  0%| F|  |TS  0|AC  0|TAMS 0x0000000414c00000, 0x0000000414c00000|
| 245|0x0000000415000000, 0x0000000415000000, 0x0000000415400000|  0%| F|  |TS  0|AC  0|TAMS 0x0000000415000000, 0x0000000415000000|
| 246|0x0000000415400000, 0x0000000415400000, 0x0000000415800000|  0%| F|  |TS  0|AC  0|TAMS 0x0000000415400000, 0x0000000415400000|
| 247|0x0000000415800000, 0x0000000415800000, 0x0000000415c00000|  0%| F|  |TS  0|AC  0|TAMS 0x0000000415800000, 0x0000000415800000|
| 248|0x0000000415c00000, 0x0000000415ee1d08, 0x0000000416000000| 72%| E|  |TS  0|AC  0|TAMS 0x0000000415c00000, 0x0000000415c00000|
| 249|0x0000000416000000, 0x0000000416400000, 0x0000000416400000|100%| E|CS|TS  0|AC  0|TAMS 0x0000000416000000, 0x0000000416000000|
| 250|0x0000000416400000, 0x0000000416800000, 0x0000000416800000|100%| E|CS|TS  0|AC  0|TAMS 0x0000000416400000, 0x0000000416400000|

Card table byte_map: [0x00007f1f7623a000,0x00007f1f7817c000] byte_map_base: 0x00007f1f7437c000

Marking Bits (Prev, Next): (CMBitMap*) 0x00007f204009e820, (CMBitMap*) 0x00007f204009e858
 Prev Bits: [0x00007f1f648e8000, 0x00007f1f742f8000)
 Next Bits: [0x00007f1f54ed8000, 0x00007f1f648e8000)

Polling page: 0x00007f20466c4000

CodeHeap 'non-profiled nmethods': size=119172Kb used=167Kb max_used=167Kb free=119004Kb
 bounds [0x00007f202d6e2000, 0x00007f202d952000, 0x00007f2034b43000]
CodeHeap 'profiled nmethods': size=119172Kb used=336Kb max_used=336Kb free=118835Kb
 bounds [0x00007f2026281000, 0x00007f20264f1000, 0x00007f202d6e2000]
CodeHeap 'non-nmethods': size=7416Kb used=2826Kb max_used=2852Kb free=4589Kb
 bounds [0x00007f2025b43000, 0x00007f2025e13000, 0x00007f2026281000]
 total_blobs=644 nmethods=255 adapters=168
 compilation: enabled

Compilation events (10 events):
Event: 0.472 Thread 0x00007f20402b1000 nmethod 242 0x00007f202d6fb710 code [0x00007f202d6fb920, 0x00007f202d6fc448]
Event: 0.472 Thread 0x00007f20402b6800 nmethod 236 0x00007f202d6fcd10 code [0x00007f202d6fcf40, 0x00007f202d6fdda8]
Event: 0.515 Thread 0x00007f20402b2800 nmethod 253 0x00007f202d6fe790 code [0x00007f202d6fea80, 0x00007f202d7009c0]
Event: 0.518 Thread 0x00007f20402ba000 nmethod 252 0x00007f202d701c90 code [0x00007f202d701fa0, 0x00007f202d703ed0]
Event: 0.588 Thread 0x00007f20402b4800 nmethod 251 0x00007f202d705310 code [0x00007f202d705760, 0x00007f202d7092c0]
Event: 0.589 Thread 0x00007f20402b8800  254       4       java.nio.CharBuffer::hasArray (20 bytes)
Event: 0.589 Thread 0x00007f20402af000  255       4       java.nio.ByteBuffer::hasArray (20 bytes)
Event: 0.590 Thread 0x00007f20402af000 nmethod 255 0x00007f202d70b810 code [0x00007f202d70b9a0, 0x00007f202d70ba38]
Event: 0.591 Thread 0x00007f20402b8800 nmethod 254 0x00007f202d70bb10 code [0x00007f202d70bca0, 0x00007f202d70bd38]
Event: 0.669 Thread 0x00007f20402bc000  256 %     3       org.eclipse.core.runtime.adaptor.EclipseStarter::main @ 74 (567 bytes)

GC Heap History (0 events):
No events

Deoptimization events (0 events):
No events

Classes redefined (0 events):
No events

Internal exceptions (0 events):
No events

Events (10 events):
Event: 0.404 Thread 0x00007f2040011800 DEOPT PACKING pc=0x00007f20262b5124 sp=0x00007f2044d6f250
Event: 0.404 Thread 0x00007f2040011800 DEOPT UNPACKING pc=0x00007f2025b90aab sp=0x00007f2044d6e838 mode 0
Event: 0.404 Thread 0x00007f2040011800 DEOPT PACKING pc=0x00007f20262b5124 sp=0x00007f2044d6f250
Event: 0.404 Thread 0x00007f2040011800 DEOPT UNPACKING pc=0x00007f2025b90aab sp=0x00007f2044d6e838 mode 0
Event: 0.405 Thread 0x00007f2040011800 DEOPT PACKING pc=0x00007f20262b5124 sp=0x00007f2044d6f250
Event: 0.405 Thread 0x00007f2040011800 DEOPT UNPACKING pc=0x00007f2025b90aab sp=0x00007f2044d6e838 mode 0
Event: 0.405 Thread 0x00007f2040011800 DEOPT PACKING pc=0x00007f20262b5124 sp=0x00007f2044d6f250
Event: 0.405 Thread 0x00007f2040011800 DEOPT UNPACKING pc=0x00007f2025b90aab sp=0x00007f2044d6e838 mode 0
Event: 0.405 Thread 0x00007f2040011800 DEOPT PACKING pc=0x00007f20262b5124 sp=0x00007f2044d6f250
Event: 0.405 Thread 0x00007f2040011800 DEOPT UNPACKING pc=0x00007f2025b90aab sp=0x00007f2044d6e838 mode 0


Dynamic libraries:
00400000-00401000 r-xp 00000000 00:65 77077150                           /root/oracle/jdk-9.0.4/bin/java
00600000-00601000 rw-p 00000000 00:65 77077150                           /root/oracle/jdk-9.0.4/bin/java
01a05000-01a26000 rw-p 00000000 00:00 0                                  [heap]
3d7c00000-416800000 rw-p 00000000 00:00 0 
416800000-7c0000000 ---p 00000000 00:00 0 
7c0000000-7c0080000 rw-p 00000000 00:00 0 
7c0080000-800000000 ---p 00000000 00:00 0 
7f1ee4000000-7f1ee4021000 rw-p 00000000 00:00 0 
7f1ee4021000-7f1ee8000000 ---p 00000000 00:00 0 
7f1eec000000-7f1eec021000 rw-p 00000000 00:00 0 
7f1eec021000-7f1ef0000000 ---p 00000000 00:00 0 
7f1ef0000000-7f1ef0021000 rw-p 00000000 00:00 0 
7f1ef0021000-7f1ef4000000 ---p 00000000 00:00 0 
7f1ef4000000-7f1ef4053000 rw-p 00000000 00:00 0 
7f1ef4053000-7f1ef8000000 ---p 00000000 00:00 0 
7f1ef8000000-7f1ef8021000 rw-p 00000000 00:00 0 
7f1ef8021000-7f1efc000000 ---p 00000000 00:00 0 
7f1efc000000-7f1efc044000 rw-p 00000000 00:00 0 
7f1efc044000-7f1f00000000 ---p 00000000 00:00 0 
7f1f00000000-7f1f0003b000 rw-p 00000000 00:00 0 
7f1f0003b000-7f1f04000000 ---p 00000000 00:00 0 
7f1f04000000-7f1f04219000 rw-p 00000000 00:00 0 
7f1f04219000-7f1f08000000 ---p 00000000 00:00 0 
7f1f08000000-7f1f08088000 rw-p 00000000 00:00 0 
7f1f08088000-7f1f0c000000 ---p 00000000 00:00 0 
7f1f0c000000-7f1f0c152000 rw-p 00000000 00:00 0 
7f1f0c152000-7f1f10000000 ---p 00000000 00:00 0 
7f1f10000000-7f1f101b9000 rw-p 00000000 00:00 0 
7f1f101b9000-7f1f14000000 ---p 00000000 00:00 0 
7f1f14000000-7f1f14299000 rw-p 00000000 00:00 0 
7f1f14299000-7f1f18000000 ---p 00000000 00:00 0 
7f1f18000000-7f1f1834e000 rw-p 00000000 00:00 0 
7f1f1834e000-7f1f1c000000 ---p 00000000 00:00 0 
7f1f1c000000-7f1f1c166000 rw-p 00000000 00:00 0 
7f1f1c166000-7f1f20000000 ---p 00000000 00:00 0 
7f1f20000000-7f1f201fc000 rw-p 00000000 00:00 0 
7f1f201fc000-7f1f24000000 ---p 00000000 00:00 0 
7f1f24000000-7f1f24021000 rw-p 00000000 00:00 0 
7f1f24021000-7f1f28000000 ---p 00000000 00:00 0 
7f1f28000000-7f1f280bd000 rw-p 00000000 00:00 0 
7f1f280bd000-7f1f2c000000 ---p 00000000 00:00 0 
7f1f2c000000-7f1f2c021000 rw-p 00000000 00:00 0 
7f1f2c021000-7f1f30000000 ---p 00000000 00:00 0 
7f1f30000000-7f1f30021000 rw-p 00000000 00:00 0 
7f1f30021000-7f1f34000000 ---p 00000000 00:00 0 
7f1f34000000-7f1f34021000 rw-p 00000000 00:00 0 
7f1f34021000-7f1f38000000 ---p 00000000 00:00 0 
7f1f38000000-7f1f38021000 rw-p 00000000 00:00 0 
7f1f38021000-7f1f3c000000 ---p 00000000 00:00 0 
7f1f3c798000-7f1f3cac6000 rw-p 00000000 00:00 0 
7f1f3cac6000-7f1f3cac7000 ---p 00000000 00:00 0 
7f1f3cac7000-7f1f3cbc8000 rw-p 00000000 00:00 0 
7f1f3cbc8000-7f1f3cbcc000 ---p 00000000 00:00 0 
7f1f3cbcc000-7f1f3ccc9000 rw-p 00000000 00:00 0 
7f1f3ccc9000-7f1f3cccd000 ---p 00000000 00:00 0 
7f1f3cccd000-7f1f3cdca000 rw-p 00000000 00:00 0 
7f1f3cdca000-7f1f3cde0000 r-xp 00000000 00:65 77077477                   /root/oracle/jdk-9.0.4/lib/libnet.so
7f1f3cde0000-7f1f3cfe0000 ---p 00016000 00:65 77077477                   /root/oracle/jdk-9.0.4/lib/libnet.so
7f1f3cfe0000-7f1f3cfe1000 rw-p 00016000 00:65 77077477                   /root/oracle/jdk-9.0.4/lib/libnet.so
7f1f3cfe1000-7f1f3cff1000 r-xp 00000000 00:65 77077594                   /root/oracle/jdk-9.0.4/lib/libnio.so
7f1f3cff1000-7f1f3d1f1000 ---p 00010000 00:65 77077594                   /root/oracle/jdk-9.0.4/lib/libnio.so
7f1f3d1f1000-7f1f3d1f2000 rw-p 00010000 00:65 77077594                   /root/oracle/jdk-9.0.4/lib/libnio.so
7f1f3d1f2000-7f1f3d1f6000 ---p 00000000 00:00 0 
7f1f3d1f6000-7f1f3d2f3000 rw-p 00000000 00:00 0 
7f1f3d2f3000-7f1f3d2f7000 ---p 00000000 00:00 0 
7f1f3d2f7000-7f1f3d3f4000 rw-p 00000000 00:00 0 
7f1f3d3f4000-7f1f3d3f8000 ---p 00000000 00:00 0 
7f1f3d3f8000-7f1f3d4f5000 rw-p 00000000 00:00 0 
7f1f3d4f5000-7f1f3d4f9000 ---p 00000000 00:00 0 
7f1f3d4f9000-7f1f3d5f6000 rw-p 00000000 00:00 0 
7f1f3d5f6000-7f1f3d5fa000 ---p 00000000 00:00 0 
7f1f3d5fa000-7f1f3d6f7000 rw-p 00000000 00:00 0 
7f1f3d6f7000-7f1f3d6fb000 ---p 00000000 00:00 0 
7f1f3d6fb000-7f1f3d7f8000 rw-p 00000000 00:00 0 
7f1f3d7f8000-7f1f3d7fc000 ---p 00000000 00:00 0 
7f1f3d7fc000-7f1f3d8f9000 rw-p 00000000 00:00 0 
7f1f3d8f9000-7f1f3d8fd000 ---p 00000000 00:00 0 
7f1f3d8fd000-7f1f3d9fa000 rw-p 00000000 00:00 0 
7f1f3d9fa000-7f1f3d9fe000 ---p 00000000 00:00 0 
7f1f3d9fe000-7f1f3dafb000 rw-p 00000000 00:00 0 
7f1f3dafb000-7f1f3daff000 ---p 00000000 00:00 0 
7f1f3daff000-7f1f3dbfc000 rw-p 00000000 00:00 0 
7f1f3dbfc000-7f1f3dc00000 ---p 00000000 00:00 0 
7f1f3dc00000-7f1f3dcfd000 rw-p 00000000 00:00 0 
7f1f3dcfd000-7f1f3dd01000 ---p 00000000 00:00 0 
7f1f3dd01000-7f1f3ddfe000 rw-p 00000000 00:00 0 
7f1f3ddfe000-7f1f3de02000 ---p 00000000 00:00 0 
7f1f3de02000-7f1f3deff000 rw-p 00000000 00:00 0 
7f1f3deff000-7f1f3df03000 ---p 00000000 00:00 0 
7f1f3df03000-7f1f3e000000 rw-p 00000000 00:00 0 
7f1f3e000000-7f1f40000000 rwxp 00000000 00:00 0 
7f1f40000000-7f1f40021000 rw-p 00000000 00:00 0 
7f1f40021000-7f1f44000000 ---p 00000000 00:00 0 
7f1f44000000-7f1f44021000 rw-p 00000000 00:00 0 
7f1f44021000-7f1f48000000 ---p 00000000 00:00 0 
7f1f48000000-7f1f48021000 rw-p 00000000 00:00 0 
7f1f48021000-7f1f4c000000 ---p 00000000 00:00 0 
7f1f4c000000-7f1f4c021000 rw-p 00000000 00:00 0 
7f1f4c021000-7f1f50000000 ---p 00000000 00:00 0 
7f1f50000000-7f1f50021000 rw-p 00000000 00:00 0 
7f1f50021000-7f1f54000000 ---p 00000000 00:00 0 
7f1f5405b000-7f1f5405f000 ---p 00000000 00:00 0 
7f1f5405f000-7f1f5415c000 rw-p 00000000 00:00 0 
7f1f5415c000-7f1f54160000 ---p 00000000 00:00 0 
7f1f54160000-7f1f5425d000 rw-p 00000000 00:00 0 
7f1f5425d000-7f1f5425e000 ---p 00000000 00:00 0 
7f1f5425e000-7f1f54815000 rw-p 00000000 00:00 0 
7f1f54815000-7f1f54bd5000 ---p 00000000 00:00 0 
7f1f54bd5000-7f1f55e88000 rw-p 00000000 00:00 0 
7f1f55e88000-7f1f648e8000 ---p 00000000 00:00 0 
7f1f648e8000-7f1f65898000 rw-p 00000000 00:00 0 
7f1f65898000-7f1f742f8000 ---p 00000000 00:00 0 
7f1f742f8000-7f1f744ee000 rw-p 00000000 00:00 0 
7f1f744ee000-7f1f7623a000 ---p 00000000 00:00 0 
7f1f7623a000-7f1f76430000 rw-p 00000000 00:00 0 
7f1f76430000-7f1f7a0be000 ---p 00000000 00:00 0 
7f1f7a0be000-7f1f7a2b4000 rw-p 00000000 00:00 0 
7f1f7a2b4000-7f1f7c000000 ---p 00000000 00:00 0 
7f1f7c000000-7f1f7c021000 rw-p 00000000 00:00 0 
7f1f7c021000-7f1f80000000 ---p 00000000 00:00 0 
7f1f80000000-7f1f80021000 rw-p 00000000 00:00 0 
7f1f80021000-7f1f84000000 ---p 00000000 00:00 0 
7f1f84000000-7f1f84021000 rw-p 00000000 00:00 0 
7f1f84021000-7f1f88000000 ---p 00000000 00:00 0 
7f1f88000000-7f1f88021000 rw-p 00000000 00:00 0 
7f1f88021000-7f1f8c000000 ---p 00000000 00:00 0 
7f1f8c000000-7f1f8c021000 rw-p 00000000 00:00 0 
7f1f8c021000-7f1f90000000 ---p 00000000 00:00 0 
7f1f90000000-7f1f90021000 rw-p 00000000 00:00 0 
7f1f90021000-7f1f94000000 ---p 00000000 00:00 0 
7f1f94000000-7f1f94021000 rw-p 00000000 00:00 0 
7f1f94021000-7f1f98000000 ---p 00000000 00:00 0 
7f1f98000000-7f1f98021000 rw-p 00000000 00:00 0 
7f1f98021000-7f1f9c000000 ---p 00000000 00:00 0 
7f1f9c000000-7f1f9c021000 rw-p 00000000 00:00 0 
7f1f9c021000-7f1fa0000000 ---p 00000000 00:00 0 
7f1fa0000000-7f1fa0021000 rw-p 00000000 00:00 0 
7f1fa0021000-7f1fa4000000 ---p 00000000 00:00 0 
7f1fa4000000-7f1fa4021000 rw-p 00000000 00:00 0 
7f1fa4021000-7f1fa8000000 ---p 00000000 00:00 0 
7f1fa8000000-7f1fa8021000 rw-p 00000000 00:00 0 
7f1fa8021000-7f1fac000000 ---p 00000000 00:00 0 
7f1fac000000-7f1fac021000 rw-p 00000000 00:00 0 
7f1fac021000-7f1fb0000000 ---p 00000000 00:00 0 
7f1fb0000000-7f1fb0021000 rw-p 00000000 00:00 0 
7f1fb0021000-7f1fb4000000 ---p 00000000 00:00 0 
7f1fb4000000-7f1fb4021000 rw-p 00000000 00:00 0 
7f1fb4021000-7f1fb8000000 ---p 00000000 00:00 0 
7f1fb8000000-7f1fb8021000 rw-p 00000000 00:00 0 
7f1fb8021000-7f1fbc000000 ---p 00000000 00:00 0 
7f1fbc000000-7f1fbc021000 rw-p 00000000 00:00 0 
7f1fbc021000-7f1fc0000000 ---p 00000000 00:00 0 
7f1fc0000000-7f1fc0021000 rw-p 00000000 00:00 0 
7f1fc0021000-7f1fc4000000 ---p 00000000 00:00 0 
7f1fc4000000-7f1fc4021000 rw-p 00000000 00:00 0 
7f1fc4021000-7f1fc8000000 ---p 00000000 00:00 0 
7f1fc8000000-7f1fc8021000 rw-p 00000000 00:00 0 
7f1fc8021000-7f1fcc000000 ---p 00000000 00:00 0 
7f1fcc000000-7f1fcc021000 rw-p 00000000 00:00 0 
7f1fcc021000-7f1fd0000000 ---p 00000000 00:00 0 
7f1fd0000000-7f1fd0021000 rw-p 00000000 00:00 0 
7f1fd0021000-7f1fd4000000 ---p 00000000 00:00 0 
7f1fd4034000-7f1fd51d1000 rw-p 00000000 00:00 0 
7f1fd51d1000-7f1fd51d2000 ---p 00000000 00:00 0 
7f1fd51d2000-7f1fd52d3000 rw-p 00000000 00:00 0 
7f1fd52d3000-7f1fd52d4000 ---p 00000000 00:00 0 
7f1fd52d4000-7f1fd53d5000 rw-p 00000000 00:00 0 
7f1fd53d5000-7f1fd53d6000 ---p 00000000 00:00 0 
7f1fd53d6000-7f1fd54d7000 rw-p 00000000 00:00 0 
7f1fd54d7000-7f1fd54d8000 ---p 00000000 00:00 0 
7f1fd54d8000-7f1fd55d9000 rw-p 00000000 00:00 0 
7f1fd55d9000-7f1fd55da000 ---p 00000000 00:00 0 
7f1fd55da000-7f1fd56db000 rw-p 00000000 00:00 0 
7f1fd56db000-7f1fd56dc000 ---p 00000000 00:00 0 
7f1fd56dc000-7f1fd5cc8000 rw-p 00000000 00:00 0 
7f1fd5cc8000-7f1fd5cc9000 ---p 00000000 00:00 0 
7f1fd5cc9000-7f1fd5dca000 rw-p 00000000 00:00 0 
7f1fd5dca000-7f1fd5dcb000 ---p 00000000 00:00 0 
7f1fd5dcb000-7f1fd5ecc000 rw-p 00000000 00:00 0 
7f1fd5ecc000-7f1fd5ecd000 ---p 00000000 00:00 0 
7f1fd5ecd000-7f1fd5fce000 rw-p 00000000 00:00 0 
7f1fd5fce000-7f1fd5fcf000 ---p 00000000 00:00 0 
7f1fd5fcf000-7f1fd60d0000 rw-p 00000000 00:00 0 
7f1fd60d0000-7f1fd60d1000 ---p 00000000 00:00 0 
7f1fd60d1000-7f1fd61d2000 rw-p 00000000 00:00 0 
7f1fd61d2000-7f1fd61d3000 ---p 00000000 00:00 0 
7f1fd61d3000-7f1fd62d4000 rw-p 00000000 00:00 0 
7f1fd62d4000-7f1fd62d5000 ---p 00000000 00:00 0 
7f1fd62d5000-7f1fd63d6000 rw-p 00000000 00:00 0 
7f1fd63d6000-7f1fd63d7000 ---p 00000000 00:00 0 
7f1fd63d7000-7f1fd64d8000 rw-p 00000000 00:00 0 
7f1fd64d8000-7f1fd64d9000 ---p 00000000 00:00 0 
7f1fd64d9000-7f1fd65da000 rw-p 00000000 00:00 0 
7f1fd65da000-7f1fd65db000 ---p 00000000 00:00 0 
7f1fd65db000-7f1fd66dc000 rw-p 00000000 00:00 0 
7f1fd66dc000-7f1fd66dd000 ---p 00000000 00:00 0 
7f1fd66dd000-7f1fd67de000 rw-p 00000000 00:00 0 
7f1fd67de000-7f1fd67df000 ---p 00000000 00:00 0 
7f1fd67df000-7f1fd68e0000 rw-p 00000000 00:00 0 
7f1fd68e0000-7f1fd68e1000 ---p 00000000 00:00 0 
7f1fd68e1000-7f1fd69e2000 rw-p 00000000 00:00 0 
7f1fd69e2000-7f1fd69e3000 ---p 00000000 00:00 0 
7f1fd69e3000-7f1fd6ae4000 rw-p 00000000 00:00 0 
7f1fd6ae4000-7f1fd6ae5000 ---p 00000000 00:00 0 
7f1fd6ae5000-7f1fd6be6000 rw-p 00000000 00:00 0 
7f1fd6be6000-7f1fd6be7000 ---p 00000000 00:00 0 
7f1fd6be7000-7f1fd6ce8000 rw-p 00000000 00:00 0 
7f1fd6ce8000-7f1fd6ce9000 ---p 00000000 00:00 0 
7f1fd6ce9000-7f1fd6dea000 rw-p 00000000 00:00 0 
7f1fd6dea000-7f1fd6deb000 ---p 00000000 00:00 0 
7f1fd6deb000-7f1fd6eec000 rw-p 00000000 00:00 0 
7f1fd6eec000-7f1fd6eed000 ---p 00000000 00:00 0 
7f1fd6eed000-7f1fd6fee000 rw-p 00000000 00:00 0 
7f1fd6fee000-7f1fd6fef000 ---p 00000000 00:00 0 
7f1fd6fef000-7f1fd70f0000 rw-p 00000000 00:00 0 
7f1fd70f0000-7f1fd70f1000 ---p 00000000 00:00 0 
7f1fd70f1000-7f1fd8000000 rw-p 00000000 00:00 0 
7f1fd8000000-7f1fd8021000 rw-p 00000000 00:00 0 
7f1fd8021000-7f1fdc000000 ---p 00000000 00:00 0 
7f1fdc000000-7f1fdc021000 rw-p 00000000 00:00 0 
7f1fdc021000-7f1fe0000000 ---p 00000000 00:00 0 
7f1fe0000000-7f1fe0021000 rw-p 00000000 00:00 0 
7f1fe0021000-7f1fe4000000 ---p 00000000 00:00 0 
7f1fe4000000-7f1fe4021000 rw-p 00000000 00:00 0 
7f1fe4021000-7f1fe8000000 ---p 00000000 00:00 0 
7f1fe8000000-7f1fe8021000 rw-p 00000000 00:00 0 
7f1fe8021000-7f1fec000000 ---p 00000000 00:00 0 
7f1fec000000-7f1fec021000 rw-p 00000000 00:00 0 
7f1fec021000-7f1ff0000000 ---p 00000000 00:00 0 
7f1ff0000000-7f1ff0021000 rw-p 00000000 00:00 0 
7f1ff0021000-7f1ff4000000 ---p 00000000 00:00 0 
7f1ff4000000-7f1ff4021000 rw-p 00000000 00:00 0 
7f1ff4021000-7f1ff8000000 ---p 00000000 00:00 0 
7f1ff8000000-7f1ff8021000 rw-p 00000000 00:00 0 
7f1ff8021000-7f1ffc000000 ---p 00000000 00:00 0 
7f1ffc000000-7f1ffc021000 rw-p 00000000 00:00 0 
7f1ffc021000-7f2000000000 ---p 00000000 00:00 0 
7f2000000000-7f2000021000 rw-p 00000000 00:00 0 
7f2000021000-7f2004000000 ---p 00000000 00:00 0 
7f2004000000-7f2004021000 rw-p 00000000 00:00 0 
7f2004021000-7f2008000000 ---p 00000000 00:00 0 
7f2008000000-7f2008021000 rw-p 00000000 00:00 0 
7f2008021000-7f200c000000 ---p 00000000 00:00 0 
7f200c000000-7f200c021000 rw-p 00000000 00:00 0 
7f200c021000-7f2010000000 ---p 00000000 00:00 0 
7f2010000000-7f2010021000 rw-p 00000000 00:00 0 
7f2010021000-7f2014000000 ---p 00000000 00:00 0 
7f2014000000-7f2014021000 rw-p 00000000 00:00 0 
7f2014021000-7f2018000000 ---p 00000000 00:00 0 
7f2018000000-7f2018021000 rw-p 00000000 00:00 0 
7f2018021000-7f201c000000 ---p 00000000 00:00 0 
7f201c000000-7f201c021000 rw-p 00000000 00:00 0 
7f201c021000-7f2020000000 ---p 00000000 00:00 0 
7f2020000000-7f2020021000 rw-p 00000000 00:00 0 
7f2020021000-7f2024000000 ---p 00000000 00:00 0 
7f202402c000-7f2024632000 rw-p 00000000 00:00 0 
7f2024632000-7f2024633000 ---p 00000000 00:00 0 
7f2024633000-7f2024734000 rw-p 00000000 00:00 0 
7f2024734000-7f2024735000 ---p 00000000 00:00 0 
7f2024735000-7f2024836000 rw-p 00000000 00:00 0 
7f2024836000-7f2024837000 ---p 00000000 00:00 0 
7f2024837000-7f2024938000 rw-p 00000000 00:00 0 
7f2024938000-7f2024939000 ---p 00000000 00:00 0 
7f2024939000-7f2024a3a000 rw-p 00000000 00:00 0 
7f2024a3a000-7f2024a3b000 ---p 00000000 00:00 0 
7f2024a3b000-7f2024b3c000 rw-p 00000000 00:00 0 
7f2024b3c000-7f2024b3d000 ---p 00000000 00:00 0 
7f2024b3d000-7f2024c3e000 rw-p 00000000 00:00 0 
7f2024c3e000-7f2024c3f000 ---p 00000000 00:00 0 
7f2024c3f000-7f2024d40000 rw-p 00000000 00:00 0 
7f2024d40000-7f2024d41000 ---p 00000000 00:00 0 
7f2024d41000-7f2024e42000 rw-p 00000000 00:00 0 
7f2024e42000-7f2024e43000 ---p 00000000 00:00 0 
7f2024e43000-7f2024f44000 rw-p 00000000 00:00 0 
7f2024f44000-7f2024f45000 ---p 00000000 00:00 0 
7f2024f45000-7f2025046000 rw-p 00000000 00:00 0 
7f2025046000-7f2025047000 ---p 00000000 00:00 0 
7f2025047000-7f2025148000 rw-p 00000000 00:00 0 
7f2025148000-7f2025149000 ---p 00000000 00:00 0 
7f2025149000-7f202524a000 rw-p 00000000 00:00 0 
7f202524a000-7f202524b000 ---p 00000000 00:00 0 
7f202524b000-7f202534c000 rw-p 00000000 00:00 0 
7f202534c000-7f202534d000 ---p 00000000 00:00 0 
7f202534d000-7f202544e000 rw-p 00000000 00:00 0 
7f202544e000-7f202544f000 ---p 00000000 00:00 0 
7f202544f000-7f2025550000 rw-p 00000000 00:00 0 
7f2025550000-7f2025551000 ---p 00000000 00:00 0 
7f2025551000-7f2025652000 rw-p 00000000 00:00 0 
7f2025652000-7f2025653000 ---p 00000000 00:00 0 
7f2025653000-7f2025754000 rw-p 00000000 00:00 0 
7f2025754000-7f2025755000 ---p 00000000 00:00 0 
7f2025755000-7f2025856000 rw-p 00000000 00:00 0 
7f2025856000-7f2025857000 ---p 00000000 00:00 0 
7f2025857000-7f2025958000 rw-p 00000000 00:00 0 
7f2025958000-7f2025959000 ---p 00000000 00:00 0 
7f2025959000-7f2025a5f000 rw-p 00000000 00:00 0 
7f2025a5f000-7f2025b43000 ---p 00000000 00:00 0 
7f2025b43000-7f2025e13000 rwxp 00000000 00:00 0 
7f2025e13000-7f2026281000 ---p 00000000 00:00 0 
7f2026281000-7f20264f1000 rwxp 00000000 00:00 0 
7f20264f1000-7f202d6e2000 ---p 00000000 00:00 0 
7f202d6e2000-7f202d952000 rwxp 00000000 00:00 0 
7f202d952000-7f2034b43000 ---p 00000000 00:00 0 
7f2034b43000-7f2040000000 r--s 00000000 00:65 77077560                   /root/oracle/jdk-9.0.4/lib/modules
7f2040000000-7f20403f9000 rw-p 00000000 00:00 0 
7f20403f9000-7f2044000000 ---p 00000000 00:00 0 
7f204400f000-7f20440ba000 rw-p 00000000 00:00 0 
7f20440ba000-7f204419e000 ---p 00000000 00:00 0 
7f204419e000-7f20441a4000 rw-p 00000000 00:00 0 
7f20441a4000-7f20441ad000 ---p 00000000 00:00 0 
7f20441ad000-7f20441fd000 rw-p 00000000 00:00 0 
7f20441fd000-7f20443da000 r--s 03e31000 00:65 101727669                  /usr/local/java/jdk1.8.0_301/jre/lib/rt.jar
7f20443da000-7f20443f4000 r-xp 00000000 00:65 77077435                   /root/oracle/jdk-9.0.4/lib/libjimage.so
7f20443f4000-7f20445f3000 ---p 0001a000 00:65 77077435                   /root/oracle/jdk-9.0.4/lib/libjimage.so
7f20445f3000-7f20445f5000 rw-p 00019000 00:65 77077435                   /root/oracle/jdk-9.0.4/lib/libjimage.so
7f20445f5000-7f2044607000 rw-p 00000000 00:00 0 
7f2044607000-7f204460e000 r-xp 00000000 00:65 77083131                   /root/oracle/jdk-9.0.4/lib/libzip.so
7f204460e000-7f204480d000 ---p 00007000 00:65 77083131                   /root/oracle/jdk-9.0.4/lib/libzip.so
7f204480d000-7f204480e000 rw-p 00006000 00:65 77083131                   /root/oracle/jdk-9.0.4/lib/libzip.so
7f204480e000-7f2044811000 r--p 00000000 00:65 165034530                  /usr/lib/x86_64-linux-gnu/libnss_files-2.31.so
7f2044811000-7f2044818000 r-xp 00003000 00:65 165034530                  /usr/lib/x86_64-linux-gnu/libnss_files-2.31.so
7f2044818000-7f204481a000 r--p 0000a000 00:65 165034530                  /usr/lib/x86_64-linux-gnu/libnss_files-2.31.so
7f204481a000-7f204481b000 r--p 0000b000 00:65 165034530                  /usr/lib/x86_64-linux-gnu/libnss_files-2.31.so
7f204481b000-7f204481c000 rw-p 0000c000 00:65 165034530                  /usr/lib/x86_64-linux-gnu/libnss_files-2.31.so
7f204481c000-7f2044822000 rw-p 00000000 00:00 0 
7f204482a000-7f204482b000 rw-p 00000000 00:00 0 
7f204482b000-7f2044856000 r-xp 00000000 00:65 77077470                   /root/oracle/jdk-9.0.4/lib/libjava.so
7f2044856000-7f2044a55000 ---p 0002b000 00:65 77077470                   /root/oracle/jdk-9.0.4/lib/libjava.so
7f2044a55000-7f2044a57000 rw-p 0002a000 00:65 77077470                   /root/oracle/jdk-9.0.4/lib/libjava.so
7f2044a57000-7f2044a64000 r-xp 00000000 00:65 77077494                   /root/oracle/jdk-9.0.4/lib/libverify.so
7f2044a64000-7f2044c63000 ---p 0000d000 00:65 77077494                   /root/oracle/jdk-9.0.4/lib/libverify.so
7f2044c63000-7f2044c65000 rw-p 0000c000 00:65 77077494                   /root/oracle/jdk-9.0.4/lib/libverify.so
7f2044c65000-7f2044c68000 r--p 00000000 00:65 165034636                  /usr/lib/x86_64-linux-gnu/librt-2.31.so
7f2044c68000-7f2044c6c000 r-xp 00003000 00:65 165034636                  /usr/lib/x86_64-linux-gnu/librt-2.31.so
7f2044c6c000-7f2044c6d000 r--p 00007000 00:65 165034636                  /usr/lib/x86_64-linux-gnu/librt-2.31.so
7f2044c6d000-7f2044c6e000 ---p 00008000 00:65 165034636                  /usr/lib/x86_64-linux-gnu/librt-2.31.so
7f2044c6e000-7f2044c6f000 r--p 00008000 00:65 165034636                  /usr/lib/x86_64-linux-gnu/librt-2.31.so
7f2044c6f000-7f2044c70000 rw-p 00009000 00:65 165034636                  /usr/lib/x86_64-linux-gnu/librt-2.31.so
7f2044c70000-7f2044c71000 ---p 00000000 00:00 0 
7f2044c71000-7f2044c72000 rw-p 00000000 00:00 0 
7f2044c72000-7f2044c76000 ---p 00000000 00:00 0 
7f2044c76000-7f2044d71000 rw-p 00000000 00:00 0 
7f2044d71000-7f2044d80000 r--p 00000000 00:65 165034468                  /usr/lib/x86_64-linux-gnu/libm-2.31.so
7f2044d80000-7f2044e27000 r-xp 0000f000 00:65 165034468                  /usr/lib/x86_64-linux-gnu/libm-2.31.so
7f2044e27000-7f2044ebe000 r--p 000b6000 00:65 165034468                  /usr/lib/x86_64-linux-gnu/libm-2.31.so
7f2044ebe000-7f2044ebf000 r--p 0014c000 00:65 165034468                  /usr/lib/x86_64-linux-gnu/libm-2.31.so
7f2044ebf000-7f2044ec0000 rw-p 0014d000 00:65 165034468                  /usr/lib/x86_64-linux-gnu/libm-2.31.so
7f2044ec0000-7f2045ed5000 r-xp 00000000 00:65 77083135                   /root/oracle/jdk-9.0.4/lib/server/libjvm.so
7f2045ed5000-7f20460d4000 ---p 01015000 00:65 77083135                   /root/oracle/jdk-9.0.4/lib/server/libjvm.so
7f20460d4000-7f20461a5000 r--p 01014000 00:65 77083135                   /root/oracle/jdk-9.0.4/lib/server/libjvm.so
7f20461a5000-7f20461dc000 rw-p 010e5000 00:65 77083135                   /root/oracle/jdk-9.0.4/lib/server/libjvm.so
7f20461dc000-7f2046247000 rw-p 00000000 00:00 0 
7f2046247000-7f204626c000 r--p 00000000 00:65 165034165                  /usr/lib/x86_64-linux-gnu/libc-2.31.so
7f204626c000-7f20463e4000 r-xp 00025000 00:65 165034165                  /usr/lib/x86_64-linux-gnu/libc-2.31.so
7f20463e4000-7f204642e000 r--p 0019d000 00:65 165034165                  /usr/lib/x86_64-linux-gnu/libc-2.31.so
7f204642e000-7f204642f000 ---p 001e7000 00:65 165034165                  /usr/lib/x86_64-linux-gnu/libc-2.31.so
7f204642f000-7f2046432000 r--p 001e7000 00:65 165034165                  /usr/lib/x86_64-linux-gnu/libc-2.31.so
7f2046432000-7f2046435000 rw-p 001ea000 00:65 165034165                  /usr/lib/x86_64-linux-gnu/libc-2.31.so
7f2046435000-7f2046439000 rw-p 00000000 00:00 0 
7f2046439000-7f204643a000 r--p 00000000 00:65 165034236                  /usr/lib/x86_64-linux-gnu/libdl-2.31.so
7f204643a000-7f204643c000 r-xp 00001000 00:65 165034236                  /usr/lib/x86_64-linux-gnu/libdl-2.31.so
7f204643c000-7f204643d000 r--p 00003000 00:65 165034236                  /usr/lib/x86_64-linux-gnu/libdl-2.31.so
7f204643d000-7f204643e000 r--p 00003000 00:65 165034236                  /usr/lib/x86_64-linux-gnu/libdl-2.31.so
7f204643e000-7f204643f000 rw-p 00004000 00:65 165034236                  /usr/lib/x86_64-linux-gnu/libdl-2.31.so
7f204643f000-7f204644d000 r-xp 00000000 00:65 77083142                   /root/oracle/jdk-9.0.4/lib/jli/libjli.so
7f204644d000-7f204664d000 ---p 0000e000 00:65 77083142                   /root/oracle/jdk-9.0.4/lib/jli/libjli.so
7f204664d000-7f204664e000 rw-p 0000e000 00:65 77083142                   /root/oracle/jdk-9.0.4/lib/jli/libjli.so
7f204664e000-7f2046655000 r--p 00000000 00:65 165034610                  /usr/lib/x86_64-linux-gnu/libpthread-2.31.so
7f2046655000-7f2046666000 r-xp 00007000 00:65 165034610                  /usr/lib/x86_64-linux-gnu/libpthread-2.31.so
7f2046666000-7f204666b000 r--p 00018000 00:65 165034610                  /usr/lib/x86_64-linux-gnu/libpthread-2.31.so
7f204666b000-7f204666c000 r--p 0001c000 00:65 165034610                  /usr/lib/x86_64-linux-gnu/libpthread-2.31.so
7f204666c000-7f204666d000 rw-p 0001d000 00:65 165034610                  /usr/lib/x86_64-linux-gnu/libpthread-2.31.so
7f204666d000-7f2046671000 rw-p 00000000 00:00 0 
7f2046671000-7f2046673000 r--p 00000000 00:65 165034796                  /usr/lib/x86_64-linux-gnu/libz.so.1.2.11
7f2046673000-7f2046684000 r-xp 00002000 00:65 165034796                  /usr/lib/x86_64-linux-gnu/libz.so.1.2.11
7f2046684000-7f204668a000 r--p 00013000 00:65 165034796                  /usr/lib/x86_64-linux-gnu/libz.so.1.2.11
7f204668a000-7f204668b000 ---p 00019000 00:65 165034796                  /usr/lib/x86_64-linux-gnu/libz.so.1.2.11
7f204668b000-7f204668c000 r--p 00019000 00:65 165034796                  /usr/lib/x86_64-linux-gnu/libz.so.1.2.11
7f204668c000-7f204668d000 rw-p 0001a000 00:65 165034796                  /usr/lib/x86_64-linux-gnu/libz.so.1.2.11
7f204668d000-7f2046695000 rw-s 00000000 00:65 71965686                   /tmp/hsperfdata_root/17334
7f2046695000-7f2046698000 rw-p 00000000 00:00 0 
7f2046698000-7f2046699000 r--p 00000000 00:65 165033992                  /usr/lib/x86_64-linux-gnu/ld-2.31.so
7f2046699000-7f20466bc000 r-xp 00001000 00:65 165033992                  /usr/lib/x86_64-linux-gnu/ld-2.31.so
7f20466bc000-7f20466c4000 r--p 00024000 00:65 165033992                  /usr/lib/x86_64-linux-gnu/ld-2.31.so
7f20466c4000-7f20466c5000 r--p 00000000 00:00 0 
7f20466c5000-7f20466c6000 r--p 0002c000 00:65 165033992                  /usr/lib/x86_64-linux-gnu/ld-2.31.so
7f20466c6000-7f20466c7000 rw-p 0002d000 00:65 165033992                  /usr/lib/x86_64-linux-gnu/ld-2.31.so
7f20466c7000-7f20466c8000 rw-p 00000000 00:00 0 
7ffc8e72c000-7ffc8e74d000 rw-p 00000000 00:00 0                          [stack]
7ffc8e7e9000-7ffc8e7ec000 r--p 00000000 00:00 0                          [vvar]
7ffc8e7ec000-7ffc8e7ed000 r-xp 00000000 00:00 0                          [vdso]
ffffffffff600000-ffffffffff601000 --xp 00000000 00:00 0                  [vsyscall]

VM Arguments:
jvm_args: -Xbootclasspath/a:/usr/local/java/jdk1.8.0_301/jre/lib/rt.jar -Xverify:none 
java_command: org.eclipse.core.runtime.adaptor.EclipseStarter -debug
java_class_path (initial): ./sootOutput/eclipse/
Launcher Type: SUN_STANDARD

Logging:
Log output configuration:
#0: stdout all=warning uptime,level,tags
#1: stderr all=off uptime,level,tags

Environment Variables:
JAVA_HOME=/root/oracle/jdk-9.0.4
JRE_HOME=/root/oracle/jdk-9.0.4
CLASSPATH=.:/root/oracle/jdk-9.0.4/lib:/JVMfuzzing/htm/CFSynthesis/resource/commons-lang3-3.12.0/commons-lang3-3.12.0.jar
PATH=/root/oracle/jdk-9.0.4/bin:/root/.vscode-server/bin/da76f93349a72022ca4670c1b84860304616aaa2/bin/remote-cli:/root/oracle/jdk-9.0.4/bin:/usr/local/sbin:/usr/local/bin:/usr/sbin:/usr/bin:/sbin:/bin:/usr/games:/usr/local/games:/snap/bin
SHELL=/bin/bash

Signal Handlers:
SIGSEGV: [libjvm.so+0xd4d370], sa_mask[0]=11111111011111111101111111111110, sa_flags=SA_RESTART|SA_SIGINFO
SIGBUS: [libjvm.so+0xd4d370], sa_mask[0]=11111111011111111101111111111110, sa_flags=SA_RESTART|SA_SIGINFO
SIGFPE: [libjvm.so+0xd4d370], sa_mask[0]=11111111011111111101111111111110, sa_flags=SA_RESTART|SA_SIGINFO
SIGPIPE: [libjvm.so+0xb64780], sa_mask[0]=11111111011111111101111111111110, sa_flags=SA_RESTART|SA_SIGINFO
SIGXFSZ: [libjvm.so+0xb64780], sa_mask[0]=11111111011111111101111111111110, sa_flags=SA_RESTART|SA_SIGINFO
SIGILL: [libjvm.so+0xd4d370], sa_mask[0]=11111111011111111101111111111110, sa_flags=SA_RESTART|SA_SIGINFO
SIGUSR2: [libjvm.so+0xb64640], sa_mask[0]=00100000000000000000000000000000, sa_flags=SA_RESTART|SA_SIGINFO
SIGHUP: [libjvm.so+0xb64850], sa_mask[0]=11111111011111111101111111111110, sa_flags=SA_RESTART|SA_SIGINFO
SIGINT: [libjvm.so+0xb64850], sa_mask[0]=11111111011111111101111111111110, sa_flags=SA_RESTART|SA_SIGINFO
SIGTERM: [libjvm.so+0xb64850], sa_mask[0]=11111111011111111101111111111110, sa_flags=SA_RESTART|SA_SIGINFO
SIGQUIT: [libjvm.so+0xb64850], sa_mask[0]=11111111011111111101111111111110, sa_flags=SA_RESTART|SA_SIGINFO


---------------  S Y S T E M  ---------------

OS:DISTRIB_ID=Ubuntu
DISTRIB_RELEASE=20.04
DISTRIB_CODENAME=focal
DISTRIB_DESCRIPTION="Ubuntu 20.04.3 LTS"
uname:Linux 5.4.0-124-generic #140~18.04.1-Ubuntu SMP Fri Aug 5 11:43:34 UTC 2022 x86_64
libc:glibc 2.31 NPTL 2.31 
rlimit: STACK 8192k, CORE infinity, NPROC infinity, NOFILE 1048576, AS infinity
load average:37.24 38.17 37.75

/proc/meminfo:
MemTotal:       65549624 kB
MemFree:        11036456 kB
MemAvailable:   37704164 kB
Buffers:         5871524 kB
Cached:          3302468 kB
SwapCached:         8096 kB
Active:         28238364 kB
Inactive:        6107172 kB
Active(anon):   21175560 kB
Inactive(anon):  4017120 kB
Active(file):    7062804 kB
Inactive(file):  2090052 kB
Unevictable:          16 kB
Mlocked:              16 kB
SwapTotal:       2097148 kB
SwapFree:             12 kB
Dirty:             26756 kB
Writeback:             0 kB
AnonPages:      25164064 kB
Mapped:           869352 kB
Shmem:             25624 kB
KReclaimable:   18246776 kB
Slab:           19417712 kB
SReclaimable:   18246776 kB
SUnreclaim:      1170936 kB
KernelStack:       78848 kB
PageTables:       231700 kB
NFS_Unstable:          0 kB
Bounce:                0 kB
WritebackTmp:          0 kB
CommitLimit:    34871960 kB
Committed_AS:   80027420 kB
VmallocTotal:   34359738367 kB
VmallocUsed:      161456 kB
VmallocChunk:          0 kB
Percpu:            32512 kB
HardwareCorrupted:     0 kB
AnonHugePages:         0 kB
ShmemHugePages:        0 kB
ShmemPmdMapped:        0 kB
FileHugePages:         0 kB
FilePmdMapped:         0 kB
CmaTotal:              0 kB
CmaFree:               0 kB
HugePages_Total:       0
HugePages_Free:        0
HugePages_Rsvd:        0
HugePages_Surp:        0
Hugepagesize:       2048 kB
Hugetlb:               0 kB
DirectMap4k:    15497632 kB
DirectMap2M:    51298304 kB
DirectMap1G:           0 kB


CPU:total 28 (initial active 28) (14 cores per cpu, 2 threads per core) family 6 model 85 stepping 4, cmov, cx8, fxsr, mmx, sse, sse2, sse3, ssse3, sse4.1, sse4.2, popcnt, avx, avx2, aes, clmul, erms, rtm, 3dnowpref, lzcnt, ht, tsc, tscinvbit, bmi1, bmi2, adx, fma
CPU Model and flags from /proc/cpuinfo:
model name	: Intel(R) Core(TM) i9-9940X CPU @ 3.30GHz
flags		: fpu vme de pse tsc msr pae mce cx8 apic sep mtrr pge mca cmov pat pse36 clflush dts acpi mmx fxsr sse sse2 ss ht tm pbe syscall nx pdpe1gb rdtscp lm constant_tsc art arch_perfmon pebs bts rep_good nopl xtopology nonstop_tsc cpuid aperfmperf pni pclmulqdq dtes64 monitor ds_cpl vmx est tm2 ssse3 sdbg fma cx16 xtpr pdcm pcid dca sse4_1 sse4_2 x2apic movbe popcnt tsc_deadline_timer aes xsave avx f16c rdrand lahf_lm abm 3dnowprefetch cpuid_fault epb cat_l3 cdp_l3 invpcid_single pti ssbd mba ibrs ibpb stibp tpr_shadow vnmi flexpriority ept vpid ept_ad fsgsbase tsc_adjust bmi1 hle avx2 smep bmi2 erms invpcid rtm cqm mpx rdt_a avx512f avx512dq rdseed adx smap clflushopt clwb intel_pt avx512cd avx512bw avx512vl xsaveopt xsavec xgetbv1 xsaves cqm_llc cqm_occup_llc cqm_mbm_total cqm_mbm_local dtherm ida arat pln pts hwp hwp_act_window hwp_epp hwp_pkg_req md_clear flush_l1d arch_capabilities

Memory: 4k page, physical 65549624k(11036456k free), swap 2097148k(12k free)

vm_info: Java HotSpot(TM) 64-Bit Server VM (9.0.4+11) for linux-amd64 JRE (9.0.4+11), built on Dec 19 2017 18:12:19 by "mach5one" with gcc 4.9.2

END.
