#
# A fatal error has been detected by the Java Runtime Environment:
#
#  SIGSEGV (0xb) at pc=0x00007f0419a4eb2c, pid=30685, tid=30750
#
# JRE version: Java(TM) SE Runtime Environment (9.0+11) (build 9.0.4+11)
# Java VM: Java HotSpot(TM) 64-Bit Server VM (9.0.4+11, mixed mode, tiered, compressed oops, g1 gc, linux-amd64)
# Problematic frame:
# V  [libjvm.so+0x48eb2c]  Canonicalizer::do_If(If*)+0x1c
#
# Core dump will be written. Default location: Core dumps may be processed with "/usr/share/apport/apport -p%p -s%s -c%c -d%d -P%P -u%u -g%g -- %E" (or dumping to /JVMfuzzing/zjy/classming/Fuzzing-Testing-of-JVM-Implementations/core.30685)
#
# If you would like to submit a bug report, please visit:
#   http://bugreport.java.com/bugreport/crash.jsp
#

---------------  S U M M A R Y ------------

Command Line: -Xbootclasspath/a:/usr/local/java/jdk1.8.0_301/jre/lib/rt.jar -Xverify:none org.eclipse.core.runtime.adaptor.EclipseStarter -debug

Host: Intel(R) Core(TM) i9-9940X CPU @ 3.30GHz, 28 cores, 62G, Ubuntu 20.04.3 LTS
Time: Thu Nov  3 09:01:45 2022 UTC elapsed time: 0 seconds (0d 0h 0m 0s)

---------------  T H R E A D  ---------------

Current thread (0x00007f04142bd800):  JavaThread "C1 CompilerThread9" daemon [_thread_in_native, id=30750, stack(0x00007f0311c6e000,0x00007f0311d6f000)]


Current CompileTask:
C1:    590  249 %     3       org.eclipse.core.runtime.adaptor.EclipseStarter::main @ 535 (1531 bytes)

Stack: [0x00007f0311c6e000,0x00007f0311d6f000],  sp=0x00007f0311d6d0c0,  free space=1020k
Native frames: (J=compiled Java code, A=aot compiled Java code, j=interpreted, Vv=VM code, C=native code)
V  [libjvm.so+0x48eb2c]  Canonicalizer::do_If(If*)+0x1c
V  [libjvm.so+0x4a0452]  GraphBuilder::append_with_bci(Instruction*, int)+0x42
V  [libjvm.so+0x4a3526]  GraphBuilder::if_node(Instruction*, Instruction::Condition, Instruction*, ValueStack*)+0x2a6
V  [libjvm.so+0x4b1873]  GraphBuilder::iterate_bytecodes_for_block(int)+0x1e83
V  [libjvm.so+0x4b1ad5]  GraphBuilder::iterate_all_blocks(bool)+0x85
V  [libjvm.so+0x4b1ec9]  GraphBuilder::GraphBuilder(Compilation*, IRScope*)+0x389
V  [libjvm.so+0x4b70a8]  IR::IR(Compilation*, ciMethod*, int)+0x1e8
V  [libjvm.so+0x497832]  Compilation::build_hir() [clone .part.93]+0x162
V  [libjvm.so+0x499633]  Compilation::compile_java_method()+0x3c3
V  [libjvm.so+0x4997af]  Compilation::compile_method()+0x12f
V  [libjvm.so+0x499c31]  Compilation::Compilation(AbstractCompiler*, ciEnv*, ciMethod*, int, BufferBlob*, DirectiveSet*)+0x271
V  [libjvm.so+0x49ac1e]  Compiler::compile_method(ciEnv*, ciMethod*, int, DirectiveSet*)+0xae
V  [libjvm.so+0x6125ac]  CompileBroker::invoke_compiler_on_method(CompileTask*)+0x41c
V  [libjvm.so+0x61344b]  CompileBroker::compiler_thread_loop()+0x28b
V  [libjvm.so+0xcef338]  JavaThread::thread_main_inner()+0xd8
V  [libjvm.so+0xb6e132]  thread_native_entry(Thread*)+0xf2
C  [libpthread.so.0+0x9609]  start_thread+0xd9


siginfo: si_signo: 11 (SIGSEGV), si_code: 1 (SEGV_MAPERR), si_addr: 0x0000000000000018

Register to memory mapping:

RAX=0x0000000000000000 is an unknown value
RBX=0x00007f02f400cb40 is an unknown value
RCX=0x00007f0311d6d800 is pointing into the stack for thread: 0x00007f04142bd800
RDX=0x00007f02f400cb40 is an unknown value
RSP=0x00007f0311d6d0c0 is pointing into the stack for thread: 0x00007f04142bd800
RBP=0x00007f0311d6d130 is pointing into the stack for thread: 0x00007f04142bd800
RSI=0x00007f02f400cb40 is an unknown value
RDI=0x00007f0311d6d160 is pointing into the stack for thread: 0x00007f04142bd800
R8 =0x00007f02f400c840 is an unknown value
R9 =0x0000000000000037 is an unknown value
R10=0x0000000000000100 is an unknown value
R11=0x0000000000000000 is an unknown value
R12=0x00007f02f400cbe0 is an unknown value
R13=0x00007f0311d6d460 is pointing into the stack for thread: 0x00007f04142bd800
R14=0x00007f02f400cb40 is an unknown value
R15=0x00007f02f400cbe0 is an unknown value


Registers:
RAX=0x0000000000000000, RBX=0x00007f02f400cb40, RCX=0x00007f0311d6d800, RDX=0x00007f02f400cb40
RSP=0x00007f0311d6d0c0, RBP=0x00007f0311d6d130, RSI=0x00007f02f400cb40, RDI=0x00007f0311d6d160
R8 =0x00007f02f400c840, R9 =0x0000000000000037, R10=0x0000000000000100, R11=0x0000000000000000
R12=0x00007f02f400cbe0, R13=0x00007f0311d6d460, R14=0x00007f02f400cb40, R15=0x00007f02f400cbe0
RIP=0x00007f0419a4eb2c, EFLAGS=0x0000000000010206, CSGSFS=0x002b000000000033, ERR=0x0000000000000004
  TRAPNO=0x000000000000000e

Top of Stack: (sp=0x00007f0311d6d0c0)
0x00007f0311d6d0c0:   00007f0311d6d140 00007f04199c47a1
0x00007f0311d6d0d0:   00007f02fc093130 0000000000000000
0x00007f0311d6d0e0:   00007f0311d6d110 00007f0419a7b598
0x00007f0311d6d0f0:   00007f02e006a8b0 00007f0311d6d160 

Instructions: (pc=0x00007f0419a4eb2c)
0x00007f0419a4eb0c:   ff 90 66 90 55 48 89 e5 41 57 41 56 41 55 41 54
0x00007f0419a4eb1c:   53 48 89 f3 48 83 ec 48 48 8b 46 70 48 89 7d c8
0x00007f0419a4eb2c:   48 8b 78 18 48 8b 07 ff 50 18 84 c0 0f 85 a2 00
0x00007f0419a4eb3c:   00 00 4c 8b 63 70 48 8b 83 80 00 00 00 49 39 c4 


---------------  P R O C E S S  ---------------

Java Threads: ( => current thread )
  0x00007f0414370800 JavaThread "Service Thread" daemon [_thread_blocked, id=30755, stack(0x00007f0311310000,0x00007f0311411000)]
  0x00007f04142d2000 JavaThread "Common-Cleaner" daemon [_thread_blocked, id=30754, stack(0x00007f0311411000,0x00007f0311512000)]
  0x00007f04142c3000 JavaThread "Sweeper thread" daemon [_thread_blocked, id=30753, stack(0x00007f031196b000,0x00007f0311a6c000)]
  0x00007f04142c1800 JavaThread "C1 CompilerThread11" daemon [_thread_blocked, id=30752, stack(0x00007f0311a6c000,0x00007f0311b6d000)]
  0x00007f04142bf800 JavaThread "C1 CompilerThread10" daemon [_thread_blocked, id=30751, stack(0x00007f0311b6d000,0x00007f0311c6e000)]
=>0x00007f04142bd800 JavaThread "C1 CompilerThread9" daemon [_thread_in_native, id=30750, stack(0x00007f0311c6e000,0x00007f0311d6f000)]
  0x00007f04142bb800 JavaThread "C1 CompilerThread8" daemon [_thread_blocked, id=30749, stack(0x00007f0311d6f000,0x00007f0311e70000)]
  0x00007f04142ba000 JavaThread "C2 CompilerThread7" daemon [_thread_blocked, id=30748, stack(0x00007f0311e70000,0x00007f0311f71000)]
  0x00007f04142b8000 JavaThread "C2 CompilerThread6" daemon [_thread_blocked, id=30747, stack(0x00007f0311f71000,0x00007f0312072000)]
  0x00007f04142b6000 JavaThread "C2 CompilerThread5" daemon [_thread_blocked, id=30746, stack(0x00007f0312072000,0x00007f0312173000)]
  0x00007f04142b4800 JavaThread "C2 CompilerThread4" daemon [_thread_blocked, id=30745, stack(0x00007f0312173000,0x00007f0312274000)]
  0x00007f04142b2800 JavaThread "C2 CompilerThread3" daemon [_thread_blocked, id=30744, stack(0x00007f0312274000,0x00007f0312375000)]
  0x00007f04142b1000 JavaThread "C2 CompilerThread2" daemon [_thread_blocked, id=30743, stack(0x00007f0312375000,0x00007f0312476000)]
  0x00007f04142af000 JavaThread "C2 CompilerThread1" daemon [_thread_blocked, id=30742, stack(0x00007f0312476000,0x00007f0312577000)]
  0x00007f04142ad000 JavaThread "C2 CompilerThread0" daemon [_thread_blocked, id=30741, stack(0x00007f0312577000,0x00007f0312678000)]
  0x00007f04142ab000 JavaThread "Signal Dispatcher" daemon [_thread_blocked, id=30740, stack(0x00007f0312678000,0x00007f0312779000)]
  0x00007f0414291000 JavaThread "Finalizer" daemon [_thread_blocked, id=30739, stack(0x00007f0312779000,0x00007f031287a000)]
  0x00007f0414288800 JavaThread "Reference Handler" daemon [_thread_blocked, id=30738, stack(0x00007f031287a000,0x00007f031297b000)]
  0x00007f0414011800 JavaThread "main" [_thread_in_vm, id=30687, stack(0x00007f0419372000,0x00007f0419471000)]

Other Threads:
  0x00007f0414281000 VMThread "VM Thread" [stack: 0x00007f031297d000,0x00007f0312a7d000] [id=30737]
  0x00007f0414373800 WatcherThread [stack: 0x00007f0311210000,0x00007f0311310000] [id=30756]
  0x00007f0414034000 GCTaskThread "GC Thread#0" [stack: 0x00007f04185cc000,0x00007f04186cc000] [id=30688]
  0x00007f0414035800 GCTaskThread "GC Thread#1" [stack: 0x00007f04184ca000,0x00007f04185ca000] [id=30689]
  0x00007f0414037000 GCTaskThread "GC Thread#2" [stack: 0x00007f04183c8000,0x00007f04184c8000] [id=30690]
  0x00007f0414039000 GCTaskThread "GC Thread#3" [stack: 0x00007f04182c6000,0x00007f04183c6000] [id=30691]
  0x00007f041403a800 GCTaskThread "GC Thread#4" [stack: 0x00007f04181c4000,0x00007f04182c4000] [id=30692]
  0x00007f041403c800 GCTaskThread "GC Thread#5" [stack: 0x00007f04180c2000,0x00007f04181c2000] [id=30693]
  0x00007f041403e000 GCTaskThread "GC Thread#6" [stack: 0x00007f03f9a43000,0x00007f03f9b43000] [id=30694]
  0x00007f041403f800 GCTaskThread "GC Thread#7" [stack: 0x00007f03f9941000,0x00007f03f9a41000] [id=30695]
  0x00007f0414041800 GCTaskThread "GC Thread#8" [stack: 0x00007f03f983f000,0x00007f03f993f000] [id=30696]
  0x00007f0414043000 GCTaskThread "GC Thread#9" [stack: 0x00007f03f973d000,0x00007f03f983d000] [id=30697]
  0x00007f0414045000 GCTaskThread "GC Thread#10" [stack: 0x00007f03f963b000,0x00007f03f973b000] [id=30698]
  0x00007f0414046800 GCTaskThread "GC Thread#11" [stack: 0x00007f03f9539000,0x00007f03f9639000] [id=30699]
  0x00007f0414048800 GCTaskThread "GC Thread#12" [stack: 0x00007f03f9437000,0x00007f03f9537000] [id=30700]
  0x00007f041404a000 GCTaskThread "GC Thread#13" [stack: 0x00007f03f9335000,0x00007f03f9435000] [id=30701]
  0x00007f041404c000 GCTaskThread "GC Thread#14" [stack: 0x00007f03f9233000,0x00007f03f9333000] [id=30702]
  0x00007f041404d800 GCTaskThread "GC Thread#15" [stack: 0x00007f03f9131000,0x00007f03f9231000] [id=30703]
  0x00007f041404f800 GCTaskThread "GC Thread#16" [stack: 0x00007f03f902f000,0x00007f03f912f000] [id=30704]
  0x00007f0414051000 GCTaskThread "GC Thread#17" [stack: 0x00007f03f8f2d000,0x00007f03f902d000] [id=30705]
  0x00007f0414052800 GCTaskThread "GC Thread#18" [stack: 0x00007f03f8e2b000,0x00007f03f8f2b000] [id=30706]
  0x00007f0414054800 GCTaskThread "GC Thread#19" [stack: 0x00007f03f8d29000,0x00007f03f8e29000] [id=30707]
  0x00007f041409f800 ConcurrentGCThread "G1 Main Marker" [stack: 0x00007f03a828b000,0x00007f03a838b000] [id=30729]
  0x00007f04140a1000 ConcurrentGCThread "G1 Marker#0" [stack: 0x00007f03a8189000,0x00007f03a8289000] [id=30730]
  0x00007f04140a3000 ConcurrentGCThread "G1 Marker#1" [stack: 0x00007f03a8087000,0x00007f03a8187000] [id=30731]
  0x00007f04140a4800 ConcurrentGCThread "G1 Marker#2" [stack: 0x00007f032a931000,0x00007f032aa31000] [id=30732]
  0x00007f04140a6800 ConcurrentGCThread "G1 Marker#3" [stack: 0x00007f032a82f000,0x00007f032a92f000] [id=30733]
  0x00007f04140a8000 ConcurrentGCThread "G1 Marker#4" [stack: 0x00007f032a72d000,0x00007f032a82d000] [id=30735]
  0x00007f0414079000 ConcurrentGCThread "G1 Refine#0" [stack: 0x00007f03aa4d3000,0x00007f03aa5d3000] [id=30727]
  0x00007f0414077000 ConcurrentGCThread "G1 Refine#1" [stack: 0x00007f03aa5d5000,0x00007f03aa6d5000] [id=30726]
  0x00007f0414075000 ConcurrentGCThread "G1 Refine#2" [stack: 0x00007f03aa6d7000,0x00007f03aa7d7000] [id=30725]
  0x00007f0414073800 ConcurrentGCThread "G1 Refine#3" [stack: 0x00007f03aa7d9000,0x00007f03aa8d9000] [id=30724]
  0x00007f0414071800 ConcurrentGCThread "G1 Refine#4" [stack: 0x00007f03aa8db000,0x00007f03aa9db000] [id=30723]
  0x00007f0414070000 ConcurrentGCThread "G1 Refine#5" [stack: 0x00007f03aa9dd000,0x00007f03aaadd000] [id=30722]
  0x00007f041406e000 ConcurrentGCThread "G1 Refine#6" [stack: 0x00007f03aaadf000,0x00007f03aabdf000] [id=30721]
  0x00007f041406c800 ConcurrentGCThread "G1 Refine#7" [stack: 0x00007f03aabe1000,0x00007f03aace1000] [id=30720]
  0x00007f041406a800 ConcurrentGCThread "G1 Refine#8" [stack: 0x00007f03aace3000,0x00007f03aade3000] [id=30719]
  0x00007f0414069000 ConcurrentGCThread "G1 Refine#9" [stack: 0x00007f03aade5000,0x00007f03aaee5000] [id=30718]
  0x00007f0414067000 ConcurrentGCThread "G1 Refine#10" [stack: 0x00007f03aaee7000,0x00007f03aafe7000] [id=30717]
  0x00007f0414065000 ConcurrentGCThread "G1 Refine#11" [stack: 0x00007f03aafe9000,0x00007f03ab0e9000] [id=30716]
  0x00007f0414063800 ConcurrentGCThread "G1 Refine#12" [stack: 0x00007f03ab0eb000,0x00007f03ab1eb000] [id=30715]
  0x00007f0414061800 ConcurrentGCThread "G1 Refine#13" [stack: 0x00007f03ab1ed000,0x00007f03ab2ed000] [id=30714]
  0x00007f0414060000 ConcurrentGCThread "G1 Refine#14" [stack: 0x00007f03ab2ef000,0x00007f03ab3ef000] [id=30713]
  0x00007f041405e000 ConcurrentGCThread "G1 Refine#15" [stack: 0x00007f03ab3f1000,0x00007f03ab4f1000] [id=30712]
  0x00007f041405c800 ConcurrentGCThread "G1 Refine#16" [stack: 0x00007f03ab4f3000,0x00007f03ab5f3000] [id=30711]
  0x00007f041405a800 ConcurrentGCThread "G1 Refine#17" [stack: 0x00007f03ab5f5000,0x00007f03ab6f5000] [id=30710]
  0x00007f0414059000 ConcurrentGCThread "G1 Refine#18" [stack: 0x00007f03ab6f7000,0x00007f03ab7f7000] [id=30709]
  0x00007f0414057000 ConcurrentGCThread "G1 Refine#19" [stack: 0x00007f03ab7f9000,0x00007f03ab8f9000] [id=30708]
  0x00007f041407a800 ConcurrentGCThread "G1 Young RemSet Sampling" [stack: 0x00007f03aa3d1000,0x00007f03aa4d1000] [id=30728]

Threads with active compile tasks:
C1 CompilerThread9 249 %     3       org.eclipse.core.runtime.adaptor.EclipseStarter::main @ 535 (1531 bytes)

VM state:not at safepoint (normal execution)

VM Mutex/Monitor currently owned by a thread: None

Heap address: 0x00000003d7c00000, size: 16004 MB, Compressed Oops mode: Zero based, Oop shift amount: 3
Narrow klass base: 0x0000000000000000, Narrow klass shift: 3
Compressed class space size: 1073741824 Address: 0x00000007c0000000

Heap:
 garbage-first heap   total 1028096K, used 8192K [0x00000003d7c00000, 0x00000003d80007d8, 0x00000007c0000000)
  region size 4096K, 3 young (12288K), 0 survivors (0K)
 Metaspace       used 4295K, capacity 4616K, committed 4864K, reserved 1056768K
  class space    used 356K, capacity 388K, committed 512K, reserved 1048576K
Heap Regions: E=young(eden), S=young(survivor), O=old, HS=humongous(starts), HC=humongous(continues), CS=collection set, F=free, A=archive, TS=gc time stamp, AC=allocation context, TAMS=top-at-mark-start (previous, next)
|   0|0x00000003d7c00000, 0x00000003d7c00000, 0x00000003d8000000|  0%| F|  |TS  0|AC  0|TAMS 0x00000003d7c00000, 0x00000003d7c00000|
|   1|0x00000003d8000000, 0x00000003d8000000, 0x00000003d8400000|  0%| F|  |TS  0|AC  0|TAMS 0x00000003d8000000, 0x00000003d8000000|
|   2|0x00000003d8400000, 0x00000003d8400000, 0x00000003d8800000|  0%| F|  |TS  0|AC  0|TAMS 0x00000003d8400000, 0x00000003d8400000|
|   3|0x00000003d8800000, 0x00000003d8800000, 0x00000003d8c00000|  0%| F|  |TS  0|AC  0|TAMS 0x00000003d8800000, 0x00000003d8800000|
|   4|0x00000003d8c00000, 0x00000003d8c00000, 0x00000003d9000000|  0%| F|  |TS  0|AC  0|TAMS 0x00000003d8c00000, 0x00000003d8c00000|
|   5|0x00000003d9000000, 0x00000003d9000000, 0x00000003d9400000|  0%| F|  |TS  0|AC  0|TAMS 0x00000003d9000000, 0x00000003d9000000|
|   6|0x00000003d9400000, 0x00000003d9400000, 0x00000003d9800000|  0%| F|  |TS  0|AC  0|TAMS 0x00000003d9400000, 0x00000003d9400000|
|   7|0x00000003d9800000, 0x00000003d9800000, 0x00000003d9c00000|  0%| F|  |TS  0|AC  0|TAMS 0x00000003d9800000, 0x00000003d9800000|
|   8|0x00000003d9c00000, 0x00000003d9c00000, 0x00000003da000000|  0%| F|  |TS  0|AC  0|TAMS 0x00000003d9c00000, 0x00000003d9c00000|
|   9|0x00000003da000000, 0x00000003da000000, 0x00000003da400000|  0%| F|  |TS  0|AC  0|TAMS 0x00000003da000000, 0x00000003da000000|
|  10|0x00000003da400000, 0x00000003da400000, 0x00000003da800000|  0%| F|  |TS  0|AC  0|TAMS 0x00000003da400000, 0x00000003da400000|
|  11|0x00000003da800000, 0x00000003da800000, 0x00000003dac00000|  0%| F|  |TS  0|AC  0|TAMS 0x00000003da800000, 0x00000003da800000|
|  12|0x00000003dac00000, 0x00000003dac00000, 0x00000003db000000|  0%| F|  |TS  0|AC  0|TAMS 0x00000003dac00000, 0x00000003dac00000|
|  13|0x00000003db000000, 0x00000003db000000, 0x00000003db400000|  0%| F|  |TS  0|AC  0|TAMS 0x00000003db000000, 0x00000003db000000|
|  14|0x00000003db400000, 0x00000003db400000, 0x00000003db800000|  0%| F|  |TS  0|AC  0|TAMS 0x00000003db400000, 0x00000003db400000|
|  15|0x00000003db800000, 0x00000003db800000, 0x00000003dbc00000|  0%| F|  |TS  0|AC  0|TAMS 0x00000003db800000, 0x00000003db800000|
|  16|0x00000003dbc00000, 0x00000003dbc00000, 0x00000003dc000000|  0%| F|  |TS  0|AC  0|TAMS 0x00000003dbc00000, 0x00000003dbc00000|
|  17|0x00000003dc000000, 0x00000003dc000000, 0x00000003dc400000|  0%| F|  |TS  0|AC  0|TAMS 0x00000003dc000000, 0x00000003dc000000|
|  18|0x00000003dc400000, 0x00000003dc400000, 0x00000003dc800000|  0%| F|  |TS  0|AC  0|TAMS 0x00000003dc400000, 0x00000003dc400000|
|  19|0x00000003dc800000, 0x00000003dc800000, 0x00000003dcc00000|  0%| F|  |TS  0|AC  0|TAMS 0x00000003dc800000, 0x00000003dc800000|
|  20|0x00000003dcc00000, 0x00000003dcc00000, 0x00000003dd000000|  0%| F|  |TS  0|AC  0|TAMS 0x00000003dcc00000, 0x00000003dcc00000|
|  21|0x00000003dd000000, 0x00000003dd000000, 0x00000003dd400000|  0%| F|  |TS  0|AC  0|TAMS 0x00000003dd000000, 0x00000003dd000000|
|  22|0x00000003dd400000, 0x00000003dd400000, 0x00000003dd800000|  0%| F|  |TS  0|AC  0|TAMS 0x00000003dd400000, 0x00000003dd400000|
|  23|0x00000003dd800000, 0x00000003dd800000, 0x00000003ddc00000|  0%| F|  |TS  0|AC  0|TAMS 0x00000003dd800000, 0x00000003dd800000|
|  24|0x00000003ddc00000, 0x00000003ddc00000, 0x00000003de000000|  0%| F|  |TS  0|AC  0|TAMS 0x00000003ddc00000, 0x00000003ddc00000|
|  25|0x00000003de000000, 0x00000003de000000, 0x00000003de400000|  0%| F|  |TS  0|AC  0|TAMS 0x00000003de000000, 0x00000003de000000|
|  26|0x00000003de400000, 0x00000003de400000, 0x00000003de800000|  0%| F|  |TS  0|AC  0|TAMS 0x00000003de400000, 0x00000003de400000|
|  27|0x00000003de800000, 0x00000003de800000, 0x00000003dec00000|  0%| F|  |TS  0|AC  0|TAMS 0x00000003de800000, 0x00000003de800000|
|  28|0x00000003dec00000, 0x00000003dec00000, 0x00000003df000000|  0%| F|  |TS  0|AC  0|TAMS 0x00000003dec00000, 0x00000003dec00000|
|  29|0x00000003df000000, 0x00000003df000000, 0x00000003df400000|  0%| F|  |TS  0|AC  0|TAMS 0x00000003df000000, 0x00000003df000000|
|  30|0x00000003df400000, 0x00000003df400000, 0x00000003df800000|  0%| F|  |TS  0|AC  0|TAMS 0x00000003df400000, 0x00000003df400000|
|  31|0x00000003df800000, 0x00000003df800000, 0x00000003dfc00000|  0%| F|  |TS  0|AC  0|TAMS 0x00000003df800000, 0x00000003df800000|
|  32|0x00000003dfc00000, 0x00000003dfc00000, 0x00000003e0000000|  0%| F|  |TS  0|AC  0|TAMS 0x00000003dfc00000, 0x00000003dfc00000|
|  33|0x00000003e0000000, 0x00000003e0000000, 0x00000003e0400000|  0%| F|  |TS  0|AC  0|TAMS 0x00000003e0000000, 0x00000003e0000000|
|  34|0x00000003e0400000, 0x00000003e0400000, 0x00000003e0800000|  0%| F|  |TS  0|AC  0|TAMS 0x00000003e0400000, 0x00000003e0400000|
|  35|0x00000003e0800000, 0x00000003e0800000, 0x00000003e0c00000|  0%| F|  |TS  0|AC  0|TAMS 0x00000003e0800000, 0x00000003e0800000|
|  36|0x00000003e0c00000, 0x00000003e0c00000, 0x00000003e1000000|  0%| F|  |TS  0|AC  0|TAMS 0x00000003e0c00000, 0x00000003e0c00000|
|  37|0x00000003e1000000, 0x00000003e1000000, 0x00000003e1400000|  0%| F|  |TS  0|AC  0|TAMS 0x00000003e1000000, 0x00000003e1000000|
|  38|0x00000003e1400000, 0x00000003e1400000, 0x00000003e1800000|  0%| F|  |TS  0|AC  0|TAMS 0x00000003e1400000, 0x00000003e1400000|
|  39|0x00000003e1800000, 0x00000003e1800000, 0x00000003e1c00000|  0%| F|  |TS  0|AC  0|TAMS 0x00000003e1800000, 0x00000003e1800000|
|  40|0x00000003e1c00000, 0x00000003e1c00000, 0x00000003e2000000|  0%| F|  |TS  0|AC  0|TAMS 0x00000003e1c00000, 0x00000003e1c00000|
|  41|0x00000003e2000000, 0x00000003e2000000, 0x00000003e2400000|  0%| F|  |TS  0|AC  0|TAMS 0x00000003e2000000, 0x00000003e2000000|
|  42|0x00000003e2400000, 0x00000003e2400000, 0x00000003e2800000|  0%| F|  |TS  0|AC  0|TAMS 0x00000003e2400000, 0x00000003e2400000|
|  43|0x00000003e2800000, 0x00000003e2800000, 0x00000003e2c00000|  0%| F|  |TS  0|AC  0|TAMS 0x00000003e2800000, 0x00000003e2800000|
|  44|0x00000003e2c00000, 0x00000003e2c00000, 0x00000003e3000000|  0%| F|  |TS  0|AC  0|TAMS 0x00000003e2c00000, 0x00000003e2c00000|
|  45|0x00000003e3000000, 0x00000003e3000000, 0x00000003e3400000|  0%| F|  |TS  0|AC  0|TAMS 0x00000003e3000000, 0x00000003e3000000|
|  46|0x00000003e3400000, 0x00000003e3400000, 0x00000003e3800000|  0%| F|  |TS  0|AC  0|TAMS 0x00000003e3400000, 0x00000003e3400000|
|  47|0x00000003e3800000, 0x00000003e3800000, 0x00000003e3c00000|  0%| F|  |TS  0|AC  0|TAMS 0x00000003e3800000, 0x00000003e3800000|
|  48|0x00000003e3c00000, 0x00000003e3c00000, 0x00000003e4000000|  0%| F|  |TS  0|AC  0|TAMS 0x00000003e3c00000, 0x00000003e3c00000|
|  49|0x00000003e4000000, 0x00000003e4000000, 0x00000003e4400000|  0%| F|  |TS  0|AC  0|TAMS 0x00000003e4000000, 0x00000003e4000000|
|  50|0x00000003e4400000, 0x00000003e4400000, 0x00000003e4800000|  0%| F|  |TS  0|AC  0|TAMS 0x00000003e4400000, 0x00000003e4400000|
|  51|0x00000003e4800000, 0x00000003e4800000, 0x00000003e4c00000|  0%| F|  |TS  0|AC  0|TAMS 0x00000003e4800000, 0x00000003e4800000|
|  52|0x00000003e4c00000, 0x00000003e4c00000, 0x00000003e5000000|  0%| F|  |TS  0|AC  0|TAMS 0x00000003e4c00000, 0x00000003e4c00000|
|  53|0x00000003e5000000, 0x00000003e5000000, 0x00000003e5400000|  0%| F|  |TS  0|AC  0|TAMS 0x00000003e5000000, 0x00000003e5000000|
|  54|0x00000003e5400000, 0x00000003e5400000, 0x00000003e5800000|  0%| F|  |TS  0|AC  0|TAMS 0x00000003e5400000, 0x00000003e5400000|
|  55|0x00000003e5800000, 0x00000003e5800000, 0x00000003e5c00000|  0%| F|  |TS  0|AC  0|TAMS 0x00000003e5800000, 0x00000003e5800000|
|  56|0x00000003e5c00000, 0x00000003e5c00000, 0x00000003e6000000|  0%| F|  |TS  0|AC  0|TAMS 0x00000003e5c00000, 0x00000003e5c00000|
|  57|0x00000003e6000000, 0x00000003e6000000, 0x00000003e6400000|  0%| F|  |TS  0|AC  0|TAMS 0x00000003e6000000, 0x00000003e6000000|
|  58|0x00000003e6400000, 0x00000003e6400000, 0x00000003e6800000|  0%| F|  |TS  0|AC  0|TAMS 0x00000003e6400000, 0x00000003e6400000|
|  59|0x00000003e6800000, 0x00000003e6800000, 0x00000003e6c00000|  0%| F|  |TS  0|AC  0|TAMS 0x00000003e6800000, 0x00000003e6800000|
|  60|0x00000003e6c00000, 0x00000003e6c00000, 0x00000003e7000000|  0%| F|  |TS  0|AC  0|TAMS 0x00000003e6c00000, 0x00000003e6c00000|
|  61|0x00000003e7000000, 0x00000003e7000000, 0x00000003e7400000|  0%| F|  |TS  0|AC  0|TAMS 0x00000003e7000000, 0x00000003e7000000|
|  62|0x00000003e7400000, 0x00000003e7400000, 0x00000003e7800000|  0%| F|  |TS  0|AC  0|TAMS 0x00000003e7400000, 0x00000003e7400000|
|  63|0x00000003e7800000, 0x00000003e7800000, 0x00000003e7c00000|  0%| F|  |TS  0|AC  0|TAMS 0x00000003e7800000, 0x00000003e7800000|
|  64|0x00000003e7c00000, 0x00000003e7c00000, 0x00000003e8000000|  0%| F|  |TS  0|AC  0|TAMS 0x00000003e7c00000, 0x00000003e7c00000|
|  65|0x00000003e8000000, 0x00000003e8000000, 0x00000003e8400000|  0%| F|  |TS  0|AC  0|TAMS 0x00000003e8000000, 0x00000003e8000000|
|  66|0x00000003e8400000, 0x00000003e8400000, 0x00000003e8800000|  0%| F|  |TS  0|AC  0|TAMS 0x00000003e8400000, 0x00000003e8400000|
|  67|0x00000003e8800000, 0x00000003e8800000, 0x00000003e8c00000|  0%| F|  |TS  0|AC  0|TAMS 0x00000003e8800000, 0x00000003e8800000|
|  68|0x00000003e8c00000, 0x00000003e8c00000, 0x00000003e9000000|  0%| F|  |TS  0|AC  0|TAMS 0x00000003e8c00000, 0x00000003e8c00000|
|  69|0x00000003e9000000, 0x00000003e9000000, 0x00000003e9400000|  0%| F|  |TS  0|AC  0|TAMS 0x00000003e9000000, 0x00000003e9000000|
|  70|0x00000003e9400000, 0x00000003e9400000, 0x00000003e9800000|  0%| F|  |TS  0|AC  0|TAMS 0x00000003e9400000, 0x00000003e9400000|
|  71|0x00000003e9800000, 0x00000003e9800000, 0x00000003e9c00000|  0%| F|  |TS  0|AC  0|TAMS 0x00000003e9800000, 0x00000003e9800000|
|  72|0x00000003e9c00000, 0x00000003e9c00000, 0x00000003ea000000|  0%| F|  |TS  0|AC  0|TAMS 0x00000003e9c00000, 0x00000003e9c00000|
|  73|0x00000003ea000000, 0x00000003ea000000, 0x00000003ea400000|  0%| F|  |TS  0|AC  0|TAMS 0x00000003ea000000, 0x00000003ea000000|
|  74|0x00000003ea400000, 0x00000003ea400000, 0x00000003ea800000|  0%| F|  |TS  0|AC  0|TAMS 0x00000003ea400000, 0x00000003ea400000|
|  75|0x00000003ea800000, 0x00000003ea800000, 0x00000003eac00000|  0%| F|  |TS  0|AC  0|TAMS 0x00000003ea800000, 0x00000003ea800000|
|  76|0x00000003eac00000, 0x00000003eac00000, 0x00000003eb000000|  0%| F|  |TS  0|AC  0|TAMS 0x00000003eac00000, 0x00000003eac00000|
|  77|0x00000003eb000000, 0x00000003eb000000, 0x00000003eb400000|  0%| F|  |TS  0|AC  0|TAMS 0x00000003eb000000, 0x00000003eb000000|
|  78|0x00000003eb400000, 0x00000003eb400000, 0x00000003eb800000|  0%| F|  |TS  0|AC  0|TAMS 0x00000003eb400000, 0x00000003eb400000|
|  79|0x00000003eb800000, 0x00000003eb800000, 0x00000003ebc00000|  0%| F|  |TS  0|AC  0|TAMS 0x00000003eb800000, 0x00000003eb800000|
|  80|0x00000003ebc00000, 0x00000003ebc00000, 0x00000003ec000000|  0%| F|  |TS  0|AC  0|TAMS 0x00000003ebc00000, 0x00000003ebc00000|
|  81|0x00000003ec000000, 0x00000003ec000000, 0x00000003ec400000|  0%| F|  |TS  0|AC  0|TAMS 0x00000003ec000000, 0x00000003ec000000|
|  82|0x00000003ec400000, 0x00000003ec400000, 0x00000003ec800000|  0%| F|  |TS  0|AC  0|TAMS 0x00000003ec400000, 0x00000003ec400000|
|  83|0x00000003ec800000, 0x00000003ec800000, 0x00000003ecc00000|  0%| F|  |TS  0|AC  0|TAMS 0x00000003ec800000, 0x00000003ec800000|
|  84|0x00000003ecc00000, 0x00000003ecc00000, 0x00000003ed000000|  0%| F|  |TS  0|AC  0|TAMS 0x00000003ecc00000, 0x00000003ecc00000|
|  85|0x00000003ed000000, 0x00000003ed000000, 0x00000003ed400000|  0%| F|  |TS  0|AC  0|TAMS 0x00000003ed000000, 0x00000003ed000000|
|  86|0x00000003ed400000, 0x00000003ed400000, 0x00000003ed800000|  0%| F|  |TS  0|AC  0|TAMS 0x00000003ed400000, 0x00000003ed400000|
|  87|0x00000003ed800000, 0x00000003ed800000, 0x00000003edc00000|  0%| F|  |TS  0|AC  0|TAMS 0x00000003ed800000, 0x00000003ed800000|
|  88|0x00000003edc00000, 0x00000003edc00000, 0x00000003ee000000|  0%| F|  |TS  0|AC  0|TAMS 0x00000003edc00000, 0x00000003edc00000|
|  89|0x00000003ee000000, 0x00000003ee000000, 0x00000003ee400000|  0%| F|  |TS  0|AC  0|TAMS 0x00000003ee000000, 0x00000003ee000000|
|  90|0x00000003ee400000, 0x00000003ee400000, 0x00000003ee800000|  0%| F|  |TS  0|AC  0|TAMS 0x00000003ee400000, 0x00000003ee400000|
|  91|0x00000003ee800000, 0x00000003ee800000, 0x00000003eec00000|  0%| F|  |TS  0|AC  0|TAMS 0x00000003ee800000, 0x00000003ee800000|
|  92|0x00000003eec00000, 0x00000003eec00000, 0x00000003ef000000|  0%| F|  |TS  0|AC  0|TAMS 0x00000003eec00000, 0x00000003eec00000|
|  93|0x00000003ef000000, 0x00000003ef000000, 0x00000003ef400000|  0%| F|  |TS  0|AC  0|TAMS 0x00000003ef000000, 0x00000003ef000000|
|  94|0x00000003ef400000, 0x00000003ef400000, 0x00000003ef800000|  0%| F|  |TS  0|AC  0|TAMS 0x00000003ef400000, 0x00000003ef400000|
|  95|0x00000003ef800000, 0x00000003ef800000, 0x00000003efc00000|  0%| F|  |TS  0|AC  0|TAMS 0x00000003ef800000, 0x00000003ef800000|
|  96|0x00000003efc00000, 0x00000003efc00000, 0x00000003f0000000|  0%| F|  |TS  0|AC  0|TAMS 0x00000003efc00000, 0x00000003efc00000|
|  97|0x00000003f0000000, 0x00000003f0000000, 0x00000003f0400000|  0%| F|  |TS  0|AC  0|TAMS 0x00000003f0000000, 0x00000003f0000000|
|  98|0x00000003f0400000, 0x00000003f0400000, 0x00000003f0800000|  0%| F|  |TS  0|AC  0|TAMS 0x00000003f0400000, 0x00000003f0400000|
|  99|0x00000003f0800000, 0x00000003f0800000, 0x00000003f0c00000|  0%| F|  |TS  0|AC  0|TAMS 0x00000003f0800000, 0x00000003f0800000|
| 100|0x00000003f0c00000, 0x00000003f0c00000, 0x00000003f1000000|  0%| F|  |TS  0|AC  0|TAMS 0x00000003f0c00000, 0x00000003f0c00000|
| 101|0x00000003f1000000, 0x00000003f1000000, 0x00000003f1400000|  0%| F|  |TS  0|AC  0|TAMS 0x00000003f1000000, 0x00000003f1000000|
| 102|0x00000003f1400000, 0x00000003f1400000, 0x00000003f1800000|  0%| F|  |TS  0|AC  0|TAMS 0x00000003f1400000, 0x00000003f1400000|
| 103|0x00000003f1800000, 0x00000003f1800000, 0x00000003f1c00000|  0%| F|  |TS  0|AC  0|TAMS 0x00000003f1800000, 0x00000003f1800000|
| 104|0x00000003f1c00000, 0x00000003f1c00000, 0x00000003f2000000|  0%| F|  |TS  0|AC  0|TAMS 0x00000003f1c00000, 0x00000003f1c00000|
| 105|0x00000003f2000000, 0x00000003f2000000, 0x00000003f2400000|  0%| F|  |TS  0|AC  0|TAMS 0x00000003f2000000, 0x00000003f2000000|
| 106|0x00000003f2400000, 0x00000003f2400000, 0x00000003f2800000|  0%| F|  |TS  0|AC  0|TAMS 0x00000003f2400000, 0x00000003f2400000|
| 107|0x00000003f2800000, 0x00000003f2800000, 0x00000003f2c00000|  0%| F|  |TS  0|AC  0|TAMS 0x00000003f2800000, 0x00000003f2800000|
| 108|0x00000003f2c00000, 0x00000003f2c00000, 0x00000003f3000000|  0%| F|  |TS  0|AC  0|TAMS 0x00000003f2c00000, 0x00000003f2c00000|
| 109|0x00000003f3000000, 0x00000003f3000000, 0x00000003f3400000|  0%| F|  |TS  0|AC  0|TAMS 0x00000003f3000000, 0x00000003f3000000|
| 110|0x00000003f3400000, 0x00000003f3400000, 0x00000003f3800000|  0%| F|  |TS  0|AC  0|TAMS 0x00000003f3400000, 0x00000003f3400000|
| 111|0x00000003f3800000, 0x00000003f3800000, 0x00000003f3c00000|  0%| F|  |TS  0|AC  0|TAMS 0x00000003f3800000, 0x00000003f3800000|
| 112|0x00000003f3c00000, 0x00000003f3c00000, 0x00000003f4000000|  0%| F|  |TS  0|AC  0|TAMS 0x00000003f3c00000, 0x00000003f3c00000|
| 113|0x00000003f4000000, 0x00000003f4000000, 0x00000003f4400000|  0%| F|  |TS  0|AC  0|TAMS 0x00000003f4000000, 0x00000003f4000000|
| 114|0x00000003f4400000, 0x00000003f4400000, 0x00000003f4800000|  0%| F|  |TS  0|AC  0|TAMS 0x00000003f4400000, 0x00000003f4400000|
| 115|0x00000003f4800000, 0x00000003f4800000, 0x00000003f4c00000|  0%| F|  |TS  0|AC  0|TAMS 0x00000003f4800000, 0x00000003f4800000|
| 116|0x00000003f4c00000, 0x00000003f4c00000, 0x00000003f5000000|  0%| F|  |TS  0|AC  0|TAMS 0x00000003f4c00000, 0x00000003f4c00000|
| 117|0x00000003f5000000, 0x00000003f5000000, 0x00000003f5400000|  0%| F|  |TS  0|AC  0|TAMS 0x00000003f5000000, 0x00000003f5000000|
| 118|0x00000003f5400000, 0x00000003f5400000, 0x00000003f5800000|  0%| F|  |TS  0|AC  0|TAMS 0x00000003f5400000, 0x00000003f5400000|
| 119|0x00000003f5800000, 0x00000003f5800000, 0x00000003f5c00000|  0%| F|  |TS  0|AC  0|TAMS 0x00000003f5800000, 0x00000003f5800000|
| 120|0x00000003f5c00000, 0x00000003f5c00000, 0x00000003f6000000|  0%| F|  |TS  0|AC  0|TAMS 0x00000003f5c00000, 0x00000003f5c00000|
| 121|0x00000003f6000000, 0x00000003f6000000, 0x00000003f6400000|  0%| F|  |TS  0|AC  0|TAMS 0x00000003f6000000, 0x00000003f6000000|
| 122|0x00000003f6400000, 0x00000003f6400000, 0x00000003f6800000|  0%| F|  |TS  0|AC  0|TAMS 0x00000003f6400000, 0x00000003f6400000|
| 123|0x00000003f6800000, 0x00000003f6800000, 0x00000003f6c00000|  0%| F|  |TS  0|AC  0|TAMS 0x00000003f6800000, 0x00000003f6800000|
| 124|0x00000003f6c00000, 0x00000003f6c00000, 0x00000003f7000000|  0%| F|  |TS  0|AC  0|TAMS 0x00000003f6c00000, 0x00000003f6c00000|
| 125|0x00000003f7000000, 0x00000003f7000000, 0x00000003f7400000|  0%| F|  |TS  0|AC  0|TAMS 0x00000003f7000000, 0x00000003f7000000|
| 126|0x00000003f7400000, 0x00000003f7400000, 0x00000003f7800000|  0%| F|  |TS  0|AC  0|TAMS 0x00000003f7400000, 0x00000003f7400000|
| 127|0x00000003f7800000, 0x00000003f7800000, 0x00000003f7c00000|  0%| F|  |TS  0|AC  0|TAMS 0x00000003f7800000, 0x00000003f7800000|
| 128|0x00000003f7c00000, 0x00000003f7c00000, 0x00000003f8000000|  0%| F|  |TS  0|AC  0|TAMS 0x00000003f7c00000, 0x00000003f7c00000|
| 129|0x00000003f8000000, 0x00000003f8000000, 0x00000003f8400000|  0%| F|  |TS  0|AC  0|TAMS 0x00000003f8000000, 0x00000003f8000000|
| 130|0x00000003f8400000, 0x00000003f8400000, 0x00000003f8800000|  0%| F|  |TS  0|AC  0|TAMS 0x00000003f8400000, 0x00000003f8400000|
| 131|0x00000003f8800000, 0x00000003f8800000, 0x00000003f8c00000|  0%| F|  |TS  0|AC  0|TAMS 0x00000003f8800000, 0x00000003f8800000|
| 132|0x00000003f8c00000, 0x00000003f8c00000, 0x00000003f9000000|  0%| F|  |TS  0|AC  0|TAMS 0x00000003f8c00000, 0x00000003f8c00000|
| 133|0x00000003f9000000, 0x00000003f9000000, 0x00000003f9400000|  0%| F|  |TS  0|AC  0|TAMS 0x00000003f9000000, 0x00000003f9000000|
| 134|0x00000003f9400000, 0x00000003f9400000, 0x00000003f9800000|  0%| F|  |TS  0|AC  0|TAMS 0x00000003f9400000, 0x00000003f9400000|
| 135|0x00000003f9800000, 0x00000003f9800000, 0x00000003f9c00000|  0%| F|  |TS  0|AC  0|TAMS 0x00000003f9800000, 0x00000003f9800000|
| 136|0x00000003f9c00000, 0x00000003f9c00000, 0x00000003fa000000|  0%| F|  |TS  0|AC  0|TAMS 0x00000003f9c00000, 0x00000003f9c00000|
| 137|0x00000003fa000000, 0x00000003fa000000, 0x00000003fa400000|  0%| F|  |TS  0|AC  0|TAMS 0x00000003fa000000, 0x00000003fa000000|
| 138|0x00000003fa400000, 0x00000003fa400000, 0x00000003fa800000|  0%| F|  |TS  0|AC  0|TAMS 0x00000003fa400000, 0x00000003fa400000|
| 139|0x00000003fa800000, 0x00000003fa800000, 0x00000003fac00000|  0%| F|  |TS  0|AC  0|TAMS 0x00000003fa800000, 0x00000003fa800000|
| 140|0x00000003fac00000, 0x00000003fac00000, 0x00000003fb000000|  0%| F|  |TS  0|AC  0|TAMS 0x00000003fac00000, 0x00000003fac00000|
| 141|0x00000003fb000000, 0x00000003fb000000, 0x00000003fb400000|  0%| F|  |TS  0|AC  0|TAMS 0x00000003fb000000, 0x00000003fb000000|
| 142|0x00000003fb400000, 0x00000003fb400000, 0x00000003fb800000|  0%| F|  |TS  0|AC  0|TAMS 0x00000003fb400000, 0x00000003fb400000|
| 143|0x00000003fb800000, 0x00000003fb800000, 0x00000003fbc00000|  0%| F|  |TS  0|AC  0|TAMS 0x00000003fb800000, 0x00000003fb800000|
| 144|0x00000003fbc00000, 0x00000003fbc00000, 0x00000003fc000000|  0%| F|  |TS  0|AC  0|TAMS 0x00000003fbc00000, 0x00000003fbc00000|
| 145|0x00000003fc000000, 0x00000003fc000000, 0x00000003fc400000|  0%| F|  |TS  0|AC  0|TAMS 0x00000003fc000000, 0x00000003fc000000|
| 146|0x00000003fc400000, 0x00000003fc400000, 0x00000003fc800000|  0%| F|  |TS  0|AC  0|TAMS 0x00000003fc400000, 0x00000003fc400000|
| 147|0x00000003fc800000, 0x00000003fc800000, 0x00000003fcc00000|  0%| F|  |TS  0|AC  0|TAMS 0x00000003fc800000, 0x00000003fc800000|
| 148|0x00000003fcc00000, 0x00000003fcc00000, 0x00000003fd000000|  0%| F|  |TS  0|AC  0|TAMS 0x00000003fcc00000, 0x00000003fcc00000|
| 149|0x00000003fd000000, 0x00000003fd000000, 0x00000003fd400000|  0%| F|  |TS  0|AC  0|TAMS 0x00000003fd000000, 0x00000003fd000000|
| 150|0x00000003fd400000, 0x00000003fd400000, 0x00000003fd800000|  0%| F|  |TS  0|AC  0|TAMS 0x00000003fd400000, 0x00000003fd400000|
| 151|0x00000003fd800000, 0x00000003fd800000, 0x00000003fdc00000|  0%| F|  |TS  0|AC  0|TAMS 0x00000003fd800000, 0x00000003fd800000|
| 152|0x00000003fdc00000, 0x00000003fdc00000, 0x00000003fe000000|  0%| F|  |TS  0|AC  0|TAMS 0x00000003fdc00000, 0x00000003fdc00000|
| 153|0x00000003fe000000, 0x00000003fe000000, 0x00000003fe400000|  0%| F|  |TS  0|AC  0|TAMS 0x00000003fe000000, 0x00000003fe000000|
| 154|0x00000003fe400000, 0x00000003fe400000, 0x00000003fe800000|  0%| F|  |TS  0|AC  0|TAMS 0x00000003fe400000, 0x00000003fe400000|
| 155|0x00000003fe800000, 0x00000003fe800000, 0x00000003fec00000|  0%| F|  |TS  0|AC  0|TAMS 0x00000003fe800000, 0x00000003fe800000|
| 156|0x00000003fec00000, 0x00000003fec00000, 0x00000003ff000000|  0%| F|  |TS  0|AC  0|TAMS 0x00000003fec00000, 0x00000003fec00000|
| 157|0x00000003ff000000, 0x00000003ff000000, 0x00000003ff400000|  0%| F|  |TS  0|AC  0|TAMS 0x00000003ff000000, 0x00000003ff000000|
| 158|0x00000003ff400000, 0x00000003ff400000, 0x00000003ff800000|  0%| F|  |TS  0|AC  0|TAMS 0x00000003ff400000, 0x00000003ff400000|
| 159|0x00000003ff800000, 0x00000003ff800000, 0x00000003ffc00000|  0%| F|  |TS  0|AC  0|TAMS 0x00000003ff800000, 0x00000003ff800000|
| 160|0x00000003ffc00000, 0x00000003ffc00000, 0x0000000400000000|  0%| F|  |TS  0|AC  0|TAMS 0x00000003ffc00000, 0x00000003ffc00000|
| 161|0x0000000400000000, 0x0000000400000000, 0x0000000400400000|  0%| F|  |TS  0|AC  0|TAMS 0x0000000400000000, 0x0000000400000000|
| 162|0x0000000400400000, 0x0000000400400000, 0x0000000400800000|  0%| F|  |TS  0|AC  0|TAMS 0x0000000400400000, 0x0000000400400000|
| 163|0x0000000400800000, 0x0000000400800000, 0x0000000400c00000|  0%| F|  |TS  0|AC  0|TAMS 0x0000000400800000, 0x0000000400800000|
| 164|0x0000000400c00000, 0x0000000400c00000, 0x0000000401000000|  0%| F|  |TS  0|AC  0|TAMS 0x0000000400c00000, 0x0000000400c00000|
| 165|0x0000000401000000, 0x0000000401000000, 0x0000000401400000|  0%| F|  |TS  0|AC  0|TAMS 0x0000000401000000, 0x0000000401000000|
| 166|0x0000000401400000, 0x0000000401400000, 0x0000000401800000|  0%| F|  |TS  0|AC  0|TAMS 0x0000000401400000, 0x0000000401400000|
| 167|0x0000000401800000, 0x0000000401800000, 0x0000000401c00000|  0%| F|  |TS  0|AC  0|TAMS 0x0000000401800000, 0x0000000401800000|
| 168|0x0000000401c00000, 0x0000000401c00000, 0x0000000402000000|  0%| F|  |TS  0|AC  0|TAMS 0x0000000401c00000, 0x0000000401c00000|
| 169|0x0000000402000000, 0x0000000402000000, 0x0000000402400000|  0%| F|  |TS  0|AC  0|TAMS 0x0000000402000000, 0x0000000402000000|
| 170|0x0000000402400000, 0x0000000402400000, 0x0000000402800000|  0%| F|  |TS  0|AC  0|TAMS 0x0000000402400000, 0x0000000402400000|
| 171|0x0000000402800000, 0x0000000402800000, 0x0000000402c00000|  0%| F|  |TS  0|AC  0|TAMS 0x0000000402800000, 0x0000000402800000|
| 172|0x0000000402c00000, 0x0000000402c00000, 0x0000000403000000|  0%| F|  |TS  0|AC  0|TAMS 0x0000000402c00000, 0x0000000402c00000|
| 173|0x0000000403000000, 0x0000000403000000, 0x0000000403400000|  0%| F|  |TS  0|AC  0|TAMS 0x0000000403000000, 0x0000000403000000|
| 174|0x0000000403400000, 0x0000000403400000, 0x0000000403800000|  0%| F|  |TS  0|AC  0|TAMS 0x0000000403400000, 0x0000000403400000|
| 175|0x0000000403800000, 0x0000000403800000, 0x0000000403c00000|  0%| F|  |TS  0|AC  0|TAMS 0x0000000403800000, 0x0000000403800000|
| 176|0x0000000403c00000, 0x0000000403c00000, 0x0000000404000000|  0%| F|  |TS  0|AC  0|TAMS 0x0000000403c00000, 0x0000000403c00000|
| 177|0x0000000404000000, 0x0000000404000000, 0x0000000404400000|  0%| F|  |TS  0|AC  0|TAMS 0x0000000404000000, 0x0000000404000000|
| 178|0x0000000404400000, 0x0000000404400000, 0x0000000404800000|  0%| F|  |TS  0|AC  0|TAMS 0x0000000404400000, 0x0000000404400000|
| 179|0x0000000404800000, 0x0000000404800000, 0x0000000404c00000|  0%| F|  |TS  0|AC  0|TAMS 0x0000000404800000, 0x0000000404800000|
| 180|0x0000000404c00000, 0x0000000404c00000, 0x0000000405000000|  0%| F|  |TS  0|AC  0|TAMS 0x0000000404c00000, 0x0000000404c00000|
| 181|0x0000000405000000, 0x0000000405000000, 0x0000000405400000|  0%| F|  |TS  0|AC  0|TAMS 0x0000000405000000, 0x0000000405000000|
| 182|0x0000000405400000, 0x0000000405400000, 0x0000000405800000|  0%| F|  |TS  0|AC  0|TAMS 0x0000000405400000, 0x0000000405400000|
| 183|0x0000000405800000, 0x0000000405800000, 0x0000000405c00000|  0%| F|  |TS  0|AC  0|TAMS 0x0000000405800000, 0x0000000405800000|
| 184|0x0000000405c00000, 0x0000000405c00000, 0x0000000406000000|  0%| F|  |TS  0|AC  0|TAMS 0x0000000405c00000, 0x0000000405c00000|
| 185|0x0000000406000000, 0x0000000406000000, 0x0000000406400000|  0%| F|  |TS  0|AC  0|TAMS 0x0000000406000000, 0x0000000406000000|
| 186|0x0000000406400000, 0x0000000406400000, 0x0000000406800000|  0%| F|  |TS  0|AC  0|TAMS 0x0000000406400000, 0x0000000406400000|
| 187|0x0000000406800000, 0x0000000406800000, 0x0000000406c00000|  0%| F|  |TS  0|AC  0|TAMS 0x0000000406800000, 0x0000000406800000|
| 188|0x0000000406c00000, 0x0000000406c00000, 0x0000000407000000|  0%| F|  |TS  0|AC  0|TAMS 0x0000000406c00000, 0x0000000406c00000|
| 189|0x0000000407000000, 0x0000000407000000, 0x0000000407400000|  0%| F|  |TS  0|AC  0|TAMS 0x0000000407000000, 0x0000000407000000|
| 190|0x0000000407400000, 0x0000000407400000, 0x0000000407800000|  0%| F|  |TS  0|AC  0|TAMS 0x0000000407400000, 0x0000000407400000|
| 191|0x0000000407800000, 0x0000000407800000, 0x0000000407c00000|  0%| F|  |TS  0|AC  0|TAMS 0x0000000407800000, 0x0000000407800000|
| 192|0x0000000407c00000, 0x0000000407c00000, 0x0000000408000000|  0%| F|  |TS  0|AC  0|TAMS 0x0000000407c00000, 0x0000000407c00000|
| 193|0x0000000408000000, 0x0000000408000000, 0x0000000408400000|  0%| F|  |TS  0|AC  0|TAMS 0x0000000408000000, 0x0000000408000000|
| 194|0x0000000408400000, 0x0000000408400000, 0x0000000408800000|  0%| F|  |TS  0|AC  0|TAMS 0x0000000408400000, 0x0000000408400000|
| 195|0x0000000408800000, 0x0000000408800000, 0x0000000408c00000|  0%| F|  |TS  0|AC  0|TAMS 0x0000000408800000, 0x0000000408800000|
| 196|0x0000000408c00000, 0x0000000408c00000, 0x0000000409000000|  0%| F|  |TS  0|AC  0|TAMS 0x0000000408c00000, 0x0000000408c00000|
| 197|0x0000000409000000, 0x0000000409000000, 0x0000000409400000|  0%| F|  |TS  0|AC  0|TAMS 0x0000000409000000, 0x0000000409000000|
| 198|0x0000000409400000, 0x0000000409400000, 0x0000000409800000|  0%| F|  |TS  0|AC  0|TAMS 0x0000000409400000, 0x0000000409400000|
| 199|0x0000000409800000, 0x0000000409800000, 0x0000000409c00000|  0%| F|  |TS  0|AC  0|TAMS 0x0000000409800000, 0x0000000409800000|
| 200|0x0000000409c00000, 0x0000000409c00000, 0x000000040a000000|  0%| F|  |TS  0|AC  0|TAMS 0x0000000409c00000, 0x0000000409c00000|
| 201|0x000000040a000000, 0x000000040a000000, 0x000000040a400000|  0%| F|  |TS  0|AC  0|TAMS 0x000000040a000000, 0x000000040a000000|
| 202|0x000000040a400000, 0x000000040a400000, 0x000000040a800000|  0%| F|  |TS  0|AC  0|TAMS 0x000000040a400000, 0x000000040a400000|
| 203|0x000000040a800000, 0x000000040a800000, 0x000000040ac00000|  0%| F|  |TS  0|AC  0|TAMS 0x000000040a800000, 0x000000040a800000|
| 204|0x000000040ac00000, 0x000000040ac00000, 0x000000040b000000|  0%| F|  |TS  0|AC  0|TAMS 0x000000040ac00000, 0x000000040ac00000|
| 205|0x000000040b000000, 0x000000040b000000, 0x000000040b400000|  0%| F|  |TS  0|AC  0|TAMS 0x000000040b000000, 0x000000040b000000|
| 206|0x000000040b400000, 0x000000040b400000, 0x000000040b800000|  0%| F|  |TS  0|AC  0|TAMS 0x000000040b400000, 0x000000040b400000|
| 207|0x000000040b800000, 0x000000040b800000, 0x000000040bc00000|  0%| F|  |TS  0|AC  0|TAMS 0x000000040b800000, 0x000000040b800000|
| 208|0x000000040bc00000, 0x000000040bc00000, 0x000000040c000000|  0%| F|  |TS  0|AC  0|TAMS 0x000000040bc00000, 0x000000040bc00000|
| 209|0x000000040c000000, 0x000000040c000000, 0x000000040c400000|  0%| F|  |TS  0|AC  0|TAMS 0x000000040c000000, 0x000000040c000000|
| 210|0x000000040c400000, 0x000000040c400000, 0x000000040c800000|  0%| F|  |TS  0|AC  0|TAMS 0x000000040c400000, 0x000000040c400000|
| 211|0x000000040c800000, 0x000000040c800000, 0x000000040cc00000|  0%| F|  |TS  0|AC  0|TAMS 0x000000040c800000, 0x000000040c800000|
| 212|0x000000040cc00000, 0x000000040cc00000, 0x000000040d000000|  0%| F|  |TS  0|AC  0|TAMS 0x000000040cc00000, 0x000000040cc00000|
| 213|0x000000040d000000, 0x000000040d000000, 0x000000040d400000|  0%| F|  |TS  0|AC  0|TAMS 0x000000040d000000, 0x000000040d000000|
| 214|0x000000040d400000, 0x000000040d400000, 0x000000040d800000|  0%| F|  |TS  0|AC  0|TAMS 0x000000040d400000, 0x000000040d400000|
| 215|0x000000040d800000, 0x000000040d800000, 0x000000040dc00000|  0%| F|  |TS  0|AC  0|TAMS 0x000000040d800000, 0x000000040d800000|
| 216|0x000000040dc00000, 0x000000040dc00000, 0x000000040e000000|  0%| F|  |TS  0|AC  0|TAMS 0x000000040dc00000, 0x000000040dc00000|
| 217|0x000000040e000000, 0x000000040e000000, 0x000000040e400000|  0%| F|  |TS  0|AC  0|TAMS 0x000000040e000000, 0x000000040e000000|
| 218|0x000000040e400000, 0x000000040e400000, 0x000000040e800000|  0%| F|  |TS  0|AC  0|TAMS 0x000000040e400000, 0x000000040e400000|
| 219|0x000000040e800000, 0x000000040e800000, 0x000000040ec00000|  0%| F|  |TS  0|AC  0|TAMS 0x000000040e800000, 0x000000040e800000|
| 220|0x000000040ec00000, 0x000000040ec00000, 0x000000040f000000|  0%| F|  |TS  0|AC  0|TAMS 0x000000040ec00000, 0x000000040ec00000|
| 221|0x000000040f000000, 0x000000040f000000, 0x000000040f400000|  0%| F|  |TS  0|AC  0|TAMS 0x000000040f000000, 0x000000040f000000|
| 222|0x000000040f400000, 0x000000040f400000, 0x000000040f800000|  0%| F|  |TS  0|AC  0|TAMS 0x000000040f400000, 0x000000040f400000|
| 223|0x000000040f800000, 0x000000040f800000, 0x000000040fc00000|  0%| F|  |TS  0|AC  0|TAMS 0x000000040f800000, 0x000000040f800000|
| 224|0x000000040fc00000, 0x000000040fc00000, 0x0000000410000000|  0%| F|  |TS  0|AC  0|TAMS 0x000000040fc00000, 0x000000040fc00000|
| 225|0x0000000410000000, 0x0000000410000000, 0x0000000410400000|  0%| F|  |TS  0|AC  0|TAMS 0x0000000410000000, 0x0000000410000000|
| 226|0x0000000410400000, 0x0000000410400000, 0x0000000410800000|  0%| F|  |TS  0|AC  0|TAMS 0x0000000410400000, 0x0000000410400000|
| 227|0x0000000410800000, 0x0000000410800000, 0x0000000410c00000|  0%| F|  |TS  0|AC  0|TAMS 0x0000000410800000, 0x0000000410800000|
| 228|0x0000000410c00000, 0x0000000410c00000, 0x0000000411000000|  0%| F|  |TS  0|AC  0|TAMS 0x0000000410c00000, 0x0000000410c00000|
| 229|0x0000000411000000, 0x0000000411000000, 0x0000000411400000|  0%| F|  |TS  0|AC  0|TAMS 0x0000000411000000, 0x0000000411000000|
| 230|0x0000000411400000, 0x0000000411400000, 0x0000000411800000|  0%| F|  |TS  0|AC  0|TAMS 0x0000000411400000, 0x0000000411400000|
| 231|0x0000000411800000, 0x0000000411800000, 0x0000000411c00000|  0%| F|  |TS  0|AC  0|TAMS 0x0000000411800000, 0x0000000411800000|
| 232|0x0000000411c00000, 0x0000000411c00000, 0x0000000412000000|  0%| F|  |TS  0|AC  0|TAMS 0x0000000411c00000, 0x0000000411c00000|
| 233|0x0000000412000000, 0x0000000412000000, 0x0000000412400000|  0%| F|  |TS  0|AC  0|TAMS 0x0000000412000000, 0x0000000412000000|
| 234|0x0000000412400000, 0x0000000412400000, 0x0000000412800000|  0%| F|  |TS  0|AC  0|TAMS 0x0000000412400000, 0x0000000412400000|
| 235|0x0000000412800000, 0x0000000412800000, 0x0000000412c00000|  0%| F|  |TS  0|AC  0|TAMS 0x0000000412800000, 0x0000000412800000|
| 236|0x0000000412c00000, 0x0000000412c00000, 0x0000000413000000|  0%| F|  |TS  0|AC  0|TAMS 0x0000000412c00000, 0x0000000412c00000|
| 237|0x0000000413000000, 0x0000000413000000, 0x0000000413400000|  0%| F|  |TS  0|AC  0|TAMS 0x0000000413000000, 0x0000000413000000|
| 238|0x0000000413400000, 0x0000000413400000, 0x0000000413800000|  0%| F|  |TS  0|AC  0|TAMS 0x0000000413400000, 0x0000000413400000|
| 239|0x0000000413800000, 0x0000000413800000, 0x0000000413c00000|  0%| F|  |TS  0|AC  0|TAMS 0x0000000413800000, 0x0000000413800000|
| 240|0x0000000413c00000, 0x0000000413c00000, 0x0000000414000000|  0%| F|  |TS  0|AC  0|TAMS 0x0000000413c00000, 0x0000000413c00000|
| 241|0x0000000414000000, 0x0000000414000000, 0x0000000414400000|  0%| F|  |TS  0|AC  0|TAMS 0x0000000414000000, 0x0000000414000000|
| 242|0x0000000414400000, 0x0000000414400000, 0x0000000414800000|  0%| F|  |TS  0|AC  0|TAMS 0x0000000414400000, 0x0000000414400000|
| 243|0x0000000414800000, 0x0000000414800000, 0x0000000414c00000|  0%| F|  |TS  0|AC  0|TAMS 0x0000000414800000, 0x0000000414800000|
| 244|0x0000000414c00000, 0x0000000414c00000, 0x0000000415000000|  0%| F|  |TS  0|AC  0|TAMS 0x0000000414c00000, 0x0000000414c00000|
| 245|0x0000000415000000, 0x0000000415000000, 0x0000000415400000|  0%| F|  |TS  0|AC  0|TAMS 0x0000000415000000, 0x0000000415000000|
| 246|0x0000000415400000, 0x0000000415400000, 0x0000000415800000|  0%| F|  |TS  0|AC  0|TAMS 0x0000000415400000, 0x0000000415400000|
| 247|0x0000000415800000, 0x0000000415800000, 0x0000000415c00000|  0%| F|  |TS  0|AC  0|TAMS 0x0000000415800000, 0x0000000415800000|
| 248|0x0000000415c00000, 0x0000000415ee1d08, 0x0000000416000000| 72%| E|  |TS  0|AC  0|TAMS 0x0000000415c00000, 0x0000000415c00000|
| 249|0x0000000416000000, 0x0000000416400000, 0x0000000416400000|100%| E|CS|TS  0|AC  0|TAMS 0x0000000416000000, 0x0000000416000000|
| 250|0x0000000416400000, 0x0000000416800000, 0x0000000416800000|100%| E|CS|TS  0|AC  0|TAMS 0x0000000416400000, 0x0000000416400000|

Card table byte_map: [0x00007f034c17c000,0x00007f034e0be000] byte_map_base: 0x00007f034a2be000

Marking Bits (Prev, Next): (CMBitMap*) 0x00007f041409e820, (CMBitMap*) 0x00007f041409e858
 Prev Bits: [0x00007f033a82a000, 0x00007f034a23a000)
 Next Bits: [0x00007f032ae1a000, 0x00007f033a82a000)

Polling page: 0x00007f041adc4000

CodeHeap 'non-profiled nmethods': size=119172Kb used=142Kb max_used=142Kb free=119029Kb
 bounds [0x00007f04016e2000, 0x00007f0401952000, 0x00007f0408b43000]
CodeHeap 'profiled nmethods': size=119172Kb used=329Kb max_used=329Kb free=118843Kb
 bounds [0x00007f03fa281000, 0x00007f03fa4f1000, 0x00007f04016e2000]
CodeHeap 'non-nmethods': size=7416Kb used=2826Kb max_used=2858Kb free=4589Kb
 bounds [0x00007f03f9b43000, 0x00007f03f9e13000, 0x00007f03fa281000]
 total_blobs=625 nmethods=248 adapters=168
 compilation: enabled

Compilation events (10 events):
Event: 0.336 Thread 0x00007f04142b8000 nmethod 244 0x00007f04016f9890 code [0x00007f04016f9ac0, 0x00007f04016fa868]
Event: 0.339 Thread 0x00007f04142b2800  246       4       Print::logPrint (8 bytes)
Event: 0.343 Thread 0x00007f04142af000 nmethod 242 0x00007f04016fae90 code [0x00007f04016fb100, 0x00007f04016fc1c8]
Event: 0.343 Thread 0x00007f04142af000  248   !   4       java.io.PrintStream::newLine (73 bytes)
Event: 0.343 Thread 0x00007f04142ad000 nmethod 240 0x00007f04016fca90 code [0x00007f04016fcd00, 0x00007f04016fe108]
Event: 0.343 Thread 0x00007f04142ad000  247   !   4       java.io.PrintStream::write (83 bytes)
Event: 0.353 Thread 0x00007f04142af000 nmethod 248 0x00007f04016fea90 code [0x00007f04016fece0, 0x00007f04016ffae8]
Event: 0.357 Thread 0x00007f04142ad000 nmethod 247 0x00007f0401700390 code [0x00007f04017005a0, 0x00007f04017011d8]
Event: 0.384 Thread 0x00007f04142b2800 nmethod 246 0x00007f0401701990 code [0x00007f0401701ce0, 0x00007f04017040e0]
Event: 0.587 Thread 0x00007f04142bd800  249 %     3       org.eclipse.core.runtime.adaptor.EclipseStarter::main @ 535 (1531 bytes)

GC Heap History (0 events):
No events

Deoptimization events (0 events):
No events

Classes redefined (0 events):
No events

Internal exceptions (0 events):
No events

Events (10 events):
Event: 0.296 Thread 0x00007f0414011800 DEOPT PACKING pc=0x00007f03fa2b3b24 sp=0x00007f041946f0d0
Event: 0.296 Thread 0x00007f0414011800 DEOPT UNPACKING pc=0x00007f03f9b90aab sp=0x00007f041946e6b8 mode 0
Event: 0.296 Thread 0x00007f0414011800 DEOPT PACKING pc=0x00007f03fa2b3b24 sp=0x00007f041946f0d0
Event: 0.296 Thread 0x00007f0414011800 DEOPT UNPACKING pc=0x00007f03f9b90aab sp=0x00007f041946e6b8 mode 0
Event: 0.296 Thread 0x00007f0414011800 DEOPT PACKING pc=0x00007f03fa2b3b24 sp=0x00007f041946f0d0
Event: 0.296 Thread 0x00007f0414011800 DEOPT UNPACKING pc=0x00007f03f9b90aab sp=0x00007f041946e6b8 mode 0
Event: 0.296 Thread 0x00007f0414011800 DEOPT PACKING pc=0x00007f03fa2b3b24 sp=0x00007f041946f0d0
Event: 0.296 Thread 0x00007f0414011800 DEOPT UNPACKING pc=0x00007f03f9b90aab sp=0x00007f041946e6b8 mode 0
Event: 0.296 Thread 0x00007f0414011800 DEOPT PACKING pc=0x00007f03fa2b3b24 sp=0x00007f041946f0d0
Event: 0.296 Thread 0x00007f0414011800 DEOPT UNPACKING pc=0x00007f03f9b90aab sp=0x00007f041946e6b8 mode 0


Dynamic libraries:
00400000-00401000 r-xp 00000000 00:65 77077150                           /root/oracle/jdk-9.0.4/bin/java
00600000-00601000 rw-p 00000000 00:65 77077150                           /root/oracle/jdk-9.0.4/bin/java
018ec000-0190d000 rw-p 00000000 00:00 0                                  [heap]
3d7c00000-416800000 rw-p 00000000 00:00 0 
416800000-7c0000000 ---p 00000000 00:00 0 
7c0000000-7c0080000 rw-p 00000000 00:00 0 
7c0080000-800000000 ---p 00000000 00:00 0 
7f02b8000000-7f02b8021000 rw-p 00000000 00:00 0 
7f02b8021000-7f02bc000000 ---p 00000000 00:00 0 
7f02c0000000-7f02c0021000 rw-p 00000000 00:00 0 
7f02c0021000-7f02c4000000 ---p 00000000 00:00 0 
7f02c4000000-7f02c4021000 rw-p 00000000 00:00 0 
7f02c4021000-7f02c8000000 ---p 00000000 00:00 0 
7f02c8000000-7f02c80cc000 rw-p 00000000 00:00 0 
7f02c80cc000-7f02cc000000 ---p 00000000 00:00 0 
7f02cc000000-7f02cc021000 rw-p 00000000 00:00 0 
7f02cc021000-7f02d0000000 ---p 00000000 00:00 0 
7f02d0000000-7f02d002a000 rw-p 00000000 00:00 0 
7f02d002a000-7f02d4000000 ---p 00000000 00:00 0 
7f02d4000000-7f02d4072000 rw-p 00000000 00:00 0 
7f02d4072000-7f02d8000000 ---p 00000000 00:00 0 
7f02d8000000-7f02d8021000 rw-p 00000000 00:00 0 
7f02d8021000-7f02dc000000 ---p 00000000 00:00 0 
7f02dc000000-7f02dc021000 rw-p 00000000 00:00 0 
7f02dc021000-7f02e0000000 ---p 00000000 00:00 0 
7f02e0000000-7f02e0085000 rw-p 00000000 00:00 0 
7f02e0085000-7f02e4000000 ---p 00000000 00:00 0 
7f02e4000000-7f02e40ad000 rw-p 00000000 00:00 0 
7f02e40ad000-7f02e8000000 ---p 00000000 00:00 0 
7f02e8000000-7f02e81dd000 rw-p 00000000 00:00 0 
7f02e81dd000-7f02ec000000 ---p 00000000 00:00 0 
7f02ec000000-7f02ec026000 rw-p 00000000 00:00 0 
7f02ec026000-7f02f0000000 ---p 00000000 00:00 0 
7f02f0000000-7f02f01a7000 rw-p 00000000 00:00 0 
7f02f01a7000-7f02f4000000 ---p 00000000 00:00 0 
7f02f4000000-7f02f4163000 rw-p 00000000 00:00 0 
7f02f4163000-7f02f8000000 ---p 00000000 00:00 0 
7f02f8000000-7f02f8021000 rw-p 00000000 00:00 0 
7f02f8021000-7f02fc000000 ---p 00000000 00:00 0 
7f02fc000000-7f02fc1f0000 rw-p 00000000 00:00 0 
7f02fc1f0000-7f0300000000 ---p 00000000 00:00 0 
7f0300000000-7f0300021000 rw-p 00000000 00:00 0 
7f0300021000-7f0304000000 ---p 00000000 00:00 0 
7f0304000000-7f0304021000 rw-p 00000000 00:00 0 
7f0304021000-7f0308000000 ---p 00000000 00:00 0 
7f0308000000-7f0308021000 rw-p 00000000 00:00 0 
7f0308021000-7f030c000000 ---p 00000000 00:00 0 
7f030c000000-7f030c021000 rw-p 00000000 00:00 0 
7f030c021000-7f0310000000 ---p 00000000 00:00 0 
7f0310ee0000-7f031120e000 rw-p 00000000 00:00 0 
7f031120e000-7f031120f000 ---p 00000000 00:00 0 
7f031120f000-7f0311310000 rw-p 00000000 00:00 0 
7f0311310000-7f0311314000 ---p 00000000 00:00 0 
7f0311314000-7f0311411000 rw-p 00000000 00:00 0 
7f0311411000-7f0311415000 ---p 00000000 00:00 0 
7f0311415000-7f0311543000 rw-p 00000000 00:00 0 
7f0311543000-7f0311559000 r-xp 00000000 00:65 77077477                   /root/oracle/jdk-9.0.4/lib/libnet.so
7f0311559000-7f0311759000 ---p 00016000 00:65 77077477                   /root/oracle/jdk-9.0.4/lib/libnet.so
7f0311759000-7f031175a000 rw-p 00016000 00:65 77077477                   /root/oracle/jdk-9.0.4/lib/libnet.so
7f031175a000-7f031176a000 r-xp 00000000 00:65 77077594                   /root/oracle/jdk-9.0.4/lib/libnio.so
7f031176a000-7f031196a000 ---p 00010000 00:65 77077594                   /root/oracle/jdk-9.0.4/lib/libnio.so
7f031196a000-7f031196b000 rw-p 00010000 00:65 77077594                   /root/oracle/jdk-9.0.4/lib/libnio.so
7f031196b000-7f031196f000 ---p 00000000 00:00 0 
7f031196f000-7f0311a6c000 rw-p 00000000 00:00 0 
7f0311a6c000-7f0311a70000 ---p 00000000 00:00 0 
7f0311a70000-7f0311b6d000 rw-p 00000000 00:00 0 
7f0311b6d000-7f0311b71000 ---p 00000000 00:00 0 
7f0311b71000-7f0311c6e000 rw-p 00000000 00:00 0 
7f0311c6e000-7f0311c72000 ---p 00000000 00:00 0 
7f0311c72000-7f0311d6f000 rw-p 00000000 00:00 0 
7f0311d6f000-7f0311d73000 ---p 00000000 00:00 0 
7f0311d73000-7f0311e70000 rw-p 00000000 00:00 0 
7f0311e70000-7f0311e74000 ---p 00000000 00:00 0 
7f0311e74000-7f0311f71000 rw-p 00000000 00:00 0 
7f0311f71000-7f0311f75000 ---p 00000000 00:00 0 
7f0311f75000-7f0312072000 rw-p 00000000 00:00 0 
7f0312072000-7f0312076000 ---p 00000000 00:00 0 
7f0312076000-7f0312173000 rw-p 00000000 00:00 0 
7f0312173000-7f0312177000 ---p 00000000 00:00 0 
7f0312177000-7f0312274000 rw-p 00000000 00:00 0 
7f0312274000-7f0312278000 ---p 00000000 00:00 0 
7f0312278000-7f0312375000 rw-p 00000000 00:00 0 
7f0312375000-7f0312379000 ---p 00000000 00:00 0 
7f0312379000-7f0312476000 rw-p 00000000 00:00 0 
7f0312476000-7f031247a000 ---p 00000000 00:00 0 
7f031247a000-7f0312577000 rw-p 00000000 00:00 0 
7f0312577000-7f031257b000 ---p 00000000 00:00 0 
7f031257b000-7f0312678000 rw-p 00000000 00:00 0 
7f0312678000-7f031267c000 ---p 00000000 00:00 0 
7f031267c000-7f0312779000 rw-p 00000000 00:00 0 
7f0312779000-7f031277d000 ---p 00000000 00:00 0 
7f031277d000-7f031287a000 rw-p 00000000 00:00 0 
7f031287a000-7f031287e000 ---p 00000000 00:00 0 
7f031287e000-7f031297b000 rw-p 00000000 00:00 0 
7f031297b000-7f031297c000 ---p 00000000 00:00 0 
7f031297c000-7f0312f33000 rw-p 00000000 00:00 0 
7f0312f33000-7f03132f3000 ---p 00000000 00:00 0 
7f03132f3000-7f0314000000 rw-p 00000000 00:00 0 
7f0314000000-7f0314021000 rw-p 00000000 00:00 0 
7f0314021000-7f0318000000 ---p 00000000 00:00 0 
7f0318000000-7f0318021000 rw-p 00000000 00:00 0 
7f0318021000-7f031c000000 ---p 00000000 00:00 0 
7f031c000000-7f031c021000 rw-p 00000000 00:00 0 
7f031c021000-7f0320000000 ---p 00000000 00:00 0 
7f0320000000-7f0320021000 rw-p 00000000 00:00 0 
7f0320021000-7f0324000000 ---p 00000000 00:00 0 
7f0324000000-7f0324021000 rw-p 00000000 00:00 0 
7f0324021000-7f0328000000 ---p 00000000 00:00 0 
7f0328024000-7f032872b000 rw-p 00000000 00:00 0 
7f032872b000-7f032a72b000 rwxp 00000000 00:00 0 
7f032a72b000-7f032a72c000 ---p 00000000 00:00 0 
7f032a72c000-7f032a82d000 rw-p 00000000 00:00 0 
7f032a82d000-7f032a82e000 ---p 00000000 00:00 0 
7f032a82e000-7f032a92f000 rw-p 00000000 00:00 0 
7f032a92f000-7f032a930000 ---p 00000000 00:00 0 
7f032a930000-7f032bdca000 rw-p 00000000 00:00 0 
7f032bdca000-7f033a82a000 ---p 00000000 00:00 0 
7f033a82a000-7f033b7da000 rw-p 00000000 00:00 0 
7f033b7da000-7f034a23a000 ---p 00000000 00:00 0 
7f034a23a000-7f034a430000 rw-p 00000000 00:00 0 
7f034a430000-7f034c17c000 ---p 00000000 00:00 0 
7f034c17c000-7f034c372000 rw-p 00000000 00:00 0 
7f034c372000-7f0350000000 ---p 00000000 00:00 0 
7f0350000000-7f0350021000 rw-p 00000000 00:00 0 
7f0350021000-7f0354000000 ---p 00000000 00:00 0 
7f0354000000-7f0354021000 rw-p 00000000 00:00 0 
7f0354021000-7f0358000000 ---p 00000000 00:00 0 
7f0358000000-7f0358021000 rw-p 00000000 00:00 0 
7f0358021000-7f035c000000 ---p 00000000 00:00 0 
7f035c000000-7f035c021000 rw-p 00000000 00:00 0 
7f035c021000-7f0360000000 ---p 00000000 00:00 0 
7f0360000000-7f0360021000 rw-p 00000000 00:00 0 
7f0360021000-7f0364000000 ---p 00000000 00:00 0 
7f0364000000-7f0364021000 rw-p 00000000 00:00 0 
7f0364021000-7f0368000000 ---p 00000000 00:00 0 
7f0368000000-7f0368021000 rw-p 00000000 00:00 0 
7f0368021000-7f036c000000 ---p 00000000 00:00 0 
7f036c000000-7f036c021000 rw-p 00000000 00:00 0 
7f036c021000-7f0370000000 ---p 00000000 00:00 0 
7f0370000000-7f0370021000 rw-p 00000000 00:00 0 
7f0370021000-7f0374000000 ---p 00000000 00:00 0 
7f0374000000-7f0374021000 rw-p 00000000 00:00 0 
7f0374021000-7f0378000000 ---p 00000000 00:00 0 
7f0378000000-7f0378021000 rw-p 00000000 00:00 0 
7f0378021000-7f037c000000 ---p 00000000 00:00 0 
7f037c000000-7f037c021000 rw-p 00000000 00:00 0 
7f037c021000-7f0380000000 ---p 00000000 00:00 0 
7f0380000000-7f0380021000 rw-p 00000000 00:00 0 
7f0380021000-7f0384000000 ---p 00000000 00:00 0 
7f0384000000-7f0384021000 rw-p 00000000 00:00 0 
7f0384021000-7f0388000000 ---p 00000000 00:00 0 
7f0388000000-7f0388021000 rw-p 00000000 00:00 0 
7f0388021000-7f038c000000 ---p 00000000 00:00 0 
7f038c000000-7f038c021000 rw-p 00000000 00:00 0 
7f038c021000-7f0390000000 ---p 00000000 00:00 0 
7f0390000000-7f0390021000 rw-p 00000000 00:00 0 
7f0390021000-7f0394000000 ---p 00000000 00:00 0 
7f0394000000-7f0394021000 rw-p 00000000 00:00 0 
7f0394021000-7f0398000000 ---p 00000000 00:00 0 
7f0398000000-7f0398021000 rw-p 00000000 00:00 0 
7f0398021000-7f039c000000 ---p 00000000 00:00 0 
7f039c000000-7f039c021000 rw-p 00000000 00:00 0 
7f039c021000-7f03a0000000 ---p 00000000 00:00 0 
7f03a0000000-7f03a0021000 rw-p 00000000 00:00 0 
7f03a0021000-7f03a4000000 ---p 00000000 00:00 0 
7f03a4000000-7f03a4021000 rw-p 00000000 00:00 0 
7f03a4021000-7f03a8000000 ---p 00000000 00:00 0 
7f03a802a000-7f03a8085000 rw-p 00000000 00:00 0 
7f03a8085000-7f03a8086000 ---p 00000000 00:00 0 
7f03a8086000-7f03a8187000 rw-p 00000000 00:00 0 
7f03a8187000-7f03a8188000 ---p 00000000 00:00 0 
7f03a8188000-7f03a8289000 rw-p 00000000 00:00 0 
7f03a8289000-7f03a828a000 ---p 00000000 00:00 0 
7f03a828a000-7f03a8683000 rw-p 00000000 00:00 0 
7f03a8683000-7f03aa3cf000 ---p 00000000 00:00 0 
7f03aa3cf000-7f03aa3d0000 ---p 00000000 00:00 0 
7f03aa3d0000-7f03aa4d1000 rw-p 00000000 00:00 0 
7f03aa4d1000-7f03aa4d2000 ---p 00000000 00:00 0 
7f03aa4d2000-7f03aa5d3000 rw-p 00000000 00:00 0 
7f03aa5d3000-7f03aa5d4000 ---p 00000000 00:00 0 
7f03aa5d4000-7f03aa6d5000 rw-p 00000000 00:00 0 
7f03aa6d5000-7f03aa6d6000 ---p 00000000 00:00 0 
7f03aa6d6000-7f03aa7d7000 rw-p 00000000 00:00 0 
7f03aa7d7000-7f03aa7d8000 ---p 00000000 00:00 0 
7f03aa7d8000-7f03aa8d9000 rw-p 00000000 00:00 0 
7f03aa8d9000-7f03aa8da000 ---p 00000000 00:00 0 
7f03aa8da000-7f03aa9db000 rw-p 00000000 00:00 0 
7f03aa9db000-7f03aa9dc000 ---p 00000000 00:00 0 
7f03aa9dc000-7f03aaadd000 rw-p 00000000 00:00 0 
7f03aaadd000-7f03aaade000 ---p 00000000 00:00 0 
7f03aaade000-7f03aabdf000 rw-p 00000000 00:00 0 
7f03aabdf000-7f03aabe0000 ---p 00000000 00:00 0 
7f03aabe0000-7f03aace1000 rw-p 00000000 00:00 0 
7f03aace1000-7f03aace2000 ---p 00000000 00:00 0 
7f03aace2000-7f03aade3000 rw-p 00000000 00:00 0 
7f03aade3000-7f03aade4000 ---p 00000000 00:00 0 
7f03aade4000-7f03aaee5000 rw-p 00000000 00:00 0 
7f03aaee5000-7f03aaee6000 ---p 00000000 00:00 0 
7f03aaee6000-7f03aafe7000 rw-p 00000000 00:00 0 
7f03aafe7000-7f03aafe8000 ---p 00000000 00:00 0 
7f03aafe8000-7f03ab0e9000 rw-p 00000000 00:00 0 
7f03ab0e9000-7f03ab0ea000 ---p 00000000 00:00 0 
7f03ab0ea000-7f03ab1eb000 rw-p 00000000 00:00 0 
7f03ab1eb000-7f03ab1ec000 ---p 00000000 00:00 0 
7f03ab1ec000-7f03ab2ed000 rw-p 00000000 00:00 0 
7f03ab2ed000-7f03ab2ee000 ---p 00000000 00:00 0 
7f03ab2ee000-7f03ab3ef000 rw-p 00000000 00:00 0 
7f03ab3ef000-7f03ab3f0000 ---p 00000000 00:00 0 
7f03ab3f0000-7f03ab4f1000 rw-p 00000000 00:00 0 
7f03ab4f1000-7f03ab4f2000 ---p 00000000 00:00 0 
7f03ab4f2000-7f03ab5f3000 rw-p 00000000 00:00 0 
7f03ab5f3000-7f03ab5f4000 ---p 00000000 00:00 0 
7f03ab5f4000-7f03ab6f5000 rw-p 00000000 00:00 0 
7f03ab6f5000-7f03ab6f6000 ---p 00000000 00:00 0 
7f03ab6f6000-7f03ab7f7000 rw-p 00000000 00:00 0 
7f03ab7f7000-7f03ab7f8000 ---p 00000000 00:00 0 
7f03ab7f8000-7f03ac000000 rw-p 00000000 00:00 0 
7f03ac000000-7f03ac021000 rw-p 00000000 00:00 0 
7f03ac021000-7f03b0000000 ---p 00000000 00:00 0 
7f03b0000000-7f03b0021000 rw-p 00000000 00:00 0 
7f03b0021000-7f03b4000000 ---p 00000000 00:00 0 
7f03b4000000-7f03b4021000 rw-p 00000000 00:00 0 
7f03b4021000-7f03b8000000 ---p 00000000 00:00 0 
7f03b8000000-7f03b8021000 rw-p 00000000 00:00 0 
7f03b8021000-7f03bc000000 ---p 00000000 00:00 0 
7f03bc000000-7f03bc021000 rw-p 00000000 00:00 0 
7f03bc021000-7f03c0000000 ---p 00000000 00:00 0 
7f03c0000000-7f03c0021000 rw-p 00000000 00:00 0 
7f03c0021000-7f03c4000000 ---p 00000000 00:00 0 
7f03c4000000-7f03c4021000 rw-p 00000000 00:00 0 
7f03c4021000-7f03c8000000 ---p 00000000 00:00 0 
7f03c8000000-7f03c8021000 rw-p 00000000 00:00 0 
7f03c8021000-7f03cc000000 ---p 00000000 00:00 0 
7f03cc000000-7f03cc021000 rw-p 00000000 00:00 0 
7f03cc021000-7f03d0000000 ---p 00000000 00:00 0 
7f03d0000000-7f03d0021000 rw-p 00000000 00:00 0 
7f03d0021000-7f03d4000000 ---p 00000000 00:00 0 
7f03d4000000-7f03d4021000 rw-p 00000000 00:00 0 
7f03d4021000-7f03d8000000 ---p 00000000 00:00 0 
7f03d8000000-7f03d8021000 rw-p 00000000 00:00 0 
7f03d8021000-7f03dc000000 ---p 00000000 00:00 0 
7f03dc000000-7f03dc021000 rw-p 00000000 00:00 0 
7f03dc021000-7f03e0000000 ---p 00000000 00:00 0 
7f03e0000000-7f03e0021000 rw-p 00000000 00:00 0 
7f03e0021000-7f03e4000000 ---p 00000000 00:00 0 
7f03e4000000-7f03e4021000 rw-p 00000000 00:00 0 
7f03e4021000-7f03e8000000 ---p 00000000 00:00 0 
7f03e8000000-7f03e8021000 rw-p 00000000 00:00 0 
7f03e8021000-7f03ec000000 ---p 00000000 00:00 0 
7f03ec000000-7f03ec021000 rw-p 00000000 00:00 0 
7f03ec021000-7f03f0000000 ---p 00000000 00:00 0 
7f03f0000000-7f03f0021000 rw-p 00000000 00:00 0 
7f03f0021000-7f03f4000000 ---p 00000000 00:00 0 
7f03f4000000-7f03f4021000 rw-p 00000000 00:00 0 
7f03f4021000-7f03f8000000 ---p 00000000 00:00 0 
7f03f801a000-7f03f8d27000 rw-p 00000000 00:00 0 
7f03f8d27000-7f03f8d28000 ---p 00000000 00:00 0 
7f03f8d28000-7f03f8e29000 rw-p 00000000 00:00 0 
7f03f8e29000-7f03f8e2a000 ---p 00000000 00:00 0 
7f03f8e2a000-7f03f8f2b000 rw-p 00000000 00:00 0 
7f03f8f2b000-7f03f8f2c000 ---p 00000000 00:00 0 
7f03f8f2c000-7f03f902d000 rw-p 00000000 00:00 0 
7f03f902d000-7f03f902e000 ---p 00000000 00:00 0 
7f03f902e000-7f03f912f000 rw-p 00000000 00:00 0 
7f03f912f000-7f03f9130000 ---p 00000000 00:00 0 
7f03f9130000-7f03f9231000 rw-p 00000000 00:00 0 
7f03f9231000-7f03f9232000 ---p 00000000 00:00 0 
7f03f9232000-7f03f9333000 rw-p 00000000 00:00 0 
7f03f9333000-7f03f9334000 ---p 00000000 00:00 0 
7f03f9334000-7f03f9435000 rw-p 00000000 00:00 0 
7f03f9435000-7f03f9436000 ---p 00000000 00:00 0 
7f03f9436000-7f03f9537000 rw-p 00000000 00:00 0 
7f03f9537000-7f03f9538000 ---p 00000000 00:00 0 
7f03f9538000-7f03f9639000 rw-p 00000000 00:00 0 
7f03f9639000-7f03f963a000 ---p 00000000 00:00 0 
7f03f963a000-7f03f973b000 rw-p 00000000 00:00 0 
7f03f973b000-7f03f973c000 ---p 00000000 00:00 0 
7f03f973c000-7f03f983d000 rw-p 00000000 00:00 0 
7f03f983d000-7f03f983e000 ---p 00000000 00:00 0 
7f03f983e000-7f03f993f000 rw-p 00000000 00:00 0 
7f03f993f000-7f03f9940000 ---p 00000000 00:00 0 
7f03f9940000-7f03f9a41000 rw-p 00000000 00:00 0 
7f03f9a41000-7f03f9a42000 ---p 00000000 00:00 0 
7f03f9a42000-7f03f9b43000 rw-p 00000000 00:00 0 
7f03f9b43000-7f03f9e13000 rwxp 00000000 00:00 0 
7f03f9e13000-7f03fa281000 ---p 00000000 00:00 0 
7f03fa281000-7f03fa4f1000 rwxp 00000000 00:00 0 
7f03fa4f1000-7f04016e2000 ---p 00000000 00:00 0 
7f04016e2000-7f0401952000 rwxp 00000000 00:00 0 
7f0401952000-7f0408b43000 ---p 00000000 00:00 0 
7f0408b43000-7f0414000000 r--s 00000000 00:65 77077560                   /root/oracle/jdk-9.0.4/lib/modules
7f0414000000-7f041441f000 rw-p 00000000 00:00 0 
7f041441f000-7f0418000000 ---p 00000000 00:00 0 
7f041801a000-7f04180c0000 rw-p 00000000 00:00 0 
7f04180c0000-7f04180c1000 ---p 00000000 00:00 0 
7f04180c1000-7f04181c2000 rw-p 00000000 00:00 0 
7f04181c2000-7f04181c3000 ---p 00000000 00:00 0 
7f04181c3000-7f04182c4000 rw-p 00000000 00:00 0 
7f04182c4000-7f04182c5000 ---p 00000000 00:00 0 
7f04182c5000-7f04183c6000 rw-p 00000000 00:00 0 
7f04183c6000-7f04183c7000 ---p 00000000 00:00 0 
7f04183c7000-7f04184c8000 rw-p 00000000 00:00 0 
7f04184c8000-7f04184c9000 ---p 00000000 00:00 0 
7f04184c9000-7f04185ca000 rw-p 00000000 00:00 0 
7f04185ca000-7f04185cb000 ---p 00000000 00:00 0 
7f04185cb000-7f04186d1000 rw-p 00000000 00:00 0 
7f04186d1000-7f04187b5000 ---p 00000000 00:00 0 
7f04187b5000-7f04187ba000 rw-p 00000000 00:00 0 
7f04187ba000-7f041889e000 ---p 00000000 00:00 0 
7f041889e000-7f04188a4000 rw-p 00000000 00:00 0 
7f04188a4000-7f04188ad000 ---p 00000000 00:00 0 
7f04188ad000-7f04188fd000 rw-p 00000000 00:00 0 
7f04188fd000-7f0418ada000 r--s 03e31000 00:65 101727669                  /usr/local/java/jdk1.8.0_301/jre/lib/rt.jar
7f0418ada000-7f0418af4000 r-xp 00000000 00:65 77077435                   /root/oracle/jdk-9.0.4/lib/libjimage.so
7f0418af4000-7f0418cf3000 ---p 0001a000 00:65 77077435                   /root/oracle/jdk-9.0.4/lib/libjimage.so
7f0418cf3000-7f0418cf5000 rw-p 00019000 00:65 77077435                   /root/oracle/jdk-9.0.4/lib/libjimage.so
7f0418cf5000-7f0418d07000 rw-p 00000000 00:00 0 
7f0418d07000-7f0418d0e000 r-xp 00000000 00:65 77083131                   /root/oracle/jdk-9.0.4/lib/libzip.so
7f0418d0e000-7f0418f0d000 ---p 00007000 00:65 77083131                   /root/oracle/jdk-9.0.4/lib/libzip.so
7f0418f0d000-7f0418f0e000 rw-p 00006000 00:65 77083131                   /root/oracle/jdk-9.0.4/lib/libzip.so
7f0418f0e000-7f0418f11000 r--p 00000000 00:65 165034530                  /usr/lib/x86_64-linux-gnu/libnss_files-2.31.so
7f0418f11000-7f0418f18000 r-xp 00003000 00:65 165034530                  /usr/lib/x86_64-linux-gnu/libnss_files-2.31.so
7f0418f18000-7f0418f1a000 r--p 0000a000 00:65 165034530                  /usr/lib/x86_64-linux-gnu/libnss_files-2.31.so
7f0418f1a000-7f0418f1b000 r--p 0000b000 00:65 165034530                  /usr/lib/x86_64-linux-gnu/libnss_files-2.31.so
7f0418f1b000-7f0418f1c000 rw-p 0000c000 00:65 165034530                  /usr/lib/x86_64-linux-gnu/libnss_files-2.31.so
7f0418f1c000-7f0418f22000 rw-p 00000000 00:00 0 
7f0418f2a000-7f0418f2b000 rw-p 00000000 00:00 0 
7f0418f2b000-7f0418f56000 r-xp 00000000 00:65 77077470                   /root/oracle/jdk-9.0.4/lib/libjava.so
7f0418f56000-7f0419155000 ---p 0002b000 00:65 77077470                   /root/oracle/jdk-9.0.4/lib/libjava.so
7f0419155000-7f0419157000 rw-p 0002a000 00:65 77077470                   /root/oracle/jdk-9.0.4/lib/libjava.so
7f0419157000-7f0419164000 r-xp 00000000 00:65 77077494                   /root/oracle/jdk-9.0.4/lib/libverify.so
7f0419164000-7f0419363000 ---p 0000d000 00:65 77077494                   /root/oracle/jdk-9.0.4/lib/libverify.so
7f0419363000-7f0419365000 rw-p 0000c000 00:65 77077494                   /root/oracle/jdk-9.0.4/lib/libverify.so
7f0419365000-7f0419368000 r--p 00000000 00:65 165034636                  /usr/lib/x86_64-linux-gnu/librt-2.31.so
7f0419368000-7f041936c000 r-xp 00003000 00:65 165034636                  /usr/lib/x86_64-linux-gnu/librt-2.31.so
7f041936c000-7f041936d000 r--p 00007000 00:65 165034636                  /usr/lib/x86_64-linux-gnu/librt-2.31.so
7f041936d000-7f041936e000 ---p 00008000 00:65 165034636                  /usr/lib/x86_64-linux-gnu/librt-2.31.so
7f041936e000-7f041936f000 r--p 00008000 00:65 165034636                  /usr/lib/x86_64-linux-gnu/librt-2.31.so
7f041936f000-7f0419370000 rw-p 00009000 00:65 165034636                  /usr/lib/x86_64-linux-gnu/librt-2.31.so
7f0419370000-7f0419371000 ---p 00000000 00:00 0 
7f0419371000-7f0419372000 rw-p 00000000 00:00 0 
7f0419372000-7f0419376000 ---p 00000000 00:00 0 
7f0419376000-7f0419471000 rw-p 00000000 00:00 0 
7f0419471000-7f0419480000 r--p 00000000 00:65 165034468                  /usr/lib/x86_64-linux-gnu/libm-2.31.so
7f0419480000-7f0419527000 r-xp 0000f000 00:65 165034468                  /usr/lib/x86_64-linux-gnu/libm-2.31.so
7f0419527000-7f04195be000 r--p 000b6000 00:65 165034468                  /usr/lib/x86_64-linux-gnu/libm-2.31.so
7f04195be000-7f04195bf000 r--p 0014c000 00:65 165034468                  /usr/lib/x86_64-linux-gnu/libm-2.31.so
7f04195bf000-7f04195c0000 rw-p 0014d000 00:65 165034468                  /usr/lib/x86_64-linux-gnu/libm-2.31.so
7f04195c0000-7f041a5d5000 r-xp 00000000 00:65 77083135                   /root/oracle/jdk-9.0.4/lib/server/libjvm.so
7f041a5d5000-7f041a7d4000 ---p 01015000 00:65 77083135                   /root/oracle/jdk-9.0.4/lib/server/libjvm.so
7f041a7d4000-7f041a8a5000 r--p 01014000 00:65 77083135                   /root/oracle/jdk-9.0.4/lib/server/libjvm.so
7f041a8a5000-7f041a8dc000 rw-p 010e5000 00:65 77083135                   /root/oracle/jdk-9.0.4/lib/server/libjvm.so
7f041a8dc000-7f041a947000 rw-p 00000000 00:00 0 
7f041a947000-7f041a96c000 r--p 00000000 00:65 165034165                  /usr/lib/x86_64-linux-gnu/libc-2.31.so
7f041a96c000-7f041aae4000 r-xp 00025000 00:65 165034165                  /usr/lib/x86_64-linux-gnu/libc-2.31.so
7f041aae4000-7f041ab2e000 r--p 0019d000 00:65 165034165                  /usr/lib/x86_64-linux-gnu/libc-2.31.so
7f041ab2e000-7f041ab2f000 ---p 001e7000 00:65 165034165                  /usr/lib/x86_64-linux-gnu/libc-2.31.so
7f041ab2f000-7f041ab32000 r--p 001e7000 00:65 165034165                  /usr/lib/x86_64-linux-gnu/libc-2.31.so
7f041ab32000-7f041ab35000 rw-p 001ea000 00:65 165034165                  /usr/lib/x86_64-linux-gnu/libc-2.31.so
7f041ab35000-7f041ab39000 rw-p 00000000 00:00 0 
7f041ab39000-7f041ab3a000 r--p 00000000 00:65 165034236                  /usr/lib/x86_64-linux-gnu/libdl-2.31.so
7f041ab3a000-7f041ab3c000 r-xp 00001000 00:65 165034236                  /usr/lib/x86_64-linux-gnu/libdl-2.31.so
7f041ab3c000-7f041ab3d000 r--p 00003000 00:65 165034236                  /usr/lib/x86_64-linux-gnu/libdl-2.31.so
7f041ab3d000-7f041ab3e000 r--p 00003000 00:65 165034236                  /usr/lib/x86_64-linux-gnu/libdl-2.31.so
7f041ab3e000-7f041ab3f000 rw-p 00004000 00:65 165034236                  /usr/lib/x86_64-linux-gnu/libdl-2.31.so
7f041ab3f000-7f041ab4d000 r-xp 00000000 00:65 77083142                   /root/oracle/jdk-9.0.4/lib/jli/libjli.so
7f041ab4d000-7f041ad4d000 ---p 0000e000 00:65 77083142                   /root/oracle/jdk-9.0.4/lib/jli/libjli.so
7f041ad4d000-7f041ad4e000 rw-p 0000e000 00:65 77083142                   /root/oracle/jdk-9.0.4/lib/jli/libjli.so
7f041ad4e000-7f041ad55000 r--p 00000000 00:65 165034610                  /usr/lib/x86_64-linux-gnu/libpthread-2.31.so
7f041ad55000-7f041ad66000 r-xp 00007000 00:65 165034610                  /usr/lib/x86_64-linux-gnu/libpthread-2.31.so
7f041ad66000-7f041ad6b000 r--p 00018000 00:65 165034610                  /usr/lib/x86_64-linux-gnu/libpthread-2.31.so
7f041ad6b000-7f041ad6c000 r--p 0001c000 00:65 165034610                  /usr/lib/x86_64-linux-gnu/libpthread-2.31.so
7f041ad6c000-7f041ad6d000 rw-p 0001d000 00:65 165034610                  /usr/lib/x86_64-linux-gnu/libpthread-2.31.so
7f041ad6d000-7f041ad71000 rw-p 00000000 00:00 0 
7f041ad71000-7f041ad73000 r--p 00000000 00:65 165034796                  /usr/lib/x86_64-linux-gnu/libz.so.1.2.11
7f041ad73000-7f041ad84000 r-xp 00002000 00:65 165034796                  /usr/lib/x86_64-linux-gnu/libz.so.1.2.11
7f041ad84000-7f041ad8a000 r--p 00013000 00:65 165034796                  /usr/lib/x86_64-linux-gnu/libz.so.1.2.11
7f041ad8a000-7f041ad8b000 ---p 00019000 00:65 165034796                  /usr/lib/x86_64-linux-gnu/libz.so.1.2.11
7f041ad8b000-7f041ad8c000 r--p 00019000 00:65 165034796                  /usr/lib/x86_64-linux-gnu/libz.so.1.2.11
7f041ad8c000-7f041ad8d000 rw-p 0001a000 00:65 165034796                  /usr/lib/x86_64-linux-gnu/libz.so.1.2.11
7f041ad8d000-7f041ad95000 rw-s 00000000 00:65 71965686                   /tmp/hsperfdata_root/30685
7f041ad95000-7f041ad98000 rw-p 00000000 00:00 0 
7f041ad98000-7f041ad99000 r--p 00000000 00:65 165033992                  /usr/lib/x86_64-linux-gnu/ld-2.31.so
7f041ad99000-7f041adbc000 r-xp 00001000 00:65 165033992                  /usr/lib/x86_64-linux-gnu/ld-2.31.so
7f041adbc000-7f041adc4000 r--p 00024000 00:65 165033992                  /usr/lib/x86_64-linux-gnu/ld-2.31.so
7f041adc4000-7f041adc5000 r--p 00000000 00:00 0 
7f041adc5000-7f041adc6000 r--p 0002c000 00:65 165033992                  /usr/lib/x86_64-linux-gnu/ld-2.31.so
7f041adc6000-7f041adc7000 rw-p 0002d000 00:65 165033992                  /usr/lib/x86_64-linux-gnu/ld-2.31.so
7f041adc7000-7f041adc8000 rw-p 00000000 00:00 0 
7fffdadd4000-7fffdadf5000 rw-p 00000000 00:00 0                          [stack]
7fffdadf9000-7fffdadfc000 r--p 00000000 00:00 0                          [vvar]
7fffdadfc000-7fffdadfd000 r-xp 00000000 00:00 0                          [vdso]
ffffffffff600000-ffffffffff601000 --xp 00000000 00:00 0                  [vsyscall]

VM Arguments:
jvm_args: -Xbootclasspath/a:/usr/local/java/jdk1.8.0_301/jre/lib/rt.jar -Xverify:none 
java_command: org.eclipse.core.runtime.adaptor.EclipseStarter -debug
java_class_path (initial): ./sootOutput/eclipse/
Launcher Type: SUN_STANDARD

Logging:
Log output configuration:
#0: stdout all=warning uptime,level,tags
#1: stderr all=off uptime,level,tags

Environment Variables:
JAVA_HOME=/root/oracle/jdk-9.0.4
JRE_HOME=/root/oracle/jdk-9.0.4
CLASSPATH=.:/root/oracle/jdk-9.0.4/lib:/JVMfuzzing/htm/CFSynthesis/resource/commons-lang3-3.12.0/commons-lang3-3.12.0.jar
PATH=/root/oracle/jdk-9.0.4/bin:/root/.vscode-server/bin/da76f93349a72022ca4670c1b84860304616aaa2/bin/remote-cli:/root/oracle/jdk-9.0.4/bin:/usr/local/sbin:/usr/local/bin:/usr/sbin:/usr/bin:/sbin:/bin:/usr/games:/usr/local/games:/snap/bin
SHELL=/bin/bash

Signal Handlers:
SIGSEGV: [libjvm.so+0xd4d370], sa_mask[0]=11111111011111111101111111111110, sa_flags=SA_RESTART|SA_SIGINFO
SIGBUS: [libjvm.so+0xd4d370], sa_mask[0]=11111111011111111101111111111110, sa_flags=SA_RESTART|SA_SIGINFO
SIGFPE: [libjvm.so+0xd4d370], sa_mask[0]=11111111011111111101111111111110, sa_flags=SA_RESTART|SA_SIGINFO
SIGPIPE: [libjvm.so+0xb64780], sa_mask[0]=11111111011111111101111111111110, sa_flags=SA_RESTART|SA_SIGINFO
SIGXFSZ: [libjvm.so+0xb64780], sa_mask[0]=11111111011111111101111111111110, sa_flags=SA_RESTART|SA_SIGINFO
SIGILL: [libjvm.so+0xd4d370], sa_mask[0]=11111111011111111101111111111110, sa_flags=SA_RESTART|SA_SIGINFO
SIGUSR2: [libjvm.so+0xb64640], sa_mask[0]=00100000000000000000000000000000, sa_flags=SA_RESTART|SA_SIGINFO
SIGHUP: [libjvm.so+0xb64850], sa_mask[0]=11111111011111111101111111111110, sa_flags=SA_RESTART|SA_SIGINFO
SIGINT: [libjvm.so+0xb64850], sa_mask[0]=11111111011111111101111111111110, sa_flags=SA_RESTART|SA_SIGINFO
SIGTERM: [libjvm.so+0xb64850], sa_mask[0]=11111111011111111101111111111110, sa_flags=SA_RESTART|SA_SIGINFO
SIGQUIT: [libjvm.so+0xb64850], sa_mask[0]=11111111011111111101111111111110, sa_flags=SA_RESTART|SA_SIGINFO


---------------  S Y S T E M  ---------------

OS:DISTRIB_ID=Ubuntu
DISTRIB_RELEASE=20.04
DISTRIB_CODENAME=focal
DISTRIB_DESCRIPTION="Ubuntu 20.04.3 LTS"
uname:Linux 5.4.0-124-generic #140~18.04.1-Ubuntu SMP Fri Aug 5 11:43:34 UTC 2022 x86_64
libc:glibc 2.31 NPTL 2.31 
rlimit: STACK 8192k, CORE infinity, NPROC infinity, NOFILE 1048576, AS infinity
load average:45.99 40.57 38.63

/proc/meminfo:
MemTotal:       65549624 kB
MemFree:        11320096 kB
MemAvailable:   37669548 kB
Buffers:         5871636 kB
Cached:          3318392 kB
SwapCached:         8092 kB
Active:         28269772 kB
Inactive:        6137548 kB
Active(anon):   21221188 kB
Inactive(anon):  4017412 kB
Active(file):    7048584 kB
Inactive(file):  2120136 kB
Unevictable:          16 kB
Mlocked:              16 kB
SwapTotal:       2097148 kB
SwapFree:              0 kB
Dirty:             54780 kB
Writeback:             0 kB
AnonPages:      25209596 kB
Mapped:           822884 kB
Shmem:             25608 kB
KReclaimable:   17912656 kB
Slab:           19082000 kB
SReclaimable:   17912656 kB
SUnreclaim:      1169344 kB
KernelStack:       78464 kB
PageTables:       230764 kB
NFS_Unstable:          0 kB
Bounce:                0 kB
WritebackTmp:          0 kB
CommitLimit:    34871960 kB
Committed_AS:   78633788 kB
VmallocTotal:   34359738367 kB
VmallocUsed:      161104 kB
VmallocChunk:          0 kB
Percpu:            32512 kB
HardwareCorrupted:     0 kB
AnonHugePages:         0 kB
ShmemHugePages:        0 kB
ShmemPmdMapped:        0 kB
FileHugePages:         0 kB
FilePmdMapped:         0 kB
CmaTotal:              0 kB
CmaFree:               0 kB
HugePages_Total:       0
HugePages_Free:        0
HugePages_Rsvd:        0
HugePages_Surp:        0
Hugepagesize:       2048 kB
Hugetlb:               0 kB
DirectMap4k:    15497632 kB
DirectMap2M:    51298304 kB
DirectMap1G:           0 kB


CPU:total 28 (initial active 28) (14 cores per cpu, 2 threads per core) family 6 model 85 stepping 4, cmov, cx8, fxsr, mmx, sse, sse2, sse3, ssse3, sse4.1, sse4.2, popcnt, avx, avx2, aes, clmul, erms, rtm, 3dnowpref, lzcnt, ht, tsc, tscinvbit, bmi1, bmi2, adx, fma
CPU Model and flags from /proc/cpuinfo:
model name	: Intel(R) Core(TM) i9-9940X CPU @ 3.30GHz
flags		: fpu vme de pse tsc msr pae mce cx8 apic sep mtrr pge mca cmov pat pse36 clflush dts acpi mmx fxsr sse sse2 ss ht tm pbe syscall nx pdpe1gb rdtscp lm constant_tsc art arch_perfmon pebs bts rep_good nopl xtopology nonstop_tsc cpuid aperfmperf pni pclmulqdq dtes64 monitor ds_cpl vmx est tm2 ssse3 sdbg fma cx16 xtpr pdcm pcid dca sse4_1 sse4_2 x2apic movbe popcnt tsc_deadline_timer aes xsave avx f16c rdrand lahf_lm abm 3dnowprefetch cpuid_fault epb cat_l3 cdp_l3 invpcid_single pti ssbd mba ibrs ibpb stibp tpr_shadow vnmi flexpriority ept vpid ept_ad fsgsbase tsc_adjust bmi1 hle avx2 smep bmi2 erms invpcid rtm cqm mpx rdt_a avx512f avx512dq rdseed adx smap clflushopt clwb intel_pt avx512cd avx512bw avx512vl xsaveopt xsavec xgetbv1 xsaves cqm_llc cqm_occup_llc cqm_mbm_total cqm_mbm_local dtherm ida arat pln pts hwp hwp_act_window hwp_epp hwp_pkg_req md_clear flush_l1d arch_capabilities

Memory: 4k page, physical 65549624k(11320096k free), swap 2097148k(0k free)

vm_info: Java HotSpot(TM) 64-Bit Server VM (9.0.4+11) for linux-amd64 JRE (9.0.4+11), built on Dec 19 2017 18:12:19 by "mach5one" with gcc 4.9.2

END.
