#
# A fatal error has been detected by the Java Runtime Environment:
#
#  SIGSEGV (0xb) at pc=0x00007fca350edb2c, pid=29494, tid=29563
#
# JRE version: Java(TM) SE Runtime Environment (9.0+11) (build 9.0.4+11)
# Java VM: Java HotSpot(TM) 64-Bit Server VM (9.0.4+11, mixed mode, tiered, compressed oops, g1 gc, linux-amd64)
# Problematic frame:
# V  [libjvm.so+0x48eb2c]  Canonicalizer::do_If(If*)+0x1c
#
# Core dump will be written. Default location: Core dumps may be processed with "/usr/share/apport/apport -p%p -s%s -c%c -d%d -P%P -u%u -g%g -- %E" (or dumping to /JVMfuzzing/zjy/classming/Fuzzing-Testing-of-JVM-Implementations/core.29494)
#
# If you would like to submit a bug report, please visit:
#   http://bugreport.java.com/bugreport/crash.jsp
#

---------------  S U M M A R Y ------------

Command Line: -Xbootclasspath/a:/usr/local/java/jdk1.8.0_301/jre/lib/rt.jar -Xverify:none org.eclipse.core.runtime.adaptor.EclipseStarter -debug

Host: Intel(R) Core(TM) i9-9940X CPU @ 3.30GHz, 28 cores, 62G, Ubuntu 20.04.3 LTS
Time: Thu Nov  3 09:01:32 2022 UTC elapsed time: 0 seconds (0d 0h 0m 0s)

---------------  T H R E A D  ---------------

Current thread (0x00007fca302bd800):  JavaThread "C1 CompilerThread9" daemon [_thread_in_native, id=29563, stack(0x00007fc92d2f3000,0x00007fc92d3f4000)]


Current CompileTask:
C1:    609  245 %     3       org.eclipse.core.runtime.adaptor.EclipseStarter::main @ 527 (1499 bytes)

Stack: [0x00007fc92d2f3000,0x00007fc92d3f4000],  sp=0x00007fc92d3f20c0,  free space=1020k
Native frames: (J=compiled Java code, A=aot compiled Java code, j=interpreted, Vv=VM code, C=native code)
V  [libjvm.so+0x48eb2c]  Canonicalizer::do_If(If*)+0x1c
V  [libjvm.so+0x4a0452]  GraphBuilder::append_with_bci(Instruction*, int)+0x42
V  [libjvm.so+0x4a3526]  GraphBuilder::if_node(Instruction*, Instruction::Condition, Instruction*, ValueStack*)+0x2a6
V  [libjvm.so+0x4b1873]  GraphBuilder::iterate_bytecodes_for_block(int)+0x1e83
V  [libjvm.so+0x4b1ad5]  GraphBuilder::iterate_all_blocks(bool)+0x85
V  [libjvm.so+0x4b1ec9]  GraphBuilder::GraphBuilder(Compilation*, IRScope*)+0x389
V  [libjvm.so+0x4b70a8]  IR::IR(Compilation*, ciMethod*, int)+0x1e8
V  [libjvm.so+0x497832]  Compilation::build_hir() [clone .part.93]+0x162
V  [libjvm.so+0x499633]  Compilation::compile_java_method()+0x3c3
V  [libjvm.so+0x4997af]  Compilation::compile_method()+0x12f
V  [libjvm.so+0x499c31]  Compilation::Compilation(AbstractCompiler*, ciEnv*, ciMethod*, int, BufferBlob*, DirectiveSet*)+0x271
V  [libjvm.so+0x49ac1e]  Compiler::compile_method(ciEnv*, ciMethod*, int, DirectiveSet*)+0xae
V  [libjvm.so+0x6125ac]  CompileBroker::invoke_compiler_on_method(CompileTask*)+0x41c
V  [libjvm.so+0x61344b]  CompileBroker::compiler_thread_loop()+0x28b
V  [libjvm.so+0xcef338]  JavaThread::thread_main_inner()+0xd8
V  [libjvm.so+0xb6e132]  thread_native_entry(Thread*)+0xf2
C  [libpthread.so.0+0x9609]  start_thread+0xd9


siginfo: si_signo: 11 (SIGSEGV), si_code: 1 (SEGV_MAPERR), si_addr: 0x0000000000000018

Register to memory mapping:

RAX=0x0000000000000000 is an unknown value
RBX=0x00007fc8f00398e0 is an unknown value
RCX=0x00007fc92d3f2800 is pointing into the stack for thread: 0x00007fca302bd800
RDX=0x00007fc8f00398e0 is an unknown value
RSP=0x00007fc92d3f20c0 is pointing into the stack for thread: 0x00007fca302bd800
RBP=0x00007fc92d3f2130 is pointing into the stack for thread: 0x00007fca302bd800
RSI=0x00007fc8f00398e0 is an unknown value
RDI=0x00007fc92d3f2160 is pointing into the stack for thread: 0x00007fca302bd800
R8 =0x0000000000000000 is an unknown value
R9 =0x0000000000000037 is an unknown value
R10=0x0000000000000020 is an unknown value
R11=0x0000000000000000 is an unknown value
R12=0x00007fc8f0039980 is an unknown value
R13=0x00007fc92d3f2460 is pointing into the stack for thread: 0x00007fca302bd800
R14=0x00007fc8f00398e0 is an unknown value
R15=0x00007fc8f0039980 is an unknown value


Registers:
RAX=0x0000000000000000, RBX=0x00007fc8f00398e0, RCX=0x00007fc92d3f2800, RDX=0x00007fc8f00398e0
RSP=0x00007fc92d3f20c0, RBP=0x00007fc92d3f2130, RSI=0x00007fc8f00398e0, RDI=0x00007fc92d3f2160
R8 =0x0000000000000000, R9 =0x0000000000000037, R10=0x0000000000000020, R11=0x0000000000000000
R12=0x00007fc8f0039980, R13=0x00007fc92d3f2460, R14=0x00007fc8f00398e0, R15=0x00007fc8f0039980
RIP=0x00007fca350edb2c, EFLAGS=0x0000000000010206, CSGSFS=0x002b000000000033, ERR=0x0000000000000004
  TRAPNO=0x000000000000000e

Top of Stack: (sp=0x00007fc92d3f20c0)
0x00007fc92d3f20c0:   00007fc92d3f2130 00007fca35063eb7
0x00007fc92d3f20d0:   00007fc8f40a97d0 0000000000000000
0x00007fc92d3f20e0:   00007fc92d3f2110 00007fca3511a598
0x00007fc92d3f20f0:   00007fc8f40c4890 00007fc92d3f2160 

Instructions: (pc=0x00007fca350edb2c)
0x00007fca350edb0c:   ff 90 66 90 55 48 89 e5 41 57 41 56 41 55 41 54
0x00007fca350edb1c:   53 48 89 f3 48 83 ec 48 48 8b 46 70 48 89 7d c8
0x00007fca350edb2c:   48 8b 78 18 48 8b 07 ff 50 18 84 c0 0f 85 a2 00
0x00007fca350edb3c:   00 00 4c 8b 63 70 48 8b 83 80 00 00 00 49 39 c4 


---------------  P R O C E S S  ---------------

Java Threads: ( => current thread )
  0x00007fca30361000 JavaThread "Service Thread" daemon [_thread_blocked, id=29568, stack(0x00007fc92c9c6000,0x00007fc92cac7000)]
  0x00007fca302d1800 JavaThread "Common-Cleaner" daemon [_thread_blocked, id=29567, stack(0x00007fc92cac7000,0x00007fc92cbc8000)]
  0x00007fca302c2800 JavaThread "Sweeper thread" daemon [_thread_blocked, id=29566, stack(0x00007fc92cff0000,0x00007fc92d0f1000)]
  0x00007fca302c1000 JavaThread "C1 CompilerThread11" daemon [_thread_blocked, id=29565, stack(0x00007fc92d0f1000,0x00007fc92d1f2000)]
  0x00007fca302bf000 JavaThread "C1 CompilerThread10" daemon [_thread_blocked, id=29564, stack(0x00007fc92d1f2000,0x00007fc92d2f3000)]
=>0x00007fca302bd800 JavaThread "C1 CompilerThread9" daemon [_thread_in_native, id=29563, stack(0x00007fc92d2f3000,0x00007fc92d3f4000)]
  0x00007fca302bb800 JavaThread "C1 CompilerThread8" daemon [_thread_blocked, id=29562, stack(0x00007fc92d3f4000,0x00007fc92d4f5000)]
  0x00007fca302b9800 JavaThread "C2 CompilerThread7" daemon [_thread_blocked, id=29561, stack(0x00007fc92d4f5000,0x00007fc92d5f6000)]
  0x00007fca302b8000 JavaThread "C2 CompilerThread6" daemon [_thread_blocked, id=29560, stack(0x00007fc92d5f6000,0x00007fc92d6f7000)]
  0x00007fca302b6000 JavaThread "C2 CompilerThread5" daemon [_thread_blocked, id=29559, stack(0x00007fc92d6f7000,0x00007fc92d7f8000)]
  0x00007fca302b4800 JavaThread "C2 CompilerThread4" daemon [_thread_blocked, id=29556, stack(0x00007fc92d7f8000,0x00007fc92d8f9000)]
  0x00007fca302b2800 JavaThread "C2 CompilerThread3" daemon [_thread_blocked, id=29555, stack(0x00007fc92d8f9000,0x00007fc92d9fa000)]
  0x00007fca302b1000 JavaThread "C2 CompilerThread2" daemon [_thread_blocked, id=29552, stack(0x00007fc92d9fa000,0x00007fc92dafb000)]
  0x00007fca302af000 JavaThread "C2 CompilerThread1" daemon [_thread_blocked, id=29551, stack(0x00007fc92dafb000,0x00007fc92dbfc000)]
  0x00007fca302ad000 JavaThread "C2 CompilerThread0" daemon [_thread_blocked, id=29550, stack(0x00007fc92dbfc000,0x00007fc92dcfd000)]
  0x00007fca302ab000 JavaThread "Signal Dispatcher" daemon [_thread_blocked, id=29549, stack(0x00007fc92dcfd000,0x00007fc92ddfe000)]
  0x00007fca30291000 JavaThread "Finalizer" daemon [_thread_blocked, id=29548, stack(0x00007fc92ddfe000,0x00007fc92deff000)]
  0x00007fca30288800 JavaThread "Reference Handler" daemon [_thread_blocked, id=29547, stack(0x00007fc92deff000,0x00007fc92e000000)]
  0x00007fca30011800 JavaThread "main" [_thread_in_native, id=29496, stack(0x00007fca34a11000,0x00007fca34b10000)]

Other Threads:
  0x00007fca30281000 VMThread "VM Thread" [stack: 0x00007fc944002000,0x00007fc944102000] [id=29545]
  0x00007fca30364000 WatcherThread [stack: 0x00007fc92c8c6000,0x00007fc92c9c6000] [id=29569]
  0x00007fca30034000 GCTaskThread "GC Thread#0" [stack: 0x00007fca1577d000,0x00007fca1587d000] [id=29497]
  0x00007fca30035800 GCTaskThread "GC Thread#1" [stack: 0x00007fca1567b000,0x00007fca1577b000] [id=29498]
  0x00007fca30037000 GCTaskThread "GC Thread#2" [stack: 0x00007fca15579000,0x00007fca15679000] [id=29499]
  0x00007fca30039000 GCTaskThread "GC Thread#3" [stack: 0x00007fca15477000,0x00007fca15577000] [id=29500]
  0x00007fca3003a800 GCTaskThread "GC Thread#4" [stack: 0x00007fca15375000,0x00007fca15475000] [id=29501]
  0x00007fca3003c800 GCTaskThread "GC Thread#5" [stack: 0x00007fca15273000,0x00007fca15373000] [id=29502]
  0x00007fca3003e000 GCTaskThread "GC Thread#6" [stack: 0x00007fca15171000,0x00007fca15271000] [id=29503]
  0x00007fca3003f800 GCTaskThread "GC Thread#7" [stack: 0x00007fca1506f000,0x00007fca1516f000] [id=29504]
  0x00007fca30041800 GCTaskThread "GC Thread#8" [stack: 0x00007fca14f6d000,0x00007fca1506d000] [id=29505]
  0x00007fca30043000 GCTaskThread "GC Thread#9" [stack: 0x00007fca14e6b000,0x00007fca14f6b000] [id=29506]
  0x00007fca30045000 GCTaskThread "GC Thread#10" [stack: 0x00007fca14d69000,0x00007fca14e69000] [id=29507]
  0x00007fca30046800 GCTaskThread "GC Thread#11" [stack: 0x00007fca14c67000,0x00007fca14d67000] [id=29508]
  0x00007fca30048800 GCTaskThread "GC Thread#12" [stack: 0x00007fca14b65000,0x00007fca14c65000] [id=29509]
  0x00007fca3004a000 GCTaskThread "GC Thread#13" [stack: 0x00007fca14a63000,0x00007fca14b63000] [id=29510]
  0x00007fca3004c000 GCTaskThread "GC Thread#14" [stack: 0x00007fca14961000,0x00007fca14a61000] [id=29511]
  0x00007fca3004d800 GCTaskThread "GC Thread#15" [stack: 0x00007fca1485f000,0x00007fca1495f000] [id=29512]
  0x00007fca3004f800 GCTaskThread "GC Thread#16" [stack: 0x00007fca1475d000,0x00007fca1485d000] [id=29513]
  0x00007fca30051000 GCTaskThread "GC Thread#17" [stack: 0x00007fca1465b000,0x00007fca1475b000] [id=29514]
  0x00007fca30052800 GCTaskThread "GC Thread#18" [stack: 0x00007fca14559000,0x00007fca14659000] [id=29515]
  0x00007fca30054800 GCTaskThread "GC Thread#19" [stack: 0x00007fca14457000,0x00007fca14557000] [id=29516]
  0x00007fca3009f800 ConcurrentGCThread "G1 Main Marker" [stack: 0x00007fc9c545d000,0x00007fc9c555d000] [id=29538]
  0x00007fca300a1000 ConcurrentGCThread "G1 Marker#0" [stack: 0x00007fc9c535b000,0x00007fc9c545b000] [id=29539]
  0x00007fca300a3000 ConcurrentGCThread "G1 Marker#1" [stack: 0x00007fc9c5259000,0x00007fc9c5359000] [id=29540]
  0x00007fca300a4800 ConcurrentGCThread "G1 Marker#2" [stack: 0x00007fc9c5157000,0x00007fc9c5257000] [id=29541]
  0x00007fca300a6800 ConcurrentGCThread "G1 Marker#3" [stack: 0x00007fc9c5055000,0x00007fc9c5155000] [id=29542]
  0x00007fca300a8000 ConcurrentGCThread "G1 Marker#4" [stack: 0x00007fc9c4f53000,0x00007fc9c5053000] [id=29543]
  0x00007fca30079000 ConcurrentGCThread "G1 Refine#0" [stack: 0x00007fc9c5bca000,0x00007fc9c5cca000] [id=29536]
  0x00007fca30077000 ConcurrentGCThread "G1 Refine#1" [stack: 0x00007fc9c5ccc000,0x00007fc9c5dcc000] [id=29535]
  0x00007fca30075000 ConcurrentGCThread "G1 Refine#2" [stack: 0x00007fc9c5dce000,0x00007fc9c5ece000] [id=29534]
  0x00007fca30073800 ConcurrentGCThread "G1 Refine#3" [stack: 0x00007fc9c5ed0000,0x00007fc9c5fd0000] [id=29533]
  0x00007fca30071800 ConcurrentGCThread "G1 Refine#4" [stack: 0x00007fc9c5fd2000,0x00007fc9c60d2000] [id=29532]
  0x00007fca30070000 ConcurrentGCThread "G1 Refine#5" [stack: 0x00007fc9c60d4000,0x00007fc9c61d4000] [id=29531]
  0x00007fca3006e000 ConcurrentGCThread "G1 Refine#6" [stack: 0x00007fc9c61d6000,0x00007fc9c62d6000] [id=29530]
  0x00007fca3006c800 ConcurrentGCThread "G1 Refine#7" [stack: 0x00007fc9c62d8000,0x00007fc9c63d8000] [id=29529]
  0x00007fca3006a800 ConcurrentGCThread "G1 Refine#8" [stack: 0x00007fc9c63da000,0x00007fc9c64da000] [id=29528]
  0x00007fca30069000 ConcurrentGCThread "G1 Refine#9" [stack: 0x00007fc9c64dc000,0x00007fc9c65dc000] [id=29527]
  0x00007fca30067000 ConcurrentGCThread "G1 Refine#10" [stack: 0x00007fc9c65de000,0x00007fc9c66de000] [id=29526]
  0x00007fca30065000 ConcurrentGCThread "G1 Refine#11" [stack: 0x00007fc9c66e0000,0x00007fc9c67e0000] [id=29525]
  0x00007fca30063800 ConcurrentGCThread "G1 Refine#12" [stack: 0x00007fc9c67e2000,0x00007fc9c68e2000] [id=29524]
  0x00007fca30061800 ConcurrentGCThread "G1 Refine#13" [stack: 0x00007fc9c68e4000,0x00007fc9c69e4000] [id=29523]
  0x00007fca30060000 ConcurrentGCThread "G1 Refine#14" [stack: 0x00007fc9c69e6000,0x00007fc9c6ae6000] [id=29522]
  0x00007fca3005e000 ConcurrentGCThread "G1 Refine#15" [stack: 0x00007fc9c6ae8000,0x00007fc9c6be8000] [id=29521]
  0x00007fca3005c800 ConcurrentGCThread "G1 Refine#16" [stack: 0x00007fc9c6bea000,0x00007fc9c6cea000] [id=29520]
  0x00007fca3005a800 ConcurrentGCThread "G1 Refine#17" [stack: 0x00007fc9c6cec000,0x00007fc9c6dec000] [id=29519]
  0x00007fca30059000 ConcurrentGCThread "G1 Refine#18" [stack: 0x00007fc9c6dee000,0x00007fc9c6eee000] [id=29518]
  0x00007fca30057000 ConcurrentGCThread "G1 Refine#19" [stack: 0x00007fc9c6ef0000,0x00007fc9c6ff0000] [id=29517]
  0x00007fca3007a800 ConcurrentGCThread "G1 Young RemSet Sampling" [stack: 0x00007fc9c5ac8000,0x00007fc9c5bc8000] [id=29537]

Threads with active compile tasks:
C1 CompilerThread9 245 %     3       org.eclipse.core.runtime.adaptor.EclipseStarter::main @ 527 (1499 bytes)

VM state:not at safepoint (normal execution)

VM Mutex/Monitor currently owned by a thread: None

Heap address: 0x00000003d7c00000, size: 16004 MB, Compressed Oops mode: Zero based, Oop shift amount: 3
Narrow klass base: 0x0000000000000000, Narrow klass shift: 3
Compressed class space size: 1073741824 Address: 0x00000007c0000000

Heap:
 garbage-first heap   total 1028096K, used 8192K [0x00000003d7c00000, 0x00000003d80007d8, 0x00000007c0000000)
  region size 4096K, 3 young (12288K), 0 survivors (0K)
 Metaspace       used 4294K, capacity 4616K, committed 4864K, reserved 1056768K
  class space    used 356K, capacity 388K, committed 512K, reserved 1048576K
Heap Regions: E=young(eden), S=young(survivor), O=old, HS=humongous(starts), HC=humongous(continues), CS=collection set, F=free, A=archive, TS=gc time stamp, AC=allocation context, TAMS=top-at-mark-start (previous, next)
|   0|0x00000003d7c00000, 0x00000003d7c00000, 0x00000003d8000000|  0%| F|  |TS  0|AC  0|TAMS 0x00000003d7c00000, 0x00000003d7c00000|
|   1|0x00000003d8000000, 0x00000003d8000000, 0x00000003d8400000|  0%| F|  |TS  0|AC  0|TAMS 0x00000003d8000000, 0x00000003d8000000|
|   2|0x00000003d8400000, 0x00000003d8400000, 0x00000003d8800000|  0%| F|  |TS  0|AC  0|TAMS 0x00000003d8400000, 0x00000003d8400000|
|   3|0x00000003d8800000, 0x00000003d8800000, 0x00000003d8c00000|  0%| F|  |TS  0|AC  0|TAMS 0x00000003d8800000, 0x00000003d8800000|
|   4|0x00000003d8c00000, 0x00000003d8c00000, 0x00000003d9000000|  0%| F|  |TS  0|AC  0|TAMS 0x00000003d8c00000, 0x00000003d8c00000|
|   5|0x00000003d9000000, 0x00000003d9000000, 0x00000003d9400000|  0%| F|  |TS  0|AC  0|TAMS 0x00000003d9000000, 0x00000003d9000000|
|   6|0x00000003d9400000, 0x00000003d9400000, 0x00000003d9800000|  0%| F|  |TS  0|AC  0|TAMS 0x00000003d9400000, 0x00000003d9400000|
|   7|0x00000003d9800000, 0x00000003d9800000, 0x00000003d9c00000|  0%| F|  |TS  0|AC  0|TAMS 0x00000003d9800000, 0x00000003d9800000|
|   8|0x00000003d9c00000, 0x00000003d9c00000, 0x00000003da000000|  0%| F|  |TS  0|AC  0|TAMS 0x00000003d9c00000, 0x00000003d9c00000|
|   9|0x00000003da000000, 0x00000003da000000, 0x00000003da400000|  0%| F|  |TS  0|AC  0|TAMS 0x00000003da000000, 0x00000003da000000|
|  10|0x00000003da400000, 0x00000003da400000, 0x00000003da800000|  0%| F|  |TS  0|AC  0|TAMS 0x00000003da400000, 0x00000003da400000|
|  11|0x00000003da800000, 0x00000003da800000, 0x00000003dac00000|  0%| F|  |TS  0|AC  0|TAMS 0x00000003da800000, 0x00000003da800000|
|  12|0x00000003dac00000, 0x00000003dac00000, 0x00000003db000000|  0%| F|  |TS  0|AC  0|TAMS 0x00000003dac00000, 0x00000003dac00000|
|  13|0x00000003db000000, 0x00000003db000000, 0x00000003db400000|  0%| F|  |TS  0|AC  0|TAMS 0x00000003db000000, 0x00000003db000000|
|  14|0x00000003db400000, 0x00000003db400000, 0x00000003db800000|  0%| F|  |TS  0|AC  0|TAMS 0x00000003db400000, 0x00000003db400000|
|  15|0x00000003db800000, 0x00000003db800000, 0x00000003dbc00000|  0%| F|  |TS  0|AC  0|TAMS 0x00000003db800000, 0x00000003db800000|
|  16|0x00000003dbc00000, 0x00000003dbc00000, 0x00000003dc000000|  0%| F|  |TS  0|AC  0|TAMS 0x00000003dbc00000, 0x00000003dbc00000|
|  17|0x00000003dc000000, 0x00000003dc000000, 0x00000003dc400000|  0%| F|  |TS  0|AC  0|TAMS 0x00000003dc000000, 0x00000003dc000000|
|  18|0x00000003dc400000, 0x00000003dc400000, 0x00000003dc800000|  0%| F|  |TS  0|AC  0|TAMS 0x00000003dc400000, 0x00000003dc400000|
|  19|0x00000003dc800000, 0x00000003dc800000, 0x00000003dcc00000|  0%| F|  |TS  0|AC  0|TAMS 0x00000003dc800000, 0x00000003dc800000|
|  20|0x00000003dcc00000, 0x00000003dcc00000, 0x00000003dd000000|  0%| F|  |TS  0|AC  0|TAMS 0x00000003dcc00000, 0x00000003dcc00000|
|  21|0x00000003dd000000, 0x00000003dd000000, 0x00000003dd400000|  0%| F|  |TS  0|AC  0|TAMS 0x00000003dd000000, 0x00000003dd000000|
|  22|0x00000003dd400000, 0x00000003dd400000, 0x00000003dd800000|  0%| F|  |TS  0|AC  0|TAMS 0x00000003dd400000, 0x00000003dd400000|
|  23|0x00000003dd800000, 0x00000003dd800000, 0x00000003ddc00000|  0%| F|  |TS  0|AC  0|TAMS 0x00000003dd800000, 0x00000003dd800000|
|  24|0x00000003ddc00000, 0x00000003ddc00000, 0x00000003de000000|  0%| F|  |TS  0|AC  0|TAMS 0x00000003ddc00000, 0x00000003ddc00000|
|  25|0x00000003de000000, 0x00000003de000000, 0x00000003de400000|  0%| F|  |TS  0|AC  0|TAMS 0x00000003de000000, 0x00000003de000000|
|  26|0x00000003de400000, 0x00000003de400000, 0x00000003de800000|  0%| F|  |TS  0|AC  0|TAMS 0x00000003de400000, 0x00000003de400000|
|  27|0x00000003de800000, 0x00000003de800000, 0x00000003dec00000|  0%| F|  |TS  0|AC  0|TAMS 0x00000003de800000, 0x00000003de800000|
|  28|0x00000003dec00000, 0x00000003dec00000, 0x00000003df000000|  0%| F|  |TS  0|AC  0|TAMS 0x00000003dec00000, 0x00000003dec00000|
|  29|0x00000003df000000, 0x00000003df000000, 0x00000003df400000|  0%| F|  |TS  0|AC  0|TAMS 0x00000003df000000, 0x00000003df000000|
|  30|0x00000003df400000, 0x00000003df400000, 0x00000003df800000|  0%| F|  |TS  0|AC  0|TAMS 0x00000003df400000, 0x00000003df400000|
|  31|0x00000003df800000, 0x00000003df800000, 0x00000003dfc00000|  0%| F|  |TS  0|AC  0|TAMS 0x00000003df800000, 0x00000003df800000|
|  32|0x00000003dfc00000, 0x00000003dfc00000, 0x00000003e0000000|  0%| F|  |TS  0|AC  0|TAMS 0x00000003dfc00000, 0x00000003dfc00000|
|  33|0x00000003e0000000, 0x00000003e0000000, 0x00000003e0400000|  0%| F|  |TS  0|AC  0|TAMS 0x00000003e0000000, 0x00000003e0000000|
|  34|0x00000003e0400000, 0x00000003e0400000, 0x00000003e0800000|  0%| F|  |TS  0|AC  0|TAMS 0x00000003e0400000, 0x00000003e0400000|
|  35|0x00000003e0800000, 0x00000003e0800000, 0x00000003e0c00000|  0%| F|  |TS  0|AC  0|TAMS 0x00000003e0800000, 0x00000003e0800000|
|  36|0x00000003e0c00000, 0x00000003e0c00000, 0x00000003e1000000|  0%| F|  |TS  0|AC  0|TAMS 0x00000003e0c00000, 0x00000003e0c00000|
|  37|0x00000003e1000000, 0x00000003e1000000, 0x00000003e1400000|  0%| F|  |TS  0|AC  0|TAMS 0x00000003e1000000, 0x00000003e1000000|
|  38|0x00000003e1400000, 0x00000003e1400000, 0x00000003e1800000|  0%| F|  |TS  0|AC  0|TAMS 0x00000003e1400000, 0x00000003e1400000|
|  39|0x00000003e1800000, 0x00000003e1800000, 0x00000003e1c00000|  0%| F|  |TS  0|AC  0|TAMS 0x00000003e1800000, 0x00000003e1800000|
|  40|0x00000003e1c00000, 0x00000003e1c00000, 0x00000003e2000000|  0%| F|  |TS  0|AC  0|TAMS 0x00000003e1c00000, 0x00000003e1c00000|
|  41|0x00000003e2000000, 0x00000003e2000000, 0x00000003e2400000|  0%| F|  |TS  0|AC  0|TAMS 0x00000003e2000000, 0x00000003e2000000|
|  42|0x00000003e2400000, 0x00000003e2400000, 0x00000003e2800000|  0%| F|  |TS  0|AC  0|TAMS 0x00000003e2400000, 0x00000003e2400000|
|  43|0x00000003e2800000, 0x00000003e2800000, 0x00000003e2c00000|  0%| F|  |TS  0|AC  0|TAMS 0x00000003e2800000, 0x00000003e2800000|
|  44|0x00000003e2c00000, 0x00000003e2c00000, 0x00000003e3000000|  0%| F|  |TS  0|AC  0|TAMS 0x00000003e2c00000, 0x00000003e2c00000|
|  45|0x00000003e3000000, 0x00000003e3000000, 0x00000003e3400000|  0%| F|  |TS  0|AC  0|TAMS 0x00000003e3000000, 0x00000003e3000000|
|  46|0x00000003e3400000, 0x00000003e3400000, 0x00000003e3800000|  0%| F|  |TS  0|AC  0|TAMS 0x00000003e3400000, 0x00000003e3400000|
|  47|0x00000003e3800000, 0x00000003e3800000, 0x00000003e3c00000|  0%| F|  |TS  0|AC  0|TAMS 0x00000003e3800000, 0x00000003e3800000|
|  48|0x00000003e3c00000, 0x00000003e3c00000, 0x00000003e4000000|  0%| F|  |TS  0|AC  0|TAMS 0x00000003e3c00000, 0x00000003e3c00000|
|  49|0x00000003e4000000, 0x00000003e4000000, 0x00000003e4400000|  0%| F|  |TS  0|AC  0|TAMS 0x00000003e4000000, 0x00000003e4000000|
|  50|0x00000003e4400000, 0x00000003e4400000, 0x00000003e4800000|  0%| F|  |TS  0|AC  0|TAMS 0x00000003e4400000, 0x00000003e4400000|
|  51|0x00000003e4800000, 0x00000003e4800000, 0x00000003e4c00000|  0%| F|  |TS  0|AC  0|TAMS 0x00000003e4800000, 0x00000003e4800000|
|  52|0x00000003e4c00000, 0x00000003e4c00000, 0x00000003e5000000|  0%| F|  |TS  0|AC  0|TAMS 0x00000003e4c00000, 0x00000003e4c00000|
|  53|0x00000003e5000000, 0x00000003e5000000, 0x00000003e5400000|  0%| F|  |TS  0|AC  0|TAMS 0x00000003e5000000, 0x00000003e5000000|
|  54|0x00000003e5400000, 0x00000003e5400000, 0x00000003e5800000|  0%| F|  |TS  0|AC  0|TAMS 0x00000003e5400000, 0x00000003e5400000|
|  55|0x00000003e5800000, 0x00000003e5800000, 0x00000003e5c00000|  0%| F|  |TS  0|AC  0|TAMS 0x00000003e5800000, 0x00000003e5800000|
|  56|0x00000003e5c00000, 0x00000003e5c00000, 0x00000003e6000000|  0%| F|  |TS  0|AC  0|TAMS 0x00000003e5c00000, 0x00000003e5c00000|
|  57|0x00000003e6000000, 0x00000003e6000000, 0x00000003e6400000|  0%| F|  |TS  0|AC  0|TAMS 0x00000003e6000000, 0x00000003e6000000|
|  58|0x00000003e6400000, 0x00000003e6400000, 0x00000003e6800000|  0%| F|  |TS  0|AC  0|TAMS 0x00000003e6400000, 0x00000003e6400000|
|  59|0x00000003e6800000, 0x00000003e6800000, 0x00000003e6c00000|  0%| F|  |TS  0|AC  0|TAMS 0x00000003e6800000, 0x00000003e6800000|
|  60|0x00000003e6c00000, 0x00000003e6c00000, 0x00000003e7000000|  0%| F|  |TS  0|AC  0|TAMS 0x00000003e6c00000, 0x00000003e6c00000|
|  61|0x00000003e7000000, 0x00000003e7000000, 0x00000003e7400000|  0%| F|  |TS  0|AC  0|TAMS 0x00000003e7000000, 0x00000003e7000000|
|  62|0x00000003e7400000, 0x00000003e7400000, 0x00000003e7800000|  0%| F|  |TS  0|AC  0|TAMS 0x00000003e7400000, 0x00000003e7400000|
|  63|0x00000003e7800000, 0x00000003e7800000, 0x00000003e7c00000|  0%| F|  |TS  0|AC  0|TAMS 0x00000003e7800000, 0x00000003e7800000|
|  64|0x00000003e7c00000, 0x00000003e7c00000, 0x00000003e8000000|  0%| F|  |TS  0|AC  0|TAMS 0x00000003e7c00000, 0x00000003e7c00000|
|  65|0x00000003e8000000, 0x00000003e8000000, 0x00000003e8400000|  0%| F|  |TS  0|AC  0|TAMS 0x00000003e8000000, 0x00000003e8000000|
|  66|0x00000003e8400000, 0x00000003e8400000, 0x00000003e8800000|  0%| F|  |TS  0|AC  0|TAMS 0x00000003e8400000, 0x00000003e8400000|
|  67|0x00000003e8800000, 0x00000003e8800000, 0x00000003e8c00000|  0%| F|  |TS  0|AC  0|TAMS 0x00000003e8800000, 0x00000003e8800000|
|  68|0x00000003e8c00000, 0x00000003e8c00000, 0x00000003e9000000|  0%| F|  |TS  0|AC  0|TAMS 0x00000003e8c00000, 0x00000003e8c00000|
|  69|0x00000003e9000000, 0x00000003e9000000, 0x00000003e9400000|  0%| F|  |TS  0|AC  0|TAMS 0x00000003e9000000, 0x00000003e9000000|
|  70|0x00000003e9400000, 0x00000003e9400000, 0x00000003e9800000|  0%| F|  |TS  0|AC  0|TAMS 0x00000003e9400000, 0x00000003e9400000|
|  71|0x00000003e9800000, 0x00000003e9800000, 0x00000003e9c00000|  0%| F|  |TS  0|AC  0|TAMS 0x00000003e9800000, 0x00000003e9800000|
|  72|0x00000003e9c00000, 0x00000003e9c00000, 0x00000003ea000000|  0%| F|  |TS  0|AC  0|TAMS 0x00000003e9c00000, 0x00000003e9c00000|
|  73|0x00000003ea000000, 0x00000003ea000000, 0x00000003ea400000|  0%| F|  |TS  0|AC  0|TAMS 0x00000003ea000000, 0x00000003ea000000|
|  74|0x00000003ea400000, 0x00000003ea400000, 0x00000003ea800000|  0%| F|  |TS  0|AC  0|TAMS 0x00000003ea400000, 0x00000003ea400000|
|  75|0x00000003ea800000, 0x00000003ea800000, 0x00000003eac00000|  0%| F|  |TS  0|AC  0|TAMS 0x00000003ea800000, 0x00000003ea800000|
|  76|0x00000003eac00000, 0x00000003eac00000, 0x00000003eb000000|  0%| F|  |TS  0|AC  0|TAMS 0x00000003eac00000, 0x00000003eac00000|
|  77|0x00000003eb000000, 0x00000003eb000000, 0x00000003eb400000|  0%| F|  |TS  0|AC  0|TAMS 0x00000003eb000000, 0x00000003eb000000|
|  78|0x00000003eb400000, 0x00000003eb400000, 0x00000003eb800000|  0%| F|  |TS  0|AC  0|TAMS 0x00000003eb400000, 0x00000003eb400000|
|  79|0x00000003eb800000, 0x00000003eb800000, 0x00000003ebc00000|  0%| F|  |TS  0|AC  0|TAMS 0x00000003eb800000, 0x00000003eb800000|
|  80|0x00000003ebc00000, 0x00000003ebc00000, 0x00000003ec000000|  0%| F|  |TS  0|AC  0|TAMS 0x00000003ebc00000, 0x00000003ebc00000|
|  81|0x00000003ec000000, 0x00000003ec000000, 0x00000003ec400000|  0%| F|  |TS  0|AC  0|TAMS 0x00000003ec000000, 0x00000003ec000000|
|  82|0x00000003ec400000, 0x00000003ec400000, 0x00000003ec800000|  0%| F|  |TS  0|AC  0|TAMS 0x00000003ec400000, 0x00000003ec400000|
|  83|0x00000003ec800000, 0x00000003ec800000, 0x00000003ecc00000|  0%| F|  |TS  0|AC  0|TAMS 0x00000003ec800000, 0x00000003ec800000|
|  84|0x00000003ecc00000, 0x00000003ecc00000, 0x00000003ed000000|  0%| F|  |TS  0|AC  0|TAMS 0x00000003ecc00000, 0x00000003ecc00000|
|  85|0x00000003ed000000, 0x00000003ed000000, 0x00000003ed400000|  0%| F|  |TS  0|AC  0|TAMS 0x00000003ed000000, 0x00000003ed000000|
|  86|0x00000003ed400000, 0x00000003ed400000, 0x00000003ed800000|  0%| F|  |TS  0|AC  0|TAMS 0x00000003ed400000, 0x00000003ed400000|
|  87|0x00000003ed800000, 0x00000003ed800000, 0x00000003edc00000|  0%| F|  |TS  0|AC  0|TAMS 0x00000003ed800000, 0x00000003ed800000|
|  88|0x00000003edc00000, 0x00000003edc00000, 0x00000003ee000000|  0%| F|  |TS  0|AC  0|TAMS 0x00000003edc00000, 0x00000003edc00000|
|  89|0x00000003ee000000, 0x00000003ee000000, 0x00000003ee400000|  0%| F|  |TS  0|AC  0|TAMS 0x00000003ee000000, 0x00000003ee000000|
|  90|0x00000003ee400000, 0x00000003ee400000, 0x00000003ee800000|  0%| F|  |TS  0|AC  0|TAMS 0x00000003ee400000, 0x00000003ee400000|
|  91|0x00000003ee800000, 0x00000003ee800000, 0x00000003eec00000|  0%| F|  |TS  0|AC  0|TAMS 0x00000003ee800000, 0x00000003ee800000|
|  92|0x00000003eec00000, 0x00000003eec00000, 0x00000003ef000000|  0%| F|  |TS  0|AC  0|TAMS 0x00000003eec00000, 0x00000003eec00000|
|  93|0x00000003ef000000, 0x00000003ef000000, 0x00000003ef400000|  0%| F|  |TS  0|AC  0|TAMS 0x00000003ef000000, 0x00000003ef000000|
|  94|0x00000003ef400000, 0x00000003ef400000, 0x00000003ef800000|  0%| F|  |TS  0|AC  0|TAMS 0x00000003ef400000, 0x00000003ef400000|
|  95|0x00000003ef800000, 0x00000003ef800000, 0x00000003efc00000|  0%| F|  |TS  0|AC  0|TAMS 0x00000003ef800000, 0x00000003ef800000|
|  96|0x00000003efc00000, 0x00000003efc00000, 0x00000003f0000000|  0%| F|  |TS  0|AC  0|TAMS 0x00000003efc00000, 0x00000003efc00000|
|  97|0x00000003f0000000, 0x00000003f0000000, 0x00000003f0400000|  0%| F|  |TS  0|AC  0|TAMS 0x00000003f0000000, 0x00000003f0000000|
|  98|0x00000003f0400000, 0x00000003f0400000, 0x00000003f0800000|  0%| F|  |TS  0|AC  0|TAMS 0x00000003f0400000, 0x00000003f0400000|
|  99|0x00000003f0800000, 0x00000003f0800000, 0x00000003f0c00000|  0%| F|  |TS  0|AC  0|TAMS 0x00000003f0800000, 0x00000003f0800000|
| 100|0x00000003f0c00000, 0x00000003f0c00000, 0x00000003f1000000|  0%| F|  |TS  0|AC  0|TAMS 0x00000003f0c00000, 0x00000003f0c00000|
| 101|0x00000003f1000000, 0x00000003f1000000, 0x00000003f1400000|  0%| F|  |TS  0|AC  0|TAMS 0x00000003f1000000, 0x00000003f1000000|
| 102|0x00000003f1400000, 0x00000003f1400000, 0x00000003f1800000|  0%| F|  |TS  0|AC  0|TAMS 0x00000003f1400000, 0x00000003f1400000|
| 103|0x00000003f1800000, 0x00000003f1800000, 0x00000003f1c00000|  0%| F|  |TS  0|AC  0|TAMS 0x00000003f1800000, 0x00000003f1800000|
| 104|0x00000003f1c00000, 0x00000003f1c00000, 0x00000003f2000000|  0%| F|  |TS  0|AC  0|TAMS 0x00000003f1c00000, 0x00000003f1c00000|
| 105|0x00000003f2000000, 0x00000003f2000000, 0x00000003f2400000|  0%| F|  |TS  0|AC  0|TAMS 0x00000003f2000000, 0x00000003f2000000|
| 106|0x00000003f2400000, 0x00000003f2400000, 0x00000003f2800000|  0%| F|  |TS  0|AC  0|TAMS 0x00000003f2400000, 0x00000003f2400000|
| 107|0x00000003f2800000, 0x00000003f2800000, 0x00000003f2c00000|  0%| F|  |TS  0|AC  0|TAMS 0x00000003f2800000, 0x00000003f2800000|
| 108|0x00000003f2c00000, 0x00000003f2c00000, 0x00000003f3000000|  0%| F|  |TS  0|AC  0|TAMS 0x00000003f2c00000, 0x00000003f2c00000|
| 109|0x00000003f3000000, 0x00000003f3000000, 0x00000003f3400000|  0%| F|  |TS  0|AC  0|TAMS 0x00000003f3000000, 0x00000003f3000000|
| 110|0x00000003f3400000, 0x00000003f3400000, 0x00000003f3800000|  0%| F|  |TS  0|AC  0|TAMS 0x00000003f3400000, 0x00000003f3400000|
| 111|0x00000003f3800000, 0x00000003f3800000, 0x00000003f3c00000|  0%| F|  |TS  0|AC  0|TAMS 0x00000003f3800000, 0x00000003f3800000|
| 112|0x00000003f3c00000, 0x00000003f3c00000, 0x00000003f4000000|  0%| F|  |TS  0|AC  0|TAMS 0x00000003f3c00000, 0x00000003f3c00000|
| 113|0x00000003f4000000, 0x00000003f4000000, 0x00000003f4400000|  0%| F|  |TS  0|AC  0|TAMS 0x00000003f4000000, 0x00000003f4000000|
| 114|0x00000003f4400000, 0x00000003f4400000, 0x00000003f4800000|  0%| F|  |TS  0|AC  0|TAMS 0x00000003f4400000, 0x00000003f4400000|
| 115|0x00000003f4800000, 0x00000003f4800000, 0x00000003f4c00000|  0%| F|  |TS  0|AC  0|TAMS 0x00000003f4800000, 0x00000003f4800000|
| 116|0x00000003f4c00000, 0x00000003f4c00000, 0x00000003f5000000|  0%| F|  |TS  0|AC  0|TAMS 0x00000003f4c00000, 0x00000003f4c00000|
| 117|0x00000003f5000000, 0x00000003f5000000, 0x00000003f5400000|  0%| F|  |TS  0|AC  0|TAMS 0x00000003f5000000, 0x00000003f5000000|
| 118|0x00000003f5400000, 0x00000003f5400000, 0x00000003f5800000|  0%| F|  |TS  0|AC  0|TAMS 0x00000003f5400000, 0x00000003f5400000|
| 119|0x00000003f5800000, 0x00000003f5800000, 0x00000003f5c00000|  0%| F|  |TS  0|AC  0|TAMS 0x00000003f5800000, 0x00000003f5800000|
| 120|0x00000003f5c00000, 0x00000003f5c00000, 0x00000003f6000000|  0%| F|  |TS  0|AC  0|TAMS 0x00000003f5c00000, 0x00000003f5c00000|
| 121|0x00000003f6000000, 0x00000003f6000000, 0x00000003f6400000|  0%| F|  |TS  0|AC  0|TAMS 0x00000003f6000000, 0x00000003f6000000|
| 122|0x00000003f6400000, 0x00000003f6400000, 0x00000003f6800000|  0%| F|  |TS  0|AC  0|TAMS 0x00000003f6400000, 0x00000003f6400000|
| 123|0x00000003f6800000, 0x00000003f6800000, 0x00000003f6c00000|  0%| F|  |TS  0|AC  0|TAMS 0x00000003f6800000, 0x00000003f6800000|
| 124|0x00000003f6c00000, 0x00000003f6c00000, 0x00000003f7000000|  0%| F|  |TS  0|AC  0|TAMS 0x00000003f6c00000, 0x00000003f6c00000|
| 125|0x00000003f7000000, 0x00000003f7000000, 0x00000003f7400000|  0%| F|  |TS  0|AC  0|TAMS 0x00000003f7000000, 0x00000003f7000000|
| 126|0x00000003f7400000, 0x00000003f7400000, 0x00000003f7800000|  0%| F|  |TS  0|AC  0|TAMS 0x00000003f7400000, 0x00000003f7400000|
| 127|0x00000003f7800000, 0x00000003f7800000, 0x00000003f7c00000|  0%| F|  |TS  0|AC  0|TAMS 0x00000003f7800000, 0x00000003f7800000|
| 128|0x00000003f7c00000, 0x00000003f7c00000, 0x00000003f8000000|  0%| F|  |TS  0|AC  0|TAMS 0x00000003f7c00000, 0x00000003f7c00000|
| 129|0x00000003f8000000, 0x00000003f8000000, 0x00000003f8400000|  0%| F|  |TS  0|AC  0|TAMS 0x00000003f8000000, 0x00000003f8000000|
| 130|0x00000003f8400000, 0x00000003f8400000, 0x00000003f8800000|  0%| F|  |TS  0|AC  0|TAMS 0x00000003f8400000, 0x00000003f8400000|
| 131|0x00000003f8800000, 0x00000003f8800000, 0x00000003f8c00000|  0%| F|  |TS  0|AC  0|TAMS 0x00000003f8800000, 0x00000003f8800000|
| 132|0x00000003f8c00000, 0x00000003f8c00000, 0x00000003f9000000|  0%| F|  |TS  0|AC  0|TAMS 0x00000003f8c00000, 0x00000003f8c00000|
| 133|0x00000003f9000000, 0x00000003f9000000, 0x00000003f9400000|  0%| F|  |TS  0|AC  0|TAMS 0x00000003f9000000, 0x00000003f9000000|
| 134|0x00000003f9400000, 0x00000003f9400000, 0x00000003f9800000|  0%| F|  |TS  0|AC  0|TAMS 0x00000003f9400000, 0x00000003f9400000|
| 135|0x00000003f9800000, 0x00000003f9800000, 0x00000003f9c00000|  0%| F|  |TS  0|AC  0|TAMS 0x00000003f9800000, 0x00000003f9800000|
| 136|0x00000003f9c00000, 0x00000003f9c00000, 0x00000003fa000000|  0%| F|  |TS  0|AC  0|TAMS 0x00000003f9c00000, 0x00000003f9c00000|
| 137|0x00000003fa000000, 0x00000003fa000000, 0x00000003fa400000|  0%| F|  |TS  0|AC  0|TAMS 0x00000003fa000000, 0x00000003fa000000|
| 138|0x00000003fa400000, 0x00000003fa400000, 0x00000003fa800000|  0%| F|  |TS  0|AC  0|TAMS 0x00000003fa400000, 0x00000003fa400000|
| 139|0x00000003fa800000, 0x00000003fa800000, 0x00000003fac00000|  0%| F|  |TS  0|AC  0|TAMS 0x00000003fa800000, 0x00000003fa800000|
| 140|0x00000003fac00000, 0x00000003fac00000, 0x00000003fb000000|  0%| F|  |TS  0|AC  0|TAMS 0x00000003fac00000, 0x00000003fac00000|
| 141|0x00000003fb000000, 0x00000003fb000000, 0x00000003fb400000|  0%| F|  |TS  0|AC  0|TAMS 0x00000003fb000000, 0x00000003fb000000|
| 142|0x00000003fb400000, 0x00000003fb400000, 0x00000003fb800000|  0%| F|  |TS  0|AC  0|TAMS 0x00000003fb400000, 0x00000003fb400000|
| 143|0x00000003fb800000, 0x00000003fb800000, 0x00000003fbc00000|  0%| F|  |TS  0|AC  0|TAMS 0x00000003fb800000, 0x00000003fb800000|
| 144|0x00000003fbc00000, 0x00000003fbc00000, 0x00000003fc000000|  0%| F|  |TS  0|AC  0|TAMS 0x00000003fbc00000, 0x00000003fbc00000|
| 145|0x00000003fc000000, 0x00000003fc000000, 0x00000003fc400000|  0%| F|  |TS  0|AC  0|TAMS 0x00000003fc000000, 0x00000003fc000000|
| 146|0x00000003fc400000, 0x00000003fc400000, 0x00000003fc800000|  0%| F|  |TS  0|AC  0|TAMS 0x00000003fc400000, 0x00000003fc400000|
| 147|0x00000003fc800000, 0x00000003fc800000, 0x00000003fcc00000|  0%| F|  |TS  0|AC  0|TAMS 0x00000003fc800000, 0x00000003fc800000|
| 148|0x00000003fcc00000, 0x00000003fcc00000, 0x00000003fd000000|  0%| F|  |TS  0|AC  0|TAMS 0x00000003fcc00000, 0x00000003fcc00000|
| 149|0x00000003fd000000, 0x00000003fd000000, 0x00000003fd400000|  0%| F|  |TS  0|AC  0|TAMS 0x00000003fd000000, 0x00000003fd000000|
| 150|0x00000003fd400000, 0x00000003fd400000, 0x00000003fd800000|  0%| F|  |TS  0|AC  0|TAMS 0x00000003fd400000, 0x00000003fd400000|
| 151|0x00000003fd800000, 0x00000003fd800000, 0x00000003fdc00000|  0%| F|  |TS  0|AC  0|TAMS 0x00000003fd800000, 0x00000003fd800000|
| 152|0x00000003fdc00000, 0x00000003fdc00000, 0x00000003fe000000|  0%| F|  |TS  0|AC  0|TAMS 0x00000003fdc00000, 0x00000003fdc00000|
| 153|0x00000003fe000000, 0x00000003fe000000, 0x00000003fe400000|  0%| F|  |TS  0|AC  0|TAMS 0x00000003fe000000, 0x00000003fe000000|
| 154|0x00000003fe400000, 0x00000003fe400000, 0x00000003fe800000|  0%| F|  |TS  0|AC  0|TAMS 0x00000003fe400000, 0x00000003fe400000|
| 155|0x00000003fe800000, 0x00000003fe800000, 0x00000003fec00000|  0%| F|  |TS  0|AC  0|TAMS 0x00000003fe800000, 0x00000003fe800000|
| 156|0x00000003fec00000, 0x00000003fec00000, 0x00000003ff000000|  0%| F|  |TS  0|AC  0|TAMS 0x00000003fec00000, 0x00000003fec00000|
| 157|0x00000003ff000000, 0x00000003ff000000, 0x00000003ff400000|  0%| F|  |TS  0|AC  0|TAMS 0x00000003ff000000, 0x00000003ff000000|
| 158|0x00000003ff400000, 0x00000003ff400000, 0x00000003ff800000|  0%| F|  |TS  0|AC  0|TAMS 0x00000003ff400000, 0x00000003ff400000|
| 159|0x00000003ff800000, 0x00000003ff800000, 0x00000003ffc00000|  0%| F|  |TS  0|AC  0|TAMS 0x00000003ff800000, 0x00000003ff800000|
| 160|0x00000003ffc00000, 0x00000003ffc00000, 0x0000000400000000|  0%| F|  |TS  0|AC  0|TAMS 0x00000003ffc00000, 0x00000003ffc00000|
| 161|0x0000000400000000, 0x0000000400000000, 0x0000000400400000|  0%| F|  |TS  0|AC  0|TAMS 0x0000000400000000, 0x0000000400000000|
| 162|0x0000000400400000, 0x0000000400400000, 0x0000000400800000|  0%| F|  |TS  0|AC  0|TAMS 0x0000000400400000, 0x0000000400400000|
| 163|0x0000000400800000, 0x0000000400800000, 0x0000000400c00000|  0%| F|  |TS  0|AC  0|TAMS 0x0000000400800000, 0x0000000400800000|
| 164|0x0000000400c00000, 0x0000000400c00000, 0x0000000401000000|  0%| F|  |TS  0|AC  0|TAMS 0x0000000400c00000, 0x0000000400c00000|
| 165|0x0000000401000000, 0x0000000401000000, 0x0000000401400000|  0%| F|  |TS  0|AC  0|TAMS 0x0000000401000000, 0x0000000401000000|
| 166|0x0000000401400000, 0x0000000401400000, 0x0000000401800000|  0%| F|  |TS  0|AC  0|TAMS 0x0000000401400000, 0x0000000401400000|
| 167|0x0000000401800000, 0x0000000401800000, 0x0000000401c00000|  0%| F|  |TS  0|AC  0|TAMS 0x0000000401800000, 0x0000000401800000|
| 168|0x0000000401c00000, 0x0000000401c00000, 0x0000000402000000|  0%| F|  |TS  0|AC  0|TAMS 0x0000000401c00000, 0x0000000401c00000|
| 169|0x0000000402000000, 0x0000000402000000, 0x0000000402400000|  0%| F|  |TS  0|AC  0|TAMS 0x0000000402000000, 0x0000000402000000|
| 170|0x0000000402400000, 0x0000000402400000, 0x0000000402800000|  0%| F|  |TS  0|AC  0|TAMS 0x0000000402400000, 0x0000000402400000|
| 171|0x0000000402800000, 0x0000000402800000, 0x0000000402c00000|  0%| F|  |TS  0|AC  0|TAMS 0x0000000402800000, 0x0000000402800000|
| 172|0x0000000402c00000, 0x0000000402c00000, 0x0000000403000000|  0%| F|  |TS  0|AC  0|TAMS 0x0000000402c00000, 0x0000000402c00000|
| 173|0x0000000403000000, 0x0000000403000000, 0x0000000403400000|  0%| F|  |TS  0|AC  0|TAMS 0x0000000403000000, 0x0000000403000000|
| 174|0x0000000403400000, 0x0000000403400000, 0x0000000403800000|  0%| F|  |TS  0|AC  0|TAMS 0x0000000403400000, 0x0000000403400000|
| 175|0x0000000403800000, 0x0000000403800000, 0x0000000403c00000|  0%| F|  |TS  0|AC  0|TAMS 0x0000000403800000, 0x0000000403800000|
| 176|0x0000000403c00000, 0x0000000403c00000, 0x0000000404000000|  0%| F|  |TS  0|AC  0|TAMS 0x0000000403c00000, 0x0000000403c00000|
| 177|0x0000000404000000, 0x0000000404000000, 0x0000000404400000|  0%| F|  |TS  0|AC  0|TAMS 0x0000000404000000, 0x0000000404000000|
| 178|0x0000000404400000, 0x0000000404400000, 0x0000000404800000|  0%| F|  |TS  0|AC  0|TAMS 0x0000000404400000, 0x0000000404400000|
| 179|0x0000000404800000, 0x0000000404800000, 0x0000000404c00000|  0%| F|  |TS  0|AC  0|TAMS 0x0000000404800000, 0x0000000404800000|
| 180|0x0000000404c00000, 0x0000000404c00000, 0x0000000405000000|  0%| F|  |TS  0|AC  0|TAMS 0x0000000404c00000, 0x0000000404c00000|
| 181|0x0000000405000000, 0x0000000405000000, 0x0000000405400000|  0%| F|  |TS  0|AC  0|TAMS 0x0000000405000000, 0x0000000405000000|
| 182|0x0000000405400000, 0x0000000405400000, 0x0000000405800000|  0%| F|  |TS  0|AC  0|TAMS 0x0000000405400000, 0x0000000405400000|
| 183|0x0000000405800000, 0x0000000405800000, 0x0000000405c00000|  0%| F|  |TS  0|AC  0|TAMS 0x0000000405800000, 0x0000000405800000|
| 184|0x0000000405c00000, 0x0000000405c00000, 0x0000000406000000|  0%| F|  |TS  0|AC  0|TAMS 0x0000000405c00000, 0x0000000405c00000|
| 185|0x0000000406000000, 0x0000000406000000, 0x0000000406400000|  0%| F|  |TS  0|AC  0|TAMS 0x0000000406000000, 0x0000000406000000|
| 186|0x0000000406400000, 0x0000000406400000, 0x0000000406800000|  0%| F|  |TS  0|AC  0|TAMS 0x0000000406400000, 0x0000000406400000|
| 187|0x0000000406800000, 0x0000000406800000, 0x0000000406c00000|  0%| F|  |TS  0|AC  0|TAMS 0x0000000406800000, 0x0000000406800000|
| 188|0x0000000406c00000, 0x0000000406c00000, 0x0000000407000000|  0%| F|  |TS  0|AC  0|TAMS 0x0000000406c00000, 0x0000000406c00000|
| 189|0x0000000407000000, 0x0000000407000000, 0x0000000407400000|  0%| F|  |TS  0|AC  0|TAMS 0x0000000407000000, 0x0000000407000000|
| 190|0x0000000407400000, 0x0000000407400000, 0x0000000407800000|  0%| F|  |TS  0|AC  0|TAMS 0x0000000407400000, 0x0000000407400000|
| 191|0x0000000407800000, 0x0000000407800000, 0x0000000407c00000|  0%| F|  |TS  0|AC  0|TAMS 0x0000000407800000, 0x0000000407800000|
| 192|0x0000000407c00000, 0x0000000407c00000, 0x0000000408000000|  0%| F|  |TS  0|AC  0|TAMS 0x0000000407c00000, 0x0000000407c00000|
| 193|0x0000000408000000, 0x0000000408000000, 0x0000000408400000|  0%| F|  |TS  0|AC  0|TAMS 0x0000000408000000, 0x0000000408000000|
| 194|0x0000000408400000, 0x0000000408400000, 0x0000000408800000|  0%| F|  |TS  0|AC  0|TAMS 0x0000000408400000, 0x0000000408400000|
| 195|0x0000000408800000, 0x0000000408800000, 0x0000000408c00000|  0%| F|  |TS  0|AC  0|TAMS 0x0000000408800000, 0x0000000408800000|
| 196|0x0000000408c00000, 0x0000000408c00000, 0x0000000409000000|  0%| F|  |TS  0|AC  0|TAMS 0x0000000408c00000, 0x0000000408c00000|
| 197|0x0000000409000000, 0x0000000409000000, 0x0000000409400000|  0%| F|  |TS  0|AC  0|TAMS 0x0000000409000000, 0x0000000409000000|
| 198|0x0000000409400000, 0x0000000409400000, 0x0000000409800000|  0%| F|  |TS  0|AC  0|TAMS 0x0000000409400000, 0x0000000409400000|
| 199|0x0000000409800000, 0x0000000409800000, 0x0000000409c00000|  0%| F|  |TS  0|AC  0|TAMS 0x0000000409800000, 0x0000000409800000|
| 200|0x0000000409c00000, 0x0000000409c00000, 0x000000040a000000|  0%| F|  |TS  0|AC  0|TAMS 0x0000000409c00000, 0x0000000409c00000|
| 201|0x000000040a000000, 0x000000040a000000, 0x000000040a400000|  0%| F|  |TS  0|AC  0|TAMS 0x000000040a000000, 0x000000040a000000|
| 202|0x000000040a400000, 0x000000040a400000, 0x000000040a800000|  0%| F|  |TS  0|AC  0|TAMS 0x000000040a400000, 0x000000040a400000|
| 203|0x000000040a800000, 0x000000040a800000, 0x000000040ac00000|  0%| F|  |TS  0|AC  0|TAMS 0x000000040a800000, 0x000000040a800000|
| 204|0x000000040ac00000, 0x000000040ac00000, 0x000000040b000000|  0%| F|  |TS  0|AC  0|TAMS 0x000000040ac00000, 0x000000040ac00000|
| 205|0x000000040b000000, 0x000000040b000000, 0x000000040b400000|  0%| F|  |TS  0|AC  0|TAMS 0x000000040b000000, 0x000000040b000000|
| 206|0x000000040b400000, 0x000000040b400000, 0x000000040b800000|  0%| F|  |TS  0|AC  0|TAMS 0x000000040b400000, 0x000000040b400000|
| 207|0x000000040b800000, 0x000000040b800000, 0x000000040bc00000|  0%| F|  |TS  0|AC  0|TAMS 0x000000040b800000, 0x000000040b800000|
| 208|0x000000040bc00000, 0x000000040bc00000, 0x000000040c000000|  0%| F|  |TS  0|AC  0|TAMS 0x000000040bc00000, 0x000000040bc00000|
| 209|0x000000040c000000, 0x000000040c000000, 0x000000040c400000|  0%| F|  |TS  0|AC  0|TAMS 0x000000040c000000, 0x000000040c000000|
| 210|0x000000040c400000, 0x000000040c400000, 0x000000040c800000|  0%| F|  |TS  0|AC  0|TAMS 0x000000040c400000, 0x000000040c400000|
| 211|0x000000040c800000, 0x000000040c800000, 0x000000040cc00000|  0%| F|  |TS  0|AC  0|TAMS 0x000000040c800000, 0x000000040c800000|
| 212|0x000000040cc00000, 0x000000040cc00000, 0x000000040d000000|  0%| F|  |TS  0|AC  0|TAMS 0x000000040cc00000, 0x000000040cc00000|
| 213|0x000000040d000000, 0x000000040d000000, 0x000000040d400000|  0%| F|  |TS  0|AC  0|TAMS 0x000000040d000000, 0x000000040d000000|
| 214|0x000000040d400000, 0x000000040d400000, 0x000000040d800000|  0%| F|  |TS  0|AC  0|TAMS 0x000000040d400000, 0x000000040d400000|
| 215|0x000000040d800000, 0x000000040d800000, 0x000000040dc00000|  0%| F|  |TS  0|AC  0|TAMS 0x000000040d800000, 0x000000040d800000|
| 216|0x000000040dc00000, 0x000000040dc00000, 0x000000040e000000|  0%| F|  |TS  0|AC  0|TAMS 0x000000040dc00000, 0x000000040dc00000|
| 217|0x000000040e000000, 0x000000040e000000, 0x000000040e400000|  0%| F|  |TS  0|AC  0|TAMS 0x000000040e000000, 0x000000040e000000|
| 218|0x000000040e400000, 0x000000040e400000, 0x000000040e800000|  0%| F|  |TS  0|AC  0|TAMS 0x000000040e400000, 0x000000040e400000|
| 219|0x000000040e800000, 0x000000040e800000, 0x000000040ec00000|  0%| F|  |TS  0|AC  0|TAMS 0x000000040e800000, 0x000000040e800000|
| 220|0x000000040ec00000, 0x000000040ec00000, 0x000000040f000000|  0%| F|  |TS  0|AC  0|TAMS 0x000000040ec00000, 0x000000040ec00000|
| 221|0x000000040f000000, 0x000000040f000000, 0x000000040f400000|  0%| F|  |TS  0|AC  0|TAMS 0x000000040f000000, 0x000000040f000000|
| 222|0x000000040f400000, 0x000000040f400000, 0x000000040f800000|  0%| F|  |TS  0|AC  0|TAMS 0x000000040f400000, 0x000000040f400000|
| 223|0x000000040f800000, 0x000000040f800000, 0x000000040fc00000|  0%| F|  |TS  0|AC  0|TAMS 0x000000040f800000, 0x000000040f800000|
| 224|0x000000040fc00000, 0x000000040fc00000, 0x0000000410000000|  0%| F|  |TS  0|AC  0|TAMS 0x000000040fc00000, 0x000000040fc00000|
| 225|0x0000000410000000, 0x0000000410000000, 0x0000000410400000|  0%| F|  |TS  0|AC  0|TAMS 0x0000000410000000, 0x0000000410000000|
| 226|0x0000000410400000, 0x0000000410400000, 0x0000000410800000|  0%| F|  |TS  0|AC  0|TAMS 0x0000000410400000, 0x0000000410400000|
| 227|0x0000000410800000, 0x0000000410800000, 0x0000000410c00000|  0%| F|  |TS  0|AC  0|TAMS 0x0000000410800000, 0x0000000410800000|
| 228|0x0000000410c00000, 0x0000000410c00000, 0x0000000411000000|  0%| F|  |TS  0|AC  0|TAMS 0x0000000410c00000, 0x0000000410c00000|
| 229|0x0000000411000000, 0x0000000411000000, 0x0000000411400000|  0%| F|  |TS  0|AC  0|TAMS 0x0000000411000000, 0x0000000411000000|
| 230|0x0000000411400000, 0x0000000411400000, 0x0000000411800000|  0%| F|  |TS  0|AC  0|TAMS 0x0000000411400000, 0x0000000411400000|
| 231|0x0000000411800000, 0x0000000411800000, 0x0000000411c00000|  0%| F|  |TS  0|AC  0|TAMS 0x0000000411800000, 0x0000000411800000|
| 232|0x0000000411c00000, 0x0000000411c00000, 0x0000000412000000|  0%| F|  |TS  0|AC  0|TAMS 0x0000000411c00000, 0x0000000411c00000|
| 233|0x0000000412000000, 0x0000000412000000, 0x0000000412400000|  0%| F|  |TS  0|AC  0|TAMS 0x0000000412000000, 0x0000000412000000|
| 234|0x0000000412400000, 0x0000000412400000, 0x0000000412800000|  0%| F|  |TS  0|AC  0|TAMS 0x0000000412400000, 0x0000000412400000|
| 235|0x0000000412800000, 0x0000000412800000, 0x0000000412c00000|  0%| F|  |TS  0|AC  0|TAMS 0x0000000412800000, 0x0000000412800000|
| 236|0x0000000412c00000, 0x0000000412c00000, 0x0000000413000000|  0%| F|  |TS  0|AC  0|TAMS 0x0000000412c00000, 0x0000000412c00000|
| 237|0x0000000413000000, 0x0000000413000000, 0x0000000413400000|  0%| F|  |TS  0|AC  0|TAMS 0x0000000413000000, 0x0000000413000000|
| 238|0x0000000413400000, 0x0000000413400000, 0x0000000413800000|  0%| F|  |TS  0|AC  0|TAMS 0x0000000413400000, 0x0000000413400000|
| 239|0x0000000413800000, 0x0000000413800000, 0x0000000413c00000|  0%| F|  |TS  0|AC  0|TAMS 0x0000000413800000, 0x0000000413800000|
| 240|0x0000000413c00000, 0x0000000413c00000, 0x0000000414000000|  0%| F|  |TS  0|AC  0|TAMS 0x0000000413c00000, 0x0000000413c00000|
| 241|0x0000000414000000, 0x0000000414000000, 0x0000000414400000|  0%| F|  |TS  0|AC  0|TAMS 0x0000000414000000, 0x0000000414000000|
| 242|0x0000000414400000, 0x0000000414400000, 0x0000000414800000|  0%| F|  |TS  0|AC  0|TAMS 0x0000000414400000, 0x0000000414400000|
| 243|0x0000000414800000, 0x0000000414800000, 0x0000000414c00000|  0%| F|  |TS  0|AC  0|TAMS 0x0000000414800000, 0x0000000414800000|
| 244|0x0000000414c00000, 0x0000000414c00000, 0x0000000415000000|  0%| F|  |TS  0|AC  0|TAMS 0x0000000414c00000, 0x0000000414c00000|
| 245|0x0000000415000000, 0x0000000415000000, 0x0000000415400000|  0%| F|  |TS  0|AC  0|TAMS 0x0000000415000000, 0x0000000415000000|
| 246|0x0000000415400000, 0x0000000415400000, 0x0000000415800000|  0%| F|  |TS  0|AC  0|TAMS 0x0000000415400000, 0x0000000415400000|
| 247|0x0000000415800000, 0x00000004158f6458, 0x0000000415c00000| 24%| E|  |TS  0|AC  0|TAMS 0x0000000415800000, 0x0000000415800000|
| 248|0x0000000415c00000, 0x0000000416000000, 0x0000000416000000|100%| E|CS|TS  0|AC  0|TAMS 0x0000000415c00000, 0x0000000415c00000|
| 249|0x0000000416000000, 0x0000000416400000, 0x0000000416400000|100%| E|CS|TS  0|AC  0|TAMS 0x0000000416000000, 0x0000000416000000|
| 250|0x0000000416400000, 0x0000000416800000, 0x0000000416800000|100%| E|CS|TS  0|AC  0|TAMS 0x0000000416400000, 0x0000000416400000|

Card table byte_map: [0x00007fc96623a000,0x00007fc96817c000] byte_map_base: 0x00007fc96437c000

Marking Bits (Prev, Next): (CMBitMap*) 0x00007fca3009e820, (CMBitMap*) 0x00007fca3009e858
 Prev Bits: [0x00007fc9548e8000, 0x00007fc9642f8000)
 Next Bits: [0x00007fc944ed8000, 0x00007fc9548e8000)

Polling page: 0x00007fca36463000

CodeHeap 'non-profiled nmethods': size=119172Kb used=161Kb max_used=161Kb free=119010Kb
 bounds [0x00007fca1d505000, 0x00007fca1d775000, 0x00007fca24966000]
CodeHeap 'profiled nmethods': size=119172Kb used=326Kb max_used=326Kb free=118845Kb
 bounds [0x00007fca160a4000, 0x00007fca16314000, 0x00007fca1d505000]
CodeHeap 'non-nmethods': size=7416Kb used=2826Kb max_used=2856Kb free=4589Kb
 bounds [0x00007fca15966000, 0x00007fca15c36000, 0x00007fca160a4000]
 total_blobs=631 nmethods=244 adapters=168
 compilation: enabled

Compilation events (10 events):
Event: 0.421 Thread 0x00007fca302af000  243   !   4       java.io.PrintStream::newLine (73 bytes)
Event: 0.423 Thread 0x00007fca302b9800 nmethod 234 0x00007fca1d51d790 code [0x00007fca1d51da00, 0x00007fca1d51eb28]
Event: 0.426 Thread 0x00007fca302b4800 nmethod 233 0x00007fca1d51f410 code [0x00007fca1d51f620, 0x00007fca1d520148]
Event: 0.426 Thread 0x00007fca302ad000 nmethod 229 0x00007fca1d520a10 code [0x00007fca1d520c40, 0x00007fca1d521aa8]
Event: 0.434 Thread 0x00007fca302b1000 nmethod 242 0x00007fca1d522490 code [0x00007fca1d5226c0, 0x00007fca1d5236b8]
Event: 0.444 Thread 0x00007fca302af000 nmethod 243 0x00007fca1d523f90 code [0x00007fca1d5241e0, 0x00007fca1d525408]
Event: 0.528 Thread 0x00007fca302b8000 nmethod 241 0x00007fca1d525e10 code [0x00007fca1d5262c0, 0x00007fca1d52ad48]
Event: 0.530 Thread 0x00007fca302b9800  244       4       java.io.FileDescriptor$1::getAppend (5 bytes)
Event: 0.530 Thread 0x00007fca302b9800 nmethod 244 0x00007fca1d52d290 code [0x00007fca1d52d420, 0x00007fca1d52d498]
Event: 0.604 Thread 0x00007fca302bd800  245 %     3       org.eclipse.core.runtime.adaptor.EclipseStarter::main @ 527 (1499 bytes)

GC Heap History (0 events):
No events

Deoptimization events (0 events):
No events

Classes redefined (0 events):
No events

Internal exceptions (0 events):
No events

Events (10 events):
Event: 0.347 Thread 0x00007fca30011800 DEOPT PACKING pc=0x00007fca160d5a24 sp=0x00007fca34b0e0e0
Event: 0.347 Thread 0x00007fca30011800 DEOPT UNPACKING pc=0x00007fca159b3aab sp=0x00007fca34b0d6c8 mode 0
Event: 0.348 Thread 0x00007fca30011800 DEOPT PACKING pc=0x00007fca160d5a24 sp=0x00007fca34b0e0e0
Event: 0.348 Thread 0x00007fca30011800 DEOPT UNPACKING pc=0x00007fca159b3aab sp=0x00007fca34b0d6c8 mode 0
Event: 0.349 Thread 0x00007fca30011800 DEOPT PACKING pc=0x00007fca160d5a24 sp=0x00007fca34b0e0e0
Event: 0.349 Thread 0x00007fca30011800 DEOPT UNPACKING pc=0x00007fca159b3aab sp=0x00007fca34b0d6c8 mode 0
Event: 0.350 Thread 0x00007fca30011800 DEOPT PACKING pc=0x00007fca160d5a24 sp=0x00007fca34b0e0e0
Event: 0.350 Thread 0x00007fca30011800 DEOPT UNPACKING pc=0x00007fca159b3aab sp=0x00007fca34b0d6c8 mode 0
Event: 0.351 Thread 0x00007fca30011800 DEOPT PACKING pc=0x00007fca160d5a24 sp=0x00007fca34b0e0e0
Event: 0.351 Thread 0x00007fca30011800 DEOPT UNPACKING pc=0x00007fca159b3aab sp=0x00007fca34b0d6c8 mode 0


Dynamic libraries:
00400000-00401000 r-xp 00000000 00:65 77077150                           /root/oracle/jdk-9.0.4/bin/java
00600000-00601000 rw-p 00000000 00:65 77077150                           /root/oracle/jdk-9.0.4/bin/java
01527000-01548000 rw-p 00000000 00:00 0                                  [heap]
3d7c00000-416800000 rw-p 00000000 00:00 0 
416800000-7c0000000 ---p 00000000 00:00 0 
7c0000000-7c0080000 rw-p 00000000 00:00 0 
7c0080000-800000000 ---p 00000000 00:00 0 
7fc8d4000000-7fc8d4021000 rw-p 00000000 00:00 0 
7fc8d4021000-7fc8d8000000 ---p 00000000 00:00 0 
7fc8dc000000-7fc8dc021000 rw-p 00000000 00:00 0 
7fc8dc021000-7fc8e0000000 ---p 00000000 00:00 0 
7fc8e0000000-7fc8e0021000 rw-p 00000000 00:00 0 
7fc8e0021000-7fc8e4000000 ---p 00000000 00:00 0 
7fc8e4000000-7fc8e4021000 rw-p 00000000 00:00 0 
7fc8e4021000-7fc8e8000000 ---p 00000000 00:00 0 
7fc8e8000000-7fc8e8021000 rw-p 00000000 00:00 0 
7fc8e8021000-7fc8ec000000 ---p 00000000 00:00 0 
7fc8ec000000-7fc8ec021000 rw-p 00000000 00:00 0 
7fc8ec021000-7fc8f0000000 ---p 00000000 00:00 0 
7fc8f0000000-7fc8f0084000 rw-p 00000000 00:00 0 
7fc8f0084000-7fc8f4000000 ---p 00000000 00:00 0 
7fc8f4000000-7fc8f41ea000 rw-p 00000000 00:00 0 
7fc8f41ea000-7fc8f8000000 ---p 00000000 00:00 0 
7fc8f8000000-7fc8f8066000 rw-p 00000000 00:00 0 
7fc8f8066000-7fc8fc000000 ---p 00000000 00:00 0 
7fc8fc000000-7fc8fc021000 rw-p 00000000 00:00 0 
7fc8fc021000-7fc900000000 ---p 00000000 00:00 0 
7fc900000000-7fc9003da000 rw-p 00000000 00:00 0 
7fc9003da000-7fc904000000 ---p 00000000 00:00 0 
7fc904000000-7fc9041e4000 rw-p 00000000 00:00 0 
7fc9041e4000-7fc908000000 ---p 00000000 00:00 0 
7fc908000000-7fc90818b000 rw-p 00000000 00:00 0 
7fc90818b000-7fc90c000000 ---p 00000000 00:00 0 
7fc90c000000-7fc90c1be000 rw-p 00000000 00:00 0 
7fc90c1be000-7fc910000000 ---p 00000000 00:00 0 
7fc910000000-7fc91028b000 rw-p 00000000 00:00 0 
7fc91028b000-7fc914000000 ---p 00000000 00:00 0 
7fc914000000-7fc914021000 rw-p 00000000 00:00 0 
7fc914021000-7fc918000000 ---p 00000000 00:00 0 
7fc918000000-7fc918104000 rw-p 00000000 00:00 0 
7fc918104000-7fc91c000000 ---p 00000000 00:00 0 
7fc91c000000-7fc91c021000 rw-p 00000000 00:00 0 
7fc91c021000-7fc920000000 ---p 00000000 00:00 0 
7fc920000000-7fc920021000 rw-p 00000000 00:00 0 
7fc920021000-7fc924000000 ---p 00000000 00:00 0 
7fc924000000-7fc924021000 rw-p 00000000 00:00 0 
7fc924021000-7fc928000000 ---p 00000000 00:00 0 
7fc928000000-7fc928021000 rw-p 00000000 00:00 0 
7fc928021000-7fc92c000000 ---p 00000000 00:00 0 
7fc92c596000-7fc92c8c4000 rw-p 00000000 00:00 0 
7fc92c8c4000-7fc92c8c5000 ---p 00000000 00:00 0 
7fc92c8c5000-7fc92c9c6000 rw-p 00000000 00:00 0 
7fc92c9c6000-7fc92c9ca000 ---p 00000000 00:00 0 
7fc92c9ca000-7fc92cac7000 rw-p 00000000 00:00 0 
7fc92cac7000-7fc92cacb000 ---p 00000000 00:00 0 
7fc92cacb000-7fc92cbc8000 rw-p 00000000 00:00 0 
7fc92cbc8000-7fc92cbde000 r-xp 00000000 00:65 77077477                   /root/oracle/jdk-9.0.4/lib/libnet.so
7fc92cbde000-7fc92cdde000 ---p 00016000 00:65 77077477                   /root/oracle/jdk-9.0.4/lib/libnet.so
7fc92cdde000-7fc92cddf000 rw-p 00016000 00:65 77077477                   /root/oracle/jdk-9.0.4/lib/libnet.so
7fc92cddf000-7fc92cdef000 r-xp 00000000 00:65 77077594                   /root/oracle/jdk-9.0.4/lib/libnio.so
7fc92cdef000-7fc92cfef000 ---p 00010000 00:65 77077594                   /root/oracle/jdk-9.0.4/lib/libnio.so
7fc92cfef000-7fc92cff0000 rw-p 00010000 00:65 77077594                   /root/oracle/jdk-9.0.4/lib/libnio.so
7fc92cff0000-7fc92cff4000 ---p 00000000 00:00 0 
7fc92cff4000-7fc92d0f1000 rw-p 00000000 00:00 0 
7fc92d0f1000-7fc92d0f5000 ---p 00000000 00:00 0 
7fc92d0f5000-7fc92d1f2000 rw-p 00000000 00:00 0 
7fc92d1f2000-7fc92d1f6000 ---p 00000000 00:00 0 
7fc92d1f6000-7fc92d2f3000 rw-p 00000000 00:00 0 
7fc92d2f3000-7fc92d2f7000 ---p 00000000 00:00 0 
7fc92d2f7000-7fc92d3f4000 rw-p 00000000 00:00 0 
7fc92d3f4000-7fc92d3f8000 ---p 00000000 00:00 0 
7fc92d3f8000-7fc92d4f5000 rw-p 00000000 00:00 0 
7fc92d4f5000-7fc92d4f9000 ---p 00000000 00:00 0 
7fc92d4f9000-7fc92d5f6000 rw-p 00000000 00:00 0 
7fc92d5f6000-7fc92d5fa000 ---p 00000000 00:00 0 
7fc92d5fa000-7fc92d6f7000 rw-p 00000000 00:00 0 
7fc92d6f7000-7fc92d6fb000 ---p 00000000 00:00 0 
7fc92d6fb000-7fc92d7f8000 rw-p 00000000 00:00 0 
7fc92d7f8000-7fc92d7fc000 ---p 00000000 00:00 0 
7fc92d7fc000-7fc92d8f9000 rw-p 00000000 00:00 0 
7fc92d8f9000-7fc92d8fd000 ---p 00000000 00:00 0 
7fc92d8fd000-7fc92d9fa000 rw-p 00000000 00:00 0 
7fc92d9fa000-7fc92d9fe000 ---p 00000000 00:00 0 
7fc92d9fe000-7fc92dafb000 rw-p 00000000 00:00 0 
7fc92dafb000-7fc92daff000 ---p 00000000 00:00 0 
7fc92daff000-7fc92dbfc000 rw-p 00000000 00:00 0 
7fc92dbfc000-7fc92dc00000 ---p 00000000 00:00 0 
7fc92dc00000-7fc92dcfd000 rw-p 00000000 00:00 0 
7fc92dcfd000-7fc92dd01000 ---p 00000000 00:00 0 
7fc92dd01000-7fc92ddfe000 rw-p 00000000 00:00 0 
7fc92ddfe000-7fc92de02000 ---p 00000000 00:00 0 
7fc92de02000-7fc92deff000 rw-p 00000000 00:00 0 
7fc92deff000-7fc92df03000 ---p 00000000 00:00 0 
7fc92df03000-7fc92e000000 rw-p 00000000 00:00 0 
7fc92e000000-7fc930000000 rwxp 00000000 00:00 0 
7fc930000000-7fc930021000 rw-p 00000000 00:00 0 
7fc930021000-7fc934000000 ---p 00000000 00:00 0 
7fc934000000-7fc934021000 rw-p 00000000 00:00 0 
7fc934021000-7fc938000000 ---p 00000000 00:00 0 
7fc938000000-7fc938021000 rw-p 00000000 00:00 0 
7fc938021000-7fc93c000000 ---p 00000000 00:00 0 
7fc93c000000-7fc93c021000 rw-p 00000000 00:00 0 
7fc93c021000-7fc940000000 ---p 00000000 00:00 0 
7fc940000000-7fc940021000 rw-p 00000000 00:00 0 
7fc940021000-7fc944000000 ---p 00000000 00:00 0 
7fc944000000-7fc944001000 ---p 00000000 00:00 0 
7fc944001000-7fc944613000 rw-p 00000000 00:00 0 
7fc944613000-7fc9449d3000 ---p 00000000 00:00 0 
7fc9449d3000-7fc945e88000 rw-p 00000000 00:00 0 
7fc945e88000-7fc9548e8000 ---p 00000000 00:00 0 
7fc9548e8000-7fc955898000 rw-p 00000000 00:00 0 
7fc955898000-7fc9642f8000 ---p 00000000 00:00 0 
7fc9642f8000-7fc9644ee000 rw-p 00000000 00:00 0 
7fc9644ee000-7fc96623a000 ---p 00000000 00:00 0 
7fc96623a000-7fc966430000 rw-p 00000000 00:00 0 
7fc966430000-7fc96a0be000 ---p 00000000 00:00 0 
7fc96a0be000-7fc96a2b4000 rw-p 00000000 00:00 0 
7fc96a2b4000-7fc96c000000 ---p 00000000 00:00 0 
7fc96c000000-7fc96c021000 rw-p 00000000 00:00 0 
7fc96c021000-7fc970000000 ---p 00000000 00:00 0 
7fc970000000-7fc970021000 rw-p 00000000 00:00 0 
7fc970021000-7fc974000000 ---p 00000000 00:00 0 
7fc974000000-7fc974021000 rw-p 00000000 00:00 0 
7fc974021000-7fc978000000 ---p 00000000 00:00 0 
7fc978000000-7fc978021000 rw-p 00000000 00:00 0 
7fc978021000-7fc97c000000 ---p 00000000 00:00 0 
7fc97c000000-7fc97c021000 rw-p 00000000 00:00 0 
7fc97c021000-7fc980000000 ---p 00000000 00:00 0 
7fc980000000-7fc980021000 rw-p 00000000 00:00 0 
7fc980021000-7fc984000000 ---p 00000000 00:00 0 
7fc984000000-7fc984021000 rw-p 00000000 00:00 0 
7fc984021000-7fc988000000 ---p 00000000 00:00 0 
7fc988000000-7fc988021000 rw-p 00000000 00:00 0 
7fc988021000-7fc98c000000 ---p 00000000 00:00 0 
7fc98c000000-7fc98c021000 rw-p 00000000 00:00 0 
7fc98c021000-7fc990000000 ---p 00000000 00:00 0 
7fc990000000-7fc990021000 rw-p 00000000 00:00 0 
7fc990021000-7fc994000000 ---p 00000000 00:00 0 
7fc994000000-7fc994021000 rw-p 00000000 00:00 0 
7fc994021000-7fc998000000 ---p 00000000 00:00 0 
7fc998000000-7fc998021000 rw-p 00000000 00:00 0 
7fc998021000-7fc99c000000 ---p 00000000 00:00 0 
7fc99c000000-7fc99c021000 rw-p 00000000 00:00 0 
7fc99c021000-7fc9a0000000 ---p 00000000 00:00 0 
7fc9a0000000-7fc9a0021000 rw-p 00000000 00:00 0 
7fc9a0021000-7fc9a4000000 ---p 00000000 00:00 0 
7fc9a4000000-7fc9a4021000 rw-p 00000000 00:00 0 
7fc9a4021000-7fc9a8000000 ---p 00000000 00:00 0 
7fc9a8000000-7fc9a8021000 rw-p 00000000 00:00 0 
7fc9a8021000-7fc9ac000000 ---p 00000000 00:00 0 
7fc9ac000000-7fc9ac021000 rw-p 00000000 00:00 0 
7fc9ac021000-7fc9b0000000 ---p 00000000 00:00 0 
7fc9b0000000-7fc9b0021000 rw-p 00000000 00:00 0 
7fc9b0021000-7fc9b4000000 ---p 00000000 00:00 0 
7fc9b4000000-7fc9b4021000 rw-p 00000000 00:00 0 
7fc9b4021000-7fc9b8000000 ---p 00000000 00:00 0 
7fc9b8000000-7fc9b8021000 rw-p 00000000 00:00 0 
7fc9b8021000-7fc9bc000000 ---p 00000000 00:00 0 
7fc9bc000000-7fc9bc021000 rw-p 00000000 00:00 0 
7fc9bc021000-7fc9c0000000 ---p 00000000 00:00 0 
7fc9c0000000-7fc9c0021000 rw-p 00000000 00:00 0 
7fc9c0021000-7fc9c4000000 ---p 00000000 00:00 0 
7fc9c4042000-7fc9c4f51000 rw-p 00000000 00:00 0 
7fc9c4f51000-7fc9c4f52000 ---p 00000000 00:00 0 
7fc9c4f52000-7fc9c5053000 rw-p 00000000 00:00 0 
7fc9c5053000-7fc9c5054000 ---p 00000000 00:00 0 
7fc9c5054000-7fc9c5155000 rw-p 00000000 00:00 0 
7fc9c5155000-7fc9c5156000 ---p 00000000 00:00 0 
7fc9c5156000-7fc9c5257000 rw-p 00000000 00:00 0 
7fc9c5257000-7fc9c5258000 ---p 00000000 00:00 0 
7fc9c5258000-7fc9c5359000 rw-p 00000000 00:00 0 
7fc9c5359000-7fc9c535a000 ---p 00000000 00:00 0 
7fc9c535a000-7fc9c545b000 rw-p 00000000 00:00 0 
7fc9c545b000-7fc9c545c000 ---p 00000000 00:00 0 
7fc9c545c000-7fc9c5ac6000 rw-p 00000000 00:00 0 
7fc9c5ac6000-7fc9c5ac7000 ---p 00000000 00:00 0 
7fc9c5ac7000-7fc9c5bc8000 rw-p 00000000 00:00 0 
7fc9c5bc8000-7fc9c5bc9000 ---p 00000000 00:00 0 
7fc9c5bc9000-7fc9c5cca000 rw-p 00000000 00:00 0 
7fc9c5cca000-7fc9c5ccb000 ---p 00000000 00:00 0 
7fc9c5ccb000-7fc9c5dcc000 rw-p 00000000 00:00 0 
7fc9c5dcc000-7fc9c5dcd000 ---p 00000000 00:00 0 
7fc9c5dcd000-7fc9c5ece000 rw-p 00000000 00:00 0 
7fc9c5ece000-7fc9c5ecf000 ---p 00000000 00:00 0 
7fc9c5ecf000-7fc9c5fd0000 rw-p 00000000 00:00 0 
7fc9c5fd0000-7fc9c5fd1000 ---p 00000000 00:00 0 
7fc9c5fd1000-7fc9c60d2000 rw-p 00000000 00:00 0 
7fc9c60d2000-7fc9c60d3000 ---p 00000000 00:00 0 
7fc9c60d3000-7fc9c61d4000 rw-p 00000000 00:00 0 
7fc9c61d4000-7fc9c61d5000 ---p 00000000 00:00 0 
7fc9c61d5000-7fc9c62d6000 rw-p 00000000 00:00 0 
7fc9c62d6000-7fc9c62d7000 ---p 00000000 00:00 0 
7fc9c62d7000-7fc9c63d8000 rw-p 00000000 00:00 0 
7fc9c63d8000-7fc9c63d9000 ---p 00000000 00:00 0 
7fc9c63d9000-7fc9c64da000 rw-p 00000000 00:00 0 
7fc9c64da000-7fc9c64db000 ---p 00000000 00:00 0 
7fc9c64db000-7fc9c65dc000 rw-p 00000000 00:00 0 
7fc9c65dc000-7fc9c65dd000 ---p 00000000 00:00 0 
7fc9c65dd000-7fc9c66de000 rw-p 00000000 00:00 0 
7fc9c66de000-7fc9c66df000 ---p 00000000 00:00 0 
7fc9c66df000-7fc9c67e0000 rw-p 00000000 00:00 0 
7fc9c67e0000-7fc9c67e1000 ---p 00000000 00:00 0 
7fc9c67e1000-7fc9c68e2000 rw-p 00000000 00:00 0 
7fc9c68e2000-7fc9c68e3000 ---p 00000000 00:00 0 
7fc9c68e3000-7fc9c69e4000 rw-p 00000000 00:00 0 
7fc9c69e4000-7fc9c69e5000 ---p 00000000 00:00 0 
7fc9c69e5000-7fc9c6ae6000 rw-p 00000000 00:00 0 
7fc9c6ae6000-7fc9c6ae7000 ---p 00000000 00:00 0 
7fc9c6ae7000-7fc9c6be8000 rw-p 00000000 00:00 0 
7fc9c6be8000-7fc9c6be9000 ---p 00000000 00:00 0 
7fc9c6be9000-7fc9c6cea000 rw-p 00000000 00:00 0 
7fc9c6cea000-7fc9c6ceb000 ---p 00000000 00:00 0 
7fc9c6ceb000-7fc9c6dec000 rw-p 00000000 00:00 0 
7fc9c6dec000-7fc9c6ded000 ---p 00000000 00:00 0 
7fc9c6ded000-7fc9c6eee000 rw-p 00000000 00:00 0 
7fc9c6eee000-7fc9c6eef000 ---p 00000000 00:00 0 
7fc9c6eef000-7fc9c8000000 rw-p 00000000 00:00 0 
7fc9c8000000-7fc9c8021000 rw-p 00000000 00:00 0 
7fc9c8021000-7fc9cc000000 ---p 00000000 00:00 0 
7fc9cc000000-7fc9cc021000 rw-p 00000000 00:00 0 
7fc9cc021000-7fc9d0000000 ---p 00000000 00:00 0 
7fc9d0000000-7fc9d0021000 rw-p 00000000 00:00 0 
7fc9d0021000-7fc9d4000000 ---p 00000000 00:00 0 
7fc9d4000000-7fc9d4021000 rw-p 00000000 00:00 0 
7fc9d4021000-7fc9d8000000 ---p 00000000 00:00 0 
7fc9d8000000-7fc9d8021000 rw-p 00000000 00:00 0 
7fc9d8021000-7fc9dc000000 ---p 00000000 00:00 0 
7fc9dc000000-7fc9dc021000 rw-p 00000000 00:00 0 
7fc9dc021000-7fc9e0000000 ---p 00000000 00:00 0 
7fc9e0000000-7fc9e0021000 rw-p 00000000 00:00 0 
7fc9e0021000-7fc9e4000000 ---p 00000000 00:00 0 
7fc9e4000000-7fc9e4021000 rw-p 00000000 00:00 0 
7fc9e4021000-7fc9e8000000 ---p 00000000 00:00 0 
7fc9e8000000-7fc9e8021000 rw-p 00000000 00:00 0 
7fc9e8021000-7fc9ec000000 ---p 00000000 00:00 0 
7fc9ec000000-7fc9ec021000 rw-p 00000000 00:00 0 
7fc9ec021000-7fc9f0000000 ---p 00000000 00:00 0 
7fc9f0000000-7fc9f0021000 rw-p 00000000 00:00 0 
7fc9f0021000-7fc9f4000000 ---p 00000000 00:00 0 
7fc9f4000000-7fc9f4021000 rw-p 00000000 00:00 0 
7fc9f4021000-7fc9f8000000 ---p 00000000 00:00 0 
7fc9f8000000-7fc9f8021000 rw-p 00000000 00:00 0 
7fc9f8021000-7fc9fc000000 ---p 00000000 00:00 0 
7fc9fc000000-7fc9fc021000 rw-p 00000000 00:00 0 
7fc9fc021000-7fca00000000 ---p 00000000 00:00 0 
7fca00000000-7fca00021000 rw-p 00000000 00:00 0 
7fca00021000-7fca04000000 ---p 00000000 00:00 0 
7fca04000000-7fca04021000 rw-p 00000000 00:00 0 
7fca04021000-7fca08000000 ---p 00000000 00:00 0 
7fca08000000-7fca08021000 rw-p 00000000 00:00 0 
7fca08021000-7fca0c000000 ---p 00000000 00:00 0 
7fca0c000000-7fca0c021000 rw-p 00000000 00:00 0 
7fca0c021000-7fca10000000 ---p 00000000 00:00 0 
7fca10000000-7fca10021000 rw-p 00000000 00:00 0 
7fca10021000-7fca14000000 ---p 00000000 00:00 0 
7fca14020000-7fca14455000 rw-p 00000000 00:00 0 
7fca14455000-7fca14456000 ---p 00000000 00:00 0 
7fca14456000-7fca14557000 rw-p 00000000 00:00 0 
7fca14557000-7fca14558000 ---p 00000000 00:00 0 
7fca14558000-7fca14659000 rw-p 00000000 00:00 0 
7fca14659000-7fca1465a000 ---p 00000000 00:00 0 
7fca1465a000-7fca1475b000 rw-p 00000000 00:00 0 
7fca1475b000-7fca1475c000 ---p 00000000 00:00 0 
7fca1475c000-7fca1485d000 rw-p 00000000 00:00 0 
7fca1485d000-7fca1485e000 ---p 00000000 00:00 0 
7fca1485e000-7fca1495f000 rw-p 00000000 00:00 0 
7fca1495f000-7fca14960000 ---p 00000000 00:00 0 
7fca14960000-7fca14a61000 rw-p 00000000 00:00 0 
7fca14a61000-7fca14a62000 ---p 00000000 00:00 0 
7fca14a62000-7fca14b63000 rw-p 00000000 00:00 0 
7fca14b63000-7fca14b64000 ---p 00000000 00:00 0 
7fca14b64000-7fca14c65000 rw-p 00000000 00:00 0 
7fca14c65000-7fca14c66000 ---p 00000000 00:00 0 
7fca14c66000-7fca14d67000 rw-p 00000000 00:00 0 
7fca14d67000-7fca14d68000 ---p 00000000 00:00 0 
7fca14d68000-7fca14e69000 rw-p 00000000 00:00 0 
7fca14e69000-7fca14e6a000 ---p 00000000 00:00 0 
7fca14e6a000-7fca14f6b000 rw-p 00000000 00:00 0 
7fca14f6b000-7fca14f6c000 ---p 00000000 00:00 0 
7fca14f6c000-7fca1506d000 rw-p 00000000 00:00 0 
7fca1506d000-7fca1506e000 ---p 00000000 00:00 0 
7fca1506e000-7fca1516f000 rw-p 00000000 00:00 0 
7fca1516f000-7fca15170000 ---p 00000000 00:00 0 
7fca15170000-7fca15271000 rw-p 00000000 00:00 0 
7fca15271000-7fca15272000 ---p 00000000 00:00 0 
7fca15272000-7fca15373000 rw-p 00000000 00:00 0 
7fca15373000-7fca15374000 ---p 00000000 00:00 0 
7fca15374000-7fca15475000 rw-p 00000000 00:00 0 
7fca15475000-7fca15476000 ---p 00000000 00:00 0 
7fca15476000-7fca15577000 rw-p 00000000 00:00 0 
7fca15577000-7fca15578000 ---p 00000000 00:00 0 
7fca15578000-7fca15679000 rw-p 00000000 00:00 0 
7fca15679000-7fca1567a000 ---p 00000000 00:00 0 
7fca1567a000-7fca1577b000 rw-p 00000000 00:00 0 
7fca1577b000-7fca1577c000 ---p 00000000 00:00 0 
7fca1577c000-7fca15882000 rw-p 00000000 00:00 0 
7fca15882000-7fca15966000 ---p 00000000 00:00 0 
7fca15966000-7fca15c36000 rwxp 00000000 00:00 0 
7fca15c36000-7fca160a4000 ---p 00000000 00:00 0 
7fca160a4000-7fca16314000 rwxp 00000000 00:00 0 
7fca16314000-7fca1d505000 ---p 00000000 00:00 0 
7fca1d505000-7fca1d775000 rwxp 00000000 00:00 0 
7fca1d775000-7fca24966000 ---p 00000000 00:00 0 
7fca24966000-7fca24b43000 r--s 03e31000 00:65 101727669                  /usr/local/java/jdk1.8.0_301/jre/lib/rt.jar
7fca24b43000-7fca30000000 r--s 00000000 00:65 77077560                   /root/oracle/jdk-9.0.4/lib/modules
7fca30000000-7fca30408000 rw-p 00000000 00:00 0 
7fca30408000-7fca34000000 ---p 00000000 00:00 0 
7fca34009000-7fca34036000 rw-p 00000000 00:00 0 
7fca34036000-7fca3411a000 ---p 00000000 00:00 0 
7fca3411a000-7fca34120000 rw-p 00000000 00:00 0 
7fca34120000-7fca34129000 ---p 00000000 00:00 0 
7fca34129000-7fca34179000 rw-p 00000000 00:00 0 
7fca34179000-7fca34193000 r-xp 00000000 00:65 77077435                   /root/oracle/jdk-9.0.4/lib/libjimage.so
7fca34193000-7fca34392000 ---p 0001a000 00:65 77077435                   /root/oracle/jdk-9.0.4/lib/libjimage.so
7fca34392000-7fca34394000 rw-p 00019000 00:65 77077435                   /root/oracle/jdk-9.0.4/lib/libjimage.so
7fca34394000-7fca343a6000 rw-p 00000000 00:00 0 
7fca343a6000-7fca343ad000 r-xp 00000000 00:65 77083131                   /root/oracle/jdk-9.0.4/lib/libzip.so
7fca343ad000-7fca345ac000 ---p 00007000 00:65 77083131                   /root/oracle/jdk-9.0.4/lib/libzip.so
7fca345ac000-7fca345ad000 rw-p 00006000 00:65 77083131                   /root/oracle/jdk-9.0.4/lib/libzip.so
7fca345ad000-7fca345b0000 r--p 00000000 00:65 165034530                  /usr/lib/x86_64-linux-gnu/libnss_files-2.31.so
7fca345b0000-7fca345b7000 r-xp 00003000 00:65 165034530                  /usr/lib/x86_64-linux-gnu/libnss_files-2.31.so
7fca345b7000-7fca345b9000 r--p 0000a000 00:65 165034530                  /usr/lib/x86_64-linux-gnu/libnss_files-2.31.so
7fca345b9000-7fca345ba000 r--p 0000b000 00:65 165034530                  /usr/lib/x86_64-linux-gnu/libnss_files-2.31.so
7fca345ba000-7fca345bb000 rw-p 0000c000 00:65 165034530                  /usr/lib/x86_64-linux-gnu/libnss_files-2.31.so
7fca345bb000-7fca345c1000 rw-p 00000000 00:00 0 
7fca345c9000-7fca345ca000 rw-p 00000000 00:00 0 
7fca345ca000-7fca345f5000 r-xp 00000000 00:65 77077470                   /root/oracle/jdk-9.0.4/lib/libjava.so
7fca345f5000-7fca347f4000 ---p 0002b000 00:65 77077470                   /root/oracle/jdk-9.0.4/lib/libjava.so
7fca347f4000-7fca347f6000 rw-p 0002a000 00:65 77077470                   /root/oracle/jdk-9.0.4/lib/libjava.so
7fca347f6000-7fca34803000 r-xp 00000000 00:65 77077494                   /root/oracle/jdk-9.0.4/lib/libverify.so
7fca34803000-7fca34a02000 ---p 0000d000 00:65 77077494                   /root/oracle/jdk-9.0.4/lib/libverify.so
7fca34a02000-7fca34a04000 rw-p 0000c000 00:65 77077494                   /root/oracle/jdk-9.0.4/lib/libverify.so
7fca34a04000-7fca34a07000 r--p 00000000 00:65 165034636                  /usr/lib/x86_64-linux-gnu/librt-2.31.so
7fca34a07000-7fca34a0b000 r-xp 00003000 00:65 165034636                  /usr/lib/x86_64-linux-gnu/librt-2.31.so
7fca34a0b000-7fca34a0c000 r--p 00007000 00:65 165034636                  /usr/lib/x86_64-linux-gnu/librt-2.31.so
7fca34a0c000-7fca34a0d000 ---p 00008000 00:65 165034636                  /usr/lib/x86_64-linux-gnu/librt-2.31.so
7fca34a0d000-7fca34a0e000 r--p 00008000 00:65 165034636                  /usr/lib/x86_64-linux-gnu/librt-2.31.so
7fca34a0e000-7fca34a0f000 rw-p 00009000 00:65 165034636                  /usr/lib/x86_64-linux-gnu/librt-2.31.so
7fca34a0f000-7fca34a10000 ---p 00000000 00:00 0 
7fca34a10000-7fca34a11000 rw-p 00000000 00:00 0 
7fca34a11000-7fca34a15000 ---p 00000000 00:00 0 
7fca34a15000-7fca34b10000 rw-p 00000000 00:00 0 
7fca34b10000-7fca34b1f000 r--p 00000000 00:65 165034468                  /usr/lib/x86_64-linux-gnu/libm-2.31.so
7fca34b1f000-7fca34bc6000 r-xp 0000f000 00:65 165034468                  /usr/lib/x86_64-linux-gnu/libm-2.31.so
7fca34bc6000-7fca34c5d000 r--p 000b6000 00:65 165034468                  /usr/lib/x86_64-linux-gnu/libm-2.31.so
7fca34c5d000-7fca34c5e000 r--p 0014c000 00:65 165034468                  /usr/lib/x86_64-linux-gnu/libm-2.31.so
7fca34c5e000-7fca34c5f000 rw-p 0014d000 00:65 165034468                  /usr/lib/x86_64-linux-gnu/libm-2.31.so
7fca34c5f000-7fca35c74000 r-xp 00000000 00:65 77083135                   /root/oracle/jdk-9.0.4/lib/server/libjvm.so
7fca35c74000-7fca35e73000 ---p 01015000 00:65 77083135                   /root/oracle/jdk-9.0.4/lib/server/libjvm.so
7fca35e73000-7fca35f44000 r--p 01014000 00:65 77083135                   /root/oracle/jdk-9.0.4/lib/server/libjvm.so
7fca35f44000-7fca35f7b000 rw-p 010e5000 00:65 77083135                   /root/oracle/jdk-9.0.4/lib/server/libjvm.so
7fca35f7b000-7fca35fe6000 rw-p 00000000 00:00 0 
7fca35fe6000-7fca3600b000 r--p 00000000 00:65 165034165                  /usr/lib/x86_64-linux-gnu/libc-2.31.so
7fca3600b000-7fca36183000 r-xp 00025000 00:65 165034165                  /usr/lib/x86_64-linux-gnu/libc-2.31.so
7fca36183000-7fca361cd000 r--p 0019d000 00:65 165034165                  /usr/lib/x86_64-linux-gnu/libc-2.31.so
7fca361cd000-7fca361ce000 ---p 001e7000 00:65 165034165                  /usr/lib/x86_64-linux-gnu/libc-2.31.so
7fca361ce000-7fca361d1000 r--p 001e7000 00:65 165034165                  /usr/lib/x86_64-linux-gnu/libc-2.31.so
7fca361d1000-7fca361d4000 rw-p 001ea000 00:65 165034165                  /usr/lib/x86_64-linux-gnu/libc-2.31.so
7fca361d4000-7fca361d8000 rw-p 00000000 00:00 0 
7fca361d8000-7fca361d9000 r--p 00000000 00:65 165034236                  /usr/lib/x86_64-linux-gnu/libdl-2.31.so
7fca361d9000-7fca361db000 r-xp 00001000 00:65 165034236                  /usr/lib/x86_64-linux-gnu/libdl-2.31.so
7fca361db000-7fca361dc000 r--p 00003000 00:65 165034236                  /usr/lib/x86_64-linux-gnu/libdl-2.31.so
7fca361dc000-7fca361dd000 r--p 00003000 00:65 165034236                  /usr/lib/x86_64-linux-gnu/libdl-2.31.so
7fca361dd000-7fca361de000 rw-p 00004000 00:65 165034236                  /usr/lib/x86_64-linux-gnu/libdl-2.31.so
7fca361de000-7fca361ec000 r-xp 00000000 00:65 77083142                   /root/oracle/jdk-9.0.4/lib/jli/libjli.so
7fca361ec000-7fca363ec000 ---p 0000e000 00:65 77083142                   /root/oracle/jdk-9.0.4/lib/jli/libjli.so
7fca363ec000-7fca363ed000 rw-p 0000e000 00:65 77083142                   /root/oracle/jdk-9.0.4/lib/jli/libjli.so
7fca363ed000-7fca363f4000 r--p 00000000 00:65 165034610                  /usr/lib/x86_64-linux-gnu/libpthread-2.31.so
7fca363f4000-7fca36405000 r-xp 00007000 00:65 165034610                  /usr/lib/x86_64-linux-gnu/libpthread-2.31.so
7fca36405000-7fca3640a000 r--p 00018000 00:65 165034610                  /usr/lib/x86_64-linux-gnu/libpthread-2.31.so
7fca3640a000-7fca3640b000 r--p 0001c000 00:65 165034610                  /usr/lib/x86_64-linux-gnu/libpthread-2.31.so
7fca3640b000-7fca3640c000 rw-p 0001d000 00:65 165034610                  /usr/lib/x86_64-linux-gnu/libpthread-2.31.so
7fca3640c000-7fca36410000 rw-p 00000000 00:00 0 
7fca36410000-7fca36412000 r--p 00000000 00:65 165034796                  /usr/lib/x86_64-linux-gnu/libz.so.1.2.11
7fca36412000-7fca36423000 r-xp 00002000 00:65 165034796                  /usr/lib/x86_64-linux-gnu/libz.so.1.2.11
7fca36423000-7fca36429000 r--p 00013000 00:65 165034796                  /usr/lib/x86_64-linux-gnu/libz.so.1.2.11
7fca36429000-7fca3642a000 ---p 00019000 00:65 165034796                  /usr/lib/x86_64-linux-gnu/libz.so.1.2.11
7fca3642a000-7fca3642b000 r--p 00019000 00:65 165034796                  /usr/lib/x86_64-linux-gnu/libz.so.1.2.11
7fca3642b000-7fca3642c000 rw-p 0001a000 00:65 165034796                  /usr/lib/x86_64-linux-gnu/libz.so.1.2.11
7fca3642c000-7fca36434000 rw-s 00000000 00:65 71965686                   /tmp/hsperfdata_root/29494
7fca36434000-7fca36437000 rw-p 00000000 00:00 0 
7fca36437000-7fca36438000 r--p 00000000 00:65 165033992                  /usr/lib/x86_64-linux-gnu/ld-2.31.so
7fca36438000-7fca3645b000 r-xp 00001000 00:65 165033992                  /usr/lib/x86_64-linux-gnu/ld-2.31.so
7fca3645b000-7fca36463000 r--p 00024000 00:65 165033992                  /usr/lib/x86_64-linux-gnu/ld-2.31.so
7fca36463000-7fca36464000 r--p 00000000 00:00 0 
7fca36464000-7fca36465000 r--p 0002c000 00:65 165033992                  /usr/lib/x86_64-linux-gnu/ld-2.31.so
7fca36465000-7fca36466000 rw-p 0002d000 00:65 165033992                  /usr/lib/x86_64-linux-gnu/ld-2.31.so
7fca36466000-7fca36467000 rw-p 00000000 00:00 0 
7fff787d8000-7fff787f9000 rw-p 00000000 00:00 0                          [stack]
7fff787fc000-7fff787ff000 r--p 00000000 00:00 0                          [vvar]
7fff787ff000-7fff78800000 r-xp 00000000 00:00 0                          [vdso]
ffffffffff600000-ffffffffff601000 --xp 00000000 00:00 0                  [vsyscall]

VM Arguments:
jvm_args: -Xbootclasspath/a:/usr/local/java/jdk1.8.0_301/jre/lib/rt.jar -Xverify:none 
java_command: org.eclipse.core.runtime.adaptor.EclipseStarter -debug
java_class_path (initial): ./sootOutput/eclipse/
Launcher Type: SUN_STANDARD

Logging:
Log output configuration:
#0: stdout all=warning uptime,level,tags
#1: stderr all=off uptime,level,tags

Environment Variables:
JAVA_HOME=/root/oracle/jdk-9.0.4
JRE_HOME=/root/oracle/jdk-9.0.4
CLASSPATH=.:/root/oracle/jdk-9.0.4/lib:/JVMfuzzing/htm/CFSynthesis/resource/commons-lang3-3.12.0/commons-lang3-3.12.0.jar
PATH=/root/oracle/jdk-9.0.4/bin:/root/.vscode-server/bin/da76f93349a72022ca4670c1b84860304616aaa2/bin/remote-cli:/root/oracle/jdk-9.0.4/bin:/usr/local/sbin:/usr/local/bin:/usr/sbin:/usr/bin:/sbin:/bin:/usr/games:/usr/local/games:/snap/bin
SHELL=/bin/bash

Signal Handlers:
SIGSEGV: [libjvm.so+0xd4d370], sa_mask[0]=11111111011111111101111111111110, sa_flags=SA_RESTART|SA_SIGINFO
SIGBUS: [libjvm.so+0xd4d370], sa_mask[0]=11111111011111111101111111111110, sa_flags=SA_RESTART|SA_SIGINFO
SIGFPE: [libjvm.so+0xd4d370], sa_mask[0]=11111111011111111101111111111110, sa_flags=SA_RESTART|SA_SIGINFO
SIGPIPE: [libjvm.so+0xb64780], sa_mask[0]=11111111011111111101111111111110, sa_flags=SA_RESTART|SA_SIGINFO
SIGXFSZ: [libjvm.so+0xb64780], sa_mask[0]=11111111011111111101111111111110, sa_flags=SA_RESTART|SA_SIGINFO
SIGILL: [libjvm.so+0xd4d370], sa_mask[0]=11111111011111111101111111111110, sa_flags=SA_RESTART|SA_SIGINFO
SIGUSR2: [libjvm.so+0xb64640], sa_mask[0]=00100000000000000000000000000000, sa_flags=SA_RESTART|SA_SIGINFO
SIGHUP: [libjvm.so+0xb64850], sa_mask[0]=11111111011111111101111111111110, sa_flags=SA_RESTART|SA_SIGINFO
SIGINT: [libjvm.so+0xb64850], sa_mask[0]=11111111011111111101111111111110, sa_flags=SA_RESTART|SA_SIGINFO
SIGTERM: [libjvm.so+0xb64850], sa_mask[0]=11111111011111111101111111111110, sa_flags=SA_RESTART|SA_SIGINFO
SIGQUIT: [libjvm.so+0xb64850], sa_mask[0]=11111111011111111101111111111110, sa_flags=SA_RESTART|SA_SIGINFO


---------------  S Y S T E M  ---------------

OS:DISTRIB_ID=Ubuntu
DISTRIB_RELEASE=20.04
DISTRIB_CODENAME=focal
DISTRIB_DESCRIPTION="Ubuntu 20.04.3 LTS"
uname:Linux 5.4.0-124-generic #140~18.04.1-Ubuntu SMP Fri Aug 5 11:43:34 UTC 2022 x86_64
libc:glibc 2.31 NPTL 2.31 
rlimit: STACK 8192k, CORE infinity, NPROC infinity, NOFILE 1048576, AS infinity
load average:43.18 39.86 38.38

/proc/meminfo:
MemTotal:       65549624 kB
MemFree:        11325456 kB
MemAvailable:   37664896 kB
Buffers:         5871580 kB
Cached:          3308780 kB
SwapCached:         8092 kB
Active:         28269300 kB
Inactive:        6127808 kB
Active(anon):   21220840 kB
Inactive(anon):  4017412 kB
Active(file):    7048460 kB
Inactive(file):  2110396 kB
Unevictable:          16 kB
Mlocked:              16 kB
SwapTotal:       2097148 kB
SwapFree:              0 kB
Dirty:             48588 kB
Writeback:             0 kB
AnonPages:      25208328 kB
Mapped:           823860 kB
Shmem:             25608 kB
KReclaimable:   17912508 kB
Slab:           19082316 kB
SReclaimable:   17912508 kB
SUnreclaim:      1169808 kB
KernelStack:       79000 kB
PageTables:       230248 kB
NFS_Unstable:          0 kB
Bounce:                0 kB
WritebackTmp:          0 kB
CommitLimit:    34871960 kB
Committed_AS:   78862264 kB
VmallocTotal:   34359738367 kB
VmallocUsed:      161536 kB
VmallocChunk:          0 kB
Percpu:            32512 kB
HardwareCorrupted:     0 kB
AnonHugePages:         0 kB
ShmemHugePages:        0 kB
ShmemPmdMapped:        0 kB
FileHugePages:         0 kB
FilePmdMapped:         0 kB
CmaTotal:              0 kB
CmaFree:               0 kB
HugePages_Total:       0
HugePages_Free:        0
HugePages_Rsvd:        0
HugePages_Surp:        0
Hugepagesize:       2048 kB
Hugetlb:               0 kB
DirectMap4k:    15497632 kB
DirectMap2M:    51298304 kB
DirectMap1G:           0 kB


CPU:total 28 (initial active 28) (14 cores per cpu, 2 threads per core) family 6 model 85 stepping 4, cmov, cx8, fxsr, mmx, sse, sse2, sse3, ssse3, sse4.1, sse4.2, popcnt, avx, avx2, aes, clmul, erms, rtm, 3dnowpref, lzcnt, ht, tsc, tscinvbit, bmi1, bmi2, adx, fma
CPU Model and flags from /proc/cpuinfo:
model name	: Intel(R) Core(TM) i9-9940X CPU @ 3.30GHz
flags		: fpu vme de pse tsc msr pae mce cx8 apic sep mtrr pge mca cmov pat pse36 clflush dts acpi mmx fxsr sse sse2 ss ht tm pbe syscall nx pdpe1gb rdtscp lm constant_tsc art arch_perfmon pebs bts rep_good nopl xtopology nonstop_tsc cpuid aperfmperf pni pclmulqdq dtes64 monitor ds_cpl vmx est tm2 ssse3 sdbg fma cx16 xtpr pdcm pcid dca sse4_1 sse4_2 x2apic movbe popcnt tsc_deadline_timer aes xsave avx f16c rdrand lahf_lm abm 3dnowprefetch cpuid_fault epb cat_l3 cdp_l3 invpcid_single pti ssbd mba ibrs ibpb stibp tpr_shadow vnmi flexpriority ept vpid ept_ad fsgsbase tsc_adjust bmi1 hle avx2 smep bmi2 erms invpcid rtm cqm mpx rdt_a avx512f avx512dq rdseed adx smap clflushopt clwb intel_pt avx512cd avx512bw avx512vl xsaveopt xsavec xgetbv1 xsaves cqm_llc cqm_occup_llc cqm_mbm_total cqm_mbm_local dtherm ida arat pln pts hwp hwp_act_window hwp_epp hwp_pkg_req md_clear flush_l1d arch_capabilities

Memory: 4k page, physical 65549624k(11325456k free), swap 2097148k(0k free)

vm_info: Java HotSpot(TM) 64-Bit Server VM (9.0.4+11) for linux-amd64 JRE (9.0.4+11), built on Dec 19 2017 18:12:19 by "mach5one" with gcc 4.9.2

END.
