#
# A fatal error has been detected by the Java Runtime Environment:
#
#  SIGSEGV (0xb) at pc=0x00007f2341941b2c, pid=17785, tid=17864
#
# JRE version: Java(TM) SE Runtime Environment (9.0+11) (build 9.0.4+11)
# Java VM: Java HotSpot(TM) 64-Bit Server VM (9.0.4+11, mixed mode, tiered, compressed oops, g1 gc, linux-amd64)
# Problematic frame:
# V  [libjvm.so+0x48eb2c]  Canonicalizer::do_If(If*)+0x1c
#
# Core dump will be written. Default location: Core dumps may be processed with "/usr/share/apport/apport -p%p -s%s -c%c -d%d -P%P -u%u -g%g -- %E" (or dumping to /JVMfuzzing/zjy/classming/Fuzzing-Testing-of-JVM-Implementations/core.17785)
#
# If you would like to submit a bug report, please visit:
#   http://bugreport.java.com/bugreport/crash.jsp
#

---------------  S U M M A R Y ------------

Command Line: -Xbootclasspath/a:/usr/local/java/jdk1.8.0_301/jre/lib/rt.jar -Xverify:none org.eclipse.core.runtime.adaptor.EclipseStarter -debug

Host: Intel(R) Core(TM) i9-9940X CPU @ 3.30GHz, 28 cores, 62G, Ubuntu 20.04.3 LTS
Time: Thu Nov  3 09:09:21 2022 UTC elapsed time: 0 seconds (0d 0h 0m 0s)

---------------  T H R E A D  ---------------

Current thread (0x00007f233c2c7000):  JavaThread "C1 CompilerThread9" daemon [_thread_in_native, id=17864, stack(0x00007f2239b6d000,0x00007f2239c6e000)]


Current CompileTask:
C1:    342  270 %     3       org.eclipse.core.runtime.adaptor.EclipseStarter::main @ 5178 (6083 bytes)

Stack: [0x00007f2239b6d000,0x00007f2239c6e000],  sp=0x00007f2239c6c0c0,  free space=1020k
Native frames: (J=compiled Java code, A=aot compiled Java code, j=interpreted, Vv=VM code, C=native code)
V  [libjvm.so+0x48eb2c]  Canonicalizer::do_If(If*)+0x1c
V  [libjvm.so+0x4a0452]  GraphBuilder::append_with_bci(Instruction*, int)+0x42
V  [libjvm.so+0x4a3526]  GraphBuilder::if_node(Instruction*, Instruction::Condition, Instruction*, ValueStack*)+0x2a6
V  [libjvm.so+0x4b137a]  GraphBuilder::iterate_bytecodes_for_block(int)+0x198a
V  [libjvm.so+0x4b1ad5]  GraphBuilder::iterate_all_blocks(bool)+0x85
V  [libjvm.so+0x4b1ec9]  GraphBuilder::GraphBuilder(Compilation*, IRScope*)+0x389
V  [libjvm.so+0x4b70a8]  IR::IR(Compilation*, ciMethod*, int)+0x1e8
V  [libjvm.so+0x497832]  Compilation::build_hir() [clone .part.93]+0x162
V  [libjvm.so+0x499633]  Compilation::compile_java_method()+0x3c3
V  [libjvm.so+0x4997af]  Compilation::compile_method()+0x12f
V  [libjvm.so+0x499c31]  Compilation::Compilation(AbstractCompiler*, ciEnv*, ciMethod*, int, BufferBlob*, DirectiveSet*)+0x271
V  [libjvm.so+0x49ac1e]  Compiler::compile_method(ciEnv*, ciMethod*, int, DirectiveSet*)+0xae
V  [libjvm.so+0x6125ac]  CompileBroker::invoke_compiler_on_method(CompileTask*)+0x41c
V  [libjvm.so+0x61344b]  CompileBroker::compiler_thread_loop()+0x28b
V  [libjvm.so+0xcef338]  JavaThread::thread_main_inner()+0xd8
V  [libjvm.so+0xb6e132]  thread_native_entry(Thread*)+0xf2
C  [libpthread.so.0+0x9609]  start_thread+0xd9


siginfo: si_signo: 11 (SIGSEGV), si_code: 1 (SEGV_MAPERR), si_addr: 0x0000000000000018

Register to memory mapping:

RAX=0x0000000000000000 is an unknown value
RBX=0x00007f21fc01eb20 is an unknown value
RCX=0x00007f2239c6c800 is pointing into the stack for thread: 0x00007f233c2c7000
RDX=0x00007f21fc01eb20 is an unknown value
RSP=0x00007f2239c6c0c0 is pointing into the stack for thread: 0x00007f233c2c7000
RBP=0x00007f2239c6c130 is pointing into the stack for thread: 0x00007f233c2c7000
RSI=0x00007f21fc01eb20 is an unknown value
RDI=0x00007f2239c6c160 is pointing into the stack for thread: 0x00007f233c2c7000
R8 =0x00007f21fc01e240 is an unknown value
R9 =0x00000000000000ca is an unknown value
R10=0x0000000000000010 is an unknown value
R11=0x0000000000000000 is an unknown value
R12=0x00007f21fc01ebc0 is an unknown value
R13=0x00007f2239c6c460 is pointing into the stack for thread: 0x00007f233c2c7000
R14=0x00007f21fc01eb20 is an unknown value
R15=0x00007f21fc01ebc0 is an unknown value


Registers:
RAX=0x0000000000000000, RBX=0x00007f21fc01eb20, RCX=0x00007f2239c6c800, RDX=0x00007f21fc01eb20
RSP=0x00007f2239c6c0c0, RBP=0x00007f2239c6c130, RSI=0x00007f21fc01eb20, RDI=0x00007f2239c6c160
R8 =0x00007f21fc01e240, R9 =0x00000000000000ca, R10=0x0000000000000010, R11=0x0000000000000000
R12=0x00007f21fc01ebc0, R13=0x00007f2239c6c460, R14=0x00007f21fc01eb20, R15=0x00007f21fc01ebc0
RIP=0x00007f2341941b2c, EFLAGS=0x0000000000010206, CSGSFS=0x002b000000000033, ERR=0x0000000000000004
  TRAPNO=0x000000000000000e

Top of Stack: (sp=0x00007f2239c6c0c0)
0x00007f2239c6c0c0:   00007f2239c6c130 00007f23418b7eb7
0x00007f2239c6c0d0:   0000000000000002 0000000000000104
0x00007f2239c6c0e0:   00007f2239c6c110 00007f234196e69f
0x00007f2239c6c0f0:   00007f2200091510 00007f2239c6c160 

Instructions: (pc=0x00007f2341941b2c)
0x00007f2341941b0c:   ff 90 66 90 55 48 89 e5 41 57 41 56 41 55 41 54
0x00007f2341941b1c:   53 48 89 f3 48 83 ec 48 48 8b 46 70 48 89 7d c8
0x00007f2341941b2c:   48 8b 78 18 48 8b 07 ff 50 18 84 c0 0f 85 a2 00
0x00007f2341941b3c:   00 00 4c 8b 63 70 48 8b 83 80 00 00 00 49 39 c4 


---------------  P R O C E S S  ---------------

Java Threads: ( => current thread )
  0x00007f233c39b000 JavaThread "Service Thread" daemon [_thread_blocked, id=17869, stack(0x00007f223920f000,0x00007f2239310000)]
  0x00007f233c2ec000 JavaThread "Common-Cleaner" daemon [_thread_blocked, id=17868, stack(0x00007f2239310000,0x00007f2239411000)]
  0x00007f233c2cd000 JavaThread "Sweeper thread" daemon [_thread_blocked, id=17867, stack(0x00007f223986a000,0x00007f223996b000)]
  0x00007f233c2cb000 JavaThread "C1 CompilerThread11" daemon [_thread_blocked, id=17866, stack(0x00007f223996b000,0x00007f2239a6c000)]
  0x00007f233c2c9000 JavaThread "C1 CompilerThread10" daemon [_thread_blocked, id=17865, stack(0x00007f2239a6c000,0x00007f2239b6d000)]
=>0x00007f233c2c7000 JavaThread "C1 CompilerThread9" daemon [_thread_in_native, id=17864, stack(0x00007f2239b6d000,0x00007f2239c6e000)]
  0x00007f233c2c5000 JavaThread "C1 CompilerThread8" daemon [_thread_blocked, id=17863, stack(0x00007f2239c6e000,0x00007f2239d6f000)]
  0x00007f233c2c3000 JavaThread "C2 CompilerThread7" daemon [_thread_blocked, id=17862, stack(0x00007f2239d6f000,0x00007f2239e70000)]
  0x00007f233c2c1000 JavaThread "C2 CompilerThread6" daemon [_thread_blocked, id=17861, stack(0x00007f2239e70000,0x00007f2239f71000)]
  0x00007f233c2bf000 JavaThread "C2 CompilerThread5" daemon [_thread_blocked, id=17860, stack(0x00007f2239f71000,0x00007f223a072000)]
  0x00007f233c2b5000 JavaThread "C2 CompilerThread4" daemon [_thread_blocked, id=17859, stack(0x00007f223a072000,0x00007f223a173000)]
  0x00007f233c2b3000 JavaThread "C2 CompilerThread3" daemon [_thread_blocked, id=17858, stack(0x00007f223a173000,0x00007f223a274000)]
  0x00007f233c2b1000 JavaThread "C2 CompilerThread2" daemon [_thread_blocked, id=17857, stack(0x00007f223a274000,0x00007f223a375000)]
  0x00007f233c2af000 JavaThread "C2 CompilerThread1" daemon [_thread_blocked, id=17856, stack(0x00007f223a375000,0x00007f223a476000)]
  0x00007f233c2ad000 JavaThread "C2 CompilerThread0" daemon [_thread_blocked, id=17855, stack(0x00007f223a476000,0x00007f223a577000)]
  0x00007f233c2ab000 JavaThread "Signal Dispatcher" daemon [_thread_blocked, id=17854, stack(0x00007f223a577000,0x00007f223a678000)]
  0x00007f233c291000 JavaThread "Finalizer" daemon [_thread_blocked, id=17846, stack(0x00007f223a678000,0x00007f223a779000)]
  0x00007f233c288800 JavaThread "Reference Handler" daemon [_thread_blocked, id=17845, stack(0x00007f223a779000,0x00007f223a87a000)]
  0x00007f233c011800 JavaThread "main" [_thread_in_native, id=17787, stack(0x00007f2341265000,0x00007f2341364000)]

Other Threads:
  0x00007f233c281000 VMThread "VM Thread" [stack: 0x00007f223a87c000,0x00007f223a97c000] [id=17844]
  0x00007f233c39d800 WatcherThread [stack: 0x00007f223910f000,0x00007f223920f000] [id=17870]
  0x00007f233c034000 GCTaskThread "GC Thread#0" [stack: 0x00007f23404bf000,0x00007f23405bf000] [id=17788]
  0x00007f233c035800 GCTaskThread "GC Thread#1" [stack: 0x00007f23403bd000,0x00007f23404bd000] [id=17789]
  0x00007f233c037000 GCTaskThread "GC Thread#2" [stack: 0x00007f23402bb000,0x00007f23403bb000] [id=17790]
  0x00007f233c039000 GCTaskThread "GC Thread#3" [stack: 0x00007f23401b9000,0x00007f23402b9000] [id=17791]
  0x00007f233c03a800 GCTaskThread "GC Thread#4" [stack: 0x00007f23400b7000,0x00007f23401b7000] [id=17792]
  0x00007f233c03c800 GCTaskThread "GC Thread#5" [stack: 0x00007f2321a43000,0x00007f2321b43000] [id=17793]
  0x00007f233c03e000 GCTaskThread "GC Thread#6" [stack: 0x00007f2321941000,0x00007f2321a41000] [id=17794]
  0x00007f233c03f800 GCTaskThread "GC Thread#7" [stack: 0x00007f232183f000,0x00007f232193f000] [id=17795]
  0x00007f233c041800 GCTaskThread "GC Thread#8" [stack: 0x00007f232173d000,0x00007f232183d000] [id=17796]
  0x00007f233c043000 GCTaskThread "GC Thread#9" [stack: 0x00007f232163b000,0x00007f232173b000] [id=17797]
  0x00007f233c045000 GCTaskThread "GC Thread#10" [stack: 0x00007f2321539000,0x00007f2321639000] [id=17798]
  0x00007f233c046800 GCTaskThread "GC Thread#11" [stack: 0x00007f2321437000,0x00007f2321537000] [id=17799]
  0x00007f233c048800 GCTaskThread "GC Thread#12" [stack: 0x00007f2321335000,0x00007f2321435000] [id=17800]
  0x00007f233c04a000 GCTaskThread "GC Thread#13" [stack: 0x00007f2321233000,0x00007f2321333000] [id=17801]
  0x00007f233c04c000 GCTaskThread "GC Thread#14" [stack: 0x00007f2321131000,0x00007f2321231000] [id=17802]
  0x00007f233c04d800 GCTaskThread "GC Thread#15" [stack: 0x00007f232102f000,0x00007f232112f000] [id=17803]
  0x00007f233c04f800 GCTaskThread "GC Thread#16" [stack: 0x00007f2320f2d000,0x00007f232102d000] [id=17804]
  0x00007f233c051000 GCTaskThread "GC Thread#17" [stack: 0x00007f2320e2b000,0x00007f2320f2b000] [id=17805]
  0x00007f233c052800 GCTaskThread "GC Thread#18" [stack: 0x00007f2320d29000,0x00007f2320e29000] [id=17806]
  0x00007f233c054800 GCTaskThread "GC Thread#19" [stack: 0x00007f2320c27000,0x00007f2320d27000] [id=17807]
  0x00007f233c09f800 ConcurrentGCThread "G1 Main Marker" [stack: 0x00007f22d018a000,0x00007f22d028a000] [id=17829]
  0x00007f233c0a1000 ConcurrentGCThread "G1 Marker#0" [stack: 0x00007f22d0088000,0x00007f22d0188000] [id=17830]
  0x00007f233c0a3000 ConcurrentGCThread "G1 Marker#1" [stack: 0x00007f2252931000,0x00007f2252a31000] [id=17831]
  0x00007f233c0a4800 ConcurrentGCThread "G1 Marker#2" [stack: 0x00007f225282f000,0x00007f225292f000] [id=17832]
  0x00007f233c0a6800 ConcurrentGCThread "G1 Marker#3" [stack: 0x00007f225272d000,0x00007f225282d000] [id=17833]
  0x00007f233c0a8000 ConcurrentGCThread "G1 Marker#4" [stack: 0x00007f225262b000,0x00007f225272b000] [id=17834]
  0x00007f233c079000 ConcurrentGCThread "G1 Refine#0" [stack: 0x00007f22d23d2000,0x00007f22d24d2000] [id=17827]
  0x00007f233c077000 ConcurrentGCThread "G1 Refine#1" [stack: 0x00007f22d24d4000,0x00007f22d25d4000] [id=17826]
  0x00007f233c075000 ConcurrentGCThread "G1 Refine#2" [stack: 0x00007f22d25d6000,0x00007f22d26d6000] [id=17825]
  0x00007f233c073800 ConcurrentGCThread "G1 Refine#3" [stack: 0x00007f22d26d8000,0x00007f22d27d8000] [id=17824]
  0x00007f233c071800 ConcurrentGCThread "G1 Refine#4" [stack: 0x00007f22d27da000,0x00007f22d28da000] [id=17823]
  0x00007f233c070000 ConcurrentGCThread "G1 Refine#5" [stack: 0x00007f22d28dc000,0x00007f22d29dc000] [id=17822]
  0x00007f233c06e000 ConcurrentGCThread "G1 Refine#6" [stack: 0x00007f22d29de000,0x00007f22d2ade000] [id=17821]
  0x00007f233c06c800 ConcurrentGCThread "G1 Refine#7" [stack: 0x00007f22d2ae0000,0x00007f22d2be0000] [id=17820]
  0x00007f233c06a800 ConcurrentGCThread "G1 Refine#8" [stack: 0x00007f22d2be2000,0x00007f22d2ce2000] [id=17819]
  0x00007f233c069000 ConcurrentGCThread "G1 Refine#9" [stack: 0x00007f22d2ce4000,0x00007f22d2de4000] [id=17818]
  0x00007f233c067000 ConcurrentGCThread "G1 Refine#10" [stack: 0x00007f22d2de6000,0x00007f22d2ee6000] [id=17817]
  0x00007f233c065000 ConcurrentGCThread "G1 Refine#11" [stack: 0x00007f22d2ee8000,0x00007f22d2fe8000] [id=17816]
  0x00007f233c063800 ConcurrentGCThread "G1 Refine#12" [stack: 0x00007f22d2fea000,0x00007f22d30ea000] [id=17815]
  0x00007f233c061800 ConcurrentGCThread "G1 Refine#13" [stack: 0x00007f22d30ec000,0x00007f22d31ec000] [id=17814]
  0x00007f233c060000 ConcurrentGCThread "G1 Refine#14" [stack: 0x00007f22d31ee000,0x00007f22d32ee000] [id=17813]
  0x00007f233c05e000 ConcurrentGCThread "G1 Refine#15" [stack: 0x00007f22d32f0000,0x00007f22d33f0000] [id=17812]
  0x00007f233c05c800 ConcurrentGCThread "G1 Refine#16" [stack: 0x00007f22d33f2000,0x00007f22d34f2000] [id=17811]
  0x00007f233c05a800 ConcurrentGCThread "G1 Refine#17" [stack: 0x00007f22d34f4000,0x00007f22d35f4000] [id=17810]
  0x00007f233c059000 ConcurrentGCThread "G1 Refine#18" [stack: 0x00007f22d35f6000,0x00007f22d36f6000] [id=17809]
  0x00007f233c057000 ConcurrentGCThread "G1 Refine#19" [stack: 0x00007f22d36f8000,0x00007f22d37f8000] [id=17808]
  0x00007f233c07a800 ConcurrentGCThread "G1 Young RemSet Sampling" [stack: 0x00007f22d22d0000,0x00007f22d23d0000] [id=17828]

Threads with active compile tasks:
C1 CompilerThread9 270 %     3       org.eclipse.core.runtime.adaptor.EclipseStarter::main @ 5178 (6083 bytes)

VM state:not at safepoint (normal execution)

VM Mutex/Monitor currently owned by a thread: None

Heap address: 0x00000003d7c00000, size: 16004 MB, Compressed Oops mode: Zero based, Oop shift amount: 3
Narrow klass base: 0x0000000000000000, Narrow klass shift: 3
Compressed class space size: 1073741824 Address: 0x00000007c0000000

Heap:
 garbage-first heap   total 1028096K, used 8192K [0x00000003d7c00000, 0x00000003d80007d8, 0x00000007c0000000)
  region size 4096K, 3 young (12288K), 0 survivors (0K)
 Metaspace       used 4334K, capacity 4680K, committed 4864K, reserved 1056768K
  class space    used 356K, capacity 388K, committed 512K, reserved 1048576K
Heap Regions: E=young(eden), S=young(survivor), O=old, HS=humongous(starts), HC=humongous(continues), CS=collection set, F=free, A=archive, TS=gc time stamp, AC=allocation context, TAMS=top-at-mark-start (previous, next)
|   0|0x00000003d7c00000, 0x00000003d7c00000, 0x00000003d8000000|  0%| F|  |TS  0|AC  0|TAMS 0x00000003d7c00000, 0x00000003d7c00000|
|   1|0x00000003d8000000, 0x00000003d8000000, 0x00000003d8400000|  0%| F|  |TS  0|AC  0|TAMS 0x00000003d8000000, 0x00000003d8000000|
|   2|0x00000003d8400000, 0x00000003d8400000, 0x00000003d8800000|  0%| F|  |TS  0|AC  0|TAMS 0x00000003d8400000, 0x00000003d8400000|
|   3|0x00000003d8800000, 0x00000003d8800000, 0x00000003d8c00000|  0%| F|  |TS  0|AC  0|TAMS 0x00000003d8800000, 0x00000003d8800000|
|   4|0x00000003d8c00000, 0x00000003d8c00000, 0x00000003d9000000|  0%| F|  |TS  0|AC  0|TAMS 0x00000003d8c00000, 0x00000003d8c00000|
|   5|0x00000003d9000000, 0x00000003d9000000, 0x00000003d9400000|  0%| F|  |TS  0|AC  0|TAMS 0x00000003d9000000, 0x00000003d9000000|
|   6|0x00000003d9400000, 0x00000003d9400000, 0x00000003d9800000|  0%| F|  |TS  0|AC  0|TAMS 0x00000003d9400000, 0x00000003d9400000|
|   7|0x00000003d9800000, 0x00000003d9800000, 0x00000003d9c00000|  0%| F|  |TS  0|AC  0|TAMS 0x00000003d9800000, 0x00000003d9800000|
|   8|0x00000003d9c00000, 0x00000003d9c00000, 0x00000003da000000|  0%| F|  |TS  0|AC  0|TAMS 0x00000003d9c00000, 0x00000003d9c00000|
|   9|0x00000003da000000, 0x00000003da000000, 0x00000003da400000|  0%| F|  |TS  0|AC  0|TAMS 0x00000003da000000, 0x00000003da000000|
|  10|0x00000003da400000, 0x00000003da400000, 0x00000003da800000|  0%| F|  |TS  0|AC  0|TAMS 0x00000003da400000, 0x00000003da400000|
|  11|0x00000003da800000, 0x00000003da800000, 0x00000003dac00000|  0%| F|  |TS  0|AC  0|TAMS 0x00000003da800000, 0x00000003da800000|
|  12|0x00000003dac00000, 0x00000003dac00000, 0x00000003db000000|  0%| F|  |TS  0|AC  0|TAMS 0x00000003dac00000, 0x00000003dac00000|
|  13|0x00000003db000000, 0x00000003db000000, 0x00000003db400000|  0%| F|  |TS  0|AC  0|TAMS 0x00000003db000000, 0x00000003db000000|
|  14|0x00000003db400000, 0x00000003db400000, 0x00000003db800000|  0%| F|  |TS  0|AC  0|TAMS 0x00000003db400000, 0x00000003db400000|
|  15|0x00000003db800000, 0x00000003db800000, 0x00000003dbc00000|  0%| F|  |TS  0|AC  0|TAMS 0x00000003db800000, 0x00000003db800000|
|  16|0x00000003dbc00000, 0x00000003dbc00000, 0x00000003dc000000|  0%| F|  |TS  0|AC  0|TAMS 0x00000003dbc00000, 0x00000003dbc00000|
|  17|0x00000003dc000000, 0x00000003dc000000, 0x00000003dc400000|  0%| F|  |TS  0|AC  0|TAMS 0x00000003dc000000, 0x00000003dc000000|
|  18|0x00000003dc400000, 0x00000003dc400000, 0x00000003dc800000|  0%| F|  |TS  0|AC  0|TAMS 0x00000003dc400000, 0x00000003dc400000|
|  19|0x00000003dc800000, 0x00000003dc800000, 0x00000003dcc00000|  0%| F|  |TS  0|AC  0|TAMS 0x00000003dc800000, 0x00000003dc800000|
|  20|0x00000003dcc00000, 0x00000003dcc00000, 0x00000003dd000000|  0%| F|  |TS  0|AC  0|TAMS 0x00000003dcc00000, 0x00000003dcc00000|
|  21|0x00000003dd000000, 0x00000003dd000000, 0x00000003dd400000|  0%| F|  |TS  0|AC  0|TAMS 0x00000003dd000000, 0x00000003dd000000|
|  22|0x00000003dd400000, 0x00000003dd400000, 0x00000003dd800000|  0%| F|  |TS  0|AC  0|TAMS 0x00000003dd400000, 0x00000003dd400000|
|  23|0x00000003dd800000, 0x00000003dd800000, 0x00000003ddc00000|  0%| F|  |TS  0|AC  0|TAMS 0x00000003dd800000, 0x00000003dd800000|
|  24|0x00000003ddc00000, 0x00000003ddc00000, 0x00000003de000000|  0%| F|  |TS  0|AC  0|TAMS 0x00000003ddc00000, 0x00000003ddc00000|
|  25|0x00000003de000000, 0x00000003de000000, 0x00000003de400000|  0%| F|  |TS  0|AC  0|TAMS 0x00000003de000000, 0x00000003de000000|
|  26|0x00000003de400000, 0x00000003de400000, 0x00000003de800000|  0%| F|  |TS  0|AC  0|TAMS 0x00000003de400000, 0x00000003de400000|
|  27|0x00000003de800000, 0x00000003de800000, 0x00000003dec00000|  0%| F|  |TS  0|AC  0|TAMS 0x00000003de800000, 0x00000003de800000|
|  28|0x00000003dec00000, 0x00000003dec00000, 0x00000003df000000|  0%| F|  |TS  0|AC  0|TAMS 0x00000003dec00000, 0x00000003dec00000|
|  29|0x00000003df000000, 0x00000003df000000, 0x00000003df400000|  0%| F|  |TS  0|AC  0|TAMS 0x00000003df000000, 0x00000003df000000|
|  30|0x00000003df400000, 0x00000003df400000, 0x00000003df800000|  0%| F|  |TS  0|AC  0|TAMS 0x00000003df400000, 0x00000003df400000|
|  31|0x00000003df800000, 0x00000003df800000, 0x00000003dfc00000|  0%| F|  |TS  0|AC  0|TAMS 0x00000003df800000, 0x00000003df800000|
|  32|0x00000003dfc00000, 0x00000003dfc00000, 0x00000003e0000000|  0%| F|  |TS  0|AC  0|TAMS 0x00000003dfc00000, 0x00000003dfc00000|
|  33|0x00000003e0000000, 0x00000003e0000000, 0x00000003e0400000|  0%| F|  |TS  0|AC  0|TAMS 0x00000003e0000000, 0x00000003e0000000|
|  34|0x00000003e0400000, 0x00000003e0400000, 0x00000003e0800000|  0%| F|  |TS  0|AC  0|TAMS 0x00000003e0400000, 0x00000003e0400000|
|  35|0x00000003e0800000, 0x00000003e0800000, 0x00000003e0c00000|  0%| F|  |TS  0|AC  0|TAMS 0x00000003e0800000, 0x00000003e0800000|
|  36|0x00000003e0c00000, 0x00000003e0c00000, 0x00000003e1000000|  0%| F|  |TS  0|AC  0|TAMS 0x00000003e0c00000, 0x00000003e0c00000|
|  37|0x00000003e1000000, 0x00000003e1000000, 0x00000003e1400000|  0%| F|  |TS  0|AC  0|TAMS 0x00000003e1000000, 0x00000003e1000000|
|  38|0x00000003e1400000, 0x00000003e1400000, 0x00000003e1800000|  0%| F|  |TS  0|AC  0|TAMS 0x00000003e1400000, 0x00000003e1400000|
|  39|0x00000003e1800000, 0x00000003e1800000, 0x00000003e1c00000|  0%| F|  |TS  0|AC  0|TAMS 0x00000003e1800000, 0x00000003e1800000|
|  40|0x00000003e1c00000, 0x00000003e1c00000, 0x00000003e2000000|  0%| F|  |TS  0|AC  0|TAMS 0x00000003e1c00000, 0x00000003e1c00000|
|  41|0x00000003e2000000, 0x00000003e2000000, 0x00000003e2400000|  0%| F|  |TS  0|AC  0|TAMS 0x00000003e2000000, 0x00000003e2000000|
|  42|0x00000003e2400000, 0x00000003e2400000, 0x00000003e2800000|  0%| F|  |TS  0|AC  0|TAMS 0x00000003e2400000, 0x00000003e2400000|
|  43|0x00000003e2800000, 0x00000003e2800000, 0x00000003e2c00000|  0%| F|  |TS  0|AC  0|TAMS 0x00000003e2800000, 0x00000003e2800000|
|  44|0x00000003e2c00000, 0x00000003e2c00000, 0x00000003e3000000|  0%| F|  |TS  0|AC  0|TAMS 0x00000003e2c00000, 0x00000003e2c00000|
|  45|0x00000003e3000000, 0x00000003e3000000, 0x00000003e3400000|  0%| F|  |TS  0|AC  0|TAMS 0x00000003e3000000, 0x00000003e3000000|
|  46|0x00000003e3400000, 0x00000003e3400000, 0x00000003e3800000|  0%| F|  |TS  0|AC  0|TAMS 0x00000003e3400000, 0x00000003e3400000|
|  47|0x00000003e3800000, 0x00000003e3800000, 0x00000003e3c00000|  0%| F|  |TS  0|AC  0|TAMS 0x00000003e3800000, 0x00000003e3800000|
|  48|0x00000003e3c00000, 0x00000003e3c00000, 0x00000003e4000000|  0%| F|  |TS  0|AC  0|TAMS 0x00000003e3c00000, 0x00000003e3c00000|
|  49|0x00000003e4000000, 0x00000003e4000000, 0x00000003e4400000|  0%| F|  |TS  0|AC  0|TAMS 0x00000003e4000000, 0x00000003e4000000|
|  50|0x00000003e4400000, 0x00000003e4400000, 0x00000003e4800000|  0%| F|  |TS  0|AC  0|TAMS 0x00000003e4400000, 0x00000003e4400000|
|  51|0x00000003e4800000, 0x00000003e4800000, 0x00000003e4c00000|  0%| F|  |TS  0|AC  0|TAMS 0x00000003e4800000, 0x00000003e4800000|
|  52|0x00000003e4c00000, 0x00000003e4c00000, 0x00000003e5000000|  0%| F|  |TS  0|AC  0|TAMS 0x00000003e4c00000, 0x00000003e4c00000|
|  53|0x00000003e5000000, 0x00000003e5000000, 0x00000003e5400000|  0%| F|  |TS  0|AC  0|TAMS 0x00000003e5000000, 0x00000003e5000000|
|  54|0x00000003e5400000, 0x00000003e5400000, 0x00000003e5800000|  0%| F|  |TS  0|AC  0|TAMS 0x00000003e5400000, 0x00000003e5400000|
|  55|0x00000003e5800000, 0x00000003e5800000, 0x00000003e5c00000|  0%| F|  |TS  0|AC  0|TAMS 0x00000003e5800000, 0x00000003e5800000|
|  56|0x00000003e5c00000, 0x00000003e5c00000, 0x00000003e6000000|  0%| F|  |TS  0|AC  0|TAMS 0x00000003e5c00000, 0x00000003e5c00000|
|  57|0x00000003e6000000, 0x00000003e6000000, 0x00000003e6400000|  0%| F|  |TS  0|AC  0|TAMS 0x00000003e6000000, 0x00000003e6000000|
|  58|0x00000003e6400000, 0x00000003e6400000, 0x00000003e6800000|  0%| F|  |TS  0|AC  0|TAMS 0x00000003e6400000, 0x00000003e6400000|
|  59|0x00000003e6800000, 0x00000003e6800000, 0x00000003e6c00000|  0%| F|  |TS  0|AC  0|TAMS 0x00000003e6800000, 0x00000003e6800000|
|  60|0x00000003e6c00000, 0x00000003e6c00000, 0x00000003e7000000|  0%| F|  |TS  0|AC  0|TAMS 0x00000003e6c00000, 0x00000003e6c00000|
|  61|0x00000003e7000000, 0x00000003e7000000, 0x00000003e7400000|  0%| F|  |TS  0|AC  0|TAMS 0x00000003e7000000, 0x00000003e7000000|
|  62|0x00000003e7400000, 0x00000003e7400000, 0x00000003e7800000|  0%| F|  |TS  0|AC  0|TAMS 0x00000003e7400000, 0x00000003e7400000|
|  63|0x00000003e7800000, 0x00000003e7800000, 0x00000003e7c00000|  0%| F|  |TS  0|AC  0|TAMS 0x00000003e7800000, 0x00000003e7800000|
|  64|0x00000003e7c00000, 0x00000003e7c00000, 0x00000003e8000000|  0%| F|  |TS  0|AC  0|TAMS 0x00000003e7c00000, 0x00000003e7c00000|
|  65|0x00000003e8000000, 0x00000003e8000000, 0x00000003e8400000|  0%| F|  |TS  0|AC  0|TAMS 0x00000003e8000000, 0x00000003e8000000|
|  66|0x00000003e8400000, 0x00000003e8400000, 0x00000003e8800000|  0%| F|  |TS  0|AC  0|TAMS 0x00000003e8400000, 0x00000003e8400000|
|  67|0x00000003e8800000, 0x00000003e8800000, 0x00000003e8c00000|  0%| F|  |TS  0|AC  0|TAMS 0x00000003e8800000, 0x00000003e8800000|
|  68|0x00000003e8c00000, 0x00000003e8c00000, 0x00000003e9000000|  0%| F|  |TS  0|AC  0|TAMS 0x00000003e8c00000, 0x00000003e8c00000|
|  69|0x00000003e9000000, 0x00000003e9000000, 0x00000003e9400000|  0%| F|  |TS  0|AC  0|TAMS 0x00000003e9000000, 0x00000003e9000000|
|  70|0x00000003e9400000, 0x00000003e9400000, 0x00000003e9800000|  0%| F|  |TS  0|AC  0|TAMS 0x00000003e9400000, 0x00000003e9400000|
|  71|0x00000003e9800000, 0x00000003e9800000, 0x00000003e9c00000|  0%| F|  |TS  0|AC  0|TAMS 0x00000003e9800000, 0x00000003e9800000|
|  72|0x00000003e9c00000, 0x00000003e9c00000, 0x00000003ea000000|  0%| F|  |TS  0|AC  0|TAMS 0x00000003e9c00000, 0x00000003e9c00000|
|  73|0x00000003ea000000, 0x00000003ea000000, 0x00000003ea400000|  0%| F|  |TS  0|AC  0|TAMS 0x00000003ea000000, 0x00000003ea000000|
|  74|0x00000003ea400000, 0x00000003ea400000, 0x00000003ea800000|  0%| F|  |TS  0|AC  0|TAMS 0x00000003ea400000, 0x00000003ea400000|
|  75|0x00000003ea800000, 0x00000003ea800000, 0x00000003eac00000|  0%| F|  |TS  0|AC  0|TAMS 0x00000003ea800000, 0x00000003ea800000|
|  76|0x00000003eac00000, 0x00000003eac00000, 0x00000003eb000000|  0%| F|  |TS  0|AC  0|TAMS 0x00000003eac00000, 0x00000003eac00000|
|  77|0x00000003eb000000, 0x00000003eb000000, 0x00000003eb400000|  0%| F|  |TS  0|AC  0|TAMS 0x00000003eb000000, 0x00000003eb000000|
|  78|0x00000003eb400000, 0x00000003eb400000, 0x00000003eb800000|  0%| F|  |TS  0|AC  0|TAMS 0x00000003eb400000, 0x00000003eb400000|
|  79|0x00000003eb800000, 0x00000003eb800000, 0x00000003ebc00000|  0%| F|  |TS  0|AC  0|TAMS 0x00000003eb800000, 0x00000003eb800000|
|  80|0x00000003ebc00000, 0x00000003ebc00000, 0x00000003ec000000|  0%| F|  |TS  0|AC  0|TAMS 0x00000003ebc00000, 0x00000003ebc00000|
|  81|0x00000003ec000000, 0x00000003ec000000, 0x00000003ec400000|  0%| F|  |TS  0|AC  0|TAMS 0x00000003ec000000, 0x00000003ec000000|
|  82|0x00000003ec400000, 0x00000003ec400000, 0x00000003ec800000|  0%| F|  |TS  0|AC  0|TAMS 0x00000003ec400000, 0x00000003ec400000|
|  83|0x00000003ec800000, 0x00000003ec800000, 0x00000003ecc00000|  0%| F|  |TS  0|AC  0|TAMS 0x00000003ec800000, 0x00000003ec800000|
|  84|0x00000003ecc00000, 0x00000003ecc00000, 0x00000003ed000000|  0%| F|  |TS  0|AC  0|TAMS 0x00000003ecc00000, 0x00000003ecc00000|
|  85|0x00000003ed000000, 0x00000003ed000000, 0x00000003ed400000|  0%| F|  |TS  0|AC  0|TAMS 0x00000003ed000000, 0x00000003ed000000|
|  86|0x00000003ed400000, 0x00000003ed400000, 0x00000003ed800000|  0%| F|  |TS  0|AC  0|TAMS 0x00000003ed400000, 0x00000003ed400000|
|  87|0x00000003ed800000, 0x00000003ed800000, 0x00000003edc00000|  0%| F|  |TS  0|AC  0|TAMS 0x00000003ed800000, 0x00000003ed800000|
|  88|0x00000003edc00000, 0x00000003edc00000, 0x00000003ee000000|  0%| F|  |TS  0|AC  0|TAMS 0x00000003edc00000, 0x00000003edc00000|
|  89|0x00000003ee000000, 0x00000003ee000000, 0x00000003ee400000|  0%| F|  |TS  0|AC  0|TAMS 0x00000003ee000000, 0x00000003ee000000|
|  90|0x00000003ee400000, 0x00000003ee400000, 0x00000003ee800000|  0%| F|  |TS  0|AC  0|TAMS 0x00000003ee400000, 0x00000003ee400000|
|  91|0x00000003ee800000, 0x00000003ee800000, 0x00000003eec00000|  0%| F|  |TS  0|AC  0|TAMS 0x00000003ee800000, 0x00000003ee800000|
|  92|0x00000003eec00000, 0x00000003eec00000, 0x00000003ef000000|  0%| F|  |TS  0|AC  0|TAMS 0x00000003eec00000, 0x00000003eec00000|
|  93|0x00000003ef000000, 0x00000003ef000000, 0x00000003ef400000|  0%| F|  |TS  0|AC  0|TAMS 0x00000003ef000000, 0x00000003ef000000|
|  94|0x00000003ef400000, 0x00000003ef400000, 0x00000003ef800000|  0%| F|  |TS  0|AC  0|TAMS 0x00000003ef400000, 0x00000003ef400000|
|  95|0x00000003ef800000, 0x00000003ef800000, 0x00000003efc00000|  0%| F|  |TS  0|AC  0|TAMS 0x00000003ef800000, 0x00000003ef800000|
|  96|0x00000003efc00000, 0x00000003efc00000, 0x00000003f0000000|  0%| F|  |TS  0|AC  0|TAMS 0x00000003efc00000, 0x00000003efc00000|
|  97|0x00000003f0000000, 0x00000003f0000000, 0x00000003f0400000|  0%| F|  |TS  0|AC  0|TAMS 0x00000003f0000000, 0x00000003f0000000|
|  98|0x00000003f0400000, 0x00000003f0400000, 0x00000003f0800000|  0%| F|  |TS  0|AC  0|TAMS 0x00000003f0400000, 0x00000003f0400000|
|  99|0x00000003f0800000, 0x00000003f0800000, 0x00000003f0c00000|  0%| F|  |TS  0|AC  0|TAMS 0x00000003f0800000, 0x00000003f0800000|
| 100|0x00000003f0c00000, 0x00000003f0c00000, 0x00000003f1000000|  0%| F|  |TS  0|AC  0|TAMS 0x00000003f0c00000, 0x00000003f0c00000|
| 101|0x00000003f1000000, 0x00000003f1000000, 0x00000003f1400000|  0%| F|  |TS  0|AC  0|TAMS 0x00000003f1000000, 0x00000003f1000000|
| 102|0x00000003f1400000, 0x00000003f1400000, 0x00000003f1800000|  0%| F|  |TS  0|AC  0|TAMS 0x00000003f1400000, 0x00000003f1400000|
| 103|0x00000003f1800000, 0x00000003f1800000, 0x00000003f1c00000|  0%| F|  |TS  0|AC  0|TAMS 0x00000003f1800000, 0x00000003f1800000|
| 104|0x00000003f1c00000, 0x00000003f1c00000, 0x00000003f2000000|  0%| F|  |TS  0|AC  0|TAMS 0x00000003f1c00000, 0x00000003f1c00000|
| 105|0x00000003f2000000, 0x00000003f2000000, 0x00000003f2400000|  0%| F|  |TS  0|AC  0|TAMS 0x00000003f2000000, 0x00000003f2000000|
| 106|0x00000003f2400000, 0x00000003f2400000, 0x00000003f2800000|  0%| F|  |TS  0|AC  0|TAMS 0x00000003f2400000, 0x00000003f2400000|
| 107|0x00000003f2800000, 0x00000003f2800000, 0x00000003f2c00000|  0%| F|  |TS  0|AC  0|TAMS 0x00000003f2800000, 0x00000003f2800000|
| 108|0x00000003f2c00000, 0x00000003f2c00000, 0x00000003f3000000|  0%| F|  |TS  0|AC  0|TAMS 0x00000003f2c00000, 0x00000003f2c00000|
| 109|0x00000003f3000000, 0x00000003f3000000, 0x00000003f3400000|  0%| F|  |TS  0|AC  0|TAMS 0x00000003f3000000, 0x00000003f3000000|
| 110|0x00000003f3400000, 0x00000003f3400000, 0x00000003f3800000|  0%| F|  |TS  0|AC  0|TAMS 0x00000003f3400000, 0x00000003f3400000|
| 111|0x00000003f3800000, 0x00000003f3800000, 0x00000003f3c00000|  0%| F|  |TS  0|AC  0|TAMS 0x00000003f3800000, 0x00000003f3800000|
| 112|0x00000003f3c00000, 0x00000003f3c00000, 0x00000003f4000000|  0%| F|  |TS  0|AC  0|TAMS 0x00000003f3c00000, 0x00000003f3c00000|
| 113|0x00000003f4000000, 0x00000003f4000000, 0x00000003f4400000|  0%| F|  |TS  0|AC  0|TAMS 0x00000003f4000000, 0x00000003f4000000|
| 114|0x00000003f4400000, 0x00000003f4400000, 0x00000003f4800000|  0%| F|  |TS  0|AC  0|TAMS 0x00000003f4400000, 0x00000003f4400000|
| 115|0x00000003f4800000, 0x00000003f4800000, 0x00000003f4c00000|  0%| F|  |TS  0|AC  0|TAMS 0x00000003f4800000, 0x00000003f4800000|
| 116|0x00000003f4c00000, 0x00000003f4c00000, 0x00000003f5000000|  0%| F|  |TS  0|AC  0|TAMS 0x00000003f4c00000, 0x00000003f4c00000|
| 117|0x00000003f5000000, 0x00000003f5000000, 0x00000003f5400000|  0%| F|  |TS  0|AC  0|TAMS 0x00000003f5000000, 0x00000003f5000000|
| 118|0x00000003f5400000, 0x00000003f5400000, 0x00000003f5800000|  0%| F|  |TS  0|AC  0|TAMS 0x00000003f5400000, 0x00000003f5400000|
| 119|0x00000003f5800000, 0x00000003f5800000, 0x00000003f5c00000|  0%| F|  |TS  0|AC  0|TAMS 0x00000003f5800000, 0x00000003f5800000|
| 120|0x00000003f5c00000, 0x00000003f5c00000, 0x00000003f6000000|  0%| F|  |TS  0|AC  0|TAMS 0x00000003f5c00000, 0x00000003f5c00000|
| 121|0x00000003f6000000, 0x00000003f6000000, 0x00000003f6400000|  0%| F|  |TS  0|AC  0|TAMS 0x00000003f6000000, 0x00000003f6000000|
| 122|0x00000003f6400000, 0x00000003f6400000, 0x00000003f6800000|  0%| F|  |TS  0|AC  0|TAMS 0x00000003f6400000, 0x00000003f6400000|
| 123|0x00000003f6800000, 0x00000003f6800000, 0x00000003f6c00000|  0%| F|  |TS  0|AC  0|TAMS 0x00000003f6800000, 0x00000003f6800000|
| 124|0x00000003f6c00000, 0x00000003f6c00000, 0x00000003f7000000|  0%| F|  |TS  0|AC  0|TAMS 0x00000003f6c00000, 0x00000003f6c00000|
| 125|0x00000003f7000000, 0x00000003f7000000, 0x00000003f7400000|  0%| F|  |TS  0|AC  0|TAMS 0x00000003f7000000, 0x00000003f7000000|
| 126|0x00000003f7400000, 0x00000003f7400000, 0x00000003f7800000|  0%| F|  |TS  0|AC  0|TAMS 0x00000003f7400000, 0x00000003f7400000|
| 127|0x00000003f7800000, 0x00000003f7800000, 0x00000003f7c00000|  0%| F|  |TS  0|AC  0|TAMS 0x00000003f7800000, 0x00000003f7800000|
| 128|0x00000003f7c00000, 0x00000003f7c00000, 0x00000003f8000000|  0%| F|  |TS  0|AC  0|TAMS 0x00000003f7c00000, 0x00000003f7c00000|
| 129|0x00000003f8000000, 0x00000003f8000000, 0x00000003f8400000|  0%| F|  |TS  0|AC  0|TAMS 0x00000003f8000000, 0x00000003f8000000|
| 130|0x00000003f8400000, 0x00000003f8400000, 0x00000003f8800000|  0%| F|  |TS  0|AC  0|TAMS 0x00000003f8400000, 0x00000003f8400000|
| 131|0x00000003f8800000, 0x00000003f8800000, 0x00000003f8c00000|  0%| F|  |TS  0|AC  0|TAMS 0x00000003f8800000, 0x00000003f8800000|
| 132|0x00000003f8c00000, 0x00000003f8c00000, 0x00000003f9000000|  0%| F|  |TS  0|AC  0|TAMS 0x00000003f8c00000, 0x00000003f8c00000|
| 133|0x00000003f9000000, 0x00000003f9000000, 0x00000003f9400000|  0%| F|  |TS  0|AC  0|TAMS 0x00000003f9000000, 0x00000003f9000000|
| 134|0x00000003f9400000, 0x00000003f9400000, 0x00000003f9800000|  0%| F|  |TS  0|AC  0|TAMS 0x00000003f9400000, 0x00000003f9400000|
| 135|0x00000003f9800000, 0x00000003f9800000, 0x00000003f9c00000|  0%| F|  |TS  0|AC  0|TAMS 0x00000003f9800000, 0x00000003f9800000|
| 136|0x00000003f9c00000, 0x00000003f9c00000, 0x00000003fa000000|  0%| F|  |TS  0|AC  0|TAMS 0x00000003f9c00000, 0x00000003f9c00000|
| 137|0x00000003fa000000, 0x00000003fa000000, 0x00000003fa400000|  0%| F|  |TS  0|AC  0|TAMS 0x00000003fa000000, 0x00000003fa000000|
| 138|0x00000003fa400000, 0x00000003fa400000, 0x00000003fa800000|  0%| F|  |TS  0|AC  0|TAMS 0x00000003fa400000, 0x00000003fa400000|
| 139|0x00000003fa800000, 0x00000003fa800000, 0x00000003fac00000|  0%| F|  |TS  0|AC  0|TAMS 0x00000003fa800000, 0x00000003fa800000|
| 140|0x00000003fac00000, 0x00000003fac00000, 0x00000003fb000000|  0%| F|  |TS  0|AC  0|TAMS 0x00000003fac00000, 0x00000003fac00000|
| 141|0x00000003fb000000, 0x00000003fb000000, 0x00000003fb400000|  0%| F|  |TS  0|AC  0|TAMS 0x00000003fb000000, 0x00000003fb000000|
| 142|0x00000003fb400000, 0x00000003fb400000, 0x00000003fb800000|  0%| F|  |TS  0|AC  0|TAMS 0x00000003fb400000, 0x00000003fb400000|
| 143|0x00000003fb800000, 0x00000003fb800000, 0x00000003fbc00000|  0%| F|  |TS  0|AC  0|TAMS 0x00000003fb800000, 0x00000003fb800000|
| 144|0x00000003fbc00000, 0x00000003fbc00000, 0x00000003fc000000|  0%| F|  |TS  0|AC  0|TAMS 0x00000003fbc00000, 0x00000003fbc00000|
| 145|0x00000003fc000000, 0x00000003fc000000, 0x00000003fc400000|  0%| F|  |TS  0|AC  0|TAMS 0x00000003fc000000, 0x00000003fc000000|
| 146|0x00000003fc400000, 0x00000003fc400000, 0x00000003fc800000|  0%| F|  |TS  0|AC  0|TAMS 0x00000003fc400000, 0x00000003fc400000|
| 147|0x00000003fc800000, 0x00000003fc800000, 0x00000003fcc00000|  0%| F|  |TS  0|AC  0|TAMS 0x00000003fc800000, 0x00000003fc800000|
| 148|0x00000003fcc00000, 0x00000003fcc00000, 0x00000003fd000000|  0%| F|  |TS  0|AC  0|TAMS 0x00000003fcc00000, 0x00000003fcc00000|
| 149|0x00000003fd000000, 0x00000003fd000000, 0x00000003fd400000|  0%| F|  |TS  0|AC  0|TAMS 0x00000003fd000000, 0x00000003fd000000|
| 150|0x00000003fd400000, 0x00000003fd400000, 0x00000003fd800000|  0%| F|  |TS  0|AC  0|TAMS 0x00000003fd400000, 0x00000003fd400000|
| 151|0x00000003fd800000, 0x00000003fd800000, 0x00000003fdc00000|  0%| F|  |TS  0|AC  0|TAMS 0x00000003fd800000, 0x00000003fd800000|
| 152|0x00000003fdc00000, 0x00000003fdc00000, 0x00000003fe000000|  0%| F|  |TS  0|AC  0|TAMS 0x00000003fdc00000, 0x00000003fdc00000|
| 153|0x00000003fe000000, 0x00000003fe000000, 0x00000003fe400000|  0%| F|  |TS  0|AC  0|TAMS 0x00000003fe000000, 0x00000003fe000000|
| 154|0x00000003fe400000, 0x00000003fe400000, 0x00000003fe800000|  0%| F|  |TS  0|AC  0|TAMS 0x00000003fe400000, 0x00000003fe400000|
| 155|0x00000003fe800000, 0x00000003fe800000, 0x00000003fec00000|  0%| F|  |TS  0|AC  0|TAMS 0x00000003fe800000, 0x00000003fe800000|
| 156|0x00000003fec00000, 0x00000003fec00000, 0x00000003ff000000|  0%| F|  |TS  0|AC  0|TAMS 0x00000003fec00000, 0x00000003fec00000|
| 157|0x00000003ff000000, 0x00000003ff000000, 0x00000003ff400000|  0%| F|  |TS  0|AC  0|TAMS 0x00000003ff000000, 0x00000003ff000000|
| 158|0x00000003ff400000, 0x00000003ff400000, 0x00000003ff800000|  0%| F|  |TS  0|AC  0|TAMS 0x00000003ff400000, 0x00000003ff400000|
| 159|0x00000003ff800000, 0x00000003ff800000, 0x00000003ffc00000|  0%| F|  |TS  0|AC  0|TAMS 0x00000003ff800000, 0x00000003ff800000|
| 160|0x00000003ffc00000, 0x00000003ffc00000, 0x0000000400000000|  0%| F|  |TS  0|AC  0|TAMS 0x00000003ffc00000, 0x00000003ffc00000|
| 161|0x0000000400000000, 0x0000000400000000, 0x0000000400400000|  0%| F|  |TS  0|AC  0|TAMS 0x0000000400000000, 0x0000000400000000|
| 162|0x0000000400400000, 0x0000000400400000, 0x0000000400800000|  0%| F|  |TS  0|AC  0|TAMS 0x0000000400400000, 0x0000000400400000|
| 163|0x0000000400800000, 0x0000000400800000, 0x0000000400c00000|  0%| F|  |TS  0|AC  0|TAMS 0x0000000400800000, 0x0000000400800000|
| 164|0x0000000400c00000, 0x0000000400c00000, 0x0000000401000000|  0%| F|  |TS  0|AC  0|TAMS 0x0000000400c00000, 0x0000000400c00000|
| 165|0x0000000401000000, 0x0000000401000000, 0x0000000401400000|  0%| F|  |TS  0|AC  0|TAMS 0x0000000401000000, 0x0000000401000000|
| 166|0x0000000401400000, 0x0000000401400000, 0x0000000401800000|  0%| F|  |TS  0|AC  0|TAMS 0x0000000401400000, 0x0000000401400000|
| 167|0x0000000401800000, 0x0000000401800000, 0x0000000401c00000|  0%| F|  |TS  0|AC  0|TAMS 0x0000000401800000, 0x0000000401800000|
| 168|0x0000000401c00000, 0x0000000401c00000, 0x0000000402000000|  0%| F|  |TS  0|AC  0|TAMS 0x0000000401c00000, 0x0000000401c00000|
| 169|0x0000000402000000, 0x0000000402000000, 0x0000000402400000|  0%| F|  |TS  0|AC  0|TAMS 0x0000000402000000, 0x0000000402000000|
| 170|0x0000000402400000, 0x0000000402400000, 0x0000000402800000|  0%| F|  |TS  0|AC  0|TAMS 0x0000000402400000, 0x0000000402400000|
| 171|0x0000000402800000, 0x0000000402800000, 0x0000000402c00000|  0%| F|  |TS  0|AC  0|TAMS 0x0000000402800000, 0x0000000402800000|
| 172|0x0000000402c00000, 0x0000000402c00000, 0x0000000403000000|  0%| F|  |TS  0|AC  0|TAMS 0x0000000402c00000, 0x0000000402c00000|
| 173|0x0000000403000000, 0x0000000403000000, 0x0000000403400000|  0%| F|  |TS  0|AC  0|TAMS 0x0000000403000000, 0x0000000403000000|
| 174|0x0000000403400000, 0x0000000403400000, 0x0000000403800000|  0%| F|  |TS  0|AC  0|TAMS 0x0000000403400000, 0x0000000403400000|
| 175|0x0000000403800000, 0x0000000403800000, 0x0000000403c00000|  0%| F|  |TS  0|AC  0|TAMS 0x0000000403800000, 0x0000000403800000|
| 176|0x0000000403c00000, 0x0000000403c00000, 0x0000000404000000|  0%| F|  |TS  0|AC  0|TAMS 0x0000000403c00000, 0x0000000403c00000|
| 177|0x0000000404000000, 0x0000000404000000, 0x0000000404400000|  0%| F|  |TS  0|AC  0|TAMS 0x0000000404000000, 0x0000000404000000|
| 178|0x0000000404400000, 0x0000000404400000, 0x0000000404800000|  0%| F|  |TS  0|AC  0|TAMS 0x0000000404400000, 0x0000000404400000|
| 179|0x0000000404800000, 0x0000000404800000, 0x0000000404c00000|  0%| F|  |TS  0|AC  0|TAMS 0x0000000404800000, 0x0000000404800000|
| 180|0x0000000404c00000, 0x0000000404c00000, 0x0000000405000000|  0%| F|  |TS  0|AC  0|TAMS 0x0000000404c00000, 0x0000000404c00000|
| 181|0x0000000405000000, 0x0000000405000000, 0x0000000405400000|  0%| F|  |TS  0|AC  0|TAMS 0x0000000405000000, 0x0000000405000000|
| 182|0x0000000405400000, 0x0000000405400000, 0x0000000405800000|  0%| F|  |TS  0|AC  0|TAMS 0x0000000405400000, 0x0000000405400000|
| 183|0x0000000405800000, 0x0000000405800000, 0x0000000405c00000|  0%| F|  |TS  0|AC  0|TAMS 0x0000000405800000, 0x0000000405800000|
| 184|0x0000000405c00000, 0x0000000405c00000, 0x0000000406000000|  0%| F|  |TS  0|AC  0|TAMS 0x0000000405c00000, 0x0000000405c00000|
| 185|0x0000000406000000, 0x0000000406000000, 0x0000000406400000|  0%| F|  |TS  0|AC  0|TAMS 0x0000000406000000, 0x0000000406000000|
| 186|0x0000000406400000, 0x0000000406400000, 0x0000000406800000|  0%| F|  |TS  0|AC  0|TAMS 0x0000000406400000, 0x0000000406400000|
| 187|0x0000000406800000, 0x0000000406800000, 0x0000000406c00000|  0%| F|  |TS  0|AC  0|TAMS 0x0000000406800000, 0x0000000406800000|
| 188|0x0000000406c00000, 0x0000000406c00000, 0x0000000407000000|  0%| F|  |TS  0|AC  0|TAMS 0x0000000406c00000, 0x0000000406c00000|
| 189|0x0000000407000000, 0x0000000407000000, 0x0000000407400000|  0%| F|  |TS  0|AC  0|TAMS 0x0000000407000000, 0x0000000407000000|
| 190|0x0000000407400000, 0x0000000407400000, 0x0000000407800000|  0%| F|  |TS  0|AC  0|TAMS 0x0000000407400000, 0x0000000407400000|
| 191|0x0000000407800000, 0x0000000407800000, 0x0000000407c00000|  0%| F|  |TS  0|AC  0|TAMS 0x0000000407800000, 0x0000000407800000|
| 192|0x0000000407c00000, 0x0000000407c00000, 0x0000000408000000|  0%| F|  |TS  0|AC  0|TAMS 0x0000000407c00000, 0x0000000407c00000|
| 193|0x0000000408000000, 0x0000000408000000, 0x0000000408400000|  0%| F|  |TS  0|AC  0|TAMS 0x0000000408000000, 0x0000000408000000|
| 194|0x0000000408400000, 0x0000000408400000, 0x0000000408800000|  0%| F|  |TS  0|AC  0|TAMS 0x0000000408400000, 0x0000000408400000|
| 195|0x0000000408800000, 0x0000000408800000, 0x0000000408c00000|  0%| F|  |TS  0|AC  0|TAMS 0x0000000408800000, 0x0000000408800000|
| 196|0x0000000408c00000, 0x0000000408c00000, 0x0000000409000000|  0%| F|  |TS  0|AC  0|TAMS 0x0000000408c00000, 0x0000000408c00000|
| 197|0x0000000409000000, 0x0000000409000000, 0x0000000409400000|  0%| F|  |TS  0|AC  0|TAMS 0x0000000409000000, 0x0000000409000000|
| 198|0x0000000409400000, 0x0000000409400000, 0x0000000409800000|  0%| F|  |TS  0|AC  0|TAMS 0x0000000409400000, 0x0000000409400000|
| 199|0x0000000409800000, 0x0000000409800000, 0x0000000409c00000|  0%| F|  |TS  0|AC  0|TAMS 0x0000000409800000, 0x0000000409800000|
| 200|0x0000000409c00000, 0x0000000409c00000, 0x000000040a000000|  0%| F|  |TS  0|AC  0|TAMS 0x0000000409c00000, 0x0000000409c00000|
| 201|0x000000040a000000, 0x000000040a000000, 0x000000040a400000|  0%| F|  |TS  0|AC  0|TAMS 0x000000040a000000, 0x000000040a000000|
| 202|0x000000040a400000, 0x000000040a400000, 0x000000040a800000|  0%| F|  |TS  0|AC  0|TAMS 0x000000040a400000, 0x000000040a400000|
| 203|0x000000040a800000, 0x000000040a800000, 0x000000040ac00000|  0%| F|  |TS  0|AC  0|TAMS 0x000000040a800000, 0x000000040a800000|
| 204|0x000000040ac00000, 0x000000040ac00000, 0x000000040b000000|  0%| F|  |TS  0|AC  0|TAMS 0x000000040ac00000, 0x000000040ac00000|
| 205|0x000000040b000000, 0x000000040b000000, 0x000000040b400000|  0%| F|  |TS  0|AC  0|TAMS 0x000000040b000000, 0x000000040b000000|
| 206|0x000000040b400000, 0x000000040b400000, 0x000000040b800000|  0%| F|  |TS  0|AC  0|TAMS 0x000000040b400000, 0x000000040b400000|
| 207|0x000000040b800000, 0x000000040b800000, 0x000000040bc00000|  0%| F|  |TS  0|AC  0|TAMS 0x000000040b800000, 0x000000040b800000|
| 208|0x000000040bc00000, 0x000000040bc00000, 0x000000040c000000|  0%| F|  |TS  0|AC  0|TAMS 0x000000040bc00000, 0x000000040bc00000|
| 209|0x000000040c000000, 0x000000040c000000, 0x000000040c400000|  0%| F|  |TS  0|AC  0|TAMS 0x000000040c000000, 0x000000040c000000|
| 210|0x000000040c400000, 0x000000040c400000, 0x000000040c800000|  0%| F|  |TS  0|AC  0|TAMS 0x000000040c400000, 0x000000040c400000|
| 211|0x000000040c800000, 0x000000040c800000, 0x000000040cc00000|  0%| F|  |TS  0|AC  0|TAMS 0x000000040c800000, 0x000000040c800000|
| 212|0x000000040cc00000, 0x000000040cc00000, 0x000000040d000000|  0%| F|  |TS  0|AC  0|TAMS 0x000000040cc00000, 0x000000040cc00000|
| 213|0x000000040d000000, 0x000000040d000000, 0x000000040d400000|  0%| F|  |TS  0|AC  0|TAMS 0x000000040d000000, 0x000000040d000000|
| 214|0x000000040d400000, 0x000000040d400000, 0x000000040d800000|  0%| F|  |TS  0|AC  0|TAMS 0x000000040d400000, 0x000000040d400000|
| 215|0x000000040d800000, 0x000000040d800000, 0x000000040dc00000|  0%| F|  |TS  0|AC  0|TAMS 0x000000040d800000, 0x000000040d800000|
| 216|0x000000040dc00000, 0x000000040dc00000, 0x000000040e000000|  0%| F|  |TS  0|AC  0|TAMS 0x000000040dc00000, 0x000000040dc00000|
| 217|0x000000040e000000, 0x000000040e000000, 0x000000040e400000|  0%| F|  |TS  0|AC  0|TAMS 0x000000040e000000, 0x000000040e000000|
| 218|0x000000040e400000, 0x000000040e400000, 0x000000040e800000|  0%| F|  |TS  0|AC  0|TAMS 0x000000040e400000, 0x000000040e400000|
| 219|0x000000040e800000, 0x000000040e800000, 0x000000040ec00000|  0%| F|  |TS  0|AC  0|TAMS 0x000000040e800000, 0x000000040e800000|
| 220|0x000000040ec00000, 0x000000040ec00000, 0x000000040f000000|  0%| F|  |TS  0|AC  0|TAMS 0x000000040ec00000, 0x000000040ec00000|
| 221|0x000000040f000000, 0x000000040f000000, 0x000000040f400000|  0%| F|  |TS  0|AC  0|TAMS 0x000000040f000000, 0x000000040f000000|
| 222|0x000000040f400000, 0x000000040f400000, 0x000000040f800000|  0%| F|  |TS  0|AC  0|TAMS 0x000000040f400000, 0x000000040f400000|
| 223|0x000000040f800000, 0x000000040f800000, 0x000000040fc00000|  0%| F|  |TS  0|AC  0|TAMS 0x000000040f800000, 0x000000040f800000|
| 224|0x000000040fc00000, 0x000000040fc00000, 0x0000000410000000|  0%| F|  |TS  0|AC  0|TAMS 0x000000040fc00000, 0x000000040fc00000|
| 225|0x0000000410000000, 0x0000000410000000, 0x0000000410400000|  0%| F|  |TS  0|AC  0|TAMS 0x0000000410000000, 0x0000000410000000|
| 226|0x0000000410400000, 0x0000000410400000, 0x0000000410800000|  0%| F|  |TS  0|AC  0|TAMS 0x0000000410400000, 0x0000000410400000|
| 227|0x0000000410800000, 0x0000000410800000, 0x0000000410c00000|  0%| F|  |TS  0|AC  0|TAMS 0x0000000410800000, 0x0000000410800000|
| 228|0x0000000410c00000, 0x0000000410c00000, 0x0000000411000000|  0%| F|  |TS  0|AC  0|TAMS 0x0000000410c00000, 0x0000000410c00000|
| 229|0x0000000411000000, 0x0000000411000000, 0x0000000411400000|  0%| F|  |TS  0|AC  0|TAMS 0x0000000411000000, 0x0000000411000000|
| 230|0x0000000411400000, 0x0000000411400000, 0x0000000411800000|  0%| F|  |TS  0|AC  0|TAMS 0x0000000411400000, 0x0000000411400000|
| 231|0x0000000411800000, 0x0000000411800000, 0x0000000411c00000|  0%| F|  |TS  0|AC  0|TAMS 0x0000000411800000, 0x0000000411800000|
| 232|0x0000000411c00000, 0x0000000411c00000, 0x0000000412000000|  0%| F|  |TS  0|AC  0|TAMS 0x0000000411c00000, 0x0000000411c00000|
| 233|0x0000000412000000, 0x0000000412000000, 0x0000000412400000|  0%| F|  |TS  0|AC  0|TAMS 0x0000000412000000, 0x0000000412000000|
| 234|0x0000000412400000, 0x0000000412400000, 0x0000000412800000|  0%| F|  |TS  0|AC  0|TAMS 0x0000000412400000, 0x0000000412400000|
| 235|0x0000000412800000, 0x0000000412800000, 0x0000000412c00000|  0%| F|  |TS  0|AC  0|TAMS 0x0000000412800000, 0x0000000412800000|
| 236|0x0000000412c00000, 0x0000000412c00000, 0x0000000413000000|  0%| F|  |TS  0|AC  0|TAMS 0x0000000412c00000, 0x0000000412c00000|
| 237|0x0000000413000000, 0x0000000413000000, 0x0000000413400000|  0%| F|  |TS  0|AC  0|TAMS 0x0000000413000000, 0x0000000413000000|
| 238|0x0000000413400000, 0x0000000413400000, 0x0000000413800000|  0%| F|  |TS  0|AC  0|TAMS 0x0000000413400000, 0x0000000413400000|
| 239|0x0000000413800000, 0x0000000413800000, 0x0000000413c00000|  0%| F|  |TS  0|AC  0|TAMS 0x0000000413800000, 0x0000000413800000|
| 240|0x0000000413c00000, 0x0000000413c00000, 0x0000000414000000|  0%| F|  |TS  0|AC  0|TAMS 0x0000000413c00000, 0x0000000413c00000|
| 241|0x0000000414000000, 0x0000000414000000, 0x0000000414400000|  0%| F|  |TS  0|AC  0|TAMS 0x0000000414000000, 0x0000000414000000|
| 242|0x0000000414400000, 0x0000000414400000, 0x0000000414800000|  0%| F|  |TS  0|AC  0|TAMS 0x0000000414400000, 0x0000000414400000|
| 243|0x0000000414800000, 0x0000000414800000, 0x0000000414c00000|  0%| F|  |TS  0|AC  0|TAMS 0x0000000414800000, 0x0000000414800000|
| 244|0x0000000414c00000, 0x0000000414c00000, 0x0000000415000000|  0%| F|  |TS  0|AC  0|TAMS 0x0000000414c00000, 0x0000000414c00000|
| 245|0x0000000415000000, 0x0000000415000000, 0x0000000415400000|  0%| F|  |TS  0|AC  0|TAMS 0x0000000415000000, 0x0000000415000000|
| 246|0x0000000415400000, 0x0000000415400000, 0x0000000415800000|  0%| F|  |TS  0|AC  0|TAMS 0x0000000415400000, 0x0000000415400000|
| 247|0x0000000415800000, 0x0000000415800000, 0x0000000415c00000|  0%| F|  |TS  0|AC  0|TAMS 0x0000000415800000, 0x0000000415800000|
| 248|0x0000000415c00000, 0x0000000416000000, 0x0000000416000000|100%| E|  |TS  0|AC  0|TAMS 0x0000000415c00000, 0x0000000415c00000|
| 249|0x0000000416000000, 0x0000000416400000, 0x0000000416400000|100%| E|CS|TS  0|AC  0|TAMS 0x0000000416000000, 0x0000000416000000|
| 250|0x0000000416400000, 0x0000000416800000, 0x0000000416800000|100%| E|CS|TS  0|AC  0|TAMS 0x0000000416400000, 0x0000000416400000|

Card table byte_map: [0x00007f227417c000,0x00007f22760be000] byte_map_base: 0x00007f22722be000

Marking Bits (Prev, Next): (CMBitMap*) 0x00007f233c09e820, (CMBitMap*) 0x00007f233c09e858
 Prev Bits: [0x00007f226282a000, 0x00007f227223a000)
 Next Bits: [0x00007f2252e1a000, 0x00007f226282a000)

Polling page: 0x00007f2342cb7000

CodeHeap 'non-profiled nmethods': size=119172Kb used=160Kb max_used=160Kb free=119011Kb
 bounds [0x00007f23296e2000, 0x00007f2329952000, 0x00007f2330b43000]
CodeHeap 'profiled nmethods': size=119172Kb used=366Kb max_used=366Kb free=118805Kb
 bounds [0x00007f2322281000, 0x00007f23224f1000, 0x00007f23296e2000]
CodeHeap 'non-nmethods': size=7416Kb used=2825Kb max_used=2855Kb free=4590Kb
 bounds [0x00007f2321b43000, 0x00007f2321e13000, 0x00007f2322281000]
 total_blobs=654 nmethods=269 adapters=168
 compilation: enabled

Compilation events (10 events):
Event: 0.165 Thread 0x00007f233c2af000 nmethod 260 0x00007f23296fba90 code [0x00007f23296fbd00, 0x00007f23296fcdc8]
Event: 0.165 Thread 0x00007f233c2b5000  267   !   4       java.io.PrintStream::write (83 bytes)
Event: 0.165 Thread 0x00007f233c2c3000  268   !   4       java.io.PrintStream::newLine (73 bytes)
Event: 0.169 Thread 0x00007f233c2b3000 nmethod 256 0x00007f23296fd690 code [0x00007f23296fd8c0, 0x00007f23296fe728]
Event: 0.178 Thread 0x00007f233c2c3000 nmethod 268 0x00007f23296ff110 code [0x00007f23296ff360, 0x00007f2329700588]
Event: 0.180 Thread 0x00007f233c2b5000 nmethod 267 0x00007f2329700f90 code [0x00007f23297011c0, 0x00007f23297021b8]
Event: 0.223 Thread 0x00007f233c2bf000 nmethod 266 0x00007f2329702a90 code [0x00007f2329702f40, 0x00007f23297079c8]
Event: 0.223 Thread 0x00007f233c2ad000  269       4       java.io.FileDescriptor$1::getAppend (5 bytes)
Event: 0.224 Thread 0x00007f233c2ad000 nmethod 269 0x00007f2329709f10 code [0x00007f232970a0a0, 0x00007f232970a118]
Event: 0.337 Thread 0x00007f233c2c7000  270 %     3       org.eclipse.core.runtime.adaptor.EclipseStarter::main @ 5178 (6083 bytes)

GC Heap History (0 events):
No events

Deoptimization events (0 events):
No events

Classes redefined (0 events):
No events

Internal exceptions (0 events):
No events

Events (10 events):
Event: 0.137 Thread 0x00007f233c011800 DEOPT PACKING pc=0x00007f23222c6f24 sp=0x00007f2341361b00
Event: 0.137 Thread 0x00007f233c011800 DEOPT UNPACKING pc=0x00007f2321b90aab sp=0x00007f23413610e8 mode 0
Event: 0.137 Thread 0x00007f233c011800 DEOPT PACKING pc=0x00007f23222c6f24 sp=0x00007f2341361b00
Event: 0.137 Thread 0x00007f233c011800 DEOPT UNPACKING pc=0x00007f2321b90aab sp=0x00007f23413610e8 mode 0
Event: 0.138 Thread 0x00007f233c011800 DEOPT PACKING pc=0x00007f23222c6f24 sp=0x00007f2341361b00
Event: 0.138 Thread 0x00007f233c011800 DEOPT UNPACKING pc=0x00007f2321b90aab sp=0x00007f23413610e8 mode 0
Event: 0.138 Thread 0x00007f233c011800 DEOPT PACKING pc=0x00007f23222c6f24 sp=0x00007f2341361b00
Event: 0.138 Thread 0x00007f233c011800 DEOPT UNPACKING pc=0x00007f2321b90aab sp=0x00007f23413610e8 mode 0
Event: 0.139 Thread 0x00007f233c011800 DEOPT PACKING pc=0x00007f23222c6f24 sp=0x00007f2341361ba0
Event: 0.139 Thread 0x00007f233c011800 DEOPT UNPACKING pc=0x00007f2321b90aab sp=0x00007f2341361188 mode 0


Dynamic libraries:
00400000-00401000 r-xp 00000000 00:65 77077150                           /root/oracle/jdk-9.0.4/bin/java
00600000-00601000 rw-p 00000000 00:65 77077150                           /root/oracle/jdk-9.0.4/bin/java
01de4000-01e05000 rw-p 00000000 00:00 0                                  [heap]
3d7c00000-416800000 rw-p 00000000 00:00 0 
416800000-7c0000000 ---p 00000000 00:00 0 
7c0000000-7c0080000 rw-p 00000000 00:00 0 
7c0080000-800000000 ---p 00000000 00:00 0 
7f21e0000000-7f21e0021000 rw-p 00000000 00:00 0 
7f21e0021000-7f21e4000000 ---p 00000000 00:00 0 
7f21e8000000-7f21e8021000 rw-p 00000000 00:00 0 
7f21e8021000-7f21ec000000 ---p 00000000 00:00 0 
7f21ec000000-7f21ec021000 rw-p 00000000 00:00 0 
7f21ec021000-7f21f0000000 ---p 00000000 00:00 0 
7f21f0000000-7f21f0053000 rw-p 00000000 00:00 0 
7f21f0053000-7f21f4000000 ---p 00000000 00:00 0 
7f21f4000000-7f21f4021000 rw-p 00000000 00:00 0 
7f21f4021000-7f21f8000000 ---p 00000000 00:00 0 
7f21f8000000-7f21f809a000 rw-p 00000000 00:00 0 
7f21f809a000-7f21fc000000 ---p 00000000 00:00 0 
7f21fc000000-7f21fc044000 rw-p 00000000 00:00 0 
7f21fc044000-7f2200000000 ---p 00000000 00:00 0 
7f2200000000-7f2200192000 rw-p 00000000 00:00 0 
7f2200192000-7f2204000000 ---p 00000000 00:00 0 
7f2204000000-7f2204076000 rw-p 00000000 00:00 0 
7f2204076000-7f2208000000 ---p 00000000 00:00 0 
7f2208000000-7f2208455000 rw-p 00000000 00:00 0 
7f2208455000-7f220c000000 ---p 00000000 00:00 0 
7f220c000000-7f220c108000 rw-p 00000000 00:00 0 
7f220c108000-7f2210000000 ---p 00000000 00:00 0 
7f2210000000-7f221017d000 rw-p 00000000 00:00 0 
7f221017d000-7f2214000000 ---p 00000000 00:00 0 
7f2214000000-7f2214193000 rw-p 00000000 00:00 0 
7f2214193000-7f2218000000 ---p 00000000 00:00 0 
7f2218000000-7f22180bc000 rw-p 00000000 00:00 0 
7f22180bc000-7f221c000000 ---p 00000000 00:00 0 
7f221c000000-7f221c132000 rw-p 00000000 00:00 0 
7f221c132000-7f2220000000 ---p 00000000 00:00 0 
7f2220000000-7f2220021000 rw-p 00000000 00:00 0 
7f2220021000-7f2224000000 ---p 00000000 00:00 0 
7f2224000000-7f22240bf000 rw-p 00000000 00:00 0 
7f22240bf000-7f2228000000 ---p 00000000 00:00 0 
7f2228000000-7f2228021000 rw-p 00000000 00:00 0 
7f2228021000-7f222c000000 ---p 00000000 00:00 0 
7f222c000000-7f222c021000 rw-p 00000000 00:00 0 
7f222c021000-7f2230000000 ---p 00000000 00:00 0 
7f2230000000-7f2230021000 rw-p 00000000 00:00 0 
7f2230021000-7f2234000000 ---p 00000000 00:00 0 
7f2234000000-7f2234021000 rw-p 00000000 00:00 0 
7f2234021000-7f2238000000 ---p 00000000 00:00 0 
7f2238ddf000-7f223910d000 rw-p 00000000 00:00 0 
7f223910d000-7f223910e000 ---p 00000000 00:00 0 
7f223910e000-7f223920f000 rw-p 00000000 00:00 0 
7f223920f000-7f2239213000 ---p 00000000 00:00 0 
7f2239213000-7f2239310000 rw-p 00000000 00:00 0 
7f2239310000-7f2239314000 ---p 00000000 00:00 0 
7f2239314000-7f2239442000 rw-p 00000000 00:00 0 
7f2239442000-7f2239458000 r-xp 00000000 00:65 77077477                   /root/oracle/jdk-9.0.4/lib/libnet.so
7f2239458000-7f2239658000 ---p 00016000 00:65 77077477                   /root/oracle/jdk-9.0.4/lib/libnet.so
7f2239658000-7f2239659000 rw-p 00016000 00:65 77077477                   /root/oracle/jdk-9.0.4/lib/libnet.so
7f2239659000-7f2239669000 r-xp 00000000 00:65 77077594                   /root/oracle/jdk-9.0.4/lib/libnio.so
7f2239669000-7f2239869000 ---p 00010000 00:65 77077594                   /root/oracle/jdk-9.0.4/lib/libnio.so
7f2239869000-7f223986a000 rw-p 00010000 00:65 77077594                   /root/oracle/jdk-9.0.4/lib/libnio.so
7f223986a000-7f223986e000 ---p 00000000 00:00 0 
7f223986e000-7f223996b000 rw-p 00000000 00:00 0 
7f223996b000-7f223996f000 ---p 00000000 00:00 0 
7f223996f000-7f2239a6c000 rw-p 00000000 00:00 0 
7f2239a6c000-7f2239a70000 ---p 00000000 00:00 0 
7f2239a70000-7f2239b6d000 rw-p 00000000 00:00 0 
7f2239b6d000-7f2239b71000 ---p 00000000 00:00 0 
7f2239b71000-7f2239c6e000 rw-p 00000000 00:00 0 
7f2239c6e000-7f2239c72000 ---p 00000000 00:00 0 
7f2239c72000-7f2239d6f000 rw-p 00000000 00:00 0 
7f2239d6f000-7f2239d73000 ---p 00000000 00:00 0 
7f2239d73000-7f2239e70000 rw-p 00000000 00:00 0 
7f2239e70000-7f2239e74000 ---p 00000000 00:00 0 
7f2239e74000-7f2239f71000 rw-p 00000000 00:00 0 
7f2239f71000-7f2239f75000 ---p 00000000 00:00 0 
7f2239f75000-7f223a072000 rw-p 00000000 00:00 0 
7f223a072000-7f223a076000 ---p 00000000 00:00 0 
7f223a076000-7f223a173000 rw-p 00000000 00:00 0 
7f223a173000-7f223a177000 ---p 00000000 00:00 0 
7f223a177000-7f223a274000 rw-p 00000000 00:00 0 
7f223a274000-7f223a278000 ---p 00000000 00:00 0 
7f223a278000-7f223a375000 rw-p 00000000 00:00 0 
7f223a375000-7f223a379000 ---p 00000000 00:00 0 
7f223a379000-7f223a476000 rw-p 00000000 00:00 0 
7f223a476000-7f223a47a000 ---p 00000000 00:00 0 
7f223a47a000-7f223a577000 rw-p 00000000 00:00 0 
7f223a577000-7f223a57b000 ---p 00000000 00:00 0 
7f223a57b000-7f223a678000 rw-p 00000000 00:00 0 
7f223a678000-7f223a67c000 ---p 00000000 00:00 0 
7f223a67c000-7f223a779000 rw-p 00000000 00:00 0 
7f223a779000-7f223a77d000 ---p 00000000 00:00 0 
7f223a77d000-7f223a87a000 rw-p 00000000 00:00 0 
7f223a87a000-7f223a87b000 ---p 00000000 00:00 0 
7f223a87b000-7f223ae32000 rw-p 00000000 00:00 0 
7f223ae32000-7f223b1f2000 ---p 00000000 00:00 0 
7f223b1f2000-7f223c000000 rw-p 00000000 00:00 0 
7f223c000000-7f223c021000 rw-p 00000000 00:00 0 
7f223c021000-7f2240000000 ---p 00000000 00:00 0 
7f2240000000-7f2240021000 rw-p 00000000 00:00 0 
7f2240021000-7f2244000000 ---p 00000000 00:00 0 
7f2244000000-7f2244021000 rw-p 00000000 00:00 0 
7f2244021000-7f2248000000 ---p 00000000 00:00 0 
7f2248000000-7f2248021000 rw-p 00000000 00:00 0 
7f2248021000-7f224c000000 ---p 00000000 00:00 0 
7f224c000000-7f224c021000 rw-p 00000000 00:00 0 
7f224c021000-7f2250000000 ---p 00000000 00:00 0 
7f2250023000-7f2250629000 rw-p 00000000 00:00 0 
7f2250629000-7f2252629000 rwxp 00000000 00:00 0 
7f2252629000-7f225262a000 ---p 00000000 00:00 0 
7f225262a000-7f225272b000 rw-p 00000000 00:00 0 
7f225272b000-7f225272c000 ---p 00000000 00:00 0 
7f225272c000-7f225282d000 rw-p 00000000 00:00 0 
7f225282d000-7f225282e000 ---p 00000000 00:00 0 
7f225282e000-7f225292f000 rw-p 00000000 00:00 0 
7f225292f000-7f2252930000 ---p 00000000 00:00 0 
7f2252930000-7f2253dca000 rw-p 00000000 00:00 0 
7f2253dca000-7f226282a000 ---p 00000000 00:00 0 
7f226282a000-7f22637da000 rw-p 00000000 00:00 0 
7f22637da000-7f227223a000 ---p 00000000 00:00 0 
7f227223a000-7f2272430000 rw-p 00000000 00:00 0 
7f2272430000-7f227417c000 ---p 00000000 00:00 0 
7f227417c000-7f2274372000 rw-p 00000000 00:00 0 
7f2274372000-7f2278000000 ---p 00000000 00:00 0 
7f2278000000-7f2278021000 rw-p 00000000 00:00 0 
7f2278021000-7f227c000000 ---p 00000000 00:00 0 
7f227c000000-7f227c021000 rw-p 00000000 00:00 0 
7f227c021000-7f2280000000 ---p 00000000 00:00 0 
7f2280000000-7f2280021000 rw-p 00000000 00:00 0 
7f2280021000-7f2284000000 ---p 00000000 00:00 0 
7f2284000000-7f2284021000 rw-p 00000000 00:00 0 
7f2284021000-7f2288000000 ---p 00000000 00:00 0 
7f2288000000-7f2288021000 rw-p 00000000 00:00 0 
7f2288021000-7f228c000000 ---p 00000000 00:00 0 
7f228c000000-7f228c021000 rw-p 00000000 00:00 0 
7f228c021000-7f2290000000 ---p 00000000 00:00 0 
7f2290000000-7f2290021000 rw-p 00000000 00:00 0 
7f2290021000-7f2294000000 ---p 00000000 00:00 0 
7f2294000000-7f2294021000 rw-p 00000000 00:00 0 
7f2294021000-7f2298000000 ---p 00000000 00:00 0 
7f2298000000-7f2298021000 rw-p 00000000 00:00 0 
7f2298021000-7f229c000000 ---p 00000000 00:00 0 
7f229c000000-7f229c021000 rw-p 00000000 00:00 0 
7f229c021000-7f22a0000000 ---p 00000000 00:00 0 
7f22a0000000-7f22a0021000 rw-p 00000000 00:00 0 
7f22a0021000-7f22a4000000 ---p 00000000 00:00 0 
7f22a4000000-7f22a4021000 rw-p 00000000 00:00 0 
7f22a4021000-7f22a8000000 ---p 00000000 00:00 0 
7f22a8000000-7f22a8021000 rw-p 00000000 00:00 0 
7f22a8021000-7f22ac000000 ---p 00000000 00:00 0 
7f22ac000000-7f22ac021000 rw-p 00000000 00:00 0 
7f22ac021000-7f22b0000000 ---p 00000000 00:00 0 
7f22b0000000-7f22b0021000 rw-p 00000000 00:00 0 
7f22b0021000-7f22b4000000 ---p 00000000 00:00 0 
7f22b4000000-7f22b4021000 rw-p 00000000 00:00 0 
7f22b4021000-7f22b8000000 ---p 00000000 00:00 0 
7f22b8000000-7f22b8021000 rw-p 00000000 00:00 0 
7f22b8021000-7f22bc000000 ---p 00000000 00:00 0 
7f22bc000000-7f22bc021000 rw-p 00000000 00:00 0 
7f22bc021000-7f22c0000000 ---p 00000000 00:00 0 
7f22c0000000-7f22c0021000 rw-p 00000000 00:00 0 
7f22c0021000-7f22c4000000 ---p 00000000 00:00 0 
7f22c4000000-7f22c4021000 rw-p 00000000 00:00 0 
7f22c4021000-7f22c8000000 ---p 00000000 00:00 0 
7f22c8000000-7f22c8021000 rw-p 00000000 00:00 0 
7f22c8021000-7f22cc000000 ---p 00000000 00:00 0 
7f22cc000000-7f22cc021000 rw-p 00000000 00:00 0 
7f22cc021000-7f22d0000000 ---p 00000000 00:00 0 
7f22d002b000-7f22d0086000 rw-p 00000000 00:00 0 
7f22d0086000-7f22d0087000 ---p 00000000 00:00 0 
7f22d0087000-7f22d0188000 rw-p 00000000 00:00 0 
7f22d0188000-7f22d0189000 ---p 00000000 00:00 0 
7f22d0189000-7f22d0582000 rw-p 00000000 00:00 0 
7f22d0582000-7f22d22ce000 ---p 00000000 00:00 0 
7f22d22ce000-7f22d22cf000 ---p 00000000 00:00 0 
7f22d22cf000-7f22d23d0000 rw-p 00000000 00:00 0 
7f22d23d0000-7f22d23d1000 ---p 00000000 00:00 0 
7f22d23d1000-7f22d24d2000 rw-p 00000000 00:00 0 
7f22d24d2000-7f22d24d3000 ---p 00000000 00:00 0 
7f22d24d3000-7f22d25d4000 rw-p 00000000 00:00 0 
7f22d25d4000-7f22d25d5000 ---p 00000000 00:00 0 
7f22d25d5000-7f22d26d6000 rw-p 00000000 00:00 0 
7f22d26d6000-7f22d26d7000 ---p 00000000 00:00 0 
7f22d26d7000-7f22d27d8000 rw-p 00000000 00:00 0 
7f22d27d8000-7f22d27d9000 ---p 00000000 00:00 0 
7f22d27d9000-7f22d28da000 rw-p 00000000 00:00 0 
7f22d28da000-7f22d28db000 ---p 00000000 00:00 0 
7f22d28db000-7f22d29dc000 rw-p 00000000 00:00 0 
7f22d29dc000-7f22d29dd000 ---p 00000000 00:00 0 
7f22d29dd000-7f22d2ade000 rw-p 00000000 00:00 0 
7f22d2ade000-7f22d2adf000 ---p 00000000 00:00 0 
7f22d2adf000-7f22d2be0000 rw-p 00000000 00:00 0 
7f22d2be0000-7f22d2be1000 ---p 00000000 00:00 0 
7f22d2be1000-7f22d2ce2000 rw-p 00000000 00:00 0 
7f22d2ce2000-7f22d2ce3000 ---p 00000000 00:00 0 
7f22d2ce3000-7f22d2de4000 rw-p 00000000 00:00 0 
7f22d2de4000-7f22d2de5000 ---p 00000000 00:00 0 
7f22d2de5000-7f22d2ee6000 rw-p 00000000 00:00 0 
7f22d2ee6000-7f22d2ee7000 ---p 00000000 00:00 0 
7f22d2ee7000-7f22d2fe8000 rw-p 00000000 00:00 0 
7f22d2fe8000-7f22d2fe9000 ---p 00000000 00:00 0 
7f22d2fe9000-7f22d30ea000 rw-p 00000000 00:00 0 
7f22d30ea000-7f22d30eb000 ---p 00000000 00:00 0 
7f22d30eb000-7f22d31ec000 rw-p 00000000 00:00 0 
7f22d31ec000-7f22d31ed000 ---p 00000000 00:00 0 
7f22d31ed000-7f22d32ee000 rw-p 00000000 00:00 0 
7f22d32ee000-7f22d32ef000 ---p 00000000 00:00 0 
7f22d32ef000-7f22d33f0000 rw-p 00000000 00:00 0 
7f22d33f0000-7f22d33f1000 ---p 00000000 00:00 0 
7f22d33f1000-7f22d34f2000 rw-p 00000000 00:00 0 
7f22d34f2000-7f22d34f3000 ---p 00000000 00:00 0 
7f22d34f3000-7f22d35f4000 rw-p 00000000 00:00 0 
7f22d35f4000-7f22d35f5000 ---p 00000000 00:00 0 
7f22d35f5000-7f22d36f6000 rw-p 00000000 00:00 0 
7f22d36f6000-7f22d36f7000 ---p 00000000 00:00 0 
7f22d36f7000-7f22d4000000 rw-p 00000000 00:00 0 
7f22d4000000-7f22d4021000 rw-p 00000000 00:00 0 
7f22d4021000-7f22d8000000 ---p 00000000 00:00 0 
7f22d8000000-7f22d8021000 rw-p 00000000 00:00 0 
7f22d8021000-7f22dc000000 ---p 00000000 00:00 0 
7f22dc000000-7f22dc021000 rw-p 00000000 00:00 0 
7f22dc021000-7f22e0000000 ---p 00000000 00:00 0 
7f22e0000000-7f22e0021000 rw-p 00000000 00:00 0 
7f22e0021000-7f22e4000000 ---p 00000000 00:00 0 
7f22e4000000-7f22e4021000 rw-p 00000000 00:00 0 
7f22e4021000-7f22e8000000 ---p 00000000 00:00 0 
7f22e8000000-7f22e8021000 rw-p 00000000 00:00 0 
7f22e8021000-7f22ec000000 ---p 00000000 00:00 0 
7f22ec000000-7f22ec021000 rw-p 00000000 00:00 0 
7f22ec021000-7f22f0000000 ---p 00000000 00:00 0 
7f22f0000000-7f22f0021000 rw-p 00000000 00:00 0 
7f22f0021000-7f22f4000000 ---p 00000000 00:00 0 
7f22f4000000-7f22f4021000 rw-p 00000000 00:00 0 
7f22f4021000-7f22f8000000 ---p 00000000 00:00 0 
7f22f8000000-7f22f8021000 rw-p 00000000 00:00 0 
7f22f8021000-7f22fc000000 ---p 00000000 00:00 0 
7f22fc000000-7f22fc021000 rw-p 00000000 00:00 0 
7f22fc021000-7f2300000000 ---p 00000000 00:00 0 
7f2300000000-7f2300021000 rw-p 00000000 00:00 0 
7f2300021000-7f2304000000 ---p 00000000 00:00 0 
7f2304000000-7f2304021000 rw-p 00000000 00:00 0 
7f2304021000-7f2308000000 ---p 00000000 00:00 0 
7f2308000000-7f2308021000 rw-p 00000000 00:00 0 
7f2308021000-7f230c000000 ---p 00000000 00:00 0 
7f230c000000-7f230c021000 rw-p 00000000 00:00 0 
7f230c021000-7f2310000000 ---p 00000000 00:00 0 
7f2310000000-7f2310021000 rw-p 00000000 00:00 0 
7f2310021000-7f2314000000 ---p 00000000 00:00 0 
7f2314000000-7f2314021000 rw-p 00000000 00:00 0 
7f2314021000-7f2318000000 ---p 00000000 00:00 0 
7f2318000000-7f2318021000 rw-p 00000000 00:00 0 
7f2318021000-7f231c000000 ---p 00000000 00:00 0 
7f231c000000-7f231c021000 rw-p 00000000 00:00 0 
7f231c021000-7f2320000000 ---p 00000000 00:00 0 
7f2320019000-7f2320c25000 rw-p 00000000 00:00 0 
7f2320c25000-7f2320c26000 ---p 00000000 00:00 0 
7f2320c26000-7f2320d27000 rw-p 00000000 00:00 0 
7f2320d27000-7f2320d28000 ---p 00000000 00:00 0 
7f2320d28000-7f2320e29000 rw-p 00000000 00:00 0 
7f2320e29000-7f2320e2a000 ---p 00000000 00:00 0 
7f2320e2a000-7f2320f2b000 rw-p 00000000 00:00 0 
7f2320f2b000-7f2320f2c000 ---p 00000000 00:00 0 
7f2320f2c000-7f232102d000 rw-p 00000000 00:00 0 
7f232102d000-7f232102e000 ---p 00000000 00:00 0 
7f232102e000-7f232112f000 rw-p 00000000 00:00 0 
7f232112f000-7f2321130000 ---p 00000000 00:00 0 
7f2321130000-7f2321231000 rw-p 00000000 00:00 0 
7f2321231000-7f2321232000 ---p 00000000 00:00 0 
7f2321232000-7f2321333000 rw-p 00000000 00:00 0 
7f2321333000-7f2321334000 ---p 00000000 00:00 0 
7f2321334000-7f2321435000 rw-p 00000000 00:00 0 
7f2321435000-7f2321436000 ---p 00000000 00:00 0 
7f2321436000-7f2321537000 rw-p 00000000 00:00 0 
7f2321537000-7f2321538000 ---p 00000000 00:00 0 
7f2321538000-7f2321639000 rw-p 00000000 00:00 0 
7f2321639000-7f232163a000 ---p 00000000 00:00 0 
7f232163a000-7f232173b000 rw-p 00000000 00:00 0 
7f232173b000-7f232173c000 ---p 00000000 00:00 0 
7f232173c000-7f232183d000 rw-p 00000000 00:00 0 
7f232183d000-7f232183e000 ---p 00000000 00:00 0 
7f232183e000-7f232193f000 rw-p 00000000 00:00 0 
7f232193f000-7f2321940000 ---p 00000000 00:00 0 
7f2321940000-7f2321a41000 rw-p 00000000 00:00 0 
7f2321a41000-7f2321a42000 ---p 00000000 00:00 0 
7f2321a42000-7f2321b43000 rw-p 00000000 00:00 0 
7f2321b43000-7f2321e13000 rwxp 00000000 00:00 0 
7f2321e13000-7f2322281000 ---p 00000000 00:00 0 
7f2322281000-7f23224f1000 rwxp 00000000 00:00 0 
7f23224f1000-7f23296e2000 ---p 00000000 00:00 0 
7f23296e2000-7f2329952000 rwxp 00000000 00:00 0 
7f2329952000-7f2330b43000 ---p 00000000 00:00 0 
7f2330b43000-7f233c000000 r--s 00000000 00:65 77077560                   /root/oracle/jdk-9.0.4/lib/modules
7f233c000000-7f233c45a000 rw-p 00000000 00:00 0 
7f233c45a000-7f2340000000 ---p 00000000 00:00 0 
7f234000f000-7f23400b5000 rw-p 00000000 00:00 0 
7f23400b5000-7f23400b6000 ---p 00000000 00:00 0 
7f23400b6000-7f23401b7000 rw-p 00000000 00:00 0 
7f23401b7000-7f23401b8000 ---p 00000000 00:00 0 
7f23401b8000-7f23402b9000 rw-p 00000000 00:00 0 
7f23402b9000-7f23402ba000 ---p 00000000 00:00 0 
7f23402ba000-7f23403bb000 rw-p 00000000 00:00 0 
7f23403bb000-7f23403bc000 ---p 00000000 00:00 0 
7f23403bc000-7f23404bd000 rw-p 00000000 00:00 0 
7f23404bd000-7f23404be000 ---p 00000000 00:00 0 
7f23404be000-7f23405c4000 rw-p 00000000 00:00 0 
7f23405c4000-7f23406a8000 ---p 00000000 00:00 0 
7f23406a8000-7f23406ad000 rw-p 00000000 00:00 0 
7f23406ad000-7f2340791000 ---p 00000000 00:00 0 
7f2340791000-7f2340797000 rw-p 00000000 00:00 0 
7f2340797000-7f23407a0000 ---p 00000000 00:00 0 
7f23407a0000-7f23407f0000 rw-p 00000000 00:00 0 
7f23407f0000-7f23409cd000 r--s 03e31000 00:65 101727669                  /usr/local/java/jdk1.8.0_301/jre/lib/rt.jar
7f23409cd000-7f23409e7000 r-xp 00000000 00:65 77077435                   /root/oracle/jdk-9.0.4/lib/libjimage.so
7f23409e7000-7f2340be6000 ---p 0001a000 00:65 77077435                   /root/oracle/jdk-9.0.4/lib/libjimage.so
7f2340be6000-7f2340be8000 rw-p 00019000 00:65 77077435                   /root/oracle/jdk-9.0.4/lib/libjimage.so
7f2340be8000-7f2340bfa000 rw-p 00000000 00:00 0 
7f2340bfa000-7f2340c01000 r-xp 00000000 00:65 77083131                   /root/oracle/jdk-9.0.4/lib/libzip.so
7f2340c01000-7f2340e00000 ---p 00007000 00:65 77083131                   /root/oracle/jdk-9.0.4/lib/libzip.so
7f2340e00000-7f2340e01000 rw-p 00006000 00:65 77083131                   /root/oracle/jdk-9.0.4/lib/libzip.so
7f2340e01000-7f2340e04000 r--p 00000000 00:65 165034530                  /usr/lib/x86_64-linux-gnu/libnss_files-2.31.so
7f2340e04000-7f2340e0b000 r-xp 00003000 00:65 165034530                  /usr/lib/x86_64-linux-gnu/libnss_files-2.31.so
7f2340e0b000-7f2340e0d000 r--p 0000a000 00:65 165034530                  /usr/lib/x86_64-linux-gnu/libnss_files-2.31.so
7f2340e0d000-7f2340e0e000 r--p 0000b000 00:65 165034530                  /usr/lib/x86_64-linux-gnu/libnss_files-2.31.so
7f2340e0e000-7f2340e0f000 rw-p 0000c000 00:65 165034530                  /usr/lib/x86_64-linux-gnu/libnss_files-2.31.so
7f2340e0f000-7f2340e15000 rw-p 00000000 00:00 0 
7f2340e1d000-7f2340e1e000 rw-p 00000000 00:00 0 
7f2340e1e000-7f2340e49000 r-xp 00000000 00:65 77077470                   /root/oracle/jdk-9.0.4/lib/libjava.so
7f2340e49000-7f2341048000 ---p 0002b000 00:65 77077470                   /root/oracle/jdk-9.0.4/lib/libjava.so
7f2341048000-7f234104a000 rw-p 0002a000 00:65 77077470                   /root/oracle/jdk-9.0.4/lib/libjava.so
7f234104a000-7f2341057000 r-xp 00000000 00:65 77077494                   /root/oracle/jdk-9.0.4/lib/libverify.so
7f2341057000-7f2341256000 ---p 0000d000 00:65 77077494                   /root/oracle/jdk-9.0.4/lib/libverify.so
7f2341256000-7f2341258000 rw-p 0000c000 00:65 77077494                   /root/oracle/jdk-9.0.4/lib/libverify.so
7f2341258000-7f234125b000 r--p 00000000 00:65 165034636                  /usr/lib/x86_64-linux-gnu/librt-2.31.so
7f234125b000-7f234125f000 r-xp 00003000 00:65 165034636                  /usr/lib/x86_64-linux-gnu/librt-2.31.so
7f234125f000-7f2341260000 r--p 00007000 00:65 165034636                  /usr/lib/x86_64-linux-gnu/librt-2.31.so
7f2341260000-7f2341261000 ---p 00008000 00:65 165034636                  /usr/lib/x86_64-linux-gnu/librt-2.31.so
7f2341261000-7f2341262000 r--p 00008000 00:65 165034636                  /usr/lib/x86_64-linux-gnu/librt-2.31.so
7f2341262000-7f2341263000 rw-p 00009000 00:65 165034636                  /usr/lib/x86_64-linux-gnu/librt-2.31.so
7f2341263000-7f2341264000 ---p 00000000 00:00 0 
7f2341264000-7f2341265000 rw-p 00000000 00:00 0 
7f2341265000-7f2341269000 ---p 00000000 00:00 0 
7f2341269000-7f2341364000 rw-p 00000000 00:00 0 
7f2341364000-7f2341373000 r--p 00000000 00:65 165034468                  /usr/lib/x86_64-linux-gnu/libm-2.31.so
7f2341373000-7f234141a000 r-xp 0000f000 00:65 165034468                  /usr/lib/x86_64-linux-gnu/libm-2.31.so
7f234141a000-7f23414b1000 r--p 000b6000 00:65 165034468                  /usr/lib/x86_64-linux-gnu/libm-2.31.so
7f23414b1000-7f23414b2000 r--p 0014c000 00:65 165034468                  /usr/lib/x86_64-linux-gnu/libm-2.31.so
7f23414b2000-7f23414b3000 rw-p 0014d000 00:65 165034468                  /usr/lib/x86_64-linux-gnu/libm-2.31.so
7f23414b3000-7f23424c8000 r-xp 00000000 00:65 77083135                   /root/oracle/jdk-9.0.4/lib/server/libjvm.so
7f23424c8000-7f23426c7000 ---p 01015000 00:65 77083135                   /root/oracle/jdk-9.0.4/lib/server/libjvm.so
7f23426c7000-7f2342798000 r--p 01014000 00:65 77083135                   /root/oracle/jdk-9.0.4/lib/server/libjvm.so
7f2342798000-7f23427cf000 rw-p 010e5000 00:65 77083135                   /root/oracle/jdk-9.0.4/lib/server/libjvm.so
7f23427cf000-7f234283a000 rw-p 00000000 00:00 0 
7f234283a000-7f234285f000 r--p 00000000 00:65 165034165                  /usr/lib/x86_64-linux-gnu/libc-2.31.so
7f234285f000-7f23429d7000 r-xp 00025000 00:65 165034165                  /usr/lib/x86_64-linux-gnu/libc-2.31.so
7f23429d7000-7f2342a21000 r--p 0019d000 00:65 165034165                  /usr/lib/x86_64-linux-gnu/libc-2.31.so
7f2342a21000-7f2342a22000 ---p 001e7000 00:65 165034165                  /usr/lib/x86_64-linux-gnu/libc-2.31.so
7f2342a22000-7f2342a25000 r--p 001e7000 00:65 165034165                  /usr/lib/x86_64-linux-gnu/libc-2.31.so
7f2342a25000-7f2342a28000 rw-p 001ea000 00:65 165034165                  /usr/lib/x86_64-linux-gnu/libc-2.31.so
7f2342a28000-7f2342a2c000 rw-p 00000000 00:00 0 
7f2342a2c000-7f2342a2d000 r--p 00000000 00:65 165034236                  /usr/lib/x86_64-linux-gnu/libdl-2.31.so
7f2342a2d000-7f2342a2f000 r-xp 00001000 00:65 165034236                  /usr/lib/x86_64-linux-gnu/libdl-2.31.so
7f2342a2f000-7f2342a30000 r--p 00003000 00:65 165034236                  /usr/lib/x86_64-linux-gnu/libdl-2.31.so
7f2342a30000-7f2342a31000 r--p 00003000 00:65 165034236                  /usr/lib/x86_64-linux-gnu/libdl-2.31.so
7f2342a31000-7f2342a32000 rw-p 00004000 00:65 165034236                  /usr/lib/x86_64-linux-gnu/libdl-2.31.so
7f2342a32000-7f2342a40000 r-xp 00000000 00:65 77083142                   /root/oracle/jdk-9.0.4/lib/jli/libjli.so
7f2342a40000-7f2342c40000 ---p 0000e000 00:65 77083142                   /root/oracle/jdk-9.0.4/lib/jli/libjli.so
7f2342c40000-7f2342c41000 rw-p 0000e000 00:65 77083142                   /root/oracle/jdk-9.0.4/lib/jli/libjli.so
7f2342c41000-7f2342c48000 r--p 00000000 00:65 165034610                  /usr/lib/x86_64-linux-gnu/libpthread-2.31.so
7f2342c48000-7f2342c59000 r-xp 00007000 00:65 165034610                  /usr/lib/x86_64-linux-gnu/libpthread-2.31.so
7f2342c59000-7f2342c5e000 r--p 00018000 00:65 165034610                  /usr/lib/x86_64-linux-gnu/libpthread-2.31.so
7f2342c5e000-7f2342c5f000 r--p 0001c000 00:65 165034610                  /usr/lib/x86_64-linux-gnu/libpthread-2.31.so
7f2342c5f000-7f2342c60000 rw-p 0001d000 00:65 165034610                  /usr/lib/x86_64-linux-gnu/libpthread-2.31.so
7f2342c60000-7f2342c64000 rw-p 00000000 00:00 0 
7f2342c64000-7f2342c66000 r--p 00000000 00:65 165034796                  /usr/lib/x86_64-linux-gnu/libz.so.1.2.11
7f2342c66000-7f2342c77000 r-xp 00002000 00:65 165034796                  /usr/lib/x86_64-linux-gnu/libz.so.1.2.11
7f2342c77000-7f2342c7d000 r--p 00013000 00:65 165034796                  /usr/lib/x86_64-linux-gnu/libz.so.1.2.11
7f2342c7d000-7f2342c7e000 ---p 00019000 00:65 165034796                  /usr/lib/x86_64-linux-gnu/libz.so.1.2.11
7f2342c7e000-7f2342c7f000 r--p 00019000 00:65 165034796                  /usr/lib/x86_64-linux-gnu/libz.so.1.2.11
7f2342c7f000-7f2342c80000 rw-p 0001a000 00:65 165034796                  /usr/lib/x86_64-linux-gnu/libz.so.1.2.11
7f2342c80000-7f2342c88000 rw-s 00000000 00:65 71965686                   /tmp/hsperfdata_root/17785
7f2342c88000-7f2342c8b000 rw-p 00000000 00:00 0 
7f2342c8b000-7f2342c8c000 r--p 00000000 00:65 165033992                  /usr/lib/x86_64-linux-gnu/ld-2.31.so
7f2342c8c000-7f2342caf000 r-xp 00001000 00:65 165033992                  /usr/lib/x86_64-linux-gnu/ld-2.31.so
7f2342caf000-7f2342cb7000 r--p 00024000 00:65 165033992                  /usr/lib/x86_64-linux-gnu/ld-2.31.so
7f2342cb7000-7f2342cb8000 r--p 00000000 00:00 0 
7f2342cb8000-7f2342cb9000 r--p 0002c000 00:65 165033992                  /usr/lib/x86_64-linux-gnu/ld-2.31.so
7f2342cb9000-7f2342cba000 rw-p 0002d000 00:65 165033992                  /usr/lib/x86_64-linux-gnu/ld-2.31.so
7f2342cba000-7f2342cbb000 rw-p 00000000 00:00 0 
7ffcfd16a000-7ffcfd18b000 rw-p 00000000 00:00 0                          [stack]
7ffcfd19d000-7ffcfd1a0000 r--p 00000000 00:00 0                          [vvar]
7ffcfd1a0000-7ffcfd1a1000 r-xp 00000000 00:00 0                          [vdso]
ffffffffff600000-ffffffffff601000 --xp 00000000 00:00 0                  [vsyscall]

VM Arguments:
jvm_args: -Xbootclasspath/a:/usr/local/java/jdk1.8.0_301/jre/lib/rt.jar -Xverify:none 
java_command: org.eclipse.core.runtime.adaptor.EclipseStarter -debug
java_class_path (initial): ./sootOutput/eclipse/
Launcher Type: SUN_STANDARD

Logging:
Log output configuration:
#0: stdout all=warning uptime,level,tags
#1: stderr all=off uptime,level,tags

Environment Variables:
JAVA_HOME=/root/oracle/jdk-9.0.4
JRE_HOME=/root/oracle/jdk-9.0.4
CLASSPATH=.:/root/oracle/jdk-9.0.4/lib:/JVMfuzzing/htm/CFSynthesis/resource/commons-lang3-3.12.0/commons-lang3-3.12.0.jar
PATH=/root/oracle/jdk-9.0.4/bin:/root/.vscode-server/bin/da76f93349a72022ca4670c1b84860304616aaa2/bin/remote-cli:/root/oracle/jdk-9.0.4/bin:/usr/local/sbin:/usr/local/bin:/usr/sbin:/usr/bin:/sbin:/bin:/usr/games:/usr/local/games:/snap/bin
SHELL=/bin/bash

Signal Handlers:
SIGSEGV: [libjvm.so+0xd4d370], sa_mask[0]=11111111011111111101111111111110, sa_flags=SA_RESTART|SA_SIGINFO
SIGBUS: [libjvm.so+0xd4d370], sa_mask[0]=11111111011111111101111111111110, sa_flags=SA_RESTART|SA_SIGINFO
SIGFPE: [libjvm.so+0xd4d370], sa_mask[0]=11111111011111111101111111111110, sa_flags=SA_RESTART|SA_SIGINFO
SIGPIPE: [libjvm.so+0xb64780], sa_mask[0]=11111111011111111101111111111110, sa_flags=SA_RESTART|SA_SIGINFO
SIGXFSZ: [libjvm.so+0xb64780], sa_mask[0]=11111111011111111101111111111110, sa_flags=SA_RESTART|SA_SIGINFO
SIGILL: [libjvm.so+0xd4d370], sa_mask[0]=11111111011111111101111111111110, sa_flags=SA_RESTART|SA_SIGINFO
SIGUSR2: [libjvm.so+0xb64640], sa_mask[0]=00100000000000000000000000000000, sa_flags=SA_RESTART|SA_SIGINFO
SIGHUP: [libjvm.so+0xb64850], sa_mask[0]=11111111011111111101111111111110, sa_flags=SA_RESTART|SA_SIGINFO
SIGINT: [libjvm.so+0xb64850], sa_mask[0]=11111111011111111101111111111110, sa_flags=SA_RESTART|SA_SIGINFO
SIGTERM: [libjvm.so+0xb64850], sa_mask[0]=11111111011111111101111111111110, sa_flags=SA_RESTART|SA_SIGINFO
SIGQUIT: [libjvm.so+0xb64850], sa_mask[0]=11111111011111111101111111111110, sa_flags=SA_RESTART|SA_SIGINFO


---------------  S Y S T E M  ---------------

OS:DISTRIB_ID=Ubuntu
DISTRIB_RELEASE=20.04
DISTRIB_CODENAME=focal
DISTRIB_DESCRIPTION="Ubuntu 20.04.3 LTS"
uname:Linux 5.4.0-124-generic #140~18.04.1-Ubuntu SMP Fri Aug 5 11:43:34 UTC 2022 x86_64
libc:glibc 2.31 NPTL 2.31 
rlimit: STACK 8192k, CORE infinity, NPROC infinity, NOFILE 1048576, AS infinity
load average:38.04 39.77 38.97

/proc/meminfo:
MemTotal:       65549624 kB
MemFree:         7074696 kB
MemAvailable:   34049576 kB
Buffers:         5872408 kB
Cached:          3596908 kB
SwapCached:         8092 kB
Active:         31872332 kB
Inactive:        6373280 kB
Active(anon):   24779020 kB
Inactive(anon):  4018444 kB
Active(file):    7093312 kB
Inactive(file):  2354836 kB
Unevictable:          20 kB
Mlocked:              20 kB
SwapTotal:       2097148 kB
SwapFree:              0 kB
Dirty:             26872 kB
Writeback:             0 kB
AnonPages:      28769244 kB
Mapped:           855652 kB
Shmem:             25608 kB
KReclaimable:   18258656 kB
Slab:           19428768 kB
SReclaimable:   18258656 kB
SUnreclaim:      1170112 kB
KernelStack:       80160 kB
PageTables:       265440 kB
NFS_Unstable:          0 kB
Bounce:                0 kB
WritebackTmp:          0 kB
CommitLimit:    34871960 kB
Committed_AS:   86572504 kB
VmallocTotal:   34359738367 kB
VmallocUsed:      162592 kB
VmallocChunk:          0 kB
Percpu:            32512 kB
HardwareCorrupted:     0 kB
AnonHugePages:         0 kB
ShmemHugePages:        0 kB
ShmemPmdMapped:        0 kB
FileHugePages:         0 kB
FilePmdMapped:         0 kB
CmaTotal:              0 kB
CmaFree:               0 kB
HugePages_Total:       0
HugePages_Free:        0
HugePages_Rsvd:        0
HugePages_Surp:        0
Hugepagesize:       2048 kB
Hugetlb:               0 kB
DirectMap4k:    15497632 kB
DirectMap2M:    51298304 kB
DirectMap1G:           0 kB


CPU:total 28 (initial active 28) (14 cores per cpu, 2 threads per core) family 6 model 85 stepping 4, cmov, cx8, fxsr, mmx, sse, sse2, sse3, ssse3, sse4.1, sse4.2, popcnt, avx, avx2, aes, clmul, erms, rtm, 3dnowpref, lzcnt, ht, tsc, tscinvbit, bmi1, bmi2, adx, fma
CPU Model and flags from /proc/cpuinfo:
model name	: Intel(R) Core(TM) i9-9940X CPU @ 3.30GHz
flags		: fpu vme de pse tsc msr pae mce cx8 apic sep mtrr pge mca cmov pat pse36 clflush dts acpi mmx fxsr sse sse2 ss ht tm pbe syscall nx pdpe1gb rdtscp lm constant_tsc art arch_perfmon pebs bts rep_good nopl xtopology nonstop_tsc cpuid aperfmperf pni pclmulqdq dtes64 monitor ds_cpl vmx est tm2 ssse3 sdbg fma cx16 xtpr pdcm pcid dca sse4_1 sse4_2 x2apic movbe popcnt tsc_deadline_timer aes xsave avx f16c rdrand lahf_lm abm 3dnowprefetch cpuid_fault epb cat_l3 cdp_l3 invpcid_single pti ssbd mba ibrs ibpb stibp tpr_shadow vnmi flexpriority ept vpid ept_ad fsgsbase tsc_adjust bmi1 hle avx2 smep bmi2 erms invpcid rtm cqm mpx rdt_a avx512f avx512dq rdseed adx smap clflushopt clwb intel_pt avx512cd avx512bw avx512vl xsaveopt xsavec xgetbv1 xsaves cqm_llc cqm_occup_llc cqm_mbm_total cqm_mbm_local dtherm ida arat pln pts hwp hwp_act_window hwp_epp hwp_pkg_req md_clear flush_l1d arch_capabilities

Memory: 4k page, physical 65549624k(7074696k free), swap 2097148k(0k free)

vm_info: Java HotSpot(TM) 64-Bit Server VM (9.0.4+11) for linux-amd64 JRE (9.0.4+11), built on Dec 19 2017 18:12:19 by "mach5one" with gcc 4.9.2

END.
