#
# A fatal error has been detected by the Java Runtime Environment:
#
#  SIGSEGV (0xb) at pc=0x00007f68b57b7b2c, pid=371, tid=446
#
# JRE version: Java(TM) SE Runtime Environment (9.0+11) (build 9.0.4+11)
# Java VM: Java HotSpot(TM) 64-Bit Server VM (9.0.4+11, mixed mode, tiered, compressed oops, g1 gc, linux-amd64)
# Problematic frame:
# V  [libjvm.so+0x48eb2c]  Canonicalizer::do_If(If*)+0x1c
#
# Core dump will be written. Default location: Core dumps may be processed with "/usr/share/apport/apport -p%p -s%s -c%c -d%d -P%P -u%u -g%g -- %E" (or dumping to /JVMfuzzing/zjy/classming/Fuzzing-Testing-of-JVM-Implementations/core.371)
#
# If you would like to submit a bug report, please visit:
#   http://bugreport.java.com/bugreport/crash.jsp
#

---------------  S U M M A R Y ------------

Command Line: -Xbootclasspath/a:/usr/local/java/jdk1.8.0_301/jre/lib/rt.jar -Xverify:none org.eclipse.core.runtime.adaptor.EclipseStarter -debug

Host: Intel(R) Core(TM) i9-9940X CPU @ 3.30GHz, 28 cores, 62G, Ubuntu 20.04.3 LTS
Time: Thu Nov  3 09:12:13 2022 UTC elapsed time: 0 seconds (0d 0h 0m 0s)

---------------  T H R E A D  ---------------

Current thread (0x00007f68b02bd800):  JavaThread "C1 CompilerThread9" daemon [_thread_in_native, id=446, stack(0x00007f67ada11000,0x00007f67adb12000)]


Current CompileTask:
C1:    561  255 %     3       org.eclipse.core.runtime.adaptor.EclipseStarter::main @ 4632 (7652 bytes)

Stack: [0x00007f67ada11000,0x00007f67adb12000],  sp=0x00007f67adb100c0,  free space=1020k
Native frames: (J=compiled Java code, A=aot compiled Java code, j=interpreted, Vv=VM code, C=native code)
V  [libjvm.so+0x48eb2c]  Canonicalizer::do_If(If*)+0x1c
V  [libjvm.so+0x4a0452]  GraphBuilder::append_with_bci(Instruction*, int)+0x42
V  [libjvm.so+0x4a3526]  GraphBuilder::if_node(Instruction*, Instruction::Condition, Instruction*, ValueStack*)+0x2a6
V  [libjvm.so+0x4b1873]  GraphBuilder::iterate_bytecodes_for_block(int)+0x1e83
V  [libjvm.so+0x4b1ad5]  GraphBuilder::iterate_all_blocks(bool)+0x85
V  [libjvm.so+0x4b1ec9]  GraphBuilder::GraphBuilder(Compilation*, IRScope*)+0x389
V  [libjvm.so+0x4b70a8]  IR::IR(Compilation*, ciMethod*, int)+0x1e8
V  [libjvm.so+0x497832]  Compilation::build_hir() [clone .part.93]+0x162
V  [libjvm.so+0x499633]  Compilation::compile_java_method()+0x3c3
V  [libjvm.so+0x4997af]  Compilation::compile_method()+0x12f
V  [libjvm.so+0x499c31]  Compilation::Compilation(AbstractCompiler*, ciEnv*, ciMethod*, int, BufferBlob*, DirectiveSet*)+0x271
V  [libjvm.so+0x49ac1e]  Compiler::compile_method(ciEnv*, ciMethod*, int, DirectiveSet*)+0xae
V  [libjvm.so+0x6125ac]  CompileBroker::invoke_compiler_on_method(CompileTask*)+0x41c
V  [libjvm.so+0x61344b]  CompileBroker::compiler_thread_loop()+0x28b
V  [libjvm.so+0xcef338]  JavaThread::thread_main_inner()+0xd8
V  [libjvm.so+0xb6e132]  thread_native_entry(Thread*)+0xf2
C  [libpthread.so.0+0x9609]  start_thread+0xd9


siginfo: si_signo: 11 (SIGSEGV), si_code: 1 (SEGV_MAPERR), si_addr: 0x0000000000000018

Register to memory mapping:

RAX=0x0000000000000000 is an unknown value
RBX=0x00007f677c0f6030 is an unknown value
RCX=0x00007f67adb10800 is pointing into the stack for thread: 0x00007f68b02bd800
RDX=0x00007f677c0f6030 is an unknown value
RSP=0x00007f67adb100c0 is pointing into the stack for thread: 0x00007f68b02bd800
RBP=0x00007f67adb10130 is pointing into the stack for thread: 0x00007f68b02bd800
RSI=0x00007f677c0f6030 is an unknown value
RDI=0x00007f67adb10160 is pointing into the stack for thread: 0x00007f68b02bd800
R8 =0x00007f677c0f55b0 is an unknown value
R9 =0x00000000000000f1 is an unknown value
R10=0x0100000000000000 is an unknown value
R11=0x0000000000000000 is an unknown value
R12=0x00007f677c0f60d0 is an unknown value
R13=0x00007f67adb10460 is pointing into the stack for thread: 0x00007f68b02bd800
R14=0x00007f677c0f6030 is an unknown value
R15=0x00007f677c0f60d0 is an unknown value


Registers:
RAX=0x0000000000000000, RBX=0x00007f677c0f6030, RCX=0x00007f67adb10800, RDX=0x00007f677c0f6030
RSP=0x00007f67adb100c0, RBP=0x00007f67adb10130, RSI=0x00007f677c0f6030, RDI=0x00007f67adb10160
R8 =0x00007f677c0f55b0, R9 =0x00000000000000f1, R10=0x0100000000000000, R11=0x0000000000000000
R12=0x00007f677c0f60d0, R13=0x00007f67adb10460, R14=0x00007f677c0f6030, R15=0x00007f677c0f60d0
RIP=0x00007f68b57b7b2c, EFLAGS=0x0000000000010206, CSGSFS=0x002b000000000033, ERR=0x0000000000000004
  TRAPNO=0x000000000000000e

Top of Stack: (sp=0x00007f67adb100c0)
0x00007f67adb100c0:   00007f67adb10130 00007f68b572deb7
0x00007f67adb100d0:   00007f67840e5f18 00007f67840e5ed8
0x00007f67adb100e0:   00007f67adb10110 00007f68b57e4598
0x00007f67adb100f0:   00007f677c133ce0 00007f67adb10160 

Instructions: (pc=0x00007f68b57b7b2c)
0x00007f68b57b7b0c:   ff 90 66 90 55 48 89 e5 41 57 41 56 41 55 41 54
0x00007f68b57b7b1c:   53 48 89 f3 48 83 ec 48 48 8b 46 70 48 89 7d c8
0x00007f68b57b7b2c:   48 8b 78 18 48 8b 07 ff 50 18 84 c0 0f 85 a2 00
0x00007f68b57b7b3c:   00 00 4c 8b 63 70 48 8b 83 80 00 00 00 49 39 c4 


---------------  P R O C E S S  ---------------

Java Threads: ( => current thread )
  0x00007f68b0368800 JavaThread "Service Thread" daemon [_thread_blocked, id=451, stack(0x00007f67ad0b3000,0x00007f67ad1b4000)]
  0x00007f68b02d1800 JavaThread "Common-Cleaner" daemon [_thread_blocked, id=450, stack(0x00007f67ad1b4000,0x00007f67ad2b5000)]
  0x00007f68b02c3000 JavaThread "Sweeper thread" daemon [_thread_blocked, id=449, stack(0x00007f67ad70e000,0x00007f67ad80f000)]
  0x00007f68b02c1000 JavaThread "C1 CompilerThread11" daemon [_thread_blocked, id=448, stack(0x00007f67ad80f000,0x00007f67ad910000)]
  0x00007f68b02bf800 JavaThread "C1 CompilerThread10" daemon [_thread_blocked, id=447, stack(0x00007f67ad910000,0x00007f67ada11000)]
=>0x00007f68b02bd800 JavaThread "C1 CompilerThread9" daemon [_thread_in_native, id=446, stack(0x00007f67ada11000,0x00007f67adb12000)]
  0x00007f68b02bb800 JavaThread "C1 CompilerThread8" daemon [_thread_blocked, id=445, stack(0x00007f67adb12000,0x00007f67adc13000)]
  0x00007f68b02ba000 JavaThread "C2 CompilerThread7" daemon [_thread_blocked, id=444, stack(0x00007f67adc13000,0x00007f67add14000)]
  0x00007f68b02b8000 JavaThread "C2 CompilerThread6" daemon [_thread_blocked, id=443, stack(0x00007f67add14000,0x00007f67ade15000)]
  0x00007f68b02b6800 JavaThread "C2 CompilerThread5" daemon [_thread_blocked, id=442, stack(0x00007f67ade15000,0x00007f67adf16000)]
  0x00007f68b02b4800 JavaThread "C2 CompilerThread4" daemon [_thread_blocked, id=441, stack(0x00007f67adf16000,0x00007f67ae017000)]
  0x00007f68b02b3000 JavaThread "C2 CompilerThread3" daemon [_thread_blocked, id=439, stack(0x00007f67ae017000,0x00007f67ae118000)]
  0x00007f68b02b1000 JavaThread "C2 CompilerThread2" daemon [_thread_blocked, id=438, stack(0x00007f67ae118000,0x00007f67ae219000)]
  0x00007f68b02af000 JavaThread "C2 CompilerThread1" daemon [_thread_blocked, id=437, stack(0x00007f67ae219000,0x00007f67ae31a000)]
  0x00007f68b02ad000 JavaThread "C2 CompilerThread0" daemon [_thread_blocked, id=427, stack(0x00007f67ae31a000,0x00007f67ae41b000)]
  0x00007f68b02ab000 JavaThread "Signal Dispatcher" daemon [_thread_blocked, id=424, stack(0x00007f67ae41b000,0x00007f67ae51c000)]
  0x00007f68b0291000 JavaThread "Finalizer" daemon [_thread_blocked, id=423, stack(0x00007f67ae51c000,0x00007f67ae61d000)]
  0x00007f68b0288800 JavaThread "Reference Handler" daemon [_thread_blocked, id=422, stack(0x00007f67ae61d000,0x00007f67ae71e000)]
  0x00007f68b0011800 JavaThread "main" [_thread_in_Java, id=373, stack(0x00007f68b50db000,0x00007f68b51da000)]

Other Threads:
  0x00007f68b0281000 VMThread "VM Thread" [stack: 0x00007f67ae720000,0x00007f67ae820000] [id=421]
  0x00007f68b036b000 WatcherThread [stack: 0x00007f67acfb3000,0x00007f67ad0b3000] [id=452]
  0x00007f68b0034000 GCTaskThread "GC Thread#0" [stack: 0x00007f68b4335000,0x00007f68b4435000] [id=374]
  0x00007f68b0035800 GCTaskThread "GC Thread#1" [stack: 0x00007f68b4233000,0x00007f68b4333000] [id=375]
  0x00007f68b0037000 GCTaskThread "GC Thread#2" [stack: 0x00007f68b4131000,0x00007f68b4231000] [id=376]
  0x00007f68b0039000 GCTaskThread "GC Thread#3" [stack: 0x00007f68b402f000,0x00007f68b412f000] [id=377]
  0x00007f68b003a800 GCTaskThread "GC Thread#4" [stack: 0x00007f6895a43000,0x00007f6895b43000] [id=378]
  0x00007f68b003c800 GCTaskThread "GC Thread#5" [stack: 0x00007f6895941000,0x00007f6895a41000] [id=379]
  0x00007f68b003e000 GCTaskThread "GC Thread#6" [stack: 0x00007f689583f000,0x00007f689593f000] [id=380]
  0x00007f68b003f800 GCTaskThread "GC Thread#7" [stack: 0x00007f689573d000,0x00007f689583d000] [id=381]
  0x00007f68b0041800 GCTaskThread "GC Thread#8" [stack: 0x00007f689563b000,0x00007f689573b000] [id=382]
  0x00007f68b0043000 GCTaskThread "GC Thread#9" [stack: 0x00007f6895539000,0x00007f6895639000] [id=383]
  0x00007f68b0045000 GCTaskThread "GC Thread#10" [stack: 0x00007f6895437000,0x00007f6895537000] [id=384]
  0x00007f68b0046800 GCTaskThread "GC Thread#11" [stack: 0x00007f6895335000,0x00007f6895435000] [id=385]
  0x00007f68b0048800 GCTaskThread "GC Thread#12" [stack: 0x00007f6895233000,0x00007f6895333000] [id=386]
  0x00007f68b004a000 GCTaskThread "GC Thread#13" [stack: 0x00007f6895131000,0x00007f6895231000] [id=387]
  0x00007f68b004c000 GCTaskThread "GC Thread#14" [stack: 0x00007f689502f000,0x00007f689512f000] [id=388]
  0x00007f68b004d800 GCTaskThread "GC Thread#15" [stack: 0x00007f6894f2d000,0x00007f689502d000] [id=389]
  0x00007f68b004f800 GCTaskThread "GC Thread#16" [stack: 0x00007f6894e2b000,0x00007f6894f2b000] [id=390]
  0x00007f68b0051000 GCTaskThread "GC Thread#17" [stack: 0x00007f6894d29000,0x00007f6894e29000] [id=391]
  0x00007f68b0052800 GCTaskThread "GC Thread#18" [stack: 0x00007f6894c27000,0x00007f6894d27000] [id=392]
  0x00007f68b0054800 GCTaskThread "GC Thread#19" [stack: 0x00007f6894b25000,0x00007f6894c25000] [id=393]
  0x00007f68b009f800 ConcurrentGCThread "G1 Main Marker" [stack: 0x00007f684400b000,0x00007f684410b000] [id=415]
  0x00007f68b00a1000 ConcurrentGCThread "G1 Marker#0" [stack: 0x00007f67c6931000,0x00007f67c6a31000] [id=416]
  0x00007f68b00a3000 ConcurrentGCThread "G1 Marker#1" [stack: 0x00007f67c682f000,0x00007f67c692f000] [id=417]
  0x00007f68b00a4800 ConcurrentGCThread "G1 Marker#2" [stack: 0x00007f67c672d000,0x00007f67c682d000] [id=418]
  0x00007f68b00a6800 ConcurrentGCThread "G1 Marker#3" [stack: 0x00007f67c662b000,0x00007f67c672b000] [id=419]
  0x00007f68b00a8000 ConcurrentGCThread "G1 Marker#4" [stack: 0x00007f67c6529000,0x00007f67c6629000] [id=420]
  0x00007f68b0079000 ConcurrentGCThread "G1 Refine#0" [stack: 0x00007f68462d1000,0x00007f68463d1000] [id=413]
  0x00007f68b0077000 ConcurrentGCThread "G1 Refine#1" [stack: 0x00007f68463d3000,0x00007f68464d3000] [id=412]
  0x00007f68b0075000 ConcurrentGCThread "G1 Refine#2" [stack: 0x00007f68464d5000,0x00007f68465d5000] [id=411]
  0x00007f68b0073800 ConcurrentGCThread "G1 Refine#3" [stack: 0x00007f68465d7000,0x00007f68466d7000] [id=410]
  0x00007f68b0071800 ConcurrentGCThread "G1 Refine#4" [stack: 0x00007f68466d9000,0x00007f68467d9000] [id=409]
  0x00007f68b0070000 ConcurrentGCThread "G1 Refine#5" [stack: 0x00007f68467db000,0x00007f68468db000] [id=408]
  0x00007f68b006e000 ConcurrentGCThread "G1 Refine#6" [stack: 0x00007f68468dd000,0x00007f68469dd000] [id=407]
  0x00007f68b006c800 ConcurrentGCThread "G1 Refine#7" [stack: 0x00007f68469df000,0x00007f6846adf000] [id=406]
  0x00007f68b006a800 ConcurrentGCThread "G1 Refine#8" [stack: 0x00007f6846ae1000,0x00007f6846be1000] [id=405]
  0x00007f68b0069000 ConcurrentGCThread "G1 Refine#9" [stack: 0x00007f6846be3000,0x00007f6846ce3000] [id=404]
  0x00007f68b0067000 ConcurrentGCThread "G1 Refine#10" [stack: 0x00007f6846ce5000,0x00007f6846de5000] [id=403]
  0x00007f68b0065000 ConcurrentGCThread "G1 Refine#11" [stack: 0x00007f6846de7000,0x00007f6846ee7000] [id=402]
  0x00007f68b0063800 ConcurrentGCThread "G1 Refine#12" [stack: 0x00007f6846ee9000,0x00007f6846fe9000] [id=401]
  0x00007f68b0061800 ConcurrentGCThread "G1 Refine#13" [stack: 0x00007f6846feb000,0x00007f68470eb000] [id=400]
  0x00007f68b0060000 ConcurrentGCThread "G1 Refine#14" [stack: 0x00007f68470ed000,0x00007f68471ed000] [id=399]
  0x00007f68b005e000 ConcurrentGCThread "G1 Refine#15" [stack: 0x00007f68471ef000,0x00007f68472ef000] [id=398]
  0x00007f68b005c800 ConcurrentGCThread "G1 Refine#16" [stack: 0x00007f68472f1000,0x00007f68473f1000] [id=397]
  0x00007f68b005a800 ConcurrentGCThread "G1 Refine#17" [stack: 0x00007f68473f3000,0x00007f68474f3000] [id=396]
  0x00007f68b0059000 ConcurrentGCThread "G1 Refine#18" [stack: 0x00007f68474f5000,0x00007f68475f5000] [id=395]
  0x00007f68b0057000 ConcurrentGCThread "G1 Refine#19" [stack: 0x00007f68475f7000,0x00007f68476f7000] [id=394]
  0x00007f68b007a800 ConcurrentGCThread "G1 Young RemSet Sampling" [stack: 0x00007f68461cf000,0x00007f68462cf000] [id=414]

Threads with active compile tasks:
C1 CompilerThread9 255 %     3       org.eclipse.core.runtime.adaptor.EclipseStarter::main @ 4632 (7652 bytes)

VM state:not at safepoint (normal execution)

VM Mutex/Monitor currently owned by a thread: None

Heap address: 0x00000003d7c00000, size: 16004 MB, Compressed Oops mode: Zero based, Oop shift amount: 3
Narrow klass base: 0x0000000000000000, Narrow klass shift: 3
Compressed class space size: 1073741824 Address: 0x00000007c0000000

Heap:
 garbage-first heap   total 1028096K, used 8192K [0x00000003d7c00000, 0x00000003d80007d8, 0x00000007c0000000)
  region size 4096K, 3 young (12288K), 0 survivors (0K)
 Metaspace       used 4320K, capacity 4680K, committed 4864K, reserved 1056768K
  class space    used 356K, capacity 388K, committed 512K, reserved 1048576K
Heap Regions: E=young(eden), S=young(survivor), O=old, HS=humongous(starts), HC=humongous(continues), CS=collection set, F=free, A=archive, TS=gc time stamp, AC=allocation context, TAMS=top-at-mark-start (previous, next)
|   0|0x00000003d7c00000, 0x00000003d7c00000, 0x00000003d8000000|  0%| F|  |TS  0|AC  0|TAMS 0x00000003d7c00000, 0x00000003d7c00000|
|   1|0x00000003d8000000, 0x00000003d8000000, 0x00000003d8400000|  0%| F|  |TS  0|AC  0|TAMS 0x00000003d8000000, 0x00000003d8000000|
|   2|0x00000003d8400000, 0x00000003d8400000, 0x00000003d8800000|  0%| F|  |TS  0|AC  0|TAMS 0x00000003d8400000, 0x00000003d8400000|
|   3|0x00000003d8800000, 0x00000003d8800000, 0x00000003d8c00000|  0%| F|  |TS  0|AC  0|TAMS 0x00000003d8800000, 0x00000003d8800000|
|   4|0x00000003d8c00000, 0x00000003d8c00000, 0x00000003d9000000|  0%| F|  |TS  0|AC  0|TAMS 0x00000003d8c00000, 0x00000003d8c00000|
|   5|0x00000003d9000000, 0x00000003d9000000, 0x00000003d9400000|  0%| F|  |TS  0|AC  0|TAMS 0x00000003d9000000, 0x00000003d9000000|
|   6|0x00000003d9400000, 0x00000003d9400000, 0x00000003d9800000|  0%| F|  |TS  0|AC  0|TAMS 0x00000003d9400000, 0x00000003d9400000|
|   7|0x00000003d9800000, 0x00000003d9800000, 0x00000003d9c00000|  0%| F|  |TS  0|AC  0|TAMS 0x00000003d9800000, 0x00000003d9800000|
|   8|0x00000003d9c00000, 0x00000003d9c00000, 0x00000003da000000|  0%| F|  |TS  0|AC  0|TAMS 0x00000003d9c00000, 0x00000003d9c00000|
|   9|0x00000003da000000, 0x00000003da000000, 0x00000003da400000|  0%| F|  |TS  0|AC  0|TAMS 0x00000003da000000, 0x00000003da000000|
|  10|0x00000003da400000, 0x00000003da400000, 0x00000003da800000|  0%| F|  |TS  0|AC  0|TAMS 0x00000003da400000, 0x00000003da400000|
|  11|0x00000003da800000, 0x00000003da800000, 0x00000003dac00000|  0%| F|  |TS  0|AC  0|TAMS 0x00000003da800000, 0x00000003da800000|
|  12|0x00000003dac00000, 0x00000003dac00000, 0x00000003db000000|  0%| F|  |TS  0|AC  0|TAMS 0x00000003dac00000, 0x00000003dac00000|
|  13|0x00000003db000000, 0x00000003db000000, 0x00000003db400000|  0%| F|  |TS  0|AC  0|TAMS 0x00000003db000000, 0x00000003db000000|
|  14|0x00000003db400000, 0x00000003db400000, 0x00000003db800000|  0%| F|  |TS  0|AC  0|TAMS 0x00000003db400000, 0x00000003db400000|
|  15|0x00000003db800000, 0x00000003db800000, 0x00000003dbc00000|  0%| F|  |TS  0|AC  0|TAMS 0x00000003db800000, 0x00000003db800000|
|  16|0x00000003dbc00000, 0x00000003dbc00000, 0x00000003dc000000|  0%| F|  |TS  0|AC  0|TAMS 0x00000003dbc00000, 0x00000003dbc00000|
|  17|0x00000003dc000000, 0x00000003dc000000, 0x00000003dc400000|  0%| F|  |TS  0|AC  0|TAMS 0x00000003dc000000, 0x00000003dc000000|
|  18|0x00000003dc400000, 0x00000003dc400000, 0x00000003dc800000|  0%| F|  |TS  0|AC  0|TAMS 0x00000003dc400000, 0x00000003dc400000|
|  19|0x00000003dc800000, 0x00000003dc800000, 0x00000003dcc00000|  0%| F|  |TS  0|AC  0|TAMS 0x00000003dc800000, 0x00000003dc800000|
|  20|0x00000003dcc00000, 0x00000003dcc00000, 0x00000003dd000000|  0%| F|  |TS  0|AC  0|TAMS 0x00000003dcc00000, 0x00000003dcc00000|
|  21|0x00000003dd000000, 0x00000003dd000000, 0x00000003dd400000|  0%| F|  |TS  0|AC  0|TAMS 0x00000003dd000000, 0x00000003dd000000|
|  22|0x00000003dd400000, 0x00000003dd400000, 0x00000003dd800000|  0%| F|  |TS  0|AC  0|TAMS 0x00000003dd400000, 0x00000003dd400000|
|  23|0x00000003dd800000, 0x00000003dd800000, 0x00000003ddc00000|  0%| F|  |TS  0|AC  0|TAMS 0x00000003dd800000, 0x00000003dd800000|
|  24|0x00000003ddc00000, 0x00000003ddc00000, 0x00000003de000000|  0%| F|  |TS  0|AC  0|TAMS 0x00000003ddc00000, 0x00000003ddc00000|
|  25|0x00000003de000000, 0x00000003de000000, 0x00000003de400000|  0%| F|  |TS  0|AC  0|TAMS 0x00000003de000000, 0x00000003de000000|
|  26|0x00000003de400000, 0x00000003de400000, 0x00000003de800000|  0%| F|  |TS  0|AC  0|TAMS 0x00000003de400000, 0x00000003de400000|
|  27|0x00000003de800000, 0x00000003de800000, 0x00000003dec00000|  0%| F|  |TS  0|AC  0|TAMS 0x00000003de800000, 0x00000003de800000|
|  28|0x00000003dec00000, 0x00000003dec00000, 0x00000003df000000|  0%| F|  |TS  0|AC  0|TAMS 0x00000003dec00000, 0x00000003dec00000|
|  29|0x00000003df000000, 0x00000003df000000, 0x00000003df400000|  0%| F|  |TS  0|AC  0|TAMS 0x00000003df000000, 0x00000003df000000|
|  30|0x00000003df400000, 0x00000003df400000, 0x00000003df800000|  0%| F|  |TS  0|AC  0|TAMS 0x00000003df400000, 0x00000003df400000|
|  31|0x00000003df800000, 0x00000003df800000, 0x00000003dfc00000|  0%| F|  |TS  0|AC  0|TAMS 0x00000003df800000, 0x00000003df800000|
|  32|0x00000003dfc00000, 0x00000003dfc00000, 0x00000003e0000000|  0%| F|  |TS  0|AC  0|TAMS 0x00000003dfc00000, 0x00000003dfc00000|
|  33|0x00000003e0000000, 0x00000003e0000000, 0x00000003e0400000|  0%| F|  |TS  0|AC  0|TAMS 0x00000003e0000000, 0x00000003e0000000|
|  34|0x00000003e0400000, 0x00000003e0400000, 0x00000003e0800000|  0%| F|  |TS  0|AC  0|TAMS 0x00000003e0400000, 0x00000003e0400000|
|  35|0x00000003e0800000, 0x00000003e0800000, 0x00000003e0c00000|  0%| F|  |TS  0|AC  0|TAMS 0x00000003e0800000, 0x00000003e0800000|
|  36|0x00000003e0c00000, 0x00000003e0c00000, 0x00000003e1000000|  0%| F|  |TS  0|AC  0|TAMS 0x00000003e0c00000, 0x00000003e0c00000|
|  37|0x00000003e1000000, 0x00000003e1000000, 0x00000003e1400000|  0%| F|  |TS  0|AC  0|TAMS 0x00000003e1000000, 0x00000003e1000000|
|  38|0x00000003e1400000, 0x00000003e1400000, 0x00000003e1800000|  0%| F|  |TS  0|AC  0|TAMS 0x00000003e1400000, 0x00000003e1400000|
|  39|0x00000003e1800000, 0x00000003e1800000, 0x00000003e1c00000|  0%| F|  |TS  0|AC  0|TAMS 0x00000003e1800000, 0x00000003e1800000|
|  40|0x00000003e1c00000, 0x00000003e1c00000, 0x00000003e2000000|  0%| F|  |TS  0|AC  0|TAMS 0x00000003e1c00000, 0x00000003e1c00000|
|  41|0x00000003e2000000, 0x00000003e2000000, 0x00000003e2400000|  0%| F|  |TS  0|AC  0|TAMS 0x00000003e2000000, 0x00000003e2000000|
|  42|0x00000003e2400000, 0x00000003e2400000, 0x00000003e2800000|  0%| F|  |TS  0|AC  0|TAMS 0x00000003e2400000, 0x00000003e2400000|
|  43|0x00000003e2800000, 0x00000003e2800000, 0x00000003e2c00000|  0%| F|  |TS  0|AC  0|TAMS 0x00000003e2800000, 0x00000003e2800000|
|  44|0x00000003e2c00000, 0x00000003e2c00000, 0x00000003e3000000|  0%| F|  |TS  0|AC  0|TAMS 0x00000003e2c00000, 0x00000003e2c00000|
|  45|0x00000003e3000000, 0x00000003e3000000, 0x00000003e3400000|  0%| F|  |TS  0|AC  0|TAMS 0x00000003e3000000, 0x00000003e3000000|
|  46|0x00000003e3400000, 0x00000003e3400000, 0x00000003e3800000|  0%| F|  |TS  0|AC  0|TAMS 0x00000003e3400000, 0x00000003e3400000|
|  47|0x00000003e3800000, 0x00000003e3800000, 0x00000003e3c00000|  0%| F|  |TS  0|AC  0|TAMS 0x00000003e3800000, 0x00000003e3800000|
|  48|0x00000003e3c00000, 0x00000003e3c00000, 0x00000003e4000000|  0%| F|  |TS  0|AC  0|TAMS 0x00000003e3c00000, 0x00000003e3c00000|
|  49|0x00000003e4000000, 0x00000003e4000000, 0x00000003e4400000|  0%| F|  |TS  0|AC  0|TAMS 0x00000003e4000000, 0x00000003e4000000|
|  50|0x00000003e4400000, 0x00000003e4400000, 0x00000003e4800000|  0%| F|  |TS  0|AC  0|TAMS 0x00000003e4400000, 0x00000003e4400000|
|  51|0x00000003e4800000, 0x00000003e4800000, 0x00000003e4c00000|  0%| F|  |TS  0|AC  0|TAMS 0x00000003e4800000, 0x00000003e4800000|
|  52|0x00000003e4c00000, 0x00000003e4c00000, 0x00000003e5000000|  0%| F|  |TS  0|AC  0|TAMS 0x00000003e4c00000, 0x00000003e4c00000|
|  53|0x00000003e5000000, 0x00000003e5000000, 0x00000003e5400000|  0%| F|  |TS  0|AC  0|TAMS 0x00000003e5000000, 0x00000003e5000000|
|  54|0x00000003e5400000, 0x00000003e5400000, 0x00000003e5800000|  0%| F|  |TS  0|AC  0|TAMS 0x00000003e5400000, 0x00000003e5400000|
|  55|0x00000003e5800000, 0x00000003e5800000, 0x00000003e5c00000|  0%| F|  |TS  0|AC  0|TAMS 0x00000003e5800000, 0x00000003e5800000|
|  56|0x00000003e5c00000, 0x00000003e5c00000, 0x00000003e6000000|  0%| F|  |TS  0|AC  0|TAMS 0x00000003e5c00000, 0x00000003e5c00000|
|  57|0x00000003e6000000, 0x00000003e6000000, 0x00000003e6400000|  0%| F|  |TS  0|AC  0|TAMS 0x00000003e6000000, 0x00000003e6000000|
|  58|0x00000003e6400000, 0x00000003e6400000, 0x00000003e6800000|  0%| F|  |TS  0|AC  0|TAMS 0x00000003e6400000, 0x00000003e6400000|
|  59|0x00000003e6800000, 0x00000003e6800000, 0x00000003e6c00000|  0%| F|  |TS  0|AC  0|TAMS 0x00000003e6800000, 0x00000003e6800000|
|  60|0x00000003e6c00000, 0x00000003e6c00000, 0x00000003e7000000|  0%| F|  |TS  0|AC  0|TAMS 0x00000003e6c00000, 0x00000003e6c00000|
|  61|0x00000003e7000000, 0x00000003e7000000, 0x00000003e7400000|  0%| F|  |TS  0|AC  0|TAMS 0x00000003e7000000, 0x00000003e7000000|
|  62|0x00000003e7400000, 0x00000003e7400000, 0x00000003e7800000|  0%| F|  |TS  0|AC  0|TAMS 0x00000003e7400000, 0x00000003e7400000|
|  63|0x00000003e7800000, 0x00000003e7800000, 0x00000003e7c00000|  0%| F|  |TS  0|AC  0|TAMS 0x00000003e7800000, 0x00000003e7800000|
|  64|0x00000003e7c00000, 0x00000003e7c00000, 0x00000003e8000000|  0%| F|  |TS  0|AC  0|TAMS 0x00000003e7c00000, 0x00000003e7c00000|
|  65|0x00000003e8000000, 0x00000003e8000000, 0x00000003e8400000|  0%| F|  |TS  0|AC  0|TAMS 0x00000003e8000000, 0x00000003e8000000|
|  66|0x00000003e8400000, 0x00000003e8400000, 0x00000003e8800000|  0%| F|  |TS  0|AC  0|TAMS 0x00000003e8400000, 0x00000003e8400000|
|  67|0x00000003e8800000, 0x00000003e8800000, 0x00000003e8c00000|  0%| F|  |TS  0|AC  0|TAMS 0x00000003e8800000, 0x00000003e8800000|
|  68|0x00000003e8c00000, 0x00000003e8c00000, 0x00000003e9000000|  0%| F|  |TS  0|AC  0|TAMS 0x00000003e8c00000, 0x00000003e8c00000|
|  69|0x00000003e9000000, 0x00000003e9000000, 0x00000003e9400000|  0%| F|  |TS  0|AC  0|TAMS 0x00000003e9000000, 0x00000003e9000000|
|  70|0x00000003e9400000, 0x00000003e9400000, 0x00000003e9800000|  0%| F|  |TS  0|AC  0|TAMS 0x00000003e9400000, 0x00000003e9400000|
|  71|0x00000003e9800000, 0x00000003e9800000, 0x00000003e9c00000|  0%| F|  |TS  0|AC  0|TAMS 0x00000003e9800000, 0x00000003e9800000|
|  72|0x00000003e9c00000, 0x00000003e9c00000, 0x00000003ea000000|  0%| F|  |TS  0|AC  0|TAMS 0x00000003e9c00000, 0x00000003e9c00000|
|  73|0x00000003ea000000, 0x00000003ea000000, 0x00000003ea400000|  0%| F|  |TS  0|AC  0|TAMS 0x00000003ea000000, 0x00000003ea000000|
|  74|0x00000003ea400000, 0x00000003ea400000, 0x00000003ea800000|  0%| F|  |TS  0|AC  0|TAMS 0x00000003ea400000, 0x00000003ea400000|
|  75|0x00000003ea800000, 0x00000003ea800000, 0x00000003eac00000|  0%| F|  |TS  0|AC  0|TAMS 0x00000003ea800000, 0x00000003ea800000|
|  76|0x00000003eac00000, 0x00000003eac00000, 0x00000003eb000000|  0%| F|  |TS  0|AC  0|TAMS 0x00000003eac00000, 0x00000003eac00000|
|  77|0x00000003eb000000, 0x00000003eb000000, 0x00000003eb400000|  0%| F|  |TS  0|AC  0|TAMS 0x00000003eb000000, 0x00000003eb000000|
|  78|0x00000003eb400000, 0x00000003eb400000, 0x00000003eb800000|  0%| F|  |TS  0|AC  0|TAMS 0x00000003eb400000, 0x00000003eb400000|
|  79|0x00000003eb800000, 0x00000003eb800000, 0x00000003ebc00000|  0%| F|  |TS  0|AC  0|TAMS 0x00000003eb800000, 0x00000003eb800000|
|  80|0x00000003ebc00000, 0x00000003ebc00000, 0x00000003ec000000|  0%| F|  |TS  0|AC  0|TAMS 0x00000003ebc00000, 0x00000003ebc00000|
|  81|0x00000003ec000000, 0x00000003ec000000, 0x00000003ec400000|  0%| F|  |TS  0|AC  0|TAMS 0x00000003ec000000, 0x00000003ec000000|
|  82|0x00000003ec400000, 0x00000003ec400000, 0x00000003ec800000|  0%| F|  |TS  0|AC  0|TAMS 0x00000003ec400000, 0x00000003ec400000|
|  83|0x00000003ec800000, 0x00000003ec800000, 0x00000003ecc00000|  0%| F|  |TS  0|AC  0|TAMS 0x00000003ec800000, 0x00000003ec800000|
|  84|0x00000003ecc00000, 0x00000003ecc00000, 0x00000003ed000000|  0%| F|  |TS  0|AC  0|TAMS 0x00000003ecc00000, 0x00000003ecc00000|
|  85|0x00000003ed000000, 0x00000003ed000000, 0x00000003ed400000|  0%| F|  |TS  0|AC  0|TAMS 0x00000003ed000000, 0x00000003ed000000|
|  86|0x00000003ed400000, 0x00000003ed400000, 0x00000003ed800000|  0%| F|  |TS  0|AC  0|TAMS 0x00000003ed400000, 0x00000003ed400000|
|  87|0x00000003ed800000, 0x00000003ed800000, 0x00000003edc00000|  0%| F|  |TS  0|AC  0|TAMS 0x00000003ed800000, 0x00000003ed800000|
|  88|0x00000003edc00000, 0x00000003edc00000, 0x00000003ee000000|  0%| F|  |TS  0|AC  0|TAMS 0x00000003edc00000, 0x00000003edc00000|
|  89|0x00000003ee000000, 0x00000003ee000000, 0x00000003ee400000|  0%| F|  |TS  0|AC  0|TAMS 0x00000003ee000000, 0x00000003ee000000|
|  90|0x00000003ee400000, 0x00000003ee400000, 0x00000003ee800000|  0%| F|  |TS  0|AC  0|TAMS 0x00000003ee400000, 0x00000003ee400000|
|  91|0x00000003ee800000, 0x00000003ee800000, 0x00000003eec00000|  0%| F|  |TS  0|AC  0|TAMS 0x00000003ee800000, 0x00000003ee800000|
|  92|0x00000003eec00000, 0x00000003eec00000, 0x00000003ef000000|  0%| F|  |TS  0|AC  0|TAMS 0x00000003eec00000, 0x00000003eec00000|
|  93|0x00000003ef000000, 0x00000003ef000000, 0x00000003ef400000|  0%| F|  |TS  0|AC  0|TAMS 0x00000003ef000000, 0x00000003ef000000|
|  94|0x00000003ef400000, 0x00000003ef400000, 0x00000003ef800000|  0%| F|  |TS  0|AC  0|TAMS 0x00000003ef400000, 0x00000003ef400000|
|  95|0x00000003ef800000, 0x00000003ef800000, 0x00000003efc00000|  0%| F|  |TS  0|AC  0|TAMS 0x00000003ef800000, 0x00000003ef800000|
|  96|0x00000003efc00000, 0x00000003efc00000, 0x00000003f0000000|  0%| F|  |TS  0|AC  0|TAMS 0x00000003efc00000, 0x00000003efc00000|
|  97|0x00000003f0000000, 0x00000003f0000000, 0x00000003f0400000|  0%| F|  |TS  0|AC  0|TAMS 0x00000003f0000000, 0x00000003f0000000|
|  98|0x00000003f0400000, 0x00000003f0400000, 0x00000003f0800000|  0%| F|  |TS  0|AC  0|TAMS 0x00000003f0400000, 0x00000003f0400000|
|  99|0x00000003f0800000, 0x00000003f0800000, 0x00000003f0c00000|  0%| F|  |TS  0|AC  0|TAMS 0x00000003f0800000, 0x00000003f0800000|
| 100|0x00000003f0c00000, 0x00000003f0c00000, 0x00000003f1000000|  0%| F|  |TS  0|AC  0|TAMS 0x00000003f0c00000, 0x00000003f0c00000|
| 101|0x00000003f1000000, 0x00000003f1000000, 0x00000003f1400000|  0%| F|  |TS  0|AC  0|TAMS 0x00000003f1000000, 0x00000003f1000000|
| 102|0x00000003f1400000, 0x00000003f1400000, 0x00000003f1800000|  0%| F|  |TS  0|AC  0|TAMS 0x00000003f1400000, 0x00000003f1400000|
| 103|0x00000003f1800000, 0x00000003f1800000, 0x00000003f1c00000|  0%| F|  |TS  0|AC  0|TAMS 0x00000003f1800000, 0x00000003f1800000|
| 104|0x00000003f1c00000, 0x00000003f1c00000, 0x00000003f2000000|  0%| F|  |TS  0|AC  0|TAMS 0x00000003f1c00000, 0x00000003f1c00000|
| 105|0x00000003f2000000, 0x00000003f2000000, 0x00000003f2400000|  0%| F|  |TS  0|AC  0|TAMS 0x00000003f2000000, 0x00000003f2000000|
| 106|0x00000003f2400000, 0x00000003f2400000, 0x00000003f2800000|  0%| F|  |TS  0|AC  0|TAMS 0x00000003f2400000, 0x00000003f2400000|
| 107|0x00000003f2800000, 0x00000003f2800000, 0x00000003f2c00000|  0%| F|  |TS  0|AC  0|TAMS 0x00000003f2800000, 0x00000003f2800000|
| 108|0x00000003f2c00000, 0x00000003f2c00000, 0x00000003f3000000|  0%| F|  |TS  0|AC  0|TAMS 0x00000003f2c00000, 0x00000003f2c00000|
| 109|0x00000003f3000000, 0x00000003f3000000, 0x00000003f3400000|  0%| F|  |TS  0|AC  0|TAMS 0x00000003f3000000, 0x00000003f3000000|
| 110|0x00000003f3400000, 0x00000003f3400000, 0x00000003f3800000|  0%| F|  |TS  0|AC  0|TAMS 0x00000003f3400000, 0x00000003f3400000|
| 111|0x00000003f3800000, 0x00000003f3800000, 0x00000003f3c00000|  0%| F|  |TS  0|AC  0|TAMS 0x00000003f3800000, 0x00000003f3800000|
| 112|0x00000003f3c00000, 0x00000003f3c00000, 0x00000003f4000000|  0%| F|  |TS  0|AC  0|TAMS 0x00000003f3c00000, 0x00000003f3c00000|
| 113|0x00000003f4000000, 0x00000003f4000000, 0x00000003f4400000|  0%| F|  |TS  0|AC  0|TAMS 0x00000003f4000000, 0x00000003f4000000|
| 114|0x00000003f4400000, 0x00000003f4400000, 0x00000003f4800000|  0%| F|  |TS  0|AC  0|TAMS 0x00000003f4400000, 0x00000003f4400000|
| 115|0x00000003f4800000, 0x00000003f4800000, 0x00000003f4c00000|  0%| F|  |TS  0|AC  0|TAMS 0x00000003f4800000, 0x00000003f4800000|
| 116|0x00000003f4c00000, 0x00000003f4c00000, 0x00000003f5000000|  0%| F|  |TS  0|AC  0|TAMS 0x00000003f4c00000, 0x00000003f4c00000|
| 117|0x00000003f5000000, 0x00000003f5000000, 0x00000003f5400000|  0%| F|  |TS  0|AC  0|TAMS 0x00000003f5000000, 0x00000003f5000000|
| 118|0x00000003f5400000, 0x00000003f5400000, 0x00000003f5800000|  0%| F|  |TS  0|AC  0|TAMS 0x00000003f5400000, 0x00000003f5400000|
| 119|0x00000003f5800000, 0x00000003f5800000, 0x00000003f5c00000|  0%| F|  |TS  0|AC  0|TAMS 0x00000003f5800000, 0x00000003f5800000|
| 120|0x00000003f5c00000, 0x00000003f5c00000, 0x00000003f6000000|  0%| F|  |TS  0|AC  0|TAMS 0x00000003f5c00000, 0x00000003f5c00000|
| 121|0x00000003f6000000, 0x00000003f6000000, 0x00000003f6400000|  0%| F|  |TS  0|AC  0|TAMS 0x00000003f6000000, 0x00000003f6000000|
| 122|0x00000003f6400000, 0x00000003f6400000, 0x00000003f6800000|  0%| F|  |TS  0|AC  0|TAMS 0x00000003f6400000, 0x00000003f6400000|
| 123|0x00000003f6800000, 0x00000003f6800000, 0x00000003f6c00000|  0%| F|  |TS  0|AC  0|TAMS 0x00000003f6800000, 0x00000003f6800000|
| 124|0x00000003f6c00000, 0x00000003f6c00000, 0x00000003f7000000|  0%| F|  |TS  0|AC  0|TAMS 0x00000003f6c00000, 0x00000003f6c00000|
| 125|0x00000003f7000000, 0x00000003f7000000, 0x00000003f7400000|  0%| F|  |TS  0|AC  0|TAMS 0x00000003f7000000, 0x00000003f7000000|
| 126|0x00000003f7400000, 0x00000003f7400000, 0x00000003f7800000|  0%| F|  |TS  0|AC  0|TAMS 0x00000003f7400000, 0x00000003f7400000|
| 127|0x00000003f7800000, 0x00000003f7800000, 0x00000003f7c00000|  0%| F|  |TS  0|AC  0|TAMS 0x00000003f7800000, 0x00000003f7800000|
| 128|0x00000003f7c00000, 0x00000003f7c00000, 0x00000003f8000000|  0%| F|  |TS  0|AC  0|TAMS 0x00000003f7c00000, 0x00000003f7c00000|
| 129|0x00000003f8000000, 0x00000003f8000000, 0x00000003f8400000|  0%| F|  |TS  0|AC  0|TAMS 0x00000003f8000000, 0x00000003f8000000|
| 130|0x00000003f8400000, 0x00000003f8400000, 0x00000003f8800000|  0%| F|  |TS  0|AC  0|TAMS 0x00000003f8400000, 0x00000003f8400000|
| 131|0x00000003f8800000, 0x00000003f8800000, 0x00000003f8c00000|  0%| F|  |TS  0|AC  0|TAMS 0x00000003f8800000, 0x00000003f8800000|
| 132|0x00000003f8c00000, 0x00000003f8c00000, 0x00000003f9000000|  0%| F|  |TS  0|AC  0|TAMS 0x00000003f8c00000, 0x00000003f8c00000|
| 133|0x00000003f9000000, 0x00000003f9000000, 0x00000003f9400000|  0%| F|  |TS  0|AC  0|TAMS 0x00000003f9000000, 0x00000003f9000000|
| 134|0x00000003f9400000, 0x00000003f9400000, 0x00000003f9800000|  0%| F|  |TS  0|AC  0|TAMS 0x00000003f9400000, 0x00000003f9400000|
| 135|0x00000003f9800000, 0x00000003f9800000, 0x00000003f9c00000|  0%| F|  |TS  0|AC  0|TAMS 0x00000003f9800000, 0x00000003f9800000|
| 136|0x00000003f9c00000, 0x00000003f9c00000, 0x00000003fa000000|  0%| F|  |TS  0|AC  0|TAMS 0x00000003f9c00000, 0x00000003f9c00000|
| 137|0x00000003fa000000, 0x00000003fa000000, 0x00000003fa400000|  0%| F|  |TS  0|AC  0|TAMS 0x00000003fa000000, 0x00000003fa000000|
| 138|0x00000003fa400000, 0x00000003fa400000, 0x00000003fa800000|  0%| F|  |TS  0|AC  0|TAMS 0x00000003fa400000, 0x00000003fa400000|
| 139|0x00000003fa800000, 0x00000003fa800000, 0x00000003fac00000|  0%| F|  |TS  0|AC  0|TAMS 0x00000003fa800000, 0x00000003fa800000|
| 140|0x00000003fac00000, 0x00000003fac00000, 0x00000003fb000000|  0%| F|  |TS  0|AC  0|TAMS 0x00000003fac00000, 0x00000003fac00000|
| 141|0x00000003fb000000, 0x00000003fb000000, 0x00000003fb400000|  0%| F|  |TS  0|AC  0|TAMS 0x00000003fb000000, 0x00000003fb000000|
| 142|0x00000003fb400000, 0x00000003fb400000, 0x00000003fb800000|  0%| F|  |TS  0|AC  0|TAMS 0x00000003fb400000, 0x00000003fb400000|
| 143|0x00000003fb800000, 0x00000003fb800000, 0x00000003fbc00000|  0%| F|  |TS  0|AC  0|TAMS 0x00000003fb800000, 0x00000003fb800000|
| 144|0x00000003fbc00000, 0x00000003fbc00000, 0x00000003fc000000|  0%| F|  |TS  0|AC  0|TAMS 0x00000003fbc00000, 0x00000003fbc00000|
| 145|0x00000003fc000000, 0x00000003fc000000, 0x00000003fc400000|  0%| F|  |TS  0|AC  0|TAMS 0x00000003fc000000, 0x00000003fc000000|
| 146|0x00000003fc400000, 0x00000003fc400000, 0x00000003fc800000|  0%| F|  |TS  0|AC  0|TAMS 0x00000003fc400000, 0x00000003fc400000|
| 147|0x00000003fc800000, 0x00000003fc800000, 0x00000003fcc00000|  0%| F|  |TS  0|AC  0|TAMS 0x00000003fc800000, 0x00000003fc800000|
| 148|0x00000003fcc00000, 0x00000003fcc00000, 0x00000003fd000000|  0%| F|  |TS  0|AC  0|TAMS 0x00000003fcc00000, 0x00000003fcc00000|
| 149|0x00000003fd000000, 0x00000003fd000000, 0x00000003fd400000|  0%| F|  |TS  0|AC  0|TAMS 0x00000003fd000000, 0x00000003fd000000|
| 150|0x00000003fd400000, 0x00000003fd400000, 0x00000003fd800000|  0%| F|  |TS  0|AC  0|TAMS 0x00000003fd400000, 0x00000003fd400000|
| 151|0x00000003fd800000, 0x00000003fd800000, 0x00000003fdc00000|  0%| F|  |TS  0|AC  0|TAMS 0x00000003fd800000, 0x00000003fd800000|
| 152|0x00000003fdc00000, 0x00000003fdc00000, 0x00000003fe000000|  0%| F|  |TS  0|AC  0|TAMS 0x00000003fdc00000, 0x00000003fdc00000|
| 153|0x00000003fe000000, 0x00000003fe000000, 0x00000003fe400000|  0%| F|  |TS  0|AC  0|TAMS 0x00000003fe000000, 0x00000003fe000000|
| 154|0x00000003fe400000, 0x00000003fe400000, 0x00000003fe800000|  0%| F|  |TS  0|AC  0|TAMS 0x00000003fe400000, 0x00000003fe400000|
| 155|0x00000003fe800000, 0x00000003fe800000, 0x00000003fec00000|  0%| F|  |TS  0|AC  0|TAMS 0x00000003fe800000, 0x00000003fe800000|
| 156|0x00000003fec00000, 0x00000003fec00000, 0x00000003ff000000|  0%| F|  |TS  0|AC  0|TAMS 0x00000003fec00000, 0x00000003fec00000|
| 157|0x00000003ff000000, 0x00000003ff000000, 0x00000003ff400000|  0%| F|  |TS  0|AC  0|TAMS 0x00000003ff000000, 0x00000003ff000000|
| 158|0x00000003ff400000, 0x00000003ff400000, 0x00000003ff800000|  0%| F|  |TS  0|AC  0|TAMS 0x00000003ff400000, 0x00000003ff400000|
| 159|0x00000003ff800000, 0x00000003ff800000, 0x00000003ffc00000|  0%| F|  |TS  0|AC  0|TAMS 0x00000003ff800000, 0x00000003ff800000|
| 160|0x00000003ffc00000, 0x00000003ffc00000, 0x0000000400000000|  0%| F|  |TS  0|AC  0|TAMS 0x00000003ffc00000, 0x00000003ffc00000|
| 161|0x0000000400000000, 0x0000000400000000, 0x0000000400400000|  0%| F|  |TS  0|AC  0|TAMS 0x0000000400000000, 0x0000000400000000|
| 162|0x0000000400400000, 0x0000000400400000, 0x0000000400800000|  0%| F|  |TS  0|AC  0|TAMS 0x0000000400400000, 0x0000000400400000|
| 163|0x0000000400800000, 0x0000000400800000, 0x0000000400c00000|  0%| F|  |TS  0|AC  0|TAMS 0x0000000400800000, 0x0000000400800000|
| 164|0x0000000400c00000, 0x0000000400c00000, 0x0000000401000000|  0%| F|  |TS  0|AC  0|TAMS 0x0000000400c00000, 0x0000000400c00000|
| 165|0x0000000401000000, 0x0000000401000000, 0x0000000401400000|  0%| F|  |TS  0|AC  0|TAMS 0x0000000401000000, 0x0000000401000000|
| 166|0x0000000401400000, 0x0000000401400000, 0x0000000401800000|  0%| F|  |TS  0|AC  0|TAMS 0x0000000401400000, 0x0000000401400000|
| 167|0x0000000401800000, 0x0000000401800000, 0x0000000401c00000|  0%| F|  |TS  0|AC  0|TAMS 0x0000000401800000, 0x0000000401800000|
| 168|0x0000000401c00000, 0x0000000401c00000, 0x0000000402000000|  0%| F|  |TS  0|AC  0|TAMS 0x0000000401c00000, 0x0000000401c00000|
| 169|0x0000000402000000, 0x0000000402000000, 0x0000000402400000|  0%| F|  |TS  0|AC  0|TAMS 0x0000000402000000, 0x0000000402000000|
| 170|0x0000000402400000, 0x0000000402400000, 0x0000000402800000|  0%| F|  |TS  0|AC  0|TAMS 0x0000000402400000, 0x0000000402400000|
| 171|0x0000000402800000, 0x0000000402800000, 0x0000000402c00000|  0%| F|  |TS  0|AC  0|TAMS 0x0000000402800000, 0x0000000402800000|
| 172|0x0000000402c00000, 0x0000000402c00000, 0x0000000403000000|  0%| F|  |TS  0|AC  0|TAMS 0x0000000402c00000, 0x0000000402c00000|
| 173|0x0000000403000000, 0x0000000403000000, 0x0000000403400000|  0%| F|  |TS  0|AC  0|TAMS 0x0000000403000000, 0x0000000403000000|
| 174|0x0000000403400000, 0x0000000403400000, 0x0000000403800000|  0%| F|  |TS  0|AC  0|TAMS 0x0000000403400000, 0x0000000403400000|
| 175|0x0000000403800000, 0x0000000403800000, 0x0000000403c00000|  0%| F|  |TS  0|AC  0|TAMS 0x0000000403800000, 0x0000000403800000|
| 176|0x0000000403c00000, 0x0000000403c00000, 0x0000000404000000|  0%| F|  |TS  0|AC  0|TAMS 0x0000000403c00000, 0x0000000403c00000|
| 177|0x0000000404000000, 0x0000000404000000, 0x0000000404400000|  0%| F|  |TS  0|AC  0|TAMS 0x0000000404000000, 0x0000000404000000|
| 178|0x0000000404400000, 0x0000000404400000, 0x0000000404800000|  0%| F|  |TS  0|AC  0|TAMS 0x0000000404400000, 0x0000000404400000|
| 179|0x0000000404800000, 0x0000000404800000, 0x0000000404c00000|  0%| F|  |TS  0|AC  0|TAMS 0x0000000404800000, 0x0000000404800000|
| 180|0x0000000404c00000, 0x0000000404c00000, 0x0000000405000000|  0%| F|  |TS  0|AC  0|TAMS 0x0000000404c00000, 0x0000000404c00000|
| 181|0x0000000405000000, 0x0000000405000000, 0x0000000405400000|  0%| F|  |TS  0|AC  0|TAMS 0x0000000405000000, 0x0000000405000000|
| 182|0x0000000405400000, 0x0000000405400000, 0x0000000405800000|  0%| F|  |TS  0|AC  0|TAMS 0x0000000405400000, 0x0000000405400000|
| 183|0x0000000405800000, 0x0000000405800000, 0x0000000405c00000|  0%| F|  |TS  0|AC  0|TAMS 0x0000000405800000, 0x0000000405800000|
| 184|0x0000000405c00000, 0x0000000405c00000, 0x0000000406000000|  0%| F|  |TS  0|AC  0|TAMS 0x0000000405c00000, 0x0000000405c00000|
| 185|0x0000000406000000, 0x0000000406000000, 0x0000000406400000|  0%| F|  |TS  0|AC  0|TAMS 0x0000000406000000, 0x0000000406000000|
| 186|0x0000000406400000, 0x0000000406400000, 0x0000000406800000|  0%| F|  |TS  0|AC  0|TAMS 0x0000000406400000, 0x0000000406400000|
| 187|0x0000000406800000, 0x0000000406800000, 0x0000000406c00000|  0%| F|  |TS  0|AC  0|TAMS 0x0000000406800000, 0x0000000406800000|
| 188|0x0000000406c00000, 0x0000000406c00000, 0x0000000407000000|  0%| F|  |TS  0|AC  0|TAMS 0x0000000406c00000, 0x0000000406c00000|
| 189|0x0000000407000000, 0x0000000407000000, 0x0000000407400000|  0%| F|  |TS  0|AC  0|TAMS 0x0000000407000000, 0x0000000407000000|
| 190|0x0000000407400000, 0x0000000407400000, 0x0000000407800000|  0%| F|  |TS  0|AC  0|TAMS 0x0000000407400000, 0x0000000407400000|
| 191|0x0000000407800000, 0x0000000407800000, 0x0000000407c00000|  0%| F|  |TS  0|AC  0|TAMS 0x0000000407800000, 0x0000000407800000|
| 192|0x0000000407c00000, 0x0000000407c00000, 0x0000000408000000|  0%| F|  |TS  0|AC  0|TAMS 0x0000000407c00000, 0x0000000407c00000|
| 193|0x0000000408000000, 0x0000000408000000, 0x0000000408400000|  0%| F|  |TS  0|AC  0|TAMS 0x0000000408000000, 0x0000000408000000|
| 194|0x0000000408400000, 0x0000000408400000, 0x0000000408800000|  0%| F|  |TS  0|AC  0|TAMS 0x0000000408400000, 0x0000000408400000|
| 195|0x0000000408800000, 0x0000000408800000, 0x0000000408c00000|  0%| F|  |TS  0|AC  0|TAMS 0x0000000408800000, 0x0000000408800000|
| 196|0x0000000408c00000, 0x0000000408c00000, 0x0000000409000000|  0%| F|  |TS  0|AC  0|TAMS 0x0000000408c00000, 0x0000000408c00000|
| 197|0x0000000409000000, 0x0000000409000000, 0x0000000409400000|  0%| F|  |TS  0|AC  0|TAMS 0x0000000409000000, 0x0000000409000000|
| 198|0x0000000409400000, 0x0000000409400000, 0x0000000409800000|  0%| F|  |TS  0|AC  0|TAMS 0x0000000409400000, 0x0000000409400000|
| 199|0x0000000409800000, 0x0000000409800000, 0x0000000409c00000|  0%| F|  |TS  0|AC  0|TAMS 0x0000000409800000, 0x0000000409800000|
| 200|0x0000000409c00000, 0x0000000409c00000, 0x000000040a000000|  0%| F|  |TS  0|AC  0|TAMS 0x0000000409c00000, 0x0000000409c00000|
| 201|0x000000040a000000, 0x000000040a000000, 0x000000040a400000|  0%| F|  |TS  0|AC  0|TAMS 0x000000040a000000, 0x000000040a000000|
| 202|0x000000040a400000, 0x000000040a400000, 0x000000040a800000|  0%| F|  |TS  0|AC  0|TAMS 0x000000040a400000, 0x000000040a400000|
| 203|0x000000040a800000, 0x000000040a800000, 0x000000040ac00000|  0%| F|  |TS  0|AC  0|TAMS 0x000000040a800000, 0x000000040a800000|
| 204|0x000000040ac00000, 0x000000040ac00000, 0x000000040b000000|  0%| F|  |TS  0|AC  0|TAMS 0x000000040ac00000, 0x000000040ac00000|
| 205|0x000000040b000000, 0x000000040b000000, 0x000000040b400000|  0%| F|  |TS  0|AC  0|TAMS 0x000000040b000000, 0x000000040b000000|
| 206|0x000000040b400000, 0x000000040b400000, 0x000000040b800000|  0%| F|  |TS  0|AC  0|TAMS 0x000000040b400000, 0x000000040b400000|
| 207|0x000000040b800000, 0x000000040b800000, 0x000000040bc00000|  0%| F|  |TS  0|AC  0|TAMS 0x000000040b800000, 0x000000040b800000|
| 208|0x000000040bc00000, 0x000000040bc00000, 0x000000040c000000|  0%| F|  |TS  0|AC  0|TAMS 0x000000040bc00000, 0x000000040bc00000|
| 209|0x000000040c000000, 0x000000040c000000, 0x000000040c400000|  0%| F|  |TS  0|AC  0|TAMS 0x000000040c000000, 0x000000040c000000|
| 210|0x000000040c400000, 0x000000040c400000, 0x000000040c800000|  0%| F|  |TS  0|AC  0|TAMS 0x000000040c400000, 0x000000040c400000|
| 211|0x000000040c800000, 0x000000040c800000, 0x000000040cc00000|  0%| F|  |TS  0|AC  0|TAMS 0x000000040c800000, 0x000000040c800000|
| 212|0x000000040cc00000, 0x000000040cc00000, 0x000000040d000000|  0%| F|  |TS  0|AC  0|TAMS 0x000000040cc00000, 0x000000040cc00000|
| 213|0x000000040d000000, 0x000000040d000000, 0x000000040d400000|  0%| F|  |TS  0|AC  0|TAMS 0x000000040d000000, 0x000000040d000000|
| 214|0x000000040d400000, 0x000000040d400000, 0x000000040d800000|  0%| F|  |TS  0|AC  0|TAMS 0x000000040d400000, 0x000000040d400000|
| 215|0x000000040d800000, 0x000000040d800000, 0x000000040dc00000|  0%| F|  |TS  0|AC  0|TAMS 0x000000040d800000, 0x000000040d800000|
| 216|0x000000040dc00000, 0x000000040dc00000, 0x000000040e000000|  0%| F|  |TS  0|AC  0|TAMS 0x000000040dc00000, 0x000000040dc00000|
| 217|0x000000040e000000, 0x000000040e000000, 0x000000040e400000|  0%| F|  |TS  0|AC  0|TAMS 0x000000040e000000, 0x000000040e000000|
| 218|0x000000040e400000, 0x000000040e400000, 0x000000040e800000|  0%| F|  |TS  0|AC  0|TAMS 0x000000040e400000, 0x000000040e400000|
| 219|0x000000040e800000, 0x000000040e800000, 0x000000040ec00000|  0%| F|  |TS  0|AC  0|TAMS 0x000000040e800000, 0x000000040e800000|
| 220|0x000000040ec00000, 0x000000040ec00000, 0x000000040f000000|  0%| F|  |TS  0|AC  0|TAMS 0x000000040ec00000, 0x000000040ec00000|
| 221|0x000000040f000000, 0x000000040f000000, 0x000000040f400000|  0%| F|  |TS  0|AC  0|TAMS 0x000000040f000000, 0x000000040f000000|
| 222|0x000000040f400000, 0x000000040f400000, 0x000000040f800000|  0%| F|  |TS  0|AC  0|TAMS 0x000000040f400000, 0x000000040f400000|
| 223|0x000000040f800000, 0x000000040f800000, 0x000000040fc00000|  0%| F|  |TS  0|AC  0|TAMS 0x000000040f800000, 0x000000040f800000|
| 224|0x000000040fc00000, 0x000000040fc00000, 0x0000000410000000|  0%| F|  |TS  0|AC  0|TAMS 0x000000040fc00000, 0x000000040fc00000|
| 225|0x0000000410000000, 0x0000000410000000, 0x0000000410400000|  0%| F|  |TS  0|AC  0|TAMS 0x0000000410000000, 0x0000000410000000|
| 226|0x0000000410400000, 0x0000000410400000, 0x0000000410800000|  0%| F|  |TS  0|AC  0|TAMS 0x0000000410400000, 0x0000000410400000|
| 227|0x0000000410800000, 0x0000000410800000, 0x0000000410c00000|  0%| F|  |TS  0|AC  0|TAMS 0x0000000410800000, 0x0000000410800000|
| 228|0x0000000410c00000, 0x0000000410c00000, 0x0000000411000000|  0%| F|  |TS  0|AC  0|TAMS 0x0000000410c00000, 0x0000000410c00000|
| 229|0x0000000411000000, 0x0000000411000000, 0x0000000411400000|  0%| F|  |TS  0|AC  0|TAMS 0x0000000411000000, 0x0000000411000000|
| 230|0x0000000411400000, 0x0000000411400000, 0x0000000411800000|  0%| F|  |TS  0|AC  0|TAMS 0x0000000411400000, 0x0000000411400000|
| 231|0x0000000411800000, 0x0000000411800000, 0x0000000411c00000|  0%| F|  |TS  0|AC  0|TAMS 0x0000000411800000, 0x0000000411800000|
| 232|0x0000000411c00000, 0x0000000411c00000, 0x0000000412000000|  0%| F|  |TS  0|AC  0|TAMS 0x0000000411c00000, 0x0000000411c00000|
| 233|0x0000000412000000, 0x0000000412000000, 0x0000000412400000|  0%| F|  |TS  0|AC  0|TAMS 0x0000000412000000, 0x0000000412000000|
| 234|0x0000000412400000, 0x0000000412400000, 0x0000000412800000|  0%| F|  |TS  0|AC  0|TAMS 0x0000000412400000, 0x0000000412400000|
| 235|0x0000000412800000, 0x0000000412800000, 0x0000000412c00000|  0%| F|  |TS  0|AC  0|TAMS 0x0000000412800000, 0x0000000412800000|
| 236|0x0000000412c00000, 0x0000000412c00000, 0x0000000413000000|  0%| F|  |TS  0|AC  0|TAMS 0x0000000412c00000, 0x0000000412c00000|
| 237|0x0000000413000000, 0x0000000413000000, 0x0000000413400000|  0%| F|  |TS  0|AC  0|TAMS 0x0000000413000000, 0x0000000413000000|
| 238|0x0000000413400000, 0x0000000413400000, 0x0000000413800000|  0%| F|  |TS  0|AC  0|TAMS 0x0000000413400000, 0x0000000413400000|
| 239|0x0000000413800000, 0x0000000413800000, 0x0000000413c00000|  0%| F|  |TS  0|AC  0|TAMS 0x0000000413800000, 0x0000000413800000|
| 240|0x0000000413c00000, 0x0000000413c00000, 0x0000000414000000|  0%| F|  |TS  0|AC  0|TAMS 0x0000000413c00000, 0x0000000413c00000|
| 241|0x0000000414000000, 0x0000000414000000, 0x0000000414400000|  0%| F|  |TS  0|AC  0|TAMS 0x0000000414000000, 0x0000000414000000|
| 242|0x0000000414400000, 0x0000000414400000, 0x0000000414800000|  0%| F|  |TS  0|AC  0|TAMS 0x0000000414400000, 0x0000000414400000|
| 243|0x0000000414800000, 0x0000000414800000, 0x0000000414c00000|  0%| F|  |TS  0|AC  0|TAMS 0x0000000414800000, 0x0000000414800000|
| 244|0x0000000414c00000, 0x0000000414c00000, 0x0000000415000000|  0%| F|  |TS  0|AC  0|TAMS 0x0000000414c00000, 0x0000000414c00000|
| 245|0x0000000415000000, 0x0000000415000000, 0x0000000415400000|  0%| F|  |TS  0|AC  0|TAMS 0x0000000415000000, 0x0000000415000000|
| 246|0x0000000415400000, 0x0000000415400000, 0x0000000415800000|  0%| F|  |TS  0|AC  0|TAMS 0x0000000415400000, 0x0000000415400000|
| 247|0x0000000415800000, 0x0000000415800000, 0x0000000415c00000|  0%| F|  |TS  0|AC  0|TAMS 0x0000000415800000, 0x0000000415800000|
| 248|0x0000000415c00000, 0x0000000415fd7960, 0x0000000416000000| 96%| E|  |TS  0|AC  0|TAMS 0x0000000415c00000, 0x0000000415c00000|
| 249|0x0000000416000000, 0x0000000416400000, 0x0000000416400000|100%| E|CS|TS  0|AC  0|TAMS 0x0000000416000000, 0x0000000416000000|
| 250|0x0000000416400000, 0x0000000416800000, 0x0000000416800000|100%| E|CS|TS  0|AC  0|TAMS 0x0000000416400000, 0x0000000416400000|

Card table byte_map: [0x00007f67e817c000,0x00007f67ea0be000] byte_map_base: 0x00007f67e62be000

Marking Bits (Prev, Next): (CMBitMap*) 0x00007f68b009e820, (CMBitMap*) 0x00007f68b009e858
 Prev Bits: [0x00007f67d682a000, 0x00007f67e623a000)
 Next Bits: [0x00007f67c6e1a000, 0x00007f67d682a000)

Polling page: 0x00007f68b6b2d000

CodeHeap 'non-profiled nmethods': size=119172Kb used=150Kb max_used=150Kb free=119021Kb
 bounds [0x00007f689d6e2000, 0x00007f689d952000, 0x00007f68a4b43000]
CodeHeap 'profiled nmethods': size=119172Kb used=335Kb max_used=335Kb free=118836Kb
 bounds [0x00007f6896281000, 0x00007f68964f1000, 0x00007f689d6e2000]
CodeHeap 'non-nmethods': size=7416Kb used=2826Kb max_used=2853Kb free=4589Kb
 bounds [0x00007f6895b43000, 0x00007f6895e13000, 0x00007f6896281000]
 total_blobs=637 nmethods=254 adapters=168
 compilation: enabled

Compilation events (10 events):
Event: 0.267 Thread 0x00007f68b02b1000 nmethod 243 0x00007f689d6f8790 code [0x00007f689d6f89a0, 0x00007f689d6f94c8]
Event: 0.267 Thread 0x00007f68b02b1000  244       4       sun.nio.cs.StreamEncoder::implWrite (137 bytes)
Event: 0.268 Thread 0x00007f68b02ad000 nmethod 239 0x00007f689d6f9d90 code [0x00007f689d6f9f20, 0x00007f689d6f9ff8]
Event: 0.270 Thread 0x00007f68b02b1000 nmethod 244 0x00007f689d6fa110 code [0x00007f689d6fa2e0, 0x00007f689d6fa588]
Event: 0.276 Thread 0x00007f68b02af000 nmethod 246 0x00007f689d6fa990 code [0x00007f689d6fac00, 0x00007f689d6fbd28]
Event: 0.280 Thread 0x00007f68b02b4800 nmethod 245 0x00007f689d6fc610 code [0x00007f689d6fc880, 0x00007f689d6fdce8]
Event: 0.283 Thread 0x00007f68b02b6800 nmethod 254 0x00007f689d6fe710 code [0x00007f689d6fe9c0, 0x00007f689d700188]
Event: 0.309 Thread 0x00007f68b02b3000 nmethod 253 0x00007f689d700e90 code [0x00007f689d701100, 0x00007f689d702678]
Event: 0.317 Thread 0x00007f68b02ba000 nmethod 252 0x00007f689d703290 code [0x00007f689d703620, 0x00007f689d7060e0]
Event: 0.556 Thread 0x00007f68b02bd800  255 %     3       org.eclipse.core.runtime.adaptor.EclipseStarter::main @ 4632 (7652 bytes)

GC Heap History (0 events):
No events

Deoptimization events (0 events):
No events

Classes redefined (0 events):
No events

Internal exceptions (0 events):
No events

Events (10 events):
Event: 0.201 Thread 0x00007f68b0011800 DEOPT PACKING pc=0x00007f689628c974 sp=0x00007f68b51d7d60
Event: 0.201 Thread 0x00007f68b0011800 DEOPT UNPACKING pc=0x00007f6895b90aab sp=0x00007f68b51d7208 mode 0
Event: 0.201 Thread 0x00007f68b0011800 DEOPT PACKING pc=0x00007f689628c974 sp=0x00007f68b51d7d60
Event: 0.201 Thread 0x00007f68b0011800 DEOPT UNPACKING pc=0x00007f6895b90aab sp=0x00007f68b51d7208 mode 0
Event: 0.202 Thread 0x00007f68b0011800 DEOPT PACKING pc=0x00007f689628c974 sp=0x00007f68b51d7d60
Event: 0.202 Thread 0x00007f68b0011800 DEOPT UNPACKING pc=0x00007f6895b90aab sp=0x00007f68b51d7208 mode 0
Event: 0.209 Thread 0x00007f68b0011800 DEOPT PACKING pc=0x00007f68962af4a8 sp=0x00007f68b51d7c20
Event: 0.209 Thread 0x00007f68b0011800 DEOPT UNPACKING pc=0x00007f6895b90aab sp=0x00007f68b51d70b8 mode 0
Event: 0.222 Thread 0x00007f68b0011800 DEOPT PACKING pc=0x00007f68962b77a4 sp=0x00007f68b51d7950
Event: 0.222 Thread 0x00007f68b0011800 DEOPT UNPACKING pc=0x00007f6895b90aab sp=0x00007f68b51d6f38 mode 0


Dynamic libraries:
00400000-00401000 r-xp 00000000 00:65 77077150                           /root/oracle/jdk-9.0.4/bin/java
00600000-00601000 rw-p 00000000 00:65 77077150                           /root/oracle/jdk-9.0.4/bin/java
00759000-0077a000 rw-p 00000000 00:00 0                                  [heap]
3d7c00000-416800000 rw-p 00000000 00:00 0 
416800000-7c0000000 ---p 00000000 00:00 0 
7c0000000-7c0080000 rw-p 00000000 00:00 0 
7c0080000-800000000 ---p 00000000 00:00 0 
7f6754000000-7f6754021000 rw-p 00000000 00:00 0 
7f6754021000-7f6758000000 ---p 00000000 00:00 0 
7f675c000000-7f675c021000 rw-p 00000000 00:00 0 
7f675c021000-7f6760000000 ---p 00000000 00:00 0 
7f6760000000-7f6760021000 rw-p 00000000 00:00 0 
7f6760021000-7f6764000000 ---p 00000000 00:00 0 
7f6764000000-7f676407d000 rw-p 00000000 00:00 0 
7f676407d000-7f6768000000 ---p 00000000 00:00 0 
7f6768000000-7f6768021000 rw-p 00000000 00:00 0 
7f6768021000-7f676c000000 ---p 00000000 00:00 0 
7f676c000000-7f676c0a3000 rw-p 00000000 00:00 0 
7f676c0a3000-7f6770000000 ---p 00000000 00:00 0 
7f6770000000-7f6770043000 rw-p 00000000 00:00 0 
7f6770043000-7f6774000000 ---p 00000000 00:00 0 
7f6774000000-7f67742ae000 rw-p 00000000 00:00 0 
7f67742ae000-7f6778000000 ---p 00000000 00:00 0 
7f6778000000-7f6778086000 rw-p 00000000 00:00 0 
7f6778086000-7f677c000000 ---p 00000000 00:00 0 
7f677c000000-7f677c20f000 rw-p 00000000 00:00 0 
7f677c20f000-7f6780000000 ---p 00000000 00:00 0 
7f6780000000-7f67800a1000 rw-p 00000000 00:00 0 
7f67800a1000-7f6784000000 ---p 00000000 00:00 0 
7f6784000000-7f67841aa000 rw-p 00000000 00:00 0 
7f67841aa000-7f6788000000 ---p 00000000 00:00 0 
7f6788000000-7f67881a6000 rw-p 00000000 00:00 0 
7f67881a6000-7f678c000000 ---p 00000000 00:00 0 
7f678c000000-7f678c191000 rw-p 00000000 00:00 0 
7f678c191000-7f6790000000 ---p 00000000 00:00 0 
7f6790000000-7f6790177000 rw-p 00000000 00:00 0 
7f6790177000-7f6794000000 ---p 00000000 00:00 0 
7f6794000000-7f6794021000 rw-p 00000000 00:00 0 
7f6794021000-7f6798000000 ---p 00000000 00:00 0 
7f6798000000-7f67980c9000 rw-p 00000000 00:00 0 
7f67980c9000-7f679c000000 ---p 00000000 00:00 0 
7f679c000000-7f679c021000 rw-p 00000000 00:00 0 
7f679c021000-7f67a0000000 ---p 00000000 00:00 0 
7f67a0000000-7f67a0021000 rw-p 00000000 00:00 0 
7f67a0021000-7f67a4000000 ---p 00000000 00:00 0 
7f67a4000000-7f67a4021000 rw-p 00000000 00:00 0 
7f67a4021000-7f67a8000000 ---p 00000000 00:00 0 
7f67a8000000-7f67a8021000 rw-p 00000000 00:00 0 
7f67a8021000-7f67ac000000 ---p 00000000 00:00 0 
7f67acc83000-7f67acfb1000 rw-p 00000000 00:00 0 
7f67acfb1000-7f67acfb2000 ---p 00000000 00:00 0 
7f67acfb2000-7f67ad0b3000 rw-p 00000000 00:00 0 
7f67ad0b3000-7f67ad0b7000 ---p 00000000 00:00 0 
7f67ad0b7000-7f67ad1b4000 rw-p 00000000 00:00 0 
7f67ad1b4000-7f67ad1b8000 ---p 00000000 00:00 0 
7f67ad1b8000-7f67ad2e6000 rw-p 00000000 00:00 0 
7f67ad2e6000-7f67ad2fc000 r-xp 00000000 00:65 77077477                   /root/oracle/jdk-9.0.4/lib/libnet.so
7f67ad2fc000-7f67ad4fc000 ---p 00016000 00:65 77077477                   /root/oracle/jdk-9.0.4/lib/libnet.so
7f67ad4fc000-7f67ad4fd000 rw-p 00016000 00:65 77077477                   /root/oracle/jdk-9.0.4/lib/libnet.so
7f67ad4fd000-7f67ad50d000 r-xp 00000000 00:65 77077594                   /root/oracle/jdk-9.0.4/lib/libnio.so
7f67ad50d000-7f67ad70d000 ---p 00010000 00:65 77077594                   /root/oracle/jdk-9.0.4/lib/libnio.so
7f67ad70d000-7f67ad70e000 rw-p 00010000 00:65 77077594                   /root/oracle/jdk-9.0.4/lib/libnio.so
7f67ad70e000-7f67ad712000 ---p 00000000 00:00 0 
7f67ad712000-7f67ad80f000 rw-p 00000000 00:00 0 
7f67ad80f000-7f67ad813000 ---p 00000000 00:00 0 
7f67ad813000-7f67ad910000 rw-p 00000000 00:00 0 
7f67ad910000-7f67ad914000 ---p 00000000 00:00 0 
7f67ad914000-7f67ada11000 rw-p 00000000 00:00 0 
7f67ada11000-7f67ada15000 ---p 00000000 00:00 0 
7f67ada15000-7f67adb12000 rw-p 00000000 00:00 0 
7f67adb12000-7f67adb16000 ---p 00000000 00:00 0 
7f67adb16000-7f67adc13000 rw-p 00000000 00:00 0 
7f67adc13000-7f67adc17000 ---p 00000000 00:00 0 
7f67adc17000-7f67add14000 rw-p 00000000 00:00 0 
7f67add14000-7f67add18000 ---p 00000000 00:00 0 
7f67add18000-7f67ade15000 rw-p 00000000 00:00 0 
7f67ade15000-7f67ade19000 ---p 00000000 00:00 0 
7f67ade19000-7f67adf16000 rw-p 00000000 00:00 0 
7f67adf16000-7f67adf1a000 ---p 00000000 00:00 0 
7f67adf1a000-7f67ae017000 rw-p 00000000 00:00 0 
7f67ae017000-7f67ae01b000 ---p 00000000 00:00 0 
7f67ae01b000-7f67ae118000 rw-p 00000000 00:00 0 
7f67ae118000-7f67ae11c000 ---p 00000000 00:00 0 
7f67ae11c000-7f67ae219000 rw-p 00000000 00:00 0 
7f67ae219000-7f67ae21d000 ---p 00000000 00:00 0 
7f67ae21d000-7f67ae31a000 rw-p 00000000 00:00 0 
7f67ae31a000-7f67ae31e000 ---p 00000000 00:00 0 
7f67ae31e000-7f67ae41b000 rw-p 00000000 00:00 0 
7f67ae41b000-7f67ae41f000 ---p 00000000 00:00 0 
7f67ae41f000-7f67ae51c000 rw-p 00000000 00:00 0 
7f67ae51c000-7f67ae520000 ---p 00000000 00:00 0 
7f67ae520000-7f67ae61d000 rw-p 00000000 00:00 0 
7f67ae61d000-7f67ae621000 ---p 00000000 00:00 0 
7f67ae621000-7f67ae71e000 rw-p 00000000 00:00 0 
7f67ae71e000-7f67ae71f000 ---p 00000000 00:00 0 
7f67ae71f000-7f67aed31000 rw-p 00000000 00:00 0 
7f67aed31000-7f67af0f1000 ---p 00000000 00:00 0 
7f67af0f1000-7f67b0000000 rw-p 00000000 00:00 0 
7f67b0000000-7f67b0021000 rw-p 00000000 00:00 0 
7f67b0021000-7f67b4000000 ---p 00000000 00:00 0 
7f67b4000000-7f67b4021000 rw-p 00000000 00:00 0 
7f67b4021000-7f67b8000000 ---p 00000000 00:00 0 
7f67b8000000-7f67b8021000 rw-p 00000000 00:00 0 
7f67b8021000-7f67bc000000 ---p 00000000 00:00 0 
7f67bc000000-7f67bc021000 rw-p 00000000 00:00 0 
7f67bc021000-7f67c0000000 ---p 00000000 00:00 0 
7f67c0000000-7f67c0021000 rw-p 00000000 00:00 0 
7f67c0021000-7f67c4000000 ---p 00000000 00:00 0 
7f67c4022000-7f67c4527000 rw-p 00000000 00:00 0 
7f67c4527000-7f67c6527000 rwxp 00000000 00:00 0 
7f67c6527000-7f67c6528000 ---p 00000000 00:00 0 
7f67c6528000-7f67c6629000 rw-p 00000000 00:00 0 
7f67c6629000-7f67c662a000 ---p 00000000 00:00 0 
7f67c662a000-7f67c672b000 rw-p 00000000 00:00 0 
7f67c672b000-7f67c672c000 ---p 00000000 00:00 0 
7f67c672c000-7f67c682d000 rw-p 00000000 00:00 0 
7f67c682d000-7f67c682e000 ---p 00000000 00:00 0 
7f67c682e000-7f67c692f000 rw-p 00000000 00:00 0 
7f67c692f000-7f67c6930000 ---p 00000000 00:00 0 
7f67c6930000-7f67c7dca000 rw-p 00000000 00:00 0 
7f67c7dca000-7f67d682a000 ---p 00000000 00:00 0 
7f67d682a000-7f67d77da000 rw-p 00000000 00:00 0 
7f67d77da000-7f67e623a000 ---p 00000000 00:00 0 
7f67e623a000-7f67e6430000 rw-p 00000000 00:00 0 
7f67e6430000-7f67e817c000 ---p 00000000 00:00 0 
7f67e817c000-7f67e8372000 rw-p 00000000 00:00 0 
7f67e8372000-7f67ec000000 ---p 00000000 00:00 0 
7f67ec000000-7f67ec021000 rw-p 00000000 00:00 0 
7f67ec021000-7f67f0000000 ---p 00000000 00:00 0 
7f67f0000000-7f67f0021000 rw-p 00000000 00:00 0 
7f67f0021000-7f67f4000000 ---p 00000000 00:00 0 
7f67f4000000-7f67f4021000 rw-p 00000000 00:00 0 
7f67f4021000-7f67f8000000 ---p 00000000 00:00 0 
7f67f8000000-7f67f8021000 rw-p 00000000 00:00 0 
7f67f8021000-7f67fc000000 ---p 00000000 00:00 0 
7f67fc000000-7f67fc021000 rw-p 00000000 00:00 0 
7f67fc021000-7f6800000000 ---p 00000000 00:00 0 
7f6800000000-7f6800021000 rw-p 00000000 00:00 0 
7f6800021000-7f6804000000 ---p 00000000 00:00 0 
7f6804000000-7f6804021000 rw-p 00000000 00:00 0 
7f6804021000-7f6808000000 ---p 00000000 00:00 0 
7f6808000000-7f6808021000 rw-p 00000000 00:00 0 
7f6808021000-7f680c000000 ---p 00000000 00:00 0 
7f680c000000-7f680c021000 rw-p 00000000 00:00 0 
7f680c021000-7f6810000000 ---p 00000000 00:00 0 
7f6810000000-7f6810021000 rw-p 00000000 00:00 0 
7f6810021000-7f6814000000 ---p 00000000 00:00 0 
7f6814000000-7f6814021000 rw-p 00000000 00:00 0 
7f6814021000-7f6818000000 ---p 00000000 00:00 0 
7f6818000000-7f6818021000 rw-p 00000000 00:00 0 
7f6818021000-7f681c000000 ---p 00000000 00:00 0 
7f681c000000-7f681c021000 rw-p 00000000 00:00 0 
7f681c021000-7f6820000000 ---p 00000000 00:00 0 
7f6820000000-7f6820021000 rw-p 00000000 00:00 0 
7f6820021000-7f6824000000 ---p 00000000 00:00 0 
7f6824000000-7f6824021000 rw-p 00000000 00:00 0 
7f6824021000-7f6828000000 ---p 00000000 00:00 0 
7f6828000000-7f6828021000 rw-p 00000000 00:00 0 
7f6828021000-7f682c000000 ---p 00000000 00:00 0 
7f682c000000-7f682c021000 rw-p 00000000 00:00 0 
7f682c021000-7f6830000000 ---p 00000000 00:00 0 
7f6830000000-7f6830021000 rw-p 00000000 00:00 0 
7f6830021000-7f6834000000 ---p 00000000 00:00 0 
7f6834000000-7f6834021000 rw-p 00000000 00:00 0 
7f6834021000-7f6838000000 ---p 00000000 00:00 0 
7f6838000000-7f6838021000 rw-p 00000000 00:00 0 
7f6838021000-7f683c000000 ---p 00000000 00:00 0 
7f683c000000-7f683c021000 rw-p 00000000 00:00 0 
7f683c021000-7f6840000000 ---p 00000000 00:00 0 
7f6840000000-7f6840021000 rw-p 00000000 00:00 0 
7f6840021000-7f6844000000 ---p 00000000 00:00 0 
7f6844009000-7f684400a000 ---p 00000000 00:00 0 
7f684400a000-7f6844403000 rw-p 00000000 00:00 0 
7f6844403000-7f684614f000 ---p 00000000 00:00 0 
7f684614f000-7f68461cd000 rw-p 00000000 00:00 0 
7f68461cd000-7f68461ce000 ---p 00000000 00:00 0 
7f68461ce000-7f68462cf000 rw-p 00000000 00:00 0 
7f68462cf000-7f68462d0000 ---p 00000000 00:00 0 
7f68462d0000-7f68463d1000 rw-p 00000000 00:00 0 
7f68463d1000-7f68463d2000 ---p 00000000 00:00 0 
7f68463d2000-7f68464d3000 rw-p 00000000 00:00 0 
7f68464d3000-7f68464d4000 ---p 00000000 00:00 0 
7f68464d4000-7f68465d5000 rw-p 00000000 00:00 0 
7f68465d5000-7f68465d6000 ---p 00000000 00:00 0 
7f68465d6000-7f68466d7000 rw-p 00000000 00:00 0 
7f68466d7000-7f68466d8000 ---p 00000000 00:00 0 
7f68466d8000-7f68467d9000 rw-p 00000000 00:00 0 
7f68467d9000-7f68467da000 ---p 00000000 00:00 0 
7f68467da000-7f68468db000 rw-p 00000000 00:00 0 
7f68468db000-7f68468dc000 ---p 00000000 00:00 0 
7f68468dc000-7f68469dd000 rw-p 00000000 00:00 0 
7f68469dd000-7f68469de000 ---p 00000000 00:00 0 
7f68469de000-7f6846adf000 rw-p 00000000 00:00 0 
7f6846adf000-7f6846ae0000 ---p 00000000 00:00 0 
7f6846ae0000-7f6846be1000 rw-p 00000000 00:00 0 
7f6846be1000-7f6846be2000 ---p 00000000 00:00 0 
7f6846be2000-7f6846ce3000 rw-p 00000000 00:00 0 
7f6846ce3000-7f6846ce4000 ---p 00000000 00:00 0 
7f6846ce4000-7f6846de5000 rw-p 00000000 00:00 0 
7f6846de5000-7f6846de6000 ---p 00000000 00:00 0 
7f6846de6000-7f6846ee7000 rw-p 00000000 00:00 0 
7f6846ee7000-7f6846ee8000 ---p 00000000 00:00 0 
7f6846ee8000-7f6846fe9000 rw-p 00000000 00:00 0 
7f6846fe9000-7f6846fea000 ---p 00000000 00:00 0 
7f6846fea000-7f68470eb000 rw-p 00000000 00:00 0 
7f68470eb000-7f68470ec000 ---p 00000000 00:00 0 
7f68470ec000-7f68471ed000 rw-p 00000000 00:00 0 
7f68471ed000-7f68471ee000 ---p 00000000 00:00 0 
7f68471ee000-7f68472ef000 rw-p 00000000 00:00 0 
7f68472ef000-7f68472f0000 ---p 00000000 00:00 0 
7f68472f0000-7f68473f1000 rw-p 00000000 00:00 0 
7f68473f1000-7f68473f2000 ---p 00000000 00:00 0 
7f68473f2000-7f68474f3000 rw-p 00000000 00:00 0 
7f68474f3000-7f68474f4000 ---p 00000000 00:00 0 
7f68474f4000-7f68475f5000 rw-p 00000000 00:00 0 
7f68475f5000-7f68475f6000 ---p 00000000 00:00 0 
7f68475f6000-7f6848000000 rw-p 00000000 00:00 0 
7f6848000000-7f6848021000 rw-p 00000000 00:00 0 
7f6848021000-7f684c000000 ---p 00000000 00:00 0 
7f684c000000-7f684c021000 rw-p 00000000 00:00 0 
7f684c021000-7f6850000000 ---p 00000000 00:00 0 
7f6850000000-7f6850021000 rw-p 00000000 00:00 0 
7f6850021000-7f6854000000 ---p 00000000 00:00 0 
7f6854000000-7f6854021000 rw-p 00000000 00:00 0 
7f6854021000-7f6858000000 ---p 00000000 00:00 0 
7f6858000000-7f6858021000 rw-p 00000000 00:00 0 
7f6858021000-7f685c000000 ---p 00000000 00:00 0 
7f685c000000-7f685c021000 rw-p 00000000 00:00 0 
7f685c021000-7f6860000000 ---p 00000000 00:00 0 
7f6860000000-7f6860021000 rw-p 00000000 00:00 0 
7f6860021000-7f6864000000 ---p 00000000 00:00 0 
7f6864000000-7f6864021000 rw-p 00000000 00:00 0 
7f6864021000-7f6868000000 ---p 00000000 00:00 0 
7f6868000000-7f6868021000 rw-p 00000000 00:00 0 
7f6868021000-7f686c000000 ---p 00000000 00:00 0 
7f686c000000-7f686c021000 rw-p 00000000 00:00 0 
7f686c021000-7f6870000000 ---p 00000000 00:00 0 
7f6870000000-7f6870021000 rw-p 00000000 00:00 0 
7f6870021000-7f6874000000 ---p 00000000 00:00 0 
7f6874000000-7f6874021000 rw-p 00000000 00:00 0 
7f6874021000-7f6878000000 ---p 00000000 00:00 0 
7f6878000000-7f6878021000 rw-p 00000000 00:00 0 
7f6878021000-7f687c000000 ---p 00000000 00:00 0 
7f687c000000-7f687c021000 rw-p 00000000 00:00 0 
7f687c021000-7f6880000000 ---p 00000000 00:00 0 
7f6880000000-7f6880021000 rw-p 00000000 00:00 0 
7f6880021000-7f6884000000 ---p 00000000 00:00 0 
7f6884000000-7f6884021000 rw-p 00000000 00:00 0 
7f6884021000-7f6888000000 ---p 00000000 00:00 0 
7f6888000000-7f6888021000 rw-p 00000000 00:00 0 
7f6888021000-7f688c000000 ---p 00000000 00:00 0 
7f688c000000-7f688c021000 rw-p 00000000 00:00 0 
7f688c021000-7f6890000000 ---p 00000000 00:00 0 
7f6890000000-7f6890021000 rw-p 00000000 00:00 0 
7f6890021000-7f6894000000 ---p 00000000 00:00 0 
7f6894018000-7f6894b23000 rw-p 00000000 00:00 0 
7f6894b23000-7f6894b24000 ---p 00000000 00:00 0 
7f6894b24000-7f6894c25000 rw-p 00000000 00:00 0 
7f6894c25000-7f6894c26000 ---p 00000000 00:00 0 
7f6894c26000-7f6894d27000 rw-p 00000000 00:00 0 
7f6894d27000-7f6894d28000 ---p 00000000 00:00 0 
7f6894d28000-7f6894e29000 rw-p 00000000 00:00 0 
7f6894e29000-7f6894e2a000 ---p 00000000 00:00 0 
7f6894e2a000-7f6894f2b000 rw-p 00000000 00:00 0 
7f6894f2b000-7f6894f2c000 ---p 00000000 00:00 0 
7f6894f2c000-7f689502d000 rw-p 00000000 00:00 0 
7f689502d000-7f689502e000 ---p 00000000 00:00 0 
7f689502e000-7f689512f000 rw-p 00000000 00:00 0 
7f689512f000-7f6895130000 ---p 00000000 00:00 0 
7f6895130000-7f6895231000 rw-p 00000000 00:00 0 
7f6895231000-7f6895232000 ---p 00000000 00:00 0 
7f6895232000-7f6895333000 rw-p 00000000 00:00 0 
7f6895333000-7f6895334000 ---p 00000000 00:00 0 
7f6895334000-7f6895435000 rw-p 00000000 00:00 0 
7f6895435000-7f6895436000 ---p 00000000 00:00 0 
7f6895436000-7f6895537000 rw-p 00000000 00:00 0 
7f6895537000-7f6895538000 ---p 00000000 00:00 0 
7f6895538000-7f6895639000 rw-p 00000000 00:00 0 
7f6895639000-7f689563a000 ---p 00000000 00:00 0 
7f689563a000-7f689573b000 rw-p 00000000 00:00 0 
7f689573b000-7f689573c000 ---p 00000000 00:00 0 
7f689573c000-7f689583d000 rw-p 00000000 00:00 0 
7f689583d000-7f689583e000 ---p 00000000 00:00 0 
7f689583e000-7f689593f000 rw-p 00000000 00:00 0 
7f689593f000-7f6895940000 ---p 00000000 00:00 0 
7f6895940000-7f6895a41000 rw-p 00000000 00:00 0 
7f6895a41000-7f6895a42000 ---p 00000000 00:00 0 
7f6895a42000-7f6895b43000 rw-p 00000000 00:00 0 
7f6895b43000-7f6895e13000 rwxp 00000000 00:00 0 
7f6895e13000-7f6896281000 ---p 00000000 00:00 0 
7f6896281000-7f68964f1000 rwxp 00000000 00:00 0 
7f68964f1000-7f689d6e2000 ---p 00000000 00:00 0 
7f689d6e2000-7f689d952000 rwxp 00000000 00:00 0 
7f689d952000-7f68a4b43000 ---p 00000000 00:00 0 
7f68a4b43000-7f68b0000000 r--s 00000000 00:65 77077560                   /root/oracle/jdk-9.0.4/lib/modules
7f68b0000000-7f68b040f000 rw-p 00000000 00:00 0 
7f68b040f000-7f68b4000000 ---p 00000000 00:00 0 
7f68b4005000-7f68b402d000 rw-p 00000000 00:00 0 
7f68b402d000-7f68b402e000 ---p 00000000 00:00 0 
7f68b402e000-7f68b412f000 rw-p 00000000 00:00 0 
7f68b412f000-7f68b4130000 ---p 00000000 00:00 0 
7f68b4130000-7f68b4231000 rw-p 00000000 00:00 0 
7f68b4231000-7f68b4232000 ---p 00000000 00:00 0 
7f68b4232000-7f68b4333000 rw-p 00000000 00:00 0 
7f68b4333000-7f68b4334000 ---p 00000000 00:00 0 
7f68b4334000-7f68b443a000 rw-p 00000000 00:00 0 
7f68b443a000-7f68b451e000 ---p 00000000 00:00 0 
7f68b451e000-7f68b4523000 rw-p 00000000 00:00 0 
7f68b4523000-7f68b4607000 ---p 00000000 00:00 0 
7f68b4607000-7f68b460d000 rw-p 00000000 00:00 0 
7f68b460d000-7f68b4616000 ---p 00000000 00:00 0 
7f68b4616000-7f68b4666000 rw-p 00000000 00:00 0 
7f68b4666000-7f68b4843000 r--s 03e31000 00:65 101727669                  /usr/local/java/jdk1.8.0_301/jre/lib/rt.jar
7f68b4843000-7f68b485d000 r-xp 00000000 00:65 77077435                   /root/oracle/jdk-9.0.4/lib/libjimage.so
7f68b485d000-7f68b4a5c000 ---p 0001a000 00:65 77077435                   /root/oracle/jdk-9.0.4/lib/libjimage.so
7f68b4a5c000-7f68b4a5e000 rw-p 00019000 00:65 77077435                   /root/oracle/jdk-9.0.4/lib/libjimage.so
7f68b4a5e000-7f68b4a70000 rw-p 00000000 00:00 0 
7f68b4a70000-7f68b4a77000 r-xp 00000000 00:65 77083131                   /root/oracle/jdk-9.0.4/lib/libzip.so
7f68b4a77000-7f68b4c76000 ---p 00007000 00:65 77083131                   /root/oracle/jdk-9.0.4/lib/libzip.so
7f68b4c76000-7f68b4c77000 rw-p 00006000 00:65 77083131                   /root/oracle/jdk-9.0.4/lib/libzip.so
7f68b4c77000-7f68b4c7a000 r--p 00000000 00:65 165034530                  /usr/lib/x86_64-linux-gnu/libnss_files-2.31.so
7f68b4c7a000-7f68b4c81000 r-xp 00003000 00:65 165034530                  /usr/lib/x86_64-linux-gnu/libnss_files-2.31.so
7f68b4c81000-7f68b4c83000 r--p 0000a000 00:65 165034530                  /usr/lib/x86_64-linux-gnu/libnss_files-2.31.so
7f68b4c83000-7f68b4c84000 r--p 0000b000 00:65 165034530                  /usr/lib/x86_64-linux-gnu/libnss_files-2.31.so
7f68b4c84000-7f68b4c85000 rw-p 0000c000 00:65 165034530                  /usr/lib/x86_64-linux-gnu/libnss_files-2.31.so
7f68b4c85000-7f68b4c8b000 rw-p 00000000 00:00 0 
7f68b4c93000-7f68b4c94000 rw-p 00000000 00:00 0 
7f68b4c94000-7f68b4cbf000 r-xp 00000000 00:65 77077470                   /root/oracle/jdk-9.0.4/lib/libjava.so
7f68b4cbf000-7f68b4ebe000 ---p 0002b000 00:65 77077470                   /root/oracle/jdk-9.0.4/lib/libjava.so
7f68b4ebe000-7f68b4ec0000 rw-p 0002a000 00:65 77077470                   /root/oracle/jdk-9.0.4/lib/libjava.so
7f68b4ec0000-7f68b4ecd000 r-xp 00000000 00:65 77077494                   /root/oracle/jdk-9.0.4/lib/libverify.so
7f68b4ecd000-7f68b50cc000 ---p 0000d000 00:65 77077494                   /root/oracle/jdk-9.0.4/lib/libverify.so
7f68b50cc000-7f68b50ce000 rw-p 0000c000 00:65 77077494                   /root/oracle/jdk-9.0.4/lib/libverify.so
7f68b50ce000-7f68b50d1000 r--p 00000000 00:65 165034636                  /usr/lib/x86_64-linux-gnu/librt-2.31.so
7f68b50d1000-7f68b50d5000 r-xp 00003000 00:65 165034636                  /usr/lib/x86_64-linux-gnu/librt-2.31.so
7f68b50d5000-7f68b50d6000 r--p 00007000 00:65 165034636                  /usr/lib/x86_64-linux-gnu/librt-2.31.so
7f68b50d6000-7f68b50d7000 ---p 00008000 00:65 165034636                  /usr/lib/x86_64-linux-gnu/librt-2.31.so
7f68b50d7000-7f68b50d8000 r--p 00008000 00:65 165034636                  /usr/lib/x86_64-linux-gnu/librt-2.31.so
7f68b50d8000-7f68b50d9000 rw-p 00009000 00:65 165034636                  /usr/lib/x86_64-linux-gnu/librt-2.31.so
7f68b50d9000-7f68b50da000 ---p 00000000 00:00 0 
7f68b50da000-7f68b50db000 rw-p 00000000 00:00 0 
7f68b50db000-7f68b50df000 ---p 00000000 00:00 0 
7f68b50df000-7f68b51da000 rw-p 00000000 00:00 0 
7f68b51da000-7f68b51e9000 r--p 00000000 00:65 165034468                  /usr/lib/x86_64-linux-gnu/libm-2.31.so
7f68b51e9000-7f68b5290000 r-xp 0000f000 00:65 165034468                  /usr/lib/x86_64-linux-gnu/libm-2.31.so
7f68b5290000-7f68b5327000 r--p 000b6000 00:65 165034468                  /usr/lib/x86_64-linux-gnu/libm-2.31.so
7f68b5327000-7f68b5328000 r--p 0014c000 00:65 165034468                  /usr/lib/x86_64-linux-gnu/libm-2.31.so
7f68b5328000-7f68b5329000 rw-p 0014d000 00:65 165034468                  /usr/lib/x86_64-linux-gnu/libm-2.31.so
7f68b5329000-7f68b633e000 r-xp 00000000 00:65 77083135                   /root/oracle/jdk-9.0.4/lib/server/libjvm.so
7f68b633e000-7f68b653d000 ---p 01015000 00:65 77083135                   /root/oracle/jdk-9.0.4/lib/server/libjvm.so
7f68b653d000-7f68b660e000 r--p 01014000 00:65 77083135                   /root/oracle/jdk-9.0.4/lib/server/libjvm.so
7f68b660e000-7f68b6645000 rw-p 010e5000 00:65 77083135                   /root/oracle/jdk-9.0.4/lib/server/libjvm.so
7f68b6645000-7f68b66b0000 rw-p 00000000 00:00 0 
7f68b66b0000-7f68b66d5000 r--p 00000000 00:65 165034165                  /usr/lib/x86_64-linux-gnu/libc-2.31.so
7f68b66d5000-7f68b684d000 r-xp 00025000 00:65 165034165                  /usr/lib/x86_64-linux-gnu/libc-2.31.so
7f68b684d000-7f68b6897000 r--p 0019d000 00:65 165034165                  /usr/lib/x86_64-linux-gnu/libc-2.31.so
7f68b6897000-7f68b6898000 ---p 001e7000 00:65 165034165                  /usr/lib/x86_64-linux-gnu/libc-2.31.so
7f68b6898000-7f68b689b000 r--p 001e7000 00:65 165034165                  /usr/lib/x86_64-linux-gnu/libc-2.31.so
7f68b689b000-7f68b689e000 rw-p 001ea000 00:65 165034165                  /usr/lib/x86_64-linux-gnu/libc-2.31.so
7f68b689e000-7f68b68a2000 rw-p 00000000 00:00 0 
7f68b68a2000-7f68b68a3000 r--p 00000000 00:65 165034236                  /usr/lib/x86_64-linux-gnu/libdl-2.31.so
7f68b68a3000-7f68b68a5000 r-xp 00001000 00:65 165034236                  /usr/lib/x86_64-linux-gnu/libdl-2.31.so
7f68b68a5000-7f68b68a6000 r--p 00003000 00:65 165034236                  /usr/lib/x86_64-linux-gnu/libdl-2.31.so
7f68b68a6000-7f68b68a7000 r--p 00003000 00:65 165034236                  /usr/lib/x86_64-linux-gnu/libdl-2.31.so
7f68b68a7000-7f68b68a8000 rw-p 00004000 00:65 165034236                  /usr/lib/x86_64-linux-gnu/libdl-2.31.so
7f68b68a8000-7f68b68b6000 r-xp 00000000 00:65 77083142                   /root/oracle/jdk-9.0.4/lib/jli/libjli.so
7f68b68b6000-7f68b6ab6000 ---p 0000e000 00:65 77083142                   /root/oracle/jdk-9.0.4/lib/jli/libjli.so
7f68b6ab6000-7f68b6ab7000 rw-p 0000e000 00:65 77083142                   /root/oracle/jdk-9.0.4/lib/jli/libjli.so
7f68b6ab7000-7f68b6abe000 r--p 00000000 00:65 165034610                  /usr/lib/x86_64-linux-gnu/libpthread-2.31.so
7f68b6abe000-7f68b6acf000 r-xp 00007000 00:65 165034610                  /usr/lib/x86_64-linux-gnu/libpthread-2.31.so
7f68b6acf000-7f68b6ad4000 r--p 00018000 00:65 165034610                  /usr/lib/x86_64-linux-gnu/libpthread-2.31.so
7f68b6ad4000-7f68b6ad5000 r--p 0001c000 00:65 165034610                  /usr/lib/x86_64-linux-gnu/libpthread-2.31.so
7f68b6ad5000-7f68b6ad6000 rw-p 0001d000 00:65 165034610                  /usr/lib/x86_64-linux-gnu/libpthread-2.31.so
7f68b6ad6000-7f68b6ada000 rw-p 00000000 00:00 0 
7f68b6ada000-7f68b6adc000 r--p 00000000 00:65 165034796                  /usr/lib/x86_64-linux-gnu/libz.so.1.2.11
7f68b6adc000-7f68b6aed000 r-xp 00002000 00:65 165034796                  /usr/lib/x86_64-linux-gnu/libz.so.1.2.11
7f68b6aed000-7f68b6af3000 r--p 00013000 00:65 165034796                  /usr/lib/x86_64-linux-gnu/libz.so.1.2.11
7f68b6af3000-7f68b6af4000 ---p 00019000 00:65 165034796                  /usr/lib/x86_64-linux-gnu/libz.so.1.2.11
7f68b6af4000-7f68b6af5000 r--p 00019000 00:65 165034796                  /usr/lib/x86_64-linux-gnu/libz.so.1.2.11
7f68b6af5000-7f68b6af6000 rw-p 0001a000 00:65 165034796                  /usr/lib/x86_64-linux-gnu/libz.so.1.2.11
7f68b6af6000-7f68b6afe000 rw-s 00000000 00:65 71965686                   /tmp/hsperfdata_root/371
7f68b6afe000-7f68b6b01000 rw-p 00000000 00:00 0 
7f68b6b01000-7f68b6b02000 r--p 00000000 00:65 165033992                  /usr/lib/x86_64-linux-gnu/ld-2.31.so
7f68b6b02000-7f68b6b25000 r-xp 00001000 00:65 165033992                  /usr/lib/x86_64-linux-gnu/ld-2.31.so
7f68b6b25000-7f68b6b2d000 r--p 00024000 00:65 165033992                  /usr/lib/x86_64-linux-gnu/ld-2.31.so
7f68b6b2d000-7f68b6b2e000 r--p 00000000 00:00 0 
7f68b6b2e000-7f68b6b2f000 r--p 0002c000 00:65 165033992                  /usr/lib/x86_64-linux-gnu/ld-2.31.so
7f68b6b2f000-7f68b6b30000 rw-p 0002d000 00:65 165033992                  /usr/lib/x86_64-linux-gnu/ld-2.31.so
7f68b6b30000-7f68b6b31000 rw-p 00000000 00:00 0 
7ffc9f00e000-7ffc9f02f000 rw-p 00000000 00:00 0                          [stack]
7ffc9f0b5000-7ffc9f0b8000 r--p 00000000 00:00 0                          [vvar]
7ffc9f0b8000-7ffc9f0b9000 r-xp 00000000 00:00 0                          [vdso]
ffffffffff600000-ffffffffff601000 --xp 00000000 00:00 0                  [vsyscall]

VM Arguments:
jvm_args: -Xbootclasspath/a:/usr/local/java/jdk1.8.0_301/jre/lib/rt.jar -Xverify:none 
java_command: org.eclipse.core.runtime.adaptor.EclipseStarter -debug
java_class_path (initial): ./sootOutput/eclipse/
Launcher Type: SUN_STANDARD

Logging:
Log output configuration:
#0: stdout all=warning uptime,level,tags
#1: stderr all=off uptime,level,tags

Environment Variables:
JAVA_HOME=/root/oracle/jdk-9.0.4
JRE_HOME=/root/oracle/jdk-9.0.4
CLASSPATH=.:/root/oracle/jdk-9.0.4/lib:/JVMfuzzing/htm/CFSynthesis/resource/commons-lang3-3.12.0/commons-lang3-3.12.0.jar
PATH=/root/oracle/jdk-9.0.4/bin:/root/.vscode-server/bin/da76f93349a72022ca4670c1b84860304616aaa2/bin/remote-cli:/root/oracle/jdk-9.0.4/bin:/usr/local/sbin:/usr/local/bin:/usr/sbin:/usr/bin:/sbin:/bin:/usr/games:/usr/local/games:/snap/bin
SHELL=/bin/bash

Signal Handlers:
SIGSEGV: [libjvm.so+0xd4d370], sa_mask[0]=11111111011111111101111111111110, sa_flags=SA_RESTART|SA_SIGINFO
SIGBUS: [libjvm.so+0xd4d370], sa_mask[0]=11111111011111111101111111111110, sa_flags=SA_RESTART|SA_SIGINFO
SIGFPE: [libjvm.so+0xd4d370], sa_mask[0]=11111111011111111101111111111110, sa_flags=SA_RESTART|SA_SIGINFO
SIGPIPE: [libjvm.so+0xb64780], sa_mask[0]=11111111011111111101111111111110, sa_flags=SA_RESTART|SA_SIGINFO
SIGXFSZ: [libjvm.so+0xb64780], sa_mask[0]=11111111011111111101111111111110, sa_flags=SA_RESTART|SA_SIGINFO
SIGILL: [libjvm.so+0xd4d370], sa_mask[0]=11111111011111111101111111111110, sa_flags=SA_RESTART|SA_SIGINFO
SIGUSR2: [libjvm.so+0xb64640], sa_mask[0]=00100000000000000000000000000000, sa_flags=SA_RESTART|SA_SIGINFO
SIGHUP: [libjvm.so+0xb64850], sa_mask[0]=11111111011111111101111111111110, sa_flags=SA_RESTART|SA_SIGINFO
SIGINT: [libjvm.so+0xb64850], sa_mask[0]=11111111011111111101111111111110, sa_flags=SA_RESTART|SA_SIGINFO
SIGTERM: [libjvm.so+0xb64850], sa_mask[0]=11111111011111111101111111111110, sa_flags=SA_RESTART|SA_SIGINFO
SIGQUIT: [libjvm.so+0xb64850], sa_mask[0]=11111111011111111101111111111110, sa_flags=SA_RESTART|SA_SIGINFO


---------------  S Y S T E M  ---------------

OS:DISTRIB_ID=Ubuntu
DISTRIB_RELEASE=20.04
DISTRIB_CODENAME=focal
DISTRIB_DESCRIPTION="Ubuntu 20.04.3 LTS"
uname:Linux 5.4.0-124-generic #140~18.04.1-Ubuntu SMP Fri Aug 5 11:43:34 UTC 2022 x86_64
libc:glibc 2.31 NPTL 2.31 
rlimit: STACK 8192k, CORE infinity, NPROC infinity, NOFILE 1048576, AS infinity
load average:47.82 42.56 40.14

/proc/meminfo:
MemTotal:       65549624 kB
MemFree:         5215620 kB
MemAvailable:   32301340 kB
Buffers:         5873060 kB
Cached:          3705076 kB
SwapCached:         8092 kB
Active:         33681052 kB
Inactive:        6460732 kB
Active(anon):   26566268 kB
Inactive(anon):  4018444 kB
Active(file):    7114784 kB
Inactive(file):  2442288 kB
Unevictable:          16 kB
Mlocked:              16 kB
SwapTotal:       2097148 kB
SwapFree:              0 kB
Dirty:             10640 kB
Writeback:           124 kB
AnonPages:      30555776 kB
Mapped:           837284 kB
Shmem:             25608 kB
KReclaimable:   18260572 kB
Slab:           19430100 kB
SReclaimable:   18260572 kB
SUnreclaim:      1169528 kB
KernelStack:       78320 kB
PageTables:       244128 kB
NFS_Unstable:          0 kB
Bounce:                0 kB
WritebackTmp:          0 kB
CommitLimit:    34871960 kB
Committed_AS:   86648100 kB
VmallocTotal:   34359738367 kB
VmallocUsed:      161176 kB
VmallocChunk:          0 kB
Percpu:            32512 kB
HardwareCorrupted:     0 kB
AnonHugePages:         0 kB
ShmemHugePages:        0 kB
ShmemPmdMapped:        0 kB
FileHugePages:         0 kB
FilePmdMapped:         0 kB
CmaTotal:              0 kB
CmaFree:               0 kB
HugePages_Total:       0
HugePages_Free:        0
HugePages_Rsvd:        0
HugePages_Surp:        0
Hugepagesize:       2048 kB
Hugetlb:               0 kB
DirectMap4k:    15497632 kB
DirectMap2M:    51298304 kB
DirectMap1G:           0 kB


CPU:total 28 (initial active 28) (14 cores per cpu, 2 threads per core) family 6 model 85 stepping 4, cmov, cx8, fxsr, mmx, sse, sse2, sse3, ssse3, sse4.1, sse4.2, popcnt, avx, avx2, aes, clmul, erms, rtm, 3dnowpref, lzcnt, ht, tsc, tscinvbit, bmi1, bmi2, adx, fma
CPU Model and flags from /proc/cpuinfo:
model name	: Intel(R) Core(TM) i9-9940X CPU @ 3.30GHz
flags		: fpu vme de pse tsc msr pae mce cx8 apic sep mtrr pge mca cmov pat pse36 clflush dts acpi mmx fxsr sse sse2 ss ht tm pbe syscall nx pdpe1gb rdtscp lm constant_tsc art arch_perfmon pebs bts rep_good nopl xtopology nonstop_tsc cpuid aperfmperf pni pclmulqdq dtes64 monitor ds_cpl vmx est tm2 ssse3 sdbg fma cx16 xtpr pdcm pcid dca sse4_1 sse4_2 x2apic movbe popcnt tsc_deadline_timer aes xsave avx f16c rdrand lahf_lm abm 3dnowprefetch cpuid_fault epb cat_l3 cdp_l3 invpcid_single pti ssbd mba ibrs ibpb stibp tpr_shadow vnmi flexpriority ept vpid ept_ad fsgsbase tsc_adjust bmi1 hle avx2 smep bmi2 erms invpcid rtm cqm mpx rdt_a avx512f avx512dq rdseed adx smap clflushopt clwb intel_pt avx512cd avx512bw avx512vl xsaveopt xsavec xgetbv1 xsaves cqm_llc cqm_occup_llc cqm_mbm_total cqm_mbm_local dtherm ida arat pln pts hwp hwp_act_window hwp_epp hwp_pkg_req md_clear flush_l1d arch_capabilities

Memory: 4k page, physical 65549624k(5215620k free), swap 2097148k(0k free)

vm_info: Java HotSpot(TM) 64-Bit Server VM (9.0.4+11) for linux-amd64 JRE (9.0.4+11), built on Dec 19 2017 18:12:19 by "mach5one" with gcc 4.9.2

END.
