#
# A fatal error has been detected by the Java Runtime Environment:
#
#  SIGSEGV (0xb) at pc=0x00007f49947ccb2c, pid=13077, tid=13142
#
# JRE version: Java(TM) SE Runtime Environment (9.0+11) (build 9.0.4+11)
# Java VM: Java HotSpot(TM) 64-Bit Server VM (9.0.4+11, mixed mode, tiered, compressed oops, g1 gc, linux-amd64)
# Problematic frame:
# V  [libjvm.so+0x48eb2c]  Canonicalizer::do_If(If*)+0x1c
#
# Core dump will be written. Default location: Core dumps may be processed with "/usr/share/apport/apport -p%p -s%s -c%c -d%d -P%P -u%u -g%g -- %E" (or dumping to /JVMfuzzing/zjy/classming/Fuzzing-Testing-of-JVM-Implementations/core.13077)
#
# If you would like to submit a bug report, please visit:
#   http://bugreport.java.com/bugreport/crash.jsp
#

---------------  S U M M A R Y ------------

Command Line: -Xbootclasspath/a:/usr/local/java/jdk1.8.0_301/jre/lib/rt.jar -Xverify:none org.apache.batik.apps.rasterizer.Main

Host: Intel(R) Core(TM) i9-9940X CPU @ 3.30GHz, 28 cores, 62G, Ubuntu 20.04.3 LTS
Time: Thu Nov  3 07:52:48 2022 UTC elapsed time: 0 seconds (0d 0h 0m 0s)

---------------  T H R E A D  ---------------

Current thread (0x00007f49902bf000):  JavaThread "C1 CompilerThread10" daemon [_thread_in_native, id=13142, stack(0x00007f488c87a000,0x00007f488c97b000)]


Current CompileTask:
C1:    579  438 %     3       org.apache.batik.apps.rasterizer.Main::main @ 354 (6735 bytes)

Stack: [0x00007f488c87a000,0x00007f488c97b000],  sp=0x00007f488c9790c0,  free space=1020k
Native frames: (J=compiled Java code, A=aot compiled Java code, j=interpreted, Vv=VM code, C=native code)
V  [libjvm.so+0x48eb2c]  Canonicalizer::do_If(If*)+0x1c
V  [libjvm.so+0x4a0452]  GraphBuilder::append_with_bci(Instruction*, int)+0x42
V  [libjvm.so+0x4a3526]  GraphBuilder::if_node(Instruction*, Instruction::Condition, Instruction*, ValueStack*)+0x2a6
V  [libjvm.so+0x4b13b2]  GraphBuilder::iterate_bytecodes_for_block(int)+0x19c2
V  [libjvm.so+0x4b1ad5]  GraphBuilder::iterate_all_blocks(bool)+0x85
V  [libjvm.so+0x4b1ec9]  GraphBuilder::GraphBuilder(Compilation*, IRScope*)+0x389
V  [libjvm.so+0x4b70a8]  IR::IR(Compilation*, ciMethod*, int)+0x1e8
V  [libjvm.so+0x497832]  Compilation::build_hir() [clone .part.93]+0x162
V  [libjvm.so+0x499633]  Compilation::compile_java_method()+0x3c3
V  [libjvm.so+0x4997af]  Compilation::compile_method()+0x12f
V  [libjvm.so+0x499c31]  Compilation::Compilation(AbstractCompiler*, ciEnv*, ciMethod*, int, BufferBlob*, DirectiveSet*)+0x271
V  [libjvm.so+0x49ac1e]  Compiler::compile_method(ciEnv*, ciMethod*, int, DirectiveSet*)+0xae
V  [libjvm.so+0x6125ac]  CompileBroker::invoke_compiler_on_method(CompileTask*)+0x41c
V  [libjvm.so+0x61344b]  CompileBroker::compiler_thread_loop()+0x28b
V  [libjvm.so+0xcef338]  JavaThread::thread_main_inner()+0xd8
V  [libjvm.so+0xb6e132]  thread_native_entry(Thread*)+0xf2
C  [libpthread.so.0+0x9609]  start_thread+0xd9


siginfo: si_signo: 11 (SIGSEGV), si_code: 1 (SEGV_MAPERR), si_addr: 0x0000000000000018

Register to memory mapping:

RAX=0x0000000000000000 is an unknown value
RBX=0x00007f484c097410 is an unknown value
RCX=0x00007f488c979800 is pointing into the stack for thread: 0x00007f49902bf000
RDX=0x00007f484c097410 is an unknown value
RSP=0x00007f488c9790c0 is pointing into the stack for thread: 0x00007f49902bf000
RBP=0x00007f488c979130 is pointing into the stack for thread: 0x00007f49902bf000
RSI=0x00007f484c097410 is an unknown value
RDI=0x00007f488c979160 is pointing into the stack for thread: 0x00007f49902bf000
R8 =0x00007f484c096d30 is an unknown value
R9 =0x00000000000000e2 is an unknown value
R10=0x0000000000000010 is an unknown value
R11=0x0000000000000000 is an unknown value
R12=0x00007f484c0974b0 is an unknown value
R13=0x00007f488c979460 is pointing into the stack for thread: 0x00007f49902bf000
R14=0x00007f484c097410 is an unknown value
R15=0x00007f484c0974b0 is an unknown value


Registers:
RAX=0x0000000000000000, RBX=0x00007f484c097410, RCX=0x00007f488c979800, RDX=0x00007f484c097410
RSP=0x00007f488c9790c0, RBP=0x00007f488c979130, RSI=0x00007f484c097410, RDI=0x00007f488c979160
R8 =0x00007f484c096d30, R9 =0x00000000000000e2, R10=0x0000000000000010, R11=0x0000000000000000
R12=0x00007f484c0974b0, R13=0x00007f488c979460, R14=0x00007f484c097410, R15=0x00007f484c0974b0
RIP=0x00007f49947ccb2c, EFLAGS=0x0000000000010206, CSGSFS=0x002b000000000033, ERR=0x0000000000000004
  TRAPNO=0x000000000000000e

Top of Stack: (sp=0x00007f488c9790c0)
0x00007f488c9790c0:   000000008c979130 00007f486c016b00
0x00007f488c9790d0:   00007f485c083250 0000000000000000
0x00007f488c9790e0:   00007f488c979110 00007f49947f969f
0x00007f488c9790f0:   00000000902bf000 00007f488c979160 

Instructions: (pc=0x00007f49947ccb2c)
0x00007f49947ccb0c:   ff 90 66 90 55 48 89 e5 41 57 41 56 41 55 41 54
0x00007f49947ccb1c:   53 48 89 f3 48 83 ec 48 48 8b 46 70 48 89 7d c8
0x00007f49947ccb2c:   48 8b 78 18 48 8b 07 ff 50 18 84 c0 0f 85 a2 00
0x00007f49947ccb3c:   00 00 4c 8b 63 70 48 8b 83 80 00 00 00 49 39 c4 


---------------  P R O C E S S  ---------------

Java Threads: ( => current thread )
  0x00007f4990370800 JavaThread "Service Thread" daemon [_thread_blocked, id=13146, stack(0x00007f488c04e000,0x00007f488c14f000)]
  0x00007f49902d1800 JavaThread "Common-Cleaner" daemon [_thread_blocked, id=13145, stack(0x00007f488c14f000,0x00007f488c250000)]
  0x00007f49902c2800 JavaThread "Sweeper thread" daemon [_thread_blocked, id=13144, stack(0x00007f488c678000,0x00007f488c779000)]
  0x00007f49902c1000 JavaThread "C1 CompilerThread11" daemon [_thread_blocked, id=13143, stack(0x00007f488c779000,0x00007f488c87a000)]
=>0x00007f49902bf000 JavaThread "C1 CompilerThread10" daemon [_thread_in_native, id=13142, stack(0x00007f488c87a000,0x00007f488c97b000)]
  0x00007f49902bd000 JavaThread "C1 CompilerThread9" daemon [_thread_blocked, id=13141, stack(0x00007f488c97b000,0x00007f488ca7c000)]
  0x00007f49902bb800 JavaThread "C1 CompilerThread8" daemon [_thread_blocked, id=13140, stack(0x00007f488ca7c000,0x00007f488cb7d000)]
  0x00007f49902b9800 JavaThread "C2 CompilerThread7" daemon [_thread_blocked, id=13139, stack(0x00007f488cb7d000,0x00007f488cc7e000)]
  0x00007f49902b8000 JavaThread "C2 CompilerThread6" daemon [_thread_blocked, id=13138, stack(0x00007f488cc7e000,0x00007f488cd7f000)]
  0x00007f49902b6000 JavaThread "C2 CompilerThread5" daemon [_thread_blocked, id=13136, stack(0x00007f488cd7f000,0x00007f488ce80000)]
  0x00007f49902b4800 JavaThread "C2 CompilerThread4" daemon [_thread_blocked, id=13135, stack(0x00007f488ce80000,0x00007f488cf81000)]
  0x00007f49902b2800 JavaThread "C2 CompilerThread3" daemon [_thread_blocked, id=13134, stack(0x00007f488cf81000,0x00007f488d082000)]
  0x00007f49902b1000 JavaThread "C2 CompilerThread2" daemon [_thread_blocked, id=13133, stack(0x00007f488d082000,0x00007f488d183000)]
  0x00007f49902af000 JavaThread "C2 CompilerThread1" daemon [_thread_blocked, id=13132, stack(0x00007f488d183000,0x00007f488d284000)]
  0x00007f49902ad000 JavaThread "C2 CompilerThread0" daemon [_thread_blocked, id=13131, stack(0x00007f488d284000,0x00007f488d385000)]
  0x00007f49902ab000 JavaThread "Signal Dispatcher" daemon [_thread_blocked, id=13130, stack(0x00007f488d385000,0x00007f488d486000)]
  0x00007f4990291000 JavaThread "Finalizer" daemon [_thread_blocked, id=13129, stack(0x00007f488d486000,0x00007f488d587000)]
  0x00007f4990288800 JavaThread "Reference Handler" daemon [_thread_blocked, id=13128, stack(0x00007f488d587000,0x00007f488d688000)]
  0x00007f4990011800 JavaThread "main" [_thread_in_native, id=13079, stack(0x00007f49940f0000,0x00007f49941ef000)]

Other Threads:
  0x00007f4990281000 VMThread "VM Thread" [stack: 0x00007f488d68a000,0x00007f488d78a000] [id=13127]
  0x00007f4990373800 WatcherThread [stack: 0x00007f483bf00000,0x00007f483c000000] [id=13147]
  0x00007f4990034000 GCTaskThread "GC Thread#0" [stack: 0x00007f4974e26000,0x00007f4974f26000] [id=13080]
  0x00007f4990035800 GCTaskThread "GC Thread#1" [stack: 0x00007f4974d24000,0x00007f4974e24000] [id=13081]
  0x00007f4990037000 GCTaskThread "GC Thread#2" [stack: 0x00007f4974c22000,0x00007f4974d22000] [id=13082]
  0x00007f4990039000 GCTaskThread "GC Thread#3" [stack: 0x00007f4974b20000,0x00007f4974c20000] [id=13083]
  0x00007f499003a800 GCTaskThread "GC Thread#4" [stack: 0x00007f4974a1e000,0x00007f4974b1e000] [id=13084]
  0x00007f499003c800 GCTaskThread "GC Thread#5" [stack: 0x00007f497491c000,0x00007f4974a1c000] [id=13085]
  0x00007f499003e000 GCTaskThread "GC Thread#6" [stack: 0x00007f497481a000,0x00007f497491a000] [id=13086]
  0x00007f499003f800 GCTaskThread "GC Thread#7" [stack: 0x00007f4974718000,0x00007f4974818000] [id=13087]
  0x00007f4990041800 GCTaskThread "GC Thread#8" [stack: 0x00007f4974616000,0x00007f4974716000] [id=13088]
  0x00007f4990043000 GCTaskThread "GC Thread#9" [stack: 0x00007f4974514000,0x00007f4974614000] [id=13089]
  0x00007f4990045000 GCTaskThread "GC Thread#10" [stack: 0x00007f4974412000,0x00007f4974512000] [id=13090]
  0x00007f4990046800 GCTaskThread "GC Thread#11" [stack: 0x00007f4974310000,0x00007f4974410000] [id=13091]
  0x00007f4990048800 GCTaskThread "GC Thread#12" [stack: 0x00007f497420e000,0x00007f497430e000] [id=13092]
  0x00007f499004a000 GCTaskThread "GC Thread#13" [stack: 0x00007f497410c000,0x00007f497420c000] [id=13093]
  0x00007f499004c000 GCTaskThread "GC Thread#14" [stack: 0x00007f497400a000,0x00007f497410a000] [id=13094]
  0x00007f499004d800 GCTaskThread "GC Thread#15" [stack: 0x00007f4937f00000,0x00007f4938000000] [id=13095]
  0x00007f499004f800 GCTaskThread "GC Thread#16" [stack: 0x00007f4937dfe000,0x00007f4937efe000] [id=13096]
  0x00007f4990051000 GCTaskThread "GC Thread#17" [stack: 0x00007f4937cfc000,0x00007f4937dfc000] [id=13097]
  0x00007f4990052800 GCTaskThread "GC Thread#18" [stack: 0x00007f4937bfa000,0x00007f4937cfa000] [id=13098]
  0x00007f4990054800 GCTaskThread "GC Thread#19" [stack: 0x00007f4937af8000,0x00007f4937bf8000] [id=13099]
  0x00007f499009f800 ConcurrentGCThread "G1 Main Marker" [stack: 0x00007f4934b4f000,0x00007f4934c4f000] [id=13121]
  0x00007f49900a1000 ConcurrentGCThread "G1 Marker#0" [stack: 0x00007f4934a4d000,0x00007f4934b4d000] [id=13122]
  0x00007f49900a3000 ConcurrentGCThread "G1 Marker#1" [stack: 0x00007f493494b000,0x00007f4934a4b000] [id=13123]
  0x00007f49900a4800 ConcurrentGCThread "G1 Marker#2" [stack: 0x00007f4934849000,0x00007f4934949000] [id=13124]
  0x00007f49900a6800 ConcurrentGCThread "G1 Marker#3" [stack: 0x00007f4934747000,0x00007f4934847000] [id=13125]
  0x00007f49900a8000 ConcurrentGCThread "G1 Marker#4" [stack: 0x00007f4934645000,0x00007f4934745000] [id=13126]
  0x00007f4990078800 ConcurrentGCThread "G1 Refine#0" [stack: 0x00007f49352bc000,0x00007f49353bc000] [id=13119]
  0x00007f4990077000 ConcurrentGCThread "G1 Refine#1" [stack: 0x00007f49353be000,0x00007f49354be000] [id=13118]
  0x00007f4990075000 ConcurrentGCThread "G1 Refine#2" [stack: 0x00007f49354c0000,0x00007f49355c0000] [id=13117]
  0x00007f4990073800 ConcurrentGCThread "G1 Refine#3" [stack: 0x00007f49355c2000,0x00007f49356c2000] [id=13116]
  0x00007f4990071800 ConcurrentGCThread "G1 Refine#4" [stack: 0x00007f49356c4000,0x00007f49357c4000] [id=13115]
  0x00007f4990070000 ConcurrentGCThread "G1 Refine#5" [stack: 0x00007f49357c6000,0x00007f49358c6000] [id=13114]
  0x00007f499006e000 ConcurrentGCThread "G1 Refine#6" [stack: 0x00007f49358c8000,0x00007f49359c8000] [id=13113]
  0x00007f499006c800 ConcurrentGCThread "G1 Refine#7" [stack: 0x00007f49359ca000,0x00007f4935aca000] [id=13112]
  0x00007f499006a800 ConcurrentGCThread "G1 Refine#8" [stack: 0x00007f4935acc000,0x00007f4935bcc000] [id=13111]
  0x00007f4990069000 ConcurrentGCThread "G1 Refine#9" [stack: 0x00007f4935bce000,0x00007f4935cce000] [id=13110]
  0x00007f4990067000 ConcurrentGCThread "G1 Refine#10" [stack: 0x00007f4935cd0000,0x00007f4935dd0000] [id=13109]
  0x00007f4990065000 ConcurrentGCThread "G1 Refine#11" [stack: 0x00007f4935dd2000,0x00007f4935ed2000] [id=13108]
  0x00007f4990063800 ConcurrentGCThread "G1 Refine#12" [stack: 0x00007f4935ed4000,0x00007f4935fd4000] [id=13107]
  0x00007f4990061800 ConcurrentGCThread "G1 Refine#13" [stack: 0x00007f4935fd6000,0x00007f49360d6000] [id=13106]
  0x00007f4990060000 ConcurrentGCThread "G1 Refine#14" [stack: 0x00007f49360d8000,0x00007f49361d8000] [id=13105]
  0x00007f499005e000 ConcurrentGCThread "G1 Refine#15" [stack: 0x00007f49361da000,0x00007f49362da000] [id=13104]
  0x00007f499005c800 ConcurrentGCThread "G1 Refine#16" [stack: 0x00007f49362dc000,0x00007f49363dc000] [id=13103]
  0x00007f499005a800 ConcurrentGCThread "G1 Refine#17" [stack: 0x00007f49363de000,0x00007f49364de000] [id=13102]
  0x00007f4990059000 ConcurrentGCThread "G1 Refine#18" [stack: 0x00007f49364e0000,0x00007f49365e0000] [id=13101]
  0x00007f4990057000 ConcurrentGCThread "G1 Refine#19" [stack: 0x00007f49365e2000,0x00007f49366e2000] [id=13100]
  0x00007f499007a800 ConcurrentGCThread "G1 Young RemSet Sampling" [stack: 0x00007f49351ba000,0x00007f49352ba000] [id=13120]

Threads with active compile tasks:
C1 CompilerThread10 438 %     3       org.apache.batik.apps.rasterizer.Main::main @ 354 (6735 bytes)

VM state:not at safepoint (normal execution)

VM Mutex/Monitor currently owned by a thread: None

Heap address: 0x00000003d7c00000, size: 16004 MB, Compressed Oops mode: Zero based, Oop shift amount: 3
Narrow klass base: 0x0000000000000000, Narrow klass shift: 3
Compressed class space size: 1073741824 Address: 0x00000007c0000000

Heap:
 garbage-first heap   total 1028096K, used 12288K [0x00000003d7c00000, 0x00000003d80007d8, 0x00000007c0000000)
  region size 4096K, 4 young (16384K), 0 survivors (0K)
 Metaspace       used 6539K, capacity 6686K, committed 6784K, reserved 1056768K
  class space    used 564K, capacity 611K, committed 640K, reserved 1048576K
Heap Regions: E=young(eden), S=young(survivor), O=old, HS=humongous(starts), HC=humongous(continues), CS=collection set, F=free, A=archive, TS=gc time stamp, AC=allocation context, TAMS=top-at-mark-start (previous, next)
|   0|0x00000003d7c00000, 0x00000003d7c00000, 0x00000003d8000000|  0%| F|  |TS  0|AC  0|TAMS 0x00000003d7c00000, 0x00000003d7c00000|
|   1|0x00000003d8000000, 0x00000003d8000000, 0x00000003d8400000|  0%| F|  |TS  0|AC  0|TAMS 0x00000003d8000000, 0x00000003d8000000|
|   2|0x00000003d8400000, 0x00000003d8400000, 0x00000003d8800000|  0%| F|  |TS  0|AC  0|TAMS 0x00000003d8400000, 0x00000003d8400000|
|   3|0x00000003d8800000, 0x00000003d8800000, 0x00000003d8c00000|  0%| F|  |TS  0|AC  0|TAMS 0x00000003d8800000, 0x00000003d8800000|
|   4|0x00000003d8c00000, 0x00000003d8c00000, 0x00000003d9000000|  0%| F|  |TS  0|AC  0|TAMS 0x00000003d8c00000, 0x00000003d8c00000|
|   5|0x00000003d9000000, 0x00000003d9000000, 0x00000003d9400000|  0%| F|  |TS  0|AC  0|TAMS 0x00000003d9000000, 0x00000003d9000000|
|   6|0x00000003d9400000, 0x00000003d9400000, 0x00000003d9800000|  0%| F|  |TS  0|AC  0|TAMS 0x00000003d9400000, 0x00000003d9400000|
|   7|0x00000003d9800000, 0x00000003d9800000, 0x00000003d9c00000|  0%| F|  |TS  0|AC  0|TAMS 0x00000003d9800000, 0x00000003d9800000|
|   8|0x00000003d9c00000, 0x00000003d9c00000, 0x00000003da000000|  0%| F|  |TS  0|AC  0|TAMS 0x00000003d9c00000, 0x00000003d9c00000|
|   9|0x00000003da000000, 0x00000003da000000, 0x00000003da400000|  0%| F|  |TS  0|AC  0|TAMS 0x00000003da000000, 0x00000003da000000|
|  10|0x00000003da400000, 0x00000003da400000, 0x00000003da800000|  0%| F|  |TS  0|AC  0|TAMS 0x00000003da400000, 0x00000003da400000|
|  11|0x00000003da800000, 0x00000003da800000, 0x00000003dac00000|  0%| F|  |TS  0|AC  0|TAMS 0x00000003da800000, 0x00000003da800000|
|  12|0x00000003dac00000, 0x00000003dac00000, 0x00000003db000000|  0%| F|  |TS  0|AC  0|TAMS 0x00000003dac00000, 0x00000003dac00000|
|  13|0x00000003db000000, 0x00000003db000000, 0x00000003db400000|  0%| F|  |TS  0|AC  0|TAMS 0x00000003db000000, 0x00000003db000000|
|  14|0x00000003db400000, 0x00000003db400000, 0x00000003db800000|  0%| F|  |TS  0|AC  0|TAMS 0x00000003db400000, 0x00000003db400000|
|  15|0x00000003db800000, 0x00000003db800000, 0x00000003dbc00000|  0%| F|  |TS  0|AC  0|TAMS 0x00000003db800000, 0x00000003db800000|
|  16|0x00000003dbc00000, 0x00000003dbc00000, 0x00000003dc000000|  0%| F|  |TS  0|AC  0|TAMS 0x00000003dbc00000, 0x00000003dbc00000|
|  17|0x00000003dc000000, 0x00000003dc000000, 0x00000003dc400000|  0%| F|  |TS  0|AC  0|TAMS 0x00000003dc000000, 0x00000003dc000000|
|  18|0x00000003dc400000, 0x00000003dc400000, 0x00000003dc800000|  0%| F|  |TS  0|AC  0|TAMS 0x00000003dc400000, 0x00000003dc400000|
|  19|0x00000003dc800000, 0x00000003dc800000, 0x00000003dcc00000|  0%| F|  |TS  0|AC  0|TAMS 0x00000003dc800000, 0x00000003dc800000|
|  20|0x00000003dcc00000, 0x00000003dcc00000, 0x00000003dd000000|  0%| F|  |TS  0|AC  0|TAMS 0x00000003dcc00000, 0x00000003dcc00000|
|  21|0x00000003dd000000, 0x00000003dd000000, 0x00000003dd400000|  0%| F|  |TS  0|AC  0|TAMS 0x00000003dd000000, 0x00000003dd000000|
|  22|0x00000003dd400000, 0x00000003dd400000, 0x00000003dd800000|  0%| F|  |TS  0|AC  0|TAMS 0x00000003dd400000, 0x00000003dd400000|
|  23|0x00000003dd800000, 0x00000003dd800000, 0x00000003ddc00000|  0%| F|  |TS  0|AC  0|TAMS 0x00000003dd800000, 0x00000003dd800000|
|  24|0x00000003ddc00000, 0x00000003ddc00000, 0x00000003de000000|  0%| F|  |TS  0|AC  0|TAMS 0x00000003ddc00000, 0x00000003ddc00000|
|  25|0x00000003de000000, 0x00000003de000000, 0x00000003de400000|  0%| F|  |TS  0|AC  0|TAMS 0x00000003de000000, 0x00000003de000000|
|  26|0x00000003de400000, 0x00000003de400000, 0x00000003de800000|  0%| F|  |TS  0|AC  0|TAMS 0x00000003de400000, 0x00000003de400000|
|  27|0x00000003de800000, 0x00000003de800000, 0x00000003dec00000|  0%| F|  |TS  0|AC  0|TAMS 0x00000003de800000, 0x00000003de800000|
|  28|0x00000003dec00000, 0x00000003dec00000, 0x00000003df000000|  0%| F|  |TS  0|AC  0|TAMS 0x00000003dec00000, 0x00000003dec00000|
|  29|0x00000003df000000, 0x00000003df000000, 0x00000003df400000|  0%| F|  |TS  0|AC  0|TAMS 0x00000003df000000, 0x00000003df000000|
|  30|0x00000003df400000, 0x00000003df400000, 0x00000003df800000|  0%| F|  |TS  0|AC  0|TAMS 0x00000003df400000, 0x00000003df400000|
|  31|0x00000003df800000, 0x00000003df800000, 0x00000003dfc00000|  0%| F|  |TS  0|AC  0|TAMS 0x00000003df800000, 0x00000003df800000|
|  32|0x00000003dfc00000, 0x00000003dfc00000, 0x00000003e0000000|  0%| F|  |TS  0|AC  0|TAMS 0x00000003dfc00000, 0x00000003dfc00000|
|  33|0x00000003e0000000, 0x00000003e0000000, 0x00000003e0400000|  0%| F|  |TS  0|AC  0|TAMS 0x00000003e0000000, 0x00000003e0000000|
|  34|0x00000003e0400000, 0x00000003e0400000, 0x00000003e0800000|  0%| F|  |TS  0|AC  0|TAMS 0x00000003e0400000, 0x00000003e0400000|
|  35|0x00000003e0800000, 0x00000003e0800000, 0x00000003e0c00000|  0%| F|  |TS  0|AC  0|TAMS 0x00000003e0800000, 0x00000003e0800000|
|  36|0x00000003e0c00000, 0x00000003e0c00000, 0x00000003e1000000|  0%| F|  |TS  0|AC  0|TAMS 0x00000003e0c00000, 0x00000003e0c00000|
|  37|0x00000003e1000000, 0x00000003e1000000, 0x00000003e1400000|  0%| F|  |TS  0|AC  0|TAMS 0x00000003e1000000, 0x00000003e1000000|
|  38|0x00000003e1400000, 0x00000003e1400000, 0x00000003e1800000|  0%| F|  |TS  0|AC  0|TAMS 0x00000003e1400000, 0x00000003e1400000|
|  39|0x00000003e1800000, 0x00000003e1800000, 0x00000003e1c00000|  0%| F|  |TS  0|AC  0|TAMS 0x00000003e1800000, 0x00000003e1800000|
|  40|0x00000003e1c00000, 0x00000003e1c00000, 0x00000003e2000000|  0%| F|  |TS  0|AC  0|TAMS 0x00000003e1c00000, 0x00000003e1c00000|
|  41|0x00000003e2000000, 0x00000003e2000000, 0x00000003e2400000|  0%| F|  |TS  0|AC  0|TAMS 0x00000003e2000000, 0x00000003e2000000|
|  42|0x00000003e2400000, 0x00000003e2400000, 0x00000003e2800000|  0%| F|  |TS  0|AC  0|TAMS 0x00000003e2400000, 0x00000003e2400000|
|  43|0x00000003e2800000, 0x00000003e2800000, 0x00000003e2c00000|  0%| F|  |TS  0|AC  0|TAMS 0x00000003e2800000, 0x00000003e2800000|
|  44|0x00000003e2c00000, 0x00000003e2c00000, 0x00000003e3000000|  0%| F|  |TS  0|AC  0|TAMS 0x00000003e2c00000, 0x00000003e2c00000|
|  45|0x00000003e3000000, 0x00000003e3000000, 0x00000003e3400000|  0%| F|  |TS  0|AC  0|TAMS 0x00000003e3000000, 0x00000003e3000000|
|  46|0x00000003e3400000, 0x00000003e3400000, 0x00000003e3800000|  0%| F|  |TS  0|AC  0|TAMS 0x00000003e3400000, 0x00000003e3400000|
|  47|0x00000003e3800000, 0x00000003e3800000, 0x00000003e3c00000|  0%| F|  |TS  0|AC  0|TAMS 0x00000003e3800000, 0x00000003e3800000|
|  48|0x00000003e3c00000, 0x00000003e3c00000, 0x00000003e4000000|  0%| F|  |TS  0|AC  0|TAMS 0x00000003e3c00000, 0x00000003e3c00000|
|  49|0x00000003e4000000, 0x00000003e4000000, 0x00000003e4400000|  0%| F|  |TS  0|AC  0|TAMS 0x00000003e4000000, 0x00000003e4000000|
|  50|0x00000003e4400000, 0x00000003e4400000, 0x00000003e4800000|  0%| F|  |TS  0|AC  0|TAMS 0x00000003e4400000, 0x00000003e4400000|
|  51|0x00000003e4800000, 0x00000003e4800000, 0x00000003e4c00000|  0%| F|  |TS  0|AC  0|TAMS 0x00000003e4800000, 0x00000003e4800000|
|  52|0x00000003e4c00000, 0x00000003e4c00000, 0x00000003e5000000|  0%| F|  |TS  0|AC  0|TAMS 0x00000003e4c00000, 0x00000003e4c00000|
|  53|0x00000003e5000000, 0x00000003e5000000, 0x00000003e5400000|  0%| F|  |TS  0|AC  0|TAMS 0x00000003e5000000, 0x00000003e5000000|
|  54|0x00000003e5400000, 0x00000003e5400000, 0x00000003e5800000|  0%| F|  |TS  0|AC  0|TAMS 0x00000003e5400000, 0x00000003e5400000|
|  55|0x00000003e5800000, 0x00000003e5800000, 0x00000003e5c00000|  0%| F|  |TS  0|AC  0|TAMS 0x00000003e5800000, 0x00000003e5800000|
|  56|0x00000003e5c00000, 0x00000003e5c00000, 0x00000003e6000000|  0%| F|  |TS  0|AC  0|TAMS 0x00000003e5c00000, 0x00000003e5c00000|
|  57|0x00000003e6000000, 0x00000003e6000000, 0x00000003e6400000|  0%| F|  |TS  0|AC  0|TAMS 0x00000003e6000000, 0x00000003e6000000|
|  58|0x00000003e6400000, 0x00000003e6400000, 0x00000003e6800000|  0%| F|  |TS  0|AC  0|TAMS 0x00000003e6400000, 0x00000003e6400000|
|  59|0x00000003e6800000, 0x00000003e6800000, 0x00000003e6c00000|  0%| F|  |TS  0|AC  0|TAMS 0x00000003e6800000, 0x00000003e6800000|
|  60|0x00000003e6c00000, 0x00000003e6c00000, 0x00000003e7000000|  0%| F|  |TS  0|AC  0|TAMS 0x00000003e6c00000, 0x00000003e6c00000|
|  61|0x00000003e7000000, 0x00000003e7000000, 0x00000003e7400000|  0%| F|  |TS  0|AC  0|TAMS 0x00000003e7000000, 0x00000003e7000000|
|  62|0x00000003e7400000, 0x00000003e7400000, 0x00000003e7800000|  0%| F|  |TS  0|AC  0|TAMS 0x00000003e7400000, 0x00000003e7400000|
|  63|0x00000003e7800000, 0x00000003e7800000, 0x00000003e7c00000|  0%| F|  |TS  0|AC  0|TAMS 0x00000003e7800000, 0x00000003e7800000|
|  64|0x00000003e7c00000, 0x00000003e7c00000, 0x00000003e8000000|  0%| F|  |TS  0|AC  0|TAMS 0x00000003e7c00000, 0x00000003e7c00000|
|  65|0x00000003e8000000, 0x00000003e8000000, 0x00000003e8400000|  0%| F|  |TS  0|AC  0|TAMS 0x00000003e8000000, 0x00000003e8000000|
|  66|0x00000003e8400000, 0x00000003e8400000, 0x00000003e8800000|  0%| F|  |TS  0|AC  0|TAMS 0x00000003e8400000, 0x00000003e8400000|
|  67|0x00000003e8800000, 0x00000003e8800000, 0x00000003e8c00000|  0%| F|  |TS  0|AC  0|TAMS 0x00000003e8800000, 0x00000003e8800000|
|  68|0x00000003e8c00000, 0x00000003e8c00000, 0x00000003e9000000|  0%| F|  |TS  0|AC  0|TAMS 0x00000003e8c00000, 0x00000003e8c00000|
|  69|0x00000003e9000000, 0x00000003e9000000, 0x00000003e9400000|  0%| F|  |TS  0|AC  0|TAMS 0x00000003e9000000, 0x00000003e9000000|
|  70|0x00000003e9400000, 0x00000003e9400000, 0x00000003e9800000|  0%| F|  |TS  0|AC  0|TAMS 0x00000003e9400000, 0x00000003e9400000|
|  71|0x00000003e9800000, 0x00000003e9800000, 0x00000003e9c00000|  0%| F|  |TS  0|AC  0|TAMS 0x00000003e9800000, 0x00000003e9800000|
|  72|0x00000003e9c00000, 0x00000003e9c00000, 0x00000003ea000000|  0%| F|  |TS  0|AC  0|TAMS 0x00000003e9c00000, 0x00000003e9c00000|
|  73|0x00000003ea000000, 0x00000003ea000000, 0x00000003ea400000|  0%| F|  |TS  0|AC  0|TAMS 0x00000003ea000000, 0x00000003ea000000|
|  74|0x00000003ea400000, 0x00000003ea400000, 0x00000003ea800000|  0%| F|  |TS  0|AC  0|TAMS 0x00000003ea400000, 0x00000003ea400000|
|  75|0x00000003ea800000, 0x00000003ea800000, 0x00000003eac00000|  0%| F|  |TS  0|AC  0|TAMS 0x00000003ea800000, 0x00000003ea800000|
|  76|0x00000003eac00000, 0x00000003eac00000, 0x00000003eb000000|  0%| F|  |TS  0|AC  0|TAMS 0x00000003eac00000, 0x00000003eac00000|
|  77|0x00000003eb000000, 0x00000003eb000000, 0x00000003eb400000|  0%| F|  |TS  0|AC  0|TAMS 0x00000003eb000000, 0x00000003eb000000|
|  78|0x00000003eb400000, 0x00000003eb400000, 0x00000003eb800000|  0%| F|  |TS  0|AC  0|TAMS 0x00000003eb400000, 0x00000003eb400000|
|  79|0x00000003eb800000, 0x00000003eb800000, 0x00000003ebc00000|  0%| F|  |TS  0|AC  0|TAMS 0x00000003eb800000, 0x00000003eb800000|
|  80|0x00000003ebc00000, 0x00000003ebc00000, 0x00000003ec000000|  0%| F|  |TS  0|AC  0|TAMS 0x00000003ebc00000, 0x00000003ebc00000|
|  81|0x00000003ec000000, 0x00000003ec000000, 0x00000003ec400000|  0%| F|  |TS  0|AC  0|TAMS 0x00000003ec000000, 0x00000003ec000000|
|  82|0x00000003ec400000, 0x00000003ec400000, 0x00000003ec800000|  0%| F|  |TS  0|AC  0|TAMS 0x00000003ec400000, 0x00000003ec400000|
|  83|0x00000003ec800000, 0x00000003ec800000, 0x00000003ecc00000|  0%| F|  |TS  0|AC  0|TAMS 0x00000003ec800000, 0x00000003ec800000|
|  84|0x00000003ecc00000, 0x00000003ecc00000, 0x00000003ed000000|  0%| F|  |TS  0|AC  0|TAMS 0x00000003ecc00000, 0x00000003ecc00000|
|  85|0x00000003ed000000, 0x00000003ed000000, 0x00000003ed400000|  0%| F|  |TS  0|AC  0|TAMS 0x00000003ed000000, 0x00000003ed000000|
|  86|0x00000003ed400000, 0x00000003ed400000, 0x00000003ed800000|  0%| F|  |TS  0|AC  0|TAMS 0x00000003ed400000, 0x00000003ed400000|
|  87|0x00000003ed800000, 0x00000003ed800000, 0x00000003edc00000|  0%| F|  |TS  0|AC  0|TAMS 0x00000003ed800000, 0x00000003ed800000|
|  88|0x00000003edc00000, 0x00000003edc00000, 0x00000003ee000000|  0%| F|  |TS  0|AC  0|TAMS 0x00000003edc00000, 0x00000003edc00000|
|  89|0x00000003ee000000, 0x00000003ee000000, 0x00000003ee400000|  0%| F|  |TS  0|AC  0|TAMS 0x00000003ee000000, 0x00000003ee000000|
|  90|0x00000003ee400000, 0x00000003ee400000, 0x00000003ee800000|  0%| F|  |TS  0|AC  0|TAMS 0x00000003ee400000, 0x00000003ee400000|
|  91|0x00000003ee800000, 0x00000003ee800000, 0x00000003eec00000|  0%| F|  |TS  0|AC  0|TAMS 0x00000003ee800000, 0x00000003ee800000|
|  92|0x00000003eec00000, 0x00000003eec00000, 0x00000003ef000000|  0%| F|  |TS  0|AC  0|TAMS 0x00000003eec00000, 0x00000003eec00000|
|  93|0x00000003ef000000, 0x00000003ef000000, 0x00000003ef400000|  0%| F|  |TS  0|AC  0|TAMS 0x00000003ef000000, 0x00000003ef000000|
|  94|0x00000003ef400000, 0x00000003ef400000, 0x00000003ef800000|  0%| F|  |TS  0|AC  0|TAMS 0x00000003ef400000, 0x00000003ef400000|
|  95|0x00000003ef800000, 0x00000003ef800000, 0x00000003efc00000|  0%| F|  |TS  0|AC  0|TAMS 0x00000003ef800000, 0x00000003ef800000|
|  96|0x00000003efc00000, 0x00000003efc00000, 0x00000003f0000000|  0%| F|  |TS  0|AC  0|TAMS 0x00000003efc00000, 0x00000003efc00000|
|  97|0x00000003f0000000, 0x00000003f0000000, 0x00000003f0400000|  0%| F|  |TS  0|AC  0|TAMS 0x00000003f0000000, 0x00000003f0000000|
|  98|0x00000003f0400000, 0x00000003f0400000, 0x00000003f0800000|  0%| F|  |TS  0|AC  0|TAMS 0x00000003f0400000, 0x00000003f0400000|
|  99|0x00000003f0800000, 0x00000003f0800000, 0x00000003f0c00000|  0%| F|  |TS  0|AC  0|TAMS 0x00000003f0800000, 0x00000003f0800000|
| 100|0x00000003f0c00000, 0x00000003f0c00000, 0x00000003f1000000|  0%| F|  |TS  0|AC  0|TAMS 0x00000003f0c00000, 0x00000003f0c00000|
| 101|0x00000003f1000000, 0x00000003f1000000, 0x00000003f1400000|  0%| F|  |TS  0|AC  0|TAMS 0x00000003f1000000, 0x00000003f1000000|
| 102|0x00000003f1400000, 0x00000003f1400000, 0x00000003f1800000|  0%| F|  |TS  0|AC  0|TAMS 0x00000003f1400000, 0x00000003f1400000|
| 103|0x00000003f1800000, 0x00000003f1800000, 0x00000003f1c00000|  0%| F|  |TS  0|AC  0|TAMS 0x00000003f1800000, 0x00000003f1800000|
| 104|0x00000003f1c00000, 0x00000003f1c00000, 0x00000003f2000000|  0%| F|  |TS  0|AC  0|TAMS 0x00000003f1c00000, 0x00000003f1c00000|
| 105|0x00000003f2000000, 0x00000003f2000000, 0x00000003f2400000|  0%| F|  |TS  0|AC  0|TAMS 0x00000003f2000000, 0x00000003f2000000|
| 106|0x00000003f2400000, 0x00000003f2400000, 0x00000003f2800000|  0%| F|  |TS  0|AC  0|TAMS 0x00000003f2400000, 0x00000003f2400000|
| 107|0x00000003f2800000, 0x00000003f2800000, 0x00000003f2c00000|  0%| F|  |TS  0|AC  0|TAMS 0x00000003f2800000, 0x00000003f2800000|
| 108|0x00000003f2c00000, 0x00000003f2c00000, 0x00000003f3000000|  0%| F|  |TS  0|AC  0|TAMS 0x00000003f2c00000, 0x00000003f2c00000|
| 109|0x00000003f3000000, 0x00000003f3000000, 0x00000003f3400000|  0%| F|  |TS  0|AC  0|TAMS 0x00000003f3000000, 0x00000003f3000000|
| 110|0x00000003f3400000, 0x00000003f3400000, 0x00000003f3800000|  0%| F|  |TS  0|AC  0|TAMS 0x00000003f3400000, 0x00000003f3400000|
| 111|0x00000003f3800000, 0x00000003f3800000, 0x00000003f3c00000|  0%| F|  |TS  0|AC  0|TAMS 0x00000003f3800000, 0x00000003f3800000|
| 112|0x00000003f3c00000, 0x00000003f3c00000, 0x00000003f4000000|  0%| F|  |TS  0|AC  0|TAMS 0x00000003f3c00000, 0x00000003f3c00000|
| 113|0x00000003f4000000, 0x00000003f4000000, 0x00000003f4400000|  0%| F|  |TS  0|AC  0|TAMS 0x00000003f4000000, 0x00000003f4000000|
| 114|0x00000003f4400000, 0x00000003f4400000, 0x00000003f4800000|  0%| F|  |TS  0|AC  0|TAMS 0x00000003f4400000, 0x00000003f4400000|
| 115|0x00000003f4800000, 0x00000003f4800000, 0x00000003f4c00000|  0%| F|  |TS  0|AC  0|TAMS 0x00000003f4800000, 0x00000003f4800000|
| 116|0x00000003f4c00000, 0x00000003f4c00000, 0x00000003f5000000|  0%| F|  |TS  0|AC  0|TAMS 0x00000003f4c00000, 0x00000003f4c00000|
| 117|0x00000003f5000000, 0x00000003f5000000, 0x00000003f5400000|  0%| F|  |TS  0|AC  0|TAMS 0x00000003f5000000, 0x00000003f5000000|
| 118|0x00000003f5400000, 0x00000003f5400000, 0x00000003f5800000|  0%| F|  |TS  0|AC  0|TAMS 0x00000003f5400000, 0x00000003f5400000|
| 119|0x00000003f5800000, 0x00000003f5800000, 0x00000003f5c00000|  0%| F|  |TS  0|AC  0|TAMS 0x00000003f5800000, 0x00000003f5800000|
| 120|0x00000003f5c00000, 0x00000003f5c00000, 0x00000003f6000000|  0%| F|  |TS  0|AC  0|TAMS 0x00000003f5c00000, 0x00000003f5c00000|
| 121|0x00000003f6000000, 0x00000003f6000000, 0x00000003f6400000|  0%| F|  |TS  0|AC  0|TAMS 0x00000003f6000000, 0x00000003f6000000|
| 122|0x00000003f6400000, 0x00000003f6400000, 0x00000003f6800000|  0%| F|  |TS  0|AC  0|TAMS 0x00000003f6400000, 0x00000003f6400000|
| 123|0x00000003f6800000, 0x00000003f6800000, 0x00000003f6c00000|  0%| F|  |TS  0|AC  0|TAMS 0x00000003f6800000, 0x00000003f6800000|
| 124|0x00000003f6c00000, 0x00000003f6c00000, 0x00000003f7000000|  0%| F|  |TS  0|AC  0|TAMS 0x00000003f6c00000, 0x00000003f6c00000|
| 125|0x00000003f7000000, 0x00000003f7000000, 0x00000003f7400000|  0%| F|  |TS  0|AC  0|TAMS 0x00000003f7000000, 0x00000003f7000000|
| 126|0x00000003f7400000, 0x00000003f7400000, 0x00000003f7800000|  0%| F|  |TS  0|AC  0|TAMS 0x00000003f7400000, 0x00000003f7400000|
| 127|0x00000003f7800000, 0x00000003f7800000, 0x00000003f7c00000|  0%| F|  |TS  0|AC  0|TAMS 0x00000003f7800000, 0x00000003f7800000|
| 128|0x00000003f7c00000, 0x00000003f7c00000, 0x00000003f8000000|  0%| F|  |TS  0|AC  0|TAMS 0x00000003f7c00000, 0x00000003f7c00000|
| 129|0x00000003f8000000, 0x00000003f8000000, 0x00000003f8400000|  0%| F|  |TS  0|AC  0|TAMS 0x00000003f8000000, 0x00000003f8000000|
| 130|0x00000003f8400000, 0x00000003f8400000, 0x00000003f8800000|  0%| F|  |TS  0|AC  0|TAMS 0x00000003f8400000, 0x00000003f8400000|
| 131|0x00000003f8800000, 0x00000003f8800000, 0x00000003f8c00000|  0%| F|  |TS  0|AC  0|TAMS 0x00000003f8800000, 0x00000003f8800000|
| 132|0x00000003f8c00000, 0x00000003f8c00000, 0x00000003f9000000|  0%| F|  |TS  0|AC  0|TAMS 0x00000003f8c00000, 0x00000003f8c00000|
| 133|0x00000003f9000000, 0x00000003f9000000, 0x00000003f9400000|  0%| F|  |TS  0|AC  0|TAMS 0x00000003f9000000, 0x00000003f9000000|
| 134|0x00000003f9400000, 0x00000003f9400000, 0x00000003f9800000|  0%| F|  |TS  0|AC  0|TAMS 0x00000003f9400000, 0x00000003f9400000|
| 135|0x00000003f9800000, 0x00000003f9800000, 0x00000003f9c00000|  0%| F|  |TS  0|AC  0|TAMS 0x00000003f9800000, 0x00000003f9800000|
| 136|0x00000003f9c00000, 0x00000003f9c00000, 0x00000003fa000000|  0%| F|  |TS  0|AC  0|TAMS 0x00000003f9c00000, 0x00000003f9c00000|
| 137|0x00000003fa000000, 0x00000003fa000000, 0x00000003fa400000|  0%| F|  |TS  0|AC  0|TAMS 0x00000003fa000000, 0x00000003fa000000|
| 138|0x00000003fa400000, 0x00000003fa400000, 0x00000003fa800000|  0%| F|  |TS  0|AC  0|TAMS 0x00000003fa400000, 0x00000003fa400000|
| 139|0x00000003fa800000, 0x00000003fa800000, 0x00000003fac00000|  0%| F|  |TS  0|AC  0|TAMS 0x00000003fa800000, 0x00000003fa800000|
| 140|0x00000003fac00000, 0x00000003fac00000, 0x00000003fb000000|  0%| F|  |TS  0|AC  0|TAMS 0x00000003fac00000, 0x00000003fac00000|
| 141|0x00000003fb000000, 0x00000003fb000000, 0x00000003fb400000|  0%| F|  |TS  0|AC  0|TAMS 0x00000003fb000000, 0x00000003fb000000|
| 142|0x00000003fb400000, 0x00000003fb400000, 0x00000003fb800000|  0%| F|  |TS  0|AC  0|TAMS 0x00000003fb400000, 0x00000003fb400000|
| 143|0x00000003fb800000, 0x00000003fb800000, 0x00000003fbc00000|  0%| F|  |TS  0|AC  0|TAMS 0x00000003fb800000, 0x00000003fb800000|
| 144|0x00000003fbc00000, 0x00000003fbc00000, 0x00000003fc000000|  0%| F|  |TS  0|AC  0|TAMS 0x00000003fbc00000, 0x00000003fbc00000|
| 145|0x00000003fc000000, 0x00000003fc000000, 0x00000003fc400000|  0%| F|  |TS  0|AC  0|TAMS 0x00000003fc000000, 0x00000003fc000000|
| 146|0x00000003fc400000, 0x00000003fc400000, 0x00000003fc800000|  0%| F|  |TS  0|AC  0|TAMS 0x00000003fc400000, 0x00000003fc400000|
| 147|0x00000003fc800000, 0x00000003fc800000, 0x00000003fcc00000|  0%| F|  |TS  0|AC  0|TAMS 0x00000003fc800000, 0x00000003fc800000|
| 148|0x00000003fcc00000, 0x00000003fcc00000, 0x00000003fd000000|  0%| F|  |TS  0|AC  0|TAMS 0x00000003fcc00000, 0x00000003fcc00000|
| 149|0x00000003fd000000, 0x00000003fd000000, 0x00000003fd400000|  0%| F|  |TS  0|AC  0|TAMS 0x00000003fd000000, 0x00000003fd000000|
| 150|0x00000003fd400000, 0x00000003fd400000, 0x00000003fd800000|  0%| F|  |TS  0|AC  0|TAMS 0x00000003fd400000, 0x00000003fd400000|
| 151|0x00000003fd800000, 0x00000003fd800000, 0x00000003fdc00000|  0%| F|  |TS  0|AC  0|TAMS 0x00000003fd800000, 0x00000003fd800000|
| 152|0x00000003fdc00000, 0x00000003fdc00000, 0x00000003fe000000|  0%| F|  |TS  0|AC  0|TAMS 0x00000003fdc00000, 0x00000003fdc00000|
| 153|0x00000003fe000000, 0x00000003fe000000, 0x00000003fe400000|  0%| F|  |TS  0|AC  0|TAMS 0x00000003fe000000, 0x00000003fe000000|
| 154|0x00000003fe400000, 0x00000003fe400000, 0x00000003fe800000|  0%| F|  |TS  0|AC  0|TAMS 0x00000003fe400000, 0x00000003fe400000|
| 155|0x00000003fe800000, 0x00000003fe800000, 0x00000003fec00000|  0%| F|  |TS  0|AC  0|TAMS 0x00000003fe800000, 0x00000003fe800000|
| 156|0x00000003fec00000, 0x00000003fec00000, 0x00000003ff000000|  0%| F|  |TS  0|AC  0|TAMS 0x00000003fec00000, 0x00000003fec00000|
| 157|0x00000003ff000000, 0x00000003ff000000, 0x00000003ff400000|  0%| F|  |TS  0|AC  0|TAMS 0x00000003ff000000, 0x00000003ff000000|
| 158|0x00000003ff400000, 0x00000003ff400000, 0x00000003ff800000|  0%| F|  |TS  0|AC  0|TAMS 0x00000003ff400000, 0x00000003ff400000|
| 159|0x00000003ff800000, 0x00000003ff800000, 0x00000003ffc00000|  0%| F|  |TS  0|AC  0|TAMS 0x00000003ff800000, 0x00000003ff800000|
| 160|0x00000003ffc00000, 0x00000003ffc00000, 0x0000000400000000|  0%| F|  |TS  0|AC  0|TAMS 0x00000003ffc00000, 0x00000003ffc00000|
| 161|0x0000000400000000, 0x0000000400000000, 0x0000000400400000|  0%| F|  |TS  0|AC  0|TAMS 0x0000000400000000, 0x0000000400000000|
| 162|0x0000000400400000, 0x0000000400400000, 0x0000000400800000|  0%| F|  |TS  0|AC  0|TAMS 0x0000000400400000, 0x0000000400400000|
| 163|0x0000000400800000, 0x0000000400800000, 0x0000000400c00000|  0%| F|  |TS  0|AC  0|TAMS 0x0000000400800000, 0x0000000400800000|
| 164|0x0000000400c00000, 0x0000000400c00000, 0x0000000401000000|  0%| F|  |TS  0|AC  0|TAMS 0x0000000400c00000, 0x0000000400c00000|
| 165|0x0000000401000000, 0x0000000401000000, 0x0000000401400000|  0%| F|  |TS  0|AC  0|TAMS 0x0000000401000000, 0x0000000401000000|
| 166|0x0000000401400000, 0x0000000401400000, 0x0000000401800000|  0%| F|  |TS  0|AC  0|TAMS 0x0000000401400000, 0x0000000401400000|
| 167|0x0000000401800000, 0x0000000401800000, 0x0000000401c00000|  0%| F|  |TS  0|AC  0|TAMS 0x0000000401800000, 0x0000000401800000|
| 168|0x0000000401c00000, 0x0000000401c00000, 0x0000000402000000|  0%| F|  |TS  0|AC  0|TAMS 0x0000000401c00000, 0x0000000401c00000|
| 169|0x0000000402000000, 0x0000000402000000, 0x0000000402400000|  0%| F|  |TS  0|AC  0|TAMS 0x0000000402000000, 0x0000000402000000|
| 170|0x0000000402400000, 0x0000000402400000, 0x0000000402800000|  0%| F|  |TS  0|AC  0|TAMS 0x0000000402400000, 0x0000000402400000|
| 171|0x0000000402800000, 0x0000000402800000, 0x0000000402c00000|  0%| F|  |TS  0|AC  0|TAMS 0x0000000402800000, 0x0000000402800000|
| 172|0x0000000402c00000, 0x0000000402c00000, 0x0000000403000000|  0%| F|  |TS  0|AC  0|TAMS 0x0000000402c00000, 0x0000000402c00000|
| 173|0x0000000403000000, 0x0000000403000000, 0x0000000403400000|  0%| F|  |TS  0|AC  0|TAMS 0x0000000403000000, 0x0000000403000000|
| 174|0x0000000403400000, 0x0000000403400000, 0x0000000403800000|  0%| F|  |TS  0|AC  0|TAMS 0x0000000403400000, 0x0000000403400000|
| 175|0x0000000403800000, 0x0000000403800000, 0x0000000403c00000|  0%| F|  |TS  0|AC  0|TAMS 0x0000000403800000, 0x0000000403800000|
| 176|0x0000000403c00000, 0x0000000403c00000, 0x0000000404000000|  0%| F|  |TS  0|AC  0|TAMS 0x0000000403c00000, 0x0000000403c00000|
| 177|0x0000000404000000, 0x0000000404000000, 0x0000000404400000|  0%| F|  |TS  0|AC  0|TAMS 0x0000000404000000, 0x0000000404000000|
| 178|0x0000000404400000, 0x0000000404400000, 0x0000000404800000|  0%| F|  |TS  0|AC  0|TAMS 0x0000000404400000, 0x0000000404400000|
| 179|0x0000000404800000, 0x0000000404800000, 0x0000000404c00000|  0%| F|  |TS  0|AC  0|TAMS 0x0000000404800000, 0x0000000404800000|
| 180|0x0000000404c00000, 0x0000000404c00000, 0x0000000405000000|  0%| F|  |TS  0|AC  0|TAMS 0x0000000404c00000, 0x0000000404c00000|
| 181|0x0000000405000000, 0x0000000405000000, 0x0000000405400000|  0%| F|  |TS  0|AC  0|TAMS 0x0000000405000000, 0x0000000405000000|
| 182|0x0000000405400000, 0x0000000405400000, 0x0000000405800000|  0%| F|  |TS  0|AC  0|TAMS 0x0000000405400000, 0x0000000405400000|
| 183|0x0000000405800000, 0x0000000405800000, 0x0000000405c00000|  0%| F|  |TS  0|AC  0|TAMS 0x0000000405800000, 0x0000000405800000|
| 184|0x0000000405c00000, 0x0000000405c00000, 0x0000000406000000|  0%| F|  |TS  0|AC  0|TAMS 0x0000000405c00000, 0x0000000405c00000|
| 185|0x0000000406000000, 0x0000000406000000, 0x0000000406400000|  0%| F|  |TS  0|AC  0|TAMS 0x0000000406000000, 0x0000000406000000|
| 186|0x0000000406400000, 0x0000000406400000, 0x0000000406800000|  0%| F|  |TS  0|AC  0|TAMS 0x0000000406400000, 0x0000000406400000|
| 187|0x0000000406800000, 0x0000000406800000, 0x0000000406c00000|  0%| F|  |TS  0|AC  0|TAMS 0x0000000406800000, 0x0000000406800000|
| 188|0x0000000406c00000, 0x0000000406c00000, 0x0000000407000000|  0%| F|  |TS  0|AC  0|TAMS 0x0000000406c00000, 0x0000000406c00000|
| 189|0x0000000407000000, 0x0000000407000000, 0x0000000407400000|  0%| F|  |TS  0|AC  0|TAMS 0x0000000407000000, 0x0000000407000000|
| 190|0x0000000407400000, 0x0000000407400000, 0x0000000407800000|  0%| F|  |TS  0|AC  0|TAMS 0x0000000407400000, 0x0000000407400000|
| 191|0x0000000407800000, 0x0000000407800000, 0x0000000407c00000|  0%| F|  |TS  0|AC  0|TAMS 0x0000000407800000, 0x0000000407800000|
| 192|0x0000000407c00000, 0x0000000407c00000, 0x0000000408000000|  0%| F|  |TS  0|AC  0|TAMS 0x0000000407c00000, 0x0000000407c00000|
| 193|0x0000000408000000, 0x0000000408000000, 0x0000000408400000|  0%| F|  |TS  0|AC  0|TAMS 0x0000000408000000, 0x0000000408000000|
| 194|0x0000000408400000, 0x0000000408400000, 0x0000000408800000|  0%| F|  |TS  0|AC  0|TAMS 0x0000000408400000, 0x0000000408400000|
| 195|0x0000000408800000, 0x0000000408800000, 0x0000000408c00000|  0%| F|  |TS  0|AC  0|TAMS 0x0000000408800000, 0x0000000408800000|
| 196|0x0000000408c00000, 0x0000000408c00000, 0x0000000409000000|  0%| F|  |TS  0|AC  0|TAMS 0x0000000408c00000, 0x0000000408c00000|
| 197|0x0000000409000000, 0x0000000409000000, 0x0000000409400000|  0%| F|  |TS  0|AC  0|TAMS 0x0000000409000000, 0x0000000409000000|
| 198|0x0000000409400000, 0x0000000409400000, 0x0000000409800000|  0%| F|  |TS  0|AC  0|TAMS 0x0000000409400000, 0x0000000409400000|
| 199|0x0000000409800000, 0x0000000409800000, 0x0000000409c00000|  0%| F|  |TS  0|AC  0|TAMS 0x0000000409800000, 0x0000000409800000|
| 200|0x0000000409c00000, 0x0000000409c00000, 0x000000040a000000|  0%| F|  |TS  0|AC  0|TAMS 0x0000000409c00000, 0x0000000409c00000|
| 201|0x000000040a000000, 0x000000040a000000, 0x000000040a400000|  0%| F|  |TS  0|AC  0|TAMS 0x000000040a000000, 0x000000040a000000|
| 202|0x000000040a400000, 0x000000040a400000, 0x000000040a800000|  0%| F|  |TS  0|AC  0|TAMS 0x000000040a400000, 0x000000040a400000|
| 203|0x000000040a800000, 0x000000040a800000, 0x000000040ac00000|  0%| F|  |TS  0|AC  0|TAMS 0x000000040a800000, 0x000000040a800000|
| 204|0x000000040ac00000, 0x000000040ac00000, 0x000000040b000000|  0%| F|  |TS  0|AC  0|TAMS 0x000000040ac00000, 0x000000040ac00000|
| 205|0x000000040b000000, 0x000000040b000000, 0x000000040b400000|  0%| F|  |TS  0|AC  0|TAMS 0x000000040b000000, 0x000000040b000000|
| 206|0x000000040b400000, 0x000000040b400000, 0x000000040b800000|  0%| F|  |TS  0|AC  0|TAMS 0x000000040b400000, 0x000000040b400000|
| 207|0x000000040b800000, 0x000000040b800000, 0x000000040bc00000|  0%| F|  |TS  0|AC  0|TAMS 0x000000040b800000, 0x000000040b800000|
| 208|0x000000040bc00000, 0x000000040bc00000, 0x000000040c000000|  0%| F|  |TS  0|AC  0|TAMS 0x000000040bc00000, 0x000000040bc00000|
| 209|0x000000040c000000, 0x000000040c000000, 0x000000040c400000|  0%| F|  |TS  0|AC  0|TAMS 0x000000040c000000, 0x000000040c000000|
| 210|0x000000040c400000, 0x000000040c400000, 0x000000040c800000|  0%| F|  |TS  0|AC  0|TAMS 0x000000040c400000, 0x000000040c400000|
| 211|0x000000040c800000, 0x000000040c800000, 0x000000040cc00000|  0%| F|  |TS  0|AC  0|TAMS 0x000000040c800000, 0x000000040c800000|
| 212|0x000000040cc00000, 0x000000040cc00000, 0x000000040d000000|  0%| F|  |TS  0|AC  0|TAMS 0x000000040cc00000, 0x000000040cc00000|
| 213|0x000000040d000000, 0x000000040d000000, 0x000000040d400000|  0%| F|  |TS  0|AC  0|TAMS 0x000000040d000000, 0x000000040d000000|
| 214|0x000000040d400000, 0x000000040d400000, 0x000000040d800000|  0%| F|  |TS  0|AC  0|TAMS 0x000000040d400000, 0x000000040d400000|
| 215|0x000000040d800000, 0x000000040d800000, 0x000000040dc00000|  0%| F|  |TS  0|AC  0|TAMS 0x000000040d800000, 0x000000040d800000|
| 216|0x000000040dc00000, 0x000000040dc00000, 0x000000040e000000|  0%| F|  |TS  0|AC  0|TAMS 0x000000040dc00000, 0x000000040dc00000|
| 217|0x000000040e000000, 0x000000040e000000, 0x000000040e400000|  0%| F|  |TS  0|AC  0|TAMS 0x000000040e000000, 0x000000040e000000|
| 218|0x000000040e400000, 0x000000040e400000, 0x000000040e800000|  0%| F|  |TS  0|AC  0|TAMS 0x000000040e400000, 0x000000040e400000|
| 219|0x000000040e800000, 0x000000040e800000, 0x000000040ec00000|  0%| F|  |TS  0|AC  0|TAMS 0x000000040e800000, 0x000000040e800000|
| 220|0x000000040ec00000, 0x000000040ec00000, 0x000000040f000000|  0%| F|  |TS  0|AC  0|TAMS 0x000000040ec00000, 0x000000040ec00000|
| 221|0x000000040f000000, 0x000000040f000000, 0x000000040f400000|  0%| F|  |TS  0|AC  0|TAMS 0x000000040f000000, 0x000000040f000000|
| 222|0x000000040f400000, 0x000000040f400000, 0x000000040f800000|  0%| F|  |TS  0|AC  0|TAMS 0x000000040f400000, 0x000000040f400000|
| 223|0x000000040f800000, 0x000000040f800000, 0x000000040fc00000|  0%| F|  |TS  0|AC  0|TAMS 0x000000040f800000, 0x000000040f800000|
| 224|0x000000040fc00000, 0x000000040fc00000, 0x0000000410000000|  0%| F|  |TS  0|AC  0|TAMS 0x000000040fc00000, 0x000000040fc00000|
| 225|0x0000000410000000, 0x0000000410000000, 0x0000000410400000|  0%| F|  |TS  0|AC  0|TAMS 0x0000000410000000, 0x0000000410000000|
| 226|0x0000000410400000, 0x0000000410400000, 0x0000000410800000|  0%| F|  |TS  0|AC  0|TAMS 0x0000000410400000, 0x0000000410400000|
| 227|0x0000000410800000, 0x0000000410800000, 0x0000000410c00000|  0%| F|  |TS  0|AC  0|TAMS 0x0000000410800000, 0x0000000410800000|
| 228|0x0000000410c00000, 0x0000000410c00000, 0x0000000411000000|  0%| F|  |TS  0|AC  0|TAMS 0x0000000410c00000, 0x0000000410c00000|
| 229|0x0000000411000000, 0x0000000411000000, 0x0000000411400000|  0%| F|  |TS  0|AC  0|TAMS 0x0000000411000000, 0x0000000411000000|
| 230|0x0000000411400000, 0x0000000411400000, 0x0000000411800000|  0%| F|  |TS  0|AC  0|TAMS 0x0000000411400000, 0x0000000411400000|
| 231|0x0000000411800000, 0x0000000411800000, 0x0000000411c00000|  0%| F|  |TS  0|AC  0|TAMS 0x0000000411800000, 0x0000000411800000|
| 232|0x0000000411c00000, 0x0000000411c00000, 0x0000000412000000|  0%| F|  |TS  0|AC  0|TAMS 0x0000000411c00000, 0x0000000411c00000|
| 233|0x0000000412000000, 0x0000000412000000, 0x0000000412400000|  0%| F|  |TS  0|AC  0|TAMS 0x0000000412000000, 0x0000000412000000|
| 234|0x0000000412400000, 0x0000000412400000, 0x0000000412800000|  0%| F|  |TS  0|AC  0|TAMS 0x0000000412400000, 0x0000000412400000|
| 235|0x0000000412800000, 0x0000000412800000, 0x0000000412c00000|  0%| F|  |TS  0|AC  0|TAMS 0x0000000412800000, 0x0000000412800000|
| 236|0x0000000412c00000, 0x0000000412c00000, 0x0000000413000000|  0%| F|  |TS  0|AC  0|TAMS 0x0000000412c00000, 0x0000000412c00000|
| 237|0x0000000413000000, 0x0000000413000000, 0x0000000413400000|  0%| F|  |TS  0|AC  0|TAMS 0x0000000413000000, 0x0000000413000000|
| 238|0x0000000413400000, 0x0000000413400000, 0x0000000413800000|  0%| F|  |TS  0|AC  0|TAMS 0x0000000413400000, 0x0000000413400000|
| 239|0x0000000413800000, 0x0000000413800000, 0x0000000413c00000|  0%| F|  |TS  0|AC  0|TAMS 0x0000000413800000, 0x0000000413800000|
| 240|0x0000000413c00000, 0x0000000413c00000, 0x0000000414000000|  0%| F|  |TS  0|AC  0|TAMS 0x0000000413c00000, 0x0000000413c00000|
| 241|0x0000000414000000, 0x0000000414000000, 0x0000000414400000|  0%| F|  |TS  0|AC  0|TAMS 0x0000000414000000, 0x0000000414000000|
| 242|0x0000000414400000, 0x0000000414400000, 0x0000000414800000|  0%| F|  |TS  0|AC  0|TAMS 0x0000000414400000, 0x0000000414400000|
| 243|0x0000000414800000, 0x0000000414800000, 0x0000000414c00000|  0%| F|  |TS  0|AC  0|TAMS 0x0000000414800000, 0x0000000414800000|
| 244|0x0000000414c00000, 0x0000000414c00000, 0x0000000415000000|  0%| F|  |TS  0|AC  0|TAMS 0x0000000414c00000, 0x0000000414c00000|
| 245|0x0000000415000000, 0x0000000415000000, 0x0000000415400000|  0%| F|  |TS  0|AC  0|TAMS 0x0000000415000000, 0x0000000415000000|
| 246|0x0000000415400000, 0x0000000415400000, 0x0000000415800000|  0%| F|  |TS  0|AC  0|TAMS 0x0000000415400000, 0x0000000415400000|
| 247|0x0000000415800000, 0x0000000415ae1d08, 0x0000000415c00000| 72%| E|  |TS  0|AC  0|TAMS 0x0000000415800000, 0x0000000415800000|
| 248|0x0000000415c00000, 0x0000000416000000, 0x0000000416000000|100%| E|CS|TS  0|AC  0|TAMS 0x0000000415c00000, 0x0000000415c00000|
| 249|0x0000000416000000, 0x0000000416400000, 0x0000000416400000|100%| E|CS|TS  0|AC  0|TAMS 0x0000000416000000, 0x0000000416000000|
| 250|0x0000000416400000, 0x0000000416800000, 0x0000000416800000|100%| E|CS|TS  0|AC  0|TAMS 0x0000000416400000, 0x0000000416400000|

Card table byte_map: [0x00007f48c60be000,0x00007f48c8000000] byte_map_base: 0x00007f48c4200000

Marking Bits (Prev, Next): (CMBitMap*) 0x00007f499009e800, (CMBitMap*) 0x00007f499009e838
 Prev Bits: [0x00007f48b476c000, 0x00007f48c417c000)
 Next Bits: [0x00007f48a4d5c000, 0x00007f48b476c000)

Polling page: 0x00007f4995b42000

CodeHeap 'non-profiled nmethods': size=119172Kb used=192Kb max_used=192Kb free=118979Kb
 bounds [0x00007f497cc97000, 0x00007f497cf07000, 0x00007f49840f8000]
CodeHeap 'profiled nmethods': size=119172Kb used=570Kb max_used=570Kb free=118601Kb
 bounds [0x00007f4975836000, 0x00007f4975aa6000, 0x00007f497cc97000]
CodeHeap 'non-nmethods': size=7416Kb used=2867Kb max_used=2895Kb free=4549Kb
 bounds [0x00007f49750f8000, 0x00007f49753d8000, 0x00007f4975836000]
 total_blobs=930 nmethods=437 adapters=236
 compilation: enabled

Compilation events (10 events):
Event: 0.426 Thread 0x00007f49902ad000  435       4       Print::logPrint (8 bytes)
Event: 0.427 Thread 0x00007f49902af000 nmethod 424 0x00007f497ccbf110 code [0x00007f497ccbf340, 0x00007f497ccc0208]
Event: 0.427 Thread 0x00007f49902af000  436   !   4       java.io.PrintStream::write (83 bytes)
Event: 0.430 Thread 0x00007f49902b8000  437   !   4       java.io.PrintStream::newLine (73 bytes)
Event: 0.430 Thread 0x00007f49902b4800  434       4       java.nio.ByteBuffer::arrayOffset (35 bytes)
Event: 0.431 Thread 0x00007f49902b4800 nmethod 434 0x00007f497ccc0c10 code [0x00007f497ccc0da0, 0x00007f497ccc0e38]
Event: 0.440 Thread 0x00007f49902af000 nmethod 436 0x00007f497ccc0f10 code [0x00007f497ccc1120, 0x00007f497ccc1d58]
Event: 0.441 Thread 0x00007f49902b8000 nmethod 437 0x00007f497ccc2510 code [0x00007f497ccc2760, 0x00007f497ccc3568]
Event: 0.483 Thread 0x00007f49902ad000 nmethod 435 0x00007f497ccc3e10 code [0x00007f497ccc4100, 0x00007f497ccc5fc0]
Event: 0.574 Thread 0x00007f49902bf000  438 %     3       org.apache.batik.apps.rasterizer.Main::main @ 354 (6735 bytes)

GC Heap History (0 events):
No events

Deoptimization events (0 events):
No events

Classes redefined (0 events):
No events

Internal exceptions (2 events):
Event: 0.289 Thread 0x00007f4990011800 Exception <a 'java/lang/NoSuchMethodError'{0x00000004167c3b80}: java.lang.invoke.DirectMethodHandle$Holder.invokeInterface(Ljava/lang/Object;Ljava/lang/Object;)Ljava/lang/Object;> (0x00000004167c3b80) thrown at [/scratch/opt/mach5/mesos/work_dir/slaves/5a
Event: 0.292 Thread 0x00007f4990011800 Exception <a 'java/lang/NoSuchMethodError'{0x00000004167d03e8}: java.lang.invoke.DirectMethodHandle$Holder.invokeInterface(Ljava/lang/Object;Ljava/lang/Object;Ljava/lang/Object;)I> (0x00000004167d03e8) thrown at [/scratch/opt/mach5/mesos/work_dir/slaves/5

Events (10 events):
Event: 0.425 Thread 0x00007f4990011800 DEOPT PACKING pc=0x00007f49758a6fa4 sp=0x00007f49941ecf50
Event: 0.425 Thread 0x00007f4990011800 DEOPT UNPACKING pc=0x00007f4975145aab sp=0x00007f49941ec538 mode 0
Event: 0.425 Thread 0x00007f4990011800 DEOPT PACKING pc=0x00007f49758a6fa4 sp=0x00007f49941ecf50
Event: 0.425 Thread 0x00007f4990011800 DEOPT UNPACKING pc=0x00007f4975145aab sp=0x00007f49941ec538 mode 0
Event: 0.425 Thread 0x00007f4990011800 DEOPT PACKING pc=0x00007f49758a6fa4 sp=0x00007f49941ecf50
Event: 0.425 Thread 0x00007f4990011800 DEOPT UNPACKING pc=0x00007f4975145aab sp=0x00007f49941ec538 mode 0
Event: 0.426 Thread 0x00007f4990011800 DEOPT PACKING pc=0x00007f49758a6fa4 sp=0x00007f49941ecf50
Event: 0.426 Thread 0x00007f4990011800 DEOPT UNPACKING pc=0x00007f4975145aab sp=0x00007f49941ec538 mode 0
Event: 0.426 Thread 0x00007f4990011800 DEOPT PACKING pc=0x00007f49758a6fa4 sp=0x00007f49941ecf50
Event: 0.426 Thread 0x00007f4990011800 DEOPT UNPACKING pc=0x00007f4975145aab sp=0x00007f49941ec538 mode 0


Dynamic libraries:
00400000-00401000 r-xp 00000000 00:65 77077150                           /root/oracle/jdk-9.0.4/bin/java
00600000-00601000 rw-p 00000000 00:65 77077150                           /root/oracle/jdk-9.0.4/bin/java
0234e000-0236f000 rw-p 00000000 00:00 0                                  [heap]
3d7c00000-416800000 rw-p 00000000 00:00 0 
416800000-7c0000000 ---p 00000000 00:00 0 
7c0000000-7c00a0000 rw-p 00000000 00:00 0 
7c00a0000-800000000 ---p 00000000 00:00 0 
7f4834000000-7f4834021000 rw-p 00000000 00:00 0 
7f4834021000-7f4838000000 ---p 00000000 00:00 0 
7f483bbd0000-7f483befe000 rw-p 00000000 00:00 0 
7f483befe000-7f483beff000 ---p 00000000 00:00 0 
7f483beff000-7f483c000000 rw-p 00000000 00:00 0 
7f483c000000-7f483c021000 rw-p 00000000 00:00 0 
7f483c021000-7f4840000000 ---p 00000000 00:00 0 
7f4840000000-7f4840021000 rw-p 00000000 00:00 0 
7f4840021000-7f4844000000 ---p 00000000 00:00 0 
7f4844000000-7f484403e000 rw-p 00000000 00:00 0 
7f484403e000-7f4848000000 ---p 00000000 00:00 0 
7f4848000000-7f4848021000 rw-p 00000000 00:00 0 
7f4848021000-7f484c000000 ---p 00000000 00:00 0 
7f484c000000-7f484c09c000 rw-p 00000000 00:00 0 
7f484c09c000-7f4850000000 ---p 00000000 00:00 0 
7f4850000000-7f4850088000 rw-p 00000000 00:00 0 
7f4850088000-7f4854000000 ---p 00000000 00:00 0 
7f4854000000-7f4854073000 rw-p 00000000 00:00 0 
7f4854073000-7f4858000000 ---p 00000000 00:00 0 
7f4858000000-7f4858021000 rw-p 00000000 00:00 0 
7f4858021000-7f485c000000 ---p 00000000 00:00 0 
7f485c000000-7f485c0c5000 rw-p 00000000 00:00 0 
7f485c0c5000-7f4860000000 ---p 00000000 00:00 0 
7f4860000000-7f48600bb000 rw-p 00000000 00:00 0 
7f48600bb000-7f4864000000 ---p 00000000 00:00 0 
7f4864000000-7f4864132000 rw-p 00000000 00:00 0 
7f4864132000-7f4868000000 ---p 00000000 00:00 0 
7f4868000000-7f4868189000 rw-p 00000000 00:00 0 
7f4868189000-7f486c000000 ---p 00000000 00:00 0 
7f486c000000-7f486c12d000 rw-p 00000000 00:00 0 
7f486c12d000-7f4870000000 ---p 00000000 00:00 0 
7f4870000000-7f4870183000 rw-p 00000000 00:00 0 
7f4870183000-7f4874000000 ---p 00000000 00:00 0 
7f4874000000-7f4874021000 rw-p 00000000 00:00 0 
7f4874021000-7f4878000000 ---p 00000000 00:00 0 
7f4878000000-7f48782a2000 rw-p 00000000 00:00 0 
7f48782a2000-7f487c000000 ---p 00000000 00:00 0 
7f487c000000-7f487c021000 rw-p 00000000 00:00 0 
7f487c021000-7f4880000000 ---p 00000000 00:00 0 
7f4880000000-7f4880021000 rw-p 00000000 00:00 0 
7f4880021000-7f4884000000 ---p 00000000 00:00 0 
7f4884000000-7f4884021000 rw-p 00000000 00:00 0 
7f4884021000-7f4888000000 ---p 00000000 00:00 0 
7f4888000000-7f4888021000 rw-p 00000000 00:00 0 
7f4888021000-7f488c000000 ---p 00000000 00:00 0 
7f488c04e000-7f488c052000 ---p 00000000 00:00 0 
7f488c052000-7f488c14f000 rw-p 00000000 00:00 0 
7f488c14f000-7f488c153000 ---p 00000000 00:00 0 
7f488c153000-7f488c250000 rw-p 00000000 00:00 0 
7f488c250000-7f488c266000 r-xp 00000000 00:65 77077477                   /root/oracle/jdk-9.0.4/lib/libnet.so
7f488c266000-7f488c466000 ---p 00016000 00:65 77077477                   /root/oracle/jdk-9.0.4/lib/libnet.so
7f488c466000-7f488c467000 rw-p 00016000 00:65 77077477                   /root/oracle/jdk-9.0.4/lib/libnet.so
7f488c467000-7f488c477000 r-xp 00000000 00:65 77077594                   /root/oracle/jdk-9.0.4/lib/libnio.so
7f488c477000-7f488c677000 ---p 00010000 00:65 77077594                   /root/oracle/jdk-9.0.4/lib/libnio.so
7f488c677000-7f488c678000 rw-p 00010000 00:65 77077594                   /root/oracle/jdk-9.0.4/lib/libnio.so
7f488c678000-7f488c67c000 ---p 00000000 00:00 0 
7f488c67c000-7f488c779000 rw-p 00000000 00:00 0 
7f488c779000-7f488c77d000 ---p 00000000 00:00 0 
7f488c77d000-7f488c87a000 rw-p 00000000 00:00 0 
7f488c87a000-7f488c87e000 ---p 00000000 00:00 0 
7f488c87e000-7f488c97b000 rw-p 00000000 00:00 0 
7f488c97b000-7f488c97f000 ---p 00000000 00:00 0 
7f488c97f000-7f488ca7c000 rw-p 00000000 00:00 0 
7f488ca7c000-7f488ca80000 ---p 00000000 00:00 0 
7f488ca80000-7f488cb7d000 rw-p 00000000 00:00 0 
7f488cb7d000-7f488cb81000 ---p 00000000 00:00 0 
7f488cb81000-7f488cc7e000 rw-p 00000000 00:00 0 
7f488cc7e000-7f488cc82000 ---p 00000000 00:00 0 
7f488cc82000-7f488cd7f000 rw-p 00000000 00:00 0 
7f488cd7f000-7f488cd83000 ---p 00000000 00:00 0 
7f488cd83000-7f488ce80000 rw-p 00000000 00:00 0 
7f488ce80000-7f488ce84000 ---p 00000000 00:00 0 
7f488ce84000-7f488cf81000 rw-p 00000000 00:00 0 
7f488cf81000-7f488cf85000 ---p 00000000 00:00 0 
7f488cf85000-7f488d082000 rw-p 00000000 00:00 0 
7f488d082000-7f488d086000 ---p 00000000 00:00 0 
7f488d086000-7f488d183000 rw-p 00000000 00:00 0 
7f488d183000-7f488d187000 ---p 00000000 00:00 0 
7f488d187000-7f488d284000 rw-p 00000000 00:00 0 
7f488d284000-7f488d288000 ---p 00000000 00:00 0 
7f488d288000-7f488d385000 rw-p 00000000 00:00 0 
7f488d385000-7f488d389000 ---p 00000000 00:00 0 
7f488d389000-7f488d486000 rw-p 00000000 00:00 0 
7f488d486000-7f488d48a000 ---p 00000000 00:00 0 
7f488d48a000-7f488d587000 rw-p 00000000 00:00 0 
7f488d587000-7f488d58b000 ---p 00000000 00:00 0 
7f488d58b000-7f488d688000 rw-p 00000000 00:00 0 
7f488d688000-7f488d689000 ---p 00000000 00:00 0 
7f488d689000-7f488de00000 rw-p 00000000 00:00 0 
7f488de00000-7f488e000000 ---p 00000000 00:00 0 
7f488e000000-7f4890000000 rwxp 00000000 00:00 0 
7f4890000000-7f4890021000 rw-p 00000000 00:00 0 
7f4890021000-7f4894000000 ---p 00000000 00:00 0 
7f4894000000-7f4894021000 rw-p 00000000 00:00 0 
7f4894021000-7f4898000000 ---p 00000000 00:00 0 
7f4898000000-7f4898021000 rw-p 00000000 00:00 0 
7f4898021000-7f489c000000 ---p 00000000 00:00 0 
7f489c000000-7f489c021000 rw-p 00000000 00:00 0 
7f489c021000-7f48a0000000 ---p 00000000 00:00 0 
7f48a0000000-7f48a0021000 rw-p 00000000 00:00 0 
7f48a0021000-7f48a4000000 ---p 00000000 00:00 0 
7f48a404f000-7f48a5d0c000 rw-p 00000000 00:00 0 
7f48a5d0c000-7f48b476c000 ---p 00000000 00:00 0 
7f48b476c000-7f48b571c000 rw-p 00000000 00:00 0 
7f48b571c000-7f48c417c000 ---p 00000000 00:00 0 
7f48c417c000-7f48c4372000 rw-p 00000000 00:00 0 
7f48c4372000-7f48c60be000 ---p 00000000 00:00 0 
7f48c60be000-7f48c62b4000 rw-p 00000000 00:00 0 
7f48c62b4000-7f48c8000000 ---p 00000000 00:00 0 
7f48c8000000-7f48c8021000 rw-p 00000000 00:00 0 
7f48c8021000-7f48cc000000 ---p 00000000 00:00 0 
7f48cc020000-7f48cc17c000 rw-p 00000000 00:00 0 
7f48cc17c000-7f48ce0be000 ---p 00000000 00:00 0 
7f48ce0be000-7f48ce2b4000 rw-p 00000000 00:00 0 
7f48ce2b4000-7f48d0000000 ---p 00000000 00:00 0 
7f48d0000000-7f48d0021000 rw-p 00000000 00:00 0 
7f48d0021000-7f48d4000000 ---p 00000000 00:00 0 
7f48d4000000-7f48d4021000 rw-p 00000000 00:00 0 
7f48d4021000-7f48d8000000 ---p 00000000 00:00 0 
7f48d8000000-7f48d8021000 rw-p 00000000 00:00 0 
7f48d8021000-7f48dc000000 ---p 00000000 00:00 0 
7f48dc000000-7f48dc021000 rw-p 00000000 00:00 0 
7f48dc021000-7f48e0000000 ---p 00000000 00:00 0 
7f48e0000000-7f48e0021000 rw-p 00000000 00:00 0 
7f48e0021000-7f48e4000000 ---p 00000000 00:00 0 
7f48e4000000-7f48e4021000 rw-p 00000000 00:00 0 
7f48e4021000-7f48e8000000 ---p 00000000 00:00 0 
7f48e8000000-7f48e8021000 rw-p 00000000 00:00 0 
7f48e8021000-7f48ec000000 ---p 00000000 00:00 0 
7f48ec000000-7f48ec021000 rw-p 00000000 00:00 0 
7f48ec021000-7f48f0000000 ---p 00000000 00:00 0 
7f48f0000000-7f48f0021000 rw-p 00000000 00:00 0 
7f48f0021000-7f48f4000000 ---p 00000000 00:00 0 
7f48f4000000-7f48f4021000 rw-p 00000000 00:00 0 
7f48f4021000-7f48f8000000 ---p 00000000 00:00 0 
7f48f8000000-7f48f8021000 rw-p 00000000 00:00 0 
7f48f8021000-7f48fc000000 ---p 00000000 00:00 0 
7f48fc000000-7f48fc021000 rw-p 00000000 00:00 0 
7f48fc021000-7f4900000000 ---p 00000000 00:00 0 
7f4900000000-7f4900021000 rw-p 00000000 00:00 0 
7f4900021000-7f4904000000 ---p 00000000 00:00 0 
7f4904000000-7f4904021000 rw-p 00000000 00:00 0 
7f4904021000-7f4908000000 ---p 00000000 00:00 0 
7f4908000000-7f4908021000 rw-p 00000000 00:00 0 
7f4908021000-7f490c000000 ---p 00000000 00:00 0 
7f490c000000-7f490c021000 rw-p 00000000 00:00 0 
7f490c021000-7f4910000000 ---p 00000000 00:00 0 
7f4910000000-7f4910021000 rw-p 00000000 00:00 0 
7f4910021000-7f4914000000 ---p 00000000 00:00 0 
7f4914000000-7f4914021000 rw-p 00000000 00:00 0 
7f4914021000-7f4918000000 ---p 00000000 00:00 0 
7f4918000000-7f4918021000 rw-p 00000000 00:00 0 
7f4918021000-7f491c000000 ---p 00000000 00:00 0 
7f491c000000-7f491c021000 rw-p 00000000 00:00 0 
7f491c021000-7f4920000000 ---p 00000000 00:00 0 
7f4920000000-7f4920021000 rw-p 00000000 00:00 0 
7f4920021000-7f4924000000 ---p 00000000 00:00 0 
7f4924000000-7f4924021000 rw-p 00000000 00:00 0 
7f4924021000-7f4928000000 ---p 00000000 00:00 0 
7f4928000000-7f4928021000 rw-p 00000000 00:00 0 
7f4928021000-7f492c000000 ---p 00000000 00:00 0 
7f492c000000-7f492c021000 rw-p 00000000 00:00 0 
7f492c021000-7f4930000000 ---p 00000000 00:00 0 
7f4930000000-7f4930021000 rw-p 00000000 00:00 0 
7f4930021000-7f4934000000 ---p 00000000 00:00 0 
7f493403d000-7f4934643000 rw-p 00000000 00:00 0 
7f4934643000-7f4934644000 ---p 00000000 00:00 0 
7f4934644000-7f4934745000 rw-p 00000000 00:00 0 
7f4934745000-7f4934746000 ---p 00000000 00:00 0 
7f4934746000-7f4934847000 rw-p 00000000 00:00 0 
7f4934847000-7f4934848000 ---p 00000000 00:00 0 
7f4934848000-7f4934949000 rw-p 00000000 00:00 0 
7f4934949000-7f493494a000 ---p 00000000 00:00 0 
7f493494a000-7f4934a4b000 rw-p 00000000 00:00 0 
7f4934a4b000-7f4934a4c000 ---p 00000000 00:00 0 
7f4934a4c000-7f4934b4d000 rw-p 00000000 00:00 0 
7f4934b4d000-7f4934b4e000 ---p 00000000 00:00 0 
7f4934b4e000-7f49351b8000 rw-p 00000000 00:00 0 
7f49351b8000-7f49351b9000 ---p 00000000 00:00 0 
7f49351b9000-7f49352ba000 rw-p 00000000 00:00 0 
7f49352ba000-7f49352bb000 ---p 00000000 00:00 0 
7f49352bb000-7f49353bc000 rw-p 00000000 00:00 0 
7f49353bc000-7f49353bd000 ---p 00000000 00:00 0 
7f49353bd000-7f49354be000 rw-p 00000000 00:00 0 
7f49354be000-7f49354bf000 ---p 00000000 00:00 0 
7f49354bf000-7f49355c0000 rw-p 00000000 00:00 0 
7f49355c0000-7f49355c1000 ---p 00000000 00:00 0 
7f49355c1000-7f49356c2000 rw-p 00000000 00:00 0 
7f49356c2000-7f49356c3000 ---p 00000000 00:00 0 
7f49356c3000-7f49357c4000 rw-p 00000000 00:00 0 
7f49357c4000-7f49357c5000 ---p 00000000 00:00 0 
7f49357c5000-7f49358c6000 rw-p 00000000 00:00 0 
7f49358c6000-7f49358c7000 ---p 00000000 00:00 0 
7f49358c7000-7f49359c8000 rw-p 00000000 00:00 0 
7f49359c8000-7f49359c9000 ---p 00000000 00:00 0 
7f49359c9000-7f4935aca000 rw-p 00000000 00:00 0 
7f4935aca000-7f4935acb000 ---p 00000000 00:00 0 
7f4935acb000-7f4935bcc000 rw-p 00000000 00:00 0 
7f4935bcc000-7f4935bcd000 ---p 00000000 00:00 0 
7f4935bcd000-7f4935cce000 rw-p 00000000 00:00 0 
7f4935cce000-7f4935ccf000 ---p 00000000 00:00 0 
7f4935ccf000-7f4935dd0000 rw-p 00000000 00:00 0 
7f4935dd0000-7f4935dd1000 ---p 00000000 00:00 0 
7f4935dd1000-7f4935ed2000 rw-p 00000000 00:00 0 
7f4935ed2000-7f4935ed3000 ---p 00000000 00:00 0 
7f4935ed3000-7f4935fd4000 rw-p 00000000 00:00 0 
7f4935fd4000-7f4935fd5000 ---p 00000000 00:00 0 
7f4935fd5000-7f49360d6000 rw-p 00000000 00:00 0 
7f49360d6000-7f49360d7000 ---p 00000000 00:00 0 
7f49360d7000-7f49361d8000 rw-p 00000000 00:00 0 
7f49361d8000-7f49361d9000 ---p 00000000 00:00 0 
7f49361d9000-7f49362da000 rw-p 00000000 00:00 0 
7f49362da000-7f49362db000 ---p 00000000 00:00 0 
7f49362db000-7f49363dc000 rw-p 00000000 00:00 0 
7f49363dc000-7f49363dd000 ---p 00000000 00:00 0 
7f49363dd000-7f49364de000 rw-p 00000000 00:00 0 
7f49364de000-7f49364df000 ---p 00000000 00:00 0 
7f49364df000-7f49365e0000 rw-p 00000000 00:00 0 
7f49365e0000-7f49365e1000 ---p 00000000 00:00 0 
7f49365e1000-7f4937af6000 rw-p 00000000 00:00 0 
7f4937af6000-7f4937af7000 ---p 00000000 00:00 0 
7f4937af7000-7f4937bf8000 rw-p 00000000 00:00 0 
7f4937bf8000-7f4937bf9000 ---p 00000000 00:00 0 
7f4937bf9000-7f4937cfa000 rw-p 00000000 00:00 0 
7f4937cfa000-7f4937cfb000 ---p 00000000 00:00 0 
7f4937cfb000-7f4937dfc000 rw-p 00000000 00:00 0 
7f4937dfc000-7f4937dfd000 ---p 00000000 00:00 0 
7f4937dfd000-7f4937efe000 rw-p 00000000 00:00 0 
7f4937efe000-7f4937eff000 ---p 00000000 00:00 0 
7f4937eff000-7f4938000000 rw-p 00000000 00:00 0 
7f4938000000-7f4938021000 rw-p 00000000 00:00 0 
7f4938021000-7f493c000000 ---p 00000000 00:00 0 
7f493c000000-7f493c021000 rw-p 00000000 00:00 0 
7f493c021000-7f4940000000 ---p 00000000 00:00 0 
7f4940000000-7f4940021000 rw-p 00000000 00:00 0 
7f4940021000-7f4944000000 ---p 00000000 00:00 0 
7f4944000000-7f4944021000 rw-p 00000000 00:00 0 
7f4944021000-7f4948000000 ---p 00000000 00:00 0 
7f4948000000-7f4948021000 rw-p 00000000 00:00 0 
7f4948021000-7f494c000000 ---p 00000000 00:00 0 
7f494c000000-7f494c021000 rw-p 00000000 00:00 0 
7f494c021000-7f4950000000 ---p 00000000 00:00 0 
7f4950000000-7f4950021000 rw-p 00000000 00:00 0 
7f4950021000-7f4954000000 ---p 00000000 00:00 0 
7f4954000000-7f4954021000 rw-p 00000000 00:00 0 
7f4954021000-7f4958000000 ---p 00000000 00:00 0 
7f4958000000-7f4958021000 rw-p 00000000 00:00 0 
7f4958021000-7f495c000000 ---p 00000000 00:00 0 
7f495c000000-7f495c021000 rw-p 00000000 00:00 0 
7f495c021000-7f4960000000 ---p 00000000 00:00 0 
7f4960000000-7f4960021000 rw-p 00000000 00:00 0 
7f4960021000-7f4964000000 ---p 00000000 00:00 0 
7f4964000000-7f4964021000 rw-p 00000000 00:00 0 
7f4964021000-7f4968000000 ---p 00000000 00:00 0 
7f4968000000-7f4968021000 rw-p 00000000 00:00 0 
7f4968021000-7f496c000000 ---p 00000000 00:00 0 
7f496c000000-7f496c021000 rw-p 00000000 00:00 0 
7f496c021000-7f4970000000 ---p 00000000 00:00 0 
7f4970000000-7f4970021000 rw-p 00000000 00:00 0 
7f4970021000-7f4974000000 ---p 00000000 00:00 0 
7f4974008000-7f4974009000 ---p 00000000 00:00 0 
7f4974009000-7f497410a000 rw-p 00000000 00:00 0 
7f497410a000-7f497410b000 ---p 00000000 00:00 0 
7f497410b000-7f497420c000 rw-p 00000000 00:00 0 
7f497420c000-7f497420d000 ---p 00000000 00:00 0 
7f497420d000-7f497430e000 rw-p 00000000 00:00 0 
7f497430e000-7f497430f000 ---p 00000000 00:00 0 
7f497430f000-7f4974410000 rw-p 00000000 00:00 0 
7f4974410000-7f4974411000 ---p 00000000 00:00 0 
7f4974411000-7f4974512000 rw-p 00000000 00:00 0 
7f4974512000-7f4974513000 ---p 00000000 00:00 0 
7f4974513000-7f4974614000 rw-p 00000000 00:00 0 
7f4974614000-7f4974615000 ---p 00000000 00:00 0 
7f4974615000-7f4974716000 rw-p 00000000 00:00 0 
7f4974716000-7f4974717000 ---p 00000000 00:00 0 
7f4974717000-7f4974818000 rw-p 00000000 00:00 0 
7f4974818000-7f4974819000 ---p 00000000 00:00 0 
7f4974819000-7f497491a000 rw-p 00000000 00:00 0 
7f497491a000-7f497491b000 ---p 00000000 00:00 0 
7f497491b000-7f4974a1c000 rw-p 00000000 00:00 0 
7f4974a1c000-7f4974a1d000 ---p 00000000 00:00 0 
7f4974a1d000-7f4974b1e000 rw-p 00000000 00:00 0 
7f4974b1e000-7f4974b1f000 ---p 00000000 00:00 0 
7f4974b1f000-7f4974c20000 rw-p 00000000 00:00 0 
7f4974c20000-7f4974c21000 ---p 00000000 00:00 0 
7f4974c21000-7f4974d22000 rw-p 00000000 00:00 0 
7f4974d22000-7f4974d23000 ---p 00000000 00:00 0 
7f4974d23000-7f4974e24000 rw-p 00000000 00:00 0 
7f4974e24000-7f4974e25000 ---p 00000000 00:00 0 
7f4974e25000-7f4974f2b000 rw-p 00000000 00:00 0 
7f4974f2b000-7f497500f000 ---p 00000000 00:00 0 
7f497500f000-7f4975014000 rw-p 00000000 00:00 0 
7f4975014000-7f49750f8000 ---p 00000000 00:00 0 
7f49750f8000-7f49753d8000 rwxp 00000000 00:00 0 
7f49753d8000-7f4975836000 ---p 00000000 00:00 0 
7f4975836000-7f4975aa6000 rwxp 00000000 00:00 0 
7f4975aa6000-7f497cc97000 ---p 00000000 00:00 0 
7f497cc97000-7f497cf07000 rwxp 00000000 00:00 0 
7f497cf07000-7f49840f8000 ---p 00000000 00:00 0 
7f49840f8000-7f49842d5000 r--s 03e31000 00:65 101727669                  /usr/local/java/jdk1.8.0_301/jre/lib/rt.jar
7f49842d5000-7f498f792000 r--s 00000000 00:65 77077560                   /root/oracle/jdk-9.0.4/lib/modules
7f498f792000-7f498f7ac000 r-xp 00000000 00:65 77077435                   /root/oracle/jdk-9.0.4/lib/libjimage.so
7f498f7ac000-7f498f9ab000 ---p 0001a000 00:65 77077435                   /root/oracle/jdk-9.0.4/lib/libjimage.so
7f498f9ab000-7f498f9ad000 rw-p 00019000 00:65 77077435                   /root/oracle/jdk-9.0.4/lib/libjimage.so
7f498f9ad000-7f498f9bf000 rw-p 00000000 00:00 0 
7f498f9bf000-7f498f9c6000 r-xp 00000000 00:65 77083131                   /root/oracle/jdk-9.0.4/lib/libzip.so
7f498f9c6000-7f498fbc5000 ---p 00007000 00:65 77083131                   /root/oracle/jdk-9.0.4/lib/libzip.so
7f498fbc5000-7f498fbc6000 rw-p 00006000 00:65 77083131                   /root/oracle/jdk-9.0.4/lib/libzip.so
7f498fbc6000-7f498fbf1000 r-xp 00000000 00:65 77077470                   /root/oracle/jdk-9.0.4/lib/libjava.so
7f498fbf1000-7f498fdf0000 ---p 0002b000 00:65 77077470                   /root/oracle/jdk-9.0.4/lib/libjava.so
7f498fdf0000-7f498fdf2000 rw-p 0002a000 00:65 77077470                   /root/oracle/jdk-9.0.4/lib/libjava.so
7f498fdf2000-7f498fdff000 r-xp 00000000 00:65 77077494                   /root/oracle/jdk-9.0.4/lib/libverify.so
7f498fdff000-7f498fffe000 ---p 0000d000 00:65 77077494                   /root/oracle/jdk-9.0.4/lib/libverify.so
7f498fffe000-7f4990000000 rw-p 0000c000 00:65 77077494                   /root/oracle/jdk-9.0.4/lib/libverify.so
7f4990000000-7f4990417000 rw-p 00000000 00:00 0 
7f4990417000-7f4994000000 ---p 00000000 00:00 0 
7f499400e000-7f499406d000 rw-p 00000000 00:00 0 
7f499406d000-7f4994076000 ---p 00000000 00:00 0 
7f4994076000-7f49940c6000 rw-p 00000000 00:00 0 
7f49940c6000-7f49940c9000 r--p 00000000 00:65 165034530                  /usr/lib/x86_64-linux-gnu/libnss_files-2.31.so
7f49940c9000-7f49940d0000 r-xp 00003000 00:65 165034530                  /usr/lib/x86_64-linux-gnu/libnss_files-2.31.so
7f49940d0000-7f49940d2000 r--p 0000a000 00:65 165034530                  /usr/lib/x86_64-linux-gnu/libnss_files-2.31.so
7f49940d2000-7f49940d3000 r--p 0000b000 00:65 165034530                  /usr/lib/x86_64-linux-gnu/libnss_files-2.31.so
7f49940d3000-7f49940d4000 rw-p 0000c000 00:65 165034530                  /usr/lib/x86_64-linux-gnu/libnss_files-2.31.so
7f49940d4000-7f49940da000 rw-p 00000000 00:00 0 
7f49940e2000-7f49940e3000 rw-p 00000000 00:00 0 
7f49940e3000-7f49940e6000 r--p 00000000 00:65 165034636                  /usr/lib/x86_64-linux-gnu/librt-2.31.so
7f49940e6000-7f49940ea000 r-xp 00003000 00:65 165034636                  /usr/lib/x86_64-linux-gnu/librt-2.31.so
7f49940ea000-7f49940eb000 r--p 00007000 00:65 165034636                  /usr/lib/x86_64-linux-gnu/librt-2.31.so
7f49940eb000-7f49940ec000 ---p 00008000 00:65 165034636                  /usr/lib/x86_64-linux-gnu/librt-2.31.so
7f49940ec000-7f49940ed000 r--p 00008000 00:65 165034636                  /usr/lib/x86_64-linux-gnu/librt-2.31.so
7f49940ed000-7f49940ee000 rw-p 00009000 00:65 165034636                  /usr/lib/x86_64-linux-gnu/librt-2.31.so
7f49940ee000-7f49940ef000 ---p 00000000 00:00 0 
7f49940ef000-7f49940f0000 rw-p 00000000 00:00 0 
7f49940f0000-7f49940f4000 ---p 00000000 00:00 0 
7f49940f4000-7f49941ef000 rw-p 00000000 00:00 0 
7f49941ef000-7f49941fe000 r--p 00000000 00:65 165034468                  /usr/lib/x86_64-linux-gnu/libm-2.31.so
7f49941fe000-7f49942a5000 r-xp 0000f000 00:65 165034468                  /usr/lib/x86_64-linux-gnu/libm-2.31.so
7f49942a5000-7f499433c000 r--p 000b6000 00:65 165034468                  /usr/lib/x86_64-linux-gnu/libm-2.31.so
7f499433c000-7f499433d000 r--p 0014c000 00:65 165034468                  /usr/lib/x86_64-linux-gnu/libm-2.31.so
7f499433d000-7f499433e000 rw-p 0014d000 00:65 165034468                  /usr/lib/x86_64-linux-gnu/libm-2.31.so
7f499433e000-7f4995353000 r-xp 00000000 00:65 77083135                   /root/oracle/jdk-9.0.4/lib/server/libjvm.so
7f4995353000-7f4995552000 ---p 01015000 00:65 77083135                   /root/oracle/jdk-9.0.4/lib/server/libjvm.so
7f4995552000-7f4995623000 r--p 01014000 00:65 77083135                   /root/oracle/jdk-9.0.4/lib/server/libjvm.so
7f4995623000-7f499565a000 rw-p 010e5000 00:65 77083135                   /root/oracle/jdk-9.0.4/lib/server/libjvm.so
7f499565a000-7f49956c5000 rw-p 00000000 00:00 0 
7f49956c5000-7f49956ea000 r--p 00000000 00:65 165034165                  /usr/lib/x86_64-linux-gnu/libc-2.31.so
7f49956ea000-7f4995862000 r-xp 00025000 00:65 165034165                  /usr/lib/x86_64-linux-gnu/libc-2.31.so
7f4995862000-7f49958ac000 r--p 0019d000 00:65 165034165                  /usr/lib/x86_64-linux-gnu/libc-2.31.so
7f49958ac000-7f49958ad000 ---p 001e7000 00:65 165034165                  /usr/lib/x86_64-linux-gnu/libc-2.31.so
7f49958ad000-7f49958b0000 r--p 001e7000 00:65 165034165                  /usr/lib/x86_64-linux-gnu/libc-2.31.so
7f49958b0000-7f49958b3000 rw-p 001ea000 00:65 165034165                  /usr/lib/x86_64-linux-gnu/libc-2.31.so
7f49958b3000-7f49958b7000 rw-p 00000000 00:00 0 
7f49958b7000-7f49958b8000 r--p 00000000 00:65 165034236                  /usr/lib/x86_64-linux-gnu/libdl-2.31.so
7f49958b8000-7f49958ba000 r-xp 00001000 00:65 165034236                  /usr/lib/x86_64-linux-gnu/libdl-2.31.so
7f49958ba000-7f49958bb000 r--p 00003000 00:65 165034236                  /usr/lib/x86_64-linux-gnu/libdl-2.31.so
7f49958bb000-7f49958bc000 r--p 00003000 00:65 165034236                  /usr/lib/x86_64-linux-gnu/libdl-2.31.so
7f49958bc000-7f49958bd000 rw-p 00004000 00:65 165034236                  /usr/lib/x86_64-linux-gnu/libdl-2.31.so
7f49958bd000-7f49958cb000 r-xp 00000000 00:65 77083142                   /root/oracle/jdk-9.0.4/lib/jli/libjli.so
7f49958cb000-7f4995acb000 ---p 0000e000 00:65 77083142                   /root/oracle/jdk-9.0.4/lib/jli/libjli.so
7f4995acb000-7f4995acc000 rw-p 0000e000 00:65 77083142                   /root/oracle/jdk-9.0.4/lib/jli/libjli.so
7f4995acc000-7f4995ad3000 r--p 00000000 00:65 165034610                  /usr/lib/x86_64-linux-gnu/libpthread-2.31.so
7f4995ad3000-7f4995ae4000 r-xp 00007000 00:65 165034610                  /usr/lib/x86_64-linux-gnu/libpthread-2.31.so
7f4995ae4000-7f4995ae9000 r--p 00018000 00:65 165034610                  /usr/lib/x86_64-linux-gnu/libpthread-2.31.so
7f4995ae9000-7f4995aea000 r--p 0001c000 00:65 165034610                  /usr/lib/x86_64-linux-gnu/libpthread-2.31.so
7f4995aea000-7f4995aeb000 rw-p 0001d000 00:65 165034610                  /usr/lib/x86_64-linux-gnu/libpthread-2.31.so
7f4995aeb000-7f4995aef000 rw-p 00000000 00:00 0 
7f4995aef000-7f4995af1000 r--p 00000000 00:65 165034796                  /usr/lib/x86_64-linux-gnu/libz.so.1.2.11
7f4995af1000-7f4995b02000 r-xp 00002000 00:65 165034796                  /usr/lib/x86_64-linux-gnu/libz.so.1.2.11
7f4995b02000-7f4995b08000 r--p 00013000 00:65 165034796                  /usr/lib/x86_64-linux-gnu/libz.so.1.2.11
7f4995b08000-7f4995b09000 ---p 00019000 00:65 165034796                  /usr/lib/x86_64-linux-gnu/libz.so.1.2.11
7f4995b09000-7f4995b0a000 r--p 00019000 00:65 165034796                  /usr/lib/x86_64-linux-gnu/libz.so.1.2.11
7f4995b0a000-7f4995b0b000 rw-p 0001a000 00:65 165034796                  /usr/lib/x86_64-linux-gnu/libz.so.1.2.11
7f4995b0b000-7f4995b13000 rw-s 00000000 00:65 71965686                   /tmp/hsperfdata_root/13077
7f4995b13000-7f4995b16000 rw-p 00000000 00:00 0 
7f4995b16000-7f4995b17000 r--p 00000000 00:65 165033992                  /usr/lib/x86_64-linux-gnu/ld-2.31.so
7f4995b17000-7f4995b3a000 r-xp 00001000 00:65 165033992                  /usr/lib/x86_64-linux-gnu/ld-2.31.so
7f4995b3a000-7f4995b42000 r--p 00024000 00:65 165033992                  /usr/lib/x86_64-linux-gnu/ld-2.31.so
7f4995b42000-7f4995b43000 r--p 00000000 00:00 0 
7f4995b43000-7f4995b44000 r--p 0002c000 00:65 165033992                  /usr/lib/x86_64-linux-gnu/ld-2.31.so
7f4995b44000-7f4995b45000 rw-p 0002d000 00:65 165033992                  /usr/lib/x86_64-linux-gnu/ld-2.31.so
7f4995b45000-7f4995b46000 rw-p 00000000 00:00 0 
7ffc65c4d000-7ffc65c6e000 rw-p 00000000 00:00 0                          [stack]
7ffc65dd8000-7ffc65ddb000 r--p 00000000 00:00 0                          [vvar]
7ffc65ddb000-7ffc65ddc000 r-xp 00000000 00:00 0                          [vdso]
ffffffffff600000-ffffffffff601000 --xp 00000000 00:00 0                  [vsyscall]

VM Arguments:
jvm_args: -Xbootclasspath/a:/usr/local/java/jdk1.8.0_301/jre/lib/rt.jar -Xverify:none 
java_command: org.apache.batik.apps.rasterizer.Main
java_class_path (initial): ./sootOutput/batik-all/
Launcher Type: SUN_STANDARD

Logging:
Log output configuration:
#0: stdout all=warning uptime,level,tags
#1: stderr all=off uptime,level,tags

Environment Variables:
JAVA_HOME=/root/oracle/jdk-9.0.4
JRE_HOME=/root/oracle/jdk-9.0.4
CLASSPATH=.:/root/oracle/jdk-9.0.4/lib:/JVMfuzzing/htm/CFSynthesis/resource/commons-lang3-3.12.0/commons-lang3-3.12.0.jar
PATH=/root/oracle/jdk-9.0.4/bin:/root/.vscode-server/bin/da76f93349a72022ca4670c1b84860304616aaa2/bin/remote-cli:/root/oracle/jdk-9.0.4/bin:/usr/local/sbin:/usr/local/bin:/usr/sbin:/usr/bin:/sbin:/bin:/usr/games:/usr/local/games:/snap/bin
SHELL=/bin/bash

Signal Handlers:
SIGSEGV: [libjvm.so+0xd4d370], sa_mask[0]=11111111011111111101111111111110, sa_flags=SA_RESTART|SA_SIGINFO
SIGBUS: [libjvm.so+0xd4d370], sa_mask[0]=11111111011111111101111111111110, sa_flags=SA_RESTART|SA_SIGINFO
SIGFPE: [libjvm.so+0xd4d370], sa_mask[0]=11111111011111111101111111111110, sa_flags=SA_RESTART|SA_SIGINFO
SIGPIPE: [libjvm.so+0xb64780], sa_mask[0]=11111111011111111101111111111110, sa_flags=SA_RESTART|SA_SIGINFO
SIGXFSZ: [libjvm.so+0xb64780], sa_mask[0]=11111111011111111101111111111110, sa_flags=SA_RESTART|SA_SIGINFO
SIGILL: [libjvm.so+0xd4d370], sa_mask[0]=11111111011111111101111111111110, sa_flags=SA_RESTART|SA_SIGINFO
SIGUSR2: [libjvm.so+0xb64640], sa_mask[0]=00100000000000000000000000000000, sa_flags=SA_RESTART|SA_SIGINFO
SIGHUP: [libjvm.so+0xb64850], sa_mask[0]=11111111011111111101111111111110, sa_flags=SA_RESTART|SA_SIGINFO
SIGINT: [libjvm.so+0xb64850], sa_mask[0]=11111111011111111101111111111110, sa_flags=SA_RESTART|SA_SIGINFO
SIGTERM: [libjvm.so+0xb64850], sa_mask[0]=11111111011111111101111111111110, sa_flags=SA_RESTART|SA_SIGINFO
SIGQUIT: [libjvm.so+0xb64850], sa_mask[0]=11111111011111111101111111111110, sa_flags=SA_RESTART|SA_SIGINFO


---------------  S Y S T E M  ---------------

OS:DISTRIB_ID=Ubuntu
DISTRIB_RELEASE=20.04
DISTRIB_CODENAME=focal
DISTRIB_DESCRIPTION="Ubuntu 20.04.3 LTS"
uname:Linux 5.4.0-124-generic #140~18.04.1-Ubuntu SMP Fri Aug 5 11:43:34 UTC 2022 x86_64
libc:glibc 2.31 NPTL 2.31 
rlimit: STACK 8192k, CORE infinity, NPROC infinity, NOFILE 1048576, AS infinity
load average:43.28 40.24 35.50

/proc/meminfo:
MemTotal:       65549624 kB
MemFree:        13531468 kB
MemAvailable:   39857764 kB
Buffers:         5875860 kB
Cached:          3044084 kB
SwapCached:         7560 kB
Active:         26213436 kB
Inactive:        5779652 kB
Active(anon):   19101580 kB
Inactive(anon):  3992524 kB
Active(file):    7111856 kB
Inactive(file):  1787128 kB
Unevictable:          16 kB
Mlocked:              16 kB
SwapTotal:       2097148 kB
SwapFree:              4 kB
Dirty:             28440 kB
Writeback:             0 kB
AnonPages:      23065776 kB
Mapped:           818700 kB
Shmem:             25660 kB
KReclaimable:   18159236 kB
Slab:           19314224 kB
SReclaimable:   18159236 kB
SUnreclaim:      1154988 kB
KernelStack:       78800 kB
PageTables:       211464 kB
NFS_Unstable:          0 kB
Bounce:                0 kB
WritebackTmp:          0 kB
CommitLimit:    34871960 kB
Committed_AS:   79272372 kB
VmallocTotal:   34359738367 kB
VmallocUsed:      161528 kB
VmallocChunk:          0 kB
Percpu:            32512 kB
HardwareCorrupted:     0 kB
AnonHugePages:         0 kB
ShmemHugePages:        0 kB
ShmemPmdMapped:        0 kB
FileHugePages:         0 kB
FilePmdMapped:         0 kB
CmaTotal:              0 kB
CmaFree:               0 kB
HugePages_Total:       0
HugePages_Free:        0
HugePages_Rsvd:        0
HugePages_Surp:        0
Hugepagesize:       2048 kB
Hugetlb:               0 kB
DirectMap4k:    15497632 kB
DirectMap2M:    51298304 kB
DirectMap1G:           0 kB


CPU:total 28 (initial active 28) (14 cores per cpu, 2 threads per core) family 6 model 85 stepping 4, cmov, cx8, fxsr, mmx, sse, sse2, sse3, ssse3, sse4.1, sse4.2, popcnt, avx, avx2, aes, clmul, erms, rtm, 3dnowpref, lzcnt, ht, tsc, tscinvbit, bmi1, bmi2, adx, fma
CPU Model and flags from /proc/cpuinfo:
model name	: Intel(R) Core(TM) i9-9940X CPU @ 3.30GHz
flags		: fpu vme de pse tsc msr pae mce cx8 apic sep mtrr pge mca cmov pat pse36 clflush dts acpi mmx fxsr sse sse2 ss ht tm pbe syscall nx pdpe1gb rdtscp lm constant_tsc art arch_perfmon pebs bts rep_good nopl xtopology nonstop_tsc cpuid aperfmperf pni pclmulqdq dtes64 monitor ds_cpl vmx est tm2 ssse3 sdbg fma cx16 xtpr pdcm pcid dca sse4_1 sse4_2 x2apic movbe popcnt tsc_deadline_timer aes xsave avx f16c rdrand lahf_lm abm 3dnowprefetch cpuid_fault epb cat_l3 cdp_l3 invpcid_single pti ssbd mba ibrs ibpb stibp tpr_shadow vnmi flexpriority ept vpid ept_ad fsgsbase tsc_adjust bmi1 hle avx2 smep bmi2 erms invpcid rtm cqm mpx rdt_a avx512f avx512dq rdseed adx smap clflushopt clwb intel_pt avx512cd avx512bw avx512vl xsaveopt xsavec xgetbv1 xsaves cqm_llc cqm_occup_llc cqm_mbm_total cqm_mbm_local dtherm ida arat pln pts hwp hwp_act_window hwp_epp hwp_pkg_req md_clear flush_l1d arch_capabilities

Memory: 4k page, physical 65549624k(13531468k free), swap 2097148k(4k free)

vm_info: Java HotSpot(TM) 64-Bit Server VM (9.0.4+11) for linux-amd64 JRE (9.0.4+11), built on Dec 19 2017 18:12:19 by "mach5one" with gcc 4.9.2

END.
