#
# A fatal error has been detected by the Java Runtime Environment:
#
#  SIGSEGV (0xb) at pc=0x00007f8cb18ed199, pid=11774, tid=11845
#
# JRE version: Java(TM) SE Runtime Environment (9.0+11) (build 9.0.4+11)
# Java VM: Java HotSpot(TM) 64-Bit Server VM (9.0.4+11, mixed mode, tiered, compressed oops, g1 gc, linux-amd64)
# Problematic frame:
# V  [libjvm.so+0x4a8199]  GraphBuilder::arithmetic_op(ValueType*, Bytecodes::Code, ValueStack*)+0xc9
#
# Core dump will be written. Default location: Core dumps may be processed with "/usr/share/apport/apport -p%p -s%s -c%c -d%d -P%P -u%u -g%g -- %E" (or dumping to /JVMfuzzing/zjy/classming/Fuzzing-Testing-of-JVM-Implementations/core.11774)
#
# If you would like to submit a bug report, please visit:
#   http://bugreport.java.com/bugreport/crash.jsp
#

---------------  S U M M A R Y ------------

Command Line: -Xbootclasspath/a:/usr/local/java/jdk1.8.0_301/jre/lib/rt.jar -Xverify:none org.apache.batik.apps.rasterizer.Main

Host: Intel(R) Core(TM) i9-9940X CPU @ 3.30GHz, 28 cores, 62G, Ubuntu 20.04.3 LTS
Time: Thu Nov  3 07:52:37 2022 UTC elapsed time: 0 seconds (0d 0h 0m 0s)

---------------  T H R E A D  ---------------

Current thread (0x00007f8cac2bd800):  JavaThread "C1 CompilerThread9" daemon [_thread_in_native, id=11845, stack(0x00007f8ba9b12000,0x00007f8ba9c13000)]


Current CompileTask:
C1:    895  414 %     3       org.apache.batik.apps.rasterizer.Main::main @ 338 (6579 bytes)

Stack: [0x00007f8ba9b12000,0x00007f8ba9c13000],  sp=0x00007f8ba9c11180,  free space=1020k
Native frames: (J=compiled Java code, A=aot compiled Java code, j=interpreted, Vv=VM code, C=native code)
V  [libjvm.so+0x4a8199]  GraphBuilder::arithmetic_op(ValueType*, Bytecodes::Code, ValueStack*)+0xc9
V  [libjvm.so+0x4a84e4]  GraphBuilder::increment()+0x214
V  [libjvm.so+0x4b055a]  GraphBuilder::iterate_bytecodes_for_block(int)+0xb6a
V  [libjvm.so+0x4b1ad5]  GraphBuilder::iterate_all_blocks(bool)+0x85
V  [libjvm.so+0x4b1ec9]  GraphBuilder::GraphBuilder(Compilation*, IRScope*)+0x389
V  [libjvm.so+0x4b70a8]  IR::IR(Compilation*, ciMethod*, int)+0x1e8
V  [libjvm.so+0x497832]  Compilation::build_hir() [clone .part.93]+0x162
V  [libjvm.so+0x499633]  Compilation::compile_java_method()+0x3c3
V  [libjvm.so+0x4997af]  Compilation::compile_method()+0x12f
V  [libjvm.so+0x499c31]  Compilation::Compilation(AbstractCompiler*, ciEnv*, ciMethod*, int, BufferBlob*, DirectiveSet*)+0x271
V  [libjvm.so+0x49ac1e]  Compiler::compile_method(ciEnv*, ciMethod*, int, DirectiveSet*)+0xae
V  [libjvm.so+0x6125ac]  CompileBroker::invoke_compiler_on_method(CompileTask*)+0x41c
V  [libjvm.so+0x61344b]  CompileBroker::compiler_thread_loop()+0x28b
V  [libjvm.so+0xcef338]  JavaThread::thread_main_inner()+0xd8
V  [libjvm.so+0xb6e132]  thread_native_entry(Thread*)+0xf2
C  [libpthread.so.0+0x9609]  start_thread+0xd9


siginfo: si_signo: 11 (SIGSEGV), si_code: 1 (SEGV_MAPERR), si_addr: 0x0000000000000018

Register to memory mapping:

RAX=0x0000000000000518 is an unknown value
RBX=0x00007f8ba9c11460 is pointing into the stack for thread: 0x00007f8cac2bd800
RCX=0x00007f8ba9c11800 is pointing into the stack for thread: 0x00007f8cac2bd800
RDX=0x00007f8b70058770 is an unknown value
RSP=0x00007f8ba9c11180 is pointing into the stack for thread: 0x00007f8cac2bd800
RBP=0x00007f8ba9c111d0 is pointing into the stack for thread: 0x00007f8cac2bd800
RSI=0x00007f8b700586d0 is an unknown value
RDI=0x00007f8cb2729fe0: <offset 0x00000000012e4fe0> in /root/oracle/jdk-9.0.4/lib/server/libjvm.so at 0x00007f8cb1445000
R8 =0x00007f8ba9c11800 is pointing into the stack for thread: 0x00007f8cac2bd800
R9 =0x0000000000000055 is an unknown value
R10=0x1000000000000000 is an unknown value
R11=0x0000000000000000 is an unknown value
R12=0x00007f8b74001140 is an unknown value
R13=0x00007f8b700586f0 is an unknown value
R14=0x0000000000000000 is an unknown value
R15=0x00007f8b70058770 is an unknown value


Registers:
RAX=0x0000000000000518, RBX=0x00007f8ba9c11460, RCX=0x00007f8ba9c11800, RDX=0x00007f8b70058770
RSP=0x00007f8ba9c11180, RBP=0x00007f8ba9c111d0, RSI=0x00007f8b700586d0, RDI=0x00007f8cb2729fe0
R8 =0x00007f8ba9c11800, R9 =0x0000000000000055, R10=0x1000000000000000, R11=0x0000000000000000
R12=0x00007f8b74001140, R13=0x00007f8b700586f0, R14=0x0000000000000000, R15=0x00007f8b70058770
RIP=0x00007f8cb18ed199, EFLAGS=0x0000000000010293, CSGSFS=0x002b000000000033, ERR=0x0000000000000004
  TRAPNO=0x000000000000000e

Top of Stack: (sp=0x00007f8ba9c11180)
0x00007f8ba9c11180:   00007f8cb265ccd0 00007f8ba9c11800
0x00007f8ba9c11190:   0000000000000000 0000000000000060
0x00007f8ba9c111a0:   0000000000000000 00007f8b840f4cb0
0x00007f8ba9c111b0:   00007f8ba9c11460 00007f8b700586d0 

Instructions: (pc=0x00007f8cb18ed199)
0x00007f8cb18ed179:   77 20 0f 87 2f 01 00 00 49 89 77 18 49 89 d7 8b
0x00007f8cb18ed189:   41 08 8d 70 01 89 71 08 41 89 47 08 49 8b 75 18
0x00007f8cb18ed199:   49 8b 7e 18 e8 4e b9 08 00 48 8d 0d 97 64 e1 00
0x00007f8cb18ed1a9:   49 89 47 18 4c 89 ff 48 8d 05 d9 bb e7 00 41 c7 


---------------  P R O C E S S  ---------------

Java Threads: ( => current thread )
  0x00007f8cac351000 JavaThread "Service Thread" daemon [_thread_blocked, id=11851, stack(0x00007f8ba91b4000,0x00007f8ba92b5000)]
  0x00007f8cac2d1800 JavaThread "Common-Cleaner" daemon [_thread_blocked, id=11850, stack(0x00007f8ba92b5000,0x00007f8ba93b6000)]
  0x00007f8cac2c3000 JavaThread "Sweeper thread" daemon [_thread_blocked, id=11849, stack(0x00007f8ba980f000,0x00007f8ba9910000)]
  0x00007f8cac2c1000 JavaThread "C1 CompilerThread11" daemon [_thread_blocked, id=11847, stack(0x00007f8ba9910000,0x00007f8ba9a11000)]
  0x00007f8cac2bf800 JavaThread "C1 CompilerThread10" daemon [_thread_blocked, id=11846, stack(0x00007f8ba9a11000,0x00007f8ba9b12000)]
=>0x00007f8cac2bd800 JavaThread "C1 CompilerThread9" daemon [_thread_in_native, id=11845, stack(0x00007f8ba9b12000,0x00007f8ba9c13000)]
  0x00007f8cac2bb800 JavaThread "C1 CompilerThread8" daemon [_thread_blocked, id=11844, stack(0x00007f8ba9c13000,0x00007f8ba9d14000)]
  0x00007f8cac2b9800 JavaThread "C2 CompilerThread7" daemon [_thread_blocked, id=11842, stack(0x00007f8ba9d14000,0x00007f8ba9e15000)]
  0x00007f8cac2b8000 JavaThread "C2 CompilerThread6" daemon [_thread_blocked, id=11841, stack(0x00007f8ba9e15000,0x00007f8ba9f16000)]
  0x00007f8cac2b6000 JavaThread "C2 CompilerThread5" daemon [_thread_blocked, id=11840, stack(0x00007f8ba9f16000,0x00007f8baa017000)]
  0x00007f8cac2b4800 JavaThread "C2 CompilerThread4" daemon [_thread_blocked, id=11839, stack(0x00007f8baa017000,0x00007f8baa118000)]
  0x00007f8cac2b2800 JavaThread "C2 CompilerThread3" daemon [_thread_blocked, id=11838, stack(0x00007f8baa118000,0x00007f8baa219000)]
  0x00007f8cac2b1000 JavaThread "C2 CompilerThread2" daemon [_thread_blocked, id=11837, stack(0x00007f8baa219000,0x00007f8baa31a000)]
  0x00007f8cac2af000 JavaThread "C2 CompilerThread1" daemon [_thread_blocked, id=11836, stack(0x00007f8baa31a000,0x00007f8baa41b000)]
  0x00007f8cac2ad000 JavaThread "C2 CompilerThread0" daemon [_thread_blocked, id=11834, stack(0x00007f8baa41b000,0x00007f8baa51c000)]
  0x00007f8cac2ab000 JavaThread "Signal Dispatcher" daemon [_thread_blocked, id=11833, stack(0x00007f8baa51c000,0x00007f8baa61d000)]
  0x00007f8cac291000 JavaThread "Finalizer" daemon [_thread_blocked, id=11832, stack(0x00007f8baa61d000,0x00007f8baa71e000)]
  0x00007f8cac288800 JavaThread "Reference Handler" daemon [_thread_blocked, id=11831, stack(0x00007f8baa71e000,0x00007f8baa81f000)]
  0x00007f8cac011800 JavaThread "main" [_thread_in_native, id=11776, stack(0x00007f8cb11f7000,0x00007f8cb12f6000)]

Other Threads:
  0x00007f8cac281000 VMThread "VM Thread" [stack: 0x00007f8baa821000,0x00007f8baa921000] [id=11830]
  0x00007f8cac353800 WatcherThread [stack: 0x00007f8ba90b4000,0x00007f8ba91b4000] [id=11852]
  0x00007f8cac034000 GCTaskThread "GC Thread#0" [stack: 0x00007f8cb0451000,0x00007f8cb0551000] [id=11777]
  0x00007f8cac035800 GCTaskThread "GC Thread#1" [stack: 0x00007f8cb034f000,0x00007f8cb044f000] [id=11778]
  0x00007f8cac037000 GCTaskThread "GC Thread#2" [stack: 0x00007f8cb024d000,0x00007f8cb034d000] [id=11779]
  0x00007f8cac039000 GCTaskThread "GC Thread#3" [stack: 0x00007f8cb014b000,0x00007f8cb024b000] [id=11780]
  0x00007f8cac03a800 GCTaskThread "GC Thread#4" [stack: 0x00007f8cb0049000,0x00007f8cb0149000] [id=11781]
  0x00007f8cac03c800 GCTaskThread "GC Thread#5" [stack: 0x00007f8c91a43000,0x00007f8c91b43000] [id=11782]
  0x00007f8cac03e000 GCTaskThread "GC Thread#6" [stack: 0x00007f8c91941000,0x00007f8c91a41000] [id=11783]
  0x00007f8cac03f800 GCTaskThread "GC Thread#7" [stack: 0x00007f8c9183f000,0x00007f8c9193f000] [id=11784]
  0x00007f8cac041800 GCTaskThread "GC Thread#8" [stack: 0x00007f8c9173d000,0x00007f8c9183d000] [id=11785]
  0x00007f8cac043000 GCTaskThread "GC Thread#9" [stack: 0x00007f8c9163b000,0x00007f8c9173b000] [id=11786]
  0x00007f8cac045000 GCTaskThread "GC Thread#10" [stack: 0x00007f8c91539000,0x00007f8c91639000] [id=11787]
  0x00007f8cac046800 GCTaskThread "GC Thread#11" [stack: 0x00007f8c91437000,0x00007f8c91537000] [id=11788]
  0x00007f8cac048800 GCTaskThread "GC Thread#12" [stack: 0x00007f8c91335000,0x00007f8c91435000] [id=11789]
  0x00007f8cac04a000 GCTaskThread "GC Thread#13" [stack: 0x00007f8c91233000,0x00007f8c91333000] [id=11790]
  0x00007f8cac04c000 GCTaskThread "GC Thread#14" [stack: 0x00007f8c91131000,0x00007f8c91231000] [id=11791]
  0x00007f8cac04d800 GCTaskThread "GC Thread#15" [stack: 0x00007f8c9102f000,0x00007f8c9112f000] [id=11792]
  0x00007f8cac04f800 GCTaskThread "GC Thread#16" [stack: 0x00007f8c90f2d000,0x00007f8c9102d000] [id=11793]
  0x00007f8cac051000 GCTaskThread "GC Thread#17" [stack: 0x00007f8c90e2b000,0x00007f8c90f2b000] [id=11794]
  0x00007f8cac052800 GCTaskThread "GC Thread#18" [stack: 0x00007f8c90d29000,0x00007f8c90e29000] [id=11795]
  0x00007f8cac054800 GCTaskThread "GC Thread#19" [stack: 0x00007f8c90c27000,0x00007f8c90d27000] [id=11796]
  0x00007f8cac09f800 ConcurrentGCThread "G1 Main Marker" [stack: 0x00007f8c4010c000,0x00007f8c4020c000] [id=11822]
  0x00007f8cac0a1000 ConcurrentGCThread "G1 Marker#0" [stack: 0x00007f8c4000a000,0x00007f8c4010a000] [id=11823]
  0x00007f8cac0a3000 ConcurrentGCThread "G1 Marker#1" [stack: 0x00007f8bc2931000,0x00007f8bc2a31000] [id=11825]
  0x00007f8cac0a4800 ConcurrentGCThread "G1 Marker#2" [stack: 0x00007f8bc282f000,0x00007f8bc292f000] [id=11826]
  0x00007f8cac0a6800 ConcurrentGCThread "G1 Marker#3" [stack: 0x00007f8bc272d000,0x00007f8bc282d000] [id=11828]
  0x00007f8cac0a8000 ConcurrentGCThread "G1 Marker#4" [stack: 0x00007f8bc262b000,0x00007f8bc272b000] [id=11829]
  0x00007f8cac078800 ConcurrentGCThread "G1 Refine#0" [stack: 0x00007f8c423d2000,0x00007f8c424d2000] [id=11819]
  0x00007f8cac077000 ConcurrentGCThread "G1 Refine#1" [stack: 0x00007f8c424d4000,0x00007f8c425d4000] [id=11816]
  0x00007f8cac075000 ConcurrentGCThread "G1 Refine#2" [stack: 0x00007f8c425d6000,0x00007f8c426d6000] [id=11815]
  0x00007f8cac073800 ConcurrentGCThread "G1 Refine#3" [stack: 0x00007f8c426d8000,0x00007f8c427d8000] [id=11814]
  0x00007f8cac071800 ConcurrentGCThread "G1 Refine#4" [stack: 0x00007f8c427da000,0x00007f8c428da000] [id=11813]
  0x00007f8cac070000 ConcurrentGCThread "G1 Refine#5" [stack: 0x00007f8c428dc000,0x00007f8c429dc000] [id=11812]
  0x00007f8cac06e000 ConcurrentGCThread "G1 Refine#6" [stack: 0x00007f8c429de000,0x00007f8c42ade000] [id=11811]
  0x00007f8cac06c800 ConcurrentGCThread "G1 Refine#7" [stack: 0x00007f8c42ae0000,0x00007f8c42be0000] [id=11810]
  0x00007f8cac06a800 ConcurrentGCThread "G1 Refine#8" [stack: 0x00007f8c42be2000,0x00007f8c42ce2000] [id=11809]
  0x00007f8cac069000 ConcurrentGCThread "G1 Refine#9" [stack: 0x00007f8c42ce4000,0x00007f8c42de4000] [id=11808]
  0x00007f8cac067000 ConcurrentGCThread "G1 Refine#10" [stack: 0x00007f8c42de6000,0x00007f8c42ee6000] [id=11807]
  0x00007f8cac065000 ConcurrentGCThread "G1 Refine#11" [stack: 0x00007f8c42ee8000,0x00007f8c42fe8000] [id=11806]
  0x00007f8cac063800 ConcurrentGCThread "G1 Refine#12" [stack: 0x00007f8c42fea000,0x00007f8c430ea000] [id=11804]
  0x00007f8cac061800 ConcurrentGCThread "G1 Refine#13" [stack: 0x00007f8c430ec000,0x00007f8c431ec000] [id=11803]
  0x00007f8cac060000 ConcurrentGCThread "G1 Refine#14" [stack: 0x00007f8c431ee000,0x00007f8c432ee000] [id=11802]
  0x00007f8cac05e000 ConcurrentGCThread "G1 Refine#15" [stack: 0x00007f8c432f0000,0x00007f8c433f0000] [id=11801]
  0x00007f8cac05c800 ConcurrentGCThread "G1 Refine#16" [stack: 0x00007f8c433f2000,0x00007f8c434f2000] [id=11800]
  0x00007f8cac05a800 ConcurrentGCThread "G1 Refine#17" [stack: 0x00007f8c434f4000,0x00007f8c435f4000] [id=11799]
  0x00007f8cac059000 ConcurrentGCThread "G1 Refine#18" [stack: 0x00007f8c435f6000,0x00007f8c436f6000] [id=11798]
  0x00007f8cac057000 ConcurrentGCThread "G1 Refine#19" [stack: 0x00007f8c436f8000,0x00007f8c437f8000] [id=11797]
  0x00007f8cac07a800 ConcurrentGCThread "G1 Young RemSet Sampling" [stack: 0x00007f8c422d0000,0x00007f8c423d0000] [id=11820]

Threads with active compile tasks:
C1 CompilerThread9 414 %     3       org.apache.batik.apps.rasterizer.Main::main @ 338 (6579 bytes)

VM state:not at safepoint (normal execution)

VM Mutex/Monitor currently owned by a thread: None

Heap address: 0x00000003d7c00000, size: 16004 MB, Compressed Oops mode: Zero based, Oop shift amount: 3
Narrow klass base: 0x0000000000000000, Narrow klass shift: 3
Compressed class space size: 1073741824 Address: 0x00000007c0000000

Heap:
 garbage-first heap   total 1028096K, used 12288K [0x00000003d7c00000, 0x00000003d80007d8, 0x00000007c0000000)
  region size 4096K, 4 young (16384K), 0 survivors (0K)
 Metaspace       used 6516K, capacity 6686K, committed 6784K, reserved 1056768K
  class space    used 564K, capacity 611K, committed 640K, reserved 1048576K
Heap Regions: E=young(eden), S=young(survivor), O=old, HS=humongous(starts), HC=humongous(continues), CS=collection set, F=free, A=archive, TS=gc time stamp, AC=allocation context, TAMS=top-at-mark-start (previous, next)
|   0|0x00000003d7c00000, 0x00000003d7c00000, 0x00000003d8000000|  0%| F|  |TS  0|AC  0|TAMS 0x00000003d7c00000, 0x00000003d7c00000|
|   1|0x00000003d8000000, 0x00000003d8000000, 0x00000003d8400000|  0%| F|  |TS  0|AC  0|TAMS 0x00000003d8000000, 0x00000003d8000000|
|   2|0x00000003d8400000, 0x00000003d8400000, 0x00000003d8800000|  0%| F|  |TS  0|AC  0|TAMS 0x00000003d8400000, 0x00000003d8400000|
|   3|0x00000003d8800000, 0x00000003d8800000, 0x00000003d8c00000|  0%| F|  |TS  0|AC  0|TAMS 0x00000003d8800000, 0x00000003d8800000|
|   4|0x00000003d8c00000, 0x00000003d8c00000, 0x00000003d9000000|  0%| F|  |TS  0|AC  0|TAMS 0x00000003d8c00000, 0x00000003d8c00000|
|   5|0x00000003d9000000, 0x00000003d9000000, 0x00000003d9400000|  0%| F|  |TS  0|AC  0|TAMS 0x00000003d9000000, 0x00000003d9000000|
|   6|0x00000003d9400000, 0x00000003d9400000, 0x00000003d9800000|  0%| F|  |TS  0|AC  0|TAMS 0x00000003d9400000, 0x00000003d9400000|
|   7|0x00000003d9800000, 0x00000003d9800000, 0x00000003d9c00000|  0%| F|  |TS  0|AC  0|TAMS 0x00000003d9800000, 0x00000003d9800000|
|   8|0x00000003d9c00000, 0x00000003d9c00000, 0x00000003da000000|  0%| F|  |TS  0|AC  0|TAMS 0x00000003d9c00000, 0x00000003d9c00000|
|   9|0x00000003da000000, 0x00000003da000000, 0x00000003da400000|  0%| F|  |TS  0|AC  0|TAMS 0x00000003da000000, 0x00000003da000000|
|  10|0x00000003da400000, 0x00000003da400000, 0x00000003da800000|  0%| F|  |TS  0|AC  0|TAMS 0x00000003da400000, 0x00000003da400000|
|  11|0x00000003da800000, 0x00000003da800000, 0x00000003dac00000|  0%| F|  |TS  0|AC  0|TAMS 0x00000003da800000, 0x00000003da800000|
|  12|0x00000003dac00000, 0x00000003dac00000, 0x00000003db000000|  0%| F|  |TS  0|AC  0|TAMS 0x00000003dac00000, 0x00000003dac00000|
|  13|0x00000003db000000, 0x00000003db000000, 0x00000003db400000|  0%| F|  |TS  0|AC  0|TAMS 0x00000003db000000, 0x00000003db000000|
|  14|0x00000003db400000, 0x00000003db400000, 0x00000003db800000|  0%| F|  |TS  0|AC  0|TAMS 0x00000003db400000, 0x00000003db400000|
|  15|0x00000003db800000, 0x00000003db800000, 0x00000003dbc00000|  0%| F|  |TS  0|AC  0|TAMS 0x00000003db800000, 0x00000003db800000|
|  16|0x00000003dbc00000, 0x00000003dbc00000, 0x00000003dc000000|  0%| F|  |TS  0|AC  0|TAMS 0x00000003dbc00000, 0x00000003dbc00000|
|  17|0x00000003dc000000, 0x00000003dc000000, 0x00000003dc400000|  0%| F|  |TS  0|AC  0|TAMS 0x00000003dc000000, 0x00000003dc000000|
|  18|0x00000003dc400000, 0x00000003dc400000, 0x00000003dc800000|  0%| F|  |TS  0|AC  0|TAMS 0x00000003dc400000, 0x00000003dc400000|
|  19|0x00000003dc800000, 0x00000003dc800000, 0x00000003dcc00000|  0%| F|  |TS  0|AC  0|TAMS 0x00000003dc800000, 0x00000003dc800000|
|  20|0x00000003dcc00000, 0x00000003dcc00000, 0x00000003dd000000|  0%| F|  |TS  0|AC  0|TAMS 0x00000003dcc00000, 0x00000003dcc00000|
|  21|0x00000003dd000000, 0x00000003dd000000, 0x00000003dd400000|  0%| F|  |TS  0|AC  0|TAMS 0x00000003dd000000, 0x00000003dd000000|
|  22|0x00000003dd400000, 0x00000003dd400000, 0x00000003dd800000|  0%| F|  |TS  0|AC  0|TAMS 0x00000003dd400000, 0x00000003dd400000|
|  23|0x00000003dd800000, 0x00000003dd800000, 0x00000003ddc00000|  0%| F|  |TS  0|AC  0|TAMS 0x00000003dd800000, 0x00000003dd800000|
|  24|0x00000003ddc00000, 0x00000003ddc00000, 0x00000003de000000|  0%| F|  |TS  0|AC  0|TAMS 0x00000003ddc00000, 0x00000003ddc00000|
|  25|0x00000003de000000, 0x00000003de000000, 0x00000003de400000|  0%| F|  |TS  0|AC  0|TAMS 0x00000003de000000, 0x00000003de000000|
|  26|0x00000003de400000, 0x00000003de400000, 0x00000003de800000|  0%| F|  |TS  0|AC  0|TAMS 0x00000003de400000, 0x00000003de400000|
|  27|0x00000003de800000, 0x00000003de800000, 0x00000003dec00000|  0%| F|  |TS  0|AC  0|TAMS 0x00000003de800000, 0x00000003de800000|
|  28|0x00000003dec00000, 0x00000003dec00000, 0x00000003df000000|  0%| F|  |TS  0|AC  0|TAMS 0x00000003dec00000, 0x00000003dec00000|
|  29|0x00000003df000000, 0x00000003df000000, 0x00000003df400000|  0%| F|  |TS  0|AC  0|TAMS 0x00000003df000000, 0x00000003df000000|
|  30|0x00000003df400000, 0x00000003df400000, 0x00000003df800000|  0%| F|  |TS  0|AC  0|TAMS 0x00000003df400000, 0x00000003df400000|
|  31|0x00000003df800000, 0x00000003df800000, 0x00000003dfc00000|  0%| F|  |TS  0|AC  0|TAMS 0x00000003df800000, 0x00000003df800000|
|  32|0x00000003dfc00000, 0x00000003dfc00000, 0x00000003e0000000|  0%| F|  |TS  0|AC  0|TAMS 0x00000003dfc00000, 0x00000003dfc00000|
|  33|0x00000003e0000000, 0x00000003e0000000, 0x00000003e0400000|  0%| F|  |TS  0|AC  0|TAMS 0x00000003e0000000, 0x00000003e0000000|
|  34|0x00000003e0400000, 0x00000003e0400000, 0x00000003e0800000|  0%| F|  |TS  0|AC  0|TAMS 0x00000003e0400000, 0x00000003e0400000|
|  35|0x00000003e0800000, 0x00000003e0800000, 0x00000003e0c00000|  0%| F|  |TS  0|AC  0|TAMS 0x00000003e0800000, 0x00000003e0800000|
|  36|0x00000003e0c00000, 0x00000003e0c00000, 0x00000003e1000000|  0%| F|  |TS  0|AC  0|TAMS 0x00000003e0c00000, 0x00000003e0c00000|
|  37|0x00000003e1000000, 0x00000003e1000000, 0x00000003e1400000|  0%| F|  |TS  0|AC  0|TAMS 0x00000003e1000000, 0x00000003e1000000|
|  38|0x00000003e1400000, 0x00000003e1400000, 0x00000003e1800000|  0%| F|  |TS  0|AC  0|TAMS 0x00000003e1400000, 0x00000003e1400000|
|  39|0x00000003e1800000, 0x00000003e1800000, 0x00000003e1c00000|  0%| F|  |TS  0|AC  0|TAMS 0x00000003e1800000, 0x00000003e1800000|
|  40|0x00000003e1c00000, 0x00000003e1c00000, 0x00000003e2000000|  0%| F|  |TS  0|AC  0|TAMS 0x00000003e1c00000, 0x00000003e1c00000|
|  41|0x00000003e2000000, 0x00000003e2000000, 0x00000003e2400000|  0%| F|  |TS  0|AC  0|TAMS 0x00000003e2000000, 0x00000003e2000000|
|  42|0x00000003e2400000, 0x00000003e2400000, 0x00000003e2800000|  0%| F|  |TS  0|AC  0|TAMS 0x00000003e2400000, 0x00000003e2400000|
|  43|0x00000003e2800000, 0x00000003e2800000, 0x00000003e2c00000|  0%| F|  |TS  0|AC  0|TAMS 0x00000003e2800000, 0x00000003e2800000|
|  44|0x00000003e2c00000, 0x00000003e2c00000, 0x00000003e3000000|  0%| F|  |TS  0|AC  0|TAMS 0x00000003e2c00000, 0x00000003e2c00000|
|  45|0x00000003e3000000, 0x00000003e3000000, 0x00000003e3400000|  0%| F|  |TS  0|AC  0|TAMS 0x00000003e3000000, 0x00000003e3000000|
|  46|0x00000003e3400000, 0x00000003e3400000, 0x00000003e3800000|  0%| F|  |TS  0|AC  0|TAMS 0x00000003e3400000, 0x00000003e3400000|
|  47|0x00000003e3800000, 0x00000003e3800000, 0x00000003e3c00000|  0%| F|  |TS  0|AC  0|TAMS 0x00000003e3800000, 0x00000003e3800000|
|  48|0x00000003e3c00000, 0x00000003e3c00000, 0x00000003e4000000|  0%| F|  |TS  0|AC  0|TAMS 0x00000003e3c00000, 0x00000003e3c00000|
|  49|0x00000003e4000000, 0x00000003e4000000, 0x00000003e4400000|  0%| F|  |TS  0|AC  0|TAMS 0x00000003e4000000, 0x00000003e4000000|
|  50|0x00000003e4400000, 0x00000003e4400000, 0x00000003e4800000|  0%| F|  |TS  0|AC  0|TAMS 0x00000003e4400000, 0x00000003e4400000|
|  51|0x00000003e4800000, 0x00000003e4800000, 0x00000003e4c00000|  0%| F|  |TS  0|AC  0|TAMS 0x00000003e4800000, 0x00000003e4800000|
|  52|0x00000003e4c00000, 0x00000003e4c00000, 0x00000003e5000000|  0%| F|  |TS  0|AC  0|TAMS 0x00000003e4c00000, 0x00000003e4c00000|
|  53|0x00000003e5000000, 0x00000003e5000000, 0x00000003e5400000|  0%| F|  |TS  0|AC  0|TAMS 0x00000003e5000000, 0x00000003e5000000|
|  54|0x00000003e5400000, 0x00000003e5400000, 0x00000003e5800000|  0%| F|  |TS  0|AC  0|TAMS 0x00000003e5400000, 0x00000003e5400000|
|  55|0x00000003e5800000, 0x00000003e5800000, 0x00000003e5c00000|  0%| F|  |TS  0|AC  0|TAMS 0x00000003e5800000, 0x00000003e5800000|
|  56|0x00000003e5c00000, 0x00000003e5c00000, 0x00000003e6000000|  0%| F|  |TS  0|AC  0|TAMS 0x00000003e5c00000, 0x00000003e5c00000|
|  57|0x00000003e6000000, 0x00000003e6000000, 0x00000003e6400000|  0%| F|  |TS  0|AC  0|TAMS 0x00000003e6000000, 0x00000003e6000000|
|  58|0x00000003e6400000, 0x00000003e6400000, 0x00000003e6800000|  0%| F|  |TS  0|AC  0|TAMS 0x00000003e6400000, 0x00000003e6400000|
|  59|0x00000003e6800000, 0x00000003e6800000, 0x00000003e6c00000|  0%| F|  |TS  0|AC  0|TAMS 0x00000003e6800000, 0x00000003e6800000|
|  60|0x00000003e6c00000, 0x00000003e6c00000, 0x00000003e7000000|  0%| F|  |TS  0|AC  0|TAMS 0x00000003e6c00000, 0x00000003e6c00000|
|  61|0x00000003e7000000, 0x00000003e7000000, 0x00000003e7400000|  0%| F|  |TS  0|AC  0|TAMS 0x00000003e7000000, 0x00000003e7000000|
|  62|0x00000003e7400000, 0x00000003e7400000, 0x00000003e7800000|  0%| F|  |TS  0|AC  0|TAMS 0x00000003e7400000, 0x00000003e7400000|
|  63|0x00000003e7800000, 0x00000003e7800000, 0x00000003e7c00000|  0%| F|  |TS  0|AC  0|TAMS 0x00000003e7800000, 0x00000003e7800000|
|  64|0x00000003e7c00000, 0x00000003e7c00000, 0x00000003e8000000|  0%| F|  |TS  0|AC  0|TAMS 0x00000003e7c00000, 0x00000003e7c00000|
|  65|0x00000003e8000000, 0x00000003e8000000, 0x00000003e8400000|  0%| F|  |TS  0|AC  0|TAMS 0x00000003e8000000, 0x00000003e8000000|
|  66|0x00000003e8400000, 0x00000003e8400000, 0x00000003e8800000|  0%| F|  |TS  0|AC  0|TAMS 0x00000003e8400000, 0x00000003e8400000|
|  67|0x00000003e8800000, 0x00000003e8800000, 0x00000003e8c00000|  0%| F|  |TS  0|AC  0|TAMS 0x00000003e8800000, 0x00000003e8800000|
|  68|0x00000003e8c00000, 0x00000003e8c00000, 0x00000003e9000000|  0%| F|  |TS  0|AC  0|TAMS 0x00000003e8c00000, 0x00000003e8c00000|
|  69|0x00000003e9000000, 0x00000003e9000000, 0x00000003e9400000|  0%| F|  |TS  0|AC  0|TAMS 0x00000003e9000000, 0x00000003e9000000|
|  70|0x00000003e9400000, 0x00000003e9400000, 0x00000003e9800000|  0%| F|  |TS  0|AC  0|TAMS 0x00000003e9400000, 0x00000003e9400000|
|  71|0x00000003e9800000, 0x00000003e9800000, 0x00000003e9c00000|  0%| F|  |TS  0|AC  0|TAMS 0x00000003e9800000, 0x00000003e9800000|
|  72|0x00000003e9c00000, 0x00000003e9c00000, 0x00000003ea000000|  0%| F|  |TS  0|AC  0|TAMS 0x00000003e9c00000, 0x00000003e9c00000|
|  73|0x00000003ea000000, 0x00000003ea000000, 0x00000003ea400000|  0%| F|  |TS  0|AC  0|TAMS 0x00000003ea000000, 0x00000003ea000000|
|  74|0x00000003ea400000, 0x00000003ea400000, 0x00000003ea800000|  0%| F|  |TS  0|AC  0|TAMS 0x00000003ea400000, 0x00000003ea400000|
|  75|0x00000003ea800000, 0x00000003ea800000, 0x00000003eac00000|  0%| F|  |TS  0|AC  0|TAMS 0x00000003ea800000, 0x00000003ea800000|
|  76|0x00000003eac00000, 0x00000003eac00000, 0x00000003eb000000|  0%| F|  |TS  0|AC  0|TAMS 0x00000003eac00000, 0x00000003eac00000|
|  77|0x00000003eb000000, 0x00000003eb000000, 0x00000003eb400000|  0%| F|  |TS  0|AC  0|TAMS 0x00000003eb000000, 0x00000003eb000000|
|  78|0x00000003eb400000, 0x00000003eb400000, 0x00000003eb800000|  0%| F|  |TS  0|AC  0|TAMS 0x00000003eb400000, 0x00000003eb400000|
|  79|0x00000003eb800000, 0x00000003eb800000, 0x00000003ebc00000|  0%| F|  |TS  0|AC  0|TAMS 0x00000003eb800000, 0x00000003eb800000|
|  80|0x00000003ebc00000, 0x00000003ebc00000, 0x00000003ec000000|  0%| F|  |TS  0|AC  0|TAMS 0x00000003ebc00000, 0x00000003ebc00000|
|  81|0x00000003ec000000, 0x00000003ec000000, 0x00000003ec400000|  0%| F|  |TS  0|AC  0|TAMS 0x00000003ec000000, 0x00000003ec000000|
|  82|0x00000003ec400000, 0x00000003ec400000, 0x00000003ec800000|  0%| F|  |TS  0|AC  0|TAMS 0x00000003ec400000, 0x00000003ec400000|
|  83|0x00000003ec800000, 0x00000003ec800000, 0x00000003ecc00000|  0%| F|  |TS  0|AC  0|TAMS 0x00000003ec800000, 0x00000003ec800000|
|  84|0x00000003ecc00000, 0x00000003ecc00000, 0x00000003ed000000|  0%| F|  |TS  0|AC  0|TAMS 0x00000003ecc00000, 0x00000003ecc00000|
|  85|0x00000003ed000000, 0x00000003ed000000, 0x00000003ed400000|  0%| F|  |TS  0|AC  0|TAMS 0x00000003ed000000, 0x00000003ed000000|
|  86|0x00000003ed400000, 0x00000003ed400000, 0x00000003ed800000|  0%| F|  |TS  0|AC  0|TAMS 0x00000003ed400000, 0x00000003ed400000|
|  87|0x00000003ed800000, 0x00000003ed800000, 0x00000003edc00000|  0%| F|  |TS  0|AC  0|TAMS 0x00000003ed800000, 0x00000003ed800000|
|  88|0x00000003edc00000, 0x00000003edc00000, 0x00000003ee000000|  0%| F|  |TS  0|AC  0|TAMS 0x00000003edc00000, 0x00000003edc00000|
|  89|0x00000003ee000000, 0x00000003ee000000, 0x00000003ee400000|  0%| F|  |TS  0|AC  0|TAMS 0x00000003ee000000, 0x00000003ee000000|
|  90|0x00000003ee400000, 0x00000003ee400000, 0x00000003ee800000|  0%| F|  |TS  0|AC  0|TAMS 0x00000003ee400000, 0x00000003ee400000|
|  91|0x00000003ee800000, 0x00000003ee800000, 0x00000003eec00000|  0%| F|  |TS  0|AC  0|TAMS 0x00000003ee800000, 0x00000003ee800000|
|  92|0x00000003eec00000, 0x00000003eec00000, 0x00000003ef000000|  0%| F|  |TS  0|AC  0|TAMS 0x00000003eec00000, 0x00000003eec00000|
|  93|0x00000003ef000000, 0x00000003ef000000, 0x00000003ef400000|  0%| F|  |TS  0|AC  0|TAMS 0x00000003ef000000, 0x00000003ef000000|
|  94|0x00000003ef400000, 0x00000003ef400000, 0x00000003ef800000|  0%| F|  |TS  0|AC  0|TAMS 0x00000003ef400000, 0x00000003ef400000|
|  95|0x00000003ef800000, 0x00000003ef800000, 0x00000003efc00000|  0%| F|  |TS  0|AC  0|TAMS 0x00000003ef800000, 0x00000003ef800000|
|  96|0x00000003efc00000, 0x00000003efc00000, 0x00000003f0000000|  0%| F|  |TS  0|AC  0|TAMS 0x00000003efc00000, 0x00000003efc00000|
|  97|0x00000003f0000000, 0x00000003f0000000, 0x00000003f0400000|  0%| F|  |TS  0|AC  0|TAMS 0x00000003f0000000, 0x00000003f0000000|
|  98|0x00000003f0400000, 0x00000003f0400000, 0x00000003f0800000|  0%| F|  |TS  0|AC  0|TAMS 0x00000003f0400000, 0x00000003f0400000|
|  99|0x00000003f0800000, 0x00000003f0800000, 0x00000003f0c00000|  0%| F|  |TS  0|AC  0|TAMS 0x00000003f0800000, 0x00000003f0800000|
| 100|0x00000003f0c00000, 0x00000003f0c00000, 0x00000003f1000000|  0%| F|  |TS  0|AC  0|TAMS 0x00000003f0c00000, 0x00000003f0c00000|
| 101|0x00000003f1000000, 0x00000003f1000000, 0x00000003f1400000|  0%| F|  |TS  0|AC  0|TAMS 0x00000003f1000000, 0x00000003f1000000|
| 102|0x00000003f1400000, 0x00000003f1400000, 0x00000003f1800000|  0%| F|  |TS  0|AC  0|TAMS 0x00000003f1400000, 0x00000003f1400000|
| 103|0x00000003f1800000, 0x00000003f1800000, 0x00000003f1c00000|  0%| F|  |TS  0|AC  0|TAMS 0x00000003f1800000, 0x00000003f1800000|
| 104|0x00000003f1c00000, 0x00000003f1c00000, 0x00000003f2000000|  0%| F|  |TS  0|AC  0|TAMS 0x00000003f1c00000, 0x00000003f1c00000|
| 105|0x00000003f2000000, 0x00000003f2000000, 0x00000003f2400000|  0%| F|  |TS  0|AC  0|TAMS 0x00000003f2000000, 0x00000003f2000000|
| 106|0x00000003f2400000, 0x00000003f2400000, 0x00000003f2800000|  0%| F|  |TS  0|AC  0|TAMS 0x00000003f2400000, 0x00000003f2400000|
| 107|0x00000003f2800000, 0x00000003f2800000, 0x00000003f2c00000|  0%| F|  |TS  0|AC  0|TAMS 0x00000003f2800000, 0x00000003f2800000|
| 108|0x00000003f2c00000, 0x00000003f2c00000, 0x00000003f3000000|  0%| F|  |TS  0|AC  0|TAMS 0x00000003f2c00000, 0x00000003f2c00000|
| 109|0x00000003f3000000, 0x00000003f3000000, 0x00000003f3400000|  0%| F|  |TS  0|AC  0|TAMS 0x00000003f3000000, 0x00000003f3000000|
| 110|0x00000003f3400000, 0x00000003f3400000, 0x00000003f3800000|  0%| F|  |TS  0|AC  0|TAMS 0x00000003f3400000, 0x00000003f3400000|
| 111|0x00000003f3800000, 0x00000003f3800000, 0x00000003f3c00000|  0%| F|  |TS  0|AC  0|TAMS 0x00000003f3800000, 0x00000003f3800000|
| 112|0x00000003f3c00000, 0x00000003f3c00000, 0x00000003f4000000|  0%| F|  |TS  0|AC  0|TAMS 0x00000003f3c00000, 0x00000003f3c00000|
| 113|0x00000003f4000000, 0x00000003f4000000, 0x00000003f4400000|  0%| F|  |TS  0|AC  0|TAMS 0x00000003f4000000, 0x00000003f4000000|
| 114|0x00000003f4400000, 0x00000003f4400000, 0x00000003f4800000|  0%| F|  |TS  0|AC  0|TAMS 0x00000003f4400000, 0x00000003f4400000|
| 115|0x00000003f4800000, 0x00000003f4800000, 0x00000003f4c00000|  0%| F|  |TS  0|AC  0|TAMS 0x00000003f4800000, 0x00000003f4800000|
| 116|0x00000003f4c00000, 0x00000003f4c00000, 0x00000003f5000000|  0%| F|  |TS  0|AC  0|TAMS 0x00000003f4c00000, 0x00000003f4c00000|
| 117|0x00000003f5000000, 0x00000003f5000000, 0x00000003f5400000|  0%| F|  |TS  0|AC  0|TAMS 0x00000003f5000000, 0x00000003f5000000|
| 118|0x00000003f5400000, 0x00000003f5400000, 0x00000003f5800000|  0%| F|  |TS  0|AC  0|TAMS 0x00000003f5400000, 0x00000003f5400000|
| 119|0x00000003f5800000, 0x00000003f5800000, 0x00000003f5c00000|  0%| F|  |TS  0|AC  0|TAMS 0x00000003f5800000, 0x00000003f5800000|
| 120|0x00000003f5c00000, 0x00000003f5c00000, 0x00000003f6000000|  0%| F|  |TS  0|AC  0|TAMS 0x00000003f5c00000, 0x00000003f5c00000|
| 121|0x00000003f6000000, 0x00000003f6000000, 0x00000003f6400000|  0%| F|  |TS  0|AC  0|TAMS 0x00000003f6000000, 0x00000003f6000000|
| 122|0x00000003f6400000, 0x00000003f6400000, 0x00000003f6800000|  0%| F|  |TS  0|AC  0|TAMS 0x00000003f6400000, 0x00000003f6400000|
| 123|0x00000003f6800000, 0x00000003f6800000, 0x00000003f6c00000|  0%| F|  |TS  0|AC  0|TAMS 0x00000003f6800000, 0x00000003f6800000|
| 124|0x00000003f6c00000, 0x00000003f6c00000, 0x00000003f7000000|  0%| F|  |TS  0|AC  0|TAMS 0x00000003f6c00000, 0x00000003f6c00000|
| 125|0x00000003f7000000, 0x00000003f7000000, 0x00000003f7400000|  0%| F|  |TS  0|AC  0|TAMS 0x00000003f7000000, 0x00000003f7000000|
| 126|0x00000003f7400000, 0x00000003f7400000, 0x00000003f7800000|  0%| F|  |TS  0|AC  0|TAMS 0x00000003f7400000, 0x00000003f7400000|
| 127|0x00000003f7800000, 0x00000003f7800000, 0x00000003f7c00000|  0%| F|  |TS  0|AC  0|TAMS 0x00000003f7800000, 0x00000003f7800000|
| 128|0x00000003f7c00000, 0x00000003f7c00000, 0x00000003f8000000|  0%| F|  |TS  0|AC  0|TAMS 0x00000003f7c00000, 0x00000003f7c00000|
| 129|0x00000003f8000000, 0x00000003f8000000, 0x00000003f8400000|  0%| F|  |TS  0|AC  0|TAMS 0x00000003f8000000, 0x00000003f8000000|
| 130|0x00000003f8400000, 0x00000003f8400000, 0x00000003f8800000|  0%| F|  |TS  0|AC  0|TAMS 0x00000003f8400000, 0x00000003f8400000|
| 131|0x00000003f8800000, 0x00000003f8800000, 0x00000003f8c00000|  0%| F|  |TS  0|AC  0|TAMS 0x00000003f8800000, 0x00000003f8800000|
| 132|0x00000003f8c00000, 0x00000003f8c00000, 0x00000003f9000000|  0%| F|  |TS  0|AC  0|TAMS 0x00000003f8c00000, 0x00000003f8c00000|
| 133|0x00000003f9000000, 0x00000003f9000000, 0x00000003f9400000|  0%| F|  |TS  0|AC  0|TAMS 0x00000003f9000000, 0x00000003f9000000|
| 134|0x00000003f9400000, 0x00000003f9400000, 0x00000003f9800000|  0%| F|  |TS  0|AC  0|TAMS 0x00000003f9400000, 0x00000003f9400000|
| 135|0x00000003f9800000, 0x00000003f9800000, 0x00000003f9c00000|  0%| F|  |TS  0|AC  0|TAMS 0x00000003f9800000, 0x00000003f9800000|
| 136|0x00000003f9c00000, 0x00000003f9c00000, 0x00000003fa000000|  0%| F|  |TS  0|AC  0|TAMS 0x00000003f9c00000, 0x00000003f9c00000|
| 137|0x00000003fa000000, 0x00000003fa000000, 0x00000003fa400000|  0%| F|  |TS  0|AC  0|TAMS 0x00000003fa000000, 0x00000003fa000000|
| 138|0x00000003fa400000, 0x00000003fa400000, 0x00000003fa800000|  0%| F|  |TS  0|AC  0|TAMS 0x00000003fa400000, 0x00000003fa400000|
| 139|0x00000003fa800000, 0x00000003fa800000, 0x00000003fac00000|  0%| F|  |TS  0|AC  0|TAMS 0x00000003fa800000, 0x00000003fa800000|
| 140|0x00000003fac00000, 0x00000003fac00000, 0x00000003fb000000|  0%| F|  |TS  0|AC  0|TAMS 0x00000003fac00000, 0x00000003fac00000|
| 141|0x00000003fb000000, 0x00000003fb000000, 0x00000003fb400000|  0%| F|  |TS  0|AC  0|TAMS 0x00000003fb000000, 0x00000003fb000000|
| 142|0x00000003fb400000, 0x00000003fb400000, 0x00000003fb800000|  0%| F|  |TS  0|AC  0|TAMS 0x00000003fb400000, 0x00000003fb400000|
| 143|0x00000003fb800000, 0x00000003fb800000, 0x00000003fbc00000|  0%| F|  |TS  0|AC  0|TAMS 0x00000003fb800000, 0x00000003fb800000|
| 144|0x00000003fbc00000, 0x00000003fbc00000, 0x00000003fc000000|  0%| F|  |TS  0|AC  0|TAMS 0x00000003fbc00000, 0x00000003fbc00000|
| 145|0x00000003fc000000, 0x00000003fc000000, 0x00000003fc400000|  0%| F|  |TS  0|AC  0|TAMS 0x00000003fc000000, 0x00000003fc000000|
| 146|0x00000003fc400000, 0x00000003fc400000, 0x00000003fc800000|  0%| F|  |TS  0|AC  0|TAMS 0x00000003fc400000, 0x00000003fc400000|
| 147|0x00000003fc800000, 0x00000003fc800000, 0x00000003fcc00000|  0%| F|  |TS  0|AC  0|TAMS 0x00000003fc800000, 0x00000003fc800000|
| 148|0x00000003fcc00000, 0x00000003fcc00000, 0x00000003fd000000|  0%| F|  |TS  0|AC  0|TAMS 0x00000003fcc00000, 0x00000003fcc00000|
| 149|0x00000003fd000000, 0x00000003fd000000, 0x00000003fd400000|  0%| F|  |TS  0|AC  0|TAMS 0x00000003fd000000, 0x00000003fd000000|
| 150|0x00000003fd400000, 0x00000003fd400000, 0x00000003fd800000|  0%| F|  |TS  0|AC  0|TAMS 0x00000003fd400000, 0x00000003fd400000|
| 151|0x00000003fd800000, 0x00000003fd800000, 0x00000003fdc00000|  0%| F|  |TS  0|AC  0|TAMS 0x00000003fd800000, 0x00000003fd800000|
| 152|0x00000003fdc00000, 0x00000003fdc00000, 0x00000003fe000000|  0%| F|  |TS  0|AC  0|TAMS 0x00000003fdc00000, 0x00000003fdc00000|
| 153|0x00000003fe000000, 0x00000003fe000000, 0x00000003fe400000|  0%| F|  |TS  0|AC  0|TAMS 0x00000003fe000000, 0x00000003fe000000|
| 154|0x00000003fe400000, 0x00000003fe400000, 0x00000003fe800000|  0%| F|  |TS  0|AC  0|TAMS 0x00000003fe400000, 0x00000003fe400000|
| 155|0x00000003fe800000, 0x00000003fe800000, 0x00000003fec00000|  0%| F|  |TS  0|AC  0|TAMS 0x00000003fe800000, 0x00000003fe800000|
| 156|0x00000003fec00000, 0x00000003fec00000, 0x00000003ff000000|  0%| F|  |TS  0|AC  0|TAMS 0x00000003fec00000, 0x00000003fec00000|
| 157|0x00000003ff000000, 0x00000003ff000000, 0x00000003ff400000|  0%| F|  |TS  0|AC  0|TAMS 0x00000003ff000000, 0x00000003ff000000|
| 158|0x00000003ff400000, 0x00000003ff400000, 0x00000003ff800000|  0%| F|  |TS  0|AC  0|TAMS 0x00000003ff400000, 0x00000003ff400000|
| 159|0x00000003ff800000, 0x00000003ff800000, 0x00000003ffc00000|  0%| F|  |TS  0|AC  0|TAMS 0x00000003ff800000, 0x00000003ff800000|
| 160|0x00000003ffc00000, 0x00000003ffc00000, 0x0000000400000000|  0%| F|  |TS  0|AC  0|TAMS 0x00000003ffc00000, 0x00000003ffc00000|
| 161|0x0000000400000000, 0x0000000400000000, 0x0000000400400000|  0%| F|  |TS  0|AC  0|TAMS 0x0000000400000000, 0x0000000400000000|
| 162|0x0000000400400000, 0x0000000400400000, 0x0000000400800000|  0%| F|  |TS  0|AC  0|TAMS 0x0000000400400000, 0x0000000400400000|
| 163|0x0000000400800000, 0x0000000400800000, 0x0000000400c00000|  0%| F|  |TS  0|AC  0|TAMS 0x0000000400800000, 0x0000000400800000|
| 164|0x0000000400c00000, 0x0000000400c00000, 0x0000000401000000|  0%| F|  |TS  0|AC  0|TAMS 0x0000000400c00000, 0x0000000400c00000|
| 165|0x0000000401000000, 0x0000000401000000, 0x0000000401400000|  0%| F|  |TS  0|AC  0|TAMS 0x0000000401000000, 0x0000000401000000|
| 166|0x0000000401400000, 0x0000000401400000, 0x0000000401800000|  0%| F|  |TS  0|AC  0|TAMS 0x0000000401400000, 0x0000000401400000|
| 167|0x0000000401800000, 0x0000000401800000, 0x0000000401c00000|  0%| F|  |TS  0|AC  0|TAMS 0x0000000401800000, 0x0000000401800000|
| 168|0x0000000401c00000, 0x0000000401c00000, 0x0000000402000000|  0%| F|  |TS  0|AC  0|TAMS 0x0000000401c00000, 0x0000000401c00000|
| 169|0x0000000402000000, 0x0000000402000000, 0x0000000402400000|  0%| F|  |TS  0|AC  0|TAMS 0x0000000402000000, 0x0000000402000000|
| 170|0x0000000402400000, 0x0000000402400000, 0x0000000402800000|  0%| F|  |TS  0|AC  0|TAMS 0x0000000402400000, 0x0000000402400000|
| 171|0x0000000402800000, 0x0000000402800000, 0x0000000402c00000|  0%| F|  |TS  0|AC  0|TAMS 0x0000000402800000, 0x0000000402800000|
| 172|0x0000000402c00000, 0x0000000402c00000, 0x0000000403000000|  0%| F|  |TS  0|AC  0|TAMS 0x0000000402c00000, 0x0000000402c00000|
| 173|0x0000000403000000, 0x0000000403000000, 0x0000000403400000|  0%| F|  |TS  0|AC  0|TAMS 0x0000000403000000, 0x0000000403000000|
| 174|0x0000000403400000, 0x0000000403400000, 0x0000000403800000|  0%| F|  |TS  0|AC  0|TAMS 0x0000000403400000, 0x0000000403400000|
| 175|0x0000000403800000, 0x0000000403800000, 0x0000000403c00000|  0%| F|  |TS  0|AC  0|TAMS 0x0000000403800000, 0x0000000403800000|
| 176|0x0000000403c00000, 0x0000000403c00000, 0x0000000404000000|  0%| F|  |TS  0|AC  0|TAMS 0x0000000403c00000, 0x0000000403c00000|
| 177|0x0000000404000000, 0x0000000404000000, 0x0000000404400000|  0%| F|  |TS  0|AC  0|TAMS 0x0000000404000000, 0x0000000404000000|
| 178|0x0000000404400000, 0x0000000404400000, 0x0000000404800000|  0%| F|  |TS  0|AC  0|TAMS 0x0000000404400000, 0x0000000404400000|
| 179|0x0000000404800000, 0x0000000404800000, 0x0000000404c00000|  0%| F|  |TS  0|AC  0|TAMS 0x0000000404800000, 0x0000000404800000|
| 180|0x0000000404c00000, 0x0000000404c00000, 0x0000000405000000|  0%| F|  |TS  0|AC  0|TAMS 0x0000000404c00000, 0x0000000404c00000|
| 181|0x0000000405000000, 0x0000000405000000, 0x0000000405400000|  0%| F|  |TS  0|AC  0|TAMS 0x0000000405000000, 0x0000000405000000|
| 182|0x0000000405400000, 0x0000000405400000, 0x0000000405800000|  0%| F|  |TS  0|AC  0|TAMS 0x0000000405400000, 0x0000000405400000|
| 183|0x0000000405800000, 0x0000000405800000, 0x0000000405c00000|  0%| F|  |TS  0|AC  0|TAMS 0x0000000405800000, 0x0000000405800000|
| 184|0x0000000405c00000, 0x0000000405c00000, 0x0000000406000000|  0%| F|  |TS  0|AC  0|TAMS 0x0000000405c00000, 0x0000000405c00000|
| 185|0x0000000406000000, 0x0000000406000000, 0x0000000406400000|  0%| F|  |TS  0|AC  0|TAMS 0x0000000406000000, 0x0000000406000000|
| 186|0x0000000406400000, 0x0000000406400000, 0x0000000406800000|  0%| F|  |TS  0|AC  0|TAMS 0x0000000406400000, 0x0000000406400000|
| 187|0x0000000406800000, 0x0000000406800000, 0x0000000406c00000|  0%| F|  |TS  0|AC  0|TAMS 0x0000000406800000, 0x0000000406800000|
| 188|0x0000000406c00000, 0x0000000406c00000, 0x0000000407000000|  0%| F|  |TS  0|AC  0|TAMS 0x0000000406c00000, 0x0000000406c00000|
| 189|0x0000000407000000, 0x0000000407000000, 0x0000000407400000|  0%| F|  |TS  0|AC  0|TAMS 0x0000000407000000, 0x0000000407000000|
| 190|0x0000000407400000, 0x0000000407400000, 0x0000000407800000|  0%| F|  |TS  0|AC  0|TAMS 0x0000000407400000, 0x0000000407400000|
| 191|0x0000000407800000, 0x0000000407800000, 0x0000000407c00000|  0%| F|  |TS  0|AC  0|TAMS 0x0000000407800000, 0x0000000407800000|
| 192|0x0000000407c00000, 0x0000000407c00000, 0x0000000408000000|  0%| F|  |TS  0|AC  0|TAMS 0x0000000407c00000, 0x0000000407c00000|
| 193|0x0000000408000000, 0x0000000408000000, 0x0000000408400000|  0%| F|  |TS  0|AC  0|TAMS 0x0000000408000000, 0x0000000408000000|
| 194|0x0000000408400000, 0x0000000408400000, 0x0000000408800000|  0%| F|  |TS  0|AC  0|TAMS 0x0000000408400000, 0x0000000408400000|
| 195|0x0000000408800000, 0x0000000408800000, 0x0000000408c00000|  0%| F|  |TS  0|AC  0|TAMS 0x0000000408800000, 0x0000000408800000|
| 196|0x0000000408c00000, 0x0000000408c00000, 0x0000000409000000|  0%| F|  |TS  0|AC  0|TAMS 0x0000000408c00000, 0x0000000408c00000|
| 197|0x0000000409000000, 0x0000000409000000, 0x0000000409400000|  0%| F|  |TS  0|AC  0|TAMS 0x0000000409000000, 0x0000000409000000|
| 198|0x0000000409400000, 0x0000000409400000, 0x0000000409800000|  0%| F|  |TS  0|AC  0|TAMS 0x0000000409400000, 0x0000000409400000|
| 199|0x0000000409800000, 0x0000000409800000, 0x0000000409c00000|  0%| F|  |TS  0|AC  0|TAMS 0x0000000409800000, 0x0000000409800000|
| 200|0x0000000409c00000, 0x0000000409c00000, 0x000000040a000000|  0%| F|  |TS  0|AC  0|TAMS 0x0000000409c00000, 0x0000000409c00000|
| 201|0x000000040a000000, 0x000000040a000000, 0x000000040a400000|  0%| F|  |TS  0|AC  0|TAMS 0x000000040a000000, 0x000000040a000000|
| 202|0x000000040a400000, 0x000000040a400000, 0x000000040a800000|  0%| F|  |TS  0|AC  0|TAMS 0x000000040a400000, 0x000000040a400000|
| 203|0x000000040a800000, 0x000000040a800000, 0x000000040ac00000|  0%| F|  |TS  0|AC  0|TAMS 0x000000040a800000, 0x000000040a800000|
| 204|0x000000040ac00000, 0x000000040ac00000, 0x000000040b000000|  0%| F|  |TS  0|AC  0|TAMS 0x000000040ac00000, 0x000000040ac00000|
| 205|0x000000040b000000, 0x000000040b000000, 0x000000040b400000|  0%| F|  |TS  0|AC  0|TAMS 0x000000040b000000, 0x000000040b000000|
| 206|0x000000040b400000, 0x000000040b400000, 0x000000040b800000|  0%| F|  |TS  0|AC  0|TAMS 0x000000040b400000, 0x000000040b400000|
| 207|0x000000040b800000, 0x000000040b800000, 0x000000040bc00000|  0%| F|  |TS  0|AC  0|TAMS 0x000000040b800000, 0x000000040b800000|
| 208|0x000000040bc00000, 0x000000040bc00000, 0x000000040c000000|  0%| F|  |TS  0|AC  0|TAMS 0x000000040bc00000, 0x000000040bc00000|
| 209|0x000000040c000000, 0x000000040c000000, 0x000000040c400000|  0%| F|  |TS  0|AC  0|TAMS 0x000000040c000000, 0x000000040c000000|
| 210|0x000000040c400000, 0x000000040c400000, 0x000000040c800000|  0%| F|  |TS  0|AC  0|TAMS 0x000000040c400000, 0x000000040c400000|
| 211|0x000000040c800000, 0x000000040c800000, 0x000000040cc00000|  0%| F|  |TS  0|AC  0|TAMS 0x000000040c800000, 0x000000040c800000|
| 212|0x000000040cc00000, 0x000000040cc00000, 0x000000040d000000|  0%| F|  |TS  0|AC  0|TAMS 0x000000040cc00000, 0x000000040cc00000|
| 213|0x000000040d000000, 0x000000040d000000, 0x000000040d400000|  0%| F|  |TS  0|AC  0|TAMS 0x000000040d000000, 0x000000040d000000|
| 214|0x000000040d400000, 0x000000040d400000, 0x000000040d800000|  0%| F|  |TS  0|AC  0|TAMS 0x000000040d400000, 0x000000040d400000|
| 215|0x000000040d800000, 0x000000040d800000, 0x000000040dc00000|  0%| F|  |TS  0|AC  0|TAMS 0x000000040d800000, 0x000000040d800000|
| 216|0x000000040dc00000, 0x000000040dc00000, 0x000000040e000000|  0%| F|  |TS  0|AC  0|TAMS 0x000000040dc00000, 0x000000040dc00000|
| 217|0x000000040e000000, 0x000000040e000000, 0x000000040e400000|  0%| F|  |TS  0|AC  0|TAMS 0x000000040e000000, 0x000000040e000000|
| 218|0x000000040e400000, 0x000000040e400000, 0x000000040e800000|  0%| F|  |TS  0|AC  0|TAMS 0x000000040e400000, 0x000000040e400000|
| 219|0x000000040e800000, 0x000000040e800000, 0x000000040ec00000|  0%| F|  |TS  0|AC  0|TAMS 0x000000040e800000, 0x000000040e800000|
| 220|0x000000040ec00000, 0x000000040ec00000, 0x000000040f000000|  0%| F|  |TS  0|AC  0|TAMS 0x000000040ec00000, 0x000000040ec00000|
| 221|0x000000040f000000, 0x000000040f000000, 0x000000040f400000|  0%| F|  |TS  0|AC  0|TAMS 0x000000040f000000, 0x000000040f000000|
| 222|0x000000040f400000, 0x000000040f400000, 0x000000040f800000|  0%| F|  |TS  0|AC  0|TAMS 0x000000040f400000, 0x000000040f400000|
| 223|0x000000040f800000, 0x000000040f800000, 0x000000040fc00000|  0%| F|  |TS  0|AC  0|TAMS 0x000000040f800000, 0x000000040f800000|
| 224|0x000000040fc00000, 0x000000040fc00000, 0x0000000410000000|  0%| F|  |TS  0|AC  0|TAMS 0x000000040fc00000, 0x000000040fc00000|
| 225|0x0000000410000000, 0x0000000410000000, 0x0000000410400000|  0%| F|  |TS  0|AC  0|TAMS 0x0000000410000000, 0x0000000410000000|
| 226|0x0000000410400000, 0x0000000410400000, 0x0000000410800000|  0%| F|  |TS  0|AC  0|TAMS 0x0000000410400000, 0x0000000410400000|
| 227|0x0000000410800000, 0x0000000410800000, 0x0000000410c00000|  0%| F|  |TS  0|AC  0|TAMS 0x0000000410800000, 0x0000000410800000|
| 228|0x0000000410c00000, 0x0000000410c00000, 0x0000000411000000|  0%| F|  |TS  0|AC  0|TAMS 0x0000000410c00000, 0x0000000410c00000|
| 229|0x0000000411000000, 0x0000000411000000, 0x0000000411400000|  0%| F|  |TS  0|AC  0|TAMS 0x0000000411000000, 0x0000000411000000|
| 230|0x0000000411400000, 0x0000000411400000, 0x0000000411800000|  0%| F|  |TS  0|AC  0|TAMS 0x0000000411400000, 0x0000000411400000|
| 231|0x0000000411800000, 0x0000000411800000, 0x0000000411c00000|  0%| F|  |TS  0|AC  0|TAMS 0x0000000411800000, 0x0000000411800000|
| 232|0x0000000411c00000, 0x0000000411c00000, 0x0000000412000000|  0%| F|  |TS  0|AC  0|TAMS 0x0000000411c00000, 0x0000000411c00000|
| 233|0x0000000412000000, 0x0000000412000000, 0x0000000412400000|  0%| F|  |TS  0|AC  0|TAMS 0x0000000412000000, 0x0000000412000000|
| 234|0x0000000412400000, 0x0000000412400000, 0x0000000412800000|  0%| F|  |TS  0|AC  0|TAMS 0x0000000412400000, 0x0000000412400000|
| 235|0x0000000412800000, 0x0000000412800000, 0x0000000412c00000|  0%| F|  |TS  0|AC  0|TAMS 0x0000000412800000, 0x0000000412800000|
| 236|0x0000000412c00000, 0x0000000412c00000, 0x0000000413000000|  0%| F|  |TS  0|AC  0|TAMS 0x0000000412c00000, 0x0000000412c00000|
| 237|0x0000000413000000, 0x0000000413000000, 0x0000000413400000|  0%| F|  |TS  0|AC  0|TAMS 0x0000000413000000, 0x0000000413000000|
| 238|0x0000000413400000, 0x0000000413400000, 0x0000000413800000|  0%| F|  |TS  0|AC  0|TAMS 0x0000000413400000, 0x0000000413400000|
| 239|0x0000000413800000, 0x0000000413800000, 0x0000000413c00000|  0%| F|  |TS  0|AC  0|TAMS 0x0000000413800000, 0x0000000413800000|
| 240|0x0000000413c00000, 0x0000000413c00000, 0x0000000414000000|  0%| F|  |TS  0|AC  0|TAMS 0x0000000413c00000, 0x0000000413c00000|
| 241|0x0000000414000000, 0x0000000414000000, 0x0000000414400000|  0%| F|  |TS  0|AC  0|TAMS 0x0000000414000000, 0x0000000414000000|
| 242|0x0000000414400000, 0x0000000414400000, 0x0000000414800000|  0%| F|  |TS  0|AC  0|TAMS 0x0000000414400000, 0x0000000414400000|
| 243|0x0000000414800000, 0x0000000414800000, 0x0000000414c00000|  0%| F|  |TS  0|AC  0|TAMS 0x0000000414800000, 0x0000000414800000|
| 244|0x0000000414c00000, 0x0000000414c00000, 0x0000000415000000|  0%| F|  |TS  0|AC  0|TAMS 0x0000000414c00000, 0x0000000414c00000|
| 245|0x0000000415000000, 0x0000000415000000, 0x0000000415400000|  0%| F|  |TS  0|AC  0|TAMS 0x0000000415000000, 0x0000000415000000|
| 246|0x0000000415400000, 0x0000000415400000, 0x0000000415800000|  0%| F|  |TS  0|AC  0|TAMS 0x0000000415400000, 0x0000000415400000|
| 247|0x0000000415800000, 0x0000000415bd7948, 0x0000000415c00000| 96%| E|  |TS  0|AC  0|TAMS 0x0000000415800000, 0x0000000415800000|
| 248|0x0000000415c00000, 0x0000000416000000, 0x0000000416000000|100%| E|CS|TS  0|AC  0|TAMS 0x0000000415c00000, 0x0000000415c00000|
| 249|0x0000000416000000, 0x0000000416400000, 0x0000000416400000|100%| E|CS|TS  0|AC  0|TAMS 0x0000000416000000, 0x0000000416000000|
| 250|0x0000000416400000, 0x0000000416800000, 0x0000000416800000|100%| E|CS|TS  0|AC  0|TAMS 0x0000000416400000, 0x0000000416400000|

Card table byte_map: [0x00007f8be417c000,0x00007f8be60be000] byte_map_base: 0x00007f8be22be000

Marking Bits (Prev, Next): (CMBitMap*) 0x00007f8cac09e800, (CMBitMap*) 0x00007f8cac09e838
 Prev Bits: [0x00007f8bd282a000, 0x00007f8be223a000)
 Next Bits: [0x00007f8bc2e1a000, 0x00007f8bd282a000)

Polling page: 0x00007f8cb2c49000

CodeHeap 'non-profiled nmethods': size=119172Kb used=192Kb max_used=192Kb free=118979Kb
 bounds [0x00007f8c996e2000, 0x00007f8c99952000, 0x00007f8ca0b43000]
CodeHeap 'profiled nmethods': size=119172Kb used=533Kb max_used=533Kb free=118638Kb
 bounds [0x00007f8c92281000, 0x00007f8c924f1000, 0x00007f8c996e2000]
CodeHeap 'non-nmethods': size=7416Kb used=2866Kb max_used=2907Kb free=4549Kb
 bounds [0x00007f8c91b43000, 0x00007f8c91e23000, 0x00007f8c92281000]
 total_blobs=898 nmethods=413 adapters=236
 compilation: enabled

Compilation events (10 events):
Event: 0.693 Thread 0x00007f8cac2b8000  413       4       Print::logPrint (8 bytes)
Event: 0.693 Thread 0x00007f8cac2b4800 nmethod 406 0x00007f8c99706390 code [0x00007f8c997065c0, 0x00007f8c99707308]
Event: 0.693 Thread 0x00007f8cac2ad000  412   !   4       java.io.PrintStream::newLine (73 bytes)
Event: 0.694 Thread 0x00007f8cac2b1000 nmethod 407 0x00007f8c99707a10 code [0x00007f8c99707c40, 0x00007f8c997086a8]
Event: 0.696 Thread 0x00007f8cac2af000 nmethod 409 0x00007f8c99708f90 code [0x00007f8c99709140, 0x00007f8c99709478]
Event: 0.699 Thread 0x00007f8cac2b2800 nmethod 405 0x00007f8c99709610 code [0x00007f8c99709840, 0x00007f8c9970a9a8]
Event: 0.705 Thread 0x00007f8cac2ad000 nmethod 412 0x00007f8c9970b210 code [0x00007f8c9970b460, 0x00007f8c9970c588]
Event: 0.712 Thread 0x00007f8cac2b9800 nmethod 411 0x00007f8c9970cf10 code [0x00007f8c9970d160, 0x00007f8c9970e358]
Event: 0.728 Thread 0x00007f8cac2b8000 nmethod 413 0x00007f8c9970ee90 code [0x00007f8c9970f180, 0x00007f8c99711020]
Event: 0.872 Thread 0x00007f8cac2bd800  414 %     3       org.apache.batik.apps.rasterizer.Main::main @ 338 (6579 bytes)

GC Heap History (0 events):
No events

Deoptimization events (0 events):
No events

Classes redefined (0 events):
No events

Internal exceptions (2 events):
Event: 0.506 Thread 0x00007f8cac011800 Exception <a 'java/lang/NoSuchMethodError'{0x00000004167c3ac0}: java.lang.invoke.DirectMethodHandle$Holder.invokeInterface(Ljava/lang/Object;Ljava/lang/Object;)Ljava/lang/Object;> (0x00000004167c3ac0) thrown at [/scratch/opt/mach5/mesos/work_dir/slaves/5a
Event: 0.512 Thread 0x00007f8cac011800 Exception <a 'java/lang/NoSuchMethodError'{0x00000004167d0328}: java.lang.invoke.DirectMethodHandle$Holder.invokeInterface(Ljava/lang/Object;Ljava/lang/Object;Ljava/lang/Object;)I> (0x00000004167d0328) thrown at [/scratch/opt/mach5/mesos/work_dir/slaves/5

Events (10 events):
Event: 0.642 Thread 0x00007f8cac011800 DEOPT PACKING pc=0x00007f8c922e20a8 sp=0x00007f8cb12f4090
Event: 0.642 Thread 0x00007f8cac011800 DEOPT UNPACKING pc=0x00007f8c91b90aab sp=0x00007f8cb12f3528 mode 0
Event: 0.649 Thread 0x00007f8cac011800 DEOPT PACKING pc=0x00007f8c922eafa4 sp=0x00007f8cb12f3d30
Event: 0.649 Thread 0x00007f8cac011800 DEOPT UNPACKING pc=0x00007f8c91b90aab sp=0x00007f8cb12f3318 mode 0
Event: 0.652 Thread 0x00007f8cac011800 DEOPT PACKING pc=0x00007f8c922eafa4 sp=0x00007f8cb12f3d30
Event: 0.652 Thread 0x00007f8cac011800 DEOPT UNPACKING pc=0x00007f8c91b90aab sp=0x00007f8cb12f3318 mode 0
Event: 0.654 Thread 0x00007f8cac011800 DEOPT PACKING pc=0x00007f8c922eafa4 sp=0x00007f8cb12f3d30
Event: 0.654 Thread 0x00007f8cac011800 DEOPT UNPACKING pc=0x00007f8c91b90aab sp=0x00007f8cb12f3318 mode 0
Event: 0.657 Thread 0x00007f8cac011800 DEOPT PACKING pc=0x00007f8c922eafa4 sp=0x00007f8cb12f3d30
Event: 0.657 Thread 0x00007f8cac011800 DEOPT UNPACKING pc=0x00007f8c91b90aab sp=0x00007f8cb12f3318 mode 0


Dynamic libraries:
00400000-00401000 r-xp 00000000 00:65 77077150                           /root/oracle/jdk-9.0.4/bin/java
00600000-00601000 rw-p 00000000 00:65 77077150                           /root/oracle/jdk-9.0.4/bin/java
01c97000-01cb8000 rw-p 00000000 00:00 0                                  [heap]
3d7c00000-416800000 rw-p 00000000 00:00 0 
416800000-7c0000000 ---p 00000000 00:00 0 
7c0000000-7c00a0000 rw-p 00000000 00:00 0 
7c00a0000-800000000 ---p 00000000 00:00 0 
7f8b50000000-7f8b50021000 rw-p 00000000 00:00 0 
7f8b50021000-7f8b54000000 ---p 00000000 00:00 0 
7f8b58000000-7f8b58021000 rw-p 00000000 00:00 0 
7f8b58021000-7f8b5c000000 ---p 00000000 00:00 0 
7f8b5c000000-7f8b5c021000 rw-p 00000000 00:00 0 
7f8b5c021000-7f8b60000000 ---p 00000000 00:00 0 
7f8b60000000-7f8b6002c000 rw-p 00000000 00:00 0 
7f8b6002c000-7f8b64000000 ---p 00000000 00:00 0 
7f8b64000000-7f8b64021000 rw-p 00000000 00:00 0 
7f8b64021000-7f8b68000000 ---p 00000000 00:00 0 
7f8b68000000-7f8b6804e000 rw-p 00000000 00:00 0 
7f8b6804e000-7f8b6c000000 ---p 00000000 00:00 0 
7f8b6c000000-7f8b6c0b6000 rw-p 00000000 00:00 0 
7f8b6c0b6000-7f8b70000000 ---p 00000000 00:00 0 
7f8b70000000-7f8b702a9000 rw-p 00000000 00:00 0 
7f8b702a9000-7f8b74000000 ---p 00000000 00:00 0 
7f8b74000000-7f8b7404d000 rw-p 00000000 00:00 0 
7f8b7404d000-7f8b78000000 ---p 00000000 00:00 0 
7f8b78000000-7f8b78024000 rw-p 00000000 00:00 0 
7f8b78024000-7f8b7c000000 ---p 00000000 00:00 0 
7f8b7c000000-7f8b7c16f000 rw-p 00000000 00:00 0 
7f8b7c16f000-7f8b80000000 ---p 00000000 00:00 0 
7f8b80000000-7f8b80144000 rw-p 00000000 00:00 0 
7f8b80144000-7f8b84000000 ---p 00000000 00:00 0 
7f8b84000000-7f8b8411d000 rw-p 00000000 00:00 0 
7f8b8411d000-7f8b88000000 ---p 00000000 00:00 0 
7f8b88000000-7f8b8803e000 rw-p 00000000 00:00 0 
7f8b8803e000-7f8b8c000000 ---p 00000000 00:00 0 
7f8b8c000000-7f8b8c177000 rw-p 00000000 00:00 0 
7f8b8c177000-7f8b90000000 ---p 00000000 00:00 0 
7f8b90000000-7f8b90021000 rw-p 00000000 00:00 0 
7f8b90021000-7f8b94000000 ---p 00000000 00:00 0 
7f8b94000000-7f8b940fa000 rw-p 00000000 00:00 0 
7f8b940fa000-7f8b98000000 ---p 00000000 00:00 0 
7f8b98000000-7f8b98021000 rw-p 00000000 00:00 0 
7f8b98021000-7f8b9c000000 ---p 00000000 00:00 0 
7f8b9c000000-7f8b9c021000 rw-p 00000000 00:00 0 
7f8b9c021000-7f8ba0000000 ---p 00000000 00:00 0 
7f8ba0000000-7f8ba0021000 rw-p 00000000 00:00 0 
7f8ba0021000-7f8ba4000000 ---p 00000000 00:00 0 
7f8ba4000000-7f8ba4021000 rw-p 00000000 00:00 0 
7f8ba4021000-7f8ba8000000 ---p 00000000 00:00 0 
7f8ba8d84000-7f8ba90b2000 rw-p 00000000 00:00 0 
7f8ba90b2000-7f8ba90b3000 ---p 00000000 00:00 0 
7f8ba90b3000-7f8ba91b4000 rw-p 00000000 00:00 0 
7f8ba91b4000-7f8ba91b8000 ---p 00000000 00:00 0 
7f8ba91b8000-7f8ba92b5000 rw-p 00000000 00:00 0 
7f8ba92b5000-7f8ba92b9000 ---p 00000000 00:00 0 
7f8ba92b9000-7f8ba93e7000 rw-p 00000000 00:00 0 
7f8ba93e7000-7f8ba93fd000 r-xp 00000000 00:65 77077477                   /root/oracle/jdk-9.0.4/lib/libnet.so
7f8ba93fd000-7f8ba95fd000 ---p 00016000 00:65 77077477                   /root/oracle/jdk-9.0.4/lib/libnet.so
7f8ba95fd000-7f8ba95fe000 rw-p 00016000 00:65 77077477                   /root/oracle/jdk-9.0.4/lib/libnet.so
7f8ba95fe000-7f8ba960e000 r-xp 00000000 00:65 77077594                   /root/oracle/jdk-9.0.4/lib/libnio.so
7f8ba960e000-7f8ba980e000 ---p 00010000 00:65 77077594                   /root/oracle/jdk-9.0.4/lib/libnio.so
7f8ba980e000-7f8ba980f000 rw-p 00010000 00:65 77077594                   /root/oracle/jdk-9.0.4/lib/libnio.so
7f8ba980f000-7f8ba9813000 ---p 00000000 00:00 0 
7f8ba9813000-7f8ba9910000 rw-p 00000000 00:00 0 
7f8ba9910000-7f8ba9914000 ---p 00000000 00:00 0 
7f8ba9914000-7f8ba9a11000 rw-p 00000000 00:00 0 
7f8ba9a11000-7f8ba9a15000 ---p 00000000 00:00 0 
7f8ba9a15000-7f8ba9b12000 rw-p 00000000 00:00 0 
7f8ba9b12000-7f8ba9b16000 ---p 00000000 00:00 0 
7f8ba9b16000-7f8ba9c13000 rw-p 00000000 00:00 0 
7f8ba9c13000-7f8ba9c17000 ---p 00000000 00:00 0 
7f8ba9c17000-7f8ba9d14000 rw-p 00000000 00:00 0 
7f8ba9d14000-7f8ba9d18000 ---p 00000000 00:00 0 
7f8ba9d18000-7f8ba9e15000 rw-p 00000000 00:00 0 
7f8ba9e15000-7f8ba9e19000 ---p 00000000 00:00 0 
7f8ba9e19000-7f8ba9f16000 rw-p 00000000 00:00 0 
7f8ba9f16000-7f8ba9f1a000 ---p 00000000 00:00 0 
7f8ba9f1a000-7f8baa017000 rw-p 00000000 00:00 0 
7f8baa017000-7f8baa01b000 ---p 00000000 00:00 0 
7f8baa01b000-7f8baa118000 rw-p 00000000 00:00 0 
7f8baa118000-7f8baa11c000 ---p 00000000 00:00 0 
7f8baa11c000-7f8baa219000 rw-p 00000000 00:00 0 
7f8baa219000-7f8baa21d000 ---p 00000000 00:00 0 
7f8baa21d000-7f8baa31a000 rw-p 00000000 00:00 0 
7f8baa31a000-7f8baa31e000 ---p 00000000 00:00 0 
7f8baa31e000-7f8baa41b000 rw-p 00000000 00:00 0 
7f8baa41b000-7f8baa41f000 ---p 00000000 00:00 0 
7f8baa41f000-7f8baa51c000 rw-p 00000000 00:00 0 
7f8baa51c000-7f8baa520000 ---p 00000000 00:00 0 
7f8baa520000-7f8baa61d000 rw-p 00000000 00:00 0 
7f8baa61d000-7f8baa621000 ---p 00000000 00:00 0 
7f8baa621000-7f8baa71e000 rw-p 00000000 00:00 0 
7f8baa71e000-7f8baa722000 ---p 00000000 00:00 0 
7f8baa722000-7f8baa81f000 rw-p 00000000 00:00 0 
7f8baa81f000-7f8baa820000 ---p 00000000 00:00 0 
7f8baa820000-7f8baaff2000 rw-p 00000000 00:00 0 
7f8baaff2000-7f8bab1f2000 ---p 00000000 00:00 0 
7f8bab1f2000-7f8bac000000 rw-p 00000000 00:00 0 
7f8bac000000-7f8bac021000 rw-p 00000000 00:00 0 
7f8bac021000-7f8bb0000000 ---p 00000000 00:00 0 
7f8bb0000000-7f8bb0021000 rw-p 00000000 00:00 0 
7f8bb0021000-7f8bb4000000 ---p 00000000 00:00 0 
7f8bb4000000-7f8bb4021000 rw-p 00000000 00:00 0 
7f8bb4021000-7f8bb8000000 ---p 00000000 00:00 0 
7f8bb8000000-7f8bb8021000 rw-p 00000000 00:00 0 
7f8bb8021000-7f8bbc000000 ---p 00000000 00:00 0 
7f8bbc000000-7f8bbc021000 rw-p 00000000 00:00 0 
7f8bbc021000-7f8bc0000000 ---p 00000000 00:00 0 
7f8bc0023000-7f8bc0629000 rw-p 00000000 00:00 0 
7f8bc0629000-7f8bc2629000 rwxp 00000000 00:00 0 
7f8bc2629000-7f8bc262a000 ---p 00000000 00:00 0 
7f8bc262a000-7f8bc272b000 rw-p 00000000 00:00 0 
7f8bc272b000-7f8bc272c000 ---p 00000000 00:00 0 
7f8bc272c000-7f8bc282d000 rw-p 00000000 00:00 0 
7f8bc282d000-7f8bc282e000 ---p 00000000 00:00 0 
7f8bc282e000-7f8bc292f000 rw-p 00000000 00:00 0 
7f8bc292f000-7f8bc2930000 ---p 00000000 00:00 0 
7f8bc2930000-7f8bc3dca000 rw-p 00000000 00:00 0 
7f8bc3dca000-7f8bd282a000 ---p 00000000 00:00 0 
7f8bd282a000-7f8bd37da000 rw-p 00000000 00:00 0 
7f8bd37da000-7f8be223a000 ---p 00000000 00:00 0 
7f8be223a000-7f8be2430000 rw-p 00000000 00:00 0 
7f8be2430000-7f8be417c000 ---p 00000000 00:00 0 
7f8be417c000-7f8be4372000 rw-p 00000000 00:00 0 
7f8be4372000-7f8be8000000 ---p 00000000 00:00 0 
7f8be8000000-7f8be8021000 rw-p 00000000 00:00 0 
7f8be8021000-7f8bec000000 ---p 00000000 00:00 0 
7f8bec000000-7f8bec021000 rw-p 00000000 00:00 0 
7f8bec021000-7f8bf0000000 ---p 00000000 00:00 0 
7f8bf0000000-7f8bf0021000 rw-p 00000000 00:00 0 
7f8bf0021000-7f8bf4000000 ---p 00000000 00:00 0 
7f8bf4000000-7f8bf4021000 rw-p 00000000 00:00 0 
7f8bf4021000-7f8bf8000000 ---p 00000000 00:00 0 
7f8bf8000000-7f8bf8021000 rw-p 00000000 00:00 0 
7f8bf8021000-7f8bfc000000 ---p 00000000 00:00 0 
7f8bfc000000-7f8bfc021000 rw-p 00000000 00:00 0 
7f8bfc021000-7f8c00000000 ---p 00000000 00:00 0 
7f8c00000000-7f8c00021000 rw-p 00000000 00:00 0 
7f8c00021000-7f8c04000000 ---p 00000000 00:00 0 
7f8c04000000-7f8c04021000 rw-p 00000000 00:00 0 
7f8c04021000-7f8c08000000 ---p 00000000 00:00 0 
7f8c08000000-7f8c08021000 rw-p 00000000 00:00 0 
7f8c08021000-7f8c0c000000 ---p 00000000 00:00 0 
7f8c0c000000-7f8c0c021000 rw-p 00000000 00:00 0 
7f8c0c021000-7f8c10000000 ---p 00000000 00:00 0 
7f8c10000000-7f8c10021000 rw-p 00000000 00:00 0 
7f8c10021000-7f8c14000000 ---p 00000000 00:00 0 
7f8c14000000-7f8c14021000 rw-p 00000000 00:00 0 
7f8c14021000-7f8c18000000 ---p 00000000 00:00 0 
7f8c18000000-7f8c18021000 rw-p 00000000 00:00 0 
7f8c18021000-7f8c1c000000 ---p 00000000 00:00 0 
7f8c1c000000-7f8c1c021000 rw-p 00000000 00:00 0 
7f8c1c021000-7f8c20000000 ---p 00000000 00:00 0 
7f8c20000000-7f8c20021000 rw-p 00000000 00:00 0 
7f8c20021000-7f8c24000000 ---p 00000000 00:00 0 
7f8c24000000-7f8c24021000 rw-p 00000000 00:00 0 
7f8c24021000-7f8c28000000 ---p 00000000 00:00 0 
7f8c28000000-7f8c28021000 rw-p 00000000 00:00 0 
7f8c28021000-7f8c2c000000 ---p 00000000 00:00 0 
7f8c2c000000-7f8c2c021000 rw-p 00000000 00:00 0 
7f8c2c021000-7f8c30000000 ---p 00000000 00:00 0 
7f8c30000000-7f8c30021000 rw-p 00000000 00:00 0 
7f8c30021000-7f8c34000000 ---p 00000000 00:00 0 
7f8c34000000-7f8c34021000 rw-p 00000000 00:00 0 
7f8c34021000-7f8c38000000 ---p 00000000 00:00 0 
7f8c38000000-7f8c38021000 rw-p 00000000 00:00 0 
7f8c38021000-7f8c3c000000 ---p 00000000 00:00 0 
7f8c3c000000-7f8c3c021000 rw-p 00000000 00:00 0 
7f8c3c021000-7f8c40000000 ---p 00000000 00:00 0 
7f8c40008000-7f8c40009000 ---p 00000000 00:00 0 
7f8c40009000-7f8c4010a000 rw-p 00000000 00:00 0 
7f8c4010a000-7f8c4010b000 ---p 00000000 00:00 0 
7f8c4010b000-7f8c40504000 rw-p 00000000 00:00 0 
7f8c40504000-7f8c42250000 ---p 00000000 00:00 0 
7f8c42250000-7f8c422ce000 rw-p 00000000 00:00 0 
7f8c422ce000-7f8c422cf000 ---p 00000000 00:00 0 
7f8c422cf000-7f8c423d0000 rw-p 00000000 00:00 0 
7f8c423d0000-7f8c423d1000 ---p 00000000 00:00 0 
7f8c423d1000-7f8c424d2000 rw-p 00000000 00:00 0 
7f8c424d2000-7f8c424d3000 ---p 00000000 00:00 0 
7f8c424d3000-7f8c425d4000 rw-p 00000000 00:00 0 
7f8c425d4000-7f8c425d5000 ---p 00000000 00:00 0 
7f8c425d5000-7f8c426d6000 rw-p 00000000 00:00 0 
7f8c426d6000-7f8c426d7000 ---p 00000000 00:00 0 
7f8c426d7000-7f8c427d8000 rw-p 00000000 00:00 0 
7f8c427d8000-7f8c427d9000 ---p 00000000 00:00 0 
7f8c427d9000-7f8c428da000 rw-p 00000000 00:00 0 
7f8c428da000-7f8c428db000 ---p 00000000 00:00 0 
7f8c428db000-7f8c429dc000 rw-p 00000000 00:00 0 
7f8c429dc000-7f8c429dd000 ---p 00000000 00:00 0 
7f8c429dd000-7f8c42ade000 rw-p 00000000 00:00 0 
7f8c42ade000-7f8c42adf000 ---p 00000000 00:00 0 
7f8c42adf000-7f8c42be0000 rw-p 00000000 00:00 0 
7f8c42be0000-7f8c42be1000 ---p 00000000 00:00 0 
7f8c42be1000-7f8c42ce2000 rw-p 00000000 00:00 0 
7f8c42ce2000-7f8c42ce3000 ---p 00000000 00:00 0 
7f8c42ce3000-7f8c42de4000 rw-p 00000000 00:00 0 
7f8c42de4000-7f8c42de5000 ---p 00000000 00:00 0 
7f8c42de5000-7f8c42ee6000 rw-p 00000000 00:00 0 
7f8c42ee6000-7f8c42ee7000 ---p 00000000 00:00 0 
7f8c42ee7000-7f8c42fe8000 rw-p 00000000 00:00 0 
7f8c42fe8000-7f8c42fe9000 ---p 00000000 00:00 0 
7f8c42fe9000-7f8c430ea000 rw-p 00000000 00:00 0 
7f8c430ea000-7f8c430eb000 ---p 00000000 00:00 0 
7f8c430eb000-7f8c431ec000 rw-p 00000000 00:00 0 
7f8c431ec000-7f8c431ed000 ---p 00000000 00:00 0 
7f8c431ed000-7f8c432ee000 rw-p 00000000 00:00 0 
7f8c432ee000-7f8c432ef000 ---p 00000000 00:00 0 
7f8c432ef000-7f8c433f0000 rw-p 00000000 00:00 0 
7f8c433f0000-7f8c433f1000 ---p 00000000 00:00 0 
7f8c433f1000-7f8c434f2000 rw-p 00000000 00:00 0 
7f8c434f2000-7f8c434f3000 ---p 00000000 00:00 0 
7f8c434f3000-7f8c435f4000 rw-p 00000000 00:00 0 
7f8c435f4000-7f8c435f5000 ---p 00000000 00:00 0 
7f8c435f5000-7f8c436f6000 rw-p 00000000 00:00 0 
7f8c436f6000-7f8c436f7000 ---p 00000000 00:00 0 
7f8c436f7000-7f8c44000000 rw-p 00000000 00:00 0 
7f8c44000000-7f8c44021000 rw-p 00000000 00:00 0 
7f8c44021000-7f8c48000000 ---p 00000000 00:00 0 
7f8c48000000-7f8c48021000 rw-p 00000000 00:00 0 
7f8c48021000-7f8c4c000000 ---p 00000000 00:00 0 
7f8c4c000000-7f8c4c021000 rw-p 00000000 00:00 0 
7f8c4c021000-7f8c50000000 ---p 00000000 00:00 0 
7f8c50000000-7f8c50021000 rw-p 00000000 00:00 0 
7f8c50021000-7f8c54000000 ---p 00000000 00:00 0 
7f8c54000000-7f8c54021000 rw-p 00000000 00:00 0 
7f8c54021000-7f8c58000000 ---p 00000000 00:00 0 
7f8c58000000-7f8c58021000 rw-p 00000000 00:00 0 
7f8c58021000-7f8c5c000000 ---p 00000000 00:00 0 
7f8c5c000000-7f8c5c021000 rw-p 00000000 00:00 0 
7f8c5c021000-7f8c60000000 ---p 00000000 00:00 0 
7f8c60000000-7f8c60021000 rw-p 00000000 00:00 0 
7f8c60021000-7f8c64000000 ---p 00000000 00:00 0 
7f8c64000000-7f8c64021000 rw-p 00000000 00:00 0 
7f8c64021000-7f8c68000000 ---p 00000000 00:00 0 
7f8c68000000-7f8c68021000 rw-p 00000000 00:00 0 
7f8c68021000-7f8c6c000000 ---p 00000000 00:00 0 
7f8c6c000000-7f8c6c021000 rw-p 00000000 00:00 0 
7f8c6c021000-7f8c70000000 ---p 00000000 00:00 0 
7f8c70000000-7f8c70021000 rw-p 00000000 00:00 0 
7f8c70021000-7f8c74000000 ---p 00000000 00:00 0 
7f8c74000000-7f8c74021000 rw-p 00000000 00:00 0 
7f8c74021000-7f8c78000000 ---p 00000000 00:00 0 
7f8c78000000-7f8c78021000 rw-p 00000000 00:00 0 
7f8c78021000-7f8c7c000000 ---p 00000000 00:00 0 
7f8c7c000000-7f8c7c021000 rw-p 00000000 00:00 0 
7f8c7c021000-7f8c80000000 ---p 00000000 00:00 0 
7f8c80000000-7f8c80021000 rw-p 00000000 00:00 0 
7f8c80021000-7f8c84000000 ---p 00000000 00:00 0 
7f8c84000000-7f8c84021000 rw-p 00000000 00:00 0 
7f8c84021000-7f8c88000000 ---p 00000000 00:00 0 
7f8c88000000-7f8c88021000 rw-p 00000000 00:00 0 
7f8c88021000-7f8c8c000000 ---p 00000000 00:00 0 
7f8c8c000000-7f8c8c021000 rw-p 00000000 00:00 0 
7f8c8c021000-7f8c90000000 ---p 00000000 00:00 0 
7f8c90019000-7f8c90c25000 rw-p 00000000 00:00 0 
7f8c90c25000-7f8c90c26000 ---p 00000000 00:00 0 
7f8c90c26000-7f8c90d27000 rw-p 00000000 00:00 0 
7f8c90d27000-7f8c90d28000 ---p 00000000 00:00 0 
7f8c90d28000-7f8c90e29000 rw-p 00000000 00:00 0 
7f8c90e29000-7f8c90e2a000 ---p 00000000 00:00 0 
7f8c90e2a000-7f8c90f2b000 rw-p 00000000 00:00 0 
7f8c90f2b000-7f8c90f2c000 ---p 00000000 00:00 0 
7f8c90f2c000-7f8c9102d000 rw-p 00000000 00:00 0 
7f8c9102d000-7f8c9102e000 ---p 00000000 00:00 0 
7f8c9102e000-7f8c9112f000 rw-p 00000000 00:00 0 
7f8c9112f000-7f8c91130000 ---p 00000000 00:00 0 
7f8c91130000-7f8c91231000 rw-p 00000000 00:00 0 
7f8c91231000-7f8c91232000 ---p 00000000 00:00 0 
7f8c91232000-7f8c91333000 rw-p 00000000 00:00 0 
7f8c91333000-7f8c91334000 ---p 00000000 00:00 0 
7f8c91334000-7f8c91435000 rw-p 00000000 00:00 0 
7f8c91435000-7f8c91436000 ---p 00000000 00:00 0 
7f8c91436000-7f8c91537000 rw-p 00000000 00:00 0 
7f8c91537000-7f8c91538000 ---p 00000000 00:00 0 
7f8c91538000-7f8c91639000 rw-p 00000000 00:00 0 
7f8c91639000-7f8c9163a000 ---p 00000000 00:00 0 
7f8c9163a000-7f8c9173b000 rw-p 00000000 00:00 0 
7f8c9173b000-7f8c9173c000 ---p 00000000 00:00 0 
7f8c9173c000-7f8c9183d000 rw-p 00000000 00:00 0 
7f8c9183d000-7f8c9183e000 ---p 00000000 00:00 0 
7f8c9183e000-7f8c9193f000 rw-p 00000000 00:00 0 
7f8c9193f000-7f8c91940000 ---p 00000000 00:00 0 
7f8c91940000-7f8c91a41000 rw-p 00000000 00:00 0 
7f8c91a41000-7f8c91a42000 ---p 00000000 00:00 0 
7f8c91a42000-7f8c91b43000 rw-p 00000000 00:00 0 
7f8c91b43000-7f8c91e23000 rwxp 00000000 00:00 0 
7f8c91e23000-7f8c92281000 ---p 00000000 00:00 0 
7f8c92281000-7f8c924f1000 rwxp 00000000 00:00 0 
7f8c924f1000-7f8c996e2000 ---p 00000000 00:00 0 
7f8c996e2000-7f8c99952000 rwxp 00000000 00:00 0 
7f8c99952000-7f8ca0b43000 ---p 00000000 00:00 0 
7f8ca0b43000-7f8cac000000 r--s 00000000 00:65 77077560                   /root/oracle/jdk-9.0.4/lib/modules
7f8cac000000-7f8cac3f7000 rw-p 00000000 00:00 0 
7f8cac3f7000-7f8cb0000000 ---p 00000000 00:00 0 
7f8cb001f000-7f8cb0047000 rw-p 00000000 00:00 0 
7f8cb0047000-7f8cb0048000 ---p 00000000 00:00 0 
7f8cb0048000-7f8cb0149000 rw-p 00000000 00:00 0 
7f8cb0149000-7f8cb014a000 ---p 00000000 00:00 0 
7f8cb014a000-7f8cb024b000 rw-p 00000000 00:00 0 
7f8cb024b000-7f8cb024c000 ---p 00000000 00:00 0 
7f8cb024c000-7f8cb034d000 rw-p 00000000 00:00 0 
7f8cb034d000-7f8cb034e000 ---p 00000000 00:00 0 
7f8cb034e000-7f8cb044f000 rw-p 00000000 00:00 0 
7f8cb044f000-7f8cb0450000 ---p 00000000 00:00 0 
7f8cb0450000-7f8cb0556000 rw-p 00000000 00:00 0 
7f8cb0556000-7f8cb063a000 ---p 00000000 00:00 0 
7f8cb063a000-7f8cb063f000 rw-p 00000000 00:00 0 
7f8cb063f000-7f8cb0723000 ---p 00000000 00:00 0 
7f8cb0723000-7f8cb0729000 rw-p 00000000 00:00 0 
7f8cb0729000-7f8cb0732000 ---p 00000000 00:00 0 
7f8cb0732000-7f8cb0782000 rw-p 00000000 00:00 0 
7f8cb0782000-7f8cb095f000 r--s 03e31000 00:65 101727669                  /usr/local/java/jdk1.8.0_301/jre/lib/rt.jar
7f8cb095f000-7f8cb0979000 r-xp 00000000 00:65 77077435                   /root/oracle/jdk-9.0.4/lib/libjimage.so
7f8cb0979000-7f8cb0b78000 ---p 0001a000 00:65 77077435                   /root/oracle/jdk-9.0.4/lib/libjimage.so
7f8cb0b78000-7f8cb0b7a000 rw-p 00019000 00:65 77077435                   /root/oracle/jdk-9.0.4/lib/libjimage.so
7f8cb0b7a000-7f8cb0b8c000 rw-p 00000000 00:00 0 
7f8cb0b8c000-7f8cb0b93000 r-xp 00000000 00:65 77083131                   /root/oracle/jdk-9.0.4/lib/libzip.so
7f8cb0b93000-7f8cb0d92000 ---p 00007000 00:65 77083131                   /root/oracle/jdk-9.0.4/lib/libzip.so
7f8cb0d92000-7f8cb0d93000 rw-p 00006000 00:65 77083131                   /root/oracle/jdk-9.0.4/lib/libzip.so
7f8cb0d93000-7f8cb0d96000 r--p 00000000 00:65 165034530                  /usr/lib/x86_64-linux-gnu/libnss_files-2.31.so
7f8cb0d96000-7f8cb0d9d000 r-xp 00003000 00:65 165034530                  /usr/lib/x86_64-linux-gnu/libnss_files-2.31.so
7f8cb0d9d000-7f8cb0d9f000 r--p 0000a000 00:65 165034530                  /usr/lib/x86_64-linux-gnu/libnss_files-2.31.so
7f8cb0d9f000-7f8cb0da0000 r--p 0000b000 00:65 165034530                  /usr/lib/x86_64-linux-gnu/libnss_files-2.31.so
7f8cb0da0000-7f8cb0da1000 rw-p 0000c000 00:65 165034530                  /usr/lib/x86_64-linux-gnu/libnss_files-2.31.so
7f8cb0da1000-7f8cb0da7000 rw-p 00000000 00:00 0 
7f8cb0daf000-7f8cb0db0000 rw-p 00000000 00:00 0 
7f8cb0db0000-7f8cb0ddb000 r-xp 00000000 00:65 77077470                   /root/oracle/jdk-9.0.4/lib/libjava.so
7f8cb0ddb000-7f8cb0fda000 ---p 0002b000 00:65 77077470                   /root/oracle/jdk-9.0.4/lib/libjava.so
7f8cb0fda000-7f8cb0fdc000 rw-p 0002a000 00:65 77077470                   /root/oracle/jdk-9.0.4/lib/libjava.so
7f8cb0fdc000-7f8cb0fe9000 r-xp 00000000 00:65 77077494                   /root/oracle/jdk-9.0.4/lib/libverify.so
7f8cb0fe9000-7f8cb11e8000 ---p 0000d000 00:65 77077494                   /root/oracle/jdk-9.0.4/lib/libverify.so
7f8cb11e8000-7f8cb11ea000 rw-p 0000c000 00:65 77077494                   /root/oracle/jdk-9.0.4/lib/libverify.so
7f8cb11ea000-7f8cb11ed000 r--p 00000000 00:65 165034636                  /usr/lib/x86_64-linux-gnu/librt-2.31.so
7f8cb11ed000-7f8cb11f1000 r-xp 00003000 00:65 165034636                  /usr/lib/x86_64-linux-gnu/librt-2.31.so
7f8cb11f1000-7f8cb11f2000 r--p 00007000 00:65 165034636                  /usr/lib/x86_64-linux-gnu/librt-2.31.so
7f8cb11f2000-7f8cb11f3000 ---p 00008000 00:65 165034636                  /usr/lib/x86_64-linux-gnu/librt-2.31.so
7f8cb11f3000-7f8cb11f4000 r--p 00008000 00:65 165034636                  /usr/lib/x86_64-linux-gnu/librt-2.31.so
7f8cb11f4000-7f8cb11f5000 rw-p 00009000 00:65 165034636                  /usr/lib/x86_64-linux-gnu/librt-2.31.so
7f8cb11f5000-7f8cb11f6000 ---p 00000000 00:00 0 
7f8cb11f6000-7f8cb11f7000 rw-p 00000000 00:00 0 
7f8cb11f7000-7f8cb11fb000 ---p 00000000 00:00 0 
7f8cb11fb000-7f8cb12f6000 rw-p 00000000 00:00 0 
7f8cb12f6000-7f8cb1305000 r--p 00000000 00:65 165034468                  /usr/lib/x86_64-linux-gnu/libm-2.31.so
7f8cb1305000-7f8cb13ac000 r-xp 0000f000 00:65 165034468                  /usr/lib/x86_64-linux-gnu/libm-2.31.so
7f8cb13ac000-7f8cb1443000 r--p 000b6000 00:65 165034468                  /usr/lib/x86_64-linux-gnu/libm-2.31.so
7f8cb1443000-7f8cb1444000 r--p 0014c000 00:65 165034468                  /usr/lib/x86_64-linux-gnu/libm-2.31.so
7f8cb1444000-7f8cb1445000 rw-p 0014d000 00:65 165034468                  /usr/lib/x86_64-linux-gnu/libm-2.31.so
7f8cb1445000-7f8cb245a000 r-xp 00000000 00:65 77083135                   /root/oracle/jdk-9.0.4/lib/server/libjvm.so
7f8cb245a000-7f8cb2659000 ---p 01015000 00:65 77083135                   /root/oracle/jdk-9.0.4/lib/server/libjvm.so
7f8cb2659000-7f8cb272a000 r--p 01014000 00:65 77083135                   /root/oracle/jdk-9.0.4/lib/server/libjvm.so
7f8cb272a000-7f8cb2761000 rw-p 010e5000 00:65 77083135                   /root/oracle/jdk-9.0.4/lib/server/libjvm.so
7f8cb2761000-7f8cb27cc000 rw-p 00000000 00:00 0 
7f8cb27cc000-7f8cb27f1000 r--p 00000000 00:65 165034165                  /usr/lib/x86_64-linux-gnu/libc-2.31.so
7f8cb27f1000-7f8cb2969000 r-xp 00025000 00:65 165034165                  /usr/lib/x86_64-linux-gnu/libc-2.31.so
7f8cb2969000-7f8cb29b3000 r--p 0019d000 00:65 165034165                  /usr/lib/x86_64-linux-gnu/libc-2.31.so
7f8cb29b3000-7f8cb29b4000 ---p 001e7000 00:65 165034165                  /usr/lib/x86_64-linux-gnu/libc-2.31.so
7f8cb29b4000-7f8cb29b7000 r--p 001e7000 00:65 165034165                  /usr/lib/x86_64-linux-gnu/libc-2.31.so
7f8cb29b7000-7f8cb29ba000 rw-p 001ea000 00:65 165034165                  /usr/lib/x86_64-linux-gnu/libc-2.31.so
7f8cb29ba000-7f8cb29be000 rw-p 00000000 00:00 0 
7f8cb29be000-7f8cb29bf000 r--p 00000000 00:65 165034236                  /usr/lib/x86_64-linux-gnu/libdl-2.31.so
7f8cb29bf000-7f8cb29c1000 r-xp 00001000 00:65 165034236                  /usr/lib/x86_64-linux-gnu/libdl-2.31.so
7f8cb29c1000-7f8cb29c2000 r--p 00003000 00:65 165034236                  /usr/lib/x86_64-linux-gnu/libdl-2.31.so
7f8cb29c2000-7f8cb29c3000 r--p 00003000 00:65 165034236                  /usr/lib/x86_64-linux-gnu/libdl-2.31.so
7f8cb29c3000-7f8cb29c4000 rw-p 00004000 00:65 165034236                  /usr/lib/x86_64-linux-gnu/libdl-2.31.so
7f8cb29c4000-7f8cb29d2000 r-xp 00000000 00:65 77083142                   /root/oracle/jdk-9.0.4/lib/jli/libjli.so
7f8cb29d2000-7f8cb2bd2000 ---p 0000e000 00:65 77083142                   /root/oracle/jdk-9.0.4/lib/jli/libjli.so
7f8cb2bd2000-7f8cb2bd3000 rw-p 0000e000 00:65 77083142                   /root/oracle/jdk-9.0.4/lib/jli/libjli.so
7f8cb2bd3000-7f8cb2bda000 r--p 00000000 00:65 165034610                  /usr/lib/x86_64-linux-gnu/libpthread-2.31.so
7f8cb2bda000-7f8cb2beb000 r-xp 00007000 00:65 165034610                  /usr/lib/x86_64-linux-gnu/libpthread-2.31.so
7f8cb2beb000-7f8cb2bf0000 r--p 00018000 00:65 165034610                  /usr/lib/x86_64-linux-gnu/libpthread-2.31.so
7f8cb2bf0000-7f8cb2bf1000 r--p 0001c000 00:65 165034610                  /usr/lib/x86_64-linux-gnu/libpthread-2.31.so
7f8cb2bf1000-7f8cb2bf2000 rw-p 0001d000 00:65 165034610                  /usr/lib/x86_64-linux-gnu/libpthread-2.31.so
7f8cb2bf2000-7f8cb2bf6000 rw-p 00000000 00:00 0 
7f8cb2bf6000-7f8cb2bf8000 r--p 00000000 00:65 165034796                  /usr/lib/x86_64-linux-gnu/libz.so.1.2.11
7f8cb2bf8000-7f8cb2c09000 r-xp 00002000 00:65 165034796                  /usr/lib/x86_64-linux-gnu/libz.so.1.2.11
7f8cb2c09000-7f8cb2c0f000 r--p 00013000 00:65 165034796                  /usr/lib/x86_64-linux-gnu/libz.so.1.2.11
7f8cb2c0f000-7f8cb2c10000 ---p 00019000 00:65 165034796                  /usr/lib/x86_64-linux-gnu/libz.so.1.2.11
7f8cb2c10000-7f8cb2c11000 r--p 00019000 00:65 165034796                  /usr/lib/x86_64-linux-gnu/libz.so.1.2.11
7f8cb2c11000-7f8cb2c12000 rw-p 0001a000 00:65 165034796                  /usr/lib/x86_64-linux-gnu/libz.so.1.2.11
7f8cb2c12000-7f8cb2c1a000 rw-s 00000000 00:65 71965686                   /tmp/hsperfdata_root/11774
7f8cb2c1a000-7f8cb2c1d000 rw-p 00000000 00:00 0 
7f8cb2c1d000-7f8cb2c1e000 r--p 00000000 00:65 165033992                  /usr/lib/x86_64-linux-gnu/ld-2.31.so
7f8cb2c1e000-7f8cb2c41000 r-xp 00001000 00:65 165033992                  /usr/lib/x86_64-linux-gnu/ld-2.31.so
7f8cb2c41000-7f8cb2c49000 r--p 00024000 00:65 165033992                  /usr/lib/x86_64-linux-gnu/ld-2.31.so
7f8cb2c49000-7f8cb2c4a000 r--p 00000000 00:00 0 
7f8cb2c4a000-7f8cb2c4b000 r--p 0002c000 00:65 165033992                  /usr/lib/x86_64-linux-gnu/ld-2.31.so
7f8cb2c4b000-7f8cb2c4c000 rw-p 0002d000 00:65 165033992                  /usr/lib/x86_64-linux-gnu/ld-2.31.so
7f8cb2c4c000-7f8cb2c4d000 rw-p 00000000 00:00 0 
7ffce255e000-7ffce257f000 rw-p 00000000 00:00 0                          [stack]
7ffce25b4000-7ffce25b7000 r--p 00000000 00:00 0                          [vvar]
7ffce25b7000-7ffce25b8000 r-xp 00000000 00:00 0                          [vdso]
ffffffffff600000-ffffffffff601000 --xp 00000000 00:00 0                  [vsyscall]

VM Arguments:
jvm_args: -Xbootclasspath/a:/usr/local/java/jdk1.8.0_301/jre/lib/rt.jar -Xverify:none 
java_command: org.apache.batik.apps.rasterizer.Main
java_class_path (initial): ./sootOutput/batik-all/
Launcher Type: SUN_STANDARD

Logging:
Log output configuration:
#0: stdout all=warning uptime,level,tags
#1: stderr all=off uptime,level,tags

Environment Variables:
JAVA_HOME=/root/oracle/jdk-9.0.4
JRE_HOME=/root/oracle/jdk-9.0.4
CLASSPATH=.:/root/oracle/jdk-9.0.4/lib:/JVMfuzzing/htm/CFSynthesis/resource/commons-lang3-3.12.0/commons-lang3-3.12.0.jar
PATH=/root/oracle/jdk-9.0.4/bin:/root/.vscode-server/bin/da76f93349a72022ca4670c1b84860304616aaa2/bin/remote-cli:/root/oracle/jdk-9.0.4/bin:/usr/local/sbin:/usr/local/bin:/usr/sbin:/usr/bin:/sbin:/bin:/usr/games:/usr/local/games:/snap/bin
SHELL=/bin/bash

Signal Handlers:
SIGSEGV: [libjvm.so+0xd4d370], sa_mask[0]=11111111011111111101111111111110, sa_flags=SA_RESTART|SA_SIGINFO
SIGBUS: [libjvm.so+0xd4d370], sa_mask[0]=11111111011111111101111111111110, sa_flags=SA_RESTART|SA_SIGINFO
SIGFPE: [libjvm.so+0xd4d370], sa_mask[0]=11111111011111111101111111111110, sa_flags=SA_RESTART|SA_SIGINFO
SIGPIPE: [libjvm.so+0xb64780], sa_mask[0]=11111111011111111101111111111110, sa_flags=SA_RESTART|SA_SIGINFO
SIGXFSZ: [libjvm.so+0xb64780], sa_mask[0]=11111111011111111101111111111110, sa_flags=SA_RESTART|SA_SIGINFO
SIGILL: [libjvm.so+0xd4d370], sa_mask[0]=11111111011111111101111111111110, sa_flags=SA_RESTART|SA_SIGINFO
SIGUSR2: [libjvm.so+0xb64640], sa_mask[0]=00100000000000000000000000000000, sa_flags=SA_RESTART|SA_SIGINFO
SIGHUP: [libjvm.so+0xb64850], sa_mask[0]=11111111011111111101111111111110, sa_flags=SA_RESTART|SA_SIGINFO
SIGINT: [libjvm.so+0xb64850], sa_mask[0]=11111111011111111101111111111110, sa_flags=SA_RESTART|SA_SIGINFO
SIGTERM: [libjvm.so+0xb64850], sa_mask[0]=11111111011111111101111111111110, sa_flags=SA_RESTART|SA_SIGINFO
SIGQUIT: [libjvm.so+0xb64850], sa_mask[0]=11111111011111111101111111111110, sa_flags=SA_RESTART|SA_SIGINFO


---------------  S Y S T E M  ---------------

OS:DISTRIB_ID=Ubuntu
DISTRIB_RELEASE=20.04
DISTRIB_CODENAME=focal
DISTRIB_DESCRIPTION="Ubuntu 20.04.3 LTS"
uname:Linux 5.4.0-124-generic #140~18.04.1-Ubuntu SMP Fri Aug 5 11:43:34 UTC 2022 x86_64
libc:glibc 2.31 NPTL 2.31 
rlimit: STACK 8192k, CORE infinity, NPROC infinity, NOFILE 1048576, AS infinity
load average:43.88 40.24 35.45

/proc/meminfo:
MemTotal:       65549624 kB
MemFree:        13780072 kB
MemAvailable:   40102644 kB
Buffers:         5875788 kB
Cached:          3040516 kB
SwapCached:         7560 kB
Active:         25975564 kB
Inactive:        5778340 kB
Active(anon):   18866072 kB
Inactive(anon):  3992524 kB
Active(file):    7109492 kB
Inactive(file):  1785816 kB
Unevictable:          16 kB
Mlocked:              16 kB
SwapTotal:       2097148 kB
SwapFree:              4 kB
Dirty:             27384 kB
Writeback:             0 kB
AnonPages:      22830964 kB
Mapped:           818796 kB
Shmem:             25660 kB
KReclaimable:   18159188 kB
Slab:           19314140 kB
SReclaimable:   18159188 kB
SUnreclaim:      1154952 kB
KernelStack:       77904 kB
PageTables:       210804 kB
NFS_Unstable:          0 kB
Bounce:                0 kB
WritebackTmp:          0 kB
CommitLimit:    34871960 kB
Committed_AS:   79865272 kB
VmallocTotal:   34359738367 kB
VmallocUsed:      160664 kB
VmallocChunk:          0 kB
Percpu:            32512 kB
HardwareCorrupted:     0 kB
AnonHugePages:         0 kB
ShmemHugePages:        0 kB
ShmemPmdMapped:        0 kB
FileHugePages:         0 kB
FilePmdMapped:         0 kB
CmaTotal:              0 kB
CmaFree:               0 kB
HugePages_Total:       0
HugePages_Free:        0
HugePages_Rsvd:        0
HugePages_Surp:        0
Hugepagesize:       2048 kB
Hugetlb:               0 kB
DirectMap4k:    15497632 kB
DirectMap2M:    51298304 kB
DirectMap1G:           0 kB


CPU:total 28 (initial active 28) (14 cores per cpu, 2 threads per core) family 6 model 85 stepping 4, cmov, cx8, fxsr, mmx, sse, sse2, sse3, ssse3, sse4.1, sse4.2, popcnt, avx, avx2, aes, clmul, erms, rtm, 3dnowpref, lzcnt, ht, tsc, tscinvbit, bmi1, bmi2, adx, fma
CPU Model and flags from /proc/cpuinfo:
model name	: Intel(R) Core(TM) i9-9940X CPU @ 3.30GHz
flags		: fpu vme de pse tsc msr pae mce cx8 apic sep mtrr pge mca cmov pat pse36 clflush dts acpi mmx fxsr sse sse2 ss ht tm pbe syscall nx pdpe1gb rdtscp lm constant_tsc art arch_perfmon pebs bts rep_good nopl xtopology nonstop_tsc cpuid aperfmperf pni pclmulqdq dtes64 monitor ds_cpl vmx est tm2 ssse3 sdbg fma cx16 xtpr pdcm pcid dca sse4_1 sse4_2 x2apic movbe popcnt tsc_deadline_timer aes xsave avx f16c rdrand lahf_lm abm 3dnowprefetch cpuid_fault epb cat_l3 cdp_l3 invpcid_single pti ssbd mba ibrs ibpb stibp tpr_shadow vnmi flexpriority ept vpid ept_ad fsgsbase tsc_adjust bmi1 hle avx2 smep bmi2 erms invpcid rtm cqm mpx rdt_a avx512f avx512dq rdseed adx smap clflushopt clwb intel_pt avx512cd avx512bw avx512vl xsaveopt xsavec xgetbv1 xsaves cqm_llc cqm_occup_llc cqm_mbm_total cqm_mbm_local dtherm ida arat pln pts hwp hwp_act_window hwp_epp hwp_pkg_req md_clear flush_l1d arch_capabilities

Memory: 4k page, physical 65549624k(13780072k free), swap 2097148k(4k free)

vm_info: Java HotSpot(TM) 64-Bit Server VM (9.0.4+11) for linux-amd64 JRE (9.0.4+11), built on Dec 19 2017 18:12:19 by "mach5one" with gcc 4.9.2

END.
