#
# A fatal error has been detected by the Java Runtime Environment:
#
#  SIGSEGV (0xb) at pc=0x00007fd3d21429ac, pid=28737, tid=28804
#
# JRE version: Java(TM) SE Runtime Environment (9.0+11) (build 9.0.4+11)
# Java VM: Java HotSpot(TM) 64-Bit Server VM (9.0.4+11, mixed mode, tiered, compressed oops, g1 gc, linux-amd64)
# Problematic frame:
# V  [libjvm.so+0x4ad9ac]  GraphBuilder::try_inline_full(ciMethod*, bool, bool, Bytecodes::Code, Instruction*)+0x44c
#
# Core dump will be written. Default location: Core dumps may be processed with "/usr/share/apport/apport -p%p -s%s -c%c -d%d -P%P -u%u -g%g -- %E" (or dumping to /JVMfuzzing/zjy/classming/Fuzzing-Testing-of-JVM-Implementations/core.28737)
#
# If you would like to submit a bug report, please visit:
#   http://bugreport.java.com/bugreport/crash.jsp
#

---------------  S U M M A R Y ------------

Command Line: -Xbootclasspath/a:/usr/local/java/jdk1.8.0_301/jre/lib/rt.jar -Xverify:none org.eclipse.core.runtime.adaptor.EclipseStarter -debug

Host: Intel(R) Core(TM) i9-9940X CPU @ 3.30GHz, 28 cores, 62G, Ubuntu 20.04.3 LTS
Time: Thu Nov  3 09:11:24 2022 UTC elapsed time: 0 seconds (0d 0h 0m 0s)

---------------  T H R E A D  ---------------

Current thread (0x00007fd3cc2c1800):  JavaThread "C1 CompilerThread11" daemon [_thread_in_native, id=28804, stack(0x00007fd2ca173000,0x00007fd2ca274000)]


Current CompileTask:
C1:    616  256 %     3       org.eclipse.core.runtime.adaptor.EclipseStarter::main @ 4379 (7272 bytes)

Stack: [0x00007fd2ca173000,0x00007fd2ca274000],  sp=0x00007fd2ca2720b0,  free space=1020k
Native frames: (J=compiled Java code, A=aot compiled Java code, j=interpreted, Vv=VM code, C=native code)
V  [libjvm.so+0x4ad9ac]  GraphBuilder::try_inline_full(ciMethod*, bool, bool, Bytecodes::Code, Instruction*)+0x44c
V  [libjvm.so+0x4ae2fc]  GraphBuilder::try_inline(ciMethod*, bool, bool, Bytecodes::Code, Instruction*)+0x1dc
V  [libjvm.so+0x4aee6d]  GraphBuilder::invoke(Bytecodes::Code)+0x3ed
V  [libjvm.so+0x4b163e]  GraphBuilder::iterate_bytecodes_for_block(int)+0x1c4e
V  [libjvm.so+0x4b1ad5]  GraphBuilder::iterate_all_blocks(bool)+0x85
V  [libjvm.so+0x4b1ec9]  GraphBuilder::GraphBuilder(Compilation*, IRScope*)+0x389
V  [libjvm.so+0x4b70a8]  IR::IR(Compilation*, ciMethod*, int)+0x1e8
V  [libjvm.so+0x497832]  Compilation::build_hir() [clone .part.93]+0x162
V  [libjvm.so+0x499633]  Compilation::compile_java_method()+0x3c3
V  [libjvm.so+0x4997af]  Compilation::compile_method()+0x12f
V  [libjvm.so+0x499c31]  Compilation::Compilation(AbstractCompiler*, ciEnv*, ciMethod*, int, BufferBlob*, DirectiveSet*)+0x271
V  [libjvm.so+0x49ac1e]  Compiler::compile_method(ciEnv*, ciMethod*, int, DirectiveSet*)+0xae
V  [libjvm.so+0x6125ac]  CompileBroker::invoke_compiler_on_method(CompileTask*)+0x41c
V  [libjvm.so+0x61344b]  CompileBroker::compiler_thread_loop()+0x28b
V  [libjvm.so+0xcef338]  JavaThread::thread_main_inner()+0xd8
V  [libjvm.so+0xb6e132]  thread_native_entry(Thread*)+0xf2
C  [libpthread.so.0+0x9609]  start_thread+0xd9


siginfo: si_signo: 11 (SIGSEGV), si_code: 1 (SEGV_MAPERR), si_addr: 0x0000000000000018

Register to memory mapping:

RAX=0x00007fd2ac0dfb60 is an unknown value
RBX=0x00007fd2ca272460 is pointing into the stack for thread: 0x00007fd3cc2c1800
RCX=0x0000000000000000 is an unknown value
RDX=0x0000000000000000 is an unknown value
RSP=0x00007fd2ca2720b0 is pointing into the stack for thread: 0x00007fd3cc2c1800
RBP=0x00007fd2ca272130 is pointing into the stack for thread: 0x00007fd3cc2c1800
RSI=0x0000000000000000 is an unknown value
RDI=0x00007fd2ca272460 is pointing into the stack for thread: 0x00007fd3cc2c1800
R8 =0x0000000000000000 is an unknown value
R9 =0x00007fd2ac0df840 is an unknown value
R10=0x000000000000000c is an unknown value
R11=0x0000000000000001 is an unknown value
R12=0x00007fd2b4142890 is an unknown value
R13=0x0000000000000000 is an unknown value
R14=0x0000000000000000 is an unknown value
R15=0x0000000000000001 is an unknown value


Registers:
RAX=0x00007fd2ac0dfb60, RBX=0x00007fd2ca272460, RCX=0x0000000000000000, RDX=0x0000000000000000
RSP=0x00007fd2ca2720b0, RBP=0x00007fd2ca272130, RSI=0x0000000000000000, RDI=0x00007fd2ca272460
R8 =0x0000000000000000, R9 =0x00007fd2ac0df840, R10=0x000000000000000c, R11=0x0000000000000001
R12=0x00007fd2b4142890, R13=0x0000000000000000, R14=0x0000000000000000, R15=0x0000000000000001
RIP=0x00007fd3d21429ac, EFLAGS=0x0000000000010246, CSGSFS=0x002b000000000033, ERR=0x0000000000000004
  TRAPNO=0x000000000000000e

Top of Stack: (sp=0x00007fd2ca2720b0)
0x00007fd2ca2720b0:   00007fd3d2fde4cc 00007fd2ca2720e0
0x00007fd2ca2720c0:   00000000ca272130 00007fd2ac0e0570
0x00007fd2ca2720d0:   00007fd29c012e80 00007fd2ac0dfb60
0x00007fd2ca2720e0:   00000000000013d7 00007fd2ac0df5a0 

Instructions: (pc=0x00007fd3d21429ac)
0x00007fd3d214298c:   40 08 44 39 68 38 7e 3f 48 8b 50 50 49 63 f0 44
0x00007fd3d214299c:   89 c1 44 29 e9 48 89 df 48 89 45 a8 48 8b 14 f2
0x00007fd3d21429ac:   48 8b 72 18 44 03 46 08 48 8b 75 98 44 89 45 b0
0x00007fd3d21429bc:   44 89 45 88 e8 3b 36 ff ff 48 8b 45 a8 44 8b 45 


---------------  P R O C E S S  ---------------

Java Threads: ( => current thread )
  0x00007fd3cc368800 JavaThread "Service Thread" daemon [_thread_blocked, id=28807, stack(0x00007fd2c9a17000,0x00007fd2c9b18000)]
  0x00007fd3cc2d2000 JavaThread "Common-Cleaner" daemon [_thread_blocked, id=28806, stack(0x00007fd2c9b18000,0x00007fd2c9c19000)]
  0x00007fd3cc2c3000 JavaThread "Sweeper thread" daemon [_thread_blocked, id=28805, stack(0x00007fd2ca072000,0x00007fd2ca173000)]
=>0x00007fd3cc2c1800 JavaThread "C1 CompilerThread11" daemon [_thread_in_native, id=28804, stack(0x00007fd2ca173000,0x00007fd2ca274000)]
  0x00007fd3cc2bf800 JavaThread "C1 CompilerThread10" daemon [_thread_blocked, id=28803, stack(0x00007fd2ca274000,0x00007fd2ca375000)]
  0x00007fd3cc2bd800 JavaThread "C1 CompilerThread9" daemon [_thread_blocked, id=28802, stack(0x00007fd2ca375000,0x00007fd2ca476000)]
  0x00007fd3cc2bc000 JavaThread "C1 CompilerThread8" daemon [_thread_blocked, id=28801, stack(0x00007fd2ca476000,0x00007fd2ca577000)]
  0x00007fd3cc2ba000 JavaThread "C2 CompilerThread7" daemon [_thread_blocked, id=28800, stack(0x00007fd2ca577000,0x00007fd2ca678000)]
  0x00007fd3cc2b8800 JavaThread "C2 CompilerThread6" daemon [_thread_blocked, id=28799, stack(0x00007fd2ca678000,0x00007fd2ca779000)]
  0x00007fd3cc2b6800 JavaThread "C2 CompilerThread5" daemon [_thread_blocked, id=28798, stack(0x00007fd2ca779000,0x00007fd2ca87a000)]
  0x00007fd3cc2b5000 JavaThread "C2 CompilerThread4" daemon [_thread_blocked, id=28797, stack(0x00007fd2ca87a000,0x00007fd2ca97b000)]
  0x00007fd3cc2b3000 JavaThread "C2 CompilerThread3" daemon [_thread_blocked, id=28796, stack(0x00007fd2ca97b000,0x00007fd2caa7c000)]
  0x00007fd3cc2b1000 JavaThread "C2 CompilerThread2" daemon [_thread_blocked, id=28795, stack(0x00007fd2caa7c000,0x00007fd2cab7d000)]
  0x00007fd3cc2af000 JavaThread "C2 CompilerThread1" daemon [_thread_blocked, id=28794, stack(0x00007fd2cab7d000,0x00007fd2cac7e000)]
  0x00007fd3cc2ad000 JavaThread "C2 CompilerThread0" daemon [_thread_blocked, id=28793, stack(0x00007fd2cac7e000,0x00007fd2cad7f000)]
  0x00007fd3cc2ab000 JavaThread "Signal Dispatcher" daemon [_thread_blocked, id=28791, stack(0x00007fd2cad7f000,0x00007fd2cae80000)]
  0x00007fd3cc291000 JavaThread "Finalizer" daemon [_thread_blocked, id=28790, stack(0x00007fd2cae80000,0x00007fd2caf81000)]
  0x00007fd3cc288800 JavaThread "Reference Handler" daemon [_thread_blocked, id=28789, stack(0x00007fd2caf81000,0x00007fd2cb082000)]
  0x00007fd3cc011800 JavaThread "main" [_thread_in_native, id=28738, stack(0x00007fd3d1a47000,0x00007fd3d1b46000)]

Other Threads:
  0x00007fd3cc281000 VMThread "VM Thread" [stack: 0x00007fd2cb084000,0x00007fd2cb184000] [id=28788]
  0x00007fd3cc36b000 WatcherThread [stack: 0x00007fd2c9917000,0x00007fd2c9a17000] [id=28808]
  0x00007fd3cc034000 GCTaskThread "GC Thread#0" [stack: 0x00007fd3d0ca1000,0x00007fd3d0da1000] [id=28740]
  0x00007fd3cc035800 GCTaskThread "GC Thread#1" [stack: 0x00007fd3d0b9f000,0x00007fd3d0c9f000] [id=28741]
  0x00007fd3cc037000 GCTaskThread "GC Thread#2" [stack: 0x00007fd3d0a9d000,0x00007fd3d0b9d000] [id=28742]
  0x00007fd3cc039000 GCTaskThread "GC Thread#3" [stack: 0x00007fd3d099b000,0x00007fd3d0a9b000] [id=28743]
  0x00007fd3cc03a800 GCTaskThread "GC Thread#4" [stack: 0x00007fd3d0899000,0x00007fd3d0999000] [id=28744]
  0x00007fd3cc03c800 GCTaskThread "GC Thread#5" [stack: 0x00007fd3d0797000,0x00007fd3d0897000] [id=28745]
  0x00007fd3cc03e000 GCTaskThread "GC Thread#6" [stack: 0x00007fd3d0695000,0x00007fd3d0795000] [id=28746]
  0x00007fd3cc03f800 GCTaskThread "GC Thread#7" [stack: 0x00007fd3d0593000,0x00007fd3d0693000] [id=28747]
  0x00007fd3cc041800 GCTaskThread "GC Thread#8" [stack: 0x00007fd3d0491000,0x00007fd3d0591000] [id=28748]
  0x00007fd3cc043000 GCTaskThread "GC Thread#9" [stack: 0x00007fd3d038f000,0x00007fd3d048f000] [id=28749]
  0x00007fd3cc045000 GCTaskThread "GC Thread#10" [stack: 0x00007fd3d028d000,0x00007fd3d038d000] [id=28750]
  0x00007fd3cc046800 GCTaskThread "GC Thread#11" [stack: 0x00007fd3d018b000,0x00007fd3d028b000] [id=28751]
  0x00007fd3cc048800 GCTaskThread "GC Thread#12" [stack: 0x00007fd3d0089000,0x00007fd3d0189000] [id=28752]
  0x00007fd3cc04a000 GCTaskThread "GC Thread#13" [stack: 0x00007fd3b1a43000,0x00007fd3b1b43000] [id=28753]
  0x00007fd3cc04c000 GCTaskThread "GC Thread#14" [stack: 0x00007fd3b1941000,0x00007fd3b1a41000] [id=28754]
  0x00007fd3cc04d800 GCTaskThread "GC Thread#15" [stack: 0x00007fd3b183f000,0x00007fd3b193f000] [id=28755]
  0x00007fd3cc04f800 GCTaskThread "GC Thread#16" [stack: 0x00007fd3b173d000,0x00007fd3b183d000] [id=28756]
  0x00007fd3cc051000 GCTaskThread "GC Thread#17" [stack: 0x00007fd3b163b000,0x00007fd3b173b000] [id=28757]
  0x00007fd3cc052800 GCTaskThread "GC Thread#18" [stack: 0x00007fd3b1539000,0x00007fd3b1639000] [id=28758]
  0x00007fd3cc054800 GCTaskThread "GC Thread#19" [stack: 0x00007fd3b1437000,0x00007fd3b1537000] [id=28759]
  0x00007fd3cc09f800 ConcurrentGCThread "G1 Main Marker" [stack: 0x00007fd3605a9000,0x00007fd3606a9000] [id=28781]
  0x00007fd3cc0a1000 ConcurrentGCThread "G1 Marker#0" [stack: 0x00007fd3604a7000,0x00007fd3605a7000] [id=28782]
  0x00007fd3cc0a3000 ConcurrentGCThread "G1 Marker#1" [stack: 0x00007fd3603a5000,0x00007fd3604a5000] [id=28783]
  0x00007fd3cc0a4800 ConcurrentGCThread "G1 Marker#2" [stack: 0x00007fd3602a3000,0x00007fd3603a3000] [id=28784]
  0x00007fd3cc0a6800 ConcurrentGCThread "G1 Marker#3" [stack: 0x00007fd3601a1000,0x00007fd3602a1000] [id=28786]
  0x00007fd3cc0a8000 ConcurrentGCThread "G1 Marker#4" [stack: 0x00007fd36009f000,0x00007fd36019f000] [id=28787]
  0x00007fd3cc079000 ConcurrentGCThread "G1 Refine#0" [stack: 0x00007fd362bda000,0x00007fd362cda000] [id=28779]
  0x00007fd3cc077000 ConcurrentGCThread "G1 Refine#1" [stack: 0x00007fd362cdc000,0x00007fd362ddc000] [id=28778]
  0x00007fd3cc075000 ConcurrentGCThread "G1 Refine#2" [stack: 0x00007fd362dde000,0x00007fd362ede000] [id=28777]
  0x00007fd3cc073800 ConcurrentGCThread "G1 Refine#3" [stack: 0x00007fd362ee0000,0x00007fd362fe0000] [id=28776]
  0x00007fd3cc071800 ConcurrentGCThread "G1 Refine#4" [stack: 0x00007fd362fe2000,0x00007fd3630e2000] [id=28775]
  0x00007fd3cc070000 ConcurrentGCThread "G1 Refine#5" [stack: 0x00007fd3630e4000,0x00007fd3631e4000] [id=28774]
  0x00007fd3cc06e000 ConcurrentGCThread "G1 Refine#6" [stack: 0x00007fd3631e6000,0x00007fd3632e6000] [id=28773]
  0x00007fd3cc06c800 ConcurrentGCThread "G1 Refine#7" [stack: 0x00007fd3632e8000,0x00007fd3633e8000] [id=28772]
  0x00007fd3cc06a800 ConcurrentGCThread "G1 Refine#8" [stack: 0x00007fd3633ea000,0x00007fd3634ea000] [id=28771]
  0x00007fd3cc069000 ConcurrentGCThread "G1 Refine#9" [stack: 0x00007fd3634ec000,0x00007fd3635ec000] [id=28770]
  0x00007fd3cc067000 ConcurrentGCThread "G1 Refine#10" [stack: 0x00007fd3635ee000,0x00007fd3636ee000] [id=28769]
  0x00007fd3cc065000 ConcurrentGCThread "G1 Refine#11" [stack: 0x00007fd3636f0000,0x00007fd3637f0000] [id=28768]
  0x00007fd3cc063800 ConcurrentGCThread "G1 Refine#12" [stack: 0x00007fd3637f2000,0x00007fd3638f2000] [id=28767]
  0x00007fd3cc061800 ConcurrentGCThread "G1 Refine#13" [stack: 0x00007fd3638f4000,0x00007fd3639f4000] [id=28766]
  0x00007fd3cc060000 ConcurrentGCThread "G1 Refine#14" [stack: 0x00007fd3639f6000,0x00007fd363af6000] [id=28765]
  0x00007fd3cc05e000 ConcurrentGCThread "G1 Refine#15" [stack: 0x00007fd363af8000,0x00007fd363bf8000] [id=28764]
  0x00007fd3cc05c800 ConcurrentGCThread "G1 Refine#16" [stack: 0x00007fd363bfa000,0x00007fd363cfa000] [id=28763]
  0x00007fd3cc05a800 ConcurrentGCThread "G1 Refine#17" [stack: 0x00007fd363cfc000,0x00007fd363dfc000] [id=28762]
  0x00007fd3cc059000 ConcurrentGCThread "G1 Refine#18" [stack: 0x00007fd363dfe000,0x00007fd363efe000] [id=28761]
  0x00007fd3cc057000 ConcurrentGCThread "G1 Refine#19" [stack: 0x00007fd363f00000,0x00007fd364000000] [id=28760]
  0x00007fd3cc07a800 ConcurrentGCThread "G1 Young RemSet Sampling" [stack: 0x00007fd362ad8000,0x00007fd362bd8000] [id=28780]

Threads with active compile tasks:
C1 CompilerThread11 256 %     3       org.eclipse.core.runtime.adaptor.EclipseStarter::main @ 4379 (7272 bytes)

VM state:not at safepoint (normal execution)

VM Mutex/Monitor currently owned by a thread: None

Heap address: 0x00000003d7c00000, size: 16004 MB, Compressed Oops mode: Zero based, Oop shift amount: 3
Narrow klass base: 0x0000000000000000, Narrow klass shift: 3
Compressed class space size: 1073741824 Address: 0x00000007c0000000

Heap:
 garbage-first heap   total 1028096K, used 8192K [0x00000003d7c00000, 0x00000003d80007d8, 0x00000007c0000000)
  region size 4096K, 3 young (12288K), 0 survivors (0K)
 Metaspace       used 4326K, capacity 4680K, committed 4864K, reserved 1056768K
  class space    used 356K, capacity 388K, committed 512K, reserved 1048576K
Heap Regions: E=young(eden), S=young(survivor), O=old, HS=humongous(starts), HC=humongous(continues), CS=collection set, F=free, A=archive, TS=gc time stamp, AC=allocation context, TAMS=top-at-mark-start (previous, next)
|   0|0x00000003d7c00000, 0x00000003d7c00000, 0x00000003d8000000|  0%| F|  |TS  0|AC  0|TAMS 0x00000003d7c00000, 0x00000003d7c00000|
|   1|0x00000003d8000000, 0x00000003d8000000, 0x00000003d8400000|  0%| F|  |TS  0|AC  0|TAMS 0x00000003d8000000, 0x00000003d8000000|
|   2|0x00000003d8400000, 0x00000003d8400000, 0x00000003d8800000|  0%| F|  |TS  0|AC  0|TAMS 0x00000003d8400000, 0x00000003d8400000|
|   3|0x00000003d8800000, 0x00000003d8800000, 0x00000003d8c00000|  0%| F|  |TS  0|AC  0|TAMS 0x00000003d8800000, 0x00000003d8800000|
|   4|0x00000003d8c00000, 0x00000003d8c00000, 0x00000003d9000000|  0%| F|  |TS  0|AC  0|TAMS 0x00000003d8c00000, 0x00000003d8c00000|
|   5|0x00000003d9000000, 0x00000003d9000000, 0x00000003d9400000|  0%| F|  |TS  0|AC  0|TAMS 0x00000003d9000000, 0x00000003d9000000|
|   6|0x00000003d9400000, 0x00000003d9400000, 0x00000003d9800000|  0%| F|  |TS  0|AC  0|TAMS 0x00000003d9400000, 0x00000003d9400000|
|   7|0x00000003d9800000, 0x00000003d9800000, 0x00000003d9c00000|  0%| F|  |TS  0|AC  0|TAMS 0x00000003d9800000, 0x00000003d9800000|
|   8|0x00000003d9c00000, 0x00000003d9c00000, 0x00000003da000000|  0%| F|  |TS  0|AC  0|TAMS 0x00000003d9c00000, 0x00000003d9c00000|
|   9|0x00000003da000000, 0x00000003da000000, 0x00000003da400000|  0%| F|  |TS  0|AC  0|TAMS 0x00000003da000000, 0x00000003da000000|
|  10|0x00000003da400000, 0x00000003da400000, 0x00000003da800000|  0%| F|  |TS  0|AC  0|TAMS 0x00000003da400000, 0x00000003da400000|
|  11|0x00000003da800000, 0x00000003da800000, 0x00000003dac00000|  0%| F|  |TS  0|AC  0|TAMS 0x00000003da800000, 0x00000003da800000|
|  12|0x00000003dac00000, 0x00000003dac00000, 0x00000003db000000|  0%| F|  |TS  0|AC  0|TAMS 0x00000003dac00000, 0x00000003dac00000|
|  13|0x00000003db000000, 0x00000003db000000, 0x00000003db400000|  0%| F|  |TS  0|AC  0|TAMS 0x00000003db000000, 0x00000003db000000|
|  14|0x00000003db400000, 0x00000003db400000, 0x00000003db800000|  0%| F|  |TS  0|AC  0|TAMS 0x00000003db400000, 0x00000003db400000|
|  15|0x00000003db800000, 0x00000003db800000, 0x00000003dbc00000|  0%| F|  |TS  0|AC  0|TAMS 0x00000003db800000, 0x00000003db800000|
|  16|0x00000003dbc00000, 0x00000003dbc00000, 0x00000003dc000000|  0%| F|  |TS  0|AC  0|TAMS 0x00000003dbc00000, 0x00000003dbc00000|
|  17|0x00000003dc000000, 0x00000003dc000000, 0x00000003dc400000|  0%| F|  |TS  0|AC  0|TAMS 0x00000003dc000000, 0x00000003dc000000|
|  18|0x00000003dc400000, 0x00000003dc400000, 0x00000003dc800000|  0%| F|  |TS  0|AC  0|TAMS 0x00000003dc400000, 0x00000003dc400000|
|  19|0x00000003dc800000, 0x00000003dc800000, 0x00000003dcc00000|  0%| F|  |TS  0|AC  0|TAMS 0x00000003dc800000, 0x00000003dc800000|
|  20|0x00000003dcc00000, 0x00000003dcc00000, 0x00000003dd000000|  0%| F|  |TS  0|AC  0|TAMS 0x00000003dcc00000, 0x00000003dcc00000|
|  21|0x00000003dd000000, 0x00000003dd000000, 0x00000003dd400000|  0%| F|  |TS  0|AC  0|TAMS 0x00000003dd000000, 0x00000003dd000000|
|  22|0x00000003dd400000, 0x00000003dd400000, 0x00000003dd800000|  0%| F|  |TS  0|AC  0|TAMS 0x00000003dd400000, 0x00000003dd400000|
|  23|0x00000003dd800000, 0x00000003dd800000, 0x00000003ddc00000|  0%| F|  |TS  0|AC  0|TAMS 0x00000003dd800000, 0x00000003dd800000|
|  24|0x00000003ddc00000, 0x00000003ddc00000, 0x00000003de000000|  0%| F|  |TS  0|AC  0|TAMS 0x00000003ddc00000, 0x00000003ddc00000|
|  25|0x00000003de000000, 0x00000003de000000, 0x00000003de400000|  0%| F|  |TS  0|AC  0|TAMS 0x00000003de000000, 0x00000003de000000|
|  26|0x00000003de400000, 0x00000003de400000, 0x00000003de800000|  0%| F|  |TS  0|AC  0|TAMS 0x00000003de400000, 0x00000003de400000|
|  27|0x00000003de800000, 0x00000003de800000, 0x00000003dec00000|  0%| F|  |TS  0|AC  0|TAMS 0x00000003de800000, 0x00000003de800000|
|  28|0x00000003dec00000, 0x00000003dec00000, 0x00000003df000000|  0%| F|  |TS  0|AC  0|TAMS 0x00000003dec00000, 0x00000003dec00000|
|  29|0x00000003df000000, 0x00000003df000000, 0x00000003df400000|  0%| F|  |TS  0|AC  0|TAMS 0x00000003df000000, 0x00000003df000000|
|  30|0x00000003df400000, 0x00000003df400000, 0x00000003df800000|  0%| F|  |TS  0|AC  0|TAMS 0x00000003df400000, 0x00000003df400000|
|  31|0x00000003df800000, 0x00000003df800000, 0x00000003dfc00000|  0%| F|  |TS  0|AC  0|TAMS 0x00000003df800000, 0x00000003df800000|
|  32|0x00000003dfc00000, 0x00000003dfc00000, 0x00000003e0000000|  0%| F|  |TS  0|AC  0|TAMS 0x00000003dfc00000, 0x00000003dfc00000|
|  33|0x00000003e0000000, 0x00000003e0000000, 0x00000003e0400000|  0%| F|  |TS  0|AC  0|TAMS 0x00000003e0000000, 0x00000003e0000000|
|  34|0x00000003e0400000, 0x00000003e0400000, 0x00000003e0800000|  0%| F|  |TS  0|AC  0|TAMS 0x00000003e0400000, 0x00000003e0400000|
|  35|0x00000003e0800000, 0x00000003e0800000, 0x00000003e0c00000|  0%| F|  |TS  0|AC  0|TAMS 0x00000003e0800000, 0x00000003e0800000|
|  36|0x00000003e0c00000, 0x00000003e0c00000, 0x00000003e1000000|  0%| F|  |TS  0|AC  0|TAMS 0x00000003e0c00000, 0x00000003e0c00000|
|  37|0x00000003e1000000, 0x00000003e1000000, 0x00000003e1400000|  0%| F|  |TS  0|AC  0|TAMS 0x00000003e1000000, 0x00000003e1000000|
|  38|0x00000003e1400000, 0x00000003e1400000, 0x00000003e1800000|  0%| F|  |TS  0|AC  0|TAMS 0x00000003e1400000, 0x00000003e1400000|
|  39|0x00000003e1800000, 0x00000003e1800000, 0x00000003e1c00000|  0%| F|  |TS  0|AC  0|TAMS 0x00000003e1800000, 0x00000003e1800000|
|  40|0x00000003e1c00000, 0x00000003e1c00000, 0x00000003e2000000|  0%| F|  |TS  0|AC  0|TAMS 0x00000003e1c00000, 0x00000003e1c00000|
|  41|0x00000003e2000000, 0x00000003e2000000, 0x00000003e2400000|  0%| F|  |TS  0|AC  0|TAMS 0x00000003e2000000, 0x00000003e2000000|
|  42|0x00000003e2400000, 0x00000003e2400000, 0x00000003e2800000|  0%| F|  |TS  0|AC  0|TAMS 0x00000003e2400000, 0x00000003e2400000|
|  43|0x00000003e2800000, 0x00000003e2800000, 0x00000003e2c00000|  0%| F|  |TS  0|AC  0|TAMS 0x00000003e2800000, 0x00000003e2800000|
|  44|0x00000003e2c00000, 0x00000003e2c00000, 0x00000003e3000000|  0%| F|  |TS  0|AC  0|TAMS 0x00000003e2c00000, 0x00000003e2c00000|
|  45|0x00000003e3000000, 0x00000003e3000000, 0x00000003e3400000|  0%| F|  |TS  0|AC  0|TAMS 0x00000003e3000000, 0x00000003e3000000|
|  46|0x00000003e3400000, 0x00000003e3400000, 0x00000003e3800000|  0%| F|  |TS  0|AC  0|TAMS 0x00000003e3400000, 0x00000003e3400000|
|  47|0x00000003e3800000, 0x00000003e3800000, 0x00000003e3c00000|  0%| F|  |TS  0|AC  0|TAMS 0x00000003e3800000, 0x00000003e3800000|
|  48|0x00000003e3c00000, 0x00000003e3c00000, 0x00000003e4000000|  0%| F|  |TS  0|AC  0|TAMS 0x00000003e3c00000, 0x00000003e3c00000|
|  49|0x00000003e4000000, 0x00000003e4000000, 0x00000003e4400000|  0%| F|  |TS  0|AC  0|TAMS 0x00000003e4000000, 0x00000003e4000000|
|  50|0x00000003e4400000, 0x00000003e4400000, 0x00000003e4800000|  0%| F|  |TS  0|AC  0|TAMS 0x00000003e4400000, 0x00000003e4400000|
|  51|0x00000003e4800000, 0x00000003e4800000, 0x00000003e4c00000|  0%| F|  |TS  0|AC  0|TAMS 0x00000003e4800000, 0x00000003e4800000|
|  52|0x00000003e4c00000, 0x00000003e4c00000, 0x00000003e5000000|  0%| F|  |TS  0|AC  0|TAMS 0x00000003e4c00000, 0x00000003e4c00000|
|  53|0x00000003e5000000, 0x00000003e5000000, 0x00000003e5400000|  0%| F|  |TS  0|AC  0|TAMS 0x00000003e5000000, 0x00000003e5000000|
|  54|0x00000003e5400000, 0x00000003e5400000, 0x00000003e5800000|  0%| F|  |TS  0|AC  0|TAMS 0x00000003e5400000, 0x00000003e5400000|
|  55|0x00000003e5800000, 0x00000003e5800000, 0x00000003e5c00000|  0%| F|  |TS  0|AC  0|TAMS 0x00000003e5800000, 0x00000003e5800000|
|  56|0x00000003e5c00000, 0x00000003e5c00000, 0x00000003e6000000|  0%| F|  |TS  0|AC  0|TAMS 0x00000003e5c00000, 0x00000003e5c00000|
|  57|0x00000003e6000000, 0x00000003e6000000, 0x00000003e6400000|  0%| F|  |TS  0|AC  0|TAMS 0x00000003e6000000, 0x00000003e6000000|
|  58|0x00000003e6400000, 0x00000003e6400000, 0x00000003e6800000|  0%| F|  |TS  0|AC  0|TAMS 0x00000003e6400000, 0x00000003e6400000|
|  59|0x00000003e6800000, 0x00000003e6800000, 0x00000003e6c00000|  0%| F|  |TS  0|AC  0|TAMS 0x00000003e6800000, 0x00000003e6800000|
|  60|0x00000003e6c00000, 0x00000003e6c00000, 0x00000003e7000000|  0%| F|  |TS  0|AC  0|TAMS 0x00000003e6c00000, 0x00000003e6c00000|
|  61|0x00000003e7000000, 0x00000003e7000000, 0x00000003e7400000|  0%| F|  |TS  0|AC  0|TAMS 0x00000003e7000000, 0x00000003e7000000|
|  62|0x00000003e7400000, 0x00000003e7400000, 0x00000003e7800000|  0%| F|  |TS  0|AC  0|TAMS 0x00000003e7400000, 0x00000003e7400000|
|  63|0x00000003e7800000, 0x00000003e7800000, 0x00000003e7c00000|  0%| F|  |TS  0|AC  0|TAMS 0x00000003e7800000, 0x00000003e7800000|
|  64|0x00000003e7c00000, 0x00000003e7c00000, 0x00000003e8000000|  0%| F|  |TS  0|AC  0|TAMS 0x00000003e7c00000, 0x00000003e7c00000|
|  65|0x00000003e8000000, 0x00000003e8000000, 0x00000003e8400000|  0%| F|  |TS  0|AC  0|TAMS 0x00000003e8000000, 0x00000003e8000000|
|  66|0x00000003e8400000, 0x00000003e8400000, 0x00000003e8800000|  0%| F|  |TS  0|AC  0|TAMS 0x00000003e8400000, 0x00000003e8400000|
|  67|0x00000003e8800000, 0x00000003e8800000, 0x00000003e8c00000|  0%| F|  |TS  0|AC  0|TAMS 0x00000003e8800000, 0x00000003e8800000|
|  68|0x00000003e8c00000, 0x00000003e8c00000, 0x00000003e9000000|  0%| F|  |TS  0|AC  0|TAMS 0x00000003e8c00000, 0x00000003e8c00000|
|  69|0x00000003e9000000, 0x00000003e9000000, 0x00000003e9400000|  0%| F|  |TS  0|AC  0|TAMS 0x00000003e9000000, 0x00000003e9000000|
|  70|0x00000003e9400000, 0x00000003e9400000, 0x00000003e9800000|  0%| F|  |TS  0|AC  0|TAMS 0x00000003e9400000, 0x00000003e9400000|
|  71|0x00000003e9800000, 0x00000003e9800000, 0x00000003e9c00000|  0%| F|  |TS  0|AC  0|TAMS 0x00000003e9800000, 0x00000003e9800000|
|  72|0x00000003e9c00000, 0x00000003e9c00000, 0x00000003ea000000|  0%| F|  |TS  0|AC  0|TAMS 0x00000003e9c00000, 0x00000003e9c00000|
|  73|0x00000003ea000000, 0x00000003ea000000, 0x00000003ea400000|  0%| F|  |TS  0|AC  0|TAMS 0x00000003ea000000, 0x00000003ea000000|
|  74|0x00000003ea400000, 0x00000003ea400000, 0x00000003ea800000|  0%| F|  |TS  0|AC  0|TAMS 0x00000003ea400000, 0x00000003ea400000|
|  75|0x00000003ea800000, 0x00000003ea800000, 0x00000003eac00000|  0%| F|  |TS  0|AC  0|TAMS 0x00000003ea800000, 0x00000003ea800000|
|  76|0x00000003eac00000, 0x00000003eac00000, 0x00000003eb000000|  0%| F|  |TS  0|AC  0|TAMS 0x00000003eac00000, 0x00000003eac00000|
|  77|0x00000003eb000000, 0x00000003eb000000, 0x00000003eb400000|  0%| F|  |TS  0|AC  0|TAMS 0x00000003eb000000, 0x00000003eb000000|
|  78|0x00000003eb400000, 0x00000003eb400000, 0x00000003eb800000|  0%| F|  |TS  0|AC  0|TAMS 0x00000003eb400000, 0x00000003eb400000|
|  79|0x00000003eb800000, 0x00000003eb800000, 0x00000003ebc00000|  0%| F|  |TS  0|AC  0|TAMS 0x00000003eb800000, 0x00000003eb800000|
|  80|0x00000003ebc00000, 0x00000003ebc00000, 0x00000003ec000000|  0%| F|  |TS  0|AC  0|TAMS 0x00000003ebc00000, 0x00000003ebc00000|
|  81|0x00000003ec000000, 0x00000003ec000000, 0x00000003ec400000|  0%| F|  |TS  0|AC  0|TAMS 0x00000003ec000000, 0x00000003ec000000|
|  82|0x00000003ec400000, 0x00000003ec400000, 0x00000003ec800000|  0%| F|  |TS  0|AC  0|TAMS 0x00000003ec400000, 0x00000003ec400000|
|  83|0x00000003ec800000, 0x00000003ec800000, 0x00000003ecc00000|  0%| F|  |TS  0|AC  0|TAMS 0x00000003ec800000, 0x00000003ec800000|
|  84|0x00000003ecc00000, 0x00000003ecc00000, 0x00000003ed000000|  0%| F|  |TS  0|AC  0|TAMS 0x00000003ecc00000, 0x00000003ecc00000|
|  85|0x00000003ed000000, 0x00000003ed000000, 0x00000003ed400000|  0%| F|  |TS  0|AC  0|TAMS 0x00000003ed000000, 0x00000003ed000000|
|  86|0x00000003ed400000, 0x00000003ed400000, 0x00000003ed800000|  0%| F|  |TS  0|AC  0|TAMS 0x00000003ed400000, 0x00000003ed400000|
|  87|0x00000003ed800000, 0x00000003ed800000, 0x00000003edc00000|  0%| F|  |TS  0|AC  0|TAMS 0x00000003ed800000, 0x00000003ed800000|
|  88|0x00000003edc00000, 0x00000003edc00000, 0x00000003ee000000|  0%| F|  |TS  0|AC  0|TAMS 0x00000003edc00000, 0x00000003edc00000|
|  89|0x00000003ee000000, 0x00000003ee000000, 0x00000003ee400000|  0%| F|  |TS  0|AC  0|TAMS 0x00000003ee000000, 0x00000003ee000000|
|  90|0x00000003ee400000, 0x00000003ee400000, 0x00000003ee800000|  0%| F|  |TS  0|AC  0|TAMS 0x00000003ee400000, 0x00000003ee400000|
|  91|0x00000003ee800000, 0x00000003ee800000, 0x00000003eec00000|  0%| F|  |TS  0|AC  0|TAMS 0x00000003ee800000, 0x00000003ee800000|
|  92|0x00000003eec00000, 0x00000003eec00000, 0x00000003ef000000|  0%| F|  |TS  0|AC  0|TAMS 0x00000003eec00000, 0x00000003eec00000|
|  93|0x00000003ef000000, 0x00000003ef000000, 0x00000003ef400000|  0%| F|  |TS  0|AC  0|TAMS 0x00000003ef000000, 0x00000003ef000000|
|  94|0x00000003ef400000, 0x00000003ef400000, 0x00000003ef800000|  0%| F|  |TS  0|AC  0|TAMS 0x00000003ef400000, 0x00000003ef400000|
|  95|0x00000003ef800000, 0x00000003ef800000, 0x00000003efc00000|  0%| F|  |TS  0|AC  0|TAMS 0x00000003ef800000, 0x00000003ef800000|
|  96|0x00000003efc00000, 0x00000003efc00000, 0x00000003f0000000|  0%| F|  |TS  0|AC  0|TAMS 0x00000003efc00000, 0x00000003efc00000|
|  97|0x00000003f0000000, 0x00000003f0000000, 0x00000003f0400000|  0%| F|  |TS  0|AC  0|TAMS 0x00000003f0000000, 0x00000003f0000000|
|  98|0x00000003f0400000, 0x00000003f0400000, 0x00000003f0800000|  0%| F|  |TS  0|AC  0|TAMS 0x00000003f0400000, 0x00000003f0400000|
|  99|0x00000003f0800000, 0x00000003f0800000, 0x00000003f0c00000|  0%| F|  |TS  0|AC  0|TAMS 0x00000003f0800000, 0x00000003f0800000|
| 100|0x00000003f0c00000, 0x00000003f0c00000, 0x00000003f1000000|  0%| F|  |TS  0|AC  0|TAMS 0x00000003f0c00000, 0x00000003f0c00000|
| 101|0x00000003f1000000, 0x00000003f1000000, 0x00000003f1400000|  0%| F|  |TS  0|AC  0|TAMS 0x00000003f1000000, 0x00000003f1000000|
| 102|0x00000003f1400000, 0x00000003f1400000, 0x00000003f1800000|  0%| F|  |TS  0|AC  0|TAMS 0x00000003f1400000, 0x00000003f1400000|
| 103|0x00000003f1800000, 0x00000003f1800000, 0x00000003f1c00000|  0%| F|  |TS  0|AC  0|TAMS 0x00000003f1800000, 0x00000003f1800000|
| 104|0x00000003f1c00000, 0x00000003f1c00000, 0x00000003f2000000|  0%| F|  |TS  0|AC  0|TAMS 0x00000003f1c00000, 0x00000003f1c00000|
| 105|0x00000003f2000000, 0x00000003f2000000, 0x00000003f2400000|  0%| F|  |TS  0|AC  0|TAMS 0x00000003f2000000, 0x00000003f2000000|
| 106|0x00000003f2400000, 0x00000003f2400000, 0x00000003f2800000|  0%| F|  |TS  0|AC  0|TAMS 0x00000003f2400000, 0x00000003f2400000|
| 107|0x00000003f2800000, 0x00000003f2800000, 0x00000003f2c00000|  0%| F|  |TS  0|AC  0|TAMS 0x00000003f2800000, 0x00000003f2800000|
| 108|0x00000003f2c00000, 0x00000003f2c00000, 0x00000003f3000000|  0%| F|  |TS  0|AC  0|TAMS 0x00000003f2c00000, 0x00000003f2c00000|
| 109|0x00000003f3000000, 0x00000003f3000000, 0x00000003f3400000|  0%| F|  |TS  0|AC  0|TAMS 0x00000003f3000000, 0x00000003f3000000|
| 110|0x00000003f3400000, 0x00000003f3400000, 0x00000003f3800000|  0%| F|  |TS  0|AC  0|TAMS 0x00000003f3400000, 0x00000003f3400000|
| 111|0x00000003f3800000, 0x00000003f3800000, 0x00000003f3c00000|  0%| F|  |TS  0|AC  0|TAMS 0x00000003f3800000, 0x00000003f3800000|
| 112|0x00000003f3c00000, 0x00000003f3c00000, 0x00000003f4000000|  0%| F|  |TS  0|AC  0|TAMS 0x00000003f3c00000, 0x00000003f3c00000|
| 113|0x00000003f4000000, 0x00000003f4000000, 0x00000003f4400000|  0%| F|  |TS  0|AC  0|TAMS 0x00000003f4000000, 0x00000003f4000000|
| 114|0x00000003f4400000, 0x00000003f4400000, 0x00000003f4800000|  0%| F|  |TS  0|AC  0|TAMS 0x00000003f4400000, 0x00000003f4400000|
| 115|0x00000003f4800000, 0x00000003f4800000, 0x00000003f4c00000|  0%| F|  |TS  0|AC  0|TAMS 0x00000003f4800000, 0x00000003f4800000|
| 116|0x00000003f4c00000, 0x00000003f4c00000, 0x00000003f5000000|  0%| F|  |TS  0|AC  0|TAMS 0x00000003f4c00000, 0x00000003f4c00000|
| 117|0x00000003f5000000, 0x00000003f5000000, 0x00000003f5400000|  0%| F|  |TS  0|AC  0|TAMS 0x00000003f5000000, 0x00000003f5000000|
| 118|0x00000003f5400000, 0x00000003f5400000, 0x00000003f5800000|  0%| F|  |TS  0|AC  0|TAMS 0x00000003f5400000, 0x00000003f5400000|
| 119|0x00000003f5800000, 0x00000003f5800000, 0x00000003f5c00000|  0%| F|  |TS  0|AC  0|TAMS 0x00000003f5800000, 0x00000003f5800000|
| 120|0x00000003f5c00000, 0x00000003f5c00000, 0x00000003f6000000|  0%| F|  |TS  0|AC  0|TAMS 0x00000003f5c00000, 0x00000003f5c00000|
| 121|0x00000003f6000000, 0x00000003f6000000, 0x00000003f6400000|  0%| F|  |TS  0|AC  0|TAMS 0x00000003f6000000, 0x00000003f6000000|
| 122|0x00000003f6400000, 0x00000003f6400000, 0x00000003f6800000|  0%| F|  |TS  0|AC  0|TAMS 0x00000003f6400000, 0x00000003f6400000|
| 123|0x00000003f6800000, 0x00000003f6800000, 0x00000003f6c00000|  0%| F|  |TS  0|AC  0|TAMS 0x00000003f6800000, 0x00000003f6800000|
| 124|0x00000003f6c00000, 0x00000003f6c00000, 0x00000003f7000000|  0%| F|  |TS  0|AC  0|TAMS 0x00000003f6c00000, 0x00000003f6c00000|
| 125|0x00000003f7000000, 0x00000003f7000000, 0x00000003f7400000|  0%| F|  |TS  0|AC  0|TAMS 0x00000003f7000000, 0x00000003f7000000|
| 126|0x00000003f7400000, 0x00000003f7400000, 0x00000003f7800000|  0%| F|  |TS  0|AC  0|TAMS 0x00000003f7400000, 0x00000003f7400000|
| 127|0x00000003f7800000, 0x00000003f7800000, 0x00000003f7c00000|  0%| F|  |TS  0|AC  0|TAMS 0x00000003f7800000, 0x00000003f7800000|
| 128|0x00000003f7c00000, 0x00000003f7c00000, 0x00000003f8000000|  0%| F|  |TS  0|AC  0|TAMS 0x00000003f7c00000, 0x00000003f7c00000|
| 129|0x00000003f8000000, 0x00000003f8000000, 0x00000003f8400000|  0%| F|  |TS  0|AC  0|TAMS 0x00000003f8000000, 0x00000003f8000000|
| 130|0x00000003f8400000, 0x00000003f8400000, 0x00000003f8800000|  0%| F|  |TS  0|AC  0|TAMS 0x00000003f8400000, 0x00000003f8400000|
| 131|0x00000003f8800000, 0x00000003f8800000, 0x00000003f8c00000|  0%| F|  |TS  0|AC  0|TAMS 0x00000003f8800000, 0x00000003f8800000|
| 132|0x00000003f8c00000, 0x00000003f8c00000, 0x00000003f9000000|  0%| F|  |TS  0|AC  0|TAMS 0x00000003f8c00000, 0x00000003f8c00000|
| 133|0x00000003f9000000, 0x00000003f9000000, 0x00000003f9400000|  0%| F|  |TS  0|AC  0|TAMS 0x00000003f9000000, 0x00000003f9000000|
| 134|0x00000003f9400000, 0x00000003f9400000, 0x00000003f9800000|  0%| F|  |TS  0|AC  0|TAMS 0x00000003f9400000, 0x00000003f9400000|
| 135|0x00000003f9800000, 0x00000003f9800000, 0x00000003f9c00000|  0%| F|  |TS  0|AC  0|TAMS 0x00000003f9800000, 0x00000003f9800000|
| 136|0x00000003f9c00000, 0x00000003f9c00000, 0x00000003fa000000|  0%| F|  |TS  0|AC  0|TAMS 0x00000003f9c00000, 0x00000003f9c00000|
| 137|0x00000003fa000000, 0x00000003fa000000, 0x00000003fa400000|  0%| F|  |TS  0|AC  0|TAMS 0x00000003fa000000, 0x00000003fa000000|
| 138|0x00000003fa400000, 0x00000003fa400000, 0x00000003fa800000|  0%| F|  |TS  0|AC  0|TAMS 0x00000003fa400000, 0x00000003fa400000|
| 139|0x00000003fa800000, 0x00000003fa800000, 0x00000003fac00000|  0%| F|  |TS  0|AC  0|TAMS 0x00000003fa800000, 0x00000003fa800000|
| 140|0x00000003fac00000, 0x00000003fac00000, 0x00000003fb000000|  0%| F|  |TS  0|AC  0|TAMS 0x00000003fac00000, 0x00000003fac00000|
| 141|0x00000003fb000000, 0x00000003fb000000, 0x00000003fb400000|  0%| F|  |TS  0|AC  0|TAMS 0x00000003fb000000, 0x00000003fb000000|
| 142|0x00000003fb400000, 0x00000003fb400000, 0x00000003fb800000|  0%| F|  |TS  0|AC  0|TAMS 0x00000003fb400000, 0x00000003fb400000|
| 143|0x00000003fb800000, 0x00000003fb800000, 0x00000003fbc00000|  0%| F|  |TS  0|AC  0|TAMS 0x00000003fb800000, 0x00000003fb800000|
| 144|0x00000003fbc00000, 0x00000003fbc00000, 0x00000003fc000000|  0%| F|  |TS  0|AC  0|TAMS 0x00000003fbc00000, 0x00000003fbc00000|
| 145|0x00000003fc000000, 0x00000003fc000000, 0x00000003fc400000|  0%| F|  |TS  0|AC  0|TAMS 0x00000003fc000000, 0x00000003fc000000|
| 146|0x00000003fc400000, 0x00000003fc400000, 0x00000003fc800000|  0%| F|  |TS  0|AC  0|TAMS 0x00000003fc400000, 0x00000003fc400000|
| 147|0x00000003fc800000, 0x00000003fc800000, 0x00000003fcc00000|  0%| F|  |TS  0|AC  0|TAMS 0x00000003fc800000, 0x00000003fc800000|
| 148|0x00000003fcc00000, 0x00000003fcc00000, 0x00000003fd000000|  0%| F|  |TS  0|AC  0|TAMS 0x00000003fcc00000, 0x00000003fcc00000|
| 149|0x00000003fd000000, 0x00000003fd000000, 0x00000003fd400000|  0%| F|  |TS  0|AC  0|TAMS 0x00000003fd000000, 0x00000003fd000000|
| 150|0x00000003fd400000, 0x00000003fd400000, 0x00000003fd800000|  0%| F|  |TS  0|AC  0|TAMS 0x00000003fd400000, 0x00000003fd400000|
| 151|0x00000003fd800000, 0x00000003fd800000, 0x00000003fdc00000|  0%| F|  |TS  0|AC  0|TAMS 0x00000003fd800000, 0x00000003fd800000|
| 152|0x00000003fdc00000, 0x00000003fdc00000, 0x00000003fe000000|  0%| F|  |TS  0|AC  0|TAMS 0x00000003fdc00000, 0x00000003fdc00000|
| 153|0x00000003fe000000, 0x00000003fe000000, 0x00000003fe400000|  0%| F|  |TS  0|AC  0|TAMS 0x00000003fe000000, 0x00000003fe000000|
| 154|0x00000003fe400000, 0x00000003fe400000, 0x00000003fe800000|  0%| F|  |TS  0|AC  0|TAMS 0x00000003fe400000, 0x00000003fe400000|
| 155|0x00000003fe800000, 0x00000003fe800000, 0x00000003fec00000|  0%| F|  |TS  0|AC  0|TAMS 0x00000003fe800000, 0x00000003fe800000|
| 156|0x00000003fec00000, 0x00000003fec00000, 0x00000003ff000000|  0%| F|  |TS  0|AC  0|TAMS 0x00000003fec00000, 0x00000003fec00000|
| 157|0x00000003ff000000, 0x00000003ff000000, 0x00000003ff400000|  0%| F|  |TS  0|AC  0|TAMS 0x00000003ff000000, 0x00000003ff000000|
| 158|0x00000003ff400000, 0x00000003ff400000, 0x00000003ff800000|  0%| F|  |TS  0|AC  0|TAMS 0x00000003ff400000, 0x00000003ff400000|
| 159|0x00000003ff800000, 0x00000003ff800000, 0x00000003ffc00000|  0%| F|  |TS  0|AC  0|TAMS 0x00000003ff800000, 0x00000003ff800000|
| 160|0x00000003ffc00000, 0x00000003ffc00000, 0x0000000400000000|  0%| F|  |TS  0|AC  0|TAMS 0x00000003ffc00000, 0x00000003ffc00000|
| 161|0x0000000400000000, 0x0000000400000000, 0x0000000400400000|  0%| F|  |TS  0|AC  0|TAMS 0x0000000400000000, 0x0000000400000000|
| 162|0x0000000400400000, 0x0000000400400000, 0x0000000400800000|  0%| F|  |TS  0|AC  0|TAMS 0x0000000400400000, 0x0000000400400000|
| 163|0x0000000400800000, 0x0000000400800000, 0x0000000400c00000|  0%| F|  |TS  0|AC  0|TAMS 0x0000000400800000, 0x0000000400800000|
| 164|0x0000000400c00000, 0x0000000400c00000, 0x0000000401000000|  0%| F|  |TS  0|AC  0|TAMS 0x0000000400c00000, 0x0000000400c00000|
| 165|0x0000000401000000, 0x0000000401000000, 0x0000000401400000|  0%| F|  |TS  0|AC  0|TAMS 0x0000000401000000, 0x0000000401000000|
| 166|0x0000000401400000, 0x0000000401400000, 0x0000000401800000|  0%| F|  |TS  0|AC  0|TAMS 0x0000000401400000, 0x0000000401400000|
| 167|0x0000000401800000, 0x0000000401800000, 0x0000000401c00000|  0%| F|  |TS  0|AC  0|TAMS 0x0000000401800000, 0x0000000401800000|
| 168|0x0000000401c00000, 0x0000000401c00000, 0x0000000402000000|  0%| F|  |TS  0|AC  0|TAMS 0x0000000401c00000, 0x0000000401c00000|
| 169|0x0000000402000000, 0x0000000402000000, 0x0000000402400000|  0%| F|  |TS  0|AC  0|TAMS 0x0000000402000000, 0x0000000402000000|
| 170|0x0000000402400000, 0x0000000402400000, 0x0000000402800000|  0%| F|  |TS  0|AC  0|TAMS 0x0000000402400000, 0x0000000402400000|
| 171|0x0000000402800000, 0x0000000402800000, 0x0000000402c00000|  0%| F|  |TS  0|AC  0|TAMS 0x0000000402800000, 0x0000000402800000|
| 172|0x0000000402c00000, 0x0000000402c00000, 0x0000000403000000|  0%| F|  |TS  0|AC  0|TAMS 0x0000000402c00000, 0x0000000402c00000|
| 173|0x0000000403000000, 0x0000000403000000, 0x0000000403400000|  0%| F|  |TS  0|AC  0|TAMS 0x0000000403000000, 0x0000000403000000|
| 174|0x0000000403400000, 0x0000000403400000, 0x0000000403800000|  0%| F|  |TS  0|AC  0|TAMS 0x0000000403400000, 0x0000000403400000|
| 175|0x0000000403800000, 0x0000000403800000, 0x0000000403c00000|  0%| F|  |TS  0|AC  0|TAMS 0x0000000403800000, 0x0000000403800000|
| 176|0x0000000403c00000, 0x0000000403c00000, 0x0000000404000000|  0%| F|  |TS  0|AC  0|TAMS 0x0000000403c00000, 0x0000000403c00000|
| 177|0x0000000404000000, 0x0000000404000000, 0x0000000404400000|  0%| F|  |TS  0|AC  0|TAMS 0x0000000404000000, 0x0000000404000000|
| 178|0x0000000404400000, 0x0000000404400000, 0x0000000404800000|  0%| F|  |TS  0|AC  0|TAMS 0x0000000404400000, 0x0000000404400000|
| 179|0x0000000404800000, 0x0000000404800000, 0x0000000404c00000|  0%| F|  |TS  0|AC  0|TAMS 0x0000000404800000, 0x0000000404800000|
| 180|0x0000000404c00000, 0x0000000404c00000, 0x0000000405000000|  0%| F|  |TS  0|AC  0|TAMS 0x0000000404c00000, 0x0000000404c00000|
| 181|0x0000000405000000, 0x0000000405000000, 0x0000000405400000|  0%| F|  |TS  0|AC  0|TAMS 0x0000000405000000, 0x0000000405000000|
| 182|0x0000000405400000, 0x0000000405400000, 0x0000000405800000|  0%| F|  |TS  0|AC  0|TAMS 0x0000000405400000, 0x0000000405400000|
| 183|0x0000000405800000, 0x0000000405800000, 0x0000000405c00000|  0%| F|  |TS  0|AC  0|TAMS 0x0000000405800000, 0x0000000405800000|
| 184|0x0000000405c00000, 0x0000000405c00000, 0x0000000406000000|  0%| F|  |TS  0|AC  0|TAMS 0x0000000405c00000, 0x0000000405c00000|
| 185|0x0000000406000000, 0x0000000406000000, 0x0000000406400000|  0%| F|  |TS  0|AC  0|TAMS 0x0000000406000000, 0x0000000406000000|
| 186|0x0000000406400000, 0x0000000406400000, 0x0000000406800000|  0%| F|  |TS  0|AC  0|TAMS 0x0000000406400000, 0x0000000406400000|
| 187|0x0000000406800000, 0x0000000406800000, 0x0000000406c00000|  0%| F|  |TS  0|AC  0|TAMS 0x0000000406800000, 0x0000000406800000|
| 188|0x0000000406c00000, 0x0000000406c00000, 0x0000000407000000|  0%| F|  |TS  0|AC  0|TAMS 0x0000000406c00000, 0x0000000406c00000|
| 189|0x0000000407000000, 0x0000000407000000, 0x0000000407400000|  0%| F|  |TS  0|AC  0|TAMS 0x0000000407000000, 0x0000000407000000|
| 190|0x0000000407400000, 0x0000000407400000, 0x0000000407800000|  0%| F|  |TS  0|AC  0|TAMS 0x0000000407400000, 0x0000000407400000|
| 191|0x0000000407800000, 0x0000000407800000, 0x0000000407c00000|  0%| F|  |TS  0|AC  0|TAMS 0x0000000407800000, 0x0000000407800000|
| 192|0x0000000407c00000, 0x0000000407c00000, 0x0000000408000000|  0%| F|  |TS  0|AC  0|TAMS 0x0000000407c00000, 0x0000000407c00000|
| 193|0x0000000408000000, 0x0000000408000000, 0x0000000408400000|  0%| F|  |TS  0|AC  0|TAMS 0x0000000408000000, 0x0000000408000000|
| 194|0x0000000408400000, 0x0000000408400000, 0x0000000408800000|  0%| F|  |TS  0|AC  0|TAMS 0x0000000408400000, 0x0000000408400000|
| 195|0x0000000408800000, 0x0000000408800000, 0x0000000408c00000|  0%| F|  |TS  0|AC  0|TAMS 0x0000000408800000, 0x0000000408800000|
| 196|0x0000000408c00000, 0x0000000408c00000, 0x0000000409000000|  0%| F|  |TS  0|AC  0|TAMS 0x0000000408c00000, 0x0000000408c00000|
| 197|0x0000000409000000, 0x0000000409000000, 0x0000000409400000|  0%| F|  |TS  0|AC  0|TAMS 0x0000000409000000, 0x0000000409000000|
| 198|0x0000000409400000, 0x0000000409400000, 0x0000000409800000|  0%| F|  |TS  0|AC  0|TAMS 0x0000000409400000, 0x0000000409400000|
| 199|0x0000000409800000, 0x0000000409800000, 0x0000000409c00000|  0%| F|  |TS  0|AC  0|TAMS 0x0000000409800000, 0x0000000409800000|
| 200|0x0000000409c00000, 0x0000000409c00000, 0x000000040a000000|  0%| F|  |TS  0|AC  0|TAMS 0x0000000409c00000, 0x0000000409c00000|
| 201|0x000000040a000000, 0x000000040a000000, 0x000000040a400000|  0%| F|  |TS  0|AC  0|TAMS 0x000000040a000000, 0x000000040a000000|
| 202|0x000000040a400000, 0x000000040a400000, 0x000000040a800000|  0%| F|  |TS  0|AC  0|TAMS 0x000000040a400000, 0x000000040a400000|
| 203|0x000000040a800000, 0x000000040a800000, 0x000000040ac00000|  0%| F|  |TS  0|AC  0|TAMS 0x000000040a800000, 0x000000040a800000|
| 204|0x000000040ac00000, 0x000000040ac00000, 0x000000040b000000|  0%| F|  |TS  0|AC  0|TAMS 0x000000040ac00000, 0x000000040ac00000|
| 205|0x000000040b000000, 0x000000040b000000, 0x000000040b400000|  0%| F|  |TS  0|AC  0|TAMS 0x000000040b000000, 0x000000040b000000|
| 206|0x000000040b400000, 0x000000040b400000, 0x000000040b800000|  0%| F|  |TS  0|AC  0|TAMS 0x000000040b400000, 0x000000040b400000|
| 207|0x000000040b800000, 0x000000040b800000, 0x000000040bc00000|  0%| F|  |TS  0|AC  0|TAMS 0x000000040b800000, 0x000000040b800000|
| 208|0x000000040bc00000, 0x000000040bc00000, 0x000000040c000000|  0%| F|  |TS  0|AC  0|TAMS 0x000000040bc00000, 0x000000040bc00000|
| 209|0x000000040c000000, 0x000000040c000000, 0x000000040c400000|  0%| F|  |TS  0|AC  0|TAMS 0x000000040c000000, 0x000000040c000000|
| 210|0x000000040c400000, 0x000000040c400000, 0x000000040c800000|  0%| F|  |TS  0|AC  0|TAMS 0x000000040c400000, 0x000000040c400000|
| 211|0x000000040c800000, 0x000000040c800000, 0x000000040cc00000|  0%| F|  |TS  0|AC  0|TAMS 0x000000040c800000, 0x000000040c800000|
| 212|0x000000040cc00000, 0x000000040cc00000, 0x000000040d000000|  0%| F|  |TS  0|AC  0|TAMS 0x000000040cc00000, 0x000000040cc00000|
| 213|0x000000040d000000, 0x000000040d000000, 0x000000040d400000|  0%| F|  |TS  0|AC  0|TAMS 0x000000040d000000, 0x000000040d000000|
| 214|0x000000040d400000, 0x000000040d400000, 0x000000040d800000|  0%| F|  |TS  0|AC  0|TAMS 0x000000040d400000, 0x000000040d400000|
| 215|0x000000040d800000, 0x000000040d800000, 0x000000040dc00000|  0%| F|  |TS  0|AC  0|TAMS 0x000000040d800000, 0x000000040d800000|
| 216|0x000000040dc00000, 0x000000040dc00000, 0x000000040e000000|  0%| F|  |TS  0|AC  0|TAMS 0x000000040dc00000, 0x000000040dc00000|
| 217|0x000000040e000000, 0x000000040e000000, 0x000000040e400000|  0%| F|  |TS  0|AC  0|TAMS 0x000000040e000000, 0x000000040e000000|
| 218|0x000000040e400000, 0x000000040e400000, 0x000000040e800000|  0%| F|  |TS  0|AC  0|TAMS 0x000000040e400000, 0x000000040e400000|
| 219|0x000000040e800000, 0x000000040e800000, 0x000000040ec00000|  0%| F|  |TS  0|AC  0|TAMS 0x000000040e800000, 0x000000040e800000|
| 220|0x000000040ec00000, 0x000000040ec00000, 0x000000040f000000|  0%| F|  |TS  0|AC  0|TAMS 0x000000040ec00000, 0x000000040ec00000|
| 221|0x000000040f000000, 0x000000040f000000, 0x000000040f400000|  0%| F|  |TS  0|AC  0|TAMS 0x000000040f000000, 0x000000040f000000|
| 222|0x000000040f400000, 0x000000040f400000, 0x000000040f800000|  0%| F|  |TS  0|AC  0|TAMS 0x000000040f400000, 0x000000040f400000|
| 223|0x000000040f800000, 0x000000040f800000, 0x000000040fc00000|  0%| F|  |TS  0|AC  0|TAMS 0x000000040f800000, 0x000000040f800000|
| 224|0x000000040fc00000, 0x000000040fc00000, 0x0000000410000000|  0%| F|  |TS  0|AC  0|TAMS 0x000000040fc00000, 0x000000040fc00000|
| 225|0x0000000410000000, 0x0000000410000000, 0x0000000410400000|  0%| F|  |TS  0|AC  0|TAMS 0x0000000410000000, 0x0000000410000000|
| 226|0x0000000410400000, 0x0000000410400000, 0x0000000410800000|  0%| F|  |TS  0|AC  0|TAMS 0x0000000410400000, 0x0000000410400000|
| 227|0x0000000410800000, 0x0000000410800000, 0x0000000410c00000|  0%| F|  |TS  0|AC  0|TAMS 0x0000000410800000, 0x0000000410800000|
| 228|0x0000000410c00000, 0x0000000410c00000, 0x0000000411000000|  0%| F|  |TS  0|AC  0|TAMS 0x0000000410c00000, 0x0000000410c00000|
| 229|0x0000000411000000, 0x0000000411000000, 0x0000000411400000|  0%| F|  |TS  0|AC  0|TAMS 0x0000000411000000, 0x0000000411000000|
| 230|0x0000000411400000, 0x0000000411400000, 0x0000000411800000|  0%| F|  |TS  0|AC  0|TAMS 0x0000000411400000, 0x0000000411400000|
| 231|0x0000000411800000, 0x0000000411800000, 0x0000000411c00000|  0%| F|  |TS  0|AC  0|TAMS 0x0000000411800000, 0x0000000411800000|
| 232|0x0000000411c00000, 0x0000000411c00000, 0x0000000412000000|  0%| F|  |TS  0|AC  0|TAMS 0x0000000411c00000, 0x0000000411c00000|
| 233|0x0000000412000000, 0x0000000412000000, 0x0000000412400000|  0%| F|  |TS  0|AC  0|TAMS 0x0000000412000000, 0x0000000412000000|
| 234|0x0000000412400000, 0x0000000412400000, 0x0000000412800000|  0%| F|  |TS  0|AC  0|TAMS 0x0000000412400000, 0x0000000412400000|
| 235|0x0000000412800000, 0x0000000412800000, 0x0000000412c00000|  0%| F|  |TS  0|AC  0|TAMS 0x0000000412800000, 0x0000000412800000|
| 236|0x0000000412c00000, 0x0000000412c00000, 0x0000000413000000|  0%| F|  |TS  0|AC  0|TAMS 0x0000000412c00000, 0x0000000412c00000|
| 237|0x0000000413000000, 0x0000000413000000, 0x0000000413400000|  0%| F|  |TS  0|AC  0|TAMS 0x0000000413000000, 0x0000000413000000|
| 238|0x0000000413400000, 0x0000000413400000, 0x0000000413800000|  0%| F|  |TS  0|AC  0|TAMS 0x0000000413400000, 0x0000000413400000|
| 239|0x0000000413800000, 0x0000000413800000, 0x0000000413c00000|  0%| F|  |TS  0|AC  0|TAMS 0x0000000413800000, 0x0000000413800000|
| 240|0x0000000413c00000, 0x0000000413c00000, 0x0000000414000000|  0%| F|  |TS  0|AC  0|TAMS 0x0000000413c00000, 0x0000000413c00000|
| 241|0x0000000414000000, 0x0000000414000000, 0x0000000414400000|  0%| F|  |TS  0|AC  0|TAMS 0x0000000414000000, 0x0000000414000000|
| 242|0x0000000414400000, 0x0000000414400000, 0x0000000414800000|  0%| F|  |TS  0|AC  0|TAMS 0x0000000414400000, 0x0000000414400000|
| 243|0x0000000414800000, 0x0000000414800000, 0x0000000414c00000|  0%| F|  |TS  0|AC  0|TAMS 0x0000000414800000, 0x0000000414800000|
| 244|0x0000000414c00000, 0x0000000414c00000, 0x0000000415000000|  0%| F|  |TS  0|AC  0|TAMS 0x0000000414c00000, 0x0000000414c00000|
| 245|0x0000000415000000, 0x0000000415000000, 0x0000000415400000|  0%| F|  |TS  0|AC  0|TAMS 0x0000000415000000, 0x0000000415000000|
| 246|0x0000000415400000, 0x0000000415400000, 0x0000000415800000|  0%| F|  |TS  0|AC  0|TAMS 0x0000000415400000, 0x0000000415400000|
| 247|0x0000000415800000, 0x0000000415800000, 0x0000000415c00000|  0%| F|  |TS  0|AC  0|TAMS 0x0000000415800000, 0x0000000415800000|
| 248|0x0000000415c00000, 0x0000000415ee1d08, 0x0000000416000000| 72%| E|  |TS  0|AC  0|TAMS 0x0000000415c00000, 0x0000000415c00000|
| 249|0x0000000416000000, 0x0000000416400000, 0x0000000416400000|100%| E|CS|TS  0|AC  0|TAMS 0x0000000416000000, 0x0000000416000000|
| 250|0x0000000416400000, 0x0000000416800000, 0x0000000416800000|100%| E|CS|TS  0|AC  0|TAMS 0x0000000416400000, 0x0000000416400000|

Card table byte_map: [0x00007fd30417c000,0x00007fd3060be000] byte_map_base: 0x00007fd3022be000

Marking Bits (Prev, Next): (CMBitMap*) 0x00007fd3cc09e820, (CMBitMap*) 0x00007fd3cc09e858
 Prev Bits: [0x00007fd2f282a000, 0x00007fd30223a000)
 Next Bits: [0x00007fd2e2e1a000, 0x00007fd2f282a000)

Polling page: 0x00007fd3d3499000

CodeHeap 'non-profiled nmethods': size=119172Kb used=148Kb max_used=148Kb free=119023Kb
 bounds [0x00007fd3b96e2000, 0x00007fd3b9952000, 0x00007fd3c0b43000]
CodeHeap 'profiled nmethods': size=119172Kb used=344Kb max_used=344Kb free=118827Kb
 bounds [0x00007fd3b2281000, 0x00007fd3b24f1000, 0x00007fd3b96e2000]
CodeHeap 'non-nmethods': size=7416Kb used=2826Kb max_used=2870Kb free=4589Kb
 bounds [0x00007fd3b1b43000, 0x00007fd3b1e23000, 0x00007fd3b2281000]
 total_blobs=634 nmethods=255 adapters=168
 compilation: enabled

Compilation events (10 events):
Event: 0.390 Thread 0x00007fd3cc2af000  252       4       java.io.FileOutputStream::write (20 bytes)
Event: 0.390 Thread 0x00007fd3cc2af000 nmethod 252 0x00007fd3b96f8b10 code [0x00007fd3b96f8ca0, 0x00007fd3b96f8d48]
Event: 0.399 Thread 0x00007fd3cc2b3000 nmethod 247 0x00007fd3b96f8e10 code [0x00007fd3b96f9080, 0x00007fd3b96fa1a8]
Event: 0.400 Thread 0x00007fd3cc2ba000 nmethod 250 0x00007fd3b96faa90 code [0x00007fd3b96fac60, 0x00007fd3b96fb278]
Event: 0.400 Thread 0x00007fd3cc2b1000 nmethod 238 0x00007fd3b96fb590 code [0x00007fd3b96fb760, 0x00007fd3b96fb9a8]
Event: 0.400 Thread 0x00007fd3cc2ad000 nmethod 246 0x00007fd3b96fbd10 code [0x00007fd3b96fbf80, 0x00007fd3b96fd3e8]
Event: 0.409 Thread 0x00007fd3cc2b8800 nmethod 255 0x00007fd3b96fde10 code [0x00007fd3b96fe0c0, 0x00007fd3b96ff888]
Event: 0.413 Thread 0x00007fd3cc2b6800 nmethod 254 0x00007fd3b9700590 code [0x00007fd3b9700800, 0x00007fd3b9701d78]
Event: 0.434 Thread 0x00007fd3cc2b5000 nmethod 253 0x00007fd3b9702990 code [0x00007fd3b9702d20, 0x00007fd3b97057e0]
Event: 0.610 Thread 0x00007fd3cc2c1800  256 %     3       org.eclipse.core.runtime.adaptor.EclipseStarter::main @ 4379 (7272 bytes)

GC Heap History (0 events):
No events

Deoptimization events (0 events):
No events

Classes redefined (0 events):
No events

Internal exceptions (0 events):
No events

Events (10 events):
Event: 0.337 Thread 0x00007fd3cc011800 DEOPT PACKING pc=0x00007fd3b22b7424 sp=0x00007fd3d1b439b0
Event: 0.337 Thread 0x00007fd3cc011800 DEOPT UNPACKING pc=0x00007fd3b1b90aab sp=0x00007fd3d1b42f98 mode 0
Event: 0.337 Thread 0x00007fd3cc011800 DEOPT PACKING pc=0x00007fd3b22b7424 sp=0x00007fd3d1b439b0
Event: 0.337 Thread 0x00007fd3cc011800 DEOPT UNPACKING pc=0x00007fd3b1b90aab sp=0x00007fd3d1b42f98 mode 0
Event: 0.337 Thread 0x00007fd3cc011800 DEOPT PACKING pc=0x00007fd3b22b7424 sp=0x00007fd3d1b439b0
Event: 0.337 Thread 0x00007fd3cc011800 DEOPT UNPACKING pc=0x00007fd3b1b90aab sp=0x00007fd3d1b42f98 mode 0
Event: 0.337 Thread 0x00007fd3cc011800 DEOPT PACKING pc=0x00007fd3b22b7424 sp=0x00007fd3d1b439b0
Event: 0.337 Thread 0x00007fd3cc011800 DEOPT UNPACKING pc=0x00007fd3b1b90aab sp=0x00007fd3d1b42f98 mode 0
Event: 0.337 Thread 0x00007fd3cc011800 DEOPT PACKING pc=0x00007fd3b22b7424 sp=0x00007fd3d1b439b0
Event: 0.337 Thread 0x00007fd3cc011800 DEOPT UNPACKING pc=0x00007fd3b1b90aab sp=0x00007fd3d1b42f98 mode 0


Dynamic libraries:
00400000-00401000 r-xp 00000000 00:65 77077150                           /root/oracle/jdk-9.0.4/bin/java
00600000-00601000 rw-p 00000000 00:65 77077150                           /root/oracle/jdk-9.0.4/bin/java
01435000-01456000 rw-p 00000000 00:00 0                                  [heap]
3d7c00000-416800000 rw-p 00000000 00:00 0 
416800000-7c0000000 ---p 00000000 00:00 0 
7c0000000-7c0080000 rw-p 00000000 00:00 0 
7c0080000-800000000 ---p 00000000 00:00 0 
7fd270000000-7fd270021000 rw-p 00000000 00:00 0 
7fd270021000-7fd274000000 ---p 00000000 00:00 0 
7fd278000000-7fd278021000 rw-p 00000000 00:00 0 
7fd278021000-7fd27c000000 ---p 00000000 00:00 0 
7fd27c000000-7fd27c021000 rw-p 00000000 00:00 0 
7fd27c021000-7fd280000000 ---p 00000000 00:00 0 
7fd280000000-7fd2800db000 rw-p 00000000 00:00 0 
7fd2800db000-7fd284000000 ---p 00000000 00:00 0 
7fd284000000-7fd284021000 rw-p 00000000 00:00 0 
7fd284021000-7fd288000000 ---p 00000000 00:00 0 
7fd288000000-7fd288021000 rw-p 00000000 00:00 0 
7fd288021000-7fd28c000000 ---p 00000000 00:00 0 
7fd28c000000-7fd28c054000 rw-p 00000000 00:00 0 
7fd28c054000-7fd290000000 ---p 00000000 00:00 0 
7fd290000000-7fd290045000 rw-p 00000000 00:00 0 
7fd290045000-7fd294000000 ---p 00000000 00:00 0 
7fd294000000-7fd294021000 rw-p 00000000 00:00 0 
7fd294021000-7fd298000000 ---p 00000000 00:00 0 
7fd298000000-7fd298233000 rw-p 00000000 00:00 0 
7fd298233000-7fd29c000000 ---p 00000000 00:00 0 
7fd29c000000-7fd29c232000 rw-p 00000000 00:00 0 
7fd29c232000-7fd2a0000000 ---p 00000000 00:00 0 
7fd2a0000000-7fd2a0132000 rw-p 00000000 00:00 0 
7fd2a0132000-7fd2a4000000 ---p 00000000 00:00 0 
7fd2a4000000-7fd2a443d000 rw-p 00000000 00:00 0 
7fd2a443d000-7fd2a8000000 ---p 00000000 00:00 0 
7fd2a8000000-7fd2a80ce000 rw-p 00000000 00:00 0 
7fd2a80ce000-7fd2ac000000 ---p 00000000 00:00 0 
7fd2ac000000-7fd2ac1b0000 rw-p 00000000 00:00 0 
7fd2ac1b0000-7fd2b0000000 ---p 00000000 00:00 0 
7fd2b0000000-7fd2b0021000 rw-p 00000000 00:00 0 
7fd2b0021000-7fd2b4000000 ---p 00000000 00:00 0 
7fd2b4000000-7fd2b4240000 rw-p 00000000 00:00 0 
7fd2b4240000-7fd2b8000000 ---p 00000000 00:00 0 
7fd2b8000000-7fd2b8021000 rw-p 00000000 00:00 0 
7fd2b8021000-7fd2bc000000 ---p 00000000 00:00 0 
7fd2bc000000-7fd2bc021000 rw-p 00000000 00:00 0 
7fd2bc021000-7fd2c0000000 ---p 00000000 00:00 0 
7fd2c0000000-7fd2c0021000 rw-p 00000000 00:00 0 
7fd2c0021000-7fd2c4000000 ---p 00000000 00:00 0 
7fd2c4000000-7fd2c4021000 rw-p 00000000 00:00 0 
7fd2c4021000-7fd2c8000000 ---p 00000000 00:00 0 
7fd2c95e7000-7fd2c9915000 rw-p 00000000 00:00 0 
7fd2c9915000-7fd2c9916000 ---p 00000000 00:00 0 
7fd2c9916000-7fd2c9a17000 rw-p 00000000 00:00 0 
7fd2c9a17000-7fd2c9a1b000 ---p 00000000 00:00 0 
7fd2c9a1b000-7fd2c9b18000 rw-p 00000000 00:00 0 
7fd2c9b18000-7fd2c9b1c000 ---p 00000000 00:00 0 
7fd2c9b1c000-7fd2c9c4a000 rw-p 00000000 00:00 0 
7fd2c9c4a000-7fd2c9c60000 r-xp 00000000 00:65 77077477                   /root/oracle/jdk-9.0.4/lib/libnet.so
7fd2c9c60000-7fd2c9e60000 ---p 00016000 00:65 77077477                   /root/oracle/jdk-9.0.4/lib/libnet.so
7fd2c9e60000-7fd2c9e61000 rw-p 00016000 00:65 77077477                   /root/oracle/jdk-9.0.4/lib/libnet.so
7fd2c9e61000-7fd2c9e71000 r-xp 00000000 00:65 77077594                   /root/oracle/jdk-9.0.4/lib/libnio.so
7fd2c9e71000-7fd2ca071000 ---p 00010000 00:65 77077594                   /root/oracle/jdk-9.0.4/lib/libnio.so
7fd2ca071000-7fd2ca072000 rw-p 00010000 00:65 77077594                   /root/oracle/jdk-9.0.4/lib/libnio.so
7fd2ca072000-7fd2ca076000 ---p 00000000 00:00 0 
7fd2ca076000-7fd2ca173000 rw-p 00000000 00:00 0 
7fd2ca173000-7fd2ca177000 ---p 00000000 00:00 0 
7fd2ca177000-7fd2ca274000 rw-p 00000000 00:00 0 
7fd2ca274000-7fd2ca278000 ---p 00000000 00:00 0 
7fd2ca278000-7fd2ca375000 rw-p 00000000 00:00 0 
7fd2ca375000-7fd2ca379000 ---p 00000000 00:00 0 
7fd2ca379000-7fd2ca476000 rw-p 00000000 00:00 0 
7fd2ca476000-7fd2ca47a000 ---p 00000000 00:00 0 
7fd2ca47a000-7fd2ca577000 rw-p 00000000 00:00 0 
7fd2ca577000-7fd2ca57b000 ---p 00000000 00:00 0 
7fd2ca57b000-7fd2ca678000 rw-p 00000000 00:00 0 
7fd2ca678000-7fd2ca67c000 ---p 00000000 00:00 0 
7fd2ca67c000-7fd2ca779000 rw-p 00000000 00:00 0 
7fd2ca779000-7fd2ca77d000 ---p 00000000 00:00 0 
7fd2ca77d000-7fd2ca87a000 rw-p 00000000 00:00 0 
7fd2ca87a000-7fd2ca87e000 ---p 00000000 00:00 0 
7fd2ca87e000-7fd2ca97b000 rw-p 00000000 00:00 0 
7fd2ca97b000-7fd2ca97f000 ---p 00000000 00:00 0 
7fd2ca97f000-7fd2caa7c000 rw-p 00000000 00:00 0 
7fd2caa7c000-7fd2caa80000 ---p 00000000 00:00 0 
7fd2caa80000-7fd2cab7d000 rw-p 00000000 00:00 0 
7fd2cab7d000-7fd2cab81000 ---p 00000000 00:00 0 
7fd2cab81000-7fd2cac7e000 rw-p 00000000 00:00 0 
7fd2cac7e000-7fd2cac82000 ---p 00000000 00:00 0 
7fd2cac82000-7fd2cad7f000 rw-p 00000000 00:00 0 
7fd2cad7f000-7fd2cad83000 ---p 00000000 00:00 0 
7fd2cad83000-7fd2cae80000 rw-p 00000000 00:00 0 
7fd2cae80000-7fd2cae84000 ---p 00000000 00:00 0 
7fd2cae84000-7fd2caf81000 rw-p 00000000 00:00 0 
7fd2caf81000-7fd2caf85000 ---p 00000000 00:00 0 
7fd2caf85000-7fd2cb082000 rw-p 00000000 00:00 0 
7fd2cb082000-7fd2cb083000 ---p 00000000 00:00 0 
7fd2cb083000-7fd2cb63a000 rw-p 00000000 00:00 0 
7fd2cb63a000-7fd2cb9fa000 ---p 00000000 00:00 0 
7fd2cb9fa000-7fd2cc000000 rw-p 00000000 00:00 0 
7fd2cc000000-7fd2cc021000 rw-p 00000000 00:00 0 
7fd2cc021000-7fd2d0000000 ---p 00000000 00:00 0 
7fd2d0000000-7fd2d0021000 rw-p 00000000 00:00 0 
7fd2d0021000-7fd2d4000000 ---p 00000000 00:00 0 
7fd2d4000000-7fd2d4021000 rw-p 00000000 00:00 0 
7fd2d4021000-7fd2d8000000 ---p 00000000 00:00 0 
7fd2d8000000-7fd2d8021000 rw-p 00000000 00:00 0 
7fd2d8021000-7fd2dc000000 ---p 00000000 00:00 0 
7fd2dc000000-7fd2dc021000 rw-p 00000000 00:00 0 
7fd2dc021000-7fd2e0000000 ---p 00000000 00:00 0 
7fd2e000c000-7fd2e0e1a000 rw-p 00000000 00:00 0 
7fd2e0e1a000-7fd2e2e1a000 rwxp 00000000 00:00 0 
7fd2e2e1a000-7fd2e3dca000 rw-p 00000000 00:00 0 
7fd2e3dca000-7fd2f282a000 ---p 00000000 00:00 0 
7fd2f282a000-7fd2f37da000 rw-p 00000000 00:00 0 
7fd2f37da000-7fd30223a000 ---p 00000000 00:00 0 
7fd30223a000-7fd302430000 rw-p 00000000 00:00 0 
7fd302430000-7fd30417c000 ---p 00000000 00:00 0 
7fd30417c000-7fd304372000 rw-p 00000000 00:00 0 
7fd304372000-7fd308000000 ---p 00000000 00:00 0 
7fd308000000-7fd308021000 rw-p 00000000 00:00 0 
7fd308021000-7fd30c000000 ---p 00000000 00:00 0 
7fd30c000000-7fd30c021000 rw-p 00000000 00:00 0 
7fd30c021000-7fd310000000 ---p 00000000 00:00 0 
7fd310000000-7fd310021000 rw-p 00000000 00:00 0 
7fd310021000-7fd314000000 ---p 00000000 00:00 0 
7fd314000000-7fd314021000 rw-p 00000000 00:00 0 
7fd314021000-7fd318000000 ---p 00000000 00:00 0 
7fd318000000-7fd318021000 rw-p 00000000 00:00 0 
7fd318021000-7fd31c000000 ---p 00000000 00:00 0 
7fd31c000000-7fd31c021000 rw-p 00000000 00:00 0 
7fd31c021000-7fd320000000 ---p 00000000 00:00 0 
7fd320000000-7fd320021000 rw-p 00000000 00:00 0 
7fd320021000-7fd324000000 ---p 00000000 00:00 0 
7fd324000000-7fd324021000 rw-p 00000000 00:00 0 
7fd324021000-7fd328000000 ---p 00000000 00:00 0 
7fd328000000-7fd328021000 rw-p 00000000 00:00 0 
7fd328021000-7fd32c000000 ---p 00000000 00:00 0 
7fd32c000000-7fd32c021000 rw-p 00000000 00:00 0 
7fd32c021000-7fd330000000 ---p 00000000 00:00 0 
7fd330000000-7fd330021000 rw-p 00000000 00:00 0 
7fd330021000-7fd334000000 ---p 00000000 00:00 0 
7fd334000000-7fd334021000 rw-p 00000000 00:00 0 
7fd334021000-7fd338000000 ---p 00000000 00:00 0 
7fd338000000-7fd338021000 rw-p 00000000 00:00 0 
7fd338021000-7fd33c000000 ---p 00000000 00:00 0 
7fd33c000000-7fd33c021000 rw-p 00000000 00:00 0 
7fd33c021000-7fd340000000 ---p 00000000 00:00 0 
7fd340000000-7fd340021000 rw-p 00000000 00:00 0 
7fd340021000-7fd344000000 ---p 00000000 00:00 0 
7fd344000000-7fd344021000 rw-p 00000000 00:00 0 
7fd344021000-7fd348000000 ---p 00000000 00:00 0 
7fd348000000-7fd348021000 rw-p 00000000 00:00 0 
7fd348021000-7fd34c000000 ---p 00000000 00:00 0 
7fd34c000000-7fd34c021000 rw-p 00000000 00:00 0 
7fd34c021000-7fd350000000 ---p 00000000 00:00 0 
7fd350000000-7fd350021000 rw-p 00000000 00:00 0 
7fd350021000-7fd354000000 ---p 00000000 00:00 0 
7fd354000000-7fd354021000 rw-p 00000000 00:00 0 
7fd354021000-7fd358000000 ---p 00000000 00:00 0 
7fd358000000-7fd358021000 rw-p 00000000 00:00 0 
7fd358021000-7fd35c000000 ---p 00000000 00:00 0 
7fd35c000000-7fd35c021000 rw-p 00000000 00:00 0 
7fd35c021000-7fd360000000 ---p 00000000 00:00 0 
7fd36001a000-7fd36009d000 rw-p 00000000 00:00 0 
7fd36009d000-7fd36009e000 ---p 00000000 00:00 0 
7fd36009e000-7fd36019f000 rw-p 00000000 00:00 0 
7fd36019f000-7fd3601a0000 ---p 00000000 00:00 0 
7fd3601a0000-7fd3602a1000 rw-p 00000000 00:00 0 
7fd3602a1000-7fd3602a2000 ---p 00000000 00:00 0 
7fd3602a2000-7fd3603a3000 rw-p 00000000 00:00 0 
7fd3603a3000-7fd3603a4000 ---p 00000000 00:00 0 
7fd3603a4000-7fd3604a5000 rw-p 00000000 00:00 0 
7fd3604a5000-7fd3604a6000 ---p 00000000 00:00 0 
7fd3604a6000-7fd3605a7000 rw-p 00000000 00:00 0 
7fd3605a7000-7fd3605a8000 ---p 00000000 00:00 0 
7fd3605a8000-7fd360d8a000 rw-p 00000000 00:00 0 
7fd360d8a000-7fd362ad6000 ---p 00000000 00:00 0 
7fd362ad6000-7fd362ad7000 ---p 00000000 00:00 0 
7fd362ad7000-7fd362bd8000 rw-p 00000000 00:00 0 
7fd362bd8000-7fd362bd9000 ---p 00000000 00:00 0 
7fd362bd9000-7fd362cda000 rw-p 00000000 00:00 0 
7fd362cda000-7fd362cdb000 ---p 00000000 00:00 0 
7fd362cdb000-7fd362ddc000 rw-p 00000000 00:00 0 
7fd362ddc000-7fd362ddd000 ---p 00000000 00:00 0 
7fd362ddd000-7fd362ede000 rw-p 00000000 00:00 0 
7fd362ede000-7fd362edf000 ---p 00000000 00:00 0 
7fd362edf000-7fd362fe0000 rw-p 00000000 00:00 0 
7fd362fe0000-7fd362fe1000 ---p 00000000 00:00 0 
7fd362fe1000-7fd3630e2000 rw-p 00000000 00:00 0 
7fd3630e2000-7fd3630e3000 ---p 00000000 00:00 0 
7fd3630e3000-7fd3631e4000 rw-p 00000000 00:00 0 
7fd3631e4000-7fd3631e5000 ---p 00000000 00:00 0 
7fd3631e5000-7fd3632e6000 rw-p 00000000 00:00 0 
7fd3632e6000-7fd3632e7000 ---p 00000000 00:00 0 
7fd3632e7000-7fd3633e8000 rw-p 00000000 00:00 0 
7fd3633e8000-7fd3633e9000 ---p 00000000 00:00 0 
7fd3633e9000-7fd3634ea000 rw-p 00000000 00:00 0 
7fd3634ea000-7fd3634eb000 ---p 00000000 00:00 0 
7fd3634eb000-7fd3635ec000 rw-p 00000000 00:00 0 
7fd3635ec000-7fd3635ed000 ---p 00000000 00:00 0 
7fd3635ed000-7fd3636ee000 rw-p 00000000 00:00 0 
7fd3636ee000-7fd3636ef000 ---p 00000000 00:00 0 
7fd3636ef000-7fd3637f0000 rw-p 00000000 00:00 0 
7fd3637f0000-7fd3637f1000 ---p 00000000 00:00 0 
7fd3637f1000-7fd3638f2000 rw-p 00000000 00:00 0 
7fd3638f2000-7fd3638f3000 ---p 00000000 00:00 0 
7fd3638f3000-7fd3639f4000 rw-p 00000000 00:00 0 
7fd3639f4000-7fd3639f5000 ---p 00000000 00:00 0 
7fd3639f5000-7fd363af6000 rw-p 00000000 00:00 0 
7fd363af6000-7fd363af7000 ---p 00000000 00:00 0 
7fd363af7000-7fd363bf8000 rw-p 00000000 00:00 0 
7fd363bf8000-7fd363bf9000 ---p 00000000 00:00 0 
7fd363bf9000-7fd363cfa000 rw-p 00000000 00:00 0 
7fd363cfa000-7fd363cfb000 ---p 00000000 00:00 0 
7fd363cfb000-7fd363dfc000 rw-p 00000000 00:00 0 
7fd363dfc000-7fd363dfd000 ---p 00000000 00:00 0 
7fd363dfd000-7fd363efe000 rw-p 00000000 00:00 0 
7fd363efe000-7fd363eff000 ---p 00000000 00:00 0 
7fd363eff000-7fd364000000 rw-p 00000000 00:00 0 
7fd364000000-7fd364021000 rw-p 00000000 00:00 0 
7fd364021000-7fd368000000 ---p 00000000 00:00 0 
7fd368000000-7fd368021000 rw-p 00000000 00:00 0 
7fd368021000-7fd36c000000 ---p 00000000 00:00 0 
7fd36c000000-7fd36c021000 rw-p 00000000 00:00 0 
7fd36c021000-7fd370000000 ---p 00000000 00:00 0 
7fd370000000-7fd370021000 rw-p 00000000 00:00 0 
7fd370021000-7fd374000000 ---p 00000000 00:00 0 
7fd374000000-7fd374021000 rw-p 00000000 00:00 0 
7fd374021000-7fd378000000 ---p 00000000 00:00 0 
7fd378000000-7fd378021000 rw-p 00000000 00:00 0 
7fd378021000-7fd37c000000 ---p 00000000 00:00 0 
7fd37c000000-7fd37c021000 rw-p 00000000 00:00 0 
7fd37c021000-7fd380000000 ---p 00000000 00:00 0 
7fd380000000-7fd380021000 rw-p 00000000 00:00 0 
7fd380021000-7fd384000000 ---p 00000000 00:00 0 
7fd384000000-7fd384021000 rw-p 00000000 00:00 0 
7fd384021000-7fd388000000 ---p 00000000 00:00 0 
7fd388000000-7fd388021000 rw-p 00000000 00:00 0 
7fd388021000-7fd38c000000 ---p 00000000 00:00 0 
7fd38c000000-7fd38c021000 rw-p 00000000 00:00 0 
7fd38c021000-7fd390000000 ---p 00000000 00:00 0 
7fd390000000-7fd390021000 rw-p 00000000 00:00 0 
7fd390021000-7fd394000000 ---p 00000000 00:00 0 
7fd394000000-7fd394021000 rw-p 00000000 00:00 0 
7fd394021000-7fd398000000 ---p 00000000 00:00 0 
7fd398000000-7fd398021000 rw-p 00000000 00:00 0 
7fd398021000-7fd39c000000 ---p 00000000 00:00 0 
7fd39c000000-7fd39c021000 rw-p 00000000 00:00 0 
7fd39c021000-7fd3a0000000 ---p 00000000 00:00 0 
7fd3a0000000-7fd3a0021000 rw-p 00000000 00:00 0 
7fd3a0021000-7fd3a4000000 ---p 00000000 00:00 0 
7fd3a4000000-7fd3a4021000 rw-p 00000000 00:00 0 
7fd3a4021000-7fd3a8000000 ---p 00000000 00:00 0 
7fd3a8000000-7fd3a8021000 rw-p 00000000 00:00 0 
7fd3a8021000-7fd3ac000000 ---p 00000000 00:00 0 
7fd3ac000000-7fd3ac021000 rw-p 00000000 00:00 0 
7fd3ac021000-7fd3b0000000 ---p 00000000 00:00 0 
7fd3b0021000-7fd3b1435000 rw-p 00000000 00:00 0 
7fd3b1435000-7fd3b1436000 ---p 00000000 00:00 0 
7fd3b1436000-7fd3b1537000 rw-p 00000000 00:00 0 
7fd3b1537000-7fd3b1538000 ---p 00000000 00:00 0 
7fd3b1538000-7fd3b1639000 rw-p 00000000 00:00 0 
7fd3b1639000-7fd3b163a000 ---p 00000000 00:00 0 
7fd3b163a000-7fd3b173b000 rw-p 00000000 00:00 0 
7fd3b173b000-7fd3b173c000 ---p 00000000 00:00 0 
7fd3b173c000-7fd3b183d000 rw-p 00000000 00:00 0 
7fd3b183d000-7fd3b183e000 ---p 00000000 00:00 0 
7fd3b183e000-7fd3b193f000 rw-p 00000000 00:00 0 
7fd3b193f000-7fd3b1940000 ---p 00000000 00:00 0 
7fd3b1940000-7fd3b1a41000 rw-p 00000000 00:00 0 
7fd3b1a41000-7fd3b1a42000 ---p 00000000 00:00 0 
7fd3b1a42000-7fd3b1b43000 rw-p 00000000 00:00 0 
7fd3b1b43000-7fd3b1e23000 rwxp 00000000 00:00 0 
7fd3b1e23000-7fd3b2281000 ---p 00000000 00:00 0 
7fd3b2281000-7fd3b24f1000 rwxp 00000000 00:00 0 
7fd3b24f1000-7fd3b96e2000 ---p 00000000 00:00 0 
7fd3b96e2000-7fd3b9952000 rwxp 00000000 00:00 0 
7fd3b9952000-7fd3c0b43000 ---p 00000000 00:00 0 
7fd3c0b43000-7fd3cc000000 r--s 00000000 00:65 77077560                   /root/oracle/jdk-9.0.4/lib/modules
7fd3cc000000-7fd3cc40f000 rw-p 00000000 00:00 0 
7fd3cc40f000-7fd3d0000000 ---p 00000000 00:00 0 
7fd3d0009000-7fd3d0087000 rw-p 00000000 00:00 0 
7fd3d0087000-7fd3d0088000 ---p 00000000 00:00 0 
7fd3d0088000-7fd3d0189000 rw-p 00000000 00:00 0 
7fd3d0189000-7fd3d018a000 ---p 00000000 00:00 0 
7fd3d018a000-7fd3d028b000 rw-p 00000000 00:00 0 
7fd3d028b000-7fd3d028c000 ---p 00000000 00:00 0 
7fd3d028c000-7fd3d038d000 rw-p 00000000 00:00 0 
7fd3d038d000-7fd3d038e000 ---p 00000000 00:00 0 
7fd3d038e000-7fd3d048f000 rw-p 00000000 00:00 0 
7fd3d048f000-7fd3d0490000 ---p 00000000 00:00 0 
7fd3d0490000-7fd3d0591000 rw-p 00000000 00:00 0 
7fd3d0591000-7fd3d0592000 ---p 00000000 00:00 0 
7fd3d0592000-7fd3d0693000 rw-p 00000000 00:00 0 
7fd3d0693000-7fd3d0694000 ---p 00000000 00:00 0 
7fd3d0694000-7fd3d0795000 rw-p 00000000 00:00 0 
7fd3d0795000-7fd3d0796000 ---p 00000000 00:00 0 
7fd3d0796000-7fd3d0897000 rw-p 00000000 00:00 0 
7fd3d0897000-7fd3d0898000 ---p 00000000 00:00 0 
7fd3d0898000-7fd3d0999000 rw-p 00000000 00:00 0 
7fd3d0999000-7fd3d099a000 ---p 00000000 00:00 0 
7fd3d099a000-7fd3d0a9b000 rw-p 00000000 00:00 0 
7fd3d0a9b000-7fd3d0a9c000 ---p 00000000 00:00 0 
7fd3d0a9c000-7fd3d0b9d000 rw-p 00000000 00:00 0 
7fd3d0b9d000-7fd3d0b9e000 ---p 00000000 00:00 0 
7fd3d0b9e000-7fd3d0c9f000 rw-p 00000000 00:00 0 
7fd3d0c9f000-7fd3d0ca0000 ---p 00000000 00:00 0 
7fd3d0ca0000-7fd3d0da6000 rw-p 00000000 00:00 0 
7fd3d0da6000-7fd3d0e8a000 ---p 00000000 00:00 0 
7fd3d0e8a000-7fd3d0e8f000 rw-p 00000000 00:00 0 
7fd3d0e8f000-7fd3d0f73000 ---p 00000000 00:00 0 
7fd3d0f73000-7fd3d0f79000 rw-p 00000000 00:00 0 
7fd3d0f79000-7fd3d0f82000 ---p 00000000 00:00 0 
7fd3d0f82000-7fd3d0fd2000 rw-p 00000000 00:00 0 
7fd3d0fd2000-7fd3d11af000 r--s 03e31000 00:65 101727669                  /usr/local/java/jdk1.8.0_301/jre/lib/rt.jar
7fd3d11af000-7fd3d11c9000 r-xp 00000000 00:65 77077435                   /root/oracle/jdk-9.0.4/lib/libjimage.so
7fd3d11c9000-7fd3d13c8000 ---p 0001a000 00:65 77077435                   /root/oracle/jdk-9.0.4/lib/libjimage.so
7fd3d13c8000-7fd3d13ca000 rw-p 00019000 00:65 77077435                   /root/oracle/jdk-9.0.4/lib/libjimage.so
7fd3d13ca000-7fd3d13dc000 rw-p 00000000 00:00 0 
7fd3d13dc000-7fd3d13e3000 r-xp 00000000 00:65 77083131                   /root/oracle/jdk-9.0.4/lib/libzip.so
7fd3d13e3000-7fd3d15e2000 ---p 00007000 00:65 77083131                   /root/oracle/jdk-9.0.4/lib/libzip.so
7fd3d15e2000-7fd3d15e3000 rw-p 00006000 00:65 77083131                   /root/oracle/jdk-9.0.4/lib/libzip.so
7fd3d15e3000-7fd3d15e6000 r--p 00000000 00:65 165034530                  /usr/lib/x86_64-linux-gnu/libnss_files-2.31.so
7fd3d15e6000-7fd3d15ed000 r-xp 00003000 00:65 165034530                  /usr/lib/x86_64-linux-gnu/libnss_files-2.31.so
7fd3d15ed000-7fd3d15ef000 r--p 0000a000 00:65 165034530                  /usr/lib/x86_64-linux-gnu/libnss_files-2.31.so
7fd3d15ef000-7fd3d15f0000 r--p 0000b000 00:65 165034530                  /usr/lib/x86_64-linux-gnu/libnss_files-2.31.so
7fd3d15f0000-7fd3d15f1000 rw-p 0000c000 00:65 165034530                  /usr/lib/x86_64-linux-gnu/libnss_files-2.31.so
7fd3d15f1000-7fd3d15f7000 rw-p 00000000 00:00 0 
7fd3d15ff000-7fd3d1600000 rw-p 00000000 00:00 0 
7fd3d1600000-7fd3d162b000 r-xp 00000000 00:65 77077470                   /root/oracle/jdk-9.0.4/lib/libjava.so
7fd3d162b000-7fd3d182a000 ---p 0002b000 00:65 77077470                   /root/oracle/jdk-9.0.4/lib/libjava.so
7fd3d182a000-7fd3d182c000 rw-p 0002a000 00:65 77077470                   /root/oracle/jdk-9.0.4/lib/libjava.so
7fd3d182c000-7fd3d1839000 r-xp 00000000 00:65 77077494                   /root/oracle/jdk-9.0.4/lib/libverify.so
7fd3d1839000-7fd3d1a38000 ---p 0000d000 00:65 77077494                   /root/oracle/jdk-9.0.4/lib/libverify.so
7fd3d1a38000-7fd3d1a3a000 rw-p 0000c000 00:65 77077494                   /root/oracle/jdk-9.0.4/lib/libverify.so
7fd3d1a3a000-7fd3d1a3d000 r--p 00000000 00:65 165034636                  /usr/lib/x86_64-linux-gnu/librt-2.31.so
7fd3d1a3d000-7fd3d1a41000 r-xp 00003000 00:65 165034636                  /usr/lib/x86_64-linux-gnu/librt-2.31.so
7fd3d1a41000-7fd3d1a42000 r--p 00007000 00:65 165034636                  /usr/lib/x86_64-linux-gnu/librt-2.31.so
7fd3d1a42000-7fd3d1a43000 ---p 00008000 00:65 165034636                  /usr/lib/x86_64-linux-gnu/librt-2.31.so
7fd3d1a43000-7fd3d1a44000 r--p 00008000 00:65 165034636                  /usr/lib/x86_64-linux-gnu/librt-2.31.so
7fd3d1a44000-7fd3d1a45000 rw-p 00009000 00:65 165034636                  /usr/lib/x86_64-linux-gnu/librt-2.31.so
7fd3d1a45000-7fd3d1a46000 ---p 00000000 00:00 0 
7fd3d1a46000-7fd3d1a47000 rw-p 00000000 00:00 0 
7fd3d1a47000-7fd3d1a4b000 ---p 00000000 00:00 0 
7fd3d1a4b000-7fd3d1b46000 rw-p 00000000 00:00 0 
7fd3d1b46000-7fd3d1b55000 r--p 00000000 00:65 165034468                  /usr/lib/x86_64-linux-gnu/libm-2.31.so
7fd3d1b55000-7fd3d1bfc000 r-xp 0000f000 00:65 165034468                  /usr/lib/x86_64-linux-gnu/libm-2.31.so
7fd3d1bfc000-7fd3d1c93000 r--p 000b6000 00:65 165034468                  /usr/lib/x86_64-linux-gnu/libm-2.31.so
7fd3d1c93000-7fd3d1c94000 r--p 0014c000 00:65 165034468                  /usr/lib/x86_64-linux-gnu/libm-2.31.so
7fd3d1c94000-7fd3d1c95000 rw-p 0014d000 00:65 165034468                  /usr/lib/x86_64-linux-gnu/libm-2.31.so
7fd3d1c95000-7fd3d2caa000 r-xp 00000000 00:65 77083135                   /root/oracle/jdk-9.0.4/lib/server/libjvm.so
7fd3d2caa000-7fd3d2ea9000 ---p 01015000 00:65 77083135                   /root/oracle/jdk-9.0.4/lib/server/libjvm.so
7fd3d2ea9000-7fd3d2f7a000 r--p 01014000 00:65 77083135                   /root/oracle/jdk-9.0.4/lib/server/libjvm.so
7fd3d2f7a000-7fd3d2fb1000 rw-p 010e5000 00:65 77083135                   /root/oracle/jdk-9.0.4/lib/server/libjvm.so
7fd3d2fb1000-7fd3d301c000 rw-p 00000000 00:00 0 
7fd3d301c000-7fd3d3041000 r--p 00000000 00:65 165034165                  /usr/lib/x86_64-linux-gnu/libc-2.31.so
7fd3d3041000-7fd3d31b9000 r-xp 00025000 00:65 165034165                  /usr/lib/x86_64-linux-gnu/libc-2.31.so
7fd3d31b9000-7fd3d3203000 r--p 0019d000 00:65 165034165                  /usr/lib/x86_64-linux-gnu/libc-2.31.so
7fd3d3203000-7fd3d3204000 ---p 001e7000 00:65 165034165                  /usr/lib/x86_64-linux-gnu/libc-2.31.so
7fd3d3204000-7fd3d3207000 r--p 001e7000 00:65 165034165                  /usr/lib/x86_64-linux-gnu/libc-2.31.so
7fd3d3207000-7fd3d320a000 rw-p 001ea000 00:65 165034165                  /usr/lib/x86_64-linux-gnu/libc-2.31.so
7fd3d320a000-7fd3d320e000 rw-p 00000000 00:00 0 
7fd3d320e000-7fd3d320f000 r--p 00000000 00:65 165034236                  /usr/lib/x86_64-linux-gnu/libdl-2.31.so
7fd3d320f000-7fd3d3211000 r-xp 00001000 00:65 165034236                  /usr/lib/x86_64-linux-gnu/libdl-2.31.so
7fd3d3211000-7fd3d3212000 r--p 00003000 00:65 165034236                  /usr/lib/x86_64-linux-gnu/libdl-2.31.so
7fd3d3212000-7fd3d3213000 r--p 00003000 00:65 165034236                  /usr/lib/x86_64-linux-gnu/libdl-2.31.so
7fd3d3213000-7fd3d3214000 rw-p 00004000 00:65 165034236                  /usr/lib/x86_64-linux-gnu/libdl-2.31.so
7fd3d3214000-7fd3d3222000 r-xp 00000000 00:65 77083142                   /root/oracle/jdk-9.0.4/lib/jli/libjli.so
7fd3d3222000-7fd3d3422000 ---p 0000e000 00:65 77083142                   /root/oracle/jdk-9.0.4/lib/jli/libjli.so
7fd3d3422000-7fd3d3423000 rw-p 0000e000 00:65 77083142                   /root/oracle/jdk-9.0.4/lib/jli/libjli.so
7fd3d3423000-7fd3d342a000 r--p 00000000 00:65 165034610                  /usr/lib/x86_64-linux-gnu/libpthread-2.31.so
7fd3d342a000-7fd3d343b000 r-xp 00007000 00:65 165034610                  /usr/lib/x86_64-linux-gnu/libpthread-2.31.so
7fd3d343b000-7fd3d3440000 r--p 00018000 00:65 165034610                  /usr/lib/x86_64-linux-gnu/libpthread-2.31.so
7fd3d3440000-7fd3d3441000 r--p 0001c000 00:65 165034610                  /usr/lib/x86_64-linux-gnu/libpthread-2.31.so
7fd3d3441000-7fd3d3442000 rw-p 0001d000 00:65 165034610                  /usr/lib/x86_64-linux-gnu/libpthread-2.31.so
7fd3d3442000-7fd3d3446000 rw-p 00000000 00:00 0 
7fd3d3446000-7fd3d3448000 r--p 00000000 00:65 165034796                  /usr/lib/x86_64-linux-gnu/libz.so.1.2.11
7fd3d3448000-7fd3d3459000 r-xp 00002000 00:65 165034796                  /usr/lib/x86_64-linux-gnu/libz.so.1.2.11
7fd3d3459000-7fd3d345f000 r--p 00013000 00:65 165034796                  /usr/lib/x86_64-linux-gnu/libz.so.1.2.11
7fd3d345f000-7fd3d3460000 ---p 00019000 00:65 165034796                  /usr/lib/x86_64-linux-gnu/libz.so.1.2.11
7fd3d3460000-7fd3d3461000 r--p 00019000 00:65 165034796                  /usr/lib/x86_64-linux-gnu/libz.so.1.2.11
7fd3d3461000-7fd3d3462000 rw-p 0001a000 00:65 165034796                  /usr/lib/x86_64-linux-gnu/libz.so.1.2.11
7fd3d3462000-7fd3d346a000 rw-s 00000000 00:65 71965686                   /tmp/hsperfdata_root/28737
7fd3d346a000-7fd3d346d000 rw-p 00000000 00:00 0 
7fd3d346d000-7fd3d346e000 r--p 00000000 00:65 165033992                  /usr/lib/x86_64-linux-gnu/ld-2.31.so
7fd3d346e000-7fd3d3491000 r-xp 00001000 00:65 165033992                  /usr/lib/x86_64-linux-gnu/ld-2.31.so
7fd3d3491000-7fd3d3499000 r--p 00024000 00:65 165033992                  /usr/lib/x86_64-linux-gnu/ld-2.31.so
7fd3d3499000-7fd3d349a000 r--p 00000000 00:00 0 
7fd3d349a000-7fd3d349b000 r--p 0002c000 00:65 165033992                  /usr/lib/x86_64-linux-gnu/ld-2.31.so
7fd3d349b000-7fd3d349c000 rw-p 0002d000 00:65 165033992                  /usr/lib/x86_64-linux-gnu/ld-2.31.so
7fd3d349c000-7fd3d349d000 rw-p 00000000 00:00 0 
7fff7e44c000-7fff7e46d000 rw-p 00000000 00:00 0                          [stack]
7fff7e564000-7fff7e567000 r--p 00000000 00:00 0                          [vvar]
7fff7e567000-7fff7e568000 r-xp 00000000 00:00 0                          [vdso]
ffffffffff600000-ffffffffff601000 --xp 00000000 00:00 0                  [vsyscall]

VM Arguments:
jvm_args: -Xbootclasspath/a:/usr/local/java/jdk1.8.0_301/jre/lib/rt.jar -Xverify:none 
java_command: org.eclipse.core.runtime.adaptor.EclipseStarter -debug
java_class_path (initial): ./sootOutput/eclipse/
Launcher Type: SUN_STANDARD

Logging:
Log output configuration:
#0: stdout all=warning uptime,level,tags
#1: stderr all=off uptime,level,tags

Environment Variables:
JAVA_HOME=/root/oracle/jdk-9.0.4
JRE_HOME=/root/oracle/jdk-9.0.4
CLASSPATH=.:/root/oracle/jdk-9.0.4/lib:/JVMfuzzing/htm/CFSynthesis/resource/commons-lang3-3.12.0/commons-lang3-3.12.0.jar
PATH=/root/oracle/jdk-9.0.4/bin:/root/.vscode-server/bin/da76f93349a72022ca4670c1b84860304616aaa2/bin/remote-cli:/root/oracle/jdk-9.0.4/bin:/usr/local/sbin:/usr/local/bin:/usr/sbin:/usr/bin:/sbin:/bin:/usr/games:/usr/local/games:/snap/bin
SHELL=/bin/bash

Signal Handlers:
SIGSEGV: [libjvm.so+0xd4d370], sa_mask[0]=11111111011111111101111111111110, sa_flags=SA_RESTART|SA_SIGINFO
SIGBUS: [libjvm.so+0xd4d370], sa_mask[0]=11111111011111111101111111111110, sa_flags=SA_RESTART|SA_SIGINFO
SIGFPE: [libjvm.so+0xd4d370], sa_mask[0]=11111111011111111101111111111110, sa_flags=SA_RESTART|SA_SIGINFO
SIGPIPE: [libjvm.so+0xb64780], sa_mask[0]=11111111011111111101111111111110, sa_flags=SA_RESTART|SA_SIGINFO
SIGXFSZ: [libjvm.so+0xb64780], sa_mask[0]=11111111011111111101111111111110, sa_flags=SA_RESTART|SA_SIGINFO
SIGILL: [libjvm.so+0xd4d370], sa_mask[0]=11111111011111111101111111111110, sa_flags=SA_RESTART|SA_SIGINFO
SIGUSR2: [libjvm.so+0xb64640], sa_mask[0]=00100000000000000000000000000000, sa_flags=SA_RESTART|SA_SIGINFO
SIGHUP: [libjvm.so+0xb64850], sa_mask[0]=11111111011111111101111111111110, sa_flags=SA_RESTART|SA_SIGINFO
SIGINT: [libjvm.so+0xb64850], sa_mask[0]=11111111011111111101111111111110, sa_flags=SA_RESTART|SA_SIGINFO
SIGTERM: [libjvm.so+0xb64850], sa_mask[0]=11111111011111111101111111111110, sa_flags=SA_RESTART|SA_SIGINFO
SIGQUIT: [libjvm.so+0xb64850], sa_mask[0]=11111111011111111101111111111110, sa_flags=SA_RESTART|SA_SIGINFO


---------------  S Y S T E M  ---------------

OS:DISTRIB_ID=Ubuntu
DISTRIB_RELEASE=20.04
DISTRIB_CODENAME=focal
DISTRIB_DESCRIPTION="Ubuntu 20.04.3 LTS"
uname:Linux 5.4.0-124-generic #140~18.04.1-Ubuntu SMP Fri Aug 5 11:43:34 UTC 2022 x86_64
libc:glibc 2.31 NPTL 2.31 
rlimit: STACK 8192k, CORE infinity, NPROC infinity, NOFILE 1048576, AS infinity
load average:39.52 40.47 39.38

/proc/meminfo:
MemTotal:       65549624 kB
MemFree:         5787784 kB
MemAvailable:   32854888 kB
Buffers:         5872836 kB
Cached:          3686888 kB
SwapCached:         8092 kB
Active:         33113404 kB
Inactive:        6453172 kB
Active(anon):   26009448 kB
Inactive(anon):  4018444 kB
Active(file):    7103956 kB
Inactive(file):  2434728 kB
Unevictable:          16 kB
Mlocked:              16 kB
SwapTotal:       2097148 kB
SwapFree:              0 kB
Dirty:             35344 kB
Writeback:             0 kB
AnonPages:      29998644 kB
Mapped:           837352 kB
Shmem:             25608 kB
KReclaimable:   18260344 kB
Slab:           19429820 kB
SReclaimable:   18260344 kB
SUnreclaim:      1169476 kB
KernelStack:       79256 kB
PageTables:       241984 kB
NFS_Unstable:          0 kB
Bounce:                0 kB
WritebackTmp:          0 kB
CommitLimit:    34871960 kB
Committed_AS:   86257944 kB
VmallocTotal:   34359738367 kB
VmallocUsed:      162048 kB
VmallocChunk:          0 kB
Percpu:            32512 kB
HardwareCorrupted:     0 kB
AnonHugePages:         0 kB
ShmemHugePages:        0 kB
ShmemPmdMapped:        0 kB
FileHugePages:         0 kB
FilePmdMapped:         0 kB
CmaTotal:              0 kB
CmaFree:               0 kB
HugePages_Total:       0
HugePages_Free:        0
HugePages_Rsvd:        0
HugePages_Surp:        0
Hugepagesize:       2048 kB
Hugetlb:               0 kB
DirectMap4k:    15497632 kB
DirectMap2M:    51298304 kB
DirectMap1G:           0 kB


CPU:total 28 (initial active 28) (14 cores per cpu, 2 threads per core) family 6 model 85 stepping 4, cmov, cx8, fxsr, mmx, sse, sse2, sse3, ssse3, sse4.1, sse4.2, popcnt, avx, avx2, aes, clmul, erms, rtm, 3dnowpref, lzcnt, ht, tsc, tscinvbit, bmi1, bmi2, adx, fma
CPU Model and flags from /proc/cpuinfo:
model name	: Intel(R) Core(TM) i9-9940X CPU @ 3.30GHz
flags		: fpu vme de pse tsc msr pae mce cx8 apic sep mtrr pge mca cmov pat pse36 clflush dts acpi mmx fxsr sse sse2 ss ht tm pbe syscall nx pdpe1gb rdtscp lm constant_tsc art arch_perfmon pebs bts rep_good nopl xtopology nonstop_tsc cpuid aperfmperf pni pclmulqdq dtes64 monitor ds_cpl vmx est tm2 ssse3 sdbg fma cx16 xtpr pdcm pcid dca sse4_1 sse4_2 x2apic movbe popcnt tsc_deadline_timer aes xsave avx f16c rdrand lahf_lm abm 3dnowprefetch cpuid_fault epb cat_l3 cdp_l3 invpcid_single pti ssbd mba ibrs ibpb stibp tpr_shadow vnmi flexpriority ept vpid ept_ad fsgsbase tsc_adjust bmi1 hle avx2 smep bmi2 erms invpcid rtm cqm mpx rdt_a avx512f avx512dq rdseed adx smap clflushopt clwb intel_pt avx512cd avx512bw avx512vl xsaveopt xsavec xgetbv1 xsaves cqm_llc cqm_occup_llc cqm_mbm_total cqm_mbm_local dtherm ida arat pln pts hwp hwp_act_window hwp_epp hwp_pkg_req md_clear flush_l1d arch_capabilities

Memory: 4k page, physical 65549624k(5787784k free), swap 2097148k(0k free)

vm_info: Java HotSpot(TM) 64-Bit Server VM (9.0.4+11) for linux-amd64 JRE (9.0.4+11), built on Dec 19 2017 18:12:19 by "mach5one" with gcc 4.9.2

END.
