#
# A fatal error has been detected by the Java Runtime Environment:
#
#  SIGSEGV (0xb) at pc=0x00007fb1ca0c4b2c, pid=28237, tid=28308
#
# JRE version: Java(TM) SE Runtime Environment (9.0+11) (build 9.0.4+11)
# Java VM: Java HotSpot(TM) 64-Bit Server VM (9.0.4+11, mixed mode, tiered, compressed oops, g1 gc, linux-amd64)
# Problematic frame:
# V  [libjvm.so+0x48eb2c]  Canonicalizer::do_If(If*)+0x1c
#
# Core dump will be written. Default location: Core dumps may be processed with "/usr/share/apport/apport -p%p -s%s -c%c -d%d -P%P -u%u -g%g -- %E" (or dumping to /JVMfuzzing/zjy/classming/Fuzzing-Testing-of-JVM-Implementations/core.28237)
#
# If you would like to submit a bug report, please visit:
#   http://bugreport.java.com/bugreport/crash.jsp
#

---------------  S U M M A R Y ------------

Command Line: -Xbootclasspath/a:/usr/local/java/jdk1.8.0_301/jre/lib/rt.jar -Xverify:none org.eclipse.core.runtime.adaptor.EclipseStarter -debug

Host: Intel(R) Core(TM) i9-9940X CPU @ 3.30GHz, 28 cores, 62G, Ubuntu 20.04.3 LTS
Time: Thu Nov  3 09:01:17 2022 UTC elapsed time: 0 seconds (0d 0h 0m 0s)

---------------  T H R E A D  ---------------

Current thread (0x00007fb1c42bb800):  JavaThread "C1 CompilerThread8" daemon [_thread_in_native, id=28308, stack(0x00007fb0c241b000,0x00007fb0c251c000)]


Current CompileTask:
C1:    637  254 %     3       org.eclipse.core.runtime.adaptor.EclipseStarter::main @ 1112 (1423 bytes)

Stack: [0x00007fb0c241b000,0x00007fb0c251c000],  sp=0x00007fb0c251a0c0,  free space=1020k
Native frames: (J=compiled Java code, A=aot compiled Java code, j=interpreted, Vv=VM code, C=native code)
V  [libjvm.so+0x48eb2c]  Canonicalizer::do_If(If*)+0x1c
V  [libjvm.so+0x4a0452]  GraphBuilder::append_with_bci(Instruction*, int)+0x42
V  [libjvm.so+0x4a3526]  GraphBuilder::if_node(Instruction*, Instruction::Condition, Instruction*, ValueStack*)+0x2a6
V  [libjvm.so+0x4b1873]  GraphBuilder::iterate_bytecodes_for_block(int)+0x1e83
V  [libjvm.so+0x4b1ad5]  GraphBuilder::iterate_all_blocks(bool)+0x85
V  [libjvm.so+0x4b1ec9]  GraphBuilder::GraphBuilder(Compilation*, IRScope*)+0x389
V  [libjvm.so+0x4b70a8]  IR::IR(Compilation*, ciMethod*, int)+0x1e8
V  [libjvm.so+0x497832]  Compilation::build_hir() [clone .part.93]+0x162
V  [libjvm.so+0x499633]  Compilation::compile_java_method()+0x3c3
V  [libjvm.so+0x4997af]  Compilation::compile_method()+0x12f
V  [libjvm.so+0x499c31]  Compilation::Compilation(AbstractCompiler*, ciEnv*, ciMethod*, int, BufferBlob*, DirectiveSet*)+0x271
V  [libjvm.so+0x49ac1e]  Compiler::compile_method(ciEnv*, ciMethod*, int, DirectiveSet*)+0xae
V  [libjvm.so+0x6125ac]  CompileBroker::invoke_compiler_on_method(CompileTask*)+0x41c
V  [libjvm.so+0x61344b]  CompileBroker::compiler_thread_loop()+0x28b
V  [libjvm.so+0xcef338]  JavaThread::thread_main_inner()+0xd8
V  [libjvm.so+0xb6e132]  thread_native_entry(Thread*)+0xf2
C  [libpthread.so.0+0x9609]  start_thread+0xd9


siginfo: si_signo: 11 (SIGSEGV), si_code: 1 (SEGV_MAPERR), si_addr: 0x0000000000000018

Register to memory mapping:

RAX=0x0000000000000000 is an unknown value
RBX=0x00007fb0900cf7f0 is an unknown value
RCX=0x00007fb0c251a800 is pointing into the stack for thread: 0x00007fb1c42bb800
RDX=0x00007fb0900cf7f0 is an unknown value
RSP=0x00007fb0c251a0c0 is pointing into the stack for thread: 0x00007fb1c42bb800
RBP=0x00007fb0c251a130 is pointing into the stack for thread: 0x00007fb1c42bb800
RSI=0x00007fb0900cf7f0 is an unknown value
RDI=0x00007fb0c251a160 is pointing into the stack for thread: 0x00007fb1c42bb800
R8 =0x00007fb0900cf530 is an unknown value
R9 =0x0000000000000035 is an unknown value
R10=0x0800000000000000 is an unknown value
R11=0x0000000000000000 is an unknown value
R12=0x00007fb0900cf890 is an unknown value
R13=0x00007fb0c251a460 is pointing into the stack for thread: 0x00007fb1c42bb800
R14=0x00007fb0900cf7f0 is an unknown value
R15=0x00007fb0900cf890 is an unknown value


Registers:
RAX=0x0000000000000000, RBX=0x00007fb0900cf7f0, RCX=0x00007fb0c251a800, RDX=0x00007fb0900cf7f0
RSP=0x00007fb0c251a0c0, RBP=0x00007fb0c251a130, RSI=0x00007fb0900cf7f0, RDI=0x00007fb0c251a160
R8 =0x00007fb0900cf530, R9 =0x0000000000000035, R10=0x0800000000000000, R11=0x0000000000000000
R12=0x00007fb0900cf890, R13=0x00007fb0c251a460, R14=0x00007fb0900cf7f0, R15=0x00007fb0900cf890
RIP=0x00007fb1ca0c4b2c, EFLAGS=0x0000000000010206, CSGSFS=0x002b000000000033, ERR=0x0000000000000004
  TRAPNO=0x000000000000000e

Top of Stack: (sp=0x00007fb0c251a0c0)
0x00007fb0c251a0c0:   00000001c251a130 00007fb08c03f9e0
0x00007fb0c251a0d0:   00007fb0980c9060 0000000000000000
0x00007fb0c251a0e0:   00007fb0c251a110 00007fb1ca0f1598
0x00007fb0c251a0f0:   00007fb0a400d200 00007fb0c251a160 

Instructions: (pc=0x00007fb1ca0c4b2c)
0x00007fb1ca0c4b0c:   ff 90 66 90 55 48 89 e5 41 57 41 56 41 55 41 54
0x00007fb1ca0c4b1c:   53 48 89 f3 48 83 ec 48 48 8b 46 70 48 89 7d c8
0x00007fb1ca0c4b2c:   48 8b 78 18 48 8b 07 ff 50 18 84 c0 0f 85 a2 00
0x00007fb1ca0c4b3c:   00 00 4c 8b 63 70 48 8b 83 80 00 00 00 49 39 c4 


---------------  P R O C E S S  ---------------

Java Threads: ( => current thread )
  0x00007fb1c4368800 JavaThread "Service Thread" daemon [_thread_blocked, id=28322, stack(0x00007fb0c19bc000,0x00007fb0c1abd000)]
  0x00007fb1c42d1800 JavaThread "Common-Cleaner" daemon [_thread_blocked, id=28321, stack(0x00007fb0c1abd000,0x00007fb0c1bbe000)]
  0x00007fb1c42c2800 JavaThread "Sweeper thread" daemon [_thread_blocked, id=28320, stack(0x00007fb0c2017000,0x00007fb0c2118000)]
  0x00007fb1c42c1000 JavaThread "C1 CompilerThread11" daemon [_thread_blocked, id=28319, stack(0x00007fb0c2118000,0x00007fb0c2219000)]
  0x00007fb1c42bf000 JavaThread "C1 CompilerThread10" daemon [_thread_blocked, id=28318, stack(0x00007fb0c2219000,0x00007fb0c231a000)]
  0x00007fb1c42bd800 JavaThread "C1 CompilerThread9" daemon [_thread_blocked, id=28310, stack(0x00007fb0c231a000,0x00007fb0c241b000)]
=>0x00007fb1c42bb800 JavaThread "C1 CompilerThread8" daemon [_thread_in_native, id=28308, stack(0x00007fb0c241b000,0x00007fb0c251c000)]
  0x00007fb1c42b9800 JavaThread "C2 CompilerThread7" daemon [_thread_blocked, id=28307, stack(0x00007fb0c251c000,0x00007fb0c261d000)]
  0x00007fb1c42b7800 JavaThread "C2 CompilerThread6" daemon [_thread_blocked, id=28304, stack(0x00007fb0c261d000,0x00007fb0c271e000)]
  0x00007fb1c42b6000 JavaThread "C2 CompilerThread5" daemon [_thread_blocked, id=28303, stack(0x00007fb0c271e000,0x00007fb0c281f000)]
  0x00007fb1c42b4000 JavaThread "C2 CompilerThread4" daemon [_thread_blocked, id=28300, stack(0x00007fb0c281f000,0x00007fb0c2920000)]
  0x00007fb1c42b2800 JavaThread "C2 CompilerThread3" daemon [_thread_blocked, id=28299, stack(0x00007fb0c2920000,0x00007fb0c2a21000)]
  0x00007fb1c42b0800 JavaThread "C2 CompilerThread2" daemon [_thread_blocked, id=28298, stack(0x00007fb0c2a21000,0x00007fb0c2b22000)]
  0x00007fb1c42af000 JavaThread "C2 CompilerThread1" daemon [_thread_blocked, id=28297, stack(0x00007fb0c2b22000,0x00007fb0c2c23000)]
  0x00007fb1c42ad000 JavaThread "C2 CompilerThread0" daemon [_thread_blocked, id=28296, stack(0x00007fb0c2c23000,0x00007fb0c2d24000)]
  0x00007fb1c42ab000 JavaThread "Signal Dispatcher" daemon [_thread_blocked, id=28295, stack(0x00007fb0c2d24000,0x00007fb0c2e25000)]
  0x00007fb1c4291000 JavaThread "Finalizer" daemon [_thread_blocked, id=28294, stack(0x00007fb0c2e25000,0x00007fb0c2f26000)]
  0x00007fb1c4288800 JavaThread "Reference Handler" daemon [_thread_blocked, id=28293, stack(0x00007fb0c2f26000,0x00007fb0c3027000)]
  0x00007fb1c4011800 JavaThread "main" [_thread_in_Java, id=28238, stack(0x00007fb1c99e8000,0x00007fb1c9ae7000)]

Other Threads:
  0x00007fb1c4281000 VMThread "VM Thread" [stack: 0x00007fb0c3029000,0x00007fb0c3129000] [id=28292]
  0x00007fb1c436b000 WatcherThread [stack: 0x00007fb0c18bc000,0x00007fb0c19bc000] [id=28323]
  0x00007fb1c4034000 GCTaskThread "GC Thread#0" [stack: 0x00007fb1c8c42000,0x00007fb1c8d42000] [id=28240]
  0x00007fb1c4035800 GCTaskThread "GC Thread#1" [stack: 0x00007fb1c8b40000,0x00007fb1c8c40000] [id=28241]
  0x00007fb1c4037000 GCTaskThread "GC Thread#2" [stack: 0x00007fb1c8a3e000,0x00007fb1c8b3e000] [id=28242]
  0x00007fb1c4039000 GCTaskThread "GC Thread#3" [stack: 0x00007fb1c893c000,0x00007fb1c8a3c000] [id=28243]
  0x00007fb1c403a800 GCTaskThread "GC Thread#4" [stack: 0x00007fb1c883a000,0x00007fb1c893a000] [id=28244]
  0x00007fb1c403c800 GCTaskThread "GC Thread#5" [stack: 0x00007fb1c8738000,0x00007fb1c8838000] [id=28245]
  0x00007fb1c403e000 GCTaskThread "GC Thread#6" [stack: 0x00007fb1c8636000,0x00007fb1c8736000] [id=28246]
  0x00007fb1c403f800 GCTaskThread "GC Thread#7" [stack: 0x00007fb1c8534000,0x00007fb1c8634000] [id=28247]
  0x00007fb1c4041800 GCTaskThread "GC Thread#8" [stack: 0x00007fb1c8432000,0x00007fb1c8532000] [id=28248]
  0x00007fb1c4043000 GCTaskThread "GC Thread#9" [stack: 0x00007fb1c8330000,0x00007fb1c8430000] [id=28249]
  0x00007fb1c4045000 GCTaskThread "GC Thread#10" [stack: 0x00007fb1c822e000,0x00007fb1c832e000] [id=28250]
  0x00007fb1c4046800 GCTaskThread "GC Thread#11" [stack: 0x00007fb1c812c000,0x00007fb1c822c000] [id=28251]
  0x00007fb1c4048800 GCTaskThread "GC Thread#12" [stack: 0x00007fb1c802a000,0x00007fb1c812a000] [id=28252]
  0x00007fb1c404a000 GCTaskThread "GC Thread#13" [stack: 0x00007fb1a9a43000,0x00007fb1a9b43000] [id=28254]
  0x00007fb1c404c000 GCTaskThread "GC Thread#14" [stack: 0x00007fb1a9941000,0x00007fb1a9a41000] [id=28256]
  0x00007fb1c404d800 GCTaskThread "GC Thread#15" [stack: 0x00007fb1a983f000,0x00007fb1a993f000] [id=28257]
  0x00007fb1c404f800 GCTaskThread "GC Thread#16" [stack: 0x00007fb1a973d000,0x00007fb1a983d000] [id=28259]
  0x00007fb1c4051000 GCTaskThread "GC Thread#17" [stack: 0x00007fb1a963b000,0x00007fb1a973b000] [id=28260]
  0x00007fb1c4052800 GCTaskThread "GC Thread#18" [stack: 0x00007fb1a9539000,0x00007fb1a9639000] [id=28262]
  0x00007fb1c4054800 GCTaskThread "GC Thread#19" [stack: 0x00007fb1a9437000,0x00007fb1a9537000] [id=28263]
  0x00007fb1c409f800 ConcurrentGCThread "G1 Main Marker" [stack: 0x00007fb15852b000,0x00007fb15862b000] [id=28286]
  0x00007fb1c40a1000 ConcurrentGCThread "G1 Marker#0" [stack: 0x00007fb158429000,0x00007fb158529000] [id=28287]
  0x00007fb1c40a3000 ConcurrentGCThread "G1 Marker#1" [stack: 0x00007fb158327000,0x00007fb158427000] [id=28288]
  0x00007fb1c40a4800 ConcurrentGCThread "G1 Marker#2" [stack: 0x00007fb158225000,0x00007fb158325000] [id=28289]
  0x00007fb1c40a6800 ConcurrentGCThread "G1 Marker#3" [stack: 0x00007fb158123000,0x00007fb158223000] [id=28290]
  0x00007fb1c40a8000 ConcurrentGCThread "G1 Marker#4" [stack: 0x00007fb158021000,0x00007fb158121000] [id=28291]
  0x00007fb1c4079000 ConcurrentGCThread "G1 Refine#0" [stack: 0x00007fb15abda000,0x00007fb15acda000] [id=28284]
  0x00007fb1c4077000 ConcurrentGCThread "G1 Refine#1" [stack: 0x00007fb15acdc000,0x00007fb15addc000] [id=28283]
  0x00007fb1c4075000 ConcurrentGCThread "G1 Refine#2" [stack: 0x00007fb15adde000,0x00007fb15aede000] [id=28282]
  0x00007fb1c4073800 ConcurrentGCThread "G1 Refine#3" [stack: 0x00007fb15aee0000,0x00007fb15afe0000] [id=28281]
  0x00007fb1c4071800 ConcurrentGCThread "G1 Refine#4" [stack: 0x00007fb15afe2000,0x00007fb15b0e2000] [id=28280]
  0x00007fb1c4070000 ConcurrentGCThread "G1 Refine#5" [stack: 0x00007fb15b0e4000,0x00007fb15b1e4000] [id=28279]
  0x00007fb1c406e000 ConcurrentGCThread "G1 Refine#6" [stack: 0x00007fb15b1e6000,0x00007fb15b2e6000] [id=28278]
  0x00007fb1c406c800 ConcurrentGCThread "G1 Refine#7" [stack: 0x00007fb15b2e8000,0x00007fb15b3e8000] [id=28277]
  0x00007fb1c406a800 ConcurrentGCThread "G1 Refine#8" [stack: 0x00007fb15b3ea000,0x00007fb15b4ea000] [id=28276]
  0x00007fb1c4069000 ConcurrentGCThread "G1 Refine#9" [stack: 0x00007fb15b4ec000,0x00007fb15b5ec000] [id=28275]
  0x00007fb1c4067000 ConcurrentGCThread "G1 Refine#10" [stack: 0x00007fb15b5ee000,0x00007fb15b6ee000] [id=28274]
  0x00007fb1c4065000 ConcurrentGCThread "G1 Refine#11" [stack: 0x00007fb15b6f0000,0x00007fb15b7f0000] [id=28273]
  0x00007fb1c4063800 ConcurrentGCThread "G1 Refine#12" [stack: 0x00007fb15b7f2000,0x00007fb15b8f2000] [id=28272]
  0x00007fb1c4061800 ConcurrentGCThread "G1 Refine#13" [stack: 0x00007fb15b8f4000,0x00007fb15b9f4000] [id=28271]
  0x00007fb1c4060000 ConcurrentGCThread "G1 Refine#14" [stack: 0x00007fb15b9f6000,0x00007fb15baf6000] [id=28270]
  0x00007fb1c405e000 ConcurrentGCThread "G1 Refine#15" [stack: 0x00007fb15baf8000,0x00007fb15bbf8000] [id=28269]
  0x00007fb1c405c800 ConcurrentGCThread "G1 Refine#16" [stack: 0x00007fb15bbfa000,0x00007fb15bcfa000] [id=28268]
  0x00007fb1c405a800 ConcurrentGCThread "G1 Refine#17" [stack: 0x00007fb15bcfc000,0x00007fb15bdfc000] [id=28267]
  0x00007fb1c4059000 ConcurrentGCThread "G1 Refine#18" [stack: 0x00007fb15bdfe000,0x00007fb15befe000] [id=28266]
  0x00007fb1c4057000 ConcurrentGCThread "G1 Refine#19" [stack: 0x00007fb15bf00000,0x00007fb15c000000] [id=28264]
  0x00007fb1c407a800 ConcurrentGCThread "G1 Young RemSet Sampling" [stack: 0x00007fb15aad8000,0x00007fb15abd8000] [id=28285]

Threads with active compile tasks:
C1 CompilerThread8 254 %     3       org.eclipse.core.runtime.adaptor.EclipseStarter::main @ 1112 (1423 bytes)

VM state:not at safepoint (normal execution)

VM Mutex/Monitor currently owned by a thread: None

Heap address: 0x00000003d7c00000, size: 16004 MB, Compressed Oops mode: Zero based, Oop shift amount: 3
Narrow klass base: 0x0000000000000000, Narrow klass shift: 3
Compressed class space size: 1073741824 Address: 0x00000007c0000000

Heap:
 garbage-first heap   total 1028096K, used 8192K [0x00000003d7c00000, 0x00000003d80007d8, 0x00000007c0000000)
  region size 4096K, 3 young (12288K), 0 survivors (0K)
 Metaspace       used 4286K, capacity 4614K, committed 4864K, reserved 1056768K
  class space    used 355K, capacity 386K, committed 512K, reserved 1048576K
Heap Regions: E=young(eden), S=young(survivor), O=old, HS=humongous(starts), HC=humongous(continues), CS=collection set, F=free, A=archive, TS=gc time stamp, AC=allocation context, TAMS=top-at-mark-start (previous, next)
|   0|0x00000003d7c00000, 0x00000003d7c00000, 0x00000003d8000000|  0%| F|  |TS  0|AC  0|TAMS 0x00000003d7c00000, 0x00000003d7c00000|
|   1|0x00000003d8000000, 0x00000003d8000000, 0x00000003d8400000|  0%| F|  |TS  0|AC  0|TAMS 0x00000003d8000000, 0x00000003d8000000|
|   2|0x00000003d8400000, 0x00000003d8400000, 0x00000003d8800000|  0%| F|  |TS  0|AC  0|TAMS 0x00000003d8400000, 0x00000003d8400000|
|   3|0x00000003d8800000, 0x00000003d8800000, 0x00000003d8c00000|  0%| F|  |TS  0|AC  0|TAMS 0x00000003d8800000, 0x00000003d8800000|
|   4|0x00000003d8c00000, 0x00000003d8c00000, 0x00000003d9000000|  0%| F|  |TS  0|AC  0|TAMS 0x00000003d8c00000, 0x00000003d8c00000|
|   5|0x00000003d9000000, 0x00000003d9000000, 0x00000003d9400000|  0%| F|  |TS  0|AC  0|TAMS 0x00000003d9000000, 0x00000003d9000000|
|   6|0x00000003d9400000, 0x00000003d9400000, 0x00000003d9800000|  0%| F|  |TS  0|AC  0|TAMS 0x00000003d9400000, 0x00000003d9400000|
|   7|0x00000003d9800000, 0x00000003d9800000, 0x00000003d9c00000|  0%| F|  |TS  0|AC  0|TAMS 0x00000003d9800000, 0x00000003d9800000|
|   8|0x00000003d9c00000, 0x00000003d9c00000, 0x00000003da000000|  0%| F|  |TS  0|AC  0|TAMS 0x00000003d9c00000, 0x00000003d9c00000|
|   9|0x00000003da000000, 0x00000003da000000, 0x00000003da400000|  0%| F|  |TS  0|AC  0|TAMS 0x00000003da000000, 0x00000003da000000|
|  10|0x00000003da400000, 0x00000003da400000, 0x00000003da800000|  0%| F|  |TS  0|AC  0|TAMS 0x00000003da400000, 0x00000003da400000|
|  11|0x00000003da800000, 0x00000003da800000, 0x00000003dac00000|  0%| F|  |TS  0|AC  0|TAMS 0x00000003da800000, 0x00000003da800000|
|  12|0x00000003dac00000, 0x00000003dac00000, 0x00000003db000000|  0%| F|  |TS  0|AC  0|TAMS 0x00000003dac00000, 0x00000003dac00000|
|  13|0x00000003db000000, 0x00000003db000000, 0x00000003db400000|  0%| F|  |TS  0|AC  0|TAMS 0x00000003db000000, 0x00000003db000000|
|  14|0x00000003db400000, 0x00000003db400000, 0x00000003db800000|  0%| F|  |TS  0|AC  0|TAMS 0x00000003db400000, 0x00000003db400000|
|  15|0x00000003db800000, 0x00000003db800000, 0x00000003dbc00000|  0%| F|  |TS  0|AC  0|TAMS 0x00000003db800000, 0x00000003db800000|
|  16|0x00000003dbc00000, 0x00000003dbc00000, 0x00000003dc000000|  0%| F|  |TS  0|AC  0|TAMS 0x00000003dbc00000, 0x00000003dbc00000|
|  17|0x00000003dc000000, 0x00000003dc000000, 0x00000003dc400000|  0%| F|  |TS  0|AC  0|TAMS 0x00000003dc000000, 0x00000003dc000000|
|  18|0x00000003dc400000, 0x00000003dc400000, 0x00000003dc800000|  0%| F|  |TS  0|AC  0|TAMS 0x00000003dc400000, 0x00000003dc400000|
|  19|0x00000003dc800000, 0x00000003dc800000, 0x00000003dcc00000|  0%| F|  |TS  0|AC  0|TAMS 0x00000003dc800000, 0x00000003dc800000|
|  20|0x00000003dcc00000, 0x00000003dcc00000, 0x00000003dd000000|  0%| F|  |TS  0|AC  0|TAMS 0x00000003dcc00000, 0x00000003dcc00000|
|  21|0x00000003dd000000, 0x00000003dd000000, 0x00000003dd400000|  0%| F|  |TS  0|AC  0|TAMS 0x00000003dd000000, 0x00000003dd000000|
|  22|0x00000003dd400000, 0x00000003dd400000, 0x00000003dd800000|  0%| F|  |TS  0|AC  0|TAMS 0x00000003dd400000, 0x00000003dd400000|
|  23|0x00000003dd800000, 0x00000003dd800000, 0x00000003ddc00000|  0%| F|  |TS  0|AC  0|TAMS 0x00000003dd800000, 0x00000003dd800000|
|  24|0x00000003ddc00000, 0x00000003ddc00000, 0x00000003de000000|  0%| F|  |TS  0|AC  0|TAMS 0x00000003ddc00000, 0x00000003ddc00000|
|  25|0x00000003de000000, 0x00000003de000000, 0x00000003de400000|  0%| F|  |TS  0|AC  0|TAMS 0x00000003de000000, 0x00000003de000000|
|  26|0x00000003de400000, 0x00000003de400000, 0x00000003de800000|  0%| F|  |TS  0|AC  0|TAMS 0x00000003de400000, 0x00000003de400000|
|  27|0x00000003de800000, 0x00000003de800000, 0x00000003dec00000|  0%| F|  |TS  0|AC  0|TAMS 0x00000003de800000, 0x00000003de800000|
|  28|0x00000003dec00000, 0x00000003dec00000, 0x00000003df000000|  0%| F|  |TS  0|AC  0|TAMS 0x00000003dec00000, 0x00000003dec00000|
|  29|0x00000003df000000, 0x00000003df000000, 0x00000003df400000|  0%| F|  |TS  0|AC  0|TAMS 0x00000003df000000, 0x00000003df000000|
|  30|0x00000003df400000, 0x00000003df400000, 0x00000003df800000|  0%| F|  |TS  0|AC  0|TAMS 0x00000003df400000, 0x00000003df400000|
|  31|0x00000003df800000, 0x00000003df800000, 0x00000003dfc00000|  0%| F|  |TS  0|AC  0|TAMS 0x00000003df800000, 0x00000003df800000|
|  32|0x00000003dfc00000, 0x00000003dfc00000, 0x00000003e0000000|  0%| F|  |TS  0|AC  0|TAMS 0x00000003dfc00000, 0x00000003dfc00000|
|  33|0x00000003e0000000, 0x00000003e0000000, 0x00000003e0400000|  0%| F|  |TS  0|AC  0|TAMS 0x00000003e0000000, 0x00000003e0000000|
|  34|0x00000003e0400000, 0x00000003e0400000, 0x00000003e0800000|  0%| F|  |TS  0|AC  0|TAMS 0x00000003e0400000, 0x00000003e0400000|
|  35|0x00000003e0800000, 0x00000003e0800000, 0x00000003e0c00000|  0%| F|  |TS  0|AC  0|TAMS 0x00000003e0800000, 0x00000003e0800000|
|  36|0x00000003e0c00000, 0x00000003e0c00000, 0x00000003e1000000|  0%| F|  |TS  0|AC  0|TAMS 0x00000003e0c00000, 0x00000003e0c00000|
|  37|0x00000003e1000000, 0x00000003e1000000, 0x00000003e1400000|  0%| F|  |TS  0|AC  0|TAMS 0x00000003e1000000, 0x00000003e1000000|
|  38|0x00000003e1400000, 0x00000003e1400000, 0x00000003e1800000|  0%| F|  |TS  0|AC  0|TAMS 0x00000003e1400000, 0x00000003e1400000|
|  39|0x00000003e1800000, 0x00000003e1800000, 0x00000003e1c00000|  0%| F|  |TS  0|AC  0|TAMS 0x00000003e1800000, 0x00000003e1800000|
|  40|0x00000003e1c00000, 0x00000003e1c00000, 0x00000003e2000000|  0%| F|  |TS  0|AC  0|TAMS 0x00000003e1c00000, 0x00000003e1c00000|
|  41|0x00000003e2000000, 0x00000003e2000000, 0x00000003e2400000|  0%| F|  |TS  0|AC  0|TAMS 0x00000003e2000000, 0x00000003e2000000|
|  42|0x00000003e2400000, 0x00000003e2400000, 0x00000003e2800000|  0%| F|  |TS  0|AC  0|TAMS 0x00000003e2400000, 0x00000003e2400000|
|  43|0x00000003e2800000, 0x00000003e2800000, 0x00000003e2c00000|  0%| F|  |TS  0|AC  0|TAMS 0x00000003e2800000, 0x00000003e2800000|
|  44|0x00000003e2c00000, 0x00000003e2c00000, 0x00000003e3000000|  0%| F|  |TS  0|AC  0|TAMS 0x00000003e2c00000, 0x00000003e2c00000|
|  45|0x00000003e3000000, 0x00000003e3000000, 0x00000003e3400000|  0%| F|  |TS  0|AC  0|TAMS 0x00000003e3000000, 0x00000003e3000000|
|  46|0x00000003e3400000, 0x00000003e3400000, 0x00000003e3800000|  0%| F|  |TS  0|AC  0|TAMS 0x00000003e3400000, 0x00000003e3400000|
|  47|0x00000003e3800000, 0x00000003e3800000, 0x00000003e3c00000|  0%| F|  |TS  0|AC  0|TAMS 0x00000003e3800000, 0x00000003e3800000|
|  48|0x00000003e3c00000, 0x00000003e3c00000, 0x00000003e4000000|  0%| F|  |TS  0|AC  0|TAMS 0x00000003e3c00000, 0x00000003e3c00000|
|  49|0x00000003e4000000, 0x00000003e4000000, 0x00000003e4400000|  0%| F|  |TS  0|AC  0|TAMS 0x00000003e4000000, 0x00000003e4000000|
|  50|0x00000003e4400000, 0x00000003e4400000, 0x00000003e4800000|  0%| F|  |TS  0|AC  0|TAMS 0x00000003e4400000, 0x00000003e4400000|
|  51|0x00000003e4800000, 0x00000003e4800000, 0x00000003e4c00000|  0%| F|  |TS  0|AC  0|TAMS 0x00000003e4800000, 0x00000003e4800000|
|  52|0x00000003e4c00000, 0x00000003e4c00000, 0x00000003e5000000|  0%| F|  |TS  0|AC  0|TAMS 0x00000003e4c00000, 0x00000003e4c00000|
|  53|0x00000003e5000000, 0x00000003e5000000, 0x00000003e5400000|  0%| F|  |TS  0|AC  0|TAMS 0x00000003e5000000, 0x00000003e5000000|
|  54|0x00000003e5400000, 0x00000003e5400000, 0x00000003e5800000|  0%| F|  |TS  0|AC  0|TAMS 0x00000003e5400000, 0x00000003e5400000|
|  55|0x00000003e5800000, 0x00000003e5800000, 0x00000003e5c00000|  0%| F|  |TS  0|AC  0|TAMS 0x00000003e5800000, 0x00000003e5800000|
|  56|0x00000003e5c00000, 0x00000003e5c00000, 0x00000003e6000000|  0%| F|  |TS  0|AC  0|TAMS 0x00000003e5c00000, 0x00000003e5c00000|
|  57|0x00000003e6000000, 0x00000003e6000000, 0x00000003e6400000|  0%| F|  |TS  0|AC  0|TAMS 0x00000003e6000000, 0x00000003e6000000|
|  58|0x00000003e6400000, 0x00000003e6400000, 0x00000003e6800000|  0%| F|  |TS  0|AC  0|TAMS 0x00000003e6400000, 0x00000003e6400000|
|  59|0x00000003e6800000, 0x00000003e6800000, 0x00000003e6c00000|  0%| F|  |TS  0|AC  0|TAMS 0x00000003e6800000, 0x00000003e6800000|
|  60|0x00000003e6c00000, 0x00000003e6c00000, 0x00000003e7000000|  0%| F|  |TS  0|AC  0|TAMS 0x00000003e6c00000, 0x00000003e6c00000|
|  61|0x00000003e7000000, 0x00000003e7000000, 0x00000003e7400000|  0%| F|  |TS  0|AC  0|TAMS 0x00000003e7000000, 0x00000003e7000000|
|  62|0x00000003e7400000, 0x00000003e7400000, 0x00000003e7800000|  0%| F|  |TS  0|AC  0|TAMS 0x00000003e7400000, 0x00000003e7400000|
|  63|0x00000003e7800000, 0x00000003e7800000, 0x00000003e7c00000|  0%| F|  |TS  0|AC  0|TAMS 0x00000003e7800000, 0x00000003e7800000|
|  64|0x00000003e7c00000, 0x00000003e7c00000, 0x00000003e8000000|  0%| F|  |TS  0|AC  0|TAMS 0x00000003e7c00000, 0x00000003e7c00000|
|  65|0x00000003e8000000, 0x00000003e8000000, 0x00000003e8400000|  0%| F|  |TS  0|AC  0|TAMS 0x00000003e8000000, 0x00000003e8000000|
|  66|0x00000003e8400000, 0x00000003e8400000, 0x00000003e8800000|  0%| F|  |TS  0|AC  0|TAMS 0x00000003e8400000, 0x00000003e8400000|
|  67|0x00000003e8800000, 0x00000003e8800000, 0x00000003e8c00000|  0%| F|  |TS  0|AC  0|TAMS 0x00000003e8800000, 0x00000003e8800000|
|  68|0x00000003e8c00000, 0x00000003e8c00000, 0x00000003e9000000|  0%| F|  |TS  0|AC  0|TAMS 0x00000003e8c00000, 0x00000003e8c00000|
|  69|0x00000003e9000000, 0x00000003e9000000, 0x00000003e9400000|  0%| F|  |TS  0|AC  0|TAMS 0x00000003e9000000, 0x00000003e9000000|
|  70|0x00000003e9400000, 0x00000003e9400000, 0x00000003e9800000|  0%| F|  |TS  0|AC  0|TAMS 0x00000003e9400000, 0x00000003e9400000|
|  71|0x00000003e9800000, 0x00000003e9800000, 0x00000003e9c00000|  0%| F|  |TS  0|AC  0|TAMS 0x00000003e9800000, 0x00000003e9800000|
|  72|0x00000003e9c00000, 0x00000003e9c00000, 0x00000003ea000000|  0%| F|  |TS  0|AC  0|TAMS 0x00000003e9c00000, 0x00000003e9c00000|
|  73|0x00000003ea000000, 0x00000003ea000000, 0x00000003ea400000|  0%| F|  |TS  0|AC  0|TAMS 0x00000003ea000000, 0x00000003ea000000|
|  74|0x00000003ea400000, 0x00000003ea400000, 0x00000003ea800000|  0%| F|  |TS  0|AC  0|TAMS 0x00000003ea400000, 0x00000003ea400000|
|  75|0x00000003ea800000, 0x00000003ea800000, 0x00000003eac00000|  0%| F|  |TS  0|AC  0|TAMS 0x00000003ea800000, 0x00000003ea800000|
|  76|0x00000003eac00000, 0x00000003eac00000, 0x00000003eb000000|  0%| F|  |TS  0|AC  0|TAMS 0x00000003eac00000, 0x00000003eac00000|
|  77|0x00000003eb000000, 0x00000003eb000000, 0x00000003eb400000|  0%| F|  |TS  0|AC  0|TAMS 0x00000003eb000000, 0x00000003eb000000|
|  78|0x00000003eb400000, 0x00000003eb400000, 0x00000003eb800000|  0%| F|  |TS  0|AC  0|TAMS 0x00000003eb400000, 0x00000003eb400000|
|  79|0x00000003eb800000, 0x00000003eb800000, 0x00000003ebc00000|  0%| F|  |TS  0|AC  0|TAMS 0x00000003eb800000, 0x00000003eb800000|
|  80|0x00000003ebc00000, 0x00000003ebc00000, 0x00000003ec000000|  0%| F|  |TS  0|AC  0|TAMS 0x00000003ebc00000, 0x00000003ebc00000|
|  81|0x00000003ec000000, 0x00000003ec000000, 0x00000003ec400000|  0%| F|  |TS  0|AC  0|TAMS 0x00000003ec000000, 0x00000003ec000000|
|  82|0x00000003ec400000, 0x00000003ec400000, 0x00000003ec800000|  0%| F|  |TS  0|AC  0|TAMS 0x00000003ec400000, 0x00000003ec400000|
|  83|0x00000003ec800000, 0x00000003ec800000, 0x00000003ecc00000|  0%| F|  |TS  0|AC  0|TAMS 0x00000003ec800000, 0x00000003ec800000|
|  84|0x00000003ecc00000, 0x00000003ecc00000, 0x00000003ed000000|  0%| F|  |TS  0|AC  0|TAMS 0x00000003ecc00000, 0x00000003ecc00000|
|  85|0x00000003ed000000, 0x00000003ed000000, 0x00000003ed400000|  0%| F|  |TS  0|AC  0|TAMS 0x00000003ed000000, 0x00000003ed000000|
|  86|0x00000003ed400000, 0x00000003ed400000, 0x00000003ed800000|  0%| F|  |TS  0|AC  0|TAMS 0x00000003ed400000, 0x00000003ed400000|
|  87|0x00000003ed800000, 0x00000003ed800000, 0x00000003edc00000|  0%| F|  |TS  0|AC  0|TAMS 0x00000003ed800000, 0x00000003ed800000|
|  88|0x00000003edc00000, 0x00000003edc00000, 0x00000003ee000000|  0%| F|  |TS  0|AC  0|TAMS 0x00000003edc00000, 0x00000003edc00000|
|  89|0x00000003ee000000, 0x00000003ee000000, 0x00000003ee400000|  0%| F|  |TS  0|AC  0|TAMS 0x00000003ee000000, 0x00000003ee000000|
|  90|0x00000003ee400000, 0x00000003ee400000, 0x00000003ee800000|  0%| F|  |TS  0|AC  0|TAMS 0x00000003ee400000, 0x00000003ee400000|
|  91|0x00000003ee800000, 0x00000003ee800000, 0x00000003eec00000|  0%| F|  |TS  0|AC  0|TAMS 0x00000003ee800000, 0x00000003ee800000|
|  92|0x00000003eec00000, 0x00000003eec00000, 0x00000003ef000000|  0%| F|  |TS  0|AC  0|TAMS 0x00000003eec00000, 0x00000003eec00000|
|  93|0x00000003ef000000, 0x00000003ef000000, 0x00000003ef400000|  0%| F|  |TS  0|AC  0|TAMS 0x00000003ef000000, 0x00000003ef000000|
|  94|0x00000003ef400000, 0x00000003ef400000, 0x00000003ef800000|  0%| F|  |TS  0|AC  0|TAMS 0x00000003ef400000, 0x00000003ef400000|
|  95|0x00000003ef800000, 0x00000003ef800000, 0x00000003efc00000|  0%| F|  |TS  0|AC  0|TAMS 0x00000003ef800000, 0x00000003ef800000|
|  96|0x00000003efc00000, 0x00000003efc00000, 0x00000003f0000000|  0%| F|  |TS  0|AC  0|TAMS 0x00000003efc00000, 0x00000003efc00000|
|  97|0x00000003f0000000, 0x00000003f0000000, 0x00000003f0400000|  0%| F|  |TS  0|AC  0|TAMS 0x00000003f0000000, 0x00000003f0000000|
|  98|0x00000003f0400000, 0x00000003f0400000, 0x00000003f0800000|  0%| F|  |TS  0|AC  0|TAMS 0x00000003f0400000, 0x00000003f0400000|
|  99|0x00000003f0800000, 0x00000003f0800000, 0x00000003f0c00000|  0%| F|  |TS  0|AC  0|TAMS 0x00000003f0800000, 0x00000003f0800000|
| 100|0x00000003f0c00000, 0x00000003f0c00000, 0x00000003f1000000|  0%| F|  |TS  0|AC  0|TAMS 0x00000003f0c00000, 0x00000003f0c00000|
| 101|0x00000003f1000000, 0x00000003f1000000, 0x00000003f1400000|  0%| F|  |TS  0|AC  0|TAMS 0x00000003f1000000, 0x00000003f1000000|
| 102|0x00000003f1400000, 0x00000003f1400000, 0x00000003f1800000|  0%| F|  |TS  0|AC  0|TAMS 0x00000003f1400000, 0x00000003f1400000|
| 103|0x00000003f1800000, 0x00000003f1800000, 0x00000003f1c00000|  0%| F|  |TS  0|AC  0|TAMS 0x00000003f1800000, 0x00000003f1800000|
| 104|0x00000003f1c00000, 0x00000003f1c00000, 0x00000003f2000000|  0%| F|  |TS  0|AC  0|TAMS 0x00000003f1c00000, 0x00000003f1c00000|
| 105|0x00000003f2000000, 0x00000003f2000000, 0x00000003f2400000|  0%| F|  |TS  0|AC  0|TAMS 0x00000003f2000000, 0x00000003f2000000|
| 106|0x00000003f2400000, 0x00000003f2400000, 0x00000003f2800000|  0%| F|  |TS  0|AC  0|TAMS 0x00000003f2400000, 0x00000003f2400000|
| 107|0x00000003f2800000, 0x00000003f2800000, 0x00000003f2c00000|  0%| F|  |TS  0|AC  0|TAMS 0x00000003f2800000, 0x00000003f2800000|
| 108|0x00000003f2c00000, 0x00000003f2c00000, 0x00000003f3000000|  0%| F|  |TS  0|AC  0|TAMS 0x00000003f2c00000, 0x00000003f2c00000|
| 109|0x00000003f3000000, 0x00000003f3000000, 0x00000003f3400000|  0%| F|  |TS  0|AC  0|TAMS 0x00000003f3000000, 0x00000003f3000000|
| 110|0x00000003f3400000, 0x00000003f3400000, 0x00000003f3800000|  0%| F|  |TS  0|AC  0|TAMS 0x00000003f3400000, 0x00000003f3400000|
| 111|0x00000003f3800000, 0x00000003f3800000, 0x00000003f3c00000|  0%| F|  |TS  0|AC  0|TAMS 0x00000003f3800000, 0x00000003f3800000|
| 112|0x00000003f3c00000, 0x00000003f3c00000, 0x00000003f4000000|  0%| F|  |TS  0|AC  0|TAMS 0x00000003f3c00000, 0x00000003f3c00000|
| 113|0x00000003f4000000, 0x00000003f4000000, 0x00000003f4400000|  0%| F|  |TS  0|AC  0|TAMS 0x00000003f4000000, 0x00000003f4000000|
| 114|0x00000003f4400000, 0x00000003f4400000, 0x00000003f4800000|  0%| F|  |TS  0|AC  0|TAMS 0x00000003f4400000, 0x00000003f4400000|
| 115|0x00000003f4800000, 0x00000003f4800000, 0x00000003f4c00000|  0%| F|  |TS  0|AC  0|TAMS 0x00000003f4800000, 0x00000003f4800000|
| 116|0x00000003f4c00000, 0x00000003f4c00000, 0x00000003f5000000|  0%| F|  |TS  0|AC  0|TAMS 0x00000003f4c00000, 0x00000003f4c00000|
| 117|0x00000003f5000000, 0x00000003f5000000, 0x00000003f5400000|  0%| F|  |TS  0|AC  0|TAMS 0x00000003f5000000, 0x00000003f5000000|
| 118|0x00000003f5400000, 0x00000003f5400000, 0x00000003f5800000|  0%| F|  |TS  0|AC  0|TAMS 0x00000003f5400000, 0x00000003f5400000|
| 119|0x00000003f5800000, 0x00000003f5800000, 0x00000003f5c00000|  0%| F|  |TS  0|AC  0|TAMS 0x00000003f5800000, 0x00000003f5800000|
| 120|0x00000003f5c00000, 0x00000003f5c00000, 0x00000003f6000000|  0%| F|  |TS  0|AC  0|TAMS 0x00000003f5c00000, 0x00000003f5c00000|
| 121|0x00000003f6000000, 0x00000003f6000000, 0x00000003f6400000|  0%| F|  |TS  0|AC  0|TAMS 0x00000003f6000000, 0x00000003f6000000|
| 122|0x00000003f6400000, 0x00000003f6400000, 0x00000003f6800000|  0%| F|  |TS  0|AC  0|TAMS 0x00000003f6400000, 0x00000003f6400000|
| 123|0x00000003f6800000, 0x00000003f6800000, 0x00000003f6c00000|  0%| F|  |TS  0|AC  0|TAMS 0x00000003f6800000, 0x00000003f6800000|
| 124|0x00000003f6c00000, 0x00000003f6c00000, 0x00000003f7000000|  0%| F|  |TS  0|AC  0|TAMS 0x00000003f6c00000, 0x00000003f6c00000|
| 125|0x00000003f7000000, 0x00000003f7000000, 0x00000003f7400000|  0%| F|  |TS  0|AC  0|TAMS 0x00000003f7000000, 0x00000003f7000000|
| 126|0x00000003f7400000, 0x00000003f7400000, 0x00000003f7800000|  0%| F|  |TS  0|AC  0|TAMS 0x00000003f7400000, 0x00000003f7400000|
| 127|0x00000003f7800000, 0x00000003f7800000, 0x00000003f7c00000|  0%| F|  |TS  0|AC  0|TAMS 0x00000003f7800000, 0x00000003f7800000|
| 128|0x00000003f7c00000, 0x00000003f7c00000, 0x00000003f8000000|  0%| F|  |TS  0|AC  0|TAMS 0x00000003f7c00000, 0x00000003f7c00000|
| 129|0x00000003f8000000, 0x00000003f8000000, 0x00000003f8400000|  0%| F|  |TS  0|AC  0|TAMS 0x00000003f8000000, 0x00000003f8000000|
| 130|0x00000003f8400000, 0x00000003f8400000, 0x00000003f8800000|  0%| F|  |TS  0|AC  0|TAMS 0x00000003f8400000, 0x00000003f8400000|
| 131|0x00000003f8800000, 0x00000003f8800000, 0x00000003f8c00000|  0%| F|  |TS  0|AC  0|TAMS 0x00000003f8800000, 0x00000003f8800000|
| 132|0x00000003f8c00000, 0x00000003f8c00000, 0x00000003f9000000|  0%| F|  |TS  0|AC  0|TAMS 0x00000003f8c00000, 0x00000003f8c00000|
| 133|0x00000003f9000000, 0x00000003f9000000, 0x00000003f9400000|  0%| F|  |TS  0|AC  0|TAMS 0x00000003f9000000, 0x00000003f9000000|
| 134|0x00000003f9400000, 0x00000003f9400000, 0x00000003f9800000|  0%| F|  |TS  0|AC  0|TAMS 0x00000003f9400000, 0x00000003f9400000|
| 135|0x00000003f9800000, 0x00000003f9800000, 0x00000003f9c00000|  0%| F|  |TS  0|AC  0|TAMS 0x00000003f9800000, 0x00000003f9800000|
| 136|0x00000003f9c00000, 0x00000003f9c00000, 0x00000003fa000000|  0%| F|  |TS  0|AC  0|TAMS 0x00000003f9c00000, 0x00000003f9c00000|
| 137|0x00000003fa000000, 0x00000003fa000000, 0x00000003fa400000|  0%| F|  |TS  0|AC  0|TAMS 0x00000003fa000000, 0x00000003fa000000|
| 138|0x00000003fa400000, 0x00000003fa400000, 0x00000003fa800000|  0%| F|  |TS  0|AC  0|TAMS 0x00000003fa400000, 0x00000003fa400000|
| 139|0x00000003fa800000, 0x00000003fa800000, 0x00000003fac00000|  0%| F|  |TS  0|AC  0|TAMS 0x00000003fa800000, 0x00000003fa800000|
| 140|0x00000003fac00000, 0x00000003fac00000, 0x00000003fb000000|  0%| F|  |TS  0|AC  0|TAMS 0x00000003fac00000, 0x00000003fac00000|
| 141|0x00000003fb000000, 0x00000003fb000000, 0x00000003fb400000|  0%| F|  |TS  0|AC  0|TAMS 0x00000003fb000000, 0x00000003fb000000|
| 142|0x00000003fb400000, 0x00000003fb400000, 0x00000003fb800000|  0%| F|  |TS  0|AC  0|TAMS 0x00000003fb400000, 0x00000003fb400000|
| 143|0x00000003fb800000, 0x00000003fb800000, 0x00000003fbc00000|  0%| F|  |TS  0|AC  0|TAMS 0x00000003fb800000, 0x00000003fb800000|
| 144|0x00000003fbc00000, 0x00000003fbc00000, 0x00000003fc000000|  0%| F|  |TS  0|AC  0|TAMS 0x00000003fbc00000, 0x00000003fbc00000|
| 145|0x00000003fc000000, 0x00000003fc000000, 0x00000003fc400000|  0%| F|  |TS  0|AC  0|TAMS 0x00000003fc000000, 0x00000003fc000000|
| 146|0x00000003fc400000, 0x00000003fc400000, 0x00000003fc800000|  0%| F|  |TS  0|AC  0|TAMS 0x00000003fc400000, 0x00000003fc400000|
| 147|0x00000003fc800000, 0x00000003fc800000, 0x00000003fcc00000|  0%| F|  |TS  0|AC  0|TAMS 0x00000003fc800000, 0x00000003fc800000|
| 148|0x00000003fcc00000, 0x00000003fcc00000, 0x00000003fd000000|  0%| F|  |TS  0|AC  0|TAMS 0x00000003fcc00000, 0x00000003fcc00000|
| 149|0x00000003fd000000, 0x00000003fd000000, 0x00000003fd400000|  0%| F|  |TS  0|AC  0|TAMS 0x00000003fd000000, 0x00000003fd000000|
| 150|0x00000003fd400000, 0x00000003fd400000, 0x00000003fd800000|  0%| F|  |TS  0|AC  0|TAMS 0x00000003fd400000, 0x00000003fd400000|
| 151|0x00000003fd800000, 0x00000003fd800000, 0x00000003fdc00000|  0%| F|  |TS  0|AC  0|TAMS 0x00000003fd800000, 0x00000003fd800000|
| 152|0x00000003fdc00000, 0x00000003fdc00000, 0x00000003fe000000|  0%| F|  |TS  0|AC  0|TAMS 0x00000003fdc00000, 0x00000003fdc00000|
| 153|0x00000003fe000000, 0x00000003fe000000, 0x00000003fe400000|  0%| F|  |TS  0|AC  0|TAMS 0x00000003fe000000, 0x00000003fe000000|
| 154|0x00000003fe400000, 0x00000003fe400000, 0x00000003fe800000|  0%| F|  |TS  0|AC  0|TAMS 0x00000003fe400000, 0x00000003fe400000|
| 155|0x00000003fe800000, 0x00000003fe800000, 0x00000003fec00000|  0%| F|  |TS  0|AC  0|TAMS 0x00000003fe800000, 0x00000003fe800000|
| 156|0x00000003fec00000, 0x00000003fec00000, 0x00000003ff000000|  0%| F|  |TS  0|AC  0|TAMS 0x00000003fec00000, 0x00000003fec00000|
| 157|0x00000003ff000000, 0x00000003ff000000, 0x00000003ff400000|  0%| F|  |TS  0|AC  0|TAMS 0x00000003ff000000, 0x00000003ff000000|
| 158|0x00000003ff400000, 0x00000003ff400000, 0x00000003ff800000|  0%| F|  |TS  0|AC  0|TAMS 0x00000003ff400000, 0x00000003ff400000|
| 159|0x00000003ff800000, 0x00000003ff800000, 0x00000003ffc00000|  0%| F|  |TS  0|AC  0|TAMS 0x00000003ff800000, 0x00000003ff800000|
| 160|0x00000003ffc00000, 0x00000003ffc00000, 0x0000000400000000|  0%| F|  |TS  0|AC  0|TAMS 0x00000003ffc00000, 0x00000003ffc00000|
| 161|0x0000000400000000, 0x0000000400000000, 0x0000000400400000|  0%| F|  |TS  0|AC  0|TAMS 0x0000000400000000, 0x0000000400000000|
| 162|0x0000000400400000, 0x0000000400400000, 0x0000000400800000|  0%| F|  |TS  0|AC  0|TAMS 0x0000000400400000, 0x0000000400400000|
| 163|0x0000000400800000, 0x0000000400800000, 0x0000000400c00000|  0%| F|  |TS  0|AC  0|TAMS 0x0000000400800000, 0x0000000400800000|
| 164|0x0000000400c00000, 0x0000000400c00000, 0x0000000401000000|  0%| F|  |TS  0|AC  0|TAMS 0x0000000400c00000, 0x0000000400c00000|
| 165|0x0000000401000000, 0x0000000401000000, 0x0000000401400000|  0%| F|  |TS  0|AC  0|TAMS 0x0000000401000000, 0x0000000401000000|
| 166|0x0000000401400000, 0x0000000401400000, 0x0000000401800000|  0%| F|  |TS  0|AC  0|TAMS 0x0000000401400000, 0x0000000401400000|
| 167|0x0000000401800000, 0x0000000401800000, 0x0000000401c00000|  0%| F|  |TS  0|AC  0|TAMS 0x0000000401800000, 0x0000000401800000|
| 168|0x0000000401c00000, 0x0000000401c00000, 0x0000000402000000|  0%| F|  |TS  0|AC  0|TAMS 0x0000000401c00000, 0x0000000401c00000|
| 169|0x0000000402000000, 0x0000000402000000, 0x0000000402400000|  0%| F|  |TS  0|AC  0|TAMS 0x0000000402000000, 0x0000000402000000|
| 170|0x0000000402400000, 0x0000000402400000, 0x0000000402800000|  0%| F|  |TS  0|AC  0|TAMS 0x0000000402400000, 0x0000000402400000|
| 171|0x0000000402800000, 0x0000000402800000, 0x0000000402c00000|  0%| F|  |TS  0|AC  0|TAMS 0x0000000402800000, 0x0000000402800000|
| 172|0x0000000402c00000, 0x0000000402c00000, 0x0000000403000000|  0%| F|  |TS  0|AC  0|TAMS 0x0000000402c00000, 0x0000000402c00000|
| 173|0x0000000403000000, 0x0000000403000000, 0x0000000403400000|  0%| F|  |TS  0|AC  0|TAMS 0x0000000403000000, 0x0000000403000000|
| 174|0x0000000403400000, 0x0000000403400000, 0x0000000403800000|  0%| F|  |TS  0|AC  0|TAMS 0x0000000403400000, 0x0000000403400000|
| 175|0x0000000403800000, 0x0000000403800000, 0x0000000403c00000|  0%| F|  |TS  0|AC  0|TAMS 0x0000000403800000, 0x0000000403800000|
| 176|0x0000000403c00000, 0x0000000403c00000, 0x0000000404000000|  0%| F|  |TS  0|AC  0|TAMS 0x0000000403c00000, 0x0000000403c00000|
| 177|0x0000000404000000, 0x0000000404000000, 0x0000000404400000|  0%| F|  |TS  0|AC  0|TAMS 0x0000000404000000, 0x0000000404000000|
| 178|0x0000000404400000, 0x0000000404400000, 0x0000000404800000|  0%| F|  |TS  0|AC  0|TAMS 0x0000000404400000, 0x0000000404400000|
| 179|0x0000000404800000, 0x0000000404800000, 0x0000000404c00000|  0%| F|  |TS  0|AC  0|TAMS 0x0000000404800000, 0x0000000404800000|
| 180|0x0000000404c00000, 0x0000000404c00000, 0x0000000405000000|  0%| F|  |TS  0|AC  0|TAMS 0x0000000404c00000, 0x0000000404c00000|
| 181|0x0000000405000000, 0x0000000405000000, 0x0000000405400000|  0%| F|  |TS  0|AC  0|TAMS 0x0000000405000000, 0x0000000405000000|
| 182|0x0000000405400000, 0x0000000405400000, 0x0000000405800000|  0%| F|  |TS  0|AC  0|TAMS 0x0000000405400000, 0x0000000405400000|
| 183|0x0000000405800000, 0x0000000405800000, 0x0000000405c00000|  0%| F|  |TS  0|AC  0|TAMS 0x0000000405800000, 0x0000000405800000|
| 184|0x0000000405c00000, 0x0000000405c00000, 0x0000000406000000|  0%| F|  |TS  0|AC  0|TAMS 0x0000000405c00000, 0x0000000405c00000|
| 185|0x0000000406000000, 0x0000000406000000, 0x0000000406400000|  0%| F|  |TS  0|AC  0|TAMS 0x0000000406000000, 0x0000000406000000|
| 186|0x0000000406400000, 0x0000000406400000, 0x0000000406800000|  0%| F|  |TS  0|AC  0|TAMS 0x0000000406400000, 0x0000000406400000|
| 187|0x0000000406800000, 0x0000000406800000, 0x0000000406c00000|  0%| F|  |TS  0|AC  0|TAMS 0x0000000406800000, 0x0000000406800000|
| 188|0x0000000406c00000, 0x0000000406c00000, 0x0000000407000000|  0%| F|  |TS  0|AC  0|TAMS 0x0000000406c00000, 0x0000000406c00000|
| 189|0x0000000407000000, 0x0000000407000000, 0x0000000407400000|  0%| F|  |TS  0|AC  0|TAMS 0x0000000407000000, 0x0000000407000000|
| 190|0x0000000407400000, 0x0000000407400000, 0x0000000407800000|  0%| F|  |TS  0|AC  0|TAMS 0x0000000407400000, 0x0000000407400000|
| 191|0x0000000407800000, 0x0000000407800000, 0x0000000407c00000|  0%| F|  |TS  0|AC  0|TAMS 0x0000000407800000, 0x0000000407800000|
| 192|0x0000000407c00000, 0x0000000407c00000, 0x0000000408000000|  0%| F|  |TS  0|AC  0|TAMS 0x0000000407c00000, 0x0000000407c00000|
| 193|0x0000000408000000, 0x0000000408000000, 0x0000000408400000|  0%| F|  |TS  0|AC  0|TAMS 0x0000000408000000, 0x0000000408000000|
| 194|0x0000000408400000, 0x0000000408400000, 0x0000000408800000|  0%| F|  |TS  0|AC  0|TAMS 0x0000000408400000, 0x0000000408400000|
| 195|0x0000000408800000, 0x0000000408800000, 0x0000000408c00000|  0%| F|  |TS  0|AC  0|TAMS 0x0000000408800000, 0x0000000408800000|
| 196|0x0000000408c00000, 0x0000000408c00000, 0x0000000409000000|  0%| F|  |TS  0|AC  0|TAMS 0x0000000408c00000, 0x0000000408c00000|
| 197|0x0000000409000000, 0x0000000409000000, 0x0000000409400000|  0%| F|  |TS  0|AC  0|TAMS 0x0000000409000000, 0x0000000409000000|
| 198|0x0000000409400000, 0x0000000409400000, 0x0000000409800000|  0%| F|  |TS  0|AC  0|TAMS 0x0000000409400000, 0x0000000409400000|
| 199|0x0000000409800000, 0x0000000409800000, 0x0000000409c00000|  0%| F|  |TS  0|AC  0|TAMS 0x0000000409800000, 0x0000000409800000|
| 200|0x0000000409c00000, 0x0000000409c00000, 0x000000040a000000|  0%| F|  |TS  0|AC  0|TAMS 0x0000000409c00000, 0x0000000409c00000|
| 201|0x000000040a000000, 0x000000040a000000, 0x000000040a400000|  0%| F|  |TS  0|AC  0|TAMS 0x000000040a000000, 0x000000040a000000|
| 202|0x000000040a400000, 0x000000040a400000, 0x000000040a800000|  0%| F|  |TS  0|AC  0|TAMS 0x000000040a400000, 0x000000040a400000|
| 203|0x000000040a800000, 0x000000040a800000, 0x000000040ac00000|  0%| F|  |TS  0|AC  0|TAMS 0x000000040a800000, 0x000000040a800000|
| 204|0x000000040ac00000, 0x000000040ac00000, 0x000000040b000000|  0%| F|  |TS  0|AC  0|TAMS 0x000000040ac00000, 0x000000040ac00000|
| 205|0x000000040b000000, 0x000000040b000000, 0x000000040b400000|  0%| F|  |TS  0|AC  0|TAMS 0x000000040b000000, 0x000000040b000000|
| 206|0x000000040b400000, 0x000000040b400000, 0x000000040b800000|  0%| F|  |TS  0|AC  0|TAMS 0x000000040b400000, 0x000000040b400000|
| 207|0x000000040b800000, 0x000000040b800000, 0x000000040bc00000|  0%| F|  |TS  0|AC  0|TAMS 0x000000040b800000, 0x000000040b800000|
| 208|0x000000040bc00000, 0x000000040bc00000, 0x000000040c000000|  0%| F|  |TS  0|AC  0|TAMS 0x000000040bc00000, 0x000000040bc00000|
| 209|0x000000040c000000, 0x000000040c000000, 0x000000040c400000|  0%| F|  |TS  0|AC  0|TAMS 0x000000040c000000, 0x000000040c000000|
| 210|0x000000040c400000, 0x000000040c400000, 0x000000040c800000|  0%| F|  |TS  0|AC  0|TAMS 0x000000040c400000, 0x000000040c400000|
| 211|0x000000040c800000, 0x000000040c800000, 0x000000040cc00000|  0%| F|  |TS  0|AC  0|TAMS 0x000000040c800000, 0x000000040c800000|
| 212|0x000000040cc00000, 0x000000040cc00000, 0x000000040d000000|  0%| F|  |TS  0|AC  0|TAMS 0x000000040cc00000, 0x000000040cc00000|
| 213|0x000000040d000000, 0x000000040d000000, 0x000000040d400000|  0%| F|  |TS  0|AC  0|TAMS 0x000000040d000000, 0x000000040d000000|
| 214|0x000000040d400000, 0x000000040d400000, 0x000000040d800000|  0%| F|  |TS  0|AC  0|TAMS 0x000000040d400000, 0x000000040d400000|
| 215|0x000000040d800000, 0x000000040d800000, 0x000000040dc00000|  0%| F|  |TS  0|AC  0|TAMS 0x000000040d800000, 0x000000040d800000|
| 216|0x000000040dc00000, 0x000000040dc00000, 0x000000040e000000|  0%| F|  |TS  0|AC  0|TAMS 0x000000040dc00000, 0x000000040dc00000|
| 217|0x000000040e000000, 0x000000040e000000, 0x000000040e400000|  0%| F|  |TS  0|AC  0|TAMS 0x000000040e000000, 0x000000040e000000|
| 218|0x000000040e400000, 0x000000040e400000, 0x000000040e800000|  0%| F|  |TS  0|AC  0|TAMS 0x000000040e400000, 0x000000040e400000|
| 219|0x000000040e800000, 0x000000040e800000, 0x000000040ec00000|  0%| F|  |TS  0|AC  0|TAMS 0x000000040e800000, 0x000000040e800000|
| 220|0x000000040ec00000, 0x000000040ec00000, 0x000000040f000000|  0%| F|  |TS  0|AC  0|TAMS 0x000000040ec00000, 0x000000040ec00000|
| 221|0x000000040f000000, 0x000000040f000000, 0x000000040f400000|  0%| F|  |TS  0|AC  0|TAMS 0x000000040f000000, 0x000000040f000000|
| 222|0x000000040f400000, 0x000000040f400000, 0x000000040f800000|  0%| F|  |TS  0|AC  0|TAMS 0x000000040f400000, 0x000000040f400000|
| 223|0x000000040f800000, 0x000000040f800000, 0x000000040fc00000|  0%| F|  |TS  0|AC  0|TAMS 0x000000040f800000, 0x000000040f800000|
| 224|0x000000040fc00000, 0x000000040fc00000, 0x0000000410000000|  0%| F|  |TS  0|AC  0|TAMS 0x000000040fc00000, 0x000000040fc00000|
| 225|0x0000000410000000, 0x0000000410000000, 0x0000000410400000|  0%| F|  |TS  0|AC  0|TAMS 0x0000000410000000, 0x0000000410000000|
| 226|0x0000000410400000, 0x0000000410400000, 0x0000000410800000|  0%| F|  |TS  0|AC  0|TAMS 0x0000000410400000, 0x0000000410400000|
| 227|0x0000000410800000, 0x0000000410800000, 0x0000000410c00000|  0%| F|  |TS  0|AC  0|TAMS 0x0000000410800000, 0x0000000410800000|
| 228|0x0000000410c00000, 0x0000000410c00000, 0x0000000411000000|  0%| F|  |TS  0|AC  0|TAMS 0x0000000410c00000, 0x0000000410c00000|
| 229|0x0000000411000000, 0x0000000411000000, 0x0000000411400000|  0%| F|  |TS  0|AC  0|TAMS 0x0000000411000000, 0x0000000411000000|
| 230|0x0000000411400000, 0x0000000411400000, 0x0000000411800000|  0%| F|  |TS  0|AC  0|TAMS 0x0000000411400000, 0x0000000411400000|
| 231|0x0000000411800000, 0x0000000411800000, 0x0000000411c00000|  0%| F|  |TS  0|AC  0|TAMS 0x0000000411800000, 0x0000000411800000|
| 232|0x0000000411c00000, 0x0000000411c00000, 0x0000000412000000|  0%| F|  |TS  0|AC  0|TAMS 0x0000000411c00000, 0x0000000411c00000|
| 233|0x0000000412000000, 0x0000000412000000, 0x0000000412400000|  0%| F|  |TS  0|AC  0|TAMS 0x0000000412000000, 0x0000000412000000|
| 234|0x0000000412400000, 0x0000000412400000, 0x0000000412800000|  0%| F|  |TS  0|AC  0|TAMS 0x0000000412400000, 0x0000000412400000|
| 235|0x0000000412800000, 0x0000000412800000, 0x0000000412c00000|  0%| F|  |TS  0|AC  0|TAMS 0x0000000412800000, 0x0000000412800000|
| 236|0x0000000412c00000, 0x0000000412c00000, 0x0000000413000000|  0%| F|  |TS  0|AC  0|TAMS 0x0000000412c00000, 0x0000000412c00000|
| 237|0x0000000413000000, 0x0000000413000000, 0x0000000413400000|  0%| F|  |TS  0|AC  0|TAMS 0x0000000413000000, 0x0000000413000000|
| 238|0x0000000413400000, 0x0000000413400000, 0x0000000413800000|  0%| F|  |TS  0|AC  0|TAMS 0x0000000413400000, 0x0000000413400000|
| 239|0x0000000413800000, 0x0000000413800000, 0x0000000413c00000|  0%| F|  |TS  0|AC  0|TAMS 0x0000000413800000, 0x0000000413800000|
| 240|0x0000000413c00000, 0x0000000413c00000, 0x0000000414000000|  0%| F|  |TS  0|AC  0|TAMS 0x0000000413c00000, 0x0000000413c00000|
| 241|0x0000000414000000, 0x0000000414000000, 0x0000000414400000|  0%| F|  |TS  0|AC  0|TAMS 0x0000000414000000, 0x0000000414000000|
| 242|0x0000000414400000, 0x0000000414400000, 0x0000000414800000|  0%| F|  |TS  0|AC  0|TAMS 0x0000000414400000, 0x0000000414400000|
| 243|0x0000000414800000, 0x0000000414800000, 0x0000000414c00000|  0%| F|  |TS  0|AC  0|TAMS 0x0000000414800000, 0x0000000414800000|
| 244|0x0000000414c00000, 0x0000000414c00000, 0x0000000415000000|  0%| F|  |TS  0|AC  0|TAMS 0x0000000414c00000, 0x0000000414c00000|
| 245|0x0000000415000000, 0x0000000415000000, 0x0000000415400000|  0%| F|  |TS  0|AC  0|TAMS 0x0000000415000000, 0x0000000415000000|
| 246|0x0000000415400000, 0x0000000415400000, 0x0000000415800000|  0%| F|  |TS  0|AC  0|TAMS 0x0000000415400000, 0x0000000415400000|
| 247|0x0000000415800000, 0x0000000415800000, 0x0000000415c00000|  0%| F|  |TS  0|AC  0|TAMS 0x0000000415800000, 0x0000000415800000|
| 248|0x0000000415c00000, 0x0000000415fd7960, 0x0000000416000000| 96%| E|  |TS  0|AC  0|TAMS 0x0000000415c00000, 0x0000000415c00000|
| 249|0x0000000416000000, 0x0000000416400000, 0x0000000416400000|100%| E|CS|TS  0|AC  0|TAMS 0x0000000416000000, 0x0000000416000000|
| 250|0x0000000416400000, 0x0000000416800000, 0x0000000416800000|100%| E|CS|TS  0|AC  0|TAMS 0x0000000416400000, 0x0000000416400000|

Card table byte_map: [0x00007fb0fc17c000,0x00007fb0fe0be000] byte_map_base: 0x00007fb0fa2be000

Marking Bits (Prev, Next): (CMBitMap*) 0x00007fb1c409e820, (CMBitMap*) 0x00007fb1c409e858
 Prev Bits: [0x00007fb0ea82a000, 0x00007fb0fa23a000)
 Next Bits: [0x00007fb0dae1a000, 0x00007fb0ea82a000)

Polling page: 0x00007fb1cb43a000

CodeHeap 'non-profiled nmethods': size=119172Kb used=161Kb max_used=161Kb free=119011Kb
 bounds [0x00007fb1b16e2000, 0x00007fb1b1952000, 0x00007fb1b8b43000]
CodeHeap 'profiled nmethods': size=119172Kb used=343Kb max_used=343Kb free=118828Kb
 bounds [0x00007fb1aa281000, 0x00007fb1aa4f1000, 0x00007fb1b16e2000]
CodeHeap 'non-nmethods': size=7416Kb used=2826Kb max_used=2856Kb free=4589Kb
 bounds [0x00007fb1a9b43000, 0x00007fb1a9e13000, 0x00007fb1aa281000]
 total_blobs=626 nmethods=253 adapters=168
 compilation: enabled

Compilation events (10 events):
Event: 0.456 Thread 0x00007fb1c42b0800 nmethod 246 0x00007fb1b16f5d10 code [0x00007fb1b16f5f40, 0x00007fb1b16f6d08]
Event: 0.460 Thread 0x00007fb1c42af000 nmethod 249 0x00007fb1b16f7390 code [0x00007fb1b16f7520, 0x00007fb1b16f75c8]
Event: 0.462 Thread 0x00007fb1c42b4000 nmethod 244 0x00007fb1b16f7690 code [0x00007fb1b16f7900, 0x00007fb1b16f89c8]
Event: 0.473 Thread 0x00007fb1c42b6000 nmethod 243 0x00007fb1b16f9290 code [0x00007fb1b16f9500, 0x00007fb1b16fa908]
Event: 0.503 Thread 0x00007fb1c42b9800 nmethod 252 0x00007fb1b16fb290 code [0x00007fb1b16fb5c0, 0x00007fb1b16fde00]
Event: 0.506 Thread 0x00007fb1c42b2800 nmethod 251 0x00007fb1b16ff190 code [0x00007fb1b16ff4a0, 0x00007fb1b1701970]
Event: 0.542 Thread 0x00007fb1c42ad000 nmethod 250 0x00007fb1b1702c90 code [0x00007fb1b1703140, 0x00007fb1b1707b88]
Event: 0.544 Thread 0x00007fb1c42b7800  253       4       java.io.FileDescriptor$1::getAppend (5 bytes)
Event: 0.544 Thread 0x00007fb1c42b7800 nmethod 253 0x00007fb1b170a110 code [0x00007fb1b170a2a0, 0x00007fb1b170a318]
Event: 0.635 Thread 0x00007fb1c42bb800  254 %     3       org.eclipse.core.runtime.adaptor.EclipseStarter::main @ 1112 (1423 bytes)

GC Heap History (0 events):
No events

Deoptimization events (0 events):
No events

Classes redefined (0 events):
No events

Internal exceptions (0 events):
No events

Events (10 events):
Event: 0.439 Thread 0x00007fb1c4011800 DEOPT PACKING pc=0x00007fb1aa2b7924 sp=0x00007fb1c9ae53a0
Event: 0.439 Thread 0x00007fb1c4011800 DEOPT UNPACKING pc=0x00007fb1a9b90aab sp=0x00007fb1c9ae4988 mode 0
Event: 0.440 Thread 0x00007fb1c4011800 DEOPT PACKING pc=0x00007fb1aa2b7924 sp=0x00007fb1c9ae53a0
Event: 0.440 Thread 0x00007fb1c4011800 DEOPT UNPACKING pc=0x00007fb1a9b90aab sp=0x00007fb1c9ae4988 mode 0
Event: 0.440 Thread 0x00007fb1c4011800 DEOPT PACKING pc=0x00007fb1aa2b7924 sp=0x00007fb1c9ae53a0
Event: 0.440 Thread 0x00007fb1c4011800 DEOPT UNPACKING pc=0x00007fb1a9b90aab sp=0x00007fb1c9ae4988 mode 0
Event: 0.440 Thread 0x00007fb1c4011800 DEOPT PACKING pc=0x00007fb1aa2b7924 sp=0x00007fb1c9ae53a0
Event: 0.440 Thread 0x00007fb1c4011800 DEOPT UNPACKING pc=0x00007fb1a9b90aab sp=0x00007fb1c9ae4988 mode 0
Event: 0.440 Thread 0x00007fb1c4011800 DEOPT PACKING pc=0x00007fb1aa2b7924 sp=0x00007fb1c9ae53a0
Event: 0.440 Thread 0x00007fb1c4011800 DEOPT UNPACKING pc=0x00007fb1a9b90aab sp=0x00007fb1c9ae4988 mode 0


Dynamic libraries:
00400000-00401000 r-xp 00000000 00:65 77077150                           /root/oracle/jdk-9.0.4/bin/java
00600000-00601000 rw-p 00000000 00:65 77077150                           /root/oracle/jdk-9.0.4/bin/java
009ff000-00a20000 rw-p 00000000 00:00 0                                  [heap]
3d7c00000-416800000 rw-p 00000000 00:00 0 
416800000-7c0000000 ---p 00000000 00:00 0 
7c0000000-7c0080000 rw-p 00000000 00:00 0 
7c0080000-800000000 ---p 00000000 00:00 0 
7fb068000000-7fb068021000 rw-p 00000000 00:00 0 
7fb068021000-7fb06c000000 ---p 00000000 00:00 0 
7fb070000000-7fb070021000 rw-p 00000000 00:00 0 
7fb070021000-7fb074000000 ---p 00000000 00:00 0 
7fb074000000-7fb074021000 rw-p 00000000 00:00 0 
7fb074021000-7fb078000000 ---p 00000000 00:00 0 
7fb078000000-7fb078033000 rw-p 00000000 00:00 0 
7fb078033000-7fb07c000000 ---p 00000000 00:00 0 
7fb07c000000-7fb07c021000 rw-p 00000000 00:00 0 
7fb07c021000-7fb080000000 ---p 00000000 00:00 0 
7fb080000000-7fb080074000 rw-p 00000000 00:00 0 
7fb080074000-7fb084000000 ---p 00000000 00:00 0 
7fb084000000-7fb084024000 rw-p 00000000 00:00 0 
7fb084024000-7fb088000000 ---p 00000000 00:00 0 
7fb088000000-7fb0882be000 rw-p 00000000 00:00 0 
7fb0882be000-7fb08c000000 ---p 00000000 00:00 0 
7fb08c000000-7fb08c09a000 rw-p 00000000 00:00 0 
7fb08c09a000-7fb090000000 ---p 00000000 00:00 0 
7fb090000000-7fb0900e5000 rw-p 00000000 00:00 0 
7fb0900e5000-7fb094000000 ---p 00000000 00:00 0 
7fb094000000-7fb094076000 rw-p 00000000 00:00 0 
7fb094076000-7fb098000000 ---p 00000000 00:00 0 
7fb098000000-7fb0983de000 rw-p 00000000 00:00 0 
7fb0983de000-7fb09c000000 ---p 00000000 00:00 0 
7fb09c000000-7fb09c0a6000 rw-p 00000000 00:00 0 
7fb09c0a6000-7fb0a0000000 ---p 00000000 00:00 0 
7fb0a0000000-7fb0a0078000 rw-p 00000000 00:00 0 
7fb0a0078000-7fb0a4000000 ---p 00000000 00:00 0 
7fb0a4000000-7fb0a41c1000 rw-p 00000000 00:00 0 
7fb0a41c1000-7fb0a8000000 ---p 00000000 00:00 0 
7fb0a8000000-7fb0a8021000 rw-p 00000000 00:00 0 
7fb0a8021000-7fb0ac000000 ---p 00000000 00:00 0 
7fb0ac000000-7fb0ac5ae000 rw-p 00000000 00:00 0 
7fb0ac5ae000-7fb0b0000000 ---p 00000000 00:00 0 
7fb0b0000000-7fb0b0021000 rw-p 00000000 00:00 0 
7fb0b0021000-7fb0b4000000 ---p 00000000 00:00 0 
7fb0b4000000-7fb0b4021000 rw-p 00000000 00:00 0 
7fb0b4021000-7fb0b8000000 ---p 00000000 00:00 0 
7fb0b8000000-7fb0b8021000 rw-p 00000000 00:00 0 
7fb0b8021000-7fb0bc000000 ---p 00000000 00:00 0 
7fb0bc000000-7fb0bc021000 rw-p 00000000 00:00 0 
7fb0bc021000-7fb0c0000000 ---p 00000000 00:00 0 
7fb0c158c000-7fb0c18ba000 rw-p 00000000 00:00 0 
7fb0c18ba000-7fb0c18bb000 ---p 00000000 00:00 0 
7fb0c18bb000-7fb0c19bc000 rw-p 00000000 00:00 0 
7fb0c19bc000-7fb0c19c0000 ---p 00000000 00:00 0 
7fb0c19c0000-7fb0c1abd000 rw-p 00000000 00:00 0 
7fb0c1abd000-7fb0c1ac1000 ---p 00000000 00:00 0 
7fb0c1ac1000-7fb0c1bef000 rw-p 00000000 00:00 0 
7fb0c1bef000-7fb0c1c05000 r-xp 00000000 00:65 77077477                   /root/oracle/jdk-9.0.4/lib/libnet.so
7fb0c1c05000-7fb0c1e05000 ---p 00016000 00:65 77077477                   /root/oracle/jdk-9.0.4/lib/libnet.so
7fb0c1e05000-7fb0c1e06000 rw-p 00016000 00:65 77077477                   /root/oracle/jdk-9.0.4/lib/libnet.so
7fb0c1e06000-7fb0c1e16000 r-xp 00000000 00:65 77077594                   /root/oracle/jdk-9.0.4/lib/libnio.so
7fb0c1e16000-7fb0c2016000 ---p 00010000 00:65 77077594                   /root/oracle/jdk-9.0.4/lib/libnio.so
7fb0c2016000-7fb0c2017000 rw-p 00010000 00:65 77077594                   /root/oracle/jdk-9.0.4/lib/libnio.so
7fb0c2017000-7fb0c201b000 ---p 00000000 00:00 0 
7fb0c201b000-7fb0c2118000 rw-p 00000000 00:00 0 
7fb0c2118000-7fb0c211c000 ---p 00000000 00:00 0 
7fb0c211c000-7fb0c2219000 rw-p 00000000 00:00 0 
7fb0c2219000-7fb0c221d000 ---p 00000000 00:00 0 
7fb0c221d000-7fb0c231a000 rw-p 00000000 00:00 0 
7fb0c231a000-7fb0c231e000 ---p 00000000 00:00 0 
7fb0c231e000-7fb0c241b000 rw-p 00000000 00:00 0 
7fb0c241b000-7fb0c241f000 ---p 00000000 00:00 0 
7fb0c241f000-7fb0c251c000 rw-p 00000000 00:00 0 
7fb0c251c000-7fb0c2520000 ---p 00000000 00:00 0 
7fb0c2520000-7fb0c261d000 rw-p 00000000 00:00 0 
7fb0c261d000-7fb0c2621000 ---p 00000000 00:00 0 
7fb0c2621000-7fb0c271e000 rw-p 00000000 00:00 0 
7fb0c271e000-7fb0c2722000 ---p 00000000 00:00 0 
7fb0c2722000-7fb0c281f000 rw-p 00000000 00:00 0 
7fb0c281f000-7fb0c2823000 ---p 00000000 00:00 0 
7fb0c2823000-7fb0c2920000 rw-p 00000000 00:00 0 
7fb0c2920000-7fb0c2924000 ---p 00000000 00:00 0 
7fb0c2924000-7fb0c2a21000 rw-p 00000000 00:00 0 
7fb0c2a21000-7fb0c2a25000 ---p 00000000 00:00 0 
7fb0c2a25000-7fb0c2b22000 rw-p 00000000 00:00 0 
7fb0c2b22000-7fb0c2b26000 ---p 00000000 00:00 0 
7fb0c2b26000-7fb0c2c23000 rw-p 00000000 00:00 0 
7fb0c2c23000-7fb0c2c27000 ---p 00000000 00:00 0 
7fb0c2c27000-7fb0c2d24000 rw-p 00000000 00:00 0 
7fb0c2d24000-7fb0c2d28000 ---p 00000000 00:00 0 
7fb0c2d28000-7fb0c2e25000 rw-p 00000000 00:00 0 
7fb0c2e25000-7fb0c2e29000 ---p 00000000 00:00 0 
7fb0c2e29000-7fb0c2f26000 rw-p 00000000 00:00 0 
7fb0c2f26000-7fb0c2f2a000 ---p 00000000 00:00 0 
7fb0c2f2a000-7fb0c3027000 rw-p 00000000 00:00 0 
7fb0c3027000-7fb0c3028000 ---p 00000000 00:00 0 
7fb0c3028000-7fb0c363a000 rw-p 00000000 00:00 0 
7fb0c363a000-7fb0c39fa000 ---p 00000000 00:00 0 
7fb0c39fa000-7fb0c4000000 rw-p 00000000 00:00 0 
7fb0c4000000-7fb0c4021000 rw-p 00000000 00:00 0 
7fb0c4021000-7fb0c8000000 ---p 00000000 00:00 0 
7fb0c8000000-7fb0c8021000 rw-p 00000000 00:00 0 
7fb0c8021000-7fb0cc000000 ---p 00000000 00:00 0 
7fb0cc000000-7fb0cc021000 rw-p 00000000 00:00 0 
7fb0cc021000-7fb0d0000000 ---p 00000000 00:00 0 
7fb0d0000000-7fb0d0021000 rw-p 00000000 00:00 0 
7fb0d0021000-7fb0d4000000 ---p 00000000 00:00 0 
7fb0d4000000-7fb0d4021000 rw-p 00000000 00:00 0 
7fb0d4021000-7fb0d8000000 ---p 00000000 00:00 0 
7fb0d800c000-7fb0d8e1a000 rw-p 00000000 00:00 0 
7fb0d8e1a000-7fb0dae1a000 rwxp 00000000 00:00 0 
7fb0dae1a000-7fb0dbdca000 rw-p 00000000 00:00 0 
7fb0dbdca000-7fb0ea82a000 ---p 00000000 00:00 0 
7fb0ea82a000-7fb0eb7da000 rw-p 00000000 00:00 0 
7fb0eb7da000-7fb0fa23a000 ---p 00000000 00:00 0 
7fb0fa23a000-7fb0fa430000 rw-p 00000000 00:00 0 
7fb0fa430000-7fb0fc17c000 ---p 00000000 00:00 0 
7fb0fc17c000-7fb0fc372000 rw-p 00000000 00:00 0 
7fb0fc372000-7fb100000000 ---p 00000000 00:00 0 
7fb100000000-7fb100021000 rw-p 00000000 00:00 0 
7fb100021000-7fb104000000 ---p 00000000 00:00 0 
7fb104000000-7fb104021000 rw-p 00000000 00:00 0 
7fb104021000-7fb108000000 ---p 00000000 00:00 0 
7fb108000000-7fb108021000 rw-p 00000000 00:00 0 
7fb108021000-7fb10c000000 ---p 00000000 00:00 0 
7fb10c000000-7fb10c021000 rw-p 00000000 00:00 0 
7fb10c021000-7fb110000000 ---p 00000000 00:00 0 
7fb110000000-7fb110021000 rw-p 00000000 00:00 0 
7fb110021000-7fb114000000 ---p 00000000 00:00 0 
7fb114000000-7fb114021000 rw-p 00000000 00:00 0 
7fb114021000-7fb118000000 ---p 00000000 00:00 0 
7fb118000000-7fb118021000 rw-p 00000000 00:00 0 
7fb118021000-7fb11c000000 ---p 00000000 00:00 0 
7fb11c000000-7fb11c021000 rw-p 00000000 00:00 0 
7fb11c021000-7fb120000000 ---p 00000000 00:00 0 
7fb120000000-7fb120021000 rw-p 00000000 00:00 0 
7fb120021000-7fb124000000 ---p 00000000 00:00 0 
7fb124000000-7fb124021000 rw-p 00000000 00:00 0 
7fb124021000-7fb128000000 ---p 00000000 00:00 0 
7fb128000000-7fb128021000 rw-p 00000000 00:00 0 
7fb128021000-7fb12c000000 ---p 00000000 00:00 0 
7fb12c000000-7fb12c021000 rw-p 00000000 00:00 0 
7fb12c021000-7fb130000000 ---p 00000000 00:00 0 
7fb130000000-7fb130021000 rw-p 00000000 00:00 0 
7fb130021000-7fb134000000 ---p 00000000 00:00 0 
7fb134000000-7fb134021000 rw-p 00000000 00:00 0 
7fb134021000-7fb138000000 ---p 00000000 00:00 0 
7fb138000000-7fb138021000 rw-p 00000000 00:00 0 
7fb138021000-7fb13c000000 ---p 00000000 00:00 0 
7fb13c000000-7fb13c021000 rw-p 00000000 00:00 0 
7fb13c021000-7fb140000000 ---p 00000000 00:00 0 
7fb140000000-7fb140021000 rw-p 00000000 00:00 0 
7fb140021000-7fb144000000 ---p 00000000 00:00 0 
7fb144000000-7fb144021000 rw-p 00000000 00:00 0 
7fb144021000-7fb148000000 ---p 00000000 00:00 0 
7fb148000000-7fb148021000 rw-p 00000000 00:00 0 
7fb148021000-7fb14c000000 ---p 00000000 00:00 0 
7fb14c000000-7fb14c021000 rw-p 00000000 00:00 0 
7fb14c021000-7fb150000000 ---p 00000000 00:00 0 
7fb150000000-7fb150021000 rw-p 00000000 00:00 0 
7fb150021000-7fb154000000 ---p 00000000 00:00 0 
7fb154000000-7fb154021000 rw-p 00000000 00:00 0 
7fb154021000-7fb158000000 ---p 00000000 00:00 0 
7fb15801f000-7fb158020000 ---p 00000000 00:00 0 
7fb158020000-7fb158121000 rw-p 00000000 00:00 0 
7fb158121000-7fb158122000 ---p 00000000 00:00 0 
7fb158122000-7fb158223000 rw-p 00000000 00:00 0 
7fb158223000-7fb158224000 ---p 00000000 00:00 0 
7fb158224000-7fb158325000 rw-p 00000000 00:00 0 
7fb158325000-7fb158326000 ---p 00000000 00:00 0 
7fb158326000-7fb158427000 rw-p 00000000 00:00 0 
7fb158427000-7fb158428000 ---p 00000000 00:00 0 
7fb158428000-7fb158529000 rw-p 00000000 00:00 0 
7fb158529000-7fb15852a000 ---p 00000000 00:00 0 
7fb15852a000-7fb158d0c000 rw-p 00000000 00:00 0 
7fb158d0c000-7fb15aa58000 ---p 00000000 00:00 0 
7fb15aa58000-7fb15aad6000 rw-p 00000000 00:00 0 
7fb15aad6000-7fb15aad7000 ---p 00000000 00:00 0 
7fb15aad7000-7fb15abd8000 rw-p 00000000 00:00 0 
7fb15abd8000-7fb15abd9000 ---p 00000000 00:00 0 
7fb15abd9000-7fb15acda000 rw-p 00000000 00:00 0 
7fb15acda000-7fb15acdb000 ---p 00000000 00:00 0 
7fb15acdb000-7fb15addc000 rw-p 00000000 00:00 0 
7fb15addc000-7fb15addd000 ---p 00000000 00:00 0 
7fb15addd000-7fb15aede000 rw-p 00000000 00:00 0 
7fb15aede000-7fb15aedf000 ---p 00000000 00:00 0 
7fb15aedf000-7fb15afe0000 rw-p 00000000 00:00 0 
7fb15afe0000-7fb15afe1000 ---p 00000000 00:00 0 
7fb15afe1000-7fb15b0e2000 rw-p 00000000 00:00 0 
7fb15b0e2000-7fb15b0e3000 ---p 00000000 00:00 0 
7fb15b0e3000-7fb15b1e4000 rw-p 00000000 00:00 0 
7fb15b1e4000-7fb15b1e5000 ---p 00000000 00:00 0 
7fb15b1e5000-7fb15b2e6000 rw-p 00000000 00:00 0 
7fb15b2e6000-7fb15b2e7000 ---p 00000000 00:00 0 
7fb15b2e7000-7fb15b3e8000 rw-p 00000000 00:00 0 
7fb15b3e8000-7fb15b3e9000 ---p 00000000 00:00 0 
7fb15b3e9000-7fb15b4ea000 rw-p 00000000 00:00 0 
7fb15b4ea000-7fb15b4eb000 ---p 00000000 00:00 0 
7fb15b4eb000-7fb15b5ec000 rw-p 00000000 00:00 0 
7fb15b5ec000-7fb15b5ed000 ---p 00000000 00:00 0 
7fb15b5ed000-7fb15b6ee000 rw-p 00000000 00:00 0 
7fb15b6ee000-7fb15b6ef000 ---p 00000000 00:00 0 
7fb15b6ef000-7fb15b7f0000 rw-p 00000000 00:00 0 
7fb15b7f0000-7fb15b7f1000 ---p 00000000 00:00 0 
7fb15b7f1000-7fb15b8f2000 rw-p 00000000 00:00 0 
7fb15b8f2000-7fb15b8f3000 ---p 00000000 00:00 0 
7fb15b8f3000-7fb15b9f4000 rw-p 00000000 00:00 0 
7fb15b9f4000-7fb15b9f5000 ---p 00000000 00:00 0 
7fb15b9f5000-7fb15baf6000 rw-p 00000000 00:00 0 
7fb15baf6000-7fb15baf7000 ---p 00000000 00:00 0 
7fb15baf7000-7fb15bbf8000 rw-p 00000000 00:00 0 
7fb15bbf8000-7fb15bbf9000 ---p 00000000 00:00 0 
7fb15bbf9000-7fb15bcfa000 rw-p 00000000 00:00 0 
7fb15bcfa000-7fb15bcfb000 ---p 00000000 00:00 0 
7fb15bcfb000-7fb15bdfc000 rw-p 00000000 00:00 0 
7fb15bdfc000-7fb15bdfd000 ---p 00000000 00:00 0 
7fb15bdfd000-7fb15befe000 rw-p 00000000 00:00 0 
7fb15befe000-7fb15beff000 ---p 00000000 00:00 0 
7fb15beff000-7fb15c000000 rw-p 00000000 00:00 0 
7fb15c000000-7fb15c021000 rw-p 00000000 00:00 0 
7fb15c021000-7fb160000000 ---p 00000000 00:00 0 
7fb160000000-7fb160021000 rw-p 00000000 00:00 0 
7fb160021000-7fb164000000 ---p 00000000 00:00 0 
7fb164000000-7fb164021000 rw-p 00000000 00:00 0 
7fb164021000-7fb168000000 ---p 00000000 00:00 0 
7fb168000000-7fb168021000 rw-p 00000000 00:00 0 
7fb168021000-7fb16c000000 ---p 00000000 00:00 0 
7fb16c000000-7fb16c021000 rw-p 00000000 00:00 0 
7fb16c021000-7fb170000000 ---p 00000000 00:00 0 
7fb170000000-7fb170021000 rw-p 00000000 00:00 0 
7fb170021000-7fb174000000 ---p 00000000 00:00 0 
7fb174000000-7fb174021000 rw-p 00000000 00:00 0 
7fb174021000-7fb178000000 ---p 00000000 00:00 0 
7fb178000000-7fb178021000 rw-p 00000000 00:00 0 
7fb178021000-7fb17c000000 ---p 00000000 00:00 0 
7fb17c000000-7fb17c021000 rw-p 00000000 00:00 0 
7fb17c021000-7fb180000000 ---p 00000000 00:00 0 
7fb180000000-7fb180021000 rw-p 00000000 00:00 0 
7fb180021000-7fb184000000 ---p 00000000 00:00 0 
7fb184000000-7fb184021000 rw-p 00000000 00:00 0 
7fb184021000-7fb188000000 ---p 00000000 00:00 0 
7fb188000000-7fb188021000 rw-p 00000000 00:00 0 
7fb188021000-7fb18c000000 ---p 00000000 00:00 0 
7fb18c000000-7fb18c021000 rw-p 00000000 00:00 0 
7fb18c021000-7fb190000000 ---p 00000000 00:00 0 
7fb190000000-7fb190021000 rw-p 00000000 00:00 0 
7fb190021000-7fb194000000 ---p 00000000 00:00 0 
7fb194000000-7fb194021000 rw-p 00000000 00:00 0 
7fb194021000-7fb198000000 ---p 00000000 00:00 0 
7fb198000000-7fb198021000 rw-p 00000000 00:00 0 
7fb198021000-7fb19c000000 ---p 00000000 00:00 0 
7fb19c000000-7fb19c021000 rw-p 00000000 00:00 0 
7fb19c021000-7fb1a0000000 ---p 00000000 00:00 0 
7fb1a0000000-7fb1a0021000 rw-p 00000000 00:00 0 
7fb1a0021000-7fb1a4000000 ---p 00000000 00:00 0 
7fb1a4000000-7fb1a4021000 rw-p 00000000 00:00 0 
7fb1a4021000-7fb1a8000000 ---p 00000000 00:00 0 
7fb1a8021000-7fb1a9435000 rw-p 00000000 00:00 0 
7fb1a9435000-7fb1a9436000 ---p 00000000 00:00 0 
7fb1a9436000-7fb1a9537000 rw-p 00000000 00:00 0 
7fb1a9537000-7fb1a9538000 ---p 00000000 00:00 0 
7fb1a9538000-7fb1a9639000 rw-p 00000000 00:00 0 
7fb1a9639000-7fb1a963a000 ---p 00000000 00:00 0 
7fb1a963a000-7fb1a973b000 rw-p 00000000 00:00 0 
7fb1a973b000-7fb1a973c000 ---p 00000000 00:00 0 
7fb1a973c000-7fb1a983d000 rw-p 00000000 00:00 0 
7fb1a983d000-7fb1a983e000 ---p 00000000 00:00 0 
7fb1a983e000-7fb1a993f000 rw-p 00000000 00:00 0 
7fb1a993f000-7fb1a9940000 ---p 00000000 00:00 0 
7fb1a9940000-7fb1a9a41000 rw-p 00000000 00:00 0 
7fb1a9a41000-7fb1a9a42000 ---p 00000000 00:00 0 
7fb1a9a42000-7fb1a9b43000 rw-p 00000000 00:00 0 
7fb1a9b43000-7fb1a9e13000 rwxp 00000000 00:00 0 
7fb1a9e13000-7fb1aa281000 ---p 00000000 00:00 0 
7fb1aa281000-7fb1aa4f1000 rwxp 00000000 00:00 0 
7fb1aa4f1000-7fb1b16e2000 ---p 00000000 00:00 0 
7fb1b16e2000-7fb1b1952000 rwxp 00000000 00:00 0 
7fb1b1952000-7fb1b8b43000 ---p 00000000 00:00 0 
7fb1b8b43000-7fb1c4000000 r--s 00000000 00:65 77077560                   /root/oracle/jdk-9.0.4/lib/modules
7fb1c4000000-7fb1c440f000 rw-p 00000000 00:00 0 
7fb1c440f000-7fb1c8000000 ---p 00000000 00:00 0 
7fb1c8000000-7fb1c8028000 rw-p 00000000 00:00 0 
7fb1c8028000-7fb1c8029000 ---p 00000000 00:00 0 
7fb1c8029000-7fb1c812a000 rw-p 00000000 00:00 0 
7fb1c812a000-7fb1c812b000 ---p 00000000 00:00 0 
7fb1c812b000-7fb1c822c000 rw-p 00000000 00:00 0 
7fb1c822c000-7fb1c822d000 ---p 00000000 00:00 0 
7fb1c822d000-7fb1c832e000 rw-p 00000000 00:00 0 
7fb1c832e000-7fb1c832f000 ---p 00000000 00:00 0 
7fb1c832f000-7fb1c8430000 rw-p 00000000 00:00 0 
7fb1c8430000-7fb1c8431000 ---p 00000000 00:00 0 
7fb1c8431000-7fb1c8532000 rw-p 00000000 00:00 0 
7fb1c8532000-7fb1c8533000 ---p 00000000 00:00 0 
7fb1c8533000-7fb1c8634000 rw-p 00000000 00:00 0 
7fb1c8634000-7fb1c8635000 ---p 00000000 00:00 0 
7fb1c8635000-7fb1c8736000 rw-p 00000000 00:00 0 
7fb1c8736000-7fb1c8737000 ---p 00000000 00:00 0 
7fb1c8737000-7fb1c8838000 rw-p 00000000 00:00 0 
7fb1c8838000-7fb1c8839000 ---p 00000000 00:00 0 
7fb1c8839000-7fb1c893a000 rw-p 00000000 00:00 0 
7fb1c893a000-7fb1c893b000 ---p 00000000 00:00 0 
7fb1c893b000-7fb1c8a3c000 rw-p 00000000 00:00 0 
7fb1c8a3c000-7fb1c8a3d000 ---p 00000000 00:00 0 
7fb1c8a3d000-7fb1c8b3e000 rw-p 00000000 00:00 0 
7fb1c8b3e000-7fb1c8b3f000 ---p 00000000 00:00 0 
7fb1c8b3f000-7fb1c8c40000 rw-p 00000000 00:00 0 
7fb1c8c40000-7fb1c8c41000 ---p 00000000 00:00 0 
7fb1c8c41000-7fb1c8d47000 rw-p 00000000 00:00 0 
7fb1c8d47000-7fb1c8e2b000 ---p 00000000 00:00 0 
7fb1c8e2b000-7fb1c8e30000 rw-p 00000000 00:00 0 
7fb1c8e30000-7fb1c8f14000 ---p 00000000 00:00 0 
7fb1c8f14000-7fb1c8f1a000 rw-p 00000000 00:00 0 
7fb1c8f1a000-7fb1c8f23000 ---p 00000000 00:00 0 
7fb1c8f23000-7fb1c8f73000 rw-p 00000000 00:00 0 
7fb1c8f73000-7fb1c9150000 r--s 03e31000 00:65 101727669                  /usr/local/java/jdk1.8.0_301/jre/lib/rt.jar
7fb1c9150000-7fb1c916a000 r-xp 00000000 00:65 77077435                   /root/oracle/jdk-9.0.4/lib/libjimage.so
7fb1c916a000-7fb1c9369000 ---p 0001a000 00:65 77077435                   /root/oracle/jdk-9.0.4/lib/libjimage.so
7fb1c9369000-7fb1c936b000 rw-p 00019000 00:65 77077435                   /root/oracle/jdk-9.0.4/lib/libjimage.so
7fb1c936b000-7fb1c937d000 rw-p 00000000 00:00 0 
7fb1c937d000-7fb1c9384000 r-xp 00000000 00:65 77083131                   /root/oracle/jdk-9.0.4/lib/libzip.so
7fb1c9384000-7fb1c9583000 ---p 00007000 00:65 77083131                   /root/oracle/jdk-9.0.4/lib/libzip.so
7fb1c9583000-7fb1c9584000 rw-p 00006000 00:65 77083131                   /root/oracle/jdk-9.0.4/lib/libzip.so
7fb1c9584000-7fb1c9587000 r--p 00000000 00:65 165034530                  /usr/lib/x86_64-linux-gnu/libnss_files-2.31.so
7fb1c9587000-7fb1c958e000 r-xp 00003000 00:65 165034530                  /usr/lib/x86_64-linux-gnu/libnss_files-2.31.so
7fb1c958e000-7fb1c9590000 r--p 0000a000 00:65 165034530                  /usr/lib/x86_64-linux-gnu/libnss_files-2.31.so
7fb1c9590000-7fb1c9591000 r--p 0000b000 00:65 165034530                  /usr/lib/x86_64-linux-gnu/libnss_files-2.31.so
7fb1c9591000-7fb1c9592000 rw-p 0000c000 00:65 165034530                  /usr/lib/x86_64-linux-gnu/libnss_files-2.31.so
7fb1c9592000-7fb1c9598000 rw-p 00000000 00:00 0 
7fb1c95a0000-7fb1c95a1000 rw-p 00000000 00:00 0 
7fb1c95a1000-7fb1c95cc000 r-xp 00000000 00:65 77077470                   /root/oracle/jdk-9.0.4/lib/libjava.so
7fb1c95cc000-7fb1c97cb000 ---p 0002b000 00:65 77077470                   /root/oracle/jdk-9.0.4/lib/libjava.so
7fb1c97cb000-7fb1c97cd000 rw-p 0002a000 00:65 77077470                   /root/oracle/jdk-9.0.4/lib/libjava.so
7fb1c97cd000-7fb1c97da000 r-xp 00000000 00:65 77077494                   /root/oracle/jdk-9.0.4/lib/libverify.so
7fb1c97da000-7fb1c99d9000 ---p 0000d000 00:65 77077494                   /root/oracle/jdk-9.0.4/lib/libverify.so
7fb1c99d9000-7fb1c99db000 rw-p 0000c000 00:65 77077494                   /root/oracle/jdk-9.0.4/lib/libverify.so
7fb1c99db000-7fb1c99de000 r--p 00000000 00:65 165034636                  /usr/lib/x86_64-linux-gnu/librt-2.31.so
7fb1c99de000-7fb1c99e2000 r-xp 00003000 00:65 165034636                  /usr/lib/x86_64-linux-gnu/librt-2.31.so
7fb1c99e2000-7fb1c99e3000 r--p 00007000 00:65 165034636                  /usr/lib/x86_64-linux-gnu/librt-2.31.so
7fb1c99e3000-7fb1c99e4000 ---p 00008000 00:65 165034636                  /usr/lib/x86_64-linux-gnu/librt-2.31.so
7fb1c99e4000-7fb1c99e5000 r--p 00008000 00:65 165034636                  /usr/lib/x86_64-linux-gnu/librt-2.31.so
7fb1c99e5000-7fb1c99e6000 rw-p 00009000 00:65 165034636                  /usr/lib/x86_64-linux-gnu/librt-2.31.so
7fb1c99e6000-7fb1c99e7000 ---p 00000000 00:00 0 
7fb1c99e7000-7fb1c99e8000 rw-p 00000000 00:00 0 
7fb1c99e8000-7fb1c99ec000 ---p 00000000 00:00 0 
7fb1c99ec000-7fb1c9ae7000 rw-p 00000000 00:00 0 
7fb1c9ae7000-7fb1c9af6000 r--p 00000000 00:65 165034468                  /usr/lib/x86_64-linux-gnu/libm-2.31.so
7fb1c9af6000-7fb1c9b9d000 r-xp 0000f000 00:65 165034468                  /usr/lib/x86_64-linux-gnu/libm-2.31.so
7fb1c9b9d000-7fb1c9c34000 r--p 000b6000 00:65 165034468                  /usr/lib/x86_64-linux-gnu/libm-2.31.so
7fb1c9c34000-7fb1c9c35000 r--p 0014c000 00:65 165034468                  /usr/lib/x86_64-linux-gnu/libm-2.31.so
7fb1c9c35000-7fb1c9c36000 rw-p 0014d000 00:65 165034468                  /usr/lib/x86_64-linux-gnu/libm-2.31.so
7fb1c9c36000-7fb1cac4b000 r-xp 00000000 00:65 77083135                   /root/oracle/jdk-9.0.4/lib/server/libjvm.so
7fb1cac4b000-7fb1cae4a000 ---p 01015000 00:65 77083135                   /root/oracle/jdk-9.0.4/lib/server/libjvm.so
7fb1cae4a000-7fb1caf1b000 r--p 01014000 00:65 77083135                   /root/oracle/jdk-9.0.4/lib/server/libjvm.so
7fb1caf1b000-7fb1caf52000 rw-p 010e5000 00:65 77083135                   /root/oracle/jdk-9.0.4/lib/server/libjvm.so
7fb1caf52000-7fb1cafbd000 rw-p 00000000 00:00 0 
7fb1cafbd000-7fb1cafe2000 r--p 00000000 00:65 165034165                  /usr/lib/x86_64-linux-gnu/libc-2.31.so
7fb1cafe2000-7fb1cb15a000 r-xp 00025000 00:65 165034165                  /usr/lib/x86_64-linux-gnu/libc-2.31.so
7fb1cb15a000-7fb1cb1a4000 r--p 0019d000 00:65 165034165                  /usr/lib/x86_64-linux-gnu/libc-2.31.so
7fb1cb1a4000-7fb1cb1a5000 ---p 001e7000 00:65 165034165                  /usr/lib/x86_64-linux-gnu/libc-2.31.so
7fb1cb1a5000-7fb1cb1a8000 r--p 001e7000 00:65 165034165                  /usr/lib/x86_64-linux-gnu/libc-2.31.so
7fb1cb1a8000-7fb1cb1ab000 rw-p 001ea000 00:65 165034165                  /usr/lib/x86_64-linux-gnu/libc-2.31.so
7fb1cb1ab000-7fb1cb1af000 rw-p 00000000 00:00 0 
7fb1cb1af000-7fb1cb1b0000 r--p 00000000 00:65 165034236                  /usr/lib/x86_64-linux-gnu/libdl-2.31.so
7fb1cb1b0000-7fb1cb1b2000 r-xp 00001000 00:65 165034236                  /usr/lib/x86_64-linux-gnu/libdl-2.31.so
7fb1cb1b2000-7fb1cb1b3000 r--p 00003000 00:65 165034236                  /usr/lib/x86_64-linux-gnu/libdl-2.31.so
7fb1cb1b3000-7fb1cb1b4000 r--p 00003000 00:65 165034236                  /usr/lib/x86_64-linux-gnu/libdl-2.31.so
7fb1cb1b4000-7fb1cb1b5000 rw-p 00004000 00:65 165034236                  /usr/lib/x86_64-linux-gnu/libdl-2.31.so
7fb1cb1b5000-7fb1cb1c3000 r-xp 00000000 00:65 77083142                   /root/oracle/jdk-9.0.4/lib/jli/libjli.so
7fb1cb1c3000-7fb1cb3c3000 ---p 0000e000 00:65 77083142                   /root/oracle/jdk-9.0.4/lib/jli/libjli.so
7fb1cb3c3000-7fb1cb3c4000 rw-p 0000e000 00:65 77083142                   /root/oracle/jdk-9.0.4/lib/jli/libjli.so
7fb1cb3c4000-7fb1cb3cb000 r--p 00000000 00:65 165034610                  /usr/lib/x86_64-linux-gnu/libpthread-2.31.so
7fb1cb3cb000-7fb1cb3dc000 r-xp 00007000 00:65 165034610                  /usr/lib/x86_64-linux-gnu/libpthread-2.31.so
7fb1cb3dc000-7fb1cb3e1000 r--p 00018000 00:65 165034610                  /usr/lib/x86_64-linux-gnu/libpthread-2.31.so
7fb1cb3e1000-7fb1cb3e2000 r--p 0001c000 00:65 165034610                  /usr/lib/x86_64-linux-gnu/libpthread-2.31.so
7fb1cb3e2000-7fb1cb3e3000 rw-p 0001d000 00:65 165034610                  /usr/lib/x86_64-linux-gnu/libpthread-2.31.so
7fb1cb3e3000-7fb1cb3e7000 rw-p 00000000 00:00 0 
7fb1cb3e7000-7fb1cb3e9000 r--p 00000000 00:65 165034796                  /usr/lib/x86_64-linux-gnu/libz.so.1.2.11
7fb1cb3e9000-7fb1cb3fa000 r-xp 00002000 00:65 165034796                  /usr/lib/x86_64-linux-gnu/libz.so.1.2.11
7fb1cb3fa000-7fb1cb400000 r--p 00013000 00:65 165034796                  /usr/lib/x86_64-linux-gnu/libz.so.1.2.11
7fb1cb400000-7fb1cb401000 ---p 00019000 00:65 165034796                  /usr/lib/x86_64-linux-gnu/libz.so.1.2.11
7fb1cb401000-7fb1cb402000 r--p 00019000 00:65 165034796                  /usr/lib/x86_64-linux-gnu/libz.so.1.2.11
7fb1cb402000-7fb1cb403000 rw-p 0001a000 00:65 165034796                  /usr/lib/x86_64-linux-gnu/libz.so.1.2.11
7fb1cb403000-7fb1cb40b000 rw-s 00000000 00:65 71965686                   /tmp/hsperfdata_root/28237
7fb1cb40b000-7fb1cb40e000 rw-p 00000000 00:00 0 
7fb1cb40e000-7fb1cb40f000 r--p 00000000 00:65 165033992                  /usr/lib/x86_64-linux-gnu/ld-2.31.so
7fb1cb40f000-7fb1cb432000 r-xp 00001000 00:65 165033992                  /usr/lib/x86_64-linux-gnu/ld-2.31.so
7fb1cb432000-7fb1cb43a000 r--p 00024000 00:65 165033992                  /usr/lib/x86_64-linux-gnu/ld-2.31.so
7fb1cb43a000-7fb1cb43b000 r--p 00000000 00:00 0 
7fb1cb43b000-7fb1cb43c000 r--p 0002c000 00:65 165033992                  /usr/lib/x86_64-linux-gnu/ld-2.31.so
7fb1cb43c000-7fb1cb43d000 rw-p 0002d000 00:65 165033992                  /usr/lib/x86_64-linux-gnu/ld-2.31.so
7fb1cb43d000-7fb1cb43e000 rw-p 00000000 00:00 0 
7ffe60448000-7ffe60469000 rw-p 00000000 00:00 0                          [stack]
7ffe604e6000-7ffe604e9000 r--p 00000000 00:00 0                          [vvar]
7ffe604e9000-7ffe604ea000 r-xp 00000000 00:00 0                          [vdso]
ffffffffff600000-ffffffffff601000 --xp 00000000 00:00 0                  [vsyscall]

VM Arguments:
jvm_args: -Xbootclasspath/a:/usr/local/java/jdk1.8.0_301/jre/lib/rt.jar -Xverify:none 
java_command: org.eclipse.core.runtime.adaptor.EclipseStarter -debug
java_class_path (initial): ./sootOutput/eclipse/
Launcher Type: SUN_STANDARD

Logging:
Log output configuration:
#0: stdout all=warning uptime,level,tags
#1: stderr all=off uptime,level,tags

Environment Variables:
JAVA_HOME=/root/oracle/jdk-9.0.4
JRE_HOME=/root/oracle/jdk-9.0.4
CLASSPATH=.:/root/oracle/jdk-9.0.4/lib:/JVMfuzzing/htm/CFSynthesis/resource/commons-lang3-3.12.0/commons-lang3-3.12.0.jar
PATH=/root/oracle/jdk-9.0.4/bin:/root/.vscode-server/bin/da76f93349a72022ca4670c1b84860304616aaa2/bin/remote-cli:/root/oracle/jdk-9.0.4/bin:/usr/local/sbin:/usr/local/bin:/usr/sbin:/usr/bin:/sbin:/bin:/usr/games:/usr/local/games:/snap/bin
SHELL=/bin/bash

Signal Handlers:
SIGSEGV: [libjvm.so+0xd4d370], sa_mask[0]=11111111011111111101111111111110, sa_flags=SA_RESTART|SA_SIGINFO
SIGBUS: [libjvm.so+0xd4d370], sa_mask[0]=11111111011111111101111111111110, sa_flags=SA_RESTART|SA_SIGINFO
SIGFPE: [libjvm.so+0xd4d370], sa_mask[0]=11111111011111111101111111111110, sa_flags=SA_RESTART|SA_SIGINFO
SIGPIPE: [libjvm.so+0xb64780], sa_mask[0]=11111111011111111101111111111110, sa_flags=SA_RESTART|SA_SIGINFO
SIGXFSZ: [libjvm.so+0xb64780], sa_mask[0]=11111111011111111101111111111110, sa_flags=SA_RESTART|SA_SIGINFO
SIGILL: [libjvm.so+0xd4d370], sa_mask[0]=11111111011111111101111111111110, sa_flags=SA_RESTART|SA_SIGINFO
SIGUSR2: [libjvm.so+0xb64640], sa_mask[0]=00100000000000000000000000000000, sa_flags=SA_RESTART|SA_SIGINFO
SIGHUP: [libjvm.so+0xb64850], sa_mask[0]=11111111011111111101111111111110, sa_flags=SA_RESTART|SA_SIGINFO
SIGINT: [libjvm.so+0xb64850], sa_mask[0]=11111111011111111101111111111110, sa_flags=SA_RESTART|SA_SIGINFO
SIGTERM: [libjvm.so+0xb64850], sa_mask[0]=11111111011111111101111111111110, sa_flags=SA_RESTART|SA_SIGINFO
SIGQUIT: [libjvm.so+0xb64850], sa_mask[0]=11111111011111111101111111111110, sa_flags=SA_RESTART|SA_SIGINFO


---------------  S Y S T E M  ---------------

OS:DISTRIB_ID=Ubuntu
DISTRIB_RELEASE=20.04
DISTRIB_CODENAME=focal
DISTRIB_DESCRIPTION="Ubuntu 20.04.3 LTS"
uname:Linux 5.4.0-124-generic #140~18.04.1-Ubuntu SMP Fri Aug 5 11:43:34 UTC 2022 x86_64
libc:glibc 2.31 NPTL 2.31 
rlimit: STACK 8192k, CORE infinity, NPROC infinity, NOFILE 1048576, AS infinity
load average:44.60 39.96 38.39

/proc/meminfo:
MemTotal:       65549624 kB
MemFree:        10990076 kB
MemAvailable:   37368104 kB
Buffers:         5871488 kB
Cached:          3347296 kB
SwapCached:         8092 kB
Active:         28589560 kB
Inactive:        6136776 kB
Active(anon):   21511276 kB
Inactive(anon):  4017412 kB
Active(file):    7078284 kB
Inactive(file):  2119364 kB
Unevictable:          16 kB
Mlocked:              16 kB
SwapTotal:       2097148 kB
SwapFree:              0 kB
Dirty:             35328 kB
Writeback:           100 kB
AnonPages:      25499184 kB
Mapped:           822880 kB
Shmem:             25608 kB
KReclaimable:   17912304 kB
Slab:           19082352 kB
SReclaimable:   17912304 kB
SUnreclaim:      1170048 kB
KernelStack:       78304 kB
PageTables:       235592 kB
NFS_Unstable:          0 kB
Bounce:                0 kB
WritebackTmp:          0 kB
CommitLimit:    34871960 kB
Committed_AS:   78652940 kB
VmallocTotal:   34359738367 kB
VmallocUsed:      161008 kB
VmallocChunk:          0 kB
Percpu:            32512 kB
HardwareCorrupted:     0 kB
AnonHugePages:         0 kB
ShmemHugePages:        0 kB
ShmemPmdMapped:        0 kB
FileHugePages:         0 kB
FilePmdMapped:         0 kB
CmaTotal:              0 kB
CmaFree:               0 kB
HugePages_Total:       0
HugePages_Free:        0
HugePages_Rsvd:        0
HugePages_Surp:        0
Hugepagesize:       2048 kB
Hugetlb:               0 kB
DirectMap4k:    15497632 kB
DirectMap2M:    51298304 kB
DirectMap1G:           0 kB


CPU:total 28 (initial active 28) (14 cores per cpu, 2 threads per core) family 6 model 85 stepping 4, cmov, cx8, fxsr, mmx, sse, sse2, sse3, ssse3, sse4.1, sse4.2, popcnt, avx, avx2, aes, clmul, erms, rtm, 3dnowpref, lzcnt, ht, tsc, tscinvbit, bmi1, bmi2, adx, fma
CPU Model and flags from /proc/cpuinfo:
model name	: Intel(R) Core(TM) i9-9940X CPU @ 3.30GHz
flags		: fpu vme de pse tsc msr pae mce cx8 apic sep mtrr pge mca cmov pat pse36 clflush dts acpi mmx fxsr sse sse2 ss ht tm pbe syscall nx pdpe1gb rdtscp lm constant_tsc art arch_perfmon pebs bts rep_good nopl xtopology nonstop_tsc cpuid aperfmperf pni pclmulqdq dtes64 monitor ds_cpl vmx est tm2 ssse3 sdbg fma cx16 xtpr pdcm pcid dca sse4_1 sse4_2 x2apic movbe popcnt tsc_deadline_timer aes xsave avx f16c rdrand lahf_lm abm 3dnowprefetch cpuid_fault epb cat_l3 cdp_l3 invpcid_single pti ssbd mba ibrs ibpb stibp tpr_shadow vnmi flexpriority ept vpid ept_ad fsgsbase tsc_adjust bmi1 hle avx2 smep bmi2 erms invpcid rtm cqm mpx rdt_a avx512f avx512dq rdseed adx smap clflushopt clwb intel_pt avx512cd avx512bw avx512vl xsaveopt xsavec xgetbv1 xsaves cqm_llc cqm_occup_llc cqm_mbm_total cqm_mbm_local dtherm ida arat pln pts hwp hwp_act_window hwp_epp hwp_pkg_req md_clear flush_l1d arch_capabilities

Memory: 4k page, physical 65549624k(10990076k free), swap 2097148k(0k free)

vm_info: Java HotSpot(TM) 64-Bit Server VM (9.0.4+11) for linux-amd64 JRE (9.0.4+11), built on Dec 19 2017 18:12:19 by "mach5one" with gcc 4.9.2

END.
