#
# A fatal error has been detected by the Java Runtime Environment:
#
#  SIGSEGV (0xb) at pc=0x00007f7333a09b2c, pid=32673, tid=32736
#
# JRE version: Java(TM) SE Runtime Environment (9.0+11) (build 9.0.4+11)
# Java VM: Java HotSpot(TM) 64-Bit Server VM (9.0.4+11, mixed mode, tiered, compressed oops, g1 gc, linux-amd64)
# Problematic frame:
# V  [libjvm.so+0x48eb2c]  Canonicalizer::do_If(If*)+0x1c
#
# Core dump will be written. Default location: Core dumps may be processed with "/usr/share/apport/apport -p%p -s%s -c%c -d%d -P%P -u%u -g%g -- %E" (or dumping to /JVMfuzzing/zjy/classming/Fuzzing-Testing-of-JVM-Implementations/core.32673)
#
# If you would like to submit a bug report, please visit:
#   http://bugreport.java.com/bugreport/crash.jsp
#

---------------  S U M M A R Y ------------

Command Line: -Xbootclasspath/a:/usr/local/java/jdk1.8.0_301/jre/lib/rt.jar -Xverify:none org.eclipse.core.runtime.adaptor.EclipseStarter -debug

Host: Intel(R) Core(TM) i9-9940X CPU @ 3.30GHz, 28 cores, 62G, Ubuntu 20.04.3 LTS
Time: Thu Nov  3 09:12:11 2022 UTC elapsed time: 0 seconds (0d 0h 0m 0s)

---------------  T H R E A D  ---------------

Current thread (0x00007f732c2bb800):  JavaThread "C1 CompilerThread8" daemon [_thread_in_native, id=32736, stack(0x00007f7203bfc000,0x00007f7203cfd000)]


Current CompileTask:
C1:    522  240 %     3       org.eclipse.core.runtime.adaptor.EclipseStarter::main @ 4624 (7628 bytes)

Stack: [0x00007f7203bfc000,0x00007f7203cfd000],  sp=0x00007f7203cfb0c0,  free space=1020k
Native frames: (J=compiled Java code, A=aot compiled Java code, j=interpreted, Vv=VM code, C=native code)
V  [libjvm.so+0x48eb2c]  Canonicalizer::do_If(If*)+0x1c
V  [libjvm.so+0x4a0452]  GraphBuilder::append_with_bci(Instruction*, int)+0x42
V  [libjvm.so+0x4a3526]  GraphBuilder::if_node(Instruction*, Instruction::Condition, Instruction*, ValueStack*)+0x2a6
V  [libjvm.so+0x4b1873]  GraphBuilder::iterate_bytecodes_for_block(int)+0x1e83
V  [libjvm.so+0x4b1ad5]  GraphBuilder::iterate_all_blocks(bool)+0x85
V  [libjvm.so+0x4b1ec9]  GraphBuilder::GraphBuilder(Compilation*, IRScope*)+0x389
V  [libjvm.so+0x4b70a8]  IR::IR(Compilation*, ciMethod*, int)+0x1e8
V  [libjvm.so+0x497832]  Compilation::build_hir() [clone .part.93]+0x162
V  [libjvm.so+0x499633]  Compilation::compile_java_method()+0x3c3
V  [libjvm.so+0x4997af]  Compilation::compile_method()+0x12f
V  [libjvm.so+0x499c31]  Compilation::Compilation(AbstractCompiler*, ciEnv*, ciMethod*, int, BufferBlob*, DirectiveSet*)+0x271
V  [libjvm.so+0x49ac1e]  Compiler::compile_method(ciEnv*, ciMethod*, int, DirectiveSet*)+0xae
V  [libjvm.so+0x6125ac]  CompileBroker::invoke_compiler_on_method(CompileTask*)+0x41c
V  [libjvm.so+0x61344b]  CompileBroker::compiler_thread_loop()+0x28b
V  [libjvm.so+0xcef338]  JavaThread::thread_main_inner()+0xd8
V  [libjvm.so+0xb6e132]  thread_native_entry(Thread*)+0xf2
C  [libpthread.so.0+0x9609]  start_thread+0xd9


siginfo: si_signo: 11 (SIGSEGV), si_code: 1 (SEGV_MAPERR), si_addr: 0x0000000000000018

Register to memory mapping:

RAX=0x0000000000000000 is an unknown value
RBX=0x00007f71f40323b0 is an unknown value
RCX=0x00007f7203cfb800 is pointing into the stack for thread: 0x00007f732c2bb800
RDX=0x00007f71f40323b0 is an unknown value
RSP=0x00007f7203cfb0c0 is pointing into the stack for thread: 0x00007f732c2bb800
RBP=0x00007f7203cfb130 is pointing into the stack for thread: 0x00007f732c2bb800
RSI=0x00007f71f40323b0 is an unknown value
RDI=0x00007f7203cfb160 is pointing into the stack for thread: 0x00007f732c2bb800
R8 =0x00007f71f4031940 is an unknown value
R9 =0x00000000000000f1 is an unknown value
R10=0x0080000000000000 is an unknown value
R11=0x0000000000000000 is an unknown value
R12=0x00007f71f4032450 is an unknown value
R13=0x00007f7203cfb460 is pointing into the stack for thread: 0x00007f732c2bb800
R14=0x00007f71f40323b0 is an unknown value
R15=0x00007f71f4032450 is an unknown value


Registers:
RAX=0x0000000000000000, RBX=0x00007f71f40323b0, RCX=0x00007f7203cfb800, RDX=0x00007f71f40323b0
RSP=0x00007f7203cfb0c0, RBP=0x00007f7203cfb130, RSI=0x00007f71f40323b0, RDI=0x00007f7203cfb160
R8 =0x00007f71f4031940, R9 =0x00000000000000f1, R10=0x0080000000000000, R11=0x0000000000000000
R12=0x00007f71f4032450, R13=0x00007f7203cfb460, R14=0x00007f71f40323b0, R15=0x00007f71f4032450
RIP=0x00007f7333a09b2c, EFLAGS=0x0000000000010206, CSGSFS=0x002b000000000033, ERR=0x0000000000000004
  TRAPNO=0x000000000000000e

Top of Stack: (sp=0x00007f7203cfb0c0)
0x00007f7203cfb0c0:   00007f7203cfb130 00007f733397feb7
0x00007f7203cfb0d0:   00007f71fc03e468 00007f71fc03e428
0x00007f7203cfb0e0:   00007f7203cfb110 00007f7333a36598
0x00007f7203cfb0f0:   00007f720c0b4d50 00007f7203cfb160 

Instructions: (pc=0x00007f7333a09b2c)
0x00007f7333a09b0c:   ff 90 66 90 55 48 89 e5 41 57 41 56 41 55 41 54
0x00007f7333a09b1c:   53 48 89 f3 48 83 ec 48 48 8b 46 70 48 89 7d c8
0x00007f7333a09b2c:   48 8b 78 18 48 8b 07 ff 50 18 84 c0 0f 85 a2 00
0x00007f7333a09b3c:   00 00 4c 8b 63 70 48 8b 83 80 00 00 00 49 39 c4 


---------------  P R O C E S S  ---------------

Java Threads: ( => current thread )
  0x00007f732c379000 JavaThread "Service Thread" daemon [_thread_blocked, id=32742, stack(0x00007f72031ce000,0x00007f72032cf000)]
  0x00007f732c2d2000 JavaThread "Common-Cleaner" daemon [_thread_blocked, id=32741, stack(0x00007f72032cf000,0x00007f72033d0000)]
  0x00007f732c2c3000 JavaThread "Sweeper thread" daemon [_thread_blocked, id=32740, stack(0x00007f72037f8000,0x00007f72038f9000)]
  0x00007f732c2c1800 JavaThread "C1 CompilerThread11" daemon [_thread_blocked, id=32739, stack(0x00007f72038f9000,0x00007f72039fa000)]
  0x00007f732c2bf800 JavaThread "C1 CompilerThread10" daemon [_thread_blocked, id=32738, stack(0x00007f72039fa000,0x00007f7203afb000)]
  0x00007f732c2bd800 JavaThread "C1 CompilerThread9" daemon [_thread_blocked, id=32737, stack(0x00007f7203afb000,0x00007f7203bfc000)]
=>0x00007f732c2bb800 JavaThread "C1 CompilerThread8" daemon [_thread_in_native, id=32736, stack(0x00007f7203bfc000,0x00007f7203cfd000)]
  0x00007f732c2b9800 JavaThread "C2 CompilerThread7" daemon [_thread_blocked, id=32735, stack(0x00007f7203cfd000,0x00007f7203dfe000)]
  0x00007f732c2b8000 JavaThread "C2 CompilerThread6" daemon [_thread_blocked, id=32734, stack(0x00007f7203dfe000,0x00007f7203eff000)]
  0x00007f732c2b6000 JavaThread "C2 CompilerThread5" daemon [_thread_blocked, id=32733, stack(0x00007f7203eff000,0x00007f7204000000)]
  0x00007f732c2b4800 JavaThread "C2 CompilerThread4" daemon [_thread_blocked, id=32731, stack(0x00007f722c0e8000,0x00007f722c1e9000)]
  0x00007f732c2b2800 JavaThread "C2 CompilerThread3" daemon [_thread_blocked, id=32730, stack(0x00007f722c1e9000,0x00007f722c2ea000)]
  0x00007f732c2b1000 JavaThread "C2 CompilerThread2" daemon [_thread_blocked, id=32729, stack(0x00007f722c2ea000,0x00007f722c3eb000)]
  0x00007f732c2af000 JavaThread "C2 CompilerThread1" daemon [_thread_blocked, id=32728, stack(0x00007f722c3eb000,0x00007f722c4ec000)]
  0x00007f732c2ad000 JavaThread "C2 CompilerThread0" daemon [_thread_blocked, id=32727, stack(0x00007f722c4ec000,0x00007f722c5ed000)]
  0x00007f732c2ab000 JavaThread "Signal Dispatcher" daemon [_thread_blocked, id=32726, stack(0x00007f722c5ed000,0x00007f722c6ee000)]
  0x00007f732c291000 JavaThread "Finalizer" daemon [_thread_blocked, id=32725, stack(0x00007f722c6ee000,0x00007f722c7ef000)]
  0x00007f732c288800 JavaThread "Reference Handler" daemon [_thread_blocked, id=32724, stack(0x00007f722c7ef000,0x00007f722c8f0000)]
  0x00007f732c011800 JavaThread "main" [_thread_in_native, id=32675, stack(0x00007f733332d000,0x00007f733342c000)]

Other Threads:
  0x00007f732c281000 VMThread "VM Thread" [stack: 0x00007f722c8f2000,0x00007f722c9f2000] [id=32723]
  0x00007f732c37b800 WatcherThread [stack: 0x00007f72030ce000,0x00007f72031ce000] [id=32743]
  0x00007f732c034000 GCTaskThread "GC Thread#0" [stack: 0x00007f7332587000,0x00007f7332687000] [id=32676]
  0x00007f732c035800 GCTaskThread "GC Thread#1" [stack: 0x00007f7332485000,0x00007f7332585000] [id=32677]
  0x00007f732c037000 GCTaskThread "GC Thread#2" [stack: 0x00007f7332383000,0x00007f7332483000] [id=32678]
  0x00007f732c039000 GCTaskThread "GC Thread#3" [stack: 0x00007f7332281000,0x00007f7332381000] [id=32679]
  0x00007f732c03a800 GCTaskThread "GC Thread#4" [stack: 0x00007f733217f000,0x00007f733227f000] [id=32680]
  0x00007f732c03c800 GCTaskThread "GC Thread#5" [stack: 0x00007f733207d000,0x00007f733217d000] [id=32681]
  0x00007f732c03e000 GCTaskThread "GC Thread#6" [stack: 0x00007f7331f7b000,0x00007f733207b000] [id=32682]
  0x00007f732c03f800 GCTaskThread "GC Thread#7" [stack: 0x00007f7331e79000,0x00007f7331f79000] [id=32683]
  0x00007f732c041800 GCTaskThread "GC Thread#8" [stack: 0x00007f7331d77000,0x00007f7331e77000] [id=32684]
  0x00007f732c043000 GCTaskThread "GC Thread#9" [stack: 0x00007f7331c75000,0x00007f7331d75000] [id=32685]
  0x00007f732c045000 GCTaskThread "GC Thread#10" [stack: 0x00007f7331b73000,0x00007f7331c73000] [id=32686]
  0x00007f732c046800 GCTaskThread "GC Thread#11" [stack: 0x00007f7331a71000,0x00007f7331b71000] [id=32687]
  0x00007f732c048800 GCTaskThread "GC Thread#12" [stack: 0x00007f733196f000,0x00007f7331a6f000] [id=32688]
  0x00007f732c04a000 GCTaskThread "GC Thread#13" [stack: 0x00007f733186d000,0x00007f733196d000] [id=32689]
  0x00007f732c04c000 GCTaskThread "GC Thread#14" [stack: 0x00007f733176b000,0x00007f733186b000] [id=32690]
  0x00007f732c04d800 GCTaskThread "GC Thread#15" [stack: 0x00007f7331669000,0x00007f7331769000] [id=32691]
  0x00007f732c04f800 GCTaskThread "GC Thread#16" [stack: 0x00007f7331567000,0x00007f7331667000] [id=32692]
  0x00007f732c051000 GCTaskThread "GC Thread#17" [stack: 0x00007f7331465000,0x00007f7331565000] [id=32693]
  0x00007f732c052800 GCTaskThread "GC Thread#18" [stack: 0x00007f7331363000,0x00007f7331463000] [id=32694]
  0x00007f732c054800 GCTaskThread "GC Thread#19" [stack: 0x00007f7331261000,0x00007f7331361000] [id=32695]
  0x00007f732c09f800 ConcurrentGCThread "G1 Main Marker" [stack: 0x00007f7310197000,0x00007f7310297000] [id=32717]
  0x00007f732c0a1000 ConcurrentGCThread "G1 Marker#0" [stack: 0x00007f7310095000,0x00007f7310195000] [id=32718]
  0x00007f732c0a3000 ConcurrentGCThread "G1 Marker#1" [stack: 0x00007f72449ef000,0x00007f7244aef000] [id=32719]
  0x00007f732c0a4800 ConcurrentGCThread "G1 Marker#2" [stack: 0x00007f72448ed000,0x00007f72449ed000] [id=32720]
  0x00007f732c0a6800 ConcurrentGCThread "G1 Marker#3" [stack: 0x00007f72447eb000,0x00007f72448eb000] [id=32721]
  0x00007f732c0a8000 ConcurrentGCThread "G1 Marker#4" [stack: 0x00007f72446e9000,0x00007f72447e9000] [id=32722]
  0x00007f732c079000 ConcurrentGCThread "G1 Refine#0" [stack: 0x00007f731051b000,0x00007f731061b000] [id=32715]
  0x00007f732c077000 ConcurrentGCThread "G1 Refine#1" [stack: 0x00007f731061d000,0x00007f731071d000] [id=32714]
  0x00007f732c075000 ConcurrentGCThread "G1 Refine#2" [stack: 0x00007f731071f000,0x00007f731081f000] [id=32713]
  0x00007f732c073800 ConcurrentGCThread "G1 Refine#3" [stack: 0x00007f7310821000,0x00007f7310921000] [id=32712]
  0x00007f732c071800 ConcurrentGCThread "G1 Refine#4" [stack: 0x00007f7310923000,0x00007f7310a23000] [id=32711]
  0x00007f732c070000 ConcurrentGCThread "G1 Refine#5" [stack: 0x00007f7310a25000,0x00007f7310b25000] [id=32710]
  0x00007f732c06e000 ConcurrentGCThread "G1 Refine#6" [stack: 0x00007f7310b27000,0x00007f7310c27000] [id=32709]
  0x00007f732c06c800 ConcurrentGCThread "G1 Refine#7" [stack: 0x00007f7310c29000,0x00007f7310d29000] [id=32708]
  0x00007f732c06a800 ConcurrentGCThread "G1 Refine#8" [stack: 0x00007f7310d2b000,0x00007f7310e2b000] [id=32707]
  0x00007f732c069000 ConcurrentGCThread "G1 Refine#9" [stack: 0x00007f7310e2d000,0x00007f7310f2d000] [id=32706]
  0x00007f732c067000 ConcurrentGCThread "G1 Refine#10" [stack: 0x00007f7310f2f000,0x00007f731102f000] [id=32705]
  0x00007f732c065000 ConcurrentGCThread "G1 Refine#11" [stack: 0x00007f7311031000,0x00007f7311131000] [id=32704]
  0x00007f732c063800 ConcurrentGCThread "G1 Refine#12" [stack: 0x00007f7311133000,0x00007f7311233000] [id=32703]
  0x00007f732c061800 ConcurrentGCThread "G1 Refine#13" [stack: 0x00007f7311235000,0x00007f7311335000] [id=32702]
  0x00007f732c060000 ConcurrentGCThread "G1 Refine#14" [stack: 0x00007f7311337000,0x00007f7311437000] [id=32701]
  0x00007f732c05e000 ConcurrentGCThread "G1 Refine#15" [stack: 0x00007f7311439000,0x00007f7311539000] [id=32700]
  0x00007f732c05c800 ConcurrentGCThread "G1 Refine#16" [stack: 0x00007f731153b000,0x00007f731163b000] [id=32699]
  0x00007f732c05a800 ConcurrentGCThread "G1 Refine#17" [stack: 0x00007f731163d000,0x00007f731173d000] [id=32698]
  0x00007f732c059000 ConcurrentGCThread "G1 Refine#18" [stack: 0x00007f731173f000,0x00007f731183f000] [id=32697]
  0x00007f732c057000 ConcurrentGCThread "G1 Refine#19" [stack: 0x00007f7311841000,0x00007f7311941000] [id=32696]
  0x00007f732c07a800 ConcurrentGCThread "G1 Young RemSet Sampling" [stack: 0x00007f7310419000,0x00007f7310519000] [id=32716]

Threads with active compile tasks:
C1 CompilerThread8 240 %     3       org.eclipse.core.runtime.adaptor.EclipseStarter::main @ 4624 (7628 bytes)

VM state:not at safepoint (normal execution)

VM Mutex/Monitor currently owned by a thread: None

Heap address: 0x00000003d7c00000, size: 16004 MB, Compressed Oops mode: Zero based, Oop shift amount: 3
Narrow klass base: 0x0000000000000000, Narrow klass shift: 3
Compressed class space size: 1073741824 Address: 0x00000007c0000000

Heap:
 garbage-first heap   total 1028096K, used 8192K [0x00000003d7c00000, 0x00000003d80007d8, 0x00000007c0000000)
  region size 4096K, 3 young (12288K), 0 survivors (0K)
 Metaspace       used 4317K, capacity 4680K, committed 4864K, reserved 1056768K
  class space    used 356K, capacity 388K, committed 512K, reserved 1048576K
Heap Regions: E=young(eden), S=young(survivor), O=old, HS=humongous(starts), HC=humongous(continues), CS=collection set, F=free, A=archive, TS=gc time stamp, AC=allocation context, TAMS=top-at-mark-start (previous, next)
|   0|0x00000003d7c00000, 0x00000003d7c00000, 0x00000003d8000000|  0%| F|  |TS  0|AC  0|TAMS 0x00000003d7c00000, 0x00000003d7c00000|
|   1|0x00000003d8000000, 0x00000003d8000000, 0x00000003d8400000|  0%| F|  |TS  0|AC  0|TAMS 0x00000003d8000000, 0x00000003d8000000|
|   2|0x00000003d8400000, 0x00000003d8400000, 0x00000003d8800000|  0%| F|  |TS  0|AC  0|TAMS 0x00000003d8400000, 0x00000003d8400000|
|   3|0x00000003d8800000, 0x00000003d8800000, 0x00000003d8c00000|  0%| F|  |TS  0|AC  0|TAMS 0x00000003d8800000, 0x00000003d8800000|
|   4|0x00000003d8c00000, 0x00000003d8c00000, 0x00000003d9000000|  0%| F|  |TS  0|AC  0|TAMS 0x00000003d8c00000, 0x00000003d8c00000|
|   5|0x00000003d9000000, 0x00000003d9000000, 0x00000003d9400000|  0%| F|  |TS  0|AC  0|TAMS 0x00000003d9000000, 0x00000003d9000000|
|   6|0x00000003d9400000, 0x00000003d9400000, 0x00000003d9800000|  0%| F|  |TS  0|AC  0|TAMS 0x00000003d9400000, 0x00000003d9400000|
|   7|0x00000003d9800000, 0x00000003d9800000, 0x00000003d9c00000|  0%| F|  |TS  0|AC  0|TAMS 0x00000003d9800000, 0x00000003d9800000|
|   8|0x00000003d9c00000, 0x00000003d9c00000, 0x00000003da000000|  0%| F|  |TS  0|AC  0|TAMS 0x00000003d9c00000, 0x00000003d9c00000|
|   9|0x00000003da000000, 0x00000003da000000, 0x00000003da400000|  0%| F|  |TS  0|AC  0|TAMS 0x00000003da000000, 0x00000003da000000|
|  10|0x00000003da400000, 0x00000003da400000, 0x00000003da800000|  0%| F|  |TS  0|AC  0|TAMS 0x00000003da400000, 0x00000003da400000|
|  11|0x00000003da800000, 0x00000003da800000, 0x00000003dac00000|  0%| F|  |TS  0|AC  0|TAMS 0x00000003da800000, 0x00000003da800000|
|  12|0x00000003dac00000, 0x00000003dac00000, 0x00000003db000000|  0%| F|  |TS  0|AC  0|TAMS 0x00000003dac00000, 0x00000003dac00000|
|  13|0x00000003db000000, 0x00000003db000000, 0x00000003db400000|  0%| F|  |TS  0|AC  0|TAMS 0x00000003db000000, 0x00000003db000000|
|  14|0x00000003db400000, 0x00000003db400000, 0x00000003db800000|  0%| F|  |TS  0|AC  0|TAMS 0x00000003db400000, 0x00000003db400000|
|  15|0x00000003db800000, 0x00000003db800000, 0x00000003dbc00000|  0%| F|  |TS  0|AC  0|TAMS 0x00000003db800000, 0x00000003db800000|
|  16|0x00000003dbc00000, 0x00000003dbc00000, 0x00000003dc000000|  0%| F|  |TS  0|AC  0|TAMS 0x00000003dbc00000, 0x00000003dbc00000|
|  17|0x00000003dc000000, 0x00000003dc000000, 0x00000003dc400000|  0%| F|  |TS  0|AC  0|TAMS 0x00000003dc000000, 0x00000003dc000000|
|  18|0x00000003dc400000, 0x00000003dc400000, 0x00000003dc800000|  0%| F|  |TS  0|AC  0|TAMS 0x00000003dc400000, 0x00000003dc400000|
|  19|0x00000003dc800000, 0x00000003dc800000, 0x00000003dcc00000|  0%| F|  |TS  0|AC  0|TAMS 0x00000003dc800000, 0x00000003dc800000|
|  20|0x00000003dcc00000, 0x00000003dcc00000, 0x00000003dd000000|  0%| F|  |TS  0|AC  0|TAMS 0x00000003dcc00000, 0x00000003dcc00000|
|  21|0x00000003dd000000, 0x00000003dd000000, 0x00000003dd400000|  0%| F|  |TS  0|AC  0|TAMS 0x00000003dd000000, 0x00000003dd000000|
|  22|0x00000003dd400000, 0x00000003dd400000, 0x00000003dd800000|  0%| F|  |TS  0|AC  0|TAMS 0x00000003dd400000, 0x00000003dd400000|
|  23|0x00000003dd800000, 0x00000003dd800000, 0x00000003ddc00000|  0%| F|  |TS  0|AC  0|TAMS 0x00000003dd800000, 0x00000003dd800000|
|  24|0x00000003ddc00000, 0x00000003ddc00000, 0x00000003de000000|  0%| F|  |TS  0|AC  0|TAMS 0x00000003ddc00000, 0x00000003ddc00000|
|  25|0x00000003de000000, 0x00000003de000000, 0x00000003de400000|  0%| F|  |TS  0|AC  0|TAMS 0x00000003de000000, 0x00000003de000000|
|  26|0x00000003de400000, 0x00000003de400000, 0x00000003de800000|  0%| F|  |TS  0|AC  0|TAMS 0x00000003de400000, 0x00000003de400000|
|  27|0x00000003de800000, 0x00000003de800000, 0x00000003dec00000|  0%| F|  |TS  0|AC  0|TAMS 0x00000003de800000, 0x00000003de800000|
|  28|0x00000003dec00000, 0x00000003dec00000, 0x00000003df000000|  0%| F|  |TS  0|AC  0|TAMS 0x00000003dec00000, 0x00000003dec00000|
|  29|0x00000003df000000, 0x00000003df000000, 0x00000003df400000|  0%| F|  |TS  0|AC  0|TAMS 0x00000003df000000, 0x00000003df000000|
|  30|0x00000003df400000, 0x00000003df400000, 0x00000003df800000|  0%| F|  |TS  0|AC  0|TAMS 0x00000003df400000, 0x00000003df400000|
|  31|0x00000003df800000, 0x00000003df800000, 0x00000003dfc00000|  0%| F|  |TS  0|AC  0|TAMS 0x00000003df800000, 0x00000003df800000|
|  32|0x00000003dfc00000, 0x00000003dfc00000, 0x00000003e0000000|  0%| F|  |TS  0|AC  0|TAMS 0x00000003dfc00000, 0x00000003dfc00000|
|  33|0x00000003e0000000, 0x00000003e0000000, 0x00000003e0400000|  0%| F|  |TS  0|AC  0|TAMS 0x00000003e0000000, 0x00000003e0000000|
|  34|0x00000003e0400000, 0x00000003e0400000, 0x00000003e0800000|  0%| F|  |TS  0|AC  0|TAMS 0x00000003e0400000, 0x00000003e0400000|
|  35|0x00000003e0800000, 0x00000003e0800000, 0x00000003e0c00000|  0%| F|  |TS  0|AC  0|TAMS 0x00000003e0800000, 0x00000003e0800000|
|  36|0x00000003e0c00000, 0x00000003e0c00000, 0x00000003e1000000|  0%| F|  |TS  0|AC  0|TAMS 0x00000003e0c00000, 0x00000003e0c00000|
|  37|0x00000003e1000000, 0x00000003e1000000, 0x00000003e1400000|  0%| F|  |TS  0|AC  0|TAMS 0x00000003e1000000, 0x00000003e1000000|
|  38|0x00000003e1400000, 0x00000003e1400000, 0x00000003e1800000|  0%| F|  |TS  0|AC  0|TAMS 0x00000003e1400000, 0x00000003e1400000|
|  39|0x00000003e1800000, 0x00000003e1800000, 0x00000003e1c00000|  0%| F|  |TS  0|AC  0|TAMS 0x00000003e1800000, 0x00000003e1800000|
|  40|0x00000003e1c00000, 0x00000003e1c00000, 0x00000003e2000000|  0%| F|  |TS  0|AC  0|TAMS 0x00000003e1c00000, 0x00000003e1c00000|
|  41|0x00000003e2000000, 0x00000003e2000000, 0x00000003e2400000|  0%| F|  |TS  0|AC  0|TAMS 0x00000003e2000000, 0x00000003e2000000|
|  42|0x00000003e2400000, 0x00000003e2400000, 0x00000003e2800000|  0%| F|  |TS  0|AC  0|TAMS 0x00000003e2400000, 0x00000003e2400000|
|  43|0x00000003e2800000, 0x00000003e2800000, 0x00000003e2c00000|  0%| F|  |TS  0|AC  0|TAMS 0x00000003e2800000, 0x00000003e2800000|
|  44|0x00000003e2c00000, 0x00000003e2c00000, 0x00000003e3000000|  0%| F|  |TS  0|AC  0|TAMS 0x00000003e2c00000, 0x00000003e2c00000|
|  45|0x00000003e3000000, 0x00000003e3000000, 0x00000003e3400000|  0%| F|  |TS  0|AC  0|TAMS 0x00000003e3000000, 0x00000003e3000000|
|  46|0x00000003e3400000, 0x00000003e3400000, 0x00000003e3800000|  0%| F|  |TS  0|AC  0|TAMS 0x00000003e3400000, 0x00000003e3400000|
|  47|0x00000003e3800000, 0x00000003e3800000, 0x00000003e3c00000|  0%| F|  |TS  0|AC  0|TAMS 0x00000003e3800000, 0x00000003e3800000|
|  48|0x00000003e3c00000, 0x00000003e3c00000, 0x00000003e4000000|  0%| F|  |TS  0|AC  0|TAMS 0x00000003e3c00000, 0x00000003e3c00000|
|  49|0x00000003e4000000, 0x00000003e4000000, 0x00000003e4400000|  0%| F|  |TS  0|AC  0|TAMS 0x00000003e4000000, 0x00000003e4000000|
|  50|0x00000003e4400000, 0x00000003e4400000, 0x00000003e4800000|  0%| F|  |TS  0|AC  0|TAMS 0x00000003e4400000, 0x00000003e4400000|
|  51|0x00000003e4800000, 0x00000003e4800000, 0x00000003e4c00000|  0%| F|  |TS  0|AC  0|TAMS 0x00000003e4800000, 0x00000003e4800000|
|  52|0x00000003e4c00000, 0x00000003e4c00000, 0x00000003e5000000|  0%| F|  |TS  0|AC  0|TAMS 0x00000003e4c00000, 0x00000003e4c00000|
|  53|0x00000003e5000000, 0x00000003e5000000, 0x00000003e5400000|  0%| F|  |TS  0|AC  0|TAMS 0x00000003e5000000, 0x00000003e5000000|
|  54|0x00000003e5400000, 0x00000003e5400000, 0x00000003e5800000|  0%| F|  |TS  0|AC  0|TAMS 0x00000003e5400000, 0x00000003e5400000|
|  55|0x00000003e5800000, 0x00000003e5800000, 0x00000003e5c00000|  0%| F|  |TS  0|AC  0|TAMS 0x00000003e5800000, 0x00000003e5800000|
|  56|0x00000003e5c00000, 0x00000003e5c00000, 0x00000003e6000000|  0%| F|  |TS  0|AC  0|TAMS 0x00000003e5c00000, 0x00000003e5c00000|
|  57|0x00000003e6000000, 0x00000003e6000000, 0x00000003e6400000|  0%| F|  |TS  0|AC  0|TAMS 0x00000003e6000000, 0x00000003e6000000|
|  58|0x00000003e6400000, 0x00000003e6400000, 0x00000003e6800000|  0%| F|  |TS  0|AC  0|TAMS 0x00000003e6400000, 0x00000003e6400000|
|  59|0x00000003e6800000, 0x00000003e6800000, 0x00000003e6c00000|  0%| F|  |TS  0|AC  0|TAMS 0x00000003e6800000, 0x00000003e6800000|
|  60|0x00000003e6c00000, 0x00000003e6c00000, 0x00000003e7000000|  0%| F|  |TS  0|AC  0|TAMS 0x00000003e6c00000, 0x00000003e6c00000|
|  61|0x00000003e7000000, 0x00000003e7000000, 0x00000003e7400000|  0%| F|  |TS  0|AC  0|TAMS 0x00000003e7000000, 0x00000003e7000000|
|  62|0x00000003e7400000, 0x00000003e7400000, 0x00000003e7800000|  0%| F|  |TS  0|AC  0|TAMS 0x00000003e7400000, 0x00000003e7400000|
|  63|0x00000003e7800000, 0x00000003e7800000, 0x00000003e7c00000|  0%| F|  |TS  0|AC  0|TAMS 0x00000003e7800000, 0x00000003e7800000|
|  64|0x00000003e7c00000, 0x00000003e7c00000, 0x00000003e8000000|  0%| F|  |TS  0|AC  0|TAMS 0x00000003e7c00000, 0x00000003e7c00000|
|  65|0x00000003e8000000, 0x00000003e8000000, 0x00000003e8400000|  0%| F|  |TS  0|AC  0|TAMS 0x00000003e8000000, 0x00000003e8000000|
|  66|0x00000003e8400000, 0x00000003e8400000, 0x00000003e8800000|  0%| F|  |TS  0|AC  0|TAMS 0x00000003e8400000, 0x00000003e8400000|
|  67|0x00000003e8800000, 0x00000003e8800000, 0x00000003e8c00000|  0%| F|  |TS  0|AC  0|TAMS 0x00000003e8800000, 0x00000003e8800000|
|  68|0x00000003e8c00000, 0x00000003e8c00000, 0x00000003e9000000|  0%| F|  |TS  0|AC  0|TAMS 0x00000003e8c00000, 0x00000003e8c00000|
|  69|0x00000003e9000000, 0x00000003e9000000, 0x00000003e9400000|  0%| F|  |TS  0|AC  0|TAMS 0x00000003e9000000, 0x00000003e9000000|
|  70|0x00000003e9400000, 0x00000003e9400000, 0x00000003e9800000|  0%| F|  |TS  0|AC  0|TAMS 0x00000003e9400000, 0x00000003e9400000|
|  71|0x00000003e9800000, 0x00000003e9800000, 0x00000003e9c00000|  0%| F|  |TS  0|AC  0|TAMS 0x00000003e9800000, 0x00000003e9800000|
|  72|0x00000003e9c00000, 0x00000003e9c00000, 0x00000003ea000000|  0%| F|  |TS  0|AC  0|TAMS 0x00000003e9c00000, 0x00000003e9c00000|
|  73|0x00000003ea000000, 0x00000003ea000000, 0x00000003ea400000|  0%| F|  |TS  0|AC  0|TAMS 0x00000003ea000000, 0x00000003ea000000|
|  74|0x00000003ea400000, 0x00000003ea400000, 0x00000003ea800000|  0%| F|  |TS  0|AC  0|TAMS 0x00000003ea400000, 0x00000003ea400000|
|  75|0x00000003ea800000, 0x00000003ea800000, 0x00000003eac00000|  0%| F|  |TS  0|AC  0|TAMS 0x00000003ea800000, 0x00000003ea800000|
|  76|0x00000003eac00000, 0x00000003eac00000, 0x00000003eb000000|  0%| F|  |TS  0|AC  0|TAMS 0x00000003eac00000, 0x00000003eac00000|
|  77|0x00000003eb000000, 0x00000003eb000000, 0x00000003eb400000|  0%| F|  |TS  0|AC  0|TAMS 0x00000003eb000000, 0x00000003eb000000|
|  78|0x00000003eb400000, 0x00000003eb400000, 0x00000003eb800000|  0%| F|  |TS  0|AC  0|TAMS 0x00000003eb400000, 0x00000003eb400000|
|  79|0x00000003eb800000, 0x00000003eb800000, 0x00000003ebc00000|  0%| F|  |TS  0|AC  0|TAMS 0x00000003eb800000, 0x00000003eb800000|
|  80|0x00000003ebc00000, 0x00000003ebc00000, 0x00000003ec000000|  0%| F|  |TS  0|AC  0|TAMS 0x00000003ebc00000, 0x00000003ebc00000|
|  81|0x00000003ec000000, 0x00000003ec000000, 0x00000003ec400000|  0%| F|  |TS  0|AC  0|TAMS 0x00000003ec000000, 0x00000003ec000000|
|  82|0x00000003ec400000, 0x00000003ec400000, 0x00000003ec800000|  0%| F|  |TS  0|AC  0|TAMS 0x00000003ec400000, 0x00000003ec400000|
|  83|0x00000003ec800000, 0x00000003ec800000, 0x00000003ecc00000|  0%| F|  |TS  0|AC  0|TAMS 0x00000003ec800000, 0x00000003ec800000|
|  84|0x00000003ecc00000, 0x00000003ecc00000, 0x00000003ed000000|  0%| F|  |TS  0|AC  0|TAMS 0x00000003ecc00000, 0x00000003ecc00000|
|  85|0x00000003ed000000, 0x00000003ed000000, 0x00000003ed400000|  0%| F|  |TS  0|AC  0|TAMS 0x00000003ed000000, 0x00000003ed000000|
|  86|0x00000003ed400000, 0x00000003ed400000, 0x00000003ed800000|  0%| F|  |TS  0|AC  0|TAMS 0x00000003ed400000, 0x00000003ed400000|
|  87|0x00000003ed800000, 0x00000003ed800000, 0x00000003edc00000|  0%| F|  |TS  0|AC  0|TAMS 0x00000003ed800000, 0x00000003ed800000|
|  88|0x00000003edc00000, 0x00000003edc00000, 0x00000003ee000000|  0%| F|  |TS  0|AC  0|TAMS 0x00000003edc00000, 0x00000003edc00000|
|  89|0x00000003ee000000, 0x00000003ee000000, 0x00000003ee400000|  0%| F|  |TS  0|AC  0|TAMS 0x00000003ee000000, 0x00000003ee000000|
|  90|0x00000003ee400000, 0x00000003ee400000, 0x00000003ee800000|  0%| F|  |TS  0|AC  0|TAMS 0x00000003ee400000, 0x00000003ee400000|
|  91|0x00000003ee800000, 0x00000003ee800000, 0x00000003eec00000|  0%| F|  |TS  0|AC  0|TAMS 0x00000003ee800000, 0x00000003ee800000|
|  92|0x00000003eec00000, 0x00000003eec00000, 0x00000003ef000000|  0%| F|  |TS  0|AC  0|TAMS 0x00000003eec00000, 0x00000003eec00000|
|  93|0x00000003ef000000, 0x00000003ef000000, 0x00000003ef400000|  0%| F|  |TS  0|AC  0|TAMS 0x00000003ef000000, 0x00000003ef000000|
|  94|0x00000003ef400000, 0x00000003ef400000, 0x00000003ef800000|  0%| F|  |TS  0|AC  0|TAMS 0x00000003ef400000, 0x00000003ef400000|
|  95|0x00000003ef800000, 0x00000003ef800000, 0x00000003efc00000|  0%| F|  |TS  0|AC  0|TAMS 0x00000003ef800000, 0x00000003ef800000|
|  96|0x00000003efc00000, 0x00000003efc00000, 0x00000003f0000000|  0%| F|  |TS  0|AC  0|TAMS 0x00000003efc00000, 0x00000003efc00000|
|  97|0x00000003f0000000, 0x00000003f0000000, 0x00000003f0400000|  0%| F|  |TS  0|AC  0|TAMS 0x00000003f0000000, 0x00000003f0000000|
|  98|0x00000003f0400000, 0x00000003f0400000, 0x00000003f0800000|  0%| F|  |TS  0|AC  0|TAMS 0x00000003f0400000, 0x00000003f0400000|
|  99|0x00000003f0800000, 0x00000003f0800000, 0x00000003f0c00000|  0%| F|  |TS  0|AC  0|TAMS 0x00000003f0800000, 0x00000003f0800000|
| 100|0x00000003f0c00000, 0x00000003f0c00000, 0x00000003f1000000|  0%| F|  |TS  0|AC  0|TAMS 0x00000003f0c00000, 0x00000003f0c00000|
| 101|0x00000003f1000000, 0x00000003f1000000, 0x00000003f1400000|  0%| F|  |TS  0|AC  0|TAMS 0x00000003f1000000, 0x00000003f1000000|
| 102|0x00000003f1400000, 0x00000003f1400000, 0x00000003f1800000|  0%| F|  |TS  0|AC  0|TAMS 0x00000003f1400000, 0x00000003f1400000|
| 103|0x00000003f1800000, 0x00000003f1800000, 0x00000003f1c00000|  0%| F|  |TS  0|AC  0|TAMS 0x00000003f1800000, 0x00000003f1800000|
| 104|0x00000003f1c00000, 0x00000003f1c00000, 0x00000003f2000000|  0%| F|  |TS  0|AC  0|TAMS 0x00000003f1c00000, 0x00000003f1c00000|
| 105|0x00000003f2000000, 0x00000003f2000000, 0x00000003f2400000|  0%| F|  |TS  0|AC  0|TAMS 0x00000003f2000000, 0x00000003f2000000|
| 106|0x00000003f2400000, 0x00000003f2400000, 0x00000003f2800000|  0%| F|  |TS  0|AC  0|TAMS 0x00000003f2400000, 0x00000003f2400000|
| 107|0x00000003f2800000, 0x00000003f2800000, 0x00000003f2c00000|  0%| F|  |TS  0|AC  0|TAMS 0x00000003f2800000, 0x00000003f2800000|
| 108|0x00000003f2c00000, 0x00000003f2c00000, 0x00000003f3000000|  0%| F|  |TS  0|AC  0|TAMS 0x00000003f2c00000, 0x00000003f2c00000|
| 109|0x00000003f3000000, 0x00000003f3000000, 0x00000003f3400000|  0%| F|  |TS  0|AC  0|TAMS 0x00000003f3000000, 0x00000003f3000000|
| 110|0x00000003f3400000, 0x00000003f3400000, 0x00000003f3800000|  0%| F|  |TS  0|AC  0|TAMS 0x00000003f3400000, 0x00000003f3400000|
| 111|0x00000003f3800000, 0x00000003f3800000, 0x00000003f3c00000|  0%| F|  |TS  0|AC  0|TAMS 0x00000003f3800000, 0x00000003f3800000|
| 112|0x00000003f3c00000, 0x00000003f3c00000, 0x00000003f4000000|  0%| F|  |TS  0|AC  0|TAMS 0x00000003f3c00000, 0x00000003f3c00000|
| 113|0x00000003f4000000, 0x00000003f4000000, 0x00000003f4400000|  0%| F|  |TS  0|AC  0|TAMS 0x00000003f4000000, 0x00000003f4000000|
| 114|0x00000003f4400000, 0x00000003f4400000, 0x00000003f4800000|  0%| F|  |TS  0|AC  0|TAMS 0x00000003f4400000, 0x00000003f4400000|
| 115|0x00000003f4800000, 0x00000003f4800000, 0x00000003f4c00000|  0%| F|  |TS  0|AC  0|TAMS 0x00000003f4800000, 0x00000003f4800000|
| 116|0x00000003f4c00000, 0x00000003f4c00000, 0x00000003f5000000|  0%| F|  |TS  0|AC  0|TAMS 0x00000003f4c00000, 0x00000003f4c00000|
| 117|0x00000003f5000000, 0x00000003f5000000, 0x00000003f5400000|  0%| F|  |TS  0|AC  0|TAMS 0x00000003f5000000, 0x00000003f5000000|
| 118|0x00000003f5400000, 0x00000003f5400000, 0x00000003f5800000|  0%| F|  |TS  0|AC  0|TAMS 0x00000003f5400000, 0x00000003f5400000|
| 119|0x00000003f5800000, 0x00000003f5800000, 0x00000003f5c00000|  0%| F|  |TS  0|AC  0|TAMS 0x00000003f5800000, 0x00000003f5800000|
| 120|0x00000003f5c00000, 0x00000003f5c00000, 0x00000003f6000000|  0%| F|  |TS  0|AC  0|TAMS 0x00000003f5c00000, 0x00000003f5c00000|
| 121|0x00000003f6000000, 0x00000003f6000000, 0x00000003f6400000|  0%| F|  |TS  0|AC  0|TAMS 0x00000003f6000000, 0x00000003f6000000|
| 122|0x00000003f6400000, 0x00000003f6400000, 0x00000003f6800000|  0%| F|  |TS  0|AC  0|TAMS 0x00000003f6400000, 0x00000003f6400000|
| 123|0x00000003f6800000, 0x00000003f6800000, 0x00000003f6c00000|  0%| F|  |TS  0|AC  0|TAMS 0x00000003f6800000, 0x00000003f6800000|
| 124|0x00000003f6c00000, 0x00000003f6c00000, 0x00000003f7000000|  0%| F|  |TS  0|AC  0|TAMS 0x00000003f6c00000, 0x00000003f6c00000|
| 125|0x00000003f7000000, 0x00000003f7000000, 0x00000003f7400000|  0%| F|  |TS  0|AC  0|TAMS 0x00000003f7000000, 0x00000003f7000000|
| 126|0x00000003f7400000, 0x00000003f7400000, 0x00000003f7800000|  0%| F|  |TS  0|AC  0|TAMS 0x00000003f7400000, 0x00000003f7400000|
| 127|0x00000003f7800000, 0x00000003f7800000, 0x00000003f7c00000|  0%| F|  |TS  0|AC  0|TAMS 0x00000003f7800000, 0x00000003f7800000|
| 128|0x00000003f7c00000, 0x00000003f7c00000, 0x00000003f8000000|  0%| F|  |TS  0|AC  0|TAMS 0x00000003f7c00000, 0x00000003f7c00000|
| 129|0x00000003f8000000, 0x00000003f8000000, 0x00000003f8400000|  0%| F|  |TS  0|AC  0|TAMS 0x00000003f8000000, 0x00000003f8000000|
| 130|0x00000003f8400000, 0x00000003f8400000, 0x00000003f8800000|  0%| F|  |TS  0|AC  0|TAMS 0x00000003f8400000, 0x00000003f8400000|
| 131|0x00000003f8800000, 0x00000003f8800000, 0x00000003f8c00000|  0%| F|  |TS  0|AC  0|TAMS 0x00000003f8800000, 0x00000003f8800000|
| 132|0x00000003f8c00000, 0x00000003f8c00000, 0x00000003f9000000|  0%| F|  |TS  0|AC  0|TAMS 0x00000003f8c00000, 0x00000003f8c00000|
| 133|0x00000003f9000000, 0x00000003f9000000, 0x00000003f9400000|  0%| F|  |TS  0|AC  0|TAMS 0x00000003f9000000, 0x00000003f9000000|
| 134|0x00000003f9400000, 0x00000003f9400000, 0x00000003f9800000|  0%| F|  |TS  0|AC  0|TAMS 0x00000003f9400000, 0x00000003f9400000|
| 135|0x00000003f9800000, 0x00000003f9800000, 0x00000003f9c00000|  0%| F|  |TS  0|AC  0|TAMS 0x00000003f9800000, 0x00000003f9800000|
| 136|0x00000003f9c00000, 0x00000003f9c00000, 0x00000003fa000000|  0%| F|  |TS  0|AC  0|TAMS 0x00000003f9c00000, 0x00000003f9c00000|
| 137|0x00000003fa000000, 0x00000003fa000000, 0x00000003fa400000|  0%| F|  |TS  0|AC  0|TAMS 0x00000003fa000000, 0x00000003fa000000|
| 138|0x00000003fa400000, 0x00000003fa400000, 0x00000003fa800000|  0%| F|  |TS  0|AC  0|TAMS 0x00000003fa400000, 0x00000003fa400000|
| 139|0x00000003fa800000, 0x00000003fa800000, 0x00000003fac00000|  0%| F|  |TS  0|AC  0|TAMS 0x00000003fa800000, 0x00000003fa800000|
| 140|0x00000003fac00000, 0x00000003fac00000, 0x00000003fb000000|  0%| F|  |TS  0|AC  0|TAMS 0x00000003fac00000, 0x00000003fac00000|
| 141|0x00000003fb000000, 0x00000003fb000000, 0x00000003fb400000|  0%| F|  |TS  0|AC  0|TAMS 0x00000003fb000000, 0x00000003fb000000|
| 142|0x00000003fb400000, 0x00000003fb400000, 0x00000003fb800000|  0%| F|  |TS  0|AC  0|TAMS 0x00000003fb400000, 0x00000003fb400000|
| 143|0x00000003fb800000, 0x00000003fb800000, 0x00000003fbc00000|  0%| F|  |TS  0|AC  0|TAMS 0x00000003fb800000, 0x00000003fb800000|
| 144|0x00000003fbc00000, 0x00000003fbc00000, 0x00000003fc000000|  0%| F|  |TS  0|AC  0|TAMS 0x00000003fbc00000, 0x00000003fbc00000|
| 145|0x00000003fc000000, 0x00000003fc000000, 0x00000003fc400000|  0%| F|  |TS  0|AC  0|TAMS 0x00000003fc000000, 0x00000003fc000000|
| 146|0x00000003fc400000, 0x00000003fc400000, 0x00000003fc800000|  0%| F|  |TS  0|AC  0|TAMS 0x00000003fc400000, 0x00000003fc400000|
| 147|0x00000003fc800000, 0x00000003fc800000, 0x00000003fcc00000|  0%| F|  |TS  0|AC  0|TAMS 0x00000003fc800000, 0x00000003fc800000|
| 148|0x00000003fcc00000, 0x00000003fcc00000, 0x00000003fd000000|  0%| F|  |TS  0|AC  0|TAMS 0x00000003fcc00000, 0x00000003fcc00000|
| 149|0x00000003fd000000, 0x00000003fd000000, 0x00000003fd400000|  0%| F|  |TS  0|AC  0|TAMS 0x00000003fd000000, 0x00000003fd000000|
| 150|0x00000003fd400000, 0x00000003fd400000, 0x00000003fd800000|  0%| F|  |TS  0|AC  0|TAMS 0x00000003fd400000, 0x00000003fd400000|
| 151|0x00000003fd800000, 0x00000003fd800000, 0x00000003fdc00000|  0%| F|  |TS  0|AC  0|TAMS 0x00000003fd800000, 0x00000003fd800000|
| 152|0x00000003fdc00000, 0x00000003fdc00000, 0x00000003fe000000|  0%| F|  |TS  0|AC  0|TAMS 0x00000003fdc00000, 0x00000003fdc00000|
| 153|0x00000003fe000000, 0x00000003fe000000, 0x00000003fe400000|  0%| F|  |TS  0|AC  0|TAMS 0x00000003fe000000, 0x00000003fe000000|
| 154|0x00000003fe400000, 0x00000003fe400000, 0x00000003fe800000|  0%| F|  |TS  0|AC  0|TAMS 0x00000003fe400000, 0x00000003fe400000|
| 155|0x00000003fe800000, 0x00000003fe800000, 0x00000003fec00000|  0%| F|  |TS  0|AC  0|TAMS 0x00000003fe800000, 0x00000003fe800000|
| 156|0x00000003fec00000, 0x00000003fec00000, 0x00000003ff000000|  0%| F|  |TS  0|AC  0|TAMS 0x00000003fec00000, 0x00000003fec00000|
| 157|0x00000003ff000000, 0x00000003ff000000, 0x00000003ff400000|  0%| F|  |TS  0|AC  0|TAMS 0x00000003ff000000, 0x00000003ff000000|
| 158|0x00000003ff400000, 0x00000003ff400000, 0x00000003ff800000|  0%| F|  |TS  0|AC  0|TAMS 0x00000003ff400000, 0x00000003ff400000|
| 159|0x00000003ff800000, 0x00000003ff800000, 0x00000003ffc00000|  0%| F|  |TS  0|AC  0|TAMS 0x00000003ff800000, 0x00000003ff800000|
| 160|0x00000003ffc00000, 0x00000003ffc00000, 0x0000000400000000|  0%| F|  |TS  0|AC  0|TAMS 0x00000003ffc00000, 0x00000003ffc00000|
| 161|0x0000000400000000, 0x0000000400000000, 0x0000000400400000|  0%| F|  |TS  0|AC  0|TAMS 0x0000000400000000, 0x0000000400000000|
| 162|0x0000000400400000, 0x0000000400400000, 0x0000000400800000|  0%| F|  |TS  0|AC  0|TAMS 0x0000000400400000, 0x0000000400400000|
| 163|0x0000000400800000, 0x0000000400800000, 0x0000000400c00000|  0%| F|  |TS  0|AC  0|TAMS 0x0000000400800000, 0x0000000400800000|
| 164|0x0000000400c00000, 0x0000000400c00000, 0x0000000401000000|  0%| F|  |TS  0|AC  0|TAMS 0x0000000400c00000, 0x0000000400c00000|
| 165|0x0000000401000000, 0x0000000401000000, 0x0000000401400000|  0%| F|  |TS  0|AC  0|TAMS 0x0000000401000000, 0x0000000401000000|
| 166|0x0000000401400000, 0x0000000401400000, 0x0000000401800000|  0%| F|  |TS  0|AC  0|TAMS 0x0000000401400000, 0x0000000401400000|
| 167|0x0000000401800000, 0x0000000401800000, 0x0000000401c00000|  0%| F|  |TS  0|AC  0|TAMS 0x0000000401800000, 0x0000000401800000|
| 168|0x0000000401c00000, 0x0000000401c00000, 0x0000000402000000|  0%| F|  |TS  0|AC  0|TAMS 0x0000000401c00000, 0x0000000401c00000|
| 169|0x0000000402000000, 0x0000000402000000, 0x0000000402400000|  0%| F|  |TS  0|AC  0|TAMS 0x0000000402000000, 0x0000000402000000|
| 170|0x0000000402400000, 0x0000000402400000, 0x0000000402800000|  0%| F|  |TS  0|AC  0|TAMS 0x0000000402400000, 0x0000000402400000|
| 171|0x0000000402800000, 0x0000000402800000, 0x0000000402c00000|  0%| F|  |TS  0|AC  0|TAMS 0x0000000402800000, 0x0000000402800000|
| 172|0x0000000402c00000, 0x0000000402c00000, 0x0000000403000000|  0%| F|  |TS  0|AC  0|TAMS 0x0000000402c00000, 0x0000000402c00000|
| 173|0x0000000403000000, 0x0000000403000000, 0x0000000403400000|  0%| F|  |TS  0|AC  0|TAMS 0x0000000403000000, 0x0000000403000000|
| 174|0x0000000403400000, 0x0000000403400000, 0x0000000403800000|  0%| F|  |TS  0|AC  0|TAMS 0x0000000403400000, 0x0000000403400000|
| 175|0x0000000403800000, 0x0000000403800000, 0x0000000403c00000|  0%| F|  |TS  0|AC  0|TAMS 0x0000000403800000, 0x0000000403800000|
| 176|0x0000000403c00000, 0x0000000403c00000, 0x0000000404000000|  0%| F|  |TS  0|AC  0|TAMS 0x0000000403c00000, 0x0000000403c00000|
| 177|0x0000000404000000, 0x0000000404000000, 0x0000000404400000|  0%| F|  |TS  0|AC  0|TAMS 0x0000000404000000, 0x0000000404000000|
| 178|0x0000000404400000, 0x0000000404400000, 0x0000000404800000|  0%| F|  |TS  0|AC  0|TAMS 0x0000000404400000, 0x0000000404400000|
| 179|0x0000000404800000, 0x0000000404800000, 0x0000000404c00000|  0%| F|  |TS  0|AC  0|TAMS 0x0000000404800000, 0x0000000404800000|
| 180|0x0000000404c00000, 0x0000000404c00000, 0x0000000405000000|  0%| F|  |TS  0|AC  0|TAMS 0x0000000404c00000, 0x0000000404c00000|
| 181|0x0000000405000000, 0x0000000405000000, 0x0000000405400000|  0%| F|  |TS  0|AC  0|TAMS 0x0000000405000000, 0x0000000405000000|
| 182|0x0000000405400000, 0x0000000405400000, 0x0000000405800000|  0%| F|  |TS  0|AC  0|TAMS 0x0000000405400000, 0x0000000405400000|
| 183|0x0000000405800000, 0x0000000405800000, 0x0000000405c00000|  0%| F|  |TS  0|AC  0|TAMS 0x0000000405800000, 0x0000000405800000|
| 184|0x0000000405c00000, 0x0000000405c00000, 0x0000000406000000|  0%| F|  |TS  0|AC  0|TAMS 0x0000000405c00000, 0x0000000405c00000|
| 185|0x0000000406000000, 0x0000000406000000, 0x0000000406400000|  0%| F|  |TS  0|AC  0|TAMS 0x0000000406000000, 0x0000000406000000|
| 186|0x0000000406400000, 0x0000000406400000, 0x0000000406800000|  0%| F|  |TS  0|AC  0|TAMS 0x0000000406400000, 0x0000000406400000|
| 187|0x0000000406800000, 0x0000000406800000, 0x0000000406c00000|  0%| F|  |TS  0|AC  0|TAMS 0x0000000406800000, 0x0000000406800000|
| 188|0x0000000406c00000, 0x0000000406c00000, 0x0000000407000000|  0%| F|  |TS  0|AC  0|TAMS 0x0000000406c00000, 0x0000000406c00000|
| 189|0x0000000407000000, 0x0000000407000000, 0x0000000407400000|  0%| F|  |TS  0|AC  0|TAMS 0x0000000407000000, 0x0000000407000000|
| 190|0x0000000407400000, 0x0000000407400000, 0x0000000407800000|  0%| F|  |TS  0|AC  0|TAMS 0x0000000407400000, 0x0000000407400000|
| 191|0x0000000407800000, 0x0000000407800000, 0x0000000407c00000|  0%| F|  |TS  0|AC  0|TAMS 0x0000000407800000, 0x0000000407800000|
| 192|0x0000000407c00000, 0x0000000407c00000, 0x0000000408000000|  0%| F|  |TS  0|AC  0|TAMS 0x0000000407c00000, 0x0000000407c00000|
| 193|0x0000000408000000, 0x0000000408000000, 0x0000000408400000|  0%| F|  |TS  0|AC  0|TAMS 0x0000000408000000, 0x0000000408000000|
| 194|0x0000000408400000, 0x0000000408400000, 0x0000000408800000|  0%| F|  |TS  0|AC  0|TAMS 0x0000000408400000, 0x0000000408400000|
| 195|0x0000000408800000, 0x0000000408800000, 0x0000000408c00000|  0%| F|  |TS  0|AC  0|TAMS 0x0000000408800000, 0x0000000408800000|
| 196|0x0000000408c00000, 0x0000000408c00000, 0x0000000409000000|  0%| F|  |TS  0|AC  0|TAMS 0x0000000408c00000, 0x0000000408c00000|
| 197|0x0000000409000000, 0x0000000409000000, 0x0000000409400000|  0%| F|  |TS  0|AC  0|TAMS 0x0000000409000000, 0x0000000409000000|
| 198|0x0000000409400000, 0x0000000409400000, 0x0000000409800000|  0%| F|  |TS  0|AC  0|TAMS 0x0000000409400000, 0x0000000409400000|
| 199|0x0000000409800000, 0x0000000409800000, 0x0000000409c00000|  0%| F|  |TS  0|AC  0|TAMS 0x0000000409800000, 0x0000000409800000|
| 200|0x0000000409c00000, 0x0000000409c00000, 0x000000040a000000|  0%| F|  |TS  0|AC  0|TAMS 0x0000000409c00000, 0x0000000409c00000|
| 201|0x000000040a000000, 0x000000040a000000, 0x000000040a400000|  0%| F|  |TS  0|AC  0|TAMS 0x000000040a000000, 0x000000040a000000|
| 202|0x000000040a400000, 0x000000040a400000, 0x000000040a800000|  0%| F|  |TS  0|AC  0|TAMS 0x000000040a400000, 0x000000040a400000|
| 203|0x000000040a800000, 0x000000040a800000, 0x000000040ac00000|  0%| F|  |TS  0|AC  0|TAMS 0x000000040a800000, 0x000000040a800000|
| 204|0x000000040ac00000, 0x000000040ac00000, 0x000000040b000000|  0%| F|  |TS  0|AC  0|TAMS 0x000000040ac00000, 0x000000040ac00000|
| 205|0x000000040b000000, 0x000000040b000000, 0x000000040b400000|  0%| F|  |TS  0|AC  0|TAMS 0x000000040b000000, 0x000000040b000000|
| 206|0x000000040b400000, 0x000000040b400000, 0x000000040b800000|  0%| F|  |TS  0|AC  0|TAMS 0x000000040b400000, 0x000000040b400000|
| 207|0x000000040b800000, 0x000000040b800000, 0x000000040bc00000|  0%| F|  |TS  0|AC  0|TAMS 0x000000040b800000, 0x000000040b800000|
| 208|0x000000040bc00000, 0x000000040bc00000, 0x000000040c000000|  0%| F|  |TS  0|AC  0|TAMS 0x000000040bc00000, 0x000000040bc00000|
| 209|0x000000040c000000, 0x000000040c000000, 0x000000040c400000|  0%| F|  |TS  0|AC  0|TAMS 0x000000040c000000, 0x000000040c000000|
| 210|0x000000040c400000, 0x000000040c400000, 0x000000040c800000|  0%| F|  |TS  0|AC  0|TAMS 0x000000040c400000, 0x000000040c400000|
| 211|0x000000040c800000, 0x000000040c800000, 0x000000040cc00000|  0%| F|  |TS  0|AC  0|TAMS 0x000000040c800000, 0x000000040c800000|
| 212|0x000000040cc00000, 0x000000040cc00000, 0x000000040d000000|  0%| F|  |TS  0|AC  0|TAMS 0x000000040cc00000, 0x000000040cc00000|
| 213|0x000000040d000000, 0x000000040d000000, 0x000000040d400000|  0%| F|  |TS  0|AC  0|TAMS 0x000000040d000000, 0x000000040d000000|
| 214|0x000000040d400000, 0x000000040d400000, 0x000000040d800000|  0%| F|  |TS  0|AC  0|TAMS 0x000000040d400000, 0x000000040d400000|
| 215|0x000000040d800000, 0x000000040d800000, 0x000000040dc00000|  0%| F|  |TS  0|AC  0|TAMS 0x000000040d800000, 0x000000040d800000|
| 216|0x000000040dc00000, 0x000000040dc00000, 0x000000040e000000|  0%| F|  |TS  0|AC  0|TAMS 0x000000040dc00000, 0x000000040dc00000|
| 217|0x000000040e000000, 0x000000040e000000, 0x000000040e400000|  0%| F|  |TS  0|AC  0|TAMS 0x000000040e000000, 0x000000040e000000|
| 218|0x000000040e400000, 0x000000040e400000, 0x000000040e800000|  0%| F|  |TS  0|AC  0|TAMS 0x000000040e400000, 0x000000040e400000|
| 219|0x000000040e800000, 0x000000040e800000, 0x000000040ec00000|  0%| F|  |TS  0|AC  0|TAMS 0x000000040e800000, 0x000000040e800000|
| 220|0x000000040ec00000, 0x000000040ec00000, 0x000000040f000000|  0%| F|  |TS  0|AC  0|TAMS 0x000000040ec00000, 0x000000040ec00000|
| 221|0x000000040f000000, 0x000000040f000000, 0x000000040f400000|  0%| F|  |TS  0|AC  0|TAMS 0x000000040f000000, 0x000000040f000000|
| 222|0x000000040f400000, 0x000000040f400000, 0x000000040f800000|  0%| F|  |TS  0|AC  0|TAMS 0x000000040f400000, 0x000000040f400000|
| 223|0x000000040f800000, 0x000000040f800000, 0x000000040fc00000|  0%| F|  |TS  0|AC  0|TAMS 0x000000040f800000, 0x000000040f800000|
| 224|0x000000040fc00000, 0x000000040fc00000, 0x0000000410000000|  0%| F|  |TS  0|AC  0|TAMS 0x000000040fc00000, 0x000000040fc00000|
| 225|0x0000000410000000, 0x0000000410000000, 0x0000000410400000|  0%| F|  |TS  0|AC  0|TAMS 0x0000000410000000, 0x0000000410000000|
| 226|0x0000000410400000, 0x0000000410400000, 0x0000000410800000|  0%| F|  |TS  0|AC  0|TAMS 0x0000000410400000, 0x0000000410400000|
| 227|0x0000000410800000, 0x0000000410800000, 0x0000000410c00000|  0%| F|  |TS  0|AC  0|TAMS 0x0000000410800000, 0x0000000410800000|
| 228|0x0000000410c00000, 0x0000000410c00000, 0x0000000411000000|  0%| F|  |TS  0|AC  0|TAMS 0x0000000410c00000, 0x0000000410c00000|
| 229|0x0000000411000000, 0x0000000411000000, 0x0000000411400000|  0%| F|  |TS  0|AC  0|TAMS 0x0000000411000000, 0x0000000411000000|
| 230|0x0000000411400000, 0x0000000411400000, 0x0000000411800000|  0%| F|  |TS  0|AC  0|TAMS 0x0000000411400000, 0x0000000411400000|
| 231|0x0000000411800000, 0x0000000411800000, 0x0000000411c00000|  0%| F|  |TS  0|AC  0|TAMS 0x0000000411800000, 0x0000000411800000|
| 232|0x0000000411c00000, 0x0000000411c00000, 0x0000000412000000|  0%| F|  |TS  0|AC  0|TAMS 0x0000000411c00000, 0x0000000411c00000|
| 233|0x0000000412000000, 0x0000000412000000, 0x0000000412400000|  0%| F|  |TS  0|AC  0|TAMS 0x0000000412000000, 0x0000000412000000|
| 234|0x0000000412400000, 0x0000000412400000, 0x0000000412800000|  0%| F|  |TS  0|AC  0|TAMS 0x0000000412400000, 0x0000000412400000|
| 235|0x0000000412800000, 0x0000000412800000, 0x0000000412c00000|  0%| F|  |TS  0|AC  0|TAMS 0x0000000412800000, 0x0000000412800000|
| 236|0x0000000412c00000, 0x0000000412c00000, 0x0000000413000000|  0%| F|  |TS  0|AC  0|TAMS 0x0000000412c00000, 0x0000000412c00000|
| 237|0x0000000413000000, 0x0000000413000000, 0x0000000413400000|  0%| F|  |TS  0|AC  0|TAMS 0x0000000413000000, 0x0000000413000000|
| 238|0x0000000413400000, 0x0000000413400000, 0x0000000413800000|  0%| F|  |TS  0|AC  0|TAMS 0x0000000413400000, 0x0000000413400000|
| 239|0x0000000413800000, 0x0000000413800000, 0x0000000413c00000|  0%| F|  |TS  0|AC  0|TAMS 0x0000000413800000, 0x0000000413800000|
| 240|0x0000000413c00000, 0x0000000413c00000, 0x0000000414000000|  0%| F|  |TS  0|AC  0|TAMS 0x0000000413c00000, 0x0000000413c00000|
| 241|0x0000000414000000, 0x0000000414000000, 0x0000000414400000|  0%| F|  |TS  0|AC  0|TAMS 0x0000000414000000, 0x0000000414000000|
| 242|0x0000000414400000, 0x0000000414400000, 0x0000000414800000|  0%| F|  |TS  0|AC  0|TAMS 0x0000000414400000, 0x0000000414400000|
| 243|0x0000000414800000, 0x0000000414800000, 0x0000000414c00000|  0%| F|  |TS  0|AC  0|TAMS 0x0000000414800000, 0x0000000414800000|
| 244|0x0000000414c00000, 0x0000000414c00000, 0x0000000415000000|  0%| F|  |TS  0|AC  0|TAMS 0x0000000414c00000, 0x0000000414c00000|
| 245|0x0000000415000000, 0x0000000415000000, 0x0000000415400000|  0%| F|  |TS  0|AC  0|TAMS 0x0000000415000000, 0x0000000415000000|
| 246|0x0000000415400000, 0x0000000415400000, 0x0000000415800000|  0%| F|  |TS  0|AC  0|TAMS 0x0000000415400000, 0x0000000415400000|
| 247|0x0000000415800000, 0x0000000415800000, 0x0000000415c00000|  0%| F|  |TS  0|AC  0|TAMS 0x0000000415800000, 0x0000000415800000|
| 248|0x0000000415c00000, 0x0000000415fd7960, 0x0000000416000000| 96%| E|  |TS  0|AC  0|TAMS 0x0000000415c00000, 0x0000000415c00000|
| 249|0x0000000416000000, 0x0000000416400000, 0x0000000416400000|100%| E|CS|TS  0|AC  0|TAMS 0x0000000416000000, 0x0000000416000000|
| 250|0x0000000416400000, 0x0000000416800000, 0x0000000416800000|100%| E|CS|TS  0|AC  0|TAMS 0x0000000416400000, 0x0000000416400000|

Card table byte_map: [0x00007f726623a000,0x00007f726817c000] byte_map_base: 0x00007f726437c000

Marking Bits (Prev, Next): (CMBitMap*) 0x00007f732c09e820, (CMBitMap*) 0x00007f732c09e858
 Prev Bits: [0x00007f72548e8000, 0x00007f72642f8000)
 Next Bits: [0x00007f7244ed8000, 0x00007f72548e8000)

Polling page: 0x00007f7334d7f000

CodeHeap 'non-profiled nmethods': size=119172Kb used=143Kb max_used=143Kb free=119028Kb
 bounds [0x00007f73196e2000, 0x00007f7319952000, 0x00007f7320b43000]
CodeHeap 'profiled nmethods': size=119172Kb used=319Kb max_used=319Kb free=118852Kb
 bounds [0x00007f7312281000, 0x00007f73124f1000, 0x00007f73196e2000]
CodeHeap 'non-nmethods': size=7416Kb used=2826Kb max_used=2852Kb free=4589Kb
 bounds [0x00007f7311b43000, 0x00007f7311e13000, 0x00007f7312281000]
 total_blobs=616 nmethods=239 adapters=168
 compilation: enabled

Compilation events (10 events):
Event: 0.359 Thread 0x00007f732c2b4800 nmethod 235 0x00007f73196f9f10 code [0x00007f73196fa0e0, 0x00007f73196fa6f8]
Event: 0.359 Thread 0x00007f732c2b1000  238   !   4       java.io.PrintStream::write (83 bytes)
Event: 0.360 Thread 0x00007f732c2b9800  237       4       Print::logPrint (8 bytes)
Event: 0.361 Thread 0x00007f732c2b4800  239   !   4       java.io.PrintStream::newLine (73 bytes)
Event: 0.361 Thread 0x00007f732c2af000 nmethod 225 0x00007f73196faa10 code [0x00007f73196fac80, 0x00007f73196fc088]
Event: 0.367 Thread 0x00007f732c2b2800 nmethod 232 0x00007f73196fca10 code [0x00007f73196fcc80, 0x00007f73196fdd48]
Event: 0.379 Thread 0x00007f732c2b1000 nmethod 238 0x00007f73196fe610 code [0x00007f73196fe860, 0x00007f73196ffa58]
Event: 0.382 Thread 0x00007f732c2b4800 nmethod 239 0x00007f7319700590 code [0x00007f73197007e0, 0x00007f73197015e8]
Event: 0.421 Thread 0x00007f732c2b9800 nmethod 237 0x00007f7319701e90 code [0x00007f73197021e0, 0x00007f73197045a0]
Event: 0.517 Thread 0x00007f732c2bb800  240 %     3       org.eclipse.core.runtime.adaptor.EclipseStarter::main @ 4624 (7628 bytes)

GC Heap History (0 events):
No events

Deoptimization events (0 events):
No events

Classes redefined (0 events):
No events

Internal exceptions (0 events):
No events

Events (10 events):
Event: 0.323 Thread 0x00007f732c011800 DEOPT PACKING pc=0x00007f73122b2924 sp=0x00007f7333429950
Event: 0.323 Thread 0x00007f732c011800 DEOPT UNPACKING pc=0x00007f7311b90aab sp=0x00007f7333428f38 mode 0
Event: 0.323 Thread 0x00007f732c011800 DEOPT PACKING pc=0x00007f73122b2924 sp=0x00007f7333429950
Event: 0.323 Thread 0x00007f732c011800 DEOPT UNPACKING pc=0x00007f7311b90aab sp=0x00007f7333428f38 mode 0
Event: 0.323 Thread 0x00007f732c011800 DEOPT PACKING pc=0x00007f73122b2924 sp=0x00007f7333429950
Event: 0.323 Thread 0x00007f732c011800 DEOPT UNPACKING pc=0x00007f7311b90aab sp=0x00007f7333428f38 mode 0
Event: 0.323 Thread 0x00007f732c011800 DEOPT PACKING pc=0x00007f73122b2924 sp=0x00007f7333429950
Event: 0.323 Thread 0x00007f732c011800 DEOPT UNPACKING pc=0x00007f7311b90aab sp=0x00007f7333428f38 mode 0
Event: 0.323 Thread 0x00007f732c011800 DEOPT PACKING pc=0x00007f73122b2924 sp=0x00007f7333429950
Event: 0.323 Thread 0x00007f732c011800 DEOPT UNPACKING pc=0x00007f7311b90aab sp=0x00007f7333428f38 mode 0


Dynamic libraries:
00400000-00401000 r-xp 00000000 00:65 77077150                           /root/oracle/jdk-9.0.4/bin/java
00600000-00601000 rw-p 00000000 00:65 77077150                           /root/oracle/jdk-9.0.4/bin/java
020a3000-020c4000 rw-p 00000000 00:00 0                                  [heap]
3d7c00000-416800000 rw-p 00000000 00:00 0 
416800000-7c0000000 ---p 00000000 00:00 0 
7c0000000-7c0080000 rw-p 00000000 00:00 0 
7c0080000-800000000 ---p 00000000 00:00 0 
7f71d4000000-7f71d4021000 rw-p 00000000 00:00 0 
7f71d4021000-7f71d8000000 ---p 00000000 00:00 0 
7f71d8000000-7f71d8021000 rw-p 00000000 00:00 0 
7f71d8021000-7f71dc000000 ---p 00000000 00:00 0 
7f71dc000000-7f71dc021000 rw-p 00000000 00:00 0 
7f71dc021000-7f71e0000000 ---p 00000000 00:00 0 
7f71e0000000-7f71e0021000 rw-p 00000000 00:00 0 
7f71e0021000-7f71e4000000 ---p 00000000 00:00 0 
7f71e4000000-7f71e402b000 rw-p 00000000 00:00 0 
7f71e402b000-7f71e8000000 ---p 00000000 00:00 0 
7f71e8000000-7f71e8073000 rw-p 00000000 00:00 0 
7f71e8073000-7f71ec000000 ---p 00000000 00:00 0 
7f71ec000000-7f71ec075000 rw-p 00000000 00:00 0 
7f71ec075000-7f71f0000000 ---p 00000000 00:00 0 
7f71f0000000-7f71f0021000 rw-p 00000000 00:00 0 
7f71f0021000-7f71f4000000 ---p 00000000 00:00 0 
7f71f4000000-7f71f4122000 rw-p 00000000 00:00 0 
7f71f4122000-7f71f8000000 ---p 00000000 00:00 0 
7f71f8000000-7f71f8212000 rw-p 00000000 00:00 0 
7f71f8212000-7f71fc000000 ---p 00000000 00:00 0 
7f71fc000000-7f71fc05c000 rw-p 00000000 00:00 0 
7f71fc05c000-7f7200000000 ---p 00000000 00:00 0 
7f7202d9e000-7f72030cc000 rw-p 00000000 00:00 0 
7f72030cc000-7f72030cd000 ---p 00000000 00:00 0 
7f72030cd000-7f72031ce000 rw-p 00000000 00:00 0 
7f72031ce000-7f72031d2000 ---p 00000000 00:00 0 
7f72031d2000-7f72032cf000 rw-p 00000000 00:00 0 
7f72032cf000-7f72032d3000 ---p 00000000 00:00 0 
7f72032d3000-7f72033d0000 rw-p 00000000 00:00 0 
7f72033d0000-7f72033e6000 r-xp 00000000 00:65 77077477                   /root/oracle/jdk-9.0.4/lib/libnet.so
7f72033e6000-7f72035e6000 ---p 00016000 00:65 77077477                   /root/oracle/jdk-9.0.4/lib/libnet.so
7f72035e6000-7f72035e7000 rw-p 00016000 00:65 77077477                   /root/oracle/jdk-9.0.4/lib/libnet.so
7f72035e7000-7f72035f7000 r-xp 00000000 00:65 77077594                   /root/oracle/jdk-9.0.4/lib/libnio.so
7f72035f7000-7f72037f7000 ---p 00010000 00:65 77077594                   /root/oracle/jdk-9.0.4/lib/libnio.so
7f72037f7000-7f72037f8000 rw-p 00010000 00:65 77077594                   /root/oracle/jdk-9.0.4/lib/libnio.so
7f72037f8000-7f72037fc000 ---p 00000000 00:00 0 
7f72037fc000-7f72038f9000 rw-p 00000000 00:00 0 
7f72038f9000-7f72038fd000 ---p 00000000 00:00 0 
7f72038fd000-7f72039fa000 rw-p 00000000 00:00 0 
7f72039fa000-7f72039fe000 ---p 00000000 00:00 0 
7f72039fe000-7f7203afb000 rw-p 00000000 00:00 0 
7f7203afb000-7f7203aff000 ---p 00000000 00:00 0 
7f7203aff000-7f7203bfc000 rw-p 00000000 00:00 0 
7f7203bfc000-7f7203c00000 ---p 00000000 00:00 0 
7f7203c00000-7f7203cfd000 rw-p 00000000 00:00 0 
7f7203cfd000-7f7203d01000 ---p 00000000 00:00 0 
7f7203d01000-7f7203dfe000 rw-p 00000000 00:00 0 
7f7203dfe000-7f7203e02000 ---p 00000000 00:00 0 
7f7203e02000-7f7203eff000 rw-p 00000000 00:00 0 
7f7203eff000-7f7203f03000 ---p 00000000 00:00 0 
7f7203f03000-7f7204000000 rw-p 00000000 00:00 0 
7f7204000000-7f720412b000 rw-p 00000000 00:00 0 
7f720412b000-7f7208000000 ---p 00000000 00:00 0 
7f7208000000-7f72080a4000 rw-p 00000000 00:00 0 
7f72080a4000-7f720c000000 ---p 00000000 00:00 0 
7f720c000000-7f720c122000 rw-p 00000000 00:00 0 
7f720c122000-7f7210000000 ---p 00000000 00:00 0 
7f7210000000-7f72101a3000 rw-p 00000000 00:00 0 
7f72101a3000-7f7214000000 ---p 00000000 00:00 0 
7f7214000000-7f7214021000 rw-p 00000000 00:00 0 
7f7214021000-7f7218000000 ---p 00000000 00:00 0 
7f7218000000-7f7218166000 rw-p 00000000 00:00 0 
7f7218166000-7f721c000000 ---p 00000000 00:00 0 
7f721c000000-7f721c021000 rw-p 00000000 00:00 0 
7f721c021000-7f7220000000 ---p 00000000 00:00 0 
7f7220000000-7f7220021000 rw-p 00000000 00:00 0 
7f7220021000-7f7224000000 ---p 00000000 00:00 0 
7f7224000000-7f7224021000 rw-p 00000000 00:00 0 
7f7224021000-7f7228000000 ---p 00000000 00:00 0 
7f7228000000-7f7228021000 rw-p 00000000 00:00 0 
7f7228021000-7f722c000000 ---p 00000000 00:00 0 
7f722c0e8000-7f722c0ec000 ---p 00000000 00:00 0 
7f722c0ec000-7f722c1e9000 rw-p 00000000 00:00 0 
7f722c1e9000-7f722c1ed000 ---p 00000000 00:00 0 
7f722c1ed000-7f722c2ea000 rw-p 00000000 00:00 0 
7f722c2ea000-7f722c2ee000 ---p 00000000 00:00 0 
7f722c2ee000-7f722c3eb000 rw-p 00000000 00:00 0 
7f722c3eb000-7f722c3ef000 ---p 00000000 00:00 0 
7f722c3ef000-7f722c4ec000 rw-p 00000000 00:00 0 
7f722c4ec000-7f722c4f0000 ---p 00000000 00:00 0 
7f722c4f0000-7f722c5ed000 rw-p 00000000 00:00 0 
7f722c5ed000-7f722c5f1000 ---p 00000000 00:00 0 
7f722c5f1000-7f722c6ee000 rw-p 00000000 00:00 0 
7f722c6ee000-7f722c6f2000 ---p 00000000 00:00 0 
7f722c6f2000-7f722c7ef000 rw-p 00000000 00:00 0 
7f722c7ef000-7f722c7f3000 ---p 00000000 00:00 0 
7f722c7f3000-7f722c8f0000 rw-p 00000000 00:00 0 
7f722c8f0000-7f722c8f1000 ---p 00000000 00:00 0 
7f722c8f1000-7f722ce32000 rw-p 00000000 00:00 0 
7f722ce32000-7f722d1f2000 ---p 00000000 00:00 0 
7f722d1f2000-7f722e000000 rw-p 00000000 00:00 0 
7f722e000000-7f7230000000 rwxp 00000000 00:00 0 
7f7230000000-7f7230021000 rw-p 00000000 00:00 0 
7f7230021000-7f7234000000 ---p 00000000 00:00 0 
7f7234000000-7f7234021000 rw-p 00000000 00:00 0 
7f7234021000-7f7238000000 ---p 00000000 00:00 0 
7f7238000000-7f7238021000 rw-p 00000000 00:00 0 
7f7238021000-7f723c000000 ---p 00000000 00:00 0 
7f723c000000-7f723c021000 rw-p 00000000 00:00 0 
7f723c021000-7f7240000000 ---p 00000000 00:00 0 
7f7240000000-7f7240021000 rw-p 00000000 00:00 0 
7f7240021000-7f7244000000 ---p 00000000 00:00 0 
7f724406b000-7f72446e7000 rw-p 00000000 00:00 0 
7f72446e7000-7f72446e8000 ---p 00000000 00:00 0 
7f72446e8000-7f72447e9000 rw-p 00000000 00:00 0 
7f72447e9000-7f72447ea000 ---p 00000000 00:00 0 
7f72447ea000-7f72448eb000 rw-p 00000000 00:00 0 
7f72448eb000-7f72448ec000 ---p 00000000 00:00 0 
7f72448ec000-7f72449ed000 rw-p 00000000 00:00 0 
7f72449ed000-7f72449ee000 ---p 00000000 00:00 0 
7f72449ee000-7f7245e88000 rw-p 00000000 00:00 0 
7f7245e88000-7f72548e8000 ---p 00000000 00:00 0 
7f72548e8000-7f7255898000 rw-p 00000000 00:00 0 
7f7255898000-7f72642f8000 ---p 00000000 00:00 0 
7f72642f8000-7f72644ee000 rw-p 00000000 00:00 0 
7f72644ee000-7f726623a000 ---p 00000000 00:00 0 
7f726623a000-7f7266430000 rw-p 00000000 00:00 0 
7f7266430000-7f726a0be000 ---p 00000000 00:00 0 
7f726a0be000-7f726a2b4000 rw-p 00000000 00:00 0 
7f726a2b4000-7f726c000000 ---p 00000000 00:00 0 
7f726c000000-7f726c021000 rw-p 00000000 00:00 0 
7f726c021000-7f7270000000 ---p 00000000 00:00 0 
7f7270000000-7f7270021000 rw-p 00000000 00:00 0 
7f7270021000-7f7274000000 ---p 00000000 00:00 0 
7f7274000000-7f7274021000 rw-p 00000000 00:00 0 
7f7274021000-7f7278000000 ---p 00000000 00:00 0 
7f7278000000-7f7278021000 rw-p 00000000 00:00 0 
7f7278021000-7f727c000000 ---p 00000000 00:00 0 
7f727c000000-7f727c021000 rw-p 00000000 00:00 0 
7f727c021000-7f7280000000 ---p 00000000 00:00 0 
7f7280000000-7f7280021000 rw-p 00000000 00:00 0 
7f7280021000-7f7284000000 ---p 00000000 00:00 0 
7f7284000000-7f7284021000 rw-p 00000000 00:00 0 
7f7284021000-7f7288000000 ---p 00000000 00:00 0 
7f7288000000-7f7288021000 rw-p 00000000 00:00 0 
7f7288021000-7f728c000000 ---p 00000000 00:00 0 
7f728c000000-7f728c021000 rw-p 00000000 00:00 0 
7f728c021000-7f7290000000 ---p 00000000 00:00 0 
7f7290000000-7f7290021000 rw-p 00000000 00:00 0 
7f7290021000-7f7294000000 ---p 00000000 00:00 0 
7f7294000000-7f7294021000 rw-p 00000000 00:00 0 
7f7294021000-7f7298000000 ---p 00000000 00:00 0 
7f7298000000-7f7298021000 rw-p 00000000 00:00 0 
7f7298021000-7f729c000000 ---p 00000000 00:00 0 
7f729c000000-7f729c021000 rw-p 00000000 00:00 0 
7f729c021000-7f72a0000000 ---p 00000000 00:00 0 
7f72a0000000-7f72a0021000 rw-p 00000000 00:00 0 
7f72a0021000-7f72a4000000 ---p 00000000 00:00 0 
7f72a4000000-7f72a4021000 rw-p 00000000 00:00 0 
7f72a4021000-7f72a8000000 ---p 00000000 00:00 0 
7f72a8000000-7f72a8021000 rw-p 00000000 00:00 0 
7f72a8021000-7f72ac000000 ---p 00000000 00:00 0 
7f72ac000000-7f72ac021000 rw-p 00000000 00:00 0 
7f72ac021000-7f72b0000000 ---p 00000000 00:00 0 
7f72b0000000-7f72b0021000 rw-p 00000000 00:00 0 
7f72b0021000-7f72b4000000 ---p 00000000 00:00 0 
7f72b4000000-7f72b4021000 rw-p 00000000 00:00 0 
7f72b4021000-7f72b8000000 ---p 00000000 00:00 0 
7f72b8000000-7f72b8021000 rw-p 00000000 00:00 0 
7f72b8021000-7f72bc000000 ---p 00000000 00:00 0 
7f72bc000000-7f72bc021000 rw-p 00000000 00:00 0 
7f72bc021000-7f72c0000000 ---p 00000000 00:00 0 
7f72c0000000-7f72c0021000 rw-p 00000000 00:00 0 
7f72c0021000-7f72c4000000 ---p 00000000 00:00 0 
7f72c4000000-7f72c4021000 rw-p 00000000 00:00 0 
7f72c4021000-7f72c8000000 ---p 00000000 00:00 0 
7f72c8000000-7f72c8021000 rw-p 00000000 00:00 0 
7f72c8021000-7f72cc000000 ---p 00000000 00:00 0 
7f72cc000000-7f72cc021000 rw-p 00000000 00:00 0 
7f72cc021000-7f72d0000000 ---p 00000000 00:00 0 
7f72d0000000-7f72d0021000 rw-p 00000000 00:00 0 
7f72d0021000-7f72d4000000 ---p 00000000 00:00 0 
7f72d4000000-7f72d4021000 rw-p 00000000 00:00 0 
7f72d4021000-7f72d8000000 ---p 00000000 00:00 0 
7f72d8000000-7f72d8021000 rw-p 00000000 00:00 0 
7f72d8021000-7f72dc000000 ---p 00000000 00:00 0 
7f72dc000000-7f72dc021000 rw-p 00000000 00:00 0 
7f72dc021000-7f72e0000000 ---p 00000000 00:00 0 
7f72e0000000-7f72e0021000 rw-p 00000000 00:00 0 
7f72e0021000-7f72e4000000 ---p 00000000 00:00 0 
7f72e4000000-7f72e4021000 rw-p 00000000 00:00 0 
7f72e4021000-7f72e8000000 ---p 00000000 00:00 0 
7f72e8000000-7f72e8021000 rw-p 00000000 00:00 0 
7f72e8021000-7f72ec000000 ---p 00000000 00:00 0 
7f72ec000000-7f72ec021000 rw-p 00000000 00:00 0 
7f72ec021000-7f72f0000000 ---p 00000000 00:00 0 
7f72f0000000-7f72f0021000 rw-p 00000000 00:00 0 
7f72f0021000-7f72f4000000 ---p 00000000 00:00 0 
7f72f4000000-7f72f4021000 rw-p 00000000 00:00 0 
7f72f4021000-7f72f8000000 ---p 00000000 00:00 0 
7f72f8000000-7f72f8021000 rw-p 00000000 00:00 0 
7f72f8021000-7f72fc000000 ---p 00000000 00:00 0 
7f72fc000000-7f72fc021000 rw-p 00000000 00:00 0 
7f72fc021000-7f7300000000 ---p 00000000 00:00 0 
7f7300000000-7f7300021000 rw-p 00000000 00:00 0 
7f7300021000-7f7304000000 ---p 00000000 00:00 0 
7f7304000000-7f7304021000 rw-p 00000000 00:00 0 
7f7304021000-7f7308000000 ---p 00000000 00:00 0 
7f7308000000-7f7308021000 rw-p 00000000 00:00 0 
7f7308021000-7f730c000000 ---p 00000000 00:00 0 
7f730c000000-7f730c021000 rw-p 00000000 00:00 0 
7f730c021000-7f7310000000 ---p 00000000 00:00 0 
7f7310007000-7f7310093000 rw-p 00000000 00:00 0 
7f7310093000-7f7310094000 ---p 00000000 00:00 0 
7f7310094000-7f7310195000 rw-p 00000000 00:00 0 
7f7310195000-7f7310196000 ---p 00000000 00:00 0 
7f7310196000-7f7310417000 rw-p 00000000 00:00 0 
7f7310417000-7f7310418000 ---p 00000000 00:00 0 
7f7310418000-7f7310519000 rw-p 00000000 00:00 0 
7f7310519000-7f731051a000 ---p 00000000 00:00 0 
7f731051a000-7f731061b000 rw-p 00000000 00:00 0 
7f731061b000-7f731061c000 ---p 00000000 00:00 0 
7f731061c000-7f731071d000 rw-p 00000000 00:00 0 
7f731071d000-7f731071e000 ---p 00000000 00:00 0 
7f731071e000-7f731081f000 rw-p 00000000 00:00 0 
7f731081f000-7f7310820000 ---p 00000000 00:00 0 
7f7310820000-7f7310921000 rw-p 00000000 00:00 0 
7f7310921000-7f7310922000 ---p 00000000 00:00 0 
7f7310922000-7f7310a23000 rw-p 00000000 00:00 0 
7f7310a23000-7f7310a24000 ---p 00000000 00:00 0 
7f7310a24000-7f7310b25000 rw-p 00000000 00:00 0 
7f7310b25000-7f7310b26000 ---p 00000000 00:00 0 
7f7310b26000-7f7310c27000 rw-p 00000000 00:00 0 
7f7310c27000-7f7310c28000 ---p 00000000 00:00 0 
7f7310c28000-7f7310d29000 rw-p 00000000 00:00 0 
7f7310d29000-7f7310d2a000 ---p 00000000 00:00 0 
7f7310d2a000-7f7310e2b000 rw-p 00000000 00:00 0 
7f7310e2b000-7f7310e2c000 ---p 00000000 00:00 0 
7f7310e2c000-7f7310f2d000 rw-p 00000000 00:00 0 
7f7310f2d000-7f7310f2e000 ---p 00000000 00:00 0 
7f7310f2e000-7f731102f000 rw-p 00000000 00:00 0 
7f731102f000-7f7311030000 ---p 00000000 00:00 0 
7f7311030000-7f7311131000 rw-p 00000000 00:00 0 
7f7311131000-7f7311132000 ---p 00000000 00:00 0 
7f7311132000-7f7311233000 rw-p 00000000 00:00 0 
7f7311233000-7f7311234000 ---p 00000000 00:00 0 
7f7311234000-7f7311335000 rw-p 00000000 00:00 0 
7f7311335000-7f7311336000 ---p 00000000 00:00 0 
7f7311336000-7f7311437000 rw-p 00000000 00:00 0 
7f7311437000-7f7311438000 ---p 00000000 00:00 0 
7f7311438000-7f7311539000 rw-p 00000000 00:00 0 
7f7311539000-7f731153a000 ---p 00000000 00:00 0 
7f731153a000-7f731163b000 rw-p 00000000 00:00 0 
7f731163b000-7f731163c000 ---p 00000000 00:00 0 
7f731163c000-7f731173d000 rw-p 00000000 00:00 0 
7f731173d000-7f731173e000 ---p 00000000 00:00 0 
7f731173e000-7f731183f000 rw-p 00000000 00:00 0 
7f731183f000-7f7311840000 ---p 00000000 00:00 0 
7f7311840000-7f7311b43000 rw-p 00000000 00:00 0 
7f7311b43000-7f7311e13000 rwxp 00000000 00:00 0 
7f7311e13000-7f7312281000 ---p 00000000 00:00 0 
7f7312281000-7f73124f1000 rwxp 00000000 00:00 0 
7f73124f1000-7f73196e2000 ---p 00000000 00:00 0 
7f73196e2000-7f7319952000 rwxp 00000000 00:00 0 
7f7319952000-7f7320b43000 ---p 00000000 00:00 0 
7f7320b43000-7f732c000000 r--s 00000000 00:65 77077560                   /root/oracle/jdk-9.0.4/lib/modules
7f732c000000-7f732c420000 rw-p 00000000 00:00 0 
7f732c420000-7f7330000000 ---p 00000000 00:00 0 
7f7330025000-7f733125f000 rw-p 00000000 00:00 0 
7f733125f000-7f7331260000 ---p 00000000 00:00 0 
7f7331260000-7f7331361000 rw-p 00000000 00:00 0 
7f7331361000-7f7331362000 ---p 00000000 00:00 0 
7f7331362000-7f7331463000 rw-p 00000000 00:00 0 
7f7331463000-7f7331464000 ---p 00000000 00:00 0 
7f7331464000-7f7331565000 rw-p 00000000 00:00 0 
7f7331565000-7f7331566000 ---p 00000000 00:00 0 
7f7331566000-7f7331667000 rw-p 00000000 00:00 0 
7f7331667000-7f7331668000 ---p 00000000 00:00 0 
7f7331668000-7f7331769000 rw-p 00000000 00:00 0 
7f7331769000-7f733176a000 ---p 00000000 00:00 0 
7f733176a000-7f733186b000 rw-p 00000000 00:00 0 
7f733186b000-7f733186c000 ---p 00000000 00:00 0 
7f733186c000-7f733196d000 rw-p 00000000 00:00 0 
7f733196d000-7f733196e000 ---p 00000000 00:00 0 
7f733196e000-7f7331a6f000 rw-p 00000000 00:00 0 
7f7331a6f000-7f7331a70000 ---p 00000000 00:00 0 
7f7331a70000-7f7331b71000 rw-p 00000000 00:00 0 
7f7331b71000-7f7331b72000 ---p 00000000 00:00 0 
7f7331b72000-7f7331c73000 rw-p 00000000 00:00 0 
7f7331c73000-7f7331c74000 ---p 00000000 00:00 0 
7f7331c74000-7f7331d75000 rw-p 00000000 00:00 0 
7f7331d75000-7f7331d76000 ---p 00000000 00:00 0 
7f7331d76000-7f7331e77000 rw-p 00000000 00:00 0 
7f7331e77000-7f7331e78000 ---p 00000000 00:00 0 
7f7331e78000-7f7331f79000 rw-p 00000000 00:00 0 
7f7331f79000-7f7331f7a000 ---p 00000000 00:00 0 
7f7331f7a000-7f733207b000 rw-p 00000000 00:00 0 
7f733207b000-7f733207c000 ---p 00000000 00:00 0 
7f733207c000-7f733217d000 rw-p 00000000 00:00 0 
7f733217d000-7f733217e000 ---p 00000000 00:00 0 
7f733217e000-7f733227f000 rw-p 00000000 00:00 0 
7f733227f000-7f7332280000 ---p 00000000 00:00 0 
7f7332280000-7f7332381000 rw-p 00000000 00:00 0 
7f7332381000-7f7332382000 ---p 00000000 00:00 0 
7f7332382000-7f7332483000 rw-p 00000000 00:00 0 
7f7332483000-7f7332484000 ---p 00000000 00:00 0 
7f7332484000-7f7332585000 rw-p 00000000 00:00 0 
7f7332585000-7f7332586000 ---p 00000000 00:00 0 
7f7332586000-7f733268c000 rw-p 00000000 00:00 0 
7f733268c000-7f7332770000 ---p 00000000 00:00 0 
7f7332770000-7f7332775000 rw-p 00000000 00:00 0 
7f7332775000-7f7332859000 ---p 00000000 00:00 0 
7f7332859000-7f733285f000 rw-p 00000000 00:00 0 
7f733285f000-7f7332868000 ---p 00000000 00:00 0 
7f7332868000-7f73328b8000 rw-p 00000000 00:00 0 
7f73328b8000-7f7332a95000 r--s 03e31000 00:65 101727669                  /usr/local/java/jdk1.8.0_301/jre/lib/rt.jar
7f7332a95000-7f7332aaf000 r-xp 00000000 00:65 77077435                   /root/oracle/jdk-9.0.4/lib/libjimage.so
7f7332aaf000-7f7332cae000 ---p 0001a000 00:65 77077435                   /root/oracle/jdk-9.0.4/lib/libjimage.so
7f7332cae000-7f7332cb0000 rw-p 00019000 00:65 77077435                   /root/oracle/jdk-9.0.4/lib/libjimage.so
7f7332cb0000-7f7332cc2000 rw-p 00000000 00:00 0 
7f7332cc2000-7f7332cc9000 r-xp 00000000 00:65 77083131                   /root/oracle/jdk-9.0.4/lib/libzip.so
7f7332cc9000-7f7332ec8000 ---p 00007000 00:65 77083131                   /root/oracle/jdk-9.0.4/lib/libzip.so
7f7332ec8000-7f7332ec9000 rw-p 00006000 00:65 77083131                   /root/oracle/jdk-9.0.4/lib/libzip.so
7f7332ec9000-7f7332ecc000 r--p 00000000 00:65 165034530                  /usr/lib/x86_64-linux-gnu/libnss_files-2.31.so
7f7332ecc000-7f7332ed3000 r-xp 00003000 00:65 165034530                  /usr/lib/x86_64-linux-gnu/libnss_files-2.31.so
7f7332ed3000-7f7332ed5000 r--p 0000a000 00:65 165034530                  /usr/lib/x86_64-linux-gnu/libnss_files-2.31.so
7f7332ed5000-7f7332ed6000 r--p 0000b000 00:65 165034530                  /usr/lib/x86_64-linux-gnu/libnss_files-2.31.so
7f7332ed6000-7f7332ed7000 rw-p 0000c000 00:65 165034530                  /usr/lib/x86_64-linux-gnu/libnss_files-2.31.so
7f7332ed7000-7f7332edd000 rw-p 00000000 00:00 0 
7f7332ee5000-7f7332ee6000 rw-p 00000000 00:00 0 
7f7332ee6000-7f7332f11000 r-xp 00000000 00:65 77077470                   /root/oracle/jdk-9.0.4/lib/libjava.so
7f7332f11000-7f7333110000 ---p 0002b000 00:65 77077470                   /root/oracle/jdk-9.0.4/lib/libjava.so
7f7333110000-7f7333112000 rw-p 0002a000 00:65 77077470                   /root/oracle/jdk-9.0.4/lib/libjava.so
7f7333112000-7f733311f000 r-xp 00000000 00:65 77077494                   /root/oracle/jdk-9.0.4/lib/libverify.so
7f733311f000-7f733331e000 ---p 0000d000 00:65 77077494                   /root/oracle/jdk-9.0.4/lib/libverify.so
7f733331e000-7f7333320000 rw-p 0000c000 00:65 77077494                   /root/oracle/jdk-9.0.4/lib/libverify.so
7f7333320000-7f7333323000 r--p 00000000 00:65 165034636                  /usr/lib/x86_64-linux-gnu/librt-2.31.so
7f7333323000-7f7333327000 r-xp 00003000 00:65 165034636                  /usr/lib/x86_64-linux-gnu/librt-2.31.so
7f7333327000-7f7333328000 r--p 00007000 00:65 165034636                  /usr/lib/x86_64-linux-gnu/librt-2.31.so
7f7333328000-7f7333329000 ---p 00008000 00:65 165034636                  /usr/lib/x86_64-linux-gnu/librt-2.31.so
7f7333329000-7f733332a000 r--p 00008000 00:65 165034636                  /usr/lib/x86_64-linux-gnu/librt-2.31.so
7f733332a000-7f733332b000 rw-p 00009000 00:65 165034636                  /usr/lib/x86_64-linux-gnu/librt-2.31.so
7f733332b000-7f733332c000 ---p 00000000 00:00 0 
7f733332c000-7f733332d000 rw-p 00000000 00:00 0 
7f733332d000-7f7333331000 ---p 00000000 00:00 0 
7f7333331000-7f733342c000 rw-p 00000000 00:00 0 
7f733342c000-7f733343b000 r--p 00000000 00:65 165034468                  /usr/lib/x86_64-linux-gnu/libm-2.31.so
7f733343b000-7f73334e2000 r-xp 0000f000 00:65 165034468                  /usr/lib/x86_64-linux-gnu/libm-2.31.so
7f73334e2000-7f7333579000 r--p 000b6000 00:65 165034468                  /usr/lib/x86_64-linux-gnu/libm-2.31.so
7f7333579000-7f733357a000 r--p 0014c000 00:65 165034468                  /usr/lib/x86_64-linux-gnu/libm-2.31.so
7f733357a000-7f733357b000 rw-p 0014d000 00:65 165034468                  /usr/lib/x86_64-linux-gnu/libm-2.31.so
7f733357b000-7f7334590000 r-xp 00000000 00:65 77083135                   /root/oracle/jdk-9.0.4/lib/server/libjvm.so
7f7334590000-7f733478f000 ---p 01015000 00:65 77083135                   /root/oracle/jdk-9.0.4/lib/server/libjvm.so
7f733478f000-7f7334860000 r--p 01014000 00:65 77083135                   /root/oracle/jdk-9.0.4/lib/server/libjvm.so
7f7334860000-7f7334897000 rw-p 010e5000 00:65 77083135                   /root/oracle/jdk-9.0.4/lib/server/libjvm.so
7f7334897000-7f7334902000 rw-p 00000000 00:00 0 
7f7334902000-7f7334927000 r--p 00000000 00:65 165034165                  /usr/lib/x86_64-linux-gnu/libc-2.31.so
7f7334927000-7f7334a9f000 r-xp 00025000 00:65 165034165                  /usr/lib/x86_64-linux-gnu/libc-2.31.so
7f7334a9f000-7f7334ae9000 r--p 0019d000 00:65 165034165                  /usr/lib/x86_64-linux-gnu/libc-2.31.so
7f7334ae9000-7f7334aea000 ---p 001e7000 00:65 165034165                  /usr/lib/x86_64-linux-gnu/libc-2.31.so
7f7334aea000-7f7334aed000 r--p 001e7000 00:65 165034165                  /usr/lib/x86_64-linux-gnu/libc-2.31.so
7f7334aed000-7f7334af0000 rw-p 001ea000 00:65 165034165                  /usr/lib/x86_64-linux-gnu/libc-2.31.so
7f7334af0000-7f7334af4000 rw-p 00000000 00:00 0 
7f7334af4000-7f7334af5000 r--p 00000000 00:65 165034236                  /usr/lib/x86_64-linux-gnu/libdl-2.31.so
7f7334af5000-7f7334af7000 r-xp 00001000 00:65 165034236                  /usr/lib/x86_64-linux-gnu/libdl-2.31.so
7f7334af7000-7f7334af8000 r--p 00003000 00:65 165034236                  /usr/lib/x86_64-linux-gnu/libdl-2.31.so
7f7334af8000-7f7334af9000 r--p 00003000 00:65 165034236                  /usr/lib/x86_64-linux-gnu/libdl-2.31.so
7f7334af9000-7f7334afa000 rw-p 00004000 00:65 165034236                  /usr/lib/x86_64-linux-gnu/libdl-2.31.so
7f7334afa000-7f7334b08000 r-xp 00000000 00:65 77083142                   /root/oracle/jdk-9.0.4/lib/jli/libjli.so
7f7334b08000-7f7334d08000 ---p 0000e000 00:65 77083142                   /root/oracle/jdk-9.0.4/lib/jli/libjli.so
7f7334d08000-7f7334d09000 rw-p 0000e000 00:65 77083142                   /root/oracle/jdk-9.0.4/lib/jli/libjli.so
7f7334d09000-7f7334d10000 r--p 00000000 00:65 165034610                  /usr/lib/x86_64-linux-gnu/libpthread-2.31.so
7f7334d10000-7f7334d21000 r-xp 00007000 00:65 165034610                  /usr/lib/x86_64-linux-gnu/libpthread-2.31.so
7f7334d21000-7f7334d26000 r--p 00018000 00:65 165034610                  /usr/lib/x86_64-linux-gnu/libpthread-2.31.so
7f7334d26000-7f7334d27000 r--p 0001c000 00:65 165034610                  /usr/lib/x86_64-linux-gnu/libpthread-2.31.so
7f7334d27000-7f7334d28000 rw-p 0001d000 00:65 165034610                  /usr/lib/x86_64-linux-gnu/libpthread-2.31.so
7f7334d28000-7f7334d2c000 rw-p 00000000 00:00 0 
7f7334d2c000-7f7334d2e000 r--p 00000000 00:65 165034796                  /usr/lib/x86_64-linux-gnu/libz.so.1.2.11
7f7334d2e000-7f7334d3f000 r-xp 00002000 00:65 165034796                  /usr/lib/x86_64-linux-gnu/libz.so.1.2.11
7f7334d3f000-7f7334d45000 r--p 00013000 00:65 165034796                  /usr/lib/x86_64-linux-gnu/libz.so.1.2.11
7f7334d45000-7f7334d46000 ---p 00019000 00:65 165034796                  /usr/lib/x86_64-linux-gnu/libz.so.1.2.11
7f7334d46000-7f7334d47000 r--p 00019000 00:65 165034796                  /usr/lib/x86_64-linux-gnu/libz.so.1.2.11
7f7334d47000-7f7334d48000 rw-p 0001a000 00:65 165034796                  /usr/lib/x86_64-linux-gnu/libz.so.1.2.11
7f7334d48000-7f7334d50000 rw-s 00000000 00:65 71965686                   /tmp/hsperfdata_root/32673
7f7334d50000-7f7334d53000 rw-p 00000000 00:00 0 
7f7334d53000-7f7334d54000 r--p 00000000 00:65 165033992                  /usr/lib/x86_64-linux-gnu/ld-2.31.so
7f7334d54000-7f7334d77000 r-xp 00001000 00:65 165033992                  /usr/lib/x86_64-linux-gnu/ld-2.31.so
7f7334d77000-7f7334d7f000 r--p 00024000 00:65 165033992                  /usr/lib/x86_64-linux-gnu/ld-2.31.so
7f7334d7f000-7f7334d80000 r--p 00000000 00:00 0 
7f7334d80000-7f7334d81000 r--p 0002c000 00:65 165033992                  /usr/lib/x86_64-linux-gnu/ld-2.31.so
7f7334d81000-7f7334d82000 rw-p 0002d000 00:65 165033992                  /usr/lib/x86_64-linux-gnu/ld-2.31.so
7f7334d82000-7f7334d83000 rw-p 00000000 00:00 0 
7fffb4711000-7fffb4732000 rw-p 00000000 00:00 0                          [stack]
7fffb47a2000-7fffb47a5000 r--p 00000000 00:00 0                          [vvar]
7fffb47a5000-7fffb47a6000 r-xp 00000000 00:00 0                          [vdso]
ffffffffff600000-ffffffffff601000 --xp 00000000 00:00 0                  [vsyscall]

VM Arguments:
jvm_args: -Xbootclasspath/a:/usr/local/java/jdk1.8.0_301/jre/lib/rt.jar -Xverify:none 
java_command: org.eclipse.core.runtime.adaptor.EclipseStarter -debug
java_class_path (initial): ./sootOutput/eclipse/
Launcher Type: SUN_STANDARD

Logging:
Log output configuration:
#0: stdout all=warning uptime,level,tags
#1: stderr all=off uptime,level,tags

Environment Variables:
JAVA_HOME=/root/oracle/jdk-9.0.4
JRE_HOME=/root/oracle/jdk-9.0.4
CLASSPATH=.:/root/oracle/jdk-9.0.4/lib:/JVMfuzzing/htm/CFSynthesis/resource/commons-lang3-3.12.0/commons-lang3-3.12.0.jar
PATH=/root/oracle/jdk-9.0.4/bin:/root/.vscode-server/bin/da76f93349a72022ca4670c1b84860304616aaa2/bin/remote-cli:/root/oracle/jdk-9.0.4/bin:/usr/local/sbin:/usr/local/bin:/usr/sbin:/usr/bin:/sbin:/bin:/usr/games:/usr/local/games:/snap/bin
SHELL=/bin/bash

Signal Handlers:
SIGSEGV: [libjvm.so+0xd4d370], sa_mask[0]=11111111011111111101111111111110, sa_flags=SA_RESTART|SA_SIGINFO
SIGBUS: [libjvm.so+0xd4d370], sa_mask[0]=11111111011111111101111111111110, sa_flags=SA_RESTART|SA_SIGINFO
SIGFPE: [libjvm.so+0xd4d370], sa_mask[0]=11111111011111111101111111111110, sa_flags=SA_RESTART|SA_SIGINFO
SIGPIPE: [libjvm.so+0xb64780], sa_mask[0]=11111111011111111101111111111110, sa_flags=SA_RESTART|SA_SIGINFO
SIGXFSZ: [libjvm.so+0xb64780], sa_mask[0]=11111111011111111101111111111110, sa_flags=SA_RESTART|SA_SIGINFO
SIGILL: [libjvm.so+0xd4d370], sa_mask[0]=11111111011111111101111111111110, sa_flags=SA_RESTART|SA_SIGINFO
SIGUSR2: [libjvm.so+0xb64640], sa_mask[0]=00100000000000000000000000000000, sa_flags=SA_RESTART|SA_SIGINFO
SIGHUP: [libjvm.so+0xb64850], sa_mask[0]=11111111011111111101111111111110, sa_flags=SA_RESTART|SA_SIGINFO
SIGINT: [libjvm.so+0xb64850], sa_mask[0]=11111111011111111101111111111110, sa_flags=SA_RESTART|SA_SIGINFO
SIGTERM: [libjvm.so+0xb64850], sa_mask[0]=11111111011111111101111111111110, sa_flags=SA_RESTART|SA_SIGINFO
SIGQUIT: [libjvm.so+0xb64850], sa_mask[0]=11111111011111111101111111111110, sa_flags=SA_RESTART|SA_SIGINFO


---------------  S Y S T E M  ---------------

OS:DISTRIB_ID=Ubuntu
DISTRIB_RELEASE=20.04
DISTRIB_CODENAME=focal
DISTRIB_DESCRIPTION="Ubuntu 20.04.3 LTS"
uname:Linux 5.4.0-124-generic #140~18.04.1-Ubuntu SMP Fri Aug 5 11:43:34 UTC 2022 x86_64
libc:glibc 2.31 NPTL 2.31 
rlimit: STACK 8192k, CORE infinity, NPROC infinity, NOFILE 1048576, AS infinity
load average:47.82 42.56 40.14

/proc/meminfo:
MemTotal:       65549624 kB
MemFree:         5265628 kB
MemAvailable:   32350400 kB
Buffers:         5873060 kB
Cached:          3704148 kB
SwapCached:         8092 kB
Active:         33632108 kB
Inactive:        6460176 kB
Active(anon):   26517696 kB
Inactive(anon):  4018444 kB
Active(file):    7114412 kB
Inactive(file):  2441732 kB
Unevictable:          16 kB
Mlocked:              16 kB
SwapTotal:       2097148 kB
SwapFree:              0 kB
Dirty:             14224 kB
Writeback:             0 kB
AnonPages:      30506900 kB
Mapped:           837616 kB
Shmem:             25608 kB
KReclaimable:   18260552 kB
Slab:           19429980 kB
SReclaimable:   18260552 kB
SUnreclaim:      1169428 kB
KernelStack:       78128 kB
PageTables:       242748 kB
NFS_Unstable:          0 kB
Bounce:                0 kB
WritebackTmp:          0 kB
CommitLimit:    34871960 kB
Committed_AS:   86095584 kB
VmallocTotal:   34359738367 kB
VmallocUsed:      160760 kB
VmallocChunk:          0 kB
Percpu:            32512 kB
HardwareCorrupted:     0 kB
AnonHugePages:         0 kB
ShmemHugePages:        0 kB
ShmemPmdMapped:        0 kB
FileHugePages:         0 kB
FilePmdMapped:         0 kB
CmaTotal:              0 kB
CmaFree:               0 kB
HugePages_Total:       0
HugePages_Free:        0
HugePages_Rsvd:        0
HugePages_Surp:        0
Hugepagesize:       2048 kB
Hugetlb:               0 kB
DirectMap4k:    15497632 kB
DirectMap2M:    51298304 kB
DirectMap1G:           0 kB


CPU:total 28 (initial active 28) (14 cores per cpu, 2 threads per core) family 6 model 85 stepping 4, cmov, cx8, fxsr, mmx, sse, sse2, sse3, ssse3, sse4.1, sse4.2, popcnt, avx, avx2, aes, clmul, erms, rtm, 3dnowpref, lzcnt, ht, tsc, tscinvbit, bmi1, bmi2, adx, fma
CPU Model and flags from /proc/cpuinfo:
model name	: Intel(R) Core(TM) i9-9940X CPU @ 3.30GHz
flags		: fpu vme de pse tsc msr pae mce cx8 apic sep mtrr pge mca cmov pat pse36 clflush dts acpi mmx fxsr sse sse2 ss ht tm pbe syscall nx pdpe1gb rdtscp lm constant_tsc art arch_perfmon pebs bts rep_good nopl xtopology nonstop_tsc cpuid aperfmperf pni pclmulqdq dtes64 monitor ds_cpl vmx est tm2 ssse3 sdbg fma cx16 xtpr pdcm pcid dca sse4_1 sse4_2 x2apic movbe popcnt tsc_deadline_timer aes xsave avx f16c rdrand lahf_lm abm 3dnowprefetch cpuid_fault epb cat_l3 cdp_l3 invpcid_single pti ssbd mba ibrs ibpb stibp tpr_shadow vnmi flexpriority ept vpid ept_ad fsgsbase tsc_adjust bmi1 hle avx2 smep bmi2 erms invpcid rtm cqm mpx rdt_a avx512f avx512dq rdseed adx smap clflushopt clwb intel_pt avx512cd avx512bw avx512vl xsaveopt xsavec xgetbv1 xsaves cqm_llc cqm_occup_llc cqm_mbm_total cqm_mbm_local dtherm ida arat pln pts hwp hwp_act_window hwp_epp hwp_pkg_req md_clear flush_l1d arch_capabilities

Memory: 4k page, physical 65549624k(5265628k free), swap 2097148k(0k free)

vm_info: Java HotSpot(TM) 64-Bit Server VM (9.0.4+11) for linux-amd64 JRE (9.0.4+11), built on Dec 19 2017 18:12:19 by "mach5one" with gcc 4.9.2

END.
