#
# A fatal error has been detected by the Java Runtime Environment:
#
#  SIGSEGV (0xb) at pc=0x00007f5ba8802b2c, pid=24322, tid=24384
#
# JRE version: Java(TM) SE Runtime Environment (9.0+11) (build 9.0.4+11)
# Java VM: Java HotSpot(TM) 64-Bit Server VM (9.0.4+11, mixed mode, tiered, compressed oops, g1 gc, linux-amd64)
# Problematic frame:
# V  [libjvm.so+0x48eb2c]  Canonicalizer::do_If(If*)+0x1c
#
# Core dump will be written. Default location: Core dumps may be processed with "/usr/share/apport/apport -p%p -s%s -c%c -d%d -P%P -u%u -g%g -- %E" (or dumping to /JVMfuzzing/zjy/classming/Fuzzing-Testing-of-JVM-Implementations/core.24322)
#
# If you would like to submit a bug report, please visit:
#   http://bugreport.java.com/bugreport/crash.jsp
#

---------------  S U M M A R Y ------------

Command Line: -Xbootclasspath/a:/usr/local/java/jdk1.8.0_301/jre/lib/rt.jar -Xverify:none org.eclipse.core.runtime.adaptor.EclipseStarter -debug

Host: Intel(R) Core(TM) i9-9940X CPU @ 3.30GHz, 28 cores, 62G, Ubuntu 20.04.3 LTS
Time: Thu Nov  3 09:10:33 2022 UTC elapsed time: 0 seconds (0d 0h 0m 0s)

---------------  T H R E A D  ---------------

Current thread (0x00007f5ba42bb800):  JavaThread "C1 CompilerThread8" daemon [_thread_in_native, id=24384, stack(0x00007f5aa0af2000,0x00007f5aa0bf3000)]


Current CompileTask:
C1:    584  242 %     3       org.eclipse.core.runtime.adaptor.EclipseStarter::main @ 5297 (6751 bytes)

Stack: [0x00007f5aa0af2000,0x00007f5aa0bf3000],  sp=0x00007f5aa0bf10c0,  free space=1020k
Native frames: (J=compiled Java code, A=aot compiled Java code, j=interpreted, Vv=VM code, C=native code)
V  [libjvm.so+0x48eb2c]  Canonicalizer::do_If(If*)+0x1c
V  [libjvm.so+0x4a0452]  GraphBuilder::append_with_bci(Instruction*, int)+0x42
V  [libjvm.so+0x4a3526]  GraphBuilder::if_node(Instruction*, Instruction::Condition, Instruction*, ValueStack*)+0x2a6
V  [libjvm.so+0x4b137a]  GraphBuilder::iterate_bytecodes_for_block(int)+0x198a
V  [libjvm.so+0x4b1ad5]  GraphBuilder::iterate_all_blocks(bool)+0x85
V  [libjvm.so+0x4b1ec9]  GraphBuilder::GraphBuilder(Compilation*, IRScope*)+0x389
V  [libjvm.so+0x4b70a8]  IR::IR(Compilation*, ciMethod*, int)+0x1e8
V  [libjvm.so+0x497832]  Compilation::build_hir() [clone .part.93]+0x162
V  [libjvm.so+0x499633]  Compilation::compile_java_method()+0x3c3
V  [libjvm.so+0x4997af]  Compilation::compile_method()+0x12f
V  [libjvm.so+0x499c31]  Compilation::Compilation(AbstractCompiler*, ciEnv*, ciMethod*, int, BufferBlob*, DirectiveSet*)+0x271
V  [libjvm.so+0x49ac1e]  Compiler::compile_method(ciEnv*, ciMethod*, int, DirectiveSet*)+0xae
V  [libjvm.so+0x6125ac]  CompileBroker::invoke_compiler_on_method(CompileTask*)+0x41c
V  [libjvm.so+0x61344b]  CompileBroker::compiler_thread_loop()+0x28b
V  [libjvm.so+0xcef338]  JavaThread::thread_main_inner()+0xd8
V  [libjvm.so+0xb6e132]  thread_native_entry(Thread*)+0xf2
C  [libpthread.so.0+0x9609]  start_thread+0xd9


siginfo: si_signo: 11 (SIGSEGV), si_code: 1 (SEGV_MAPERR), si_addr: 0x0000000000000018

Register to memory mapping:

RAX=0x0000000000000000 is an unknown value
RBX=0x00007f5a68013b50 is an unknown value
RCX=0x00007f5aa0bf1800 is pointing into the stack for thread: 0x00007f5ba42bb800
RDX=0x00007f5a68013b50 is an unknown value
RSP=0x00007f5aa0bf10c0 is pointing into the stack for thread: 0x00007f5ba42bb800
RBP=0x00007f5aa0bf1130 is pointing into the stack for thread: 0x00007f5ba42bb800
RSI=0x00007f5a68013b50 is an unknown value
RDI=0x00007f5aa0bf1160 is pointing into the stack for thread: 0x00007f5ba42bb800
R8 =0x00007f5a74035c00 is an unknown value
R9 =0x00007f5a74034710 is an unknown value
R10=0x00007f5a4fed4490 is an unknown value
R11=0x0000000000000000 is an unknown value
R12=0x00007f5a68013bf0 is an unknown value
R13=0x00007f5aa0bf1460 is pointing into the stack for thread: 0x00007f5ba42bb800
R14=0x00007f5a68013b50 is an unknown value
R15=0x00007f5a68013bf0 is an unknown value


Registers:
RAX=0x0000000000000000, RBX=0x00007f5a68013b50, RCX=0x00007f5aa0bf1800, RDX=0x00007f5a68013b50
RSP=0x00007f5aa0bf10c0, RBP=0x00007f5aa0bf1130, RSI=0x00007f5a68013b50, RDI=0x00007f5aa0bf1160
R8 =0x00007f5a74035c00, R9 =0x00007f5a74034710, R10=0x00007f5a4fed4490, R11=0x0000000000000000
R12=0x00007f5a68013bf0, R13=0x00007f5aa0bf1460, R14=0x00007f5a68013b50, R15=0x00007f5a68013bf0
RIP=0x00007f5ba8802b2c, EFLAGS=0x0000000000010206, CSGSFS=0x002b000000000033, ERR=0x0000000000000004
  TRAPNO=0x000000000000000e

Top of Stack: (sp=0x00007f5aa0bf10c0)
0x00007f5aa0bf10c0:   0000000000000003 000000000000011c
0x00007f5aa0bf10d0:   00007f5aa0bf1170 00007f5ba88a6675
0x00007f5aa0bf10e0:   00007f5aa0bf1110 00007f5ba882f69f
0x00007f5aa0bf10f0:   00000003a0bf1120 00007f5aa0bf1160 

Instructions: (pc=0x00007f5ba8802b2c)
0x00007f5ba8802b0c:   ff 90 66 90 55 48 89 e5 41 57 41 56 41 55 41 54
0x00007f5ba8802b1c:   53 48 89 f3 48 83 ec 48 48 8b 46 70 48 89 7d c8
0x00007f5ba8802b2c:   48 8b 78 18 48 8b 07 ff 50 18 84 c0 0f 85 a2 00
0x00007f5ba8802b3c:   00 00 4c 8b 63 70 48 8b 83 80 00 00 00 49 39 c4 


---------------  P R O C E S S  ---------------

Java Threads: ( => current thread )
  0x00007f5ba4361800 JavaThread "Service Thread" daemon [_thread_blocked, id=24390, stack(0x00007f5aa00c4000,0x00007f5aa01c5000)]
  0x00007f5ba42d1800 JavaThread "Common-Cleaner" daemon [_thread_blocked, id=24389, stack(0x00007f5aa01c5000,0x00007f5aa02c6000)]
  0x00007f5ba42c2800 JavaThread "Sweeper thread" daemon [_thread_blocked, id=24388, stack(0x00007f5aa06ee000,0x00007f5aa07ef000)]
  0x00007f5ba42c1000 JavaThread "C1 CompilerThread11" daemon [_thread_blocked, id=24387, stack(0x00007f5aa07ef000,0x00007f5aa08f0000)]
  0x00007f5ba42bf000 JavaThread "C1 CompilerThread10" daemon [_thread_blocked, id=24386, stack(0x00007f5aa08f0000,0x00007f5aa09f1000)]
  0x00007f5ba42bd800 JavaThread "C1 CompilerThread9" daemon [_thread_blocked, id=24385, stack(0x00007f5aa09f1000,0x00007f5aa0af2000)]
=>0x00007f5ba42bb800 JavaThread "C1 CompilerThread8" daemon [_thread_in_native, id=24384, stack(0x00007f5aa0af2000,0x00007f5aa0bf3000)]
  0x00007f5ba42b9800 JavaThread "C2 CompilerThread7" daemon [_thread_blocked, id=24383, stack(0x00007f5aa0bf3000,0x00007f5aa0cf4000)]
  0x00007f5ba42b7800 JavaThread "C2 CompilerThread6" daemon [_thread_blocked, id=24382, stack(0x00007f5aa0cf4000,0x00007f5aa0df5000)]
  0x00007f5ba42b6000 JavaThread "C2 CompilerThread5" daemon [_thread_blocked, id=24381, stack(0x00007f5aa0df5000,0x00007f5aa0ef6000)]
  0x00007f5ba42b4000 JavaThread "C2 CompilerThread4" daemon [_thread_blocked, id=24380, stack(0x00007f5aa0ef6000,0x00007f5aa0ff7000)]
  0x00007f5ba42b2800 JavaThread "C2 CompilerThread3" daemon [_thread_blocked, id=24379, stack(0x00007f5aa0ff7000,0x00007f5aa10f8000)]
  0x00007f5ba42b0800 JavaThread "C2 CompilerThread2" daemon [_thread_blocked, id=24378, stack(0x00007f5aa10f8000,0x00007f5aa11f9000)]
  0x00007f5ba42af000 JavaThread "C2 CompilerThread1" daemon [_thread_blocked, id=24377, stack(0x00007f5aa11f9000,0x00007f5aa12fa000)]
  0x00007f5ba42ad000 JavaThread "C2 CompilerThread0" daemon [_thread_blocked, id=24376, stack(0x00007f5aa12fa000,0x00007f5aa13fb000)]
  0x00007f5ba42ab000 JavaThread "Signal Dispatcher" daemon [_thread_blocked, id=24375, stack(0x00007f5aa13fb000,0x00007f5aa14fc000)]
  0x00007f5ba4291000 JavaThread "Finalizer" daemon [_thread_blocked, id=24374, stack(0x00007f5aa14fc000,0x00007f5aa15fd000)]
  0x00007f5ba4288800 JavaThread "Reference Handler" daemon [_thread_blocked, id=24373, stack(0x00007f5aa15fd000,0x00007f5aa16fe000)]
  0x00007f5ba4011800 JavaThread "main" [_thread_in_Java, id=24324, stack(0x00007f5ba8126000,0x00007f5ba8225000)]

Other Threads:
  0x00007f5ba4281000 VMThread "VM Thread" [stack: 0x00007f5aa1700000,0x00007f5aa1800000] [id=24372]
  0x00007f5ba4364800 WatcherThread [stack: 0x00007f5a4ff00000,0x00007f5a50000000] [id=24391]
  0x00007f5ba4034000 GCTaskThread "GC Thread#0" [stack: 0x00007f5b88e26000,0x00007f5b88f26000] [id=24325]
  0x00007f5ba4035800 GCTaskThread "GC Thread#1" [stack: 0x00007f5b88d24000,0x00007f5b88e24000] [id=24326]
  0x00007f5ba4037000 GCTaskThread "GC Thread#2" [stack: 0x00007f5b88c22000,0x00007f5b88d22000] [id=24327]
  0x00007f5ba4039000 GCTaskThread "GC Thread#3" [stack: 0x00007f5b88b20000,0x00007f5b88c20000] [id=24328]
  0x00007f5ba403a800 GCTaskThread "GC Thread#4" [stack: 0x00007f5b88a1e000,0x00007f5b88b1e000] [id=24329]
  0x00007f5ba403c800 GCTaskThread "GC Thread#5" [stack: 0x00007f5b8891c000,0x00007f5b88a1c000] [id=24330]
  0x00007f5ba403e000 GCTaskThread "GC Thread#6" [stack: 0x00007f5b8881a000,0x00007f5b8891a000] [id=24331]
  0x00007f5ba403f800 GCTaskThread "GC Thread#7" [stack: 0x00007f5b88718000,0x00007f5b88818000] [id=24332]
  0x00007f5ba4041800 GCTaskThread "GC Thread#8" [stack: 0x00007f5b88616000,0x00007f5b88716000] [id=24333]
  0x00007f5ba4043000 GCTaskThread "GC Thread#9" [stack: 0x00007f5b88514000,0x00007f5b88614000] [id=24334]
  0x00007f5ba4045000 GCTaskThread "GC Thread#10" [stack: 0x00007f5b88412000,0x00007f5b88512000] [id=24335]
  0x00007f5ba4046800 GCTaskThread "GC Thread#11" [stack: 0x00007f5b88310000,0x00007f5b88410000] [id=24336]
  0x00007f5ba4048800 GCTaskThread "GC Thread#12" [stack: 0x00007f5b8820e000,0x00007f5b8830e000] [id=24337]
  0x00007f5ba404a000 GCTaskThread "GC Thread#13" [stack: 0x00007f5b8810c000,0x00007f5b8820c000] [id=24338]
  0x00007f5ba404c000 GCTaskThread "GC Thread#14" [stack: 0x00007f5b8800a000,0x00007f5b8810a000] [id=24339]
  0x00007f5ba404d800 GCTaskThread "GC Thread#15" [stack: 0x00007f5b4bf00000,0x00007f5b4c000000] [id=24340]
  0x00007f5ba404f800 GCTaskThread "GC Thread#16" [stack: 0x00007f5b4bdfe000,0x00007f5b4befe000] [id=24341]
  0x00007f5ba4051000 GCTaskThread "GC Thread#17" [stack: 0x00007f5b4bcfc000,0x00007f5b4bdfc000] [id=24342]
  0x00007f5ba4052800 GCTaskThread "GC Thread#18" [stack: 0x00007f5b4bbfa000,0x00007f5b4bcfa000] [id=24343]
  0x00007f5ba4054800 GCTaskThread "GC Thread#19" [stack: 0x00007f5b4baf8000,0x00007f5b4bbf8000] [id=24344]
  0x00007f5ba409f800 ConcurrentGCThread "G1 Main Marker" [stack: 0x00007f5b48bcd000,0x00007f5b48ccd000] [id=24366]
  0x00007f5ba40a1000 ConcurrentGCThread "G1 Marker#0" [stack: 0x00007f5b48acb000,0x00007f5b48bcb000] [id=24367]
  0x00007f5ba40a3000 ConcurrentGCThread "G1 Marker#1" [stack: 0x00007f5b489c9000,0x00007f5b48ac9000] [id=24368]
  0x00007f5ba40a4800 ConcurrentGCThread "G1 Marker#2" [stack: 0x00007f5b488c7000,0x00007f5b489c7000] [id=24369]
  0x00007f5ba40a6800 ConcurrentGCThread "G1 Marker#3" [stack: 0x00007f5b487c5000,0x00007f5b488c5000] [id=24370]
  0x00007f5ba40a8000 ConcurrentGCThread "G1 Marker#4" [stack: 0x00007f5b486c3000,0x00007f5b487c3000] [id=24371]
  0x00007f5ba4079000 ConcurrentGCThread "G1 Refine#0" [stack: 0x00007f5b492bc000,0x00007f5b493bc000] [id=24364]
  0x00007f5ba4077000 ConcurrentGCThread "G1 Refine#1" [stack: 0x00007f5b493be000,0x00007f5b494be000] [id=24363]
  0x00007f5ba4075000 ConcurrentGCThread "G1 Refine#2" [stack: 0x00007f5b494c0000,0x00007f5b495c0000] [id=24362]
  0x00007f5ba4073800 ConcurrentGCThread "G1 Refine#3" [stack: 0x00007f5b495c2000,0x00007f5b496c2000] [id=24361]
  0x00007f5ba4071800 ConcurrentGCThread "G1 Refine#4" [stack: 0x00007f5b496c4000,0x00007f5b497c4000] [id=24360]
  0x00007f5ba4070000 ConcurrentGCThread "G1 Refine#5" [stack: 0x00007f5b497c6000,0x00007f5b498c6000] [id=24359]
  0x00007f5ba406e000 ConcurrentGCThread "G1 Refine#6" [stack: 0x00007f5b498c8000,0x00007f5b499c8000] [id=24358]
  0x00007f5ba406c800 ConcurrentGCThread "G1 Refine#7" [stack: 0x00007f5b499ca000,0x00007f5b49aca000] [id=24357]
  0x00007f5ba406a800 ConcurrentGCThread "G1 Refine#8" [stack: 0x00007f5b49acc000,0x00007f5b49bcc000] [id=24356]
  0x00007f5ba4069000 ConcurrentGCThread "G1 Refine#9" [stack: 0x00007f5b49bce000,0x00007f5b49cce000] [id=24355]
  0x00007f5ba4067000 ConcurrentGCThread "G1 Refine#10" [stack: 0x00007f5b49cd0000,0x00007f5b49dd0000] [id=24354]
  0x00007f5ba4065000 ConcurrentGCThread "G1 Refine#11" [stack: 0x00007f5b49dd2000,0x00007f5b49ed2000] [id=24353]
  0x00007f5ba4063800 ConcurrentGCThread "G1 Refine#12" [stack: 0x00007f5b49ed4000,0x00007f5b49fd4000] [id=24352]
  0x00007f5ba4061800 ConcurrentGCThread "G1 Refine#13" [stack: 0x00007f5b49fd6000,0x00007f5b4a0d6000] [id=24351]
  0x00007f5ba4060000 ConcurrentGCThread "G1 Refine#14" [stack: 0x00007f5b4a0d8000,0x00007f5b4a1d8000] [id=24350]
  0x00007f5ba405e000 ConcurrentGCThread "G1 Refine#15" [stack: 0x00007f5b4a1da000,0x00007f5b4a2da000] [id=24349]
  0x00007f5ba405c800 ConcurrentGCThread "G1 Refine#16" [stack: 0x00007f5b4a2dc000,0x00007f5b4a3dc000] [id=24348]
  0x00007f5ba405a800 ConcurrentGCThread "G1 Refine#17" [stack: 0x00007f5b4a3de000,0x00007f5b4a4de000] [id=24347]
  0x00007f5ba4059000 ConcurrentGCThread "G1 Refine#18" [stack: 0x00007f5b4a4e0000,0x00007f5b4a5e0000] [id=24346]
  0x00007f5ba4057000 ConcurrentGCThread "G1 Refine#19" [stack: 0x00007f5b4a5e2000,0x00007f5b4a6e2000] [id=24345]
  0x00007f5ba407a800 ConcurrentGCThread "G1 Young RemSet Sampling" [stack: 0x00007f5b491ba000,0x00007f5b492ba000] [id=24365]

Threads with active compile tasks:
C1 CompilerThread8 242 %     3       org.eclipse.core.runtime.adaptor.EclipseStarter::main @ 5297 (6751 bytes)

VM state:not at safepoint (normal execution)

VM Mutex/Monitor currently owned by a thread: None

Heap address: 0x00000003d7c00000, size: 16004 MB, Compressed Oops mode: Zero based, Oop shift amount: 3
Narrow klass base: 0x0000000000000000, Narrow klass shift: 3
Compressed class space size: 1073741824 Address: 0x00000007c0000000

Heap:
 garbage-first heap   total 1028096K, used 8192K [0x00000003d7c00000, 0x00000003d80007d8, 0x00000007c0000000)
  region size 4096K, 3 young (12288K), 0 survivors (0K)
 Metaspace       used 4313K, capacity 4678K, committed 4864K, reserved 1056768K
  class space    used 355K, capacity 386K, committed 512K, reserved 1048576K
Heap Regions: E=young(eden), S=young(survivor), O=old, HS=humongous(starts), HC=humongous(continues), CS=collection set, F=free, A=archive, TS=gc time stamp, AC=allocation context, TAMS=top-at-mark-start (previous, next)
|   0|0x00000003d7c00000, 0x00000003d7c00000, 0x00000003d8000000|  0%| F|  |TS  0|AC  0|TAMS 0x00000003d7c00000, 0x00000003d7c00000|
|   1|0x00000003d8000000, 0x00000003d8000000, 0x00000003d8400000|  0%| F|  |TS  0|AC  0|TAMS 0x00000003d8000000, 0x00000003d8000000|
|   2|0x00000003d8400000, 0x00000003d8400000, 0x00000003d8800000|  0%| F|  |TS  0|AC  0|TAMS 0x00000003d8400000, 0x00000003d8400000|
|   3|0x00000003d8800000, 0x00000003d8800000, 0x00000003d8c00000|  0%| F|  |TS  0|AC  0|TAMS 0x00000003d8800000, 0x00000003d8800000|
|   4|0x00000003d8c00000, 0x00000003d8c00000, 0x00000003d9000000|  0%| F|  |TS  0|AC  0|TAMS 0x00000003d8c00000, 0x00000003d8c00000|
|   5|0x00000003d9000000, 0x00000003d9000000, 0x00000003d9400000|  0%| F|  |TS  0|AC  0|TAMS 0x00000003d9000000, 0x00000003d9000000|
|   6|0x00000003d9400000, 0x00000003d9400000, 0x00000003d9800000|  0%| F|  |TS  0|AC  0|TAMS 0x00000003d9400000, 0x00000003d9400000|
|   7|0x00000003d9800000, 0x00000003d9800000, 0x00000003d9c00000|  0%| F|  |TS  0|AC  0|TAMS 0x00000003d9800000, 0x00000003d9800000|
|   8|0x00000003d9c00000, 0x00000003d9c00000, 0x00000003da000000|  0%| F|  |TS  0|AC  0|TAMS 0x00000003d9c00000, 0x00000003d9c00000|
|   9|0x00000003da000000, 0x00000003da000000, 0x00000003da400000|  0%| F|  |TS  0|AC  0|TAMS 0x00000003da000000, 0x00000003da000000|
|  10|0x00000003da400000, 0x00000003da400000, 0x00000003da800000|  0%| F|  |TS  0|AC  0|TAMS 0x00000003da400000, 0x00000003da400000|
|  11|0x00000003da800000, 0x00000003da800000, 0x00000003dac00000|  0%| F|  |TS  0|AC  0|TAMS 0x00000003da800000, 0x00000003da800000|
|  12|0x00000003dac00000, 0x00000003dac00000, 0x00000003db000000|  0%| F|  |TS  0|AC  0|TAMS 0x00000003dac00000, 0x00000003dac00000|
|  13|0x00000003db000000, 0x00000003db000000, 0x00000003db400000|  0%| F|  |TS  0|AC  0|TAMS 0x00000003db000000, 0x00000003db000000|
|  14|0x00000003db400000, 0x00000003db400000, 0x00000003db800000|  0%| F|  |TS  0|AC  0|TAMS 0x00000003db400000, 0x00000003db400000|
|  15|0x00000003db800000, 0x00000003db800000, 0x00000003dbc00000|  0%| F|  |TS  0|AC  0|TAMS 0x00000003db800000, 0x00000003db800000|
|  16|0x00000003dbc00000, 0x00000003dbc00000, 0x00000003dc000000|  0%| F|  |TS  0|AC  0|TAMS 0x00000003dbc00000, 0x00000003dbc00000|
|  17|0x00000003dc000000, 0x00000003dc000000, 0x00000003dc400000|  0%| F|  |TS  0|AC  0|TAMS 0x00000003dc000000, 0x00000003dc000000|
|  18|0x00000003dc400000, 0x00000003dc400000, 0x00000003dc800000|  0%| F|  |TS  0|AC  0|TAMS 0x00000003dc400000, 0x00000003dc400000|
|  19|0x00000003dc800000, 0x00000003dc800000, 0x00000003dcc00000|  0%| F|  |TS  0|AC  0|TAMS 0x00000003dc800000, 0x00000003dc800000|
|  20|0x00000003dcc00000, 0x00000003dcc00000, 0x00000003dd000000|  0%| F|  |TS  0|AC  0|TAMS 0x00000003dcc00000, 0x00000003dcc00000|
|  21|0x00000003dd000000, 0x00000003dd000000, 0x00000003dd400000|  0%| F|  |TS  0|AC  0|TAMS 0x00000003dd000000, 0x00000003dd000000|
|  22|0x00000003dd400000, 0x00000003dd400000, 0x00000003dd800000|  0%| F|  |TS  0|AC  0|TAMS 0x00000003dd400000, 0x00000003dd400000|
|  23|0x00000003dd800000, 0x00000003dd800000, 0x00000003ddc00000|  0%| F|  |TS  0|AC  0|TAMS 0x00000003dd800000, 0x00000003dd800000|
|  24|0x00000003ddc00000, 0x00000003ddc00000, 0x00000003de000000|  0%| F|  |TS  0|AC  0|TAMS 0x00000003ddc00000, 0x00000003ddc00000|
|  25|0x00000003de000000, 0x00000003de000000, 0x00000003de400000|  0%| F|  |TS  0|AC  0|TAMS 0x00000003de000000, 0x00000003de000000|
|  26|0x00000003de400000, 0x00000003de400000, 0x00000003de800000|  0%| F|  |TS  0|AC  0|TAMS 0x00000003de400000, 0x00000003de400000|
|  27|0x00000003de800000, 0x00000003de800000, 0x00000003dec00000|  0%| F|  |TS  0|AC  0|TAMS 0x00000003de800000, 0x00000003de800000|
|  28|0x00000003dec00000, 0x00000003dec00000, 0x00000003df000000|  0%| F|  |TS  0|AC  0|TAMS 0x00000003dec00000, 0x00000003dec00000|
|  29|0x00000003df000000, 0x00000003df000000, 0x00000003df400000|  0%| F|  |TS  0|AC  0|TAMS 0x00000003df000000, 0x00000003df000000|
|  30|0x00000003df400000, 0x00000003df400000, 0x00000003df800000|  0%| F|  |TS  0|AC  0|TAMS 0x00000003df400000, 0x00000003df400000|
|  31|0x00000003df800000, 0x00000003df800000, 0x00000003dfc00000|  0%| F|  |TS  0|AC  0|TAMS 0x00000003df800000, 0x00000003df800000|
|  32|0x00000003dfc00000, 0x00000003dfc00000, 0x00000003e0000000|  0%| F|  |TS  0|AC  0|TAMS 0x00000003dfc00000, 0x00000003dfc00000|
|  33|0x00000003e0000000, 0x00000003e0000000, 0x00000003e0400000|  0%| F|  |TS  0|AC  0|TAMS 0x00000003e0000000, 0x00000003e0000000|
|  34|0x00000003e0400000, 0x00000003e0400000, 0x00000003e0800000|  0%| F|  |TS  0|AC  0|TAMS 0x00000003e0400000, 0x00000003e0400000|
|  35|0x00000003e0800000, 0x00000003e0800000, 0x00000003e0c00000|  0%| F|  |TS  0|AC  0|TAMS 0x00000003e0800000, 0x00000003e0800000|
|  36|0x00000003e0c00000, 0x00000003e0c00000, 0x00000003e1000000|  0%| F|  |TS  0|AC  0|TAMS 0x00000003e0c00000, 0x00000003e0c00000|
|  37|0x00000003e1000000, 0x00000003e1000000, 0x00000003e1400000|  0%| F|  |TS  0|AC  0|TAMS 0x00000003e1000000, 0x00000003e1000000|
|  38|0x00000003e1400000, 0x00000003e1400000, 0x00000003e1800000|  0%| F|  |TS  0|AC  0|TAMS 0x00000003e1400000, 0x00000003e1400000|
|  39|0x00000003e1800000, 0x00000003e1800000, 0x00000003e1c00000|  0%| F|  |TS  0|AC  0|TAMS 0x00000003e1800000, 0x00000003e1800000|
|  40|0x00000003e1c00000, 0x00000003e1c00000, 0x00000003e2000000|  0%| F|  |TS  0|AC  0|TAMS 0x00000003e1c00000, 0x00000003e1c00000|
|  41|0x00000003e2000000, 0x00000003e2000000, 0x00000003e2400000|  0%| F|  |TS  0|AC  0|TAMS 0x00000003e2000000, 0x00000003e2000000|
|  42|0x00000003e2400000, 0x00000003e2400000, 0x00000003e2800000|  0%| F|  |TS  0|AC  0|TAMS 0x00000003e2400000, 0x00000003e2400000|
|  43|0x00000003e2800000, 0x00000003e2800000, 0x00000003e2c00000|  0%| F|  |TS  0|AC  0|TAMS 0x00000003e2800000, 0x00000003e2800000|
|  44|0x00000003e2c00000, 0x00000003e2c00000, 0x00000003e3000000|  0%| F|  |TS  0|AC  0|TAMS 0x00000003e2c00000, 0x00000003e2c00000|
|  45|0x00000003e3000000, 0x00000003e3000000, 0x00000003e3400000|  0%| F|  |TS  0|AC  0|TAMS 0x00000003e3000000, 0x00000003e3000000|
|  46|0x00000003e3400000, 0x00000003e3400000, 0x00000003e3800000|  0%| F|  |TS  0|AC  0|TAMS 0x00000003e3400000, 0x00000003e3400000|
|  47|0x00000003e3800000, 0x00000003e3800000, 0x00000003e3c00000|  0%| F|  |TS  0|AC  0|TAMS 0x00000003e3800000, 0x00000003e3800000|
|  48|0x00000003e3c00000, 0x00000003e3c00000, 0x00000003e4000000|  0%| F|  |TS  0|AC  0|TAMS 0x00000003e3c00000, 0x00000003e3c00000|
|  49|0x00000003e4000000, 0x00000003e4000000, 0x00000003e4400000|  0%| F|  |TS  0|AC  0|TAMS 0x00000003e4000000, 0x00000003e4000000|
|  50|0x00000003e4400000, 0x00000003e4400000, 0x00000003e4800000|  0%| F|  |TS  0|AC  0|TAMS 0x00000003e4400000, 0x00000003e4400000|
|  51|0x00000003e4800000, 0x00000003e4800000, 0x00000003e4c00000|  0%| F|  |TS  0|AC  0|TAMS 0x00000003e4800000, 0x00000003e4800000|
|  52|0x00000003e4c00000, 0x00000003e4c00000, 0x00000003e5000000|  0%| F|  |TS  0|AC  0|TAMS 0x00000003e4c00000, 0x00000003e4c00000|
|  53|0x00000003e5000000, 0x00000003e5000000, 0x00000003e5400000|  0%| F|  |TS  0|AC  0|TAMS 0x00000003e5000000, 0x00000003e5000000|
|  54|0x00000003e5400000, 0x00000003e5400000, 0x00000003e5800000|  0%| F|  |TS  0|AC  0|TAMS 0x00000003e5400000, 0x00000003e5400000|
|  55|0x00000003e5800000, 0x00000003e5800000, 0x00000003e5c00000|  0%| F|  |TS  0|AC  0|TAMS 0x00000003e5800000, 0x00000003e5800000|
|  56|0x00000003e5c00000, 0x00000003e5c00000, 0x00000003e6000000|  0%| F|  |TS  0|AC  0|TAMS 0x00000003e5c00000, 0x00000003e5c00000|
|  57|0x00000003e6000000, 0x00000003e6000000, 0x00000003e6400000|  0%| F|  |TS  0|AC  0|TAMS 0x00000003e6000000, 0x00000003e6000000|
|  58|0x00000003e6400000, 0x00000003e6400000, 0x00000003e6800000|  0%| F|  |TS  0|AC  0|TAMS 0x00000003e6400000, 0x00000003e6400000|
|  59|0x00000003e6800000, 0x00000003e6800000, 0x00000003e6c00000|  0%| F|  |TS  0|AC  0|TAMS 0x00000003e6800000, 0x00000003e6800000|
|  60|0x00000003e6c00000, 0x00000003e6c00000, 0x00000003e7000000|  0%| F|  |TS  0|AC  0|TAMS 0x00000003e6c00000, 0x00000003e6c00000|
|  61|0x00000003e7000000, 0x00000003e7000000, 0x00000003e7400000|  0%| F|  |TS  0|AC  0|TAMS 0x00000003e7000000, 0x00000003e7000000|
|  62|0x00000003e7400000, 0x00000003e7400000, 0x00000003e7800000|  0%| F|  |TS  0|AC  0|TAMS 0x00000003e7400000, 0x00000003e7400000|
|  63|0x00000003e7800000, 0x00000003e7800000, 0x00000003e7c00000|  0%| F|  |TS  0|AC  0|TAMS 0x00000003e7800000, 0x00000003e7800000|
|  64|0x00000003e7c00000, 0x00000003e7c00000, 0x00000003e8000000|  0%| F|  |TS  0|AC  0|TAMS 0x00000003e7c00000, 0x00000003e7c00000|
|  65|0x00000003e8000000, 0x00000003e8000000, 0x00000003e8400000|  0%| F|  |TS  0|AC  0|TAMS 0x00000003e8000000, 0x00000003e8000000|
|  66|0x00000003e8400000, 0x00000003e8400000, 0x00000003e8800000|  0%| F|  |TS  0|AC  0|TAMS 0x00000003e8400000, 0x00000003e8400000|
|  67|0x00000003e8800000, 0x00000003e8800000, 0x00000003e8c00000|  0%| F|  |TS  0|AC  0|TAMS 0x00000003e8800000, 0x00000003e8800000|
|  68|0x00000003e8c00000, 0x00000003e8c00000, 0x00000003e9000000|  0%| F|  |TS  0|AC  0|TAMS 0x00000003e8c00000, 0x00000003e8c00000|
|  69|0x00000003e9000000, 0x00000003e9000000, 0x00000003e9400000|  0%| F|  |TS  0|AC  0|TAMS 0x00000003e9000000, 0x00000003e9000000|
|  70|0x00000003e9400000, 0x00000003e9400000, 0x00000003e9800000|  0%| F|  |TS  0|AC  0|TAMS 0x00000003e9400000, 0x00000003e9400000|
|  71|0x00000003e9800000, 0x00000003e9800000, 0x00000003e9c00000|  0%| F|  |TS  0|AC  0|TAMS 0x00000003e9800000, 0x00000003e9800000|
|  72|0x00000003e9c00000, 0x00000003e9c00000, 0x00000003ea000000|  0%| F|  |TS  0|AC  0|TAMS 0x00000003e9c00000, 0x00000003e9c00000|
|  73|0x00000003ea000000, 0x00000003ea000000, 0x00000003ea400000|  0%| F|  |TS  0|AC  0|TAMS 0x00000003ea000000, 0x00000003ea000000|
|  74|0x00000003ea400000, 0x00000003ea400000, 0x00000003ea800000|  0%| F|  |TS  0|AC  0|TAMS 0x00000003ea400000, 0x00000003ea400000|
|  75|0x00000003ea800000, 0x00000003ea800000, 0x00000003eac00000|  0%| F|  |TS  0|AC  0|TAMS 0x00000003ea800000, 0x00000003ea800000|
|  76|0x00000003eac00000, 0x00000003eac00000, 0x00000003eb000000|  0%| F|  |TS  0|AC  0|TAMS 0x00000003eac00000, 0x00000003eac00000|
|  77|0x00000003eb000000, 0x00000003eb000000, 0x00000003eb400000|  0%| F|  |TS  0|AC  0|TAMS 0x00000003eb000000, 0x00000003eb000000|
|  78|0x00000003eb400000, 0x00000003eb400000, 0x00000003eb800000|  0%| F|  |TS  0|AC  0|TAMS 0x00000003eb400000, 0x00000003eb400000|
|  79|0x00000003eb800000, 0x00000003eb800000, 0x00000003ebc00000|  0%| F|  |TS  0|AC  0|TAMS 0x00000003eb800000, 0x00000003eb800000|
|  80|0x00000003ebc00000, 0x00000003ebc00000, 0x00000003ec000000|  0%| F|  |TS  0|AC  0|TAMS 0x00000003ebc00000, 0x00000003ebc00000|
|  81|0x00000003ec000000, 0x00000003ec000000, 0x00000003ec400000|  0%| F|  |TS  0|AC  0|TAMS 0x00000003ec000000, 0x00000003ec000000|
|  82|0x00000003ec400000, 0x00000003ec400000, 0x00000003ec800000|  0%| F|  |TS  0|AC  0|TAMS 0x00000003ec400000, 0x00000003ec400000|
|  83|0x00000003ec800000, 0x00000003ec800000, 0x00000003ecc00000|  0%| F|  |TS  0|AC  0|TAMS 0x00000003ec800000, 0x00000003ec800000|
|  84|0x00000003ecc00000, 0x00000003ecc00000, 0x00000003ed000000|  0%| F|  |TS  0|AC  0|TAMS 0x00000003ecc00000, 0x00000003ecc00000|
|  85|0x00000003ed000000, 0x00000003ed000000, 0x00000003ed400000|  0%| F|  |TS  0|AC  0|TAMS 0x00000003ed000000, 0x00000003ed000000|
|  86|0x00000003ed400000, 0x00000003ed400000, 0x00000003ed800000|  0%| F|  |TS  0|AC  0|TAMS 0x00000003ed400000, 0x00000003ed400000|
|  87|0x00000003ed800000, 0x00000003ed800000, 0x00000003edc00000|  0%| F|  |TS  0|AC  0|TAMS 0x00000003ed800000, 0x00000003ed800000|
|  88|0x00000003edc00000, 0x00000003edc00000, 0x00000003ee000000|  0%| F|  |TS  0|AC  0|TAMS 0x00000003edc00000, 0x00000003edc00000|
|  89|0x00000003ee000000, 0x00000003ee000000, 0x00000003ee400000|  0%| F|  |TS  0|AC  0|TAMS 0x00000003ee000000, 0x00000003ee000000|
|  90|0x00000003ee400000, 0x00000003ee400000, 0x00000003ee800000|  0%| F|  |TS  0|AC  0|TAMS 0x00000003ee400000, 0x00000003ee400000|
|  91|0x00000003ee800000, 0x00000003ee800000, 0x00000003eec00000|  0%| F|  |TS  0|AC  0|TAMS 0x00000003ee800000, 0x00000003ee800000|
|  92|0x00000003eec00000, 0x00000003eec00000, 0x00000003ef000000|  0%| F|  |TS  0|AC  0|TAMS 0x00000003eec00000, 0x00000003eec00000|
|  93|0x00000003ef000000, 0x00000003ef000000, 0x00000003ef400000|  0%| F|  |TS  0|AC  0|TAMS 0x00000003ef000000, 0x00000003ef000000|
|  94|0x00000003ef400000, 0x00000003ef400000, 0x00000003ef800000|  0%| F|  |TS  0|AC  0|TAMS 0x00000003ef400000, 0x00000003ef400000|
|  95|0x00000003ef800000, 0x00000003ef800000, 0x00000003efc00000|  0%| F|  |TS  0|AC  0|TAMS 0x00000003ef800000, 0x00000003ef800000|
|  96|0x00000003efc00000, 0x00000003efc00000, 0x00000003f0000000|  0%| F|  |TS  0|AC  0|TAMS 0x00000003efc00000, 0x00000003efc00000|
|  97|0x00000003f0000000, 0x00000003f0000000, 0x00000003f0400000|  0%| F|  |TS  0|AC  0|TAMS 0x00000003f0000000, 0x00000003f0000000|
|  98|0x00000003f0400000, 0x00000003f0400000, 0x00000003f0800000|  0%| F|  |TS  0|AC  0|TAMS 0x00000003f0400000, 0x00000003f0400000|
|  99|0x00000003f0800000, 0x00000003f0800000, 0x00000003f0c00000|  0%| F|  |TS  0|AC  0|TAMS 0x00000003f0800000, 0x00000003f0800000|
| 100|0x00000003f0c00000, 0x00000003f0c00000, 0x00000003f1000000|  0%| F|  |TS  0|AC  0|TAMS 0x00000003f0c00000, 0x00000003f0c00000|
| 101|0x00000003f1000000, 0x00000003f1000000, 0x00000003f1400000|  0%| F|  |TS  0|AC  0|TAMS 0x00000003f1000000, 0x00000003f1000000|
| 102|0x00000003f1400000, 0x00000003f1400000, 0x00000003f1800000|  0%| F|  |TS  0|AC  0|TAMS 0x00000003f1400000, 0x00000003f1400000|
| 103|0x00000003f1800000, 0x00000003f1800000, 0x00000003f1c00000|  0%| F|  |TS  0|AC  0|TAMS 0x00000003f1800000, 0x00000003f1800000|
| 104|0x00000003f1c00000, 0x00000003f1c00000, 0x00000003f2000000|  0%| F|  |TS  0|AC  0|TAMS 0x00000003f1c00000, 0x00000003f1c00000|
| 105|0x00000003f2000000, 0x00000003f2000000, 0x00000003f2400000|  0%| F|  |TS  0|AC  0|TAMS 0x00000003f2000000, 0x00000003f2000000|
| 106|0x00000003f2400000, 0x00000003f2400000, 0x00000003f2800000|  0%| F|  |TS  0|AC  0|TAMS 0x00000003f2400000, 0x00000003f2400000|
| 107|0x00000003f2800000, 0x00000003f2800000, 0x00000003f2c00000|  0%| F|  |TS  0|AC  0|TAMS 0x00000003f2800000, 0x00000003f2800000|
| 108|0x00000003f2c00000, 0x00000003f2c00000, 0x00000003f3000000|  0%| F|  |TS  0|AC  0|TAMS 0x00000003f2c00000, 0x00000003f2c00000|
| 109|0x00000003f3000000, 0x00000003f3000000, 0x00000003f3400000|  0%| F|  |TS  0|AC  0|TAMS 0x00000003f3000000, 0x00000003f3000000|
| 110|0x00000003f3400000, 0x00000003f3400000, 0x00000003f3800000|  0%| F|  |TS  0|AC  0|TAMS 0x00000003f3400000, 0x00000003f3400000|
| 111|0x00000003f3800000, 0x00000003f3800000, 0x00000003f3c00000|  0%| F|  |TS  0|AC  0|TAMS 0x00000003f3800000, 0x00000003f3800000|
| 112|0x00000003f3c00000, 0x00000003f3c00000, 0x00000003f4000000|  0%| F|  |TS  0|AC  0|TAMS 0x00000003f3c00000, 0x00000003f3c00000|
| 113|0x00000003f4000000, 0x00000003f4000000, 0x00000003f4400000|  0%| F|  |TS  0|AC  0|TAMS 0x00000003f4000000, 0x00000003f4000000|
| 114|0x00000003f4400000, 0x00000003f4400000, 0x00000003f4800000|  0%| F|  |TS  0|AC  0|TAMS 0x00000003f4400000, 0x00000003f4400000|
| 115|0x00000003f4800000, 0x00000003f4800000, 0x00000003f4c00000|  0%| F|  |TS  0|AC  0|TAMS 0x00000003f4800000, 0x00000003f4800000|
| 116|0x00000003f4c00000, 0x00000003f4c00000, 0x00000003f5000000|  0%| F|  |TS  0|AC  0|TAMS 0x00000003f4c00000, 0x00000003f4c00000|
| 117|0x00000003f5000000, 0x00000003f5000000, 0x00000003f5400000|  0%| F|  |TS  0|AC  0|TAMS 0x00000003f5000000, 0x00000003f5000000|
| 118|0x00000003f5400000, 0x00000003f5400000, 0x00000003f5800000|  0%| F|  |TS  0|AC  0|TAMS 0x00000003f5400000, 0x00000003f5400000|
| 119|0x00000003f5800000, 0x00000003f5800000, 0x00000003f5c00000|  0%| F|  |TS  0|AC  0|TAMS 0x00000003f5800000, 0x00000003f5800000|
| 120|0x00000003f5c00000, 0x00000003f5c00000, 0x00000003f6000000|  0%| F|  |TS  0|AC  0|TAMS 0x00000003f5c00000, 0x00000003f5c00000|
| 121|0x00000003f6000000, 0x00000003f6000000, 0x00000003f6400000|  0%| F|  |TS  0|AC  0|TAMS 0x00000003f6000000, 0x00000003f6000000|
| 122|0x00000003f6400000, 0x00000003f6400000, 0x00000003f6800000|  0%| F|  |TS  0|AC  0|TAMS 0x00000003f6400000, 0x00000003f6400000|
| 123|0x00000003f6800000, 0x00000003f6800000, 0x00000003f6c00000|  0%| F|  |TS  0|AC  0|TAMS 0x00000003f6800000, 0x00000003f6800000|
| 124|0x00000003f6c00000, 0x00000003f6c00000, 0x00000003f7000000|  0%| F|  |TS  0|AC  0|TAMS 0x00000003f6c00000, 0x00000003f6c00000|
| 125|0x00000003f7000000, 0x00000003f7000000, 0x00000003f7400000|  0%| F|  |TS  0|AC  0|TAMS 0x00000003f7000000, 0x00000003f7000000|
| 126|0x00000003f7400000, 0x00000003f7400000, 0x00000003f7800000|  0%| F|  |TS  0|AC  0|TAMS 0x00000003f7400000, 0x00000003f7400000|
| 127|0x00000003f7800000, 0x00000003f7800000, 0x00000003f7c00000|  0%| F|  |TS  0|AC  0|TAMS 0x00000003f7800000, 0x00000003f7800000|
| 128|0x00000003f7c00000, 0x00000003f7c00000, 0x00000003f8000000|  0%| F|  |TS  0|AC  0|TAMS 0x00000003f7c00000, 0x00000003f7c00000|
| 129|0x00000003f8000000, 0x00000003f8000000, 0x00000003f8400000|  0%| F|  |TS  0|AC  0|TAMS 0x00000003f8000000, 0x00000003f8000000|
| 130|0x00000003f8400000, 0x00000003f8400000, 0x00000003f8800000|  0%| F|  |TS  0|AC  0|TAMS 0x00000003f8400000, 0x00000003f8400000|
| 131|0x00000003f8800000, 0x00000003f8800000, 0x00000003f8c00000|  0%| F|  |TS  0|AC  0|TAMS 0x00000003f8800000, 0x00000003f8800000|
| 132|0x00000003f8c00000, 0x00000003f8c00000, 0x00000003f9000000|  0%| F|  |TS  0|AC  0|TAMS 0x00000003f8c00000, 0x00000003f8c00000|
| 133|0x00000003f9000000, 0x00000003f9000000, 0x00000003f9400000|  0%| F|  |TS  0|AC  0|TAMS 0x00000003f9000000, 0x00000003f9000000|
| 134|0x00000003f9400000, 0x00000003f9400000, 0x00000003f9800000|  0%| F|  |TS  0|AC  0|TAMS 0x00000003f9400000, 0x00000003f9400000|
| 135|0x00000003f9800000, 0x00000003f9800000, 0x00000003f9c00000|  0%| F|  |TS  0|AC  0|TAMS 0x00000003f9800000, 0x00000003f9800000|
| 136|0x00000003f9c00000, 0x00000003f9c00000, 0x00000003fa000000|  0%| F|  |TS  0|AC  0|TAMS 0x00000003f9c00000, 0x00000003f9c00000|
| 137|0x00000003fa000000, 0x00000003fa000000, 0x00000003fa400000|  0%| F|  |TS  0|AC  0|TAMS 0x00000003fa000000, 0x00000003fa000000|
| 138|0x00000003fa400000, 0x00000003fa400000, 0x00000003fa800000|  0%| F|  |TS  0|AC  0|TAMS 0x00000003fa400000, 0x00000003fa400000|
| 139|0x00000003fa800000, 0x00000003fa800000, 0x00000003fac00000|  0%| F|  |TS  0|AC  0|TAMS 0x00000003fa800000, 0x00000003fa800000|
| 140|0x00000003fac00000, 0x00000003fac00000, 0x00000003fb000000|  0%| F|  |TS  0|AC  0|TAMS 0x00000003fac00000, 0x00000003fac00000|
| 141|0x00000003fb000000, 0x00000003fb000000, 0x00000003fb400000|  0%| F|  |TS  0|AC  0|TAMS 0x00000003fb000000, 0x00000003fb000000|
| 142|0x00000003fb400000, 0x00000003fb400000, 0x00000003fb800000|  0%| F|  |TS  0|AC  0|TAMS 0x00000003fb400000, 0x00000003fb400000|
| 143|0x00000003fb800000, 0x00000003fb800000, 0x00000003fbc00000|  0%| F|  |TS  0|AC  0|TAMS 0x00000003fb800000, 0x00000003fb800000|
| 144|0x00000003fbc00000, 0x00000003fbc00000, 0x00000003fc000000|  0%| F|  |TS  0|AC  0|TAMS 0x00000003fbc00000, 0x00000003fbc00000|
| 145|0x00000003fc000000, 0x00000003fc000000, 0x00000003fc400000|  0%| F|  |TS  0|AC  0|TAMS 0x00000003fc000000, 0x00000003fc000000|
| 146|0x00000003fc400000, 0x00000003fc400000, 0x00000003fc800000|  0%| F|  |TS  0|AC  0|TAMS 0x00000003fc400000, 0x00000003fc400000|
| 147|0x00000003fc800000, 0x00000003fc800000, 0x00000003fcc00000|  0%| F|  |TS  0|AC  0|TAMS 0x00000003fc800000, 0x00000003fc800000|
| 148|0x00000003fcc00000, 0x00000003fcc00000, 0x00000003fd000000|  0%| F|  |TS  0|AC  0|TAMS 0x00000003fcc00000, 0x00000003fcc00000|
| 149|0x00000003fd000000, 0x00000003fd000000, 0x00000003fd400000|  0%| F|  |TS  0|AC  0|TAMS 0x00000003fd000000, 0x00000003fd000000|
| 150|0x00000003fd400000, 0x00000003fd400000, 0x00000003fd800000|  0%| F|  |TS  0|AC  0|TAMS 0x00000003fd400000, 0x00000003fd400000|
| 151|0x00000003fd800000, 0x00000003fd800000, 0x00000003fdc00000|  0%| F|  |TS  0|AC  0|TAMS 0x00000003fd800000, 0x00000003fd800000|
| 152|0x00000003fdc00000, 0x00000003fdc00000, 0x00000003fe000000|  0%| F|  |TS  0|AC  0|TAMS 0x00000003fdc00000, 0x00000003fdc00000|
| 153|0x00000003fe000000, 0x00000003fe000000, 0x00000003fe400000|  0%| F|  |TS  0|AC  0|TAMS 0x00000003fe000000, 0x00000003fe000000|
| 154|0x00000003fe400000, 0x00000003fe400000, 0x00000003fe800000|  0%| F|  |TS  0|AC  0|TAMS 0x00000003fe400000, 0x00000003fe400000|
| 155|0x00000003fe800000, 0x00000003fe800000, 0x00000003fec00000|  0%| F|  |TS  0|AC  0|TAMS 0x00000003fe800000, 0x00000003fe800000|
| 156|0x00000003fec00000, 0x00000003fec00000, 0x00000003ff000000|  0%| F|  |TS  0|AC  0|TAMS 0x00000003fec00000, 0x00000003fec00000|
| 157|0x00000003ff000000, 0x00000003ff000000, 0x00000003ff400000|  0%| F|  |TS  0|AC  0|TAMS 0x00000003ff000000, 0x00000003ff000000|
| 158|0x00000003ff400000, 0x00000003ff400000, 0x00000003ff800000|  0%| F|  |TS  0|AC  0|TAMS 0x00000003ff400000, 0x00000003ff400000|
| 159|0x00000003ff800000, 0x00000003ff800000, 0x00000003ffc00000|  0%| F|  |TS  0|AC  0|TAMS 0x00000003ff800000, 0x00000003ff800000|
| 160|0x00000003ffc00000, 0x00000003ffc00000, 0x0000000400000000|  0%| F|  |TS  0|AC  0|TAMS 0x00000003ffc00000, 0x00000003ffc00000|
| 161|0x0000000400000000, 0x0000000400000000, 0x0000000400400000|  0%| F|  |TS  0|AC  0|TAMS 0x0000000400000000, 0x0000000400000000|
| 162|0x0000000400400000, 0x0000000400400000, 0x0000000400800000|  0%| F|  |TS  0|AC  0|TAMS 0x0000000400400000, 0x0000000400400000|
| 163|0x0000000400800000, 0x0000000400800000, 0x0000000400c00000|  0%| F|  |TS  0|AC  0|TAMS 0x0000000400800000, 0x0000000400800000|
| 164|0x0000000400c00000, 0x0000000400c00000, 0x0000000401000000|  0%| F|  |TS  0|AC  0|TAMS 0x0000000400c00000, 0x0000000400c00000|
| 165|0x0000000401000000, 0x0000000401000000, 0x0000000401400000|  0%| F|  |TS  0|AC  0|TAMS 0x0000000401000000, 0x0000000401000000|
| 166|0x0000000401400000, 0x0000000401400000, 0x0000000401800000|  0%| F|  |TS  0|AC  0|TAMS 0x0000000401400000, 0x0000000401400000|
| 167|0x0000000401800000, 0x0000000401800000, 0x0000000401c00000|  0%| F|  |TS  0|AC  0|TAMS 0x0000000401800000, 0x0000000401800000|
| 168|0x0000000401c00000, 0x0000000401c00000, 0x0000000402000000|  0%| F|  |TS  0|AC  0|TAMS 0x0000000401c00000, 0x0000000401c00000|
| 169|0x0000000402000000, 0x0000000402000000, 0x0000000402400000|  0%| F|  |TS  0|AC  0|TAMS 0x0000000402000000, 0x0000000402000000|
| 170|0x0000000402400000, 0x0000000402400000, 0x0000000402800000|  0%| F|  |TS  0|AC  0|TAMS 0x0000000402400000, 0x0000000402400000|
| 171|0x0000000402800000, 0x0000000402800000, 0x0000000402c00000|  0%| F|  |TS  0|AC  0|TAMS 0x0000000402800000, 0x0000000402800000|
| 172|0x0000000402c00000, 0x0000000402c00000, 0x0000000403000000|  0%| F|  |TS  0|AC  0|TAMS 0x0000000402c00000, 0x0000000402c00000|
| 173|0x0000000403000000, 0x0000000403000000, 0x0000000403400000|  0%| F|  |TS  0|AC  0|TAMS 0x0000000403000000, 0x0000000403000000|
| 174|0x0000000403400000, 0x0000000403400000, 0x0000000403800000|  0%| F|  |TS  0|AC  0|TAMS 0x0000000403400000, 0x0000000403400000|
| 175|0x0000000403800000, 0x0000000403800000, 0x0000000403c00000|  0%| F|  |TS  0|AC  0|TAMS 0x0000000403800000, 0x0000000403800000|
| 176|0x0000000403c00000, 0x0000000403c00000, 0x0000000404000000|  0%| F|  |TS  0|AC  0|TAMS 0x0000000403c00000, 0x0000000403c00000|
| 177|0x0000000404000000, 0x0000000404000000, 0x0000000404400000|  0%| F|  |TS  0|AC  0|TAMS 0x0000000404000000, 0x0000000404000000|
| 178|0x0000000404400000, 0x0000000404400000, 0x0000000404800000|  0%| F|  |TS  0|AC  0|TAMS 0x0000000404400000, 0x0000000404400000|
| 179|0x0000000404800000, 0x0000000404800000, 0x0000000404c00000|  0%| F|  |TS  0|AC  0|TAMS 0x0000000404800000, 0x0000000404800000|
| 180|0x0000000404c00000, 0x0000000404c00000, 0x0000000405000000|  0%| F|  |TS  0|AC  0|TAMS 0x0000000404c00000, 0x0000000404c00000|
| 181|0x0000000405000000, 0x0000000405000000, 0x0000000405400000|  0%| F|  |TS  0|AC  0|TAMS 0x0000000405000000, 0x0000000405000000|
| 182|0x0000000405400000, 0x0000000405400000, 0x0000000405800000|  0%| F|  |TS  0|AC  0|TAMS 0x0000000405400000, 0x0000000405400000|
| 183|0x0000000405800000, 0x0000000405800000, 0x0000000405c00000|  0%| F|  |TS  0|AC  0|TAMS 0x0000000405800000, 0x0000000405800000|
| 184|0x0000000405c00000, 0x0000000405c00000, 0x0000000406000000|  0%| F|  |TS  0|AC  0|TAMS 0x0000000405c00000, 0x0000000405c00000|
| 185|0x0000000406000000, 0x0000000406000000, 0x0000000406400000|  0%| F|  |TS  0|AC  0|TAMS 0x0000000406000000, 0x0000000406000000|
| 186|0x0000000406400000, 0x0000000406400000, 0x0000000406800000|  0%| F|  |TS  0|AC  0|TAMS 0x0000000406400000, 0x0000000406400000|
| 187|0x0000000406800000, 0x0000000406800000, 0x0000000406c00000|  0%| F|  |TS  0|AC  0|TAMS 0x0000000406800000, 0x0000000406800000|
| 188|0x0000000406c00000, 0x0000000406c00000, 0x0000000407000000|  0%| F|  |TS  0|AC  0|TAMS 0x0000000406c00000, 0x0000000406c00000|
| 189|0x0000000407000000, 0x0000000407000000, 0x0000000407400000|  0%| F|  |TS  0|AC  0|TAMS 0x0000000407000000, 0x0000000407000000|
| 190|0x0000000407400000, 0x0000000407400000, 0x0000000407800000|  0%| F|  |TS  0|AC  0|TAMS 0x0000000407400000, 0x0000000407400000|
| 191|0x0000000407800000, 0x0000000407800000, 0x0000000407c00000|  0%| F|  |TS  0|AC  0|TAMS 0x0000000407800000, 0x0000000407800000|
| 192|0x0000000407c00000, 0x0000000407c00000, 0x0000000408000000|  0%| F|  |TS  0|AC  0|TAMS 0x0000000407c00000, 0x0000000407c00000|
| 193|0x0000000408000000, 0x0000000408000000, 0x0000000408400000|  0%| F|  |TS  0|AC  0|TAMS 0x0000000408000000, 0x0000000408000000|
| 194|0x0000000408400000, 0x0000000408400000, 0x0000000408800000|  0%| F|  |TS  0|AC  0|TAMS 0x0000000408400000, 0x0000000408400000|
| 195|0x0000000408800000, 0x0000000408800000, 0x0000000408c00000|  0%| F|  |TS  0|AC  0|TAMS 0x0000000408800000, 0x0000000408800000|
| 196|0x0000000408c00000, 0x0000000408c00000, 0x0000000409000000|  0%| F|  |TS  0|AC  0|TAMS 0x0000000408c00000, 0x0000000408c00000|
| 197|0x0000000409000000, 0x0000000409000000, 0x0000000409400000|  0%| F|  |TS  0|AC  0|TAMS 0x0000000409000000, 0x0000000409000000|
| 198|0x0000000409400000, 0x0000000409400000, 0x0000000409800000|  0%| F|  |TS  0|AC  0|TAMS 0x0000000409400000, 0x0000000409400000|
| 199|0x0000000409800000, 0x0000000409800000, 0x0000000409c00000|  0%| F|  |TS  0|AC  0|TAMS 0x0000000409800000, 0x0000000409800000|
| 200|0x0000000409c00000, 0x0000000409c00000, 0x000000040a000000|  0%| F|  |TS  0|AC  0|TAMS 0x0000000409c00000, 0x0000000409c00000|
| 201|0x000000040a000000, 0x000000040a000000, 0x000000040a400000|  0%| F|  |TS  0|AC  0|TAMS 0x000000040a000000, 0x000000040a000000|
| 202|0x000000040a400000, 0x000000040a400000, 0x000000040a800000|  0%| F|  |TS  0|AC  0|TAMS 0x000000040a400000, 0x000000040a400000|
| 203|0x000000040a800000, 0x000000040a800000, 0x000000040ac00000|  0%| F|  |TS  0|AC  0|TAMS 0x000000040a800000, 0x000000040a800000|
| 204|0x000000040ac00000, 0x000000040ac00000, 0x000000040b000000|  0%| F|  |TS  0|AC  0|TAMS 0x000000040ac00000, 0x000000040ac00000|
| 205|0x000000040b000000, 0x000000040b000000, 0x000000040b400000|  0%| F|  |TS  0|AC  0|TAMS 0x000000040b000000, 0x000000040b000000|
| 206|0x000000040b400000, 0x000000040b400000, 0x000000040b800000|  0%| F|  |TS  0|AC  0|TAMS 0x000000040b400000, 0x000000040b400000|
| 207|0x000000040b800000, 0x000000040b800000, 0x000000040bc00000|  0%| F|  |TS  0|AC  0|TAMS 0x000000040b800000, 0x000000040b800000|
| 208|0x000000040bc00000, 0x000000040bc00000, 0x000000040c000000|  0%| F|  |TS  0|AC  0|TAMS 0x000000040bc00000, 0x000000040bc00000|
| 209|0x000000040c000000, 0x000000040c000000, 0x000000040c400000|  0%| F|  |TS  0|AC  0|TAMS 0x000000040c000000, 0x000000040c000000|
| 210|0x000000040c400000, 0x000000040c400000, 0x000000040c800000|  0%| F|  |TS  0|AC  0|TAMS 0x000000040c400000, 0x000000040c400000|
| 211|0x000000040c800000, 0x000000040c800000, 0x000000040cc00000|  0%| F|  |TS  0|AC  0|TAMS 0x000000040c800000, 0x000000040c800000|
| 212|0x000000040cc00000, 0x000000040cc00000, 0x000000040d000000|  0%| F|  |TS  0|AC  0|TAMS 0x000000040cc00000, 0x000000040cc00000|
| 213|0x000000040d000000, 0x000000040d000000, 0x000000040d400000|  0%| F|  |TS  0|AC  0|TAMS 0x000000040d000000, 0x000000040d000000|
| 214|0x000000040d400000, 0x000000040d400000, 0x000000040d800000|  0%| F|  |TS  0|AC  0|TAMS 0x000000040d400000, 0x000000040d400000|
| 215|0x000000040d800000, 0x000000040d800000, 0x000000040dc00000|  0%| F|  |TS  0|AC  0|TAMS 0x000000040d800000, 0x000000040d800000|
| 216|0x000000040dc00000, 0x000000040dc00000, 0x000000040e000000|  0%| F|  |TS  0|AC  0|TAMS 0x000000040dc00000, 0x000000040dc00000|
| 217|0x000000040e000000, 0x000000040e000000, 0x000000040e400000|  0%| F|  |TS  0|AC  0|TAMS 0x000000040e000000, 0x000000040e000000|
| 218|0x000000040e400000, 0x000000040e400000, 0x000000040e800000|  0%| F|  |TS  0|AC  0|TAMS 0x000000040e400000, 0x000000040e400000|
| 219|0x000000040e800000, 0x000000040e800000, 0x000000040ec00000|  0%| F|  |TS  0|AC  0|TAMS 0x000000040e800000, 0x000000040e800000|
| 220|0x000000040ec00000, 0x000000040ec00000, 0x000000040f000000|  0%| F|  |TS  0|AC  0|TAMS 0x000000040ec00000, 0x000000040ec00000|
| 221|0x000000040f000000, 0x000000040f000000, 0x000000040f400000|  0%| F|  |TS  0|AC  0|TAMS 0x000000040f000000, 0x000000040f000000|
| 222|0x000000040f400000, 0x000000040f400000, 0x000000040f800000|  0%| F|  |TS  0|AC  0|TAMS 0x000000040f400000, 0x000000040f400000|
| 223|0x000000040f800000, 0x000000040f800000, 0x000000040fc00000|  0%| F|  |TS  0|AC  0|TAMS 0x000000040f800000, 0x000000040f800000|
| 224|0x000000040fc00000, 0x000000040fc00000, 0x0000000410000000|  0%| F|  |TS  0|AC  0|TAMS 0x000000040fc00000, 0x000000040fc00000|
| 225|0x0000000410000000, 0x0000000410000000, 0x0000000410400000|  0%| F|  |TS  0|AC  0|TAMS 0x0000000410000000, 0x0000000410000000|
| 226|0x0000000410400000, 0x0000000410400000, 0x0000000410800000|  0%| F|  |TS  0|AC  0|TAMS 0x0000000410400000, 0x0000000410400000|
| 227|0x0000000410800000, 0x0000000410800000, 0x0000000410c00000|  0%| F|  |TS  0|AC  0|TAMS 0x0000000410800000, 0x0000000410800000|
| 228|0x0000000410c00000, 0x0000000410c00000, 0x0000000411000000|  0%| F|  |TS  0|AC  0|TAMS 0x0000000410c00000, 0x0000000410c00000|
| 229|0x0000000411000000, 0x0000000411000000, 0x0000000411400000|  0%| F|  |TS  0|AC  0|TAMS 0x0000000411000000, 0x0000000411000000|
| 230|0x0000000411400000, 0x0000000411400000, 0x0000000411800000|  0%| F|  |TS  0|AC  0|TAMS 0x0000000411400000, 0x0000000411400000|
| 231|0x0000000411800000, 0x0000000411800000, 0x0000000411c00000|  0%| F|  |TS  0|AC  0|TAMS 0x0000000411800000, 0x0000000411800000|
| 232|0x0000000411c00000, 0x0000000411c00000, 0x0000000412000000|  0%| F|  |TS  0|AC  0|TAMS 0x0000000411c00000, 0x0000000411c00000|
| 233|0x0000000412000000, 0x0000000412000000, 0x0000000412400000|  0%| F|  |TS  0|AC  0|TAMS 0x0000000412000000, 0x0000000412000000|
| 234|0x0000000412400000, 0x0000000412400000, 0x0000000412800000|  0%| F|  |TS  0|AC  0|TAMS 0x0000000412400000, 0x0000000412400000|
| 235|0x0000000412800000, 0x0000000412800000, 0x0000000412c00000|  0%| F|  |TS  0|AC  0|TAMS 0x0000000412800000, 0x0000000412800000|
| 236|0x0000000412c00000, 0x0000000412c00000, 0x0000000413000000|  0%| F|  |TS  0|AC  0|TAMS 0x0000000412c00000, 0x0000000412c00000|
| 237|0x0000000413000000, 0x0000000413000000, 0x0000000413400000|  0%| F|  |TS  0|AC  0|TAMS 0x0000000413000000, 0x0000000413000000|
| 238|0x0000000413400000, 0x0000000413400000, 0x0000000413800000|  0%| F|  |TS  0|AC  0|TAMS 0x0000000413400000, 0x0000000413400000|
| 239|0x0000000413800000, 0x0000000413800000, 0x0000000413c00000|  0%| F|  |TS  0|AC  0|TAMS 0x0000000413800000, 0x0000000413800000|
| 240|0x0000000413c00000, 0x0000000413c00000, 0x0000000414000000|  0%| F|  |TS  0|AC  0|TAMS 0x0000000413c00000, 0x0000000413c00000|
| 241|0x0000000414000000, 0x0000000414000000, 0x0000000414400000|  0%| F|  |TS  0|AC  0|TAMS 0x0000000414000000, 0x0000000414000000|
| 242|0x0000000414400000, 0x0000000414400000, 0x0000000414800000|  0%| F|  |TS  0|AC  0|TAMS 0x0000000414400000, 0x0000000414400000|
| 243|0x0000000414800000, 0x0000000414800000, 0x0000000414c00000|  0%| F|  |TS  0|AC  0|TAMS 0x0000000414800000, 0x0000000414800000|
| 244|0x0000000414c00000, 0x0000000414c00000, 0x0000000415000000|  0%| F|  |TS  0|AC  0|TAMS 0x0000000414c00000, 0x0000000414c00000|
| 245|0x0000000415000000, 0x0000000415000000, 0x0000000415400000|  0%| F|  |TS  0|AC  0|TAMS 0x0000000415000000, 0x0000000415000000|
| 246|0x0000000415400000, 0x0000000415400000, 0x0000000415800000|  0%| F|  |TS  0|AC  0|TAMS 0x0000000415400000, 0x0000000415400000|
| 247|0x0000000415800000, 0x0000000415800000, 0x0000000415c00000|  0%| F|  |TS  0|AC  0|TAMS 0x0000000415800000, 0x0000000415800000|
| 248|0x0000000415c00000, 0x0000000416000000, 0x0000000416000000|100%| E|  |TS  0|AC  0|TAMS 0x0000000415c00000, 0x0000000415c00000|
| 249|0x0000000416000000, 0x0000000416400000, 0x0000000416400000|100%| E|CS|TS  0|AC  0|TAMS 0x0000000416000000, 0x0000000416000000|
| 250|0x0000000416400000, 0x0000000416800000, 0x0000000416800000|100%| E|CS|TS  0|AC  0|TAMS 0x0000000416400000, 0x0000000416400000|

Card table byte_map: [0x00007f5ada0be000,0x00007f5adc000000] byte_map_base: 0x00007f5ad8200000

Marking Bits (Prev, Next): (CMBitMap*) 0x00007f5ba409e820, (CMBitMap*) 0x00007f5ba409e858
 Prev Bits: [0x00007f5ac876c000, 0x00007f5ad817c000)
 Next Bits: [0x00007f5ab8d5c000, 0x00007f5ac876c000)

Polling page: 0x00007f5ba9b78000

CodeHeap 'non-profiled nmethods': size=119172Kb used=174Kb max_used=174Kb free=118997Kb
 bounds [0x00007f5b90c97000, 0x00007f5b90f07000, 0x00007f5b980f8000]
CodeHeap 'profiled nmethods': size=119172Kb used=321Kb max_used=321Kb free=118850Kb
 bounds [0x00007f5b89836000, 0x00007f5b89aa6000, 0x00007f5b90c97000]
CodeHeap 'non-nmethods': size=7416Kb used=2826Kb max_used=2868Kb free=4589Kb
 bounds [0x00007f5b890f8000, 0x00007f5b893d8000, 0x00007f5b89836000]
 total_blobs=618 nmethods=241 adapters=168
 compilation: enabled

Compilation events (10 events):
Event: 0.409 Thread 0x00007f5ba42b4000 nmethod 232 0x00007f5b90caca10 code [0x00007f5b90cacc80, 0x00007f5b90cadd48]
Event: 0.409 Thread 0x00007f5ba42ad000 nmethod 227 0x00007f5b90cae610 code [0x00007f5b90cae840, 0x00007f5b90caf6a8]
Event: 0.415 Thread 0x00007f5ba42b9800 nmethod 234 0x00007f5b90cb0090 code [0x00007f5b90cb02c0, 0x00007f5b90cb1088]
Event: 0.421 Thread 0x00007f5ba42b7800 nmethod 231 0x00007f5b90cb1710 code [0x00007f5b90cb1980, 0x00007f5b90cb2d88]
Event: 0.431 Thread 0x00007f5ba42b2800 nmethod 239 0x00007f5b90cb3710 code [0x00007f5b90cb3a20, 0x00007f5b90cb5ef0]
Event: 0.432 Thread 0x00007f5ba42b6000 nmethod 240 0x00007f5b90cb7210 code [0x00007f5b90cb7540, 0x00007f5b90cb9d80]
Event: 0.474 Thread 0x00007f5ba42b0800 nmethod 238 0x00007f5b90cbb110 code [0x00007f5b90cbb5c0, 0x00007f5b90cc0008]
Event: 0.475 Thread 0x00007f5ba42b4000  241       4       java.io.FileDescriptor$1::getAppend (5 bytes)
Event: 0.476 Thread 0x00007f5ba42b4000 nmethod 241 0x00007f5b90cc2590 code [0x00007f5b90cc2720, 0x00007f5b90cc2798]
Event: 0.576 Thread 0x00007f5ba42bb800  242 %     3       org.eclipse.core.runtime.adaptor.EclipseStarter::main @ 5297 (6751 bytes)

GC Heap History (0 events):
No events

Deoptimization events (0 events):
No events

Classes redefined (0 events):
No events

Internal exceptions (0 events):
No events

Events (10 events):
Event: 0.354 Thread 0x00007f5ba4011800 DEOPT PACKING pc=0x00007f5b8985f428 sp=0x00007f5ba8222e00
Event: 0.354 Thread 0x00007f5ba4011800 DEOPT UNPACKING pc=0x00007f5b89145aab sp=0x00007f5ba8222298 mode 0
Event: 0.354 Thread 0x00007f5ba4011800 DEOPT PACKING pc=0x00007f5b8985f428 sp=0x00007f5ba8222e00
Event: 0.354 Thread 0x00007f5ba4011800 DEOPT UNPACKING pc=0x00007f5b89145aab sp=0x00007f5ba8222298 mode 0
Event: 0.354 Thread 0x00007f5ba4011800 DEOPT PACKING pc=0x00007f5b8985f428 sp=0x00007f5ba8222e00
Event: 0.354 Thread 0x00007f5ba4011800 DEOPT UNPACKING pc=0x00007f5b89145aab sp=0x00007f5ba8222298 mode 0
Event: 0.355 Thread 0x00007f5ba4011800 DEOPT PACKING pc=0x00007f5b8985f428 sp=0x00007f5ba8222e00
Event: 0.355 Thread 0x00007f5ba4011800 DEOPT UNPACKING pc=0x00007f5b89145aab sp=0x00007f5ba8222298 mode 0
Event: 0.369 Thread 0x00007f5ba4011800 DEOPT PACKING pc=0x00007f5b898847a4 sp=0x00007f5ba8222a30
Event: 0.369 Thread 0x00007f5ba4011800 DEOPT UNPACKING pc=0x00007f5b89145aab sp=0x00007f5ba8222018 mode 0


Dynamic libraries:
00400000-00401000 r-xp 00000000 00:65 77077150                           /root/oracle/jdk-9.0.4/bin/java
00600000-00601000 rw-p 00000000 00:65 77077150                           /root/oracle/jdk-9.0.4/bin/java
00fb2000-00fd3000 rw-p 00000000 00:00 0                                  [heap]
3d7c00000-416800000 rw-p 00000000 00:00 0 
416800000-7c0000000 ---p 00000000 00:00 0 
7c0000000-7c0080000 rw-p 00000000 00:00 0 
7c0080000-800000000 ---p 00000000 00:00 0 
7f5a48000000-7f5a48021000 rw-p 00000000 00:00 0 
7f5a48021000-7f5a4c000000 ---p 00000000 00:00 0 
7f5a4fbd0000-7f5a4fefe000 rw-p 00000000 00:00 0 
7f5a4fefe000-7f5a4feff000 ---p 00000000 00:00 0 
7f5a4feff000-7f5a50000000 rw-p 00000000 00:00 0 
7f5a50000000-7f5a50021000 rw-p 00000000 00:00 0 
7f5a50021000-7f5a54000000 ---p 00000000 00:00 0 
7f5a54000000-7f5a54021000 rw-p 00000000 00:00 0 
7f5a54021000-7f5a58000000 ---p 00000000 00:00 0 
7f5a58000000-7f5a5803b000 rw-p 00000000 00:00 0 
7f5a5803b000-7f5a5c000000 ---p 00000000 00:00 0 
7f5a5c000000-7f5a5c021000 rw-p 00000000 00:00 0 
7f5a5c021000-7f5a60000000 ---p 00000000 00:00 0 
7f5a60000000-7f5a6003b000 rw-p 00000000 00:00 0 
7f5a6003b000-7f5a64000000 ---p 00000000 00:00 0 
7f5a64000000-7f5a64064000 rw-p 00000000 00:00 0 
7f5a64064000-7f5a68000000 ---p 00000000 00:00 0 
7f5a68000000-7f5a6826f000 rw-p 00000000 00:00 0 
7f5a6826f000-7f5a6c000000 ---p 00000000 00:00 0 
7f5a6c000000-7f5a6c0d9000 rw-p 00000000 00:00 0 
7f5a6c0d9000-7f5a70000000 ---p 00000000 00:00 0 
7f5a70000000-7f5a70452000 rw-p 00000000 00:00 0 
7f5a70452000-7f5a74000000 ---p 00000000 00:00 0 
7f5a74000000-7f5a741a1000 rw-p 00000000 00:00 0 
7f5a741a1000-7f5a78000000 ---p 00000000 00:00 0 
7f5a78000000-7f5a783c9000 rw-p 00000000 00:00 0 
7f5a783c9000-7f5a7c000000 ---p 00000000 00:00 0 
7f5a7c000000-7f5a7c1bd000 rw-p 00000000 00:00 0 
7f5a7c1bd000-7f5a80000000 ---p 00000000 00:00 0 
7f5a80000000-7f5a80109000 rw-p 00000000 00:00 0 
7f5a80109000-7f5a84000000 ---p 00000000 00:00 0 
7f5a84000000-7f5a8448b000 rw-p 00000000 00:00 0 
7f5a8448b000-7f5a88000000 ---p 00000000 00:00 0 
7f5a88000000-7f5a88021000 rw-p 00000000 00:00 0 
7f5a88021000-7f5a8c000000 ---p 00000000 00:00 0 
7f5a8c000000-7f5a8c1b3000 rw-p 00000000 00:00 0 
7f5a8c1b3000-7f5a90000000 ---p 00000000 00:00 0 
7f5a90000000-7f5a90021000 rw-p 00000000 00:00 0 
7f5a90021000-7f5a94000000 ---p 00000000 00:00 0 
7f5a94000000-7f5a94021000 rw-p 00000000 00:00 0 
7f5a94021000-7f5a98000000 ---p 00000000 00:00 0 
7f5a98000000-7f5a98021000 rw-p 00000000 00:00 0 
7f5a98021000-7f5a9c000000 ---p 00000000 00:00 0 
7f5a9c000000-7f5a9c021000 rw-p 00000000 00:00 0 
7f5a9c021000-7f5aa0000000 ---p 00000000 00:00 0 
7f5aa00c4000-7f5aa00c8000 ---p 00000000 00:00 0 
7f5aa00c8000-7f5aa01c5000 rw-p 00000000 00:00 0 
7f5aa01c5000-7f5aa01c9000 ---p 00000000 00:00 0 
7f5aa01c9000-7f5aa02c6000 rw-p 00000000 00:00 0 
7f5aa02c6000-7f5aa02dc000 r-xp 00000000 00:65 77077477                   /root/oracle/jdk-9.0.4/lib/libnet.so
7f5aa02dc000-7f5aa04dc000 ---p 00016000 00:65 77077477                   /root/oracle/jdk-9.0.4/lib/libnet.so
7f5aa04dc000-7f5aa04dd000 rw-p 00016000 00:65 77077477                   /root/oracle/jdk-9.0.4/lib/libnet.so
7f5aa04dd000-7f5aa04ed000 r-xp 00000000 00:65 77077594                   /root/oracle/jdk-9.0.4/lib/libnio.so
7f5aa04ed000-7f5aa06ed000 ---p 00010000 00:65 77077594                   /root/oracle/jdk-9.0.4/lib/libnio.so
7f5aa06ed000-7f5aa06ee000 rw-p 00010000 00:65 77077594                   /root/oracle/jdk-9.0.4/lib/libnio.so
7f5aa06ee000-7f5aa06f2000 ---p 00000000 00:00 0 
7f5aa06f2000-7f5aa07ef000 rw-p 00000000 00:00 0 
7f5aa07ef000-7f5aa07f3000 ---p 00000000 00:00 0 
7f5aa07f3000-7f5aa08f0000 rw-p 00000000 00:00 0 
7f5aa08f0000-7f5aa08f4000 ---p 00000000 00:00 0 
7f5aa08f4000-7f5aa09f1000 rw-p 00000000 00:00 0 
7f5aa09f1000-7f5aa09f5000 ---p 00000000 00:00 0 
7f5aa09f5000-7f5aa0af2000 rw-p 00000000 00:00 0 
7f5aa0af2000-7f5aa0af6000 ---p 00000000 00:00 0 
7f5aa0af6000-7f5aa0bf3000 rw-p 00000000 00:00 0 
7f5aa0bf3000-7f5aa0bf7000 ---p 00000000 00:00 0 
7f5aa0bf7000-7f5aa0cf4000 rw-p 00000000 00:00 0 
7f5aa0cf4000-7f5aa0cf8000 ---p 00000000 00:00 0 
7f5aa0cf8000-7f5aa0df5000 rw-p 00000000 00:00 0 
7f5aa0df5000-7f5aa0df9000 ---p 00000000 00:00 0 
7f5aa0df9000-7f5aa0ef6000 rw-p 00000000 00:00 0 
7f5aa0ef6000-7f5aa0efa000 ---p 00000000 00:00 0 
7f5aa0efa000-7f5aa0ff7000 rw-p 00000000 00:00 0 
7f5aa0ff7000-7f5aa0ffb000 ---p 00000000 00:00 0 
7f5aa0ffb000-7f5aa10f8000 rw-p 00000000 00:00 0 
7f5aa10f8000-7f5aa10fc000 ---p 00000000 00:00 0 
7f5aa10fc000-7f5aa11f9000 rw-p 00000000 00:00 0 
7f5aa11f9000-7f5aa11fd000 ---p 00000000 00:00 0 
7f5aa11fd000-7f5aa12fa000 rw-p 00000000 00:00 0 
7f5aa12fa000-7f5aa12fe000 ---p 00000000 00:00 0 
7f5aa12fe000-7f5aa13fb000 rw-p 00000000 00:00 0 
7f5aa13fb000-7f5aa13ff000 ---p 00000000 00:00 0 
7f5aa13ff000-7f5aa14fc000 rw-p 00000000 00:00 0 
7f5aa14fc000-7f5aa1500000 ---p 00000000 00:00 0 
7f5aa1500000-7f5aa15fd000 rw-p 00000000 00:00 0 
7f5aa15fd000-7f5aa1601000 ---p 00000000 00:00 0 
7f5aa1601000-7f5aa16fe000 rw-p 00000000 00:00 0 
7f5aa16fe000-7f5aa16ff000 ---p 00000000 00:00 0 
7f5aa16ff000-7f5aa1c40000 rw-p 00000000 00:00 0 
7f5aa1c40000-7f5aa2000000 ---p 00000000 00:00 0 
7f5aa2000000-7f5aa4000000 rwxp 00000000 00:00 0 
7f5aa4000000-7f5aa4021000 rw-p 00000000 00:00 0 
7f5aa4021000-7f5aa8000000 ---p 00000000 00:00 0 
7f5aa8000000-7f5aa8021000 rw-p 00000000 00:00 0 
7f5aa8021000-7f5aac000000 ---p 00000000 00:00 0 
7f5aac000000-7f5aac021000 rw-p 00000000 00:00 0 
7f5aac021000-7f5ab0000000 ---p 00000000 00:00 0 
7f5ab0000000-7f5ab0021000 rw-p 00000000 00:00 0 
7f5ab0021000-7f5ab4000000 ---p 00000000 00:00 0 
7f5ab4000000-7f5ab4021000 rw-p 00000000 00:00 0 
7f5ab4021000-7f5ab8000000 ---p 00000000 00:00 0 
7f5ab804f000-7f5ab9d0c000 rw-p 00000000 00:00 0 
7f5ab9d0c000-7f5ac876c000 ---p 00000000 00:00 0 
7f5ac876c000-7f5ac971c000 rw-p 00000000 00:00 0 
7f5ac971c000-7f5ad817c000 ---p 00000000 00:00 0 
7f5ad817c000-7f5ad8372000 rw-p 00000000 00:00 0 
7f5ad8372000-7f5ada0be000 ---p 00000000 00:00 0 
7f5ada0be000-7f5ada2b4000 rw-p 00000000 00:00 0 
7f5ada2b4000-7f5adc000000 ---p 00000000 00:00 0 
7f5adc000000-7f5adc021000 rw-p 00000000 00:00 0 
7f5adc021000-7f5ae0000000 ---p 00000000 00:00 0 
7f5ae0005000-7f5ae017c000 rw-p 00000000 00:00 0 
7f5ae017c000-7f5ae20be000 ---p 00000000 00:00 0 
7f5ae20be000-7f5ae22b4000 rw-p 00000000 00:00 0 
7f5ae22b4000-7f5ae4000000 ---p 00000000 00:00 0 
7f5ae4000000-7f5ae4021000 rw-p 00000000 00:00 0 
7f5ae4021000-7f5ae8000000 ---p 00000000 00:00 0 
7f5ae8000000-7f5ae8021000 rw-p 00000000 00:00 0 
7f5ae8021000-7f5aec000000 ---p 00000000 00:00 0 
7f5aec000000-7f5aec021000 rw-p 00000000 00:00 0 
7f5aec021000-7f5af0000000 ---p 00000000 00:00 0 
7f5af0000000-7f5af0021000 rw-p 00000000 00:00 0 
7f5af0021000-7f5af4000000 ---p 00000000 00:00 0 
7f5af4000000-7f5af4021000 rw-p 00000000 00:00 0 
7f5af4021000-7f5af8000000 ---p 00000000 00:00 0 
7f5af8000000-7f5af8021000 rw-p 00000000 00:00 0 
7f5af8021000-7f5afc000000 ---p 00000000 00:00 0 
7f5afc000000-7f5afc021000 rw-p 00000000 00:00 0 
7f5afc021000-7f5b00000000 ---p 00000000 00:00 0 
7f5b00000000-7f5b00021000 rw-p 00000000 00:00 0 
7f5b00021000-7f5b04000000 ---p 00000000 00:00 0 
7f5b04000000-7f5b04021000 rw-p 00000000 00:00 0 
7f5b04021000-7f5b08000000 ---p 00000000 00:00 0 
7f5b08000000-7f5b08021000 rw-p 00000000 00:00 0 
7f5b08021000-7f5b0c000000 ---p 00000000 00:00 0 
7f5b0c000000-7f5b0c021000 rw-p 00000000 00:00 0 
7f5b0c021000-7f5b10000000 ---p 00000000 00:00 0 
7f5b10000000-7f5b10021000 rw-p 00000000 00:00 0 
7f5b10021000-7f5b14000000 ---p 00000000 00:00 0 
7f5b14000000-7f5b14021000 rw-p 00000000 00:00 0 
7f5b14021000-7f5b18000000 ---p 00000000 00:00 0 
7f5b18000000-7f5b18021000 rw-p 00000000 00:00 0 
7f5b18021000-7f5b1c000000 ---p 00000000 00:00 0 
7f5b1c000000-7f5b1c021000 rw-p 00000000 00:00 0 
7f5b1c021000-7f5b20000000 ---p 00000000 00:00 0 
7f5b20000000-7f5b20021000 rw-p 00000000 00:00 0 
7f5b20021000-7f5b24000000 ---p 00000000 00:00 0 
7f5b24000000-7f5b24021000 rw-p 00000000 00:00 0 
7f5b24021000-7f5b28000000 ---p 00000000 00:00 0 
7f5b28000000-7f5b28021000 rw-p 00000000 00:00 0 
7f5b28021000-7f5b2c000000 ---p 00000000 00:00 0 
7f5b2c000000-7f5b2c021000 rw-p 00000000 00:00 0 
7f5b2c021000-7f5b30000000 ---p 00000000 00:00 0 
7f5b30000000-7f5b30021000 rw-p 00000000 00:00 0 
7f5b30021000-7f5b34000000 ---p 00000000 00:00 0 
7f5b34000000-7f5b34021000 rw-p 00000000 00:00 0 
7f5b34021000-7f5b38000000 ---p 00000000 00:00 0 
7f5b38000000-7f5b38021000 rw-p 00000000 00:00 0 
7f5b38021000-7f5b3c000000 ---p 00000000 00:00 0 
7f5b3c000000-7f5b3c021000 rw-p 00000000 00:00 0 
7f5b3c021000-7f5b40000000 ---p 00000000 00:00 0 
7f5b40000000-7f5b40021000 rw-p 00000000 00:00 0 
7f5b40021000-7f5b44000000 ---p 00000000 00:00 0 
7f5b44000000-7f5b44021000 rw-p 00000000 00:00 0 
7f5b44021000-7f5b48000000 ---p 00000000 00:00 0 
7f5b48007000-7f5b486c1000 rw-p 00000000 00:00 0 
7f5b486c1000-7f5b486c2000 ---p 00000000 00:00 0 
7f5b486c2000-7f5b487c3000 rw-p 00000000 00:00 0 
7f5b487c3000-7f5b487c4000 ---p 00000000 00:00 0 
7f5b487c4000-7f5b488c5000 rw-p 00000000 00:00 0 
7f5b488c5000-7f5b488c6000 ---p 00000000 00:00 0 
7f5b488c6000-7f5b489c7000 rw-p 00000000 00:00 0 
7f5b489c7000-7f5b489c8000 ---p 00000000 00:00 0 
7f5b489c8000-7f5b48ac9000 rw-p 00000000 00:00 0 
7f5b48ac9000-7f5b48aca000 ---p 00000000 00:00 0 
7f5b48aca000-7f5b48bcb000 rw-p 00000000 00:00 0 
7f5b48bcb000-7f5b48bcc000 ---p 00000000 00:00 0 
7f5b48bcc000-7f5b491b8000 rw-p 00000000 00:00 0 
7f5b491b8000-7f5b491b9000 ---p 00000000 00:00 0 
7f5b491b9000-7f5b492ba000 rw-p 00000000 00:00 0 
7f5b492ba000-7f5b492bb000 ---p 00000000 00:00 0 
7f5b492bb000-7f5b493bc000 rw-p 00000000 00:00 0 
7f5b493bc000-7f5b493bd000 ---p 00000000 00:00 0 
7f5b493bd000-7f5b494be000 rw-p 00000000 00:00 0 
7f5b494be000-7f5b494bf000 ---p 00000000 00:00 0 
7f5b494bf000-7f5b495c0000 rw-p 00000000 00:00 0 
7f5b495c0000-7f5b495c1000 ---p 00000000 00:00 0 
7f5b495c1000-7f5b496c2000 rw-p 00000000 00:00 0 
7f5b496c2000-7f5b496c3000 ---p 00000000 00:00 0 
7f5b496c3000-7f5b497c4000 rw-p 00000000 00:00 0 
7f5b497c4000-7f5b497c5000 ---p 00000000 00:00 0 
7f5b497c5000-7f5b498c6000 rw-p 00000000 00:00 0 
7f5b498c6000-7f5b498c7000 ---p 00000000 00:00 0 
7f5b498c7000-7f5b499c8000 rw-p 00000000 00:00 0 
7f5b499c8000-7f5b499c9000 ---p 00000000 00:00 0 
7f5b499c9000-7f5b49aca000 rw-p 00000000 00:00 0 
7f5b49aca000-7f5b49acb000 ---p 00000000 00:00 0 
7f5b49acb000-7f5b49bcc000 rw-p 00000000 00:00 0 
7f5b49bcc000-7f5b49bcd000 ---p 00000000 00:00 0 
7f5b49bcd000-7f5b49cce000 rw-p 00000000 00:00 0 
7f5b49cce000-7f5b49ccf000 ---p 00000000 00:00 0 
7f5b49ccf000-7f5b49dd0000 rw-p 00000000 00:00 0 
7f5b49dd0000-7f5b49dd1000 ---p 00000000 00:00 0 
7f5b49dd1000-7f5b49ed2000 rw-p 00000000 00:00 0 
7f5b49ed2000-7f5b49ed3000 ---p 00000000 00:00 0 
7f5b49ed3000-7f5b49fd4000 rw-p 00000000 00:00 0 
7f5b49fd4000-7f5b49fd5000 ---p 00000000 00:00 0 
7f5b49fd5000-7f5b4a0d6000 rw-p 00000000 00:00 0 
7f5b4a0d6000-7f5b4a0d7000 ---p 00000000 00:00 0 
7f5b4a0d7000-7f5b4a1d8000 rw-p 00000000 00:00 0 
7f5b4a1d8000-7f5b4a1d9000 ---p 00000000 00:00 0 
7f5b4a1d9000-7f5b4a2da000 rw-p 00000000 00:00 0 
7f5b4a2da000-7f5b4a2db000 ---p 00000000 00:00 0 
7f5b4a2db000-7f5b4a3dc000 rw-p 00000000 00:00 0 
7f5b4a3dc000-7f5b4a3dd000 ---p 00000000 00:00 0 
7f5b4a3dd000-7f5b4a4de000 rw-p 00000000 00:00 0 
7f5b4a4de000-7f5b4a4df000 ---p 00000000 00:00 0 
7f5b4a4df000-7f5b4a5e0000 rw-p 00000000 00:00 0 
7f5b4a5e0000-7f5b4a5e1000 ---p 00000000 00:00 0 
7f5b4a5e1000-7f5b4baf6000 rw-p 00000000 00:00 0 
7f5b4baf6000-7f5b4baf7000 ---p 00000000 00:00 0 
7f5b4baf7000-7f5b4bbf8000 rw-p 00000000 00:00 0 
7f5b4bbf8000-7f5b4bbf9000 ---p 00000000 00:00 0 
7f5b4bbf9000-7f5b4bcfa000 rw-p 00000000 00:00 0 
7f5b4bcfa000-7f5b4bcfb000 ---p 00000000 00:00 0 
7f5b4bcfb000-7f5b4bdfc000 rw-p 00000000 00:00 0 
7f5b4bdfc000-7f5b4bdfd000 ---p 00000000 00:00 0 
7f5b4bdfd000-7f5b4befe000 rw-p 00000000 00:00 0 
7f5b4befe000-7f5b4beff000 ---p 00000000 00:00 0 
7f5b4beff000-7f5b4c000000 rw-p 00000000 00:00 0 
7f5b4c000000-7f5b4c021000 rw-p 00000000 00:00 0 
7f5b4c021000-7f5b50000000 ---p 00000000 00:00 0 
7f5b50000000-7f5b50021000 rw-p 00000000 00:00 0 
7f5b50021000-7f5b54000000 ---p 00000000 00:00 0 
7f5b54000000-7f5b54021000 rw-p 00000000 00:00 0 
7f5b54021000-7f5b58000000 ---p 00000000 00:00 0 
7f5b58000000-7f5b58021000 rw-p 00000000 00:00 0 
7f5b58021000-7f5b5c000000 ---p 00000000 00:00 0 
7f5b5c000000-7f5b5c021000 rw-p 00000000 00:00 0 
7f5b5c021000-7f5b60000000 ---p 00000000 00:00 0 
7f5b60000000-7f5b60021000 rw-p 00000000 00:00 0 
7f5b60021000-7f5b64000000 ---p 00000000 00:00 0 
7f5b64000000-7f5b64021000 rw-p 00000000 00:00 0 
7f5b64021000-7f5b68000000 ---p 00000000 00:00 0 
7f5b68000000-7f5b68021000 rw-p 00000000 00:00 0 
7f5b68021000-7f5b6c000000 ---p 00000000 00:00 0 
7f5b6c000000-7f5b6c021000 rw-p 00000000 00:00 0 
7f5b6c021000-7f5b70000000 ---p 00000000 00:00 0 
7f5b70000000-7f5b70021000 rw-p 00000000 00:00 0 
7f5b70021000-7f5b74000000 ---p 00000000 00:00 0 
7f5b74000000-7f5b74021000 rw-p 00000000 00:00 0 
7f5b74021000-7f5b78000000 ---p 00000000 00:00 0 
7f5b78000000-7f5b78021000 rw-p 00000000 00:00 0 
7f5b78021000-7f5b7c000000 ---p 00000000 00:00 0 
7f5b7c000000-7f5b7c021000 rw-p 00000000 00:00 0 
7f5b7c021000-7f5b80000000 ---p 00000000 00:00 0 
7f5b80000000-7f5b80021000 rw-p 00000000 00:00 0 
7f5b80021000-7f5b84000000 ---p 00000000 00:00 0 
7f5b84000000-7f5b84021000 rw-p 00000000 00:00 0 
7f5b84021000-7f5b88000000 ---p 00000000 00:00 0 
7f5b88008000-7f5b88009000 ---p 00000000 00:00 0 
7f5b88009000-7f5b8810a000 rw-p 00000000 00:00 0 
7f5b8810a000-7f5b8810b000 ---p 00000000 00:00 0 
7f5b8810b000-7f5b8820c000 rw-p 00000000 00:00 0 
7f5b8820c000-7f5b8820d000 ---p 00000000 00:00 0 
7f5b8820d000-7f5b8830e000 rw-p 00000000 00:00 0 
7f5b8830e000-7f5b8830f000 ---p 00000000 00:00 0 
7f5b8830f000-7f5b88410000 rw-p 00000000 00:00 0 
7f5b88410000-7f5b88411000 ---p 00000000 00:00 0 
7f5b88411000-7f5b88512000 rw-p 00000000 00:00 0 
7f5b88512000-7f5b88513000 ---p 00000000 00:00 0 
7f5b88513000-7f5b88614000 rw-p 00000000 00:00 0 
7f5b88614000-7f5b88615000 ---p 00000000 00:00 0 
7f5b88615000-7f5b88716000 rw-p 00000000 00:00 0 
7f5b88716000-7f5b88717000 ---p 00000000 00:00 0 
7f5b88717000-7f5b88818000 rw-p 00000000 00:00 0 
7f5b88818000-7f5b88819000 ---p 00000000 00:00 0 
7f5b88819000-7f5b8891a000 rw-p 00000000 00:00 0 
7f5b8891a000-7f5b8891b000 ---p 00000000 00:00 0 
7f5b8891b000-7f5b88a1c000 rw-p 00000000 00:00 0 
7f5b88a1c000-7f5b88a1d000 ---p 00000000 00:00 0 
7f5b88a1d000-7f5b88b1e000 rw-p 00000000 00:00 0 
7f5b88b1e000-7f5b88b1f000 ---p 00000000 00:00 0 
7f5b88b1f000-7f5b88c20000 rw-p 00000000 00:00 0 
7f5b88c20000-7f5b88c21000 ---p 00000000 00:00 0 
7f5b88c21000-7f5b88d22000 rw-p 00000000 00:00 0 
7f5b88d22000-7f5b88d23000 ---p 00000000 00:00 0 
7f5b88d23000-7f5b88e24000 rw-p 00000000 00:00 0 
7f5b88e24000-7f5b88e25000 ---p 00000000 00:00 0 
7f5b88e25000-7f5b88f2b000 rw-p 00000000 00:00 0 
7f5b88f2b000-7f5b8900f000 ---p 00000000 00:00 0 
7f5b8900f000-7f5b89014000 rw-p 00000000 00:00 0 
7f5b89014000-7f5b890f8000 ---p 00000000 00:00 0 
7f5b890f8000-7f5b893d8000 rwxp 00000000 00:00 0 
7f5b893d8000-7f5b89836000 ---p 00000000 00:00 0 
7f5b89836000-7f5b89aa6000 rwxp 00000000 00:00 0 
7f5b89aa6000-7f5b90c97000 ---p 00000000 00:00 0 
7f5b90c97000-7f5b90f07000 rwxp 00000000 00:00 0 
7f5b90f07000-7f5b980f8000 ---p 00000000 00:00 0 
7f5b980f8000-7f5b982d5000 r--s 03e31000 00:65 101727669                  /usr/local/java/jdk1.8.0_301/jre/lib/rt.jar
7f5b982d5000-7f5ba3792000 r--s 00000000 00:65 77077560                   /root/oracle/jdk-9.0.4/lib/modules
7f5ba3792000-7f5ba37ac000 r-xp 00000000 00:65 77077435                   /root/oracle/jdk-9.0.4/lib/libjimage.so
7f5ba37ac000-7f5ba39ab000 ---p 0001a000 00:65 77077435                   /root/oracle/jdk-9.0.4/lib/libjimage.so
7f5ba39ab000-7f5ba39ad000 rw-p 00019000 00:65 77077435                   /root/oracle/jdk-9.0.4/lib/libjimage.so
7f5ba39ad000-7f5ba39bf000 rw-p 00000000 00:00 0 
7f5ba39bf000-7f5ba39c6000 r-xp 00000000 00:65 77083131                   /root/oracle/jdk-9.0.4/lib/libzip.so
7f5ba39c6000-7f5ba3bc5000 ---p 00007000 00:65 77083131                   /root/oracle/jdk-9.0.4/lib/libzip.so
7f5ba3bc5000-7f5ba3bc6000 rw-p 00006000 00:65 77083131                   /root/oracle/jdk-9.0.4/lib/libzip.so
7f5ba3bc6000-7f5ba3bf1000 r-xp 00000000 00:65 77077470                   /root/oracle/jdk-9.0.4/lib/libjava.so
7f5ba3bf1000-7f5ba3df0000 ---p 0002b000 00:65 77077470                   /root/oracle/jdk-9.0.4/lib/libjava.so
7f5ba3df0000-7f5ba3df2000 rw-p 0002a000 00:65 77077470                   /root/oracle/jdk-9.0.4/lib/libjava.so
7f5ba3df2000-7f5ba3dff000 r-xp 00000000 00:65 77077494                   /root/oracle/jdk-9.0.4/lib/libverify.so
7f5ba3dff000-7f5ba3ffe000 ---p 0000d000 00:65 77077494                   /root/oracle/jdk-9.0.4/lib/libverify.so
7f5ba3ffe000-7f5ba4000000 rw-p 0000c000 00:65 77077494                   /root/oracle/jdk-9.0.4/lib/libverify.so
7f5ba4000000-7f5ba4408000 rw-p 00000000 00:00 0 
7f5ba4408000-7f5ba8000000 ---p 00000000 00:00 0 
7f5ba801f000-7f5ba80a3000 rw-p 00000000 00:00 0 
7f5ba80a3000-7f5ba80ac000 ---p 00000000 00:00 0 
7f5ba80ac000-7f5ba80fc000 rw-p 00000000 00:00 0 
7f5ba80fc000-7f5ba80ff000 r--p 00000000 00:65 165034530                  /usr/lib/x86_64-linux-gnu/libnss_files-2.31.so
7f5ba80ff000-7f5ba8106000 r-xp 00003000 00:65 165034530                  /usr/lib/x86_64-linux-gnu/libnss_files-2.31.so
7f5ba8106000-7f5ba8108000 r--p 0000a000 00:65 165034530                  /usr/lib/x86_64-linux-gnu/libnss_files-2.31.so
7f5ba8108000-7f5ba8109000 r--p 0000b000 00:65 165034530                  /usr/lib/x86_64-linux-gnu/libnss_files-2.31.so
7f5ba8109000-7f5ba810a000 rw-p 0000c000 00:65 165034530                  /usr/lib/x86_64-linux-gnu/libnss_files-2.31.so
7f5ba810a000-7f5ba8110000 rw-p 00000000 00:00 0 
7f5ba8118000-7f5ba8119000 rw-p 00000000 00:00 0 
7f5ba8119000-7f5ba811c000 r--p 00000000 00:65 165034636                  /usr/lib/x86_64-linux-gnu/librt-2.31.so
7f5ba811c000-7f5ba8120000 r-xp 00003000 00:65 165034636                  /usr/lib/x86_64-linux-gnu/librt-2.31.so
7f5ba8120000-7f5ba8121000 r--p 00007000 00:65 165034636                  /usr/lib/x86_64-linux-gnu/librt-2.31.so
7f5ba8121000-7f5ba8122000 ---p 00008000 00:65 165034636                  /usr/lib/x86_64-linux-gnu/librt-2.31.so
7f5ba8122000-7f5ba8123000 r--p 00008000 00:65 165034636                  /usr/lib/x86_64-linux-gnu/librt-2.31.so
7f5ba8123000-7f5ba8124000 rw-p 00009000 00:65 165034636                  /usr/lib/x86_64-linux-gnu/librt-2.31.so
7f5ba8124000-7f5ba8125000 ---p 00000000 00:00 0 
7f5ba8125000-7f5ba8126000 rw-p 00000000 00:00 0 
7f5ba8126000-7f5ba812a000 ---p 00000000 00:00 0 
7f5ba812a000-7f5ba8225000 rw-p 00000000 00:00 0 
7f5ba8225000-7f5ba8234000 r--p 00000000 00:65 165034468                  /usr/lib/x86_64-linux-gnu/libm-2.31.so
7f5ba8234000-7f5ba82db000 r-xp 0000f000 00:65 165034468                  /usr/lib/x86_64-linux-gnu/libm-2.31.so
7f5ba82db000-7f5ba8372000 r--p 000b6000 00:65 165034468                  /usr/lib/x86_64-linux-gnu/libm-2.31.so
7f5ba8372000-7f5ba8373000 r--p 0014c000 00:65 165034468                  /usr/lib/x86_64-linux-gnu/libm-2.31.so
7f5ba8373000-7f5ba8374000 rw-p 0014d000 00:65 165034468                  /usr/lib/x86_64-linux-gnu/libm-2.31.so
7f5ba8374000-7f5ba9389000 r-xp 00000000 00:65 77083135                   /root/oracle/jdk-9.0.4/lib/server/libjvm.so
7f5ba9389000-7f5ba9588000 ---p 01015000 00:65 77083135                   /root/oracle/jdk-9.0.4/lib/server/libjvm.so
7f5ba9588000-7f5ba9659000 r--p 01014000 00:65 77083135                   /root/oracle/jdk-9.0.4/lib/server/libjvm.so
7f5ba9659000-7f5ba9690000 rw-p 010e5000 00:65 77083135                   /root/oracle/jdk-9.0.4/lib/server/libjvm.so
7f5ba9690000-7f5ba96fb000 rw-p 00000000 00:00 0 
7f5ba96fb000-7f5ba9720000 r--p 00000000 00:65 165034165                  /usr/lib/x86_64-linux-gnu/libc-2.31.so
7f5ba9720000-7f5ba9898000 r-xp 00025000 00:65 165034165                  /usr/lib/x86_64-linux-gnu/libc-2.31.so
7f5ba9898000-7f5ba98e2000 r--p 0019d000 00:65 165034165                  /usr/lib/x86_64-linux-gnu/libc-2.31.so
7f5ba98e2000-7f5ba98e3000 ---p 001e7000 00:65 165034165                  /usr/lib/x86_64-linux-gnu/libc-2.31.so
7f5ba98e3000-7f5ba98e6000 r--p 001e7000 00:65 165034165                  /usr/lib/x86_64-linux-gnu/libc-2.31.so
7f5ba98e6000-7f5ba98e9000 rw-p 001ea000 00:65 165034165                  /usr/lib/x86_64-linux-gnu/libc-2.31.so
7f5ba98e9000-7f5ba98ed000 rw-p 00000000 00:00 0 
7f5ba98ed000-7f5ba98ee000 r--p 00000000 00:65 165034236                  /usr/lib/x86_64-linux-gnu/libdl-2.31.so
7f5ba98ee000-7f5ba98f0000 r-xp 00001000 00:65 165034236                  /usr/lib/x86_64-linux-gnu/libdl-2.31.so
7f5ba98f0000-7f5ba98f1000 r--p 00003000 00:65 165034236                  /usr/lib/x86_64-linux-gnu/libdl-2.31.so
7f5ba98f1000-7f5ba98f2000 r--p 00003000 00:65 165034236                  /usr/lib/x86_64-linux-gnu/libdl-2.31.so
7f5ba98f2000-7f5ba98f3000 rw-p 00004000 00:65 165034236                  /usr/lib/x86_64-linux-gnu/libdl-2.31.so
7f5ba98f3000-7f5ba9901000 r-xp 00000000 00:65 77083142                   /root/oracle/jdk-9.0.4/lib/jli/libjli.so
7f5ba9901000-7f5ba9b01000 ---p 0000e000 00:65 77083142                   /root/oracle/jdk-9.0.4/lib/jli/libjli.so
7f5ba9b01000-7f5ba9b02000 rw-p 0000e000 00:65 77083142                   /root/oracle/jdk-9.0.4/lib/jli/libjli.so
7f5ba9b02000-7f5ba9b09000 r--p 00000000 00:65 165034610                  /usr/lib/x86_64-linux-gnu/libpthread-2.31.so
7f5ba9b09000-7f5ba9b1a000 r-xp 00007000 00:65 165034610                  /usr/lib/x86_64-linux-gnu/libpthread-2.31.so
7f5ba9b1a000-7f5ba9b1f000 r--p 00018000 00:65 165034610                  /usr/lib/x86_64-linux-gnu/libpthread-2.31.so
7f5ba9b1f000-7f5ba9b20000 r--p 0001c000 00:65 165034610                  /usr/lib/x86_64-linux-gnu/libpthread-2.31.so
7f5ba9b20000-7f5ba9b21000 rw-p 0001d000 00:65 165034610                  /usr/lib/x86_64-linux-gnu/libpthread-2.31.so
7f5ba9b21000-7f5ba9b25000 rw-p 00000000 00:00 0 
7f5ba9b25000-7f5ba9b27000 r--p 00000000 00:65 165034796                  /usr/lib/x86_64-linux-gnu/libz.so.1.2.11
7f5ba9b27000-7f5ba9b38000 r-xp 00002000 00:65 165034796                  /usr/lib/x86_64-linux-gnu/libz.so.1.2.11
7f5ba9b38000-7f5ba9b3e000 r--p 00013000 00:65 165034796                  /usr/lib/x86_64-linux-gnu/libz.so.1.2.11
7f5ba9b3e000-7f5ba9b3f000 ---p 00019000 00:65 165034796                  /usr/lib/x86_64-linux-gnu/libz.so.1.2.11
7f5ba9b3f000-7f5ba9b40000 r--p 00019000 00:65 165034796                  /usr/lib/x86_64-linux-gnu/libz.so.1.2.11
7f5ba9b40000-7f5ba9b41000 rw-p 0001a000 00:65 165034796                  /usr/lib/x86_64-linux-gnu/libz.so.1.2.11
7f5ba9b41000-7f5ba9b49000 rw-s 00000000 00:65 71965686                   /tmp/hsperfdata_root/24322
7f5ba9b49000-7f5ba9b4c000 rw-p 00000000 00:00 0 
7f5ba9b4c000-7f5ba9b4d000 r--p 00000000 00:65 165033992                  /usr/lib/x86_64-linux-gnu/ld-2.31.so
7f5ba9b4d000-7f5ba9b70000 r-xp 00001000 00:65 165033992                  /usr/lib/x86_64-linux-gnu/ld-2.31.so
7f5ba9b70000-7f5ba9b78000 r--p 00024000 00:65 165033992                  /usr/lib/x86_64-linux-gnu/ld-2.31.so
7f5ba9b78000-7f5ba9b79000 r--p 00000000 00:00 0 
7f5ba9b79000-7f5ba9b7a000 r--p 0002c000 00:65 165033992                  /usr/lib/x86_64-linux-gnu/ld-2.31.so
7f5ba9b7a000-7f5ba9b7b000 rw-p 0002d000 00:65 165033992                  /usr/lib/x86_64-linux-gnu/ld-2.31.so
7f5ba9b7b000-7f5ba9b7c000 rw-p 00000000 00:00 0 
7fff7ddb2000-7fff7ddd3000 rw-p 00000000 00:00 0                          [stack]
7fff7dde6000-7fff7dde9000 r--p 00000000 00:00 0                          [vvar]
7fff7dde9000-7fff7ddea000 r-xp 00000000 00:00 0                          [vdso]
ffffffffff600000-ffffffffff601000 --xp 00000000 00:00 0                  [vsyscall]

VM Arguments:
jvm_args: -Xbootclasspath/a:/usr/local/java/jdk1.8.0_301/jre/lib/rt.jar -Xverify:none 
java_command: org.eclipse.core.runtime.adaptor.EclipseStarter -debug
java_class_path (initial): ./sootOutput/eclipse/
Launcher Type: SUN_STANDARD

Logging:
Log output configuration:
#0: stdout all=warning uptime,level,tags
#1: stderr all=off uptime,level,tags

Environment Variables:
JAVA_HOME=/root/oracle/jdk-9.0.4
JRE_HOME=/root/oracle/jdk-9.0.4
CLASSPATH=.:/root/oracle/jdk-9.0.4/lib:/JVMfuzzing/htm/CFSynthesis/resource/commons-lang3-3.12.0/commons-lang3-3.12.0.jar
PATH=/root/oracle/jdk-9.0.4/bin:/root/.vscode-server/bin/da76f93349a72022ca4670c1b84860304616aaa2/bin/remote-cli:/root/oracle/jdk-9.0.4/bin:/usr/local/sbin:/usr/local/bin:/usr/sbin:/usr/bin:/sbin:/bin:/usr/games:/usr/local/games:/snap/bin
SHELL=/bin/bash

Signal Handlers:
SIGSEGV: [libjvm.so+0xd4d370], sa_mask[0]=11111111011111111101111111111110, sa_flags=SA_RESTART|SA_SIGINFO
SIGBUS: [libjvm.so+0xd4d370], sa_mask[0]=11111111011111111101111111111110, sa_flags=SA_RESTART|SA_SIGINFO
SIGFPE: [libjvm.so+0xd4d370], sa_mask[0]=11111111011111111101111111111110, sa_flags=SA_RESTART|SA_SIGINFO
SIGPIPE: [libjvm.so+0xb64780], sa_mask[0]=11111111011111111101111111111110, sa_flags=SA_RESTART|SA_SIGINFO
SIGXFSZ: [libjvm.so+0xb64780], sa_mask[0]=11111111011111111101111111111110, sa_flags=SA_RESTART|SA_SIGINFO
SIGILL: [libjvm.so+0xd4d370], sa_mask[0]=11111111011111111101111111111110, sa_flags=SA_RESTART|SA_SIGINFO
SIGUSR2: [libjvm.so+0xb64640], sa_mask[0]=00100000000000000000000000000000, sa_flags=SA_RESTART|SA_SIGINFO
SIGHUP: [libjvm.so+0xb64850], sa_mask[0]=11111111011111111101111111111110, sa_flags=SA_RESTART|SA_SIGINFO
SIGINT: [libjvm.so+0xb64850], sa_mask[0]=11111111011111111101111111111110, sa_flags=SA_RESTART|SA_SIGINFO
SIGTERM: [libjvm.so+0xb64850], sa_mask[0]=11111111011111111101111111111110, sa_flags=SA_RESTART|SA_SIGINFO
SIGQUIT: [libjvm.so+0xb64850], sa_mask[0]=11111111011111111101111111111110, sa_flags=SA_RESTART|SA_SIGINFO


---------------  S Y S T E M  ---------------

OS:DISTRIB_ID=Ubuntu
DISTRIB_RELEASE=20.04
DISTRIB_CODENAME=focal
DISTRIB_DESCRIPTION="Ubuntu 20.04.3 LTS"
uname:Linux 5.4.0-124-generic #140~18.04.1-Ubuntu SMP Fri Aug 5 11:43:34 UTC 2022 x86_64
libc:glibc 2.31 NPTL 2.31 
rlimit: STACK 8192k, CORE infinity, NPROC infinity, NOFILE 1048576, AS infinity
load average:41.17 40.67 39.37

/proc/meminfo:
MemTotal:       65549624 kB
MemFree:         6363108 kB
MemAvailable:   33401936 kB
Buffers:         5872664 kB
Cached:          3659520 kB
SwapCached:         8092 kB
Active:         32560416 kB
Inactive:        6435744 kB
Active(anon):   25466596 kB
Inactive(anon):  4018444 kB
Active(file):    7093820 kB
Inactive(file):  2417300 kB
Unevictable:          16 kB
Mlocked:              16 kB
SwapTotal:       2097148 kB
SwapFree:              0 kB
Dirty:             41008 kB
Writeback:           776 kB
AnonPages:      29455560 kB
Mapped:           853952 kB
Shmem:             25608 kB
KReclaimable:   18259632 kB
Slab:           19430100 kB
SReclaimable:   18259632 kB
SUnreclaim:      1170468 kB
KernelStack:       79496 kB
PageTables:       241628 kB
NFS_Unstable:          0 kB
Bounce:                0 kB
WritebackTmp:          0 kB
CommitLimit:    34871960 kB
Committed_AS:   85360652 kB
VmallocTotal:   34359738367 kB
VmallocUsed:      162256 kB
VmallocChunk:          0 kB
Percpu:            32512 kB
HardwareCorrupted:     0 kB
AnonHugePages:         0 kB
ShmemHugePages:        0 kB
ShmemPmdMapped:        0 kB
FileHugePages:         0 kB
FilePmdMapped:         0 kB
CmaTotal:              0 kB
CmaFree:               0 kB
HugePages_Total:       0
HugePages_Free:        0
HugePages_Rsvd:        0
HugePages_Surp:        0
Hugepagesize:       2048 kB
Hugetlb:               0 kB
DirectMap4k:    15497632 kB
DirectMap2M:    51298304 kB
DirectMap1G:           0 kB


CPU:total 28 (initial active 28) (14 cores per cpu, 2 threads per core) family 6 model 85 stepping 4, cmov, cx8, fxsr, mmx, sse, sse2, sse3, ssse3, sse4.1, sse4.2, popcnt, avx, avx2, aes, clmul, erms, rtm, 3dnowpref, lzcnt, ht, tsc, tscinvbit, bmi1, bmi2, adx, fma
CPU Model and flags from /proc/cpuinfo:
model name	: Intel(R) Core(TM) i9-9940X CPU @ 3.30GHz
flags		: fpu vme de pse tsc msr pae mce cx8 apic sep mtrr pge mca cmov pat pse36 clflush dts acpi mmx fxsr sse sse2 ss ht tm pbe syscall nx pdpe1gb rdtscp lm constant_tsc art arch_perfmon pebs bts rep_good nopl xtopology nonstop_tsc cpuid aperfmperf pni pclmulqdq dtes64 monitor ds_cpl vmx est tm2 ssse3 sdbg fma cx16 xtpr pdcm pcid dca sse4_1 sse4_2 x2apic movbe popcnt tsc_deadline_timer aes xsave avx f16c rdrand lahf_lm abm 3dnowprefetch cpuid_fault epb cat_l3 cdp_l3 invpcid_single pti ssbd mba ibrs ibpb stibp tpr_shadow vnmi flexpriority ept vpid ept_ad fsgsbase tsc_adjust bmi1 hle avx2 smep bmi2 erms invpcid rtm cqm mpx rdt_a avx512f avx512dq rdseed adx smap clflushopt clwb intel_pt avx512cd avx512bw avx512vl xsaveopt xsavec xgetbv1 xsaves cqm_llc cqm_occup_llc cqm_mbm_total cqm_mbm_local dtherm ida arat pln pts hwp hwp_act_window hwp_epp hwp_pkg_req md_clear flush_l1d arch_capabilities

Memory: 4k page, physical 65549624k(6363108k free), swap 2097148k(0k free)

vm_info: Java HotSpot(TM) 64-Bit Server VM (9.0.4+11) for linux-amd64 JRE (9.0.4+11), built on Dec 19 2017 18:12:19 by "mach5one" with gcc 4.9.2

END.
