#
# A fatal error has been detected by the Java Runtime Environment:
#
#  SIGSEGV (0xb) at pc=0x00007f9c6bcc69ac, pid=10199, tid=10275
#
# JRE version: Java(TM) SE Runtime Environment (9.0+11) (build 9.0.4+11)
# Java VM: Java HotSpot(TM) 64-Bit Server VM (9.0.4+11, mixed mode, tiered, compressed oops, g1 gc, linux-amd64)
# Problematic frame:
# V  [libjvm.so+0x4ad9ac]  GraphBuilder::try_inline_full(ciMethod*, bool, bool, Bytecodes::Code, Instruction*)+0x44c
#
# Core dump will be written. Default location: Core dumps may be processed with "/usr/share/apport/apport -p%p -s%s -c%c -d%d -P%P -u%u -g%g -- %E" (or dumping to /JVMfuzzing/zjy/classming/Fuzzing-Testing-of-JVM-Implementations/core.10199)
#
# If you would like to submit a bug report, please visit:
#   http://bugreport.java.com/bugreport/crash.jsp
#

---------------  S U M M A R Y ------------

Command Line: -Xbootclasspath/a:/usr/local/java/jdk1.8.0_301/jre/lib/rt.jar -Xverify:none org.eclipse.core.runtime.adaptor.EclipseStarter -debug

Host: Intel(R) Core(TM) i9-9940X CPU @ 3.30GHz, 28 cores, 62G, Ubuntu 20.04.3 LTS
Time: Thu Nov  3 09:07:49 2022 UTC elapsed time: 0 seconds (0d 0h 0m 0s)

---------------  T H R E A D  ---------------

Current thread (0x00007f9c642bf000):  JavaThread "C1 CompilerThread10" daemon [_thread_in_native, id=10275, stack(0x00007f9b33cfd000,0x00007f9b33dfe000)]


Current CompileTask:
C1:    539  260 %     3       org.eclipse.core.runtime.adaptor.EclipseStarter::main @ 4642 (5332 bytes)

Stack: [0x00007f9b33cfd000,0x00007f9b33dfe000],  sp=0x00007f9b33dfc0b0,  free space=1020k
Native frames: (J=compiled Java code, A=aot compiled Java code, j=interpreted, Vv=VM code, C=native code)
V  [libjvm.so+0x4ad9ac]  GraphBuilder::try_inline_full(ciMethod*, bool, bool, Bytecodes::Code, Instruction*)+0x44c
V  [libjvm.so+0x4ae2fc]  GraphBuilder::try_inline(ciMethod*, bool, bool, Bytecodes::Code, Instruction*)+0x1dc
V  [libjvm.so+0x4aee6d]  GraphBuilder::invoke(Bytecodes::Code)+0x3ed
V  [libjvm.so+0x4b163e]  GraphBuilder::iterate_bytecodes_for_block(int)+0x1c4e
V  [libjvm.so+0x4b1ad5]  GraphBuilder::iterate_all_blocks(bool)+0x85
V  [libjvm.so+0x4b1ec9]  GraphBuilder::GraphBuilder(Compilation*, IRScope*)+0x389
V  [libjvm.so+0x4b70a8]  IR::IR(Compilation*, ciMethod*, int)+0x1e8
V  [libjvm.so+0x497832]  Compilation::build_hir() [clone .part.93]+0x162
V  [libjvm.so+0x499633]  Compilation::compile_java_method()+0x3c3
V  [libjvm.so+0x4997af]  Compilation::compile_method()+0x12f
V  [libjvm.so+0x499c31]  Compilation::Compilation(AbstractCompiler*, ciEnv*, ciMethod*, int, BufferBlob*, DirectiveSet*)+0x271
V  [libjvm.so+0x49ac1e]  Compiler::compile_method(ciEnv*, ciMethod*, int, DirectiveSet*)+0xae
V  [libjvm.so+0x6125ac]  CompileBroker::invoke_compiler_on_method(CompileTask*)+0x41c
V  [libjvm.so+0x61344b]  CompileBroker::compiler_thread_loop()+0x28b
V  [libjvm.so+0xcef338]  JavaThread::thread_main_inner()+0xd8
V  [libjvm.so+0xb6e132]  thread_native_entry(Thread*)+0xf2
C  [libpthread.so.0+0x9609]  start_thread+0xd9


siginfo: si_signo: 11 (SIGSEGV), si_code: 1 (SEGV_MAPERR), si_addr: 0x0000000000000018

Register to memory mapping:

RAX=0x00007f9b2c0776f0 is an unknown value
RBX=0x00007f9b33dfc460 is pointing into the stack for thread: 0x00007f9c642bf000
RCX=0x0000000000000000 is an unknown value
RDX=0x0000000000000000 is an unknown value
RSP=0x00007f9b33dfc0b0 is pointing into the stack for thread: 0x00007f9c642bf000
RBP=0x00007f9b33dfc130 is pointing into the stack for thread: 0x00007f9c642bf000
RSI=0x0000000000000000 is an unknown value
RDI=0x00007f9b33dfc460 is pointing into the stack for thread: 0x00007f9c642bf000
R8 =0x0000000000000000 is an unknown value
R9 =0x00007f9b2c077390 is an unknown value
R10=0x000000000000000c is an unknown value
R11=0x0000000000000001 is an unknown value
R12=0x00007f9b2c04ae40 is an unknown value
R13=0x0000000000000000 is an unknown value
R14=0x0000000000000000 is an unknown value
R15=0x0000000000000001 is an unknown value


Registers:
RAX=0x00007f9b2c0776f0, RBX=0x00007f9b33dfc460, RCX=0x0000000000000000, RDX=0x0000000000000000
RSP=0x00007f9b33dfc0b0, RBP=0x00007f9b33dfc130, RSI=0x0000000000000000, RDI=0x00007f9b33dfc460
R8 =0x0000000000000000, R9 =0x00007f9b2c077390, R10=0x000000000000000c, R11=0x0000000000000001
R12=0x00007f9b2c04ae40, R13=0x0000000000000000, R14=0x0000000000000000, R15=0x0000000000000001
RIP=0x00007f9c6bcc69ac, EFLAGS=0x0000000000010246, CSGSFS=0x002b000000000033, ERR=0x0000000000000004
  TRAPNO=0x000000000000000e

Top of Stack: (sp=0x00007f9b33dfc0b0)
0x00007f9b33dfc0b0:   00007f9c6cb624cc 00007f9b33dfc0e0
0x00007f9b33dfc0c0:   0000000033dfc130 00007f9b2c077f00
0x00007f9b33dfc0d0:   00007f9b38038e00 00007f9b2c0776f0
0x00007f9b33dfc0e0:   0000000000000f53 00007f9b2c0770f0 

Instructions: (pc=0x00007f9c6bcc69ac)
0x00007f9c6bcc698c:   40 08 44 39 68 38 7e 3f 48 8b 50 50 49 63 f0 44
0x00007f9c6bcc699c:   89 c1 44 29 e9 48 89 df 48 89 45 a8 48 8b 14 f2
0x00007f9c6bcc69ac:   48 8b 72 18 44 03 46 08 48 8b 75 98 44 89 45 b0
0x00007f9c6bcc69bc:   44 89 45 88 e8 3b 36 ff ff 48 8b 45 a8 44 8b 45 


---------------  P R O C E S S  ---------------

Java Threads: ( => current thread )
  0x00007f9c64358800 JavaThread "Service Thread" daemon [_thread_blocked, id=10279, stack(0x00007f9b334d1000,0x00007f9b335d2000)]
  0x00007f9c642d1800 JavaThread "Common-Cleaner" daemon [_thread_blocked, id=10278, stack(0x00007f9b335d2000,0x00007f9b336d3000)]
  0x00007f9c642c2800 JavaThread "Sweeper thread" daemon [_thread_blocked, id=10277, stack(0x00007f9b33afb000,0x00007f9b33bfc000)]
  0x00007f9c642c1000 JavaThread "C1 CompilerThread11" daemon [_thread_blocked, id=10276, stack(0x00007f9b33bfc000,0x00007f9b33cfd000)]
=>0x00007f9c642bf000 JavaThread "C1 CompilerThread10" daemon [_thread_in_native, id=10275, stack(0x00007f9b33cfd000,0x00007f9b33dfe000)]
  0x00007f9c642bd800 JavaThread "C1 CompilerThread9" daemon [_thread_blocked, id=10274, stack(0x00007f9b33dfe000,0x00007f9b33eff000)]
  0x00007f9c642bb000 JavaThread "C1 CompilerThread8" daemon [_thread_blocked, id=10273, stack(0x00007f9b33eff000,0x00007f9b34000000)]
  0x00007f9c642b9800 JavaThread "C2 CompilerThread7" daemon [_thread_blocked, id=10272, stack(0x00007f9b64072000,0x00007f9b64173000)]
  0x00007f9c642b7800 JavaThread "C2 CompilerThread6" daemon [_thread_blocked, id=10271, stack(0x00007f9b64173000,0x00007f9b64274000)]
  0x00007f9c642b6000 JavaThread "C2 CompilerThread5" daemon [_thread_blocked, id=10270, stack(0x00007f9b64274000,0x00007f9b64375000)]
  0x00007f9c642b4000 JavaThread "C2 CompilerThread4" daemon [_thread_blocked, id=10269, stack(0x00007f9b64375000,0x00007f9b64476000)]
  0x00007f9c642b2800 JavaThread "C2 CompilerThread3" daemon [_thread_blocked, id=10268, stack(0x00007f9b64476000,0x00007f9b64577000)]
  0x00007f9c642b0800 JavaThread "C2 CompilerThread2" daemon [_thread_blocked, id=10267, stack(0x00007f9b64577000,0x00007f9b64678000)]
  0x00007f9c642af000 JavaThread "C2 CompilerThread1" daemon [_thread_blocked, id=10266, stack(0x00007f9b64678000,0x00007f9b64779000)]
  0x00007f9c642ad000 JavaThread "C2 CompilerThread0" daemon [_thread_blocked, id=10265, stack(0x00007f9b64779000,0x00007f9b6487a000)]
  0x00007f9c642ab000 JavaThread "Signal Dispatcher" daemon [_thread_blocked, id=10264, stack(0x00007f9b6487a000,0x00007f9b6497b000)]
  0x00007f9c64291000 JavaThread "Finalizer" daemon [_thread_blocked, id=10263, stack(0x00007f9b6497b000,0x00007f9b64a7c000)]
  0x00007f9c64288800 JavaThread "Reference Handler" daemon [_thread_blocked, id=10262, stack(0x00007f9b64a7c000,0x00007f9b64b7d000)]
  0x00007f9c64011800 JavaThread "main" [_thread_in_native_trans, id=10201, stack(0x00007f9c6b5cb000,0x00007f9c6b6ca000)]

Other Threads:
  0x00007f9c64281000 VMThread "VM Thread" [stack: 0x00007f9b64b7f000,0x00007f9b64c7f000] [id=10261]
  0x00007f9c6435b800 WatcherThread [stack: 0x00007f9b333d1000,0x00007f9b334d1000] [id=10280]
  0x00007f9c64034000 GCTaskThread "GC Thread#0" [stack: 0x00007f9c6a825000,0x00007f9c6a925000] [id=10202]
  0x00007f9c64035800 GCTaskThread "GC Thread#1" [stack: 0x00007f9c6a723000,0x00007f9c6a823000] [id=10204]
  0x00007f9c64037000 GCTaskThread "GC Thread#2" [stack: 0x00007f9c6a621000,0x00007f9c6a721000] [id=10205]
  0x00007f9c64039000 GCTaskThread "GC Thread#3" [stack: 0x00007f9c6a51f000,0x00007f9c6a61f000] [id=10206]
  0x00007f9c6403a800 GCTaskThread "GC Thread#4" [stack: 0x00007f9c6a41d000,0x00007f9c6a51d000] [id=10207]
  0x00007f9c6403c800 GCTaskThread "GC Thread#5" [stack: 0x00007f9c6a31b000,0x00007f9c6a41b000] [id=10208]
  0x00007f9c6403e000 GCTaskThread "GC Thread#6" [stack: 0x00007f9c6a219000,0x00007f9c6a319000] [id=10209]
  0x00007f9c6403f800 GCTaskThread "GC Thread#7" [stack: 0x00007f9c6a117000,0x00007f9c6a217000] [id=10210]
  0x00007f9c64041800 GCTaskThread "GC Thread#8" [stack: 0x00007f9c6a015000,0x00007f9c6a115000] [id=10211]
  0x00007f9c64043000 GCTaskThread "GC Thread#9" [stack: 0x00007f9c69f13000,0x00007f9c6a013000] [id=10212]
  0x00007f9c64045000 GCTaskThread "GC Thread#10" [stack: 0x00007f9c69e11000,0x00007f9c69f11000] [id=10213]
  0x00007f9c64046800 GCTaskThread "GC Thread#11" [stack: 0x00007f9c69d0f000,0x00007f9c69e0f000] [id=10214]
  0x00007f9c64048800 GCTaskThread "GC Thread#12" [stack: 0x00007f9c69c0d000,0x00007f9c69d0d000] [id=10215]
  0x00007f9c6404a000 GCTaskThread "GC Thread#13" [stack: 0x00007f9c69b0b000,0x00007f9c69c0b000] [id=10216]
  0x00007f9c6404c000 GCTaskThread "GC Thread#14" [stack: 0x00007f9c69a09000,0x00007f9c69b09000] [id=10217]
  0x00007f9c6404d800 GCTaskThread "GC Thread#15" [stack: 0x00007f9c69907000,0x00007f9c69a07000] [id=10218]
  0x00007f9c6404f800 GCTaskThread "GC Thread#16" [stack: 0x00007f9c69805000,0x00007f9c69905000] [id=10219]
  0x00007f9c64051000 GCTaskThread "GC Thread#17" [stack: 0x00007f9c69703000,0x00007f9c69803000] [id=10220]
  0x00007f9c64052800 GCTaskThread "GC Thread#18" [stack: 0x00007f9c69601000,0x00007f9c69701000] [id=10221]
  0x00007f9c64054800 GCTaskThread "GC Thread#19" [stack: 0x00007f9c694ff000,0x00007f9c695ff000] [id=10222]
  0x00007f9c6409f800 ConcurrentGCThread "G1 Main Marker" [stack: 0x00007f9c4802e000,0x00007f9c4812e000] [id=10254]
  0x00007f9c640a1000 ConcurrentGCThread "G1 Marker#0" [stack: 0x00007f9b7cdd8000,0x00007f9b7ced8000] [id=10255]
  0x00007f9c640a3000 ConcurrentGCThread "G1 Marker#1" [stack: 0x00007f9b7ccd6000,0x00007f9b7cdd6000] [id=10256]
  0x00007f9c640a4800 ConcurrentGCThread "G1 Marker#2" [stack: 0x00007f9b7cbd4000,0x00007f9b7ccd4000] [id=10258]
  0x00007f9c640a6800 ConcurrentGCThread "G1 Marker#3" [stack: 0x00007f9b7cad2000,0x00007f9b7cbd2000] [id=10259]
  0x00007f9c640a8000 ConcurrentGCThread "G1 Marker#4" [stack: 0x00007f9b7c9d0000,0x00007f9b7cad0000] [id=10260]
  0x00007f9c64079000 ConcurrentGCThread "G1 Refine#0" [stack: 0x00007f9c4871d000,0x00007f9c4881d000] [id=10252]
  0x00007f9c64077000 ConcurrentGCThread "G1 Refine#1" [stack: 0x00007f9c4881f000,0x00007f9c4891f000] [id=10251]
  0x00007f9c64075000 ConcurrentGCThread "G1 Refine#2" [stack: 0x00007f9c48921000,0x00007f9c48a21000] [id=10250]
  0x00007f9c64073800 ConcurrentGCThread "G1 Refine#3" [stack: 0x00007f9c48a23000,0x00007f9c48b23000] [id=10249]
  0x00007f9c64071800 ConcurrentGCThread "G1 Refine#4" [stack: 0x00007f9c48b25000,0x00007f9c48c25000] [id=10248]
  0x00007f9c64070000 ConcurrentGCThread "G1 Refine#5" [stack: 0x00007f9c48c27000,0x00007f9c48d27000] [id=10246]
  0x00007f9c6406e000 ConcurrentGCThread "G1 Refine#6" [stack: 0x00007f9c48d29000,0x00007f9c48e29000] [id=10245]
  0x00007f9c6406c800 ConcurrentGCThread "G1 Refine#7" [stack: 0x00007f9c48e2b000,0x00007f9c48f2b000] [id=10244]
  0x00007f9c6406a800 ConcurrentGCThread "G1 Refine#8" [stack: 0x00007f9c48f2d000,0x00007f9c4902d000] [id=10243]
  0x00007f9c64069000 ConcurrentGCThread "G1 Refine#9" [stack: 0x00007f9c4902f000,0x00007f9c4912f000] [id=10242]
  0x00007f9c64067000 ConcurrentGCThread "G1 Refine#10" [stack: 0x00007f9c49131000,0x00007f9c49231000] [id=10241]
  0x00007f9c64065000 ConcurrentGCThread "G1 Refine#11" [stack: 0x00007f9c49233000,0x00007f9c49333000] [id=10240]
  0x00007f9c64063800 ConcurrentGCThread "G1 Refine#12" [stack: 0x00007f9c49335000,0x00007f9c49435000] [id=10239]
  0x00007f9c64061800 ConcurrentGCThread "G1 Refine#13" [stack: 0x00007f9c49437000,0x00007f9c49537000] [id=10237]
  0x00007f9c64060000 ConcurrentGCThread "G1 Refine#14" [stack: 0x00007f9c49539000,0x00007f9c49639000] [id=10236]
  0x00007f9c6405e000 ConcurrentGCThread "G1 Refine#15" [stack: 0x00007f9c4963b000,0x00007f9c4973b000] [id=10235]
  0x00007f9c6405c800 ConcurrentGCThread "G1 Refine#16" [stack: 0x00007f9c4973d000,0x00007f9c4983d000] [id=10234]
  0x00007f9c6405a800 ConcurrentGCThread "G1 Refine#17" [stack: 0x00007f9c4983f000,0x00007f9c4993f000] [id=10225]
  0x00007f9c64059000 ConcurrentGCThread "G1 Refine#18" [stack: 0x00007f9c49941000,0x00007f9c49a41000] [id=10224]
  0x00007f9c64057000 ConcurrentGCThread "G1 Refine#19" [stack: 0x00007f9c49a43000,0x00007f9c49b43000] [id=10223]
  0x00007f9c6407a800 ConcurrentGCThread "G1 Young RemSet Sampling" [stack: 0x00007f9c4861b000,0x00007f9c4871b000] [id=10253]

Threads with active compile tasks:
C1 CompilerThread10 260 %     3       org.eclipse.core.runtime.adaptor.EclipseStarter::main @ 4642 (5332 bytes)

VM state:not at safepoint (normal execution)

VM Mutex/Monitor currently owned by a thread: None

Heap address: 0x00000003d7c00000, size: 16004 MB, Compressed Oops mode: Zero based, Oop shift amount: 3
Narrow klass base: 0x0000000000000000, Narrow klass shift: 3
Compressed class space size: 1073741824 Address: 0x00000007c0000000

Heap:
 garbage-first heap   total 1028096K, used 8192K [0x00000003d7c00000, 0x00000003d80007d8, 0x00000007c0000000)
  region size 4096K, 3 young (12288K), 0 survivors (0K)
 Metaspace       used 4299K, capacity 4614K, committed 4864K, reserved 1056768K
  class space    used 355K, capacity 386K, committed 512K, reserved 1048576K
Heap Regions: E=young(eden), S=young(survivor), O=old, HS=humongous(starts), HC=humongous(continues), CS=collection set, F=free, A=archive, TS=gc time stamp, AC=allocation context, TAMS=top-at-mark-start (previous, next)
|   0|0x00000003d7c00000, 0x00000003d7c00000, 0x00000003d8000000|  0%| F|  |TS  0|AC  0|TAMS 0x00000003d7c00000, 0x00000003d7c00000|
|   1|0x00000003d8000000, 0x00000003d8000000, 0x00000003d8400000|  0%| F|  |TS  0|AC  0|TAMS 0x00000003d8000000, 0x00000003d8000000|
|   2|0x00000003d8400000, 0x00000003d8400000, 0x00000003d8800000|  0%| F|  |TS  0|AC  0|TAMS 0x00000003d8400000, 0x00000003d8400000|
|   3|0x00000003d8800000, 0x00000003d8800000, 0x00000003d8c00000|  0%| F|  |TS  0|AC  0|TAMS 0x00000003d8800000, 0x00000003d8800000|
|   4|0x00000003d8c00000, 0x00000003d8c00000, 0x00000003d9000000|  0%| F|  |TS  0|AC  0|TAMS 0x00000003d8c00000, 0x00000003d8c00000|
|   5|0x00000003d9000000, 0x00000003d9000000, 0x00000003d9400000|  0%| F|  |TS  0|AC  0|TAMS 0x00000003d9000000, 0x00000003d9000000|
|   6|0x00000003d9400000, 0x00000003d9400000, 0x00000003d9800000|  0%| F|  |TS  0|AC  0|TAMS 0x00000003d9400000, 0x00000003d9400000|
|   7|0x00000003d9800000, 0x00000003d9800000, 0x00000003d9c00000|  0%| F|  |TS  0|AC  0|TAMS 0x00000003d9800000, 0x00000003d9800000|
|   8|0x00000003d9c00000, 0x00000003d9c00000, 0x00000003da000000|  0%| F|  |TS  0|AC  0|TAMS 0x00000003d9c00000, 0x00000003d9c00000|
|   9|0x00000003da000000, 0x00000003da000000, 0x00000003da400000|  0%| F|  |TS  0|AC  0|TAMS 0x00000003da000000, 0x00000003da000000|
|  10|0x00000003da400000, 0x00000003da400000, 0x00000003da800000|  0%| F|  |TS  0|AC  0|TAMS 0x00000003da400000, 0x00000003da400000|
|  11|0x00000003da800000, 0x00000003da800000, 0x00000003dac00000|  0%| F|  |TS  0|AC  0|TAMS 0x00000003da800000, 0x00000003da800000|
|  12|0x00000003dac00000, 0x00000003dac00000, 0x00000003db000000|  0%| F|  |TS  0|AC  0|TAMS 0x00000003dac00000, 0x00000003dac00000|
|  13|0x00000003db000000, 0x00000003db000000, 0x00000003db400000|  0%| F|  |TS  0|AC  0|TAMS 0x00000003db000000, 0x00000003db000000|
|  14|0x00000003db400000, 0x00000003db400000, 0x00000003db800000|  0%| F|  |TS  0|AC  0|TAMS 0x00000003db400000, 0x00000003db400000|
|  15|0x00000003db800000, 0x00000003db800000, 0x00000003dbc00000|  0%| F|  |TS  0|AC  0|TAMS 0x00000003db800000, 0x00000003db800000|
|  16|0x00000003dbc00000, 0x00000003dbc00000, 0x00000003dc000000|  0%| F|  |TS  0|AC  0|TAMS 0x00000003dbc00000, 0x00000003dbc00000|
|  17|0x00000003dc000000, 0x00000003dc000000, 0x00000003dc400000|  0%| F|  |TS  0|AC  0|TAMS 0x00000003dc000000, 0x00000003dc000000|
|  18|0x00000003dc400000, 0x00000003dc400000, 0x00000003dc800000|  0%| F|  |TS  0|AC  0|TAMS 0x00000003dc400000, 0x00000003dc400000|
|  19|0x00000003dc800000, 0x00000003dc800000, 0x00000003dcc00000|  0%| F|  |TS  0|AC  0|TAMS 0x00000003dc800000, 0x00000003dc800000|
|  20|0x00000003dcc00000, 0x00000003dcc00000, 0x00000003dd000000|  0%| F|  |TS  0|AC  0|TAMS 0x00000003dcc00000, 0x00000003dcc00000|
|  21|0x00000003dd000000, 0x00000003dd000000, 0x00000003dd400000|  0%| F|  |TS  0|AC  0|TAMS 0x00000003dd000000, 0x00000003dd000000|
|  22|0x00000003dd400000, 0x00000003dd400000, 0x00000003dd800000|  0%| F|  |TS  0|AC  0|TAMS 0x00000003dd400000, 0x00000003dd400000|
|  23|0x00000003dd800000, 0x00000003dd800000, 0x00000003ddc00000|  0%| F|  |TS  0|AC  0|TAMS 0x00000003dd800000, 0x00000003dd800000|
|  24|0x00000003ddc00000, 0x00000003ddc00000, 0x00000003de000000|  0%| F|  |TS  0|AC  0|TAMS 0x00000003ddc00000, 0x00000003ddc00000|
|  25|0x00000003de000000, 0x00000003de000000, 0x00000003de400000|  0%| F|  |TS  0|AC  0|TAMS 0x00000003de000000, 0x00000003de000000|
|  26|0x00000003de400000, 0x00000003de400000, 0x00000003de800000|  0%| F|  |TS  0|AC  0|TAMS 0x00000003de400000, 0x00000003de400000|
|  27|0x00000003de800000, 0x00000003de800000, 0x00000003dec00000|  0%| F|  |TS  0|AC  0|TAMS 0x00000003de800000, 0x00000003de800000|
|  28|0x00000003dec00000, 0x00000003dec00000, 0x00000003df000000|  0%| F|  |TS  0|AC  0|TAMS 0x00000003dec00000, 0x00000003dec00000|
|  29|0x00000003df000000, 0x00000003df000000, 0x00000003df400000|  0%| F|  |TS  0|AC  0|TAMS 0x00000003df000000, 0x00000003df000000|
|  30|0x00000003df400000, 0x00000003df400000, 0x00000003df800000|  0%| F|  |TS  0|AC  0|TAMS 0x00000003df400000, 0x00000003df400000|
|  31|0x00000003df800000, 0x00000003df800000, 0x00000003dfc00000|  0%| F|  |TS  0|AC  0|TAMS 0x00000003df800000, 0x00000003df800000|
|  32|0x00000003dfc00000, 0x00000003dfc00000, 0x00000003e0000000|  0%| F|  |TS  0|AC  0|TAMS 0x00000003dfc00000, 0x00000003dfc00000|
|  33|0x00000003e0000000, 0x00000003e0000000, 0x00000003e0400000|  0%| F|  |TS  0|AC  0|TAMS 0x00000003e0000000, 0x00000003e0000000|
|  34|0x00000003e0400000, 0x00000003e0400000, 0x00000003e0800000|  0%| F|  |TS  0|AC  0|TAMS 0x00000003e0400000, 0x00000003e0400000|
|  35|0x00000003e0800000, 0x00000003e0800000, 0x00000003e0c00000|  0%| F|  |TS  0|AC  0|TAMS 0x00000003e0800000, 0x00000003e0800000|
|  36|0x00000003e0c00000, 0x00000003e0c00000, 0x00000003e1000000|  0%| F|  |TS  0|AC  0|TAMS 0x00000003e0c00000, 0x00000003e0c00000|
|  37|0x00000003e1000000, 0x00000003e1000000, 0x00000003e1400000|  0%| F|  |TS  0|AC  0|TAMS 0x00000003e1000000, 0x00000003e1000000|
|  38|0x00000003e1400000, 0x00000003e1400000, 0x00000003e1800000|  0%| F|  |TS  0|AC  0|TAMS 0x00000003e1400000, 0x00000003e1400000|
|  39|0x00000003e1800000, 0x00000003e1800000, 0x00000003e1c00000|  0%| F|  |TS  0|AC  0|TAMS 0x00000003e1800000, 0x00000003e1800000|
|  40|0x00000003e1c00000, 0x00000003e1c00000, 0x00000003e2000000|  0%| F|  |TS  0|AC  0|TAMS 0x00000003e1c00000, 0x00000003e1c00000|
|  41|0x00000003e2000000, 0x00000003e2000000, 0x00000003e2400000|  0%| F|  |TS  0|AC  0|TAMS 0x00000003e2000000, 0x00000003e2000000|
|  42|0x00000003e2400000, 0x00000003e2400000, 0x00000003e2800000|  0%| F|  |TS  0|AC  0|TAMS 0x00000003e2400000, 0x00000003e2400000|
|  43|0x00000003e2800000, 0x00000003e2800000, 0x00000003e2c00000|  0%| F|  |TS  0|AC  0|TAMS 0x00000003e2800000, 0x00000003e2800000|
|  44|0x00000003e2c00000, 0x00000003e2c00000, 0x00000003e3000000|  0%| F|  |TS  0|AC  0|TAMS 0x00000003e2c00000, 0x00000003e2c00000|
|  45|0x00000003e3000000, 0x00000003e3000000, 0x00000003e3400000|  0%| F|  |TS  0|AC  0|TAMS 0x00000003e3000000, 0x00000003e3000000|
|  46|0x00000003e3400000, 0x00000003e3400000, 0x00000003e3800000|  0%| F|  |TS  0|AC  0|TAMS 0x00000003e3400000, 0x00000003e3400000|
|  47|0x00000003e3800000, 0x00000003e3800000, 0x00000003e3c00000|  0%| F|  |TS  0|AC  0|TAMS 0x00000003e3800000, 0x00000003e3800000|
|  48|0x00000003e3c00000, 0x00000003e3c00000, 0x00000003e4000000|  0%| F|  |TS  0|AC  0|TAMS 0x00000003e3c00000, 0x00000003e3c00000|
|  49|0x00000003e4000000, 0x00000003e4000000, 0x00000003e4400000|  0%| F|  |TS  0|AC  0|TAMS 0x00000003e4000000, 0x00000003e4000000|
|  50|0x00000003e4400000, 0x00000003e4400000, 0x00000003e4800000|  0%| F|  |TS  0|AC  0|TAMS 0x00000003e4400000, 0x00000003e4400000|
|  51|0x00000003e4800000, 0x00000003e4800000, 0x00000003e4c00000|  0%| F|  |TS  0|AC  0|TAMS 0x00000003e4800000, 0x00000003e4800000|
|  52|0x00000003e4c00000, 0x00000003e4c00000, 0x00000003e5000000|  0%| F|  |TS  0|AC  0|TAMS 0x00000003e4c00000, 0x00000003e4c00000|
|  53|0x00000003e5000000, 0x00000003e5000000, 0x00000003e5400000|  0%| F|  |TS  0|AC  0|TAMS 0x00000003e5000000, 0x00000003e5000000|
|  54|0x00000003e5400000, 0x00000003e5400000, 0x00000003e5800000|  0%| F|  |TS  0|AC  0|TAMS 0x00000003e5400000, 0x00000003e5400000|
|  55|0x00000003e5800000, 0x00000003e5800000, 0x00000003e5c00000|  0%| F|  |TS  0|AC  0|TAMS 0x00000003e5800000, 0x00000003e5800000|
|  56|0x00000003e5c00000, 0x00000003e5c00000, 0x00000003e6000000|  0%| F|  |TS  0|AC  0|TAMS 0x00000003e5c00000, 0x00000003e5c00000|
|  57|0x00000003e6000000, 0x00000003e6000000, 0x00000003e6400000|  0%| F|  |TS  0|AC  0|TAMS 0x00000003e6000000, 0x00000003e6000000|
|  58|0x00000003e6400000, 0x00000003e6400000, 0x00000003e6800000|  0%| F|  |TS  0|AC  0|TAMS 0x00000003e6400000, 0x00000003e6400000|
|  59|0x00000003e6800000, 0x00000003e6800000, 0x00000003e6c00000|  0%| F|  |TS  0|AC  0|TAMS 0x00000003e6800000, 0x00000003e6800000|
|  60|0x00000003e6c00000, 0x00000003e6c00000, 0x00000003e7000000|  0%| F|  |TS  0|AC  0|TAMS 0x00000003e6c00000, 0x00000003e6c00000|
|  61|0x00000003e7000000, 0x00000003e7000000, 0x00000003e7400000|  0%| F|  |TS  0|AC  0|TAMS 0x00000003e7000000, 0x00000003e7000000|
|  62|0x00000003e7400000, 0x00000003e7400000, 0x00000003e7800000|  0%| F|  |TS  0|AC  0|TAMS 0x00000003e7400000, 0x00000003e7400000|
|  63|0x00000003e7800000, 0x00000003e7800000, 0x00000003e7c00000|  0%| F|  |TS  0|AC  0|TAMS 0x00000003e7800000, 0x00000003e7800000|
|  64|0x00000003e7c00000, 0x00000003e7c00000, 0x00000003e8000000|  0%| F|  |TS  0|AC  0|TAMS 0x00000003e7c00000, 0x00000003e7c00000|
|  65|0x00000003e8000000, 0x00000003e8000000, 0x00000003e8400000|  0%| F|  |TS  0|AC  0|TAMS 0x00000003e8000000, 0x00000003e8000000|
|  66|0x00000003e8400000, 0x00000003e8400000, 0x00000003e8800000|  0%| F|  |TS  0|AC  0|TAMS 0x00000003e8400000, 0x00000003e8400000|
|  67|0x00000003e8800000, 0x00000003e8800000, 0x00000003e8c00000|  0%| F|  |TS  0|AC  0|TAMS 0x00000003e8800000, 0x00000003e8800000|
|  68|0x00000003e8c00000, 0x00000003e8c00000, 0x00000003e9000000|  0%| F|  |TS  0|AC  0|TAMS 0x00000003e8c00000, 0x00000003e8c00000|
|  69|0x00000003e9000000, 0x00000003e9000000, 0x00000003e9400000|  0%| F|  |TS  0|AC  0|TAMS 0x00000003e9000000, 0x00000003e9000000|
|  70|0x00000003e9400000, 0x00000003e9400000, 0x00000003e9800000|  0%| F|  |TS  0|AC  0|TAMS 0x00000003e9400000, 0x00000003e9400000|
|  71|0x00000003e9800000, 0x00000003e9800000, 0x00000003e9c00000|  0%| F|  |TS  0|AC  0|TAMS 0x00000003e9800000, 0x00000003e9800000|
|  72|0x00000003e9c00000, 0x00000003e9c00000, 0x00000003ea000000|  0%| F|  |TS  0|AC  0|TAMS 0x00000003e9c00000, 0x00000003e9c00000|
|  73|0x00000003ea000000, 0x00000003ea000000, 0x00000003ea400000|  0%| F|  |TS  0|AC  0|TAMS 0x00000003ea000000, 0x00000003ea000000|
|  74|0x00000003ea400000, 0x00000003ea400000, 0x00000003ea800000|  0%| F|  |TS  0|AC  0|TAMS 0x00000003ea400000, 0x00000003ea400000|
|  75|0x00000003ea800000, 0x00000003ea800000, 0x00000003eac00000|  0%| F|  |TS  0|AC  0|TAMS 0x00000003ea800000, 0x00000003ea800000|
|  76|0x00000003eac00000, 0x00000003eac00000, 0x00000003eb000000|  0%| F|  |TS  0|AC  0|TAMS 0x00000003eac00000, 0x00000003eac00000|
|  77|0x00000003eb000000, 0x00000003eb000000, 0x00000003eb400000|  0%| F|  |TS  0|AC  0|TAMS 0x00000003eb000000, 0x00000003eb000000|
|  78|0x00000003eb400000, 0x00000003eb400000, 0x00000003eb800000|  0%| F|  |TS  0|AC  0|TAMS 0x00000003eb400000, 0x00000003eb400000|
|  79|0x00000003eb800000, 0x00000003eb800000, 0x00000003ebc00000|  0%| F|  |TS  0|AC  0|TAMS 0x00000003eb800000, 0x00000003eb800000|
|  80|0x00000003ebc00000, 0x00000003ebc00000, 0x00000003ec000000|  0%| F|  |TS  0|AC  0|TAMS 0x00000003ebc00000, 0x00000003ebc00000|
|  81|0x00000003ec000000, 0x00000003ec000000, 0x00000003ec400000|  0%| F|  |TS  0|AC  0|TAMS 0x00000003ec000000, 0x00000003ec000000|
|  82|0x00000003ec400000, 0x00000003ec400000, 0x00000003ec800000|  0%| F|  |TS  0|AC  0|TAMS 0x00000003ec400000, 0x00000003ec400000|
|  83|0x00000003ec800000, 0x00000003ec800000, 0x00000003ecc00000|  0%| F|  |TS  0|AC  0|TAMS 0x00000003ec800000, 0x00000003ec800000|
|  84|0x00000003ecc00000, 0x00000003ecc00000, 0x00000003ed000000|  0%| F|  |TS  0|AC  0|TAMS 0x00000003ecc00000, 0x00000003ecc00000|
|  85|0x00000003ed000000, 0x00000003ed000000, 0x00000003ed400000|  0%| F|  |TS  0|AC  0|TAMS 0x00000003ed000000, 0x00000003ed000000|
|  86|0x00000003ed400000, 0x00000003ed400000, 0x00000003ed800000|  0%| F|  |TS  0|AC  0|TAMS 0x00000003ed400000, 0x00000003ed400000|
|  87|0x00000003ed800000, 0x00000003ed800000, 0x00000003edc00000|  0%| F|  |TS  0|AC  0|TAMS 0x00000003ed800000, 0x00000003ed800000|
|  88|0x00000003edc00000, 0x00000003edc00000, 0x00000003ee000000|  0%| F|  |TS  0|AC  0|TAMS 0x00000003edc00000, 0x00000003edc00000|
|  89|0x00000003ee000000, 0x00000003ee000000, 0x00000003ee400000|  0%| F|  |TS  0|AC  0|TAMS 0x00000003ee000000, 0x00000003ee000000|
|  90|0x00000003ee400000, 0x00000003ee400000, 0x00000003ee800000|  0%| F|  |TS  0|AC  0|TAMS 0x00000003ee400000, 0x00000003ee400000|
|  91|0x00000003ee800000, 0x00000003ee800000, 0x00000003eec00000|  0%| F|  |TS  0|AC  0|TAMS 0x00000003ee800000, 0x00000003ee800000|
|  92|0x00000003eec00000, 0x00000003eec00000, 0x00000003ef000000|  0%| F|  |TS  0|AC  0|TAMS 0x00000003eec00000, 0x00000003eec00000|
|  93|0x00000003ef000000, 0x00000003ef000000, 0x00000003ef400000|  0%| F|  |TS  0|AC  0|TAMS 0x00000003ef000000, 0x00000003ef000000|
|  94|0x00000003ef400000, 0x00000003ef400000, 0x00000003ef800000|  0%| F|  |TS  0|AC  0|TAMS 0x00000003ef400000, 0x00000003ef400000|
|  95|0x00000003ef800000, 0x00000003ef800000, 0x00000003efc00000|  0%| F|  |TS  0|AC  0|TAMS 0x00000003ef800000, 0x00000003ef800000|
|  96|0x00000003efc00000, 0x00000003efc00000, 0x00000003f0000000|  0%| F|  |TS  0|AC  0|TAMS 0x00000003efc00000, 0x00000003efc00000|
|  97|0x00000003f0000000, 0x00000003f0000000, 0x00000003f0400000|  0%| F|  |TS  0|AC  0|TAMS 0x00000003f0000000, 0x00000003f0000000|
|  98|0x00000003f0400000, 0x00000003f0400000, 0x00000003f0800000|  0%| F|  |TS  0|AC  0|TAMS 0x00000003f0400000, 0x00000003f0400000|
|  99|0x00000003f0800000, 0x00000003f0800000, 0x00000003f0c00000|  0%| F|  |TS  0|AC  0|TAMS 0x00000003f0800000, 0x00000003f0800000|
| 100|0x00000003f0c00000, 0x00000003f0c00000, 0x00000003f1000000|  0%| F|  |TS  0|AC  0|TAMS 0x00000003f0c00000, 0x00000003f0c00000|
| 101|0x00000003f1000000, 0x00000003f1000000, 0x00000003f1400000|  0%| F|  |TS  0|AC  0|TAMS 0x00000003f1000000, 0x00000003f1000000|
| 102|0x00000003f1400000, 0x00000003f1400000, 0x00000003f1800000|  0%| F|  |TS  0|AC  0|TAMS 0x00000003f1400000, 0x00000003f1400000|
| 103|0x00000003f1800000, 0x00000003f1800000, 0x00000003f1c00000|  0%| F|  |TS  0|AC  0|TAMS 0x00000003f1800000, 0x00000003f1800000|
| 104|0x00000003f1c00000, 0x00000003f1c00000, 0x00000003f2000000|  0%| F|  |TS  0|AC  0|TAMS 0x00000003f1c00000, 0x00000003f1c00000|
| 105|0x00000003f2000000, 0x00000003f2000000, 0x00000003f2400000|  0%| F|  |TS  0|AC  0|TAMS 0x00000003f2000000, 0x00000003f2000000|
| 106|0x00000003f2400000, 0x00000003f2400000, 0x00000003f2800000|  0%| F|  |TS  0|AC  0|TAMS 0x00000003f2400000, 0x00000003f2400000|
| 107|0x00000003f2800000, 0x00000003f2800000, 0x00000003f2c00000|  0%| F|  |TS  0|AC  0|TAMS 0x00000003f2800000, 0x00000003f2800000|
| 108|0x00000003f2c00000, 0x00000003f2c00000, 0x00000003f3000000|  0%| F|  |TS  0|AC  0|TAMS 0x00000003f2c00000, 0x00000003f2c00000|
| 109|0x00000003f3000000, 0x00000003f3000000, 0x00000003f3400000|  0%| F|  |TS  0|AC  0|TAMS 0x00000003f3000000, 0x00000003f3000000|
| 110|0x00000003f3400000, 0x00000003f3400000, 0x00000003f3800000|  0%| F|  |TS  0|AC  0|TAMS 0x00000003f3400000, 0x00000003f3400000|
| 111|0x00000003f3800000, 0x00000003f3800000, 0x00000003f3c00000|  0%| F|  |TS  0|AC  0|TAMS 0x00000003f3800000, 0x00000003f3800000|
| 112|0x00000003f3c00000, 0x00000003f3c00000, 0x00000003f4000000|  0%| F|  |TS  0|AC  0|TAMS 0x00000003f3c00000, 0x00000003f3c00000|
| 113|0x00000003f4000000, 0x00000003f4000000, 0x00000003f4400000|  0%| F|  |TS  0|AC  0|TAMS 0x00000003f4000000, 0x00000003f4000000|
| 114|0x00000003f4400000, 0x00000003f4400000, 0x00000003f4800000|  0%| F|  |TS  0|AC  0|TAMS 0x00000003f4400000, 0x00000003f4400000|
| 115|0x00000003f4800000, 0x00000003f4800000, 0x00000003f4c00000|  0%| F|  |TS  0|AC  0|TAMS 0x00000003f4800000, 0x00000003f4800000|
| 116|0x00000003f4c00000, 0x00000003f4c00000, 0x00000003f5000000|  0%| F|  |TS  0|AC  0|TAMS 0x00000003f4c00000, 0x00000003f4c00000|
| 117|0x00000003f5000000, 0x00000003f5000000, 0x00000003f5400000|  0%| F|  |TS  0|AC  0|TAMS 0x00000003f5000000, 0x00000003f5000000|
| 118|0x00000003f5400000, 0x00000003f5400000, 0x00000003f5800000|  0%| F|  |TS  0|AC  0|TAMS 0x00000003f5400000, 0x00000003f5400000|
| 119|0x00000003f5800000, 0x00000003f5800000, 0x00000003f5c00000|  0%| F|  |TS  0|AC  0|TAMS 0x00000003f5800000, 0x00000003f5800000|
| 120|0x00000003f5c00000, 0x00000003f5c00000, 0x00000003f6000000|  0%| F|  |TS  0|AC  0|TAMS 0x00000003f5c00000, 0x00000003f5c00000|
| 121|0x00000003f6000000, 0x00000003f6000000, 0x00000003f6400000|  0%| F|  |TS  0|AC  0|TAMS 0x00000003f6000000, 0x00000003f6000000|
| 122|0x00000003f6400000, 0x00000003f6400000, 0x00000003f6800000|  0%| F|  |TS  0|AC  0|TAMS 0x00000003f6400000, 0x00000003f6400000|
| 123|0x00000003f6800000, 0x00000003f6800000, 0x00000003f6c00000|  0%| F|  |TS  0|AC  0|TAMS 0x00000003f6800000, 0x00000003f6800000|
| 124|0x00000003f6c00000, 0x00000003f6c00000, 0x00000003f7000000|  0%| F|  |TS  0|AC  0|TAMS 0x00000003f6c00000, 0x00000003f6c00000|
| 125|0x00000003f7000000, 0x00000003f7000000, 0x00000003f7400000|  0%| F|  |TS  0|AC  0|TAMS 0x00000003f7000000, 0x00000003f7000000|
| 126|0x00000003f7400000, 0x00000003f7400000, 0x00000003f7800000|  0%| F|  |TS  0|AC  0|TAMS 0x00000003f7400000, 0x00000003f7400000|
| 127|0x00000003f7800000, 0x00000003f7800000, 0x00000003f7c00000|  0%| F|  |TS  0|AC  0|TAMS 0x00000003f7800000, 0x00000003f7800000|
| 128|0x00000003f7c00000, 0x00000003f7c00000, 0x00000003f8000000|  0%| F|  |TS  0|AC  0|TAMS 0x00000003f7c00000, 0x00000003f7c00000|
| 129|0x00000003f8000000, 0x00000003f8000000, 0x00000003f8400000|  0%| F|  |TS  0|AC  0|TAMS 0x00000003f8000000, 0x00000003f8000000|
| 130|0x00000003f8400000, 0x00000003f8400000, 0x00000003f8800000|  0%| F|  |TS  0|AC  0|TAMS 0x00000003f8400000, 0x00000003f8400000|
| 131|0x00000003f8800000, 0x00000003f8800000, 0x00000003f8c00000|  0%| F|  |TS  0|AC  0|TAMS 0x00000003f8800000, 0x00000003f8800000|
| 132|0x00000003f8c00000, 0x00000003f8c00000, 0x00000003f9000000|  0%| F|  |TS  0|AC  0|TAMS 0x00000003f8c00000, 0x00000003f8c00000|
| 133|0x00000003f9000000, 0x00000003f9000000, 0x00000003f9400000|  0%| F|  |TS  0|AC  0|TAMS 0x00000003f9000000, 0x00000003f9000000|
| 134|0x00000003f9400000, 0x00000003f9400000, 0x00000003f9800000|  0%| F|  |TS  0|AC  0|TAMS 0x00000003f9400000, 0x00000003f9400000|
| 135|0x00000003f9800000, 0x00000003f9800000, 0x00000003f9c00000|  0%| F|  |TS  0|AC  0|TAMS 0x00000003f9800000, 0x00000003f9800000|
| 136|0x00000003f9c00000, 0x00000003f9c00000, 0x00000003fa000000|  0%| F|  |TS  0|AC  0|TAMS 0x00000003f9c00000, 0x00000003f9c00000|
| 137|0x00000003fa000000, 0x00000003fa000000, 0x00000003fa400000|  0%| F|  |TS  0|AC  0|TAMS 0x00000003fa000000, 0x00000003fa000000|
| 138|0x00000003fa400000, 0x00000003fa400000, 0x00000003fa800000|  0%| F|  |TS  0|AC  0|TAMS 0x00000003fa400000, 0x00000003fa400000|
| 139|0x00000003fa800000, 0x00000003fa800000, 0x00000003fac00000|  0%| F|  |TS  0|AC  0|TAMS 0x00000003fa800000, 0x00000003fa800000|
| 140|0x00000003fac00000, 0x00000003fac00000, 0x00000003fb000000|  0%| F|  |TS  0|AC  0|TAMS 0x00000003fac00000, 0x00000003fac00000|
| 141|0x00000003fb000000, 0x00000003fb000000, 0x00000003fb400000|  0%| F|  |TS  0|AC  0|TAMS 0x00000003fb000000, 0x00000003fb000000|
| 142|0x00000003fb400000, 0x00000003fb400000, 0x00000003fb800000|  0%| F|  |TS  0|AC  0|TAMS 0x00000003fb400000, 0x00000003fb400000|
| 143|0x00000003fb800000, 0x00000003fb800000, 0x00000003fbc00000|  0%| F|  |TS  0|AC  0|TAMS 0x00000003fb800000, 0x00000003fb800000|
| 144|0x00000003fbc00000, 0x00000003fbc00000, 0x00000003fc000000|  0%| F|  |TS  0|AC  0|TAMS 0x00000003fbc00000, 0x00000003fbc00000|
| 145|0x00000003fc000000, 0x00000003fc000000, 0x00000003fc400000|  0%| F|  |TS  0|AC  0|TAMS 0x00000003fc000000, 0x00000003fc000000|
| 146|0x00000003fc400000, 0x00000003fc400000, 0x00000003fc800000|  0%| F|  |TS  0|AC  0|TAMS 0x00000003fc400000, 0x00000003fc400000|
| 147|0x00000003fc800000, 0x00000003fc800000, 0x00000003fcc00000|  0%| F|  |TS  0|AC  0|TAMS 0x00000003fc800000, 0x00000003fc800000|
| 148|0x00000003fcc00000, 0x00000003fcc00000, 0x00000003fd000000|  0%| F|  |TS  0|AC  0|TAMS 0x00000003fcc00000, 0x00000003fcc00000|
| 149|0x00000003fd000000, 0x00000003fd000000, 0x00000003fd400000|  0%| F|  |TS  0|AC  0|TAMS 0x00000003fd000000, 0x00000003fd000000|
| 150|0x00000003fd400000, 0x00000003fd400000, 0x00000003fd800000|  0%| F|  |TS  0|AC  0|TAMS 0x00000003fd400000, 0x00000003fd400000|
| 151|0x00000003fd800000, 0x00000003fd800000, 0x00000003fdc00000|  0%| F|  |TS  0|AC  0|TAMS 0x00000003fd800000, 0x00000003fd800000|
| 152|0x00000003fdc00000, 0x00000003fdc00000, 0x00000003fe000000|  0%| F|  |TS  0|AC  0|TAMS 0x00000003fdc00000, 0x00000003fdc00000|
| 153|0x00000003fe000000, 0x00000003fe000000, 0x00000003fe400000|  0%| F|  |TS  0|AC  0|TAMS 0x00000003fe000000, 0x00000003fe000000|
| 154|0x00000003fe400000, 0x00000003fe400000, 0x00000003fe800000|  0%| F|  |TS  0|AC  0|TAMS 0x00000003fe400000, 0x00000003fe400000|
| 155|0x00000003fe800000, 0x00000003fe800000, 0x00000003fec00000|  0%| F|  |TS  0|AC  0|TAMS 0x00000003fe800000, 0x00000003fe800000|
| 156|0x00000003fec00000, 0x00000003fec00000, 0x00000003ff000000|  0%| F|  |TS  0|AC  0|TAMS 0x00000003fec00000, 0x00000003fec00000|
| 157|0x00000003ff000000, 0x00000003ff000000, 0x00000003ff400000|  0%| F|  |TS  0|AC  0|TAMS 0x00000003ff000000, 0x00000003ff000000|
| 158|0x00000003ff400000, 0x00000003ff400000, 0x00000003ff800000|  0%| F|  |TS  0|AC  0|TAMS 0x00000003ff400000, 0x00000003ff400000|
| 159|0x00000003ff800000, 0x00000003ff800000, 0x00000003ffc00000|  0%| F|  |TS  0|AC  0|TAMS 0x00000003ff800000, 0x00000003ff800000|
| 160|0x00000003ffc00000, 0x00000003ffc00000, 0x0000000400000000|  0%| F|  |TS  0|AC  0|TAMS 0x00000003ffc00000, 0x00000003ffc00000|
| 161|0x0000000400000000, 0x0000000400000000, 0x0000000400400000|  0%| F|  |TS  0|AC  0|TAMS 0x0000000400000000, 0x0000000400000000|
| 162|0x0000000400400000, 0x0000000400400000, 0x0000000400800000|  0%| F|  |TS  0|AC  0|TAMS 0x0000000400400000, 0x0000000400400000|
| 163|0x0000000400800000, 0x0000000400800000, 0x0000000400c00000|  0%| F|  |TS  0|AC  0|TAMS 0x0000000400800000, 0x0000000400800000|
| 164|0x0000000400c00000, 0x0000000400c00000, 0x0000000401000000|  0%| F|  |TS  0|AC  0|TAMS 0x0000000400c00000, 0x0000000400c00000|
| 165|0x0000000401000000, 0x0000000401000000, 0x0000000401400000|  0%| F|  |TS  0|AC  0|TAMS 0x0000000401000000, 0x0000000401000000|
| 166|0x0000000401400000, 0x0000000401400000, 0x0000000401800000|  0%| F|  |TS  0|AC  0|TAMS 0x0000000401400000, 0x0000000401400000|
| 167|0x0000000401800000, 0x0000000401800000, 0x0000000401c00000|  0%| F|  |TS  0|AC  0|TAMS 0x0000000401800000, 0x0000000401800000|
| 168|0x0000000401c00000, 0x0000000401c00000, 0x0000000402000000|  0%| F|  |TS  0|AC  0|TAMS 0x0000000401c00000, 0x0000000401c00000|
| 169|0x0000000402000000, 0x0000000402000000, 0x0000000402400000|  0%| F|  |TS  0|AC  0|TAMS 0x0000000402000000, 0x0000000402000000|
| 170|0x0000000402400000, 0x0000000402400000, 0x0000000402800000|  0%| F|  |TS  0|AC  0|TAMS 0x0000000402400000, 0x0000000402400000|
| 171|0x0000000402800000, 0x0000000402800000, 0x0000000402c00000|  0%| F|  |TS  0|AC  0|TAMS 0x0000000402800000, 0x0000000402800000|
| 172|0x0000000402c00000, 0x0000000402c00000, 0x0000000403000000|  0%| F|  |TS  0|AC  0|TAMS 0x0000000402c00000, 0x0000000402c00000|
| 173|0x0000000403000000, 0x0000000403000000, 0x0000000403400000|  0%| F|  |TS  0|AC  0|TAMS 0x0000000403000000, 0x0000000403000000|
| 174|0x0000000403400000, 0x0000000403400000, 0x0000000403800000|  0%| F|  |TS  0|AC  0|TAMS 0x0000000403400000, 0x0000000403400000|
| 175|0x0000000403800000, 0x0000000403800000, 0x0000000403c00000|  0%| F|  |TS  0|AC  0|TAMS 0x0000000403800000, 0x0000000403800000|
| 176|0x0000000403c00000, 0x0000000403c00000, 0x0000000404000000|  0%| F|  |TS  0|AC  0|TAMS 0x0000000403c00000, 0x0000000403c00000|
| 177|0x0000000404000000, 0x0000000404000000, 0x0000000404400000|  0%| F|  |TS  0|AC  0|TAMS 0x0000000404000000, 0x0000000404000000|
| 178|0x0000000404400000, 0x0000000404400000, 0x0000000404800000|  0%| F|  |TS  0|AC  0|TAMS 0x0000000404400000, 0x0000000404400000|
| 179|0x0000000404800000, 0x0000000404800000, 0x0000000404c00000|  0%| F|  |TS  0|AC  0|TAMS 0x0000000404800000, 0x0000000404800000|
| 180|0x0000000404c00000, 0x0000000404c00000, 0x0000000405000000|  0%| F|  |TS  0|AC  0|TAMS 0x0000000404c00000, 0x0000000404c00000|
| 181|0x0000000405000000, 0x0000000405000000, 0x0000000405400000|  0%| F|  |TS  0|AC  0|TAMS 0x0000000405000000, 0x0000000405000000|
| 182|0x0000000405400000, 0x0000000405400000, 0x0000000405800000|  0%| F|  |TS  0|AC  0|TAMS 0x0000000405400000, 0x0000000405400000|
| 183|0x0000000405800000, 0x0000000405800000, 0x0000000405c00000|  0%| F|  |TS  0|AC  0|TAMS 0x0000000405800000, 0x0000000405800000|
| 184|0x0000000405c00000, 0x0000000405c00000, 0x0000000406000000|  0%| F|  |TS  0|AC  0|TAMS 0x0000000405c00000, 0x0000000405c00000|
| 185|0x0000000406000000, 0x0000000406000000, 0x0000000406400000|  0%| F|  |TS  0|AC  0|TAMS 0x0000000406000000, 0x0000000406000000|
| 186|0x0000000406400000, 0x0000000406400000, 0x0000000406800000|  0%| F|  |TS  0|AC  0|TAMS 0x0000000406400000, 0x0000000406400000|
| 187|0x0000000406800000, 0x0000000406800000, 0x0000000406c00000|  0%| F|  |TS  0|AC  0|TAMS 0x0000000406800000, 0x0000000406800000|
| 188|0x0000000406c00000, 0x0000000406c00000, 0x0000000407000000|  0%| F|  |TS  0|AC  0|TAMS 0x0000000406c00000, 0x0000000406c00000|
| 189|0x0000000407000000, 0x0000000407000000, 0x0000000407400000|  0%| F|  |TS  0|AC  0|TAMS 0x0000000407000000, 0x0000000407000000|
| 190|0x0000000407400000, 0x0000000407400000, 0x0000000407800000|  0%| F|  |TS  0|AC  0|TAMS 0x0000000407400000, 0x0000000407400000|
| 191|0x0000000407800000, 0x0000000407800000, 0x0000000407c00000|  0%| F|  |TS  0|AC  0|TAMS 0x0000000407800000, 0x0000000407800000|
| 192|0x0000000407c00000, 0x0000000407c00000, 0x0000000408000000|  0%| F|  |TS  0|AC  0|TAMS 0x0000000407c00000, 0x0000000407c00000|
| 193|0x0000000408000000, 0x0000000408000000, 0x0000000408400000|  0%| F|  |TS  0|AC  0|TAMS 0x0000000408000000, 0x0000000408000000|
| 194|0x0000000408400000, 0x0000000408400000, 0x0000000408800000|  0%| F|  |TS  0|AC  0|TAMS 0x0000000408400000, 0x0000000408400000|
| 195|0x0000000408800000, 0x0000000408800000, 0x0000000408c00000|  0%| F|  |TS  0|AC  0|TAMS 0x0000000408800000, 0x0000000408800000|
| 196|0x0000000408c00000, 0x0000000408c00000, 0x0000000409000000|  0%| F|  |TS  0|AC  0|TAMS 0x0000000408c00000, 0x0000000408c00000|
| 197|0x0000000409000000, 0x0000000409000000, 0x0000000409400000|  0%| F|  |TS  0|AC  0|TAMS 0x0000000409000000, 0x0000000409000000|
| 198|0x0000000409400000, 0x0000000409400000, 0x0000000409800000|  0%| F|  |TS  0|AC  0|TAMS 0x0000000409400000, 0x0000000409400000|
| 199|0x0000000409800000, 0x0000000409800000, 0x0000000409c00000|  0%| F|  |TS  0|AC  0|TAMS 0x0000000409800000, 0x0000000409800000|
| 200|0x0000000409c00000, 0x0000000409c00000, 0x000000040a000000|  0%| F|  |TS  0|AC  0|TAMS 0x0000000409c00000, 0x0000000409c00000|
| 201|0x000000040a000000, 0x000000040a000000, 0x000000040a400000|  0%| F|  |TS  0|AC  0|TAMS 0x000000040a000000, 0x000000040a000000|
| 202|0x000000040a400000, 0x000000040a400000, 0x000000040a800000|  0%| F|  |TS  0|AC  0|TAMS 0x000000040a400000, 0x000000040a400000|
| 203|0x000000040a800000, 0x000000040a800000, 0x000000040ac00000|  0%| F|  |TS  0|AC  0|TAMS 0x000000040a800000, 0x000000040a800000|
| 204|0x000000040ac00000, 0x000000040ac00000, 0x000000040b000000|  0%| F|  |TS  0|AC  0|TAMS 0x000000040ac00000, 0x000000040ac00000|
| 205|0x000000040b000000, 0x000000040b000000, 0x000000040b400000|  0%| F|  |TS  0|AC  0|TAMS 0x000000040b000000, 0x000000040b000000|
| 206|0x000000040b400000, 0x000000040b400000, 0x000000040b800000|  0%| F|  |TS  0|AC  0|TAMS 0x000000040b400000, 0x000000040b400000|
| 207|0x000000040b800000, 0x000000040b800000, 0x000000040bc00000|  0%| F|  |TS  0|AC  0|TAMS 0x000000040b800000, 0x000000040b800000|
| 208|0x000000040bc00000, 0x000000040bc00000, 0x000000040c000000|  0%| F|  |TS  0|AC  0|TAMS 0x000000040bc00000, 0x000000040bc00000|
| 209|0x000000040c000000, 0x000000040c000000, 0x000000040c400000|  0%| F|  |TS  0|AC  0|TAMS 0x000000040c000000, 0x000000040c000000|
| 210|0x000000040c400000, 0x000000040c400000, 0x000000040c800000|  0%| F|  |TS  0|AC  0|TAMS 0x000000040c400000, 0x000000040c400000|
| 211|0x000000040c800000, 0x000000040c800000, 0x000000040cc00000|  0%| F|  |TS  0|AC  0|TAMS 0x000000040c800000, 0x000000040c800000|
| 212|0x000000040cc00000, 0x000000040cc00000, 0x000000040d000000|  0%| F|  |TS  0|AC  0|TAMS 0x000000040cc00000, 0x000000040cc00000|
| 213|0x000000040d000000, 0x000000040d000000, 0x000000040d400000|  0%| F|  |TS  0|AC  0|TAMS 0x000000040d000000, 0x000000040d000000|
| 214|0x000000040d400000, 0x000000040d400000, 0x000000040d800000|  0%| F|  |TS  0|AC  0|TAMS 0x000000040d400000, 0x000000040d400000|
| 215|0x000000040d800000, 0x000000040d800000, 0x000000040dc00000|  0%| F|  |TS  0|AC  0|TAMS 0x000000040d800000, 0x000000040d800000|
| 216|0x000000040dc00000, 0x000000040dc00000, 0x000000040e000000|  0%| F|  |TS  0|AC  0|TAMS 0x000000040dc00000, 0x000000040dc00000|
| 217|0x000000040e000000, 0x000000040e000000, 0x000000040e400000|  0%| F|  |TS  0|AC  0|TAMS 0x000000040e000000, 0x000000040e000000|
| 218|0x000000040e400000, 0x000000040e400000, 0x000000040e800000|  0%| F|  |TS  0|AC  0|TAMS 0x000000040e400000, 0x000000040e400000|
| 219|0x000000040e800000, 0x000000040e800000, 0x000000040ec00000|  0%| F|  |TS  0|AC  0|TAMS 0x000000040e800000, 0x000000040e800000|
| 220|0x000000040ec00000, 0x000000040ec00000, 0x000000040f000000|  0%| F|  |TS  0|AC  0|TAMS 0x000000040ec00000, 0x000000040ec00000|
| 221|0x000000040f000000, 0x000000040f000000, 0x000000040f400000|  0%| F|  |TS  0|AC  0|TAMS 0x000000040f000000, 0x000000040f000000|
| 222|0x000000040f400000, 0x000000040f400000, 0x000000040f800000|  0%| F|  |TS  0|AC  0|TAMS 0x000000040f400000, 0x000000040f400000|
| 223|0x000000040f800000, 0x000000040f800000, 0x000000040fc00000|  0%| F|  |TS  0|AC  0|TAMS 0x000000040f800000, 0x000000040f800000|
| 224|0x000000040fc00000, 0x000000040fc00000, 0x0000000410000000|  0%| F|  |TS  0|AC  0|TAMS 0x000000040fc00000, 0x000000040fc00000|
| 225|0x0000000410000000, 0x0000000410000000, 0x0000000410400000|  0%| F|  |TS  0|AC  0|TAMS 0x0000000410000000, 0x0000000410000000|
| 226|0x0000000410400000, 0x0000000410400000, 0x0000000410800000|  0%| F|  |TS  0|AC  0|TAMS 0x0000000410400000, 0x0000000410400000|
| 227|0x0000000410800000, 0x0000000410800000, 0x0000000410c00000|  0%| F|  |TS  0|AC  0|TAMS 0x0000000410800000, 0x0000000410800000|
| 228|0x0000000410c00000, 0x0000000410c00000, 0x0000000411000000|  0%| F|  |TS  0|AC  0|TAMS 0x0000000410c00000, 0x0000000410c00000|
| 229|0x0000000411000000, 0x0000000411000000, 0x0000000411400000|  0%| F|  |TS  0|AC  0|TAMS 0x0000000411000000, 0x0000000411000000|
| 230|0x0000000411400000, 0x0000000411400000, 0x0000000411800000|  0%| F|  |TS  0|AC  0|TAMS 0x0000000411400000, 0x0000000411400000|
| 231|0x0000000411800000, 0x0000000411800000, 0x0000000411c00000|  0%| F|  |TS  0|AC  0|TAMS 0x0000000411800000, 0x0000000411800000|
| 232|0x0000000411c00000, 0x0000000411c00000, 0x0000000412000000|  0%| F|  |TS  0|AC  0|TAMS 0x0000000411c00000, 0x0000000411c00000|
| 233|0x0000000412000000, 0x0000000412000000, 0x0000000412400000|  0%| F|  |TS  0|AC  0|TAMS 0x0000000412000000, 0x0000000412000000|
| 234|0x0000000412400000, 0x0000000412400000, 0x0000000412800000|  0%| F|  |TS  0|AC  0|TAMS 0x0000000412400000, 0x0000000412400000|
| 235|0x0000000412800000, 0x0000000412800000, 0x0000000412c00000|  0%| F|  |TS  0|AC  0|TAMS 0x0000000412800000, 0x0000000412800000|
| 236|0x0000000412c00000, 0x0000000412c00000, 0x0000000413000000|  0%| F|  |TS  0|AC  0|TAMS 0x0000000412c00000, 0x0000000412c00000|
| 237|0x0000000413000000, 0x0000000413000000, 0x0000000413400000|  0%| F|  |TS  0|AC  0|TAMS 0x0000000413000000, 0x0000000413000000|
| 238|0x0000000413400000, 0x0000000413400000, 0x0000000413800000|  0%| F|  |TS  0|AC  0|TAMS 0x0000000413400000, 0x0000000413400000|
| 239|0x0000000413800000, 0x0000000413800000, 0x0000000413c00000|  0%| F|  |TS  0|AC  0|TAMS 0x0000000413800000, 0x0000000413800000|
| 240|0x0000000413c00000, 0x0000000413c00000, 0x0000000414000000|  0%| F|  |TS  0|AC  0|TAMS 0x0000000413c00000, 0x0000000413c00000|
| 241|0x0000000414000000, 0x0000000414000000, 0x0000000414400000|  0%| F|  |TS  0|AC  0|TAMS 0x0000000414000000, 0x0000000414000000|
| 242|0x0000000414400000, 0x0000000414400000, 0x0000000414800000|  0%| F|  |TS  0|AC  0|TAMS 0x0000000414400000, 0x0000000414400000|
| 243|0x0000000414800000, 0x0000000414800000, 0x0000000414c00000|  0%| F|  |TS  0|AC  0|TAMS 0x0000000414800000, 0x0000000414800000|
| 244|0x0000000414c00000, 0x0000000414c00000, 0x0000000415000000|  0%| F|  |TS  0|AC  0|TAMS 0x0000000414c00000, 0x0000000414c00000|
| 245|0x0000000415000000, 0x0000000415000000, 0x0000000415400000|  0%| F|  |TS  0|AC  0|TAMS 0x0000000415000000, 0x0000000415000000|
| 246|0x0000000415400000, 0x0000000415400000, 0x0000000415800000|  0%| F|  |TS  0|AC  0|TAMS 0x0000000415400000, 0x0000000415400000|
| 247|0x0000000415800000, 0x00000004158f6458, 0x0000000415c00000| 24%| E|  |TS  0|AC  0|TAMS 0x0000000415800000, 0x0000000415800000|
| 248|0x0000000415c00000, 0x0000000416000000, 0x0000000416000000|100%| E|CS|TS  0|AC  0|TAMS 0x0000000415c00000, 0x0000000415c00000|
| 249|0x0000000416000000, 0x0000000416400000, 0x0000000416400000|100%| E|CS|TS  0|AC  0|TAMS 0x0000000416000000, 0x0000000416000000|
| 250|0x0000000416400000, 0x0000000416800000, 0x0000000416800000|100%| E|CS|TS  0|AC  0|TAMS 0x0000000416400000, 0x0000000416400000|

Card table byte_map: [0x00007f9b9e23a000,0x00007f9ba017c000] byte_map_base: 0x00007f9b9c37c000

Marking Bits (Prev, Next): (CMBitMap*) 0x00007f9c6409e820, (CMBitMap*) 0x00007f9c6409e858
 Prev Bits: [0x00007f9b8c8e8000, 0x00007f9b9c2f8000)
 Next Bits: [0x00007f9b7ced8000, 0x00007f9b8c8e8000)

Polling page: 0x00007f9c6d01d000

CodeHeap 'non-profiled nmethods': size=119172Kb used=141Kb max_used=141Kb free=119031Kb
 bounds [0x00007f9c516e2000, 0x00007f9c51952000, 0x00007f9c58b43000]
CodeHeap 'profiled nmethods': size=119172Kb used=348Kb max_used=348Kb free=118823Kb
 bounds [0x00007f9c4a281000, 0x00007f9c4a4f1000, 0x00007f9c516e2000]
CodeHeap 'non-nmethods': size=7416Kb used=2826Kb max_used=2850Kb free=4589Kb
 bounds [0x00007f9c49b43000, 0x00007f9c49e13000, 0x00007f9c4a281000]
 total_blobs=642 nmethods=259 adapters=168
 compilation: enabled

Compilation events (10 events):
Event: 0.377 Thread 0x00007f9c642b7800  258   !   4       java.io.PrintStream::write (83 bytes)
Event: 0.380 Thread 0x00007f9c642b6000 nmethod 243 0x00007f9c516f9790 code [0x00007f9c516f9920, 0x00007f9c516f9a18]
Event: 0.381 Thread 0x00007f9c642b0800 nmethod 248 0x00007f9c516f9b10 code [0x00007f9c516f9d40, 0x00007f9c516fa788]
Event: 0.382 Thread 0x00007f9c642b4000 nmethod 249 0x00007f9c516fb110 code [0x00007f9c516fb320, 0x00007f9c516fbe48]
Event: 0.385 Thread 0x00007f9c642ad000 nmethod 252 0x00007f9c516fc710 code [0x00007f9c516fc980, 0x00007f9c516fda48]
Event: 0.387 Thread 0x00007f9c642af000 nmethod 254 0x00007f9c516fe310 code [0x00007f9c516fe540, 0x00007f9c516ff308]
Event: 0.390 Thread 0x00007f9c642b7800 nmethod 258 0x00007f9c516ff990 code [0x00007f9c516ffba0, 0x00007f9c517007d8]
Event: 0.398 Thread 0x00007f9c642b2800 nmethod 259 0x00007f9c51700f90 code [0x00007f9c517011e0, 0x00007f9c51701fe8]
Event: 0.419 Thread 0x00007f9c642b9800 nmethod 257 0x00007f9c51702890 code [0x00007f9c51702b60, 0x00007f9c51704320]
Event: 0.532 Thread 0x00007f9c642bf000  260 %     3       org.eclipse.core.runtime.adaptor.EclipseStarter::main @ 4642 (5332 bytes)

GC Heap History (0 events):
No events

Deoptimization events (0 events):
No events

Classes redefined (0 events):
No events

Internal exceptions (0 events):
No events

Events (10 events):
Event: 0.348 Thread 0x00007f9c64011800 DEOPT PACKING pc=0x00007f9c4a2b7a24 sp=0x00007f9c6b6c7bc0
Event: 0.348 Thread 0x00007f9c64011800 DEOPT UNPACKING pc=0x00007f9c49b90aab sp=0x00007f9c6b6c71a8 mode 0
Event: 0.349 Thread 0x00007f9c64011800 DEOPT PACKING pc=0x00007f9c4a2b7a24 sp=0x00007f9c6b6c7bc0
Event: 0.349 Thread 0x00007f9c64011800 DEOPT UNPACKING pc=0x00007f9c49b90aab sp=0x00007f9c6b6c71a8 mode 0
Event: 0.349 Thread 0x00007f9c64011800 DEOPT PACKING pc=0x00007f9c4a2b7a24 sp=0x00007f9c6b6c7bc0
Event: 0.349 Thread 0x00007f9c64011800 DEOPT UNPACKING pc=0x00007f9c49b90aab sp=0x00007f9c6b6c71a8 mode 0
Event: 0.349 Thread 0x00007f9c64011800 DEOPT PACKING pc=0x00007f9c4a2b7a24 sp=0x00007f9c6b6c7bc0
Event: 0.349 Thread 0x00007f9c64011800 DEOPT UNPACKING pc=0x00007f9c49b90aab sp=0x00007f9c6b6c71a8 mode 0
Event: 0.350 Thread 0x00007f9c64011800 DEOPT PACKING pc=0x00007f9c4a2b7a24 sp=0x00007f9c6b6c7bc0
Event: 0.350 Thread 0x00007f9c64011800 DEOPT UNPACKING pc=0x00007f9c49b90aab sp=0x00007f9c6b6c71a8 mode 0


Dynamic libraries:
00400000-00401000 r-xp 00000000 00:65 77077150                           /root/oracle/jdk-9.0.4/bin/java
00600000-00601000 rw-p 00000000 00:65 77077150                           /root/oracle/jdk-9.0.4/bin/java
020ec000-0210d000 rw-p 00000000 00:00 0                                  [heap]
3d7c00000-416800000 rw-p 00000000 00:00 0 
416800000-7c0000000 ---p 00000000 00:00 0 
7c0000000-7c0080000 rw-p 00000000 00:00 0 
7c0080000-800000000 ---p 00000000 00:00 0 
7f9b08000000-7f9b08021000 rw-p 00000000 00:00 0 
7f9b08021000-7f9b0c000000 ---p 00000000 00:00 0 
7f9b10000000-7f9b10021000 rw-p 00000000 00:00 0 
7f9b10021000-7f9b14000000 ---p 00000000 00:00 0 
7f9b14000000-7f9b14021000 rw-p 00000000 00:00 0 
7f9b14021000-7f9b18000000 ---p 00000000 00:00 0 
7f9b18000000-7f9b180dd000 rw-p 00000000 00:00 0 
7f9b180dd000-7f9b1c000000 ---p 00000000 00:00 0 
7f9b1c000000-7f9b1c021000 rw-p 00000000 00:00 0 
7f9b1c021000-7f9b20000000 ---p 00000000 00:00 0 
7f9b20000000-7f9b20021000 rw-p 00000000 00:00 0 
7f9b20021000-7f9b24000000 ---p 00000000 00:00 0 
7f9b24000000-7f9b24044000 rw-p 00000000 00:00 0 
7f9b24044000-7f9b28000000 ---p 00000000 00:00 0 
7f9b28000000-7f9b28026000 rw-p 00000000 00:00 0 
7f9b28026000-7f9b2c000000 ---p 00000000 00:00 0 
7f9b2c000000-7f9b2c2d2000 rw-p 00000000 00:00 0 
7f9b2c2d2000-7f9b30000000 ---p 00000000 00:00 0 
7f9b330a1000-7f9b333cf000 rw-p 00000000 00:00 0 
7f9b333cf000-7f9b333d0000 ---p 00000000 00:00 0 
7f9b333d0000-7f9b334d1000 rw-p 00000000 00:00 0 
7f9b334d1000-7f9b334d5000 ---p 00000000 00:00 0 
7f9b334d5000-7f9b335d2000 rw-p 00000000 00:00 0 
7f9b335d2000-7f9b335d6000 ---p 00000000 00:00 0 
7f9b335d6000-7f9b336d3000 rw-p 00000000 00:00 0 
7f9b336d3000-7f9b336e9000 r-xp 00000000 00:65 77077477                   /root/oracle/jdk-9.0.4/lib/libnet.so
7f9b336e9000-7f9b338e9000 ---p 00016000 00:65 77077477                   /root/oracle/jdk-9.0.4/lib/libnet.so
7f9b338e9000-7f9b338ea000 rw-p 00016000 00:65 77077477                   /root/oracle/jdk-9.0.4/lib/libnet.so
7f9b338ea000-7f9b338fa000 r-xp 00000000 00:65 77077594                   /root/oracle/jdk-9.0.4/lib/libnio.so
7f9b338fa000-7f9b33afa000 ---p 00010000 00:65 77077594                   /root/oracle/jdk-9.0.4/lib/libnio.so
7f9b33afa000-7f9b33afb000 rw-p 00010000 00:65 77077594                   /root/oracle/jdk-9.0.4/lib/libnio.so
7f9b33afb000-7f9b33aff000 ---p 00000000 00:00 0 
7f9b33aff000-7f9b33bfc000 rw-p 00000000 00:00 0 
7f9b33bfc000-7f9b33c00000 ---p 00000000 00:00 0 
7f9b33c00000-7f9b33cfd000 rw-p 00000000 00:00 0 
7f9b33cfd000-7f9b33d01000 ---p 00000000 00:00 0 
7f9b33d01000-7f9b33dfe000 rw-p 00000000 00:00 0 
7f9b33dfe000-7f9b33e02000 ---p 00000000 00:00 0 
7f9b33e02000-7f9b33eff000 rw-p 00000000 00:00 0 
7f9b33eff000-7f9b33f03000 ---p 00000000 00:00 0 
7f9b33f03000-7f9b34000000 rw-p 00000000 00:00 0 
7f9b34000000-7f9b3403a000 rw-p 00000000 00:00 0 
7f9b3403a000-7f9b38000000 ---p 00000000 00:00 0 
7f9b38000000-7f9b380c9000 rw-p 00000000 00:00 0 
7f9b380c9000-7f9b3c000000 ---p 00000000 00:00 0 
7f9b3c000000-7f9b3c0d4000 rw-p 00000000 00:00 0 
7f9b3c0d4000-7f9b40000000 ---p 00000000 00:00 0 
7f9b40000000-7f9b4011b000 rw-p 00000000 00:00 0 
7f9b4011b000-7f9b44000000 ---p 00000000 00:00 0 
7f9b44000000-7f9b44096000 rw-p 00000000 00:00 0 
7f9b44096000-7f9b48000000 ---p 00000000 00:00 0 
7f9b48000000-7f9b481d2000 rw-p 00000000 00:00 0 
7f9b481d2000-7f9b4c000000 ---p 00000000 00:00 0 
7f9b4c000000-7f9b4c021000 rw-p 00000000 00:00 0 
7f9b4c021000-7f9b50000000 ---p 00000000 00:00 0 
7f9b50000000-7f9b501a8000 rw-p 00000000 00:00 0 
7f9b501a8000-7f9b54000000 ---p 00000000 00:00 0 
7f9b54000000-7f9b54021000 rw-p 00000000 00:00 0 
7f9b54021000-7f9b58000000 ---p 00000000 00:00 0 
7f9b58000000-7f9b58021000 rw-p 00000000 00:00 0 
7f9b58021000-7f9b5c000000 ---p 00000000 00:00 0 
7f9b5c000000-7f9b5c021000 rw-p 00000000 00:00 0 
7f9b5c021000-7f9b60000000 ---p 00000000 00:00 0 
7f9b60000000-7f9b60021000 rw-p 00000000 00:00 0 
7f9b60021000-7f9b64000000 ---p 00000000 00:00 0 
7f9b64072000-7f9b64076000 ---p 00000000 00:00 0 
7f9b64076000-7f9b64173000 rw-p 00000000 00:00 0 
7f9b64173000-7f9b64177000 ---p 00000000 00:00 0 
7f9b64177000-7f9b64274000 rw-p 00000000 00:00 0 
7f9b64274000-7f9b64278000 ---p 00000000 00:00 0 
7f9b64278000-7f9b64375000 rw-p 00000000 00:00 0 
7f9b64375000-7f9b64379000 ---p 00000000 00:00 0 
7f9b64379000-7f9b64476000 rw-p 00000000 00:00 0 
7f9b64476000-7f9b6447a000 ---p 00000000 00:00 0 
7f9b6447a000-7f9b64577000 rw-p 00000000 00:00 0 
7f9b64577000-7f9b6457b000 ---p 00000000 00:00 0 
7f9b6457b000-7f9b64678000 rw-p 00000000 00:00 0 
7f9b64678000-7f9b6467c000 ---p 00000000 00:00 0 
7f9b6467c000-7f9b64779000 rw-p 00000000 00:00 0 
7f9b64779000-7f9b6477d000 ---p 00000000 00:00 0 
7f9b6477d000-7f9b6487a000 rw-p 00000000 00:00 0 
7f9b6487a000-7f9b6487e000 ---p 00000000 00:00 0 
7f9b6487e000-7f9b6497b000 rw-p 00000000 00:00 0 
7f9b6497b000-7f9b6497f000 ---p 00000000 00:00 0 
7f9b6497f000-7f9b64a7c000 rw-p 00000000 00:00 0 
7f9b64a7c000-7f9b64a80000 ---p 00000000 00:00 0 
7f9b64a80000-7f9b64b7d000 rw-p 00000000 00:00 0 
7f9b64b7d000-7f9b64b7e000 ---p 00000000 00:00 0 
7f9b64b7e000-7f9b65135000 rw-p 00000000 00:00 0 
7f9b65135000-7f9b654f5000 ---p 00000000 00:00 0 
7f9b654f5000-7f9b66000000 rw-p 00000000 00:00 0 
7f9b66000000-7f9b68000000 rwxp 00000000 00:00 0 
7f9b68000000-7f9b68021000 rw-p 00000000 00:00 0 
7f9b68021000-7f9b6c000000 ---p 00000000 00:00 0 
7f9b6c000000-7f9b6c021000 rw-p 00000000 00:00 0 
7f9b6c021000-7f9b70000000 ---p 00000000 00:00 0 
7f9b70000000-7f9b70021000 rw-p 00000000 00:00 0 
7f9b70021000-7f9b74000000 ---p 00000000 00:00 0 
7f9b74000000-7f9b74021000 rw-p 00000000 00:00 0 
7f9b74021000-7f9b78000000 ---p 00000000 00:00 0 
7f9b78000000-7f9b78021000 rw-p 00000000 00:00 0 
7f9b78021000-7f9b7c000000 ---p 00000000 00:00 0 
7f9b7c06a000-7f9b7c9ce000 rw-p 00000000 00:00 0 
7f9b7c9ce000-7f9b7c9cf000 ---p 00000000 00:00 0 
7f9b7c9cf000-7f9b7cad0000 rw-p 00000000 00:00 0 
7f9b7cad0000-7f9b7cad1000 ---p 00000000 00:00 0 
7f9b7cad1000-7f9b7cbd2000 rw-p 00000000 00:00 0 
7f9b7cbd2000-7f9b7cbd3000 ---p 00000000 00:00 0 
7f9b7cbd3000-7f9b7ccd4000 rw-p 00000000 00:00 0 
7f9b7ccd4000-7f9b7ccd5000 ---p 00000000 00:00 0 
7f9b7ccd5000-7f9b7cdd6000 rw-p 00000000 00:00 0 
7f9b7cdd6000-7f9b7cdd7000 ---p 00000000 00:00 0 
7f9b7cdd7000-7f9b7de88000 rw-p 00000000 00:00 0 
7f9b7de88000-7f9b8c8e8000 ---p 00000000 00:00 0 
7f9b8c8e8000-7f9b8d898000 rw-p 00000000 00:00 0 
7f9b8d898000-7f9b9c2f8000 ---p 00000000 00:00 0 
7f9b9c2f8000-7f9b9c4ee000 rw-p 00000000 00:00 0 
7f9b9c4ee000-7f9b9e23a000 ---p 00000000 00:00 0 
7f9b9e23a000-7f9b9e430000 rw-p 00000000 00:00 0 
7f9b9e430000-7f9ba20be000 ---p 00000000 00:00 0 
7f9ba20be000-7f9ba22b4000 rw-p 00000000 00:00 0 
7f9ba22b4000-7f9ba4000000 ---p 00000000 00:00 0 
7f9ba4000000-7f9ba4021000 rw-p 00000000 00:00 0 
7f9ba4021000-7f9ba8000000 ---p 00000000 00:00 0 
7f9ba8000000-7f9ba8021000 rw-p 00000000 00:00 0 
7f9ba8021000-7f9bac000000 ---p 00000000 00:00 0 
7f9bac000000-7f9bac021000 rw-p 00000000 00:00 0 
7f9bac021000-7f9bb0000000 ---p 00000000 00:00 0 
7f9bb0000000-7f9bb0021000 rw-p 00000000 00:00 0 
7f9bb0021000-7f9bb4000000 ---p 00000000 00:00 0 
7f9bb4000000-7f9bb4021000 rw-p 00000000 00:00 0 
7f9bb4021000-7f9bb8000000 ---p 00000000 00:00 0 
7f9bb8000000-7f9bb8021000 rw-p 00000000 00:00 0 
7f9bb8021000-7f9bbc000000 ---p 00000000 00:00 0 
7f9bbc000000-7f9bbc021000 rw-p 00000000 00:00 0 
7f9bbc021000-7f9bc0000000 ---p 00000000 00:00 0 
7f9bc0000000-7f9bc0021000 rw-p 00000000 00:00 0 
7f9bc0021000-7f9bc4000000 ---p 00000000 00:00 0 
7f9bc4000000-7f9bc4021000 rw-p 00000000 00:00 0 
7f9bc4021000-7f9bc8000000 ---p 00000000 00:00 0 
7f9bc8000000-7f9bc8021000 rw-p 00000000 00:00 0 
7f9bc8021000-7f9bcc000000 ---p 00000000 00:00 0 
7f9bcc000000-7f9bcc021000 rw-p 00000000 00:00 0 
7f9bcc021000-7f9bd0000000 ---p 00000000 00:00 0 
7f9bd0000000-7f9bd0021000 rw-p 00000000 00:00 0 
7f9bd0021000-7f9bd4000000 ---p 00000000 00:00 0 
7f9bd4000000-7f9bd4021000 rw-p 00000000 00:00 0 
7f9bd4021000-7f9bd8000000 ---p 00000000 00:00 0 
7f9bd8000000-7f9bd8021000 rw-p 00000000 00:00 0 
7f9bd8021000-7f9bdc000000 ---p 00000000 00:00 0 
7f9bdc000000-7f9bdc021000 rw-p 00000000 00:00 0 
7f9bdc021000-7f9be0000000 ---p 00000000 00:00 0 
7f9be0000000-7f9be0021000 rw-p 00000000 00:00 0 
7f9be0021000-7f9be4000000 ---p 00000000 00:00 0 
7f9be4000000-7f9be4021000 rw-p 00000000 00:00 0 
7f9be4021000-7f9be8000000 ---p 00000000 00:00 0 
7f9be8000000-7f9be8021000 rw-p 00000000 00:00 0 
7f9be8021000-7f9bec000000 ---p 00000000 00:00 0 
7f9bec000000-7f9bec021000 rw-p 00000000 00:00 0 
7f9bec021000-7f9bf0000000 ---p 00000000 00:00 0 
7f9bf0000000-7f9bf0021000 rw-p 00000000 00:00 0 
7f9bf0021000-7f9bf4000000 ---p 00000000 00:00 0 
7f9bf4000000-7f9bf4021000 rw-p 00000000 00:00 0 
7f9bf4021000-7f9bf8000000 ---p 00000000 00:00 0 
7f9bf8000000-7f9bf8021000 rw-p 00000000 00:00 0 
7f9bf8021000-7f9bfc000000 ---p 00000000 00:00 0 
7f9bfc000000-7f9bfc021000 rw-p 00000000 00:00 0 
7f9bfc021000-7f9c00000000 ---p 00000000 00:00 0 
7f9c00000000-7f9c00021000 rw-p 00000000 00:00 0 
7f9c00021000-7f9c04000000 ---p 00000000 00:00 0 
7f9c04000000-7f9c04021000 rw-p 00000000 00:00 0 
7f9c04021000-7f9c08000000 ---p 00000000 00:00 0 
7f9c08000000-7f9c08021000 rw-p 00000000 00:00 0 
7f9c08021000-7f9c0c000000 ---p 00000000 00:00 0 
7f9c0c000000-7f9c0c021000 rw-p 00000000 00:00 0 
7f9c0c021000-7f9c10000000 ---p 00000000 00:00 0 
7f9c10000000-7f9c10021000 rw-p 00000000 00:00 0 
7f9c10021000-7f9c14000000 ---p 00000000 00:00 0 
7f9c14000000-7f9c14021000 rw-p 00000000 00:00 0 
7f9c14021000-7f9c18000000 ---p 00000000 00:00 0 
7f9c18000000-7f9c18021000 rw-p 00000000 00:00 0 
7f9c18021000-7f9c1c000000 ---p 00000000 00:00 0 
7f9c1c000000-7f9c1c021000 rw-p 00000000 00:00 0 
7f9c1c021000-7f9c20000000 ---p 00000000 00:00 0 
7f9c20000000-7f9c20021000 rw-p 00000000 00:00 0 
7f9c20021000-7f9c24000000 ---p 00000000 00:00 0 
7f9c24000000-7f9c24021000 rw-p 00000000 00:00 0 
7f9c24021000-7f9c28000000 ---p 00000000 00:00 0 
7f9c28000000-7f9c28021000 rw-p 00000000 00:00 0 
7f9c28021000-7f9c2c000000 ---p 00000000 00:00 0 
7f9c2c000000-7f9c2c021000 rw-p 00000000 00:00 0 
7f9c2c021000-7f9c30000000 ---p 00000000 00:00 0 
7f9c30000000-7f9c30021000 rw-p 00000000 00:00 0 
7f9c30021000-7f9c34000000 ---p 00000000 00:00 0 
7f9c34000000-7f9c34021000 rw-p 00000000 00:00 0 
7f9c34021000-7f9c38000000 ---p 00000000 00:00 0 
7f9c38000000-7f9c38021000 rw-p 00000000 00:00 0 
7f9c38021000-7f9c3c000000 ---p 00000000 00:00 0 
7f9c3c000000-7f9c3c021000 rw-p 00000000 00:00 0 
7f9c3c021000-7f9c40000000 ---p 00000000 00:00 0 
7f9c40000000-7f9c40021000 rw-p 00000000 00:00 0 
7f9c40021000-7f9c44000000 ---p 00000000 00:00 0 
7f9c44000000-7f9c44021000 rw-p 00000000 00:00 0 
7f9c44021000-7f9c48000000 ---p 00000000 00:00 0 
7f9c4802c000-7f9c4802d000 ---p 00000000 00:00 0 
7f9c4802d000-7f9c48619000 rw-p 00000000 00:00 0 
7f9c48619000-7f9c4861a000 ---p 00000000 00:00 0 
7f9c4861a000-7f9c4871b000 rw-p 00000000 00:00 0 
7f9c4871b000-7f9c4871c000 ---p 00000000 00:00 0 
7f9c4871c000-7f9c4881d000 rw-p 00000000 00:00 0 
7f9c4881d000-7f9c4881e000 ---p 00000000 00:00 0 
7f9c4881e000-7f9c4891f000 rw-p 00000000 00:00 0 
7f9c4891f000-7f9c48920000 ---p 00000000 00:00 0 
7f9c48920000-7f9c48a21000 rw-p 00000000 00:00 0 
7f9c48a21000-7f9c48a22000 ---p 00000000 00:00 0 
7f9c48a22000-7f9c48b23000 rw-p 00000000 00:00 0 
7f9c48b23000-7f9c48b24000 ---p 00000000 00:00 0 
7f9c48b24000-7f9c48c25000 rw-p 00000000 00:00 0 
7f9c48c25000-7f9c48c26000 ---p 00000000 00:00 0 
7f9c48c26000-7f9c48d27000 rw-p 00000000 00:00 0 
7f9c48d27000-7f9c48d28000 ---p 00000000 00:00 0 
7f9c48d28000-7f9c48e29000 rw-p 00000000 00:00 0 
7f9c48e29000-7f9c48e2a000 ---p 00000000 00:00 0 
7f9c48e2a000-7f9c48f2b000 rw-p 00000000 00:00 0 
7f9c48f2b000-7f9c48f2c000 ---p 00000000 00:00 0 
7f9c48f2c000-7f9c4902d000 rw-p 00000000 00:00 0 
7f9c4902d000-7f9c4902e000 ---p 00000000 00:00 0 
7f9c4902e000-7f9c4912f000 rw-p 00000000 00:00 0 
7f9c4912f000-7f9c49130000 ---p 00000000 00:00 0 
7f9c49130000-7f9c49231000 rw-p 00000000 00:00 0 
7f9c49231000-7f9c49232000 ---p 00000000 00:00 0 
7f9c49232000-7f9c49333000 rw-p 00000000 00:00 0 
7f9c49333000-7f9c49334000 ---p 00000000 00:00 0 
7f9c49334000-7f9c49435000 rw-p 00000000 00:00 0 
7f9c49435000-7f9c49436000 ---p 00000000 00:00 0 
7f9c49436000-7f9c49537000 rw-p 00000000 00:00 0 
7f9c49537000-7f9c49538000 ---p 00000000 00:00 0 
7f9c49538000-7f9c49639000 rw-p 00000000 00:00 0 
7f9c49639000-7f9c4963a000 ---p 00000000 00:00 0 
7f9c4963a000-7f9c4973b000 rw-p 00000000 00:00 0 
7f9c4973b000-7f9c4973c000 ---p 00000000 00:00 0 
7f9c4973c000-7f9c4983d000 rw-p 00000000 00:00 0 
7f9c4983d000-7f9c4983e000 ---p 00000000 00:00 0 
7f9c4983e000-7f9c4993f000 rw-p 00000000 00:00 0 
7f9c4993f000-7f9c49940000 ---p 00000000 00:00 0 
7f9c49940000-7f9c49a41000 rw-p 00000000 00:00 0 
7f9c49a41000-7f9c49a42000 ---p 00000000 00:00 0 
7f9c49a42000-7f9c49b43000 rw-p 00000000 00:00 0 
7f9c49b43000-7f9c49e13000 rwxp 00000000 00:00 0 
7f9c49e13000-7f9c4a281000 ---p 00000000 00:00 0 
7f9c4a281000-7f9c4a4f1000 rwxp 00000000 00:00 0 
7f9c4a4f1000-7f9c516e2000 ---p 00000000 00:00 0 
7f9c516e2000-7f9c51952000 rwxp 00000000 00:00 0 
7f9c51952000-7f9c58b43000 ---p 00000000 00:00 0 
7f9c58b43000-7f9c64000000 r--s 00000000 00:65 77077560                   /root/oracle/jdk-9.0.4/lib/modules
7f9c64000000-7f9c643ff000 rw-p 00000000 00:00 0 
7f9c643ff000-7f9c68000000 ---p 00000000 00:00 0 
7f9c68012000-7f9c694fd000 rw-p 00000000 00:00 0 
7f9c694fd000-7f9c694fe000 ---p 00000000 00:00 0 
7f9c694fe000-7f9c695ff000 rw-p 00000000 00:00 0 
7f9c695ff000-7f9c69600000 ---p 00000000 00:00 0 
7f9c69600000-7f9c69701000 rw-p 00000000 00:00 0 
7f9c69701000-7f9c69702000 ---p 00000000 00:00 0 
7f9c69702000-7f9c69803000 rw-p 00000000 00:00 0 
7f9c69803000-7f9c69804000 ---p 00000000 00:00 0 
7f9c69804000-7f9c69905000 rw-p 00000000 00:00 0 
7f9c69905000-7f9c69906000 ---p 00000000 00:00 0 
7f9c69906000-7f9c69a07000 rw-p 00000000 00:00 0 
7f9c69a07000-7f9c69a08000 ---p 00000000 00:00 0 
7f9c69a08000-7f9c69b09000 rw-p 00000000 00:00 0 
7f9c69b09000-7f9c69b0a000 ---p 00000000 00:00 0 
7f9c69b0a000-7f9c69c0b000 rw-p 00000000 00:00 0 
7f9c69c0b000-7f9c69c0c000 ---p 00000000 00:00 0 
7f9c69c0c000-7f9c69d0d000 rw-p 00000000 00:00 0 
7f9c69d0d000-7f9c69d0e000 ---p 00000000 00:00 0 
7f9c69d0e000-7f9c69e0f000 rw-p 00000000 00:00 0 
7f9c69e0f000-7f9c69e10000 ---p 00000000 00:00 0 
7f9c69e10000-7f9c69f11000 rw-p 00000000 00:00 0 
7f9c69f11000-7f9c69f12000 ---p 00000000 00:00 0 
7f9c69f12000-7f9c6a013000 rw-p 00000000 00:00 0 
7f9c6a013000-7f9c6a014000 ---p 00000000 00:00 0 
7f9c6a014000-7f9c6a115000 rw-p 00000000 00:00 0 
7f9c6a115000-7f9c6a116000 ---p 00000000 00:00 0 
7f9c6a116000-7f9c6a217000 rw-p 00000000 00:00 0 
7f9c6a217000-7f9c6a218000 ---p 00000000 00:00 0 
7f9c6a218000-7f9c6a319000 rw-p 00000000 00:00 0 
7f9c6a319000-7f9c6a31a000 ---p 00000000 00:00 0 
7f9c6a31a000-7f9c6a41b000 rw-p 00000000 00:00 0 
7f9c6a41b000-7f9c6a41c000 ---p 00000000 00:00 0 
7f9c6a41c000-7f9c6a51d000 rw-p 00000000 00:00 0 
7f9c6a51d000-7f9c6a51e000 ---p 00000000 00:00 0 
7f9c6a51e000-7f9c6a61f000 rw-p 00000000 00:00 0 
7f9c6a61f000-7f9c6a620000 ---p 00000000 00:00 0 
7f9c6a620000-7f9c6a721000 rw-p 00000000 00:00 0 
7f9c6a721000-7f9c6a722000 ---p 00000000 00:00 0 
7f9c6a722000-7f9c6a823000 rw-p 00000000 00:00 0 
7f9c6a823000-7f9c6a824000 ---p 00000000 00:00 0 
7f9c6a824000-7f9c6a92a000 rw-p 00000000 00:00 0 
7f9c6a92a000-7f9c6aa0e000 ---p 00000000 00:00 0 
7f9c6aa0e000-7f9c6aa13000 rw-p 00000000 00:00 0 
7f9c6aa13000-7f9c6aaf7000 ---p 00000000 00:00 0 
7f9c6aaf7000-7f9c6aafd000 rw-p 00000000 00:00 0 
7f9c6aafd000-7f9c6ab06000 ---p 00000000 00:00 0 
7f9c6ab06000-7f9c6ab56000 rw-p 00000000 00:00 0 
7f9c6ab56000-7f9c6ad33000 r--s 03e31000 00:65 101727669                  /usr/local/java/jdk1.8.0_301/jre/lib/rt.jar
7f9c6ad33000-7f9c6ad4d000 r-xp 00000000 00:65 77077435                   /root/oracle/jdk-9.0.4/lib/libjimage.so
7f9c6ad4d000-7f9c6af4c000 ---p 0001a000 00:65 77077435                   /root/oracle/jdk-9.0.4/lib/libjimage.so
7f9c6af4c000-7f9c6af4e000 rw-p 00019000 00:65 77077435                   /root/oracle/jdk-9.0.4/lib/libjimage.so
7f9c6af4e000-7f9c6af60000 rw-p 00000000 00:00 0 
7f9c6af60000-7f9c6af67000 r-xp 00000000 00:65 77083131                   /root/oracle/jdk-9.0.4/lib/libzip.so
7f9c6af67000-7f9c6b166000 ---p 00007000 00:65 77083131                   /root/oracle/jdk-9.0.4/lib/libzip.so
7f9c6b166000-7f9c6b167000 rw-p 00006000 00:65 77083131                   /root/oracle/jdk-9.0.4/lib/libzip.so
7f9c6b167000-7f9c6b16a000 r--p 00000000 00:65 165034530                  /usr/lib/x86_64-linux-gnu/libnss_files-2.31.so
7f9c6b16a000-7f9c6b171000 r-xp 00003000 00:65 165034530                  /usr/lib/x86_64-linux-gnu/libnss_files-2.31.so
7f9c6b171000-7f9c6b173000 r--p 0000a000 00:65 165034530                  /usr/lib/x86_64-linux-gnu/libnss_files-2.31.so
7f9c6b173000-7f9c6b174000 r--p 0000b000 00:65 165034530                  /usr/lib/x86_64-linux-gnu/libnss_files-2.31.so
7f9c6b174000-7f9c6b175000 rw-p 0000c000 00:65 165034530                  /usr/lib/x86_64-linux-gnu/libnss_files-2.31.so
7f9c6b175000-7f9c6b17b000 rw-p 00000000 00:00 0 
7f9c6b183000-7f9c6b184000 rw-p 00000000 00:00 0 
7f9c6b184000-7f9c6b1af000 r-xp 00000000 00:65 77077470                   /root/oracle/jdk-9.0.4/lib/libjava.so
7f9c6b1af000-7f9c6b3ae000 ---p 0002b000 00:65 77077470                   /root/oracle/jdk-9.0.4/lib/libjava.so
7f9c6b3ae000-7f9c6b3b0000 rw-p 0002a000 00:65 77077470                   /root/oracle/jdk-9.0.4/lib/libjava.so
7f9c6b3b0000-7f9c6b3bd000 r-xp 00000000 00:65 77077494                   /root/oracle/jdk-9.0.4/lib/libverify.so
7f9c6b3bd000-7f9c6b5bc000 ---p 0000d000 00:65 77077494                   /root/oracle/jdk-9.0.4/lib/libverify.so
7f9c6b5bc000-7f9c6b5be000 rw-p 0000c000 00:65 77077494                   /root/oracle/jdk-9.0.4/lib/libverify.so
7f9c6b5be000-7f9c6b5c1000 r--p 00000000 00:65 165034636                  /usr/lib/x86_64-linux-gnu/librt-2.31.so
7f9c6b5c1000-7f9c6b5c5000 r-xp 00003000 00:65 165034636                  /usr/lib/x86_64-linux-gnu/librt-2.31.so
7f9c6b5c5000-7f9c6b5c6000 r--p 00007000 00:65 165034636                  /usr/lib/x86_64-linux-gnu/librt-2.31.so
7f9c6b5c6000-7f9c6b5c7000 ---p 00008000 00:65 165034636                  /usr/lib/x86_64-linux-gnu/librt-2.31.so
7f9c6b5c7000-7f9c6b5c8000 r--p 00008000 00:65 165034636                  /usr/lib/x86_64-linux-gnu/librt-2.31.so
7f9c6b5c8000-7f9c6b5c9000 rw-p 00009000 00:65 165034636                  /usr/lib/x86_64-linux-gnu/librt-2.31.so
7f9c6b5c9000-7f9c6b5ca000 ---p 00000000 00:00 0 
7f9c6b5ca000-7f9c6b5cb000 rw-p 00000000 00:00 0 
7f9c6b5cb000-7f9c6b5cf000 ---p 00000000 00:00 0 
7f9c6b5cf000-7f9c6b6ca000 rw-p 00000000 00:00 0 
7f9c6b6ca000-7f9c6b6d9000 r--p 00000000 00:65 165034468                  /usr/lib/x86_64-linux-gnu/libm-2.31.so
7f9c6b6d9000-7f9c6b780000 r-xp 0000f000 00:65 165034468                  /usr/lib/x86_64-linux-gnu/libm-2.31.so
7f9c6b780000-7f9c6b817000 r--p 000b6000 00:65 165034468                  /usr/lib/x86_64-linux-gnu/libm-2.31.so
7f9c6b817000-7f9c6b818000 r--p 0014c000 00:65 165034468                  /usr/lib/x86_64-linux-gnu/libm-2.31.so
7f9c6b818000-7f9c6b819000 rw-p 0014d000 00:65 165034468                  /usr/lib/x86_64-linux-gnu/libm-2.31.so
7f9c6b819000-7f9c6c82e000 r-xp 00000000 00:65 77083135                   /root/oracle/jdk-9.0.4/lib/server/libjvm.so
7f9c6c82e000-7f9c6ca2d000 ---p 01015000 00:65 77083135                   /root/oracle/jdk-9.0.4/lib/server/libjvm.so
7f9c6ca2d000-7f9c6cafe000 r--p 01014000 00:65 77083135                   /root/oracle/jdk-9.0.4/lib/server/libjvm.so
7f9c6cafe000-7f9c6cb35000 rw-p 010e5000 00:65 77083135                   /root/oracle/jdk-9.0.4/lib/server/libjvm.so
7f9c6cb35000-7f9c6cba0000 rw-p 00000000 00:00 0 
7f9c6cba0000-7f9c6cbc5000 r--p 00000000 00:65 165034165                  /usr/lib/x86_64-linux-gnu/libc-2.31.so
7f9c6cbc5000-7f9c6cd3d000 r-xp 00025000 00:65 165034165                  /usr/lib/x86_64-linux-gnu/libc-2.31.so
7f9c6cd3d000-7f9c6cd87000 r--p 0019d000 00:65 165034165                  /usr/lib/x86_64-linux-gnu/libc-2.31.so
7f9c6cd87000-7f9c6cd88000 ---p 001e7000 00:65 165034165                  /usr/lib/x86_64-linux-gnu/libc-2.31.so
7f9c6cd88000-7f9c6cd8b000 r--p 001e7000 00:65 165034165                  /usr/lib/x86_64-linux-gnu/libc-2.31.so
7f9c6cd8b000-7f9c6cd8e000 rw-p 001ea000 00:65 165034165                  /usr/lib/x86_64-linux-gnu/libc-2.31.so
7f9c6cd8e000-7f9c6cd92000 rw-p 00000000 00:00 0 
7f9c6cd92000-7f9c6cd93000 r--p 00000000 00:65 165034236                  /usr/lib/x86_64-linux-gnu/libdl-2.31.so
7f9c6cd93000-7f9c6cd95000 r-xp 00001000 00:65 165034236                  /usr/lib/x86_64-linux-gnu/libdl-2.31.so
7f9c6cd95000-7f9c6cd96000 r--p 00003000 00:65 165034236                  /usr/lib/x86_64-linux-gnu/libdl-2.31.so
7f9c6cd96000-7f9c6cd97000 r--p 00003000 00:65 165034236                  /usr/lib/x86_64-linux-gnu/libdl-2.31.so
7f9c6cd97000-7f9c6cd98000 rw-p 00004000 00:65 165034236                  /usr/lib/x86_64-linux-gnu/libdl-2.31.so
7f9c6cd98000-7f9c6cda6000 r-xp 00000000 00:65 77083142                   /root/oracle/jdk-9.0.4/lib/jli/libjli.so
7f9c6cda6000-7f9c6cfa6000 ---p 0000e000 00:65 77083142                   /root/oracle/jdk-9.0.4/lib/jli/libjli.so
7f9c6cfa6000-7f9c6cfa7000 rw-p 0000e000 00:65 77083142                   /root/oracle/jdk-9.0.4/lib/jli/libjli.so
7f9c6cfa7000-7f9c6cfae000 r--p 00000000 00:65 165034610                  /usr/lib/x86_64-linux-gnu/libpthread-2.31.so
7f9c6cfae000-7f9c6cfbf000 r-xp 00007000 00:65 165034610                  /usr/lib/x86_64-linux-gnu/libpthread-2.31.so
7f9c6cfbf000-7f9c6cfc4000 r--p 00018000 00:65 165034610                  /usr/lib/x86_64-linux-gnu/libpthread-2.31.so
7f9c6cfc4000-7f9c6cfc5000 r--p 0001c000 00:65 165034610                  /usr/lib/x86_64-linux-gnu/libpthread-2.31.so
7f9c6cfc5000-7f9c6cfc6000 rw-p 0001d000 00:65 165034610                  /usr/lib/x86_64-linux-gnu/libpthread-2.31.so
7f9c6cfc6000-7f9c6cfca000 rw-p 00000000 00:00 0 
7f9c6cfca000-7f9c6cfcc000 r--p 00000000 00:65 165034796                  /usr/lib/x86_64-linux-gnu/libz.so.1.2.11
7f9c6cfcc000-7f9c6cfdd000 r-xp 00002000 00:65 165034796                  /usr/lib/x86_64-linux-gnu/libz.so.1.2.11
7f9c6cfdd000-7f9c6cfe3000 r--p 00013000 00:65 165034796                  /usr/lib/x86_64-linux-gnu/libz.so.1.2.11
7f9c6cfe3000-7f9c6cfe4000 ---p 00019000 00:65 165034796                  /usr/lib/x86_64-linux-gnu/libz.so.1.2.11
7f9c6cfe4000-7f9c6cfe5000 r--p 00019000 00:65 165034796                  /usr/lib/x86_64-linux-gnu/libz.so.1.2.11
7f9c6cfe5000-7f9c6cfe6000 rw-p 0001a000 00:65 165034796                  /usr/lib/x86_64-linux-gnu/libz.so.1.2.11
7f9c6cfe6000-7f9c6cfee000 rw-s 00000000 00:65 71965686                   /tmp/hsperfdata_root/10199
7f9c6cfee000-7f9c6cff1000 rw-p 00000000 00:00 0 
7f9c6cff1000-7f9c6cff2000 r--p 00000000 00:65 165033992                  /usr/lib/x86_64-linux-gnu/ld-2.31.so
7f9c6cff2000-7f9c6d015000 r-xp 00001000 00:65 165033992                  /usr/lib/x86_64-linux-gnu/ld-2.31.so
7f9c6d015000-7f9c6d01d000 r--p 00024000 00:65 165033992                  /usr/lib/x86_64-linux-gnu/ld-2.31.so
7f9c6d01d000-7f9c6d01e000 r--p 00000000 00:00 0 
7f9c6d01e000-7f9c6d01f000 r--p 0002c000 00:65 165033992                  /usr/lib/x86_64-linux-gnu/ld-2.31.so
7f9c6d01f000-7f9c6d020000 rw-p 0002d000 00:65 165033992                  /usr/lib/x86_64-linux-gnu/ld-2.31.so
7f9c6d020000-7f9c6d021000 rw-p 00000000 00:00 0 
7ffdccac8000-7ffdccae9000 rw-p 00000000 00:00 0                          [stack]
7ffdccb6a000-7ffdccb6d000 r--p 00000000 00:00 0                          [vvar]
7ffdccb6d000-7ffdccb6e000 r-xp 00000000 00:00 0                          [vdso]
ffffffffff600000-ffffffffff601000 --xp 00000000 00:00 0                  [vsyscall]

VM Arguments:
jvm_args: -Xbootclasspath/a:/usr/local/java/jdk1.8.0_301/jre/lib/rt.jar -Xverify:none 
java_command: org.eclipse.core.runtime.adaptor.EclipseStarter -debug
java_class_path (initial): ./sootOutput/eclipse/
Launcher Type: SUN_STANDARD

Logging:
Log output configuration:
#0: stdout all=warning uptime,level,tags
#1: stderr all=off uptime,level,tags

Environment Variables:
JAVA_HOME=/root/oracle/jdk-9.0.4
JRE_HOME=/root/oracle/jdk-9.0.4
CLASSPATH=.:/root/oracle/jdk-9.0.4/lib:/JVMfuzzing/htm/CFSynthesis/resource/commons-lang3-3.12.0/commons-lang3-3.12.0.jar
PATH=/root/oracle/jdk-9.0.4/bin:/root/.vscode-server/bin/da76f93349a72022ca4670c1b84860304616aaa2/bin/remote-cli:/root/oracle/jdk-9.0.4/bin:/usr/local/sbin:/usr/local/bin:/usr/sbin:/usr/bin:/sbin:/bin:/usr/games:/usr/local/games:/snap/bin
SHELL=/bin/bash

Signal Handlers:
SIGSEGV: [libjvm.so+0xd4d370], sa_mask[0]=11111111011111111101111111111110, sa_flags=SA_RESTART|SA_SIGINFO
SIGBUS: [libjvm.so+0xd4d370], sa_mask[0]=11111111011111111101111111111110, sa_flags=SA_RESTART|SA_SIGINFO
SIGFPE: [libjvm.so+0xd4d370], sa_mask[0]=11111111011111111101111111111110, sa_flags=SA_RESTART|SA_SIGINFO
SIGPIPE: [libjvm.so+0xb64780], sa_mask[0]=11111111011111111101111111111110, sa_flags=SA_RESTART|SA_SIGINFO
SIGXFSZ: [libjvm.so+0xb64780], sa_mask[0]=11111111011111111101111111111110, sa_flags=SA_RESTART|SA_SIGINFO
SIGILL: [libjvm.so+0xd4d370], sa_mask[0]=11111111011111111101111111111110, sa_flags=SA_RESTART|SA_SIGINFO
SIGUSR2: [libjvm.so+0xb64640], sa_mask[0]=00100000000000000000000000000000, sa_flags=SA_RESTART|SA_SIGINFO
SIGHUP: [libjvm.so+0xb64850], sa_mask[0]=11111111011111111101111111111110, sa_flags=SA_RESTART|SA_SIGINFO
SIGINT: [libjvm.so+0xb64850], sa_mask[0]=11111111011111111101111111111110, sa_flags=SA_RESTART|SA_SIGINFO
SIGTERM: [libjvm.so+0xb64850], sa_mask[0]=11111111011111111101111111111110, sa_flags=SA_RESTART|SA_SIGINFO
SIGQUIT: [libjvm.so+0xb64850], sa_mask[0]=11111111011111111101111111111110, sa_flags=SA_RESTART|SA_SIGINFO


---------------  S Y S T E M  ---------------

OS:DISTRIB_ID=Ubuntu
DISTRIB_RELEASE=20.04
DISTRIB_CODENAME=focal
DISTRIB_DESCRIPTION="Ubuntu 20.04.3 LTS"
uname:Linux 5.4.0-124-generic #140~18.04.1-Ubuntu SMP Fri Aug 5 11:43:34 UTC 2022 x86_64
libc:glibc 2.31 NPTL 2.31 
rlimit: STACK 8192k, CORE infinity, NPROC infinity, NOFILE 1048576, AS infinity
load average:40.51 40.01 38.93

/proc/meminfo:
MemTotal:       65549624 kB
MemFree:         8409040 kB
MemAvailable:   35058496 kB
Buffers:         5872136 kB
Cached:          3537668 kB
SwapCached:         8092 kB
Active:         30910796 kB
Inactive:        6313584 kB
Active(anon):   23817852 kB
Inactive(anon):  4018444 kB
Active(file):    7092944 kB
Inactive(file):  2295140 kB
Unevictable:          16 kB
Mlocked:              16 kB
SwapTotal:       2097148 kB
SwapFree:              0 kB
Dirty:             39048 kB
Writeback:             4 kB
AnonPages:      27807000 kB
Mapped:           851608 kB
Shmem:             25608 kB
KReclaimable:   17993296 kB
Slab:           19163172 kB
SReclaimable:   17993296 kB
SUnreclaim:      1169876 kB
KernelStack:       79824 kB
PageTables:       237248 kB
NFS_Unstable:          0 kB
Bounce:                0 kB
WritebackTmp:          0 kB
CommitLimit:    34871960 kB
Committed_AS:   84693176 kB
VmallocTotal:   34359738367 kB
VmallocUsed:      162288 kB
VmallocChunk:          0 kB
Percpu:            32512 kB
HardwareCorrupted:     0 kB
AnonHugePages:         0 kB
ShmemHugePages:        0 kB
ShmemPmdMapped:        0 kB
FileHugePages:         0 kB
FilePmdMapped:         0 kB
CmaTotal:              0 kB
CmaFree:               0 kB
HugePages_Total:       0
HugePages_Free:        0
HugePages_Rsvd:        0
HugePages_Surp:        0
Hugepagesize:       2048 kB
Hugetlb:               0 kB
DirectMap4k:    15497632 kB
DirectMap2M:    51298304 kB
DirectMap1G:           0 kB


CPU:total 28 (initial active 28) (14 cores per cpu, 2 threads per core) family 6 model 85 stepping 4, cmov, cx8, fxsr, mmx, sse, sse2, sse3, ssse3, sse4.1, sse4.2, popcnt, avx, avx2, aes, clmul, erms, rtm, 3dnowpref, lzcnt, ht, tsc, tscinvbit, bmi1, bmi2, adx, fma
CPU Model and flags from /proc/cpuinfo:
model name	: Intel(R) Core(TM) i9-9940X CPU @ 3.30GHz
flags		: fpu vme de pse tsc msr pae mce cx8 apic sep mtrr pge mca cmov pat pse36 clflush dts acpi mmx fxsr sse sse2 ss ht tm pbe syscall nx pdpe1gb rdtscp lm constant_tsc art arch_perfmon pebs bts rep_good nopl xtopology nonstop_tsc cpuid aperfmperf pni pclmulqdq dtes64 monitor ds_cpl vmx est tm2 ssse3 sdbg fma cx16 xtpr pdcm pcid dca sse4_1 sse4_2 x2apic movbe popcnt tsc_deadline_timer aes xsave avx f16c rdrand lahf_lm abm 3dnowprefetch cpuid_fault epb cat_l3 cdp_l3 invpcid_single pti ssbd mba ibrs ibpb stibp tpr_shadow vnmi flexpriority ept vpid ept_ad fsgsbase tsc_adjust bmi1 hle avx2 smep bmi2 erms invpcid rtm cqm mpx rdt_a avx512f avx512dq rdseed adx smap clflushopt clwb intel_pt avx512cd avx512bw avx512vl xsaveopt xsavec xgetbv1 xsaves cqm_llc cqm_occup_llc cqm_mbm_total cqm_mbm_local dtherm ida arat pln pts hwp hwp_act_window hwp_epp hwp_pkg_req md_clear flush_l1d arch_capabilities

Memory: 4k page, physical 65549624k(8409040k free), swap 2097148k(0k free)

vm_info: Java HotSpot(TM) 64-Bit Server VM (9.0.4+11) for linux-amd64 JRE (9.0.4+11), built on Dec 19 2017 18:12:19 by "mach5one" with gcc 4.9.2

END.
