#
# A fatal error has been detected by the Java Runtime Environment:
#
#  SIGSEGV (0xb) at pc=0x00007f998640db2c, pid=18924, tid=18988
#
# JRE version: Java(TM) SE Runtime Environment (9.0+11) (build 9.0.4+11)
# Java VM: Java HotSpot(TM) 64-Bit Server VM (9.0.4+11, mixed mode, tiered, compressed oops, g1 gc, linux-amd64)
# Problematic frame:
# V  [libjvm.so+0x48eb2c]  Canonicalizer::do_If(If*)+0x1c
#
# Core dump will be written. Default location: Core dumps may be processed with "/usr/share/apport/apport -p%p -s%s -c%c -d%d -P%P -u%u -g%g -- %E" (or dumping to /JVMfuzzing/zjy/classming/Fuzzing-Testing-of-JVM-Implementations/core.18924)
#
# If you would like to submit a bug report, please visit:
#   http://bugreport.java.com/bugreport/crash.jsp
#

---------------  S U M M A R Y ------------

Command Line: -Xbootclasspath/a:/usr/local/java/jdk1.8.0_301/jre/lib/rt.jar -Xverify:none org.eclipse.core.runtime.adaptor.EclipseStarter -debug

Host: Intel(R) Core(TM) i9-9940X CPU @ 3.30GHz, 28 cores, 62G, Ubuntu 20.04.3 LTS
Time: Thu Nov  3 09:00:02 2022 UTC elapsed time: 0 seconds (0d 0h 0m 0s)

---------------  T H R E A D  ---------------

Current thread (0x00007f99802c8800):  JavaThread "C1 CompilerThread10" daemon [_thread_in_native, id=18988, stack(0x00007f987e4ec000,0x00007f987e5ed000)]


Current CompileTask:
C1:    497  253 %     3       org.eclipse.core.runtime.adaptor.EclipseStarter::main @ 154 (708 bytes)

Stack: [0x00007f987e4ec000,0x00007f987e5ed000],  sp=0x00007f987e5eb0c0,  free space=1020k
Native frames: (J=compiled Java code, A=aot compiled Java code, j=interpreted, Vv=VM code, C=native code)
V  [libjvm.so+0x48eb2c]  Canonicalizer::do_If(If*)+0x1c
V  [libjvm.so+0x4a0452]  GraphBuilder::append_with_bci(Instruction*, int)+0x42
V  [libjvm.so+0x4a3526]  GraphBuilder::if_node(Instruction*, Instruction::Condition, Instruction*, ValueStack*)+0x2a6
V  [libjvm.so+0x4b1873]  GraphBuilder::iterate_bytecodes_for_block(int)+0x1e83
V  [libjvm.so+0x4b1ad5]  GraphBuilder::iterate_all_blocks(bool)+0x85
V  [libjvm.so+0x4b1ec9]  GraphBuilder::GraphBuilder(Compilation*, IRScope*)+0x389
V  [libjvm.so+0x4b70a8]  IR::IR(Compilation*, ciMethod*, int)+0x1e8
V  [libjvm.so+0x497832]  Compilation::build_hir() [clone .part.93]+0x162
V  [libjvm.so+0x499633]  Compilation::compile_java_method()+0x3c3
V  [libjvm.so+0x4997af]  Compilation::compile_method()+0x12f
V  [libjvm.so+0x499c31]  Compilation::Compilation(AbstractCompiler*, ciEnv*, ciMethod*, int, BufferBlob*, DirectiveSet*)+0x271
V  [libjvm.so+0x49ac1e]  Compiler::compile_method(ciEnv*, ciMethod*, int, DirectiveSet*)+0xae
V  [libjvm.so+0x6125ac]  CompileBroker::invoke_compiler_on_method(CompileTask*)+0x41c
V  [libjvm.so+0x61344b]  CompileBroker::compiler_thread_loop()+0x28b
V  [libjvm.so+0xcef338]  JavaThread::thread_main_inner()+0xd8
V  [libjvm.so+0xb6e132]  thread_native_entry(Thread*)+0xf2
C  [libpthread.so.0+0x9609]  start_thread+0xd9


siginfo: si_signo: 11 (SIGSEGV), si_code: 1 (SEGV_MAPERR), si_addr: 0x0000000000000018

Register to memory mapping:

RAX=0x0000000000000000 is an unknown value
RBX=0x00007f9854067b60 is an unknown value
RCX=0x00007f987e5eb800 is pointing into the stack for thread: 0x00007f99802c8800
RDX=0x00007f9854067b60 is an unknown value
RSP=0x00007f987e5eb0c0 is pointing into the stack for thread: 0x00007f99802c8800
RBP=0x00007f987e5eb130 is pointing into the stack for thread: 0x00007f99802c8800
RSI=0x00007f9854067b60 is an unknown value
RDI=0x00007f987e5eb160 is pointing into the stack for thread: 0x00007f99802c8800
R8 =0x00007f98540679a0 is an unknown value
R9 =0x0000000000000011 is an unknown value
R10=0x0000000100000000 is an unknown value
R11=0x0000000000000000 is an unknown value
R12=0x00007f9854067c00 is an unknown value
R13=0x00007f987e5eb460 is pointing into the stack for thread: 0x00007f99802c8800
R14=0x00007f9854067b60 is an unknown value
R15=0x00007f9854067c00 is an unknown value


Registers:
RAX=0x0000000000000000, RBX=0x00007f9854067b60, RCX=0x00007f987e5eb800, RDX=0x00007f9854067b60
RSP=0x00007f987e5eb0c0, RBP=0x00007f987e5eb130, RSI=0x00007f9854067b60, RDI=0x00007f987e5eb160
R8 =0x00007f98540679a0, R9 =0x0000000000000011, R10=0x0000000100000000, R11=0x0000000000000000
R12=0x00007f9854067c00, R13=0x00007f987e5eb460, R14=0x00007f9854067b60, R15=0x00007f9854067c00
RIP=0x00007f998640db2c, EFLAGS=0x0000000000010206, CSGSFS=0x002b000000000033, ERR=0x0000000000000004
  TRAPNO=0x000000000000000e

Top of Stack: (sp=0x00007f987e5eb0c0)
0x00007f987e5eb0c0:   000000017e5eb130 00007f98580d21b0
0x00007f987e5eb0d0:   00007f98580cb3a0 0000000000000000
0x00007f987e5eb0e0:   00007f987e5eb110 00007f998643a598
0x00007f987e5eb0f0:   00007f98680a7de0 00007f987e5eb160 

Instructions: (pc=0x00007f998640db2c)
0x00007f998640db0c:   ff 90 66 90 55 48 89 e5 41 57 41 56 41 55 41 54
0x00007f998640db1c:   53 48 89 f3 48 83 ec 48 48 8b 46 70 48 89 7d c8
0x00007f998640db2c:   48 8b 78 18 48 8b 07 ff 50 18 84 c0 0f 85 a2 00
0x00007f998640db3c:   00 00 4c 8b 63 70 48 8b 83 80 00 00 00 49 39 c4 


---------------  P R O C E S S  ---------------

Java Threads: ( => current thread )
  0x00007f9980369800 JavaThread "Service Thread" daemon [_thread_blocked, id=18992, stack(0x00007f987dcc0000,0x00007f987ddc1000)]
  0x00007f99802ea800 JavaThread "Common-Cleaner" daemon [_thread_blocked, id=18991, stack(0x00007f987ddc1000,0x00007f987dec2000)]
  0x00007f99802cc000 JavaThread "Sweeper thread" daemon [_thread_blocked, id=18990, stack(0x00007f987e2ea000,0x00007f987e3eb000)]
  0x00007f99802ca800 JavaThread "C1 CompilerThread11" daemon [_thread_blocked, id=18989, stack(0x00007f987e3eb000,0x00007f987e4ec000)]
=>0x00007f99802c8800 JavaThread "C1 CompilerThread10" daemon [_thread_in_native, id=18988, stack(0x00007f987e4ec000,0x00007f987e5ed000)]
  0x00007f99802c6800 JavaThread "C1 CompilerThread9" daemon [_thread_blocked, id=18987, stack(0x00007f987e5ed000,0x00007f987e6ee000)]
  0x00007f99802c4800 JavaThread "C1 CompilerThread8" daemon [_thread_blocked, id=18986, stack(0x00007f987e6ee000,0x00007f987e7ef000)]
  0x00007f99802c2800 JavaThread "C2 CompilerThread7" daemon [_thread_blocked, id=18985, stack(0x00007f987e7ef000,0x00007f987e8f0000)]
  0x00007f99802c0800 JavaThread "C2 CompilerThread6" daemon [_thread_blocked, id=18984, stack(0x00007f987e8f0000,0x00007f987e9f1000)]
  0x00007f99802be800 JavaThread "C2 CompilerThread5" daemon [_thread_blocked, id=18983, stack(0x00007f987e9f1000,0x00007f987eaf2000)]
  0x00007f99802b4800 JavaThread "C2 CompilerThread4" daemon [_thread_blocked, id=18982, stack(0x00007f987eaf2000,0x00007f987ebf3000)]
  0x00007f99802b2800 JavaThread "C2 CompilerThread3" daemon [_thread_blocked, id=18981, stack(0x00007f987ebf3000,0x00007f987ecf4000)]
  0x00007f99802b0800 JavaThread "C2 CompilerThread2" daemon [_thread_blocked, id=18980, stack(0x00007f987ecf4000,0x00007f987edf5000)]
  0x00007f99802af000 JavaThread "C2 CompilerThread1" daemon [_thread_blocked, id=18979, stack(0x00007f987edf5000,0x00007f987eef6000)]
  0x00007f99802ad000 JavaThread "C2 CompilerThread0" daemon [_thread_blocked, id=18978, stack(0x00007f987eef6000,0x00007f987eff7000)]
  0x00007f99802ab000 JavaThread "Signal Dispatcher" daemon [_thread_blocked, id=18977, stack(0x00007f987eff7000,0x00007f987f0f8000)]
  0x00007f9980291000 JavaThread "Finalizer" daemon [_thread_blocked, id=18976, stack(0x00007f987f0f8000,0x00007f987f1f9000)]
  0x00007f9980288800 JavaThread "Reference Handler" daemon [_thread_blocked, id=18975, stack(0x00007f987f1f9000,0x00007f987f2fa000)]
  0x00007f9980011800 JavaThread "main" [_thread_in_native, id=18926, stack(0x00007f9985d31000,0x00007f9985e30000)]

Other Threads:
  0x00007f9980281000 VMThread "VM Thread" [stack: 0x00007f987f2fc000,0x00007f987f3fc000] [id=18974]
  0x00007f998036c800 WatcherThread [stack: 0x00007f987dbc0000,0x00007f987dcc0000] [id=18993]
  0x00007f9980034000 GCTaskThread "GC Thread#0" [stack: 0x00007f9984f8b000,0x00007f998508b000] [id=18927]
  0x00007f9980035800 GCTaskThread "GC Thread#1" [stack: 0x00007f9984e89000,0x00007f9984f89000] [id=18928]
  0x00007f9980037000 GCTaskThread "GC Thread#2" [stack: 0x00007f9984d87000,0x00007f9984e87000] [id=18929]
  0x00007f9980039000 GCTaskThread "GC Thread#3" [stack: 0x00007f9984c85000,0x00007f9984d85000] [id=18930]
  0x00007f998003a800 GCTaskThread "GC Thread#4" [stack: 0x00007f9984b83000,0x00007f9984c83000] [id=18931]
  0x00007f998003c800 GCTaskThread "GC Thread#5" [stack: 0x00007f9984a81000,0x00007f9984b81000] [id=18932]
  0x00007f998003e000 GCTaskThread "GC Thread#6" [stack: 0x00007f998497f000,0x00007f9984a7f000] [id=18933]
  0x00007f998003f800 GCTaskThread "GC Thread#7" [stack: 0x00007f998487d000,0x00007f998497d000] [id=18934]
  0x00007f9980041800 GCTaskThread "GC Thread#8" [stack: 0x00007f998477b000,0x00007f998487b000] [id=18935]
  0x00007f9980043000 GCTaskThread "GC Thread#9" [stack: 0x00007f9984679000,0x00007f9984779000] [id=18936]
  0x00007f9980045000 GCTaskThread "GC Thread#10" [stack: 0x00007f9984577000,0x00007f9984677000] [id=18937]
  0x00007f9980046800 GCTaskThread "GC Thread#11" [stack: 0x00007f9984475000,0x00007f9984575000] [id=18938]
  0x00007f9980048800 GCTaskThread "GC Thread#12" [stack: 0x00007f9984373000,0x00007f9984473000] [id=18939]
  0x00007f998004a000 GCTaskThread "GC Thread#13" [stack: 0x00007f9984271000,0x00007f9984371000] [id=18940]
  0x00007f998004c000 GCTaskThread "GC Thread#14" [stack: 0x00007f998416f000,0x00007f998426f000] [id=18941]
  0x00007f998004d800 GCTaskThread "GC Thread#15" [stack: 0x00007f998406d000,0x00007f998416d000] [id=18942]
  0x00007f998004f800 GCTaskThread "GC Thread#16" [stack: 0x00007f9965a43000,0x00007f9965b43000] [id=18943]
  0x00007f9980051000 GCTaskThread "GC Thread#17" [stack: 0x00007f9965941000,0x00007f9965a41000] [id=18944]
  0x00007f9980052800 GCTaskThread "GC Thread#18" [stack: 0x00007f996583f000,0x00007f996593f000] [id=18945]
  0x00007f9980054800 GCTaskThread "GC Thread#19" [stack: 0x00007f996573d000,0x00007f996583d000] [id=18946]
  0x00007f998009f800 ConcurrentGCThread "G1 Main Marker" [stack: 0x00007f9904831000,0x00007f9904931000] [id=18968]
  0x00007f99800a1000 ConcurrentGCThread "G1 Marker#0" [stack: 0x00007f990472f000,0x00007f990482f000] [id=18969]
  0x00007f99800a3000 ConcurrentGCThread "G1 Marker#1" [stack: 0x00007f990462d000,0x00007f990472d000] [id=18970]
  0x00007f99800a4800 ConcurrentGCThread "G1 Marker#2" [stack: 0x00007f990452b000,0x00007f990462b000] [id=18971]
  0x00007f99800a6800 ConcurrentGCThread "G1 Marker#3" [stack: 0x00007f9904429000,0x00007f9904529000] [id=18972]
  0x00007f99800a8000 ConcurrentGCThread "G1 Marker#4" [stack: 0x00007f9904327000,0x00007f9904427000] [id=18973]
  0x00007f9980079000 ConcurrentGCThread "G1 Refine#0" [stack: 0x00007f9906ee0000,0x00007f9906fe0000] [id=18966]
  0x00007f9980077000 ConcurrentGCThread "G1 Refine#1" [stack: 0x00007f9906fe2000,0x00007f99070e2000] [id=18965]
  0x00007f9980075000 ConcurrentGCThread "G1 Refine#2" [stack: 0x00007f99070e4000,0x00007f99071e4000] [id=18964]
  0x00007f9980073800 ConcurrentGCThread "G1 Refine#3" [stack: 0x00007f99071e6000,0x00007f99072e6000] [id=18963]
  0x00007f9980071800 ConcurrentGCThread "G1 Refine#4" [stack: 0x00007f99072e8000,0x00007f99073e8000] [id=18962]
  0x00007f9980070000 ConcurrentGCThread "G1 Refine#5" [stack: 0x00007f99073ea000,0x00007f99074ea000] [id=18961]
  0x00007f998006e000 ConcurrentGCThread "G1 Refine#6" [stack: 0x00007f99074ec000,0x00007f99075ec000] [id=18960]
  0x00007f998006c800 ConcurrentGCThread "G1 Refine#7" [stack: 0x00007f99075ee000,0x00007f99076ee000] [id=18959]
  0x00007f998006a800 ConcurrentGCThread "G1 Refine#8" [stack: 0x00007f99076f0000,0x00007f99077f0000] [id=18958]
  0x00007f9980069000 ConcurrentGCThread "G1 Refine#9" [stack: 0x00007f99077f2000,0x00007f99078f2000] [id=18957]
  0x00007f9980067000 ConcurrentGCThread "G1 Refine#10" [stack: 0x00007f99078f4000,0x00007f99079f4000] [id=18956]
  0x00007f9980065000 ConcurrentGCThread "G1 Refine#11" [stack: 0x00007f99079f6000,0x00007f9907af6000] [id=18955]
  0x00007f9980063800 ConcurrentGCThread "G1 Refine#12" [stack: 0x00007f9907af8000,0x00007f9907bf8000] [id=18954]
  0x00007f9980061800 ConcurrentGCThread "G1 Refine#13" [stack: 0x00007f9907bfa000,0x00007f9907cfa000] [id=18953]
  0x00007f9980060000 ConcurrentGCThread "G1 Refine#14" [stack: 0x00007f9907cfc000,0x00007f9907dfc000] [id=18952]
  0x00007f998005e000 ConcurrentGCThread "G1 Refine#15" [stack: 0x00007f9907dfe000,0x00007f9907efe000] [id=18951]
  0x00007f998005c800 ConcurrentGCThread "G1 Refine#16" [stack: 0x00007f9907f00000,0x00007f9908000000] [id=18950]
  0x00007f998005a800 ConcurrentGCThread "G1 Refine#17" [stack: 0x00007f9964023000,0x00007f9964123000] [id=18949]
  0x00007f9980059000 ConcurrentGCThread "G1 Refine#18" [stack: 0x00007f9964125000,0x00007f9964225000] [id=18948]
  0x00007f9980057000 ConcurrentGCThread "G1 Refine#19" [stack: 0x00007f9964227000,0x00007f9964327000] [id=18947]
  0x00007f998007a800 ConcurrentGCThread "G1 Young RemSet Sampling" [stack: 0x00007f9906dde000,0x00007f9906ede000] [id=18967]

Threads with active compile tasks:
C1 CompilerThread10 253 %     3       org.eclipse.core.runtime.adaptor.EclipseStarter::main @ 154 (708 bytes)

VM state:not at safepoint (normal execution)

VM Mutex/Monitor currently owned by a thread: None

Heap address: 0x00000003d7c00000, size: 16004 MB, Compressed Oops mode: Zero based, Oop shift amount: 3
Narrow klass base: 0x0000000000000000, Narrow klass shift: 3
Compressed class space size: 1073741824 Address: 0x00000007c0000000

Heap:
 garbage-first heap   total 1028096K, used 8192K [0x00000003d7c00000, 0x00000003d80007d8, 0x00000007c0000000)
  region size 4096K, 3 young (12288K), 0 survivors (0K)
 Metaspace       used 4286K, capacity 4614K, committed 4864K, reserved 1056768K
  class space    used 355K, capacity 386K, committed 512K, reserved 1048576K
Heap Regions: E=young(eden), S=young(survivor), O=old, HS=humongous(starts), HC=humongous(continues), CS=collection set, F=free, A=archive, TS=gc time stamp, AC=allocation context, TAMS=top-at-mark-start (previous, next)
|   0|0x00000003d7c00000, 0x00000003d7c00000, 0x00000003d8000000|  0%| F|  |TS  0|AC  0|TAMS 0x00000003d7c00000, 0x00000003d7c00000|
|   1|0x00000003d8000000, 0x00000003d8000000, 0x00000003d8400000|  0%| F|  |TS  0|AC  0|TAMS 0x00000003d8000000, 0x00000003d8000000|
|   2|0x00000003d8400000, 0x00000003d8400000, 0x00000003d8800000|  0%| F|  |TS  0|AC  0|TAMS 0x00000003d8400000, 0x00000003d8400000|
|   3|0x00000003d8800000, 0x00000003d8800000, 0x00000003d8c00000|  0%| F|  |TS  0|AC  0|TAMS 0x00000003d8800000, 0x00000003d8800000|
|   4|0x00000003d8c00000, 0x00000003d8c00000, 0x00000003d9000000|  0%| F|  |TS  0|AC  0|TAMS 0x00000003d8c00000, 0x00000003d8c00000|
|   5|0x00000003d9000000, 0x00000003d9000000, 0x00000003d9400000|  0%| F|  |TS  0|AC  0|TAMS 0x00000003d9000000, 0x00000003d9000000|
|   6|0x00000003d9400000, 0x00000003d9400000, 0x00000003d9800000|  0%| F|  |TS  0|AC  0|TAMS 0x00000003d9400000, 0x00000003d9400000|
|   7|0x00000003d9800000, 0x00000003d9800000, 0x00000003d9c00000|  0%| F|  |TS  0|AC  0|TAMS 0x00000003d9800000, 0x00000003d9800000|
|   8|0x00000003d9c00000, 0x00000003d9c00000, 0x00000003da000000|  0%| F|  |TS  0|AC  0|TAMS 0x00000003d9c00000, 0x00000003d9c00000|
|   9|0x00000003da000000, 0x00000003da000000, 0x00000003da400000|  0%| F|  |TS  0|AC  0|TAMS 0x00000003da000000, 0x00000003da000000|
|  10|0x00000003da400000, 0x00000003da400000, 0x00000003da800000|  0%| F|  |TS  0|AC  0|TAMS 0x00000003da400000, 0x00000003da400000|
|  11|0x00000003da800000, 0x00000003da800000, 0x00000003dac00000|  0%| F|  |TS  0|AC  0|TAMS 0x00000003da800000, 0x00000003da800000|
|  12|0x00000003dac00000, 0x00000003dac00000, 0x00000003db000000|  0%| F|  |TS  0|AC  0|TAMS 0x00000003dac00000, 0x00000003dac00000|
|  13|0x00000003db000000, 0x00000003db000000, 0x00000003db400000|  0%| F|  |TS  0|AC  0|TAMS 0x00000003db000000, 0x00000003db000000|
|  14|0x00000003db400000, 0x00000003db400000, 0x00000003db800000|  0%| F|  |TS  0|AC  0|TAMS 0x00000003db400000, 0x00000003db400000|
|  15|0x00000003db800000, 0x00000003db800000, 0x00000003dbc00000|  0%| F|  |TS  0|AC  0|TAMS 0x00000003db800000, 0x00000003db800000|
|  16|0x00000003dbc00000, 0x00000003dbc00000, 0x00000003dc000000|  0%| F|  |TS  0|AC  0|TAMS 0x00000003dbc00000, 0x00000003dbc00000|
|  17|0x00000003dc000000, 0x00000003dc000000, 0x00000003dc400000|  0%| F|  |TS  0|AC  0|TAMS 0x00000003dc000000, 0x00000003dc000000|
|  18|0x00000003dc400000, 0x00000003dc400000, 0x00000003dc800000|  0%| F|  |TS  0|AC  0|TAMS 0x00000003dc400000, 0x00000003dc400000|
|  19|0x00000003dc800000, 0x00000003dc800000, 0x00000003dcc00000|  0%| F|  |TS  0|AC  0|TAMS 0x00000003dc800000, 0x00000003dc800000|
|  20|0x00000003dcc00000, 0x00000003dcc00000, 0x00000003dd000000|  0%| F|  |TS  0|AC  0|TAMS 0x00000003dcc00000, 0x00000003dcc00000|
|  21|0x00000003dd000000, 0x00000003dd000000, 0x00000003dd400000|  0%| F|  |TS  0|AC  0|TAMS 0x00000003dd000000, 0x00000003dd000000|
|  22|0x00000003dd400000, 0x00000003dd400000, 0x00000003dd800000|  0%| F|  |TS  0|AC  0|TAMS 0x00000003dd400000, 0x00000003dd400000|
|  23|0x00000003dd800000, 0x00000003dd800000, 0x00000003ddc00000|  0%| F|  |TS  0|AC  0|TAMS 0x00000003dd800000, 0x00000003dd800000|
|  24|0x00000003ddc00000, 0x00000003ddc00000, 0x00000003de000000|  0%| F|  |TS  0|AC  0|TAMS 0x00000003ddc00000, 0x00000003ddc00000|
|  25|0x00000003de000000, 0x00000003de000000, 0x00000003de400000|  0%| F|  |TS  0|AC  0|TAMS 0x00000003de000000, 0x00000003de000000|
|  26|0x00000003de400000, 0x00000003de400000, 0x00000003de800000|  0%| F|  |TS  0|AC  0|TAMS 0x00000003de400000, 0x00000003de400000|
|  27|0x00000003de800000, 0x00000003de800000, 0x00000003dec00000|  0%| F|  |TS  0|AC  0|TAMS 0x00000003de800000, 0x00000003de800000|
|  28|0x00000003dec00000, 0x00000003dec00000, 0x00000003df000000|  0%| F|  |TS  0|AC  0|TAMS 0x00000003dec00000, 0x00000003dec00000|
|  29|0x00000003df000000, 0x00000003df000000, 0x00000003df400000|  0%| F|  |TS  0|AC  0|TAMS 0x00000003df000000, 0x00000003df000000|
|  30|0x00000003df400000, 0x00000003df400000, 0x00000003df800000|  0%| F|  |TS  0|AC  0|TAMS 0x00000003df400000, 0x00000003df400000|
|  31|0x00000003df800000, 0x00000003df800000, 0x00000003dfc00000|  0%| F|  |TS  0|AC  0|TAMS 0x00000003df800000, 0x00000003df800000|
|  32|0x00000003dfc00000, 0x00000003dfc00000, 0x00000003e0000000|  0%| F|  |TS  0|AC  0|TAMS 0x00000003dfc00000, 0x00000003dfc00000|
|  33|0x00000003e0000000, 0x00000003e0000000, 0x00000003e0400000|  0%| F|  |TS  0|AC  0|TAMS 0x00000003e0000000, 0x00000003e0000000|
|  34|0x00000003e0400000, 0x00000003e0400000, 0x00000003e0800000|  0%| F|  |TS  0|AC  0|TAMS 0x00000003e0400000, 0x00000003e0400000|
|  35|0x00000003e0800000, 0x00000003e0800000, 0x00000003e0c00000|  0%| F|  |TS  0|AC  0|TAMS 0x00000003e0800000, 0x00000003e0800000|
|  36|0x00000003e0c00000, 0x00000003e0c00000, 0x00000003e1000000|  0%| F|  |TS  0|AC  0|TAMS 0x00000003e0c00000, 0x00000003e0c00000|
|  37|0x00000003e1000000, 0x00000003e1000000, 0x00000003e1400000|  0%| F|  |TS  0|AC  0|TAMS 0x00000003e1000000, 0x00000003e1000000|
|  38|0x00000003e1400000, 0x00000003e1400000, 0x00000003e1800000|  0%| F|  |TS  0|AC  0|TAMS 0x00000003e1400000, 0x00000003e1400000|
|  39|0x00000003e1800000, 0x00000003e1800000, 0x00000003e1c00000|  0%| F|  |TS  0|AC  0|TAMS 0x00000003e1800000, 0x00000003e1800000|
|  40|0x00000003e1c00000, 0x00000003e1c00000, 0x00000003e2000000|  0%| F|  |TS  0|AC  0|TAMS 0x00000003e1c00000, 0x00000003e1c00000|
|  41|0x00000003e2000000, 0x00000003e2000000, 0x00000003e2400000|  0%| F|  |TS  0|AC  0|TAMS 0x00000003e2000000, 0x00000003e2000000|
|  42|0x00000003e2400000, 0x00000003e2400000, 0x00000003e2800000|  0%| F|  |TS  0|AC  0|TAMS 0x00000003e2400000, 0x00000003e2400000|
|  43|0x00000003e2800000, 0x00000003e2800000, 0x00000003e2c00000|  0%| F|  |TS  0|AC  0|TAMS 0x00000003e2800000, 0x00000003e2800000|
|  44|0x00000003e2c00000, 0x00000003e2c00000, 0x00000003e3000000|  0%| F|  |TS  0|AC  0|TAMS 0x00000003e2c00000, 0x00000003e2c00000|
|  45|0x00000003e3000000, 0x00000003e3000000, 0x00000003e3400000|  0%| F|  |TS  0|AC  0|TAMS 0x00000003e3000000, 0x00000003e3000000|
|  46|0x00000003e3400000, 0x00000003e3400000, 0x00000003e3800000|  0%| F|  |TS  0|AC  0|TAMS 0x00000003e3400000, 0x00000003e3400000|
|  47|0x00000003e3800000, 0x00000003e3800000, 0x00000003e3c00000|  0%| F|  |TS  0|AC  0|TAMS 0x00000003e3800000, 0x00000003e3800000|
|  48|0x00000003e3c00000, 0x00000003e3c00000, 0x00000003e4000000|  0%| F|  |TS  0|AC  0|TAMS 0x00000003e3c00000, 0x00000003e3c00000|
|  49|0x00000003e4000000, 0x00000003e4000000, 0x00000003e4400000|  0%| F|  |TS  0|AC  0|TAMS 0x00000003e4000000, 0x00000003e4000000|
|  50|0x00000003e4400000, 0x00000003e4400000, 0x00000003e4800000|  0%| F|  |TS  0|AC  0|TAMS 0x00000003e4400000, 0x00000003e4400000|
|  51|0x00000003e4800000, 0x00000003e4800000, 0x00000003e4c00000|  0%| F|  |TS  0|AC  0|TAMS 0x00000003e4800000, 0x00000003e4800000|
|  52|0x00000003e4c00000, 0x00000003e4c00000, 0x00000003e5000000|  0%| F|  |TS  0|AC  0|TAMS 0x00000003e4c00000, 0x00000003e4c00000|
|  53|0x00000003e5000000, 0x00000003e5000000, 0x00000003e5400000|  0%| F|  |TS  0|AC  0|TAMS 0x00000003e5000000, 0x00000003e5000000|
|  54|0x00000003e5400000, 0x00000003e5400000, 0x00000003e5800000|  0%| F|  |TS  0|AC  0|TAMS 0x00000003e5400000, 0x00000003e5400000|
|  55|0x00000003e5800000, 0x00000003e5800000, 0x00000003e5c00000|  0%| F|  |TS  0|AC  0|TAMS 0x00000003e5800000, 0x00000003e5800000|
|  56|0x00000003e5c00000, 0x00000003e5c00000, 0x00000003e6000000|  0%| F|  |TS  0|AC  0|TAMS 0x00000003e5c00000, 0x00000003e5c00000|
|  57|0x00000003e6000000, 0x00000003e6000000, 0x00000003e6400000|  0%| F|  |TS  0|AC  0|TAMS 0x00000003e6000000, 0x00000003e6000000|
|  58|0x00000003e6400000, 0x00000003e6400000, 0x00000003e6800000|  0%| F|  |TS  0|AC  0|TAMS 0x00000003e6400000, 0x00000003e6400000|
|  59|0x00000003e6800000, 0x00000003e6800000, 0x00000003e6c00000|  0%| F|  |TS  0|AC  0|TAMS 0x00000003e6800000, 0x00000003e6800000|
|  60|0x00000003e6c00000, 0x00000003e6c00000, 0x00000003e7000000|  0%| F|  |TS  0|AC  0|TAMS 0x00000003e6c00000, 0x00000003e6c00000|
|  61|0x00000003e7000000, 0x00000003e7000000, 0x00000003e7400000|  0%| F|  |TS  0|AC  0|TAMS 0x00000003e7000000, 0x00000003e7000000|
|  62|0x00000003e7400000, 0x00000003e7400000, 0x00000003e7800000|  0%| F|  |TS  0|AC  0|TAMS 0x00000003e7400000, 0x00000003e7400000|
|  63|0x00000003e7800000, 0x00000003e7800000, 0x00000003e7c00000|  0%| F|  |TS  0|AC  0|TAMS 0x00000003e7800000, 0x00000003e7800000|
|  64|0x00000003e7c00000, 0x00000003e7c00000, 0x00000003e8000000|  0%| F|  |TS  0|AC  0|TAMS 0x00000003e7c00000, 0x00000003e7c00000|
|  65|0x00000003e8000000, 0x00000003e8000000, 0x00000003e8400000|  0%| F|  |TS  0|AC  0|TAMS 0x00000003e8000000, 0x00000003e8000000|
|  66|0x00000003e8400000, 0x00000003e8400000, 0x00000003e8800000|  0%| F|  |TS  0|AC  0|TAMS 0x00000003e8400000, 0x00000003e8400000|
|  67|0x00000003e8800000, 0x00000003e8800000, 0x00000003e8c00000|  0%| F|  |TS  0|AC  0|TAMS 0x00000003e8800000, 0x00000003e8800000|
|  68|0x00000003e8c00000, 0x00000003e8c00000, 0x00000003e9000000|  0%| F|  |TS  0|AC  0|TAMS 0x00000003e8c00000, 0x00000003e8c00000|
|  69|0x00000003e9000000, 0x00000003e9000000, 0x00000003e9400000|  0%| F|  |TS  0|AC  0|TAMS 0x00000003e9000000, 0x00000003e9000000|
|  70|0x00000003e9400000, 0x00000003e9400000, 0x00000003e9800000|  0%| F|  |TS  0|AC  0|TAMS 0x00000003e9400000, 0x00000003e9400000|
|  71|0x00000003e9800000, 0x00000003e9800000, 0x00000003e9c00000|  0%| F|  |TS  0|AC  0|TAMS 0x00000003e9800000, 0x00000003e9800000|
|  72|0x00000003e9c00000, 0x00000003e9c00000, 0x00000003ea000000|  0%| F|  |TS  0|AC  0|TAMS 0x00000003e9c00000, 0x00000003e9c00000|
|  73|0x00000003ea000000, 0x00000003ea000000, 0x00000003ea400000|  0%| F|  |TS  0|AC  0|TAMS 0x00000003ea000000, 0x00000003ea000000|
|  74|0x00000003ea400000, 0x00000003ea400000, 0x00000003ea800000|  0%| F|  |TS  0|AC  0|TAMS 0x00000003ea400000, 0x00000003ea400000|
|  75|0x00000003ea800000, 0x00000003ea800000, 0x00000003eac00000|  0%| F|  |TS  0|AC  0|TAMS 0x00000003ea800000, 0x00000003ea800000|
|  76|0x00000003eac00000, 0x00000003eac00000, 0x00000003eb000000|  0%| F|  |TS  0|AC  0|TAMS 0x00000003eac00000, 0x00000003eac00000|
|  77|0x00000003eb000000, 0x00000003eb000000, 0x00000003eb400000|  0%| F|  |TS  0|AC  0|TAMS 0x00000003eb000000, 0x00000003eb000000|
|  78|0x00000003eb400000, 0x00000003eb400000, 0x00000003eb800000|  0%| F|  |TS  0|AC  0|TAMS 0x00000003eb400000, 0x00000003eb400000|
|  79|0x00000003eb800000, 0x00000003eb800000, 0x00000003ebc00000|  0%| F|  |TS  0|AC  0|TAMS 0x00000003eb800000, 0x00000003eb800000|
|  80|0x00000003ebc00000, 0x00000003ebc00000, 0x00000003ec000000|  0%| F|  |TS  0|AC  0|TAMS 0x00000003ebc00000, 0x00000003ebc00000|
|  81|0x00000003ec000000, 0x00000003ec000000, 0x00000003ec400000|  0%| F|  |TS  0|AC  0|TAMS 0x00000003ec000000, 0x00000003ec000000|
|  82|0x00000003ec400000, 0x00000003ec400000, 0x00000003ec800000|  0%| F|  |TS  0|AC  0|TAMS 0x00000003ec400000, 0x00000003ec400000|
|  83|0x00000003ec800000, 0x00000003ec800000, 0x00000003ecc00000|  0%| F|  |TS  0|AC  0|TAMS 0x00000003ec800000, 0x00000003ec800000|
|  84|0x00000003ecc00000, 0x00000003ecc00000, 0x00000003ed000000|  0%| F|  |TS  0|AC  0|TAMS 0x00000003ecc00000, 0x00000003ecc00000|
|  85|0x00000003ed000000, 0x00000003ed000000, 0x00000003ed400000|  0%| F|  |TS  0|AC  0|TAMS 0x00000003ed000000, 0x00000003ed000000|
|  86|0x00000003ed400000, 0x00000003ed400000, 0x00000003ed800000|  0%| F|  |TS  0|AC  0|TAMS 0x00000003ed400000, 0x00000003ed400000|
|  87|0x00000003ed800000, 0x00000003ed800000, 0x00000003edc00000|  0%| F|  |TS  0|AC  0|TAMS 0x00000003ed800000, 0x00000003ed800000|
|  88|0x00000003edc00000, 0x00000003edc00000, 0x00000003ee000000|  0%| F|  |TS  0|AC  0|TAMS 0x00000003edc00000, 0x00000003edc00000|
|  89|0x00000003ee000000, 0x00000003ee000000, 0x00000003ee400000|  0%| F|  |TS  0|AC  0|TAMS 0x00000003ee000000, 0x00000003ee000000|
|  90|0x00000003ee400000, 0x00000003ee400000, 0x00000003ee800000|  0%| F|  |TS  0|AC  0|TAMS 0x00000003ee400000, 0x00000003ee400000|
|  91|0x00000003ee800000, 0x00000003ee800000, 0x00000003eec00000|  0%| F|  |TS  0|AC  0|TAMS 0x00000003ee800000, 0x00000003ee800000|
|  92|0x00000003eec00000, 0x00000003eec00000, 0x00000003ef000000|  0%| F|  |TS  0|AC  0|TAMS 0x00000003eec00000, 0x00000003eec00000|
|  93|0x00000003ef000000, 0x00000003ef000000, 0x00000003ef400000|  0%| F|  |TS  0|AC  0|TAMS 0x00000003ef000000, 0x00000003ef000000|
|  94|0x00000003ef400000, 0x00000003ef400000, 0x00000003ef800000|  0%| F|  |TS  0|AC  0|TAMS 0x00000003ef400000, 0x00000003ef400000|
|  95|0x00000003ef800000, 0x00000003ef800000, 0x00000003efc00000|  0%| F|  |TS  0|AC  0|TAMS 0x00000003ef800000, 0x00000003ef800000|
|  96|0x00000003efc00000, 0x00000003efc00000, 0x00000003f0000000|  0%| F|  |TS  0|AC  0|TAMS 0x00000003efc00000, 0x00000003efc00000|
|  97|0x00000003f0000000, 0x00000003f0000000, 0x00000003f0400000|  0%| F|  |TS  0|AC  0|TAMS 0x00000003f0000000, 0x00000003f0000000|
|  98|0x00000003f0400000, 0x00000003f0400000, 0x00000003f0800000|  0%| F|  |TS  0|AC  0|TAMS 0x00000003f0400000, 0x00000003f0400000|
|  99|0x00000003f0800000, 0x00000003f0800000, 0x00000003f0c00000|  0%| F|  |TS  0|AC  0|TAMS 0x00000003f0800000, 0x00000003f0800000|
| 100|0x00000003f0c00000, 0x00000003f0c00000, 0x00000003f1000000|  0%| F|  |TS  0|AC  0|TAMS 0x00000003f0c00000, 0x00000003f0c00000|
| 101|0x00000003f1000000, 0x00000003f1000000, 0x00000003f1400000|  0%| F|  |TS  0|AC  0|TAMS 0x00000003f1000000, 0x00000003f1000000|
| 102|0x00000003f1400000, 0x00000003f1400000, 0x00000003f1800000|  0%| F|  |TS  0|AC  0|TAMS 0x00000003f1400000, 0x00000003f1400000|
| 103|0x00000003f1800000, 0x00000003f1800000, 0x00000003f1c00000|  0%| F|  |TS  0|AC  0|TAMS 0x00000003f1800000, 0x00000003f1800000|
| 104|0x00000003f1c00000, 0x00000003f1c00000, 0x00000003f2000000|  0%| F|  |TS  0|AC  0|TAMS 0x00000003f1c00000, 0x00000003f1c00000|
| 105|0x00000003f2000000, 0x00000003f2000000, 0x00000003f2400000|  0%| F|  |TS  0|AC  0|TAMS 0x00000003f2000000, 0x00000003f2000000|
| 106|0x00000003f2400000, 0x00000003f2400000, 0x00000003f2800000|  0%| F|  |TS  0|AC  0|TAMS 0x00000003f2400000, 0x00000003f2400000|
| 107|0x00000003f2800000, 0x00000003f2800000, 0x00000003f2c00000|  0%| F|  |TS  0|AC  0|TAMS 0x00000003f2800000, 0x00000003f2800000|
| 108|0x00000003f2c00000, 0x00000003f2c00000, 0x00000003f3000000|  0%| F|  |TS  0|AC  0|TAMS 0x00000003f2c00000, 0x00000003f2c00000|
| 109|0x00000003f3000000, 0x00000003f3000000, 0x00000003f3400000|  0%| F|  |TS  0|AC  0|TAMS 0x00000003f3000000, 0x00000003f3000000|
| 110|0x00000003f3400000, 0x00000003f3400000, 0x00000003f3800000|  0%| F|  |TS  0|AC  0|TAMS 0x00000003f3400000, 0x00000003f3400000|
| 111|0x00000003f3800000, 0x00000003f3800000, 0x00000003f3c00000|  0%| F|  |TS  0|AC  0|TAMS 0x00000003f3800000, 0x00000003f3800000|
| 112|0x00000003f3c00000, 0x00000003f3c00000, 0x00000003f4000000|  0%| F|  |TS  0|AC  0|TAMS 0x00000003f3c00000, 0x00000003f3c00000|
| 113|0x00000003f4000000, 0x00000003f4000000, 0x00000003f4400000|  0%| F|  |TS  0|AC  0|TAMS 0x00000003f4000000, 0x00000003f4000000|
| 114|0x00000003f4400000, 0x00000003f4400000, 0x00000003f4800000|  0%| F|  |TS  0|AC  0|TAMS 0x00000003f4400000, 0x00000003f4400000|
| 115|0x00000003f4800000, 0x00000003f4800000, 0x00000003f4c00000|  0%| F|  |TS  0|AC  0|TAMS 0x00000003f4800000, 0x00000003f4800000|
| 116|0x00000003f4c00000, 0x00000003f4c00000, 0x00000003f5000000|  0%| F|  |TS  0|AC  0|TAMS 0x00000003f4c00000, 0x00000003f4c00000|
| 117|0x00000003f5000000, 0x00000003f5000000, 0x00000003f5400000|  0%| F|  |TS  0|AC  0|TAMS 0x00000003f5000000, 0x00000003f5000000|
| 118|0x00000003f5400000, 0x00000003f5400000, 0x00000003f5800000|  0%| F|  |TS  0|AC  0|TAMS 0x00000003f5400000, 0x00000003f5400000|
| 119|0x00000003f5800000, 0x00000003f5800000, 0x00000003f5c00000|  0%| F|  |TS  0|AC  0|TAMS 0x00000003f5800000, 0x00000003f5800000|
| 120|0x00000003f5c00000, 0x00000003f5c00000, 0x00000003f6000000|  0%| F|  |TS  0|AC  0|TAMS 0x00000003f5c00000, 0x00000003f5c00000|
| 121|0x00000003f6000000, 0x00000003f6000000, 0x00000003f6400000|  0%| F|  |TS  0|AC  0|TAMS 0x00000003f6000000, 0x00000003f6000000|
| 122|0x00000003f6400000, 0x00000003f6400000, 0x00000003f6800000|  0%| F|  |TS  0|AC  0|TAMS 0x00000003f6400000, 0x00000003f6400000|
| 123|0x00000003f6800000, 0x00000003f6800000, 0x00000003f6c00000|  0%| F|  |TS  0|AC  0|TAMS 0x00000003f6800000, 0x00000003f6800000|
| 124|0x00000003f6c00000, 0x00000003f6c00000, 0x00000003f7000000|  0%| F|  |TS  0|AC  0|TAMS 0x00000003f6c00000, 0x00000003f6c00000|
| 125|0x00000003f7000000, 0x00000003f7000000, 0x00000003f7400000|  0%| F|  |TS  0|AC  0|TAMS 0x00000003f7000000, 0x00000003f7000000|
| 126|0x00000003f7400000, 0x00000003f7400000, 0x00000003f7800000|  0%| F|  |TS  0|AC  0|TAMS 0x00000003f7400000, 0x00000003f7400000|
| 127|0x00000003f7800000, 0x00000003f7800000, 0x00000003f7c00000|  0%| F|  |TS  0|AC  0|TAMS 0x00000003f7800000, 0x00000003f7800000|
| 128|0x00000003f7c00000, 0x00000003f7c00000, 0x00000003f8000000|  0%| F|  |TS  0|AC  0|TAMS 0x00000003f7c00000, 0x00000003f7c00000|
| 129|0x00000003f8000000, 0x00000003f8000000, 0x00000003f8400000|  0%| F|  |TS  0|AC  0|TAMS 0x00000003f8000000, 0x00000003f8000000|
| 130|0x00000003f8400000, 0x00000003f8400000, 0x00000003f8800000|  0%| F|  |TS  0|AC  0|TAMS 0x00000003f8400000, 0x00000003f8400000|
| 131|0x00000003f8800000, 0x00000003f8800000, 0x00000003f8c00000|  0%| F|  |TS  0|AC  0|TAMS 0x00000003f8800000, 0x00000003f8800000|
| 132|0x00000003f8c00000, 0x00000003f8c00000, 0x00000003f9000000|  0%| F|  |TS  0|AC  0|TAMS 0x00000003f8c00000, 0x00000003f8c00000|
| 133|0x00000003f9000000, 0x00000003f9000000, 0x00000003f9400000|  0%| F|  |TS  0|AC  0|TAMS 0x00000003f9000000, 0x00000003f9000000|
| 134|0x00000003f9400000, 0x00000003f9400000, 0x00000003f9800000|  0%| F|  |TS  0|AC  0|TAMS 0x00000003f9400000, 0x00000003f9400000|
| 135|0x00000003f9800000, 0x00000003f9800000, 0x00000003f9c00000|  0%| F|  |TS  0|AC  0|TAMS 0x00000003f9800000, 0x00000003f9800000|
| 136|0x00000003f9c00000, 0x00000003f9c00000, 0x00000003fa000000|  0%| F|  |TS  0|AC  0|TAMS 0x00000003f9c00000, 0x00000003f9c00000|
| 137|0x00000003fa000000, 0x00000003fa000000, 0x00000003fa400000|  0%| F|  |TS  0|AC  0|TAMS 0x00000003fa000000, 0x00000003fa000000|
| 138|0x00000003fa400000, 0x00000003fa400000, 0x00000003fa800000|  0%| F|  |TS  0|AC  0|TAMS 0x00000003fa400000, 0x00000003fa400000|
| 139|0x00000003fa800000, 0x00000003fa800000, 0x00000003fac00000|  0%| F|  |TS  0|AC  0|TAMS 0x00000003fa800000, 0x00000003fa800000|
| 140|0x00000003fac00000, 0x00000003fac00000, 0x00000003fb000000|  0%| F|  |TS  0|AC  0|TAMS 0x00000003fac00000, 0x00000003fac00000|
| 141|0x00000003fb000000, 0x00000003fb000000, 0x00000003fb400000|  0%| F|  |TS  0|AC  0|TAMS 0x00000003fb000000, 0x00000003fb000000|
| 142|0x00000003fb400000, 0x00000003fb400000, 0x00000003fb800000|  0%| F|  |TS  0|AC  0|TAMS 0x00000003fb400000, 0x00000003fb400000|
| 143|0x00000003fb800000, 0x00000003fb800000, 0x00000003fbc00000|  0%| F|  |TS  0|AC  0|TAMS 0x00000003fb800000, 0x00000003fb800000|
| 144|0x00000003fbc00000, 0x00000003fbc00000, 0x00000003fc000000|  0%| F|  |TS  0|AC  0|TAMS 0x00000003fbc00000, 0x00000003fbc00000|
| 145|0x00000003fc000000, 0x00000003fc000000, 0x00000003fc400000|  0%| F|  |TS  0|AC  0|TAMS 0x00000003fc000000, 0x00000003fc000000|
| 146|0x00000003fc400000, 0x00000003fc400000, 0x00000003fc800000|  0%| F|  |TS  0|AC  0|TAMS 0x00000003fc400000, 0x00000003fc400000|
| 147|0x00000003fc800000, 0x00000003fc800000, 0x00000003fcc00000|  0%| F|  |TS  0|AC  0|TAMS 0x00000003fc800000, 0x00000003fc800000|
| 148|0x00000003fcc00000, 0x00000003fcc00000, 0x00000003fd000000|  0%| F|  |TS  0|AC  0|TAMS 0x00000003fcc00000, 0x00000003fcc00000|
| 149|0x00000003fd000000, 0x00000003fd000000, 0x00000003fd400000|  0%| F|  |TS  0|AC  0|TAMS 0x00000003fd000000, 0x00000003fd000000|
| 150|0x00000003fd400000, 0x00000003fd400000, 0x00000003fd800000|  0%| F|  |TS  0|AC  0|TAMS 0x00000003fd400000, 0x00000003fd400000|
| 151|0x00000003fd800000, 0x00000003fd800000, 0x00000003fdc00000|  0%| F|  |TS  0|AC  0|TAMS 0x00000003fd800000, 0x00000003fd800000|
| 152|0x00000003fdc00000, 0x00000003fdc00000, 0x00000003fe000000|  0%| F|  |TS  0|AC  0|TAMS 0x00000003fdc00000, 0x00000003fdc00000|
| 153|0x00000003fe000000, 0x00000003fe000000, 0x00000003fe400000|  0%| F|  |TS  0|AC  0|TAMS 0x00000003fe000000, 0x00000003fe000000|
| 154|0x00000003fe400000, 0x00000003fe400000, 0x00000003fe800000|  0%| F|  |TS  0|AC  0|TAMS 0x00000003fe400000, 0x00000003fe400000|
| 155|0x00000003fe800000, 0x00000003fe800000, 0x00000003fec00000|  0%| F|  |TS  0|AC  0|TAMS 0x00000003fe800000, 0x00000003fe800000|
| 156|0x00000003fec00000, 0x00000003fec00000, 0x00000003ff000000|  0%| F|  |TS  0|AC  0|TAMS 0x00000003fec00000, 0x00000003fec00000|
| 157|0x00000003ff000000, 0x00000003ff000000, 0x00000003ff400000|  0%| F|  |TS  0|AC  0|TAMS 0x00000003ff000000, 0x00000003ff000000|
| 158|0x00000003ff400000, 0x00000003ff400000, 0x00000003ff800000|  0%| F|  |TS  0|AC  0|TAMS 0x00000003ff400000, 0x00000003ff400000|
| 159|0x00000003ff800000, 0x00000003ff800000, 0x00000003ffc00000|  0%| F|  |TS  0|AC  0|TAMS 0x00000003ff800000, 0x00000003ff800000|
| 160|0x00000003ffc00000, 0x00000003ffc00000, 0x0000000400000000|  0%| F|  |TS  0|AC  0|TAMS 0x00000003ffc00000, 0x00000003ffc00000|
| 161|0x0000000400000000, 0x0000000400000000, 0x0000000400400000|  0%| F|  |TS  0|AC  0|TAMS 0x0000000400000000, 0x0000000400000000|
| 162|0x0000000400400000, 0x0000000400400000, 0x0000000400800000|  0%| F|  |TS  0|AC  0|TAMS 0x0000000400400000, 0x0000000400400000|
| 163|0x0000000400800000, 0x0000000400800000, 0x0000000400c00000|  0%| F|  |TS  0|AC  0|TAMS 0x0000000400800000, 0x0000000400800000|
| 164|0x0000000400c00000, 0x0000000400c00000, 0x0000000401000000|  0%| F|  |TS  0|AC  0|TAMS 0x0000000400c00000, 0x0000000400c00000|
| 165|0x0000000401000000, 0x0000000401000000, 0x0000000401400000|  0%| F|  |TS  0|AC  0|TAMS 0x0000000401000000, 0x0000000401000000|
| 166|0x0000000401400000, 0x0000000401400000, 0x0000000401800000|  0%| F|  |TS  0|AC  0|TAMS 0x0000000401400000, 0x0000000401400000|
| 167|0x0000000401800000, 0x0000000401800000, 0x0000000401c00000|  0%| F|  |TS  0|AC  0|TAMS 0x0000000401800000, 0x0000000401800000|
| 168|0x0000000401c00000, 0x0000000401c00000, 0x0000000402000000|  0%| F|  |TS  0|AC  0|TAMS 0x0000000401c00000, 0x0000000401c00000|
| 169|0x0000000402000000, 0x0000000402000000, 0x0000000402400000|  0%| F|  |TS  0|AC  0|TAMS 0x0000000402000000, 0x0000000402000000|
| 170|0x0000000402400000, 0x0000000402400000, 0x0000000402800000|  0%| F|  |TS  0|AC  0|TAMS 0x0000000402400000, 0x0000000402400000|
| 171|0x0000000402800000, 0x0000000402800000, 0x0000000402c00000|  0%| F|  |TS  0|AC  0|TAMS 0x0000000402800000, 0x0000000402800000|
| 172|0x0000000402c00000, 0x0000000402c00000, 0x0000000403000000|  0%| F|  |TS  0|AC  0|TAMS 0x0000000402c00000, 0x0000000402c00000|
| 173|0x0000000403000000, 0x0000000403000000, 0x0000000403400000|  0%| F|  |TS  0|AC  0|TAMS 0x0000000403000000, 0x0000000403000000|
| 174|0x0000000403400000, 0x0000000403400000, 0x0000000403800000|  0%| F|  |TS  0|AC  0|TAMS 0x0000000403400000, 0x0000000403400000|
| 175|0x0000000403800000, 0x0000000403800000, 0x0000000403c00000|  0%| F|  |TS  0|AC  0|TAMS 0x0000000403800000, 0x0000000403800000|
| 176|0x0000000403c00000, 0x0000000403c00000, 0x0000000404000000|  0%| F|  |TS  0|AC  0|TAMS 0x0000000403c00000, 0x0000000403c00000|
| 177|0x0000000404000000, 0x0000000404000000, 0x0000000404400000|  0%| F|  |TS  0|AC  0|TAMS 0x0000000404000000, 0x0000000404000000|
| 178|0x0000000404400000, 0x0000000404400000, 0x0000000404800000|  0%| F|  |TS  0|AC  0|TAMS 0x0000000404400000, 0x0000000404400000|
| 179|0x0000000404800000, 0x0000000404800000, 0x0000000404c00000|  0%| F|  |TS  0|AC  0|TAMS 0x0000000404800000, 0x0000000404800000|
| 180|0x0000000404c00000, 0x0000000404c00000, 0x0000000405000000|  0%| F|  |TS  0|AC  0|TAMS 0x0000000404c00000, 0x0000000404c00000|
| 181|0x0000000405000000, 0x0000000405000000, 0x0000000405400000|  0%| F|  |TS  0|AC  0|TAMS 0x0000000405000000, 0x0000000405000000|
| 182|0x0000000405400000, 0x0000000405400000, 0x0000000405800000|  0%| F|  |TS  0|AC  0|TAMS 0x0000000405400000, 0x0000000405400000|
| 183|0x0000000405800000, 0x0000000405800000, 0x0000000405c00000|  0%| F|  |TS  0|AC  0|TAMS 0x0000000405800000, 0x0000000405800000|
| 184|0x0000000405c00000, 0x0000000405c00000, 0x0000000406000000|  0%| F|  |TS  0|AC  0|TAMS 0x0000000405c00000, 0x0000000405c00000|
| 185|0x0000000406000000, 0x0000000406000000, 0x0000000406400000|  0%| F|  |TS  0|AC  0|TAMS 0x0000000406000000, 0x0000000406000000|
| 186|0x0000000406400000, 0x0000000406400000, 0x0000000406800000|  0%| F|  |TS  0|AC  0|TAMS 0x0000000406400000, 0x0000000406400000|
| 187|0x0000000406800000, 0x0000000406800000, 0x0000000406c00000|  0%| F|  |TS  0|AC  0|TAMS 0x0000000406800000, 0x0000000406800000|
| 188|0x0000000406c00000, 0x0000000406c00000, 0x0000000407000000|  0%| F|  |TS  0|AC  0|TAMS 0x0000000406c00000, 0x0000000406c00000|
| 189|0x0000000407000000, 0x0000000407000000, 0x0000000407400000|  0%| F|  |TS  0|AC  0|TAMS 0x0000000407000000, 0x0000000407000000|
| 190|0x0000000407400000, 0x0000000407400000, 0x0000000407800000|  0%| F|  |TS  0|AC  0|TAMS 0x0000000407400000, 0x0000000407400000|
| 191|0x0000000407800000, 0x0000000407800000, 0x0000000407c00000|  0%| F|  |TS  0|AC  0|TAMS 0x0000000407800000, 0x0000000407800000|
| 192|0x0000000407c00000, 0x0000000407c00000, 0x0000000408000000|  0%| F|  |TS  0|AC  0|TAMS 0x0000000407c00000, 0x0000000407c00000|
| 193|0x0000000408000000, 0x0000000408000000, 0x0000000408400000|  0%| F|  |TS  0|AC  0|TAMS 0x0000000408000000, 0x0000000408000000|
| 194|0x0000000408400000, 0x0000000408400000, 0x0000000408800000|  0%| F|  |TS  0|AC  0|TAMS 0x0000000408400000, 0x0000000408400000|
| 195|0x0000000408800000, 0x0000000408800000, 0x0000000408c00000|  0%| F|  |TS  0|AC  0|TAMS 0x0000000408800000, 0x0000000408800000|
| 196|0x0000000408c00000, 0x0000000408c00000, 0x0000000409000000|  0%| F|  |TS  0|AC  0|TAMS 0x0000000408c00000, 0x0000000408c00000|
| 197|0x0000000409000000, 0x0000000409000000, 0x0000000409400000|  0%| F|  |TS  0|AC  0|TAMS 0x0000000409000000, 0x0000000409000000|
| 198|0x0000000409400000, 0x0000000409400000, 0x0000000409800000|  0%| F|  |TS  0|AC  0|TAMS 0x0000000409400000, 0x0000000409400000|
| 199|0x0000000409800000, 0x0000000409800000, 0x0000000409c00000|  0%| F|  |TS  0|AC  0|TAMS 0x0000000409800000, 0x0000000409800000|
| 200|0x0000000409c00000, 0x0000000409c00000, 0x000000040a000000|  0%| F|  |TS  0|AC  0|TAMS 0x0000000409c00000, 0x0000000409c00000|
| 201|0x000000040a000000, 0x000000040a000000, 0x000000040a400000|  0%| F|  |TS  0|AC  0|TAMS 0x000000040a000000, 0x000000040a000000|
| 202|0x000000040a400000, 0x000000040a400000, 0x000000040a800000|  0%| F|  |TS  0|AC  0|TAMS 0x000000040a400000, 0x000000040a400000|
| 203|0x000000040a800000, 0x000000040a800000, 0x000000040ac00000|  0%| F|  |TS  0|AC  0|TAMS 0x000000040a800000, 0x000000040a800000|
| 204|0x000000040ac00000, 0x000000040ac00000, 0x000000040b000000|  0%| F|  |TS  0|AC  0|TAMS 0x000000040ac00000, 0x000000040ac00000|
| 205|0x000000040b000000, 0x000000040b000000, 0x000000040b400000|  0%| F|  |TS  0|AC  0|TAMS 0x000000040b000000, 0x000000040b000000|
| 206|0x000000040b400000, 0x000000040b400000, 0x000000040b800000|  0%| F|  |TS  0|AC  0|TAMS 0x000000040b400000, 0x000000040b400000|
| 207|0x000000040b800000, 0x000000040b800000, 0x000000040bc00000|  0%| F|  |TS  0|AC  0|TAMS 0x000000040b800000, 0x000000040b800000|
| 208|0x000000040bc00000, 0x000000040bc00000, 0x000000040c000000|  0%| F|  |TS  0|AC  0|TAMS 0x000000040bc00000, 0x000000040bc00000|
| 209|0x000000040c000000, 0x000000040c000000, 0x000000040c400000|  0%| F|  |TS  0|AC  0|TAMS 0x000000040c000000, 0x000000040c000000|
| 210|0x000000040c400000, 0x000000040c400000, 0x000000040c800000|  0%| F|  |TS  0|AC  0|TAMS 0x000000040c400000, 0x000000040c400000|
| 211|0x000000040c800000, 0x000000040c800000, 0x000000040cc00000|  0%| F|  |TS  0|AC  0|TAMS 0x000000040c800000, 0x000000040c800000|
| 212|0x000000040cc00000, 0x000000040cc00000, 0x000000040d000000|  0%| F|  |TS  0|AC  0|TAMS 0x000000040cc00000, 0x000000040cc00000|
| 213|0x000000040d000000, 0x000000040d000000, 0x000000040d400000|  0%| F|  |TS  0|AC  0|TAMS 0x000000040d000000, 0x000000040d000000|
| 214|0x000000040d400000, 0x000000040d400000, 0x000000040d800000|  0%| F|  |TS  0|AC  0|TAMS 0x000000040d400000, 0x000000040d400000|
| 215|0x000000040d800000, 0x000000040d800000, 0x000000040dc00000|  0%| F|  |TS  0|AC  0|TAMS 0x000000040d800000, 0x000000040d800000|
| 216|0x000000040dc00000, 0x000000040dc00000, 0x000000040e000000|  0%| F|  |TS  0|AC  0|TAMS 0x000000040dc00000, 0x000000040dc00000|
| 217|0x000000040e000000, 0x000000040e000000, 0x000000040e400000|  0%| F|  |TS  0|AC  0|TAMS 0x000000040e000000, 0x000000040e000000|
| 218|0x000000040e400000, 0x000000040e400000, 0x000000040e800000|  0%| F|  |TS  0|AC  0|TAMS 0x000000040e400000, 0x000000040e400000|
| 219|0x000000040e800000, 0x000000040e800000, 0x000000040ec00000|  0%| F|  |TS  0|AC  0|TAMS 0x000000040e800000, 0x000000040e800000|
| 220|0x000000040ec00000, 0x000000040ec00000, 0x000000040f000000|  0%| F|  |TS  0|AC  0|TAMS 0x000000040ec00000, 0x000000040ec00000|
| 221|0x000000040f000000, 0x000000040f000000, 0x000000040f400000|  0%| F|  |TS  0|AC  0|TAMS 0x000000040f000000, 0x000000040f000000|
| 222|0x000000040f400000, 0x000000040f400000, 0x000000040f800000|  0%| F|  |TS  0|AC  0|TAMS 0x000000040f400000, 0x000000040f400000|
| 223|0x000000040f800000, 0x000000040f800000, 0x000000040fc00000|  0%| F|  |TS  0|AC  0|TAMS 0x000000040f800000, 0x000000040f800000|
| 224|0x000000040fc00000, 0x000000040fc00000, 0x0000000410000000|  0%| F|  |TS  0|AC  0|TAMS 0x000000040fc00000, 0x000000040fc00000|
| 225|0x0000000410000000, 0x0000000410000000, 0x0000000410400000|  0%| F|  |TS  0|AC  0|TAMS 0x0000000410000000, 0x0000000410000000|
| 226|0x0000000410400000, 0x0000000410400000, 0x0000000410800000|  0%| F|  |TS  0|AC  0|TAMS 0x0000000410400000, 0x0000000410400000|
| 227|0x0000000410800000, 0x0000000410800000, 0x0000000410c00000|  0%| F|  |TS  0|AC  0|TAMS 0x0000000410800000, 0x0000000410800000|
| 228|0x0000000410c00000, 0x0000000410c00000, 0x0000000411000000|  0%| F|  |TS  0|AC  0|TAMS 0x0000000410c00000, 0x0000000410c00000|
| 229|0x0000000411000000, 0x0000000411000000, 0x0000000411400000|  0%| F|  |TS  0|AC  0|TAMS 0x0000000411000000, 0x0000000411000000|
| 230|0x0000000411400000, 0x0000000411400000, 0x0000000411800000|  0%| F|  |TS  0|AC  0|TAMS 0x0000000411400000, 0x0000000411400000|
| 231|0x0000000411800000, 0x0000000411800000, 0x0000000411c00000|  0%| F|  |TS  0|AC  0|TAMS 0x0000000411800000, 0x0000000411800000|
| 232|0x0000000411c00000, 0x0000000411c00000, 0x0000000412000000|  0%| F|  |TS  0|AC  0|TAMS 0x0000000411c00000, 0x0000000411c00000|
| 233|0x0000000412000000, 0x0000000412000000, 0x0000000412400000|  0%| F|  |TS  0|AC  0|TAMS 0x0000000412000000, 0x0000000412000000|
| 234|0x0000000412400000, 0x0000000412400000, 0x0000000412800000|  0%| F|  |TS  0|AC  0|TAMS 0x0000000412400000, 0x0000000412400000|
| 235|0x0000000412800000, 0x0000000412800000, 0x0000000412c00000|  0%| F|  |TS  0|AC  0|TAMS 0x0000000412800000, 0x0000000412800000|
| 236|0x0000000412c00000, 0x0000000412c00000, 0x0000000413000000|  0%| F|  |TS  0|AC  0|TAMS 0x0000000412c00000, 0x0000000412c00000|
| 237|0x0000000413000000, 0x0000000413000000, 0x0000000413400000|  0%| F|  |TS  0|AC  0|TAMS 0x0000000413000000, 0x0000000413000000|
| 238|0x0000000413400000, 0x0000000413400000, 0x0000000413800000|  0%| F|  |TS  0|AC  0|TAMS 0x0000000413400000, 0x0000000413400000|
| 239|0x0000000413800000, 0x0000000413800000, 0x0000000413c00000|  0%| F|  |TS  0|AC  0|TAMS 0x0000000413800000, 0x0000000413800000|
| 240|0x0000000413c00000, 0x0000000413c00000, 0x0000000414000000|  0%| F|  |TS  0|AC  0|TAMS 0x0000000413c00000, 0x0000000413c00000|
| 241|0x0000000414000000, 0x0000000414000000, 0x0000000414400000|  0%| F|  |TS  0|AC  0|TAMS 0x0000000414000000, 0x0000000414000000|
| 242|0x0000000414400000, 0x0000000414400000, 0x0000000414800000|  0%| F|  |TS  0|AC  0|TAMS 0x0000000414400000, 0x0000000414400000|
| 243|0x0000000414800000, 0x0000000414800000, 0x0000000414c00000|  0%| F|  |TS  0|AC  0|TAMS 0x0000000414800000, 0x0000000414800000|
| 244|0x0000000414c00000, 0x0000000414c00000, 0x0000000415000000|  0%| F|  |TS  0|AC  0|TAMS 0x0000000414c00000, 0x0000000414c00000|
| 245|0x0000000415000000, 0x0000000415000000, 0x0000000415400000|  0%| F|  |TS  0|AC  0|TAMS 0x0000000415000000, 0x0000000415000000|
| 246|0x0000000415400000, 0x0000000415400000, 0x0000000415800000|  0%| F|  |TS  0|AC  0|TAMS 0x0000000415400000, 0x0000000415400000|
| 247|0x0000000415800000, 0x0000000415800000, 0x0000000415c00000|  0%| F|  |TS  0|AC  0|TAMS 0x0000000415800000, 0x0000000415800000|
| 248|0x0000000415c00000, 0x0000000415ee1d08, 0x0000000416000000| 72%| E|  |TS  0|AC  0|TAMS 0x0000000415c00000, 0x0000000415c00000|
| 249|0x0000000416000000, 0x0000000416400000, 0x0000000416400000|100%| E|CS|TS  0|AC  0|TAMS 0x0000000416000000, 0x0000000416000000|
| 250|0x0000000416400000, 0x0000000416800000, 0x0000000416800000|100%| E|CS|TS  0|AC  0|TAMS 0x0000000416400000, 0x0000000416400000|

Card table byte_map: [0x00007f98bc17c000,0x00007f98be0be000] byte_map_base: 0x00007f98ba2be000

Marking Bits (Prev, Next): (CMBitMap*) 0x00007f998009e820, (CMBitMap*) 0x00007f998009e858
 Prev Bits: [0x00007f98a66ae000, 0x00007f98b60be000)
 Next Bits: [0x00007f9896c9e000, 0x00007f98a66ae000)

Polling page: 0x00007f9987783000

CodeHeap 'non-profiled nmethods': size=119172Kb used=140Kb max_used=140Kb free=119031Kb
 bounds [0x00007f996d6e2000, 0x00007f996d952000, 0x00007f9974b43000]
CodeHeap 'profiled nmethods': size=119172Kb used=335Kb max_used=335Kb free=118836Kb
 bounds [0x00007f9966281000, 0x00007f99664f1000, 0x00007f996d6e2000]
CodeHeap 'non-nmethods': size=7416Kb used=2824Kb max_used=2853Kb free=4591Kb
 bounds [0x00007f9965b43000, 0x00007f9965e13000, 0x00007f9966281000]
 total_blobs=637 nmethods=252 adapters=168
 compilation: enabled

Compilation events (10 events):
Event: 0.271 Thread 0x00007f99802ad000 nmethod 240 0x00007f996d6fa310 code [0x00007f996d6fa540, 0x00007f996d6faf88]
Event: 0.273 Thread 0x00007f99802b0800 nmethod 243 0x00007f996d6fb910 code [0x00007f996d6fbb80, 0x00007f996d6fcfe8]
Event: 0.275 Thread 0x00007f99802b4800 nmethod 244 0x00007f996d6fda10 code [0x00007f996d6fdc80, 0x00007f996d6feda8]
Event: 0.281 Thread 0x00007f99802c2800  250       4       Print::logPrint (8 bytes)
Event: 0.281 Thread 0x00007f99802b2800  251   !   4       java.io.PrintStream::write (83 bytes)
Event: 0.290 Thread 0x00007f99802af000  252   !   4       java.io.PrintStream::newLine (73 bytes)
Event: 0.302 Thread 0x00007f99802b2800 nmethod 251 0x00007f996d6ff690 code [0x00007f996d6ff8a0, 0x00007f996d7004d8]
Event: 0.305 Thread 0x00007f99802af000 nmethod 252 0x00007f996d700c90 code [0x00007f996d700ee0, 0x00007f996d701ce8]
Event: 0.311 Thread 0x00007f99802c2800 nmethod 250 0x00007f996d702590 code [0x00007f996d702860, 0x00007f996d704020]
Event: 0.494 Thread 0x00007f99802c8800  253 %     3       org.eclipse.core.runtime.adaptor.EclipseStarter::main @ 154 (708 bytes)

GC Heap History (0 events):
No events

Deoptimization events (0 events):
No events

Classes redefined (0 events):
No events

Internal exceptions (0 events):
No events

Events (10 events):
Event: 0.242 Thread 0x00007f9980011800 DEOPT PACKING pc=0x00007f99662b4924 sp=0x00007f9985e2e210
Event: 0.242 Thread 0x00007f9980011800 DEOPT UNPACKING pc=0x00007f9965b90aab sp=0x00007f9985e2d7f8 mode 0
Event: 0.242 Thread 0x00007f9980011800 DEOPT PACKING pc=0x00007f99662b4924 sp=0x00007f9985e2e210
Event: 0.242 Thread 0x00007f9980011800 DEOPT UNPACKING pc=0x00007f9965b90aab sp=0x00007f9985e2d7f8 mode 0
Event: 0.242 Thread 0x00007f9980011800 DEOPT PACKING pc=0x00007f99662b4924 sp=0x00007f9985e2e210
Event: 0.242 Thread 0x00007f9980011800 DEOPT UNPACKING pc=0x00007f9965b90aab sp=0x00007f9985e2d7f8 mode 0
Event: 0.242 Thread 0x00007f9980011800 DEOPT PACKING pc=0x00007f99662b4924 sp=0x00007f9985e2e210
Event: 0.242 Thread 0x00007f9980011800 DEOPT UNPACKING pc=0x00007f9965b90aab sp=0x00007f9985e2d7f8 mode 0
Event: 0.242 Thread 0x00007f9980011800 DEOPT PACKING pc=0x00007f99662b4924 sp=0x00007f9985e2e210
Event: 0.242 Thread 0x00007f9980011800 DEOPT UNPACKING pc=0x00007f9965b90aab sp=0x00007f9985e2d7f8 mode 0


Dynamic libraries:
00400000-00401000 r-xp 00000000 00:65 77077150                           /root/oracle/jdk-9.0.4/bin/java
00600000-00601000 rw-p 00000000 00:65 77077150                           /root/oracle/jdk-9.0.4/bin/java
024e8000-02509000 rw-p 00000000 00:00 0                                  [heap]
3d7c00000-416800000 rw-p 00000000 00:00 0 
416800000-7c0000000 ---p 00000000 00:00 0 
7c0000000-7c0080000 rw-p 00000000 00:00 0 
7c0080000-800000000 ---p 00000000 00:00 0 
7f9824000000-7f9824021000 rw-p 00000000 00:00 0 
7f9824021000-7f9828000000 ---p 00000000 00:00 0 
7f982c000000-7f982c021000 rw-p 00000000 00:00 0 
7f982c021000-7f9830000000 ---p 00000000 00:00 0 
7f9830000000-7f9830021000 rw-p 00000000 00:00 0 
7f9830021000-7f9834000000 ---p 00000000 00:00 0 
7f9834000000-7f983404c000 rw-p 00000000 00:00 0 
7f983404c000-7f9838000000 ---p 00000000 00:00 0 
7f9838000000-7f9838021000 rw-p 00000000 00:00 0 
7f9838021000-7f983c000000 ---p 00000000 00:00 0 
7f983c000000-7f983c023000 rw-p 00000000 00:00 0 
7f983c023000-7f9840000000 ---p 00000000 00:00 0 
7f9840000000-7f984007f000 rw-p 00000000 00:00 0 
7f984007f000-7f9844000000 ---p 00000000 00:00 0 
7f9844000000-7f984416d000 rw-p 00000000 00:00 0 
7f984416d000-7f9848000000 ---p 00000000 00:00 0 
7f9848000000-7f9848021000 rw-p 00000000 00:00 0 
7f9848021000-7f984c000000 ---p 00000000 00:00 0 
7f984c000000-7f984c115000 rw-p 00000000 00:00 0 
7f984c115000-7f9850000000 ---p 00000000 00:00 0 
7f9850000000-7f9850103000 rw-p 00000000 00:00 0 
7f9850103000-7f9854000000 ---p 00000000 00:00 0 
7f9854000000-7f9854117000 rw-p 00000000 00:00 0 
7f9854117000-7f9858000000 ---p 00000000 00:00 0 
7f9858000000-7f9858186000 rw-p 00000000 00:00 0 
7f9858186000-7f985c000000 ---p 00000000 00:00 0 
7f985c000000-7f985c144000 rw-p 00000000 00:00 0 
7f985c144000-7f9860000000 ---p 00000000 00:00 0 
7f9860000000-7f9860227000 rw-p 00000000 00:00 0 
7f9860227000-7f9864000000 ---p 00000000 00:00 0 
7f9864000000-7f9864021000 rw-p 00000000 00:00 0 
7f9864021000-7f9868000000 ---p 00000000 00:00 0 
7f9868000000-7f98681ab000 rw-p 00000000 00:00 0 
7f98681ab000-7f986c000000 ---p 00000000 00:00 0 
7f986c000000-7f986c021000 rw-p 00000000 00:00 0 
7f986c021000-7f9870000000 ---p 00000000 00:00 0 
7f9870000000-7f9870021000 rw-p 00000000 00:00 0 
7f9870021000-7f9874000000 ---p 00000000 00:00 0 
7f9874000000-7f9874021000 rw-p 00000000 00:00 0 
7f9874021000-7f9878000000 ---p 00000000 00:00 0 
7f9878000000-7f9878021000 rw-p 00000000 00:00 0 
7f9878021000-7f987c000000 ---p 00000000 00:00 0 
7f987d890000-7f987dbbe000 rw-p 00000000 00:00 0 
7f987dbbe000-7f987dbbf000 ---p 00000000 00:00 0 
7f987dbbf000-7f987dcc0000 rw-p 00000000 00:00 0 
7f987dcc0000-7f987dcc4000 ---p 00000000 00:00 0 
7f987dcc4000-7f987ddc1000 rw-p 00000000 00:00 0 
7f987ddc1000-7f987ddc5000 ---p 00000000 00:00 0 
7f987ddc5000-7f987dec2000 rw-p 00000000 00:00 0 
7f987dec2000-7f987ded8000 r-xp 00000000 00:65 77077477                   /root/oracle/jdk-9.0.4/lib/libnet.so
7f987ded8000-7f987e0d8000 ---p 00016000 00:65 77077477                   /root/oracle/jdk-9.0.4/lib/libnet.so
7f987e0d8000-7f987e0d9000 rw-p 00016000 00:65 77077477                   /root/oracle/jdk-9.0.4/lib/libnet.so
7f987e0d9000-7f987e0e9000 r-xp 00000000 00:65 77077594                   /root/oracle/jdk-9.0.4/lib/libnio.so
7f987e0e9000-7f987e2e9000 ---p 00010000 00:65 77077594                   /root/oracle/jdk-9.0.4/lib/libnio.so
7f987e2e9000-7f987e2ea000 rw-p 00010000 00:65 77077594                   /root/oracle/jdk-9.0.4/lib/libnio.so
7f987e2ea000-7f987e2ee000 ---p 00000000 00:00 0 
7f987e2ee000-7f987e3eb000 rw-p 00000000 00:00 0 
7f987e3eb000-7f987e3ef000 ---p 00000000 00:00 0 
7f987e3ef000-7f987e4ec000 rw-p 00000000 00:00 0 
7f987e4ec000-7f987e4f0000 ---p 00000000 00:00 0 
7f987e4f0000-7f987e5ed000 rw-p 00000000 00:00 0 
7f987e5ed000-7f987e5f1000 ---p 00000000 00:00 0 
7f987e5f1000-7f987e6ee000 rw-p 00000000 00:00 0 
7f987e6ee000-7f987e6f2000 ---p 00000000 00:00 0 
7f987e6f2000-7f987e7ef000 rw-p 00000000 00:00 0 
7f987e7ef000-7f987e7f3000 ---p 00000000 00:00 0 
7f987e7f3000-7f987e8f0000 rw-p 00000000 00:00 0 
7f987e8f0000-7f987e8f4000 ---p 00000000 00:00 0 
7f987e8f4000-7f987e9f1000 rw-p 00000000 00:00 0 
7f987e9f1000-7f987e9f5000 ---p 00000000 00:00 0 
7f987e9f5000-7f987eaf2000 rw-p 00000000 00:00 0 
7f987eaf2000-7f987eaf6000 ---p 00000000 00:00 0 
7f987eaf6000-7f987ebf3000 rw-p 00000000 00:00 0 
7f987ebf3000-7f987ebf7000 ---p 00000000 00:00 0 
7f987ebf7000-7f987ecf4000 rw-p 00000000 00:00 0 
7f987ecf4000-7f987ecf8000 ---p 00000000 00:00 0 
7f987ecf8000-7f987edf5000 rw-p 00000000 00:00 0 
7f987edf5000-7f987edf9000 ---p 00000000 00:00 0 
7f987edf9000-7f987eef6000 rw-p 00000000 00:00 0 
7f987eef6000-7f987eefa000 ---p 00000000 00:00 0 
7f987eefa000-7f987eff7000 rw-p 00000000 00:00 0 
7f987eff7000-7f987effb000 ---p 00000000 00:00 0 
7f987effb000-7f987f0f8000 rw-p 00000000 00:00 0 
7f987f0f8000-7f987f0fc000 ---p 00000000 00:00 0 
7f987f0fc000-7f987f1f9000 rw-p 00000000 00:00 0 
7f987f1f9000-7f987f1fd000 ---p 00000000 00:00 0 
7f987f1fd000-7f987f2fa000 rw-p 00000000 00:00 0 
7f987f2fa000-7f987f2fb000 ---p 00000000 00:00 0 
7f987f2fb000-7f987f83c000 rw-p 00000000 00:00 0 
7f987f83c000-7f987fbfc000 ---p 00000000 00:00 0 
7f987fbfc000-7f9880000000 rw-p 00000000 00:00 0 
7f9880000000-7f9880021000 rw-p 00000000 00:00 0 
7f9880021000-7f9884000000 ---p 00000000 00:00 0 
7f9884000000-7f9884021000 rw-p 00000000 00:00 0 
7f9884021000-7f9888000000 ---p 00000000 00:00 0 
7f9888000000-7f9888021000 rw-p 00000000 00:00 0 
7f9888021000-7f988c000000 ---p 00000000 00:00 0 
7f988c000000-7f988c021000 rw-p 00000000 00:00 0 
7f988c021000-7f9890000000 ---p 00000000 00:00 0 
7f9890000000-7f9890021000 rw-p 00000000 00:00 0 
7f9890021000-7f9894000000 ---p 00000000 00:00 0 
7f989401c000-7f9894c9e000 rw-p 00000000 00:00 0 
7f9894c9e000-7f9896c9e000 rwxp 00000000 00:00 0 
7f9896c9e000-7f9897c4e000 rw-p 00000000 00:00 0 
7f9897c4e000-7f98a66ae000 ---p 00000000 00:00 0 
7f98a66ae000-7f98a765e000 rw-p 00000000 00:00 0 
7f98a765e000-7f98b60be000 ---p 00000000 00:00 0 
7f98b60be000-7f98b62b4000 rw-p 00000000 00:00 0 
7f98b62b4000-7f98b8000000 ---p 00000000 00:00 0 
7f98b8000000-7f98b8021000 rw-p 00000000 00:00 0 
7f98b8021000-7f98bc000000 ---p 00000000 00:00 0 
7f98bc020000-7f98bc372000 rw-p 00000000 00:00 0 
7f98bc372000-7f98c0000000 ---p 00000000 00:00 0 
7f98c0000000-7f98c0021000 rw-p 00000000 00:00 0 
7f98c0021000-7f98c4000000 ---p 00000000 00:00 0 
7f98c4000000-7f98c4021000 rw-p 00000000 00:00 0 
7f98c4021000-7f98c8000000 ---p 00000000 00:00 0 
7f98c8000000-7f98c8021000 rw-p 00000000 00:00 0 
7f98c8021000-7f98cc000000 ---p 00000000 00:00 0 
7f98cc000000-7f98cc021000 rw-p 00000000 00:00 0 
7f98cc021000-7f98d0000000 ---p 00000000 00:00 0 
7f98d0000000-7f98d0021000 rw-p 00000000 00:00 0 
7f98d0021000-7f98d4000000 ---p 00000000 00:00 0 
7f98d4000000-7f98d4021000 rw-p 00000000 00:00 0 
7f98d4021000-7f98d8000000 ---p 00000000 00:00 0 
7f98d8000000-7f98d8021000 rw-p 00000000 00:00 0 
7f98d8021000-7f98dc000000 ---p 00000000 00:00 0 
7f98dc000000-7f98dc021000 rw-p 00000000 00:00 0 
7f98dc021000-7f98e0000000 ---p 00000000 00:00 0 
7f98e0000000-7f98e0021000 rw-p 00000000 00:00 0 
7f98e0021000-7f98e4000000 ---p 00000000 00:00 0 
7f98e4000000-7f98e4021000 rw-p 00000000 00:00 0 
7f98e4021000-7f98e8000000 ---p 00000000 00:00 0 
7f98e8000000-7f98e8021000 rw-p 00000000 00:00 0 
7f98e8021000-7f98ec000000 ---p 00000000 00:00 0 
7f98ec000000-7f98ec021000 rw-p 00000000 00:00 0 
7f98ec021000-7f98f0000000 ---p 00000000 00:00 0 
7f98f0000000-7f98f0021000 rw-p 00000000 00:00 0 
7f98f0021000-7f98f4000000 ---p 00000000 00:00 0 
7f98f4000000-7f98f4021000 rw-p 00000000 00:00 0 
7f98f4021000-7f98f8000000 ---p 00000000 00:00 0 
7f98f8000000-7f98f8021000 rw-p 00000000 00:00 0 
7f98f8021000-7f98fc000000 ---p 00000000 00:00 0 
7f98fc000000-7f98fc021000 rw-p 00000000 00:00 0 
7f98fc021000-7f9900000000 ---p 00000000 00:00 0 
7f9900000000-7f9900021000 rw-p 00000000 00:00 0 
7f9900021000-7f9904000000 ---p 00000000 00:00 0 
7f9904022000-7f9904325000 rw-p 00000000 00:00 0 
7f9904325000-7f9904326000 ---p 00000000 00:00 0 
7f9904326000-7f9904427000 rw-p 00000000 00:00 0 
7f9904427000-7f9904428000 ---p 00000000 00:00 0 
7f9904428000-7f9904529000 rw-p 00000000 00:00 0 
7f9904529000-7f990452a000 ---p 00000000 00:00 0 
7f990452a000-7f990462b000 rw-p 00000000 00:00 0 
7f990462b000-7f990462c000 ---p 00000000 00:00 0 
7f990462c000-7f990472d000 rw-p 00000000 00:00 0 
7f990472d000-7f990472e000 ---p 00000000 00:00 0 
7f990472e000-7f990482f000 rw-p 00000000 00:00 0 
7f990482f000-7f9904830000 ---p 00000000 00:00 0 
7f9904830000-7f9905012000 rw-p 00000000 00:00 0 
7f9905012000-7f9906d5e000 ---p 00000000 00:00 0 
7f9906d5e000-7f9906ddc000 rw-p 00000000 00:00 0 
7f9906ddc000-7f9906ddd000 ---p 00000000 00:00 0 
7f9906ddd000-7f9906ede000 rw-p 00000000 00:00 0 
7f9906ede000-7f9906edf000 ---p 00000000 00:00 0 
7f9906edf000-7f9906fe0000 rw-p 00000000 00:00 0 
7f9906fe0000-7f9906fe1000 ---p 00000000 00:00 0 
7f9906fe1000-7f99070e2000 rw-p 00000000 00:00 0 
7f99070e2000-7f99070e3000 ---p 00000000 00:00 0 
7f99070e3000-7f99071e4000 rw-p 00000000 00:00 0 
7f99071e4000-7f99071e5000 ---p 00000000 00:00 0 
7f99071e5000-7f99072e6000 rw-p 00000000 00:00 0 
7f99072e6000-7f99072e7000 ---p 00000000 00:00 0 
7f99072e7000-7f99073e8000 rw-p 00000000 00:00 0 
7f99073e8000-7f99073e9000 ---p 00000000 00:00 0 
7f99073e9000-7f99074ea000 rw-p 00000000 00:00 0 
7f99074ea000-7f99074eb000 ---p 00000000 00:00 0 
7f99074eb000-7f99075ec000 rw-p 00000000 00:00 0 
7f99075ec000-7f99075ed000 ---p 00000000 00:00 0 
7f99075ed000-7f99076ee000 rw-p 00000000 00:00 0 
7f99076ee000-7f99076ef000 ---p 00000000 00:00 0 
7f99076ef000-7f99077f0000 rw-p 00000000 00:00 0 
7f99077f0000-7f99077f1000 ---p 00000000 00:00 0 
7f99077f1000-7f99078f2000 rw-p 00000000 00:00 0 
7f99078f2000-7f99078f3000 ---p 00000000 00:00 0 
7f99078f3000-7f99079f4000 rw-p 00000000 00:00 0 
7f99079f4000-7f99079f5000 ---p 00000000 00:00 0 
7f99079f5000-7f9907af6000 rw-p 00000000 00:00 0 
7f9907af6000-7f9907af7000 ---p 00000000 00:00 0 
7f9907af7000-7f9907bf8000 rw-p 00000000 00:00 0 
7f9907bf8000-7f9907bf9000 ---p 00000000 00:00 0 
7f9907bf9000-7f9907cfa000 rw-p 00000000 00:00 0 
7f9907cfa000-7f9907cfb000 ---p 00000000 00:00 0 
7f9907cfb000-7f9907dfc000 rw-p 00000000 00:00 0 
7f9907dfc000-7f9907dfd000 ---p 00000000 00:00 0 
7f9907dfd000-7f9907efe000 rw-p 00000000 00:00 0 
7f9907efe000-7f9907eff000 ---p 00000000 00:00 0 
7f9907eff000-7f9908000000 rw-p 00000000 00:00 0 
7f9908000000-7f9908021000 rw-p 00000000 00:00 0 
7f9908021000-7f990c000000 ---p 00000000 00:00 0 
7f990c000000-7f990c021000 rw-p 00000000 00:00 0 
7f990c021000-7f9910000000 ---p 00000000 00:00 0 
7f9910000000-7f9910021000 rw-p 00000000 00:00 0 
7f9910021000-7f9914000000 ---p 00000000 00:00 0 
7f9914000000-7f9914021000 rw-p 00000000 00:00 0 
7f9914021000-7f9918000000 ---p 00000000 00:00 0 
7f9918000000-7f9918021000 rw-p 00000000 00:00 0 
7f9918021000-7f991c000000 ---p 00000000 00:00 0 
7f991c000000-7f991c021000 rw-p 00000000 00:00 0 
7f991c021000-7f9920000000 ---p 00000000 00:00 0 
7f9920000000-7f9920021000 rw-p 00000000 00:00 0 
7f9920021000-7f9924000000 ---p 00000000 00:00 0 
7f9924000000-7f9924021000 rw-p 00000000 00:00 0 
7f9924021000-7f9928000000 ---p 00000000 00:00 0 
7f9928000000-7f9928021000 rw-p 00000000 00:00 0 
7f9928021000-7f992c000000 ---p 00000000 00:00 0 
7f992c000000-7f992c021000 rw-p 00000000 00:00 0 
7f992c021000-7f9930000000 ---p 00000000 00:00 0 
7f9930000000-7f9930021000 rw-p 00000000 00:00 0 
7f9930021000-7f9934000000 ---p 00000000 00:00 0 
7f9934000000-7f9934021000 rw-p 00000000 00:00 0 
7f9934021000-7f9938000000 ---p 00000000 00:00 0 
7f9938000000-7f9938021000 rw-p 00000000 00:00 0 
7f9938021000-7f993c000000 ---p 00000000 00:00 0 
7f993c000000-7f993c021000 rw-p 00000000 00:00 0 
7f993c021000-7f9940000000 ---p 00000000 00:00 0 
7f9940000000-7f9940021000 rw-p 00000000 00:00 0 
7f9940021000-7f9944000000 ---p 00000000 00:00 0 
7f9944000000-7f9944021000 rw-p 00000000 00:00 0 
7f9944021000-7f9948000000 ---p 00000000 00:00 0 
7f9948000000-7f9948021000 rw-p 00000000 00:00 0 
7f9948021000-7f994c000000 ---p 00000000 00:00 0 
7f994c000000-7f994c021000 rw-p 00000000 00:00 0 
7f994c021000-7f9950000000 ---p 00000000 00:00 0 
7f9950000000-7f9950021000 rw-p 00000000 00:00 0 
7f9950021000-7f9954000000 ---p 00000000 00:00 0 
7f9954000000-7f9954021000 rw-p 00000000 00:00 0 
7f9954021000-7f9958000000 ---p 00000000 00:00 0 
7f9958000000-7f9958021000 rw-p 00000000 00:00 0 
7f9958021000-7f995c000000 ---p 00000000 00:00 0 
7f995c000000-7f995c021000 rw-p 00000000 00:00 0 
7f995c021000-7f9960000000 ---p 00000000 00:00 0 
7f9960000000-7f9960021000 rw-p 00000000 00:00 0 
7f9960021000-7f9964000000 ---p 00000000 00:00 0 
7f9964021000-7f9964022000 ---p 00000000 00:00 0 
7f9964022000-7f9964123000 rw-p 00000000 00:00 0 
7f9964123000-7f9964124000 ---p 00000000 00:00 0 
7f9964124000-7f9964225000 rw-p 00000000 00:00 0 
7f9964225000-7f9964226000 ---p 00000000 00:00 0 
7f9964226000-7f996573b000 rw-p 00000000 00:00 0 
7f996573b000-7f996573c000 ---p 00000000 00:00 0 
7f996573c000-7f996583d000 rw-p 00000000 00:00 0 
7f996583d000-7f996583e000 ---p 00000000 00:00 0 
7f996583e000-7f996593f000 rw-p 00000000 00:00 0 
7f996593f000-7f9965940000 ---p 00000000 00:00 0 
7f9965940000-7f9965a41000 rw-p 00000000 00:00 0 
7f9965a41000-7f9965a42000 ---p 00000000 00:00 0 
7f9965a42000-7f9965b43000 rw-p 00000000 00:00 0 
7f9965b43000-7f9965e13000 rwxp 00000000 00:00 0 
7f9965e13000-7f9966281000 ---p 00000000 00:00 0 
7f9966281000-7f99664f1000 rwxp 00000000 00:00 0 
7f99664f1000-7f996d6e2000 ---p 00000000 00:00 0 
7f996d6e2000-7f996d952000 rwxp 00000000 00:00 0 
7f996d952000-7f9974b43000 ---p 00000000 00:00 0 
7f9974b43000-7f9980000000 r--s 00000000 00:65 77077560                   /root/oracle/jdk-9.0.4/lib/modules
7f9980000000-7f9980410000 rw-p 00000000 00:00 0 
7f9980410000-7f9984000000 ---p 00000000 00:00 0 
7f9984012000-7f998406b000 rw-p 00000000 00:00 0 
7f998406b000-7f998406c000 ---p 00000000 00:00 0 
7f998406c000-7f998416d000 rw-p 00000000 00:00 0 
7f998416d000-7f998416e000 ---p 00000000 00:00 0 
7f998416e000-7f998426f000 rw-p 00000000 00:00 0 
7f998426f000-7f9984270000 ---p 00000000 00:00 0 
7f9984270000-7f9984371000 rw-p 00000000 00:00 0 
7f9984371000-7f9984372000 ---p 00000000 00:00 0 
7f9984372000-7f9984473000 rw-p 00000000 00:00 0 
7f9984473000-7f9984474000 ---p 00000000 00:00 0 
7f9984474000-7f9984575000 rw-p 00000000 00:00 0 
7f9984575000-7f9984576000 ---p 00000000 00:00 0 
7f9984576000-7f9984677000 rw-p 00000000 00:00 0 
7f9984677000-7f9984678000 ---p 00000000 00:00 0 
7f9984678000-7f9984779000 rw-p 00000000 00:00 0 
7f9984779000-7f998477a000 ---p 00000000 00:00 0 
7f998477a000-7f998487b000 rw-p 00000000 00:00 0 
7f998487b000-7f998487c000 ---p 00000000 00:00 0 
7f998487c000-7f998497d000 rw-p 00000000 00:00 0 
7f998497d000-7f998497e000 ---p 00000000 00:00 0 
7f998497e000-7f9984a7f000 rw-p 00000000 00:00 0 
7f9984a7f000-7f9984a80000 ---p 00000000 00:00 0 
7f9984a80000-7f9984b81000 rw-p 00000000 00:00 0 
7f9984b81000-7f9984b82000 ---p 00000000 00:00 0 
7f9984b82000-7f9984c83000 rw-p 00000000 00:00 0 
7f9984c83000-7f9984c84000 ---p 00000000 00:00 0 
7f9984c84000-7f9984d85000 rw-p 00000000 00:00 0 
7f9984d85000-7f9984d86000 ---p 00000000 00:00 0 
7f9984d86000-7f9984e87000 rw-p 00000000 00:00 0 
7f9984e87000-7f9984e88000 ---p 00000000 00:00 0 
7f9984e88000-7f9984f89000 rw-p 00000000 00:00 0 
7f9984f89000-7f9984f8a000 ---p 00000000 00:00 0 
7f9984f8a000-7f9985090000 rw-p 00000000 00:00 0 
7f9985090000-7f9985174000 ---p 00000000 00:00 0 
7f9985174000-7f9985179000 rw-p 00000000 00:00 0 
7f9985179000-7f998525d000 ---p 00000000 00:00 0 
7f998525d000-7f9985263000 rw-p 00000000 00:00 0 
7f9985263000-7f998526c000 ---p 00000000 00:00 0 
7f998526c000-7f99852bc000 rw-p 00000000 00:00 0 
7f99852bc000-7f9985499000 r--s 03e31000 00:65 101727669                  /usr/local/java/jdk1.8.0_301/jre/lib/rt.jar
7f9985499000-7f99854b3000 r-xp 00000000 00:65 77077435                   /root/oracle/jdk-9.0.4/lib/libjimage.so
7f99854b3000-7f99856b2000 ---p 0001a000 00:65 77077435                   /root/oracle/jdk-9.0.4/lib/libjimage.so
7f99856b2000-7f99856b4000 rw-p 00019000 00:65 77077435                   /root/oracle/jdk-9.0.4/lib/libjimage.so
7f99856b4000-7f99856c6000 rw-p 00000000 00:00 0 
7f99856c6000-7f99856cd000 r-xp 00000000 00:65 77083131                   /root/oracle/jdk-9.0.4/lib/libzip.so
7f99856cd000-7f99858cc000 ---p 00007000 00:65 77083131                   /root/oracle/jdk-9.0.4/lib/libzip.so
7f99858cc000-7f99858cd000 rw-p 00006000 00:65 77083131                   /root/oracle/jdk-9.0.4/lib/libzip.so
7f99858cd000-7f99858d0000 r--p 00000000 00:65 165034530                  /usr/lib/x86_64-linux-gnu/libnss_files-2.31.so
7f99858d0000-7f99858d7000 r-xp 00003000 00:65 165034530                  /usr/lib/x86_64-linux-gnu/libnss_files-2.31.so
7f99858d7000-7f99858d9000 r--p 0000a000 00:65 165034530                  /usr/lib/x86_64-linux-gnu/libnss_files-2.31.so
7f99858d9000-7f99858da000 r--p 0000b000 00:65 165034530                  /usr/lib/x86_64-linux-gnu/libnss_files-2.31.so
7f99858da000-7f99858db000 rw-p 0000c000 00:65 165034530                  /usr/lib/x86_64-linux-gnu/libnss_files-2.31.so
7f99858db000-7f99858e1000 rw-p 00000000 00:00 0 
7f99858e9000-7f99858ea000 rw-p 00000000 00:00 0 
7f99858ea000-7f9985915000 r-xp 00000000 00:65 77077470                   /root/oracle/jdk-9.0.4/lib/libjava.so
7f9985915000-7f9985b14000 ---p 0002b000 00:65 77077470                   /root/oracle/jdk-9.0.4/lib/libjava.so
7f9985b14000-7f9985b16000 rw-p 0002a000 00:65 77077470                   /root/oracle/jdk-9.0.4/lib/libjava.so
7f9985b16000-7f9985b23000 r-xp 00000000 00:65 77077494                   /root/oracle/jdk-9.0.4/lib/libverify.so
7f9985b23000-7f9985d22000 ---p 0000d000 00:65 77077494                   /root/oracle/jdk-9.0.4/lib/libverify.so
7f9985d22000-7f9985d24000 rw-p 0000c000 00:65 77077494                   /root/oracle/jdk-9.0.4/lib/libverify.so
7f9985d24000-7f9985d27000 r--p 00000000 00:65 165034636                  /usr/lib/x86_64-linux-gnu/librt-2.31.so
7f9985d27000-7f9985d2b000 r-xp 00003000 00:65 165034636                  /usr/lib/x86_64-linux-gnu/librt-2.31.so
7f9985d2b000-7f9985d2c000 r--p 00007000 00:65 165034636                  /usr/lib/x86_64-linux-gnu/librt-2.31.so
7f9985d2c000-7f9985d2d000 ---p 00008000 00:65 165034636                  /usr/lib/x86_64-linux-gnu/librt-2.31.so
7f9985d2d000-7f9985d2e000 r--p 00008000 00:65 165034636                  /usr/lib/x86_64-linux-gnu/librt-2.31.so
7f9985d2e000-7f9985d2f000 rw-p 00009000 00:65 165034636                  /usr/lib/x86_64-linux-gnu/librt-2.31.so
7f9985d2f000-7f9985d30000 ---p 00000000 00:00 0 
7f9985d30000-7f9985d31000 rw-p 00000000 00:00 0 
7f9985d31000-7f9985d35000 ---p 00000000 00:00 0 
7f9985d35000-7f9985e30000 rw-p 00000000 00:00 0 
7f9985e30000-7f9985e3f000 r--p 00000000 00:65 165034468                  /usr/lib/x86_64-linux-gnu/libm-2.31.so
7f9985e3f000-7f9985ee6000 r-xp 0000f000 00:65 165034468                  /usr/lib/x86_64-linux-gnu/libm-2.31.so
7f9985ee6000-7f9985f7d000 r--p 000b6000 00:65 165034468                  /usr/lib/x86_64-linux-gnu/libm-2.31.so
7f9985f7d000-7f9985f7e000 r--p 0014c000 00:65 165034468                  /usr/lib/x86_64-linux-gnu/libm-2.31.so
7f9985f7e000-7f9985f7f000 rw-p 0014d000 00:65 165034468                  /usr/lib/x86_64-linux-gnu/libm-2.31.so
7f9985f7f000-7f9986f94000 r-xp 00000000 00:65 77083135                   /root/oracle/jdk-9.0.4/lib/server/libjvm.so
7f9986f94000-7f9987193000 ---p 01015000 00:65 77083135                   /root/oracle/jdk-9.0.4/lib/server/libjvm.so
7f9987193000-7f9987264000 r--p 01014000 00:65 77083135                   /root/oracle/jdk-9.0.4/lib/server/libjvm.so
7f9987264000-7f998729b000 rw-p 010e5000 00:65 77083135                   /root/oracle/jdk-9.0.4/lib/server/libjvm.so
7f998729b000-7f9987306000 rw-p 00000000 00:00 0 
7f9987306000-7f998732b000 r--p 00000000 00:65 165034165                  /usr/lib/x86_64-linux-gnu/libc-2.31.so
7f998732b000-7f99874a3000 r-xp 00025000 00:65 165034165                  /usr/lib/x86_64-linux-gnu/libc-2.31.so
7f99874a3000-7f99874ed000 r--p 0019d000 00:65 165034165                  /usr/lib/x86_64-linux-gnu/libc-2.31.so
7f99874ed000-7f99874ee000 ---p 001e7000 00:65 165034165                  /usr/lib/x86_64-linux-gnu/libc-2.31.so
7f99874ee000-7f99874f1000 r--p 001e7000 00:65 165034165                  /usr/lib/x86_64-linux-gnu/libc-2.31.so
7f99874f1000-7f99874f4000 rw-p 001ea000 00:65 165034165                  /usr/lib/x86_64-linux-gnu/libc-2.31.so
7f99874f4000-7f99874f8000 rw-p 00000000 00:00 0 
7f99874f8000-7f99874f9000 r--p 00000000 00:65 165034236                  /usr/lib/x86_64-linux-gnu/libdl-2.31.so
7f99874f9000-7f99874fb000 r-xp 00001000 00:65 165034236                  /usr/lib/x86_64-linux-gnu/libdl-2.31.so
7f99874fb000-7f99874fc000 r--p 00003000 00:65 165034236                  /usr/lib/x86_64-linux-gnu/libdl-2.31.so
7f99874fc000-7f99874fd000 r--p 00003000 00:65 165034236                  /usr/lib/x86_64-linux-gnu/libdl-2.31.so
7f99874fd000-7f99874fe000 rw-p 00004000 00:65 165034236                  /usr/lib/x86_64-linux-gnu/libdl-2.31.so
7f99874fe000-7f998750c000 r-xp 00000000 00:65 77083142                   /root/oracle/jdk-9.0.4/lib/jli/libjli.so
7f998750c000-7f998770c000 ---p 0000e000 00:65 77083142                   /root/oracle/jdk-9.0.4/lib/jli/libjli.so
7f998770c000-7f998770d000 rw-p 0000e000 00:65 77083142                   /root/oracle/jdk-9.0.4/lib/jli/libjli.so
7f998770d000-7f9987714000 r--p 00000000 00:65 165034610                  /usr/lib/x86_64-linux-gnu/libpthread-2.31.so
7f9987714000-7f9987725000 r-xp 00007000 00:65 165034610                  /usr/lib/x86_64-linux-gnu/libpthread-2.31.so
7f9987725000-7f998772a000 r--p 00018000 00:65 165034610                  /usr/lib/x86_64-linux-gnu/libpthread-2.31.so
7f998772a000-7f998772b000 r--p 0001c000 00:65 165034610                  /usr/lib/x86_64-linux-gnu/libpthread-2.31.so
7f998772b000-7f998772c000 rw-p 0001d000 00:65 165034610                  /usr/lib/x86_64-linux-gnu/libpthread-2.31.so
7f998772c000-7f9987730000 rw-p 00000000 00:00 0 
7f9987730000-7f9987732000 r--p 00000000 00:65 165034796                  /usr/lib/x86_64-linux-gnu/libz.so.1.2.11
7f9987732000-7f9987743000 r-xp 00002000 00:65 165034796                  /usr/lib/x86_64-linux-gnu/libz.so.1.2.11
7f9987743000-7f9987749000 r--p 00013000 00:65 165034796                  /usr/lib/x86_64-linux-gnu/libz.so.1.2.11
7f9987749000-7f998774a000 ---p 00019000 00:65 165034796                  /usr/lib/x86_64-linux-gnu/libz.so.1.2.11
7f998774a000-7f998774b000 r--p 00019000 00:65 165034796                  /usr/lib/x86_64-linux-gnu/libz.so.1.2.11
7f998774b000-7f998774c000 rw-p 0001a000 00:65 165034796                  /usr/lib/x86_64-linux-gnu/libz.so.1.2.11
7f998774c000-7f9987754000 rw-s 00000000 00:65 71965686                   /tmp/hsperfdata_root/18924
7f9987754000-7f9987757000 rw-p 00000000 00:00 0 
7f9987757000-7f9987758000 r--p 00000000 00:65 165033992                  /usr/lib/x86_64-linux-gnu/ld-2.31.so
7f9987758000-7f998777b000 r-xp 00001000 00:65 165033992                  /usr/lib/x86_64-linux-gnu/ld-2.31.so
7f998777b000-7f9987783000 r--p 00024000 00:65 165033992                  /usr/lib/x86_64-linux-gnu/ld-2.31.so
7f9987783000-7f9987784000 r--p 00000000 00:00 0 
7f9987784000-7f9987785000 r--p 0002c000 00:65 165033992                  /usr/lib/x86_64-linux-gnu/ld-2.31.so
7f9987785000-7f9987786000 rw-p 0002d000 00:65 165033992                  /usr/lib/x86_64-linux-gnu/ld-2.31.so
7f9987786000-7f9987787000 rw-p 00000000 00:00 0 
7ffe8c811000-7ffe8c832000 rw-p 00000000 00:00 0                          [stack]
7ffe8c948000-7ffe8c94b000 r--p 00000000 00:00 0                          [vvar]
7ffe8c94b000-7ffe8c94c000 r-xp 00000000 00:00 0                          [vdso]
ffffffffff600000-ffffffffff601000 --xp 00000000 00:00 0                  [vsyscall]

VM Arguments:
jvm_args: -Xbootclasspath/a:/usr/local/java/jdk1.8.0_301/jre/lib/rt.jar -Xverify:none 
java_command: org.eclipse.core.runtime.adaptor.EclipseStarter -debug
java_class_path (initial): ./sootOutput/eclipse/
Launcher Type: SUN_STANDARD

Logging:
Log output configuration:
#0: stdout all=warning uptime,level,tags
#1: stderr all=off uptime,level,tags

Environment Variables:
JAVA_HOME=/root/oracle/jdk-9.0.4
JRE_HOME=/root/oracle/jdk-9.0.4
CLASSPATH=.:/root/oracle/jdk-9.0.4/lib:/JVMfuzzing/htm/CFSynthesis/resource/commons-lang3-3.12.0/commons-lang3-3.12.0.jar
PATH=/root/oracle/jdk-9.0.4/bin:/root/.vscode-server/bin/da76f93349a72022ca4670c1b84860304616aaa2/bin/remote-cli:/root/oracle/jdk-9.0.4/bin:/usr/local/sbin:/usr/local/bin:/usr/sbin:/usr/bin:/sbin:/bin:/usr/games:/usr/local/games:/snap/bin
SHELL=/bin/bash

Signal Handlers:
SIGSEGV: [libjvm.so+0xd4d370], sa_mask[0]=11111111011111111101111111111110, sa_flags=SA_RESTART|SA_SIGINFO
SIGBUS: [libjvm.so+0xd4d370], sa_mask[0]=11111111011111111101111111111110, sa_flags=SA_RESTART|SA_SIGINFO
SIGFPE: [libjvm.so+0xd4d370], sa_mask[0]=11111111011111111101111111111110, sa_flags=SA_RESTART|SA_SIGINFO
SIGPIPE: [libjvm.so+0xb64780], sa_mask[0]=11111111011111111101111111111110, sa_flags=SA_RESTART|SA_SIGINFO
SIGXFSZ: [libjvm.so+0xb64780], sa_mask[0]=11111111011111111101111111111110, sa_flags=SA_RESTART|SA_SIGINFO
SIGILL: [libjvm.so+0xd4d370], sa_mask[0]=11111111011111111101111111111110, sa_flags=SA_RESTART|SA_SIGINFO
SIGUSR2: [libjvm.so+0xb64640], sa_mask[0]=00100000000000000000000000000000, sa_flags=SA_RESTART|SA_SIGINFO
SIGHUP: [libjvm.so+0xb64850], sa_mask[0]=11111111011111111101111111111110, sa_flags=SA_RESTART|SA_SIGINFO
SIGINT: [libjvm.so+0xb64850], sa_mask[0]=11111111011111111101111111111110, sa_flags=SA_RESTART|SA_SIGINFO
SIGTERM: [libjvm.so+0xb64850], sa_mask[0]=11111111011111111101111111111110, sa_flags=SA_RESTART|SA_SIGINFO
SIGQUIT: [libjvm.so+0xb64850], sa_mask[0]=11111111011111111101111111111110, sa_flags=SA_RESTART|SA_SIGINFO


---------------  S Y S T E M  ---------------

OS:DISTRIB_ID=Ubuntu
DISTRIB_RELEASE=20.04
DISTRIB_CODENAME=focal
DISTRIB_DESCRIPTION="Ubuntu 20.04.3 LTS"
uname:Linux 5.4.0-124-generic #140~18.04.1-Ubuntu SMP Fri Aug 5 11:43:34 UTC 2022 x86_64
libc:glibc 2.31 NPTL 2.31 
rlimit: STACK 8192k, CORE infinity, NPROC infinity, NOFILE 1048576, AS infinity
load average:37.13 38.11 37.73

/proc/meminfo:
MemTotal:       65549624 kB
MemFree:        10942956 kB
MemAvailable:   37615260 kB
Buffers:         5871576 kB
Cached:          3307272 kB
SwapCached:         8096 kB
Active:         28331492 kB
Inactive:        6108792 kB
Active(anon):   21265692 kB
Inactive(anon):  4017124 kB
Active(file):    7065800 kB
Inactive(file):  2091668 kB
Unevictable:          16 kB
Mlocked:              16 kB
SwapTotal:       2097148 kB
SwapFree:             16 kB
Dirty:             22684 kB
Writeback:             4 kB
AnonPages:      25254744 kB
Mapped:           823236 kB
Shmem:             25624 kB
KReclaimable:   18246760 kB
Slab:           19417440 kB
SReclaimable:   18246760 kB
SUnreclaim:      1170680 kB
KernelStack:       79056 kB
PageTables:       230648 kB
NFS_Unstable:          0 kB
Bounce:                0 kB
WritebackTmp:          0 kB
CommitLimit:    34871960 kB
Committed_AS:   79382620 kB
VmallocTotal:   34359738367 kB
VmallocUsed:      161808 kB
VmallocChunk:          0 kB
Percpu:            32512 kB
HardwareCorrupted:     0 kB
AnonHugePages:         0 kB
ShmemHugePages:        0 kB
ShmemPmdMapped:        0 kB
FileHugePages:         0 kB
FilePmdMapped:         0 kB
CmaTotal:              0 kB
CmaFree:               0 kB
HugePages_Total:       0
HugePages_Free:        0
HugePages_Rsvd:        0
HugePages_Surp:        0
Hugepagesize:       2048 kB
Hugetlb:               0 kB
DirectMap4k:    15497632 kB
DirectMap2M:    51298304 kB
DirectMap1G:           0 kB


CPU:total 28 (initial active 28) (14 cores per cpu, 2 threads per core) family 6 model 85 stepping 4, cmov, cx8, fxsr, mmx, sse, sse2, sse3, ssse3, sse4.1, sse4.2, popcnt, avx, avx2, aes, clmul, erms, rtm, 3dnowpref, lzcnt, ht, tsc, tscinvbit, bmi1, bmi2, adx, fma
CPU Model and flags from /proc/cpuinfo:
model name	: Intel(R) Core(TM) i9-9940X CPU @ 3.30GHz
flags		: fpu vme de pse tsc msr pae mce cx8 apic sep mtrr pge mca cmov pat pse36 clflush dts acpi mmx fxsr sse sse2 ss ht tm pbe syscall nx pdpe1gb rdtscp lm constant_tsc art arch_perfmon pebs bts rep_good nopl xtopology nonstop_tsc cpuid aperfmperf pni pclmulqdq dtes64 monitor ds_cpl vmx est tm2 ssse3 sdbg fma cx16 xtpr pdcm pcid dca sse4_1 sse4_2 x2apic movbe popcnt tsc_deadline_timer aes xsave avx f16c rdrand lahf_lm abm 3dnowprefetch cpuid_fault epb cat_l3 cdp_l3 invpcid_single pti ssbd mba ibrs ibpb stibp tpr_shadow vnmi flexpriority ept vpid ept_ad fsgsbase tsc_adjust bmi1 hle avx2 smep bmi2 erms invpcid rtm cqm mpx rdt_a avx512f avx512dq rdseed adx smap clflushopt clwb intel_pt avx512cd avx512bw avx512vl xsaveopt xsavec xgetbv1 xsaves cqm_llc cqm_occup_llc cqm_mbm_total cqm_mbm_local dtherm ida arat pln pts hwp hwp_act_window hwp_epp hwp_pkg_req md_clear flush_l1d arch_capabilities

Memory: 4k page, physical 65549624k(10942956k free), swap 2097148k(16k free)

vm_info: Java HotSpot(TM) 64-Bit Server VM (9.0.4+11) for linux-amd64 JRE (9.0.4+11), built on Dec 19 2017 18:12:19 by "mach5one" with gcc 4.9.2

END.
