#
# A fatal error has been detected by the Java Runtime Environment:
#
#  SIGSEGV (0xb) at pc=0x00007ff7516cdb2c, pid=30498, tid=30563
#
# JRE version: Java(TM) SE Runtime Environment (9.0+11) (build 9.0.4+11)
# Java VM: Java HotSpot(TM) 64-Bit Server VM (9.0.4+11, mixed mode, tiered, compressed oops, g1 gc, linux-amd64)
# Problematic frame:
# V  [libjvm.so+0x48eb2c]  Canonicalizer::do_If(If*)+0x1c
#
# Core dump will be written. Default location: Core dumps may be processed with "/usr/share/apport/apport -p%p -s%s -c%c -d%d -P%P -u%u -g%g -- %E" (or dumping to /JVMfuzzing/zjy/classming/Fuzzing-Testing-of-JVM-Implementations/core.30498)
#
# If you would like to submit a bug report, please visit:
#   http://bugreport.java.com/bugreport/crash.jsp
#

---------------  S U M M A R Y ------------

Command Line: -Xbootclasspath/a:/usr/local/java/jdk1.8.0_301/jre/lib/rt.jar -Xverify:none org.eclipse.core.runtime.adaptor.EclipseStarter -debug

Host: Intel(R) Core(TM) i9-9940X CPU @ 3.30GHz, 28 cores, 62G, Ubuntu 20.04.3 LTS
Time: Thu Nov  3 09:01:43 2022 UTC elapsed time: 0 seconds (0d 0h 0m 0s)

---------------  T H R E A D  ---------------

Current thread (0x00007ff74c2bf000):  JavaThread "C1 CompilerThread10" daemon [_thread_in_native, id=30563, stack(0x00007ff64980f000,0x00007ff649910000)]


Current CompileTask:
C1:    737  258 %     3       org.eclipse.core.runtime.adaptor.EclipseStarter::main @ 535 (1531 bytes)

Stack: [0x00007ff64980f000,0x00007ff649910000],  sp=0x00007ff64990e0c0,  free space=1020k
Native frames: (J=compiled Java code, A=aot compiled Java code, j=interpreted, Vv=VM code, C=native code)
V  [libjvm.so+0x48eb2c]  Canonicalizer::do_If(If*)+0x1c
V  [libjvm.so+0x4a0452]  GraphBuilder::append_with_bci(Instruction*, int)+0x42
V  [libjvm.so+0x4a3526]  GraphBuilder::if_node(Instruction*, Instruction::Condition, Instruction*, ValueStack*)+0x2a6
V  [libjvm.so+0x4b1873]  GraphBuilder::iterate_bytecodes_for_block(int)+0x1e83
V  [libjvm.so+0x4b1ad5]  GraphBuilder::iterate_all_blocks(bool)+0x85
V  [libjvm.so+0x4b1ec9]  GraphBuilder::GraphBuilder(Compilation*, IRScope*)+0x389
V  [libjvm.so+0x4b70a8]  IR::IR(Compilation*, ciMethod*, int)+0x1e8
V  [libjvm.so+0x497832]  Compilation::build_hir() [clone .part.93]+0x162
V  [libjvm.so+0x499633]  Compilation::compile_java_method()+0x3c3
V  [libjvm.so+0x4997af]  Compilation::compile_method()+0x12f
V  [libjvm.so+0x499c31]  Compilation::Compilation(AbstractCompiler*, ciEnv*, ciMethod*, int, BufferBlob*, DirectiveSet*)+0x271
V  [libjvm.so+0x49ac1e]  Compiler::compile_method(ciEnv*, ciMethod*, int, DirectiveSet*)+0xae
V  [libjvm.so+0x6125ac]  CompileBroker::invoke_compiler_on_method(CompileTask*)+0x41c
V  [libjvm.so+0x61344b]  CompileBroker::compiler_thread_loop()+0x28b
V  [libjvm.so+0xcef338]  JavaThread::thread_main_inner()+0xd8
V  [libjvm.so+0xb6e132]  thread_native_entry(Thread*)+0xf2
C  [libpthread.so.0+0x9609]  start_thread+0xd9


siginfo: si_signo: 11 (SIGSEGV), si_code: 1 (SEGV_MAPERR), si_addr: 0x0000000000000018

Register to memory mapping:

RAX=0x0000000000000000 is an unknown value
RBX=0x00007ff618346d00 is an unknown value
RCX=0x00007ff64990e800 is pointing into the stack for thread: 0x00007ff74c2bf000
RDX=0x00007ff618346d00 is an unknown value
RSP=0x00007ff64990e0c0 is pointing into the stack for thread: 0x00007ff74c2bf000
RBP=0x00007ff64990e130 is pointing into the stack for thread: 0x00007ff74c2bf000
RSI=0x00007ff618346d00 is an unknown value
RDI=0x00007ff64990e160 is pointing into the stack for thread: 0x00007ff74c2bf000
R8 =0x00007ff618346a00 is an unknown value
R9 =0x0000000000000037 is an unknown value
R10=0x0000000000000100 is an unknown value
R11=0x0000000000000000 is an unknown value
R12=0x00007ff618346da0 is an unknown value
R13=0x00007ff64990e460 is pointing into the stack for thread: 0x00007ff74c2bf000
R14=0x00007ff618346d00 is an unknown value
R15=0x00007ff618346da0 is an unknown value


Registers:
RAX=0x0000000000000000, RBX=0x00007ff618346d00, RCX=0x00007ff64990e800, RDX=0x00007ff618346d00
RSP=0x00007ff64990e0c0, RBP=0x00007ff64990e130, RSI=0x00007ff618346d00, RDI=0x00007ff64990e160
R8 =0x00007ff618346a00, R9 =0x0000000000000037, R10=0x0000000000000100, R11=0x0000000000000000
R12=0x00007ff618346da0, R13=0x00007ff64990e460, R14=0x00007ff618346d00, R15=0x00007ff618346da0
RIP=0x00007ff7516cdb2c, EFLAGS=0x0000000000010206, CSGSFS=0x002b000000000033, ERR=0x0000000000000004
  TRAPNO=0x000000000000000e

Top of Stack: (sp=0x00007ff64990e0c0)
0x00007ff64990e0c0:   00007ff64990e140 00007ff7516437a1
0x00007ff64990e0d0:   00007ff618371110 0000000000000000
0x00007ff64990e0e0:   00007ff64990e110 00007ff7516fa598
0x00007ff64990e0f0:   00007ff62419a5d0 00007ff64990e160 

Instructions: (pc=0x00007ff7516cdb2c)
0x00007ff7516cdb0c:   ff 90 66 90 55 48 89 e5 41 57 41 56 41 55 41 54
0x00007ff7516cdb1c:   53 48 89 f3 48 83 ec 48 48 8b 46 70 48 89 7d c8
0x00007ff7516cdb2c:   48 8b 78 18 48 8b 07 ff 50 18 84 c0 0f 85 a2 00
0x00007ff7516cdb3c:   00 00 4c 8b 63 70 48 8b 83 80 00 00 00 49 39 c4 


---------------  P R O C E S S  ---------------

Java Threads: ( => current thread )
  0x00007ff74c3a0800 JavaThread "Service Thread" daemon [_thread_blocked, id=30567, stack(0x00007ff648fb2000,0x00007ff6490b3000)]
  0x00007ff74c2d1800 JavaThread "Common-Cleaner" daemon [_thread_blocked, id=30566, stack(0x00007ff6490b3000,0x00007ff6491b4000)]
  0x00007ff74c2c2800 JavaThread "Sweeper thread" daemon [_thread_blocked, id=30565, stack(0x00007ff64960d000,0x00007ff64970e000)]
  0x00007ff74c2c1000 JavaThread "C1 CompilerThread11" daemon [_thread_blocked, id=30564, stack(0x00007ff64970e000,0x00007ff64980f000)]
=>0x00007ff74c2bf000 JavaThread "C1 CompilerThread10" daemon [_thread_in_native, id=30563, stack(0x00007ff64980f000,0x00007ff649910000)]
  0x00007ff74c2bd800 JavaThread "C1 CompilerThread9" daemon [_thread_blocked, id=30562, stack(0x00007ff649910000,0x00007ff649a11000)]
  0x00007ff74c2bb800 JavaThread "C1 CompilerThread8" daemon [_thread_blocked, id=30561, stack(0x00007ff649a11000,0x00007ff649b12000)]
  0x00007ff74c2b9800 JavaThread "C2 CompilerThread7" daemon [_thread_blocked, id=30560, stack(0x00007ff649b12000,0x00007ff649c13000)]
  0x00007ff74c2b8000 JavaThread "C2 CompilerThread6" daemon [_thread_blocked, id=30559, stack(0x00007ff649c13000,0x00007ff649d14000)]
  0x00007ff74c2b6000 JavaThread "C2 CompilerThread5" daemon [_thread_blocked, id=30558, stack(0x00007ff649d14000,0x00007ff649e15000)]
  0x00007ff74c2b4800 JavaThread "C2 CompilerThread4" daemon [_thread_blocked, id=30557, stack(0x00007ff649e15000,0x00007ff649f16000)]
  0x00007ff74c2b2800 JavaThread "C2 CompilerThread3" daemon [_thread_blocked, id=30556, stack(0x00007ff649f16000,0x00007ff64a017000)]
  0x00007ff74c2b1000 JavaThread "C2 CompilerThread2" daemon [_thread_blocked, id=30555, stack(0x00007ff64a017000,0x00007ff64a118000)]
  0x00007ff74c2af000 JavaThread "C2 CompilerThread1" daemon [_thread_blocked, id=30554, stack(0x00007ff64a118000,0x00007ff64a219000)]
  0x00007ff74c2ad000 JavaThread "C2 CompilerThread0" daemon [_thread_blocked, id=30553, stack(0x00007ff64a219000,0x00007ff64a31a000)]
  0x00007ff74c2ab000 JavaThread "Signal Dispatcher" daemon [_thread_blocked, id=30552, stack(0x00007ff64a31a000,0x00007ff64a41b000)]
  0x00007ff74c291000 JavaThread "Finalizer" daemon [_thread_blocked, id=30551, stack(0x00007ff64a41b000,0x00007ff64a51c000)]
  0x00007ff74c288800 JavaThread "Reference Handler" daemon [_thread_blocked, id=30550, stack(0x00007ff64a51c000,0x00007ff64a61d000)]
  0x00007ff74c011800 JavaThread "main" [_thread_in_native, id=30500, stack(0x00007ff750ff1000,0x00007ff7510f0000)]

Other Threads:
  0x00007ff74c281000 VMThread "VM Thread" [stack: 0x00007ff64a61f000,0x00007ff64a71f000] [id=30549]
  0x00007ff74c3a3800 WatcherThread [stack: 0x00007ff648eb2000,0x00007ff648fb2000] [id=30568]
  0x00007ff74c034000 GCTaskThread "GC Thread#0" [stack: 0x00007ff75024b000,0x00007ff75034b000] [id=30502]
  0x00007ff74c035800 GCTaskThread "GC Thread#1" [stack: 0x00007ff750149000,0x00007ff750249000] [id=30503]
  0x00007ff74c037000 GCTaskThread "GC Thread#2" [stack: 0x00007ff750047000,0x00007ff750147000] [id=30504]
  0x00007ff74c039000 GCTaskThread "GC Thread#3" [stack: 0x00007ff731a43000,0x00007ff731b43000] [id=30505]
  0x00007ff74c03a800 GCTaskThread "GC Thread#4" [stack: 0x00007ff731941000,0x00007ff731a41000] [id=30506]
  0x00007ff74c03c800 GCTaskThread "GC Thread#5" [stack: 0x00007ff73183f000,0x00007ff73193f000] [id=30507]
  0x00007ff74c03e000 GCTaskThread "GC Thread#6" [stack: 0x00007ff73173d000,0x00007ff73183d000] [id=30508]
  0x00007ff74c03f800 GCTaskThread "GC Thread#7" [stack: 0x00007ff73163b000,0x00007ff73173b000] [id=30509]
  0x00007ff74c041800 GCTaskThread "GC Thread#8" [stack: 0x00007ff731539000,0x00007ff731639000] [id=30510]
  0x00007ff74c043000 GCTaskThread "GC Thread#9" [stack: 0x00007ff731437000,0x00007ff731537000] [id=30511]
  0x00007ff74c045000 GCTaskThread "GC Thread#10" [stack: 0x00007ff731335000,0x00007ff731435000] [id=30512]
  0x00007ff74c046800 GCTaskThread "GC Thread#11" [stack: 0x00007ff731233000,0x00007ff731333000] [id=30513]
  0x00007ff74c048800 GCTaskThread "GC Thread#12" [stack: 0x00007ff731131000,0x00007ff731231000] [id=30514]
  0x00007ff74c04a000 GCTaskThread "GC Thread#13" [stack: 0x00007ff73102f000,0x00007ff73112f000] [id=30515]
  0x00007ff74c04c000 GCTaskThread "GC Thread#14" [stack: 0x00007ff730f2d000,0x00007ff73102d000] [id=30516]
  0x00007ff74c04d800 GCTaskThread "GC Thread#15" [stack: 0x00007ff730e2b000,0x00007ff730f2b000] [id=30517]
  0x00007ff74c04f800 GCTaskThread "GC Thread#16" [stack: 0x00007ff730d29000,0x00007ff730e29000] [id=30518]
  0x00007ff74c051000 GCTaskThread "GC Thread#17" [stack: 0x00007ff730c27000,0x00007ff730d27000] [id=30519]
  0x00007ff74c052800 GCTaskThread "GC Thread#18" [stack: 0x00007ff730b25000,0x00007ff730c25000] [id=30520]
  0x00007ff74c054800 GCTaskThread "GC Thread#19" [stack: 0x00007ff730a23000,0x00007ff730b23000] [id=30521]
  0x00007ff74c09f800 ConcurrentGCThread "G1 Main Marker" [stack: 0x00007ff662931000,0x00007ff662a31000] [id=30543]
  0x00007ff74c0a1000 ConcurrentGCThread "G1 Marker#0" [stack: 0x00007ff66282f000,0x00007ff66292f000] [id=30544]
  0x00007ff74c0a3000 ConcurrentGCThread "G1 Marker#1" [stack: 0x00007ff66272d000,0x00007ff66282d000] [id=30545]
  0x00007ff74c0a4800 ConcurrentGCThread "G1 Marker#2" [stack: 0x00007ff66262b000,0x00007ff66272b000] [id=30546]
  0x00007ff74c0a6800 ConcurrentGCThread "G1 Marker#3" [stack: 0x00007ff662529000,0x00007ff662629000] [id=30547]
  0x00007ff74c0a8000 ConcurrentGCThread "G1 Marker#4" [stack: 0x00007ff662427000,0x00007ff662527000] [id=30548]
  0x00007ff74c079000 ConcurrentGCThread "G1 Refine#0" [stack: 0x00007ff6e21d0000,0x00007ff6e22d0000] [id=30541]
  0x00007ff74c077000 ConcurrentGCThread "G1 Refine#1" [stack: 0x00007ff6e22d2000,0x00007ff6e23d2000] [id=30540]
  0x00007ff74c075000 ConcurrentGCThread "G1 Refine#2" [stack: 0x00007ff6e23d4000,0x00007ff6e24d4000] [id=30539]
  0x00007ff74c073800 ConcurrentGCThread "G1 Refine#3" [stack: 0x00007ff6e24d6000,0x00007ff6e25d6000] [id=30538]
  0x00007ff74c071800 ConcurrentGCThread "G1 Refine#4" [stack: 0x00007ff6e25d8000,0x00007ff6e26d8000] [id=30537]
  0x00007ff74c070000 ConcurrentGCThread "G1 Refine#5" [stack: 0x00007ff6e26da000,0x00007ff6e27da000] [id=30536]
  0x00007ff74c06e000 ConcurrentGCThread "G1 Refine#6" [stack: 0x00007ff6e27dc000,0x00007ff6e28dc000] [id=30535]
  0x00007ff74c06c800 ConcurrentGCThread "G1 Refine#7" [stack: 0x00007ff6e28de000,0x00007ff6e29de000] [id=30534]
  0x00007ff74c06a800 ConcurrentGCThread "G1 Refine#8" [stack: 0x00007ff6e29e0000,0x00007ff6e2ae0000] [id=30533]
  0x00007ff74c069000 ConcurrentGCThread "G1 Refine#9" [stack: 0x00007ff6e2ae2000,0x00007ff6e2be2000] [id=30532]
  0x00007ff74c067000 ConcurrentGCThread "G1 Refine#10" [stack: 0x00007ff6e2be4000,0x00007ff6e2ce4000] [id=30531]
  0x00007ff74c065000 ConcurrentGCThread "G1 Refine#11" [stack: 0x00007ff6e2ce6000,0x00007ff6e2de6000] [id=30530]
  0x00007ff74c063800 ConcurrentGCThread "G1 Refine#12" [stack: 0x00007ff6e2de8000,0x00007ff6e2ee8000] [id=30529]
  0x00007ff74c061800 ConcurrentGCThread "G1 Refine#13" [stack: 0x00007ff6e2eea000,0x00007ff6e2fea000] [id=30528]
  0x00007ff74c060000 ConcurrentGCThread "G1 Refine#14" [stack: 0x00007ff6e2fec000,0x00007ff6e30ec000] [id=30527]
  0x00007ff74c05e000 ConcurrentGCThread "G1 Refine#15" [stack: 0x00007ff6e30ee000,0x00007ff6e31ee000] [id=30526]
  0x00007ff74c05c800 ConcurrentGCThread "G1 Refine#16" [stack: 0x00007ff6e31f0000,0x00007ff6e32f0000] [id=30525]
  0x00007ff74c05a800 ConcurrentGCThread "G1 Refine#17" [stack: 0x00007ff6e32f2000,0x00007ff6e33f2000] [id=30524]
  0x00007ff74c059000 ConcurrentGCThread "G1 Refine#18" [stack: 0x00007ff6e33f4000,0x00007ff6e34f4000] [id=30523]
  0x00007ff74c057000 ConcurrentGCThread "G1 Refine#19" [stack: 0x00007ff6e34f6000,0x00007ff6e35f6000] [id=30522]
  0x00007ff74c07a800 ConcurrentGCThread "G1 Young RemSet Sampling" [stack: 0x00007ff6e20ce000,0x00007ff6e21ce000] [id=30542]

Threads with active compile tasks:
C1 CompilerThread10 258 %     3       org.eclipse.core.runtime.adaptor.EclipseStarter::main @ 535 (1531 bytes)

VM state:not at safepoint (normal execution)

VM Mutex/Monitor currently owned by a thread: None

Heap address: 0x00000003d7c00000, size: 16004 MB, Compressed Oops mode: Zero based, Oop shift amount: 3
Narrow klass base: 0x0000000000000000, Narrow klass shift: 3
Compressed class space size: 1073741824 Address: 0x00000007c0000000

Heap:
 garbage-first heap   total 1028096K, used 8192K [0x00000003d7c00000, 0x00000003d80007d8, 0x00000007c0000000)
  region size 4096K, 3 young (12288K), 0 survivors (0K)
 Metaspace       used 4295K, capacity 4616K, committed 4864K, reserved 1056768K
  class space    used 356K, capacity 388K, committed 512K, reserved 1048576K
Heap Regions: E=young(eden), S=young(survivor), O=old, HS=humongous(starts), HC=humongous(continues), CS=collection set, F=free, A=archive, TS=gc time stamp, AC=allocation context, TAMS=top-at-mark-start (previous, next)
|   0|0x00000003d7c00000, 0x00000003d7c00000, 0x00000003d8000000|  0%| F|  |TS  0|AC  0|TAMS 0x00000003d7c00000, 0x00000003d7c00000|
|   1|0x00000003d8000000, 0x00000003d8000000, 0x00000003d8400000|  0%| F|  |TS  0|AC  0|TAMS 0x00000003d8000000, 0x00000003d8000000|
|   2|0x00000003d8400000, 0x00000003d8400000, 0x00000003d8800000|  0%| F|  |TS  0|AC  0|TAMS 0x00000003d8400000, 0x00000003d8400000|
|   3|0x00000003d8800000, 0x00000003d8800000, 0x00000003d8c00000|  0%| F|  |TS  0|AC  0|TAMS 0x00000003d8800000, 0x00000003d8800000|
|   4|0x00000003d8c00000, 0x00000003d8c00000, 0x00000003d9000000|  0%| F|  |TS  0|AC  0|TAMS 0x00000003d8c00000, 0x00000003d8c00000|
|   5|0x00000003d9000000, 0x00000003d9000000, 0x00000003d9400000|  0%| F|  |TS  0|AC  0|TAMS 0x00000003d9000000, 0x00000003d9000000|
|   6|0x00000003d9400000, 0x00000003d9400000, 0x00000003d9800000|  0%| F|  |TS  0|AC  0|TAMS 0x00000003d9400000, 0x00000003d9400000|
|   7|0x00000003d9800000, 0x00000003d9800000, 0x00000003d9c00000|  0%| F|  |TS  0|AC  0|TAMS 0x00000003d9800000, 0x00000003d9800000|
|   8|0x00000003d9c00000, 0x00000003d9c00000, 0x00000003da000000|  0%| F|  |TS  0|AC  0|TAMS 0x00000003d9c00000, 0x00000003d9c00000|
|   9|0x00000003da000000, 0x00000003da000000, 0x00000003da400000|  0%| F|  |TS  0|AC  0|TAMS 0x00000003da000000, 0x00000003da000000|
|  10|0x00000003da400000, 0x00000003da400000, 0x00000003da800000|  0%| F|  |TS  0|AC  0|TAMS 0x00000003da400000, 0x00000003da400000|
|  11|0x00000003da800000, 0x00000003da800000, 0x00000003dac00000|  0%| F|  |TS  0|AC  0|TAMS 0x00000003da800000, 0x00000003da800000|
|  12|0x00000003dac00000, 0x00000003dac00000, 0x00000003db000000|  0%| F|  |TS  0|AC  0|TAMS 0x00000003dac00000, 0x00000003dac00000|
|  13|0x00000003db000000, 0x00000003db000000, 0x00000003db400000|  0%| F|  |TS  0|AC  0|TAMS 0x00000003db000000, 0x00000003db000000|
|  14|0x00000003db400000, 0x00000003db400000, 0x00000003db800000|  0%| F|  |TS  0|AC  0|TAMS 0x00000003db400000, 0x00000003db400000|
|  15|0x00000003db800000, 0x00000003db800000, 0x00000003dbc00000|  0%| F|  |TS  0|AC  0|TAMS 0x00000003db800000, 0x00000003db800000|
|  16|0x00000003dbc00000, 0x00000003dbc00000, 0x00000003dc000000|  0%| F|  |TS  0|AC  0|TAMS 0x00000003dbc00000, 0x00000003dbc00000|
|  17|0x00000003dc000000, 0x00000003dc000000, 0x00000003dc400000|  0%| F|  |TS  0|AC  0|TAMS 0x00000003dc000000, 0x00000003dc000000|
|  18|0x00000003dc400000, 0x00000003dc400000, 0x00000003dc800000|  0%| F|  |TS  0|AC  0|TAMS 0x00000003dc400000, 0x00000003dc400000|
|  19|0x00000003dc800000, 0x00000003dc800000, 0x00000003dcc00000|  0%| F|  |TS  0|AC  0|TAMS 0x00000003dc800000, 0x00000003dc800000|
|  20|0x00000003dcc00000, 0x00000003dcc00000, 0x00000003dd000000|  0%| F|  |TS  0|AC  0|TAMS 0x00000003dcc00000, 0x00000003dcc00000|
|  21|0x00000003dd000000, 0x00000003dd000000, 0x00000003dd400000|  0%| F|  |TS  0|AC  0|TAMS 0x00000003dd000000, 0x00000003dd000000|
|  22|0x00000003dd400000, 0x00000003dd400000, 0x00000003dd800000|  0%| F|  |TS  0|AC  0|TAMS 0x00000003dd400000, 0x00000003dd400000|
|  23|0x00000003dd800000, 0x00000003dd800000, 0x00000003ddc00000|  0%| F|  |TS  0|AC  0|TAMS 0x00000003dd800000, 0x00000003dd800000|
|  24|0x00000003ddc00000, 0x00000003ddc00000, 0x00000003de000000|  0%| F|  |TS  0|AC  0|TAMS 0x00000003ddc00000, 0x00000003ddc00000|
|  25|0x00000003de000000, 0x00000003de000000, 0x00000003de400000|  0%| F|  |TS  0|AC  0|TAMS 0x00000003de000000, 0x00000003de000000|
|  26|0x00000003de400000, 0x00000003de400000, 0x00000003de800000|  0%| F|  |TS  0|AC  0|TAMS 0x00000003de400000, 0x00000003de400000|
|  27|0x00000003de800000, 0x00000003de800000, 0x00000003dec00000|  0%| F|  |TS  0|AC  0|TAMS 0x00000003de800000, 0x00000003de800000|
|  28|0x00000003dec00000, 0x00000003dec00000, 0x00000003df000000|  0%| F|  |TS  0|AC  0|TAMS 0x00000003dec00000, 0x00000003dec00000|
|  29|0x00000003df000000, 0x00000003df000000, 0x00000003df400000|  0%| F|  |TS  0|AC  0|TAMS 0x00000003df000000, 0x00000003df000000|
|  30|0x00000003df400000, 0x00000003df400000, 0x00000003df800000|  0%| F|  |TS  0|AC  0|TAMS 0x00000003df400000, 0x00000003df400000|
|  31|0x00000003df800000, 0x00000003df800000, 0x00000003dfc00000|  0%| F|  |TS  0|AC  0|TAMS 0x00000003df800000, 0x00000003df800000|
|  32|0x00000003dfc00000, 0x00000003dfc00000, 0x00000003e0000000|  0%| F|  |TS  0|AC  0|TAMS 0x00000003dfc00000, 0x00000003dfc00000|
|  33|0x00000003e0000000, 0x00000003e0000000, 0x00000003e0400000|  0%| F|  |TS  0|AC  0|TAMS 0x00000003e0000000, 0x00000003e0000000|
|  34|0x00000003e0400000, 0x00000003e0400000, 0x00000003e0800000|  0%| F|  |TS  0|AC  0|TAMS 0x00000003e0400000, 0x00000003e0400000|
|  35|0x00000003e0800000, 0x00000003e0800000, 0x00000003e0c00000|  0%| F|  |TS  0|AC  0|TAMS 0x00000003e0800000, 0x00000003e0800000|
|  36|0x00000003e0c00000, 0x00000003e0c00000, 0x00000003e1000000|  0%| F|  |TS  0|AC  0|TAMS 0x00000003e0c00000, 0x00000003e0c00000|
|  37|0x00000003e1000000, 0x00000003e1000000, 0x00000003e1400000|  0%| F|  |TS  0|AC  0|TAMS 0x00000003e1000000, 0x00000003e1000000|
|  38|0x00000003e1400000, 0x00000003e1400000, 0x00000003e1800000|  0%| F|  |TS  0|AC  0|TAMS 0x00000003e1400000, 0x00000003e1400000|
|  39|0x00000003e1800000, 0x00000003e1800000, 0x00000003e1c00000|  0%| F|  |TS  0|AC  0|TAMS 0x00000003e1800000, 0x00000003e1800000|
|  40|0x00000003e1c00000, 0x00000003e1c00000, 0x00000003e2000000|  0%| F|  |TS  0|AC  0|TAMS 0x00000003e1c00000, 0x00000003e1c00000|
|  41|0x00000003e2000000, 0x00000003e2000000, 0x00000003e2400000|  0%| F|  |TS  0|AC  0|TAMS 0x00000003e2000000, 0x00000003e2000000|
|  42|0x00000003e2400000, 0x00000003e2400000, 0x00000003e2800000|  0%| F|  |TS  0|AC  0|TAMS 0x00000003e2400000, 0x00000003e2400000|
|  43|0x00000003e2800000, 0x00000003e2800000, 0x00000003e2c00000|  0%| F|  |TS  0|AC  0|TAMS 0x00000003e2800000, 0x00000003e2800000|
|  44|0x00000003e2c00000, 0x00000003e2c00000, 0x00000003e3000000|  0%| F|  |TS  0|AC  0|TAMS 0x00000003e2c00000, 0x00000003e2c00000|
|  45|0x00000003e3000000, 0x00000003e3000000, 0x00000003e3400000|  0%| F|  |TS  0|AC  0|TAMS 0x00000003e3000000, 0x00000003e3000000|
|  46|0x00000003e3400000, 0x00000003e3400000, 0x00000003e3800000|  0%| F|  |TS  0|AC  0|TAMS 0x00000003e3400000, 0x00000003e3400000|
|  47|0x00000003e3800000, 0x00000003e3800000, 0x00000003e3c00000|  0%| F|  |TS  0|AC  0|TAMS 0x00000003e3800000, 0x00000003e3800000|
|  48|0x00000003e3c00000, 0x00000003e3c00000, 0x00000003e4000000|  0%| F|  |TS  0|AC  0|TAMS 0x00000003e3c00000, 0x00000003e3c00000|
|  49|0x00000003e4000000, 0x00000003e4000000, 0x00000003e4400000|  0%| F|  |TS  0|AC  0|TAMS 0x00000003e4000000, 0x00000003e4000000|
|  50|0x00000003e4400000, 0x00000003e4400000, 0x00000003e4800000|  0%| F|  |TS  0|AC  0|TAMS 0x00000003e4400000, 0x00000003e4400000|
|  51|0x00000003e4800000, 0x00000003e4800000, 0x00000003e4c00000|  0%| F|  |TS  0|AC  0|TAMS 0x00000003e4800000, 0x00000003e4800000|
|  52|0x00000003e4c00000, 0x00000003e4c00000, 0x00000003e5000000|  0%| F|  |TS  0|AC  0|TAMS 0x00000003e4c00000, 0x00000003e4c00000|
|  53|0x00000003e5000000, 0x00000003e5000000, 0x00000003e5400000|  0%| F|  |TS  0|AC  0|TAMS 0x00000003e5000000, 0x00000003e5000000|
|  54|0x00000003e5400000, 0x00000003e5400000, 0x00000003e5800000|  0%| F|  |TS  0|AC  0|TAMS 0x00000003e5400000, 0x00000003e5400000|
|  55|0x00000003e5800000, 0x00000003e5800000, 0x00000003e5c00000|  0%| F|  |TS  0|AC  0|TAMS 0x00000003e5800000, 0x00000003e5800000|
|  56|0x00000003e5c00000, 0x00000003e5c00000, 0x00000003e6000000|  0%| F|  |TS  0|AC  0|TAMS 0x00000003e5c00000, 0x00000003e5c00000|
|  57|0x00000003e6000000, 0x00000003e6000000, 0x00000003e6400000|  0%| F|  |TS  0|AC  0|TAMS 0x00000003e6000000, 0x00000003e6000000|
|  58|0x00000003e6400000, 0x00000003e6400000, 0x00000003e6800000|  0%| F|  |TS  0|AC  0|TAMS 0x00000003e6400000, 0x00000003e6400000|
|  59|0x00000003e6800000, 0x00000003e6800000, 0x00000003e6c00000|  0%| F|  |TS  0|AC  0|TAMS 0x00000003e6800000, 0x00000003e6800000|
|  60|0x00000003e6c00000, 0x00000003e6c00000, 0x00000003e7000000|  0%| F|  |TS  0|AC  0|TAMS 0x00000003e6c00000, 0x00000003e6c00000|
|  61|0x00000003e7000000, 0x00000003e7000000, 0x00000003e7400000|  0%| F|  |TS  0|AC  0|TAMS 0x00000003e7000000, 0x00000003e7000000|
|  62|0x00000003e7400000, 0x00000003e7400000, 0x00000003e7800000|  0%| F|  |TS  0|AC  0|TAMS 0x00000003e7400000, 0x00000003e7400000|
|  63|0x00000003e7800000, 0x00000003e7800000, 0x00000003e7c00000|  0%| F|  |TS  0|AC  0|TAMS 0x00000003e7800000, 0x00000003e7800000|
|  64|0x00000003e7c00000, 0x00000003e7c00000, 0x00000003e8000000|  0%| F|  |TS  0|AC  0|TAMS 0x00000003e7c00000, 0x00000003e7c00000|
|  65|0x00000003e8000000, 0x00000003e8000000, 0x00000003e8400000|  0%| F|  |TS  0|AC  0|TAMS 0x00000003e8000000, 0x00000003e8000000|
|  66|0x00000003e8400000, 0x00000003e8400000, 0x00000003e8800000|  0%| F|  |TS  0|AC  0|TAMS 0x00000003e8400000, 0x00000003e8400000|
|  67|0x00000003e8800000, 0x00000003e8800000, 0x00000003e8c00000|  0%| F|  |TS  0|AC  0|TAMS 0x00000003e8800000, 0x00000003e8800000|
|  68|0x00000003e8c00000, 0x00000003e8c00000, 0x00000003e9000000|  0%| F|  |TS  0|AC  0|TAMS 0x00000003e8c00000, 0x00000003e8c00000|
|  69|0x00000003e9000000, 0x00000003e9000000, 0x00000003e9400000|  0%| F|  |TS  0|AC  0|TAMS 0x00000003e9000000, 0x00000003e9000000|
|  70|0x00000003e9400000, 0x00000003e9400000, 0x00000003e9800000|  0%| F|  |TS  0|AC  0|TAMS 0x00000003e9400000, 0x00000003e9400000|
|  71|0x00000003e9800000, 0x00000003e9800000, 0x00000003e9c00000|  0%| F|  |TS  0|AC  0|TAMS 0x00000003e9800000, 0x00000003e9800000|
|  72|0x00000003e9c00000, 0x00000003e9c00000, 0x00000003ea000000|  0%| F|  |TS  0|AC  0|TAMS 0x00000003e9c00000, 0x00000003e9c00000|
|  73|0x00000003ea000000, 0x00000003ea000000, 0x00000003ea400000|  0%| F|  |TS  0|AC  0|TAMS 0x00000003ea000000, 0x00000003ea000000|
|  74|0x00000003ea400000, 0x00000003ea400000, 0x00000003ea800000|  0%| F|  |TS  0|AC  0|TAMS 0x00000003ea400000, 0x00000003ea400000|
|  75|0x00000003ea800000, 0x00000003ea800000, 0x00000003eac00000|  0%| F|  |TS  0|AC  0|TAMS 0x00000003ea800000, 0x00000003ea800000|
|  76|0x00000003eac00000, 0x00000003eac00000, 0x00000003eb000000|  0%| F|  |TS  0|AC  0|TAMS 0x00000003eac00000, 0x00000003eac00000|
|  77|0x00000003eb000000, 0x00000003eb000000, 0x00000003eb400000|  0%| F|  |TS  0|AC  0|TAMS 0x00000003eb000000, 0x00000003eb000000|
|  78|0x00000003eb400000, 0x00000003eb400000, 0x00000003eb800000|  0%| F|  |TS  0|AC  0|TAMS 0x00000003eb400000, 0x00000003eb400000|
|  79|0x00000003eb800000, 0x00000003eb800000, 0x00000003ebc00000|  0%| F|  |TS  0|AC  0|TAMS 0x00000003eb800000, 0x00000003eb800000|
|  80|0x00000003ebc00000, 0x00000003ebc00000, 0x00000003ec000000|  0%| F|  |TS  0|AC  0|TAMS 0x00000003ebc00000, 0x00000003ebc00000|
|  81|0x00000003ec000000, 0x00000003ec000000, 0x00000003ec400000|  0%| F|  |TS  0|AC  0|TAMS 0x00000003ec000000, 0x00000003ec000000|
|  82|0x00000003ec400000, 0x00000003ec400000, 0x00000003ec800000|  0%| F|  |TS  0|AC  0|TAMS 0x00000003ec400000, 0x00000003ec400000|
|  83|0x00000003ec800000, 0x00000003ec800000, 0x00000003ecc00000|  0%| F|  |TS  0|AC  0|TAMS 0x00000003ec800000, 0x00000003ec800000|
|  84|0x00000003ecc00000, 0x00000003ecc00000, 0x00000003ed000000|  0%| F|  |TS  0|AC  0|TAMS 0x00000003ecc00000, 0x00000003ecc00000|
|  85|0x00000003ed000000, 0x00000003ed000000, 0x00000003ed400000|  0%| F|  |TS  0|AC  0|TAMS 0x00000003ed000000, 0x00000003ed000000|
|  86|0x00000003ed400000, 0x00000003ed400000, 0x00000003ed800000|  0%| F|  |TS  0|AC  0|TAMS 0x00000003ed400000, 0x00000003ed400000|
|  87|0x00000003ed800000, 0x00000003ed800000, 0x00000003edc00000|  0%| F|  |TS  0|AC  0|TAMS 0x00000003ed800000, 0x00000003ed800000|
|  88|0x00000003edc00000, 0x00000003edc00000, 0x00000003ee000000|  0%| F|  |TS  0|AC  0|TAMS 0x00000003edc00000, 0x00000003edc00000|
|  89|0x00000003ee000000, 0x00000003ee000000, 0x00000003ee400000|  0%| F|  |TS  0|AC  0|TAMS 0x00000003ee000000, 0x00000003ee000000|
|  90|0x00000003ee400000, 0x00000003ee400000, 0x00000003ee800000|  0%| F|  |TS  0|AC  0|TAMS 0x00000003ee400000, 0x00000003ee400000|
|  91|0x00000003ee800000, 0x00000003ee800000, 0x00000003eec00000|  0%| F|  |TS  0|AC  0|TAMS 0x00000003ee800000, 0x00000003ee800000|
|  92|0x00000003eec00000, 0x00000003eec00000, 0x00000003ef000000|  0%| F|  |TS  0|AC  0|TAMS 0x00000003eec00000, 0x00000003eec00000|
|  93|0x00000003ef000000, 0x00000003ef000000, 0x00000003ef400000|  0%| F|  |TS  0|AC  0|TAMS 0x00000003ef000000, 0x00000003ef000000|
|  94|0x00000003ef400000, 0x00000003ef400000, 0x00000003ef800000|  0%| F|  |TS  0|AC  0|TAMS 0x00000003ef400000, 0x00000003ef400000|
|  95|0x00000003ef800000, 0x00000003ef800000, 0x00000003efc00000|  0%| F|  |TS  0|AC  0|TAMS 0x00000003ef800000, 0x00000003ef800000|
|  96|0x00000003efc00000, 0x00000003efc00000, 0x00000003f0000000|  0%| F|  |TS  0|AC  0|TAMS 0x00000003efc00000, 0x00000003efc00000|
|  97|0x00000003f0000000, 0x00000003f0000000, 0x00000003f0400000|  0%| F|  |TS  0|AC  0|TAMS 0x00000003f0000000, 0x00000003f0000000|
|  98|0x00000003f0400000, 0x00000003f0400000, 0x00000003f0800000|  0%| F|  |TS  0|AC  0|TAMS 0x00000003f0400000, 0x00000003f0400000|
|  99|0x00000003f0800000, 0x00000003f0800000, 0x00000003f0c00000|  0%| F|  |TS  0|AC  0|TAMS 0x00000003f0800000, 0x00000003f0800000|
| 100|0x00000003f0c00000, 0x00000003f0c00000, 0x00000003f1000000|  0%| F|  |TS  0|AC  0|TAMS 0x00000003f0c00000, 0x00000003f0c00000|
| 101|0x00000003f1000000, 0x00000003f1000000, 0x00000003f1400000|  0%| F|  |TS  0|AC  0|TAMS 0x00000003f1000000, 0x00000003f1000000|
| 102|0x00000003f1400000, 0x00000003f1400000, 0x00000003f1800000|  0%| F|  |TS  0|AC  0|TAMS 0x00000003f1400000, 0x00000003f1400000|
| 103|0x00000003f1800000, 0x00000003f1800000, 0x00000003f1c00000|  0%| F|  |TS  0|AC  0|TAMS 0x00000003f1800000, 0x00000003f1800000|
| 104|0x00000003f1c00000, 0x00000003f1c00000, 0x00000003f2000000|  0%| F|  |TS  0|AC  0|TAMS 0x00000003f1c00000, 0x00000003f1c00000|
| 105|0x00000003f2000000, 0x00000003f2000000, 0x00000003f2400000|  0%| F|  |TS  0|AC  0|TAMS 0x00000003f2000000, 0x00000003f2000000|
| 106|0x00000003f2400000, 0x00000003f2400000, 0x00000003f2800000|  0%| F|  |TS  0|AC  0|TAMS 0x00000003f2400000, 0x00000003f2400000|
| 107|0x00000003f2800000, 0x00000003f2800000, 0x00000003f2c00000|  0%| F|  |TS  0|AC  0|TAMS 0x00000003f2800000, 0x00000003f2800000|
| 108|0x00000003f2c00000, 0x00000003f2c00000, 0x00000003f3000000|  0%| F|  |TS  0|AC  0|TAMS 0x00000003f2c00000, 0x00000003f2c00000|
| 109|0x00000003f3000000, 0x00000003f3000000, 0x00000003f3400000|  0%| F|  |TS  0|AC  0|TAMS 0x00000003f3000000, 0x00000003f3000000|
| 110|0x00000003f3400000, 0x00000003f3400000, 0x00000003f3800000|  0%| F|  |TS  0|AC  0|TAMS 0x00000003f3400000, 0x00000003f3400000|
| 111|0x00000003f3800000, 0x00000003f3800000, 0x00000003f3c00000|  0%| F|  |TS  0|AC  0|TAMS 0x00000003f3800000, 0x00000003f3800000|
| 112|0x00000003f3c00000, 0x00000003f3c00000, 0x00000003f4000000|  0%| F|  |TS  0|AC  0|TAMS 0x00000003f3c00000, 0x00000003f3c00000|
| 113|0x00000003f4000000, 0x00000003f4000000, 0x00000003f4400000|  0%| F|  |TS  0|AC  0|TAMS 0x00000003f4000000, 0x00000003f4000000|
| 114|0x00000003f4400000, 0x00000003f4400000, 0x00000003f4800000|  0%| F|  |TS  0|AC  0|TAMS 0x00000003f4400000, 0x00000003f4400000|
| 115|0x00000003f4800000, 0x00000003f4800000, 0x00000003f4c00000|  0%| F|  |TS  0|AC  0|TAMS 0x00000003f4800000, 0x00000003f4800000|
| 116|0x00000003f4c00000, 0x00000003f4c00000, 0x00000003f5000000|  0%| F|  |TS  0|AC  0|TAMS 0x00000003f4c00000, 0x00000003f4c00000|
| 117|0x00000003f5000000, 0x00000003f5000000, 0x00000003f5400000|  0%| F|  |TS  0|AC  0|TAMS 0x00000003f5000000, 0x00000003f5000000|
| 118|0x00000003f5400000, 0x00000003f5400000, 0x00000003f5800000|  0%| F|  |TS  0|AC  0|TAMS 0x00000003f5400000, 0x00000003f5400000|
| 119|0x00000003f5800000, 0x00000003f5800000, 0x00000003f5c00000|  0%| F|  |TS  0|AC  0|TAMS 0x00000003f5800000, 0x00000003f5800000|
| 120|0x00000003f5c00000, 0x00000003f5c00000, 0x00000003f6000000|  0%| F|  |TS  0|AC  0|TAMS 0x00000003f5c00000, 0x00000003f5c00000|
| 121|0x00000003f6000000, 0x00000003f6000000, 0x00000003f6400000|  0%| F|  |TS  0|AC  0|TAMS 0x00000003f6000000, 0x00000003f6000000|
| 122|0x00000003f6400000, 0x00000003f6400000, 0x00000003f6800000|  0%| F|  |TS  0|AC  0|TAMS 0x00000003f6400000, 0x00000003f6400000|
| 123|0x00000003f6800000, 0x00000003f6800000, 0x00000003f6c00000|  0%| F|  |TS  0|AC  0|TAMS 0x00000003f6800000, 0x00000003f6800000|
| 124|0x00000003f6c00000, 0x00000003f6c00000, 0x00000003f7000000|  0%| F|  |TS  0|AC  0|TAMS 0x00000003f6c00000, 0x00000003f6c00000|
| 125|0x00000003f7000000, 0x00000003f7000000, 0x00000003f7400000|  0%| F|  |TS  0|AC  0|TAMS 0x00000003f7000000, 0x00000003f7000000|
| 126|0x00000003f7400000, 0x00000003f7400000, 0x00000003f7800000|  0%| F|  |TS  0|AC  0|TAMS 0x00000003f7400000, 0x00000003f7400000|
| 127|0x00000003f7800000, 0x00000003f7800000, 0x00000003f7c00000|  0%| F|  |TS  0|AC  0|TAMS 0x00000003f7800000, 0x00000003f7800000|
| 128|0x00000003f7c00000, 0x00000003f7c00000, 0x00000003f8000000|  0%| F|  |TS  0|AC  0|TAMS 0x00000003f7c00000, 0x00000003f7c00000|
| 129|0x00000003f8000000, 0x00000003f8000000, 0x00000003f8400000|  0%| F|  |TS  0|AC  0|TAMS 0x00000003f8000000, 0x00000003f8000000|
| 130|0x00000003f8400000, 0x00000003f8400000, 0x00000003f8800000|  0%| F|  |TS  0|AC  0|TAMS 0x00000003f8400000, 0x00000003f8400000|
| 131|0x00000003f8800000, 0x00000003f8800000, 0x00000003f8c00000|  0%| F|  |TS  0|AC  0|TAMS 0x00000003f8800000, 0x00000003f8800000|
| 132|0x00000003f8c00000, 0x00000003f8c00000, 0x00000003f9000000|  0%| F|  |TS  0|AC  0|TAMS 0x00000003f8c00000, 0x00000003f8c00000|
| 133|0x00000003f9000000, 0x00000003f9000000, 0x00000003f9400000|  0%| F|  |TS  0|AC  0|TAMS 0x00000003f9000000, 0x00000003f9000000|
| 134|0x00000003f9400000, 0x00000003f9400000, 0x00000003f9800000|  0%| F|  |TS  0|AC  0|TAMS 0x00000003f9400000, 0x00000003f9400000|
| 135|0x00000003f9800000, 0x00000003f9800000, 0x00000003f9c00000|  0%| F|  |TS  0|AC  0|TAMS 0x00000003f9800000, 0x00000003f9800000|
| 136|0x00000003f9c00000, 0x00000003f9c00000, 0x00000003fa000000|  0%| F|  |TS  0|AC  0|TAMS 0x00000003f9c00000, 0x00000003f9c00000|
| 137|0x00000003fa000000, 0x00000003fa000000, 0x00000003fa400000|  0%| F|  |TS  0|AC  0|TAMS 0x00000003fa000000, 0x00000003fa000000|
| 138|0x00000003fa400000, 0x00000003fa400000, 0x00000003fa800000|  0%| F|  |TS  0|AC  0|TAMS 0x00000003fa400000, 0x00000003fa400000|
| 139|0x00000003fa800000, 0x00000003fa800000, 0x00000003fac00000|  0%| F|  |TS  0|AC  0|TAMS 0x00000003fa800000, 0x00000003fa800000|
| 140|0x00000003fac00000, 0x00000003fac00000, 0x00000003fb000000|  0%| F|  |TS  0|AC  0|TAMS 0x00000003fac00000, 0x00000003fac00000|
| 141|0x00000003fb000000, 0x00000003fb000000, 0x00000003fb400000|  0%| F|  |TS  0|AC  0|TAMS 0x00000003fb000000, 0x00000003fb000000|
| 142|0x00000003fb400000, 0x00000003fb400000, 0x00000003fb800000|  0%| F|  |TS  0|AC  0|TAMS 0x00000003fb400000, 0x00000003fb400000|
| 143|0x00000003fb800000, 0x00000003fb800000, 0x00000003fbc00000|  0%| F|  |TS  0|AC  0|TAMS 0x00000003fb800000, 0x00000003fb800000|
| 144|0x00000003fbc00000, 0x00000003fbc00000, 0x00000003fc000000|  0%| F|  |TS  0|AC  0|TAMS 0x00000003fbc00000, 0x00000003fbc00000|
| 145|0x00000003fc000000, 0x00000003fc000000, 0x00000003fc400000|  0%| F|  |TS  0|AC  0|TAMS 0x00000003fc000000, 0x00000003fc000000|
| 146|0x00000003fc400000, 0x00000003fc400000, 0x00000003fc800000|  0%| F|  |TS  0|AC  0|TAMS 0x00000003fc400000, 0x00000003fc400000|
| 147|0x00000003fc800000, 0x00000003fc800000, 0x00000003fcc00000|  0%| F|  |TS  0|AC  0|TAMS 0x00000003fc800000, 0x00000003fc800000|
| 148|0x00000003fcc00000, 0x00000003fcc00000, 0x00000003fd000000|  0%| F|  |TS  0|AC  0|TAMS 0x00000003fcc00000, 0x00000003fcc00000|
| 149|0x00000003fd000000, 0x00000003fd000000, 0x00000003fd400000|  0%| F|  |TS  0|AC  0|TAMS 0x00000003fd000000, 0x00000003fd000000|
| 150|0x00000003fd400000, 0x00000003fd400000, 0x00000003fd800000|  0%| F|  |TS  0|AC  0|TAMS 0x00000003fd400000, 0x00000003fd400000|
| 151|0x00000003fd800000, 0x00000003fd800000, 0x00000003fdc00000|  0%| F|  |TS  0|AC  0|TAMS 0x00000003fd800000, 0x00000003fd800000|
| 152|0x00000003fdc00000, 0x00000003fdc00000, 0x00000003fe000000|  0%| F|  |TS  0|AC  0|TAMS 0x00000003fdc00000, 0x00000003fdc00000|
| 153|0x00000003fe000000, 0x00000003fe000000, 0x00000003fe400000|  0%| F|  |TS  0|AC  0|TAMS 0x00000003fe000000, 0x00000003fe000000|
| 154|0x00000003fe400000, 0x00000003fe400000, 0x00000003fe800000|  0%| F|  |TS  0|AC  0|TAMS 0x00000003fe400000, 0x00000003fe400000|
| 155|0x00000003fe800000, 0x00000003fe800000, 0x00000003fec00000|  0%| F|  |TS  0|AC  0|TAMS 0x00000003fe800000, 0x00000003fe800000|
| 156|0x00000003fec00000, 0x00000003fec00000, 0x00000003ff000000|  0%| F|  |TS  0|AC  0|TAMS 0x00000003fec00000, 0x00000003fec00000|
| 157|0x00000003ff000000, 0x00000003ff000000, 0x00000003ff400000|  0%| F|  |TS  0|AC  0|TAMS 0x00000003ff000000, 0x00000003ff000000|
| 158|0x00000003ff400000, 0x00000003ff400000, 0x00000003ff800000|  0%| F|  |TS  0|AC  0|TAMS 0x00000003ff400000, 0x00000003ff400000|
| 159|0x00000003ff800000, 0x00000003ff800000, 0x00000003ffc00000|  0%| F|  |TS  0|AC  0|TAMS 0x00000003ff800000, 0x00000003ff800000|
| 160|0x00000003ffc00000, 0x00000003ffc00000, 0x0000000400000000|  0%| F|  |TS  0|AC  0|TAMS 0x00000003ffc00000, 0x00000003ffc00000|
| 161|0x0000000400000000, 0x0000000400000000, 0x0000000400400000|  0%| F|  |TS  0|AC  0|TAMS 0x0000000400000000, 0x0000000400000000|
| 162|0x0000000400400000, 0x0000000400400000, 0x0000000400800000|  0%| F|  |TS  0|AC  0|TAMS 0x0000000400400000, 0x0000000400400000|
| 163|0x0000000400800000, 0x0000000400800000, 0x0000000400c00000|  0%| F|  |TS  0|AC  0|TAMS 0x0000000400800000, 0x0000000400800000|
| 164|0x0000000400c00000, 0x0000000400c00000, 0x0000000401000000|  0%| F|  |TS  0|AC  0|TAMS 0x0000000400c00000, 0x0000000400c00000|
| 165|0x0000000401000000, 0x0000000401000000, 0x0000000401400000|  0%| F|  |TS  0|AC  0|TAMS 0x0000000401000000, 0x0000000401000000|
| 166|0x0000000401400000, 0x0000000401400000, 0x0000000401800000|  0%| F|  |TS  0|AC  0|TAMS 0x0000000401400000, 0x0000000401400000|
| 167|0x0000000401800000, 0x0000000401800000, 0x0000000401c00000|  0%| F|  |TS  0|AC  0|TAMS 0x0000000401800000, 0x0000000401800000|
| 168|0x0000000401c00000, 0x0000000401c00000, 0x0000000402000000|  0%| F|  |TS  0|AC  0|TAMS 0x0000000401c00000, 0x0000000401c00000|
| 169|0x0000000402000000, 0x0000000402000000, 0x0000000402400000|  0%| F|  |TS  0|AC  0|TAMS 0x0000000402000000, 0x0000000402000000|
| 170|0x0000000402400000, 0x0000000402400000, 0x0000000402800000|  0%| F|  |TS  0|AC  0|TAMS 0x0000000402400000, 0x0000000402400000|
| 171|0x0000000402800000, 0x0000000402800000, 0x0000000402c00000|  0%| F|  |TS  0|AC  0|TAMS 0x0000000402800000, 0x0000000402800000|
| 172|0x0000000402c00000, 0x0000000402c00000, 0x0000000403000000|  0%| F|  |TS  0|AC  0|TAMS 0x0000000402c00000, 0x0000000402c00000|
| 173|0x0000000403000000, 0x0000000403000000, 0x0000000403400000|  0%| F|  |TS  0|AC  0|TAMS 0x0000000403000000, 0x0000000403000000|
| 174|0x0000000403400000, 0x0000000403400000, 0x0000000403800000|  0%| F|  |TS  0|AC  0|TAMS 0x0000000403400000, 0x0000000403400000|
| 175|0x0000000403800000, 0x0000000403800000, 0x0000000403c00000|  0%| F|  |TS  0|AC  0|TAMS 0x0000000403800000, 0x0000000403800000|
| 176|0x0000000403c00000, 0x0000000403c00000, 0x0000000404000000|  0%| F|  |TS  0|AC  0|TAMS 0x0000000403c00000, 0x0000000403c00000|
| 177|0x0000000404000000, 0x0000000404000000, 0x0000000404400000|  0%| F|  |TS  0|AC  0|TAMS 0x0000000404000000, 0x0000000404000000|
| 178|0x0000000404400000, 0x0000000404400000, 0x0000000404800000|  0%| F|  |TS  0|AC  0|TAMS 0x0000000404400000, 0x0000000404400000|
| 179|0x0000000404800000, 0x0000000404800000, 0x0000000404c00000|  0%| F|  |TS  0|AC  0|TAMS 0x0000000404800000, 0x0000000404800000|
| 180|0x0000000404c00000, 0x0000000404c00000, 0x0000000405000000|  0%| F|  |TS  0|AC  0|TAMS 0x0000000404c00000, 0x0000000404c00000|
| 181|0x0000000405000000, 0x0000000405000000, 0x0000000405400000|  0%| F|  |TS  0|AC  0|TAMS 0x0000000405000000, 0x0000000405000000|
| 182|0x0000000405400000, 0x0000000405400000, 0x0000000405800000|  0%| F|  |TS  0|AC  0|TAMS 0x0000000405400000, 0x0000000405400000|
| 183|0x0000000405800000, 0x0000000405800000, 0x0000000405c00000|  0%| F|  |TS  0|AC  0|TAMS 0x0000000405800000, 0x0000000405800000|
| 184|0x0000000405c00000, 0x0000000405c00000, 0x0000000406000000|  0%| F|  |TS  0|AC  0|TAMS 0x0000000405c00000, 0x0000000405c00000|
| 185|0x0000000406000000, 0x0000000406000000, 0x0000000406400000|  0%| F|  |TS  0|AC  0|TAMS 0x0000000406000000, 0x0000000406000000|
| 186|0x0000000406400000, 0x0000000406400000, 0x0000000406800000|  0%| F|  |TS  0|AC  0|TAMS 0x0000000406400000, 0x0000000406400000|
| 187|0x0000000406800000, 0x0000000406800000, 0x0000000406c00000|  0%| F|  |TS  0|AC  0|TAMS 0x0000000406800000, 0x0000000406800000|
| 188|0x0000000406c00000, 0x0000000406c00000, 0x0000000407000000|  0%| F|  |TS  0|AC  0|TAMS 0x0000000406c00000, 0x0000000406c00000|
| 189|0x0000000407000000, 0x0000000407000000, 0x0000000407400000|  0%| F|  |TS  0|AC  0|TAMS 0x0000000407000000, 0x0000000407000000|
| 190|0x0000000407400000, 0x0000000407400000, 0x0000000407800000|  0%| F|  |TS  0|AC  0|TAMS 0x0000000407400000, 0x0000000407400000|
| 191|0x0000000407800000, 0x0000000407800000, 0x0000000407c00000|  0%| F|  |TS  0|AC  0|TAMS 0x0000000407800000, 0x0000000407800000|
| 192|0x0000000407c00000, 0x0000000407c00000, 0x0000000408000000|  0%| F|  |TS  0|AC  0|TAMS 0x0000000407c00000, 0x0000000407c00000|
| 193|0x0000000408000000, 0x0000000408000000, 0x0000000408400000|  0%| F|  |TS  0|AC  0|TAMS 0x0000000408000000, 0x0000000408000000|
| 194|0x0000000408400000, 0x0000000408400000, 0x0000000408800000|  0%| F|  |TS  0|AC  0|TAMS 0x0000000408400000, 0x0000000408400000|
| 195|0x0000000408800000, 0x0000000408800000, 0x0000000408c00000|  0%| F|  |TS  0|AC  0|TAMS 0x0000000408800000, 0x0000000408800000|
| 196|0x0000000408c00000, 0x0000000408c00000, 0x0000000409000000|  0%| F|  |TS  0|AC  0|TAMS 0x0000000408c00000, 0x0000000408c00000|
| 197|0x0000000409000000, 0x0000000409000000, 0x0000000409400000|  0%| F|  |TS  0|AC  0|TAMS 0x0000000409000000, 0x0000000409000000|
| 198|0x0000000409400000, 0x0000000409400000, 0x0000000409800000|  0%| F|  |TS  0|AC  0|TAMS 0x0000000409400000, 0x0000000409400000|
| 199|0x0000000409800000, 0x0000000409800000, 0x0000000409c00000|  0%| F|  |TS  0|AC  0|TAMS 0x0000000409800000, 0x0000000409800000|
| 200|0x0000000409c00000, 0x0000000409c00000, 0x000000040a000000|  0%| F|  |TS  0|AC  0|TAMS 0x0000000409c00000, 0x0000000409c00000|
| 201|0x000000040a000000, 0x000000040a000000, 0x000000040a400000|  0%| F|  |TS  0|AC  0|TAMS 0x000000040a000000, 0x000000040a000000|
| 202|0x000000040a400000, 0x000000040a400000, 0x000000040a800000|  0%| F|  |TS  0|AC  0|TAMS 0x000000040a400000, 0x000000040a400000|
| 203|0x000000040a800000, 0x000000040a800000, 0x000000040ac00000|  0%| F|  |TS  0|AC  0|TAMS 0x000000040a800000, 0x000000040a800000|
| 204|0x000000040ac00000, 0x000000040ac00000, 0x000000040b000000|  0%| F|  |TS  0|AC  0|TAMS 0x000000040ac00000, 0x000000040ac00000|
| 205|0x000000040b000000, 0x000000040b000000, 0x000000040b400000|  0%| F|  |TS  0|AC  0|TAMS 0x000000040b000000, 0x000000040b000000|
| 206|0x000000040b400000, 0x000000040b400000, 0x000000040b800000|  0%| F|  |TS  0|AC  0|TAMS 0x000000040b400000, 0x000000040b400000|
| 207|0x000000040b800000, 0x000000040b800000, 0x000000040bc00000|  0%| F|  |TS  0|AC  0|TAMS 0x000000040b800000, 0x000000040b800000|
| 208|0x000000040bc00000, 0x000000040bc00000, 0x000000040c000000|  0%| F|  |TS  0|AC  0|TAMS 0x000000040bc00000, 0x000000040bc00000|
| 209|0x000000040c000000, 0x000000040c000000, 0x000000040c400000|  0%| F|  |TS  0|AC  0|TAMS 0x000000040c000000, 0x000000040c000000|
| 210|0x000000040c400000, 0x000000040c400000, 0x000000040c800000|  0%| F|  |TS  0|AC  0|TAMS 0x000000040c400000, 0x000000040c400000|
| 211|0x000000040c800000, 0x000000040c800000, 0x000000040cc00000|  0%| F|  |TS  0|AC  0|TAMS 0x000000040c800000, 0x000000040c800000|
| 212|0x000000040cc00000, 0x000000040cc00000, 0x000000040d000000|  0%| F|  |TS  0|AC  0|TAMS 0x000000040cc00000, 0x000000040cc00000|
| 213|0x000000040d000000, 0x000000040d000000, 0x000000040d400000|  0%| F|  |TS  0|AC  0|TAMS 0x000000040d000000, 0x000000040d000000|
| 214|0x000000040d400000, 0x000000040d400000, 0x000000040d800000|  0%| F|  |TS  0|AC  0|TAMS 0x000000040d400000, 0x000000040d400000|
| 215|0x000000040d800000, 0x000000040d800000, 0x000000040dc00000|  0%| F|  |TS  0|AC  0|TAMS 0x000000040d800000, 0x000000040d800000|
| 216|0x000000040dc00000, 0x000000040dc00000, 0x000000040e000000|  0%| F|  |TS  0|AC  0|TAMS 0x000000040dc00000, 0x000000040dc00000|
| 217|0x000000040e000000, 0x000000040e000000, 0x000000040e400000|  0%| F|  |TS  0|AC  0|TAMS 0x000000040e000000, 0x000000040e000000|
| 218|0x000000040e400000, 0x000000040e400000, 0x000000040e800000|  0%| F|  |TS  0|AC  0|TAMS 0x000000040e400000, 0x000000040e400000|
| 219|0x000000040e800000, 0x000000040e800000, 0x000000040ec00000|  0%| F|  |TS  0|AC  0|TAMS 0x000000040e800000, 0x000000040e800000|
| 220|0x000000040ec00000, 0x000000040ec00000, 0x000000040f000000|  0%| F|  |TS  0|AC  0|TAMS 0x000000040ec00000, 0x000000040ec00000|
| 221|0x000000040f000000, 0x000000040f000000, 0x000000040f400000|  0%| F|  |TS  0|AC  0|TAMS 0x000000040f000000, 0x000000040f000000|
| 222|0x000000040f400000, 0x000000040f400000, 0x000000040f800000|  0%| F|  |TS  0|AC  0|TAMS 0x000000040f400000, 0x000000040f400000|
| 223|0x000000040f800000, 0x000000040f800000, 0x000000040fc00000|  0%| F|  |TS  0|AC  0|TAMS 0x000000040f800000, 0x000000040f800000|
| 224|0x000000040fc00000, 0x000000040fc00000, 0x0000000410000000|  0%| F|  |TS  0|AC  0|TAMS 0x000000040fc00000, 0x000000040fc00000|
| 225|0x0000000410000000, 0x0000000410000000, 0x0000000410400000|  0%| F|  |TS  0|AC  0|TAMS 0x0000000410000000, 0x0000000410000000|
| 226|0x0000000410400000, 0x0000000410400000, 0x0000000410800000|  0%| F|  |TS  0|AC  0|TAMS 0x0000000410400000, 0x0000000410400000|
| 227|0x0000000410800000, 0x0000000410800000, 0x0000000410c00000|  0%| F|  |TS  0|AC  0|TAMS 0x0000000410800000, 0x0000000410800000|
| 228|0x0000000410c00000, 0x0000000410c00000, 0x0000000411000000|  0%| F|  |TS  0|AC  0|TAMS 0x0000000410c00000, 0x0000000410c00000|
| 229|0x0000000411000000, 0x0000000411000000, 0x0000000411400000|  0%| F|  |TS  0|AC  0|TAMS 0x0000000411000000, 0x0000000411000000|
| 230|0x0000000411400000, 0x0000000411400000, 0x0000000411800000|  0%| F|  |TS  0|AC  0|TAMS 0x0000000411400000, 0x0000000411400000|
| 231|0x0000000411800000, 0x0000000411800000, 0x0000000411c00000|  0%| F|  |TS  0|AC  0|TAMS 0x0000000411800000, 0x0000000411800000|
| 232|0x0000000411c00000, 0x0000000411c00000, 0x0000000412000000|  0%| F|  |TS  0|AC  0|TAMS 0x0000000411c00000, 0x0000000411c00000|
| 233|0x0000000412000000, 0x0000000412000000, 0x0000000412400000|  0%| F|  |TS  0|AC  0|TAMS 0x0000000412000000, 0x0000000412000000|
| 234|0x0000000412400000, 0x0000000412400000, 0x0000000412800000|  0%| F|  |TS  0|AC  0|TAMS 0x0000000412400000, 0x0000000412400000|
| 235|0x0000000412800000, 0x0000000412800000, 0x0000000412c00000|  0%| F|  |TS  0|AC  0|TAMS 0x0000000412800000, 0x0000000412800000|
| 236|0x0000000412c00000, 0x0000000412c00000, 0x0000000413000000|  0%| F|  |TS  0|AC  0|TAMS 0x0000000412c00000, 0x0000000412c00000|
| 237|0x0000000413000000, 0x0000000413000000, 0x0000000413400000|  0%| F|  |TS  0|AC  0|TAMS 0x0000000413000000, 0x0000000413000000|
| 238|0x0000000413400000, 0x0000000413400000, 0x0000000413800000|  0%| F|  |TS  0|AC  0|TAMS 0x0000000413400000, 0x0000000413400000|
| 239|0x0000000413800000, 0x0000000413800000, 0x0000000413c00000|  0%| F|  |TS  0|AC  0|TAMS 0x0000000413800000, 0x0000000413800000|
| 240|0x0000000413c00000, 0x0000000413c00000, 0x0000000414000000|  0%| F|  |TS  0|AC  0|TAMS 0x0000000413c00000, 0x0000000413c00000|
| 241|0x0000000414000000, 0x0000000414000000, 0x0000000414400000|  0%| F|  |TS  0|AC  0|TAMS 0x0000000414000000, 0x0000000414000000|
| 242|0x0000000414400000, 0x0000000414400000, 0x0000000414800000|  0%| F|  |TS  0|AC  0|TAMS 0x0000000414400000, 0x0000000414400000|
| 243|0x0000000414800000, 0x0000000414800000, 0x0000000414c00000|  0%| F|  |TS  0|AC  0|TAMS 0x0000000414800000, 0x0000000414800000|
| 244|0x0000000414c00000, 0x0000000414c00000, 0x0000000415000000|  0%| F|  |TS  0|AC  0|TAMS 0x0000000414c00000, 0x0000000414c00000|
| 245|0x0000000415000000, 0x0000000415000000, 0x0000000415400000|  0%| F|  |TS  0|AC  0|TAMS 0x0000000415000000, 0x0000000415000000|
| 246|0x0000000415400000, 0x0000000415400000, 0x0000000415800000|  0%| F|  |TS  0|AC  0|TAMS 0x0000000415400000, 0x0000000415400000|
| 247|0x0000000415800000, 0x0000000415800000, 0x0000000415c00000|  0%| F|  |TS  0|AC  0|TAMS 0x0000000415800000, 0x0000000415800000|
| 248|0x0000000415c00000, 0x0000000415fd7960, 0x0000000416000000| 96%| E|  |TS  0|AC  0|TAMS 0x0000000415c00000, 0x0000000415c00000|
| 249|0x0000000416000000, 0x0000000416400000, 0x0000000416400000|100%| E|CS|TS  0|AC  0|TAMS 0x0000000416000000, 0x0000000416000000|
| 250|0x0000000416400000, 0x0000000416800000, 0x0000000416800000|100%| E|CS|TS  0|AC  0|TAMS 0x0000000416400000, 0x0000000416400000|

Card table byte_map: [0x00007ff68417c000,0x00007ff6860be000] byte_map_base: 0x00007ff6822be000

Marking Bits (Prev, Next): (CMBitMap*) 0x00007ff74c09e820, (CMBitMap*) 0x00007ff74c09e858
 Prev Bits: [0x00007ff67282a000, 0x00007ff68223a000)
 Next Bits: [0x00007ff662e1a000, 0x00007ff67282a000)

Polling page: 0x00007ff752a43000

CodeHeap 'non-profiled nmethods': size=119172Kb used=152Kb max_used=152Kb free=119019Kb
 bounds [0x00007ff7396e2000, 0x00007ff739952000, 0x00007ff740b43000]
CodeHeap 'profiled nmethods': size=119172Kb used=337Kb max_used=337Kb free=118834Kb
 bounds [0x00007ff732281000, 0x00007ff7324f1000, 0x00007ff7396e2000]
CodeHeap 'non-nmethods': size=7416Kb used=2826Kb max_used=2859Kb free=4589Kb
 bounds [0x00007ff731b43000, 0x00007ff731e13000, 0x00007ff732281000]
 total_blobs=640 nmethods=257 adapters=168
 compilation: enabled

Compilation events (10 events):
Event: 0.481 Thread 0x00007ff74c2b2800  255       4       Print::logPrint (8 bytes)
Event: 0.483 Thread 0x00007ff74c2b6000  256   !   4       java.io.PrintStream::write (83 bytes)
Event: 0.484 Thread 0x00007ff74c2b8000  257   !   4       java.io.PrintStream::newLine (73 bytes)
Event: 0.484 Thread 0x00007ff74c2af000 nmethod 250 0x00007ff7396fa010 code [0x00007ff7396fa280, 0x00007ff7396fb3a8]
Event: 0.500 Thread 0x00007ff74c2b8000 nmethod 257 0x00007ff7396fbc90 code [0x00007ff7396fbf00, 0x00007ff7396fd468]
Event: 0.501 Thread 0x00007ff74c2b6000 nmethod 256 0x00007ff7396fdf10 code [0x00007ff7396fe160, 0x00007ff7396ff478]
Event: 0.502 Thread 0x00007ff74c2b9800 nmethod 245 0x00007ff7396ffe90 code [0x00007ff7397000c0, 0x00007ff739700f28]
Event: 0.504 Thread 0x00007ff74c2b4800 nmethod 249 0x00007ff739701910 code [0x00007ff739701b80, 0x00007ff739702fe8]
Event: 0.537 Thread 0x00007ff74c2b2800 nmethod 255 0x00007ff739703a10 code [0x00007ff739703da0, 0x00007ff739706860]
Event: 0.733 Thread 0x00007ff74c2bf000  258 %     3       org.eclipse.core.runtime.adaptor.EclipseStarter::main @ 535 (1531 bytes)

GC Heap History (0 events):
No events

Deoptimization events (0 events):
No events

Classes redefined (0 events):
No events

Internal exceptions (0 events):
No events

Events (10 events):
Event: 0.427 Thread 0x00007ff74c011800 DEOPT PACKING pc=0x00007ff7322b56a4 sp=0x00007ff7510ee0d0
Event: 0.427 Thread 0x00007ff74c011800 DEOPT UNPACKING pc=0x00007ff731b90aab sp=0x00007ff7510ed6b8 mode 0
Event: 0.427 Thread 0x00007ff74c011800 DEOPT PACKING pc=0x00007ff7322b56a4 sp=0x00007ff7510ee0d0
Event: 0.427 Thread 0x00007ff74c011800 DEOPT UNPACKING pc=0x00007ff731b90aab sp=0x00007ff7510ed6b8 mode 0
Event: 0.427 Thread 0x00007ff74c011800 DEOPT PACKING pc=0x00007ff7322b56a4 sp=0x00007ff7510ee0d0
Event: 0.427 Thread 0x00007ff74c011800 DEOPT UNPACKING pc=0x00007ff731b90aab sp=0x00007ff7510ed6b8 mode 0
Event: 0.427 Thread 0x00007ff74c011800 DEOPT PACKING pc=0x00007ff7322b56a4 sp=0x00007ff7510ee0d0
Event: 0.427 Thread 0x00007ff74c011800 DEOPT UNPACKING pc=0x00007ff731b90aab sp=0x00007ff7510ed6b8 mode 0
Event: 0.428 Thread 0x00007ff74c011800 DEOPT PACKING pc=0x00007ff7322b56a4 sp=0x00007ff7510ee0d0
Event: 0.428 Thread 0x00007ff74c011800 DEOPT UNPACKING pc=0x00007ff731b90aab sp=0x00007ff7510ed6b8 mode 0


Dynamic libraries:
00400000-00401000 r-xp 00000000 00:65 77077150                           /root/oracle/jdk-9.0.4/bin/java
00600000-00601000 rw-p 00000000 00:65 77077150                           /root/oracle/jdk-9.0.4/bin/java
00766000-00787000 rw-p 00000000 00:00 0                                  [heap]
3d7c00000-416800000 rw-p 00000000 00:00 0 
416800000-7c0000000 ---p 00000000 00:00 0 
7c0000000-7c0080000 rw-p 00000000 00:00 0 
7c0080000-800000000 ---p 00000000 00:00 0 
7ff5f0000000-7ff5f0021000 rw-p 00000000 00:00 0 
7ff5f0021000-7ff5f4000000 ---p 00000000 00:00 0 
7ff5f8000000-7ff5f8021000 rw-p 00000000 00:00 0 
7ff5f8021000-7ff5fc000000 ---p 00000000 00:00 0 
7ff5fc000000-7ff5fc021000 rw-p 00000000 00:00 0 
7ff5fc021000-7ff600000000 ---p 00000000 00:00 0 
7ff600000000-7ff600073000 rw-p 00000000 00:00 0 
7ff600073000-7ff604000000 ---p 00000000 00:00 0 
7ff604000000-7ff604021000 rw-p 00000000 00:00 0 
7ff604021000-7ff608000000 ---p 00000000 00:00 0 
7ff608000000-7ff608021000 rw-p 00000000 00:00 0 
7ff608021000-7ff60c000000 ---p 00000000 00:00 0 
7ff60c000000-7ff60c042000 rw-p 00000000 00:00 0 
7ff60c042000-7ff610000000 ---p 00000000 00:00 0 
7ff610000000-7ff6100de000 rw-p 00000000 00:00 0 
7ff6100de000-7ff614000000 ---p 00000000 00:00 0 
7ff614000000-7ff614056000 rw-p 00000000 00:00 0 
7ff614056000-7ff618000000 ---p 00000000 00:00 0 
7ff618000000-7ff6183a4000 rw-p 00000000 00:00 0 
7ff6183a4000-7ff61c000000 ---p 00000000 00:00 0 
7ff61c000000-7ff61c229000 rw-p 00000000 00:00 0 
7ff61c229000-7ff620000000 ---p 00000000 00:00 0 
7ff620000000-7ff62030b000 rw-p 00000000 00:00 0 
7ff62030b000-7ff624000000 ---p 00000000 00:00 0 
7ff624000000-7ff624278000 rw-p 00000000 00:00 0 
7ff624278000-7ff628000000 ---p 00000000 00:00 0 
7ff628000000-7ff6280da000 rw-p 00000000 00:00 0 
7ff6280da000-7ff62c000000 ---p 00000000 00:00 0 
7ff62c000000-7ff62c02c000 rw-p 00000000 00:00 0 
7ff62c02c000-7ff630000000 ---p 00000000 00:00 0 
7ff630000000-7ff630021000 rw-p 00000000 00:00 0 
7ff630021000-7ff634000000 ---p 00000000 00:00 0 
7ff634000000-7ff634074000 rw-p 00000000 00:00 0 
7ff634074000-7ff638000000 ---p 00000000 00:00 0 
7ff638000000-7ff638021000 rw-p 00000000 00:00 0 
7ff638021000-7ff63c000000 ---p 00000000 00:00 0 
7ff63c000000-7ff63c021000 rw-p 00000000 00:00 0 
7ff63c021000-7ff640000000 ---p 00000000 00:00 0 
7ff640000000-7ff640021000 rw-p 00000000 00:00 0 
7ff640021000-7ff644000000 ---p 00000000 00:00 0 
7ff644000000-7ff644021000 rw-p 00000000 00:00 0 
7ff644021000-7ff648000000 ---p 00000000 00:00 0 
7ff648b82000-7ff648eb0000 rw-p 00000000 00:00 0 
7ff648eb0000-7ff648eb1000 ---p 00000000 00:00 0 
7ff648eb1000-7ff648fb2000 rw-p 00000000 00:00 0 
7ff648fb2000-7ff648fb6000 ---p 00000000 00:00 0 
7ff648fb6000-7ff6490b3000 rw-p 00000000 00:00 0 
7ff6490b3000-7ff6490b7000 ---p 00000000 00:00 0 
7ff6490b7000-7ff6491e5000 rw-p 00000000 00:00 0 
7ff6491e5000-7ff6491fb000 r-xp 00000000 00:65 77077477                   /root/oracle/jdk-9.0.4/lib/libnet.so
7ff6491fb000-7ff6493fb000 ---p 00016000 00:65 77077477                   /root/oracle/jdk-9.0.4/lib/libnet.so
7ff6493fb000-7ff6493fc000 rw-p 00016000 00:65 77077477                   /root/oracle/jdk-9.0.4/lib/libnet.so
7ff6493fc000-7ff64940c000 r-xp 00000000 00:65 77077594                   /root/oracle/jdk-9.0.4/lib/libnio.so
7ff64940c000-7ff64960c000 ---p 00010000 00:65 77077594                   /root/oracle/jdk-9.0.4/lib/libnio.so
7ff64960c000-7ff64960d000 rw-p 00010000 00:65 77077594                   /root/oracle/jdk-9.0.4/lib/libnio.so
7ff64960d000-7ff649611000 ---p 00000000 00:00 0 
7ff649611000-7ff64970e000 rw-p 00000000 00:00 0 
7ff64970e000-7ff649712000 ---p 00000000 00:00 0 
7ff649712000-7ff64980f000 rw-p 00000000 00:00 0 
7ff64980f000-7ff649813000 ---p 00000000 00:00 0 
7ff649813000-7ff649910000 rw-p 00000000 00:00 0 
7ff649910000-7ff649914000 ---p 00000000 00:00 0 
7ff649914000-7ff649a11000 rw-p 00000000 00:00 0 
7ff649a11000-7ff649a15000 ---p 00000000 00:00 0 
7ff649a15000-7ff649b12000 rw-p 00000000 00:00 0 
7ff649b12000-7ff649b16000 ---p 00000000 00:00 0 
7ff649b16000-7ff649c13000 rw-p 00000000 00:00 0 
7ff649c13000-7ff649c17000 ---p 00000000 00:00 0 
7ff649c17000-7ff649d14000 rw-p 00000000 00:00 0 
7ff649d14000-7ff649d18000 ---p 00000000 00:00 0 
7ff649d18000-7ff649e15000 rw-p 00000000 00:00 0 
7ff649e15000-7ff649e19000 ---p 00000000 00:00 0 
7ff649e19000-7ff649f16000 rw-p 00000000 00:00 0 
7ff649f16000-7ff649f1a000 ---p 00000000 00:00 0 
7ff649f1a000-7ff64a017000 rw-p 00000000 00:00 0 
7ff64a017000-7ff64a01b000 ---p 00000000 00:00 0 
7ff64a01b000-7ff64a118000 rw-p 00000000 00:00 0 
7ff64a118000-7ff64a11c000 ---p 00000000 00:00 0 
7ff64a11c000-7ff64a219000 rw-p 00000000 00:00 0 
7ff64a219000-7ff64a21d000 ---p 00000000 00:00 0 
7ff64a21d000-7ff64a31a000 rw-p 00000000 00:00 0 
7ff64a31a000-7ff64a31e000 ---p 00000000 00:00 0 
7ff64a31e000-7ff64a41b000 rw-p 00000000 00:00 0 
7ff64a41b000-7ff64a41f000 ---p 00000000 00:00 0 
7ff64a41f000-7ff64a51c000 rw-p 00000000 00:00 0 
7ff64a51c000-7ff64a520000 ---p 00000000 00:00 0 
7ff64a520000-7ff64a61d000 rw-p 00000000 00:00 0 
7ff64a61d000-7ff64a61e000 ---p 00000000 00:00 0 
7ff64a61e000-7ff64ac30000 rw-p 00000000 00:00 0 
7ff64ac30000-7ff64aff0000 ---p 00000000 00:00 0 
7ff64aff0000-7ff64c000000 rw-p 00000000 00:00 0 
7ff64c000000-7ff64c021000 rw-p 00000000 00:00 0 
7ff64c021000-7ff650000000 ---p 00000000 00:00 0 
7ff650000000-7ff650021000 rw-p 00000000 00:00 0 
7ff650021000-7ff654000000 ---p 00000000 00:00 0 
7ff654000000-7ff654021000 rw-p 00000000 00:00 0 
7ff654021000-7ff658000000 ---p 00000000 00:00 0 
7ff658000000-7ff658021000 rw-p 00000000 00:00 0 
7ff658021000-7ff65c000000 ---p 00000000 00:00 0 
7ff65c000000-7ff65c021000 rw-p 00000000 00:00 0 
7ff65c021000-7ff660000000 ---p 00000000 00:00 0 
7ff660021000-7ff660425000 rw-p 00000000 00:00 0 
7ff660425000-7ff662425000 rwxp 00000000 00:00 0 
7ff662425000-7ff662426000 ---p 00000000 00:00 0 
7ff662426000-7ff662527000 rw-p 00000000 00:00 0 
7ff662527000-7ff662528000 ---p 00000000 00:00 0 
7ff662528000-7ff662629000 rw-p 00000000 00:00 0 
7ff662629000-7ff66262a000 ---p 00000000 00:00 0 
7ff66262a000-7ff66272b000 rw-p 00000000 00:00 0 
7ff66272b000-7ff66272c000 ---p 00000000 00:00 0 
7ff66272c000-7ff66282d000 rw-p 00000000 00:00 0 
7ff66282d000-7ff66282e000 ---p 00000000 00:00 0 
7ff66282e000-7ff66292f000 rw-p 00000000 00:00 0 
7ff66292f000-7ff662930000 ---p 00000000 00:00 0 
7ff662930000-7ff663dca000 rw-p 00000000 00:00 0 
7ff663dca000-7ff67282a000 ---p 00000000 00:00 0 
7ff67282a000-7ff6737da000 rw-p 00000000 00:00 0 
7ff6737da000-7ff68223a000 ---p 00000000 00:00 0 
7ff68223a000-7ff682430000 rw-p 00000000 00:00 0 
7ff682430000-7ff68417c000 ---p 00000000 00:00 0 
7ff68417c000-7ff684372000 rw-p 00000000 00:00 0 
7ff684372000-7ff688000000 ---p 00000000 00:00 0 
7ff688000000-7ff688021000 rw-p 00000000 00:00 0 
7ff688021000-7ff68c000000 ---p 00000000 00:00 0 
7ff68c000000-7ff68c021000 rw-p 00000000 00:00 0 
7ff68c021000-7ff690000000 ---p 00000000 00:00 0 
7ff690000000-7ff690021000 rw-p 00000000 00:00 0 
7ff690021000-7ff694000000 ---p 00000000 00:00 0 
7ff694000000-7ff694021000 rw-p 00000000 00:00 0 
7ff694021000-7ff698000000 ---p 00000000 00:00 0 
7ff698000000-7ff698021000 rw-p 00000000 00:00 0 
7ff698021000-7ff69c000000 ---p 00000000 00:00 0 
7ff69c000000-7ff69c021000 rw-p 00000000 00:00 0 
7ff69c021000-7ff6a0000000 ---p 00000000 00:00 0 
7ff6a0000000-7ff6a0021000 rw-p 00000000 00:00 0 
7ff6a0021000-7ff6a4000000 ---p 00000000 00:00 0 
7ff6a4000000-7ff6a4021000 rw-p 00000000 00:00 0 
7ff6a4021000-7ff6a8000000 ---p 00000000 00:00 0 
7ff6a8000000-7ff6a8021000 rw-p 00000000 00:00 0 
7ff6a8021000-7ff6ac000000 ---p 00000000 00:00 0 
7ff6ac000000-7ff6ac021000 rw-p 00000000 00:00 0 
7ff6ac021000-7ff6b0000000 ---p 00000000 00:00 0 
7ff6b0000000-7ff6b0021000 rw-p 00000000 00:00 0 
7ff6b0021000-7ff6b4000000 ---p 00000000 00:00 0 
7ff6b4000000-7ff6b4021000 rw-p 00000000 00:00 0 
7ff6b4021000-7ff6b8000000 ---p 00000000 00:00 0 
7ff6b8000000-7ff6b8021000 rw-p 00000000 00:00 0 
7ff6b8021000-7ff6bc000000 ---p 00000000 00:00 0 
7ff6bc000000-7ff6bc021000 rw-p 00000000 00:00 0 
7ff6bc021000-7ff6c0000000 ---p 00000000 00:00 0 
7ff6c0000000-7ff6c0021000 rw-p 00000000 00:00 0 
7ff6c0021000-7ff6c4000000 ---p 00000000 00:00 0 
7ff6c4000000-7ff6c4021000 rw-p 00000000 00:00 0 
7ff6c4021000-7ff6c8000000 ---p 00000000 00:00 0 
7ff6c8000000-7ff6c8021000 rw-p 00000000 00:00 0 
7ff6c8021000-7ff6cc000000 ---p 00000000 00:00 0 
7ff6cc000000-7ff6cc021000 rw-p 00000000 00:00 0 
7ff6cc021000-7ff6d0000000 ---p 00000000 00:00 0 
7ff6d0000000-7ff6d0021000 rw-p 00000000 00:00 0 
7ff6d0021000-7ff6d4000000 ---p 00000000 00:00 0 
7ff6d4000000-7ff6d4021000 rw-p 00000000 00:00 0 
7ff6d4021000-7ff6d8000000 ---p 00000000 00:00 0 
7ff6d8000000-7ff6d8021000 rw-p 00000000 00:00 0 
7ff6d8021000-7ff6dc000000 ---p 00000000 00:00 0 
7ff6dc000000-7ff6dc021000 rw-p 00000000 00:00 0 
7ff6dc021000-7ff6e0000000 ---p 00000000 00:00 0 
7ff6e000a000-7ff6e0302000 rw-p 00000000 00:00 0 
7ff6e0302000-7ff6e204e000 ---p 00000000 00:00 0 
7ff6e204e000-7ff6e20cc000 rw-p 00000000 00:00 0 
7ff6e20cc000-7ff6e20cd000 ---p 00000000 00:00 0 
7ff6e20cd000-7ff6e21ce000 rw-p 00000000 00:00 0 
7ff6e21ce000-7ff6e21cf000 ---p 00000000 00:00 0 
7ff6e21cf000-7ff6e22d0000 rw-p 00000000 00:00 0 
7ff6e22d0000-7ff6e22d1000 ---p 00000000 00:00 0 
7ff6e22d1000-7ff6e23d2000 rw-p 00000000 00:00 0 
7ff6e23d2000-7ff6e23d3000 ---p 00000000 00:00 0 
7ff6e23d3000-7ff6e24d4000 rw-p 00000000 00:00 0 
7ff6e24d4000-7ff6e24d5000 ---p 00000000 00:00 0 
7ff6e24d5000-7ff6e25d6000 rw-p 00000000 00:00 0 
7ff6e25d6000-7ff6e25d7000 ---p 00000000 00:00 0 
7ff6e25d7000-7ff6e26d8000 rw-p 00000000 00:00 0 
7ff6e26d8000-7ff6e26d9000 ---p 00000000 00:00 0 
7ff6e26d9000-7ff6e27da000 rw-p 00000000 00:00 0 
7ff6e27da000-7ff6e27db000 ---p 00000000 00:00 0 
7ff6e27db000-7ff6e28dc000 rw-p 00000000 00:00 0 
7ff6e28dc000-7ff6e28dd000 ---p 00000000 00:00 0 
7ff6e28dd000-7ff6e29de000 rw-p 00000000 00:00 0 
7ff6e29de000-7ff6e29df000 ---p 00000000 00:00 0 
7ff6e29df000-7ff6e2ae0000 rw-p 00000000 00:00 0 
7ff6e2ae0000-7ff6e2ae1000 ---p 00000000 00:00 0 
7ff6e2ae1000-7ff6e2be2000 rw-p 00000000 00:00 0 
7ff6e2be2000-7ff6e2be3000 ---p 00000000 00:00 0 
7ff6e2be3000-7ff6e2ce4000 rw-p 00000000 00:00 0 
7ff6e2ce4000-7ff6e2ce5000 ---p 00000000 00:00 0 
7ff6e2ce5000-7ff6e2de6000 rw-p 00000000 00:00 0 
7ff6e2de6000-7ff6e2de7000 ---p 00000000 00:00 0 
7ff6e2de7000-7ff6e2ee8000 rw-p 00000000 00:00 0 
7ff6e2ee8000-7ff6e2ee9000 ---p 00000000 00:00 0 
7ff6e2ee9000-7ff6e2fea000 rw-p 00000000 00:00 0 
7ff6e2fea000-7ff6e2feb000 ---p 00000000 00:00 0 
7ff6e2feb000-7ff6e30ec000 rw-p 00000000 00:00 0 
7ff6e30ec000-7ff6e30ed000 ---p 00000000 00:00 0 
7ff6e30ed000-7ff6e31ee000 rw-p 00000000 00:00 0 
7ff6e31ee000-7ff6e31ef000 ---p 00000000 00:00 0 
7ff6e31ef000-7ff6e32f0000 rw-p 00000000 00:00 0 
7ff6e32f0000-7ff6e32f1000 ---p 00000000 00:00 0 
7ff6e32f1000-7ff6e33f2000 rw-p 00000000 00:00 0 
7ff6e33f2000-7ff6e33f3000 ---p 00000000 00:00 0 
7ff6e33f3000-7ff6e34f4000 rw-p 00000000 00:00 0 
7ff6e34f4000-7ff6e34f5000 ---p 00000000 00:00 0 
7ff6e34f5000-7ff6e4000000 rw-p 00000000 00:00 0 
7ff6e4000000-7ff6e4021000 rw-p 00000000 00:00 0 
7ff6e4021000-7ff6e8000000 ---p 00000000 00:00 0 
7ff6e8000000-7ff6e8021000 rw-p 00000000 00:00 0 
7ff6e8021000-7ff6ec000000 ---p 00000000 00:00 0 
7ff6ec000000-7ff6ec021000 rw-p 00000000 00:00 0 
7ff6ec021000-7ff6f0000000 ---p 00000000 00:00 0 
7ff6f0000000-7ff6f0021000 rw-p 00000000 00:00 0 
7ff6f0021000-7ff6f4000000 ---p 00000000 00:00 0 
7ff6f4000000-7ff6f4021000 rw-p 00000000 00:00 0 
7ff6f4021000-7ff6f8000000 ---p 00000000 00:00 0 
7ff6f8000000-7ff6f8021000 rw-p 00000000 00:00 0 
7ff6f8021000-7ff6fc000000 ---p 00000000 00:00 0 
7ff6fc000000-7ff6fc021000 rw-p 00000000 00:00 0 
7ff6fc021000-7ff700000000 ---p 00000000 00:00 0 
7ff700000000-7ff700021000 rw-p 00000000 00:00 0 
7ff700021000-7ff704000000 ---p 00000000 00:00 0 
7ff704000000-7ff704021000 rw-p 00000000 00:00 0 
7ff704021000-7ff708000000 ---p 00000000 00:00 0 
7ff708000000-7ff708021000 rw-p 00000000 00:00 0 
7ff708021000-7ff70c000000 ---p 00000000 00:00 0 
7ff70c000000-7ff70c021000 rw-p 00000000 00:00 0 
7ff70c021000-7ff710000000 ---p 00000000 00:00 0 
7ff710000000-7ff710021000 rw-p 00000000 00:00 0 
7ff710021000-7ff714000000 ---p 00000000 00:00 0 
7ff714000000-7ff714021000 rw-p 00000000 00:00 0 
7ff714021000-7ff718000000 ---p 00000000 00:00 0 
7ff718000000-7ff718021000 rw-p 00000000 00:00 0 
7ff718021000-7ff71c000000 ---p 00000000 00:00 0 
7ff71c000000-7ff71c021000 rw-p 00000000 00:00 0 
7ff71c021000-7ff720000000 ---p 00000000 00:00 0 
7ff720000000-7ff720021000 rw-p 00000000 00:00 0 
7ff720021000-7ff724000000 ---p 00000000 00:00 0 
7ff724000000-7ff724021000 rw-p 00000000 00:00 0 
7ff724021000-7ff728000000 ---p 00000000 00:00 0 
7ff728000000-7ff728021000 rw-p 00000000 00:00 0 
7ff728021000-7ff72c000000 ---p 00000000 00:00 0 
7ff72c000000-7ff72c021000 rw-p 00000000 00:00 0 
7ff72c021000-7ff730000000 ---p 00000000 00:00 0 
7ff730017000-7ff730a21000 rw-p 00000000 00:00 0 
7ff730a21000-7ff730a22000 ---p 00000000 00:00 0 
7ff730a22000-7ff730b23000 rw-p 00000000 00:00 0 
7ff730b23000-7ff730b24000 ---p 00000000 00:00 0 
7ff730b24000-7ff730c25000 rw-p 00000000 00:00 0 
7ff730c25000-7ff730c26000 ---p 00000000 00:00 0 
7ff730c26000-7ff730d27000 rw-p 00000000 00:00 0 
7ff730d27000-7ff730d28000 ---p 00000000 00:00 0 
7ff730d28000-7ff730e29000 rw-p 00000000 00:00 0 
7ff730e29000-7ff730e2a000 ---p 00000000 00:00 0 
7ff730e2a000-7ff730f2b000 rw-p 00000000 00:00 0 
7ff730f2b000-7ff730f2c000 ---p 00000000 00:00 0 
7ff730f2c000-7ff73102d000 rw-p 00000000 00:00 0 
7ff73102d000-7ff73102e000 ---p 00000000 00:00 0 
7ff73102e000-7ff73112f000 rw-p 00000000 00:00 0 
7ff73112f000-7ff731130000 ---p 00000000 00:00 0 
7ff731130000-7ff731231000 rw-p 00000000 00:00 0 
7ff731231000-7ff731232000 ---p 00000000 00:00 0 
7ff731232000-7ff731333000 rw-p 00000000 00:00 0 
7ff731333000-7ff731334000 ---p 00000000 00:00 0 
7ff731334000-7ff731435000 rw-p 00000000 00:00 0 
7ff731435000-7ff731436000 ---p 00000000 00:00 0 
7ff731436000-7ff731537000 rw-p 00000000 00:00 0 
7ff731537000-7ff731538000 ---p 00000000 00:00 0 
7ff731538000-7ff731639000 rw-p 00000000 00:00 0 
7ff731639000-7ff73163a000 ---p 00000000 00:00 0 
7ff73163a000-7ff73173b000 rw-p 00000000 00:00 0 
7ff73173b000-7ff73173c000 ---p 00000000 00:00 0 
7ff73173c000-7ff73183d000 rw-p 00000000 00:00 0 
7ff73183d000-7ff73183e000 ---p 00000000 00:00 0 
7ff73183e000-7ff73193f000 rw-p 00000000 00:00 0 
7ff73193f000-7ff731940000 ---p 00000000 00:00 0 
7ff731940000-7ff731a41000 rw-p 00000000 00:00 0 
7ff731a41000-7ff731a42000 ---p 00000000 00:00 0 
7ff731a42000-7ff731b43000 rw-p 00000000 00:00 0 
7ff731b43000-7ff731e13000 rwxp 00000000 00:00 0 
7ff731e13000-7ff732281000 ---p 00000000 00:00 0 
7ff732281000-7ff7324f1000 rwxp 00000000 00:00 0 
7ff7324f1000-7ff7396e2000 ---p 00000000 00:00 0 
7ff7396e2000-7ff739952000 rwxp 00000000 00:00 0 
7ff739952000-7ff740b43000 ---p 00000000 00:00 0 
7ff740b43000-7ff74c000000 r--s 00000000 00:65 77077560                   /root/oracle/jdk-9.0.4/lib/modules
7ff74c000000-7ff74c447000 rw-p 00000000 00:00 0 
7ff74c447000-7ff750000000 ---p 00000000 00:00 0 
7ff75001d000-7ff750045000 rw-p 00000000 00:00 0 
7ff750045000-7ff750046000 ---p 00000000 00:00 0 
7ff750046000-7ff750147000 rw-p 00000000 00:00 0 
7ff750147000-7ff750148000 ---p 00000000 00:00 0 
7ff750148000-7ff750249000 rw-p 00000000 00:00 0 
7ff750249000-7ff75024a000 ---p 00000000 00:00 0 
7ff75024a000-7ff750350000 rw-p 00000000 00:00 0 
7ff750350000-7ff750434000 ---p 00000000 00:00 0 
7ff750434000-7ff750439000 rw-p 00000000 00:00 0 
7ff750439000-7ff75051d000 ---p 00000000 00:00 0 
7ff75051d000-7ff750523000 rw-p 00000000 00:00 0 
7ff750523000-7ff75052c000 ---p 00000000 00:00 0 
7ff75052c000-7ff75057c000 rw-p 00000000 00:00 0 
7ff75057c000-7ff750759000 r--s 03e31000 00:65 101727669                  /usr/local/java/jdk1.8.0_301/jre/lib/rt.jar
7ff750759000-7ff750773000 r-xp 00000000 00:65 77077435                   /root/oracle/jdk-9.0.4/lib/libjimage.so
7ff750773000-7ff750972000 ---p 0001a000 00:65 77077435                   /root/oracle/jdk-9.0.4/lib/libjimage.so
7ff750972000-7ff750974000 rw-p 00019000 00:65 77077435                   /root/oracle/jdk-9.0.4/lib/libjimage.so
7ff750974000-7ff750986000 rw-p 00000000 00:00 0 
7ff750986000-7ff75098d000 r-xp 00000000 00:65 77083131                   /root/oracle/jdk-9.0.4/lib/libzip.so
7ff75098d000-7ff750b8c000 ---p 00007000 00:65 77083131                   /root/oracle/jdk-9.0.4/lib/libzip.so
7ff750b8c000-7ff750b8d000 rw-p 00006000 00:65 77083131                   /root/oracle/jdk-9.0.4/lib/libzip.so
7ff750b8d000-7ff750b90000 r--p 00000000 00:65 165034530                  /usr/lib/x86_64-linux-gnu/libnss_files-2.31.so
7ff750b90000-7ff750b97000 r-xp 00003000 00:65 165034530                  /usr/lib/x86_64-linux-gnu/libnss_files-2.31.so
7ff750b97000-7ff750b99000 r--p 0000a000 00:65 165034530                  /usr/lib/x86_64-linux-gnu/libnss_files-2.31.so
7ff750b99000-7ff750b9a000 r--p 0000b000 00:65 165034530                  /usr/lib/x86_64-linux-gnu/libnss_files-2.31.so
7ff750b9a000-7ff750b9b000 rw-p 0000c000 00:65 165034530                  /usr/lib/x86_64-linux-gnu/libnss_files-2.31.so
7ff750b9b000-7ff750ba1000 rw-p 00000000 00:00 0 
7ff750ba9000-7ff750baa000 rw-p 00000000 00:00 0 
7ff750baa000-7ff750bd5000 r-xp 00000000 00:65 77077470                   /root/oracle/jdk-9.0.4/lib/libjava.so
7ff750bd5000-7ff750dd4000 ---p 0002b000 00:65 77077470                   /root/oracle/jdk-9.0.4/lib/libjava.so
7ff750dd4000-7ff750dd6000 rw-p 0002a000 00:65 77077470                   /root/oracle/jdk-9.0.4/lib/libjava.so
7ff750dd6000-7ff750de3000 r-xp 00000000 00:65 77077494                   /root/oracle/jdk-9.0.4/lib/libverify.so
7ff750de3000-7ff750fe2000 ---p 0000d000 00:65 77077494                   /root/oracle/jdk-9.0.4/lib/libverify.so
7ff750fe2000-7ff750fe4000 rw-p 0000c000 00:65 77077494                   /root/oracle/jdk-9.0.4/lib/libverify.so
7ff750fe4000-7ff750fe7000 r--p 00000000 00:65 165034636                  /usr/lib/x86_64-linux-gnu/librt-2.31.so
7ff750fe7000-7ff750feb000 r-xp 00003000 00:65 165034636                  /usr/lib/x86_64-linux-gnu/librt-2.31.so
7ff750feb000-7ff750fec000 r--p 00007000 00:65 165034636                  /usr/lib/x86_64-linux-gnu/librt-2.31.so
7ff750fec000-7ff750fed000 ---p 00008000 00:65 165034636                  /usr/lib/x86_64-linux-gnu/librt-2.31.so
7ff750fed000-7ff750fee000 r--p 00008000 00:65 165034636                  /usr/lib/x86_64-linux-gnu/librt-2.31.so
7ff750fee000-7ff750fef000 rw-p 00009000 00:65 165034636                  /usr/lib/x86_64-linux-gnu/librt-2.31.so
7ff750fef000-7ff750ff0000 ---p 00000000 00:00 0 
7ff750ff0000-7ff750ff1000 rw-p 00000000 00:00 0 
7ff750ff1000-7ff750ff5000 ---p 00000000 00:00 0 
7ff750ff5000-7ff7510f0000 rw-p 00000000 00:00 0 
7ff7510f0000-7ff7510ff000 r--p 00000000 00:65 165034468                  /usr/lib/x86_64-linux-gnu/libm-2.31.so
7ff7510ff000-7ff7511a6000 r-xp 0000f000 00:65 165034468                  /usr/lib/x86_64-linux-gnu/libm-2.31.so
7ff7511a6000-7ff75123d000 r--p 000b6000 00:65 165034468                  /usr/lib/x86_64-linux-gnu/libm-2.31.so
7ff75123d000-7ff75123e000 r--p 0014c000 00:65 165034468                  /usr/lib/x86_64-linux-gnu/libm-2.31.so
7ff75123e000-7ff75123f000 rw-p 0014d000 00:65 165034468                  /usr/lib/x86_64-linux-gnu/libm-2.31.so
7ff75123f000-7ff752254000 r-xp 00000000 00:65 77083135                   /root/oracle/jdk-9.0.4/lib/server/libjvm.so
7ff752254000-7ff752453000 ---p 01015000 00:65 77083135                   /root/oracle/jdk-9.0.4/lib/server/libjvm.so
7ff752453000-7ff752524000 r--p 01014000 00:65 77083135                   /root/oracle/jdk-9.0.4/lib/server/libjvm.so
7ff752524000-7ff75255b000 rw-p 010e5000 00:65 77083135                   /root/oracle/jdk-9.0.4/lib/server/libjvm.so
7ff75255b000-7ff7525c6000 rw-p 00000000 00:00 0 
7ff7525c6000-7ff7525eb000 r--p 00000000 00:65 165034165                  /usr/lib/x86_64-linux-gnu/libc-2.31.so
7ff7525eb000-7ff752763000 r-xp 00025000 00:65 165034165                  /usr/lib/x86_64-linux-gnu/libc-2.31.so
7ff752763000-7ff7527ad000 r--p 0019d000 00:65 165034165                  /usr/lib/x86_64-linux-gnu/libc-2.31.so
7ff7527ad000-7ff7527ae000 ---p 001e7000 00:65 165034165                  /usr/lib/x86_64-linux-gnu/libc-2.31.so
7ff7527ae000-7ff7527b1000 r--p 001e7000 00:65 165034165                  /usr/lib/x86_64-linux-gnu/libc-2.31.so
7ff7527b1000-7ff7527b4000 rw-p 001ea000 00:65 165034165                  /usr/lib/x86_64-linux-gnu/libc-2.31.so
7ff7527b4000-7ff7527b8000 rw-p 00000000 00:00 0 
7ff7527b8000-7ff7527b9000 r--p 00000000 00:65 165034236                  /usr/lib/x86_64-linux-gnu/libdl-2.31.so
7ff7527b9000-7ff7527bb000 r-xp 00001000 00:65 165034236                  /usr/lib/x86_64-linux-gnu/libdl-2.31.so
7ff7527bb000-7ff7527bc000 r--p 00003000 00:65 165034236                  /usr/lib/x86_64-linux-gnu/libdl-2.31.so
7ff7527bc000-7ff7527bd000 r--p 00003000 00:65 165034236                  /usr/lib/x86_64-linux-gnu/libdl-2.31.so
7ff7527bd000-7ff7527be000 rw-p 00004000 00:65 165034236                  /usr/lib/x86_64-linux-gnu/libdl-2.31.so
7ff7527be000-7ff7527cc000 r-xp 00000000 00:65 77083142                   /root/oracle/jdk-9.0.4/lib/jli/libjli.so
7ff7527cc000-7ff7529cc000 ---p 0000e000 00:65 77083142                   /root/oracle/jdk-9.0.4/lib/jli/libjli.so
7ff7529cc000-7ff7529cd000 rw-p 0000e000 00:65 77083142                   /root/oracle/jdk-9.0.4/lib/jli/libjli.so
7ff7529cd000-7ff7529d4000 r--p 00000000 00:65 165034610                  /usr/lib/x86_64-linux-gnu/libpthread-2.31.so
7ff7529d4000-7ff7529e5000 r-xp 00007000 00:65 165034610                  /usr/lib/x86_64-linux-gnu/libpthread-2.31.so
7ff7529e5000-7ff7529ea000 r--p 00018000 00:65 165034610                  /usr/lib/x86_64-linux-gnu/libpthread-2.31.so
7ff7529ea000-7ff7529eb000 r--p 0001c000 00:65 165034610                  /usr/lib/x86_64-linux-gnu/libpthread-2.31.so
7ff7529eb000-7ff7529ec000 rw-p 0001d000 00:65 165034610                  /usr/lib/x86_64-linux-gnu/libpthread-2.31.so
7ff7529ec000-7ff7529f0000 rw-p 00000000 00:00 0 
7ff7529f0000-7ff7529f2000 r--p 00000000 00:65 165034796                  /usr/lib/x86_64-linux-gnu/libz.so.1.2.11
7ff7529f2000-7ff752a03000 r-xp 00002000 00:65 165034796                  /usr/lib/x86_64-linux-gnu/libz.so.1.2.11
7ff752a03000-7ff752a09000 r--p 00013000 00:65 165034796                  /usr/lib/x86_64-linux-gnu/libz.so.1.2.11
7ff752a09000-7ff752a0a000 ---p 00019000 00:65 165034796                  /usr/lib/x86_64-linux-gnu/libz.so.1.2.11
7ff752a0a000-7ff752a0b000 r--p 00019000 00:65 165034796                  /usr/lib/x86_64-linux-gnu/libz.so.1.2.11
7ff752a0b000-7ff752a0c000 rw-p 0001a000 00:65 165034796                  /usr/lib/x86_64-linux-gnu/libz.so.1.2.11
7ff752a0c000-7ff752a14000 rw-s 00000000 00:65 71965686                   /tmp/hsperfdata_root/30498
7ff752a14000-7ff752a17000 rw-p 00000000 00:00 0 
7ff752a17000-7ff752a18000 r--p 00000000 00:65 165033992                  /usr/lib/x86_64-linux-gnu/ld-2.31.so
7ff752a18000-7ff752a3b000 r-xp 00001000 00:65 165033992                  /usr/lib/x86_64-linux-gnu/ld-2.31.so
7ff752a3b000-7ff752a43000 r--p 00024000 00:65 165033992                  /usr/lib/x86_64-linux-gnu/ld-2.31.so
7ff752a43000-7ff752a44000 r--p 00000000 00:00 0 
7ff752a44000-7ff752a45000 r--p 0002c000 00:65 165033992                  /usr/lib/x86_64-linux-gnu/ld-2.31.so
7ff752a45000-7ff752a46000 rw-p 0002d000 00:65 165033992                  /usr/lib/x86_64-linux-gnu/ld-2.31.so
7ff752a46000-7ff752a47000 rw-p 00000000 00:00 0 
7ffd1789a000-7ffd178bb000 rw-p 00000000 00:00 0                          [stack]
7ffd1797c000-7ffd1797f000 r--p 00000000 00:00 0                          [vvar]
7ffd1797f000-7ffd17980000 r-xp 00000000 00:00 0                          [vdso]
ffffffffff600000-ffffffffff601000 --xp 00000000 00:00 0                  [vsyscall]

VM Arguments:
jvm_args: -Xbootclasspath/a:/usr/local/java/jdk1.8.0_301/jre/lib/rt.jar -Xverify:none 
java_command: org.eclipse.core.runtime.adaptor.EclipseStarter -debug
java_class_path (initial): ./sootOutput/eclipse/
Launcher Type: SUN_STANDARD

Logging:
Log output configuration:
#0: stdout all=warning uptime,level,tags
#1: stderr all=off uptime,level,tags

Environment Variables:
JAVA_HOME=/root/oracle/jdk-9.0.4
JRE_HOME=/root/oracle/jdk-9.0.4
CLASSPATH=.:/root/oracle/jdk-9.0.4/lib:/JVMfuzzing/htm/CFSynthesis/resource/commons-lang3-3.12.0/commons-lang3-3.12.0.jar
PATH=/root/oracle/jdk-9.0.4/bin:/root/.vscode-server/bin/da76f93349a72022ca4670c1b84860304616aaa2/bin/remote-cli:/root/oracle/jdk-9.0.4/bin:/usr/local/sbin:/usr/local/bin:/usr/sbin:/usr/bin:/sbin:/bin:/usr/games:/usr/local/games:/snap/bin
SHELL=/bin/bash

Signal Handlers:
SIGSEGV: [libjvm.so+0xd4d370], sa_mask[0]=11111111011111111101111111111110, sa_flags=SA_RESTART|SA_SIGINFO
SIGBUS: [libjvm.so+0xd4d370], sa_mask[0]=11111111011111111101111111111110, sa_flags=SA_RESTART|SA_SIGINFO
SIGFPE: [libjvm.so+0xd4d370], sa_mask[0]=11111111011111111101111111111110, sa_flags=SA_RESTART|SA_SIGINFO
SIGPIPE: [libjvm.so+0xb64780], sa_mask[0]=11111111011111111101111111111110, sa_flags=SA_RESTART|SA_SIGINFO
SIGXFSZ: [libjvm.so+0xb64780], sa_mask[0]=11111111011111111101111111111110, sa_flags=SA_RESTART|SA_SIGINFO
SIGILL: [libjvm.so+0xd4d370], sa_mask[0]=11111111011111111101111111111110, sa_flags=SA_RESTART|SA_SIGINFO
SIGUSR2: [libjvm.so+0xb64640], sa_mask[0]=00100000000000000000000000000000, sa_flags=SA_RESTART|SA_SIGINFO
SIGHUP: [libjvm.so+0xb64850], sa_mask[0]=11111111011111111101111111111110, sa_flags=SA_RESTART|SA_SIGINFO
SIGINT: [libjvm.so+0xb64850], sa_mask[0]=11111111011111111101111111111110, sa_flags=SA_RESTART|SA_SIGINFO
SIGTERM: [libjvm.so+0xb64850], sa_mask[0]=11111111011111111101111111111110, sa_flags=SA_RESTART|SA_SIGINFO
SIGQUIT: [libjvm.so+0xb64850], sa_mask[0]=11111111011111111101111111111110, sa_flags=SA_RESTART|SA_SIGINFO


---------------  S Y S T E M  ---------------

OS:DISTRIB_ID=Ubuntu
DISTRIB_RELEASE=20.04
DISTRIB_CODENAME=focal
DISTRIB_DESCRIPTION="Ubuntu 20.04.3 LTS"
uname:Linux 5.4.0-124-generic #140~18.04.1-Ubuntu SMP Fri Aug 5 11:43:34 UTC 2022 x86_64
libc:glibc 2.31 NPTL 2.31 
rlimit: STACK 8192k, CORE infinity, NPROC infinity, NOFILE 1048576, AS infinity
load average:45.99 40.57 38.63

/proc/meminfo:
MemTotal:       65549624 kB
MemFree:        11391176 kB
MemAvailable:   37738592 kB
Buffers:         5871628 kB
Cached:          3317176 kB
SwapCached:         8092 kB
Active:         28199788 kB
Inactive:        6135600 kB
Active(anon):   21151284 kB
Inactive(anon):  4017412 kB
Active(file):    7048504 kB
Inactive(file):  2118188 kB
Unevictable:          16 kB
Mlocked:              16 kB
SwapTotal:       2097148 kB
SwapFree:              0 kB
Dirty:             52652 kB
Writeback:             0 kB
AnonPages:      25140692 kB
Mapped:           822792 kB
Shmem:             25608 kB
KReclaimable:   17912648 kB
Slab:           19081712 kB
SReclaimable:   17912648 kB
SUnreclaim:      1169064 kB
KernelStack:       77440 kB
PageTables:       230368 kB
NFS_Unstable:          0 kB
Bounce:                0 kB
WritebackTmp:          0 kB
CommitLimit:    34871960 kB
Committed_AS:   78583868 kB
VmallocTotal:   34359738367 kB
VmallocUsed:      160528 kB
VmallocChunk:          0 kB
Percpu:            32512 kB
HardwareCorrupted:     0 kB
AnonHugePages:         0 kB
ShmemHugePages:        0 kB
ShmemPmdMapped:        0 kB
FileHugePages:         0 kB
FilePmdMapped:         0 kB
CmaTotal:              0 kB
CmaFree:               0 kB
HugePages_Total:       0
HugePages_Free:        0
HugePages_Rsvd:        0
HugePages_Surp:        0
Hugepagesize:       2048 kB
Hugetlb:               0 kB
DirectMap4k:    15497632 kB
DirectMap2M:    51298304 kB
DirectMap1G:           0 kB


CPU:total 28 (initial active 28) (14 cores per cpu, 2 threads per core) family 6 model 85 stepping 4, cmov, cx8, fxsr, mmx, sse, sse2, sse3, ssse3, sse4.1, sse4.2, popcnt, avx, avx2, aes, clmul, erms, rtm, 3dnowpref, lzcnt, ht, tsc, tscinvbit, bmi1, bmi2, adx, fma
CPU Model and flags from /proc/cpuinfo:
model name	: Intel(R) Core(TM) i9-9940X CPU @ 3.30GHz
flags		: fpu vme de pse tsc msr pae mce cx8 apic sep mtrr pge mca cmov pat pse36 clflush dts acpi mmx fxsr sse sse2 ss ht tm pbe syscall nx pdpe1gb rdtscp lm constant_tsc art arch_perfmon pebs bts rep_good nopl xtopology nonstop_tsc cpuid aperfmperf pni pclmulqdq dtes64 monitor ds_cpl vmx est tm2 ssse3 sdbg fma cx16 xtpr pdcm pcid dca sse4_1 sse4_2 x2apic movbe popcnt tsc_deadline_timer aes xsave avx f16c rdrand lahf_lm abm 3dnowprefetch cpuid_fault epb cat_l3 cdp_l3 invpcid_single pti ssbd mba ibrs ibpb stibp tpr_shadow vnmi flexpriority ept vpid ept_ad fsgsbase tsc_adjust bmi1 hle avx2 smep bmi2 erms invpcid rtm cqm mpx rdt_a avx512f avx512dq rdseed adx smap clflushopt clwb intel_pt avx512cd avx512bw avx512vl xsaveopt xsavec xgetbv1 xsaves cqm_llc cqm_occup_llc cqm_mbm_total cqm_mbm_local dtherm ida arat pln pts hwp hwp_act_window hwp_epp hwp_pkg_req md_clear flush_l1d arch_capabilities

Memory: 4k page, physical 65549624k(11391176k free), swap 2097148k(0k free)

vm_info: Java HotSpot(TM) 64-Bit Server VM (9.0.4+11) for linux-amd64 JRE (9.0.4+11), built on Dec 19 2017 18:12:19 by "mach5one" with gcc 4.9.2

END.
