#
# A fatal error has been detected by the Java Runtime Environment:
#
#  SIGSEGV (0xb) at pc=0x00007ff7bfa1b9ac, pid=26413, tid=26478
#
# JRE version: Java(TM) SE Runtime Environment (9.0+11) (build 9.0.4+11)
# Java VM: Java HotSpot(TM) 64-Bit Server VM (9.0.4+11, mixed mode, tiered, compressed oops, g1 gc, linux-amd64)
# Problematic frame:
# V  [libjvm.so+0x4ad9ac]  GraphBuilder::try_inline_full(ciMethod*, bool, bool, Bytecodes::Code, Instruction*)+0x44c
#
# Core dump will be written. Default location: Core dumps may be processed with "/usr/share/apport/apport -p%p -s%s -c%c -d%d -P%P -u%u -g%g -- %E" (or dumping to /JVMfuzzing/zjy/classming/Fuzzing-Testing-of-JVM-Implementations/core.26413)
#
# If you would like to submit a bug report, please visit:
#   http://bugreport.java.com/bugreport/crash.jsp
#

---------------  S U M M A R Y ------------

Command Line: -Xbootclasspath/a:/usr/local/java/jdk1.8.0_301/jre/lib/rt.jar -Xverify:none org.eclipse.core.runtime.adaptor.EclipseStarter -debug

Host: Intel(R) Core(TM) i9-9940X CPU @ 3.30GHz, 28 cores, 62G, Ubuntu 20.04.3 LTS
Time: Thu Nov  3 09:10:58 2022 UTC elapsed time: 0 seconds (0d 0h 0m 0s)

---------------  T H R E A D  ---------------

Current thread (0x00007ff7b82c1800):  JavaThread "C1 CompilerThread11" daemon [_thread_in_native, id=26478, stack(0x00007ff68f8f9000,0x00007ff68f9fa000)]


Current CompileTask:
C1:    574  258 %     3       org.eclipse.core.runtime.adaptor.EclipseStarter::main @ 4215 (7100 bytes)

Stack: [0x00007ff68f8f9000,0x00007ff68f9fa000],  sp=0x00007ff68f9f80b0,  free space=1020k
Native frames: (J=compiled Java code, A=aot compiled Java code, j=interpreted, Vv=VM code, C=native code)
V  [libjvm.so+0x4ad9ac]  GraphBuilder::try_inline_full(ciMethod*, bool, bool, Bytecodes::Code, Instruction*)+0x44c
V  [libjvm.so+0x4ae2fc]  GraphBuilder::try_inline(ciMethod*, bool, bool, Bytecodes::Code, Instruction*)+0x1dc
V  [libjvm.so+0x4aee6d]  GraphBuilder::invoke(Bytecodes::Code)+0x3ed
V  [libjvm.so+0x4b163e]  GraphBuilder::iterate_bytecodes_for_block(int)+0x1c4e
V  [libjvm.so+0x4b1ad5]  GraphBuilder::iterate_all_blocks(bool)+0x85
V  [libjvm.so+0x4b1ec9]  GraphBuilder::GraphBuilder(Compilation*, IRScope*)+0x389
V  [libjvm.so+0x4b70a8]  IR::IR(Compilation*, ciMethod*, int)+0x1e8
V  [libjvm.so+0x497832]  Compilation::build_hir() [clone .part.93]+0x162
V  [libjvm.so+0x499633]  Compilation::compile_java_method()+0x3c3
V  [libjvm.so+0x4997af]  Compilation::compile_method()+0x12f
V  [libjvm.so+0x499c31]  Compilation::Compilation(AbstractCompiler*, ciEnv*, ciMethod*, int, BufferBlob*, DirectiveSet*)+0x271
V  [libjvm.so+0x49ac1e]  Compiler::compile_method(ciEnv*, ciMethod*, int, DirectiveSet*)+0xae
V  [libjvm.so+0x6125ac]  CompileBroker::invoke_compiler_on_method(CompileTask*)+0x41c
V  [libjvm.so+0x61344b]  CompileBroker::compiler_thread_loop()+0x28b
V  [libjvm.so+0xcef338]  JavaThread::thread_main_inner()+0xd8
V  [libjvm.so+0xb6e132]  thread_native_entry(Thread*)+0xf2
C  [libpthread.so.0+0x9609]  start_thread+0xd9


siginfo: si_signo: 11 (SIGSEGV), si_code: 1 (SEGV_MAPERR), si_addr: 0x0000000000000018

Register to memory mapping:

RAX=0x00007ff698005350 is an unknown value
RBX=0x00007ff68f9f8460 is pointing into the stack for thread: 0x00007ff7b82c1800
RCX=0x0000000000000000 is an unknown value
RDX=0x0000000000000000 is an unknown value
RSP=0x00007ff68f9f80b0 is pointing into the stack for thread: 0x00007ff7b82c1800
RBP=0x00007ff68f9f8130 is pointing into the stack for thread: 0x00007ff7b82c1800
RSI=0x0000000000000000 is an unknown value
RDI=0x00007ff68f9f8460 is pointing into the stack for thread: 0x00007ff7b82c1800
R8 =0x0000000000000000 is an unknown value
R9 =0x00007ff698005030 is an unknown value
R10=0x000000000000000c is an unknown value
R11=0x0000000000000001 is an unknown value
R12=0x00007ff688043c20 is an unknown value
R13=0x0000000000000000 is an unknown value
R14=0x0000000000000000 is an unknown value
R15=0x0000000000000001 is an unknown value


Registers:
RAX=0x00007ff698005350, RBX=0x00007ff68f9f8460, RCX=0x0000000000000000, RDX=0x0000000000000000
RSP=0x00007ff68f9f80b0, RBP=0x00007ff68f9f8130, RSI=0x0000000000000000, RDI=0x00007ff68f9f8460
R8 =0x0000000000000000, R9 =0x00007ff698005030, R10=0x000000000000000c, R11=0x0000000000000001
R12=0x00007ff688043c20, R13=0x0000000000000000, R14=0x0000000000000000, R15=0x0000000000000001
RIP=0x00007ff7bfa1b9ac, EFLAGS=0x0000000000010246, CSGSFS=0x002b000000000033, ERR=0x0000000000000004
  TRAPNO=0x000000000000000e

Top of Stack: (sp=0x00007ff68f9f80b0)
0x00007ff68f9f80b0:   00007ff7c08b74cc 00007ff68f9f80e0
0x00007ff68f9f80c0:   000000008f9f8130 00007ff698005d30
0x00007ff68f9f80d0:   00007ff6a407d3b0 00007ff698005350
0x00007ff68f9f80e0:   000000000000132e 00007ff698004d90 

Instructions: (pc=0x00007ff7bfa1b9ac)
0x00007ff7bfa1b98c:   40 08 44 39 68 38 7e 3f 48 8b 50 50 49 63 f0 44
0x00007ff7bfa1b99c:   89 c1 44 29 e9 48 89 df 48 89 45 a8 48 8b 14 f2
0x00007ff7bfa1b9ac:   48 8b 72 18 44 03 46 08 48 8b 75 98 44 89 45 b0
0x00007ff7bfa1b9bc:   44 89 45 88 e8 3b 36 ff ff 48 8b 45 a8 44 8b 45 


---------------  P R O C E S S  ---------------

Java Threads: ( => current thread )
  0x00007ff7b8361800 JavaThread "Service Thread" daemon [_thread_blocked, id=26481, stack(0x00007ff68f1ce000,0x00007ff68f2cf000)]
  0x00007ff7b82d2000 JavaThread "Common-Cleaner" daemon [_thread_blocked, id=26480, stack(0x00007ff68f2cf000,0x00007ff68f3d0000)]
  0x00007ff7b82c3000 JavaThread "Sweeper thread" daemon [_thread_blocked, id=26479, stack(0x00007ff68f7f8000,0x00007ff68f8f9000)]
=>0x00007ff7b82c1800 JavaThread "C1 CompilerThread11" daemon [_thread_in_native, id=26478, stack(0x00007ff68f8f9000,0x00007ff68f9fa000)]
  0x00007ff7b82bf800 JavaThread "C1 CompilerThread10" daemon [_thread_blocked, id=26477, stack(0x00007ff68f9fa000,0x00007ff68fafb000)]
  0x00007ff7b82bd800 JavaThread "C1 CompilerThread9" daemon [_thread_blocked, id=26476, stack(0x00007ff68fafb000,0x00007ff68fbfc000)]
  0x00007ff7b82bc000 JavaThread "C1 CompilerThread8" daemon [_thread_blocked, id=26475, stack(0x00007ff68fbfc000,0x00007ff68fcfd000)]
  0x00007ff7b82ba000 JavaThread "C2 CompilerThread7" daemon [_thread_blocked, id=26474, stack(0x00007ff68fcfd000,0x00007ff68fdfe000)]
  0x00007ff7b82b8800 JavaThread "C2 CompilerThread6" daemon [_thread_blocked, id=26473, stack(0x00007ff68fdfe000,0x00007ff68feff000)]
  0x00007ff7b82b6800 JavaThread "C2 CompilerThread5" daemon [_thread_blocked, id=26472, stack(0x00007ff68feff000,0x00007ff690000000)]
  0x00007ff7b82b5000 JavaThread "C2 CompilerThread4" daemon [_thread_blocked, id=26471, stack(0x00007ff6b80e8000,0x00007ff6b81e9000)]
  0x00007ff7b82b3000 JavaThread "C2 CompilerThread3" daemon [_thread_blocked, id=26470, stack(0x00007ff6b81e9000,0x00007ff6b82ea000)]
  0x00007ff7b82b1000 JavaThread "C2 CompilerThread2" daemon [_thread_blocked, id=26469, stack(0x00007ff6b82ea000,0x00007ff6b83eb000)]
  0x00007ff7b82af000 JavaThread "C2 CompilerThread1" daemon [_thread_blocked, id=26468, stack(0x00007ff6b83eb000,0x00007ff6b84ec000)]
  0x00007ff7b82ad000 JavaThread "C2 CompilerThread0" daemon [_thread_blocked, id=26467, stack(0x00007ff6b84ec000,0x00007ff6b85ed000)]
  0x00007ff7b82ab000 JavaThread "Signal Dispatcher" daemon [_thread_blocked, id=26466, stack(0x00007ff6b85ed000,0x00007ff6b86ee000)]
  0x00007ff7b8291000 JavaThread "Finalizer" daemon [_thread_blocked, id=26465, stack(0x00007ff6b86ee000,0x00007ff6b87ef000)]
  0x00007ff7b8288800 JavaThread "Reference Handler" daemon [_thread_blocked, id=26464, stack(0x00007ff6b87ef000,0x00007ff6b88f0000)]
  0x00007ff7b8011800 JavaThread "main" [_thread_in_native, id=26414, stack(0x00007ff7bf320000,0x00007ff7bf41f000)]

Other Threads:
  0x00007ff7b8281000 VMThread "VM Thread" [stack: 0x00007ff6b88f2000,0x00007ff6b89f2000] [id=26463]
  0x00007ff7b8364000 WatcherThread [stack: 0x00007ff68f0ce000,0x00007ff68f1ce000] [id=26482]
  0x00007ff7b8034000 GCTaskThread "GC Thread#0" [stack: 0x00007ff7be57a000,0x00007ff7be67a000] [id=26416]
  0x00007ff7b8035800 GCTaskThread "GC Thread#1" [stack: 0x00007ff7be478000,0x00007ff7be578000] [id=26417]
  0x00007ff7b8037000 GCTaskThread "GC Thread#2" [stack: 0x00007ff7be376000,0x00007ff7be476000] [id=26418]
  0x00007ff7b8039000 GCTaskThread "GC Thread#3" [stack: 0x00007ff7be274000,0x00007ff7be374000] [id=26419]
  0x00007ff7b803a800 GCTaskThread "GC Thread#4" [stack: 0x00007ff7be172000,0x00007ff7be272000] [id=26420]
  0x00007ff7b803c800 GCTaskThread "GC Thread#5" [stack: 0x00007ff7be070000,0x00007ff7be170000] [id=26421]
  0x00007ff7b803e000 GCTaskThread "GC Thread#6" [stack: 0x00007ff7bdf6e000,0x00007ff7be06e000] [id=26422]
  0x00007ff7b803f800 GCTaskThread "GC Thread#7" [stack: 0x00007ff7bde6c000,0x00007ff7bdf6c000] [id=26423]
  0x00007ff7b8041800 GCTaskThread "GC Thread#8" [stack: 0x00007ff7bdd6a000,0x00007ff7bde6a000] [id=26424]
  0x00007ff7b8043000 GCTaskThread "GC Thread#9" [stack: 0x00007ff7bdc68000,0x00007ff7bdd68000] [id=26425]
  0x00007ff7b8045000 GCTaskThread "GC Thread#10" [stack: 0x00007ff7bdb66000,0x00007ff7bdc66000] [id=26426]
  0x00007ff7b8046800 GCTaskThread "GC Thread#11" [stack: 0x00007ff7bda64000,0x00007ff7bdb64000] [id=26427]
  0x00007ff7b8048800 GCTaskThread "GC Thread#12" [stack: 0x00007ff7bd962000,0x00007ff7bda62000] [id=26428]
  0x00007ff7b804a000 GCTaskThread "GC Thread#13" [stack: 0x00007ff7bd860000,0x00007ff7bd960000] [id=26429]
  0x00007ff7b804c000 GCTaskThread "GC Thread#14" [stack: 0x00007ff7bd75e000,0x00007ff7bd85e000] [id=26430]
  0x00007ff7b804d800 GCTaskThread "GC Thread#15" [stack: 0x00007ff7bd65c000,0x00007ff7bd75c000] [id=26431]
  0x00007ff7b804f800 GCTaskThread "GC Thread#16" [stack: 0x00007ff7bd55a000,0x00007ff7bd65a000] [id=26432]
  0x00007ff7b8051000 GCTaskThread "GC Thread#17" [stack: 0x00007ff7bd458000,0x00007ff7bd558000] [id=26433]
  0x00007ff7b8052800 GCTaskThread "GC Thread#18" [stack: 0x00007ff7bd356000,0x00007ff7bd456000] [id=26434]
  0x00007ff7b8054800 GCTaskThread "GC Thread#19" [stack: 0x00007ff7bd254000,0x00007ff7bd354000] [id=26435]
  0x00007ff7b809f800 ConcurrentGCThread "G1 Main Marker" [stack: 0x00007ff79c197000,0x00007ff79c297000] [id=26457]
  0x00007ff7b80a1000 ConcurrentGCThread "G1 Marker#0" [stack: 0x00007ff79c095000,0x00007ff79c195000] [id=26458]
  0x00007ff7b80a3000 ConcurrentGCThread "G1 Marker#1" [stack: 0x00007ff6d09ef000,0x00007ff6d0aef000] [id=26459]
  0x00007ff7b80a4800 ConcurrentGCThread "G1 Marker#2" [stack: 0x00007ff6d08ed000,0x00007ff6d09ed000] [id=26460]
  0x00007ff7b80a6800 ConcurrentGCThread "G1 Marker#3" [stack: 0x00007ff6d07eb000,0x00007ff6d08eb000] [id=26461]
  0x00007ff7b80a8000 ConcurrentGCThread "G1 Marker#4" [stack: 0x00007ff6d06e9000,0x00007ff6d07e9000] [id=26462]
  0x00007ff7b8079000 ConcurrentGCThread "G1 Refine#0" [stack: 0x00007ff79c51b000,0x00007ff79c61b000] [id=26455]
  0x00007ff7b8077000 ConcurrentGCThread "G1 Refine#1" [stack: 0x00007ff79c61d000,0x00007ff79c71d000] [id=26454]
  0x00007ff7b8075000 ConcurrentGCThread "G1 Refine#2" [stack: 0x00007ff79c71f000,0x00007ff79c81f000] [id=26453]
  0x00007ff7b8073800 ConcurrentGCThread "G1 Refine#3" [stack: 0x00007ff79c821000,0x00007ff79c921000] [id=26452]
  0x00007ff7b8071800 ConcurrentGCThread "G1 Refine#4" [stack: 0x00007ff79c923000,0x00007ff79ca23000] [id=26451]
  0x00007ff7b8070000 ConcurrentGCThread "G1 Refine#5" [stack: 0x00007ff79ca25000,0x00007ff79cb25000] [id=26450]
  0x00007ff7b806e000 ConcurrentGCThread "G1 Refine#6" [stack: 0x00007ff79cb27000,0x00007ff79cc27000] [id=26449]
  0x00007ff7b806c800 ConcurrentGCThread "G1 Refine#7" [stack: 0x00007ff79cc29000,0x00007ff79cd29000] [id=26448]
  0x00007ff7b806a800 ConcurrentGCThread "G1 Refine#8" [stack: 0x00007ff79cd2b000,0x00007ff79ce2b000] [id=26447]
  0x00007ff7b8069000 ConcurrentGCThread "G1 Refine#9" [stack: 0x00007ff79ce2d000,0x00007ff79cf2d000] [id=26446]
  0x00007ff7b8067000 ConcurrentGCThread "G1 Refine#10" [stack: 0x00007ff79cf2f000,0x00007ff79d02f000] [id=26445]
  0x00007ff7b8065000 ConcurrentGCThread "G1 Refine#11" [stack: 0x00007ff79d031000,0x00007ff79d131000] [id=26444]
  0x00007ff7b8063800 ConcurrentGCThread "G1 Refine#12" [stack: 0x00007ff79d133000,0x00007ff79d233000] [id=26443]
  0x00007ff7b8061800 ConcurrentGCThread "G1 Refine#13" [stack: 0x00007ff79d235000,0x00007ff79d335000] [id=26442]
  0x00007ff7b8060000 ConcurrentGCThread "G1 Refine#14" [stack: 0x00007ff79d337000,0x00007ff79d437000] [id=26441]
  0x00007ff7b805e000 ConcurrentGCThread "G1 Refine#15" [stack: 0x00007ff79d439000,0x00007ff79d539000] [id=26440]
  0x00007ff7b805c800 ConcurrentGCThread "G1 Refine#16" [stack: 0x00007ff79d53b000,0x00007ff79d63b000] [id=26439]
  0x00007ff7b805a800 ConcurrentGCThread "G1 Refine#17" [stack: 0x00007ff79d63d000,0x00007ff79d73d000] [id=26438]
  0x00007ff7b8059000 ConcurrentGCThread "G1 Refine#18" [stack: 0x00007ff79d73f000,0x00007ff79d83f000] [id=26437]
  0x00007ff7b8057000 ConcurrentGCThread "G1 Refine#19" [stack: 0x00007ff79d841000,0x00007ff79d941000] [id=26436]
  0x00007ff7b807a800 ConcurrentGCThread "G1 Young RemSet Sampling" [stack: 0x00007ff79c419000,0x00007ff79c519000] [id=26456]

Threads with active compile tasks:
C1 CompilerThread11 258 %     3       org.eclipse.core.runtime.adaptor.EclipseStarter::main @ 4215 (7100 bytes)

VM state:not at safepoint (normal execution)

VM Mutex/Monitor currently owned by a thread: None

Heap address: 0x00000003d7c00000, size: 16004 MB, Compressed Oops mode: Zero based, Oop shift amount: 3
Narrow klass base: 0x0000000000000000, Narrow klass shift: 3
Compressed class space size: 1073741824 Address: 0x00000007c0000000

Heap:
 garbage-first heap   total 1028096K, used 8192K [0x00000003d7c00000, 0x00000003d80007d8, 0x00000007c0000000)
  region size 4096K, 3 young (12288K), 0 survivors (0K)
 Metaspace       used 4325K, capacity 4680K, committed 4864K, reserved 1056768K
  class space    used 356K, capacity 388K, committed 512K, reserved 1048576K
Heap Regions: E=young(eden), S=young(survivor), O=old, HS=humongous(starts), HC=humongous(continues), CS=collection set, F=free, A=archive, TS=gc time stamp, AC=allocation context, TAMS=top-at-mark-start (previous, next)
|   0|0x00000003d7c00000, 0x00000003d7c00000, 0x00000003d8000000|  0%| F|  |TS  0|AC  0|TAMS 0x00000003d7c00000, 0x00000003d7c00000|
|   1|0x00000003d8000000, 0x00000003d8000000, 0x00000003d8400000|  0%| F|  |TS  0|AC  0|TAMS 0x00000003d8000000, 0x00000003d8000000|
|   2|0x00000003d8400000, 0x00000003d8400000, 0x00000003d8800000|  0%| F|  |TS  0|AC  0|TAMS 0x00000003d8400000, 0x00000003d8400000|
|   3|0x00000003d8800000, 0x00000003d8800000, 0x00000003d8c00000|  0%| F|  |TS  0|AC  0|TAMS 0x00000003d8800000, 0x00000003d8800000|
|   4|0x00000003d8c00000, 0x00000003d8c00000, 0x00000003d9000000|  0%| F|  |TS  0|AC  0|TAMS 0x00000003d8c00000, 0x00000003d8c00000|
|   5|0x00000003d9000000, 0x00000003d9000000, 0x00000003d9400000|  0%| F|  |TS  0|AC  0|TAMS 0x00000003d9000000, 0x00000003d9000000|
|   6|0x00000003d9400000, 0x00000003d9400000, 0x00000003d9800000|  0%| F|  |TS  0|AC  0|TAMS 0x00000003d9400000, 0x00000003d9400000|
|   7|0x00000003d9800000, 0x00000003d9800000, 0x00000003d9c00000|  0%| F|  |TS  0|AC  0|TAMS 0x00000003d9800000, 0x00000003d9800000|
|   8|0x00000003d9c00000, 0x00000003d9c00000, 0x00000003da000000|  0%| F|  |TS  0|AC  0|TAMS 0x00000003d9c00000, 0x00000003d9c00000|
|   9|0x00000003da000000, 0x00000003da000000, 0x00000003da400000|  0%| F|  |TS  0|AC  0|TAMS 0x00000003da000000, 0x00000003da000000|
|  10|0x00000003da400000, 0x00000003da400000, 0x00000003da800000|  0%| F|  |TS  0|AC  0|TAMS 0x00000003da400000, 0x00000003da400000|
|  11|0x00000003da800000, 0x00000003da800000, 0x00000003dac00000|  0%| F|  |TS  0|AC  0|TAMS 0x00000003da800000, 0x00000003da800000|
|  12|0x00000003dac00000, 0x00000003dac00000, 0x00000003db000000|  0%| F|  |TS  0|AC  0|TAMS 0x00000003dac00000, 0x00000003dac00000|
|  13|0x00000003db000000, 0x00000003db000000, 0x00000003db400000|  0%| F|  |TS  0|AC  0|TAMS 0x00000003db000000, 0x00000003db000000|
|  14|0x00000003db400000, 0x00000003db400000, 0x00000003db800000|  0%| F|  |TS  0|AC  0|TAMS 0x00000003db400000, 0x00000003db400000|
|  15|0x00000003db800000, 0x00000003db800000, 0x00000003dbc00000|  0%| F|  |TS  0|AC  0|TAMS 0x00000003db800000, 0x00000003db800000|
|  16|0x00000003dbc00000, 0x00000003dbc00000, 0x00000003dc000000|  0%| F|  |TS  0|AC  0|TAMS 0x00000003dbc00000, 0x00000003dbc00000|
|  17|0x00000003dc000000, 0x00000003dc000000, 0x00000003dc400000|  0%| F|  |TS  0|AC  0|TAMS 0x00000003dc000000, 0x00000003dc000000|
|  18|0x00000003dc400000, 0x00000003dc400000, 0x00000003dc800000|  0%| F|  |TS  0|AC  0|TAMS 0x00000003dc400000, 0x00000003dc400000|
|  19|0x00000003dc800000, 0x00000003dc800000, 0x00000003dcc00000|  0%| F|  |TS  0|AC  0|TAMS 0x00000003dc800000, 0x00000003dc800000|
|  20|0x00000003dcc00000, 0x00000003dcc00000, 0x00000003dd000000|  0%| F|  |TS  0|AC  0|TAMS 0x00000003dcc00000, 0x00000003dcc00000|
|  21|0x00000003dd000000, 0x00000003dd000000, 0x00000003dd400000|  0%| F|  |TS  0|AC  0|TAMS 0x00000003dd000000, 0x00000003dd000000|
|  22|0x00000003dd400000, 0x00000003dd400000, 0x00000003dd800000|  0%| F|  |TS  0|AC  0|TAMS 0x00000003dd400000, 0x00000003dd400000|
|  23|0x00000003dd800000, 0x00000003dd800000, 0x00000003ddc00000|  0%| F|  |TS  0|AC  0|TAMS 0x00000003dd800000, 0x00000003dd800000|
|  24|0x00000003ddc00000, 0x00000003ddc00000, 0x00000003de000000|  0%| F|  |TS  0|AC  0|TAMS 0x00000003ddc00000, 0x00000003ddc00000|
|  25|0x00000003de000000, 0x00000003de000000, 0x00000003de400000|  0%| F|  |TS  0|AC  0|TAMS 0x00000003de000000, 0x00000003de000000|
|  26|0x00000003de400000, 0x00000003de400000, 0x00000003de800000|  0%| F|  |TS  0|AC  0|TAMS 0x00000003de400000, 0x00000003de400000|
|  27|0x00000003de800000, 0x00000003de800000, 0x00000003dec00000|  0%| F|  |TS  0|AC  0|TAMS 0x00000003de800000, 0x00000003de800000|
|  28|0x00000003dec00000, 0x00000003dec00000, 0x00000003df000000|  0%| F|  |TS  0|AC  0|TAMS 0x00000003dec00000, 0x00000003dec00000|
|  29|0x00000003df000000, 0x00000003df000000, 0x00000003df400000|  0%| F|  |TS  0|AC  0|TAMS 0x00000003df000000, 0x00000003df000000|
|  30|0x00000003df400000, 0x00000003df400000, 0x00000003df800000|  0%| F|  |TS  0|AC  0|TAMS 0x00000003df400000, 0x00000003df400000|
|  31|0x00000003df800000, 0x00000003df800000, 0x00000003dfc00000|  0%| F|  |TS  0|AC  0|TAMS 0x00000003df800000, 0x00000003df800000|
|  32|0x00000003dfc00000, 0x00000003dfc00000, 0x00000003e0000000|  0%| F|  |TS  0|AC  0|TAMS 0x00000003dfc00000, 0x00000003dfc00000|
|  33|0x00000003e0000000, 0x00000003e0000000, 0x00000003e0400000|  0%| F|  |TS  0|AC  0|TAMS 0x00000003e0000000, 0x00000003e0000000|
|  34|0x00000003e0400000, 0x00000003e0400000, 0x00000003e0800000|  0%| F|  |TS  0|AC  0|TAMS 0x00000003e0400000, 0x00000003e0400000|
|  35|0x00000003e0800000, 0x00000003e0800000, 0x00000003e0c00000|  0%| F|  |TS  0|AC  0|TAMS 0x00000003e0800000, 0x00000003e0800000|
|  36|0x00000003e0c00000, 0x00000003e0c00000, 0x00000003e1000000|  0%| F|  |TS  0|AC  0|TAMS 0x00000003e0c00000, 0x00000003e0c00000|
|  37|0x00000003e1000000, 0x00000003e1000000, 0x00000003e1400000|  0%| F|  |TS  0|AC  0|TAMS 0x00000003e1000000, 0x00000003e1000000|
|  38|0x00000003e1400000, 0x00000003e1400000, 0x00000003e1800000|  0%| F|  |TS  0|AC  0|TAMS 0x00000003e1400000, 0x00000003e1400000|
|  39|0x00000003e1800000, 0x00000003e1800000, 0x00000003e1c00000|  0%| F|  |TS  0|AC  0|TAMS 0x00000003e1800000, 0x00000003e1800000|
|  40|0x00000003e1c00000, 0x00000003e1c00000, 0x00000003e2000000|  0%| F|  |TS  0|AC  0|TAMS 0x00000003e1c00000, 0x00000003e1c00000|
|  41|0x00000003e2000000, 0x00000003e2000000, 0x00000003e2400000|  0%| F|  |TS  0|AC  0|TAMS 0x00000003e2000000, 0x00000003e2000000|
|  42|0x00000003e2400000, 0x00000003e2400000, 0x00000003e2800000|  0%| F|  |TS  0|AC  0|TAMS 0x00000003e2400000, 0x00000003e2400000|
|  43|0x00000003e2800000, 0x00000003e2800000, 0x00000003e2c00000|  0%| F|  |TS  0|AC  0|TAMS 0x00000003e2800000, 0x00000003e2800000|
|  44|0x00000003e2c00000, 0x00000003e2c00000, 0x00000003e3000000|  0%| F|  |TS  0|AC  0|TAMS 0x00000003e2c00000, 0x00000003e2c00000|
|  45|0x00000003e3000000, 0x00000003e3000000, 0x00000003e3400000|  0%| F|  |TS  0|AC  0|TAMS 0x00000003e3000000, 0x00000003e3000000|
|  46|0x00000003e3400000, 0x00000003e3400000, 0x00000003e3800000|  0%| F|  |TS  0|AC  0|TAMS 0x00000003e3400000, 0x00000003e3400000|
|  47|0x00000003e3800000, 0x00000003e3800000, 0x00000003e3c00000|  0%| F|  |TS  0|AC  0|TAMS 0x00000003e3800000, 0x00000003e3800000|
|  48|0x00000003e3c00000, 0x00000003e3c00000, 0x00000003e4000000|  0%| F|  |TS  0|AC  0|TAMS 0x00000003e3c00000, 0x00000003e3c00000|
|  49|0x00000003e4000000, 0x00000003e4000000, 0x00000003e4400000|  0%| F|  |TS  0|AC  0|TAMS 0x00000003e4000000, 0x00000003e4000000|
|  50|0x00000003e4400000, 0x00000003e4400000, 0x00000003e4800000|  0%| F|  |TS  0|AC  0|TAMS 0x00000003e4400000, 0x00000003e4400000|
|  51|0x00000003e4800000, 0x00000003e4800000, 0x00000003e4c00000|  0%| F|  |TS  0|AC  0|TAMS 0x00000003e4800000, 0x00000003e4800000|
|  52|0x00000003e4c00000, 0x00000003e4c00000, 0x00000003e5000000|  0%| F|  |TS  0|AC  0|TAMS 0x00000003e4c00000, 0x00000003e4c00000|
|  53|0x00000003e5000000, 0x00000003e5000000, 0x00000003e5400000|  0%| F|  |TS  0|AC  0|TAMS 0x00000003e5000000, 0x00000003e5000000|
|  54|0x00000003e5400000, 0x00000003e5400000, 0x00000003e5800000|  0%| F|  |TS  0|AC  0|TAMS 0x00000003e5400000, 0x00000003e5400000|
|  55|0x00000003e5800000, 0x00000003e5800000, 0x00000003e5c00000|  0%| F|  |TS  0|AC  0|TAMS 0x00000003e5800000, 0x00000003e5800000|
|  56|0x00000003e5c00000, 0x00000003e5c00000, 0x00000003e6000000|  0%| F|  |TS  0|AC  0|TAMS 0x00000003e5c00000, 0x00000003e5c00000|
|  57|0x00000003e6000000, 0x00000003e6000000, 0x00000003e6400000|  0%| F|  |TS  0|AC  0|TAMS 0x00000003e6000000, 0x00000003e6000000|
|  58|0x00000003e6400000, 0x00000003e6400000, 0x00000003e6800000|  0%| F|  |TS  0|AC  0|TAMS 0x00000003e6400000, 0x00000003e6400000|
|  59|0x00000003e6800000, 0x00000003e6800000, 0x00000003e6c00000|  0%| F|  |TS  0|AC  0|TAMS 0x00000003e6800000, 0x00000003e6800000|
|  60|0x00000003e6c00000, 0x00000003e6c00000, 0x00000003e7000000|  0%| F|  |TS  0|AC  0|TAMS 0x00000003e6c00000, 0x00000003e6c00000|
|  61|0x00000003e7000000, 0x00000003e7000000, 0x00000003e7400000|  0%| F|  |TS  0|AC  0|TAMS 0x00000003e7000000, 0x00000003e7000000|
|  62|0x00000003e7400000, 0x00000003e7400000, 0x00000003e7800000|  0%| F|  |TS  0|AC  0|TAMS 0x00000003e7400000, 0x00000003e7400000|
|  63|0x00000003e7800000, 0x00000003e7800000, 0x00000003e7c00000|  0%| F|  |TS  0|AC  0|TAMS 0x00000003e7800000, 0x00000003e7800000|
|  64|0x00000003e7c00000, 0x00000003e7c00000, 0x00000003e8000000|  0%| F|  |TS  0|AC  0|TAMS 0x00000003e7c00000, 0x00000003e7c00000|
|  65|0x00000003e8000000, 0x00000003e8000000, 0x00000003e8400000|  0%| F|  |TS  0|AC  0|TAMS 0x00000003e8000000, 0x00000003e8000000|
|  66|0x00000003e8400000, 0x00000003e8400000, 0x00000003e8800000|  0%| F|  |TS  0|AC  0|TAMS 0x00000003e8400000, 0x00000003e8400000|
|  67|0x00000003e8800000, 0x00000003e8800000, 0x00000003e8c00000|  0%| F|  |TS  0|AC  0|TAMS 0x00000003e8800000, 0x00000003e8800000|
|  68|0x00000003e8c00000, 0x00000003e8c00000, 0x00000003e9000000|  0%| F|  |TS  0|AC  0|TAMS 0x00000003e8c00000, 0x00000003e8c00000|
|  69|0x00000003e9000000, 0x00000003e9000000, 0x00000003e9400000|  0%| F|  |TS  0|AC  0|TAMS 0x00000003e9000000, 0x00000003e9000000|
|  70|0x00000003e9400000, 0x00000003e9400000, 0x00000003e9800000|  0%| F|  |TS  0|AC  0|TAMS 0x00000003e9400000, 0x00000003e9400000|
|  71|0x00000003e9800000, 0x00000003e9800000, 0x00000003e9c00000|  0%| F|  |TS  0|AC  0|TAMS 0x00000003e9800000, 0x00000003e9800000|
|  72|0x00000003e9c00000, 0x00000003e9c00000, 0x00000003ea000000|  0%| F|  |TS  0|AC  0|TAMS 0x00000003e9c00000, 0x00000003e9c00000|
|  73|0x00000003ea000000, 0x00000003ea000000, 0x00000003ea400000|  0%| F|  |TS  0|AC  0|TAMS 0x00000003ea000000, 0x00000003ea000000|
|  74|0x00000003ea400000, 0x00000003ea400000, 0x00000003ea800000|  0%| F|  |TS  0|AC  0|TAMS 0x00000003ea400000, 0x00000003ea400000|
|  75|0x00000003ea800000, 0x00000003ea800000, 0x00000003eac00000|  0%| F|  |TS  0|AC  0|TAMS 0x00000003ea800000, 0x00000003ea800000|
|  76|0x00000003eac00000, 0x00000003eac00000, 0x00000003eb000000|  0%| F|  |TS  0|AC  0|TAMS 0x00000003eac00000, 0x00000003eac00000|
|  77|0x00000003eb000000, 0x00000003eb000000, 0x00000003eb400000|  0%| F|  |TS  0|AC  0|TAMS 0x00000003eb000000, 0x00000003eb000000|
|  78|0x00000003eb400000, 0x00000003eb400000, 0x00000003eb800000|  0%| F|  |TS  0|AC  0|TAMS 0x00000003eb400000, 0x00000003eb400000|
|  79|0x00000003eb800000, 0x00000003eb800000, 0x00000003ebc00000|  0%| F|  |TS  0|AC  0|TAMS 0x00000003eb800000, 0x00000003eb800000|
|  80|0x00000003ebc00000, 0x00000003ebc00000, 0x00000003ec000000|  0%| F|  |TS  0|AC  0|TAMS 0x00000003ebc00000, 0x00000003ebc00000|
|  81|0x00000003ec000000, 0x00000003ec000000, 0x00000003ec400000|  0%| F|  |TS  0|AC  0|TAMS 0x00000003ec000000, 0x00000003ec000000|
|  82|0x00000003ec400000, 0x00000003ec400000, 0x00000003ec800000|  0%| F|  |TS  0|AC  0|TAMS 0x00000003ec400000, 0x00000003ec400000|
|  83|0x00000003ec800000, 0x00000003ec800000, 0x00000003ecc00000|  0%| F|  |TS  0|AC  0|TAMS 0x00000003ec800000, 0x00000003ec800000|
|  84|0x00000003ecc00000, 0x00000003ecc00000, 0x00000003ed000000|  0%| F|  |TS  0|AC  0|TAMS 0x00000003ecc00000, 0x00000003ecc00000|
|  85|0x00000003ed000000, 0x00000003ed000000, 0x00000003ed400000|  0%| F|  |TS  0|AC  0|TAMS 0x00000003ed000000, 0x00000003ed000000|
|  86|0x00000003ed400000, 0x00000003ed400000, 0x00000003ed800000|  0%| F|  |TS  0|AC  0|TAMS 0x00000003ed400000, 0x00000003ed400000|
|  87|0x00000003ed800000, 0x00000003ed800000, 0x00000003edc00000|  0%| F|  |TS  0|AC  0|TAMS 0x00000003ed800000, 0x00000003ed800000|
|  88|0x00000003edc00000, 0x00000003edc00000, 0x00000003ee000000|  0%| F|  |TS  0|AC  0|TAMS 0x00000003edc00000, 0x00000003edc00000|
|  89|0x00000003ee000000, 0x00000003ee000000, 0x00000003ee400000|  0%| F|  |TS  0|AC  0|TAMS 0x00000003ee000000, 0x00000003ee000000|
|  90|0x00000003ee400000, 0x00000003ee400000, 0x00000003ee800000|  0%| F|  |TS  0|AC  0|TAMS 0x00000003ee400000, 0x00000003ee400000|
|  91|0x00000003ee800000, 0x00000003ee800000, 0x00000003eec00000|  0%| F|  |TS  0|AC  0|TAMS 0x00000003ee800000, 0x00000003ee800000|
|  92|0x00000003eec00000, 0x00000003eec00000, 0x00000003ef000000|  0%| F|  |TS  0|AC  0|TAMS 0x00000003eec00000, 0x00000003eec00000|
|  93|0x00000003ef000000, 0x00000003ef000000, 0x00000003ef400000|  0%| F|  |TS  0|AC  0|TAMS 0x00000003ef000000, 0x00000003ef000000|
|  94|0x00000003ef400000, 0x00000003ef400000, 0x00000003ef800000|  0%| F|  |TS  0|AC  0|TAMS 0x00000003ef400000, 0x00000003ef400000|
|  95|0x00000003ef800000, 0x00000003ef800000, 0x00000003efc00000|  0%| F|  |TS  0|AC  0|TAMS 0x00000003ef800000, 0x00000003ef800000|
|  96|0x00000003efc00000, 0x00000003efc00000, 0x00000003f0000000|  0%| F|  |TS  0|AC  0|TAMS 0x00000003efc00000, 0x00000003efc00000|
|  97|0x00000003f0000000, 0x00000003f0000000, 0x00000003f0400000|  0%| F|  |TS  0|AC  0|TAMS 0x00000003f0000000, 0x00000003f0000000|
|  98|0x00000003f0400000, 0x00000003f0400000, 0x00000003f0800000|  0%| F|  |TS  0|AC  0|TAMS 0x00000003f0400000, 0x00000003f0400000|
|  99|0x00000003f0800000, 0x00000003f0800000, 0x00000003f0c00000|  0%| F|  |TS  0|AC  0|TAMS 0x00000003f0800000, 0x00000003f0800000|
| 100|0x00000003f0c00000, 0x00000003f0c00000, 0x00000003f1000000|  0%| F|  |TS  0|AC  0|TAMS 0x00000003f0c00000, 0x00000003f0c00000|
| 101|0x00000003f1000000, 0x00000003f1000000, 0x00000003f1400000|  0%| F|  |TS  0|AC  0|TAMS 0x00000003f1000000, 0x00000003f1000000|
| 102|0x00000003f1400000, 0x00000003f1400000, 0x00000003f1800000|  0%| F|  |TS  0|AC  0|TAMS 0x00000003f1400000, 0x00000003f1400000|
| 103|0x00000003f1800000, 0x00000003f1800000, 0x00000003f1c00000|  0%| F|  |TS  0|AC  0|TAMS 0x00000003f1800000, 0x00000003f1800000|
| 104|0x00000003f1c00000, 0x00000003f1c00000, 0x00000003f2000000|  0%| F|  |TS  0|AC  0|TAMS 0x00000003f1c00000, 0x00000003f1c00000|
| 105|0x00000003f2000000, 0x00000003f2000000, 0x00000003f2400000|  0%| F|  |TS  0|AC  0|TAMS 0x00000003f2000000, 0x00000003f2000000|
| 106|0x00000003f2400000, 0x00000003f2400000, 0x00000003f2800000|  0%| F|  |TS  0|AC  0|TAMS 0x00000003f2400000, 0x00000003f2400000|
| 107|0x00000003f2800000, 0x00000003f2800000, 0x00000003f2c00000|  0%| F|  |TS  0|AC  0|TAMS 0x00000003f2800000, 0x00000003f2800000|
| 108|0x00000003f2c00000, 0x00000003f2c00000, 0x00000003f3000000|  0%| F|  |TS  0|AC  0|TAMS 0x00000003f2c00000, 0x00000003f2c00000|
| 109|0x00000003f3000000, 0x00000003f3000000, 0x00000003f3400000|  0%| F|  |TS  0|AC  0|TAMS 0x00000003f3000000, 0x00000003f3000000|
| 110|0x00000003f3400000, 0x00000003f3400000, 0x00000003f3800000|  0%| F|  |TS  0|AC  0|TAMS 0x00000003f3400000, 0x00000003f3400000|
| 111|0x00000003f3800000, 0x00000003f3800000, 0x00000003f3c00000|  0%| F|  |TS  0|AC  0|TAMS 0x00000003f3800000, 0x00000003f3800000|
| 112|0x00000003f3c00000, 0x00000003f3c00000, 0x00000003f4000000|  0%| F|  |TS  0|AC  0|TAMS 0x00000003f3c00000, 0x00000003f3c00000|
| 113|0x00000003f4000000, 0x00000003f4000000, 0x00000003f4400000|  0%| F|  |TS  0|AC  0|TAMS 0x00000003f4000000, 0x00000003f4000000|
| 114|0x00000003f4400000, 0x00000003f4400000, 0x00000003f4800000|  0%| F|  |TS  0|AC  0|TAMS 0x00000003f4400000, 0x00000003f4400000|
| 115|0x00000003f4800000, 0x00000003f4800000, 0x00000003f4c00000|  0%| F|  |TS  0|AC  0|TAMS 0x00000003f4800000, 0x00000003f4800000|
| 116|0x00000003f4c00000, 0x00000003f4c00000, 0x00000003f5000000|  0%| F|  |TS  0|AC  0|TAMS 0x00000003f4c00000, 0x00000003f4c00000|
| 117|0x00000003f5000000, 0x00000003f5000000, 0x00000003f5400000|  0%| F|  |TS  0|AC  0|TAMS 0x00000003f5000000, 0x00000003f5000000|
| 118|0x00000003f5400000, 0x00000003f5400000, 0x00000003f5800000|  0%| F|  |TS  0|AC  0|TAMS 0x00000003f5400000, 0x00000003f5400000|
| 119|0x00000003f5800000, 0x00000003f5800000, 0x00000003f5c00000|  0%| F|  |TS  0|AC  0|TAMS 0x00000003f5800000, 0x00000003f5800000|
| 120|0x00000003f5c00000, 0x00000003f5c00000, 0x00000003f6000000|  0%| F|  |TS  0|AC  0|TAMS 0x00000003f5c00000, 0x00000003f5c00000|
| 121|0x00000003f6000000, 0x00000003f6000000, 0x00000003f6400000|  0%| F|  |TS  0|AC  0|TAMS 0x00000003f6000000, 0x00000003f6000000|
| 122|0x00000003f6400000, 0x00000003f6400000, 0x00000003f6800000|  0%| F|  |TS  0|AC  0|TAMS 0x00000003f6400000, 0x00000003f6400000|
| 123|0x00000003f6800000, 0x00000003f6800000, 0x00000003f6c00000|  0%| F|  |TS  0|AC  0|TAMS 0x00000003f6800000, 0x00000003f6800000|
| 124|0x00000003f6c00000, 0x00000003f6c00000, 0x00000003f7000000|  0%| F|  |TS  0|AC  0|TAMS 0x00000003f6c00000, 0x00000003f6c00000|
| 125|0x00000003f7000000, 0x00000003f7000000, 0x00000003f7400000|  0%| F|  |TS  0|AC  0|TAMS 0x00000003f7000000, 0x00000003f7000000|
| 126|0x00000003f7400000, 0x00000003f7400000, 0x00000003f7800000|  0%| F|  |TS  0|AC  0|TAMS 0x00000003f7400000, 0x00000003f7400000|
| 127|0x00000003f7800000, 0x00000003f7800000, 0x00000003f7c00000|  0%| F|  |TS  0|AC  0|TAMS 0x00000003f7800000, 0x00000003f7800000|
| 128|0x00000003f7c00000, 0x00000003f7c00000, 0x00000003f8000000|  0%| F|  |TS  0|AC  0|TAMS 0x00000003f7c00000, 0x00000003f7c00000|
| 129|0x00000003f8000000, 0x00000003f8000000, 0x00000003f8400000|  0%| F|  |TS  0|AC  0|TAMS 0x00000003f8000000, 0x00000003f8000000|
| 130|0x00000003f8400000, 0x00000003f8400000, 0x00000003f8800000|  0%| F|  |TS  0|AC  0|TAMS 0x00000003f8400000, 0x00000003f8400000|
| 131|0x00000003f8800000, 0x00000003f8800000, 0x00000003f8c00000|  0%| F|  |TS  0|AC  0|TAMS 0x00000003f8800000, 0x00000003f8800000|
| 132|0x00000003f8c00000, 0x00000003f8c00000, 0x00000003f9000000|  0%| F|  |TS  0|AC  0|TAMS 0x00000003f8c00000, 0x00000003f8c00000|
| 133|0x00000003f9000000, 0x00000003f9000000, 0x00000003f9400000|  0%| F|  |TS  0|AC  0|TAMS 0x00000003f9000000, 0x00000003f9000000|
| 134|0x00000003f9400000, 0x00000003f9400000, 0x00000003f9800000|  0%| F|  |TS  0|AC  0|TAMS 0x00000003f9400000, 0x00000003f9400000|
| 135|0x00000003f9800000, 0x00000003f9800000, 0x00000003f9c00000|  0%| F|  |TS  0|AC  0|TAMS 0x00000003f9800000, 0x00000003f9800000|
| 136|0x00000003f9c00000, 0x00000003f9c00000, 0x00000003fa000000|  0%| F|  |TS  0|AC  0|TAMS 0x00000003f9c00000, 0x00000003f9c00000|
| 137|0x00000003fa000000, 0x00000003fa000000, 0x00000003fa400000|  0%| F|  |TS  0|AC  0|TAMS 0x00000003fa000000, 0x00000003fa000000|
| 138|0x00000003fa400000, 0x00000003fa400000, 0x00000003fa800000|  0%| F|  |TS  0|AC  0|TAMS 0x00000003fa400000, 0x00000003fa400000|
| 139|0x00000003fa800000, 0x00000003fa800000, 0x00000003fac00000|  0%| F|  |TS  0|AC  0|TAMS 0x00000003fa800000, 0x00000003fa800000|
| 140|0x00000003fac00000, 0x00000003fac00000, 0x00000003fb000000|  0%| F|  |TS  0|AC  0|TAMS 0x00000003fac00000, 0x00000003fac00000|
| 141|0x00000003fb000000, 0x00000003fb000000, 0x00000003fb400000|  0%| F|  |TS  0|AC  0|TAMS 0x00000003fb000000, 0x00000003fb000000|
| 142|0x00000003fb400000, 0x00000003fb400000, 0x00000003fb800000|  0%| F|  |TS  0|AC  0|TAMS 0x00000003fb400000, 0x00000003fb400000|
| 143|0x00000003fb800000, 0x00000003fb800000, 0x00000003fbc00000|  0%| F|  |TS  0|AC  0|TAMS 0x00000003fb800000, 0x00000003fb800000|
| 144|0x00000003fbc00000, 0x00000003fbc00000, 0x00000003fc000000|  0%| F|  |TS  0|AC  0|TAMS 0x00000003fbc00000, 0x00000003fbc00000|
| 145|0x00000003fc000000, 0x00000003fc000000, 0x00000003fc400000|  0%| F|  |TS  0|AC  0|TAMS 0x00000003fc000000, 0x00000003fc000000|
| 146|0x00000003fc400000, 0x00000003fc400000, 0x00000003fc800000|  0%| F|  |TS  0|AC  0|TAMS 0x00000003fc400000, 0x00000003fc400000|
| 147|0x00000003fc800000, 0x00000003fc800000, 0x00000003fcc00000|  0%| F|  |TS  0|AC  0|TAMS 0x00000003fc800000, 0x00000003fc800000|
| 148|0x00000003fcc00000, 0x00000003fcc00000, 0x00000003fd000000|  0%| F|  |TS  0|AC  0|TAMS 0x00000003fcc00000, 0x00000003fcc00000|
| 149|0x00000003fd000000, 0x00000003fd000000, 0x00000003fd400000|  0%| F|  |TS  0|AC  0|TAMS 0x00000003fd000000, 0x00000003fd000000|
| 150|0x00000003fd400000, 0x00000003fd400000, 0x00000003fd800000|  0%| F|  |TS  0|AC  0|TAMS 0x00000003fd400000, 0x00000003fd400000|
| 151|0x00000003fd800000, 0x00000003fd800000, 0x00000003fdc00000|  0%| F|  |TS  0|AC  0|TAMS 0x00000003fd800000, 0x00000003fd800000|
| 152|0x00000003fdc00000, 0x00000003fdc00000, 0x00000003fe000000|  0%| F|  |TS  0|AC  0|TAMS 0x00000003fdc00000, 0x00000003fdc00000|
| 153|0x00000003fe000000, 0x00000003fe000000, 0x00000003fe400000|  0%| F|  |TS  0|AC  0|TAMS 0x00000003fe000000, 0x00000003fe000000|
| 154|0x00000003fe400000, 0x00000003fe400000, 0x00000003fe800000|  0%| F|  |TS  0|AC  0|TAMS 0x00000003fe400000, 0x00000003fe400000|
| 155|0x00000003fe800000, 0x00000003fe800000, 0x00000003fec00000|  0%| F|  |TS  0|AC  0|TAMS 0x00000003fe800000, 0x00000003fe800000|
| 156|0x00000003fec00000, 0x00000003fec00000, 0x00000003ff000000|  0%| F|  |TS  0|AC  0|TAMS 0x00000003fec00000, 0x00000003fec00000|
| 157|0x00000003ff000000, 0x00000003ff000000, 0x00000003ff400000|  0%| F|  |TS  0|AC  0|TAMS 0x00000003ff000000, 0x00000003ff000000|
| 158|0x00000003ff400000, 0x00000003ff400000, 0x00000003ff800000|  0%| F|  |TS  0|AC  0|TAMS 0x00000003ff400000, 0x00000003ff400000|
| 159|0x00000003ff800000, 0x00000003ff800000, 0x00000003ffc00000|  0%| F|  |TS  0|AC  0|TAMS 0x00000003ff800000, 0x00000003ff800000|
| 160|0x00000003ffc00000, 0x00000003ffc00000, 0x0000000400000000|  0%| F|  |TS  0|AC  0|TAMS 0x00000003ffc00000, 0x00000003ffc00000|
| 161|0x0000000400000000, 0x0000000400000000, 0x0000000400400000|  0%| F|  |TS  0|AC  0|TAMS 0x0000000400000000, 0x0000000400000000|
| 162|0x0000000400400000, 0x0000000400400000, 0x0000000400800000|  0%| F|  |TS  0|AC  0|TAMS 0x0000000400400000, 0x0000000400400000|
| 163|0x0000000400800000, 0x0000000400800000, 0x0000000400c00000|  0%| F|  |TS  0|AC  0|TAMS 0x0000000400800000, 0x0000000400800000|
| 164|0x0000000400c00000, 0x0000000400c00000, 0x0000000401000000|  0%| F|  |TS  0|AC  0|TAMS 0x0000000400c00000, 0x0000000400c00000|
| 165|0x0000000401000000, 0x0000000401000000, 0x0000000401400000|  0%| F|  |TS  0|AC  0|TAMS 0x0000000401000000, 0x0000000401000000|
| 166|0x0000000401400000, 0x0000000401400000, 0x0000000401800000|  0%| F|  |TS  0|AC  0|TAMS 0x0000000401400000, 0x0000000401400000|
| 167|0x0000000401800000, 0x0000000401800000, 0x0000000401c00000|  0%| F|  |TS  0|AC  0|TAMS 0x0000000401800000, 0x0000000401800000|
| 168|0x0000000401c00000, 0x0000000401c00000, 0x0000000402000000|  0%| F|  |TS  0|AC  0|TAMS 0x0000000401c00000, 0x0000000401c00000|
| 169|0x0000000402000000, 0x0000000402000000, 0x0000000402400000|  0%| F|  |TS  0|AC  0|TAMS 0x0000000402000000, 0x0000000402000000|
| 170|0x0000000402400000, 0x0000000402400000, 0x0000000402800000|  0%| F|  |TS  0|AC  0|TAMS 0x0000000402400000, 0x0000000402400000|
| 171|0x0000000402800000, 0x0000000402800000, 0x0000000402c00000|  0%| F|  |TS  0|AC  0|TAMS 0x0000000402800000, 0x0000000402800000|
| 172|0x0000000402c00000, 0x0000000402c00000, 0x0000000403000000|  0%| F|  |TS  0|AC  0|TAMS 0x0000000402c00000, 0x0000000402c00000|
| 173|0x0000000403000000, 0x0000000403000000, 0x0000000403400000|  0%| F|  |TS  0|AC  0|TAMS 0x0000000403000000, 0x0000000403000000|
| 174|0x0000000403400000, 0x0000000403400000, 0x0000000403800000|  0%| F|  |TS  0|AC  0|TAMS 0x0000000403400000, 0x0000000403400000|
| 175|0x0000000403800000, 0x0000000403800000, 0x0000000403c00000|  0%| F|  |TS  0|AC  0|TAMS 0x0000000403800000, 0x0000000403800000|
| 176|0x0000000403c00000, 0x0000000403c00000, 0x0000000404000000|  0%| F|  |TS  0|AC  0|TAMS 0x0000000403c00000, 0x0000000403c00000|
| 177|0x0000000404000000, 0x0000000404000000, 0x0000000404400000|  0%| F|  |TS  0|AC  0|TAMS 0x0000000404000000, 0x0000000404000000|
| 178|0x0000000404400000, 0x0000000404400000, 0x0000000404800000|  0%| F|  |TS  0|AC  0|TAMS 0x0000000404400000, 0x0000000404400000|
| 179|0x0000000404800000, 0x0000000404800000, 0x0000000404c00000|  0%| F|  |TS  0|AC  0|TAMS 0x0000000404800000, 0x0000000404800000|
| 180|0x0000000404c00000, 0x0000000404c00000, 0x0000000405000000|  0%| F|  |TS  0|AC  0|TAMS 0x0000000404c00000, 0x0000000404c00000|
| 181|0x0000000405000000, 0x0000000405000000, 0x0000000405400000|  0%| F|  |TS  0|AC  0|TAMS 0x0000000405000000, 0x0000000405000000|
| 182|0x0000000405400000, 0x0000000405400000, 0x0000000405800000|  0%| F|  |TS  0|AC  0|TAMS 0x0000000405400000, 0x0000000405400000|
| 183|0x0000000405800000, 0x0000000405800000, 0x0000000405c00000|  0%| F|  |TS  0|AC  0|TAMS 0x0000000405800000, 0x0000000405800000|
| 184|0x0000000405c00000, 0x0000000405c00000, 0x0000000406000000|  0%| F|  |TS  0|AC  0|TAMS 0x0000000405c00000, 0x0000000405c00000|
| 185|0x0000000406000000, 0x0000000406000000, 0x0000000406400000|  0%| F|  |TS  0|AC  0|TAMS 0x0000000406000000, 0x0000000406000000|
| 186|0x0000000406400000, 0x0000000406400000, 0x0000000406800000|  0%| F|  |TS  0|AC  0|TAMS 0x0000000406400000, 0x0000000406400000|
| 187|0x0000000406800000, 0x0000000406800000, 0x0000000406c00000|  0%| F|  |TS  0|AC  0|TAMS 0x0000000406800000, 0x0000000406800000|
| 188|0x0000000406c00000, 0x0000000406c00000, 0x0000000407000000|  0%| F|  |TS  0|AC  0|TAMS 0x0000000406c00000, 0x0000000406c00000|
| 189|0x0000000407000000, 0x0000000407000000, 0x0000000407400000|  0%| F|  |TS  0|AC  0|TAMS 0x0000000407000000, 0x0000000407000000|
| 190|0x0000000407400000, 0x0000000407400000, 0x0000000407800000|  0%| F|  |TS  0|AC  0|TAMS 0x0000000407400000, 0x0000000407400000|
| 191|0x0000000407800000, 0x0000000407800000, 0x0000000407c00000|  0%| F|  |TS  0|AC  0|TAMS 0x0000000407800000, 0x0000000407800000|
| 192|0x0000000407c00000, 0x0000000407c00000, 0x0000000408000000|  0%| F|  |TS  0|AC  0|TAMS 0x0000000407c00000, 0x0000000407c00000|
| 193|0x0000000408000000, 0x0000000408000000, 0x0000000408400000|  0%| F|  |TS  0|AC  0|TAMS 0x0000000408000000, 0x0000000408000000|
| 194|0x0000000408400000, 0x0000000408400000, 0x0000000408800000|  0%| F|  |TS  0|AC  0|TAMS 0x0000000408400000, 0x0000000408400000|
| 195|0x0000000408800000, 0x0000000408800000, 0x0000000408c00000|  0%| F|  |TS  0|AC  0|TAMS 0x0000000408800000, 0x0000000408800000|
| 196|0x0000000408c00000, 0x0000000408c00000, 0x0000000409000000|  0%| F|  |TS  0|AC  0|TAMS 0x0000000408c00000, 0x0000000408c00000|
| 197|0x0000000409000000, 0x0000000409000000, 0x0000000409400000|  0%| F|  |TS  0|AC  0|TAMS 0x0000000409000000, 0x0000000409000000|
| 198|0x0000000409400000, 0x0000000409400000, 0x0000000409800000|  0%| F|  |TS  0|AC  0|TAMS 0x0000000409400000, 0x0000000409400000|
| 199|0x0000000409800000, 0x0000000409800000, 0x0000000409c00000|  0%| F|  |TS  0|AC  0|TAMS 0x0000000409800000, 0x0000000409800000|
| 200|0x0000000409c00000, 0x0000000409c00000, 0x000000040a000000|  0%| F|  |TS  0|AC  0|TAMS 0x0000000409c00000, 0x0000000409c00000|
| 201|0x000000040a000000, 0x000000040a000000, 0x000000040a400000|  0%| F|  |TS  0|AC  0|TAMS 0x000000040a000000, 0x000000040a000000|
| 202|0x000000040a400000, 0x000000040a400000, 0x000000040a800000|  0%| F|  |TS  0|AC  0|TAMS 0x000000040a400000, 0x000000040a400000|
| 203|0x000000040a800000, 0x000000040a800000, 0x000000040ac00000|  0%| F|  |TS  0|AC  0|TAMS 0x000000040a800000, 0x000000040a800000|
| 204|0x000000040ac00000, 0x000000040ac00000, 0x000000040b000000|  0%| F|  |TS  0|AC  0|TAMS 0x000000040ac00000, 0x000000040ac00000|
| 205|0x000000040b000000, 0x000000040b000000, 0x000000040b400000|  0%| F|  |TS  0|AC  0|TAMS 0x000000040b000000, 0x000000040b000000|
| 206|0x000000040b400000, 0x000000040b400000, 0x000000040b800000|  0%| F|  |TS  0|AC  0|TAMS 0x000000040b400000, 0x000000040b400000|
| 207|0x000000040b800000, 0x000000040b800000, 0x000000040bc00000|  0%| F|  |TS  0|AC  0|TAMS 0x000000040b800000, 0x000000040b800000|
| 208|0x000000040bc00000, 0x000000040bc00000, 0x000000040c000000|  0%| F|  |TS  0|AC  0|TAMS 0x000000040bc00000, 0x000000040bc00000|
| 209|0x000000040c000000, 0x000000040c000000, 0x000000040c400000|  0%| F|  |TS  0|AC  0|TAMS 0x000000040c000000, 0x000000040c000000|
| 210|0x000000040c400000, 0x000000040c400000, 0x000000040c800000|  0%| F|  |TS  0|AC  0|TAMS 0x000000040c400000, 0x000000040c400000|
| 211|0x000000040c800000, 0x000000040c800000, 0x000000040cc00000|  0%| F|  |TS  0|AC  0|TAMS 0x000000040c800000, 0x000000040c800000|
| 212|0x000000040cc00000, 0x000000040cc00000, 0x000000040d000000|  0%| F|  |TS  0|AC  0|TAMS 0x000000040cc00000, 0x000000040cc00000|
| 213|0x000000040d000000, 0x000000040d000000, 0x000000040d400000|  0%| F|  |TS  0|AC  0|TAMS 0x000000040d000000, 0x000000040d000000|
| 214|0x000000040d400000, 0x000000040d400000, 0x000000040d800000|  0%| F|  |TS  0|AC  0|TAMS 0x000000040d400000, 0x000000040d400000|
| 215|0x000000040d800000, 0x000000040d800000, 0x000000040dc00000|  0%| F|  |TS  0|AC  0|TAMS 0x000000040d800000, 0x000000040d800000|
| 216|0x000000040dc00000, 0x000000040dc00000, 0x000000040e000000|  0%| F|  |TS  0|AC  0|TAMS 0x000000040dc00000, 0x000000040dc00000|
| 217|0x000000040e000000, 0x000000040e000000, 0x000000040e400000|  0%| F|  |TS  0|AC  0|TAMS 0x000000040e000000, 0x000000040e000000|
| 218|0x000000040e400000, 0x000000040e400000, 0x000000040e800000|  0%| F|  |TS  0|AC  0|TAMS 0x000000040e400000, 0x000000040e400000|
| 219|0x000000040e800000, 0x000000040e800000, 0x000000040ec00000|  0%| F|  |TS  0|AC  0|TAMS 0x000000040e800000, 0x000000040e800000|
| 220|0x000000040ec00000, 0x000000040ec00000, 0x000000040f000000|  0%| F|  |TS  0|AC  0|TAMS 0x000000040ec00000, 0x000000040ec00000|
| 221|0x000000040f000000, 0x000000040f000000, 0x000000040f400000|  0%| F|  |TS  0|AC  0|TAMS 0x000000040f000000, 0x000000040f000000|
| 222|0x000000040f400000, 0x000000040f400000, 0x000000040f800000|  0%| F|  |TS  0|AC  0|TAMS 0x000000040f400000, 0x000000040f400000|
| 223|0x000000040f800000, 0x000000040f800000, 0x000000040fc00000|  0%| F|  |TS  0|AC  0|TAMS 0x000000040f800000, 0x000000040f800000|
| 224|0x000000040fc00000, 0x000000040fc00000, 0x0000000410000000|  0%| F|  |TS  0|AC  0|TAMS 0x000000040fc00000, 0x000000040fc00000|
| 225|0x0000000410000000, 0x0000000410000000, 0x0000000410400000|  0%| F|  |TS  0|AC  0|TAMS 0x0000000410000000, 0x0000000410000000|
| 226|0x0000000410400000, 0x0000000410400000, 0x0000000410800000|  0%| F|  |TS  0|AC  0|TAMS 0x0000000410400000, 0x0000000410400000|
| 227|0x0000000410800000, 0x0000000410800000, 0x0000000410c00000|  0%| F|  |TS  0|AC  0|TAMS 0x0000000410800000, 0x0000000410800000|
| 228|0x0000000410c00000, 0x0000000410c00000, 0x0000000411000000|  0%| F|  |TS  0|AC  0|TAMS 0x0000000410c00000, 0x0000000410c00000|
| 229|0x0000000411000000, 0x0000000411000000, 0x0000000411400000|  0%| F|  |TS  0|AC  0|TAMS 0x0000000411000000, 0x0000000411000000|
| 230|0x0000000411400000, 0x0000000411400000, 0x0000000411800000|  0%| F|  |TS  0|AC  0|TAMS 0x0000000411400000, 0x0000000411400000|
| 231|0x0000000411800000, 0x0000000411800000, 0x0000000411c00000|  0%| F|  |TS  0|AC  0|TAMS 0x0000000411800000, 0x0000000411800000|
| 232|0x0000000411c00000, 0x0000000411c00000, 0x0000000412000000|  0%| F|  |TS  0|AC  0|TAMS 0x0000000411c00000, 0x0000000411c00000|
| 233|0x0000000412000000, 0x0000000412000000, 0x0000000412400000|  0%| F|  |TS  0|AC  0|TAMS 0x0000000412000000, 0x0000000412000000|
| 234|0x0000000412400000, 0x0000000412400000, 0x0000000412800000|  0%| F|  |TS  0|AC  0|TAMS 0x0000000412400000, 0x0000000412400000|
| 235|0x0000000412800000, 0x0000000412800000, 0x0000000412c00000|  0%| F|  |TS  0|AC  0|TAMS 0x0000000412800000, 0x0000000412800000|
| 236|0x0000000412c00000, 0x0000000412c00000, 0x0000000413000000|  0%| F|  |TS  0|AC  0|TAMS 0x0000000412c00000, 0x0000000412c00000|
| 237|0x0000000413000000, 0x0000000413000000, 0x0000000413400000|  0%| F|  |TS  0|AC  0|TAMS 0x0000000413000000, 0x0000000413000000|
| 238|0x0000000413400000, 0x0000000413400000, 0x0000000413800000|  0%| F|  |TS  0|AC  0|TAMS 0x0000000413400000, 0x0000000413400000|
| 239|0x0000000413800000, 0x0000000413800000, 0x0000000413c00000|  0%| F|  |TS  0|AC  0|TAMS 0x0000000413800000, 0x0000000413800000|
| 240|0x0000000413c00000, 0x0000000413c00000, 0x0000000414000000|  0%| F|  |TS  0|AC  0|TAMS 0x0000000413c00000, 0x0000000413c00000|
| 241|0x0000000414000000, 0x0000000414000000, 0x0000000414400000|  0%| F|  |TS  0|AC  0|TAMS 0x0000000414000000, 0x0000000414000000|
| 242|0x0000000414400000, 0x0000000414400000, 0x0000000414800000|  0%| F|  |TS  0|AC  0|TAMS 0x0000000414400000, 0x0000000414400000|
| 243|0x0000000414800000, 0x0000000414800000, 0x0000000414c00000|  0%| F|  |TS  0|AC  0|TAMS 0x0000000414800000, 0x0000000414800000|
| 244|0x0000000414c00000, 0x0000000414c00000, 0x0000000415000000|  0%| F|  |TS  0|AC  0|TAMS 0x0000000414c00000, 0x0000000414c00000|
| 245|0x0000000415000000, 0x0000000415000000, 0x0000000415400000|  0%| F|  |TS  0|AC  0|TAMS 0x0000000415000000, 0x0000000415000000|
| 246|0x0000000415400000, 0x0000000415400000, 0x0000000415800000|  0%| F|  |TS  0|AC  0|TAMS 0x0000000415400000, 0x0000000415400000|
| 247|0x0000000415800000, 0x0000000415800000, 0x0000000415c00000|  0%| F|  |TS  0|AC  0|TAMS 0x0000000415800000, 0x0000000415800000|
| 248|0x0000000415c00000, 0x0000000415ee1d08, 0x0000000416000000| 72%| E|  |TS  0|AC  0|TAMS 0x0000000415c00000, 0x0000000415c00000|
| 249|0x0000000416000000, 0x0000000416400000, 0x0000000416400000|100%| E|CS|TS  0|AC  0|TAMS 0x0000000416000000, 0x0000000416000000|
| 250|0x0000000416400000, 0x0000000416800000, 0x0000000416800000|100%| E|CS|TS  0|AC  0|TAMS 0x0000000416400000, 0x0000000416400000|

Card table byte_map: [0x00007ff6f223a000,0x00007ff6f417c000] byte_map_base: 0x00007ff6f037c000

Marking Bits (Prev, Next): (CMBitMap*) 0x00007ff7b809e820, (CMBitMap*) 0x00007ff7b809e858
 Prev Bits: [0x00007ff6e08e8000, 0x00007ff6f02f8000)
 Next Bits: [0x00007ff6d0ed8000, 0x00007ff6e08e8000)

Polling page: 0x00007ff7c0d72000

CodeHeap 'non-profiled nmethods': size=119172Kb used=175Kb max_used=175Kb free=118996Kb
 bounds [0x00007ff7a56e2000, 0x00007ff7a5952000, 0x00007ff7acb43000]
CodeHeap 'profiled nmethods': size=119172Kb used=343Kb max_used=343Kb free=118828Kb
 bounds [0x00007ff79e281000, 0x00007ff79e4f1000, 0x00007ff7a56e2000]
CodeHeap 'non-nmethods': size=7416Kb used=2826Kb max_used=2856Kb free=4589Kb
 bounds [0x00007ff79db43000, 0x00007ff79de13000, 0x00007ff79e281000]
 total_blobs=642 nmethods=257 adapters=168
 compilation: enabled

Compilation events (10 events):
Event: 0.336 Thread 0x00007ff7b82ba000 nmethod 250 0x00007ff7a56f9490 code [0x00007ff7a56f96c0, 0x00007ff7a56fa488]
Event: 0.347 Thread 0x00007ff7b82b1000 nmethod 244 0x00007ff7a56fab10 code [0x00007ff7a56fad40, 0x00007ff7a56fb788]
Event: 0.347 Thread 0x00007ff7b82b6800 nmethod 247 0x00007ff7a56fc110 code [0x00007ff7a56fc380, 0x00007ff7a56fd808]
Event: 0.355 Thread 0x00007ff7b82b3000 nmethod 248 0x00007ff7a56fe210 code [0x00007ff7a56fe480, 0x00007ff7a56ff5a8]
Event: 0.370 Thread 0x00007ff7b82af000 nmethod 255 0x00007ff7a56ffe90 code [0x00007ff7a5700180, 0x00007ff7a5702390]
Event: 0.376 Thread 0x00007ff7b82b8800 nmethod 256 0x00007ff7a5703610 code [0x00007ff7a5703920, 0x00007ff7a5705ce0]
Event: 0.434 Thread 0x00007ff7b82b5000 nmethod 254 0x00007ff7a5706f90 code [0x00007ff7a5707420, 0x00007ff7a570b788]
Event: 0.434 Thread 0x00007ff7b82ad000  257       4       java.io.FileDescriptor$1::getAppend (5 bytes)
Event: 0.435 Thread 0x00007ff7b82ad000 nmethod 257 0x00007ff7a570db10 code [0x00007ff7a570dca0, 0x00007ff7a570dd18]
Event: 0.548 Thread 0x00007ff7b82c1800  258 %     3       org.eclipse.core.runtime.adaptor.EclipseStarter::main @ 4215 (7100 bytes)

GC Heap History (0 events):
No events

Deoptimization events (0 events):
No events

Classes redefined (0 events):
No events

Internal exceptions (0 events):
No events

Events (10 events):
Event: 0.301 Thread 0x00007ff7b8011800 DEOPT PACKING pc=0x00007ff79e2b4ca4 sp=0x00007ff7bf41c9f0
Event: 0.301 Thread 0x00007ff7b8011800 DEOPT UNPACKING pc=0x00007ff79db90aab sp=0x00007ff7bf41bfd8 mode 0
Event: 0.301 Thread 0x00007ff7b8011800 DEOPT PACKING pc=0x00007ff79e2b4ca4 sp=0x00007ff7bf41c9f0
Event: 0.301 Thread 0x00007ff7b8011800 DEOPT UNPACKING pc=0x00007ff79db90aab sp=0x00007ff7bf41bfd8 mode 0
Event: 0.301 Thread 0x00007ff7b8011800 DEOPT PACKING pc=0x00007ff79e2b4ca4 sp=0x00007ff7bf41c9f0
Event: 0.301 Thread 0x00007ff7b8011800 DEOPT UNPACKING pc=0x00007ff79db90aab sp=0x00007ff7bf41bfd8 mode 0
Event: 0.302 Thread 0x00007ff7b8011800 DEOPT PACKING pc=0x00007ff79e2b4ca4 sp=0x00007ff7bf41c9f0
Event: 0.302 Thread 0x00007ff7b8011800 DEOPT UNPACKING pc=0x00007ff79db90aab sp=0x00007ff7bf41bfd8 mode 0
Event: 0.302 Thread 0x00007ff7b8011800 DEOPT PACKING pc=0x00007ff79e2b4ca4 sp=0x00007ff7bf41c9f0
Event: 0.302 Thread 0x00007ff7b8011800 DEOPT UNPACKING pc=0x00007ff79db90aab sp=0x00007ff7bf41bfd8 mode 0


Dynamic libraries:
00400000-00401000 r-xp 00000000 00:65 77077150                           /root/oracle/jdk-9.0.4/bin/java
00600000-00601000 rw-p 00000000 00:65 77077150                           /root/oracle/jdk-9.0.4/bin/java
02386000-023a7000 rw-p 00000000 00:00 0                                  [heap]
3d7c00000-416800000 rw-p 00000000 00:00 0 
416800000-7c0000000 ---p 00000000 00:00 0 
7c0000000-7c0080000 rw-p 00000000 00:00 0 
7c0080000-800000000 ---p 00000000 00:00 0 
7ff660000000-7ff660021000 rw-p 00000000 00:00 0 
7ff660021000-7ff664000000 ---p 00000000 00:00 0 
7ff664000000-7ff664021000 rw-p 00000000 00:00 0 
7ff664021000-7ff668000000 ---p 00000000 00:00 0 
7ff668000000-7ff668021000 rw-p 00000000 00:00 0 
7ff668021000-7ff66c000000 ---p 00000000 00:00 0 
7ff66c000000-7ff66c021000 rw-p 00000000 00:00 0 
7ff66c021000-7ff670000000 ---p 00000000 00:00 0 
7ff670000000-7ff670021000 rw-p 00000000 00:00 0 
7ff670021000-7ff674000000 ---p 00000000 00:00 0 
7ff674000000-7ff674072000 rw-p 00000000 00:00 0 
7ff674072000-7ff678000000 ---p 00000000 00:00 0 
7ff678000000-7ff67807d000 rw-p 00000000 00:00 0 
7ff67807d000-7ff67c000000 ---p 00000000 00:00 0 
7ff67c000000-7ff67c035000 rw-p 00000000 00:00 0 
7ff67c035000-7ff680000000 ---p 00000000 00:00 0 
7ff680000000-7ff680299000 rw-p 00000000 00:00 0 
7ff680299000-7ff684000000 ---p 00000000 00:00 0 
7ff684000000-7ff68417f000 rw-p 00000000 00:00 0 
7ff68417f000-7ff688000000 ---p 00000000 00:00 0 
7ff688000000-7ff68822a000 rw-p 00000000 00:00 0 
7ff68822a000-7ff68c000000 ---p 00000000 00:00 0 
7ff68ed9e000-7ff68f0cc000 rw-p 00000000 00:00 0 
7ff68f0cc000-7ff68f0cd000 ---p 00000000 00:00 0 
7ff68f0cd000-7ff68f1ce000 rw-p 00000000 00:00 0 
7ff68f1ce000-7ff68f1d2000 ---p 00000000 00:00 0 
7ff68f1d2000-7ff68f2cf000 rw-p 00000000 00:00 0 
7ff68f2cf000-7ff68f2d3000 ---p 00000000 00:00 0 
7ff68f2d3000-7ff68f3d0000 rw-p 00000000 00:00 0 
7ff68f3d0000-7ff68f3e6000 r-xp 00000000 00:65 77077477                   /root/oracle/jdk-9.0.4/lib/libnet.so
7ff68f3e6000-7ff68f5e6000 ---p 00016000 00:65 77077477                   /root/oracle/jdk-9.0.4/lib/libnet.so
7ff68f5e6000-7ff68f5e7000 rw-p 00016000 00:65 77077477                   /root/oracle/jdk-9.0.4/lib/libnet.so
7ff68f5e7000-7ff68f5f7000 r-xp 00000000 00:65 77077594                   /root/oracle/jdk-9.0.4/lib/libnio.so
7ff68f5f7000-7ff68f7f7000 ---p 00010000 00:65 77077594                   /root/oracle/jdk-9.0.4/lib/libnio.so
7ff68f7f7000-7ff68f7f8000 rw-p 00010000 00:65 77077594                   /root/oracle/jdk-9.0.4/lib/libnio.so
7ff68f7f8000-7ff68f7fc000 ---p 00000000 00:00 0 
7ff68f7fc000-7ff68f8f9000 rw-p 00000000 00:00 0 
7ff68f8f9000-7ff68f8fd000 ---p 00000000 00:00 0 
7ff68f8fd000-7ff68f9fa000 rw-p 00000000 00:00 0 
7ff68f9fa000-7ff68f9fe000 ---p 00000000 00:00 0 
7ff68f9fe000-7ff68fafb000 rw-p 00000000 00:00 0 
7ff68fafb000-7ff68faff000 ---p 00000000 00:00 0 
7ff68faff000-7ff68fbfc000 rw-p 00000000 00:00 0 
7ff68fbfc000-7ff68fc00000 ---p 00000000 00:00 0 
7ff68fc00000-7ff68fcfd000 rw-p 00000000 00:00 0 
7ff68fcfd000-7ff68fd01000 ---p 00000000 00:00 0 
7ff68fd01000-7ff68fdfe000 rw-p 00000000 00:00 0 
7ff68fdfe000-7ff68fe02000 ---p 00000000 00:00 0 
7ff68fe02000-7ff68feff000 rw-p 00000000 00:00 0 
7ff68feff000-7ff68ff03000 ---p 00000000 00:00 0 
7ff68ff03000-7ff690000000 rw-p 00000000 00:00 0 
7ff690000000-7ff69013d000 rw-p 00000000 00:00 0 
7ff69013d000-7ff694000000 ---p 00000000 00:00 0 
7ff694000000-7ff69445a000 rw-p 00000000 00:00 0 
7ff69445a000-7ff698000000 ---p 00000000 00:00 0 
7ff698000000-7ff6982fc000 rw-p 00000000 00:00 0 
7ff6982fc000-7ff69c000000 ---p 00000000 00:00 0 
7ff69c000000-7ff69c146000 rw-p 00000000 00:00 0 
7ff69c146000-7ff6a0000000 ---p 00000000 00:00 0 
7ff6a0000000-7ff6a0021000 rw-p 00000000 00:00 0 
7ff6a0021000-7ff6a4000000 ---p 00000000 00:00 0 
7ff6a4000000-7ff6a4094000 rw-p 00000000 00:00 0 
7ff6a4094000-7ff6a8000000 ---p 00000000 00:00 0 
7ff6a8000000-7ff6a8021000 rw-p 00000000 00:00 0 
7ff6a8021000-7ff6ac000000 ---p 00000000 00:00 0 
7ff6ac000000-7ff6ac021000 rw-p 00000000 00:00 0 
7ff6ac021000-7ff6b0000000 ---p 00000000 00:00 0 
7ff6b0000000-7ff6b0021000 rw-p 00000000 00:00 0 
7ff6b0021000-7ff6b4000000 ---p 00000000 00:00 0 
7ff6b4000000-7ff6b4021000 rw-p 00000000 00:00 0 
7ff6b4021000-7ff6b8000000 ---p 00000000 00:00 0 
7ff6b80e8000-7ff6b80ec000 ---p 00000000 00:00 0 
7ff6b80ec000-7ff6b81e9000 rw-p 00000000 00:00 0 
7ff6b81e9000-7ff6b81ed000 ---p 00000000 00:00 0 
7ff6b81ed000-7ff6b82ea000 rw-p 00000000 00:00 0 
7ff6b82ea000-7ff6b82ee000 ---p 00000000 00:00 0 
7ff6b82ee000-7ff6b83eb000 rw-p 00000000 00:00 0 
7ff6b83eb000-7ff6b83ef000 ---p 00000000 00:00 0 
7ff6b83ef000-7ff6b84ec000 rw-p 00000000 00:00 0 
7ff6b84ec000-7ff6b84f0000 ---p 00000000 00:00 0 
7ff6b84f0000-7ff6b85ed000 rw-p 00000000 00:00 0 
7ff6b85ed000-7ff6b85f1000 ---p 00000000 00:00 0 
7ff6b85f1000-7ff6b86ee000 rw-p 00000000 00:00 0 
7ff6b86ee000-7ff6b86f2000 ---p 00000000 00:00 0 
7ff6b86f2000-7ff6b87ef000 rw-p 00000000 00:00 0 
7ff6b87ef000-7ff6b87f3000 ---p 00000000 00:00 0 
7ff6b87f3000-7ff6b88f0000 rw-p 00000000 00:00 0 
7ff6b88f0000-7ff6b88f1000 ---p 00000000 00:00 0 
7ff6b88f1000-7ff6b8e32000 rw-p 00000000 00:00 0 
7ff6b8e32000-7ff6b91f2000 ---p 00000000 00:00 0 
7ff6b91f2000-7ff6ba000000 rw-p 00000000 00:00 0 
7ff6ba000000-7ff6bc000000 rwxp 00000000 00:00 0 
7ff6bc000000-7ff6bc021000 rw-p 00000000 00:00 0 
7ff6bc021000-7ff6c0000000 ---p 00000000 00:00 0 
7ff6c0000000-7ff6c0021000 rw-p 00000000 00:00 0 
7ff6c0021000-7ff6c4000000 ---p 00000000 00:00 0 
7ff6c4000000-7ff6c4021000 rw-p 00000000 00:00 0 
7ff6c4021000-7ff6c8000000 ---p 00000000 00:00 0 
7ff6c8000000-7ff6c8021000 rw-p 00000000 00:00 0 
7ff6c8021000-7ff6cc000000 ---p 00000000 00:00 0 
7ff6cc000000-7ff6cc021000 rw-p 00000000 00:00 0 
7ff6cc021000-7ff6d0000000 ---p 00000000 00:00 0 
7ff6d006b000-7ff6d06e7000 rw-p 00000000 00:00 0 
7ff6d06e7000-7ff6d06e8000 ---p 00000000 00:00 0 
7ff6d06e8000-7ff6d07e9000 rw-p 00000000 00:00 0 
7ff6d07e9000-7ff6d07ea000 ---p 00000000 00:00 0 
7ff6d07ea000-7ff6d08eb000 rw-p 00000000 00:00 0 
7ff6d08eb000-7ff6d08ec000 ---p 00000000 00:00 0 
7ff6d08ec000-7ff6d09ed000 rw-p 00000000 00:00 0 
7ff6d09ed000-7ff6d09ee000 ---p 00000000 00:00 0 
7ff6d09ee000-7ff6d1e88000 rw-p 00000000 00:00 0 
7ff6d1e88000-7ff6e08e8000 ---p 00000000 00:00 0 
7ff6e08e8000-7ff6e1898000 rw-p 00000000 00:00 0 
7ff6e1898000-7ff6f02f8000 ---p 00000000 00:00 0 
7ff6f02f8000-7ff6f04ee000 rw-p 00000000 00:00 0 
7ff6f04ee000-7ff6f223a000 ---p 00000000 00:00 0 
7ff6f223a000-7ff6f2430000 rw-p 00000000 00:00 0 
7ff6f2430000-7ff6f60be000 ---p 00000000 00:00 0 
7ff6f60be000-7ff6f62b4000 rw-p 00000000 00:00 0 
7ff6f62b4000-7ff6f8000000 ---p 00000000 00:00 0 
7ff6f8000000-7ff6f8021000 rw-p 00000000 00:00 0 
7ff6f8021000-7ff6fc000000 ---p 00000000 00:00 0 
7ff6fc000000-7ff6fc021000 rw-p 00000000 00:00 0 
7ff6fc021000-7ff700000000 ---p 00000000 00:00 0 
7ff700000000-7ff700021000 rw-p 00000000 00:00 0 
7ff700021000-7ff704000000 ---p 00000000 00:00 0 
7ff704000000-7ff704021000 rw-p 00000000 00:00 0 
7ff704021000-7ff708000000 ---p 00000000 00:00 0 
7ff708000000-7ff708021000 rw-p 00000000 00:00 0 
7ff708021000-7ff70c000000 ---p 00000000 00:00 0 
7ff70c000000-7ff70c021000 rw-p 00000000 00:00 0 
7ff70c021000-7ff710000000 ---p 00000000 00:00 0 
7ff710000000-7ff710021000 rw-p 00000000 00:00 0 
7ff710021000-7ff714000000 ---p 00000000 00:00 0 
7ff714000000-7ff714021000 rw-p 00000000 00:00 0 
7ff714021000-7ff718000000 ---p 00000000 00:00 0 
7ff718000000-7ff718021000 rw-p 00000000 00:00 0 
7ff718021000-7ff71c000000 ---p 00000000 00:00 0 
7ff71c000000-7ff71c021000 rw-p 00000000 00:00 0 
7ff71c021000-7ff720000000 ---p 00000000 00:00 0 
7ff720000000-7ff720021000 rw-p 00000000 00:00 0 
7ff720021000-7ff724000000 ---p 00000000 00:00 0 
7ff724000000-7ff724021000 rw-p 00000000 00:00 0 
7ff724021000-7ff728000000 ---p 00000000 00:00 0 
7ff728000000-7ff728021000 rw-p 00000000 00:00 0 
7ff728021000-7ff72c000000 ---p 00000000 00:00 0 
7ff72c000000-7ff72c021000 rw-p 00000000 00:00 0 
7ff72c021000-7ff730000000 ---p 00000000 00:00 0 
7ff730000000-7ff730021000 rw-p 00000000 00:00 0 
7ff730021000-7ff734000000 ---p 00000000 00:00 0 
7ff734000000-7ff734021000 rw-p 00000000 00:00 0 
7ff734021000-7ff738000000 ---p 00000000 00:00 0 
7ff738000000-7ff738021000 rw-p 00000000 00:00 0 
7ff738021000-7ff73c000000 ---p 00000000 00:00 0 
7ff73c000000-7ff73c021000 rw-p 00000000 00:00 0 
7ff73c021000-7ff740000000 ---p 00000000 00:00 0 
7ff740000000-7ff740021000 rw-p 00000000 00:00 0 
7ff740021000-7ff744000000 ---p 00000000 00:00 0 
7ff744000000-7ff744021000 rw-p 00000000 00:00 0 
7ff744021000-7ff748000000 ---p 00000000 00:00 0 
7ff748000000-7ff748021000 rw-p 00000000 00:00 0 
7ff748021000-7ff74c000000 ---p 00000000 00:00 0 
7ff74c000000-7ff74c021000 rw-p 00000000 00:00 0 
7ff74c021000-7ff750000000 ---p 00000000 00:00 0 
7ff750000000-7ff750021000 rw-p 00000000 00:00 0 
7ff750021000-7ff754000000 ---p 00000000 00:00 0 
7ff754000000-7ff754021000 rw-p 00000000 00:00 0 
7ff754021000-7ff758000000 ---p 00000000 00:00 0 
7ff758000000-7ff758021000 rw-p 00000000 00:00 0 
7ff758021000-7ff75c000000 ---p 00000000 00:00 0 
7ff75c000000-7ff75c021000 rw-p 00000000 00:00 0 
7ff75c021000-7ff760000000 ---p 00000000 00:00 0 
7ff760000000-7ff760021000 rw-p 00000000 00:00 0 
7ff760021000-7ff764000000 ---p 00000000 00:00 0 
7ff764000000-7ff764021000 rw-p 00000000 00:00 0 
7ff764021000-7ff768000000 ---p 00000000 00:00 0 
7ff768000000-7ff768021000 rw-p 00000000 00:00 0 
7ff768021000-7ff76c000000 ---p 00000000 00:00 0 
7ff76c000000-7ff76c021000 rw-p 00000000 00:00 0 
7ff76c021000-7ff770000000 ---p 00000000 00:00 0 
7ff770000000-7ff770021000 rw-p 00000000 00:00 0 
7ff770021000-7ff774000000 ---p 00000000 00:00 0 
7ff774000000-7ff774021000 rw-p 00000000 00:00 0 
7ff774021000-7ff778000000 ---p 00000000 00:00 0 
7ff778000000-7ff778021000 rw-p 00000000 00:00 0 
7ff778021000-7ff77c000000 ---p 00000000 00:00 0 
7ff77c000000-7ff77c021000 rw-p 00000000 00:00 0 
7ff77c021000-7ff780000000 ---p 00000000 00:00 0 
7ff780000000-7ff780021000 rw-p 00000000 00:00 0 
7ff780021000-7ff784000000 ---p 00000000 00:00 0 
7ff784000000-7ff784021000 rw-p 00000000 00:00 0 
7ff784021000-7ff788000000 ---p 00000000 00:00 0 
7ff788000000-7ff788021000 rw-p 00000000 00:00 0 
7ff788021000-7ff78c000000 ---p 00000000 00:00 0 
7ff78c000000-7ff78c021000 rw-p 00000000 00:00 0 
7ff78c021000-7ff790000000 ---p 00000000 00:00 0 
7ff790000000-7ff790021000 rw-p 00000000 00:00 0 
7ff790021000-7ff794000000 ---p 00000000 00:00 0 
7ff794000000-7ff794021000 rw-p 00000000 00:00 0 
7ff794021000-7ff798000000 ---p 00000000 00:00 0 
7ff798000000-7ff798021000 rw-p 00000000 00:00 0 
7ff798021000-7ff79c000000 ---p 00000000 00:00 0 
7ff79c007000-7ff79c093000 rw-p 00000000 00:00 0 
7ff79c093000-7ff79c094000 ---p 00000000 00:00 0 
7ff79c094000-7ff79c195000 rw-p 00000000 00:00 0 
7ff79c195000-7ff79c196000 ---p 00000000 00:00 0 
7ff79c196000-7ff79c417000 rw-p 00000000 00:00 0 
7ff79c417000-7ff79c418000 ---p 00000000 00:00 0 
7ff79c418000-7ff79c519000 rw-p 00000000 00:00 0 
7ff79c519000-7ff79c51a000 ---p 00000000 00:00 0 
7ff79c51a000-7ff79c61b000 rw-p 00000000 00:00 0 
7ff79c61b000-7ff79c61c000 ---p 00000000 00:00 0 
7ff79c61c000-7ff79c71d000 rw-p 00000000 00:00 0 
7ff79c71d000-7ff79c71e000 ---p 00000000 00:00 0 
7ff79c71e000-7ff79c81f000 rw-p 00000000 00:00 0 
7ff79c81f000-7ff79c820000 ---p 00000000 00:00 0 
7ff79c820000-7ff79c921000 rw-p 00000000 00:00 0 
7ff79c921000-7ff79c922000 ---p 00000000 00:00 0 
7ff79c922000-7ff79ca23000 rw-p 00000000 00:00 0 
7ff79ca23000-7ff79ca24000 ---p 00000000 00:00 0 
7ff79ca24000-7ff79cb25000 rw-p 00000000 00:00 0 
7ff79cb25000-7ff79cb26000 ---p 00000000 00:00 0 
7ff79cb26000-7ff79cc27000 rw-p 00000000 00:00 0 
7ff79cc27000-7ff79cc28000 ---p 00000000 00:00 0 
7ff79cc28000-7ff79cd29000 rw-p 00000000 00:00 0 
7ff79cd29000-7ff79cd2a000 ---p 00000000 00:00 0 
7ff79cd2a000-7ff79ce2b000 rw-p 00000000 00:00 0 
7ff79ce2b000-7ff79ce2c000 ---p 00000000 00:00 0 
7ff79ce2c000-7ff79cf2d000 rw-p 00000000 00:00 0 
7ff79cf2d000-7ff79cf2e000 ---p 00000000 00:00 0 
7ff79cf2e000-7ff79d02f000 rw-p 00000000 00:00 0 
7ff79d02f000-7ff79d030000 ---p 00000000 00:00 0 
7ff79d030000-7ff79d131000 rw-p 00000000 00:00 0 
7ff79d131000-7ff79d132000 ---p 00000000 00:00 0 
7ff79d132000-7ff79d233000 rw-p 00000000 00:00 0 
7ff79d233000-7ff79d234000 ---p 00000000 00:00 0 
7ff79d234000-7ff79d335000 rw-p 00000000 00:00 0 
7ff79d335000-7ff79d336000 ---p 00000000 00:00 0 
7ff79d336000-7ff79d437000 rw-p 00000000 00:00 0 
7ff79d437000-7ff79d438000 ---p 00000000 00:00 0 
7ff79d438000-7ff79d539000 rw-p 00000000 00:00 0 
7ff79d539000-7ff79d53a000 ---p 00000000 00:00 0 
7ff79d53a000-7ff79d63b000 rw-p 00000000 00:00 0 
7ff79d63b000-7ff79d63c000 ---p 00000000 00:00 0 
7ff79d63c000-7ff79d73d000 rw-p 00000000 00:00 0 
7ff79d73d000-7ff79d73e000 ---p 00000000 00:00 0 
7ff79d73e000-7ff79d83f000 rw-p 00000000 00:00 0 
7ff79d83f000-7ff79d840000 ---p 00000000 00:00 0 
7ff79d840000-7ff79db43000 rw-p 00000000 00:00 0 
7ff79db43000-7ff79de13000 rwxp 00000000 00:00 0 
7ff79de13000-7ff79e281000 ---p 00000000 00:00 0 
7ff79e281000-7ff79e4f1000 rwxp 00000000 00:00 0 
7ff79e4f1000-7ff7a56e2000 ---p 00000000 00:00 0 
7ff7a56e2000-7ff7a5952000 rwxp 00000000 00:00 0 
7ff7a5952000-7ff7acb43000 ---p 00000000 00:00 0 
7ff7acb43000-7ff7b8000000 r--s 00000000 00:65 77077560                   /root/oracle/jdk-9.0.4/lib/modules
7ff7b8000000-7ff7b8408000 rw-p 00000000 00:00 0 
7ff7b8408000-7ff7bc000000 ---p 00000000 00:00 0 
7ff7bc018000-7ff7bd252000 rw-p 00000000 00:00 0 
7ff7bd252000-7ff7bd253000 ---p 00000000 00:00 0 
7ff7bd253000-7ff7bd354000 rw-p 00000000 00:00 0 
7ff7bd354000-7ff7bd355000 ---p 00000000 00:00 0 
7ff7bd355000-7ff7bd456000 rw-p 00000000 00:00 0 
7ff7bd456000-7ff7bd457000 ---p 00000000 00:00 0 
7ff7bd457000-7ff7bd558000 rw-p 00000000 00:00 0 
7ff7bd558000-7ff7bd559000 ---p 00000000 00:00 0 
7ff7bd559000-7ff7bd65a000 rw-p 00000000 00:00 0 
7ff7bd65a000-7ff7bd65b000 ---p 00000000 00:00 0 
7ff7bd65b000-7ff7bd75c000 rw-p 00000000 00:00 0 
7ff7bd75c000-7ff7bd75d000 ---p 00000000 00:00 0 
7ff7bd75d000-7ff7bd85e000 rw-p 00000000 00:00 0 
7ff7bd85e000-7ff7bd85f000 ---p 00000000 00:00 0 
7ff7bd85f000-7ff7bd960000 rw-p 00000000 00:00 0 
7ff7bd960000-7ff7bd961000 ---p 00000000 00:00 0 
7ff7bd961000-7ff7bda62000 rw-p 00000000 00:00 0 
7ff7bda62000-7ff7bda63000 ---p 00000000 00:00 0 
7ff7bda63000-7ff7bdb64000 rw-p 00000000 00:00 0 
7ff7bdb64000-7ff7bdb65000 ---p 00000000 00:00 0 
7ff7bdb65000-7ff7bdc66000 rw-p 00000000 00:00 0 
7ff7bdc66000-7ff7bdc67000 ---p 00000000 00:00 0 
7ff7bdc67000-7ff7bdd68000 rw-p 00000000 00:00 0 
7ff7bdd68000-7ff7bdd69000 ---p 00000000 00:00 0 
7ff7bdd69000-7ff7bde6a000 rw-p 00000000 00:00 0 
7ff7bde6a000-7ff7bde6b000 ---p 00000000 00:00 0 
7ff7bde6b000-7ff7bdf6c000 rw-p 00000000 00:00 0 
7ff7bdf6c000-7ff7bdf6d000 ---p 00000000 00:00 0 
7ff7bdf6d000-7ff7be06e000 rw-p 00000000 00:00 0 
7ff7be06e000-7ff7be06f000 ---p 00000000 00:00 0 
7ff7be06f000-7ff7be170000 rw-p 00000000 00:00 0 
7ff7be170000-7ff7be171000 ---p 00000000 00:00 0 
7ff7be171000-7ff7be272000 rw-p 00000000 00:00 0 
7ff7be272000-7ff7be273000 ---p 00000000 00:00 0 
7ff7be273000-7ff7be374000 rw-p 00000000 00:00 0 
7ff7be374000-7ff7be375000 ---p 00000000 00:00 0 
7ff7be375000-7ff7be476000 rw-p 00000000 00:00 0 
7ff7be476000-7ff7be477000 ---p 00000000 00:00 0 
7ff7be477000-7ff7be578000 rw-p 00000000 00:00 0 
7ff7be578000-7ff7be579000 ---p 00000000 00:00 0 
7ff7be579000-7ff7be67f000 rw-p 00000000 00:00 0 
7ff7be67f000-7ff7be763000 ---p 00000000 00:00 0 
7ff7be763000-7ff7be768000 rw-p 00000000 00:00 0 
7ff7be768000-7ff7be84c000 ---p 00000000 00:00 0 
7ff7be84c000-7ff7be852000 rw-p 00000000 00:00 0 
7ff7be852000-7ff7be85b000 ---p 00000000 00:00 0 
7ff7be85b000-7ff7be8ab000 rw-p 00000000 00:00 0 
7ff7be8ab000-7ff7bea88000 r--s 03e31000 00:65 101727669                  /usr/local/java/jdk1.8.0_301/jre/lib/rt.jar
7ff7bea88000-7ff7beaa2000 r-xp 00000000 00:65 77077435                   /root/oracle/jdk-9.0.4/lib/libjimage.so
7ff7beaa2000-7ff7beca1000 ---p 0001a000 00:65 77077435                   /root/oracle/jdk-9.0.4/lib/libjimage.so
7ff7beca1000-7ff7beca3000 rw-p 00019000 00:65 77077435                   /root/oracle/jdk-9.0.4/lib/libjimage.so
7ff7beca3000-7ff7becb5000 rw-p 00000000 00:00 0 
7ff7becb5000-7ff7becbc000 r-xp 00000000 00:65 77083131                   /root/oracle/jdk-9.0.4/lib/libzip.so
7ff7becbc000-7ff7beebb000 ---p 00007000 00:65 77083131                   /root/oracle/jdk-9.0.4/lib/libzip.so
7ff7beebb000-7ff7beebc000 rw-p 00006000 00:65 77083131                   /root/oracle/jdk-9.0.4/lib/libzip.so
7ff7beebc000-7ff7beebf000 r--p 00000000 00:65 165034530                  /usr/lib/x86_64-linux-gnu/libnss_files-2.31.so
7ff7beebf000-7ff7beec6000 r-xp 00003000 00:65 165034530                  /usr/lib/x86_64-linux-gnu/libnss_files-2.31.so
7ff7beec6000-7ff7beec8000 r--p 0000a000 00:65 165034530                  /usr/lib/x86_64-linux-gnu/libnss_files-2.31.so
7ff7beec8000-7ff7beec9000 r--p 0000b000 00:65 165034530                  /usr/lib/x86_64-linux-gnu/libnss_files-2.31.so
7ff7beec9000-7ff7beeca000 rw-p 0000c000 00:65 165034530                  /usr/lib/x86_64-linux-gnu/libnss_files-2.31.so
7ff7beeca000-7ff7beed0000 rw-p 00000000 00:00 0 
7ff7beed8000-7ff7beed9000 rw-p 00000000 00:00 0 
7ff7beed9000-7ff7bef04000 r-xp 00000000 00:65 77077470                   /root/oracle/jdk-9.0.4/lib/libjava.so
7ff7bef04000-7ff7bf103000 ---p 0002b000 00:65 77077470                   /root/oracle/jdk-9.0.4/lib/libjava.so
7ff7bf103000-7ff7bf105000 rw-p 0002a000 00:65 77077470                   /root/oracle/jdk-9.0.4/lib/libjava.so
7ff7bf105000-7ff7bf112000 r-xp 00000000 00:65 77077494                   /root/oracle/jdk-9.0.4/lib/libverify.so
7ff7bf112000-7ff7bf311000 ---p 0000d000 00:65 77077494                   /root/oracle/jdk-9.0.4/lib/libverify.so
7ff7bf311000-7ff7bf313000 rw-p 0000c000 00:65 77077494                   /root/oracle/jdk-9.0.4/lib/libverify.so
7ff7bf313000-7ff7bf316000 r--p 00000000 00:65 165034636                  /usr/lib/x86_64-linux-gnu/librt-2.31.so
7ff7bf316000-7ff7bf31a000 r-xp 00003000 00:65 165034636                  /usr/lib/x86_64-linux-gnu/librt-2.31.so
7ff7bf31a000-7ff7bf31b000 r--p 00007000 00:65 165034636                  /usr/lib/x86_64-linux-gnu/librt-2.31.so
7ff7bf31b000-7ff7bf31c000 ---p 00008000 00:65 165034636                  /usr/lib/x86_64-linux-gnu/librt-2.31.so
7ff7bf31c000-7ff7bf31d000 r--p 00008000 00:65 165034636                  /usr/lib/x86_64-linux-gnu/librt-2.31.so
7ff7bf31d000-7ff7bf31e000 rw-p 00009000 00:65 165034636                  /usr/lib/x86_64-linux-gnu/librt-2.31.so
7ff7bf31e000-7ff7bf31f000 ---p 00000000 00:00 0 
7ff7bf31f000-7ff7bf320000 rw-p 00000000 00:00 0 
7ff7bf320000-7ff7bf324000 ---p 00000000 00:00 0 
7ff7bf324000-7ff7bf41f000 rw-p 00000000 00:00 0 
7ff7bf41f000-7ff7bf42e000 r--p 00000000 00:65 165034468                  /usr/lib/x86_64-linux-gnu/libm-2.31.so
7ff7bf42e000-7ff7bf4d5000 r-xp 0000f000 00:65 165034468                  /usr/lib/x86_64-linux-gnu/libm-2.31.so
7ff7bf4d5000-7ff7bf56c000 r--p 000b6000 00:65 165034468                  /usr/lib/x86_64-linux-gnu/libm-2.31.so
7ff7bf56c000-7ff7bf56d000 r--p 0014c000 00:65 165034468                  /usr/lib/x86_64-linux-gnu/libm-2.31.so
7ff7bf56d000-7ff7bf56e000 rw-p 0014d000 00:65 165034468                  /usr/lib/x86_64-linux-gnu/libm-2.31.so
7ff7bf56e000-7ff7c0583000 r-xp 00000000 00:65 77083135                   /root/oracle/jdk-9.0.4/lib/server/libjvm.so
7ff7c0583000-7ff7c0782000 ---p 01015000 00:65 77083135                   /root/oracle/jdk-9.0.4/lib/server/libjvm.so
7ff7c0782000-7ff7c0853000 r--p 01014000 00:65 77083135                   /root/oracle/jdk-9.0.4/lib/server/libjvm.so
7ff7c0853000-7ff7c088a000 rw-p 010e5000 00:65 77083135                   /root/oracle/jdk-9.0.4/lib/server/libjvm.so
7ff7c088a000-7ff7c08f5000 rw-p 00000000 00:00 0 
7ff7c08f5000-7ff7c091a000 r--p 00000000 00:65 165034165                  /usr/lib/x86_64-linux-gnu/libc-2.31.so
7ff7c091a000-7ff7c0a92000 r-xp 00025000 00:65 165034165                  /usr/lib/x86_64-linux-gnu/libc-2.31.so
7ff7c0a92000-7ff7c0adc000 r--p 0019d000 00:65 165034165                  /usr/lib/x86_64-linux-gnu/libc-2.31.so
7ff7c0adc000-7ff7c0add000 ---p 001e7000 00:65 165034165                  /usr/lib/x86_64-linux-gnu/libc-2.31.so
7ff7c0add000-7ff7c0ae0000 r--p 001e7000 00:65 165034165                  /usr/lib/x86_64-linux-gnu/libc-2.31.so
7ff7c0ae0000-7ff7c0ae3000 rw-p 001ea000 00:65 165034165                  /usr/lib/x86_64-linux-gnu/libc-2.31.so
7ff7c0ae3000-7ff7c0ae7000 rw-p 00000000 00:00 0 
7ff7c0ae7000-7ff7c0ae8000 r--p 00000000 00:65 165034236                  /usr/lib/x86_64-linux-gnu/libdl-2.31.so
7ff7c0ae8000-7ff7c0aea000 r-xp 00001000 00:65 165034236                  /usr/lib/x86_64-linux-gnu/libdl-2.31.so
7ff7c0aea000-7ff7c0aeb000 r--p 00003000 00:65 165034236                  /usr/lib/x86_64-linux-gnu/libdl-2.31.so
7ff7c0aeb000-7ff7c0aec000 r--p 00003000 00:65 165034236                  /usr/lib/x86_64-linux-gnu/libdl-2.31.so
7ff7c0aec000-7ff7c0aed000 rw-p 00004000 00:65 165034236                  /usr/lib/x86_64-linux-gnu/libdl-2.31.so
7ff7c0aed000-7ff7c0afb000 r-xp 00000000 00:65 77083142                   /root/oracle/jdk-9.0.4/lib/jli/libjli.so
7ff7c0afb000-7ff7c0cfb000 ---p 0000e000 00:65 77083142                   /root/oracle/jdk-9.0.4/lib/jli/libjli.so
7ff7c0cfb000-7ff7c0cfc000 rw-p 0000e000 00:65 77083142                   /root/oracle/jdk-9.0.4/lib/jli/libjli.so
7ff7c0cfc000-7ff7c0d03000 r--p 00000000 00:65 165034610                  /usr/lib/x86_64-linux-gnu/libpthread-2.31.so
7ff7c0d03000-7ff7c0d14000 r-xp 00007000 00:65 165034610                  /usr/lib/x86_64-linux-gnu/libpthread-2.31.so
7ff7c0d14000-7ff7c0d19000 r--p 00018000 00:65 165034610                  /usr/lib/x86_64-linux-gnu/libpthread-2.31.so
7ff7c0d19000-7ff7c0d1a000 r--p 0001c000 00:65 165034610                  /usr/lib/x86_64-linux-gnu/libpthread-2.31.so
7ff7c0d1a000-7ff7c0d1b000 rw-p 0001d000 00:65 165034610                  /usr/lib/x86_64-linux-gnu/libpthread-2.31.so
7ff7c0d1b000-7ff7c0d1f000 rw-p 00000000 00:00 0 
7ff7c0d1f000-7ff7c0d21000 r--p 00000000 00:65 165034796                  /usr/lib/x86_64-linux-gnu/libz.so.1.2.11
7ff7c0d21000-7ff7c0d32000 r-xp 00002000 00:65 165034796                  /usr/lib/x86_64-linux-gnu/libz.so.1.2.11
7ff7c0d32000-7ff7c0d38000 r--p 00013000 00:65 165034796                  /usr/lib/x86_64-linux-gnu/libz.so.1.2.11
7ff7c0d38000-7ff7c0d39000 ---p 00019000 00:65 165034796                  /usr/lib/x86_64-linux-gnu/libz.so.1.2.11
7ff7c0d39000-7ff7c0d3a000 r--p 00019000 00:65 165034796                  /usr/lib/x86_64-linux-gnu/libz.so.1.2.11
7ff7c0d3a000-7ff7c0d3b000 rw-p 0001a000 00:65 165034796                  /usr/lib/x86_64-linux-gnu/libz.so.1.2.11
7ff7c0d3b000-7ff7c0d43000 rw-s 00000000 00:65 71965686                   /tmp/hsperfdata_root/26413
7ff7c0d43000-7ff7c0d46000 rw-p 00000000 00:00 0 
7ff7c0d46000-7ff7c0d47000 r--p 00000000 00:65 165033992                  /usr/lib/x86_64-linux-gnu/ld-2.31.so
7ff7c0d47000-7ff7c0d6a000 r-xp 00001000 00:65 165033992                  /usr/lib/x86_64-linux-gnu/ld-2.31.so
7ff7c0d6a000-7ff7c0d72000 r--p 00024000 00:65 165033992                  /usr/lib/x86_64-linux-gnu/ld-2.31.so
7ff7c0d72000-7ff7c0d73000 r--p 00000000 00:00 0 
7ff7c0d73000-7ff7c0d74000 r--p 0002c000 00:65 165033992                  /usr/lib/x86_64-linux-gnu/ld-2.31.so
7ff7c0d74000-7ff7c0d75000 rw-p 0002d000 00:65 165033992                  /usr/lib/x86_64-linux-gnu/ld-2.31.so
7ff7c0d75000-7ff7c0d76000 rw-p 00000000 00:00 0 
7ffc5e003000-7ffc5e024000 rw-p 00000000 00:00 0                          [stack]
7ffc5e0ec000-7ffc5e0ef000 r--p 00000000 00:00 0                          [vvar]
7ffc5e0ef000-7ffc5e0f0000 r-xp 00000000 00:00 0                          [vdso]
ffffffffff600000-ffffffffff601000 --xp 00000000 00:00 0                  [vsyscall]

VM Arguments:
jvm_args: -Xbootclasspath/a:/usr/local/java/jdk1.8.0_301/jre/lib/rt.jar -Xverify:none 
java_command: org.eclipse.core.runtime.adaptor.EclipseStarter -debug
java_class_path (initial): ./sootOutput/eclipse/
Launcher Type: SUN_STANDARD

Logging:
Log output configuration:
#0: stdout all=warning uptime,level,tags
#1: stderr all=off uptime,level,tags

Environment Variables:
JAVA_HOME=/root/oracle/jdk-9.0.4
JRE_HOME=/root/oracle/jdk-9.0.4
CLASSPATH=.:/root/oracle/jdk-9.0.4/lib:/JVMfuzzing/htm/CFSynthesis/resource/commons-lang3-3.12.0/commons-lang3-3.12.0.jar
PATH=/root/oracle/jdk-9.0.4/bin:/root/.vscode-server/bin/da76f93349a72022ca4670c1b84860304616aaa2/bin/remote-cli:/root/oracle/jdk-9.0.4/bin:/usr/local/sbin:/usr/local/bin:/usr/sbin:/usr/bin:/sbin:/bin:/usr/games:/usr/local/games:/snap/bin
SHELL=/bin/bash

Signal Handlers:
SIGSEGV: [libjvm.so+0xd4d370], sa_mask[0]=11111111011111111101111111111110, sa_flags=SA_RESTART|SA_SIGINFO
SIGBUS: [libjvm.so+0xd4d370], sa_mask[0]=11111111011111111101111111111110, sa_flags=SA_RESTART|SA_SIGINFO
SIGFPE: [libjvm.so+0xd4d370], sa_mask[0]=11111111011111111101111111111110, sa_flags=SA_RESTART|SA_SIGINFO
SIGPIPE: [libjvm.so+0xb64780], sa_mask[0]=11111111011111111101111111111110, sa_flags=SA_RESTART|SA_SIGINFO
SIGXFSZ: [libjvm.so+0xb64780], sa_mask[0]=11111111011111111101111111111110, sa_flags=SA_RESTART|SA_SIGINFO
SIGILL: [libjvm.so+0xd4d370], sa_mask[0]=11111111011111111101111111111110, sa_flags=SA_RESTART|SA_SIGINFO
SIGUSR2: [libjvm.so+0xb64640], sa_mask[0]=00100000000000000000000000000000, sa_flags=SA_RESTART|SA_SIGINFO
SIGHUP: [libjvm.so+0xb64850], sa_mask[0]=11111111011111111101111111111110, sa_flags=SA_RESTART|SA_SIGINFO
SIGINT: [libjvm.so+0xb64850], sa_mask[0]=11111111011111111101111111111110, sa_flags=SA_RESTART|SA_SIGINFO
SIGTERM: [libjvm.so+0xb64850], sa_mask[0]=11111111011111111101111111111110, sa_flags=SA_RESTART|SA_SIGINFO
SIGQUIT: [libjvm.so+0xb64850], sa_mask[0]=11111111011111111101111111111110, sa_flags=SA_RESTART|SA_SIGINFO


---------------  S Y S T E M  ---------------

OS:DISTRIB_ID=Ubuntu
DISTRIB_RELEASE=20.04
DISTRIB_CODENAME=focal
DISTRIB_DESCRIPTION="Ubuntu 20.04.3 LTS"
uname:Linux 5.4.0-124-generic #140~18.04.1-Ubuntu SMP Fri Aug 5 11:43:34 UTC 2022 x86_64
libc:glibc 2.31 NPTL 2.31 
rlimit: STACK 8192k, CORE infinity, NPROC infinity, NOFILE 1048576, AS infinity
load average:42.33 41.01 39.51

/proc/meminfo:
MemTotal:       65549624 kB
MemFree:         5836964 kB
MemAvailable:   32888904 kB
Buffers:         5872752 kB
Cached:          3672520 kB
SwapCached:         8092 kB
Active:         33076208 kB
Inactive:        6444048 kB
Active(anon):   25977808 kB
Inactive(anon):  4018444 kB
Active(file):    7098400 kB
Inactive(file):  2425604 kB
Unevictable:          16 kB
Mlocked:              16 kB
SwapTotal:       2097148 kB
SwapFree:              0 kB
Dirty:             33412 kB
Writeback:             4 kB
AnonPages:      29967476 kB
Mapped:           882224 kB
Shmem:             25608 kB
KReclaimable:   18259860 kB
Slab:           19429616 kB
SReclaimable:   18259860 kB
SUnreclaim:      1169756 kB
KernelStack:       79904 kB
PageTables:       243980 kB
NFS_Unstable:          0 kB
Bounce:                0 kB
WritebackTmp:          0 kB
CommitLimit:    34871960 kB
Committed_AS:   86993096 kB
VmallocTotal:   34359738367 kB
VmallocUsed:      162464 kB
VmallocChunk:          0 kB
Percpu:            32512 kB
HardwareCorrupted:     0 kB
AnonHugePages:         0 kB
ShmemHugePages:        0 kB
ShmemPmdMapped:        0 kB
FileHugePages:         0 kB
FilePmdMapped:         0 kB
CmaTotal:              0 kB
CmaFree:               0 kB
HugePages_Total:       0
HugePages_Free:        0
HugePages_Rsvd:        0
HugePages_Surp:        0
Hugepagesize:       2048 kB
Hugetlb:               0 kB
DirectMap4k:    15497632 kB
DirectMap2M:    51298304 kB
DirectMap1G:           0 kB


CPU:total 28 (initial active 28) (14 cores per cpu, 2 threads per core) family 6 model 85 stepping 4, cmov, cx8, fxsr, mmx, sse, sse2, sse3, ssse3, sse4.1, sse4.2, popcnt, avx, avx2, aes, clmul, erms, rtm, 3dnowpref, lzcnt, ht, tsc, tscinvbit, bmi1, bmi2, adx, fma
CPU Model and flags from /proc/cpuinfo:
model name	: Intel(R) Core(TM) i9-9940X CPU @ 3.30GHz
flags		: fpu vme de pse tsc msr pae mce cx8 apic sep mtrr pge mca cmov pat pse36 clflush dts acpi mmx fxsr sse sse2 ss ht tm pbe syscall nx pdpe1gb rdtscp lm constant_tsc art arch_perfmon pebs bts rep_good nopl xtopology nonstop_tsc cpuid aperfmperf pni pclmulqdq dtes64 monitor ds_cpl vmx est tm2 ssse3 sdbg fma cx16 xtpr pdcm pcid dca sse4_1 sse4_2 x2apic movbe popcnt tsc_deadline_timer aes xsave avx f16c rdrand lahf_lm abm 3dnowprefetch cpuid_fault epb cat_l3 cdp_l3 invpcid_single pti ssbd mba ibrs ibpb stibp tpr_shadow vnmi flexpriority ept vpid ept_ad fsgsbase tsc_adjust bmi1 hle avx2 smep bmi2 erms invpcid rtm cqm mpx rdt_a avx512f avx512dq rdseed adx smap clflushopt clwb intel_pt avx512cd avx512bw avx512vl xsaveopt xsavec xgetbv1 xsaves cqm_llc cqm_occup_llc cqm_mbm_total cqm_mbm_local dtherm ida arat pln pts hwp hwp_act_window hwp_epp hwp_pkg_req md_clear flush_l1d arch_capabilities

Memory: 4k page, physical 65549624k(5836964k free), swap 2097148k(0k free)

vm_info: Java HotSpot(TM) 64-Bit Server VM (9.0.4+11) for linux-amd64 JRE (9.0.4+11), built on Dec 19 2017 18:12:19 by "mach5one" with gcc 4.9.2

END.
