#
# A fatal error has been detected by the Java Runtime Environment:
#
#  SIGSEGV (0xb) at pc=0x00007f2d50f949ac, pid=32657, tid=32719
#
# JRE version: Java(TM) SE Runtime Environment (9.0+11) (build 9.0.4+11)
# Java VM: Java HotSpot(TM) 64-Bit Server VM (9.0.4+11, mixed mode, tiered, compressed oops, g1 gc, linux-amd64)
# Problematic frame:
# V  [libjvm.so+0x4ad9ac]  GraphBuilder::try_inline_full(ciMethod*, bool, bool, Bytecodes::Code, Instruction*)+0x44c
#
# Core dump will be written. Default location: Core dumps may be processed with "/usr/share/apport/apport -p%p -s%s -c%c -d%d -P%P -u%u -g%g -- %E" (or dumping to /JVMfuzzing/zjy/classming/Fuzzing-Testing-of-JVM-Implementations/core.32657)
#
# If you would like to submit a bug report, please visit:
#   http://bugreport.java.com/bugreport/crash.jsp
#

---------------  S U M M A R Y ------------

Command Line: -Xbootclasspath/a:/usr/local/java/jdk1.8.0_301/jre/lib/rt.jar -Xverify:none org.eclipse.core.runtime.adaptor.EclipseStarter -debug

Host: Intel(R) Core(TM) i9-9940X CPU @ 3.30GHz, 28 cores, 62G, Ubuntu 20.04.3 LTS
Time: Thu Nov  3 09:02:05 2022 UTC elapsed time: 0 seconds (0d 0h 0m 0s)

---------------  T H R E A D  ---------------

Current thread (0x00007f2d4c2bb800):  JavaThread "C1 CompilerThread8" daemon [_thread_in_native, id=32719, stack(0x00007f2c492f2000,0x00007f2c493f3000)]


Current CompileTask:
C1:    593  255 %     3       org.eclipse.core.runtime.adaptor.EclipseStarter::main @ 1123 (1692 bytes)

Stack: [0x00007f2c492f2000,0x00007f2c493f3000],  sp=0x00007f2c493f10b0,  free space=1020k
Native frames: (J=compiled Java code, A=aot compiled Java code, j=interpreted, Vv=VM code, C=native code)
V  [libjvm.so+0x4ad9ac]  GraphBuilder::try_inline_full(ciMethod*, bool, bool, Bytecodes::Code, Instruction*)+0x44c
V  [libjvm.so+0x4ae2fc]  GraphBuilder::try_inline(ciMethod*, bool, bool, Bytecodes::Code, Instruction*)+0x1dc
V  [libjvm.so+0x4aee6d]  GraphBuilder::invoke(Bytecodes::Code)+0x3ed
V  [libjvm.so+0x4b163e]  GraphBuilder::iterate_bytecodes_for_block(int)+0x1c4e
V  [libjvm.so+0x4b1ad5]  GraphBuilder::iterate_all_blocks(bool)+0x85
V  [libjvm.so+0x4b1ec9]  GraphBuilder::GraphBuilder(Compilation*, IRScope*)+0x389
V  [libjvm.so+0x4b70a8]  IR::IR(Compilation*, ciMethod*, int)+0x1e8
V  [libjvm.so+0x497832]  Compilation::build_hir() [clone .part.93]+0x162
V  [libjvm.so+0x499633]  Compilation::compile_java_method()+0x3c3
V  [libjvm.so+0x4997af]  Compilation::compile_method()+0x12f
V  [libjvm.so+0x499c31]  Compilation::Compilation(AbstractCompiler*, ciEnv*, ciMethod*, int, BufferBlob*, DirectiveSet*)+0x271
V  [libjvm.so+0x49ac1e]  Compiler::compile_method(ciEnv*, ciMethod*, int, DirectiveSet*)+0xae
V  [libjvm.so+0x6125ac]  CompileBroker::invoke_compiler_on_method(CompileTask*)+0x41c
V  [libjvm.so+0x61344b]  CompileBroker::compiler_thread_loop()+0x28b
V  [libjvm.so+0xcef338]  JavaThread::thread_main_inner()+0xd8
V  [libjvm.so+0xb6e132]  thread_native_entry(Thread*)+0xf2
C  [libpthread.so.0+0x9609]  start_thread+0xd9


siginfo: si_signo: 11 (SIGSEGV), si_code: 1 (SEGV_MAPERR), si_addr: 0x0000000000000018

Register to memory mapping:

RAX=0x00007f2c340c5a80 is an unknown value
RBX=0x00007f2c493f1460 is pointing into the stack for thread: 0x00007f2d4c2bb800
RCX=0x0000000000000000 is an unknown value
RDX=0x0000000000000000 is an unknown value
RSP=0x00007f2c493f10b0 is pointing into the stack for thread: 0x00007f2d4c2bb800
RBP=0x00007f2c493f1130 is pointing into the stack for thread: 0x00007f2d4c2bb800
RSI=0x0000000000000000 is an unknown value
RDI=0x00007f2c493f1460 is pointing into the stack for thread: 0x00007f2d4c2bb800
R8 =0x0000000000000000 is an unknown value
R9 =0x00007f2c340c5760 is an unknown value
R10=0x000000000000000c is an unknown value
R11=0x0000000000000001 is an unknown value
R12=0x00007f2c1c168410 is an unknown value
R13=0x0000000000000000 is an unknown value
R14=0x0000000000000000 is an unknown value
R15=0x0000000000000001 is an unknown value


Registers:
RAX=0x00007f2c340c5a80, RBX=0x00007f2c493f1460, RCX=0x0000000000000000, RDX=0x0000000000000000
RSP=0x00007f2c493f10b0, RBP=0x00007f2c493f1130, RSI=0x0000000000000000, RDI=0x00007f2c493f1460
R8 =0x0000000000000000, R9 =0x00007f2c340c5760, R10=0x000000000000000c, R11=0x0000000000000001
R12=0x00007f2c1c168410, R13=0x0000000000000000, R14=0x0000000000000000, R15=0x0000000000000001
RIP=0x00007f2d50f949ac, EFLAGS=0x0000000000010246, CSGSFS=0x002b000000000033, ERR=0x0000000000000004
  TRAPNO=0x000000000000000e

Top of Stack: (sp=0x00007f2c493f10b0)
0x00007f2c493f10b0:   00007f2d51e304cc 00007f2c493f10e0
0x00007f2c493f10c0:   00000000493f1130 00007f2c340c5dc0
0x00007f2c493f10d0:   00007f2c14081fe0 00007f2c340c5a80
0x00007f2c493f10e0:   00000000000003be 00007f2c340c54c0 

Instructions: (pc=0x00007f2d50f949ac)
0x00007f2d50f9498c:   40 08 44 39 68 38 7e 3f 48 8b 50 50 49 63 f0 44
0x00007f2d50f9499c:   89 c1 44 29 e9 48 89 df 48 89 45 a8 48 8b 14 f2
0x00007f2d50f949ac:   48 8b 72 18 44 03 46 08 48 8b 75 98 44 89 45 b0
0x00007f2d50f949bc:   44 89 45 88 e8 3b 36 ff ff 48 8b 45 a8 44 8b 45 


---------------  P R O C E S S  ---------------

Java Threads: ( => current thread )
  0x00007f2d4c381000 JavaThread "Service Thread" daemon [_thread_blocked, id=32725, stack(0x00007f2c48893000,0x00007f2c48994000)]
  0x00007f2d4c2d1000 JavaThread "Common-Cleaner" daemon [_thread_blocked, id=32724, stack(0x00007f2c48994000,0x00007f2c48a95000)]
  0x00007f2d4c2c2800 JavaThread "Sweeper thread" daemon [_thread_blocked, id=32723, stack(0x00007f2c48eee000,0x00007f2c48fef000)]
  0x00007f2d4c2c1000 JavaThread "C1 CompilerThread11" daemon [_thread_blocked, id=32722, stack(0x00007f2c48fef000,0x00007f2c490f0000)]
  0x00007f2d4c2bf000 JavaThread "C1 CompilerThread10" daemon [_thread_blocked, id=32721, stack(0x00007f2c490f0000,0x00007f2c491f1000)]
  0x00007f2d4c2bd800 JavaThread "C1 CompilerThread9" daemon [_thread_blocked, id=32720, stack(0x00007f2c491f1000,0x00007f2c492f2000)]
=>0x00007f2d4c2bb800 JavaThread "C1 CompilerThread8" daemon [_thread_in_native, id=32719, stack(0x00007f2c492f2000,0x00007f2c493f3000)]
  0x00007f2d4c2b9800 JavaThread "C2 CompilerThread7" daemon [_thread_blocked, id=32718, stack(0x00007f2c493f3000,0x00007f2c494f4000)]
  0x00007f2d4c2b7800 JavaThread "C2 CompilerThread6" daemon [_thread_blocked, id=32717, stack(0x00007f2c494f4000,0x00007f2c495f5000)]
  0x00007f2d4c2b6000 JavaThread "C2 CompilerThread5" daemon [_thread_blocked, id=32716, stack(0x00007f2c495f5000,0x00007f2c496f6000)]
  0x00007f2d4c2b4000 JavaThread "C2 CompilerThread4" daemon [_thread_blocked, id=32715, stack(0x00007f2c496f6000,0x00007f2c497f7000)]
  0x00007f2d4c2b2800 JavaThread "C2 CompilerThread3" daemon [_thread_blocked, id=32714, stack(0x00007f2c497f7000,0x00007f2c498f8000)]
  0x00007f2d4c2b0800 JavaThread "C2 CompilerThread2" daemon [_thread_blocked, id=32713, stack(0x00007f2c498f8000,0x00007f2c499f9000)]
  0x00007f2d4c2af000 JavaThread "C2 CompilerThread1" daemon [_thread_blocked, id=32712, stack(0x00007f2c499f9000,0x00007f2c49afa000)]
  0x00007f2d4c2ad000 JavaThread "C2 CompilerThread0" daemon [_thread_blocked, id=32711, stack(0x00007f2c49afa000,0x00007f2c49bfb000)]
  0x00007f2d4c2ab000 JavaThread "Signal Dispatcher" daemon [_thread_blocked, id=32710, stack(0x00007f2c49bfb000,0x00007f2c49cfc000)]
  0x00007f2d4c291000 JavaThread "Finalizer" daemon [_thread_blocked, id=32709, stack(0x00007f2c49cfc000,0x00007f2c49dfd000)]
  0x00007f2d4c288800 JavaThread "Reference Handler" daemon [_thread_blocked, id=32708, stack(0x00007f2c49dfd000,0x00007f2c49efe000)]
  0x00007f2d4c011800 JavaThread "main" [_thread_in_native, id=32659, stack(0x00007f2d50899000,0x00007f2d50998000)]

Other Threads:
  0x00007f2d4c281000 VMThread "VM Thread" [stack: 0x00007f2c49f00000,0x00007f2c4a000000] [id=32707]
  0x00007f2d4c384000 WatcherThread [stack: 0x00007f2c48793000,0x00007f2c48893000] [id=32726]
  0x00007f2d4c034000 GCTaskThread "GC Thread#0" [stack: 0x00007f2d31635000,0x00007f2d31735000] [id=32660]
  0x00007f2d4c035800 GCTaskThread "GC Thread#1" [stack: 0x00007f2d31533000,0x00007f2d31633000] [id=32661]
  0x00007f2d4c037000 GCTaskThread "GC Thread#2" [stack: 0x00007f2d31431000,0x00007f2d31531000] [id=32662]
  0x00007f2d4c039000 GCTaskThread "GC Thread#3" [stack: 0x00007f2d3132f000,0x00007f2d3142f000] [id=32663]
  0x00007f2d4c03a800 GCTaskThread "GC Thread#4" [stack: 0x00007f2d3122d000,0x00007f2d3132d000] [id=32664]
  0x00007f2d4c03c800 GCTaskThread "GC Thread#5" [stack: 0x00007f2d3112b000,0x00007f2d3122b000] [id=32665]
  0x00007f2d4c03e000 GCTaskThread "GC Thread#6" [stack: 0x00007f2d31029000,0x00007f2d31129000] [id=32666]
  0x00007f2d4c03f800 GCTaskThread "GC Thread#7" [stack: 0x00007f2d30f27000,0x00007f2d31027000] [id=32667]
  0x00007f2d4c041800 GCTaskThread "GC Thread#8" [stack: 0x00007f2d30e25000,0x00007f2d30f25000] [id=32668]
  0x00007f2d4c043000 GCTaskThread "GC Thread#9" [stack: 0x00007f2d30d23000,0x00007f2d30e23000] [id=32669]
  0x00007f2d4c045000 GCTaskThread "GC Thread#10" [stack: 0x00007f2d30c21000,0x00007f2d30d21000] [id=32670]
  0x00007f2d4c046800 GCTaskThread "GC Thread#11" [stack: 0x00007f2d30b1f000,0x00007f2d30c1f000] [id=32671]
  0x00007f2d4c048800 GCTaskThread "GC Thread#12" [stack: 0x00007f2d30a1d000,0x00007f2d30b1d000] [id=32672]
  0x00007f2d4c04a000 GCTaskThread "GC Thread#13" [stack: 0x00007f2d3091b000,0x00007f2d30a1b000] [id=32673]
  0x00007f2d4c04c000 GCTaskThread "GC Thread#14" [stack: 0x00007f2d30819000,0x00007f2d30919000] [id=32674]
  0x00007f2d4c04d800 GCTaskThread "GC Thread#15" [stack: 0x00007f2d30717000,0x00007f2d30817000] [id=32675]
  0x00007f2d4c04f800 GCTaskThread "GC Thread#16" [stack: 0x00007f2d30615000,0x00007f2d30715000] [id=32676]
  0x00007f2d4c051000 GCTaskThread "GC Thread#17" [stack: 0x00007f2d30513000,0x00007f2d30613000] [id=32677]
  0x00007f2d4c052800 GCTaskThread "GC Thread#18" [stack: 0x00007f2d30411000,0x00007f2d30511000] [id=32678]
  0x00007f2d4c054800 GCTaskThread "GC Thread#19" [stack: 0x00007f2d3030f000,0x00007f2d3040f000] [id=32679]
  0x00007f2d4c09f800 ConcurrentGCThread "G1 Main Marker" [stack: 0x00007f2ce135c000,0x00007f2ce145c000] [id=32701]
  0x00007f2d4c0a1000 ConcurrentGCThread "G1 Marker#0" [stack: 0x00007f2ce125a000,0x00007f2ce135a000] [id=32702]
  0x00007f2d4c0a3000 ConcurrentGCThread "G1 Marker#1" [stack: 0x00007f2ce1158000,0x00007f2ce1258000] [id=32703]
  0x00007f2d4c0a4800 ConcurrentGCThread "G1 Marker#2" [stack: 0x00007f2ce1056000,0x00007f2ce1156000] [id=32704]
  0x00007f2d4c0a6800 ConcurrentGCThread "G1 Marker#3" [stack: 0x00007f2ce0f54000,0x00007f2ce1054000] [id=32705]
  0x00007f2d4c0a8000 ConcurrentGCThread "G1 Marker#4" [stack: 0x00007f2ce0e52000,0x00007f2ce0f52000] [id=32706]
  0x00007f2d4c079000 ConcurrentGCThread "G1 Refine#0" [stack: 0x00007f2ce1ac9000,0x00007f2ce1bc9000] [id=32699]
  0x00007f2d4c077000 ConcurrentGCThread "G1 Refine#1" [stack: 0x00007f2ce1bcb000,0x00007f2ce1ccb000] [id=32698]
  0x00007f2d4c075000 ConcurrentGCThread "G1 Refine#2" [stack: 0x00007f2ce1ccd000,0x00007f2ce1dcd000] [id=32697]
  0x00007f2d4c073800 ConcurrentGCThread "G1 Refine#3" [stack: 0x00007f2ce1dcf000,0x00007f2ce1ecf000] [id=32696]
  0x00007f2d4c071800 ConcurrentGCThread "G1 Refine#4" [stack: 0x00007f2ce1ed1000,0x00007f2ce1fd1000] [id=32695]
  0x00007f2d4c070000 ConcurrentGCThread "G1 Refine#5" [stack: 0x00007f2ce1fd3000,0x00007f2ce20d3000] [id=32694]
  0x00007f2d4c06e000 ConcurrentGCThread "G1 Refine#6" [stack: 0x00007f2ce20d5000,0x00007f2ce21d5000] [id=32693]
  0x00007f2d4c06c800 ConcurrentGCThread "G1 Refine#7" [stack: 0x00007f2ce21d7000,0x00007f2ce22d7000] [id=32692]
  0x00007f2d4c06a800 ConcurrentGCThread "G1 Refine#8" [stack: 0x00007f2ce22d9000,0x00007f2ce23d9000] [id=32691]
  0x00007f2d4c069000 ConcurrentGCThread "G1 Refine#9" [stack: 0x00007f2ce23db000,0x00007f2ce24db000] [id=32690]
  0x00007f2d4c067000 ConcurrentGCThread "G1 Refine#10" [stack: 0x00007f2ce24dd000,0x00007f2ce25dd000] [id=32689]
  0x00007f2d4c065000 ConcurrentGCThread "G1 Refine#11" [stack: 0x00007f2ce25df000,0x00007f2ce26df000] [id=32688]
  0x00007f2d4c063800 ConcurrentGCThread "G1 Refine#12" [stack: 0x00007f2ce26e1000,0x00007f2ce27e1000] [id=32687]
  0x00007f2d4c061800 ConcurrentGCThread "G1 Refine#13" [stack: 0x00007f2ce27e3000,0x00007f2ce28e3000] [id=32686]
  0x00007f2d4c060000 ConcurrentGCThread "G1 Refine#14" [stack: 0x00007f2ce28e5000,0x00007f2ce29e5000] [id=32685]
  0x00007f2d4c05e000 ConcurrentGCThread "G1 Refine#15" [stack: 0x00007f2ce29e7000,0x00007f2ce2ae7000] [id=32684]
  0x00007f2d4c05c800 ConcurrentGCThread "G1 Refine#16" [stack: 0x00007f2ce2ae9000,0x00007f2ce2be9000] [id=32683]
  0x00007f2d4c05a800 ConcurrentGCThread "G1 Refine#17" [stack: 0x00007f2ce2beb000,0x00007f2ce2ceb000] [id=32682]
  0x00007f2d4c059000 ConcurrentGCThread "G1 Refine#18" [stack: 0x00007f2ce2ced000,0x00007f2ce2ded000] [id=32681]
  0x00007f2d4c057000 ConcurrentGCThread "G1 Refine#19" [stack: 0x00007f2ce2def000,0x00007f2ce2eef000] [id=32680]
  0x00007f2d4c07a800 ConcurrentGCThread "G1 Young RemSet Sampling" [stack: 0x00007f2ce19c7000,0x00007f2ce1ac7000] [id=32700]

Threads with active compile tasks:
C1 CompilerThread8 255 %     3       org.eclipse.core.runtime.adaptor.EclipseStarter::main @ 1123 (1692 bytes)

VM state:not at safepoint (normal execution)

VM Mutex/Monitor currently owned by a thread: None

Heap address: 0x00000003d7c00000, size: 16004 MB, Compressed Oops mode: Zero based, Oop shift amount: 3
Narrow klass base: 0x0000000000000000, Narrow klass shift: 3
Compressed class space size: 1073741824 Address: 0x00000007c0000000

Heap:
 garbage-first heap   total 1028096K, used 8192K [0x00000003d7c00000, 0x00000003d80007d8, 0x00000007c0000000)
  region size 4096K, 3 young (12288K), 0 survivors (0K)
 Metaspace       used 4286K, capacity 4614K, committed 4864K, reserved 1056768K
  class space    used 355K, capacity 386K, committed 512K, reserved 1048576K
Heap Regions: E=young(eden), S=young(survivor), O=old, HS=humongous(starts), HC=humongous(continues), CS=collection set, F=free, A=archive, TS=gc time stamp, AC=allocation context, TAMS=top-at-mark-start (previous, next)
|   0|0x00000003d7c00000, 0x00000003d7c00000, 0x00000003d8000000|  0%| F|  |TS  0|AC  0|TAMS 0x00000003d7c00000, 0x00000003d7c00000|
|   1|0x00000003d8000000, 0x00000003d8000000, 0x00000003d8400000|  0%| F|  |TS  0|AC  0|TAMS 0x00000003d8000000, 0x00000003d8000000|
|   2|0x00000003d8400000, 0x00000003d8400000, 0x00000003d8800000|  0%| F|  |TS  0|AC  0|TAMS 0x00000003d8400000, 0x00000003d8400000|
|   3|0x00000003d8800000, 0x00000003d8800000, 0x00000003d8c00000|  0%| F|  |TS  0|AC  0|TAMS 0x00000003d8800000, 0x00000003d8800000|
|   4|0x00000003d8c00000, 0x00000003d8c00000, 0x00000003d9000000|  0%| F|  |TS  0|AC  0|TAMS 0x00000003d8c00000, 0x00000003d8c00000|
|   5|0x00000003d9000000, 0x00000003d9000000, 0x00000003d9400000|  0%| F|  |TS  0|AC  0|TAMS 0x00000003d9000000, 0x00000003d9000000|
|   6|0x00000003d9400000, 0x00000003d9400000, 0x00000003d9800000|  0%| F|  |TS  0|AC  0|TAMS 0x00000003d9400000, 0x00000003d9400000|
|   7|0x00000003d9800000, 0x00000003d9800000, 0x00000003d9c00000|  0%| F|  |TS  0|AC  0|TAMS 0x00000003d9800000, 0x00000003d9800000|
|   8|0x00000003d9c00000, 0x00000003d9c00000, 0x00000003da000000|  0%| F|  |TS  0|AC  0|TAMS 0x00000003d9c00000, 0x00000003d9c00000|
|   9|0x00000003da000000, 0x00000003da000000, 0x00000003da400000|  0%| F|  |TS  0|AC  0|TAMS 0x00000003da000000, 0x00000003da000000|
|  10|0x00000003da400000, 0x00000003da400000, 0x00000003da800000|  0%| F|  |TS  0|AC  0|TAMS 0x00000003da400000, 0x00000003da400000|
|  11|0x00000003da800000, 0x00000003da800000, 0x00000003dac00000|  0%| F|  |TS  0|AC  0|TAMS 0x00000003da800000, 0x00000003da800000|
|  12|0x00000003dac00000, 0x00000003dac00000, 0x00000003db000000|  0%| F|  |TS  0|AC  0|TAMS 0x00000003dac00000, 0x00000003dac00000|
|  13|0x00000003db000000, 0x00000003db000000, 0x00000003db400000|  0%| F|  |TS  0|AC  0|TAMS 0x00000003db000000, 0x00000003db000000|
|  14|0x00000003db400000, 0x00000003db400000, 0x00000003db800000|  0%| F|  |TS  0|AC  0|TAMS 0x00000003db400000, 0x00000003db400000|
|  15|0x00000003db800000, 0x00000003db800000, 0x00000003dbc00000|  0%| F|  |TS  0|AC  0|TAMS 0x00000003db800000, 0x00000003db800000|
|  16|0x00000003dbc00000, 0x00000003dbc00000, 0x00000003dc000000|  0%| F|  |TS  0|AC  0|TAMS 0x00000003dbc00000, 0x00000003dbc00000|
|  17|0x00000003dc000000, 0x00000003dc000000, 0x00000003dc400000|  0%| F|  |TS  0|AC  0|TAMS 0x00000003dc000000, 0x00000003dc000000|
|  18|0x00000003dc400000, 0x00000003dc400000, 0x00000003dc800000|  0%| F|  |TS  0|AC  0|TAMS 0x00000003dc400000, 0x00000003dc400000|
|  19|0x00000003dc800000, 0x00000003dc800000, 0x00000003dcc00000|  0%| F|  |TS  0|AC  0|TAMS 0x00000003dc800000, 0x00000003dc800000|
|  20|0x00000003dcc00000, 0x00000003dcc00000, 0x00000003dd000000|  0%| F|  |TS  0|AC  0|TAMS 0x00000003dcc00000, 0x00000003dcc00000|
|  21|0x00000003dd000000, 0x00000003dd000000, 0x00000003dd400000|  0%| F|  |TS  0|AC  0|TAMS 0x00000003dd000000, 0x00000003dd000000|
|  22|0x00000003dd400000, 0x00000003dd400000, 0x00000003dd800000|  0%| F|  |TS  0|AC  0|TAMS 0x00000003dd400000, 0x00000003dd400000|
|  23|0x00000003dd800000, 0x00000003dd800000, 0x00000003ddc00000|  0%| F|  |TS  0|AC  0|TAMS 0x00000003dd800000, 0x00000003dd800000|
|  24|0x00000003ddc00000, 0x00000003ddc00000, 0x00000003de000000|  0%| F|  |TS  0|AC  0|TAMS 0x00000003ddc00000, 0x00000003ddc00000|
|  25|0x00000003de000000, 0x00000003de000000, 0x00000003de400000|  0%| F|  |TS  0|AC  0|TAMS 0x00000003de000000, 0x00000003de000000|
|  26|0x00000003de400000, 0x00000003de400000, 0x00000003de800000|  0%| F|  |TS  0|AC  0|TAMS 0x00000003de400000, 0x00000003de400000|
|  27|0x00000003de800000, 0x00000003de800000, 0x00000003dec00000|  0%| F|  |TS  0|AC  0|TAMS 0x00000003de800000, 0x00000003de800000|
|  28|0x00000003dec00000, 0x00000003dec00000, 0x00000003df000000|  0%| F|  |TS  0|AC  0|TAMS 0x00000003dec00000, 0x00000003dec00000|
|  29|0x00000003df000000, 0x00000003df000000, 0x00000003df400000|  0%| F|  |TS  0|AC  0|TAMS 0x00000003df000000, 0x00000003df000000|
|  30|0x00000003df400000, 0x00000003df400000, 0x00000003df800000|  0%| F|  |TS  0|AC  0|TAMS 0x00000003df400000, 0x00000003df400000|
|  31|0x00000003df800000, 0x00000003df800000, 0x00000003dfc00000|  0%| F|  |TS  0|AC  0|TAMS 0x00000003df800000, 0x00000003df800000|
|  32|0x00000003dfc00000, 0x00000003dfc00000, 0x00000003e0000000|  0%| F|  |TS  0|AC  0|TAMS 0x00000003dfc00000, 0x00000003dfc00000|
|  33|0x00000003e0000000, 0x00000003e0000000, 0x00000003e0400000|  0%| F|  |TS  0|AC  0|TAMS 0x00000003e0000000, 0x00000003e0000000|
|  34|0x00000003e0400000, 0x00000003e0400000, 0x00000003e0800000|  0%| F|  |TS  0|AC  0|TAMS 0x00000003e0400000, 0x00000003e0400000|
|  35|0x00000003e0800000, 0x00000003e0800000, 0x00000003e0c00000|  0%| F|  |TS  0|AC  0|TAMS 0x00000003e0800000, 0x00000003e0800000|
|  36|0x00000003e0c00000, 0x00000003e0c00000, 0x00000003e1000000|  0%| F|  |TS  0|AC  0|TAMS 0x00000003e0c00000, 0x00000003e0c00000|
|  37|0x00000003e1000000, 0x00000003e1000000, 0x00000003e1400000|  0%| F|  |TS  0|AC  0|TAMS 0x00000003e1000000, 0x00000003e1000000|
|  38|0x00000003e1400000, 0x00000003e1400000, 0x00000003e1800000|  0%| F|  |TS  0|AC  0|TAMS 0x00000003e1400000, 0x00000003e1400000|
|  39|0x00000003e1800000, 0x00000003e1800000, 0x00000003e1c00000|  0%| F|  |TS  0|AC  0|TAMS 0x00000003e1800000, 0x00000003e1800000|
|  40|0x00000003e1c00000, 0x00000003e1c00000, 0x00000003e2000000|  0%| F|  |TS  0|AC  0|TAMS 0x00000003e1c00000, 0x00000003e1c00000|
|  41|0x00000003e2000000, 0x00000003e2000000, 0x00000003e2400000|  0%| F|  |TS  0|AC  0|TAMS 0x00000003e2000000, 0x00000003e2000000|
|  42|0x00000003e2400000, 0x00000003e2400000, 0x00000003e2800000|  0%| F|  |TS  0|AC  0|TAMS 0x00000003e2400000, 0x00000003e2400000|
|  43|0x00000003e2800000, 0x00000003e2800000, 0x00000003e2c00000|  0%| F|  |TS  0|AC  0|TAMS 0x00000003e2800000, 0x00000003e2800000|
|  44|0x00000003e2c00000, 0x00000003e2c00000, 0x00000003e3000000|  0%| F|  |TS  0|AC  0|TAMS 0x00000003e2c00000, 0x00000003e2c00000|
|  45|0x00000003e3000000, 0x00000003e3000000, 0x00000003e3400000|  0%| F|  |TS  0|AC  0|TAMS 0x00000003e3000000, 0x00000003e3000000|
|  46|0x00000003e3400000, 0x00000003e3400000, 0x00000003e3800000|  0%| F|  |TS  0|AC  0|TAMS 0x00000003e3400000, 0x00000003e3400000|
|  47|0x00000003e3800000, 0x00000003e3800000, 0x00000003e3c00000|  0%| F|  |TS  0|AC  0|TAMS 0x00000003e3800000, 0x00000003e3800000|
|  48|0x00000003e3c00000, 0x00000003e3c00000, 0x00000003e4000000|  0%| F|  |TS  0|AC  0|TAMS 0x00000003e3c00000, 0x00000003e3c00000|
|  49|0x00000003e4000000, 0x00000003e4000000, 0x00000003e4400000|  0%| F|  |TS  0|AC  0|TAMS 0x00000003e4000000, 0x00000003e4000000|
|  50|0x00000003e4400000, 0x00000003e4400000, 0x00000003e4800000|  0%| F|  |TS  0|AC  0|TAMS 0x00000003e4400000, 0x00000003e4400000|
|  51|0x00000003e4800000, 0x00000003e4800000, 0x00000003e4c00000|  0%| F|  |TS  0|AC  0|TAMS 0x00000003e4800000, 0x00000003e4800000|
|  52|0x00000003e4c00000, 0x00000003e4c00000, 0x00000003e5000000|  0%| F|  |TS  0|AC  0|TAMS 0x00000003e4c00000, 0x00000003e4c00000|
|  53|0x00000003e5000000, 0x00000003e5000000, 0x00000003e5400000|  0%| F|  |TS  0|AC  0|TAMS 0x00000003e5000000, 0x00000003e5000000|
|  54|0x00000003e5400000, 0x00000003e5400000, 0x00000003e5800000|  0%| F|  |TS  0|AC  0|TAMS 0x00000003e5400000, 0x00000003e5400000|
|  55|0x00000003e5800000, 0x00000003e5800000, 0x00000003e5c00000|  0%| F|  |TS  0|AC  0|TAMS 0x00000003e5800000, 0x00000003e5800000|
|  56|0x00000003e5c00000, 0x00000003e5c00000, 0x00000003e6000000|  0%| F|  |TS  0|AC  0|TAMS 0x00000003e5c00000, 0x00000003e5c00000|
|  57|0x00000003e6000000, 0x00000003e6000000, 0x00000003e6400000|  0%| F|  |TS  0|AC  0|TAMS 0x00000003e6000000, 0x00000003e6000000|
|  58|0x00000003e6400000, 0x00000003e6400000, 0x00000003e6800000|  0%| F|  |TS  0|AC  0|TAMS 0x00000003e6400000, 0x00000003e6400000|
|  59|0x00000003e6800000, 0x00000003e6800000, 0x00000003e6c00000|  0%| F|  |TS  0|AC  0|TAMS 0x00000003e6800000, 0x00000003e6800000|
|  60|0x00000003e6c00000, 0x00000003e6c00000, 0x00000003e7000000|  0%| F|  |TS  0|AC  0|TAMS 0x00000003e6c00000, 0x00000003e6c00000|
|  61|0x00000003e7000000, 0x00000003e7000000, 0x00000003e7400000|  0%| F|  |TS  0|AC  0|TAMS 0x00000003e7000000, 0x00000003e7000000|
|  62|0x00000003e7400000, 0x00000003e7400000, 0x00000003e7800000|  0%| F|  |TS  0|AC  0|TAMS 0x00000003e7400000, 0x00000003e7400000|
|  63|0x00000003e7800000, 0x00000003e7800000, 0x00000003e7c00000|  0%| F|  |TS  0|AC  0|TAMS 0x00000003e7800000, 0x00000003e7800000|
|  64|0x00000003e7c00000, 0x00000003e7c00000, 0x00000003e8000000|  0%| F|  |TS  0|AC  0|TAMS 0x00000003e7c00000, 0x00000003e7c00000|
|  65|0x00000003e8000000, 0x00000003e8000000, 0x00000003e8400000|  0%| F|  |TS  0|AC  0|TAMS 0x00000003e8000000, 0x00000003e8000000|
|  66|0x00000003e8400000, 0x00000003e8400000, 0x00000003e8800000|  0%| F|  |TS  0|AC  0|TAMS 0x00000003e8400000, 0x00000003e8400000|
|  67|0x00000003e8800000, 0x00000003e8800000, 0x00000003e8c00000|  0%| F|  |TS  0|AC  0|TAMS 0x00000003e8800000, 0x00000003e8800000|
|  68|0x00000003e8c00000, 0x00000003e8c00000, 0x00000003e9000000|  0%| F|  |TS  0|AC  0|TAMS 0x00000003e8c00000, 0x00000003e8c00000|
|  69|0x00000003e9000000, 0x00000003e9000000, 0x00000003e9400000|  0%| F|  |TS  0|AC  0|TAMS 0x00000003e9000000, 0x00000003e9000000|
|  70|0x00000003e9400000, 0x00000003e9400000, 0x00000003e9800000|  0%| F|  |TS  0|AC  0|TAMS 0x00000003e9400000, 0x00000003e9400000|
|  71|0x00000003e9800000, 0x00000003e9800000, 0x00000003e9c00000|  0%| F|  |TS  0|AC  0|TAMS 0x00000003e9800000, 0x00000003e9800000|
|  72|0x00000003e9c00000, 0x00000003e9c00000, 0x00000003ea000000|  0%| F|  |TS  0|AC  0|TAMS 0x00000003e9c00000, 0x00000003e9c00000|
|  73|0x00000003ea000000, 0x00000003ea000000, 0x00000003ea400000|  0%| F|  |TS  0|AC  0|TAMS 0x00000003ea000000, 0x00000003ea000000|
|  74|0x00000003ea400000, 0x00000003ea400000, 0x00000003ea800000|  0%| F|  |TS  0|AC  0|TAMS 0x00000003ea400000, 0x00000003ea400000|
|  75|0x00000003ea800000, 0x00000003ea800000, 0x00000003eac00000|  0%| F|  |TS  0|AC  0|TAMS 0x00000003ea800000, 0x00000003ea800000|
|  76|0x00000003eac00000, 0x00000003eac00000, 0x00000003eb000000|  0%| F|  |TS  0|AC  0|TAMS 0x00000003eac00000, 0x00000003eac00000|
|  77|0x00000003eb000000, 0x00000003eb000000, 0x00000003eb400000|  0%| F|  |TS  0|AC  0|TAMS 0x00000003eb000000, 0x00000003eb000000|
|  78|0x00000003eb400000, 0x00000003eb400000, 0x00000003eb800000|  0%| F|  |TS  0|AC  0|TAMS 0x00000003eb400000, 0x00000003eb400000|
|  79|0x00000003eb800000, 0x00000003eb800000, 0x00000003ebc00000|  0%| F|  |TS  0|AC  0|TAMS 0x00000003eb800000, 0x00000003eb800000|
|  80|0x00000003ebc00000, 0x00000003ebc00000, 0x00000003ec000000|  0%| F|  |TS  0|AC  0|TAMS 0x00000003ebc00000, 0x00000003ebc00000|
|  81|0x00000003ec000000, 0x00000003ec000000, 0x00000003ec400000|  0%| F|  |TS  0|AC  0|TAMS 0x00000003ec000000, 0x00000003ec000000|
|  82|0x00000003ec400000, 0x00000003ec400000, 0x00000003ec800000|  0%| F|  |TS  0|AC  0|TAMS 0x00000003ec400000, 0x00000003ec400000|
|  83|0x00000003ec800000, 0x00000003ec800000, 0x00000003ecc00000|  0%| F|  |TS  0|AC  0|TAMS 0x00000003ec800000, 0x00000003ec800000|
|  84|0x00000003ecc00000, 0x00000003ecc00000, 0x00000003ed000000|  0%| F|  |TS  0|AC  0|TAMS 0x00000003ecc00000, 0x00000003ecc00000|
|  85|0x00000003ed000000, 0x00000003ed000000, 0x00000003ed400000|  0%| F|  |TS  0|AC  0|TAMS 0x00000003ed000000, 0x00000003ed000000|
|  86|0x00000003ed400000, 0x00000003ed400000, 0x00000003ed800000|  0%| F|  |TS  0|AC  0|TAMS 0x00000003ed400000, 0x00000003ed400000|
|  87|0x00000003ed800000, 0x00000003ed800000, 0x00000003edc00000|  0%| F|  |TS  0|AC  0|TAMS 0x00000003ed800000, 0x00000003ed800000|
|  88|0x00000003edc00000, 0x00000003edc00000, 0x00000003ee000000|  0%| F|  |TS  0|AC  0|TAMS 0x00000003edc00000, 0x00000003edc00000|
|  89|0x00000003ee000000, 0x00000003ee000000, 0x00000003ee400000|  0%| F|  |TS  0|AC  0|TAMS 0x00000003ee000000, 0x00000003ee000000|
|  90|0x00000003ee400000, 0x00000003ee400000, 0x00000003ee800000|  0%| F|  |TS  0|AC  0|TAMS 0x00000003ee400000, 0x00000003ee400000|
|  91|0x00000003ee800000, 0x00000003ee800000, 0x00000003eec00000|  0%| F|  |TS  0|AC  0|TAMS 0x00000003ee800000, 0x00000003ee800000|
|  92|0x00000003eec00000, 0x00000003eec00000, 0x00000003ef000000|  0%| F|  |TS  0|AC  0|TAMS 0x00000003eec00000, 0x00000003eec00000|
|  93|0x00000003ef000000, 0x00000003ef000000, 0x00000003ef400000|  0%| F|  |TS  0|AC  0|TAMS 0x00000003ef000000, 0x00000003ef000000|
|  94|0x00000003ef400000, 0x00000003ef400000, 0x00000003ef800000|  0%| F|  |TS  0|AC  0|TAMS 0x00000003ef400000, 0x00000003ef400000|
|  95|0x00000003ef800000, 0x00000003ef800000, 0x00000003efc00000|  0%| F|  |TS  0|AC  0|TAMS 0x00000003ef800000, 0x00000003ef800000|
|  96|0x00000003efc00000, 0x00000003efc00000, 0x00000003f0000000|  0%| F|  |TS  0|AC  0|TAMS 0x00000003efc00000, 0x00000003efc00000|
|  97|0x00000003f0000000, 0x00000003f0000000, 0x00000003f0400000|  0%| F|  |TS  0|AC  0|TAMS 0x00000003f0000000, 0x00000003f0000000|
|  98|0x00000003f0400000, 0x00000003f0400000, 0x00000003f0800000|  0%| F|  |TS  0|AC  0|TAMS 0x00000003f0400000, 0x00000003f0400000|
|  99|0x00000003f0800000, 0x00000003f0800000, 0x00000003f0c00000|  0%| F|  |TS  0|AC  0|TAMS 0x00000003f0800000, 0x00000003f0800000|
| 100|0x00000003f0c00000, 0x00000003f0c00000, 0x00000003f1000000|  0%| F|  |TS  0|AC  0|TAMS 0x00000003f0c00000, 0x00000003f0c00000|
| 101|0x00000003f1000000, 0x00000003f1000000, 0x00000003f1400000|  0%| F|  |TS  0|AC  0|TAMS 0x00000003f1000000, 0x00000003f1000000|
| 102|0x00000003f1400000, 0x00000003f1400000, 0x00000003f1800000|  0%| F|  |TS  0|AC  0|TAMS 0x00000003f1400000, 0x00000003f1400000|
| 103|0x00000003f1800000, 0x00000003f1800000, 0x00000003f1c00000|  0%| F|  |TS  0|AC  0|TAMS 0x00000003f1800000, 0x00000003f1800000|
| 104|0x00000003f1c00000, 0x00000003f1c00000, 0x00000003f2000000|  0%| F|  |TS  0|AC  0|TAMS 0x00000003f1c00000, 0x00000003f1c00000|
| 105|0x00000003f2000000, 0x00000003f2000000, 0x00000003f2400000|  0%| F|  |TS  0|AC  0|TAMS 0x00000003f2000000, 0x00000003f2000000|
| 106|0x00000003f2400000, 0x00000003f2400000, 0x00000003f2800000|  0%| F|  |TS  0|AC  0|TAMS 0x00000003f2400000, 0x00000003f2400000|
| 107|0x00000003f2800000, 0x00000003f2800000, 0x00000003f2c00000|  0%| F|  |TS  0|AC  0|TAMS 0x00000003f2800000, 0x00000003f2800000|
| 108|0x00000003f2c00000, 0x00000003f2c00000, 0x00000003f3000000|  0%| F|  |TS  0|AC  0|TAMS 0x00000003f2c00000, 0x00000003f2c00000|
| 109|0x00000003f3000000, 0x00000003f3000000, 0x00000003f3400000|  0%| F|  |TS  0|AC  0|TAMS 0x00000003f3000000, 0x00000003f3000000|
| 110|0x00000003f3400000, 0x00000003f3400000, 0x00000003f3800000|  0%| F|  |TS  0|AC  0|TAMS 0x00000003f3400000, 0x00000003f3400000|
| 111|0x00000003f3800000, 0x00000003f3800000, 0x00000003f3c00000|  0%| F|  |TS  0|AC  0|TAMS 0x00000003f3800000, 0x00000003f3800000|
| 112|0x00000003f3c00000, 0x00000003f3c00000, 0x00000003f4000000|  0%| F|  |TS  0|AC  0|TAMS 0x00000003f3c00000, 0x00000003f3c00000|
| 113|0x00000003f4000000, 0x00000003f4000000, 0x00000003f4400000|  0%| F|  |TS  0|AC  0|TAMS 0x00000003f4000000, 0x00000003f4000000|
| 114|0x00000003f4400000, 0x00000003f4400000, 0x00000003f4800000|  0%| F|  |TS  0|AC  0|TAMS 0x00000003f4400000, 0x00000003f4400000|
| 115|0x00000003f4800000, 0x00000003f4800000, 0x00000003f4c00000|  0%| F|  |TS  0|AC  0|TAMS 0x00000003f4800000, 0x00000003f4800000|
| 116|0x00000003f4c00000, 0x00000003f4c00000, 0x00000003f5000000|  0%| F|  |TS  0|AC  0|TAMS 0x00000003f4c00000, 0x00000003f4c00000|
| 117|0x00000003f5000000, 0x00000003f5000000, 0x00000003f5400000|  0%| F|  |TS  0|AC  0|TAMS 0x00000003f5000000, 0x00000003f5000000|
| 118|0x00000003f5400000, 0x00000003f5400000, 0x00000003f5800000|  0%| F|  |TS  0|AC  0|TAMS 0x00000003f5400000, 0x00000003f5400000|
| 119|0x00000003f5800000, 0x00000003f5800000, 0x00000003f5c00000|  0%| F|  |TS  0|AC  0|TAMS 0x00000003f5800000, 0x00000003f5800000|
| 120|0x00000003f5c00000, 0x00000003f5c00000, 0x00000003f6000000|  0%| F|  |TS  0|AC  0|TAMS 0x00000003f5c00000, 0x00000003f5c00000|
| 121|0x00000003f6000000, 0x00000003f6000000, 0x00000003f6400000|  0%| F|  |TS  0|AC  0|TAMS 0x00000003f6000000, 0x00000003f6000000|
| 122|0x00000003f6400000, 0x00000003f6400000, 0x00000003f6800000|  0%| F|  |TS  0|AC  0|TAMS 0x00000003f6400000, 0x00000003f6400000|
| 123|0x00000003f6800000, 0x00000003f6800000, 0x00000003f6c00000|  0%| F|  |TS  0|AC  0|TAMS 0x00000003f6800000, 0x00000003f6800000|
| 124|0x00000003f6c00000, 0x00000003f6c00000, 0x00000003f7000000|  0%| F|  |TS  0|AC  0|TAMS 0x00000003f6c00000, 0x00000003f6c00000|
| 125|0x00000003f7000000, 0x00000003f7000000, 0x00000003f7400000|  0%| F|  |TS  0|AC  0|TAMS 0x00000003f7000000, 0x00000003f7000000|
| 126|0x00000003f7400000, 0x00000003f7400000, 0x00000003f7800000|  0%| F|  |TS  0|AC  0|TAMS 0x00000003f7400000, 0x00000003f7400000|
| 127|0x00000003f7800000, 0x00000003f7800000, 0x00000003f7c00000|  0%| F|  |TS  0|AC  0|TAMS 0x00000003f7800000, 0x00000003f7800000|
| 128|0x00000003f7c00000, 0x00000003f7c00000, 0x00000003f8000000|  0%| F|  |TS  0|AC  0|TAMS 0x00000003f7c00000, 0x00000003f7c00000|
| 129|0x00000003f8000000, 0x00000003f8000000, 0x00000003f8400000|  0%| F|  |TS  0|AC  0|TAMS 0x00000003f8000000, 0x00000003f8000000|
| 130|0x00000003f8400000, 0x00000003f8400000, 0x00000003f8800000|  0%| F|  |TS  0|AC  0|TAMS 0x00000003f8400000, 0x00000003f8400000|
| 131|0x00000003f8800000, 0x00000003f8800000, 0x00000003f8c00000|  0%| F|  |TS  0|AC  0|TAMS 0x00000003f8800000, 0x00000003f8800000|
| 132|0x00000003f8c00000, 0x00000003f8c00000, 0x00000003f9000000|  0%| F|  |TS  0|AC  0|TAMS 0x00000003f8c00000, 0x00000003f8c00000|
| 133|0x00000003f9000000, 0x00000003f9000000, 0x00000003f9400000|  0%| F|  |TS  0|AC  0|TAMS 0x00000003f9000000, 0x00000003f9000000|
| 134|0x00000003f9400000, 0x00000003f9400000, 0x00000003f9800000|  0%| F|  |TS  0|AC  0|TAMS 0x00000003f9400000, 0x00000003f9400000|
| 135|0x00000003f9800000, 0x00000003f9800000, 0x00000003f9c00000|  0%| F|  |TS  0|AC  0|TAMS 0x00000003f9800000, 0x00000003f9800000|
| 136|0x00000003f9c00000, 0x00000003f9c00000, 0x00000003fa000000|  0%| F|  |TS  0|AC  0|TAMS 0x00000003f9c00000, 0x00000003f9c00000|
| 137|0x00000003fa000000, 0x00000003fa000000, 0x00000003fa400000|  0%| F|  |TS  0|AC  0|TAMS 0x00000003fa000000, 0x00000003fa000000|
| 138|0x00000003fa400000, 0x00000003fa400000, 0x00000003fa800000|  0%| F|  |TS  0|AC  0|TAMS 0x00000003fa400000, 0x00000003fa400000|
| 139|0x00000003fa800000, 0x00000003fa800000, 0x00000003fac00000|  0%| F|  |TS  0|AC  0|TAMS 0x00000003fa800000, 0x00000003fa800000|
| 140|0x00000003fac00000, 0x00000003fac00000, 0x00000003fb000000|  0%| F|  |TS  0|AC  0|TAMS 0x00000003fac00000, 0x00000003fac00000|
| 141|0x00000003fb000000, 0x00000003fb000000, 0x00000003fb400000|  0%| F|  |TS  0|AC  0|TAMS 0x00000003fb000000, 0x00000003fb000000|
| 142|0x00000003fb400000, 0x00000003fb400000, 0x00000003fb800000|  0%| F|  |TS  0|AC  0|TAMS 0x00000003fb400000, 0x00000003fb400000|
| 143|0x00000003fb800000, 0x00000003fb800000, 0x00000003fbc00000|  0%| F|  |TS  0|AC  0|TAMS 0x00000003fb800000, 0x00000003fb800000|
| 144|0x00000003fbc00000, 0x00000003fbc00000, 0x00000003fc000000|  0%| F|  |TS  0|AC  0|TAMS 0x00000003fbc00000, 0x00000003fbc00000|
| 145|0x00000003fc000000, 0x00000003fc000000, 0x00000003fc400000|  0%| F|  |TS  0|AC  0|TAMS 0x00000003fc000000, 0x00000003fc000000|
| 146|0x00000003fc400000, 0x00000003fc400000, 0x00000003fc800000|  0%| F|  |TS  0|AC  0|TAMS 0x00000003fc400000, 0x00000003fc400000|
| 147|0x00000003fc800000, 0x00000003fc800000, 0x00000003fcc00000|  0%| F|  |TS  0|AC  0|TAMS 0x00000003fc800000, 0x00000003fc800000|
| 148|0x00000003fcc00000, 0x00000003fcc00000, 0x00000003fd000000|  0%| F|  |TS  0|AC  0|TAMS 0x00000003fcc00000, 0x00000003fcc00000|
| 149|0x00000003fd000000, 0x00000003fd000000, 0x00000003fd400000|  0%| F|  |TS  0|AC  0|TAMS 0x00000003fd000000, 0x00000003fd000000|
| 150|0x00000003fd400000, 0x00000003fd400000, 0x00000003fd800000|  0%| F|  |TS  0|AC  0|TAMS 0x00000003fd400000, 0x00000003fd400000|
| 151|0x00000003fd800000, 0x00000003fd800000, 0x00000003fdc00000|  0%| F|  |TS  0|AC  0|TAMS 0x00000003fd800000, 0x00000003fd800000|
| 152|0x00000003fdc00000, 0x00000003fdc00000, 0x00000003fe000000|  0%| F|  |TS  0|AC  0|TAMS 0x00000003fdc00000, 0x00000003fdc00000|
| 153|0x00000003fe000000, 0x00000003fe000000, 0x00000003fe400000|  0%| F|  |TS  0|AC  0|TAMS 0x00000003fe000000, 0x00000003fe000000|
| 154|0x00000003fe400000, 0x00000003fe400000, 0x00000003fe800000|  0%| F|  |TS  0|AC  0|TAMS 0x00000003fe400000, 0x00000003fe400000|
| 155|0x00000003fe800000, 0x00000003fe800000, 0x00000003fec00000|  0%| F|  |TS  0|AC  0|TAMS 0x00000003fe800000, 0x00000003fe800000|
| 156|0x00000003fec00000, 0x00000003fec00000, 0x00000003ff000000|  0%| F|  |TS  0|AC  0|TAMS 0x00000003fec00000, 0x00000003fec00000|
| 157|0x00000003ff000000, 0x00000003ff000000, 0x00000003ff400000|  0%| F|  |TS  0|AC  0|TAMS 0x00000003ff000000, 0x00000003ff000000|
| 158|0x00000003ff400000, 0x00000003ff400000, 0x00000003ff800000|  0%| F|  |TS  0|AC  0|TAMS 0x00000003ff400000, 0x00000003ff400000|
| 159|0x00000003ff800000, 0x00000003ff800000, 0x00000003ffc00000|  0%| F|  |TS  0|AC  0|TAMS 0x00000003ff800000, 0x00000003ff800000|
| 160|0x00000003ffc00000, 0x00000003ffc00000, 0x0000000400000000|  0%| F|  |TS  0|AC  0|TAMS 0x00000003ffc00000, 0x00000003ffc00000|
| 161|0x0000000400000000, 0x0000000400000000, 0x0000000400400000|  0%| F|  |TS  0|AC  0|TAMS 0x0000000400000000, 0x0000000400000000|
| 162|0x0000000400400000, 0x0000000400400000, 0x0000000400800000|  0%| F|  |TS  0|AC  0|TAMS 0x0000000400400000, 0x0000000400400000|
| 163|0x0000000400800000, 0x0000000400800000, 0x0000000400c00000|  0%| F|  |TS  0|AC  0|TAMS 0x0000000400800000, 0x0000000400800000|
| 164|0x0000000400c00000, 0x0000000400c00000, 0x0000000401000000|  0%| F|  |TS  0|AC  0|TAMS 0x0000000400c00000, 0x0000000400c00000|
| 165|0x0000000401000000, 0x0000000401000000, 0x0000000401400000|  0%| F|  |TS  0|AC  0|TAMS 0x0000000401000000, 0x0000000401000000|
| 166|0x0000000401400000, 0x0000000401400000, 0x0000000401800000|  0%| F|  |TS  0|AC  0|TAMS 0x0000000401400000, 0x0000000401400000|
| 167|0x0000000401800000, 0x0000000401800000, 0x0000000401c00000|  0%| F|  |TS  0|AC  0|TAMS 0x0000000401800000, 0x0000000401800000|
| 168|0x0000000401c00000, 0x0000000401c00000, 0x0000000402000000|  0%| F|  |TS  0|AC  0|TAMS 0x0000000401c00000, 0x0000000401c00000|
| 169|0x0000000402000000, 0x0000000402000000, 0x0000000402400000|  0%| F|  |TS  0|AC  0|TAMS 0x0000000402000000, 0x0000000402000000|
| 170|0x0000000402400000, 0x0000000402400000, 0x0000000402800000|  0%| F|  |TS  0|AC  0|TAMS 0x0000000402400000, 0x0000000402400000|
| 171|0x0000000402800000, 0x0000000402800000, 0x0000000402c00000|  0%| F|  |TS  0|AC  0|TAMS 0x0000000402800000, 0x0000000402800000|
| 172|0x0000000402c00000, 0x0000000402c00000, 0x0000000403000000|  0%| F|  |TS  0|AC  0|TAMS 0x0000000402c00000, 0x0000000402c00000|
| 173|0x0000000403000000, 0x0000000403000000, 0x0000000403400000|  0%| F|  |TS  0|AC  0|TAMS 0x0000000403000000, 0x0000000403000000|
| 174|0x0000000403400000, 0x0000000403400000, 0x0000000403800000|  0%| F|  |TS  0|AC  0|TAMS 0x0000000403400000, 0x0000000403400000|
| 175|0x0000000403800000, 0x0000000403800000, 0x0000000403c00000|  0%| F|  |TS  0|AC  0|TAMS 0x0000000403800000, 0x0000000403800000|
| 176|0x0000000403c00000, 0x0000000403c00000, 0x0000000404000000|  0%| F|  |TS  0|AC  0|TAMS 0x0000000403c00000, 0x0000000403c00000|
| 177|0x0000000404000000, 0x0000000404000000, 0x0000000404400000|  0%| F|  |TS  0|AC  0|TAMS 0x0000000404000000, 0x0000000404000000|
| 178|0x0000000404400000, 0x0000000404400000, 0x0000000404800000|  0%| F|  |TS  0|AC  0|TAMS 0x0000000404400000, 0x0000000404400000|
| 179|0x0000000404800000, 0x0000000404800000, 0x0000000404c00000|  0%| F|  |TS  0|AC  0|TAMS 0x0000000404800000, 0x0000000404800000|
| 180|0x0000000404c00000, 0x0000000404c00000, 0x0000000405000000|  0%| F|  |TS  0|AC  0|TAMS 0x0000000404c00000, 0x0000000404c00000|
| 181|0x0000000405000000, 0x0000000405000000, 0x0000000405400000|  0%| F|  |TS  0|AC  0|TAMS 0x0000000405000000, 0x0000000405000000|
| 182|0x0000000405400000, 0x0000000405400000, 0x0000000405800000|  0%| F|  |TS  0|AC  0|TAMS 0x0000000405400000, 0x0000000405400000|
| 183|0x0000000405800000, 0x0000000405800000, 0x0000000405c00000|  0%| F|  |TS  0|AC  0|TAMS 0x0000000405800000, 0x0000000405800000|
| 184|0x0000000405c00000, 0x0000000405c00000, 0x0000000406000000|  0%| F|  |TS  0|AC  0|TAMS 0x0000000405c00000, 0x0000000405c00000|
| 185|0x0000000406000000, 0x0000000406000000, 0x0000000406400000|  0%| F|  |TS  0|AC  0|TAMS 0x0000000406000000, 0x0000000406000000|
| 186|0x0000000406400000, 0x0000000406400000, 0x0000000406800000|  0%| F|  |TS  0|AC  0|TAMS 0x0000000406400000, 0x0000000406400000|
| 187|0x0000000406800000, 0x0000000406800000, 0x0000000406c00000|  0%| F|  |TS  0|AC  0|TAMS 0x0000000406800000, 0x0000000406800000|
| 188|0x0000000406c00000, 0x0000000406c00000, 0x0000000407000000|  0%| F|  |TS  0|AC  0|TAMS 0x0000000406c00000, 0x0000000406c00000|
| 189|0x0000000407000000, 0x0000000407000000, 0x0000000407400000|  0%| F|  |TS  0|AC  0|TAMS 0x0000000407000000, 0x0000000407000000|
| 190|0x0000000407400000, 0x0000000407400000, 0x0000000407800000|  0%| F|  |TS  0|AC  0|TAMS 0x0000000407400000, 0x0000000407400000|
| 191|0x0000000407800000, 0x0000000407800000, 0x0000000407c00000|  0%| F|  |TS  0|AC  0|TAMS 0x0000000407800000, 0x0000000407800000|
| 192|0x0000000407c00000, 0x0000000407c00000, 0x0000000408000000|  0%| F|  |TS  0|AC  0|TAMS 0x0000000407c00000, 0x0000000407c00000|
| 193|0x0000000408000000, 0x0000000408000000, 0x0000000408400000|  0%| F|  |TS  0|AC  0|TAMS 0x0000000408000000, 0x0000000408000000|
| 194|0x0000000408400000, 0x0000000408400000, 0x0000000408800000|  0%| F|  |TS  0|AC  0|TAMS 0x0000000408400000, 0x0000000408400000|
| 195|0x0000000408800000, 0x0000000408800000, 0x0000000408c00000|  0%| F|  |TS  0|AC  0|TAMS 0x0000000408800000, 0x0000000408800000|
| 196|0x0000000408c00000, 0x0000000408c00000, 0x0000000409000000|  0%| F|  |TS  0|AC  0|TAMS 0x0000000408c00000, 0x0000000408c00000|
| 197|0x0000000409000000, 0x0000000409000000, 0x0000000409400000|  0%| F|  |TS  0|AC  0|TAMS 0x0000000409000000, 0x0000000409000000|
| 198|0x0000000409400000, 0x0000000409400000, 0x0000000409800000|  0%| F|  |TS  0|AC  0|TAMS 0x0000000409400000, 0x0000000409400000|
| 199|0x0000000409800000, 0x0000000409800000, 0x0000000409c00000|  0%| F|  |TS  0|AC  0|TAMS 0x0000000409800000, 0x0000000409800000|
| 200|0x0000000409c00000, 0x0000000409c00000, 0x000000040a000000|  0%| F|  |TS  0|AC  0|TAMS 0x0000000409c00000, 0x0000000409c00000|
| 201|0x000000040a000000, 0x000000040a000000, 0x000000040a400000|  0%| F|  |TS  0|AC  0|TAMS 0x000000040a000000, 0x000000040a000000|
| 202|0x000000040a400000, 0x000000040a400000, 0x000000040a800000|  0%| F|  |TS  0|AC  0|TAMS 0x000000040a400000, 0x000000040a400000|
| 203|0x000000040a800000, 0x000000040a800000, 0x000000040ac00000|  0%| F|  |TS  0|AC  0|TAMS 0x000000040a800000, 0x000000040a800000|
| 204|0x000000040ac00000, 0x000000040ac00000, 0x000000040b000000|  0%| F|  |TS  0|AC  0|TAMS 0x000000040ac00000, 0x000000040ac00000|
| 205|0x000000040b000000, 0x000000040b000000, 0x000000040b400000|  0%| F|  |TS  0|AC  0|TAMS 0x000000040b000000, 0x000000040b000000|
| 206|0x000000040b400000, 0x000000040b400000, 0x000000040b800000|  0%| F|  |TS  0|AC  0|TAMS 0x000000040b400000, 0x000000040b400000|
| 207|0x000000040b800000, 0x000000040b800000, 0x000000040bc00000|  0%| F|  |TS  0|AC  0|TAMS 0x000000040b800000, 0x000000040b800000|
| 208|0x000000040bc00000, 0x000000040bc00000, 0x000000040c000000|  0%| F|  |TS  0|AC  0|TAMS 0x000000040bc00000, 0x000000040bc00000|
| 209|0x000000040c000000, 0x000000040c000000, 0x000000040c400000|  0%| F|  |TS  0|AC  0|TAMS 0x000000040c000000, 0x000000040c000000|
| 210|0x000000040c400000, 0x000000040c400000, 0x000000040c800000|  0%| F|  |TS  0|AC  0|TAMS 0x000000040c400000, 0x000000040c400000|
| 211|0x000000040c800000, 0x000000040c800000, 0x000000040cc00000|  0%| F|  |TS  0|AC  0|TAMS 0x000000040c800000, 0x000000040c800000|
| 212|0x000000040cc00000, 0x000000040cc00000, 0x000000040d000000|  0%| F|  |TS  0|AC  0|TAMS 0x000000040cc00000, 0x000000040cc00000|
| 213|0x000000040d000000, 0x000000040d000000, 0x000000040d400000|  0%| F|  |TS  0|AC  0|TAMS 0x000000040d000000, 0x000000040d000000|
| 214|0x000000040d400000, 0x000000040d400000, 0x000000040d800000|  0%| F|  |TS  0|AC  0|TAMS 0x000000040d400000, 0x000000040d400000|
| 215|0x000000040d800000, 0x000000040d800000, 0x000000040dc00000|  0%| F|  |TS  0|AC  0|TAMS 0x000000040d800000, 0x000000040d800000|
| 216|0x000000040dc00000, 0x000000040dc00000, 0x000000040e000000|  0%| F|  |TS  0|AC  0|TAMS 0x000000040dc00000, 0x000000040dc00000|
| 217|0x000000040e000000, 0x000000040e000000, 0x000000040e400000|  0%| F|  |TS  0|AC  0|TAMS 0x000000040e000000, 0x000000040e000000|
| 218|0x000000040e400000, 0x000000040e400000, 0x000000040e800000|  0%| F|  |TS  0|AC  0|TAMS 0x000000040e400000, 0x000000040e400000|
| 219|0x000000040e800000, 0x000000040e800000, 0x000000040ec00000|  0%| F|  |TS  0|AC  0|TAMS 0x000000040e800000, 0x000000040e800000|
| 220|0x000000040ec00000, 0x000000040ec00000, 0x000000040f000000|  0%| F|  |TS  0|AC  0|TAMS 0x000000040ec00000, 0x000000040ec00000|
| 221|0x000000040f000000, 0x000000040f000000, 0x000000040f400000|  0%| F|  |TS  0|AC  0|TAMS 0x000000040f000000, 0x000000040f000000|
| 222|0x000000040f400000, 0x000000040f400000, 0x000000040f800000|  0%| F|  |TS  0|AC  0|TAMS 0x000000040f400000, 0x000000040f400000|
| 223|0x000000040f800000, 0x000000040f800000, 0x000000040fc00000|  0%| F|  |TS  0|AC  0|TAMS 0x000000040f800000, 0x000000040f800000|
| 224|0x000000040fc00000, 0x000000040fc00000, 0x0000000410000000|  0%| F|  |TS  0|AC  0|TAMS 0x000000040fc00000, 0x000000040fc00000|
| 225|0x0000000410000000, 0x0000000410000000, 0x0000000410400000|  0%| F|  |TS  0|AC  0|TAMS 0x0000000410000000, 0x0000000410000000|
| 226|0x0000000410400000, 0x0000000410400000, 0x0000000410800000|  0%| F|  |TS  0|AC  0|TAMS 0x0000000410400000, 0x0000000410400000|
| 227|0x0000000410800000, 0x0000000410800000, 0x0000000410c00000|  0%| F|  |TS  0|AC  0|TAMS 0x0000000410800000, 0x0000000410800000|
| 228|0x0000000410c00000, 0x0000000410c00000, 0x0000000411000000|  0%| F|  |TS  0|AC  0|TAMS 0x0000000410c00000, 0x0000000410c00000|
| 229|0x0000000411000000, 0x0000000411000000, 0x0000000411400000|  0%| F|  |TS  0|AC  0|TAMS 0x0000000411000000, 0x0000000411000000|
| 230|0x0000000411400000, 0x0000000411400000, 0x0000000411800000|  0%| F|  |TS  0|AC  0|TAMS 0x0000000411400000, 0x0000000411400000|
| 231|0x0000000411800000, 0x0000000411800000, 0x0000000411c00000|  0%| F|  |TS  0|AC  0|TAMS 0x0000000411800000, 0x0000000411800000|
| 232|0x0000000411c00000, 0x0000000411c00000, 0x0000000412000000|  0%| F|  |TS  0|AC  0|TAMS 0x0000000411c00000, 0x0000000411c00000|
| 233|0x0000000412000000, 0x0000000412000000, 0x0000000412400000|  0%| F|  |TS  0|AC  0|TAMS 0x0000000412000000, 0x0000000412000000|
| 234|0x0000000412400000, 0x0000000412400000, 0x0000000412800000|  0%| F|  |TS  0|AC  0|TAMS 0x0000000412400000, 0x0000000412400000|
| 235|0x0000000412800000, 0x0000000412800000, 0x0000000412c00000|  0%| F|  |TS  0|AC  0|TAMS 0x0000000412800000, 0x0000000412800000|
| 236|0x0000000412c00000, 0x0000000412c00000, 0x0000000413000000|  0%| F|  |TS  0|AC  0|TAMS 0x0000000412c00000, 0x0000000412c00000|
| 237|0x0000000413000000, 0x0000000413000000, 0x0000000413400000|  0%| F|  |TS  0|AC  0|TAMS 0x0000000413000000, 0x0000000413000000|
| 238|0x0000000413400000, 0x0000000413400000, 0x0000000413800000|  0%| F|  |TS  0|AC  0|TAMS 0x0000000413400000, 0x0000000413400000|
| 239|0x0000000413800000, 0x0000000413800000, 0x0000000413c00000|  0%| F|  |TS  0|AC  0|TAMS 0x0000000413800000, 0x0000000413800000|
| 240|0x0000000413c00000, 0x0000000413c00000, 0x0000000414000000|  0%| F|  |TS  0|AC  0|TAMS 0x0000000413c00000, 0x0000000413c00000|
| 241|0x0000000414000000, 0x0000000414000000, 0x0000000414400000|  0%| F|  |TS  0|AC  0|TAMS 0x0000000414000000, 0x0000000414000000|
| 242|0x0000000414400000, 0x0000000414400000, 0x0000000414800000|  0%| F|  |TS  0|AC  0|TAMS 0x0000000414400000, 0x0000000414400000|
| 243|0x0000000414800000, 0x0000000414800000, 0x0000000414c00000|  0%| F|  |TS  0|AC  0|TAMS 0x0000000414800000, 0x0000000414800000|
| 244|0x0000000414c00000, 0x0000000414c00000, 0x0000000415000000|  0%| F|  |TS  0|AC  0|TAMS 0x0000000414c00000, 0x0000000414c00000|
| 245|0x0000000415000000, 0x0000000415000000, 0x0000000415400000|  0%| F|  |TS  0|AC  0|TAMS 0x0000000415000000, 0x0000000415000000|
| 246|0x0000000415400000, 0x0000000415400000, 0x0000000415800000|  0%| F|  |TS  0|AC  0|TAMS 0x0000000415400000, 0x0000000415400000|
| 247|0x0000000415800000, 0x0000000415800000, 0x0000000415c00000|  0%| F|  |TS  0|AC  0|TAMS 0x0000000415800000, 0x0000000415800000|
| 248|0x0000000415c00000, 0x0000000415dec0b0, 0x0000000416000000| 48%| E|  |TS  0|AC  0|TAMS 0x0000000415c00000, 0x0000000415c00000|
| 249|0x0000000416000000, 0x0000000416400000, 0x0000000416400000|100%| E|CS|TS  0|AC  0|TAMS 0x0000000416000000, 0x0000000416000000|
| 250|0x0000000416400000, 0x0000000416800000, 0x0000000416800000|100%| E|CS|TS  0|AC  0|TAMS 0x0000000416400000, 0x0000000416400000|

Card table byte_map: [0x00007f2c8223a000,0x00007f2c8417c000] byte_map_base: 0x00007f2c8037c000

Marking Bits (Prev, Next): (CMBitMap*) 0x00007f2d4c09e820, (CMBitMap*) 0x00007f2d4c09e858
 Prev Bits: [0x00007f2c708e8000, 0x00007f2c802f8000)
 Next Bits: [0x00007f2c60ed8000, 0x00007f2c708e8000)

Polling page: 0x00007f2d522eb000

CodeHeap 'non-profiled nmethods': size=119172Kb used=145Kb max_used=145Kb free=119026Kb
 bounds [0x00007f2d394b5000, 0x00007f2d39725000, 0x00007f2d40916000]
CodeHeap 'profiled nmethods': size=119172Kb used=343Kb max_used=343Kb free=118828Kb
 bounds [0x00007f2d32054000, 0x00007f2d322c4000, 0x00007f2d394b5000]
CodeHeap 'non-nmethods': size=7416Kb used=2826Kb max_used=2858Kb free=4589Kb
 bounds [0x00007f2d31916000, 0x00007f2d31be6000, 0x00007f2d32054000]
 total_blobs=643 nmethods=254 adapters=168
 compilation: enabled

Compilation events (10 events):
Event: 0.445 Thread 0x00007f2d4c2b4000  252   !   4       java.io.PrintStream::newLine (73 bytes)
Event: 0.446 Thread 0x00007f2d4c2b7800  251   !   4       java.io.PrintStream::write (83 bytes)
Event: 0.446 Thread 0x00007f2d4c2b9800  254  s    4       org.eclipse.osgi.framework.internal.core.FrameworkProperties::internalGetProperties (66 bytes)
Event: 0.446 Thread 0x00007f2d4c2b9800 nmethod 254 0x00007f2d394d2310 code [0x00007f2d394d24c0, 0x00007f2d394d26f8]
Event: 0.447 Thread 0x00007f2d4c2b0800 nmethod 253 0x00007f2d394d2810 code [0x00007f2d394d29e0, 0x00007f2d394d2f98]
Event: 0.452 Thread 0x00007f2d4c2ad000 nmethod 249 0x00007f2d394d3390 code [0x00007f2d394d3540, 0x00007f2d394d38d8]
Event: 0.457 Thread 0x00007f2d4c2b7800 nmethod 251 0x00007f2d394d3c10 code [0x00007f2d394d3e20, 0x00007f2d394d4a58]
Event: 0.462 Thread 0x00007f2d4c2b4000 nmethod 252 0x00007f2d394d5210 code [0x00007f2d394d5460, 0x00007f2d394d6268]
Event: 0.477 Thread 0x00007f2d4c2b2800 nmethod 250 0x00007f2d394d6b10 code [0x00007f2d394d6de0, 0x00007f2d394d85a0]
Event: 0.572 Thread 0x00007f2d4c2bb800  255 %     3       org.eclipse.core.runtime.adaptor.EclipseStarter::main @ 1123 (1692 bytes)

GC Heap History (0 events):
No events

Deoptimization events (0 events):
No events

Classes redefined (0 events):
No events

Internal exceptions (0 events):
No events

Events (10 events):
Event: 0.394 Thread 0x00007f2d4c011800 DEOPT PACKING pc=0x00007f2d32084924 sp=0x00007f2d50996090
Event: 0.394 Thread 0x00007f2d4c011800 DEOPT UNPACKING pc=0x00007f2d31963aab sp=0x00007f2d50995678 mode 0
Event: 0.395 Thread 0x00007f2d4c011800 DEOPT PACKING pc=0x00007f2d32084924 sp=0x00007f2d50996090
Event: 0.395 Thread 0x00007f2d4c011800 DEOPT UNPACKING pc=0x00007f2d31963aab sp=0x00007f2d50995678 mode 0
Event: 0.395 Thread 0x00007f2d4c011800 DEOPT PACKING pc=0x00007f2d32084924 sp=0x00007f2d50996090
Event: 0.395 Thread 0x00007f2d4c011800 DEOPT UNPACKING pc=0x00007f2d31963aab sp=0x00007f2d50995678 mode 0
Event: 0.395 Thread 0x00007f2d4c011800 DEOPT PACKING pc=0x00007f2d32084924 sp=0x00007f2d50996090
Event: 0.395 Thread 0x00007f2d4c011800 DEOPT UNPACKING pc=0x00007f2d31963aab sp=0x00007f2d50995678 mode 0
Event: 0.397 Thread 0x00007f2d4c011800 DEOPT PACKING pc=0x00007f2d32084924 sp=0x00007f2d50996090
Event: 0.397 Thread 0x00007f2d4c011800 DEOPT UNPACKING pc=0x00007f2d31963aab sp=0x00007f2d50995678 mode 0


Dynamic libraries:
00400000-00401000 r-xp 00000000 00:65 77077150                           /root/oracle/jdk-9.0.4/bin/java
00600000-00601000 rw-p 00000000 00:65 77077150                           /root/oracle/jdk-9.0.4/bin/java
0116a000-0118b000 rw-p 00000000 00:00 0                                  [heap]
3d7c00000-416800000 rw-p 00000000 00:00 0 
416800000-7c0000000 ---p 00000000 00:00 0 
7c0000000-7c0080000 rw-p 00000000 00:00 0 
7c0080000-800000000 ---p 00000000 00:00 0 
7f2bf0000000-7f2bf0021000 rw-p 00000000 00:00 0 
7f2bf0021000-7f2bf4000000 ---p 00000000 00:00 0 
7f2bf8000000-7f2bf8021000 rw-p 00000000 00:00 0 
7f2bf8021000-7f2bfc000000 ---p 00000000 00:00 0 
7f2bfc000000-7f2bfc021000 rw-p 00000000 00:00 0 
7f2bfc021000-7f2c00000000 ---p 00000000 00:00 0 
7f2c00000000-7f2c00023000 rw-p 00000000 00:00 0 
7f2c00023000-7f2c04000000 ---p 00000000 00:00 0 
7f2c04000000-7f2c04021000 rw-p 00000000 00:00 0 
7f2c04021000-7f2c08000000 ---p 00000000 00:00 0 
7f2c08000000-7f2c08021000 rw-p 00000000 00:00 0 
7f2c08021000-7f2c0c000000 ---p 00000000 00:00 0 
7f2c0c000000-7f2c0c034000 rw-p 00000000 00:00 0 
7f2c0c034000-7f2c10000000 ---p 00000000 00:00 0 
7f2c10000000-7f2c10080000 rw-p 00000000 00:00 0 
7f2c10080000-7f2c14000000 ---p 00000000 00:00 0 
7f2c14000000-7f2c140b1000 rw-p 00000000 00:00 0 
7f2c140b1000-7f2c18000000 ---p 00000000 00:00 0 
7f2c18000000-7f2c18139000 rw-p 00000000 00:00 0 
7f2c18139000-7f2c1c000000 ---p 00000000 00:00 0 
7f2c1c000000-7f2c1c21d000 rw-p 00000000 00:00 0 
7f2c1c21d000-7f2c20000000 ---p 00000000 00:00 0 
7f2c20000000-7f2c20295000 rw-p 00000000 00:00 0 
7f2c20295000-7f2c24000000 ---p 00000000 00:00 0 
7f2c24000000-7f2c2409d000 rw-p 00000000 00:00 0 
7f2c2409d000-7f2c28000000 ---p 00000000 00:00 0 
7f2c28000000-7f2c28100000 rw-p 00000000 00:00 0 
7f2c28100000-7f2c2c000000 ---p 00000000 00:00 0 
7f2c2c000000-7f2c2c02a000 rw-p 00000000 00:00 0 
7f2c2c02a000-7f2c30000000 ---p 00000000 00:00 0 
7f2c30000000-7f2c30021000 rw-p 00000000 00:00 0 
7f2c30021000-7f2c34000000 ---p 00000000 00:00 0 
7f2c34000000-7f2c34253000 rw-p 00000000 00:00 0 
7f2c34253000-7f2c38000000 ---p 00000000 00:00 0 
7f2c38000000-7f2c38021000 rw-p 00000000 00:00 0 
7f2c38021000-7f2c3c000000 ---p 00000000 00:00 0 
7f2c3c000000-7f2c3c021000 rw-p 00000000 00:00 0 
7f2c3c021000-7f2c40000000 ---p 00000000 00:00 0 
7f2c40000000-7f2c40021000 rw-p 00000000 00:00 0 
7f2c40021000-7f2c44000000 ---p 00000000 00:00 0 
7f2c44000000-7f2c44021000 rw-p 00000000 00:00 0 
7f2c44021000-7f2c48000000 ---p 00000000 00:00 0 
7f2c48463000-7f2c48791000 rw-p 00000000 00:00 0 
7f2c48791000-7f2c48792000 ---p 00000000 00:00 0 
7f2c48792000-7f2c48893000 rw-p 00000000 00:00 0 
7f2c48893000-7f2c48897000 ---p 00000000 00:00 0 
7f2c48897000-7f2c48994000 rw-p 00000000 00:00 0 
7f2c48994000-7f2c48998000 ---p 00000000 00:00 0 
7f2c48998000-7f2c48ac6000 rw-p 00000000 00:00 0 
7f2c48ac6000-7f2c48adc000 r-xp 00000000 00:65 77077477                   /root/oracle/jdk-9.0.4/lib/libnet.so
7f2c48adc000-7f2c48cdc000 ---p 00016000 00:65 77077477                   /root/oracle/jdk-9.0.4/lib/libnet.so
7f2c48cdc000-7f2c48cdd000 rw-p 00016000 00:65 77077477                   /root/oracle/jdk-9.0.4/lib/libnet.so
7f2c48cdd000-7f2c48ced000 r-xp 00000000 00:65 77077594                   /root/oracle/jdk-9.0.4/lib/libnio.so
7f2c48ced000-7f2c48eed000 ---p 00010000 00:65 77077594                   /root/oracle/jdk-9.0.4/lib/libnio.so
7f2c48eed000-7f2c48eee000 rw-p 00010000 00:65 77077594                   /root/oracle/jdk-9.0.4/lib/libnio.so
7f2c48eee000-7f2c48ef2000 ---p 00000000 00:00 0 
7f2c48ef2000-7f2c48fef000 rw-p 00000000 00:00 0 
7f2c48fef000-7f2c48ff3000 ---p 00000000 00:00 0 
7f2c48ff3000-7f2c490f0000 rw-p 00000000 00:00 0 
7f2c490f0000-7f2c490f4000 ---p 00000000 00:00 0 
7f2c490f4000-7f2c491f1000 rw-p 00000000 00:00 0 
7f2c491f1000-7f2c491f5000 ---p 00000000 00:00 0 
7f2c491f5000-7f2c492f2000 rw-p 00000000 00:00 0 
7f2c492f2000-7f2c492f6000 ---p 00000000 00:00 0 
7f2c492f6000-7f2c493f3000 rw-p 00000000 00:00 0 
7f2c493f3000-7f2c493f7000 ---p 00000000 00:00 0 
7f2c493f7000-7f2c494f4000 rw-p 00000000 00:00 0 
7f2c494f4000-7f2c494f8000 ---p 00000000 00:00 0 
7f2c494f8000-7f2c495f5000 rw-p 00000000 00:00 0 
7f2c495f5000-7f2c495f9000 ---p 00000000 00:00 0 
7f2c495f9000-7f2c496f6000 rw-p 00000000 00:00 0 
7f2c496f6000-7f2c496fa000 ---p 00000000 00:00 0 
7f2c496fa000-7f2c497f7000 rw-p 00000000 00:00 0 
7f2c497f7000-7f2c497fb000 ---p 00000000 00:00 0 
7f2c497fb000-7f2c498f8000 rw-p 00000000 00:00 0 
7f2c498f8000-7f2c498fc000 ---p 00000000 00:00 0 
7f2c498fc000-7f2c499f9000 rw-p 00000000 00:00 0 
7f2c499f9000-7f2c499fd000 ---p 00000000 00:00 0 
7f2c499fd000-7f2c49afa000 rw-p 00000000 00:00 0 
7f2c49afa000-7f2c49afe000 ---p 00000000 00:00 0 
7f2c49afe000-7f2c49bfb000 rw-p 00000000 00:00 0 
7f2c49bfb000-7f2c49bff000 ---p 00000000 00:00 0 
7f2c49bff000-7f2c49cfc000 rw-p 00000000 00:00 0 
7f2c49cfc000-7f2c49d00000 ---p 00000000 00:00 0 
7f2c49d00000-7f2c49dfd000 rw-p 00000000 00:00 0 
7f2c49dfd000-7f2c49e01000 ---p 00000000 00:00 0 
7f2c49e01000-7f2c49efe000 rw-p 00000000 00:00 0 
7f2c49efe000-7f2c49eff000 ---p 00000000 00:00 0 
7f2c49eff000-7f2c4a000000 rw-p 00000000 00:00 0 
7f2c4a000000-7f2c4c000000 rwxp 00000000 00:00 0 
7f2c4c000000-7f2c4c021000 rw-p 00000000 00:00 0 
7f2c4c021000-7f2c50000000 ---p 00000000 00:00 0 
7f2c50000000-7f2c50021000 rw-p 00000000 00:00 0 
7f2c50021000-7f2c54000000 ---p 00000000 00:00 0 
7f2c54000000-7f2c54021000 rw-p 00000000 00:00 0 
7f2c54021000-7f2c58000000 ---p 00000000 00:00 0 
7f2c58000000-7f2c58021000 rw-p 00000000 00:00 0 
7f2c58021000-7f2c5c000000 ---p 00000000 00:00 0 
7f2c5c000000-7f2c5c021000 rw-p 00000000 00:00 0 
7f2c5c021000-7f2c60000000 ---p 00000000 00:00 0 
7f2c60001000-7f2c60512000 rw-p 00000000 00:00 0 
7f2c60512000-7f2c608d2000 ---p 00000000 00:00 0 
7f2c608d2000-7f2c61e88000 rw-p 00000000 00:00 0 
7f2c61e88000-7f2c708e8000 ---p 00000000 00:00 0 
7f2c708e8000-7f2c71898000 rw-p 00000000 00:00 0 
7f2c71898000-7f2c802f8000 ---p 00000000 00:00 0 
7f2c802f8000-7f2c804ee000 rw-p 00000000 00:00 0 
7f2c804ee000-7f2c8223a000 ---p 00000000 00:00 0 
7f2c8223a000-7f2c82430000 rw-p 00000000 00:00 0 
7f2c82430000-7f2c860be000 ---p 00000000 00:00 0 
7f2c860be000-7f2c862b4000 rw-p 00000000 00:00 0 
7f2c862b4000-7f2c88000000 ---p 00000000 00:00 0 
7f2c88000000-7f2c88021000 rw-p 00000000 00:00 0 
7f2c88021000-7f2c8c000000 ---p 00000000 00:00 0 
7f2c8c000000-7f2c8c021000 rw-p 00000000 00:00 0 
7f2c8c021000-7f2c90000000 ---p 00000000 00:00 0 
7f2c90000000-7f2c90021000 rw-p 00000000 00:00 0 
7f2c90021000-7f2c94000000 ---p 00000000 00:00 0 
7f2c94000000-7f2c94021000 rw-p 00000000 00:00 0 
7f2c94021000-7f2c98000000 ---p 00000000 00:00 0 
7f2c98000000-7f2c98021000 rw-p 00000000 00:00 0 
7f2c98021000-7f2c9c000000 ---p 00000000 00:00 0 
7f2c9c000000-7f2c9c021000 rw-p 00000000 00:00 0 
7f2c9c021000-7f2ca0000000 ---p 00000000 00:00 0 
7f2ca0000000-7f2ca0021000 rw-p 00000000 00:00 0 
7f2ca0021000-7f2ca4000000 ---p 00000000 00:00 0 
7f2ca4000000-7f2ca4021000 rw-p 00000000 00:00 0 
7f2ca4021000-7f2ca8000000 ---p 00000000 00:00 0 
7f2ca8000000-7f2ca8021000 rw-p 00000000 00:00 0 
7f2ca8021000-7f2cac000000 ---p 00000000 00:00 0 
7f2cac000000-7f2cac021000 rw-p 00000000 00:00 0 
7f2cac021000-7f2cb0000000 ---p 00000000 00:00 0 
7f2cb0000000-7f2cb0021000 rw-p 00000000 00:00 0 
7f2cb0021000-7f2cb4000000 ---p 00000000 00:00 0 
7f2cb4000000-7f2cb4021000 rw-p 00000000 00:00 0 
7f2cb4021000-7f2cb8000000 ---p 00000000 00:00 0 
7f2cb8000000-7f2cb8021000 rw-p 00000000 00:00 0 
7f2cb8021000-7f2cbc000000 ---p 00000000 00:00 0 
7f2cbc000000-7f2cbc021000 rw-p 00000000 00:00 0 
7f2cbc021000-7f2cc0000000 ---p 00000000 00:00 0 
7f2cc0000000-7f2cc0021000 rw-p 00000000 00:00 0 
7f2cc0021000-7f2cc4000000 ---p 00000000 00:00 0 
7f2cc4000000-7f2cc4021000 rw-p 00000000 00:00 0 
7f2cc4021000-7f2cc8000000 ---p 00000000 00:00 0 
7f2cc8000000-7f2cc8021000 rw-p 00000000 00:00 0 
7f2cc8021000-7f2ccc000000 ---p 00000000 00:00 0 
7f2ccc000000-7f2ccc021000 rw-p 00000000 00:00 0 
7f2ccc021000-7f2cd0000000 ---p 00000000 00:00 0 
7f2cd0000000-7f2cd0021000 rw-p 00000000 00:00 0 
7f2cd0021000-7f2cd4000000 ---p 00000000 00:00 0 
7f2cd4000000-7f2cd4021000 rw-p 00000000 00:00 0 
7f2cd4021000-7f2cd8000000 ---p 00000000 00:00 0 
7f2cd8000000-7f2cd8021000 rw-p 00000000 00:00 0 
7f2cd8021000-7f2cdc000000 ---p 00000000 00:00 0 
7f2cdc000000-7f2cdc021000 rw-p 00000000 00:00 0 
7f2cdc021000-7f2ce0000000 ---p 00000000 00:00 0 
7f2ce001a000-7f2ce0e50000 rw-p 00000000 00:00 0 
7f2ce0e50000-7f2ce0e51000 ---p 00000000 00:00 0 
7f2ce0e51000-7f2ce0f52000 rw-p 00000000 00:00 0 
7f2ce0f52000-7f2ce0f53000 ---p 00000000 00:00 0 
7f2ce0f53000-7f2ce1054000 rw-p 00000000 00:00 0 
7f2ce1054000-7f2ce1055000 ---p 00000000 00:00 0 
7f2ce1055000-7f2ce1156000 rw-p 00000000 00:00 0 
7f2ce1156000-7f2ce1157000 ---p 00000000 00:00 0 
7f2ce1157000-7f2ce1258000 rw-p 00000000 00:00 0 
7f2ce1258000-7f2ce1259000 ---p 00000000 00:00 0 
7f2ce1259000-7f2ce135a000 rw-p 00000000 00:00 0 
7f2ce135a000-7f2ce135b000 ---p 00000000 00:00 0 
7f2ce135b000-7f2ce19c5000 rw-p 00000000 00:00 0 
7f2ce19c5000-7f2ce19c6000 ---p 00000000 00:00 0 
7f2ce19c6000-7f2ce1ac7000 rw-p 00000000 00:00 0 
7f2ce1ac7000-7f2ce1ac8000 ---p 00000000 00:00 0 
7f2ce1ac8000-7f2ce1bc9000 rw-p 00000000 00:00 0 
7f2ce1bc9000-7f2ce1bca000 ---p 00000000 00:00 0 
7f2ce1bca000-7f2ce1ccb000 rw-p 00000000 00:00 0 
7f2ce1ccb000-7f2ce1ccc000 ---p 00000000 00:00 0 
7f2ce1ccc000-7f2ce1dcd000 rw-p 00000000 00:00 0 
7f2ce1dcd000-7f2ce1dce000 ---p 00000000 00:00 0 
7f2ce1dce000-7f2ce1ecf000 rw-p 00000000 00:00 0 
7f2ce1ecf000-7f2ce1ed0000 ---p 00000000 00:00 0 
7f2ce1ed0000-7f2ce1fd1000 rw-p 00000000 00:00 0 
7f2ce1fd1000-7f2ce1fd2000 ---p 00000000 00:00 0 
7f2ce1fd2000-7f2ce20d3000 rw-p 00000000 00:00 0 
7f2ce20d3000-7f2ce20d4000 ---p 00000000 00:00 0 
7f2ce20d4000-7f2ce21d5000 rw-p 00000000 00:00 0 
7f2ce21d5000-7f2ce21d6000 ---p 00000000 00:00 0 
7f2ce21d6000-7f2ce22d7000 rw-p 00000000 00:00 0 
7f2ce22d7000-7f2ce22d8000 ---p 00000000 00:00 0 
7f2ce22d8000-7f2ce23d9000 rw-p 00000000 00:00 0 
7f2ce23d9000-7f2ce23da000 ---p 00000000 00:00 0 
7f2ce23da000-7f2ce24db000 rw-p 00000000 00:00 0 
7f2ce24db000-7f2ce24dc000 ---p 00000000 00:00 0 
7f2ce24dc000-7f2ce25dd000 rw-p 00000000 00:00 0 
7f2ce25dd000-7f2ce25de000 ---p 00000000 00:00 0 
7f2ce25de000-7f2ce26df000 rw-p 00000000 00:00 0 
7f2ce26df000-7f2ce26e0000 ---p 00000000 00:00 0 
7f2ce26e0000-7f2ce27e1000 rw-p 00000000 00:00 0 
7f2ce27e1000-7f2ce27e2000 ---p 00000000 00:00 0 
7f2ce27e2000-7f2ce28e3000 rw-p 00000000 00:00 0 
7f2ce28e3000-7f2ce28e4000 ---p 00000000 00:00 0 
7f2ce28e4000-7f2ce29e5000 rw-p 00000000 00:00 0 
7f2ce29e5000-7f2ce29e6000 ---p 00000000 00:00 0 
7f2ce29e6000-7f2ce2ae7000 rw-p 00000000 00:00 0 
7f2ce2ae7000-7f2ce2ae8000 ---p 00000000 00:00 0 
7f2ce2ae8000-7f2ce2be9000 rw-p 00000000 00:00 0 
7f2ce2be9000-7f2ce2bea000 ---p 00000000 00:00 0 
7f2ce2bea000-7f2ce2ceb000 rw-p 00000000 00:00 0 
7f2ce2ceb000-7f2ce2cec000 ---p 00000000 00:00 0 
7f2ce2cec000-7f2ce2ded000 rw-p 00000000 00:00 0 
7f2ce2ded000-7f2ce2dee000 ---p 00000000 00:00 0 
7f2ce2dee000-7f2ce4000000 rw-p 00000000 00:00 0 
7f2ce4000000-7f2ce4021000 rw-p 00000000 00:00 0 
7f2ce4021000-7f2ce8000000 ---p 00000000 00:00 0 
7f2ce8000000-7f2ce8021000 rw-p 00000000 00:00 0 
7f2ce8021000-7f2cec000000 ---p 00000000 00:00 0 
7f2cec000000-7f2cec021000 rw-p 00000000 00:00 0 
7f2cec021000-7f2cf0000000 ---p 00000000 00:00 0 
7f2cf0000000-7f2cf0021000 rw-p 00000000 00:00 0 
7f2cf0021000-7f2cf4000000 ---p 00000000 00:00 0 
7f2cf4000000-7f2cf4021000 rw-p 00000000 00:00 0 
7f2cf4021000-7f2cf8000000 ---p 00000000 00:00 0 
7f2cf8000000-7f2cf8021000 rw-p 00000000 00:00 0 
7f2cf8021000-7f2cfc000000 ---p 00000000 00:00 0 
7f2cfc000000-7f2cfc021000 rw-p 00000000 00:00 0 
7f2cfc021000-7f2d00000000 ---p 00000000 00:00 0 
7f2d00000000-7f2d00021000 rw-p 00000000 00:00 0 
7f2d00021000-7f2d04000000 ---p 00000000 00:00 0 
7f2d04000000-7f2d04021000 rw-p 00000000 00:00 0 
7f2d04021000-7f2d08000000 ---p 00000000 00:00 0 
7f2d08000000-7f2d08021000 rw-p 00000000 00:00 0 
7f2d08021000-7f2d0c000000 ---p 00000000 00:00 0 
7f2d0c000000-7f2d0c021000 rw-p 00000000 00:00 0 
7f2d0c021000-7f2d10000000 ---p 00000000 00:00 0 
7f2d10000000-7f2d10021000 rw-p 00000000 00:00 0 
7f2d10021000-7f2d14000000 ---p 00000000 00:00 0 
7f2d14000000-7f2d14021000 rw-p 00000000 00:00 0 
7f2d14021000-7f2d18000000 ---p 00000000 00:00 0 
7f2d18000000-7f2d18021000 rw-p 00000000 00:00 0 
7f2d18021000-7f2d1c000000 ---p 00000000 00:00 0 
7f2d1c000000-7f2d1c021000 rw-p 00000000 00:00 0 
7f2d1c021000-7f2d20000000 ---p 00000000 00:00 0 
7f2d20000000-7f2d20021000 rw-p 00000000 00:00 0 
7f2d20021000-7f2d24000000 ---p 00000000 00:00 0 
7f2d24000000-7f2d24021000 rw-p 00000000 00:00 0 
7f2d24021000-7f2d28000000 ---p 00000000 00:00 0 
7f2d28000000-7f2d28021000 rw-p 00000000 00:00 0 
7f2d28021000-7f2d2c000000 ---p 00000000 00:00 0 
7f2d2c000000-7f2d2c021000 rw-p 00000000 00:00 0 
7f2d2c021000-7f2d30000000 ---p 00000000 00:00 0 
7f2d3000a000-7f2d3030d000 rw-p 00000000 00:00 0 
7f2d3030d000-7f2d3030e000 ---p 00000000 00:00 0 
7f2d3030e000-7f2d3040f000 rw-p 00000000 00:00 0 
7f2d3040f000-7f2d30410000 ---p 00000000 00:00 0 
7f2d30410000-7f2d30511000 rw-p 00000000 00:00 0 
7f2d30511000-7f2d30512000 ---p 00000000 00:00 0 
7f2d30512000-7f2d30613000 rw-p 00000000 00:00 0 
7f2d30613000-7f2d30614000 ---p 00000000 00:00 0 
7f2d30614000-7f2d30715000 rw-p 00000000 00:00 0 
7f2d30715000-7f2d30716000 ---p 00000000 00:00 0 
7f2d30716000-7f2d30817000 rw-p 00000000 00:00 0 
7f2d30817000-7f2d30818000 ---p 00000000 00:00 0 
7f2d30818000-7f2d30919000 rw-p 00000000 00:00 0 
7f2d30919000-7f2d3091a000 ---p 00000000 00:00 0 
7f2d3091a000-7f2d30a1b000 rw-p 00000000 00:00 0 
7f2d30a1b000-7f2d30a1c000 ---p 00000000 00:00 0 
7f2d30a1c000-7f2d30b1d000 rw-p 00000000 00:00 0 
7f2d30b1d000-7f2d30b1e000 ---p 00000000 00:00 0 
7f2d30b1e000-7f2d30c1f000 rw-p 00000000 00:00 0 
7f2d30c1f000-7f2d30c20000 ---p 00000000 00:00 0 
7f2d30c20000-7f2d30d21000 rw-p 00000000 00:00 0 
7f2d30d21000-7f2d30d22000 ---p 00000000 00:00 0 
7f2d30d22000-7f2d30e23000 rw-p 00000000 00:00 0 
7f2d30e23000-7f2d30e24000 ---p 00000000 00:00 0 
7f2d30e24000-7f2d30f25000 rw-p 00000000 00:00 0 
7f2d30f25000-7f2d30f26000 ---p 00000000 00:00 0 
7f2d30f26000-7f2d31027000 rw-p 00000000 00:00 0 
7f2d31027000-7f2d31028000 ---p 00000000 00:00 0 
7f2d31028000-7f2d31129000 rw-p 00000000 00:00 0 
7f2d31129000-7f2d3112a000 ---p 00000000 00:00 0 
7f2d3112a000-7f2d3122b000 rw-p 00000000 00:00 0 
7f2d3122b000-7f2d3122c000 ---p 00000000 00:00 0 
7f2d3122c000-7f2d3132d000 rw-p 00000000 00:00 0 
7f2d3132d000-7f2d3132e000 ---p 00000000 00:00 0 
7f2d3132e000-7f2d3142f000 rw-p 00000000 00:00 0 
7f2d3142f000-7f2d31430000 ---p 00000000 00:00 0 
7f2d31430000-7f2d31531000 rw-p 00000000 00:00 0 
7f2d31531000-7f2d31532000 ---p 00000000 00:00 0 
7f2d31532000-7f2d31633000 rw-p 00000000 00:00 0 
7f2d31633000-7f2d31634000 ---p 00000000 00:00 0 
7f2d31634000-7f2d3173a000 rw-p 00000000 00:00 0 
7f2d3173a000-7f2d3181e000 ---p 00000000 00:00 0 
7f2d3181e000-7f2d31823000 rw-p 00000000 00:00 0 
7f2d31823000-7f2d31907000 ---p 00000000 00:00 0 
7f2d31907000-7f2d3190d000 rw-p 00000000 00:00 0 
7f2d3190d000-7f2d31916000 ---p 00000000 00:00 0 
7f2d31916000-7f2d31be6000 rwxp 00000000 00:00 0 
7f2d31be6000-7f2d32054000 ---p 00000000 00:00 0 
7f2d32054000-7f2d322c4000 rwxp 00000000 00:00 0 
7f2d322c4000-7f2d394b5000 ---p 00000000 00:00 0 
7f2d394b5000-7f2d39725000 rwxp 00000000 00:00 0 
7f2d39725000-7f2d40916000 ---p 00000000 00:00 0 
7f2d40916000-7f2d40966000 rw-p 00000000 00:00 0 
7f2d40966000-7f2d40b43000 r--s 03e31000 00:65 101727669                  /usr/local/java/jdk1.8.0_301/jre/lib/rt.jar
7f2d40b43000-7f2d4c000000 r--s 00000000 00:65 77077560                   /root/oracle/jdk-9.0.4/lib/modules
7f2d4c000000-7f2d4c428000 rw-p 00000000 00:00 0 
7f2d4c428000-7f2d50000000 ---p 00000000 00:00 0 
7f2d50001000-7f2d5001b000 r-xp 00000000 00:65 77077435                   /root/oracle/jdk-9.0.4/lib/libjimage.so
7f2d5001b000-7f2d5021a000 ---p 0001a000 00:65 77077435                   /root/oracle/jdk-9.0.4/lib/libjimage.so
7f2d5021a000-7f2d5021c000 rw-p 00019000 00:65 77077435                   /root/oracle/jdk-9.0.4/lib/libjimage.so
7f2d5021c000-7f2d5022e000 rw-p 00000000 00:00 0 
7f2d5022e000-7f2d50235000 r-xp 00000000 00:65 77083131                   /root/oracle/jdk-9.0.4/lib/libzip.so
7f2d50235000-7f2d50434000 ---p 00007000 00:65 77083131                   /root/oracle/jdk-9.0.4/lib/libzip.so
7f2d50434000-7f2d50435000 rw-p 00006000 00:65 77083131                   /root/oracle/jdk-9.0.4/lib/libzip.so
7f2d50435000-7f2d50438000 r--p 00000000 00:65 165034530                  /usr/lib/x86_64-linux-gnu/libnss_files-2.31.so
7f2d50438000-7f2d5043f000 r-xp 00003000 00:65 165034530                  /usr/lib/x86_64-linux-gnu/libnss_files-2.31.so
7f2d5043f000-7f2d50441000 r--p 0000a000 00:65 165034530                  /usr/lib/x86_64-linux-gnu/libnss_files-2.31.so
7f2d50441000-7f2d50442000 r--p 0000b000 00:65 165034530                  /usr/lib/x86_64-linux-gnu/libnss_files-2.31.so
7f2d50442000-7f2d50443000 rw-p 0000c000 00:65 165034530                  /usr/lib/x86_64-linux-gnu/libnss_files-2.31.so
7f2d50443000-7f2d50449000 rw-p 00000000 00:00 0 
7f2d50451000-7f2d50452000 rw-p 00000000 00:00 0 
7f2d50452000-7f2d5047d000 r-xp 00000000 00:65 77077470                   /root/oracle/jdk-9.0.4/lib/libjava.so
7f2d5047d000-7f2d5067c000 ---p 0002b000 00:65 77077470                   /root/oracle/jdk-9.0.4/lib/libjava.so
7f2d5067c000-7f2d5067e000 rw-p 0002a000 00:65 77077470                   /root/oracle/jdk-9.0.4/lib/libjava.so
7f2d5067e000-7f2d5068b000 r-xp 00000000 00:65 77077494                   /root/oracle/jdk-9.0.4/lib/libverify.so
7f2d5068b000-7f2d5088a000 ---p 0000d000 00:65 77077494                   /root/oracle/jdk-9.0.4/lib/libverify.so
7f2d5088a000-7f2d5088c000 rw-p 0000c000 00:65 77077494                   /root/oracle/jdk-9.0.4/lib/libverify.so
7f2d5088c000-7f2d5088f000 r--p 00000000 00:65 165034636                  /usr/lib/x86_64-linux-gnu/librt-2.31.so
7f2d5088f000-7f2d50893000 r-xp 00003000 00:65 165034636                  /usr/lib/x86_64-linux-gnu/librt-2.31.so
7f2d50893000-7f2d50894000 r--p 00007000 00:65 165034636                  /usr/lib/x86_64-linux-gnu/librt-2.31.so
7f2d50894000-7f2d50895000 ---p 00008000 00:65 165034636                  /usr/lib/x86_64-linux-gnu/librt-2.31.so
7f2d50895000-7f2d50896000 r--p 00008000 00:65 165034636                  /usr/lib/x86_64-linux-gnu/librt-2.31.so
7f2d50896000-7f2d50897000 rw-p 00009000 00:65 165034636                  /usr/lib/x86_64-linux-gnu/librt-2.31.so
7f2d50897000-7f2d50898000 ---p 00000000 00:00 0 
7f2d50898000-7f2d50899000 rw-p 00000000 00:00 0 
7f2d50899000-7f2d5089d000 ---p 00000000 00:00 0 
7f2d5089d000-7f2d50998000 rw-p 00000000 00:00 0 
7f2d50998000-7f2d509a7000 r--p 00000000 00:65 165034468                  /usr/lib/x86_64-linux-gnu/libm-2.31.so
7f2d509a7000-7f2d50a4e000 r-xp 0000f000 00:65 165034468                  /usr/lib/x86_64-linux-gnu/libm-2.31.so
7f2d50a4e000-7f2d50ae5000 r--p 000b6000 00:65 165034468                  /usr/lib/x86_64-linux-gnu/libm-2.31.so
7f2d50ae5000-7f2d50ae6000 r--p 0014c000 00:65 165034468                  /usr/lib/x86_64-linux-gnu/libm-2.31.so
7f2d50ae6000-7f2d50ae7000 rw-p 0014d000 00:65 165034468                  /usr/lib/x86_64-linux-gnu/libm-2.31.so
7f2d50ae7000-7f2d51afc000 r-xp 00000000 00:65 77083135                   /root/oracle/jdk-9.0.4/lib/server/libjvm.so
7f2d51afc000-7f2d51cfb000 ---p 01015000 00:65 77083135                   /root/oracle/jdk-9.0.4/lib/server/libjvm.so
7f2d51cfb000-7f2d51dcc000 r--p 01014000 00:65 77083135                   /root/oracle/jdk-9.0.4/lib/server/libjvm.so
7f2d51dcc000-7f2d51e03000 rw-p 010e5000 00:65 77083135                   /root/oracle/jdk-9.0.4/lib/server/libjvm.so
7f2d51e03000-7f2d51e6e000 rw-p 00000000 00:00 0 
7f2d51e6e000-7f2d51e93000 r--p 00000000 00:65 165034165                  /usr/lib/x86_64-linux-gnu/libc-2.31.so
7f2d51e93000-7f2d5200b000 r-xp 00025000 00:65 165034165                  /usr/lib/x86_64-linux-gnu/libc-2.31.so
7f2d5200b000-7f2d52055000 r--p 0019d000 00:65 165034165                  /usr/lib/x86_64-linux-gnu/libc-2.31.so
7f2d52055000-7f2d52056000 ---p 001e7000 00:65 165034165                  /usr/lib/x86_64-linux-gnu/libc-2.31.so
7f2d52056000-7f2d52059000 r--p 001e7000 00:65 165034165                  /usr/lib/x86_64-linux-gnu/libc-2.31.so
7f2d52059000-7f2d5205c000 rw-p 001ea000 00:65 165034165                  /usr/lib/x86_64-linux-gnu/libc-2.31.so
7f2d5205c000-7f2d52060000 rw-p 00000000 00:00 0 
7f2d52060000-7f2d52061000 r--p 00000000 00:65 165034236                  /usr/lib/x86_64-linux-gnu/libdl-2.31.so
7f2d52061000-7f2d52063000 r-xp 00001000 00:65 165034236                  /usr/lib/x86_64-linux-gnu/libdl-2.31.so
7f2d52063000-7f2d52064000 r--p 00003000 00:65 165034236                  /usr/lib/x86_64-linux-gnu/libdl-2.31.so
7f2d52064000-7f2d52065000 r--p 00003000 00:65 165034236                  /usr/lib/x86_64-linux-gnu/libdl-2.31.so
7f2d52065000-7f2d52066000 rw-p 00004000 00:65 165034236                  /usr/lib/x86_64-linux-gnu/libdl-2.31.so
7f2d52066000-7f2d52074000 r-xp 00000000 00:65 77083142                   /root/oracle/jdk-9.0.4/lib/jli/libjli.so
7f2d52074000-7f2d52274000 ---p 0000e000 00:65 77083142                   /root/oracle/jdk-9.0.4/lib/jli/libjli.so
7f2d52274000-7f2d52275000 rw-p 0000e000 00:65 77083142                   /root/oracle/jdk-9.0.4/lib/jli/libjli.so
7f2d52275000-7f2d5227c000 r--p 00000000 00:65 165034610                  /usr/lib/x86_64-linux-gnu/libpthread-2.31.so
7f2d5227c000-7f2d5228d000 r-xp 00007000 00:65 165034610                  /usr/lib/x86_64-linux-gnu/libpthread-2.31.so
7f2d5228d000-7f2d52292000 r--p 00018000 00:65 165034610                  /usr/lib/x86_64-linux-gnu/libpthread-2.31.so
7f2d52292000-7f2d52293000 r--p 0001c000 00:65 165034610                  /usr/lib/x86_64-linux-gnu/libpthread-2.31.so
7f2d52293000-7f2d52294000 rw-p 0001d000 00:65 165034610                  /usr/lib/x86_64-linux-gnu/libpthread-2.31.so
7f2d52294000-7f2d52298000 rw-p 00000000 00:00 0 
7f2d52298000-7f2d5229a000 r--p 00000000 00:65 165034796                  /usr/lib/x86_64-linux-gnu/libz.so.1.2.11
7f2d5229a000-7f2d522ab000 r-xp 00002000 00:65 165034796                  /usr/lib/x86_64-linux-gnu/libz.so.1.2.11
7f2d522ab000-7f2d522b1000 r--p 00013000 00:65 165034796                  /usr/lib/x86_64-linux-gnu/libz.so.1.2.11
7f2d522b1000-7f2d522b2000 ---p 00019000 00:65 165034796                  /usr/lib/x86_64-linux-gnu/libz.so.1.2.11
7f2d522b2000-7f2d522b3000 r--p 00019000 00:65 165034796                  /usr/lib/x86_64-linux-gnu/libz.so.1.2.11
7f2d522b3000-7f2d522b4000 rw-p 0001a000 00:65 165034796                  /usr/lib/x86_64-linux-gnu/libz.so.1.2.11
7f2d522b4000-7f2d522bc000 rw-s 00000000 00:65 71965686                   /tmp/hsperfdata_root/32657
7f2d522bc000-7f2d522bf000 rw-p 00000000 00:00 0 
7f2d522bf000-7f2d522c0000 r--p 00000000 00:65 165033992                  /usr/lib/x86_64-linux-gnu/ld-2.31.so
7f2d522c0000-7f2d522e3000 r-xp 00001000 00:65 165033992                  /usr/lib/x86_64-linux-gnu/ld-2.31.so
7f2d522e3000-7f2d522eb000 r--p 00024000 00:65 165033992                  /usr/lib/x86_64-linux-gnu/ld-2.31.so
7f2d522eb000-7f2d522ec000 r--p 00000000 00:00 0 
7f2d522ec000-7f2d522ed000 r--p 0002c000 00:65 165033992                  /usr/lib/x86_64-linux-gnu/ld-2.31.so
7f2d522ed000-7f2d522ee000 rw-p 0002d000 00:65 165033992                  /usr/lib/x86_64-linux-gnu/ld-2.31.so
7f2d522ee000-7f2d522ef000 rw-p 00000000 00:00 0 
7ffc9021b000-7ffc9023c000 rw-p 00000000 00:00 0                          [stack]
7ffc90242000-7ffc90245000 r--p 00000000 00:00 0                          [vvar]
7ffc90245000-7ffc90246000 r-xp 00000000 00:00 0                          [vdso]
ffffffffff600000-ffffffffff601000 --xp 00000000 00:00 0                  [vsyscall]

VM Arguments:
jvm_args: -Xbootclasspath/a:/usr/local/java/jdk1.8.0_301/jre/lib/rt.jar -Xverify:none 
java_command: org.eclipse.core.runtime.adaptor.EclipseStarter -debug
java_class_path (initial): ./sootOutput/eclipse/
Launcher Type: SUN_STANDARD

Logging:
Log output configuration:
#0: stdout all=warning uptime,level,tags
#1: stderr all=off uptime,level,tags

Environment Variables:
JAVA_HOME=/root/oracle/jdk-9.0.4
JRE_HOME=/root/oracle/jdk-9.0.4
CLASSPATH=.:/root/oracle/jdk-9.0.4/lib:/JVMfuzzing/htm/CFSynthesis/resource/commons-lang3-3.12.0/commons-lang3-3.12.0.jar
PATH=/root/oracle/jdk-9.0.4/bin:/root/.vscode-server/bin/da76f93349a72022ca4670c1b84860304616aaa2/bin/remote-cli:/root/oracle/jdk-9.0.4/bin:/usr/local/sbin:/usr/local/bin:/usr/sbin:/usr/bin:/sbin:/bin:/usr/games:/usr/local/games:/snap/bin
SHELL=/bin/bash

Signal Handlers:
SIGSEGV: [libjvm.so+0xd4d370], sa_mask[0]=11111111011111111101111111111110, sa_flags=SA_RESTART|SA_SIGINFO
SIGBUS: [libjvm.so+0xd4d370], sa_mask[0]=11111111011111111101111111111110, sa_flags=SA_RESTART|SA_SIGINFO
SIGFPE: [libjvm.so+0xd4d370], sa_mask[0]=11111111011111111101111111111110, sa_flags=SA_RESTART|SA_SIGINFO
SIGPIPE: [libjvm.so+0xb64780], sa_mask[0]=11111111011111111101111111111110, sa_flags=SA_RESTART|SA_SIGINFO
SIGXFSZ: [libjvm.so+0xb64780], sa_mask[0]=11111111011111111101111111111110, sa_flags=SA_RESTART|SA_SIGINFO
SIGILL: [libjvm.so+0xd4d370], sa_mask[0]=11111111011111111101111111111110, sa_flags=SA_RESTART|SA_SIGINFO
SIGUSR2: [libjvm.so+0xb64640], sa_mask[0]=00100000000000000000000000000000, sa_flags=SA_RESTART|SA_SIGINFO
SIGHUP: [libjvm.so+0xb64850], sa_mask[0]=11111111011111111101111111111110, sa_flags=SA_RESTART|SA_SIGINFO
SIGINT: [libjvm.so+0xb64850], sa_mask[0]=11111111011111111101111111111110, sa_flags=SA_RESTART|SA_SIGINFO
SIGTERM: [libjvm.so+0xb64850], sa_mask[0]=11111111011111111101111111111110, sa_flags=SA_RESTART|SA_SIGINFO
SIGQUIT: [libjvm.so+0xb64850], sa_mask[0]=11111111011111111101111111111110, sa_flags=SA_RESTART|SA_SIGINFO


---------------  S Y S T E M  ---------------

OS:DISTRIB_ID=Ubuntu
DISTRIB_RELEASE=20.04
DISTRIB_CODENAME=focal
DISTRIB_DESCRIPTION="Ubuntu 20.04.3 LTS"
uname:Linux 5.4.0-124-generic #140~18.04.1-Ubuntu SMP Fri Aug 5 11:43:34 UTC 2022 x86_64
libc:glibc 2.31 NPTL 2.31 
rlimit: STACK 8192k, CORE infinity, NPROC infinity, NOFILE 1048576, AS infinity
load average:46.10 40.89 38.78

/proc/meminfo:
MemTotal:       65549624 kB
MemFree:        10876048 kB
MemAvailable:   37192148 kB
Buffers:         5871456 kB
Cached:          3335336 kB
SwapCached:         8092 kB
Active:         28746244 kB
Inactive:        6154128 kB
Active(anon):   21696984 kB
Inactive(anon):  4017924 kB
Active(file):    7049260 kB
Inactive(file):  2136204 kB
Unevictable:          16 kB
Mlocked:              16 kB
SwapTotal:       2097148 kB
SwapFree:              0 kB
Dirty:             38444 kB
Writeback:             0 kB
AnonPages:      25685704 kB
Mapped:           824568 kB
Shmem:             25608 kB
KReclaimable:   17862560 kB
Slab:           19034176 kB
SReclaimable:   17862560 kB
SUnreclaim:      1171616 kB
KernelStack:       77472 kB
PageTables:       231100 kB
NFS_Unstable:          0 kB
Bounce:                0 kB
WritebackTmp:          0 kB
CommitLimit:    34871960 kB
Committed_AS:   79232392 kB
VmallocTotal:   34359738367 kB
VmallocUsed:      160640 kB
VmallocChunk:          0 kB
Percpu:            32512 kB
HardwareCorrupted:     0 kB
AnonHugePages:         0 kB
ShmemHugePages:        0 kB
ShmemPmdMapped:        0 kB
FileHugePages:         0 kB
FilePmdMapped:         0 kB
CmaTotal:              0 kB
CmaFree:               0 kB
HugePages_Total:       0
HugePages_Free:        0
HugePages_Rsvd:        0
HugePages_Surp:        0
Hugepagesize:       2048 kB
Hugetlb:               0 kB
DirectMap4k:    15497632 kB
DirectMap2M:    51298304 kB
DirectMap1G:           0 kB


CPU:total 28 (initial active 28) (14 cores per cpu, 2 threads per core) family 6 model 85 stepping 4, cmov, cx8, fxsr, mmx, sse, sse2, sse3, ssse3, sse4.1, sse4.2, popcnt, avx, avx2, aes, clmul, erms, rtm, 3dnowpref, lzcnt, ht, tsc, tscinvbit, bmi1, bmi2, adx, fma
CPU Model and flags from /proc/cpuinfo:
model name	: Intel(R) Core(TM) i9-9940X CPU @ 3.30GHz
flags		: fpu vme de pse tsc msr pae mce cx8 apic sep mtrr pge mca cmov pat pse36 clflush dts acpi mmx fxsr sse sse2 ss ht tm pbe syscall nx pdpe1gb rdtscp lm constant_tsc art arch_perfmon pebs bts rep_good nopl xtopology nonstop_tsc cpuid aperfmperf pni pclmulqdq dtes64 monitor ds_cpl vmx est tm2 ssse3 sdbg fma cx16 xtpr pdcm pcid dca sse4_1 sse4_2 x2apic movbe popcnt tsc_deadline_timer aes xsave avx f16c rdrand lahf_lm abm 3dnowprefetch cpuid_fault epb cat_l3 cdp_l3 invpcid_single pti ssbd mba ibrs ibpb stibp tpr_shadow vnmi flexpriority ept vpid ept_ad fsgsbase tsc_adjust bmi1 hle avx2 smep bmi2 erms invpcid rtm cqm mpx rdt_a avx512f avx512dq rdseed adx smap clflushopt clwb intel_pt avx512cd avx512bw avx512vl xsaveopt xsavec xgetbv1 xsaves cqm_llc cqm_occup_llc cqm_mbm_total cqm_mbm_local dtherm ida arat pln pts hwp hwp_act_window hwp_epp hwp_pkg_req md_clear flush_l1d arch_capabilities

Memory: 4k page, physical 65549624k(10876048k free), swap 2097148k(0k free)

vm_info: Java HotSpot(TM) 64-Bit Server VM (9.0.4+11) for linux-amd64 JRE (9.0.4+11), built on Dec 19 2017 18:12:19 by "mach5one" with gcc 4.9.2

END.
