#
# A fatal error has been detected by the Java Runtime Environment:
#
#  SIGSEGV (0xb) at pc=0x00007fe47544a9ac, pid=30760, tid=30826
#
# JRE version: Java(TM) SE Runtime Environment (9.0+11) (build 9.0.4+11)
# Java VM: Java HotSpot(TM) 64-Bit Server VM (9.0.4+11, mixed mode, tiered, compressed oops, g1 gc, linux-amd64)
# Problematic frame:
# V  [libjvm.so+0x4ad9ac]  GraphBuilder::try_inline_full(ciMethod*, bool, bool, Bytecodes::Code, Instruction*)+0x44c
#
# Core dump will be written. Default location: Core dumps may be processed with "/usr/share/apport/apport -p%p -s%s -c%c -d%d -P%P -u%u -g%g -- %E" (or dumping to /JVMfuzzing/zjy/classming/Fuzzing-Testing-of-JVM-Implementations/core.30760)
#
# If you would like to submit a bug report, please visit:
#   http://bugreport.java.com/bugreport/crash.jsp
#

---------------  S U M M A R Y ------------

Command Line: -Xbootclasspath/a:/usr/local/java/jdk1.8.0_301/jre/lib/rt.jar -Xverify:none org.eclipse.core.runtime.adaptor.EclipseStarter -debug

Host: Intel(R) Core(TM) i9-9940X CPU @ 3.30GHz, 28 cores, 62G, Ubuntu 20.04.3 LTS
Time: Thu Nov  3 09:11:48 2022 UTC elapsed time: 0 seconds (0d 0h 0m 0s)

---------------  T H R E A D  ---------------

Current thread (0x00007fe4702bd800):  JavaThread "C1 CompilerThread9" daemon [_thread_in_native, id=30826, stack(0x00007fe36d5f6000,0x00007fe36d6f7000)]


Current CompileTask:
C1:    599  263 %     3       org.eclipse.core.runtime.adaptor.EclipseStarter::main @ 4520 (7496 bytes)

Stack: [0x00007fe36d5f6000,0x00007fe36d6f7000],  sp=0x00007fe36d6f50b0,  free space=1020k
Native frames: (J=compiled Java code, A=aot compiled Java code, j=interpreted, Vv=VM code, C=native code)
V  [libjvm.so+0x4ad9ac]  GraphBuilder::try_inline_full(ciMethod*, bool, bool, Bytecodes::Code, Instruction*)+0x44c
V  [libjvm.so+0x4ae2fc]  GraphBuilder::try_inline(ciMethod*, bool, bool, Bytecodes::Code, Instruction*)+0x1dc
V  [libjvm.so+0x4aee6d]  GraphBuilder::invoke(Bytecodes::Code)+0x3ed
V  [libjvm.so+0x4b163e]  GraphBuilder::iterate_bytecodes_for_block(int)+0x1c4e
V  [libjvm.so+0x4b1ad5]  GraphBuilder::iterate_all_blocks(bool)+0x85
V  [libjvm.so+0x4b1ec9]  GraphBuilder::GraphBuilder(Compilation*, IRScope*)+0x389
V  [libjvm.so+0x4b70a8]  IR::IR(Compilation*, ciMethod*, int)+0x1e8
V  [libjvm.so+0x497832]  Compilation::build_hir() [clone .part.93]+0x162
V  [libjvm.so+0x499633]  Compilation::compile_java_method()+0x3c3
V  [libjvm.so+0x4997af]  Compilation::compile_method()+0x12f
V  [libjvm.so+0x499c31]  Compilation::Compilation(AbstractCompiler*, ciEnv*, ciMethod*, int, BufferBlob*, DirectiveSet*)+0x271
V  [libjvm.so+0x49ac1e]  Compiler::compile_method(ciEnv*, ciMethod*, int, DirectiveSet*)+0xae
V  [libjvm.so+0x6125ac]  CompileBroker::invoke_compiler_on_method(CompileTask*)+0x41c
V  [libjvm.so+0x61344b]  CompileBroker::compiler_thread_loop()+0x28b
V  [libjvm.so+0xcef338]  JavaThread::thread_main_inner()+0xd8
V  [libjvm.so+0xb6e132]  thread_native_entry(Thread*)+0xf2
C  [libpthread.so.0+0x9609]  start_thread+0xd9


siginfo: si_signo: 11 (SIGSEGV), si_code: 1 (SEGV_MAPERR), si_addr: 0x0000000000000018

Register to memory mapping:

RAX=0x00007fe3500b1590 is an unknown value
RBX=0x00007fe36d6f5460 is pointing into the stack for thread: 0x00007fe4702bd800
RCX=0x0000000000000000 is an unknown value
RDX=0x0000000000000000 is an unknown value
RSP=0x00007fe36d6f50b0 is pointing into the stack for thread: 0x00007fe4702bd800
RBP=0x00007fe36d6f5130 is pointing into the stack for thread: 0x00007fe4702bd800
RSI=0x0000000000000000 is an unknown value
RDI=0x00007fe36d6f5460 is pointing into the stack for thread: 0x00007fe4702bd800
R8 =0x0000000000000000 is an unknown value
R9 =0x00007fe340066ae0 is an unknown value
R10=0x00007fe340066c60 is an unknown value
R11=0x00007fe340066af0 is an unknown value
R12=0x00007fe3400663d0 is an unknown value
R13=0x0000000000000000 is an unknown value
R14=0x0000000000000000 is an unknown value
R15=0x0000000000000001 is an unknown value


Registers:
RAX=0x00007fe3500b1590, RBX=0x00007fe36d6f5460, RCX=0x0000000000000000, RDX=0x0000000000000000
RSP=0x00007fe36d6f50b0, RBP=0x00007fe36d6f5130, RSI=0x0000000000000000, RDI=0x00007fe36d6f5460
R8 =0x0000000000000000, R9 =0x00007fe340066ae0, R10=0x00007fe340066c60, R11=0x00007fe340066af0
R12=0x00007fe3400663d0, R13=0x0000000000000000, R14=0x0000000000000000, R15=0x0000000000000001
RIP=0x00007fe47544a9ac, EFLAGS=0x0000000000010246, CSGSFS=0x002b000000000033, ERR=0x0000000000000004
  TRAPNO=0x000000000000000e

Top of Stack: (sp=0x00007fe36d6f50b0)
0x00007fe36d6f50b0:   00007fe4762e64cc 00007fe36d6f50e0
0x00007fe36d6f50c0:   000000006d6f5130 00007fe3500b1fe0
0x00007fe36d6f50d0:   00007fe3501499c0 00007fe3500b1590
0x00007fe36d6f50e0:   000000000000159f 00007fe3500b0850 

Instructions: (pc=0x00007fe47544a9ac)
0x00007fe47544a98c:   40 08 44 39 68 38 7e 3f 48 8b 50 50 49 63 f0 44
0x00007fe47544a99c:   89 c1 44 29 e9 48 89 df 48 89 45 a8 48 8b 14 f2
0x00007fe47544a9ac:   48 8b 72 18 44 03 46 08 48 8b 75 98 44 89 45 b0
0x00007fe47544a9bc:   44 89 45 88 e8 3b 36 ff ff 48 8b 45 a8 44 8b 45 


---------------  P R O C E S S  ---------------

Java Threads: ( => current thread )
  0x00007fe470359800 JavaThread "Service Thread" daemon [_thread_blocked, id=30831, stack(0x00007fe36ccc9000,0x00007fe36cdca000)]
  0x00007fe4702d2000 JavaThread "Common-Cleaner" daemon [_thread_blocked, id=30830, stack(0x00007fe36cdca000,0x00007fe36cecb000)]
  0x00007fe4702c3000 JavaThread "Sweeper thread" daemon [_thread_blocked, id=30829, stack(0x00007fe36d2f3000,0x00007fe36d3f4000)]
  0x00007fe4702c1000 JavaThread "C1 CompilerThread11" daemon [_thread_blocked, id=30828, stack(0x00007fe36d3f4000,0x00007fe36d4f5000)]
  0x00007fe4702bf800 JavaThread "C1 CompilerThread10" daemon [_thread_blocked, id=30827, stack(0x00007fe36d4f5000,0x00007fe36d5f6000)]
=>0x00007fe4702bd800 JavaThread "C1 CompilerThread9" daemon [_thread_in_native, id=30826, stack(0x00007fe36d5f6000,0x00007fe36d6f7000)]
  0x00007fe4702bb800 JavaThread "C1 CompilerThread8" daemon [_thread_blocked, id=30825, stack(0x00007fe36d6f7000,0x00007fe36d7f8000)]
  0x00007fe4702b9800 JavaThread "C2 CompilerThread7" daemon [_thread_blocked, id=30824, stack(0x00007fe36d7f8000,0x00007fe36d8f9000)]
  0x00007fe4702b8000 JavaThread "C2 CompilerThread6" daemon [_thread_blocked, id=30823, stack(0x00007fe36d8f9000,0x00007fe36d9fa000)]
  0x00007fe4702b6000 JavaThread "C2 CompilerThread5" daemon [_thread_blocked, id=30822, stack(0x00007fe36d9fa000,0x00007fe36dafb000)]
  0x00007fe4702b4800 JavaThread "C2 CompilerThread4" daemon [_thread_blocked, id=30821, stack(0x00007fe36dafb000,0x00007fe36dbfc000)]
  0x00007fe4702b2800 JavaThread "C2 CompilerThread3" daemon [_thread_blocked, id=30820, stack(0x00007fe36dbfc000,0x00007fe36dcfd000)]
  0x00007fe4702b1000 JavaThread "C2 CompilerThread2" daemon [_thread_blocked, id=30819, stack(0x00007fe36dcfd000,0x00007fe36ddfe000)]
  0x00007fe4702af000 JavaThread "C2 CompilerThread1" daemon [_thread_blocked, id=30818, stack(0x00007fe36ddfe000,0x00007fe36deff000)]
  0x00007fe4702ad000 JavaThread "C2 CompilerThread0" daemon [_thread_blocked, id=30816, stack(0x00007fe36deff000,0x00007fe36e000000)]
  0x00007fe4702ab000 JavaThread "Signal Dispatcher" daemon [_thread_blocked, id=30815, stack(0x00007fe38405b000,0x00007fe38415c000)]
  0x00007fe470291000 JavaThread "Finalizer" daemon [_thread_blocked, id=30814, stack(0x00007fe38415c000,0x00007fe38425d000)]
  0x00007fe470288800 JavaThread "Reference Handler" daemon [_thread_blocked, id=30812, stack(0x00007fe38425d000,0x00007fe38435e000)]
  0x00007fe470011800 JavaThread "main" [_thread_in_native, id=30761, stack(0x00007fe474d4f000,0x00007fe474e4e000)]

Other Threads:
  0x00007fe470281000 VMThread "VM Thread" [stack: 0x00007fe384360000,0x00007fe384460000] [id=30811]
  0x00007fe47035c000 WatcherThread [stack: 0x00007fe36cbc9000,0x00007fe36ccc9000] [id=30832]
  0x00007fe470034000 GCTaskThread "GC Thread#0" [stack: 0x00007fe455a43000,0x00007fe455b43000] [id=30763]
  0x00007fe470035800 GCTaskThread "GC Thread#1" [stack: 0x00007fe455941000,0x00007fe455a41000] [id=30764]
  0x00007fe470037000 GCTaskThread "GC Thread#2" [stack: 0x00007fe45583f000,0x00007fe45593f000] [id=30765]
  0x00007fe470039000 GCTaskThread "GC Thread#3" [stack: 0x00007fe45573d000,0x00007fe45583d000] [id=30766]
  0x00007fe47003a800 GCTaskThread "GC Thread#4" [stack: 0x00007fe45563b000,0x00007fe45573b000] [id=30767]
  0x00007fe47003c800 GCTaskThread "GC Thread#5" [stack: 0x00007fe455539000,0x00007fe455639000] [id=30768]
  0x00007fe47003e000 GCTaskThread "GC Thread#6" [stack: 0x00007fe455437000,0x00007fe455537000] [id=30769]
  0x00007fe47003f800 GCTaskThread "GC Thread#7" [stack: 0x00007fe455335000,0x00007fe455435000] [id=30770]
  0x00007fe470041800 GCTaskThread "GC Thread#8" [stack: 0x00007fe455233000,0x00007fe455333000] [id=30771]
  0x00007fe470043000 GCTaskThread "GC Thread#9" [stack: 0x00007fe455131000,0x00007fe455231000] [id=30772]
  0x00007fe470045000 GCTaskThread "GC Thread#10" [stack: 0x00007fe45502f000,0x00007fe45512f000] [id=30773]
  0x00007fe470046800 GCTaskThread "GC Thread#11" [stack: 0x00007fe454f2d000,0x00007fe45502d000] [id=30775]
  0x00007fe470048800 GCTaskThread "GC Thread#12" [stack: 0x00007fe454e2b000,0x00007fe454f2b000] [id=30776]
  0x00007fe47004a000 GCTaskThread "GC Thread#13" [stack: 0x00007fe454d29000,0x00007fe454e29000] [id=30777]
  0x00007fe47004c000 GCTaskThread "GC Thread#14" [stack: 0x00007fe454c27000,0x00007fe454d27000] [id=30778]
  0x00007fe47004d800 GCTaskThread "GC Thread#15" [stack: 0x00007fe454b25000,0x00007fe454c25000] [id=30779]
  0x00007fe47004f800 GCTaskThread "GC Thread#16" [stack: 0x00007fe454a23000,0x00007fe454b23000] [id=30780]
  0x00007fe470051000 GCTaskThread "GC Thread#17" [stack: 0x00007fe454921000,0x00007fe454a21000] [id=30781]
  0x00007fe470052800 GCTaskThread "GC Thread#18" [stack: 0x00007fe45481f000,0x00007fe45491f000] [id=30782]
  0x00007fe470054800 GCTaskThread "GC Thread#19" [stack: 0x00007fe45471d000,0x00007fe45481d000] [id=30783]
  0x00007fe47009f800 ConcurrentGCThread "G1 Main Marker" [stack: 0x00007fe4057de000,0x00007fe4058de000] [id=30805]
  0x00007fe4700a1000 ConcurrentGCThread "G1 Marker#0" [stack: 0x00007fe4056dc000,0x00007fe4057dc000] [id=30806]
  0x00007fe4700a3000 ConcurrentGCThread "G1 Marker#1" [stack: 0x00007fe4055da000,0x00007fe4056da000] [id=30807]
  0x00007fe4700a4800 ConcurrentGCThread "G1 Marker#2" [stack: 0x00007fe4054d8000,0x00007fe4055d8000] [id=30808]
  0x00007fe4700a6800 ConcurrentGCThread "G1 Marker#3" [stack: 0x00007fe4053d6000,0x00007fe4054d6000] [id=30809]
  0x00007fe4700a8000 ConcurrentGCThread "G1 Marker#4" [stack: 0x00007fe4052d4000,0x00007fe4053d4000] [id=30810]
  0x00007fe470079000 ConcurrentGCThread "G1 Refine#0" [stack: 0x00007fe405ecd000,0x00007fe405fcd000] [id=30803]
  0x00007fe470077000 ConcurrentGCThread "G1 Refine#1" [stack: 0x00007fe405fcf000,0x00007fe4060cf000] [id=30802]
  0x00007fe470075000 ConcurrentGCThread "G1 Refine#2" [stack: 0x00007fe4060d1000,0x00007fe4061d1000] [id=30801]
  0x00007fe470073800 ConcurrentGCThread "G1 Refine#3" [stack: 0x00007fe4061d3000,0x00007fe4062d3000] [id=30800]
  0x00007fe470071800 ConcurrentGCThread "G1 Refine#4" [stack: 0x00007fe4062d5000,0x00007fe4063d5000] [id=30799]
  0x00007fe470070000 ConcurrentGCThread "G1 Refine#5" [stack: 0x00007fe4063d7000,0x00007fe4064d7000] [id=30798]
  0x00007fe47006e000 ConcurrentGCThread "G1 Refine#6" [stack: 0x00007fe4064d9000,0x00007fe4065d9000] [id=30797]
  0x00007fe47006c800 ConcurrentGCThread "G1 Refine#7" [stack: 0x00007fe4065db000,0x00007fe4066db000] [id=30796]
  0x00007fe47006a800 ConcurrentGCThread "G1 Refine#8" [stack: 0x00007fe4066dd000,0x00007fe4067dd000] [id=30795]
  0x00007fe470069000 ConcurrentGCThread "G1 Refine#9" [stack: 0x00007fe4067df000,0x00007fe4068df000] [id=30794]
  0x00007fe470067000 ConcurrentGCThread "G1 Refine#10" [stack: 0x00007fe4068e1000,0x00007fe4069e1000] [id=30793]
  0x00007fe470065000 ConcurrentGCThread "G1 Refine#11" [stack: 0x00007fe4069e3000,0x00007fe406ae3000] [id=30792]
  0x00007fe470063800 ConcurrentGCThread "G1 Refine#12" [stack: 0x00007fe406ae5000,0x00007fe406be5000] [id=30791]
  0x00007fe470061800 ConcurrentGCThread "G1 Refine#13" [stack: 0x00007fe406be7000,0x00007fe406ce7000] [id=30790]
  0x00007fe470060000 ConcurrentGCThread "G1 Refine#14" [stack: 0x00007fe406ce9000,0x00007fe406de9000] [id=30789]
  0x00007fe47005e000 ConcurrentGCThread "G1 Refine#15" [stack: 0x00007fe406deb000,0x00007fe406eeb000] [id=30788]
  0x00007fe47005c800 ConcurrentGCThread "G1 Refine#16" [stack: 0x00007fe406eed000,0x00007fe406fed000] [id=30787]
  0x00007fe47005a800 ConcurrentGCThread "G1 Refine#17" [stack: 0x00007fe406fef000,0x00007fe4070ef000] [id=30786]
  0x00007fe470059000 ConcurrentGCThread "G1 Refine#18" [stack: 0x00007fe4070f1000,0x00007fe4071f1000] [id=30785]
  0x00007fe470057000 ConcurrentGCThread "G1 Refine#19" [stack: 0x00007fe4071f3000,0x00007fe4072f3000] [id=30784]
  0x00007fe47007a800 ConcurrentGCThread "G1 Young RemSet Sampling" [stack: 0x00007fe405dcb000,0x00007fe405ecb000] [id=30804]

Threads with active compile tasks:
C1 CompilerThread9 263 %     3       org.eclipse.core.runtime.adaptor.EclipseStarter::main @ 4520 (7496 bytes)

VM state:not at safepoint (normal execution)

VM Mutex/Monitor currently owned by a thread: None

Heap address: 0x00000003d7c00000, size: 16004 MB, Compressed Oops mode: Zero based, Oop shift amount: 3
Narrow klass base: 0x0000000000000000, Narrow klass shift: 3
Compressed class space size: 1073741824 Address: 0x00000007c0000000

Heap:
 garbage-first heap   total 1028096K, used 12288K [0x00000003d7c00000, 0x00000003d80007d8, 0x00000007c0000000)
  region size 4096K, 4 young (16384K), 0 survivors (0K)
 Metaspace       used 4323K, capacity 4680K, committed 4864K, reserved 1056768K
  class space    used 356K, capacity 388K, committed 512K, reserved 1048576K
Heap Regions: E=young(eden), S=young(survivor), O=old, HS=humongous(starts), HC=humongous(continues), CS=collection set, F=free, A=archive, TS=gc time stamp, AC=allocation context, TAMS=top-at-mark-start (previous, next)
|   0|0x00000003d7c00000, 0x00000003d7c00000, 0x00000003d8000000|  0%| F|  |TS  0|AC  0|TAMS 0x00000003d7c00000, 0x00000003d7c00000|
|   1|0x00000003d8000000, 0x00000003d8000000, 0x00000003d8400000|  0%| F|  |TS  0|AC  0|TAMS 0x00000003d8000000, 0x00000003d8000000|
|   2|0x00000003d8400000, 0x00000003d8400000, 0x00000003d8800000|  0%| F|  |TS  0|AC  0|TAMS 0x00000003d8400000, 0x00000003d8400000|
|   3|0x00000003d8800000, 0x00000003d8800000, 0x00000003d8c00000|  0%| F|  |TS  0|AC  0|TAMS 0x00000003d8800000, 0x00000003d8800000|
|   4|0x00000003d8c00000, 0x00000003d8c00000, 0x00000003d9000000|  0%| F|  |TS  0|AC  0|TAMS 0x00000003d8c00000, 0x00000003d8c00000|
|   5|0x00000003d9000000, 0x00000003d9000000, 0x00000003d9400000|  0%| F|  |TS  0|AC  0|TAMS 0x00000003d9000000, 0x00000003d9000000|
|   6|0x00000003d9400000, 0x00000003d9400000, 0x00000003d9800000|  0%| F|  |TS  0|AC  0|TAMS 0x00000003d9400000, 0x00000003d9400000|
|   7|0x00000003d9800000, 0x00000003d9800000, 0x00000003d9c00000|  0%| F|  |TS  0|AC  0|TAMS 0x00000003d9800000, 0x00000003d9800000|
|   8|0x00000003d9c00000, 0x00000003d9c00000, 0x00000003da000000|  0%| F|  |TS  0|AC  0|TAMS 0x00000003d9c00000, 0x00000003d9c00000|
|   9|0x00000003da000000, 0x00000003da000000, 0x00000003da400000|  0%| F|  |TS  0|AC  0|TAMS 0x00000003da000000, 0x00000003da000000|
|  10|0x00000003da400000, 0x00000003da400000, 0x00000003da800000|  0%| F|  |TS  0|AC  0|TAMS 0x00000003da400000, 0x00000003da400000|
|  11|0x00000003da800000, 0x00000003da800000, 0x00000003dac00000|  0%| F|  |TS  0|AC  0|TAMS 0x00000003da800000, 0x00000003da800000|
|  12|0x00000003dac00000, 0x00000003dac00000, 0x00000003db000000|  0%| F|  |TS  0|AC  0|TAMS 0x00000003dac00000, 0x00000003dac00000|
|  13|0x00000003db000000, 0x00000003db000000, 0x00000003db400000|  0%| F|  |TS  0|AC  0|TAMS 0x00000003db000000, 0x00000003db000000|
|  14|0x00000003db400000, 0x00000003db400000, 0x00000003db800000|  0%| F|  |TS  0|AC  0|TAMS 0x00000003db400000, 0x00000003db400000|
|  15|0x00000003db800000, 0x00000003db800000, 0x00000003dbc00000|  0%| F|  |TS  0|AC  0|TAMS 0x00000003db800000, 0x00000003db800000|
|  16|0x00000003dbc00000, 0x00000003dbc00000, 0x00000003dc000000|  0%| F|  |TS  0|AC  0|TAMS 0x00000003dbc00000, 0x00000003dbc00000|
|  17|0x00000003dc000000, 0x00000003dc000000, 0x00000003dc400000|  0%| F|  |TS  0|AC  0|TAMS 0x00000003dc000000, 0x00000003dc000000|
|  18|0x00000003dc400000, 0x00000003dc400000, 0x00000003dc800000|  0%| F|  |TS  0|AC  0|TAMS 0x00000003dc400000, 0x00000003dc400000|
|  19|0x00000003dc800000, 0x00000003dc800000, 0x00000003dcc00000|  0%| F|  |TS  0|AC  0|TAMS 0x00000003dc800000, 0x00000003dc800000|
|  20|0x00000003dcc00000, 0x00000003dcc00000, 0x00000003dd000000|  0%| F|  |TS  0|AC  0|TAMS 0x00000003dcc00000, 0x00000003dcc00000|
|  21|0x00000003dd000000, 0x00000003dd000000, 0x00000003dd400000|  0%| F|  |TS  0|AC  0|TAMS 0x00000003dd000000, 0x00000003dd000000|
|  22|0x00000003dd400000, 0x00000003dd400000, 0x00000003dd800000|  0%| F|  |TS  0|AC  0|TAMS 0x00000003dd400000, 0x00000003dd400000|
|  23|0x00000003dd800000, 0x00000003dd800000, 0x00000003ddc00000|  0%| F|  |TS  0|AC  0|TAMS 0x00000003dd800000, 0x00000003dd800000|
|  24|0x00000003ddc00000, 0x00000003ddc00000, 0x00000003de000000|  0%| F|  |TS  0|AC  0|TAMS 0x00000003ddc00000, 0x00000003ddc00000|
|  25|0x00000003de000000, 0x00000003de000000, 0x00000003de400000|  0%| F|  |TS  0|AC  0|TAMS 0x00000003de000000, 0x00000003de000000|
|  26|0x00000003de400000, 0x00000003de400000, 0x00000003de800000|  0%| F|  |TS  0|AC  0|TAMS 0x00000003de400000, 0x00000003de400000|
|  27|0x00000003de800000, 0x00000003de800000, 0x00000003dec00000|  0%| F|  |TS  0|AC  0|TAMS 0x00000003de800000, 0x00000003de800000|
|  28|0x00000003dec00000, 0x00000003dec00000, 0x00000003df000000|  0%| F|  |TS  0|AC  0|TAMS 0x00000003dec00000, 0x00000003dec00000|
|  29|0x00000003df000000, 0x00000003df000000, 0x00000003df400000|  0%| F|  |TS  0|AC  0|TAMS 0x00000003df000000, 0x00000003df000000|
|  30|0x00000003df400000, 0x00000003df400000, 0x00000003df800000|  0%| F|  |TS  0|AC  0|TAMS 0x00000003df400000, 0x00000003df400000|
|  31|0x00000003df800000, 0x00000003df800000, 0x00000003dfc00000|  0%| F|  |TS  0|AC  0|TAMS 0x00000003df800000, 0x00000003df800000|
|  32|0x00000003dfc00000, 0x00000003dfc00000, 0x00000003e0000000|  0%| F|  |TS  0|AC  0|TAMS 0x00000003dfc00000, 0x00000003dfc00000|
|  33|0x00000003e0000000, 0x00000003e0000000, 0x00000003e0400000|  0%| F|  |TS  0|AC  0|TAMS 0x00000003e0000000, 0x00000003e0000000|
|  34|0x00000003e0400000, 0x00000003e0400000, 0x00000003e0800000|  0%| F|  |TS  0|AC  0|TAMS 0x00000003e0400000, 0x00000003e0400000|
|  35|0x00000003e0800000, 0x00000003e0800000, 0x00000003e0c00000|  0%| F|  |TS  0|AC  0|TAMS 0x00000003e0800000, 0x00000003e0800000|
|  36|0x00000003e0c00000, 0x00000003e0c00000, 0x00000003e1000000|  0%| F|  |TS  0|AC  0|TAMS 0x00000003e0c00000, 0x00000003e0c00000|
|  37|0x00000003e1000000, 0x00000003e1000000, 0x00000003e1400000|  0%| F|  |TS  0|AC  0|TAMS 0x00000003e1000000, 0x00000003e1000000|
|  38|0x00000003e1400000, 0x00000003e1400000, 0x00000003e1800000|  0%| F|  |TS  0|AC  0|TAMS 0x00000003e1400000, 0x00000003e1400000|
|  39|0x00000003e1800000, 0x00000003e1800000, 0x00000003e1c00000|  0%| F|  |TS  0|AC  0|TAMS 0x00000003e1800000, 0x00000003e1800000|
|  40|0x00000003e1c00000, 0x00000003e1c00000, 0x00000003e2000000|  0%| F|  |TS  0|AC  0|TAMS 0x00000003e1c00000, 0x00000003e1c00000|
|  41|0x00000003e2000000, 0x00000003e2000000, 0x00000003e2400000|  0%| F|  |TS  0|AC  0|TAMS 0x00000003e2000000, 0x00000003e2000000|
|  42|0x00000003e2400000, 0x00000003e2400000, 0x00000003e2800000|  0%| F|  |TS  0|AC  0|TAMS 0x00000003e2400000, 0x00000003e2400000|
|  43|0x00000003e2800000, 0x00000003e2800000, 0x00000003e2c00000|  0%| F|  |TS  0|AC  0|TAMS 0x00000003e2800000, 0x00000003e2800000|
|  44|0x00000003e2c00000, 0x00000003e2c00000, 0x00000003e3000000|  0%| F|  |TS  0|AC  0|TAMS 0x00000003e2c00000, 0x00000003e2c00000|
|  45|0x00000003e3000000, 0x00000003e3000000, 0x00000003e3400000|  0%| F|  |TS  0|AC  0|TAMS 0x00000003e3000000, 0x00000003e3000000|
|  46|0x00000003e3400000, 0x00000003e3400000, 0x00000003e3800000|  0%| F|  |TS  0|AC  0|TAMS 0x00000003e3400000, 0x00000003e3400000|
|  47|0x00000003e3800000, 0x00000003e3800000, 0x00000003e3c00000|  0%| F|  |TS  0|AC  0|TAMS 0x00000003e3800000, 0x00000003e3800000|
|  48|0x00000003e3c00000, 0x00000003e3c00000, 0x00000003e4000000|  0%| F|  |TS  0|AC  0|TAMS 0x00000003e3c00000, 0x00000003e3c00000|
|  49|0x00000003e4000000, 0x00000003e4000000, 0x00000003e4400000|  0%| F|  |TS  0|AC  0|TAMS 0x00000003e4000000, 0x00000003e4000000|
|  50|0x00000003e4400000, 0x00000003e4400000, 0x00000003e4800000|  0%| F|  |TS  0|AC  0|TAMS 0x00000003e4400000, 0x00000003e4400000|
|  51|0x00000003e4800000, 0x00000003e4800000, 0x00000003e4c00000|  0%| F|  |TS  0|AC  0|TAMS 0x00000003e4800000, 0x00000003e4800000|
|  52|0x00000003e4c00000, 0x00000003e4c00000, 0x00000003e5000000|  0%| F|  |TS  0|AC  0|TAMS 0x00000003e4c00000, 0x00000003e4c00000|
|  53|0x00000003e5000000, 0x00000003e5000000, 0x00000003e5400000|  0%| F|  |TS  0|AC  0|TAMS 0x00000003e5000000, 0x00000003e5000000|
|  54|0x00000003e5400000, 0x00000003e5400000, 0x00000003e5800000|  0%| F|  |TS  0|AC  0|TAMS 0x00000003e5400000, 0x00000003e5400000|
|  55|0x00000003e5800000, 0x00000003e5800000, 0x00000003e5c00000|  0%| F|  |TS  0|AC  0|TAMS 0x00000003e5800000, 0x00000003e5800000|
|  56|0x00000003e5c00000, 0x00000003e5c00000, 0x00000003e6000000|  0%| F|  |TS  0|AC  0|TAMS 0x00000003e5c00000, 0x00000003e5c00000|
|  57|0x00000003e6000000, 0x00000003e6000000, 0x00000003e6400000|  0%| F|  |TS  0|AC  0|TAMS 0x00000003e6000000, 0x00000003e6000000|
|  58|0x00000003e6400000, 0x00000003e6400000, 0x00000003e6800000|  0%| F|  |TS  0|AC  0|TAMS 0x00000003e6400000, 0x00000003e6400000|
|  59|0x00000003e6800000, 0x00000003e6800000, 0x00000003e6c00000|  0%| F|  |TS  0|AC  0|TAMS 0x00000003e6800000, 0x00000003e6800000|
|  60|0x00000003e6c00000, 0x00000003e6c00000, 0x00000003e7000000|  0%| F|  |TS  0|AC  0|TAMS 0x00000003e6c00000, 0x00000003e6c00000|
|  61|0x00000003e7000000, 0x00000003e7000000, 0x00000003e7400000|  0%| F|  |TS  0|AC  0|TAMS 0x00000003e7000000, 0x00000003e7000000|
|  62|0x00000003e7400000, 0x00000003e7400000, 0x00000003e7800000|  0%| F|  |TS  0|AC  0|TAMS 0x00000003e7400000, 0x00000003e7400000|
|  63|0x00000003e7800000, 0x00000003e7800000, 0x00000003e7c00000|  0%| F|  |TS  0|AC  0|TAMS 0x00000003e7800000, 0x00000003e7800000|
|  64|0x00000003e7c00000, 0x00000003e7c00000, 0x00000003e8000000|  0%| F|  |TS  0|AC  0|TAMS 0x00000003e7c00000, 0x00000003e7c00000|
|  65|0x00000003e8000000, 0x00000003e8000000, 0x00000003e8400000|  0%| F|  |TS  0|AC  0|TAMS 0x00000003e8000000, 0x00000003e8000000|
|  66|0x00000003e8400000, 0x00000003e8400000, 0x00000003e8800000|  0%| F|  |TS  0|AC  0|TAMS 0x00000003e8400000, 0x00000003e8400000|
|  67|0x00000003e8800000, 0x00000003e8800000, 0x00000003e8c00000|  0%| F|  |TS  0|AC  0|TAMS 0x00000003e8800000, 0x00000003e8800000|
|  68|0x00000003e8c00000, 0x00000003e8c00000, 0x00000003e9000000|  0%| F|  |TS  0|AC  0|TAMS 0x00000003e8c00000, 0x00000003e8c00000|
|  69|0x00000003e9000000, 0x00000003e9000000, 0x00000003e9400000|  0%| F|  |TS  0|AC  0|TAMS 0x00000003e9000000, 0x00000003e9000000|
|  70|0x00000003e9400000, 0x00000003e9400000, 0x00000003e9800000|  0%| F|  |TS  0|AC  0|TAMS 0x00000003e9400000, 0x00000003e9400000|
|  71|0x00000003e9800000, 0x00000003e9800000, 0x00000003e9c00000|  0%| F|  |TS  0|AC  0|TAMS 0x00000003e9800000, 0x00000003e9800000|
|  72|0x00000003e9c00000, 0x00000003e9c00000, 0x00000003ea000000|  0%| F|  |TS  0|AC  0|TAMS 0x00000003e9c00000, 0x00000003e9c00000|
|  73|0x00000003ea000000, 0x00000003ea000000, 0x00000003ea400000|  0%| F|  |TS  0|AC  0|TAMS 0x00000003ea000000, 0x00000003ea000000|
|  74|0x00000003ea400000, 0x00000003ea400000, 0x00000003ea800000|  0%| F|  |TS  0|AC  0|TAMS 0x00000003ea400000, 0x00000003ea400000|
|  75|0x00000003ea800000, 0x00000003ea800000, 0x00000003eac00000|  0%| F|  |TS  0|AC  0|TAMS 0x00000003ea800000, 0x00000003ea800000|
|  76|0x00000003eac00000, 0x00000003eac00000, 0x00000003eb000000|  0%| F|  |TS  0|AC  0|TAMS 0x00000003eac00000, 0x00000003eac00000|
|  77|0x00000003eb000000, 0x00000003eb000000, 0x00000003eb400000|  0%| F|  |TS  0|AC  0|TAMS 0x00000003eb000000, 0x00000003eb000000|
|  78|0x00000003eb400000, 0x00000003eb400000, 0x00000003eb800000|  0%| F|  |TS  0|AC  0|TAMS 0x00000003eb400000, 0x00000003eb400000|
|  79|0x00000003eb800000, 0x00000003eb800000, 0x00000003ebc00000|  0%| F|  |TS  0|AC  0|TAMS 0x00000003eb800000, 0x00000003eb800000|
|  80|0x00000003ebc00000, 0x00000003ebc00000, 0x00000003ec000000|  0%| F|  |TS  0|AC  0|TAMS 0x00000003ebc00000, 0x00000003ebc00000|
|  81|0x00000003ec000000, 0x00000003ec000000, 0x00000003ec400000|  0%| F|  |TS  0|AC  0|TAMS 0x00000003ec000000, 0x00000003ec000000|
|  82|0x00000003ec400000, 0x00000003ec400000, 0x00000003ec800000|  0%| F|  |TS  0|AC  0|TAMS 0x00000003ec400000, 0x00000003ec400000|
|  83|0x00000003ec800000, 0x00000003ec800000, 0x00000003ecc00000|  0%| F|  |TS  0|AC  0|TAMS 0x00000003ec800000, 0x00000003ec800000|
|  84|0x00000003ecc00000, 0x00000003ecc00000, 0x00000003ed000000|  0%| F|  |TS  0|AC  0|TAMS 0x00000003ecc00000, 0x00000003ecc00000|
|  85|0x00000003ed000000, 0x00000003ed000000, 0x00000003ed400000|  0%| F|  |TS  0|AC  0|TAMS 0x00000003ed000000, 0x00000003ed000000|
|  86|0x00000003ed400000, 0x00000003ed400000, 0x00000003ed800000|  0%| F|  |TS  0|AC  0|TAMS 0x00000003ed400000, 0x00000003ed400000|
|  87|0x00000003ed800000, 0x00000003ed800000, 0x00000003edc00000|  0%| F|  |TS  0|AC  0|TAMS 0x00000003ed800000, 0x00000003ed800000|
|  88|0x00000003edc00000, 0x00000003edc00000, 0x00000003ee000000|  0%| F|  |TS  0|AC  0|TAMS 0x00000003edc00000, 0x00000003edc00000|
|  89|0x00000003ee000000, 0x00000003ee000000, 0x00000003ee400000|  0%| F|  |TS  0|AC  0|TAMS 0x00000003ee000000, 0x00000003ee000000|
|  90|0x00000003ee400000, 0x00000003ee400000, 0x00000003ee800000|  0%| F|  |TS  0|AC  0|TAMS 0x00000003ee400000, 0x00000003ee400000|
|  91|0x00000003ee800000, 0x00000003ee800000, 0x00000003eec00000|  0%| F|  |TS  0|AC  0|TAMS 0x00000003ee800000, 0x00000003ee800000|
|  92|0x00000003eec00000, 0x00000003eec00000, 0x00000003ef000000|  0%| F|  |TS  0|AC  0|TAMS 0x00000003eec00000, 0x00000003eec00000|
|  93|0x00000003ef000000, 0x00000003ef000000, 0x00000003ef400000|  0%| F|  |TS  0|AC  0|TAMS 0x00000003ef000000, 0x00000003ef000000|
|  94|0x00000003ef400000, 0x00000003ef400000, 0x00000003ef800000|  0%| F|  |TS  0|AC  0|TAMS 0x00000003ef400000, 0x00000003ef400000|
|  95|0x00000003ef800000, 0x00000003ef800000, 0x00000003efc00000|  0%| F|  |TS  0|AC  0|TAMS 0x00000003ef800000, 0x00000003ef800000|
|  96|0x00000003efc00000, 0x00000003efc00000, 0x00000003f0000000|  0%| F|  |TS  0|AC  0|TAMS 0x00000003efc00000, 0x00000003efc00000|
|  97|0x00000003f0000000, 0x00000003f0000000, 0x00000003f0400000|  0%| F|  |TS  0|AC  0|TAMS 0x00000003f0000000, 0x00000003f0000000|
|  98|0x00000003f0400000, 0x00000003f0400000, 0x00000003f0800000|  0%| F|  |TS  0|AC  0|TAMS 0x00000003f0400000, 0x00000003f0400000|
|  99|0x00000003f0800000, 0x00000003f0800000, 0x00000003f0c00000|  0%| F|  |TS  0|AC  0|TAMS 0x00000003f0800000, 0x00000003f0800000|
| 100|0x00000003f0c00000, 0x00000003f0c00000, 0x00000003f1000000|  0%| F|  |TS  0|AC  0|TAMS 0x00000003f0c00000, 0x00000003f0c00000|
| 101|0x00000003f1000000, 0x00000003f1000000, 0x00000003f1400000|  0%| F|  |TS  0|AC  0|TAMS 0x00000003f1000000, 0x00000003f1000000|
| 102|0x00000003f1400000, 0x00000003f1400000, 0x00000003f1800000|  0%| F|  |TS  0|AC  0|TAMS 0x00000003f1400000, 0x00000003f1400000|
| 103|0x00000003f1800000, 0x00000003f1800000, 0x00000003f1c00000|  0%| F|  |TS  0|AC  0|TAMS 0x00000003f1800000, 0x00000003f1800000|
| 104|0x00000003f1c00000, 0x00000003f1c00000, 0x00000003f2000000|  0%| F|  |TS  0|AC  0|TAMS 0x00000003f1c00000, 0x00000003f1c00000|
| 105|0x00000003f2000000, 0x00000003f2000000, 0x00000003f2400000|  0%| F|  |TS  0|AC  0|TAMS 0x00000003f2000000, 0x00000003f2000000|
| 106|0x00000003f2400000, 0x00000003f2400000, 0x00000003f2800000|  0%| F|  |TS  0|AC  0|TAMS 0x00000003f2400000, 0x00000003f2400000|
| 107|0x00000003f2800000, 0x00000003f2800000, 0x00000003f2c00000|  0%| F|  |TS  0|AC  0|TAMS 0x00000003f2800000, 0x00000003f2800000|
| 108|0x00000003f2c00000, 0x00000003f2c00000, 0x00000003f3000000|  0%| F|  |TS  0|AC  0|TAMS 0x00000003f2c00000, 0x00000003f2c00000|
| 109|0x00000003f3000000, 0x00000003f3000000, 0x00000003f3400000|  0%| F|  |TS  0|AC  0|TAMS 0x00000003f3000000, 0x00000003f3000000|
| 110|0x00000003f3400000, 0x00000003f3400000, 0x00000003f3800000|  0%| F|  |TS  0|AC  0|TAMS 0x00000003f3400000, 0x00000003f3400000|
| 111|0x00000003f3800000, 0x00000003f3800000, 0x00000003f3c00000|  0%| F|  |TS  0|AC  0|TAMS 0x00000003f3800000, 0x00000003f3800000|
| 112|0x00000003f3c00000, 0x00000003f3c00000, 0x00000003f4000000|  0%| F|  |TS  0|AC  0|TAMS 0x00000003f3c00000, 0x00000003f3c00000|
| 113|0x00000003f4000000, 0x00000003f4000000, 0x00000003f4400000|  0%| F|  |TS  0|AC  0|TAMS 0x00000003f4000000, 0x00000003f4000000|
| 114|0x00000003f4400000, 0x00000003f4400000, 0x00000003f4800000|  0%| F|  |TS  0|AC  0|TAMS 0x00000003f4400000, 0x00000003f4400000|
| 115|0x00000003f4800000, 0x00000003f4800000, 0x00000003f4c00000|  0%| F|  |TS  0|AC  0|TAMS 0x00000003f4800000, 0x00000003f4800000|
| 116|0x00000003f4c00000, 0x00000003f4c00000, 0x00000003f5000000|  0%| F|  |TS  0|AC  0|TAMS 0x00000003f4c00000, 0x00000003f4c00000|
| 117|0x00000003f5000000, 0x00000003f5000000, 0x00000003f5400000|  0%| F|  |TS  0|AC  0|TAMS 0x00000003f5000000, 0x00000003f5000000|
| 118|0x00000003f5400000, 0x00000003f5400000, 0x00000003f5800000|  0%| F|  |TS  0|AC  0|TAMS 0x00000003f5400000, 0x00000003f5400000|
| 119|0x00000003f5800000, 0x00000003f5800000, 0x00000003f5c00000|  0%| F|  |TS  0|AC  0|TAMS 0x00000003f5800000, 0x00000003f5800000|
| 120|0x00000003f5c00000, 0x00000003f5c00000, 0x00000003f6000000|  0%| F|  |TS  0|AC  0|TAMS 0x00000003f5c00000, 0x00000003f5c00000|
| 121|0x00000003f6000000, 0x00000003f6000000, 0x00000003f6400000|  0%| F|  |TS  0|AC  0|TAMS 0x00000003f6000000, 0x00000003f6000000|
| 122|0x00000003f6400000, 0x00000003f6400000, 0x00000003f6800000|  0%| F|  |TS  0|AC  0|TAMS 0x00000003f6400000, 0x00000003f6400000|
| 123|0x00000003f6800000, 0x00000003f6800000, 0x00000003f6c00000|  0%| F|  |TS  0|AC  0|TAMS 0x00000003f6800000, 0x00000003f6800000|
| 124|0x00000003f6c00000, 0x00000003f6c00000, 0x00000003f7000000|  0%| F|  |TS  0|AC  0|TAMS 0x00000003f6c00000, 0x00000003f6c00000|
| 125|0x00000003f7000000, 0x00000003f7000000, 0x00000003f7400000|  0%| F|  |TS  0|AC  0|TAMS 0x00000003f7000000, 0x00000003f7000000|
| 126|0x00000003f7400000, 0x00000003f7400000, 0x00000003f7800000|  0%| F|  |TS  0|AC  0|TAMS 0x00000003f7400000, 0x00000003f7400000|
| 127|0x00000003f7800000, 0x00000003f7800000, 0x00000003f7c00000|  0%| F|  |TS  0|AC  0|TAMS 0x00000003f7800000, 0x00000003f7800000|
| 128|0x00000003f7c00000, 0x00000003f7c00000, 0x00000003f8000000|  0%| F|  |TS  0|AC  0|TAMS 0x00000003f7c00000, 0x00000003f7c00000|
| 129|0x00000003f8000000, 0x00000003f8000000, 0x00000003f8400000|  0%| F|  |TS  0|AC  0|TAMS 0x00000003f8000000, 0x00000003f8000000|
| 130|0x00000003f8400000, 0x00000003f8400000, 0x00000003f8800000|  0%| F|  |TS  0|AC  0|TAMS 0x00000003f8400000, 0x00000003f8400000|
| 131|0x00000003f8800000, 0x00000003f8800000, 0x00000003f8c00000|  0%| F|  |TS  0|AC  0|TAMS 0x00000003f8800000, 0x00000003f8800000|
| 132|0x00000003f8c00000, 0x00000003f8c00000, 0x00000003f9000000|  0%| F|  |TS  0|AC  0|TAMS 0x00000003f8c00000, 0x00000003f8c00000|
| 133|0x00000003f9000000, 0x00000003f9000000, 0x00000003f9400000|  0%| F|  |TS  0|AC  0|TAMS 0x00000003f9000000, 0x00000003f9000000|
| 134|0x00000003f9400000, 0x00000003f9400000, 0x00000003f9800000|  0%| F|  |TS  0|AC  0|TAMS 0x00000003f9400000, 0x00000003f9400000|
| 135|0x00000003f9800000, 0x00000003f9800000, 0x00000003f9c00000|  0%| F|  |TS  0|AC  0|TAMS 0x00000003f9800000, 0x00000003f9800000|
| 136|0x00000003f9c00000, 0x00000003f9c00000, 0x00000003fa000000|  0%| F|  |TS  0|AC  0|TAMS 0x00000003f9c00000, 0x00000003f9c00000|
| 137|0x00000003fa000000, 0x00000003fa000000, 0x00000003fa400000|  0%| F|  |TS  0|AC  0|TAMS 0x00000003fa000000, 0x00000003fa000000|
| 138|0x00000003fa400000, 0x00000003fa400000, 0x00000003fa800000|  0%| F|  |TS  0|AC  0|TAMS 0x00000003fa400000, 0x00000003fa400000|
| 139|0x00000003fa800000, 0x00000003fa800000, 0x00000003fac00000|  0%| F|  |TS  0|AC  0|TAMS 0x00000003fa800000, 0x00000003fa800000|
| 140|0x00000003fac00000, 0x00000003fac00000, 0x00000003fb000000|  0%| F|  |TS  0|AC  0|TAMS 0x00000003fac00000, 0x00000003fac00000|
| 141|0x00000003fb000000, 0x00000003fb000000, 0x00000003fb400000|  0%| F|  |TS  0|AC  0|TAMS 0x00000003fb000000, 0x00000003fb000000|
| 142|0x00000003fb400000, 0x00000003fb400000, 0x00000003fb800000|  0%| F|  |TS  0|AC  0|TAMS 0x00000003fb400000, 0x00000003fb400000|
| 143|0x00000003fb800000, 0x00000003fb800000, 0x00000003fbc00000|  0%| F|  |TS  0|AC  0|TAMS 0x00000003fb800000, 0x00000003fb800000|
| 144|0x00000003fbc00000, 0x00000003fbc00000, 0x00000003fc000000|  0%| F|  |TS  0|AC  0|TAMS 0x00000003fbc00000, 0x00000003fbc00000|
| 145|0x00000003fc000000, 0x00000003fc000000, 0x00000003fc400000|  0%| F|  |TS  0|AC  0|TAMS 0x00000003fc000000, 0x00000003fc000000|
| 146|0x00000003fc400000, 0x00000003fc400000, 0x00000003fc800000|  0%| F|  |TS  0|AC  0|TAMS 0x00000003fc400000, 0x00000003fc400000|
| 147|0x00000003fc800000, 0x00000003fc800000, 0x00000003fcc00000|  0%| F|  |TS  0|AC  0|TAMS 0x00000003fc800000, 0x00000003fc800000|
| 148|0x00000003fcc00000, 0x00000003fcc00000, 0x00000003fd000000|  0%| F|  |TS  0|AC  0|TAMS 0x00000003fcc00000, 0x00000003fcc00000|
| 149|0x00000003fd000000, 0x00000003fd000000, 0x00000003fd400000|  0%| F|  |TS  0|AC  0|TAMS 0x00000003fd000000, 0x00000003fd000000|
| 150|0x00000003fd400000, 0x00000003fd400000, 0x00000003fd800000|  0%| F|  |TS  0|AC  0|TAMS 0x00000003fd400000, 0x00000003fd400000|
| 151|0x00000003fd800000, 0x00000003fd800000, 0x00000003fdc00000|  0%| F|  |TS  0|AC  0|TAMS 0x00000003fd800000, 0x00000003fd800000|
| 152|0x00000003fdc00000, 0x00000003fdc00000, 0x00000003fe000000|  0%| F|  |TS  0|AC  0|TAMS 0x00000003fdc00000, 0x00000003fdc00000|
| 153|0x00000003fe000000, 0x00000003fe000000, 0x00000003fe400000|  0%| F|  |TS  0|AC  0|TAMS 0x00000003fe000000, 0x00000003fe000000|
| 154|0x00000003fe400000, 0x00000003fe400000, 0x00000003fe800000|  0%| F|  |TS  0|AC  0|TAMS 0x00000003fe400000, 0x00000003fe400000|
| 155|0x00000003fe800000, 0x00000003fe800000, 0x00000003fec00000|  0%| F|  |TS  0|AC  0|TAMS 0x00000003fe800000, 0x00000003fe800000|
| 156|0x00000003fec00000, 0x00000003fec00000, 0x00000003ff000000|  0%| F|  |TS  0|AC  0|TAMS 0x00000003fec00000, 0x00000003fec00000|
| 157|0x00000003ff000000, 0x00000003ff000000, 0x00000003ff400000|  0%| F|  |TS  0|AC  0|TAMS 0x00000003ff000000, 0x00000003ff000000|
| 158|0x00000003ff400000, 0x00000003ff400000, 0x00000003ff800000|  0%| F|  |TS  0|AC  0|TAMS 0x00000003ff400000, 0x00000003ff400000|
| 159|0x00000003ff800000, 0x00000003ff800000, 0x00000003ffc00000|  0%| F|  |TS  0|AC  0|TAMS 0x00000003ff800000, 0x00000003ff800000|
| 160|0x00000003ffc00000, 0x00000003ffc00000, 0x0000000400000000|  0%| F|  |TS  0|AC  0|TAMS 0x00000003ffc00000, 0x00000003ffc00000|
| 161|0x0000000400000000, 0x0000000400000000, 0x0000000400400000|  0%| F|  |TS  0|AC  0|TAMS 0x0000000400000000, 0x0000000400000000|
| 162|0x0000000400400000, 0x0000000400400000, 0x0000000400800000|  0%| F|  |TS  0|AC  0|TAMS 0x0000000400400000, 0x0000000400400000|
| 163|0x0000000400800000, 0x0000000400800000, 0x0000000400c00000|  0%| F|  |TS  0|AC  0|TAMS 0x0000000400800000, 0x0000000400800000|
| 164|0x0000000400c00000, 0x0000000400c00000, 0x0000000401000000|  0%| F|  |TS  0|AC  0|TAMS 0x0000000400c00000, 0x0000000400c00000|
| 165|0x0000000401000000, 0x0000000401000000, 0x0000000401400000|  0%| F|  |TS  0|AC  0|TAMS 0x0000000401000000, 0x0000000401000000|
| 166|0x0000000401400000, 0x0000000401400000, 0x0000000401800000|  0%| F|  |TS  0|AC  0|TAMS 0x0000000401400000, 0x0000000401400000|
| 167|0x0000000401800000, 0x0000000401800000, 0x0000000401c00000|  0%| F|  |TS  0|AC  0|TAMS 0x0000000401800000, 0x0000000401800000|
| 168|0x0000000401c00000, 0x0000000401c00000, 0x0000000402000000|  0%| F|  |TS  0|AC  0|TAMS 0x0000000401c00000, 0x0000000401c00000|
| 169|0x0000000402000000, 0x0000000402000000, 0x0000000402400000|  0%| F|  |TS  0|AC  0|TAMS 0x0000000402000000, 0x0000000402000000|
| 170|0x0000000402400000, 0x0000000402400000, 0x0000000402800000|  0%| F|  |TS  0|AC  0|TAMS 0x0000000402400000, 0x0000000402400000|
| 171|0x0000000402800000, 0x0000000402800000, 0x0000000402c00000|  0%| F|  |TS  0|AC  0|TAMS 0x0000000402800000, 0x0000000402800000|
| 172|0x0000000402c00000, 0x0000000402c00000, 0x0000000403000000|  0%| F|  |TS  0|AC  0|TAMS 0x0000000402c00000, 0x0000000402c00000|
| 173|0x0000000403000000, 0x0000000403000000, 0x0000000403400000|  0%| F|  |TS  0|AC  0|TAMS 0x0000000403000000, 0x0000000403000000|
| 174|0x0000000403400000, 0x0000000403400000, 0x0000000403800000|  0%| F|  |TS  0|AC  0|TAMS 0x0000000403400000, 0x0000000403400000|
| 175|0x0000000403800000, 0x0000000403800000, 0x0000000403c00000|  0%| F|  |TS  0|AC  0|TAMS 0x0000000403800000, 0x0000000403800000|
| 176|0x0000000403c00000, 0x0000000403c00000, 0x0000000404000000|  0%| F|  |TS  0|AC  0|TAMS 0x0000000403c00000, 0x0000000403c00000|
| 177|0x0000000404000000, 0x0000000404000000, 0x0000000404400000|  0%| F|  |TS  0|AC  0|TAMS 0x0000000404000000, 0x0000000404000000|
| 178|0x0000000404400000, 0x0000000404400000, 0x0000000404800000|  0%| F|  |TS  0|AC  0|TAMS 0x0000000404400000, 0x0000000404400000|
| 179|0x0000000404800000, 0x0000000404800000, 0x0000000404c00000|  0%| F|  |TS  0|AC  0|TAMS 0x0000000404800000, 0x0000000404800000|
| 180|0x0000000404c00000, 0x0000000404c00000, 0x0000000405000000|  0%| F|  |TS  0|AC  0|TAMS 0x0000000404c00000, 0x0000000404c00000|
| 181|0x0000000405000000, 0x0000000405000000, 0x0000000405400000|  0%| F|  |TS  0|AC  0|TAMS 0x0000000405000000, 0x0000000405000000|
| 182|0x0000000405400000, 0x0000000405400000, 0x0000000405800000|  0%| F|  |TS  0|AC  0|TAMS 0x0000000405400000, 0x0000000405400000|
| 183|0x0000000405800000, 0x0000000405800000, 0x0000000405c00000|  0%| F|  |TS  0|AC  0|TAMS 0x0000000405800000, 0x0000000405800000|
| 184|0x0000000405c00000, 0x0000000405c00000, 0x0000000406000000|  0%| F|  |TS  0|AC  0|TAMS 0x0000000405c00000, 0x0000000405c00000|
| 185|0x0000000406000000, 0x0000000406000000, 0x0000000406400000|  0%| F|  |TS  0|AC  0|TAMS 0x0000000406000000, 0x0000000406000000|
| 186|0x0000000406400000, 0x0000000406400000, 0x0000000406800000|  0%| F|  |TS  0|AC  0|TAMS 0x0000000406400000, 0x0000000406400000|
| 187|0x0000000406800000, 0x0000000406800000, 0x0000000406c00000|  0%| F|  |TS  0|AC  0|TAMS 0x0000000406800000, 0x0000000406800000|
| 188|0x0000000406c00000, 0x0000000406c00000, 0x0000000407000000|  0%| F|  |TS  0|AC  0|TAMS 0x0000000406c00000, 0x0000000406c00000|
| 189|0x0000000407000000, 0x0000000407000000, 0x0000000407400000|  0%| F|  |TS  0|AC  0|TAMS 0x0000000407000000, 0x0000000407000000|
| 190|0x0000000407400000, 0x0000000407400000, 0x0000000407800000|  0%| F|  |TS  0|AC  0|TAMS 0x0000000407400000, 0x0000000407400000|
| 191|0x0000000407800000, 0x0000000407800000, 0x0000000407c00000|  0%| F|  |TS  0|AC  0|TAMS 0x0000000407800000, 0x0000000407800000|
| 192|0x0000000407c00000, 0x0000000407c00000, 0x0000000408000000|  0%| F|  |TS  0|AC  0|TAMS 0x0000000407c00000, 0x0000000407c00000|
| 193|0x0000000408000000, 0x0000000408000000, 0x0000000408400000|  0%| F|  |TS  0|AC  0|TAMS 0x0000000408000000, 0x0000000408000000|
| 194|0x0000000408400000, 0x0000000408400000, 0x0000000408800000|  0%| F|  |TS  0|AC  0|TAMS 0x0000000408400000, 0x0000000408400000|
| 195|0x0000000408800000, 0x0000000408800000, 0x0000000408c00000|  0%| F|  |TS  0|AC  0|TAMS 0x0000000408800000, 0x0000000408800000|
| 196|0x0000000408c00000, 0x0000000408c00000, 0x0000000409000000|  0%| F|  |TS  0|AC  0|TAMS 0x0000000408c00000, 0x0000000408c00000|
| 197|0x0000000409000000, 0x0000000409000000, 0x0000000409400000|  0%| F|  |TS  0|AC  0|TAMS 0x0000000409000000, 0x0000000409000000|
| 198|0x0000000409400000, 0x0000000409400000, 0x0000000409800000|  0%| F|  |TS  0|AC  0|TAMS 0x0000000409400000, 0x0000000409400000|
| 199|0x0000000409800000, 0x0000000409800000, 0x0000000409c00000|  0%| F|  |TS  0|AC  0|TAMS 0x0000000409800000, 0x0000000409800000|
| 200|0x0000000409c00000, 0x0000000409c00000, 0x000000040a000000|  0%| F|  |TS  0|AC  0|TAMS 0x0000000409c00000, 0x0000000409c00000|
| 201|0x000000040a000000, 0x000000040a000000, 0x000000040a400000|  0%| F|  |TS  0|AC  0|TAMS 0x000000040a000000, 0x000000040a000000|
| 202|0x000000040a400000, 0x000000040a400000, 0x000000040a800000|  0%| F|  |TS  0|AC  0|TAMS 0x000000040a400000, 0x000000040a400000|
| 203|0x000000040a800000, 0x000000040a800000, 0x000000040ac00000|  0%| F|  |TS  0|AC  0|TAMS 0x000000040a800000, 0x000000040a800000|
| 204|0x000000040ac00000, 0x000000040ac00000, 0x000000040b000000|  0%| F|  |TS  0|AC  0|TAMS 0x000000040ac00000, 0x000000040ac00000|
| 205|0x000000040b000000, 0x000000040b000000, 0x000000040b400000|  0%| F|  |TS  0|AC  0|TAMS 0x000000040b000000, 0x000000040b000000|
| 206|0x000000040b400000, 0x000000040b400000, 0x000000040b800000|  0%| F|  |TS  0|AC  0|TAMS 0x000000040b400000, 0x000000040b400000|
| 207|0x000000040b800000, 0x000000040b800000, 0x000000040bc00000|  0%| F|  |TS  0|AC  0|TAMS 0x000000040b800000, 0x000000040b800000|
| 208|0x000000040bc00000, 0x000000040bc00000, 0x000000040c000000|  0%| F|  |TS  0|AC  0|TAMS 0x000000040bc00000, 0x000000040bc00000|
| 209|0x000000040c000000, 0x000000040c000000, 0x000000040c400000|  0%| F|  |TS  0|AC  0|TAMS 0x000000040c000000, 0x000000040c000000|
| 210|0x000000040c400000, 0x000000040c400000, 0x000000040c800000|  0%| F|  |TS  0|AC  0|TAMS 0x000000040c400000, 0x000000040c400000|
| 211|0x000000040c800000, 0x000000040c800000, 0x000000040cc00000|  0%| F|  |TS  0|AC  0|TAMS 0x000000040c800000, 0x000000040c800000|
| 212|0x000000040cc00000, 0x000000040cc00000, 0x000000040d000000|  0%| F|  |TS  0|AC  0|TAMS 0x000000040cc00000, 0x000000040cc00000|
| 213|0x000000040d000000, 0x000000040d000000, 0x000000040d400000|  0%| F|  |TS  0|AC  0|TAMS 0x000000040d000000, 0x000000040d000000|
| 214|0x000000040d400000, 0x000000040d400000, 0x000000040d800000|  0%| F|  |TS  0|AC  0|TAMS 0x000000040d400000, 0x000000040d400000|
| 215|0x000000040d800000, 0x000000040d800000, 0x000000040dc00000|  0%| F|  |TS  0|AC  0|TAMS 0x000000040d800000, 0x000000040d800000|
| 216|0x000000040dc00000, 0x000000040dc00000, 0x000000040e000000|  0%| F|  |TS  0|AC  0|TAMS 0x000000040dc00000, 0x000000040dc00000|
| 217|0x000000040e000000, 0x000000040e000000, 0x000000040e400000|  0%| F|  |TS  0|AC  0|TAMS 0x000000040e000000, 0x000000040e000000|
| 218|0x000000040e400000, 0x000000040e400000, 0x000000040e800000|  0%| F|  |TS  0|AC  0|TAMS 0x000000040e400000, 0x000000040e400000|
| 219|0x000000040e800000, 0x000000040e800000, 0x000000040ec00000|  0%| F|  |TS  0|AC  0|TAMS 0x000000040e800000, 0x000000040e800000|
| 220|0x000000040ec00000, 0x000000040ec00000, 0x000000040f000000|  0%| F|  |TS  0|AC  0|TAMS 0x000000040ec00000, 0x000000040ec00000|
| 221|0x000000040f000000, 0x000000040f000000, 0x000000040f400000|  0%| F|  |TS  0|AC  0|TAMS 0x000000040f000000, 0x000000040f000000|
| 222|0x000000040f400000, 0x000000040f400000, 0x000000040f800000|  0%| F|  |TS  0|AC  0|TAMS 0x000000040f400000, 0x000000040f400000|
| 223|0x000000040f800000, 0x000000040f800000, 0x000000040fc00000|  0%| F|  |TS  0|AC  0|TAMS 0x000000040f800000, 0x000000040f800000|
| 224|0x000000040fc00000, 0x000000040fc00000, 0x0000000410000000|  0%| F|  |TS  0|AC  0|TAMS 0x000000040fc00000, 0x000000040fc00000|
| 225|0x0000000410000000, 0x0000000410000000, 0x0000000410400000|  0%| F|  |TS  0|AC  0|TAMS 0x0000000410000000, 0x0000000410000000|
| 226|0x0000000410400000, 0x0000000410400000, 0x0000000410800000|  0%| F|  |TS  0|AC  0|TAMS 0x0000000410400000, 0x0000000410400000|
| 227|0x0000000410800000, 0x0000000410800000, 0x0000000410c00000|  0%| F|  |TS  0|AC  0|TAMS 0x0000000410800000, 0x0000000410800000|
| 228|0x0000000410c00000, 0x0000000410c00000, 0x0000000411000000|  0%| F|  |TS  0|AC  0|TAMS 0x0000000410c00000, 0x0000000410c00000|
| 229|0x0000000411000000, 0x0000000411000000, 0x0000000411400000|  0%| F|  |TS  0|AC  0|TAMS 0x0000000411000000, 0x0000000411000000|
| 230|0x0000000411400000, 0x0000000411400000, 0x0000000411800000|  0%| F|  |TS  0|AC  0|TAMS 0x0000000411400000, 0x0000000411400000|
| 231|0x0000000411800000, 0x0000000411800000, 0x0000000411c00000|  0%| F|  |TS  0|AC  0|TAMS 0x0000000411800000, 0x0000000411800000|
| 232|0x0000000411c00000, 0x0000000411c00000, 0x0000000412000000|  0%| F|  |TS  0|AC  0|TAMS 0x0000000411c00000, 0x0000000411c00000|
| 233|0x0000000412000000, 0x0000000412000000, 0x0000000412400000|  0%| F|  |TS  0|AC  0|TAMS 0x0000000412000000, 0x0000000412000000|
| 234|0x0000000412400000, 0x0000000412400000, 0x0000000412800000|  0%| F|  |TS  0|AC  0|TAMS 0x0000000412400000, 0x0000000412400000|
| 235|0x0000000412800000, 0x0000000412800000, 0x0000000412c00000|  0%| F|  |TS  0|AC  0|TAMS 0x0000000412800000, 0x0000000412800000|
| 236|0x0000000412c00000, 0x0000000412c00000, 0x0000000413000000|  0%| F|  |TS  0|AC  0|TAMS 0x0000000412c00000, 0x0000000412c00000|
| 237|0x0000000413000000, 0x0000000413000000, 0x0000000413400000|  0%| F|  |TS  0|AC  0|TAMS 0x0000000413000000, 0x0000000413000000|
| 238|0x0000000413400000, 0x0000000413400000, 0x0000000413800000|  0%| F|  |TS  0|AC  0|TAMS 0x0000000413400000, 0x0000000413400000|
| 239|0x0000000413800000, 0x0000000413800000, 0x0000000413c00000|  0%| F|  |TS  0|AC  0|TAMS 0x0000000413800000, 0x0000000413800000|
| 240|0x0000000413c00000, 0x0000000413c00000, 0x0000000414000000|  0%| F|  |TS  0|AC  0|TAMS 0x0000000413c00000, 0x0000000413c00000|
| 241|0x0000000414000000, 0x0000000414000000, 0x0000000414400000|  0%| F|  |TS  0|AC  0|TAMS 0x0000000414000000, 0x0000000414000000|
| 242|0x0000000414400000, 0x0000000414400000, 0x0000000414800000|  0%| F|  |TS  0|AC  0|TAMS 0x0000000414400000, 0x0000000414400000|
| 243|0x0000000414800000, 0x0000000414800000, 0x0000000414c00000|  0%| F|  |TS  0|AC  0|TAMS 0x0000000414800000, 0x0000000414800000|
| 244|0x0000000414c00000, 0x0000000414c00000, 0x0000000415000000|  0%| F|  |TS  0|AC  0|TAMS 0x0000000414c00000, 0x0000000414c00000|
| 245|0x0000000415000000, 0x0000000415000000, 0x0000000415400000|  0%| F|  |TS  0|AC  0|TAMS 0x0000000415000000, 0x0000000415000000|
| 246|0x0000000415400000, 0x0000000415400000, 0x0000000415800000|  0%| F|  |TS  0|AC  0|TAMS 0x0000000415400000, 0x0000000415400000|
| 247|0x0000000415800000, 0x00000004159ec0b0, 0x0000000415c00000| 48%| E|  |TS  0|AC  0|TAMS 0x0000000415800000, 0x0000000415800000|
| 248|0x0000000415c00000, 0x0000000416000000, 0x0000000416000000|100%| E|CS|TS  0|AC  0|TAMS 0x0000000415c00000, 0x0000000415c00000|
| 249|0x0000000416000000, 0x0000000416400000, 0x0000000416400000|100%| E|CS|TS  0|AC  0|TAMS 0x0000000416000000, 0x0000000416000000|
| 250|0x0000000416400000, 0x0000000416800000, 0x0000000416800000|100%| E|CS|TS  0|AC  0|TAMS 0x0000000416400000, 0x0000000416400000|

Card table byte_map: [0x00007fe3a623a000,0x00007fe3a817c000] byte_map_base: 0x00007fe3a437c000

Marking Bits (Prev, Next): (CMBitMap*) 0x00007fe47009e820, (CMBitMap*) 0x00007fe47009e858
 Prev Bits: [0x00007fe3948e8000, 0x00007fe3a42f8000)
 Next Bits: [0x00007fe384ed8000, 0x00007fe3948e8000)

Polling page: 0x00007fe4767a1000

CodeHeap 'non-profiled nmethods': size=119172Kb used=166Kb max_used=166Kb free=119005Kb
 bounds [0x00007fe45d6e2000, 0x00007fe45d952000, 0x00007fe464b43000]
CodeHeap 'profiled nmethods': size=119172Kb used=352Kb max_used=352Kb free=118819Kb
 bounds [0x00007fe456281000, 0x00007fe4564f1000, 0x00007fe45d6e2000]
CodeHeap 'non-nmethods': size=7416Kb used=2826Kb max_used=2866Kb free=4589Kb
 bounds [0x00007fe455b43000, 0x00007fe455e13000, 0x00007fe456281000]
 total_blobs=647 nmethods=262 adapters=168
 compilation: enabled

Compilation events (10 events):
Event: 0.382 Thread 0x00007fe4702b1000 nmethod 253 0x00007fe45d6fa490 code [0x00007fe45d6fa700, 0x00007fe45d6fb7c8]
Event: 0.384 Thread 0x00007fe4702b2800 nmethod 252 0x00007fe45d6fc090 code [0x00007fe45d6fc300, 0x00007fe45d6fd708]
Event: 0.398 Thread 0x00007fe4702ad000  255   !   4       java.io.PrintStream::write (69 bytes)
Event: 0.399 Thread 0x00007fe4702b4800 nmethod 259 0x00007fe45d6fe090 code [0x00007fe45d6fe2e0, 0x00007fe45d6ff428]
Event: 0.406 Thread 0x00007fe4702ad000 nmethod 255 0x00007fe45d6ffd90 code [0x00007fe45d6fffc0, 0x00007fe45d700d88]
Event: 0.420 Thread 0x00007fe4702b8000 nmethod 261 0x00007fe45d701410 code [0x00007fe45d701700, 0x00007fe45d703910]
Event: 0.455 Thread 0x00007fe4702af000 nmethod 260 0x00007fe45d704b90 code [0x00007fe45d705020, 0x00007fe45d709388]
Event: 0.456 Thread 0x00007fe4702b1000  262       4       java.io.FileDescriptor$1::getAppend (5 bytes)
Event: 0.456 Thread 0x00007fe4702b1000 nmethod 262 0x00007fe45d70b710 code [0x00007fe45d70b8a0, 0x00007fe45d70b918]
Event: 0.568 Thread 0x00007fe4702bd800  263 %     3       org.eclipse.core.runtime.adaptor.EclipseStarter::main @ 4520 (7496 bytes)

GC Heap History (0 events):
No events

Deoptimization events (0 events):
No events

Classes redefined (0 events):
No events

Internal exceptions (0 events):
No events

Events (10 events):
Event: 0.338 Thread 0x00007fe470011800 DEOPT PACKING pc=0x00007fe4562b9524 sp=0x00007fe474e4b980
Event: 0.338 Thread 0x00007fe470011800 DEOPT UNPACKING pc=0x00007fe455b90aab sp=0x00007fe474e4af68 mode 0
Event: 0.338 Thread 0x00007fe470011800 DEOPT PACKING pc=0x00007fe4562b9524 sp=0x00007fe474e4b980
Event: 0.338 Thread 0x00007fe470011800 DEOPT UNPACKING pc=0x00007fe455b90aab sp=0x00007fe474e4af68 mode 0
Event: 0.339 Thread 0x00007fe470011800 DEOPT PACKING pc=0x00007fe4562b9524 sp=0x00007fe474e4b980
Event: 0.339 Thread 0x00007fe470011800 DEOPT UNPACKING pc=0x00007fe455b90aab sp=0x00007fe474e4af68 mode 0
Event: 0.339 Thread 0x00007fe470011800 DEOPT PACKING pc=0x00007fe4562b9524 sp=0x00007fe474e4b980
Event: 0.339 Thread 0x00007fe470011800 DEOPT UNPACKING pc=0x00007fe455b90aab sp=0x00007fe474e4af68 mode 0
Event: 0.339 Thread 0x00007fe470011800 DEOPT PACKING pc=0x00007fe4562b9524 sp=0x00007fe474e4b980
Event: 0.339 Thread 0x00007fe470011800 DEOPT UNPACKING pc=0x00007fe455b90aab sp=0x00007fe474e4af68 mode 0


Dynamic libraries:
00400000-00401000 r-xp 00000000 00:65 77077150                           /root/oracle/jdk-9.0.4/bin/java
00600000-00601000 rw-p 00000000 00:65 77077150                           /root/oracle/jdk-9.0.4/bin/java
00903000-00924000 rw-p 00000000 00:00 0                                  [heap]
3d7c00000-416800000 rw-p 00000000 00:00 0 
416800000-7c0000000 ---p 00000000 00:00 0 
7c0000000-7c0080000 rw-p 00000000 00:00 0 
7c0080000-800000000 ---p 00000000 00:00 0 
7fe314000000-7fe314021000 rw-p 00000000 00:00 0 
7fe314021000-7fe318000000 ---p 00000000 00:00 0 
7fe31c000000-7fe31c021000 rw-p 00000000 00:00 0 
7fe31c021000-7fe320000000 ---p 00000000 00:00 0 
7fe320000000-7fe320021000 rw-p 00000000 00:00 0 
7fe320021000-7fe324000000 ---p 00000000 00:00 0 
7fe324000000-7fe324021000 rw-p 00000000 00:00 0 
7fe324021000-7fe328000000 ---p 00000000 00:00 0 
7fe328000000-7fe328021000 rw-p 00000000 00:00 0 
7fe328021000-7fe32c000000 ---p 00000000 00:00 0 
7fe32c000000-7fe32c0e2000 rw-p 00000000 00:00 0 
7fe32c0e2000-7fe330000000 ---p 00000000 00:00 0 
7fe330000000-7fe33003d000 rw-p 00000000 00:00 0 
7fe33003d000-7fe334000000 ---p 00000000 00:00 0 
7fe334000000-7fe33405d000 rw-p 00000000 00:00 0 
7fe33405d000-7fe338000000 ---p 00000000 00:00 0 
7fe338000000-7fe3380b6000 rw-p 00000000 00:00 0 
7fe3380b6000-7fe33c000000 ---p 00000000 00:00 0 
7fe33c000000-7fe33c154000 rw-p 00000000 00:00 0 
7fe33c154000-7fe340000000 ---p 00000000 00:00 0 
7fe340000000-7fe34021c000 rw-p 00000000 00:00 0 
7fe34021c000-7fe344000000 ---p 00000000 00:00 0 
7fe344000000-7fe344192000 rw-p 00000000 00:00 0 
7fe344192000-7fe348000000 ---p 00000000 00:00 0 
7fe348000000-7fe3480a5000 rw-p 00000000 00:00 0 
7fe3480a5000-7fe34c000000 ---p 00000000 00:00 0 
7fe34c000000-7fe34c458000 rw-p 00000000 00:00 0 
7fe34c458000-7fe350000000 ---p 00000000 00:00 0 
7fe350000000-7fe35016d000 rw-p 00000000 00:00 0 
7fe35016d000-7fe354000000 ---p 00000000 00:00 0 
7fe354000000-7fe354021000 rw-p 00000000 00:00 0 
7fe354021000-7fe358000000 ---p 00000000 00:00 0 
7fe358000000-7fe358187000 rw-p 00000000 00:00 0 
7fe358187000-7fe35c000000 ---p 00000000 00:00 0 
7fe35c000000-7fe35c021000 rw-p 00000000 00:00 0 
7fe35c021000-7fe360000000 ---p 00000000 00:00 0 
7fe360000000-7fe360021000 rw-p 00000000 00:00 0 
7fe360021000-7fe364000000 ---p 00000000 00:00 0 
7fe364000000-7fe364021000 rw-p 00000000 00:00 0 
7fe364021000-7fe368000000 ---p 00000000 00:00 0 
7fe368000000-7fe368021000 rw-p 00000000 00:00 0 
7fe368021000-7fe36c000000 ---p 00000000 00:00 0 
7fe36c899000-7fe36cbc7000 rw-p 00000000 00:00 0 
7fe36cbc7000-7fe36cbc8000 ---p 00000000 00:00 0 
7fe36cbc8000-7fe36ccc9000 rw-p 00000000 00:00 0 
7fe36ccc9000-7fe36cccd000 ---p 00000000 00:00 0 
7fe36cccd000-7fe36cdca000 rw-p 00000000 00:00 0 
7fe36cdca000-7fe36cdce000 ---p 00000000 00:00 0 
7fe36cdce000-7fe36cecb000 rw-p 00000000 00:00 0 
7fe36cecb000-7fe36cee1000 r-xp 00000000 00:65 77077477                   /root/oracle/jdk-9.0.4/lib/libnet.so
7fe36cee1000-7fe36d0e1000 ---p 00016000 00:65 77077477                   /root/oracle/jdk-9.0.4/lib/libnet.so
7fe36d0e1000-7fe36d0e2000 rw-p 00016000 00:65 77077477                   /root/oracle/jdk-9.0.4/lib/libnet.so
7fe36d0e2000-7fe36d0f2000 r-xp 00000000 00:65 77077594                   /root/oracle/jdk-9.0.4/lib/libnio.so
7fe36d0f2000-7fe36d2f2000 ---p 00010000 00:65 77077594                   /root/oracle/jdk-9.0.4/lib/libnio.so
7fe36d2f2000-7fe36d2f3000 rw-p 00010000 00:65 77077594                   /root/oracle/jdk-9.0.4/lib/libnio.so
7fe36d2f3000-7fe36d2f7000 ---p 00000000 00:00 0 
7fe36d2f7000-7fe36d3f4000 rw-p 00000000 00:00 0 
7fe36d3f4000-7fe36d3f8000 ---p 00000000 00:00 0 
7fe36d3f8000-7fe36d4f5000 rw-p 00000000 00:00 0 
7fe36d4f5000-7fe36d4f9000 ---p 00000000 00:00 0 
7fe36d4f9000-7fe36d5f6000 rw-p 00000000 00:00 0 
7fe36d5f6000-7fe36d5fa000 ---p 00000000 00:00 0 
7fe36d5fa000-7fe36d6f7000 rw-p 00000000 00:00 0 
7fe36d6f7000-7fe36d6fb000 ---p 00000000 00:00 0 
7fe36d6fb000-7fe36d7f8000 rw-p 00000000 00:00 0 
7fe36d7f8000-7fe36d7fc000 ---p 00000000 00:00 0 
7fe36d7fc000-7fe36d8f9000 rw-p 00000000 00:00 0 
7fe36d8f9000-7fe36d8fd000 ---p 00000000 00:00 0 
7fe36d8fd000-7fe36d9fa000 rw-p 00000000 00:00 0 
7fe36d9fa000-7fe36d9fe000 ---p 00000000 00:00 0 
7fe36d9fe000-7fe36dafb000 rw-p 00000000 00:00 0 
7fe36dafb000-7fe36daff000 ---p 00000000 00:00 0 
7fe36daff000-7fe36dbfc000 rw-p 00000000 00:00 0 
7fe36dbfc000-7fe36dc00000 ---p 00000000 00:00 0 
7fe36dc00000-7fe36dcfd000 rw-p 00000000 00:00 0 
7fe36dcfd000-7fe36dd01000 ---p 00000000 00:00 0 
7fe36dd01000-7fe36ddfe000 rw-p 00000000 00:00 0 
7fe36ddfe000-7fe36de02000 ---p 00000000 00:00 0 
7fe36de02000-7fe36deff000 rw-p 00000000 00:00 0 
7fe36deff000-7fe36df03000 ---p 00000000 00:00 0 
7fe36df03000-7fe36e000000 rw-p 00000000 00:00 0 
7fe36e000000-7fe370000000 rwxp 00000000 00:00 0 
7fe370000000-7fe370021000 rw-p 00000000 00:00 0 
7fe370021000-7fe374000000 ---p 00000000 00:00 0 
7fe374000000-7fe374021000 rw-p 00000000 00:00 0 
7fe374021000-7fe378000000 ---p 00000000 00:00 0 
7fe378000000-7fe378021000 rw-p 00000000 00:00 0 
7fe378021000-7fe37c000000 ---p 00000000 00:00 0 
7fe37c000000-7fe37c021000 rw-p 00000000 00:00 0 
7fe37c021000-7fe380000000 ---p 00000000 00:00 0 
7fe380000000-7fe380021000 rw-p 00000000 00:00 0 
7fe380021000-7fe384000000 ---p 00000000 00:00 0 
7fe38405b000-7fe38405f000 ---p 00000000 00:00 0 
7fe38405f000-7fe38415c000 rw-p 00000000 00:00 0 
7fe38415c000-7fe384160000 ---p 00000000 00:00 0 
7fe384160000-7fe38425d000 rw-p 00000000 00:00 0 
7fe38425d000-7fe384261000 ---p 00000000 00:00 0 
7fe384261000-7fe38435e000 rw-p 00000000 00:00 0 
7fe38435e000-7fe38435f000 ---p 00000000 00:00 0 
7fe38435f000-7fe384916000 rw-p 00000000 00:00 0 
7fe384916000-7fe384cd6000 ---p 00000000 00:00 0 
7fe384cd6000-7fe385e88000 rw-p 00000000 00:00 0 
7fe385e88000-7fe3948e8000 ---p 00000000 00:00 0 
7fe3948e8000-7fe395898000 rw-p 00000000 00:00 0 
7fe395898000-7fe3a42f8000 ---p 00000000 00:00 0 
7fe3a42f8000-7fe3a44ee000 rw-p 00000000 00:00 0 
7fe3a44ee000-7fe3a623a000 ---p 00000000 00:00 0 
7fe3a623a000-7fe3a6430000 rw-p 00000000 00:00 0 
7fe3a6430000-7fe3aa0be000 ---p 00000000 00:00 0 
7fe3aa0be000-7fe3aa2b4000 rw-p 00000000 00:00 0 
7fe3aa2b4000-7fe3ac000000 ---p 00000000 00:00 0 
7fe3ac000000-7fe3ac021000 rw-p 00000000 00:00 0 
7fe3ac021000-7fe3b0000000 ---p 00000000 00:00 0 
7fe3b0000000-7fe3b0021000 rw-p 00000000 00:00 0 
7fe3b0021000-7fe3b4000000 ---p 00000000 00:00 0 
7fe3b4000000-7fe3b4021000 rw-p 00000000 00:00 0 
7fe3b4021000-7fe3b8000000 ---p 00000000 00:00 0 
7fe3b8000000-7fe3b8021000 rw-p 00000000 00:00 0 
7fe3b8021000-7fe3bc000000 ---p 00000000 00:00 0 
7fe3bc000000-7fe3bc021000 rw-p 00000000 00:00 0 
7fe3bc021000-7fe3c0000000 ---p 00000000 00:00 0 
7fe3c0000000-7fe3c0021000 rw-p 00000000 00:00 0 
7fe3c0021000-7fe3c4000000 ---p 00000000 00:00 0 
7fe3c4000000-7fe3c4021000 rw-p 00000000 00:00 0 
7fe3c4021000-7fe3c8000000 ---p 00000000 00:00 0 
7fe3c8000000-7fe3c8021000 rw-p 00000000 00:00 0 
7fe3c8021000-7fe3cc000000 ---p 00000000 00:00 0 
7fe3cc000000-7fe3cc021000 rw-p 00000000 00:00 0 
7fe3cc021000-7fe3d0000000 ---p 00000000 00:00 0 
7fe3d0000000-7fe3d0021000 rw-p 00000000 00:00 0 
7fe3d0021000-7fe3d4000000 ---p 00000000 00:00 0 
7fe3d4000000-7fe3d4021000 rw-p 00000000 00:00 0 
7fe3d4021000-7fe3d8000000 ---p 00000000 00:00 0 
7fe3d8000000-7fe3d8021000 rw-p 00000000 00:00 0 
7fe3d8021000-7fe3dc000000 ---p 00000000 00:00 0 
7fe3dc000000-7fe3dc021000 rw-p 00000000 00:00 0 
7fe3dc021000-7fe3e0000000 ---p 00000000 00:00 0 
7fe3e0000000-7fe3e0021000 rw-p 00000000 00:00 0 
7fe3e0021000-7fe3e4000000 ---p 00000000 00:00 0 
7fe3e4000000-7fe3e4021000 rw-p 00000000 00:00 0 
7fe3e4021000-7fe3e8000000 ---p 00000000 00:00 0 
7fe3e8000000-7fe3e8021000 rw-p 00000000 00:00 0 
7fe3e8021000-7fe3ec000000 ---p 00000000 00:00 0 
7fe3ec000000-7fe3ec021000 rw-p 00000000 00:00 0 
7fe3ec021000-7fe3f0000000 ---p 00000000 00:00 0 
7fe3f0000000-7fe3f0021000 rw-p 00000000 00:00 0 
7fe3f0021000-7fe3f4000000 ---p 00000000 00:00 0 
7fe3f4000000-7fe3f4021000 rw-p 00000000 00:00 0 
7fe3f4021000-7fe3f8000000 ---p 00000000 00:00 0 
7fe3f8000000-7fe3f8021000 rw-p 00000000 00:00 0 
7fe3f8021000-7fe3fc000000 ---p 00000000 00:00 0 
7fe3fc000000-7fe3fc021000 rw-p 00000000 00:00 0 
7fe3fc021000-7fe400000000 ---p 00000000 00:00 0 
7fe400000000-7fe400021000 rw-p 00000000 00:00 0 
7fe400021000-7fe404000000 ---p 00000000 00:00 0 
7fe404034000-7fe4052d2000 rw-p 00000000 00:00 0 
7fe4052d2000-7fe4052d3000 ---p 00000000 00:00 0 
7fe4052d3000-7fe4053d4000 rw-p 00000000 00:00 0 
7fe4053d4000-7fe4053d5000 ---p 00000000 00:00 0 
7fe4053d5000-7fe4054d6000 rw-p 00000000 00:00 0 
7fe4054d6000-7fe4054d7000 ---p 00000000 00:00 0 
7fe4054d7000-7fe4055d8000 rw-p 00000000 00:00 0 
7fe4055d8000-7fe4055d9000 ---p 00000000 00:00 0 
7fe4055d9000-7fe4056da000 rw-p 00000000 00:00 0 
7fe4056da000-7fe4056db000 ---p 00000000 00:00 0 
7fe4056db000-7fe4057dc000 rw-p 00000000 00:00 0 
7fe4057dc000-7fe4057dd000 ---p 00000000 00:00 0 
7fe4057dd000-7fe405dc9000 rw-p 00000000 00:00 0 
7fe405dc9000-7fe405dca000 ---p 00000000 00:00 0 
7fe405dca000-7fe405ecb000 rw-p 00000000 00:00 0 
7fe405ecb000-7fe405ecc000 ---p 00000000 00:00 0 
7fe405ecc000-7fe405fcd000 rw-p 00000000 00:00 0 
7fe405fcd000-7fe405fce000 ---p 00000000 00:00 0 
7fe405fce000-7fe4060cf000 rw-p 00000000 00:00 0 
7fe4060cf000-7fe4060d0000 ---p 00000000 00:00 0 
7fe4060d0000-7fe4061d1000 rw-p 00000000 00:00 0 
7fe4061d1000-7fe4061d2000 ---p 00000000 00:00 0 
7fe4061d2000-7fe4062d3000 rw-p 00000000 00:00 0 
7fe4062d3000-7fe4062d4000 ---p 00000000 00:00 0 
7fe4062d4000-7fe4063d5000 rw-p 00000000 00:00 0 
7fe4063d5000-7fe4063d6000 ---p 00000000 00:00 0 
7fe4063d6000-7fe4064d7000 rw-p 00000000 00:00 0 
7fe4064d7000-7fe4064d8000 ---p 00000000 00:00 0 
7fe4064d8000-7fe4065d9000 rw-p 00000000 00:00 0 
7fe4065d9000-7fe4065da000 ---p 00000000 00:00 0 
7fe4065da000-7fe4066db000 rw-p 00000000 00:00 0 
7fe4066db000-7fe4066dc000 ---p 00000000 00:00 0 
7fe4066dc000-7fe4067dd000 rw-p 00000000 00:00 0 
7fe4067dd000-7fe4067de000 ---p 00000000 00:00 0 
7fe4067de000-7fe4068df000 rw-p 00000000 00:00 0 
7fe4068df000-7fe4068e0000 ---p 00000000 00:00 0 
7fe4068e0000-7fe4069e1000 rw-p 00000000 00:00 0 
7fe4069e1000-7fe4069e2000 ---p 00000000 00:00 0 
7fe4069e2000-7fe406ae3000 rw-p 00000000 00:00 0 
7fe406ae3000-7fe406ae4000 ---p 00000000 00:00 0 
7fe406ae4000-7fe406be5000 rw-p 00000000 00:00 0 
7fe406be5000-7fe406be6000 ---p 00000000 00:00 0 
7fe406be6000-7fe406ce7000 rw-p 00000000 00:00 0 
7fe406ce7000-7fe406ce8000 ---p 00000000 00:00 0 
7fe406ce8000-7fe406de9000 rw-p 00000000 00:00 0 
7fe406de9000-7fe406dea000 ---p 00000000 00:00 0 
7fe406dea000-7fe406eeb000 rw-p 00000000 00:00 0 
7fe406eeb000-7fe406eec000 ---p 00000000 00:00 0 
7fe406eec000-7fe406fed000 rw-p 00000000 00:00 0 
7fe406fed000-7fe406fee000 ---p 00000000 00:00 0 
7fe406fee000-7fe4070ef000 rw-p 00000000 00:00 0 
7fe4070ef000-7fe4070f0000 ---p 00000000 00:00 0 
7fe4070f0000-7fe4071f1000 rw-p 00000000 00:00 0 
7fe4071f1000-7fe4071f2000 ---p 00000000 00:00 0 
7fe4071f2000-7fe408000000 rw-p 00000000 00:00 0 
7fe408000000-7fe408021000 rw-p 00000000 00:00 0 
7fe408021000-7fe40c000000 ---p 00000000 00:00 0 
7fe40c000000-7fe40c021000 rw-p 00000000 00:00 0 
7fe40c021000-7fe410000000 ---p 00000000 00:00 0 
7fe410000000-7fe410021000 rw-p 00000000 00:00 0 
7fe410021000-7fe414000000 ---p 00000000 00:00 0 
7fe414000000-7fe414021000 rw-p 00000000 00:00 0 
7fe414021000-7fe418000000 ---p 00000000 00:00 0 
7fe418000000-7fe418021000 rw-p 00000000 00:00 0 
7fe418021000-7fe41c000000 ---p 00000000 00:00 0 
7fe41c000000-7fe41c021000 rw-p 00000000 00:00 0 
7fe41c021000-7fe420000000 ---p 00000000 00:00 0 
7fe420000000-7fe420021000 rw-p 00000000 00:00 0 
7fe420021000-7fe424000000 ---p 00000000 00:00 0 
7fe424000000-7fe424021000 rw-p 00000000 00:00 0 
7fe424021000-7fe428000000 ---p 00000000 00:00 0 
7fe428000000-7fe428021000 rw-p 00000000 00:00 0 
7fe428021000-7fe42c000000 ---p 00000000 00:00 0 
7fe42c000000-7fe42c021000 rw-p 00000000 00:00 0 
7fe42c021000-7fe430000000 ---p 00000000 00:00 0 
7fe430000000-7fe430021000 rw-p 00000000 00:00 0 
7fe430021000-7fe434000000 ---p 00000000 00:00 0 
7fe434000000-7fe434021000 rw-p 00000000 00:00 0 
7fe434021000-7fe438000000 ---p 00000000 00:00 0 
7fe438000000-7fe438021000 rw-p 00000000 00:00 0 
7fe438021000-7fe43c000000 ---p 00000000 00:00 0 
7fe43c000000-7fe43c021000 rw-p 00000000 00:00 0 
7fe43c021000-7fe440000000 ---p 00000000 00:00 0 
7fe440000000-7fe440021000 rw-p 00000000 00:00 0 
7fe440021000-7fe444000000 ---p 00000000 00:00 0 
7fe444000000-7fe444021000 rw-p 00000000 00:00 0 
7fe444021000-7fe448000000 ---p 00000000 00:00 0 
7fe448000000-7fe448021000 rw-p 00000000 00:00 0 
7fe448021000-7fe44c000000 ---p 00000000 00:00 0 
7fe44c000000-7fe44c021000 rw-p 00000000 00:00 0 
7fe44c021000-7fe450000000 ---p 00000000 00:00 0 
7fe450000000-7fe450021000 rw-p 00000000 00:00 0 
7fe450021000-7fe454000000 ---p 00000000 00:00 0 
7fe454014000-7fe45471b000 rw-p 00000000 00:00 0 
7fe45471b000-7fe45471c000 ---p 00000000 00:00 0 
7fe45471c000-7fe45481d000 rw-p 00000000 00:00 0 
7fe45481d000-7fe45481e000 ---p 00000000 00:00 0 
7fe45481e000-7fe45491f000 rw-p 00000000 00:00 0 
7fe45491f000-7fe454920000 ---p 00000000 00:00 0 
7fe454920000-7fe454a21000 rw-p 00000000 00:00 0 
7fe454a21000-7fe454a22000 ---p 00000000 00:00 0 
7fe454a22000-7fe454b23000 rw-p 00000000 00:00 0 
7fe454b23000-7fe454b24000 ---p 00000000 00:00 0 
7fe454b24000-7fe454c25000 rw-p 00000000 00:00 0 
7fe454c25000-7fe454c26000 ---p 00000000 00:00 0 
7fe454c26000-7fe454d27000 rw-p 00000000 00:00 0 
7fe454d27000-7fe454d28000 ---p 00000000 00:00 0 
7fe454d28000-7fe454e29000 rw-p 00000000 00:00 0 
7fe454e29000-7fe454e2a000 ---p 00000000 00:00 0 
7fe454e2a000-7fe454f2b000 rw-p 00000000 00:00 0 
7fe454f2b000-7fe454f2c000 ---p 00000000 00:00 0 
7fe454f2c000-7fe45502d000 rw-p 00000000 00:00 0 
7fe45502d000-7fe45502e000 ---p 00000000 00:00 0 
7fe45502e000-7fe45512f000 rw-p 00000000 00:00 0 
7fe45512f000-7fe455130000 ---p 00000000 00:00 0 
7fe455130000-7fe455231000 rw-p 00000000 00:00 0 
7fe455231000-7fe455232000 ---p 00000000 00:00 0 
7fe455232000-7fe455333000 rw-p 00000000 00:00 0 
7fe455333000-7fe455334000 ---p 00000000 00:00 0 
7fe455334000-7fe455435000 rw-p 00000000 00:00 0 
7fe455435000-7fe455436000 ---p 00000000 00:00 0 
7fe455436000-7fe455537000 rw-p 00000000 00:00 0 
7fe455537000-7fe455538000 ---p 00000000 00:00 0 
7fe455538000-7fe455639000 rw-p 00000000 00:00 0 
7fe455639000-7fe45563a000 ---p 00000000 00:00 0 
7fe45563a000-7fe45573b000 rw-p 00000000 00:00 0 
7fe45573b000-7fe45573c000 ---p 00000000 00:00 0 
7fe45573c000-7fe45583d000 rw-p 00000000 00:00 0 
7fe45583d000-7fe45583e000 ---p 00000000 00:00 0 
7fe45583e000-7fe45593f000 rw-p 00000000 00:00 0 
7fe45593f000-7fe455940000 ---p 00000000 00:00 0 
7fe455940000-7fe455a41000 rw-p 00000000 00:00 0 
7fe455a41000-7fe455a42000 ---p 00000000 00:00 0 
7fe455a42000-7fe455b43000 rw-p 00000000 00:00 0 
7fe455b43000-7fe455e13000 rwxp 00000000 00:00 0 
7fe455e13000-7fe456281000 ---p 00000000 00:00 0 
7fe456281000-7fe4564f1000 rwxp 00000000 00:00 0 
7fe4564f1000-7fe45d6e2000 ---p 00000000 00:00 0 
7fe45d6e2000-7fe45d952000 rwxp 00000000 00:00 0 
7fe45d952000-7fe464b43000 ---p 00000000 00:00 0 
7fe464b43000-7fe470000000 r--s 00000000 00:65 77077560                   /root/oracle/jdk-9.0.4/lib/modules
7fe470000000-7fe470400000 rw-p 00000000 00:00 0 
7fe470400000-7fe474000000 ---p 00000000 00:00 0 
7fe474003000-7fe4740ae000 rw-p 00000000 00:00 0 
7fe4740ae000-7fe474192000 ---p 00000000 00:00 0 
7fe474192000-7fe474197000 rw-p 00000000 00:00 0 
7fe474197000-7fe47427b000 ---p 00000000 00:00 0 
7fe47427b000-7fe474281000 rw-p 00000000 00:00 0 
7fe474281000-7fe47428a000 ---p 00000000 00:00 0 
7fe47428a000-7fe4742da000 rw-p 00000000 00:00 0 
7fe4742da000-7fe4744b7000 r--s 03e31000 00:65 101727669                  /usr/local/java/jdk1.8.0_301/jre/lib/rt.jar
7fe4744b7000-7fe4744d1000 r-xp 00000000 00:65 77077435                   /root/oracle/jdk-9.0.4/lib/libjimage.so
7fe4744d1000-7fe4746d0000 ---p 0001a000 00:65 77077435                   /root/oracle/jdk-9.0.4/lib/libjimage.so
7fe4746d0000-7fe4746d2000 rw-p 00019000 00:65 77077435                   /root/oracle/jdk-9.0.4/lib/libjimage.so
7fe4746d2000-7fe4746e4000 rw-p 00000000 00:00 0 
7fe4746e4000-7fe4746eb000 r-xp 00000000 00:65 77083131                   /root/oracle/jdk-9.0.4/lib/libzip.so
7fe4746eb000-7fe4748ea000 ---p 00007000 00:65 77083131                   /root/oracle/jdk-9.0.4/lib/libzip.so
7fe4748ea000-7fe4748eb000 rw-p 00006000 00:65 77083131                   /root/oracle/jdk-9.0.4/lib/libzip.so
7fe4748eb000-7fe4748ee000 r--p 00000000 00:65 165034530                  /usr/lib/x86_64-linux-gnu/libnss_files-2.31.so
7fe4748ee000-7fe4748f5000 r-xp 00003000 00:65 165034530                  /usr/lib/x86_64-linux-gnu/libnss_files-2.31.so
7fe4748f5000-7fe4748f7000 r--p 0000a000 00:65 165034530                  /usr/lib/x86_64-linux-gnu/libnss_files-2.31.so
7fe4748f7000-7fe4748f8000 r--p 0000b000 00:65 165034530                  /usr/lib/x86_64-linux-gnu/libnss_files-2.31.so
7fe4748f8000-7fe4748f9000 rw-p 0000c000 00:65 165034530                  /usr/lib/x86_64-linux-gnu/libnss_files-2.31.so
7fe4748f9000-7fe4748ff000 rw-p 00000000 00:00 0 
7fe474907000-7fe474908000 rw-p 00000000 00:00 0 
7fe474908000-7fe474933000 r-xp 00000000 00:65 77077470                   /root/oracle/jdk-9.0.4/lib/libjava.so
7fe474933000-7fe474b32000 ---p 0002b000 00:65 77077470                   /root/oracle/jdk-9.0.4/lib/libjava.so
7fe474b32000-7fe474b34000 rw-p 0002a000 00:65 77077470                   /root/oracle/jdk-9.0.4/lib/libjava.so
7fe474b34000-7fe474b41000 r-xp 00000000 00:65 77077494                   /root/oracle/jdk-9.0.4/lib/libverify.so
7fe474b41000-7fe474d40000 ---p 0000d000 00:65 77077494                   /root/oracle/jdk-9.0.4/lib/libverify.so
7fe474d40000-7fe474d42000 rw-p 0000c000 00:65 77077494                   /root/oracle/jdk-9.0.4/lib/libverify.so
7fe474d42000-7fe474d45000 r--p 00000000 00:65 165034636                  /usr/lib/x86_64-linux-gnu/librt-2.31.so
7fe474d45000-7fe474d49000 r-xp 00003000 00:65 165034636                  /usr/lib/x86_64-linux-gnu/librt-2.31.so
7fe474d49000-7fe474d4a000 r--p 00007000 00:65 165034636                  /usr/lib/x86_64-linux-gnu/librt-2.31.so
7fe474d4a000-7fe474d4b000 ---p 00008000 00:65 165034636                  /usr/lib/x86_64-linux-gnu/librt-2.31.so
7fe474d4b000-7fe474d4c000 r--p 00008000 00:65 165034636                  /usr/lib/x86_64-linux-gnu/librt-2.31.so
7fe474d4c000-7fe474d4d000 rw-p 00009000 00:65 165034636                  /usr/lib/x86_64-linux-gnu/librt-2.31.so
7fe474d4d000-7fe474d4e000 ---p 00000000 00:00 0 
7fe474d4e000-7fe474d4f000 rw-p 00000000 00:00 0 
7fe474d4f000-7fe474d53000 ---p 00000000 00:00 0 
7fe474d53000-7fe474e4e000 rw-p 00000000 00:00 0 
7fe474e4e000-7fe474e5d000 r--p 00000000 00:65 165034468                  /usr/lib/x86_64-linux-gnu/libm-2.31.so
7fe474e5d000-7fe474f04000 r-xp 0000f000 00:65 165034468                  /usr/lib/x86_64-linux-gnu/libm-2.31.so
7fe474f04000-7fe474f9b000 r--p 000b6000 00:65 165034468                  /usr/lib/x86_64-linux-gnu/libm-2.31.so
7fe474f9b000-7fe474f9c000 r--p 0014c000 00:65 165034468                  /usr/lib/x86_64-linux-gnu/libm-2.31.so
7fe474f9c000-7fe474f9d000 rw-p 0014d000 00:65 165034468                  /usr/lib/x86_64-linux-gnu/libm-2.31.so
7fe474f9d000-7fe475fb2000 r-xp 00000000 00:65 77083135                   /root/oracle/jdk-9.0.4/lib/server/libjvm.so
7fe475fb2000-7fe4761b1000 ---p 01015000 00:65 77083135                   /root/oracle/jdk-9.0.4/lib/server/libjvm.so
7fe4761b1000-7fe476282000 r--p 01014000 00:65 77083135                   /root/oracle/jdk-9.0.4/lib/server/libjvm.so
7fe476282000-7fe4762b9000 rw-p 010e5000 00:65 77083135                   /root/oracle/jdk-9.0.4/lib/server/libjvm.so
7fe4762b9000-7fe476324000 rw-p 00000000 00:00 0 
7fe476324000-7fe476349000 r--p 00000000 00:65 165034165                  /usr/lib/x86_64-linux-gnu/libc-2.31.so
7fe476349000-7fe4764c1000 r-xp 00025000 00:65 165034165                  /usr/lib/x86_64-linux-gnu/libc-2.31.so
7fe4764c1000-7fe47650b000 r--p 0019d000 00:65 165034165                  /usr/lib/x86_64-linux-gnu/libc-2.31.so
7fe47650b000-7fe47650c000 ---p 001e7000 00:65 165034165                  /usr/lib/x86_64-linux-gnu/libc-2.31.so
7fe47650c000-7fe47650f000 r--p 001e7000 00:65 165034165                  /usr/lib/x86_64-linux-gnu/libc-2.31.so
7fe47650f000-7fe476512000 rw-p 001ea000 00:65 165034165                  /usr/lib/x86_64-linux-gnu/libc-2.31.so
7fe476512000-7fe476516000 rw-p 00000000 00:00 0 
7fe476516000-7fe476517000 r--p 00000000 00:65 165034236                  /usr/lib/x86_64-linux-gnu/libdl-2.31.so
7fe476517000-7fe476519000 r-xp 00001000 00:65 165034236                  /usr/lib/x86_64-linux-gnu/libdl-2.31.so
7fe476519000-7fe47651a000 r--p 00003000 00:65 165034236                  /usr/lib/x86_64-linux-gnu/libdl-2.31.so
7fe47651a000-7fe47651b000 r--p 00003000 00:65 165034236                  /usr/lib/x86_64-linux-gnu/libdl-2.31.so
7fe47651b000-7fe47651c000 rw-p 00004000 00:65 165034236                  /usr/lib/x86_64-linux-gnu/libdl-2.31.so
7fe47651c000-7fe47652a000 r-xp 00000000 00:65 77083142                   /root/oracle/jdk-9.0.4/lib/jli/libjli.so
7fe47652a000-7fe47672a000 ---p 0000e000 00:65 77083142                   /root/oracle/jdk-9.0.4/lib/jli/libjli.so
7fe47672a000-7fe47672b000 rw-p 0000e000 00:65 77083142                   /root/oracle/jdk-9.0.4/lib/jli/libjli.so
7fe47672b000-7fe476732000 r--p 00000000 00:65 165034610                  /usr/lib/x86_64-linux-gnu/libpthread-2.31.so
7fe476732000-7fe476743000 r-xp 00007000 00:65 165034610                  /usr/lib/x86_64-linux-gnu/libpthread-2.31.so
7fe476743000-7fe476748000 r--p 00018000 00:65 165034610                  /usr/lib/x86_64-linux-gnu/libpthread-2.31.so
7fe476748000-7fe476749000 r--p 0001c000 00:65 165034610                  /usr/lib/x86_64-linux-gnu/libpthread-2.31.so
7fe476749000-7fe47674a000 rw-p 0001d000 00:65 165034610                  /usr/lib/x86_64-linux-gnu/libpthread-2.31.so
7fe47674a000-7fe47674e000 rw-p 00000000 00:00 0 
7fe47674e000-7fe476750000 r--p 00000000 00:65 165034796                  /usr/lib/x86_64-linux-gnu/libz.so.1.2.11
7fe476750000-7fe476761000 r-xp 00002000 00:65 165034796                  /usr/lib/x86_64-linux-gnu/libz.so.1.2.11
7fe476761000-7fe476767000 r--p 00013000 00:65 165034796                  /usr/lib/x86_64-linux-gnu/libz.so.1.2.11
7fe476767000-7fe476768000 ---p 00019000 00:65 165034796                  /usr/lib/x86_64-linux-gnu/libz.so.1.2.11
7fe476768000-7fe476769000 r--p 00019000 00:65 165034796                  /usr/lib/x86_64-linux-gnu/libz.so.1.2.11
7fe476769000-7fe47676a000 rw-p 0001a000 00:65 165034796                  /usr/lib/x86_64-linux-gnu/libz.so.1.2.11
7fe47676a000-7fe476772000 rw-s 00000000 00:65 71965686                   /tmp/hsperfdata_root/30760
7fe476772000-7fe476775000 rw-p 00000000 00:00 0 
7fe476775000-7fe476776000 r--p 00000000 00:65 165033992                  /usr/lib/x86_64-linux-gnu/ld-2.31.so
7fe476776000-7fe476799000 r-xp 00001000 00:65 165033992                  /usr/lib/x86_64-linux-gnu/ld-2.31.so
7fe476799000-7fe4767a1000 r--p 00024000 00:65 165033992                  /usr/lib/x86_64-linux-gnu/ld-2.31.so
7fe4767a1000-7fe4767a2000 r--p 00000000 00:00 0 
7fe4767a2000-7fe4767a3000 r--p 0002c000 00:65 165033992                  /usr/lib/x86_64-linux-gnu/ld-2.31.so
7fe4767a3000-7fe4767a4000 rw-p 0002d000 00:65 165033992                  /usr/lib/x86_64-linux-gnu/ld-2.31.so
7fe4767a4000-7fe4767a5000 rw-p 00000000 00:00 0 
7ffc6b9ca000-7ffc6b9eb000 rw-p 00000000 00:00 0                          [stack]
7ffc6b9f7000-7ffc6b9fa000 r--p 00000000 00:00 0                          [vvar]
7ffc6b9fa000-7ffc6b9fb000 r-xp 00000000 00:00 0                          [vdso]
ffffffffff600000-ffffffffff601000 --xp 00000000 00:00 0                  [vsyscall]

VM Arguments:
jvm_args: -Xbootclasspath/a:/usr/local/java/jdk1.8.0_301/jre/lib/rt.jar -Xverify:none 
java_command: org.eclipse.core.runtime.adaptor.EclipseStarter -debug
java_class_path (initial): ./sootOutput/eclipse/
Launcher Type: SUN_STANDARD

Logging:
Log output configuration:
#0: stdout all=warning uptime,level,tags
#1: stderr all=off uptime,level,tags

Environment Variables:
JAVA_HOME=/root/oracle/jdk-9.0.4
JRE_HOME=/root/oracle/jdk-9.0.4
CLASSPATH=.:/root/oracle/jdk-9.0.4/lib:/JVMfuzzing/htm/CFSynthesis/resource/commons-lang3-3.12.0/commons-lang3-3.12.0.jar
PATH=/root/oracle/jdk-9.0.4/bin:/root/.vscode-server/bin/da76f93349a72022ca4670c1b84860304616aaa2/bin/remote-cli:/root/oracle/jdk-9.0.4/bin:/usr/local/sbin:/usr/local/bin:/usr/sbin:/usr/bin:/sbin:/bin:/usr/games:/usr/local/games:/snap/bin
SHELL=/bin/bash

Signal Handlers:
SIGSEGV: [libjvm.so+0xd4d370], sa_mask[0]=11111111011111111101111111111110, sa_flags=SA_RESTART|SA_SIGINFO
SIGBUS: [libjvm.so+0xd4d370], sa_mask[0]=11111111011111111101111111111110, sa_flags=SA_RESTART|SA_SIGINFO
SIGFPE: [libjvm.so+0xd4d370], sa_mask[0]=11111111011111111101111111111110, sa_flags=SA_RESTART|SA_SIGINFO
SIGPIPE: [libjvm.so+0xb64780], sa_mask[0]=11111111011111111101111111111110, sa_flags=SA_RESTART|SA_SIGINFO
SIGXFSZ: [libjvm.so+0xb64780], sa_mask[0]=11111111011111111101111111111110, sa_flags=SA_RESTART|SA_SIGINFO
SIGILL: [libjvm.so+0xd4d370], sa_mask[0]=11111111011111111101111111111110, sa_flags=SA_RESTART|SA_SIGINFO
SIGUSR2: [libjvm.so+0xb64640], sa_mask[0]=00100000000000000000000000000000, sa_flags=SA_RESTART|SA_SIGINFO
SIGHUP: [libjvm.so+0xb64850], sa_mask[0]=11111111011111111101111111111110, sa_flags=SA_RESTART|SA_SIGINFO
SIGINT: [libjvm.so+0xb64850], sa_mask[0]=11111111011111111101111111111110, sa_flags=SA_RESTART|SA_SIGINFO
SIGTERM: [libjvm.so+0xb64850], sa_mask[0]=11111111011111111101111111111110, sa_flags=SA_RESTART|SA_SIGINFO
SIGQUIT: [libjvm.so+0xb64850], sa_mask[0]=11111111011111111101111111111110, sa_flags=SA_RESTART|SA_SIGINFO


---------------  S Y S T E M  ---------------

OS:DISTRIB_ID=Ubuntu
DISTRIB_RELEASE=20.04
DISTRIB_CODENAME=focal
DISTRIB_DESCRIPTION="Ubuntu 20.04.3 LTS"
uname:Linux 5.4.0-124-generic #140~18.04.1-Ubuntu SMP Fri Aug 5 11:43:34 UTC 2022 x86_64
libc:glibc 2.31 NPTL 2.31 
rlimit: STACK 8192k, CORE infinity, NPROC infinity, NOFILE 1048576, AS infinity
load average:43.35 41.34 39.69

/proc/meminfo:
MemTotal:       65549624 kB
MemFree:         5769256 kB
MemAvailable:   32845336 kB
Buffers:         5872916 kB
Cached:          3695596 kB
SwapCached:         8092 kB
Active:         33134104 kB
Inactive:        6457184 kB
Active(anon):   26025388 kB
Inactive(anon):  4018444 kB
Active(file):    7108716 kB
Inactive(file):  2438740 kB
Unevictable:          16 kB
Mlocked:              16 kB
SwapTotal:       2097148 kB
SwapFree:              0 kB
Dirty:             28648 kB
Writeback:           112 kB
AnonPages:      30013944 kB
Mapped:           837284 kB
Shmem:             25608 kB
KReclaimable:   18260548 kB
Slab:           19430428 kB
SReclaimable:   18260548 kB
SUnreclaim:      1169880 kB
KernelStack:       79312 kB
PageTables:       242952 kB
NFS_Unstable:          0 kB
Bounce:                0 kB
WritebackTmp:          0 kB
CommitLimit:    34871960 kB
Committed_AS:   86034204 kB
VmallocTotal:   34359738367 kB
VmallocUsed:      162008 kB
VmallocChunk:          0 kB
Percpu:            32512 kB
HardwareCorrupted:     0 kB
AnonHugePages:         0 kB
ShmemHugePages:        0 kB
ShmemPmdMapped:        0 kB
FileHugePages:         0 kB
FilePmdMapped:         0 kB
CmaTotal:              0 kB
CmaFree:               0 kB
HugePages_Total:       0
HugePages_Free:        0
HugePages_Rsvd:        0
HugePages_Surp:        0
Hugepagesize:       2048 kB
Hugetlb:               0 kB
DirectMap4k:    15497632 kB
DirectMap2M:    51298304 kB
DirectMap1G:           0 kB


CPU:total 28 (initial active 28) (14 cores per cpu, 2 threads per core) family 6 model 85 stepping 4, cmov, cx8, fxsr, mmx, sse, sse2, sse3, ssse3, sse4.1, sse4.2, popcnt, avx, avx2, aes, clmul, erms, rtm, 3dnowpref, lzcnt, ht, tsc, tscinvbit, bmi1, bmi2, adx, fma
CPU Model and flags from /proc/cpuinfo:
model name	: Intel(R) Core(TM) i9-9940X CPU @ 3.30GHz
flags		: fpu vme de pse tsc msr pae mce cx8 apic sep mtrr pge mca cmov pat pse36 clflush dts acpi mmx fxsr sse sse2 ss ht tm pbe syscall nx pdpe1gb rdtscp lm constant_tsc art arch_perfmon pebs bts rep_good nopl xtopology nonstop_tsc cpuid aperfmperf pni pclmulqdq dtes64 monitor ds_cpl vmx est tm2 ssse3 sdbg fma cx16 xtpr pdcm pcid dca sse4_1 sse4_2 x2apic movbe popcnt tsc_deadline_timer aes xsave avx f16c rdrand lahf_lm abm 3dnowprefetch cpuid_fault epb cat_l3 cdp_l3 invpcid_single pti ssbd mba ibrs ibpb stibp tpr_shadow vnmi flexpriority ept vpid ept_ad fsgsbase tsc_adjust bmi1 hle avx2 smep bmi2 erms invpcid rtm cqm mpx rdt_a avx512f avx512dq rdseed adx smap clflushopt clwb intel_pt avx512cd avx512bw avx512vl xsaveopt xsavec xgetbv1 xsaves cqm_llc cqm_occup_llc cqm_mbm_total cqm_mbm_local dtherm ida arat pln pts hwp hwp_act_window hwp_epp hwp_pkg_req md_clear flush_l1d arch_capabilities

Memory: 4k page, physical 65549624k(5769256k free), swap 2097148k(0k free)

vm_info: Java HotSpot(TM) 64-Bit Server VM (9.0.4+11) for linux-amd64 JRE (9.0.4+11), built on Dec 19 2017 18:12:19 by "mach5one" with gcc 4.9.2

END.
