#
# A fatal error has been detected by the Java Runtime Environment:
#
#  SIGSEGV (0xb) at pc=0x00007ff3b862eb2c, pid=21645, tid=21719
#
# JRE version: Java(TM) SE Runtime Environment (9.0+11) (build 9.0.4+11)
# Java VM: Java HotSpot(TM) 64-Bit Server VM (9.0.4+11, mixed mode, tiered, compressed oops, g1 gc, linux-amd64)
# Problematic frame:
# V  [libjvm.so+0x48eb2c]  Canonicalizer::do_If(If*)+0x1c
#
# Core dump will be written. Default location: Core dumps may be processed with "/usr/share/apport/apport -p%p -s%s -c%c -d%d -P%P -u%u -g%g -- %E" (or dumping to /JVMfuzzing/zjy/classming/Fuzzing-Testing-of-JVM-Implementations/core.21645)
#
# If you would like to submit a bug report, please visit:
#   http://bugreport.java.com/bugreport/crash.jsp
#

---------------  S U M M A R Y ------------

Command Line: -Xbootclasspath/a:/usr/local/java/jdk1.8.0_301/jre/lib/rt.jar -Xverify:none org.eclipse.core.runtime.adaptor.EclipseStarter -debug

Host: Intel(R) Core(TM) i9-9940X CPU @ 3.30GHz, 28 cores, 62G, Ubuntu 20.04.3 LTS
Time: Thu Nov  3 09:10:02 2022 UTC elapsed time: 0 seconds (0d 0h 0m 0s)

---------------  T H R E A D  ---------------

Current thread (0x00007ff3b02bf000):  JavaThread "C1 CompilerThread10" daemon [_thread_in_native, id=21719, stack(0x00007ff2b06ee000,0x00007ff2b07ef000)]


Current CompileTask:
C1:    796  265 %     3       org.eclipse.core.runtime.adaptor.EclipseStarter::main @ 5177 (6518 bytes)

Stack: [0x00007ff2b06ee000,0x00007ff2b07ef000],  sp=0x00007ff2b07ed0c0,  free space=1020k
Native frames: (J=compiled Java code, A=aot compiled Java code, j=interpreted, Vv=VM code, C=native code)
V  [libjvm.so+0x48eb2c]  Canonicalizer::do_If(If*)+0x1c
V  [libjvm.so+0x4a0452]  GraphBuilder::append_with_bci(Instruction*, int)+0x42
V  [libjvm.so+0x4a3526]  GraphBuilder::if_node(Instruction*, Instruction::Condition, Instruction*, ValueStack*)+0x2a6
V  [libjvm.so+0x4b137a]  GraphBuilder::iterate_bytecodes_for_block(int)+0x198a
V  [libjvm.so+0x4b1ad5]  GraphBuilder::iterate_all_blocks(bool)+0x85
V  [libjvm.so+0x4b1ec9]  GraphBuilder::GraphBuilder(Compilation*, IRScope*)+0x389
V  [libjvm.so+0x4b70a8]  IR::IR(Compilation*, ciMethod*, int)+0x1e8
V  [libjvm.so+0x497832]  Compilation::build_hir() [clone .part.93]+0x162
V  [libjvm.so+0x499633]  Compilation::compile_java_method()+0x3c3
V  [libjvm.so+0x4997af]  Compilation::compile_method()+0x12f
V  [libjvm.so+0x499c31]  Compilation::Compilation(AbstractCompiler*, ciEnv*, ciMethod*, int, BufferBlob*, DirectiveSet*)+0x271
V  [libjvm.so+0x49ac1e]  Compiler::compile_method(ciEnv*, ciMethod*, int, DirectiveSet*)+0xae
V  [libjvm.so+0x6125ac]  CompileBroker::invoke_compiler_on_method(CompileTask*)+0x41c
V  [libjvm.so+0x61344b]  CompileBroker::compiler_thread_loop()+0x28b
V  [libjvm.so+0xcef338]  JavaThread::thread_main_inner()+0xd8
V  [libjvm.so+0xb6e132]  thread_native_entry(Thread*)+0xf2
C  [libpthread.so.0+0x9609]  start_thread+0xd9


siginfo: si_signo: 11 (SIGSEGV), si_code: 1 (SEGV_MAPERR), si_addr: 0x0000000000000018

Register to memory mapping:

RAX=0x0000000000000000 is an unknown value
RBX=0x00007ff290262290 is an unknown value
RCX=0x00007ff2b07ed800 is pointing into the stack for thread: 0x00007ff3b02bf000
RDX=0x00007ff290262290 is an unknown value
RSP=0x00007ff2b07ed0c0 is pointing into the stack for thread: 0x00007ff3b02bf000
RBP=0x00007ff2b07ed130 is pointing into the stack for thread: 0x00007ff3b02bf000
RSI=0x00007ff290262290 is an unknown value
RDI=0x00007ff2b07ed160 is pointing into the stack for thread: 0x00007ff3b02bf000
R8 =0x00007ff290261940 is an unknown value
R9 =0x00007ff2902604f0 is an unknown value
R10=0x00007ff2741cedc8 is an unknown value
R11=0x0000000000000000 is an unknown value
R12=0x00007ff290262330 is an unknown value
R13=0x00007ff2b07ed460 is pointing into the stack for thread: 0x00007ff3b02bf000
R14=0x00007ff290262290 is an unknown value
R15=0x00007ff290262330 is an unknown value


Registers:
RAX=0x0000000000000000, RBX=0x00007ff290262290, RCX=0x00007ff2b07ed800, RDX=0x00007ff290262290
RSP=0x00007ff2b07ed0c0, RBP=0x00007ff2b07ed130, RSI=0x00007ff290262290, RDI=0x00007ff2b07ed160
R8 =0x00007ff290261940, R9 =0x00007ff2902604f0, R10=0x00007ff2741cedc8, R11=0x0000000000000000
R12=0x00007ff290262330, R13=0x00007ff2b07ed460, R14=0x00007ff290262290, R15=0x00007ff290262330
RIP=0x00007ff3b862eb2c, EFLAGS=0x0000000000010206, CSGSFS=0x002b000000000033, ERR=0x0000000000000004
  TRAPNO=0x000000000000000e

Top of Stack: (sp=0x00007ff2b07ed0c0)
0x00007ff2b07ed0c0:   0000000000000003 0000000000000112
0x00007ff2b07ed0d0:   00007ff2b07ed170 00007ff3b86d2675
0x00007ff2b07ed0e0:   00007ff2b07ed110 00007ff3b865b69f
0x00007ff2b07ed0f0:   00000003b07ed120 00007ff2b07ed160 

Instructions: (pc=0x00007ff3b862eb2c)
0x00007ff3b862eb0c:   ff 90 66 90 55 48 89 e5 41 57 41 56 41 55 41 54
0x00007ff3b862eb1c:   53 48 89 f3 48 83 ec 48 48 8b 46 70 48 89 7d c8
0x00007ff3b862eb2c:   48 8b 78 18 48 8b 07 ff 50 18 84 c0 0f 85 a2 00
0x00007ff3b862eb3c:   00 00 4c 8b 63 70 48 8b 83 80 00 00 00 49 39 c4 


---------------  P R O C E S S  ---------------

Java Threads: ( => current thread )
  0x00007ff3b0389800 JavaThread "Service Thread" daemon [_thread_blocked, id=21723, stack(0x00007ff267dfe000,0x00007ff267eff000)]
  0x00007ff3b02d1800 JavaThread "Common-Cleaner" daemon [_thread_blocked, id=21722, stack(0x00007ff267eff000,0x00007ff268000000)]
  0x00007ff3b02c2800 JavaThread "Sweeper thread" daemon [_thread_blocked, id=21721, stack(0x00007ff2b04ec000,0x00007ff2b05ed000)]
  0x00007ff3b02c1000 JavaThread "C1 CompilerThread11" daemon [_thread_blocked, id=21720, stack(0x00007ff2b05ed000,0x00007ff2b06ee000)]
=>0x00007ff3b02bf000 JavaThread "C1 CompilerThread10" daemon [_thread_in_native, id=21719, stack(0x00007ff2b06ee000,0x00007ff2b07ef000)]
  0x00007ff3b02bd800 JavaThread "C1 CompilerThread9" daemon [_thread_blocked, id=21718, stack(0x00007ff2b07ef000,0x00007ff2b08f0000)]
  0x00007ff3b02bb800 JavaThread "C1 CompilerThread8" daemon [_thread_blocked, id=21717, stack(0x00007ff2b08f0000,0x00007ff2b09f1000)]
  0x00007ff3b02b9800 JavaThread "C2 CompilerThread7" daemon [_thread_blocked, id=21716, stack(0x00007ff2b09f1000,0x00007ff2b0af2000)]
  0x00007ff3b02b8000 JavaThread "C2 CompilerThread6" daemon [_thread_blocked, id=21715, stack(0x00007ff2b0af2000,0x00007ff2b0bf3000)]
  0x00007ff3b02b6000 JavaThread "C2 CompilerThread5" daemon [_thread_blocked, id=21714, stack(0x00007ff2b0bf3000,0x00007ff2b0cf4000)]
  0x00007ff3b02b4000 JavaThread "C2 CompilerThread4" daemon [_thread_blocked, id=21713, stack(0x00007ff2b0cf4000,0x00007ff2b0df5000)]
  0x00007ff3b02b2800 JavaThread "C2 CompilerThread3" daemon [_thread_blocked, id=21712, stack(0x00007ff2b0df5000,0x00007ff2b0ef6000)]
  0x00007ff3b02b0800 JavaThread "C2 CompilerThread2" daemon [_thread_blocked, id=21711, stack(0x00007ff2b0ef6000,0x00007ff2b0ff7000)]
  0x00007ff3b02af000 JavaThread "C2 CompilerThread1" daemon [_thread_blocked, id=21710, stack(0x00007ff2b0ff7000,0x00007ff2b10f8000)]
  0x00007ff3b02ad000 JavaThread "C2 CompilerThread0" daemon [_thread_blocked, id=21709, stack(0x00007ff2b10f8000,0x00007ff2b11f9000)]
  0x00007ff3b02ab000 JavaThread "Signal Dispatcher" daemon [_thread_blocked, id=21708, stack(0x00007ff2b11f9000,0x00007ff2b12fa000)]
  0x00007ff3b0291000 JavaThread "Finalizer" daemon [_thread_blocked, id=21707, stack(0x00007ff2b12fa000,0x00007ff2b13fb000)]
  0x00007ff3b0288800 JavaThread "Reference Handler" daemon [_thread_blocked, id=21706, stack(0x00007ff2b13fb000,0x00007ff2b14fc000)]
  0x00007ff3b0011800 JavaThread "main" [_thread_in_native, id=21647, stack(0x00007ff3b7f52000,0x00007ff3b8051000)]

Other Threads:
  0x00007ff3b0281000 VMThread "VM Thread" [stack: 0x00007ff2b14fe000,0x00007ff2b15fe000] [id=21705]
  0x00007ff3b038c000 WatcherThread [stack: 0x00007ff267cfe000,0x00007ff267dfe000] [id=21724]
  0x00007ff3b0034000 GCTaskThread "GC Thread#0" [stack: 0x00007ff3b71ac000,0x00007ff3b72ac000] [id=21651]
  0x00007ff3b0035800 GCTaskThread "GC Thread#1" [stack: 0x00007ff3b70aa000,0x00007ff3b71aa000] [id=21652]
  0x00007ff3b0037000 GCTaskThread "GC Thread#2" [stack: 0x00007ff3b6fa8000,0x00007ff3b70a8000] [id=21653]
  0x00007ff3b0039000 GCTaskThread "GC Thread#3" [stack: 0x00007ff3b6ea6000,0x00007ff3b6fa6000] [id=21655]
  0x00007ff3b003a800 GCTaskThread "GC Thread#4" [stack: 0x00007ff3b6da4000,0x00007ff3b6ea4000] [id=21657]
  0x00007ff3b003c800 GCTaskThread "GC Thread#5" [stack: 0x00007ff3b6ca2000,0x00007ff3b6da2000] [id=21658]
  0x00007ff3b003e000 GCTaskThread "GC Thread#6" [stack: 0x00007ff3b6ba0000,0x00007ff3b6ca0000] [id=21659]
  0x00007ff3b003f800 GCTaskThread "GC Thread#7" [stack: 0x00007ff3b6a9e000,0x00007ff3b6b9e000] [id=21663]
  0x00007ff3b0041800 GCTaskThread "GC Thread#8" [stack: 0x00007ff3b699c000,0x00007ff3b6a9c000] [id=21664]
  0x00007ff3b0043000 GCTaskThread "GC Thread#9" [stack: 0x00007ff3b689a000,0x00007ff3b699a000] [id=21665]
  0x00007ff3b0045000 GCTaskThread "GC Thread#10" [stack: 0x00007ff3b6798000,0x00007ff3b6898000] [id=21666]
  0x00007ff3b0046800 GCTaskThread "GC Thread#11" [stack: 0x00007ff3b6696000,0x00007ff3b6796000] [id=21667]
  0x00007ff3b0048800 GCTaskThread "GC Thread#12" [stack: 0x00007ff3b6594000,0x00007ff3b6694000] [id=21668]
  0x00007ff3b004a000 GCTaskThread "GC Thread#13" [stack: 0x00007ff3b6492000,0x00007ff3b6592000] [id=21669]
  0x00007ff3b004c000 GCTaskThread "GC Thread#14" [stack: 0x00007ff3b6390000,0x00007ff3b6490000] [id=21670]
  0x00007ff3b004d800 GCTaskThread "GC Thread#15" [stack: 0x00007ff3b628e000,0x00007ff3b638e000] [id=21671]
  0x00007ff3b004f800 GCTaskThread "GC Thread#16" [stack: 0x00007ff3b618c000,0x00007ff3b628c000] [id=21672]
  0x00007ff3b0051000 GCTaskThread "GC Thread#17" [stack: 0x00007ff3b608a000,0x00007ff3b618a000] [id=21673]
  0x00007ff3b0052800 GCTaskThread "GC Thread#18" [stack: 0x00007ff3b5f88000,0x00007ff3b6088000] [id=21674]
  0x00007ff3b0054800 GCTaskThread "GC Thread#19" [stack: 0x00007ff3b5e86000,0x00007ff3b5f86000] [id=21675]
  0x00007ff3b009f800 ConcurrentGCThread "G1 Main Marker" [stack: 0x00007ff3949c4000,0x00007ff394ac4000] [id=21699]
  0x00007ff3b00a1000 ConcurrentGCThread "G1 Marker#0" [stack: 0x00007ff3948c2000,0x00007ff3949c2000] [id=21700]
  0x00007ff3b00a3000 ConcurrentGCThread "G1 Marker#1" [stack: 0x00007ff3947c0000,0x00007ff3948c0000] [id=21701]
  0x00007ff3b00a4800 ConcurrentGCThread "G1 Marker#2" [stack: 0x00007ff3946be000,0x00007ff3947be000] [id=21702]
  0x00007ff3b00a6800 ConcurrentGCThread "G1 Marker#3" [stack: 0x00007ff3945bc000,0x00007ff3946bc000] [id=21703]
  0x00007ff3b00a8000 ConcurrentGCThread "G1 Marker#4" [stack: 0x00007ff3944ba000,0x00007ff3945ba000] [id=21704]
  0x00007ff3b0079000 ConcurrentGCThread "G1 Refine#0" [stack: 0x00007ff395131000,0x00007ff395231000] [id=21697]
  0x00007ff3b0077000 ConcurrentGCThread "G1 Refine#1" [stack: 0x00007ff395233000,0x00007ff395333000] [id=21696]
  0x00007ff3b0075000 ConcurrentGCThread "G1 Refine#2" [stack: 0x00007ff395335000,0x00007ff395435000] [id=21695]
  0x00007ff3b0073800 ConcurrentGCThread "G1 Refine#3" [stack: 0x00007ff395437000,0x00007ff395537000] [id=21694]
  0x00007ff3b0071800 ConcurrentGCThread "G1 Refine#4" [stack: 0x00007ff395539000,0x00007ff395639000] [id=21693]
  0x00007ff3b0070000 ConcurrentGCThread "G1 Refine#5" [stack: 0x00007ff39563b000,0x00007ff39573b000] [id=21692]
  0x00007ff3b006e000 ConcurrentGCThread "G1 Refine#6" [stack: 0x00007ff39573d000,0x00007ff39583d000] [id=21689]
  0x00007ff3b006c800 ConcurrentGCThread "G1 Refine#7" [stack: 0x00007ff39583f000,0x00007ff39593f000] [id=21688]
  0x00007ff3b006a800 ConcurrentGCThread "G1 Refine#8" [stack: 0x00007ff395941000,0x00007ff395a41000] [id=21687]
  0x00007ff3b0069000 ConcurrentGCThread "G1 Refine#9" [stack: 0x00007ff395a43000,0x00007ff395b43000] [id=21686]
  0x00007ff3b0067000 ConcurrentGCThread "G1 Refine#10" [stack: 0x00007ff3b405e000,0x00007ff3b415e000] [id=21685]
  0x00007ff3b0065000 ConcurrentGCThread "G1 Refine#11" [stack: 0x00007ff3b4160000,0x00007ff3b4260000] [id=21684]
  0x00007ff3b0063800 ConcurrentGCThread "G1 Refine#12" [stack: 0x00007ff3b4262000,0x00007ff3b4362000] [id=21683]
  0x00007ff3b0061800 ConcurrentGCThread "G1 Refine#13" [stack: 0x00007ff3b4364000,0x00007ff3b4464000] [id=21682]
  0x00007ff3b0060000 ConcurrentGCThread "G1 Refine#14" [stack: 0x00007ff3b4466000,0x00007ff3b4566000] [id=21681]
  0x00007ff3b005e000 ConcurrentGCThread "G1 Refine#15" [stack: 0x00007ff3b4568000,0x00007ff3b4668000] [id=21680]
  0x00007ff3b005c800 ConcurrentGCThread "G1 Refine#16" [stack: 0x00007ff3b466a000,0x00007ff3b476a000] [id=21679]
  0x00007ff3b005a800 ConcurrentGCThread "G1 Refine#17" [stack: 0x00007ff3b476c000,0x00007ff3b486c000] [id=21678]
  0x00007ff3b0059000 ConcurrentGCThread "G1 Refine#18" [stack: 0x00007ff3b486e000,0x00007ff3b496e000] [id=21677]
  0x00007ff3b0057000 ConcurrentGCThread "G1 Refine#19" [stack: 0x00007ff3b4970000,0x00007ff3b4a70000] [id=21676]
  0x00007ff3b007a800 ConcurrentGCThread "G1 Young RemSet Sampling" [stack: 0x00007ff39502f000,0x00007ff39512f000] [id=21698]

Threads with active compile tasks:
C1 CompilerThread10 265 %     3       org.eclipse.core.runtime.adaptor.EclipseStarter::main @ 5177 (6518 bytes)

VM state:not at safepoint (normal execution)

VM Mutex/Monitor currently owned by a thread: None

Heap address: 0x00000003d7c00000, size: 16004 MB, Compressed Oops mode: Zero based, Oop shift amount: 3
Narrow klass base: 0x0000000000000000, Narrow klass shift: 3
Compressed class space size: 1073741824 Address: 0x00000007c0000000

Heap:
 garbage-first heap   total 1028096K, used 12288K [0x00000003d7c00000, 0x00000003d80007d8, 0x00000007c0000000)
  region size 4096K, 4 young (16384K), 0 survivors (0K)
 Metaspace       used 4322K, capacity 4678K, committed 4864K, reserved 1056768K
  class space    used 355K, capacity 386K, committed 512K, reserved 1048576K
Heap Regions: E=young(eden), S=young(survivor), O=old, HS=humongous(starts), HC=humongous(continues), CS=collection set, F=free, A=archive, TS=gc time stamp, AC=allocation context, TAMS=top-at-mark-start (previous, next)
|   0|0x00000003d7c00000, 0x00000003d7c00000, 0x00000003d8000000|  0%| F|  |TS  0|AC  0|TAMS 0x00000003d7c00000, 0x00000003d7c00000|
|   1|0x00000003d8000000, 0x00000003d8000000, 0x00000003d8400000|  0%| F|  |TS  0|AC  0|TAMS 0x00000003d8000000, 0x00000003d8000000|
|   2|0x00000003d8400000, 0x00000003d8400000, 0x00000003d8800000|  0%| F|  |TS  0|AC  0|TAMS 0x00000003d8400000, 0x00000003d8400000|
|   3|0x00000003d8800000, 0x00000003d8800000, 0x00000003d8c00000|  0%| F|  |TS  0|AC  0|TAMS 0x00000003d8800000, 0x00000003d8800000|
|   4|0x00000003d8c00000, 0x00000003d8c00000, 0x00000003d9000000|  0%| F|  |TS  0|AC  0|TAMS 0x00000003d8c00000, 0x00000003d8c00000|
|   5|0x00000003d9000000, 0x00000003d9000000, 0x00000003d9400000|  0%| F|  |TS  0|AC  0|TAMS 0x00000003d9000000, 0x00000003d9000000|
|   6|0x00000003d9400000, 0x00000003d9400000, 0x00000003d9800000|  0%| F|  |TS  0|AC  0|TAMS 0x00000003d9400000, 0x00000003d9400000|
|   7|0x00000003d9800000, 0x00000003d9800000, 0x00000003d9c00000|  0%| F|  |TS  0|AC  0|TAMS 0x00000003d9800000, 0x00000003d9800000|
|   8|0x00000003d9c00000, 0x00000003d9c00000, 0x00000003da000000|  0%| F|  |TS  0|AC  0|TAMS 0x00000003d9c00000, 0x00000003d9c00000|
|   9|0x00000003da000000, 0x00000003da000000, 0x00000003da400000|  0%| F|  |TS  0|AC  0|TAMS 0x00000003da000000, 0x00000003da000000|
|  10|0x00000003da400000, 0x00000003da400000, 0x00000003da800000|  0%| F|  |TS  0|AC  0|TAMS 0x00000003da400000, 0x00000003da400000|
|  11|0x00000003da800000, 0x00000003da800000, 0x00000003dac00000|  0%| F|  |TS  0|AC  0|TAMS 0x00000003da800000, 0x00000003da800000|
|  12|0x00000003dac00000, 0x00000003dac00000, 0x00000003db000000|  0%| F|  |TS  0|AC  0|TAMS 0x00000003dac00000, 0x00000003dac00000|
|  13|0x00000003db000000, 0x00000003db000000, 0x00000003db400000|  0%| F|  |TS  0|AC  0|TAMS 0x00000003db000000, 0x00000003db000000|
|  14|0x00000003db400000, 0x00000003db400000, 0x00000003db800000|  0%| F|  |TS  0|AC  0|TAMS 0x00000003db400000, 0x00000003db400000|
|  15|0x00000003db800000, 0x00000003db800000, 0x00000003dbc00000|  0%| F|  |TS  0|AC  0|TAMS 0x00000003db800000, 0x00000003db800000|
|  16|0x00000003dbc00000, 0x00000003dbc00000, 0x00000003dc000000|  0%| F|  |TS  0|AC  0|TAMS 0x00000003dbc00000, 0x00000003dbc00000|
|  17|0x00000003dc000000, 0x00000003dc000000, 0x00000003dc400000|  0%| F|  |TS  0|AC  0|TAMS 0x00000003dc000000, 0x00000003dc000000|
|  18|0x00000003dc400000, 0x00000003dc400000, 0x00000003dc800000|  0%| F|  |TS  0|AC  0|TAMS 0x00000003dc400000, 0x00000003dc400000|
|  19|0x00000003dc800000, 0x00000003dc800000, 0x00000003dcc00000|  0%| F|  |TS  0|AC  0|TAMS 0x00000003dc800000, 0x00000003dc800000|
|  20|0x00000003dcc00000, 0x00000003dcc00000, 0x00000003dd000000|  0%| F|  |TS  0|AC  0|TAMS 0x00000003dcc00000, 0x00000003dcc00000|
|  21|0x00000003dd000000, 0x00000003dd000000, 0x00000003dd400000|  0%| F|  |TS  0|AC  0|TAMS 0x00000003dd000000, 0x00000003dd000000|
|  22|0x00000003dd400000, 0x00000003dd400000, 0x00000003dd800000|  0%| F|  |TS  0|AC  0|TAMS 0x00000003dd400000, 0x00000003dd400000|
|  23|0x00000003dd800000, 0x00000003dd800000, 0x00000003ddc00000|  0%| F|  |TS  0|AC  0|TAMS 0x00000003dd800000, 0x00000003dd800000|
|  24|0x00000003ddc00000, 0x00000003ddc00000, 0x00000003de000000|  0%| F|  |TS  0|AC  0|TAMS 0x00000003ddc00000, 0x00000003ddc00000|
|  25|0x00000003de000000, 0x00000003de000000, 0x00000003de400000|  0%| F|  |TS  0|AC  0|TAMS 0x00000003de000000, 0x00000003de000000|
|  26|0x00000003de400000, 0x00000003de400000, 0x00000003de800000|  0%| F|  |TS  0|AC  0|TAMS 0x00000003de400000, 0x00000003de400000|
|  27|0x00000003de800000, 0x00000003de800000, 0x00000003dec00000|  0%| F|  |TS  0|AC  0|TAMS 0x00000003de800000, 0x00000003de800000|
|  28|0x00000003dec00000, 0x00000003dec00000, 0x00000003df000000|  0%| F|  |TS  0|AC  0|TAMS 0x00000003dec00000, 0x00000003dec00000|
|  29|0x00000003df000000, 0x00000003df000000, 0x00000003df400000|  0%| F|  |TS  0|AC  0|TAMS 0x00000003df000000, 0x00000003df000000|
|  30|0x00000003df400000, 0x00000003df400000, 0x00000003df800000|  0%| F|  |TS  0|AC  0|TAMS 0x00000003df400000, 0x00000003df400000|
|  31|0x00000003df800000, 0x00000003df800000, 0x00000003dfc00000|  0%| F|  |TS  0|AC  0|TAMS 0x00000003df800000, 0x00000003df800000|
|  32|0x00000003dfc00000, 0x00000003dfc00000, 0x00000003e0000000|  0%| F|  |TS  0|AC  0|TAMS 0x00000003dfc00000, 0x00000003dfc00000|
|  33|0x00000003e0000000, 0x00000003e0000000, 0x00000003e0400000|  0%| F|  |TS  0|AC  0|TAMS 0x00000003e0000000, 0x00000003e0000000|
|  34|0x00000003e0400000, 0x00000003e0400000, 0x00000003e0800000|  0%| F|  |TS  0|AC  0|TAMS 0x00000003e0400000, 0x00000003e0400000|
|  35|0x00000003e0800000, 0x00000003e0800000, 0x00000003e0c00000|  0%| F|  |TS  0|AC  0|TAMS 0x00000003e0800000, 0x00000003e0800000|
|  36|0x00000003e0c00000, 0x00000003e0c00000, 0x00000003e1000000|  0%| F|  |TS  0|AC  0|TAMS 0x00000003e0c00000, 0x00000003e0c00000|
|  37|0x00000003e1000000, 0x00000003e1000000, 0x00000003e1400000|  0%| F|  |TS  0|AC  0|TAMS 0x00000003e1000000, 0x00000003e1000000|
|  38|0x00000003e1400000, 0x00000003e1400000, 0x00000003e1800000|  0%| F|  |TS  0|AC  0|TAMS 0x00000003e1400000, 0x00000003e1400000|
|  39|0x00000003e1800000, 0x00000003e1800000, 0x00000003e1c00000|  0%| F|  |TS  0|AC  0|TAMS 0x00000003e1800000, 0x00000003e1800000|
|  40|0x00000003e1c00000, 0x00000003e1c00000, 0x00000003e2000000|  0%| F|  |TS  0|AC  0|TAMS 0x00000003e1c00000, 0x00000003e1c00000|
|  41|0x00000003e2000000, 0x00000003e2000000, 0x00000003e2400000|  0%| F|  |TS  0|AC  0|TAMS 0x00000003e2000000, 0x00000003e2000000|
|  42|0x00000003e2400000, 0x00000003e2400000, 0x00000003e2800000|  0%| F|  |TS  0|AC  0|TAMS 0x00000003e2400000, 0x00000003e2400000|
|  43|0x00000003e2800000, 0x00000003e2800000, 0x00000003e2c00000|  0%| F|  |TS  0|AC  0|TAMS 0x00000003e2800000, 0x00000003e2800000|
|  44|0x00000003e2c00000, 0x00000003e2c00000, 0x00000003e3000000|  0%| F|  |TS  0|AC  0|TAMS 0x00000003e2c00000, 0x00000003e2c00000|
|  45|0x00000003e3000000, 0x00000003e3000000, 0x00000003e3400000|  0%| F|  |TS  0|AC  0|TAMS 0x00000003e3000000, 0x00000003e3000000|
|  46|0x00000003e3400000, 0x00000003e3400000, 0x00000003e3800000|  0%| F|  |TS  0|AC  0|TAMS 0x00000003e3400000, 0x00000003e3400000|
|  47|0x00000003e3800000, 0x00000003e3800000, 0x00000003e3c00000|  0%| F|  |TS  0|AC  0|TAMS 0x00000003e3800000, 0x00000003e3800000|
|  48|0x00000003e3c00000, 0x00000003e3c00000, 0x00000003e4000000|  0%| F|  |TS  0|AC  0|TAMS 0x00000003e3c00000, 0x00000003e3c00000|
|  49|0x00000003e4000000, 0x00000003e4000000, 0x00000003e4400000|  0%| F|  |TS  0|AC  0|TAMS 0x00000003e4000000, 0x00000003e4000000|
|  50|0x00000003e4400000, 0x00000003e4400000, 0x00000003e4800000|  0%| F|  |TS  0|AC  0|TAMS 0x00000003e4400000, 0x00000003e4400000|
|  51|0x00000003e4800000, 0x00000003e4800000, 0x00000003e4c00000|  0%| F|  |TS  0|AC  0|TAMS 0x00000003e4800000, 0x00000003e4800000|
|  52|0x00000003e4c00000, 0x00000003e4c00000, 0x00000003e5000000|  0%| F|  |TS  0|AC  0|TAMS 0x00000003e4c00000, 0x00000003e4c00000|
|  53|0x00000003e5000000, 0x00000003e5000000, 0x00000003e5400000|  0%| F|  |TS  0|AC  0|TAMS 0x00000003e5000000, 0x00000003e5000000|
|  54|0x00000003e5400000, 0x00000003e5400000, 0x00000003e5800000|  0%| F|  |TS  0|AC  0|TAMS 0x00000003e5400000, 0x00000003e5400000|
|  55|0x00000003e5800000, 0x00000003e5800000, 0x00000003e5c00000|  0%| F|  |TS  0|AC  0|TAMS 0x00000003e5800000, 0x00000003e5800000|
|  56|0x00000003e5c00000, 0x00000003e5c00000, 0x00000003e6000000|  0%| F|  |TS  0|AC  0|TAMS 0x00000003e5c00000, 0x00000003e5c00000|
|  57|0x00000003e6000000, 0x00000003e6000000, 0x00000003e6400000|  0%| F|  |TS  0|AC  0|TAMS 0x00000003e6000000, 0x00000003e6000000|
|  58|0x00000003e6400000, 0x00000003e6400000, 0x00000003e6800000|  0%| F|  |TS  0|AC  0|TAMS 0x00000003e6400000, 0x00000003e6400000|
|  59|0x00000003e6800000, 0x00000003e6800000, 0x00000003e6c00000|  0%| F|  |TS  0|AC  0|TAMS 0x00000003e6800000, 0x00000003e6800000|
|  60|0x00000003e6c00000, 0x00000003e6c00000, 0x00000003e7000000|  0%| F|  |TS  0|AC  0|TAMS 0x00000003e6c00000, 0x00000003e6c00000|
|  61|0x00000003e7000000, 0x00000003e7000000, 0x00000003e7400000|  0%| F|  |TS  0|AC  0|TAMS 0x00000003e7000000, 0x00000003e7000000|
|  62|0x00000003e7400000, 0x00000003e7400000, 0x00000003e7800000|  0%| F|  |TS  0|AC  0|TAMS 0x00000003e7400000, 0x00000003e7400000|
|  63|0x00000003e7800000, 0x00000003e7800000, 0x00000003e7c00000|  0%| F|  |TS  0|AC  0|TAMS 0x00000003e7800000, 0x00000003e7800000|
|  64|0x00000003e7c00000, 0x00000003e7c00000, 0x00000003e8000000|  0%| F|  |TS  0|AC  0|TAMS 0x00000003e7c00000, 0x00000003e7c00000|
|  65|0x00000003e8000000, 0x00000003e8000000, 0x00000003e8400000|  0%| F|  |TS  0|AC  0|TAMS 0x00000003e8000000, 0x00000003e8000000|
|  66|0x00000003e8400000, 0x00000003e8400000, 0x00000003e8800000|  0%| F|  |TS  0|AC  0|TAMS 0x00000003e8400000, 0x00000003e8400000|
|  67|0x00000003e8800000, 0x00000003e8800000, 0x00000003e8c00000|  0%| F|  |TS  0|AC  0|TAMS 0x00000003e8800000, 0x00000003e8800000|
|  68|0x00000003e8c00000, 0x00000003e8c00000, 0x00000003e9000000|  0%| F|  |TS  0|AC  0|TAMS 0x00000003e8c00000, 0x00000003e8c00000|
|  69|0x00000003e9000000, 0x00000003e9000000, 0x00000003e9400000|  0%| F|  |TS  0|AC  0|TAMS 0x00000003e9000000, 0x00000003e9000000|
|  70|0x00000003e9400000, 0x00000003e9400000, 0x00000003e9800000|  0%| F|  |TS  0|AC  0|TAMS 0x00000003e9400000, 0x00000003e9400000|
|  71|0x00000003e9800000, 0x00000003e9800000, 0x00000003e9c00000|  0%| F|  |TS  0|AC  0|TAMS 0x00000003e9800000, 0x00000003e9800000|
|  72|0x00000003e9c00000, 0x00000003e9c00000, 0x00000003ea000000|  0%| F|  |TS  0|AC  0|TAMS 0x00000003e9c00000, 0x00000003e9c00000|
|  73|0x00000003ea000000, 0x00000003ea000000, 0x00000003ea400000|  0%| F|  |TS  0|AC  0|TAMS 0x00000003ea000000, 0x00000003ea000000|
|  74|0x00000003ea400000, 0x00000003ea400000, 0x00000003ea800000|  0%| F|  |TS  0|AC  0|TAMS 0x00000003ea400000, 0x00000003ea400000|
|  75|0x00000003ea800000, 0x00000003ea800000, 0x00000003eac00000|  0%| F|  |TS  0|AC  0|TAMS 0x00000003ea800000, 0x00000003ea800000|
|  76|0x00000003eac00000, 0x00000003eac00000, 0x00000003eb000000|  0%| F|  |TS  0|AC  0|TAMS 0x00000003eac00000, 0x00000003eac00000|
|  77|0x00000003eb000000, 0x00000003eb000000, 0x00000003eb400000|  0%| F|  |TS  0|AC  0|TAMS 0x00000003eb000000, 0x00000003eb000000|
|  78|0x00000003eb400000, 0x00000003eb400000, 0x00000003eb800000|  0%| F|  |TS  0|AC  0|TAMS 0x00000003eb400000, 0x00000003eb400000|
|  79|0x00000003eb800000, 0x00000003eb800000, 0x00000003ebc00000|  0%| F|  |TS  0|AC  0|TAMS 0x00000003eb800000, 0x00000003eb800000|
|  80|0x00000003ebc00000, 0x00000003ebc00000, 0x00000003ec000000|  0%| F|  |TS  0|AC  0|TAMS 0x00000003ebc00000, 0x00000003ebc00000|
|  81|0x00000003ec000000, 0x00000003ec000000, 0x00000003ec400000|  0%| F|  |TS  0|AC  0|TAMS 0x00000003ec000000, 0x00000003ec000000|
|  82|0x00000003ec400000, 0x00000003ec400000, 0x00000003ec800000|  0%| F|  |TS  0|AC  0|TAMS 0x00000003ec400000, 0x00000003ec400000|
|  83|0x00000003ec800000, 0x00000003ec800000, 0x00000003ecc00000|  0%| F|  |TS  0|AC  0|TAMS 0x00000003ec800000, 0x00000003ec800000|
|  84|0x00000003ecc00000, 0x00000003ecc00000, 0x00000003ed000000|  0%| F|  |TS  0|AC  0|TAMS 0x00000003ecc00000, 0x00000003ecc00000|
|  85|0x00000003ed000000, 0x00000003ed000000, 0x00000003ed400000|  0%| F|  |TS  0|AC  0|TAMS 0x00000003ed000000, 0x00000003ed000000|
|  86|0x00000003ed400000, 0x00000003ed400000, 0x00000003ed800000|  0%| F|  |TS  0|AC  0|TAMS 0x00000003ed400000, 0x00000003ed400000|
|  87|0x00000003ed800000, 0x00000003ed800000, 0x00000003edc00000|  0%| F|  |TS  0|AC  0|TAMS 0x00000003ed800000, 0x00000003ed800000|
|  88|0x00000003edc00000, 0x00000003edc00000, 0x00000003ee000000|  0%| F|  |TS  0|AC  0|TAMS 0x00000003edc00000, 0x00000003edc00000|
|  89|0x00000003ee000000, 0x00000003ee000000, 0x00000003ee400000|  0%| F|  |TS  0|AC  0|TAMS 0x00000003ee000000, 0x00000003ee000000|
|  90|0x00000003ee400000, 0x00000003ee400000, 0x00000003ee800000|  0%| F|  |TS  0|AC  0|TAMS 0x00000003ee400000, 0x00000003ee400000|
|  91|0x00000003ee800000, 0x00000003ee800000, 0x00000003eec00000|  0%| F|  |TS  0|AC  0|TAMS 0x00000003ee800000, 0x00000003ee800000|
|  92|0x00000003eec00000, 0x00000003eec00000, 0x00000003ef000000|  0%| F|  |TS  0|AC  0|TAMS 0x00000003eec00000, 0x00000003eec00000|
|  93|0x00000003ef000000, 0x00000003ef000000, 0x00000003ef400000|  0%| F|  |TS  0|AC  0|TAMS 0x00000003ef000000, 0x00000003ef000000|
|  94|0x00000003ef400000, 0x00000003ef400000, 0x00000003ef800000|  0%| F|  |TS  0|AC  0|TAMS 0x00000003ef400000, 0x00000003ef400000|
|  95|0x00000003ef800000, 0x00000003ef800000, 0x00000003efc00000|  0%| F|  |TS  0|AC  0|TAMS 0x00000003ef800000, 0x00000003ef800000|
|  96|0x00000003efc00000, 0x00000003efc00000, 0x00000003f0000000|  0%| F|  |TS  0|AC  0|TAMS 0x00000003efc00000, 0x00000003efc00000|
|  97|0x00000003f0000000, 0x00000003f0000000, 0x00000003f0400000|  0%| F|  |TS  0|AC  0|TAMS 0x00000003f0000000, 0x00000003f0000000|
|  98|0x00000003f0400000, 0x00000003f0400000, 0x00000003f0800000|  0%| F|  |TS  0|AC  0|TAMS 0x00000003f0400000, 0x00000003f0400000|
|  99|0x00000003f0800000, 0x00000003f0800000, 0x00000003f0c00000|  0%| F|  |TS  0|AC  0|TAMS 0x00000003f0800000, 0x00000003f0800000|
| 100|0x00000003f0c00000, 0x00000003f0c00000, 0x00000003f1000000|  0%| F|  |TS  0|AC  0|TAMS 0x00000003f0c00000, 0x00000003f0c00000|
| 101|0x00000003f1000000, 0x00000003f1000000, 0x00000003f1400000|  0%| F|  |TS  0|AC  0|TAMS 0x00000003f1000000, 0x00000003f1000000|
| 102|0x00000003f1400000, 0x00000003f1400000, 0x00000003f1800000|  0%| F|  |TS  0|AC  0|TAMS 0x00000003f1400000, 0x00000003f1400000|
| 103|0x00000003f1800000, 0x00000003f1800000, 0x00000003f1c00000|  0%| F|  |TS  0|AC  0|TAMS 0x00000003f1800000, 0x00000003f1800000|
| 104|0x00000003f1c00000, 0x00000003f1c00000, 0x00000003f2000000|  0%| F|  |TS  0|AC  0|TAMS 0x00000003f1c00000, 0x00000003f1c00000|
| 105|0x00000003f2000000, 0x00000003f2000000, 0x00000003f2400000|  0%| F|  |TS  0|AC  0|TAMS 0x00000003f2000000, 0x00000003f2000000|
| 106|0x00000003f2400000, 0x00000003f2400000, 0x00000003f2800000|  0%| F|  |TS  0|AC  0|TAMS 0x00000003f2400000, 0x00000003f2400000|
| 107|0x00000003f2800000, 0x00000003f2800000, 0x00000003f2c00000|  0%| F|  |TS  0|AC  0|TAMS 0x00000003f2800000, 0x00000003f2800000|
| 108|0x00000003f2c00000, 0x00000003f2c00000, 0x00000003f3000000|  0%| F|  |TS  0|AC  0|TAMS 0x00000003f2c00000, 0x00000003f2c00000|
| 109|0x00000003f3000000, 0x00000003f3000000, 0x00000003f3400000|  0%| F|  |TS  0|AC  0|TAMS 0x00000003f3000000, 0x00000003f3000000|
| 110|0x00000003f3400000, 0x00000003f3400000, 0x00000003f3800000|  0%| F|  |TS  0|AC  0|TAMS 0x00000003f3400000, 0x00000003f3400000|
| 111|0x00000003f3800000, 0x00000003f3800000, 0x00000003f3c00000|  0%| F|  |TS  0|AC  0|TAMS 0x00000003f3800000, 0x00000003f3800000|
| 112|0x00000003f3c00000, 0x00000003f3c00000, 0x00000003f4000000|  0%| F|  |TS  0|AC  0|TAMS 0x00000003f3c00000, 0x00000003f3c00000|
| 113|0x00000003f4000000, 0x00000003f4000000, 0x00000003f4400000|  0%| F|  |TS  0|AC  0|TAMS 0x00000003f4000000, 0x00000003f4000000|
| 114|0x00000003f4400000, 0x00000003f4400000, 0x00000003f4800000|  0%| F|  |TS  0|AC  0|TAMS 0x00000003f4400000, 0x00000003f4400000|
| 115|0x00000003f4800000, 0x00000003f4800000, 0x00000003f4c00000|  0%| F|  |TS  0|AC  0|TAMS 0x00000003f4800000, 0x00000003f4800000|
| 116|0x00000003f4c00000, 0x00000003f4c00000, 0x00000003f5000000|  0%| F|  |TS  0|AC  0|TAMS 0x00000003f4c00000, 0x00000003f4c00000|
| 117|0x00000003f5000000, 0x00000003f5000000, 0x00000003f5400000|  0%| F|  |TS  0|AC  0|TAMS 0x00000003f5000000, 0x00000003f5000000|
| 118|0x00000003f5400000, 0x00000003f5400000, 0x00000003f5800000|  0%| F|  |TS  0|AC  0|TAMS 0x00000003f5400000, 0x00000003f5400000|
| 119|0x00000003f5800000, 0x00000003f5800000, 0x00000003f5c00000|  0%| F|  |TS  0|AC  0|TAMS 0x00000003f5800000, 0x00000003f5800000|
| 120|0x00000003f5c00000, 0x00000003f5c00000, 0x00000003f6000000|  0%| F|  |TS  0|AC  0|TAMS 0x00000003f5c00000, 0x00000003f5c00000|
| 121|0x00000003f6000000, 0x00000003f6000000, 0x00000003f6400000|  0%| F|  |TS  0|AC  0|TAMS 0x00000003f6000000, 0x00000003f6000000|
| 122|0x00000003f6400000, 0x00000003f6400000, 0x00000003f6800000|  0%| F|  |TS  0|AC  0|TAMS 0x00000003f6400000, 0x00000003f6400000|
| 123|0x00000003f6800000, 0x00000003f6800000, 0x00000003f6c00000|  0%| F|  |TS  0|AC  0|TAMS 0x00000003f6800000, 0x00000003f6800000|
| 124|0x00000003f6c00000, 0x00000003f6c00000, 0x00000003f7000000|  0%| F|  |TS  0|AC  0|TAMS 0x00000003f6c00000, 0x00000003f6c00000|
| 125|0x00000003f7000000, 0x00000003f7000000, 0x00000003f7400000|  0%| F|  |TS  0|AC  0|TAMS 0x00000003f7000000, 0x00000003f7000000|
| 126|0x00000003f7400000, 0x00000003f7400000, 0x00000003f7800000|  0%| F|  |TS  0|AC  0|TAMS 0x00000003f7400000, 0x00000003f7400000|
| 127|0x00000003f7800000, 0x00000003f7800000, 0x00000003f7c00000|  0%| F|  |TS  0|AC  0|TAMS 0x00000003f7800000, 0x00000003f7800000|
| 128|0x00000003f7c00000, 0x00000003f7c00000, 0x00000003f8000000|  0%| F|  |TS  0|AC  0|TAMS 0x00000003f7c00000, 0x00000003f7c00000|
| 129|0x00000003f8000000, 0x00000003f8000000, 0x00000003f8400000|  0%| F|  |TS  0|AC  0|TAMS 0x00000003f8000000, 0x00000003f8000000|
| 130|0x00000003f8400000, 0x00000003f8400000, 0x00000003f8800000|  0%| F|  |TS  0|AC  0|TAMS 0x00000003f8400000, 0x00000003f8400000|
| 131|0x00000003f8800000, 0x00000003f8800000, 0x00000003f8c00000|  0%| F|  |TS  0|AC  0|TAMS 0x00000003f8800000, 0x00000003f8800000|
| 132|0x00000003f8c00000, 0x00000003f8c00000, 0x00000003f9000000|  0%| F|  |TS  0|AC  0|TAMS 0x00000003f8c00000, 0x00000003f8c00000|
| 133|0x00000003f9000000, 0x00000003f9000000, 0x00000003f9400000|  0%| F|  |TS  0|AC  0|TAMS 0x00000003f9000000, 0x00000003f9000000|
| 134|0x00000003f9400000, 0x00000003f9400000, 0x00000003f9800000|  0%| F|  |TS  0|AC  0|TAMS 0x00000003f9400000, 0x00000003f9400000|
| 135|0x00000003f9800000, 0x00000003f9800000, 0x00000003f9c00000|  0%| F|  |TS  0|AC  0|TAMS 0x00000003f9800000, 0x00000003f9800000|
| 136|0x00000003f9c00000, 0x00000003f9c00000, 0x00000003fa000000|  0%| F|  |TS  0|AC  0|TAMS 0x00000003f9c00000, 0x00000003f9c00000|
| 137|0x00000003fa000000, 0x00000003fa000000, 0x00000003fa400000|  0%| F|  |TS  0|AC  0|TAMS 0x00000003fa000000, 0x00000003fa000000|
| 138|0x00000003fa400000, 0x00000003fa400000, 0x00000003fa800000|  0%| F|  |TS  0|AC  0|TAMS 0x00000003fa400000, 0x00000003fa400000|
| 139|0x00000003fa800000, 0x00000003fa800000, 0x00000003fac00000|  0%| F|  |TS  0|AC  0|TAMS 0x00000003fa800000, 0x00000003fa800000|
| 140|0x00000003fac00000, 0x00000003fac00000, 0x00000003fb000000|  0%| F|  |TS  0|AC  0|TAMS 0x00000003fac00000, 0x00000003fac00000|
| 141|0x00000003fb000000, 0x00000003fb000000, 0x00000003fb400000|  0%| F|  |TS  0|AC  0|TAMS 0x00000003fb000000, 0x00000003fb000000|
| 142|0x00000003fb400000, 0x00000003fb400000, 0x00000003fb800000|  0%| F|  |TS  0|AC  0|TAMS 0x00000003fb400000, 0x00000003fb400000|
| 143|0x00000003fb800000, 0x00000003fb800000, 0x00000003fbc00000|  0%| F|  |TS  0|AC  0|TAMS 0x00000003fb800000, 0x00000003fb800000|
| 144|0x00000003fbc00000, 0x00000003fbc00000, 0x00000003fc000000|  0%| F|  |TS  0|AC  0|TAMS 0x00000003fbc00000, 0x00000003fbc00000|
| 145|0x00000003fc000000, 0x00000003fc000000, 0x00000003fc400000|  0%| F|  |TS  0|AC  0|TAMS 0x00000003fc000000, 0x00000003fc000000|
| 146|0x00000003fc400000, 0x00000003fc400000, 0x00000003fc800000|  0%| F|  |TS  0|AC  0|TAMS 0x00000003fc400000, 0x00000003fc400000|
| 147|0x00000003fc800000, 0x00000003fc800000, 0x00000003fcc00000|  0%| F|  |TS  0|AC  0|TAMS 0x00000003fc800000, 0x00000003fc800000|
| 148|0x00000003fcc00000, 0x00000003fcc00000, 0x00000003fd000000|  0%| F|  |TS  0|AC  0|TAMS 0x00000003fcc00000, 0x00000003fcc00000|
| 149|0x00000003fd000000, 0x00000003fd000000, 0x00000003fd400000|  0%| F|  |TS  0|AC  0|TAMS 0x00000003fd000000, 0x00000003fd000000|
| 150|0x00000003fd400000, 0x00000003fd400000, 0x00000003fd800000|  0%| F|  |TS  0|AC  0|TAMS 0x00000003fd400000, 0x00000003fd400000|
| 151|0x00000003fd800000, 0x00000003fd800000, 0x00000003fdc00000|  0%| F|  |TS  0|AC  0|TAMS 0x00000003fd800000, 0x00000003fd800000|
| 152|0x00000003fdc00000, 0x00000003fdc00000, 0x00000003fe000000|  0%| F|  |TS  0|AC  0|TAMS 0x00000003fdc00000, 0x00000003fdc00000|
| 153|0x00000003fe000000, 0x00000003fe000000, 0x00000003fe400000|  0%| F|  |TS  0|AC  0|TAMS 0x00000003fe000000, 0x00000003fe000000|
| 154|0x00000003fe400000, 0x00000003fe400000, 0x00000003fe800000|  0%| F|  |TS  0|AC  0|TAMS 0x00000003fe400000, 0x00000003fe400000|
| 155|0x00000003fe800000, 0x00000003fe800000, 0x00000003fec00000|  0%| F|  |TS  0|AC  0|TAMS 0x00000003fe800000, 0x00000003fe800000|
| 156|0x00000003fec00000, 0x00000003fec00000, 0x00000003ff000000|  0%| F|  |TS  0|AC  0|TAMS 0x00000003fec00000, 0x00000003fec00000|
| 157|0x00000003ff000000, 0x00000003ff000000, 0x00000003ff400000|  0%| F|  |TS  0|AC  0|TAMS 0x00000003ff000000, 0x00000003ff000000|
| 158|0x00000003ff400000, 0x00000003ff400000, 0x00000003ff800000|  0%| F|  |TS  0|AC  0|TAMS 0x00000003ff400000, 0x00000003ff400000|
| 159|0x00000003ff800000, 0x00000003ff800000, 0x00000003ffc00000|  0%| F|  |TS  0|AC  0|TAMS 0x00000003ff800000, 0x00000003ff800000|
| 160|0x00000003ffc00000, 0x00000003ffc00000, 0x0000000400000000|  0%| F|  |TS  0|AC  0|TAMS 0x00000003ffc00000, 0x00000003ffc00000|
| 161|0x0000000400000000, 0x0000000400000000, 0x0000000400400000|  0%| F|  |TS  0|AC  0|TAMS 0x0000000400000000, 0x0000000400000000|
| 162|0x0000000400400000, 0x0000000400400000, 0x0000000400800000|  0%| F|  |TS  0|AC  0|TAMS 0x0000000400400000, 0x0000000400400000|
| 163|0x0000000400800000, 0x0000000400800000, 0x0000000400c00000|  0%| F|  |TS  0|AC  0|TAMS 0x0000000400800000, 0x0000000400800000|
| 164|0x0000000400c00000, 0x0000000400c00000, 0x0000000401000000|  0%| F|  |TS  0|AC  0|TAMS 0x0000000400c00000, 0x0000000400c00000|
| 165|0x0000000401000000, 0x0000000401000000, 0x0000000401400000|  0%| F|  |TS  0|AC  0|TAMS 0x0000000401000000, 0x0000000401000000|
| 166|0x0000000401400000, 0x0000000401400000, 0x0000000401800000|  0%| F|  |TS  0|AC  0|TAMS 0x0000000401400000, 0x0000000401400000|
| 167|0x0000000401800000, 0x0000000401800000, 0x0000000401c00000|  0%| F|  |TS  0|AC  0|TAMS 0x0000000401800000, 0x0000000401800000|
| 168|0x0000000401c00000, 0x0000000401c00000, 0x0000000402000000|  0%| F|  |TS  0|AC  0|TAMS 0x0000000401c00000, 0x0000000401c00000|
| 169|0x0000000402000000, 0x0000000402000000, 0x0000000402400000|  0%| F|  |TS  0|AC  0|TAMS 0x0000000402000000, 0x0000000402000000|
| 170|0x0000000402400000, 0x0000000402400000, 0x0000000402800000|  0%| F|  |TS  0|AC  0|TAMS 0x0000000402400000, 0x0000000402400000|
| 171|0x0000000402800000, 0x0000000402800000, 0x0000000402c00000|  0%| F|  |TS  0|AC  0|TAMS 0x0000000402800000, 0x0000000402800000|
| 172|0x0000000402c00000, 0x0000000402c00000, 0x0000000403000000|  0%| F|  |TS  0|AC  0|TAMS 0x0000000402c00000, 0x0000000402c00000|
| 173|0x0000000403000000, 0x0000000403000000, 0x0000000403400000|  0%| F|  |TS  0|AC  0|TAMS 0x0000000403000000, 0x0000000403000000|
| 174|0x0000000403400000, 0x0000000403400000, 0x0000000403800000|  0%| F|  |TS  0|AC  0|TAMS 0x0000000403400000, 0x0000000403400000|
| 175|0x0000000403800000, 0x0000000403800000, 0x0000000403c00000|  0%| F|  |TS  0|AC  0|TAMS 0x0000000403800000, 0x0000000403800000|
| 176|0x0000000403c00000, 0x0000000403c00000, 0x0000000404000000|  0%| F|  |TS  0|AC  0|TAMS 0x0000000403c00000, 0x0000000403c00000|
| 177|0x0000000404000000, 0x0000000404000000, 0x0000000404400000|  0%| F|  |TS  0|AC  0|TAMS 0x0000000404000000, 0x0000000404000000|
| 178|0x0000000404400000, 0x0000000404400000, 0x0000000404800000|  0%| F|  |TS  0|AC  0|TAMS 0x0000000404400000, 0x0000000404400000|
| 179|0x0000000404800000, 0x0000000404800000, 0x0000000404c00000|  0%| F|  |TS  0|AC  0|TAMS 0x0000000404800000, 0x0000000404800000|
| 180|0x0000000404c00000, 0x0000000404c00000, 0x0000000405000000|  0%| F|  |TS  0|AC  0|TAMS 0x0000000404c00000, 0x0000000404c00000|
| 181|0x0000000405000000, 0x0000000405000000, 0x0000000405400000|  0%| F|  |TS  0|AC  0|TAMS 0x0000000405000000, 0x0000000405000000|
| 182|0x0000000405400000, 0x0000000405400000, 0x0000000405800000|  0%| F|  |TS  0|AC  0|TAMS 0x0000000405400000, 0x0000000405400000|
| 183|0x0000000405800000, 0x0000000405800000, 0x0000000405c00000|  0%| F|  |TS  0|AC  0|TAMS 0x0000000405800000, 0x0000000405800000|
| 184|0x0000000405c00000, 0x0000000405c00000, 0x0000000406000000|  0%| F|  |TS  0|AC  0|TAMS 0x0000000405c00000, 0x0000000405c00000|
| 185|0x0000000406000000, 0x0000000406000000, 0x0000000406400000|  0%| F|  |TS  0|AC  0|TAMS 0x0000000406000000, 0x0000000406000000|
| 186|0x0000000406400000, 0x0000000406400000, 0x0000000406800000|  0%| F|  |TS  0|AC  0|TAMS 0x0000000406400000, 0x0000000406400000|
| 187|0x0000000406800000, 0x0000000406800000, 0x0000000406c00000|  0%| F|  |TS  0|AC  0|TAMS 0x0000000406800000, 0x0000000406800000|
| 188|0x0000000406c00000, 0x0000000406c00000, 0x0000000407000000|  0%| F|  |TS  0|AC  0|TAMS 0x0000000406c00000, 0x0000000406c00000|
| 189|0x0000000407000000, 0x0000000407000000, 0x0000000407400000|  0%| F|  |TS  0|AC  0|TAMS 0x0000000407000000, 0x0000000407000000|
| 190|0x0000000407400000, 0x0000000407400000, 0x0000000407800000|  0%| F|  |TS  0|AC  0|TAMS 0x0000000407400000, 0x0000000407400000|
| 191|0x0000000407800000, 0x0000000407800000, 0x0000000407c00000|  0%| F|  |TS  0|AC  0|TAMS 0x0000000407800000, 0x0000000407800000|
| 192|0x0000000407c00000, 0x0000000407c00000, 0x0000000408000000|  0%| F|  |TS  0|AC  0|TAMS 0x0000000407c00000, 0x0000000407c00000|
| 193|0x0000000408000000, 0x0000000408000000, 0x0000000408400000|  0%| F|  |TS  0|AC  0|TAMS 0x0000000408000000, 0x0000000408000000|
| 194|0x0000000408400000, 0x0000000408400000, 0x0000000408800000|  0%| F|  |TS  0|AC  0|TAMS 0x0000000408400000, 0x0000000408400000|
| 195|0x0000000408800000, 0x0000000408800000, 0x0000000408c00000|  0%| F|  |TS  0|AC  0|TAMS 0x0000000408800000, 0x0000000408800000|
| 196|0x0000000408c00000, 0x0000000408c00000, 0x0000000409000000|  0%| F|  |TS  0|AC  0|TAMS 0x0000000408c00000, 0x0000000408c00000|
| 197|0x0000000409000000, 0x0000000409000000, 0x0000000409400000|  0%| F|  |TS  0|AC  0|TAMS 0x0000000409000000, 0x0000000409000000|
| 198|0x0000000409400000, 0x0000000409400000, 0x0000000409800000|  0%| F|  |TS  0|AC  0|TAMS 0x0000000409400000, 0x0000000409400000|
| 199|0x0000000409800000, 0x0000000409800000, 0x0000000409c00000|  0%| F|  |TS  0|AC  0|TAMS 0x0000000409800000, 0x0000000409800000|
| 200|0x0000000409c00000, 0x0000000409c00000, 0x000000040a000000|  0%| F|  |TS  0|AC  0|TAMS 0x0000000409c00000, 0x0000000409c00000|
| 201|0x000000040a000000, 0x000000040a000000, 0x000000040a400000|  0%| F|  |TS  0|AC  0|TAMS 0x000000040a000000, 0x000000040a000000|
| 202|0x000000040a400000, 0x000000040a400000, 0x000000040a800000|  0%| F|  |TS  0|AC  0|TAMS 0x000000040a400000, 0x000000040a400000|
| 203|0x000000040a800000, 0x000000040a800000, 0x000000040ac00000|  0%| F|  |TS  0|AC  0|TAMS 0x000000040a800000, 0x000000040a800000|
| 204|0x000000040ac00000, 0x000000040ac00000, 0x000000040b000000|  0%| F|  |TS  0|AC  0|TAMS 0x000000040ac00000, 0x000000040ac00000|
| 205|0x000000040b000000, 0x000000040b000000, 0x000000040b400000|  0%| F|  |TS  0|AC  0|TAMS 0x000000040b000000, 0x000000040b000000|
| 206|0x000000040b400000, 0x000000040b400000, 0x000000040b800000|  0%| F|  |TS  0|AC  0|TAMS 0x000000040b400000, 0x000000040b400000|
| 207|0x000000040b800000, 0x000000040b800000, 0x000000040bc00000|  0%| F|  |TS  0|AC  0|TAMS 0x000000040b800000, 0x000000040b800000|
| 208|0x000000040bc00000, 0x000000040bc00000, 0x000000040c000000|  0%| F|  |TS  0|AC  0|TAMS 0x000000040bc00000, 0x000000040bc00000|
| 209|0x000000040c000000, 0x000000040c000000, 0x000000040c400000|  0%| F|  |TS  0|AC  0|TAMS 0x000000040c000000, 0x000000040c000000|
| 210|0x000000040c400000, 0x000000040c400000, 0x000000040c800000|  0%| F|  |TS  0|AC  0|TAMS 0x000000040c400000, 0x000000040c400000|
| 211|0x000000040c800000, 0x000000040c800000, 0x000000040cc00000|  0%| F|  |TS  0|AC  0|TAMS 0x000000040c800000, 0x000000040c800000|
| 212|0x000000040cc00000, 0x000000040cc00000, 0x000000040d000000|  0%| F|  |TS  0|AC  0|TAMS 0x000000040cc00000, 0x000000040cc00000|
| 213|0x000000040d000000, 0x000000040d000000, 0x000000040d400000|  0%| F|  |TS  0|AC  0|TAMS 0x000000040d000000, 0x000000040d000000|
| 214|0x000000040d400000, 0x000000040d400000, 0x000000040d800000|  0%| F|  |TS  0|AC  0|TAMS 0x000000040d400000, 0x000000040d400000|
| 215|0x000000040d800000, 0x000000040d800000, 0x000000040dc00000|  0%| F|  |TS  0|AC  0|TAMS 0x000000040d800000, 0x000000040d800000|
| 216|0x000000040dc00000, 0x000000040dc00000, 0x000000040e000000|  0%| F|  |TS  0|AC  0|TAMS 0x000000040dc00000, 0x000000040dc00000|
| 217|0x000000040e000000, 0x000000040e000000, 0x000000040e400000|  0%| F|  |TS  0|AC  0|TAMS 0x000000040e000000, 0x000000040e000000|
| 218|0x000000040e400000, 0x000000040e400000, 0x000000040e800000|  0%| F|  |TS  0|AC  0|TAMS 0x000000040e400000, 0x000000040e400000|
| 219|0x000000040e800000, 0x000000040e800000, 0x000000040ec00000|  0%| F|  |TS  0|AC  0|TAMS 0x000000040e800000, 0x000000040e800000|
| 220|0x000000040ec00000, 0x000000040ec00000, 0x000000040f000000|  0%| F|  |TS  0|AC  0|TAMS 0x000000040ec00000, 0x000000040ec00000|
| 221|0x000000040f000000, 0x000000040f000000, 0x000000040f400000|  0%| F|  |TS  0|AC  0|TAMS 0x000000040f000000, 0x000000040f000000|
| 222|0x000000040f400000, 0x000000040f400000, 0x000000040f800000|  0%| F|  |TS  0|AC  0|TAMS 0x000000040f400000, 0x000000040f400000|
| 223|0x000000040f800000, 0x000000040f800000, 0x000000040fc00000|  0%| F|  |TS  0|AC  0|TAMS 0x000000040f800000, 0x000000040f800000|
| 224|0x000000040fc00000, 0x000000040fc00000, 0x0000000410000000|  0%| F|  |TS  0|AC  0|TAMS 0x000000040fc00000, 0x000000040fc00000|
| 225|0x0000000410000000, 0x0000000410000000, 0x0000000410400000|  0%| F|  |TS  0|AC  0|TAMS 0x0000000410000000, 0x0000000410000000|
| 226|0x0000000410400000, 0x0000000410400000, 0x0000000410800000|  0%| F|  |TS  0|AC  0|TAMS 0x0000000410400000, 0x0000000410400000|
| 227|0x0000000410800000, 0x0000000410800000, 0x0000000410c00000|  0%| F|  |TS  0|AC  0|TAMS 0x0000000410800000, 0x0000000410800000|
| 228|0x0000000410c00000, 0x0000000410c00000, 0x0000000411000000|  0%| F|  |TS  0|AC  0|TAMS 0x0000000410c00000, 0x0000000410c00000|
| 229|0x0000000411000000, 0x0000000411000000, 0x0000000411400000|  0%| F|  |TS  0|AC  0|TAMS 0x0000000411000000, 0x0000000411000000|
| 230|0x0000000411400000, 0x0000000411400000, 0x0000000411800000|  0%| F|  |TS  0|AC  0|TAMS 0x0000000411400000, 0x0000000411400000|
| 231|0x0000000411800000, 0x0000000411800000, 0x0000000411c00000|  0%| F|  |TS  0|AC  0|TAMS 0x0000000411800000, 0x0000000411800000|
| 232|0x0000000411c00000, 0x0000000411c00000, 0x0000000412000000|  0%| F|  |TS  0|AC  0|TAMS 0x0000000411c00000, 0x0000000411c00000|
| 233|0x0000000412000000, 0x0000000412000000, 0x0000000412400000|  0%| F|  |TS  0|AC  0|TAMS 0x0000000412000000, 0x0000000412000000|
| 234|0x0000000412400000, 0x0000000412400000, 0x0000000412800000|  0%| F|  |TS  0|AC  0|TAMS 0x0000000412400000, 0x0000000412400000|
| 235|0x0000000412800000, 0x0000000412800000, 0x0000000412c00000|  0%| F|  |TS  0|AC  0|TAMS 0x0000000412800000, 0x0000000412800000|
| 236|0x0000000412c00000, 0x0000000412c00000, 0x0000000413000000|  0%| F|  |TS  0|AC  0|TAMS 0x0000000412c00000, 0x0000000412c00000|
| 237|0x0000000413000000, 0x0000000413000000, 0x0000000413400000|  0%| F|  |TS  0|AC  0|TAMS 0x0000000413000000, 0x0000000413000000|
| 238|0x0000000413400000, 0x0000000413400000, 0x0000000413800000|  0%| F|  |TS  0|AC  0|TAMS 0x0000000413400000, 0x0000000413400000|
| 239|0x0000000413800000, 0x0000000413800000, 0x0000000413c00000|  0%| F|  |TS  0|AC  0|TAMS 0x0000000413800000, 0x0000000413800000|
| 240|0x0000000413c00000, 0x0000000413c00000, 0x0000000414000000|  0%| F|  |TS  0|AC  0|TAMS 0x0000000413c00000, 0x0000000413c00000|
| 241|0x0000000414000000, 0x0000000414000000, 0x0000000414400000|  0%| F|  |TS  0|AC  0|TAMS 0x0000000414000000, 0x0000000414000000|
| 242|0x0000000414400000, 0x0000000414400000, 0x0000000414800000|  0%| F|  |TS  0|AC  0|TAMS 0x0000000414400000, 0x0000000414400000|
| 243|0x0000000414800000, 0x0000000414800000, 0x0000000414c00000|  0%| F|  |TS  0|AC  0|TAMS 0x0000000414800000, 0x0000000414800000|
| 244|0x0000000414c00000, 0x0000000414c00000, 0x0000000415000000|  0%| F|  |TS  0|AC  0|TAMS 0x0000000414c00000, 0x0000000414c00000|
| 245|0x0000000415000000, 0x0000000415000000, 0x0000000415400000|  0%| F|  |TS  0|AC  0|TAMS 0x0000000415000000, 0x0000000415000000|
| 246|0x0000000415400000, 0x0000000415400000, 0x0000000415800000|  0%| F|  |TS  0|AC  0|TAMS 0x0000000415400000, 0x0000000415400000|
| 247|0x0000000415800000, 0x00000004158f6458, 0x0000000415c00000| 24%| E|  |TS  0|AC  0|TAMS 0x0000000415800000, 0x0000000415800000|
| 248|0x0000000415c00000, 0x0000000416000000, 0x0000000416000000|100%| E|CS|TS  0|AC  0|TAMS 0x0000000415c00000, 0x0000000415c00000|
| 249|0x0000000416000000, 0x0000000416400000, 0x0000000416400000|100%| E|CS|TS  0|AC  0|TAMS 0x0000000416000000, 0x0000000416000000|
| 250|0x0000000416400000, 0x0000000416800000, 0x0000000416800000|100%| E|CS|TS  0|AC  0|TAMS 0x0000000416400000, 0x0000000416400000|

Card table byte_map: [0x00007ff2ea23a000,0x00007ff2ec17c000] byte_map_base: 0x00007ff2e837c000

Marking Bits (Prev, Next): (CMBitMap*) 0x00007ff3b009e820, (CMBitMap*) 0x00007ff3b009e858
 Prev Bits: [0x00007ff2d88e8000, 0x00007ff2e82f8000)
 Next Bits: [0x00007ff2c8ed8000, 0x00007ff2d88e8000)

Polling page: 0x00007ff3b99a4000

CodeHeap 'non-profiled nmethods': size=119172Kb used=187Kb max_used=187Kb free=118984Kb
 bounds [0x00007ff39d6e2000, 0x00007ff39d952000, 0x00007ff3a4b43000]
CodeHeap 'profiled nmethods': size=119172Kb used=347Kb max_used=347Kb free=118824Kb
 bounds [0x00007ff396281000, 0x00007ff3964f1000, 0x00007ff39d6e2000]
CodeHeap 'non-nmethods': size=7416Kb used=2826Kb max_used=2861Kb free=4589Kb
 bounds [0x00007ff395b43000, 0x00007ff395e13000, 0x00007ff396281000]
 total_blobs=657 nmethods=264 adapters=168
 compilation: enabled

Compilation events (10 events):
Event: 0.642 Thread 0x00007ff3b02ad000 nmethod 260 0x00007ff39d6ffa90 code [0x00007ff39d6ffd80, 0x00007ff39d701f90]
Event: 0.643 Thread 0x00007ff3b02b0800 nmethod 261 0x00007ff39d703210 code [0x00007ff39d703520, 0x00007ff39d7058e0]
Event: 0.782 Thread 0x00007ff3b02af000 nmethod 259 0x00007ff39d706b90 code [0x00007ff39d707160, 0x00007ff39d70cfa8]
Event: 0.783 Thread 0x00007ff3b02b8000  262       4       java.io.FileDescriptor$1::getAppend (5 bytes)
Event: 0.784 Thread 0x00007ff3b02b8000 nmethod 262 0x00007ff39d710410 code [0x00007ff39d7105a0, 0x00007ff39d710618]
Event: 0.785 Thread 0x00007ff3b02b8000  264       4       java.nio.ByteBuffer::hasArray (20 bytes)
Event: 0.786 Thread 0x00007ff3b02b8000 nmethod 264 0x00007ff39d710710 code [0x00007ff39d7108a0, 0x00007ff39d710938]
Event: 0.786 Thread 0x00007ff3b02af000  263       4       java.nio.CharBuffer::hasArray (20 bytes)
Event: 0.786 Thread 0x00007ff3b02af000 nmethod 263 0x00007ff39d710a10 code [0x00007ff39d710ba0, 0x00007ff39d710c38]
Event: 0.789 Thread 0x00007ff3b02bf000  265 %     3       org.eclipse.core.runtime.adaptor.EclipseStarter::main @ 5177 (6518 bytes)

GC Heap History (0 events):
No events

Deoptimization events (0 events):
No events

Classes redefined (0 events):
No events

Internal exceptions (0 events):
No events

Events (10 events):
Event: 0.441 Thread 0x00007ff3b0011800 DEOPT PACKING pc=0x00007ff3962b6ca4 sp=0x00007ff3b804ea80
Event: 0.441 Thread 0x00007ff3b0011800 DEOPT UNPACKING pc=0x00007ff395b90aab sp=0x00007ff3b804e068 mode 0
Event: 0.441 Thread 0x00007ff3b0011800 DEOPT PACKING pc=0x00007ff3962b6ca4 sp=0x00007ff3b804ea80
Event: 0.441 Thread 0x00007ff3b0011800 DEOPT UNPACKING pc=0x00007ff395b90aab sp=0x00007ff3b804e068 mode 0
Event: 0.441 Thread 0x00007ff3b0011800 DEOPT PACKING pc=0x00007ff3962b6ca4 sp=0x00007ff3b804ea70
Event: 0.441 Thread 0x00007ff3b0011800 DEOPT UNPACKING pc=0x00007ff395b90aab sp=0x00007ff3b804e058 mode 0
Event: 0.441 Thread 0x00007ff3b0011800 DEOPT PACKING pc=0x00007ff3962b6ca4 sp=0x00007ff3b804ea80
Event: 0.441 Thread 0x00007ff3b0011800 DEOPT UNPACKING pc=0x00007ff395b90aab sp=0x00007ff3b804e068 mode 0
Event: 0.441 Thread 0x00007ff3b0011800 DEOPT PACKING pc=0x00007ff3962b6ca4 sp=0x00007ff3b804ea80
Event: 0.441 Thread 0x00007ff3b0011800 DEOPT UNPACKING pc=0x00007ff395b90aab sp=0x00007ff3b804e068 mode 0


Dynamic libraries:
00400000-00401000 r-xp 00000000 00:65 77077150                           /root/oracle/jdk-9.0.4/bin/java
00600000-00601000 rw-p 00000000 00:65 77077150                           /root/oracle/jdk-9.0.4/bin/java
0144f000-01470000 rw-p 00000000 00:00 0                                  [heap]
3d7c00000-416800000 rw-p 00000000 00:00 0 
416800000-7c0000000 ---p 00000000 00:00 0 
7c0000000-7c0080000 rw-p 00000000 00:00 0 
7c0080000-800000000 ---p 00000000 00:00 0 
7ff258000000-7ff258021000 rw-p 00000000 00:00 0 
7ff258021000-7ff25c000000 ---p 00000000 00:00 0 
7ff25c000000-7ff25c021000 rw-p 00000000 00:00 0 
7ff25c021000-7ff260000000 ---p 00000000 00:00 0 
7ff260000000-7ff260021000 rw-p 00000000 00:00 0 
7ff260021000-7ff264000000 ---p 00000000 00:00 0 
7ff267afd000-7ff267cfc000 rw-p 00000000 00:00 0 
7ff267cfc000-7ff267cfd000 ---p 00000000 00:00 0 
7ff267cfd000-7ff267dfe000 rw-p 00000000 00:00 0 
7ff267dfe000-7ff267e02000 ---p 00000000 00:00 0 
7ff267e02000-7ff267eff000 rw-p 00000000 00:00 0 
7ff267eff000-7ff267f03000 ---p 00000000 00:00 0 
7ff267f03000-7ff268000000 rw-p 00000000 00:00 0 
7ff268000000-7ff268033000 rw-p 00000000 00:00 0 
7ff268033000-7ff26c000000 ---p 00000000 00:00 0 
7ff26c000000-7ff26c021000 rw-p 00000000 00:00 0 
7ff26c021000-7ff270000000 ---p 00000000 00:00 0 
7ff270000000-7ff2700a4000 rw-p 00000000 00:00 0 
7ff2700a4000-7ff274000000 ---p 00000000 00:00 0 
7ff274000000-7ff2741f5000 rw-p 00000000 00:00 0 
7ff2741f5000-7ff278000000 ---p 00000000 00:00 0 
7ff278000000-7ff278147000 rw-p 00000000 00:00 0 
7ff278147000-7ff27c000000 ---p 00000000 00:00 0 
7ff27c000000-7ff27c021000 rw-p 00000000 00:00 0 
7ff27c021000-7ff280000000 ---p 00000000 00:00 0 
7ff280000000-7ff2800a4000 rw-p 00000000 00:00 0 
7ff2800a4000-7ff284000000 ---p 00000000 00:00 0 
7ff284000000-7ff2841ae000 rw-p 00000000 00:00 0 
7ff2841ae000-7ff288000000 ---p 00000000 00:00 0 
7ff288000000-7ff28811a000 rw-p 00000000 00:00 0 
7ff28811a000-7ff28c000000 ---p 00000000 00:00 0 
7ff28c000000-7ff28c15e000 rw-p 00000000 00:00 0 
7ff28c15e000-7ff290000000 ---p 00000000 00:00 0 
7ff290000000-7ff2906c3000 rw-p 00000000 00:00 0 
7ff2906c3000-7ff294000000 ---p 00000000 00:00 0 
7ff294000000-7ff2942e0000 rw-p 00000000 00:00 0 
7ff2942e0000-7ff298000000 ---p 00000000 00:00 0 
7ff298000000-7ff298021000 rw-p 00000000 00:00 0 
7ff298021000-7ff29c000000 ---p 00000000 00:00 0 
7ff29c000000-7ff29c432000 rw-p 00000000 00:00 0 
7ff29c432000-7ff2a0000000 ---p 00000000 00:00 0 
7ff2a0000000-7ff2a0021000 rw-p 00000000 00:00 0 
7ff2a0021000-7ff2a4000000 ---p 00000000 00:00 0 
7ff2a4000000-7ff2a4021000 rw-p 00000000 00:00 0 
7ff2a4021000-7ff2a8000000 ---p 00000000 00:00 0 
7ff2a8000000-7ff2a8021000 rw-p 00000000 00:00 0 
7ff2a8021000-7ff2ac000000 ---p 00000000 00:00 0 
7ff2ac000000-7ff2ac021000 rw-p 00000000 00:00 0 
7ff2ac021000-7ff2b0000000 ---p 00000000 00:00 0 
7ff2b00c4000-7ff2b00da000 r-xp 00000000 00:65 77077477                   /root/oracle/jdk-9.0.4/lib/libnet.so
7ff2b00da000-7ff2b02da000 ---p 00016000 00:65 77077477                   /root/oracle/jdk-9.0.4/lib/libnet.so
7ff2b02da000-7ff2b02db000 rw-p 00016000 00:65 77077477                   /root/oracle/jdk-9.0.4/lib/libnet.so
7ff2b02db000-7ff2b02eb000 r-xp 00000000 00:65 77077594                   /root/oracle/jdk-9.0.4/lib/libnio.so
7ff2b02eb000-7ff2b04eb000 ---p 00010000 00:65 77077594                   /root/oracle/jdk-9.0.4/lib/libnio.so
7ff2b04eb000-7ff2b04ec000 rw-p 00010000 00:65 77077594                   /root/oracle/jdk-9.0.4/lib/libnio.so
7ff2b04ec000-7ff2b04f0000 ---p 00000000 00:00 0 
7ff2b04f0000-7ff2b05ed000 rw-p 00000000 00:00 0 
7ff2b05ed000-7ff2b05f1000 ---p 00000000 00:00 0 
7ff2b05f1000-7ff2b06ee000 rw-p 00000000 00:00 0 
7ff2b06ee000-7ff2b06f2000 ---p 00000000 00:00 0 
7ff2b06f2000-7ff2b07ef000 rw-p 00000000 00:00 0 
7ff2b07ef000-7ff2b07f3000 ---p 00000000 00:00 0 
7ff2b07f3000-7ff2b08f0000 rw-p 00000000 00:00 0 
7ff2b08f0000-7ff2b08f4000 ---p 00000000 00:00 0 
7ff2b08f4000-7ff2b09f1000 rw-p 00000000 00:00 0 
7ff2b09f1000-7ff2b09f5000 ---p 00000000 00:00 0 
7ff2b09f5000-7ff2b0af2000 rw-p 00000000 00:00 0 
7ff2b0af2000-7ff2b0af6000 ---p 00000000 00:00 0 
7ff2b0af6000-7ff2b0bf3000 rw-p 00000000 00:00 0 
7ff2b0bf3000-7ff2b0bf7000 ---p 00000000 00:00 0 
7ff2b0bf7000-7ff2b0cf4000 rw-p 00000000 00:00 0 
7ff2b0cf4000-7ff2b0cf8000 ---p 00000000 00:00 0 
7ff2b0cf8000-7ff2b0df5000 rw-p 00000000 00:00 0 
7ff2b0df5000-7ff2b0df9000 ---p 00000000 00:00 0 
7ff2b0df9000-7ff2b0ef6000 rw-p 00000000 00:00 0 
7ff2b0ef6000-7ff2b0efa000 ---p 00000000 00:00 0 
7ff2b0efa000-7ff2b0ff7000 rw-p 00000000 00:00 0 
7ff2b0ff7000-7ff2b0ffb000 ---p 00000000 00:00 0 
7ff2b0ffb000-7ff2b10f8000 rw-p 00000000 00:00 0 
7ff2b10f8000-7ff2b10fc000 ---p 00000000 00:00 0 
7ff2b10fc000-7ff2b11f9000 rw-p 00000000 00:00 0 
7ff2b11f9000-7ff2b11fd000 ---p 00000000 00:00 0 
7ff2b11fd000-7ff2b12fa000 rw-p 00000000 00:00 0 
7ff2b12fa000-7ff2b12fe000 ---p 00000000 00:00 0 
7ff2b12fe000-7ff2b13fb000 rw-p 00000000 00:00 0 
7ff2b13fb000-7ff2b13ff000 ---p 00000000 00:00 0 
7ff2b13ff000-7ff2b14fc000 rw-p 00000000 00:00 0 
7ff2b14fc000-7ff2b14fd000 ---p 00000000 00:00 0 
7ff2b14fd000-7ff2b1a3e000 rw-p 00000000 00:00 0 
7ff2b1a3e000-7ff2b1dfe000 ---p 00000000 00:00 0 
7ff2b1dfe000-7ff2b2000000 rw-p 00000000 00:00 0 
7ff2b2000000-7ff2b4000000 rwxp 00000000 00:00 0 
7ff2b4000000-7ff2b4021000 rw-p 00000000 00:00 0 
7ff2b4021000-7ff2b8000000 ---p 00000000 00:00 0 
7ff2b8000000-7ff2b8021000 rw-p 00000000 00:00 0 
7ff2b8021000-7ff2bc000000 ---p 00000000 00:00 0 
7ff2bc000000-7ff2bc021000 rw-p 00000000 00:00 0 
7ff2bc021000-7ff2c0000000 ---p 00000000 00:00 0 
7ff2c0000000-7ff2c0021000 rw-p 00000000 00:00 0 
7ff2c0021000-7ff2c4000000 ---p 00000000 00:00 0 
7ff2c4000000-7ff2c4021000 rw-p 00000000 00:00 0 
7ff2c4021000-7ff2c8000000 ---p 00000000 00:00 0 
7ff2c8054000-7ff2c9e88000 rw-p 00000000 00:00 0 
7ff2c9e88000-7ff2d88e8000 ---p 00000000 00:00 0 
7ff2d88e8000-7ff2d9898000 rw-p 00000000 00:00 0 
7ff2d9898000-7ff2e82f8000 ---p 00000000 00:00 0 
7ff2e82f8000-7ff2e84ee000 rw-p 00000000 00:00 0 
7ff2e84ee000-7ff2ea23a000 ---p 00000000 00:00 0 
7ff2ea23a000-7ff2ea430000 rw-p 00000000 00:00 0 
7ff2ea430000-7ff2ee0be000 ---p 00000000 00:00 0 
7ff2ee0be000-7ff2ee2b4000 rw-p 00000000 00:00 0 
7ff2ee2b4000-7ff2f0000000 ---p 00000000 00:00 0 
7ff2f0000000-7ff2f0021000 rw-p 00000000 00:00 0 
7ff2f0021000-7ff2f4000000 ---p 00000000 00:00 0 
7ff2f4000000-7ff2f4021000 rw-p 00000000 00:00 0 
7ff2f4021000-7ff2f8000000 ---p 00000000 00:00 0 
7ff2f8000000-7ff2f8021000 rw-p 00000000 00:00 0 
7ff2f8021000-7ff2fc000000 ---p 00000000 00:00 0 
7ff2fc000000-7ff2fc021000 rw-p 00000000 00:00 0 
7ff2fc021000-7ff300000000 ---p 00000000 00:00 0 
7ff300000000-7ff300021000 rw-p 00000000 00:00 0 
7ff300021000-7ff304000000 ---p 00000000 00:00 0 
7ff304000000-7ff304021000 rw-p 00000000 00:00 0 
7ff304021000-7ff308000000 ---p 00000000 00:00 0 
7ff308000000-7ff308021000 rw-p 00000000 00:00 0 
7ff308021000-7ff30c000000 ---p 00000000 00:00 0 
7ff30c000000-7ff30c021000 rw-p 00000000 00:00 0 
7ff30c021000-7ff310000000 ---p 00000000 00:00 0 
7ff310000000-7ff310021000 rw-p 00000000 00:00 0 
7ff310021000-7ff314000000 ---p 00000000 00:00 0 
7ff314000000-7ff314021000 rw-p 00000000 00:00 0 
7ff314021000-7ff318000000 ---p 00000000 00:00 0 
7ff318000000-7ff318021000 rw-p 00000000 00:00 0 
7ff318021000-7ff31c000000 ---p 00000000 00:00 0 
7ff31c000000-7ff31c021000 rw-p 00000000 00:00 0 
7ff31c021000-7ff320000000 ---p 00000000 00:00 0 
7ff320000000-7ff320021000 rw-p 00000000 00:00 0 
7ff320021000-7ff324000000 ---p 00000000 00:00 0 
7ff324000000-7ff324021000 rw-p 00000000 00:00 0 
7ff324021000-7ff328000000 ---p 00000000 00:00 0 
7ff328000000-7ff328021000 rw-p 00000000 00:00 0 
7ff328021000-7ff32c000000 ---p 00000000 00:00 0 
7ff32c000000-7ff32c021000 rw-p 00000000 00:00 0 
7ff32c021000-7ff330000000 ---p 00000000 00:00 0 
7ff330000000-7ff330021000 rw-p 00000000 00:00 0 
7ff330021000-7ff334000000 ---p 00000000 00:00 0 
7ff334000000-7ff334021000 rw-p 00000000 00:00 0 
7ff334021000-7ff338000000 ---p 00000000 00:00 0 
7ff338000000-7ff338021000 rw-p 00000000 00:00 0 
7ff338021000-7ff33c000000 ---p 00000000 00:00 0 
7ff33c000000-7ff33c021000 rw-p 00000000 00:00 0 
7ff33c021000-7ff340000000 ---p 00000000 00:00 0 
7ff340000000-7ff340021000 rw-p 00000000 00:00 0 
7ff340021000-7ff344000000 ---p 00000000 00:00 0 
7ff344000000-7ff344021000 rw-p 00000000 00:00 0 
7ff344021000-7ff348000000 ---p 00000000 00:00 0 
7ff348000000-7ff348021000 rw-p 00000000 00:00 0 
7ff348021000-7ff34c000000 ---p 00000000 00:00 0 
7ff34c000000-7ff34c021000 rw-p 00000000 00:00 0 
7ff34c021000-7ff350000000 ---p 00000000 00:00 0 
7ff350000000-7ff350021000 rw-p 00000000 00:00 0 
7ff350021000-7ff354000000 ---p 00000000 00:00 0 
7ff354000000-7ff354021000 rw-p 00000000 00:00 0 
7ff354021000-7ff358000000 ---p 00000000 00:00 0 
7ff358000000-7ff358021000 rw-p 00000000 00:00 0 
7ff358021000-7ff35c000000 ---p 00000000 00:00 0 
7ff35c000000-7ff35c021000 rw-p 00000000 00:00 0 
7ff35c021000-7ff360000000 ---p 00000000 00:00 0 
7ff360000000-7ff360021000 rw-p 00000000 00:00 0 
7ff360021000-7ff364000000 ---p 00000000 00:00 0 
7ff364000000-7ff364021000 rw-p 00000000 00:00 0 
7ff364021000-7ff368000000 ---p 00000000 00:00 0 
7ff368000000-7ff368021000 rw-p 00000000 00:00 0 
7ff368021000-7ff36c000000 ---p 00000000 00:00 0 
7ff36c000000-7ff36c021000 rw-p 00000000 00:00 0 
7ff36c021000-7ff370000000 ---p 00000000 00:00 0 
7ff370000000-7ff370021000 rw-p 00000000 00:00 0 
7ff370021000-7ff374000000 ---p 00000000 00:00 0 
7ff374000000-7ff374021000 rw-p 00000000 00:00 0 
7ff374021000-7ff378000000 ---p 00000000 00:00 0 
7ff378000000-7ff378021000 rw-p 00000000 00:00 0 
7ff378021000-7ff37c000000 ---p 00000000 00:00 0 
7ff37c000000-7ff37c021000 rw-p 00000000 00:00 0 
7ff37c021000-7ff380000000 ---p 00000000 00:00 0 
7ff380000000-7ff380021000 rw-p 00000000 00:00 0 
7ff380021000-7ff384000000 ---p 00000000 00:00 0 
7ff384000000-7ff384021000 rw-p 00000000 00:00 0 
7ff384021000-7ff388000000 ---p 00000000 00:00 0 
7ff388000000-7ff388021000 rw-p 00000000 00:00 0 
7ff388021000-7ff38c000000 ---p 00000000 00:00 0 
7ff38c000000-7ff38c021000 rw-p 00000000 00:00 0 
7ff38c021000-7ff390000000 ---p 00000000 00:00 0 
7ff390000000-7ff390021000 rw-p 00000000 00:00 0 
7ff390021000-7ff394000000 ---p 00000000 00:00 0 
7ff394059000-7ff3944b8000 rw-p 00000000 00:00 0 
7ff3944b8000-7ff3944b9000 ---p 00000000 00:00 0 
7ff3944b9000-7ff3945ba000 rw-p 00000000 00:00 0 
7ff3945ba000-7ff3945bb000 ---p 00000000 00:00 0 
7ff3945bb000-7ff3946bc000 rw-p 00000000 00:00 0 
7ff3946bc000-7ff3946bd000 ---p 00000000 00:00 0 
7ff3946bd000-7ff3947be000 rw-p 00000000 00:00 0 
7ff3947be000-7ff3947bf000 ---p 00000000 00:00 0 
7ff3947bf000-7ff3948c0000 rw-p 00000000 00:00 0 
7ff3948c0000-7ff3948c1000 ---p 00000000 00:00 0 
7ff3948c1000-7ff3949c2000 rw-p 00000000 00:00 0 
7ff3949c2000-7ff3949c3000 ---p 00000000 00:00 0 
7ff3949c3000-7ff39502d000 rw-p 00000000 00:00 0 
7ff39502d000-7ff39502e000 ---p 00000000 00:00 0 
7ff39502e000-7ff39512f000 rw-p 00000000 00:00 0 
7ff39512f000-7ff395130000 ---p 00000000 00:00 0 
7ff395130000-7ff395231000 rw-p 00000000 00:00 0 
7ff395231000-7ff395232000 ---p 00000000 00:00 0 
7ff395232000-7ff395333000 rw-p 00000000 00:00 0 
7ff395333000-7ff395334000 ---p 00000000 00:00 0 
7ff395334000-7ff395435000 rw-p 00000000 00:00 0 
7ff395435000-7ff395436000 ---p 00000000 00:00 0 
7ff395436000-7ff395537000 rw-p 00000000 00:00 0 
7ff395537000-7ff395538000 ---p 00000000 00:00 0 
7ff395538000-7ff395639000 rw-p 00000000 00:00 0 
7ff395639000-7ff39563a000 ---p 00000000 00:00 0 
7ff39563a000-7ff39573b000 rw-p 00000000 00:00 0 
7ff39573b000-7ff39573c000 ---p 00000000 00:00 0 
7ff39573c000-7ff39583d000 rw-p 00000000 00:00 0 
7ff39583d000-7ff39583e000 ---p 00000000 00:00 0 
7ff39583e000-7ff39593f000 rw-p 00000000 00:00 0 
7ff39593f000-7ff395940000 ---p 00000000 00:00 0 
7ff395940000-7ff395a41000 rw-p 00000000 00:00 0 
7ff395a41000-7ff395a42000 ---p 00000000 00:00 0 
7ff395a42000-7ff395b43000 rw-p 00000000 00:00 0 
7ff395b43000-7ff395e13000 rwxp 00000000 00:00 0 
7ff395e13000-7ff396281000 ---p 00000000 00:00 0 
7ff396281000-7ff3964f1000 rwxp 00000000 00:00 0 
7ff3964f1000-7ff39d6e2000 ---p 00000000 00:00 0 
7ff39d6e2000-7ff39d952000 rwxp 00000000 00:00 0 
7ff39d952000-7ff3a4b43000 ---p 00000000 00:00 0 
7ff3a4b43000-7ff3b0000000 r--s 00000000 00:65 77077560                   /root/oracle/jdk-9.0.4/lib/modules
7ff3b0000000-7ff3b0430000 rw-p 00000000 00:00 0 
7ff3b0430000-7ff3b4000000 ---p 00000000 00:00 0 
7ff3b4003000-7ff3b405c000 rw-p 00000000 00:00 0 
7ff3b405c000-7ff3b405d000 ---p 00000000 00:00 0 
7ff3b405d000-7ff3b415e000 rw-p 00000000 00:00 0 
7ff3b415e000-7ff3b415f000 ---p 00000000 00:00 0 
7ff3b415f000-7ff3b4260000 rw-p 00000000 00:00 0 
7ff3b4260000-7ff3b4261000 ---p 00000000 00:00 0 
7ff3b4261000-7ff3b4362000 rw-p 00000000 00:00 0 
7ff3b4362000-7ff3b4363000 ---p 00000000 00:00 0 
7ff3b4363000-7ff3b4464000 rw-p 00000000 00:00 0 
7ff3b4464000-7ff3b4465000 ---p 00000000 00:00 0 
7ff3b4465000-7ff3b4566000 rw-p 00000000 00:00 0 
7ff3b4566000-7ff3b4567000 ---p 00000000 00:00 0 
7ff3b4567000-7ff3b4668000 rw-p 00000000 00:00 0 
7ff3b4668000-7ff3b4669000 ---p 00000000 00:00 0 
7ff3b4669000-7ff3b476a000 rw-p 00000000 00:00 0 
7ff3b476a000-7ff3b476b000 ---p 00000000 00:00 0 
7ff3b476b000-7ff3b486c000 rw-p 00000000 00:00 0 
7ff3b486c000-7ff3b486d000 ---p 00000000 00:00 0 
7ff3b486d000-7ff3b496e000 rw-p 00000000 00:00 0 
7ff3b496e000-7ff3b496f000 ---p 00000000 00:00 0 
7ff3b496f000-7ff3b5e84000 rw-p 00000000 00:00 0 
7ff3b5e84000-7ff3b5e85000 ---p 00000000 00:00 0 
7ff3b5e85000-7ff3b5f86000 rw-p 00000000 00:00 0 
7ff3b5f86000-7ff3b5f87000 ---p 00000000 00:00 0 
7ff3b5f87000-7ff3b6088000 rw-p 00000000 00:00 0 
7ff3b6088000-7ff3b6089000 ---p 00000000 00:00 0 
7ff3b6089000-7ff3b618a000 rw-p 00000000 00:00 0 
7ff3b618a000-7ff3b618b000 ---p 00000000 00:00 0 
7ff3b618b000-7ff3b628c000 rw-p 00000000 00:00 0 
7ff3b628c000-7ff3b628d000 ---p 00000000 00:00 0 
7ff3b628d000-7ff3b638e000 rw-p 00000000 00:00 0 
7ff3b638e000-7ff3b638f000 ---p 00000000 00:00 0 
7ff3b638f000-7ff3b6490000 rw-p 00000000 00:00 0 
7ff3b6490000-7ff3b6491000 ---p 00000000 00:00 0 
7ff3b6491000-7ff3b6592000 rw-p 00000000 00:00 0 
7ff3b6592000-7ff3b6593000 ---p 00000000 00:00 0 
7ff3b6593000-7ff3b6694000 rw-p 00000000 00:00 0 
7ff3b6694000-7ff3b6695000 ---p 00000000 00:00 0 
7ff3b6695000-7ff3b6796000 rw-p 00000000 00:00 0 
7ff3b6796000-7ff3b6797000 ---p 00000000 00:00 0 
7ff3b6797000-7ff3b6898000 rw-p 00000000 00:00 0 
7ff3b6898000-7ff3b6899000 ---p 00000000 00:00 0 
7ff3b6899000-7ff3b699a000 rw-p 00000000 00:00 0 
7ff3b699a000-7ff3b699b000 ---p 00000000 00:00 0 
7ff3b699b000-7ff3b6a9c000 rw-p 00000000 00:00 0 
7ff3b6a9c000-7ff3b6a9d000 ---p 00000000 00:00 0 
7ff3b6a9d000-7ff3b6b9e000 rw-p 00000000 00:00 0 
7ff3b6b9e000-7ff3b6b9f000 ---p 00000000 00:00 0 
7ff3b6b9f000-7ff3b6ca0000 rw-p 00000000 00:00 0 
7ff3b6ca0000-7ff3b6ca1000 ---p 00000000 00:00 0 
7ff3b6ca1000-7ff3b6da2000 rw-p 00000000 00:00 0 
7ff3b6da2000-7ff3b6da3000 ---p 00000000 00:00 0 
7ff3b6da3000-7ff3b6ea4000 rw-p 00000000 00:00 0 
7ff3b6ea4000-7ff3b6ea5000 ---p 00000000 00:00 0 
7ff3b6ea5000-7ff3b6fa6000 rw-p 00000000 00:00 0 
7ff3b6fa6000-7ff3b6fa7000 ---p 00000000 00:00 0 
7ff3b6fa7000-7ff3b70a8000 rw-p 00000000 00:00 0 
7ff3b70a8000-7ff3b70a9000 ---p 00000000 00:00 0 
7ff3b70a9000-7ff3b71aa000 rw-p 00000000 00:00 0 
7ff3b71aa000-7ff3b71ab000 ---p 00000000 00:00 0 
7ff3b71ab000-7ff3b72b1000 rw-p 00000000 00:00 0 
7ff3b72b1000-7ff3b7395000 ---p 00000000 00:00 0 
7ff3b7395000-7ff3b739a000 rw-p 00000000 00:00 0 
7ff3b739a000-7ff3b747e000 ---p 00000000 00:00 0 
7ff3b747e000-7ff3b7484000 rw-p 00000000 00:00 0 
7ff3b7484000-7ff3b748d000 ---p 00000000 00:00 0 
7ff3b748d000-7ff3b74dd000 rw-p 00000000 00:00 0 
7ff3b74dd000-7ff3b76ba000 r--s 03e31000 00:65 101727669                  /usr/local/java/jdk1.8.0_301/jre/lib/rt.jar
7ff3b76ba000-7ff3b76d4000 r-xp 00000000 00:65 77077435                   /root/oracle/jdk-9.0.4/lib/libjimage.so
7ff3b76d4000-7ff3b78d3000 ---p 0001a000 00:65 77077435                   /root/oracle/jdk-9.0.4/lib/libjimage.so
7ff3b78d3000-7ff3b78d5000 rw-p 00019000 00:65 77077435                   /root/oracle/jdk-9.0.4/lib/libjimage.so
7ff3b78d5000-7ff3b78e7000 rw-p 00000000 00:00 0 
7ff3b78e7000-7ff3b78ee000 r-xp 00000000 00:65 77083131                   /root/oracle/jdk-9.0.4/lib/libzip.so
7ff3b78ee000-7ff3b7aed000 ---p 00007000 00:65 77083131                   /root/oracle/jdk-9.0.4/lib/libzip.so
7ff3b7aed000-7ff3b7aee000 rw-p 00006000 00:65 77083131                   /root/oracle/jdk-9.0.4/lib/libzip.so
7ff3b7aee000-7ff3b7af1000 r--p 00000000 00:65 165034530                  /usr/lib/x86_64-linux-gnu/libnss_files-2.31.so
7ff3b7af1000-7ff3b7af8000 r-xp 00003000 00:65 165034530                  /usr/lib/x86_64-linux-gnu/libnss_files-2.31.so
7ff3b7af8000-7ff3b7afa000 r--p 0000a000 00:65 165034530                  /usr/lib/x86_64-linux-gnu/libnss_files-2.31.so
7ff3b7afa000-7ff3b7afb000 r--p 0000b000 00:65 165034530                  /usr/lib/x86_64-linux-gnu/libnss_files-2.31.so
7ff3b7afb000-7ff3b7afc000 rw-p 0000c000 00:65 165034530                  /usr/lib/x86_64-linux-gnu/libnss_files-2.31.so
7ff3b7afc000-7ff3b7b02000 rw-p 00000000 00:00 0 
7ff3b7b0a000-7ff3b7b0b000 rw-p 00000000 00:00 0 
7ff3b7b0b000-7ff3b7b36000 r-xp 00000000 00:65 77077470                   /root/oracle/jdk-9.0.4/lib/libjava.so
7ff3b7b36000-7ff3b7d35000 ---p 0002b000 00:65 77077470                   /root/oracle/jdk-9.0.4/lib/libjava.so
7ff3b7d35000-7ff3b7d37000 rw-p 0002a000 00:65 77077470                   /root/oracle/jdk-9.0.4/lib/libjava.so
7ff3b7d37000-7ff3b7d44000 r-xp 00000000 00:65 77077494                   /root/oracle/jdk-9.0.4/lib/libverify.so
7ff3b7d44000-7ff3b7f43000 ---p 0000d000 00:65 77077494                   /root/oracle/jdk-9.0.4/lib/libverify.so
7ff3b7f43000-7ff3b7f45000 rw-p 0000c000 00:65 77077494                   /root/oracle/jdk-9.0.4/lib/libverify.so
7ff3b7f45000-7ff3b7f48000 r--p 00000000 00:65 165034636                  /usr/lib/x86_64-linux-gnu/librt-2.31.so
7ff3b7f48000-7ff3b7f4c000 r-xp 00003000 00:65 165034636                  /usr/lib/x86_64-linux-gnu/librt-2.31.so
7ff3b7f4c000-7ff3b7f4d000 r--p 00007000 00:65 165034636                  /usr/lib/x86_64-linux-gnu/librt-2.31.so
7ff3b7f4d000-7ff3b7f4e000 ---p 00008000 00:65 165034636                  /usr/lib/x86_64-linux-gnu/librt-2.31.so
7ff3b7f4e000-7ff3b7f4f000 r--p 00008000 00:65 165034636                  /usr/lib/x86_64-linux-gnu/librt-2.31.so
7ff3b7f4f000-7ff3b7f50000 rw-p 00009000 00:65 165034636                  /usr/lib/x86_64-linux-gnu/librt-2.31.so
7ff3b7f50000-7ff3b7f51000 ---p 00000000 00:00 0 
7ff3b7f51000-7ff3b7f52000 rw-p 00000000 00:00 0 
7ff3b7f52000-7ff3b7f56000 ---p 00000000 00:00 0 
7ff3b7f56000-7ff3b8051000 rw-p 00000000 00:00 0 
7ff3b8051000-7ff3b8060000 r--p 00000000 00:65 165034468                  /usr/lib/x86_64-linux-gnu/libm-2.31.so
7ff3b8060000-7ff3b8107000 r-xp 0000f000 00:65 165034468                  /usr/lib/x86_64-linux-gnu/libm-2.31.so
7ff3b8107000-7ff3b819e000 r--p 000b6000 00:65 165034468                  /usr/lib/x86_64-linux-gnu/libm-2.31.so
7ff3b819e000-7ff3b819f000 r--p 0014c000 00:65 165034468                  /usr/lib/x86_64-linux-gnu/libm-2.31.so
7ff3b819f000-7ff3b81a0000 rw-p 0014d000 00:65 165034468                  /usr/lib/x86_64-linux-gnu/libm-2.31.so
7ff3b81a0000-7ff3b91b5000 r-xp 00000000 00:65 77083135                   /root/oracle/jdk-9.0.4/lib/server/libjvm.so
7ff3b91b5000-7ff3b93b4000 ---p 01015000 00:65 77083135                   /root/oracle/jdk-9.0.4/lib/server/libjvm.so
7ff3b93b4000-7ff3b9485000 r--p 01014000 00:65 77083135                   /root/oracle/jdk-9.0.4/lib/server/libjvm.so
7ff3b9485000-7ff3b94bc000 rw-p 010e5000 00:65 77083135                   /root/oracle/jdk-9.0.4/lib/server/libjvm.so
7ff3b94bc000-7ff3b9527000 rw-p 00000000 00:00 0 
7ff3b9527000-7ff3b954c000 r--p 00000000 00:65 165034165                  /usr/lib/x86_64-linux-gnu/libc-2.31.so
7ff3b954c000-7ff3b96c4000 r-xp 00025000 00:65 165034165                  /usr/lib/x86_64-linux-gnu/libc-2.31.so
7ff3b96c4000-7ff3b970e000 r--p 0019d000 00:65 165034165                  /usr/lib/x86_64-linux-gnu/libc-2.31.so
7ff3b970e000-7ff3b970f000 ---p 001e7000 00:65 165034165                  /usr/lib/x86_64-linux-gnu/libc-2.31.so
7ff3b970f000-7ff3b9712000 r--p 001e7000 00:65 165034165                  /usr/lib/x86_64-linux-gnu/libc-2.31.so
7ff3b9712000-7ff3b9715000 rw-p 001ea000 00:65 165034165                  /usr/lib/x86_64-linux-gnu/libc-2.31.so
7ff3b9715000-7ff3b9719000 rw-p 00000000 00:00 0 
7ff3b9719000-7ff3b971a000 r--p 00000000 00:65 165034236                  /usr/lib/x86_64-linux-gnu/libdl-2.31.so
7ff3b971a000-7ff3b971c000 r-xp 00001000 00:65 165034236                  /usr/lib/x86_64-linux-gnu/libdl-2.31.so
7ff3b971c000-7ff3b971d000 r--p 00003000 00:65 165034236                  /usr/lib/x86_64-linux-gnu/libdl-2.31.so
7ff3b971d000-7ff3b971e000 r--p 00003000 00:65 165034236                  /usr/lib/x86_64-linux-gnu/libdl-2.31.so
7ff3b971e000-7ff3b971f000 rw-p 00004000 00:65 165034236                  /usr/lib/x86_64-linux-gnu/libdl-2.31.so
7ff3b971f000-7ff3b972d000 r-xp 00000000 00:65 77083142                   /root/oracle/jdk-9.0.4/lib/jli/libjli.so
7ff3b972d000-7ff3b992d000 ---p 0000e000 00:65 77083142                   /root/oracle/jdk-9.0.4/lib/jli/libjli.so
7ff3b992d000-7ff3b992e000 rw-p 0000e000 00:65 77083142                   /root/oracle/jdk-9.0.4/lib/jli/libjli.so
7ff3b992e000-7ff3b9935000 r--p 00000000 00:65 165034610                  /usr/lib/x86_64-linux-gnu/libpthread-2.31.so
7ff3b9935000-7ff3b9946000 r-xp 00007000 00:65 165034610                  /usr/lib/x86_64-linux-gnu/libpthread-2.31.so
7ff3b9946000-7ff3b994b000 r--p 00018000 00:65 165034610                  /usr/lib/x86_64-linux-gnu/libpthread-2.31.so
7ff3b994b000-7ff3b994c000 r--p 0001c000 00:65 165034610                  /usr/lib/x86_64-linux-gnu/libpthread-2.31.so
7ff3b994c000-7ff3b994d000 rw-p 0001d000 00:65 165034610                  /usr/lib/x86_64-linux-gnu/libpthread-2.31.so
7ff3b994d000-7ff3b9951000 rw-p 00000000 00:00 0 
7ff3b9951000-7ff3b9953000 r--p 00000000 00:65 165034796                  /usr/lib/x86_64-linux-gnu/libz.so.1.2.11
7ff3b9953000-7ff3b9964000 r-xp 00002000 00:65 165034796                  /usr/lib/x86_64-linux-gnu/libz.so.1.2.11
7ff3b9964000-7ff3b996a000 r--p 00013000 00:65 165034796                  /usr/lib/x86_64-linux-gnu/libz.so.1.2.11
7ff3b996a000-7ff3b996b000 ---p 00019000 00:65 165034796                  /usr/lib/x86_64-linux-gnu/libz.so.1.2.11
7ff3b996b000-7ff3b996c000 r--p 00019000 00:65 165034796                  /usr/lib/x86_64-linux-gnu/libz.so.1.2.11
7ff3b996c000-7ff3b996d000 rw-p 0001a000 00:65 165034796                  /usr/lib/x86_64-linux-gnu/libz.so.1.2.11
7ff3b996d000-7ff3b9975000 rw-s 00000000 00:65 71965686                   /tmp/hsperfdata_root/21645
7ff3b9975000-7ff3b9978000 rw-p 00000000 00:00 0 
7ff3b9978000-7ff3b9979000 r--p 00000000 00:65 165033992                  /usr/lib/x86_64-linux-gnu/ld-2.31.so
7ff3b9979000-7ff3b999c000 r-xp 00001000 00:65 165033992                  /usr/lib/x86_64-linux-gnu/ld-2.31.so
7ff3b999c000-7ff3b99a4000 r--p 00024000 00:65 165033992                  /usr/lib/x86_64-linux-gnu/ld-2.31.so
7ff3b99a4000-7ff3b99a5000 r--p 00000000 00:00 0 
7ff3b99a5000-7ff3b99a6000 r--p 0002c000 00:65 165033992                  /usr/lib/x86_64-linux-gnu/ld-2.31.so
7ff3b99a6000-7ff3b99a7000 rw-p 0002d000 00:65 165033992                  /usr/lib/x86_64-linux-gnu/ld-2.31.so
7ff3b99a7000-7ff3b99a8000 rw-p 00000000 00:00 0 
7ffebad2e000-7ffebad4f000 rw-p 00000000 00:00 0                          [stack]
7ffebad5c000-7ffebad5f000 r--p 00000000 00:00 0                          [vvar]
7ffebad5f000-7ffebad60000 r-xp 00000000 00:00 0                          [vdso]
ffffffffff600000-ffffffffff601000 --xp 00000000 00:00 0                  [vsyscall]

VM Arguments:
jvm_args: -Xbootclasspath/a:/usr/local/java/jdk1.8.0_301/jre/lib/rt.jar -Xverify:none 
java_command: org.eclipse.core.runtime.adaptor.EclipseStarter -debug
java_class_path (initial): ./sootOutput/eclipse/
Launcher Type: SUN_STANDARD

Logging:
Log output configuration:
#0: stdout all=warning uptime,level,tags
#1: stderr all=off uptime,level,tags

Environment Variables:
JAVA_HOME=/root/oracle/jdk-9.0.4
JRE_HOME=/root/oracle/jdk-9.0.4
CLASSPATH=.:/root/oracle/jdk-9.0.4/lib:/JVMfuzzing/htm/CFSynthesis/resource/commons-lang3-3.12.0/commons-lang3-3.12.0.jar
PATH=/root/oracle/jdk-9.0.4/bin:/root/.vscode-server/bin/da76f93349a72022ca4670c1b84860304616aaa2/bin/remote-cli:/root/oracle/jdk-9.0.4/bin:/usr/local/sbin:/usr/local/bin:/usr/sbin:/usr/bin:/sbin:/bin:/usr/games:/usr/local/games:/snap/bin
SHELL=/bin/bash

Signal Handlers:
SIGSEGV: [libjvm.so+0xd4d370], sa_mask[0]=11111111011111111101111111111110, sa_flags=SA_RESTART|SA_SIGINFO
SIGBUS: [libjvm.so+0xd4d370], sa_mask[0]=11111111011111111101111111111110, sa_flags=SA_RESTART|SA_SIGINFO
SIGFPE: [libjvm.so+0xd4d370], sa_mask[0]=11111111011111111101111111111110, sa_flags=SA_RESTART|SA_SIGINFO
SIGPIPE: [libjvm.so+0xb64780], sa_mask[0]=11111111011111111101111111111110, sa_flags=SA_RESTART|SA_SIGINFO
SIGXFSZ: [libjvm.so+0xb64780], sa_mask[0]=11111111011111111101111111111110, sa_flags=SA_RESTART|SA_SIGINFO
SIGILL: [libjvm.so+0xd4d370], sa_mask[0]=11111111011111111101111111111110, sa_flags=SA_RESTART|SA_SIGINFO
SIGUSR2: [libjvm.so+0xb64640], sa_mask[0]=00100000000000000000000000000000, sa_flags=SA_RESTART|SA_SIGINFO
SIGHUP: [libjvm.so+0xb64850], sa_mask[0]=11111111011111111101111111111110, sa_flags=SA_RESTART|SA_SIGINFO
SIGINT: [libjvm.so+0xb64850], sa_mask[0]=11111111011111111101111111111110, sa_flags=SA_RESTART|SA_SIGINFO
SIGTERM: [libjvm.so+0xb64850], sa_mask[0]=11111111011111111101111111111110, sa_flags=SA_RESTART|SA_SIGINFO
SIGQUIT: [libjvm.so+0xb64850], sa_mask[0]=11111111011111111101111111111110, sa_flags=SA_RESTART|SA_SIGINFO


---------------  S Y S T E M  ---------------

OS:DISTRIB_ID=Ubuntu
DISTRIB_RELEASE=20.04
DISTRIB_CODENAME=focal
DISTRIB_DESCRIPTION="Ubuntu 20.04.3 LTS"
uname:Linux 5.4.0-124-generic #140~18.04.1-Ubuntu SMP Fri Aug 5 11:43:34 UTC 2022 x86_64
libc:glibc 2.31 NPTL 2.31 
rlimit: STACK 8192k, CORE infinity, NPROC infinity, NOFILE 1048576, AS infinity
load average:43.31 40.95 39.40

/proc/meminfo:
MemTotal:       65549624 kB
MemFree:         6736728 kB
MemAvailable:   33746588 kB
Buffers:         5872540 kB
Cached:          3631564 kB
SwapCached:         8092 kB
Active:         32222616 kB
Inactive:        6407672 kB
Active(anon):   25129156 kB
Inactive(anon):  4018444 kB
Active(file):    7093460 kB
Inactive(file):  2389228 kB
Unevictable:          16 kB
Mlocked:              16 kB
SwapTotal:       2097148 kB
SwapFree:              0 kB
Dirty:             43224 kB
Writeback:             0 kB
AnonPages:      29118200 kB
Mapped:           854112 kB
Shmem:             25608 kB
KReclaimable:   18259096 kB
Slab:           19429700 kB
SReclaimable:   18259096 kB
SUnreclaim:      1170604 kB
KernelStack:       79592 kB
PageTables:       240956 kB
NFS_Unstable:          0 kB
Bounce:                0 kB
WritebackTmp:          0 kB
CommitLimit:    34871960 kB
Committed_AS:   85439948 kB
VmallocTotal:   34359738367 kB
VmallocUsed:      162480 kB
VmallocChunk:          0 kB
Percpu:            32512 kB
HardwareCorrupted:     0 kB
AnonHugePages:         0 kB
ShmemHugePages:        0 kB
ShmemPmdMapped:        0 kB
FileHugePages:         0 kB
FilePmdMapped:         0 kB
CmaTotal:              0 kB
CmaFree:               0 kB
HugePages_Total:       0
HugePages_Free:        0
HugePages_Rsvd:        0
HugePages_Surp:        0
Hugepagesize:       2048 kB
Hugetlb:               0 kB
DirectMap4k:    15497632 kB
DirectMap2M:    51298304 kB
DirectMap1G:           0 kB


CPU:total 28 (initial active 28) (14 cores per cpu, 2 threads per core) family 6 model 85 stepping 4, cmov, cx8, fxsr, mmx, sse, sse2, sse3, ssse3, sse4.1, sse4.2, popcnt, avx, avx2, aes, clmul, erms, rtm, 3dnowpref, lzcnt, ht, tsc, tscinvbit, bmi1, bmi2, adx, fma
CPU Model and flags from /proc/cpuinfo:
model name	: Intel(R) Core(TM) i9-9940X CPU @ 3.30GHz
flags		: fpu vme de pse tsc msr pae mce cx8 apic sep mtrr pge mca cmov pat pse36 clflush dts acpi mmx fxsr sse sse2 ss ht tm pbe syscall nx pdpe1gb rdtscp lm constant_tsc art arch_perfmon pebs bts rep_good nopl xtopology nonstop_tsc cpuid aperfmperf pni pclmulqdq dtes64 monitor ds_cpl vmx est tm2 ssse3 sdbg fma cx16 xtpr pdcm pcid dca sse4_1 sse4_2 x2apic movbe popcnt tsc_deadline_timer aes xsave avx f16c rdrand lahf_lm abm 3dnowprefetch cpuid_fault epb cat_l3 cdp_l3 invpcid_single pti ssbd mba ibrs ibpb stibp tpr_shadow vnmi flexpriority ept vpid ept_ad fsgsbase tsc_adjust bmi1 hle avx2 smep bmi2 erms invpcid rtm cqm mpx rdt_a avx512f avx512dq rdseed adx smap clflushopt clwb intel_pt avx512cd avx512bw avx512vl xsaveopt xsavec xgetbv1 xsaves cqm_llc cqm_occup_llc cqm_mbm_total cqm_mbm_local dtherm ida arat pln pts hwp hwp_act_window hwp_epp hwp_pkg_req md_clear flush_l1d arch_capabilities

Memory: 4k page, physical 65549624k(6736728k free), swap 2097148k(0k free)

vm_info: Java HotSpot(TM) 64-Bit Server VM (9.0.4+11) for linux-amd64 JRE (9.0.4+11), built on Dec 19 2017 18:12:19 by "mach5one" with gcc 4.9.2

END.
