#
# A fatal error has been detected by the Java Runtime Environment:
#
#  SIGSEGV (0xb) at pc=0x00007f41a3345b2c, pid=28096, tid=28232
#
# JRE version: Java(TM) SE Runtime Environment (9.0+11) (build 9.0.4+11)
# Java VM: Java HotSpot(TM) 64-Bit Server VM (9.0.4+11, mixed mode, tiered, compressed oops, g1 gc, linux-amd64)
# Problematic frame:
# V  [libjvm.so+0x48eb2c]  Canonicalizer::do_If(If*)+0x1c
#
# Core dump will be written. Default location: Core dumps may be processed with "/usr/share/apport/apport -p%p -s%s -c%c -d%d -P%P -u%u -g%g -- %E" (or dumping to /JVMfuzzing/zjy/classming/Fuzzing-Testing-of-JVM-Implementations/core.28096)
#
# If you would like to submit a bug report, please visit:
#   http://bugreport.java.com/bugreport/crash.jsp
#

---------------  S U M M A R Y ------------

Command Line: -Xbootclasspath/a:/usr/local/java/jdk1.8.0_301/jre/lib/rt.jar -Xverify:none org.eclipse.core.runtime.adaptor.EclipseStarter -debug

Host: Intel(R) Core(TM) i9-9940X CPU @ 3.30GHz, 28 cores, 62G, Ubuntu 20.04.3 LTS
Time: Thu Nov  3 09:01:16 2022 UTC elapsed time: 0 seconds (0d 0h 0m 0s)

---------------  T H R E A D  ---------------

Current thread (0x00007f419c2c1000):  JavaThread "C1 CompilerThread11" daemon [_thread_in_native, id=28232, stack(0x00007f408b2f3000,0x00007f408b3f4000)]


Current CompileTask:
C1:    446  266 %     3       org.eclipse.core.runtime.adaptor.EclipseStarter::main @ 1112 (1423 bytes)

Stack: [0x00007f408b2f3000,0x00007f408b3f4000],  sp=0x00007f408b3f20c0,  free space=1020k
Native frames: (J=compiled Java code, A=aot compiled Java code, j=interpreted, Vv=VM code, C=native code)
V  [libjvm.so+0x48eb2c]  Canonicalizer::do_If(If*)+0x1c
V  [libjvm.so+0x4a0452]  GraphBuilder::append_with_bci(Instruction*, int)+0x42
V  [libjvm.so+0x4a3526]  GraphBuilder::if_node(Instruction*, Instruction::Condition, Instruction*, ValueStack*)+0x2a6
V  [libjvm.so+0x4b1873]  GraphBuilder::iterate_bytecodes_for_block(int)+0x1e83
V  [libjvm.so+0x4b1ad5]  GraphBuilder::iterate_all_blocks(bool)+0x85
V  [libjvm.so+0x4b1ec9]  GraphBuilder::GraphBuilder(Compilation*, IRScope*)+0x389
V  [libjvm.so+0x4b70a8]  IR::IR(Compilation*, ciMethod*, int)+0x1e8
V  [libjvm.so+0x497832]  Compilation::build_hir() [clone .part.93]+0x162
V  [libjvm.so+0x499633]  Compilation::compile_java_method()+0x3c3
V  [libjvm.so+0x4997af]  Compilation::compile_method()+0x12f
V  [libjvm.so+0x499c31]  Compilation::Compilation(AbstractCompiler*, ciEnv*, ciMethod*, int, BufferBlob*, DirectiveSet*)+0x271
V  [libjvm.so+0x49ac1e]  Compiler::compile_method(ciEnv*, ciMethod*, int, DirectiveSet*)+0xae
V  [libjvm.so+0x6125ac]  CompileBroker::invoke_compiler_on_method(CompileTask*)+0x41c
V  [libjvm.so+0x61344b]  CompileBroker::compiler_thread_loop()+0x28b
V  [libjvm.so+0xcef338]  JavaThread::thread_main_inner()+0xd8
V  [libjvm.so+0xb6e132]  thread_native_entry(Thread*)+0xf2
C  [libpthread.so.0+0x9609]  start_thread+0xd9


siginfo: si_signo: 11 (SIGSEGV), si_code: 1 (SEGV_MAPERR), si_addr: 0x0000000000000018

Register to memory mapping:

RAX=0x0000000000000000 is an unknown value
RBX=0x00007f407c065820 is an unknown value
RCX=0x00007f408b3f2800 is pointing into the stack for thread: 0x00007f419c2c1000
RDX=0x00007f407c065820 is an unknown value
RSP=0x00007f408b3f20c0 is pointing into the stack for thread: 0x00007f419c2c1000
RBP=0x00007f408b3f2130 is pointing into the stack for thread: 0x00007f419c2c1000
RSI=0x00007f407c065820 is an unknown value
RDI=0x00007f408b3f2160 is pointing into the stack for thread: 0x00007f419c2c1000
R8 =0x00007f407c065560 is an unknown value
R9 =0x0000000000000035 is an unknown value
R10=0x0800000000000000 is an unknown value
R11=0x0000000000000000 is an unknown value
R12=0x00007f407c0658c0 is an unknown value
R13=0x00007f408b3f2460 is pointing into the stack for thread: 0x00007f419c2c1000
R14=0x00007f407c065820 is an unknown value
R15=0x00007f407c0658c0 is an unknown value


Registers:
RAX=0x0000000000000000, RBX=0x00007f407c065820, RCX=0x00007f408b3f2800, RDX=0x00007f407c065820
RSP=0x00007f408b3f20c0, RBP=0x00007f408b3f2130, RSI=0x00007f407c065820, RDI=0x00007f408b3f2160
R8 =0x00007f407c065560, R9 =0x0000000000000035, R10=0x0800000000000000, R11=0x0000000000000000
R12=0x00007f407c0658c0, R13=0x00007f408b3f2460, R14=0x00007f407c065820, R15=0x00007f407c0658c0
RIP=0x00007f41a3345b2c, EFLAGS=0x0000000000010206, CSGSFS=0x002b000000000033, ERR=0x0000000000000004
  TRAPNO=0x000000000000000e

Top of Stack: (sp=0x00007f408b3f20c0)
0x00007f408b3f20c0:   000000018b3f2130 00007f4060022d00
0x00007f408b3f20d0:   00007f407c0898d0 0000000000000000
0x00007f408b3f20e0:   00007f408b3f2110 00007f41a3372598
0x00007f408b3f20f0:   00007f419c2d5c10 00007f408b3f2160 

Instructions: (pc=0x00007f41a3345b2c)
0x00007f41a3345b0c:   ff 90 66 90 55 48 89 e5 41 57 41 56 41 55 41 54
0x00007f41a3345b1c:   53 48 89 f3 48 83 ec 48 48 8b 46 70 48 89 7d c8
0x00007f41a3345b2c:   48 8b 78 18 48 8b 07 ff 50 18 84 c0 0f 85 a2 00
0x00007f41a3345b3c:   00 00 4c 8b 63 70 48 8b 83 80 00 00 00 49 39 c4 


---------------  P R O C E S S  ---------------

Java Threads: ( => current thread )
  0x00007f419c368800 JavaThread "Service Thread" daemon [_thread_blocked, id=28235, stack(0x00007f408abc8000,0x00007f408acc9000)]
  0x00007f419c2d1800 JavaThread "Common-Cleaner" daemon [_thread_blocked, id=28234, stack(0x00007f408acc9000,0x00007f408adca000)]
  0x00007f419c2c3000 JavaThread "Sweeper thread" daemon [_thread_blocked, id=28233, stack(0x00007f408b1f2000,0x00007f408b2f3000)]
=>0x00007f419c2c1000 JavaThread "C1 CompilerThread11" daemon [_thread_in_native, id=28232, stack(0x00007f408b2f3000,0x00007f408b3f4000)]
  0x00007f419c2bf800 JavaThread "C1 CompilerThread10" daemon [_thread_blocked, id=28231, stack(0x00007f408b3f4000,0x00007f408b4f5000)]
  0x00007f419c2bd800 JavaThread "C1 CompilerThread9" daemon [_thread_blocked, id=28230, stack(0x00007f408b4f5000,0x00007f408b5f6000)]
  0x00007f419c2bb800 JavaThread "C1 CompilerThread8" daemon [_thread_blocked, id=28229, stack(0x00007f408b5f6000,0x00007f408b6f7000)]
  0x00007f419c2b9800 JavaThread "C2 CompilerThread7" daemon [_thread_blocked, id=28228, stack(0x00007f408b6f7000,0x00007f408b7f8000)]
  0x00007f419c2b8000 JavaThread "C2 CompilerThread6" daemon [_thread_blocked, id=28227, stack(0x00007f408b7f8000,0x00007f408b8f9000)]
  0x00007f419c2b6000 JavaThread "C2 CompilerThread5" daemon [_thread_blocked, id=28226, stack(0x00007f408b8f9000,0x00007f408b9fa000)]
  0x00007f419c2b4800 JavaThread "C2 CompilerThread4" daemon [_thread_blocked, id=28225, stack(0x00007f408b9fa000,0x00007f408bafb000)]
  0x00007f419c2b2800 JavaThread "C2 CompilerThread3" daemon [_thread_blocked, id=28223, stack(0x00007f408bafb000,0x00007f408bbfc000)]
  0x00007f419c2b1000 JavaThread "C2 CompilerThread2" daemon [_thread_blocked, id=28221, stack(0x00007f408bbfc000,0x00007f408bcfd000)]
  0x00007f419c2af000 JavaThread "C2 CompilerThread1" daemon [_thread_blocked, id=28220, stack(0x00007f408bcfd000,0x00007f408bdfe000)]
  0x00007f419c2ad000 JavaThread "C2 CompilerThread0" daemon [_thread_blocked, id=28219, stack(0x00007f408bdfe000,0x00007f408beff000)]
  0x00007f419c2ab000 JavaThread "Signal Dispatcher" daemon [_thread_blocked, id=28218, stack(0x00007f408beff000,0x00007f408c000000)]
  0x00007f419c291000 JavaThread "Finalizer" daemon [_thread_blocked, id=28217, stack(0x00007f40b009e000,0x00007f40b019f000)]
  0x00007f419c288800 JavaThread "Reference Handler" daemon [_thread_blocked, id=28216, stack(0x00007f40b019f000,0x00007f40b02a0000)]
  0x00007f419c011800 JavaThread "main" [_thread_in_native, id=28098, stack(0x00007f41a2c69000,0x00007f41a2d68000)]

Other Threads:
  0x00007f419c281000 VMThread "VM Thread" [stack: 0x00007f40b02a2000,0x00007f40b03a2000] [id=28215]
  0x00007f419c36b000 WatcherThread [stack: 0x00007f408aac8000,0x00007f408abc8000] [id=28236]
  0x00007f419c034000 GCTaskThread "GC Thread#0" [stack: 0x00007f41a1ec3000,0x00007f41a1fc3000] [id=28099]
  0x00007f419c035800 GCTaskThread "GC Thread#1" [stack: 0x00007f41a1dc1000,0x00007f41a1ec1000] [id=28100]
  0x00007f419c037000 GCTaskThread "GC Thread#2" [stack: 0x00007f41a1cbf000,0x00007f41a1dbf000] [id=28101]
  0x00007f419c039000 GCTaskThread "GC Thread#3" [stack: 0x00007f41a1bbd000,0x00007f41a1cbd000] [id=28102]
  0x00007f419c03a800 GCTaskThread "GC Thread#4" [stack: 0x00007f41a1abb000,0x00007f41a1bbb000] [id=28103]
  0x00007f419c03c800 GCTaskThread "GC Thread#5" [stack: 0x00007f41a19b9000,0x00007f41a1ab9000] [id=28104]
  0x00007f419c03e000 GCTaskThread "GC Thread#6" [stack: 0x00007f41a18b7000,0x00007f41a19b7000] [id=28105]
  0x00007f419c03f800 GCTaskThread "GC Thread#7" [stack: 0x00007f41a17b5000,0x00007f41a18b5000] [id=28106]
  0x00007f419c041800 GCTaskThread "GC Thread#8" [stack: 0x00007f41a16b3000,0x00007f41a17b3000] [id=28107]
  0x00007f419c043000 GCTaskThread "GC Thread#9" [stack: 0x00007f41a15b1000,0x00007f41a16b1000] [id=28177]
  0x00007f419c045000 GCTaskThread "GC Thread#10" [stack: 0x00007f41a14af000,0x00007f41a15af000] [id=28178]
  0x00007f419c046800 GCTaskThread "GC Thread#11" [stack: 0x00007f41a13ad000,0x00007f41a14ad000] [id=28179]
  0x00007f419c048800 GCTaskThread "GC Thread#12" [stack: 0x00007f41a12ab000,0x00007f41a13ab000] [id=28180]
  0x00007f419c04a000 GCTaskThread "GC Thread#13" [stack: 0x00007f41a11a9000,0x00007f41a12a9000] [id=28181]
  0x00007f419c04c000 GCTaskThread "GC Thread#14" [stack: 0x00007f41a10a7000,0x00007f41a11a7000] [id=28182]
  0x00007f419c04d800 GCTaskThread "GC Thread#15" [stack: 0x00007f41a0fa5000,0x00007f41a10a5000] [id=28183]
  0x00007f419c04f800 GCTaskThread "GC Thread#16" [stack: 0x00007f41a0ea3000,0x00007f41a0fa3000] [id=28184]
  0x00007f419c051000 GCTaskThread "GC Thread#17" [stack: 0x00007f41a0da1000,0x00007f41a0ea1000] [id=28185]
  0x00007f419c052800 GCTaskThread "GC Thread#18" [stack: 0x00007f41a0c9f000,0x00007f41a0d9f000] [id=28186]
  0x00007f419c054800 GCTaskThread "GC Thread#19" [stack: 0x00007f41a0b9d000,0x00007f41a0c9d000] [id=28187]
  0x00007f419c09f800 ConcurrentGCThread "G1 Main Marker" [stack: 0x00007f40e97cd000,0x00007f40e98cd000] [id=28209]
  0x00007f419c0a1000 ConcurrentGCThread "G1 Marker#0" [stack: 0x00007f40e96cb000,0x00007f40e97cb000] [id=28210]
  0x00007f419c0a3000 ConcurrentGCThread "G1 Marker#1" [stack: 0x00007f40e95c9000,0x00007f40e96c9000] [id=28211]
  0x00007f419c0a4800 ConcurrentGCThread "G1 Marker#2" [stack: 0x00007f40e94c7000,0x00007f40e95c7000] [id=28212]
  0x00007f419c0a6800 ConcurrentGCThread "G1 Marker#3" [stack: 0x00007f40e93c5000,0x00007f40e94c5000] [id=28213]
  0x00007f419c0a8000 ConcurrentGCThread "G1 Marker#4" [stack: 0x00007f40e92c3000,0x00007f40e93c3000] [id=28214]
  0x00007f419c079000 ConcurrentGCThread "G1 Refine#0" [stack: 0x00007f40ebdfe000,0x00007f40ebefe000] [id=28207]
  0x00007f419c077000 ConcurrentGCThread "G1 Refine#1" [stack: 0x00007f40ebf00000,0x00007f40ec000000] [id=28206]
  0x00007f419c075000 ConcurrentGCThread "G1 Refine#2" [stack: 0x00007f4180018000,0x00007f4180118000] [id=28205]
  0x00007f419c073800 ConcurrentGCThread "G1 Refine#3" [stack: 0x00007f418011a000,0x00007f418021a000] [id=28204]
  0x00007f419c071800 ConcurrentGCThread "G1 Refine#4" [stack: 0x00007f418021c000,0x00007f418031c000] [id=28203]
  0x00007f419c070000 ConcurrentGCThread "G1 Refine#5" [stack: 0x00007f418031e000,0x00007f418041e000] [id=28202]
  0x00007f419c06e000 ConcurrentGCThread "G1 Refine#6" [stack: 0x00007f4180420000,0x00007f4180520000] [id=28201]
  0x00007f419c06c800 ConcurrentGCThread "G1 Refine#7" [stack: 0x00007f4180522000,0x00007f4180622000] [id=28200]
  0x00007f419c06a800 ConcurrentGCThread "G1 Refine#8" [stack: 0x00007f4180624000,0x00007f4180724000] [id=28199]
  0x00007f419c069000 ConcurrentGCThread "G1 Refine#9" [stack: 0x00007f4180726000,0x00007f4180826000] [id=28198]
  0x00007f419c067000 ConcurrentGCThread "G1 Refine#10" [stack: 0x00007f4180828000,0x00007f4180928000] [id=28197]
  0x00007f419c065000 ConcurrentGCThread "G1 Refine#11" [stack: 0x00007f418092a000,0x00007f4180a2a000] [id=28196]
  0x00007f419c063800 ConcurrentGCThread "G1 Refine#12" [stack: 0x00007f4180a2c000,0x00007f4180b2c000] [id=28195]
  0x00007f419c061800 ConcurrentGCThread "G1 Refine#13" [stack: 0x00007f4180b2e000,0x00007f4180c2e000] [id=28194]
  0x00007f419c060000 ConcurrentGCThread "G1 Refine#14" [stack: 0x00007f4180c30000,0x00007f4180d30000] [id=28193]
  0x00007f419c05e000 ConcurrentGCThread "G1 Refine#15" [stack: 0x00007f4180d32000,0x00007f4180e32000] [id=28192]
  0x00007f419c05c800 ConcurrentGCThread "G1 Refine#16" [stack: 0x00007f4180e34000,0x00007f4180f34000] [id=28191]
  0x00007f419c05a800 ConcurrentGCThread "G1 Refine#17" [stack: 0x00007f4180f36000,0x00007f4181036000] [id=28190]
  0x00007f419c059000 ConcurrentGCThread "G1 Refine#18" [stack: 0x00007f4181038000,0x00007f4181138000] [id=28189]
  0x00007f419c057000 ConcurrentGCThread "G1 Refine#19" [stack: 0x00007f418113a000,0x00007f418123a000] [id=28188]
  0x00007f419c07a800 ConcurrentGCThread "G1 Young RemSet Sampling" [stack: 0x00007f40ebcfc000,0x00007f40ebdfc000] [id=28208]

Threads with active compile tasks:
C1 CompilerThread11 266 %     3       org.eclipse.core.runtime.adaptor.EclipseStarter::main @ 1112 (1423 bytes)

VM state:not at safepoint (normal execution)

VM Mutex/Monitor currently owned by a thread: None

Heap address: 0x00000003d7c00000, size: 16004 MB, Compressed Oops mode: Zero based, Oop shift amount: 3
Narrow klass base: 0x0000000000000000, Narrow klass shift: 3
Compressed class space size: 1073741824 Address: 0x00000007c0000000

Heap:
 garbage-first heap   total 1028096K, used 8192K [0x00000003d7c00000, 0x00000003d80007d8, 0x00000007c0000000)
  region size 4096K, 3 young (12288K), 0 survivors (0K)
 Metaspace       used 4296K, capacity 4614K, committed 4864K, reserved 1056768K
  class space    used 355K, capacity 386K, committed 512K, reserved 1048576K
Heap Regions: E=young(eden), S=young(survivor), O=old, HS=humongous(starts), HC=humongous(continues), CS=collection set, F=free, A=archive, TS=gc time stamp, AC=allocation context, TAMS=top-at-mark-start (previous, next)
|   0|0x00000003d7c00000, 0x00000003d7c00000, 0x00000003d8000000|  0%| F|  |TS  0|AC  0|TAMS 0x00000003d7c00000, 0x00000003d7c00000|
|   1|0x00000003d8000000, 0x00000003d8000000, 0x00000003d8400000|  0%| F|  |TS  0|AC  0|TAMS 0x00000003d8000000, 0x00000003d8000000|
|   2|0x00000003d8400000, 0x00000003d8400000, 0x00000003d8800000|  0%| F|  |TS  0|AC  0|TAMS 0x00000003d8400000, 0x00000003d8400000|
|   3|0x00000003d8800000, 0x00000003d8800000, 0x00000003d8c00000|  0%| F|  |TS  0|AC  0|TAMS 0x00000003d8800000, 0x00000003d8800000|
|   4|0x00000003d8c00000, 0x00000003d8c00000, 0x00000003d9000000|  0%| F|  |TS  0|AC  0|TAMS 0x00000003d8c00000, 0x00000003d8c00000|
|   5|0x00000003d9000000, 0x00000003d9000000, 0x00000003d9400000|  0%| F|  |TS  0|AC  0|TAMS 0x00000003d9000000, 0x00000003d9000000|
|   6|0x00000003d9400000, 0x00000003d9400000, 0x00000003d9800000|  0%| F|  |TS  0|AC  0|TAMS 0x00000003d9400000, 0x00000003d9400000|
|   7|0x00000003d9800000, 0x00000003d9800000, 0x00000003d9c00000|  0%| F|  |TS  0|AC  0|TAMS 0x00000003d9800000, 0x00000003d9800000|
|   8|0x00000003d9c00000, 0x00000003d9c00000, 0x00000003da000000|  0%| F|  |TS  0|AC  0|TAMS 0x00000003d9c00000, 0x00000003d9c00000|
|   9|0x00000003da000000, 0x00000003da000000, 0x00000003da400000|  0%| F|  |TS  0|AC  0|TAMS 0x00000003da000000, 0x00000003da000000|
|  10|0x00000003da400000, 0x00000003da400000, 0x00000003da800000|  0%| F|  |TS  0|AC  0|TAMS 0x00000003da400000, 0x00000003da400000|
|  11|0x00000003da800000, 0x00000003da800000, 0x00000003dac00000|  0%| F|  |TS  0|AC  0|TAMS 0x00000003da800000, 0x00000003da800000|
|  12|0x00000003dac00000, 0x00000003dac00000, 0x00000003db000000|  0%| F|  |TS  0|AC  0|TAMS 0x00000003dac00000, 0x00000003dac00000|
|  13|0x00000003db000000, 0x00000003db000000, 0x00000003db400000|  0%| F|  |TS  0|AC  0|TAMS 0x00000003db000000, 0x00000003db000000|
|  14|0x00000003db400000, 0x00000003db400000, 0x00000003db800000|  0%| F|  |TS  0|AC  0|TAMS 0x00000003db400000, 0x00000003db400000|
|  15|0x00000003db800000, 0x00000003db800000, 0x00000003dbc00000|  0%| F|  |TS  0|AC  0|TAMS 0x00000003db800000, 0x00000003db800000|
|  16|0x00000003dbc00000, 0x00000003dbc00000, 0x00000003dc000000|  0%| F|  |TS  0|AC  0|TAMS 0x00000003dbc00000, 0x00000003dbc00000|
|  17|0x00000003dc000000, 0x00000003dc000000, 0x00000003dc400000|  0%| F|  |TS  0|AC  0|TAMS 0x00000003dc000000, 0x00000003dc000000|
|  18|0x00000003dc400000, 0x00000003dc400000, 0x00000003dc800000|  0%| F|  |TS  0|AC  0|TAMS 0x00000003dc400000, 0x00000003dc400000|
|  19|0x00000003dc800000, 0x00000003dc800000, 0x00000003dcc00000|  0%| F|  |TS  0|AC  0|TAMS 0x00000003dc800000, 0x00000003dc800000|
|  20|0x00000003dcc00000, 0x00000003dcc00000, 0x00000003dd000000|  0%| F|  |TS  0|AC  0|TAMS 0x00000003dcc00000, 0x00000003dcc00000|
|  21|0x00000003dd000000, 0x00000003dd000000, 0x00000003dd400000|  0%| F|  |TS  0|AC  0|TAMS 0x00000003dd000000, 0x00000003dd000000|
|  22|0x00000003dd400000, 0x00000003dd400000, 0x00000003dd800000|  0%| F|  |TS  0|AC  0|TAMS 0x00000003dd400000, 0x00000003dd400000|
|  23|0x00000003dd800000, 0x00000003dd800000, 0x00000003ddc00000|  0%| F|  |TS  0|AC  0|TAMS 0x00000003dd800000, 0x00000003dd800000|
|  24|0x00000003ddc00000, 0x00000003ddc00000, 0x00000003de000000|  0%| F|  |TS  0|AC  0|TAMS 0x00000003ddc00000, 0x00000003ddc00000|
|  25|0x00000003de000000, 0x00000003de000000, 0x00000003de400000|  0%| F|  |TS  0|AC  0|TAMS 0x00000003de000000, 0x00000003de000000|
|  26|0x00000003de400000, 0x00000003de400000, 0x00000003de800000|  0%| F|  |TS  0|AC  0|TAMS 0x00000003de400000, 0x00000003de400000|
|  27|0x00000003de800000, 0x00000003de800000, 0x00000003dec00000|  0%| F|  |TS  0|AC  0|TAMS 0x00000003de800000, 0x00000003de800000|
|  28|0x00000003dec00000, 0x00000003dec00000, 0x00000003df000000|  0%| F|  |TS  0|AC  0|TAMS 0x00000003dec00000, 0x00000003dec00000|
|  29|0x00000003df000000, 0x00000003df000000, 0x00000003df400000|  0%| F|  |TS  0|AC  0|TAMS 0x00000003df000000, 0x00000003df000000|
|  30|0x00000003df400000, 0x00000003df400000, 0x00000003df800000|  0%| F|  |TS  0|AC  0|TAMS 0x00000003df400000, 0x00000003df400000|
|  31|0x00000003df800000, 0x00000003df800000, 0x00000003dfc00000|  0%| F|  |TS  0|AC  0|TAMS 0x00000003df800000, 0x00000003df800000|
|  32|0x00000003dfc00000, 0x00000003dfc00000, 0x00000003e0000000|  0%| F|  |TS  0|AC  0|TAMS 0x00000003dfc00000, 0x00000003dfc00000|
|  33|0x00000003e0000000, 0x00000003e0000000, 0x00000003e0400000|  0%| F|  |TS  0|AC  0|TAMS 0x00000003e0000000, 0x00000003e0000000|
|  34|0x00000003e0400000, 0x00000003e0400000, 0x00000003e0800000|  0%| F|  |TS  0|AC  0|TAMS 0x00000003e0400000, 0x00000003e0400000|
|  35|0x00000003e0800000, 0x00000003e0800000, 0x00000003e0c00000|  0%| F|  |TS  0|AC  0|TAMS 0x00000003e0800000, 0x00000003e0800000|
|  36|0x00000003e0c00000, 0x00000003e0c00000, 0x00000003e1000000|  0%| F|  |TS  0|AC  0|TAMS 0x00000003e0c00000, 0x00000003e0c00000|
|  37|0x00000003e1000000, 0x00000003e1000000, 0x00000003e1400000|  0%| F|  |TS  0|AC  0|TAMS 0x00000003e1000000, 0x00000003e1000000|
|  38|0x00000003e1400000, 0x00000003e1400000, 0x00000003e1800000|  0%| F|  |TS  0|AC  0|TAMS 0x00000003e1400000, 0x00000003e1400000|
|  39|0x00000003e1800000, 0x00000003e1800000, 0x00000003e1c00000|  0%| F|  |TS  0|AC  0|TAMS 0x00000003e1800000, 0x00000003e1800000|
|  40|0x00000003e1c00000, 0x00000003e1c00000, 0x00000003e2000000|  0%| F|  |TS  0|AC  0|TAMS 0x00000003e1c00000, 0x00000003e1c00000|
|  41|0x00000003e2000000, 0x00000003e2000000, 0x00000003e2400000|  0%| F|  |TS  0|AC  0|TAMS 0x00000003e2000000, 0x00000003e2000000|
|  42|0x00000003e2400000, 0x00000003e2400000, 0x00000003e2800000|  0%| F|  |TS  0|AC  0|TAMS 0x00000003e2400000, 0x00000003e2400000|
|  43|0x00000003e2800000, 0x00000003e2800000, 0x00000003e2c00000|  0%| F|  |TS  0|AC  0|TAMS 0x00000003e2800000, 0x00000003e2800000|
|  44|0x00000003e2c00000, 0x00000003e2c00000, 0x00000003e3000000|  0%| F|  |TS  0|AC  0|TAMS 0x00000003e2c00000, 0x00000003e2c00000|
|  45|0x00000003e3000000, 0x00000003e3000000, 0x00000003e3400000|  0%| F|  |TS  0|AC  0|TAMS 0x00000003e3000000, 0x00000003e3000000|
|  46|0x00000003e3400000, 0x00000003e3400000, 0x00000003e3800000|  0%| F|  |TS  0|AC  0|TAMS 0x00000003e3400000, 0x00000003e3400000|
|  47|0x00000003e3800000, 0x00000003e3800000, 0x00000003e3c00000|  0%| F|  |TS  0|AC  0|TAMS 0x00000003e3800000, 0x00000003e3800000|
|  48|0x00000003e3c00000, 0x00000003e3c00000, 0x00000003e4000000|  0%| F|  |TS  0|AC  0|TAMS 0x00000003e3c00000, 0x00000003e3c00000|
|  49|0x00000003e4000000, 0x00000003e4000000, 0x00000003e4400000|  0%| F|  |TS  0|AC  0|TAMS 0x00000003e4000000, 0x00000003e4000000|
|  50|0x00000003e4400000, 0x00000003e4400000, 0x00000003e4800000|  0%| F|  |TS  0|AC  0|TAMS 0x00000003e4400000, 0x00000003e4400000|
|  51|0x00000003e4800000, 0x00000003e4800000, 0x00000003e4c00000|  0%| F|  |TS  0|AC  0|TAMS 0x00000003e4800000, 0x00000003e4800000|
|  52|0x00000003e4c00000, 0x00000003e4c00000, 0x00000003e5000000|  0%| F|  |TS  0|AC  0|TAMS 0x00000003e4c00000, 0x00000003e4c00000|
|  53|0x00000003e5000000, 0x00000003e5000000, 0x00000003e5400000|  0%| F|  |TS  0|AC  0|TAMS 0x00000003e5000000, 0x00000003e5000000|
|  54|0x00000003e5400000, 0x00000003e5400000, 0x00000003e5800000|  0%| F|  |TS  0|AC  0|TAMS 0x00000003e5400000, 0x00000003e5400000|
|  55|0x00000003e5800000, 0x00000003e5800000, 0x00000003e5c00000|  0%| F|  |TS  0|AC  0|TAMS 0x00000003e5800000, 0x00000003e5800000|
|  56|0x00000003e5c00000, 0x00000003e5c00000, 0x00000003e6000000|  0%| F|  |TS  0|AC  0|TAMS 0x00000003e5c00000, 0x00000003e5c00000|
|  57|0x00000003e6000000, 0x00000003e6000000, 0x00000003e6400000|  0%| F|  |TS  0|AC  0|TAMS 0x00000003e6000000, 0x00000003e6000000|
|  58|0x00000003e6400000, 0x00000003e6400000, 0x00000003e6800000|  0%| F|  |TS  0|AC  0|TAMS 0x00000003e6400000, 0x00000003e6400000|
|  59|0x00000003e6800000, 0x00000003e6800000, 0x00000003e6c00000|  0%| F|  |TS  0|AC  0|TAMS 0x00000003e6800000, 0x00000003e6800000|
|  60|0x00000003e6c00000, 0x00000003e6c00000, 0x00000003e7000000|  0%| F|  |TS  0|AC  0|TAMS 0x00000003e6c00000, 0x00000003e6c00000|
|  61|0x00000003e7000000, 0x00000003e7000000, 0x00000003e7400000|  0%| F|  |TS  0|AC  0|TAMS 0x00000003e7000000, 0x00000003e7000000|
|  62|0x00000003e7400000, 0x00000003e7400000, 0x00000003e7800000|  0%| F|  |TS  0|AC  0|TAMS 0x00000003e7400000, 0x00000003e7400000|
|  63|0x00000003e7800000, 0x00000003e7800000, 0x00000003e7c00000|  0%| F|  |TS  0|AC  0|TAMS 0x00000003e7800000, 0x00000003e7800000|
|  64|0x00000003e7c00000, 0x00000003e7c00000, 0x00000003e8000000|  0%| F|  |TS  0|AC  0|TAMS 0x00000003e7c00000, 0x00000003e7c00000|
|  65|0x00000003e8000000, 0x00000003e8000000, 0x00000003e8400000|  0%| F|  |TS  0|AC  0|TAMS 0x00000003e8000000, 0x00000003e8000000|
|  66|0x00000003e8400000, 0x00000003e8400000, 0x00000003e8800000|  0%| F|  |TS  0|AC  0|TAMS 0x00000003e8400000, 0x00000003e8400000|
|  67|0x00000003e8800000, 0x00000003e8800000, 0x00000003e8c00000|  0%| F|  |TS  0|AC  0|TAMS 0x00000003e8800000, 0x00000003e8800000|
|  68|0x00000003e8c00000, 0x00000003e8c00000, 0x00000003e9000000|  0%| F|  |TS  0|AC  0|TAMS 0x00000003e8c00000, 0x00000003e8c00000|
|  69|0x00000003e9000000, 0x00000003e9000000, 0x00000003e9400000|  0%| F|  |TS  0|AC  0|TAMS 0x00000003e9000000, 0x00000003e9000000|
|  70|0x00000003e9400000, 0x00000003e9400000, 0x00000003e9800000|  0%| F|  |TS  0|AC  0|TAMS 0x00000003e9400000, 0x00000003e9400000|
|  71|0x00000003e9800000, 0x00000003e9800000, 0x00000003e9c00000|  0%| F|  |TS  0|AC  0|TAMS 0x00000003e9800000, 0x00000003e9800000|
|  72|0x00000003e9c00000, 0x00000003e9c00000, 0x00000003ea000000|  0%| F|  |TS  0|AC  0|TAMS 0x00000003e9c00000, 0x00000003e9c00000|
|  73|0x00000003ea000000, 0x00000003ea000000, 0x00000003ea400000|  0%| F|  |TS  0|AC  0|TAMS 0x00000003ea000000, 0x00000003ea000000|
|  74|0x00000003ea400000, 0x00000003ea400000, 0x00000003ea800000|  0%| F|  |TS  0|AC  0|TAMS 0x00000003ea400000, 0x00000003ea400000|
|  75|0x00000003ea800000, 0x00000003ea800000, 0x00000003eac00000|  0%| F|  |TS  0|AC  0|TAMS 0x00000003ea800000, 0x00000003ea800000|
|  76|0x00000003eac00000, 0x00000003eac00000, 0x00000003eb000000|  0%| F|  |TS  0|AC  0|TAMS 0x00000003eac00000, 0x00000003eac00000|
|  77|0x00000003eb000000, 0x00000003eb000000, 0x00000003eb400000|  0%| F|  |TS  0|AC  0|TAMS 0x00000003eb000000, 0x00000003eb000000|
|  78|0x00000003eb400000, 0x00000003eb400000, 0x00000003eb800000|  0%| F|  |TS  0|AC  0|TAMS 0x00000003eb400000, 0x00000003eb400000|
|  79|0x00000003eb800000, 0x00000003eb800000, 0x00000003ebc00000|  0%| F|  |TS  0|AC  0|TAMS 0x00000003eb800000, 0x00000003eb800000|
|  80|0x00000003ebc00000, 0x00000003ebc00000, 0x00000003ec000000|  0%| F|  |TS  0|AC  0|TAMS 0x00000003ebc00000, 0x00000003ebc00000|
|  81|0x00000003ec000000, 0x00000003ec000000, 0x00000003ec400000|  0%| F|  |TS  0|AC  0|TAMS 0x00000003ec000000, 0x00000003ec000000|
|  82|0x00000003ec400000, 0x00000003ec400000, 0x00000003ec800000|  0%| F|  |TS  0|AC  0|TAMS 0x00000003ec400000, 0x00000003ec400000|
|  83|0x00000003ec800000, 0x00000003ec800000, 0x00000003ecc00000|  0%| F|  |TS  0|AC  0|TAMS 0x00000003ec800000, 0x00000003ec800000|
|  84|0x00000003ecc00000, 0x00000003ecc00000, 0x00000003ed000000|  0%| F|  |TS  0|AC  0|TAMS 0x00000003ecc00000, 0x00000003ecc00000|
|  85|0x00000003ed000000, 0x00000003ed000000, 0x00000003ed400000|  0%| F|  |TS  0|AC  0|TAMS 0x00000003ed000000, 0x00000003ed000000|
|  86|0x00000003ed400000, 0x00000003ed400000, 0x00000003ed800000|  0%| F|  |TS  0|AC  0|TAMS 0x00000003ed400000, 0x00000003ed400000|
|  87|0x00000003ed800000, 0x00000003ed800000, 0x00000003edc00000|  0%| F|  |TS  0|AC  0|TAMS 0x00000003ed800000, 0x00000003ed800000|
|  88|0x00000003edc00000, 0x00000003edc00000, 0x00000003ee000000|  0%| F|  |TS  0|AC  0|TAMS 0x00000003edc00000, 0x00000003edc00000|
|  89|0x00000003ee000000, 0x00000003ee000000, 0x00000003ee400000|  0%| F|  |TS  0|AC  0|TAMS 0x00000003ee000000, 0x00000003ee000000|
|  90|0x00000003ee400000, 0x00000003ee400000, 0x00000003ee800000|  0%| F|  |TS  0|AC  0|TAMS 0x00000003ee400000, 0x00000003ee400000|
|  91|0x00000003ee800000, 0x00000003ee800000, 0x00000003eec00000|  0%| F|  |TS  0|AC  0|TAMS 0x00000003ee800000, 0x00000003ee800000|
|  92|0x00000003eec00000, 0x00000003eec00000, 0x00000003ef000000|  0%| F|  |TS  0|AC  0|TAMS 0x00000003eec00000, 0x00000003eec00000|
|  93|0x00000003ef000000, 0x00000003ef000000, 0x00000003ef400000|  0%| F|  |TS  0|AC  0|TAMS 0x00000003ef000000, 0x00000003ef000000|
|  94|0x00000003ef400000, 0x00000003ef400000, 0x00000003ef800000|  0%| F|  |TS  0|AC  0|TAMS 0x00000003ef400000, 0x00000003ef400000|
|  95|0x00000003ef800000, 0x00000003ef800000, 0x00000003efc00000|  0%| F|  |TS  0|AC  0|TAMS 0x00000003ef800000, 0x00000003ef800000|
|  96|0x00000003efc00000, 0x00000003efc00000, 0x00000003f0000000|  0%| F|  |TS  0|AC  0|TAMS 0x00000003efc00000, 0x00000003efc00000|
|  97|0x00000003f0000000, 0x00000003f0000000, 0x00000003f0400000|  0%| F|  |TS  0|AC  0|TAMS 0x00000003f0000000, 0x00000003f0000000|
|  98|0x00000003f0400000, 0x00000003f0400000, 0x00000003f0800000|  0%| F|  |TS  0|AC  0|TAMS 0x00000003f0400000, 0x00000003f0400000|
|  99|0x00000003f0800000, 0x00000003f0800000, 0x00000003f0c00000|  0%| F|  |TS  0|AC  0|TAMS 0x00000003f0800000, 0x00000003f0800000|
| 100|0x00000003f0c00000, 0x00000003f0c00000, 0x00000003f1000000|  0%| F|  |TS  0|AC  0|TAMS 0x00000003f0c00000, 0x00000003f0c00000|
| 101|0x00000003f1000000, 0x00000003f1000000, 0x00000003f1400000|  0%| F|  |TS  0|AC  0|TAMS 0x00000003f1000000, 0x00000003f1000000|
| 102|0x00000003f1400000, 0x00000003f1400000, 0x00000003f1800000|  0%| F|  |TS  0|AC  0|TAMS 0x00000003f1400000, 0x00000003f1400000|
| 103|0x00000003f1800000, 0x00000003f1800000, 0x00000003f1c00000|  0%| F|  |TS  0|AC  0|TAMS 0x00000003f1800000, 0x00000003f1800000|
| 104|0x00000003f1c00000, 0x00000003f1c00000, 0x00000003f2000000|  0%| F|  |TS  0|AC  0|TAMS 0x00000003f1c00000, 0x00000003f1c00000|
| 105|0x00000003f2000000, 0x00000003f2000000, 0x00000003f2400000|  0%| F|  |TS  0|AC  0|TAMS 0x00000003f2000000, 0x00000003f2000000|
| 106|0x00000003f2400000, 0x00000003f2400000, 0x00000003f2800000|  0%| F|  |TS  0|AC  0|TAMS 0x00000003f2400000, 0x00000003f2400000|
| 107|0x00000003f2800000, 0x00000003f2800000, 0x00000003f2c00000|  0%| F|  |TS  0|AC  0|TAMS 0x00000003f2800000, 0x00000003f2800000|
| 108|0x00000003f2c00000, 0x00000003f2c00000, 0x00000003f3000000|  0%| F|  |TS  0|AC  0|TAMS 0x00000003f2c00000, 0x00000003f2c00000|
| 109|0x00000003f3000000, 0x00000003f3000000, 0x00000003f3400000|  0%| F|  |TS  0|AC  0|TAMS 0x00000003f3000000, 0x00000003f3000000|
| 110|0x00000003f3400000, 0x00000003f3400000, 0x00000003f3800000|  0%| F|  |TS  0|AC  0|TAMS 0x00000003f3400000, 0x00000003f3400000|
| 111|0x00000003f3800000, 0x00000003f3800000, 0x00000003f3c00000|  0%| F|  |TS  0|AC  0|TAMS 0x00000003f3800000, 0x00000003f3800000|
| 112|0x00000003f3c00000, 0x00000003f3c00000, 0x00000003f4000000|  0%| F|  |TS  0|AC  0|TAMS 0x00000003f3c00000, 0x00000003f3c00000|
| 113|0x00000003f4000000, 0x00000003f4000000, 0x00000003f4400000|  0%| F|  |TS  0|AC  0|TAMS 0x00000003f4000000, 0x00000003f4000000|
| 114|0x00000003f4400000, 0x00000003f4400000, 0x00000003f4800000|  0%| F|  |TS  0|AC  0|TAMS 0x00000003f4400000, 0x00000003f4400000|
| 115|0x00000003f4800000, 0x00000003f4800000, 0x00000003f4c00000|  0%| F|  |TS  0|AC  0|TAMS 0x00000003f4800000, 0x00000003f4800000|
| 116|0x00000003f4c00000, 0x00000003f4c00000, 0x00000003f5000000|  0%| F|  |TS  0|AC  0|TAMS 0x00000003f4c00000, 0x00000003f4c00000|
| 117|0x00000003f5000000, 0x00000003f5000000, 0x00000003f5400000|  0%| F|  |TS  0|AC  0|TAMS 0x00000003f5000000, 0x00000003f5000000|
| 118|0x00000003f5400000, 0x00000003f5400000, 0x00000003f5800000|  0%| F|  |TS  0|AC  0|TAMS 0x00000003f5400000, 0x00000003f5400000|
| 119|0x00000003f5800000, 0x00000003f5800000, 0x00000003f5c00000|  0%| F|  |TS  0|AC  0|TAMS 0x00000003f5800000, 0x00000003f5800000|
| 120|0x00000003f5c00000, 0x00000003f5c00000, 0x00000003f6000000|  0%| F|  |TS  0|AC  0|TAMS 0x00000003f5c00000, 0x00000003f5c00000|
| 121|0x00000003f6000000, 0x00000003f6000000, 0x00000003f6400000|  0%| F|  |TS  0|AC  0|TAMS 0x00000003f6000000, 0x00000003f6000000|
| 122|0x00000003f6400000, 0x00000003f6400000, 0x00000003f6800000|  0%| F|  |TS  0|AC  0|TAMS 0x00000003f6400000, 0x00000003f6400000|
| 123|0x00000003f6800000, 0x00000003f6800000, 0x00000003f6c00000|  0%| F|  |TS  0|AC  0|TAMS 0x00000003f6800000, 0x00000003f6800000|
| 124|0x00000003f6c00000, 0x00000003f6c00000, 0x00000003f7000000|  0%| F|  |TS  0|AC  0|TAMS 0x00000003f6c00000, 0x00000003f6c00000|
| 125|0x00000003f7000000, 0x00000003f7000000, 0x00000003f7400000|  0%| F|  |TS  0|AC  0|TAMS 0x00000003f7000000, 0x00000003f7000000|
| 126|0x00000003f7400000, 0x00000003f7400000, 0x00000003f7800000|  0%| F|  |TS  0|AC  0|TAMS 0x00000003f7400000, 0x00000003f7400000|
| 127|0x00000003f7800000, 0x00000003f7800000, 0x00000003f7c00000|  0%| F|  |TS  0|AC  0|TAMS 0x00000003f7800000, 0x00000003f7800000|
| 128|0x00000003f7c00000, 0x00000003f7c00000, 0x00000003f8000000|  0%| F|  |TS  0|AC  0|TAMS 0x00000003f7c00000, 0x00000003f7c00000|
| 129|0x00000003f8000000, 0x00000003f8000000, 0x00000003f8400000|  0%| F|  |TS  0|AC  0|TAMS 0x00000003f8000000, 0x00000003f8000000|
| 130|0x00000003f8400000, 0x00000003f8400000, 0x00000003f8800000|  0%| F|  |TS  0|AC  0|TAMS 0x00000003f8400000, 0x00000003f8400000|
| 131|0x00000003f8800000, 0x00000003f8800000, 0x00000003f8c00000|  0%| F|  |TS  0|AC  0|TAMS 0x00000003f8800000, 0x00000003f8800000|
| 132|0x00000003f8c00000, 0x00000003f8c00000, 0x00000003f9000000|  0%| F|  |TS  0|AC  0|TAMS 0x00000003f8c00000, 0x00000003f8c00000|
| 133|0x00000003f9000000, 0x00000003f9000000, 0x00000003f9400000|  0%| F|  |TS  0|AC  0|TAMS 0x00000003f9000000, 0x00000003f9000000|
| 134|0x00000003f9400000, 0x00000003f9400000, 0x00000003f9800000|  0%| F|  |TS  0|AC  0|TAMS 0x00000003f9400000, 0x00000003f9400000|
| 135|0x00000003f9800000, 0x00000003f9800000, 0x00000003f9c00000|  0%| F|  |TS  0|AC  0|TAMS 0x00000003f9800000, 0x00000003f9800000|
| 136|0x00000003f9c00000, 0x00000003f9c00000, 0x00000003fa000000|  0%| F|  |TS  0|AC  0|TAMS 0x00000003f9c00000, 0x00000003f9c00000|
| 137|0x00000003fa000000, 0x00000003fa000000, 0x00000003fa400000|  0%| F|  |TS  0|AC  0|TAMS 0x00000003fa000000, 0x00000003fa000000|
| 138|0x00000003fa400000, 0x00000003fa400000, 0x00000003fa800000|  0%| F|  |TS  0|AC  0|TAMS 0x00000003fa400000, 0x00000003fa400000|
| 139|0x00000003fa800000, 0x00000003fa800000, 0x00000003fac00000|  0%| F|  |TS  0|AC  0|TAMS 0x00000003fa800000, 0x00000003fa800000|
| 140|0x00000003fac00000, 0x00000003fac00000, 0x00000003fb000000|  0%| F|  |TS  0|AC  0|TAMS 0x00000003fac00000, 0x00000003fac00000|
| 141|0x00000003fb000000, 0x00000003fb000000, 0x00000003fb400000|  0%| F|  |TS  0|AC  0|TAMS 0x00000003fb000000, 0x00000003fb000000|
| 142|0x00000003fb400000, 0x00000003fb400000, 0x00000003fb800000|  0%| F|  |TS  0|AC  0|TAMS 0x00000003fb400000, 0x00000003fb400000|
| 143|0x00000003fb800000, 0x00000003fb800000, 0x00000003fbc00000|  0%| F|  |TS  0|AC  0|TAMS 0x00000003fb800000, 0x00000003fb800000|
| 144|0x00000003fbc00000, 0x00000003fbc00000, 0x00000003fc000000|  0%| F|  |TS  0|AC  0|TAMS 0x00000003fbc00000, 0x00000003fbc00000|
| 145|0x00000003fc000000, 0x00000003fc000000, 0x00000003fc400000|  0%| F|  |TS  0|AC  0|TAMS 0x00000003fc000000, 0x00000003fc000000|
| 146|0x00000003fc400000, 0x00000003fc400000, 0x00000003fc800000|  0%| F|  |TS  0|AC  0|TAMS 0x00000003fc400000, 0x00000003fc400000|
| 147|0x00000003fc800000, 0x00000003fc800000, 0x00000003fcc00000|  0%| F|  |TS  0|AC  0|TAMS 0x00000003fc800000, 0x00000003fc800000|
| 148|0x00000003fcc00000, 0x00000003fcc00000, 0x00000003fd000000|  0%| F|  |TS  0|AC  0|TAMS 0x00000003fcc00000, 0x00000003fcc00000|
| 149|0x00000003fd000000, 0x00000003fd000000, 0x00000003fd400000|  0%| F|  |TS  0|AC  0|TAMS 0x00000003fd000000, 0x00000003fd000000|
| 150|0x00000003fd400000, 0x00000003fd400000, 0x00000003fd800000|  0%| F|  |TS  0|AC  0|TAMS 0x00000003fd400000, 0x00000003fd400000|
| 151|0x00000003fd800000, 0x00000003fd800000, 0x00000003fdc00000|  0%| F|  |TS  0|AC  0|TAMS 0x00000003fd800000, 0x00000003fd800000|
| 152|0x00000003fdc00000, 0x00000003fdc00000, 0x00000003fe000000|  0%| F|  |TS  0|AC  0|TAMS 0x00000003fdc00000, 0x00000003fdc00000|
| 153|0x00000003fe000000, 0x00000003fe000000, 0x00000003fe400000|  0%| F|  |TS  0|AC  0|TAMS 0x00000003fe000000, 0x00000003fe000000|
| 154|0x00000003fe400000, 0x00000003fe400000, 0x00000003fe800000|  0%| F|  |TS  0|AC  0|TAMS 0x00000003fe400000, 0x00000003fe400000|
| 155|0x00000003fe800000, 0x00000003fe800000, 0x00000003fec00000|  0%| F|  |TS  0|AC  0|TAMS 0x00000003fe800000, 0x00000003fe800000|
| 156|0x00000003fec00000, 0x00000003fec00000, 0x00000003ff000000|  0%| F|  |TS  0|AC  0|TAMS 0x00000003fec00000, 0x00000003fec00000|
| 157|0x00000003ff000000, 0x00000003ff000000, 0x00000003ff400000|  0%| F|  |TS  0|AC  0|TAMS 0x00000003ff000000, 0x00000003ff000000|
| 158|0x00000003ff400000, 0x00000003ff400000, 0x00000003ff800000|  0%| F|  |TS  0|AC  0|TAMS 0x00000003ff400000, 0x00000003ff400000|
| 159|0x00000003ff800000, 0x00000003ff800000, 0x00000003ffc00000|  0%| F|  |TS  0|AC  0|TAMS 0x00000003ff800000, 0x00000003ff800000|
| 160|0x00000003ffc00000, 0x00000003ffc00000, 0x0000000400000000|  0%| F|  |TS  0|AC  0|TAMS 0x00000003ffc00000, 0x00000003ffc00000|
| 161|0x0000000400000000, 0x0000000400000000, 0x0000000400400000|  0%| F|  |TS  0|AC  0|TAMS 0x0000000400000000, 0x0000000400000000|
| 162|0x0000000400400000, 0x0000000400400000, 0x0000000400800000|  0%| F|  |TS  0|AC  0|TAMS 0x0000000400400000, 0x0000000400400000|
| 163|0x0000000400800000, 0x0000000400800000, 0x0000000400c00000|  0%| F|  |TS  0|AC  0|TAMS 0x0000000400800000, 0x0000000400800000|
| 164|0x0000000400c00000, 0x0000000400c00000, 0x0000000401000000|  0%| F|  |TS  0|AC  0|TAMS 0x0000000400c00000, 0x0000000400c00000|
| 165|0x0000000401000000, 0x0000000401000000, 0x0000000401400000|  0%| F|  |TS  0|AC  0|TAMS 0x0000000401000000, 0x0000000401000000|
| 166|0x0000000401400000, 0x0000000401400000, 0x0000000401800000|  0%| F|  |TS  0|AC  0|TAMS 0x0000000401400000, 0x0000000401400000|
| 167|0x0000000401800000, 0x0000000401800000, 0x0000000401c00000|  0%| F|  |TS  0|AC  0|TAMS 0x0000000401800000, 0x0000000401800000|
| 168|0x0000000401c00000, 0x0000000401c00000, 0x0000000402000000|  0%| F|  |TS  0|AC  0|TAMS 0x0000000401c00000, 0x0000000401c00000|
| 169|0x0000000402000000, 0x0000000402000000, 0x0000000402400000|  0%| F|  |TS  0|AC  0|TAMS 0x0000000402000000, 0x0000000402000000|
| 170|0x0000000402400000, 0x0000000402400000, 0x0000000402800000|  0%| F|  |TS  0|AC  0|TAMS 0x0000000402400000, 0x0000000402400000|
| 171|0x0000000402800000, 0x0000000402800000, 0x0000000402c00000|  0%| F|  |TS  0|AC  0|TAMS 0x0000000402800000, 0x0000000402800000|
| 172|0x0000000402c00000, 0x0000000402c00000, 0x0000000403000000|  0%| F|  |TS  0|AC  0|TAMS 0x0000000402c00000, 0x0000000402c00000|
| 173|0x0000000403000000, 0x0000000403000000, 0x0000000403400000|  0%| F|  |TS  0|AC  0|TAMS 0x0000000403000000, 0x0000000403000000|
| 174|0x0000000403400000, 0x0000000403400000, 0x0000000403800000|  0%| F|  |TS  0|AC  0|TAMS 0x0000000403400000, 0x0000000403400000|
| 175|0x0000000403800000, 0x0000000403800000, 0x0000000403c00000|  0%| F|  |TS  0|AC  0|TAMS 0x0000000403800000, 0x0000000403800000|
| 176|0x0000000403c00000, 0x0000000403c00000, 0x0000000404000000|  0%| F|  |TS  0|AC  0|TAMS 0x0000000403c00000, 0x0000000403c00000|
| 177|0x0000000404000000, 0x0000000404000000, 0x0000000404400000|  0%| F|  |TS  0|AC  0|TAMS 0x0000000404000000, 0x0000000404000000|
| 178|0x0000000404400000, 0x0000000404400000, 0x0000000404800000|  0%| F|  |TS  0|AC  0|TAMS 0x0000000404400000, 0x0000000404400000|
| 179|0x0000000404800000, 0x0000000404800000, 0x0000000404c00000|  0%| F|  |TS  0|AC  0|TAMS 0x0000000404800000, 0x0000000404800000|
| 180|0x0000000404c00000, 0x0000000404c00000, 0x0000000405000000|  0%| F|  |TS  0|AC  0|TAMS 0x0000000404c00000, 0x0000000404c00000|
| 181|0x0000000405000000, 0x0000000405000000, 0x0000000405400000|  0%| F|  |TS  0|AC  0|TAMS 0x0000000405000000, 0x0000000405000000|
| 182|0x0000000405400000, 0x0000000405400000, 0x0000000405800000|  0%| F|  |TS  0|AC  0|TAMS 0x0000000405400000, 0x0000000405400000|
| 183|0x0000000405800000, 0x0000000405800000, 0x0000000405c00000|  0%| F|  |TS  0|AC  0|TAMS 0x0000000405800000, 0x0000000405800000|
| 184|0x0000000405c00000, 0x0000000405c00000, 0x0000000406000000|  0%| F|  |TS  0|AC  0|TAMS 0x0000000405c00000, 0x0000000405c00000|
| 185|0x0000000406000000, 0x0000000406000000, 0x0000000406400000|  0%| F|  |TS  0|AC  0|TAMS 0x0000000406000000, 0x0000000406000000|
| 186|0x0000000406400000, 0x0000000406400000, 0x0000000406800000|  0%| F|  |TS  0|AC  0|TAMS 0x0000000406400000, 0x0000000406400000|
| 187|0x0000000406800000, 0x0000000406800000, 0x0000000406c00000|  0%| F|  |TS  0|AC  0|TAMS 0x0000000406800000, 0x0000000406800000|
| 188|0x0000000406c00000, 0x0000000406c00000, 0x0000000407000000|  0%| F|  |TS  0|AC  0|TAMS 0x0000000406c00000, 0x0000000406c00000|
| 189|0x0000000407000000, 0x0000000407000000, 0x0000000407400000|  0%| F|  |TS  0|AC  0|TAMS 0x0000000407000000, 0x0000000407000000|
| 190|0x0000000407400000, 0x0000000407400000, 0x0000000407800000|  0%| F|  |TS  0|AC  0|TAMS 0x0000000407400000, 0x0000000407400000|
| 191|0x0000000407800000, 0x0000000407800000, 0x0000000407c00000|  0%| F|  |TS  0|AC  0|TAMS 0x0000000407800000, 0x0000000407800000|
| 192|0x0000000407c00000, 0x0000000407c00000, 0x0000000408000000|  0%| F|  |TS  0|AC  0|TAMS 0x0000000407c00000, 0x0000000407c00000|
| 193|0x0000000408000000, 0x0000000408000000, 0x0000000408400000|  0%| F|  |TS  0|AC  0|TAMS 0x0000000408000000, 0x0000000408000000|
| 194|0x0000000408400000, 0x0000000408400000, 0x0000000408800000|  0%| F|  |TS  0|AC  0|TAMS 0x0000000408400000, 0x0000000408400000|
| 195|0x0000000408800000, 0x0000000408800000, 0x0000000408c00000|  0%| F|  |TS  0|AC  0|TAMS 0x0000000408800000, 0x0000000408800000|
| 196|0x0000000408c00000, 0x0000000408c00000, 0x0000000409000000|  0%| F|  |TS  0|AC  0|TAMS 0x0000000408c00000, 0x0000000408c00000|
| 197|0x0000000409000000, 0x0000000409000000, 0x0000000409400000|  0%| F|  |TS  0|AC  0|TAMS 0x0000000409000000, 0x0000000409000000|
| 198|0x0000000409400000, 0x0000000409400000, 0x0000000409800000|  0%| F|  |TS  0|AC  0|TAMS 0x0000000409400000, 0x0000000409400000|
| 199|0x0000000409800000, 0x0000000409800000, 0x0000000409c00000|  0%| F|  |TS  0|AC  0|TAMS 0x0000000409800000, 0x0000000409800000|
| 200|0x0000000409c00000, 0x0000000409c00000, 0x000000040a000000|  0%| F|  |TS  0|AC  0|TAMS 0x0000000409c00000, 0x0000000409c00000|
| 201|0x000000040a000000, 0x000000040a000000, 0x000000040a400000|  0%| F|  |TS  0|AC  0|TAMS 0x000000040a000000, 0x000000040a000000|
| 202|0x000000040a400000, 0x000000040a400000, 0x000000040a800000|  0%| F|  |TS  0|AC  0|TAMS 0x000000040a400000, 0x000000040a400000|
| 203|0x000000040a800000, 0x000000040a800000, 0x000000040ac00000|  0%| F|  |TS  0|AC  0|TAMS 0x000000040a800000, 0x000000040a800000|
| 204|0x000000040ac00000, 0x000000040ac00000, 0x000000040b000000|  0%| F|  |TS  0|AC  0|TAMS 0x000000040ac00000, 0x000000040ac00000|
| 205|0x000000040b000000, 0x000000040b000000, 0x000000040b400000|  0%| F|  |TS  0|AC  0|TAMS 0x000000040b000000, 0x000000040b000000|
| 206|0x000000040b400000, 0x000000040b400000, 0x000000040b800000|  0%| F|  |TS  0|AC  0|TAMS 0x000000040b400000, 0x000000040b400000|
| 207|0x000000040b800000, 0x000000040b800000, 0x000000040bc00000|  0%| F|  |TS  0|AC  0|TAMS 0x000000040b800000, 0x000000040b800000|
| 208|0x000000040bc00000, 0x000000040bc00000, 0x000000040c000000|  0%| F|  |TS  0|AC  0|TAMS 0x000000040bc00000, 0x000000040bc00000|
| 209|0x000000040c000000, 0x000000040c000000, 0x000000040c400000|  0%| F|  |TS  0|AC  0|TAMS 0x000000040c000000, 0x000000040c000000|
| 210|0x000000040c400000, 0x000000040c400000, 0x000000040c800000|  0%| F|  |TS  0|AC  0|TAMS 0x000000040c400000, 0x000000040c400000|
| 211|0x000000040c800000, 0x000000040c800000, 0x000000040cc00000|  0%| F|  |TS  0|AC  0|TAMS 0x000000040c800000, 0x000000040c800000|
| 212|0x000000040cc00000, 0x000000040cc00000, 0x000000040d000000|  0%| F|  |TS  0|AC  0|TAMS 0x000000040cc00000, 0x000000040cc00000|
| 213|0x000000040d000000, 0x000000040d000000, 0x000000040d400000|  0%| F|  |TS  0|AC  0|TAMS 0x000000040d000000, 0x000000040d000000|
| 214|0x000000040d400000, 0x000000040d400000, 0x000000040d800000|  0%| F|  |TS  0|AC  0|TAMS 0x000000040d400000, 0x000000040d400000|
| 215|0x000000040d800000, 0x000000040d800000, 0x000000040dc00000|  0%| F|  |TS  0|AC  0|TAMS 0x000000040d800000, 0x000000040d800000|
| 216|0x000000040dc00000, 0x000000040dc00000, 0x000000040e000000|  0%| F|  |TS  0|AC  0|TAMS 0x000000040dc00000, 0x000000040dc00000|
| 217|0x000000040e000000, 0x000000040e000000, 0x000000040e400000|  0%| F|  |TS  0|AC  0|TAMS 0x000000040e000000, 0x000000040e000000|
| 218|0x000000040e400000, 0x000000040e400000, 0x000000040e800000|  0%| F|  |TS  0|AC  0|TAMS 0x000000040e400000, 0x000000040e400000|
| 219|0x000000040e800000, 0x000000040e800000, 0x000000040ec00000|  0%| F|  |TS  0|AC  0|TAMS 0x000000040e800000, 0x000000040e800000|
| 220|0x000000040ec00000, 0x000000040ec00000, 0x000000040f000000|  0%| F|  |TS  0|AC  0|TAMS 0x000000040ec00000, 0x000000040ec00000|
| 221|0x000000040f000000, 0x000000040f000000, 0x000000040f400000|  0%| F|  |TS  0|AC  0|TAMS 0x000000040f000000, 0x000000040f000000|
| 222|0x000000040f400000, 0x000000040f400000, 0x000000040f800000|  0%| F|  |TS  0|AC  0|TAMS 0x000000040f400000, 0x000000040f400000|
| 223|0x000000040f800000, 0x000000040f800000, 0x000000040fc00000|  0%| F|  |TS  0|AC  0|TAMS 0x000000040f800000, 0x000000040f800000|
| 224|0x000000040fc00000, 0x000000040fc00000, 0x0000000410000000|  0%| F|  |TS  0|AC  0|TAMS 0x000000040fc00000, 0x000000040fc00000|
| 225|0x0000000410000000, 0x0000000410000000, 0x0000000410400000|  0%| F|  |TS  0|AC  0|TAMS 0x0000000410000000, 0x0000000410000000|
| 226|0x0000000410400000, 0x0000000410400000, 0x0000000410800000|  0%| F|  |TS  0|AC  0|TAMS 0x0000000410400000, 0x0000000410400000|
| 227|0x0000000410800000, 0x0000000410800000, 0x0000000410c00000|  0%| F|  |TS  0|AC  0|TAMS 0x0000000410800000, 0x0000000410800000|
| 228|0x0000000410c00000, 0x0000000410c00000, 0x0000000411000000|  0%| F|  |TS  0|AC  0|TAMS 0x0000000410c00000, 0x0000000410c00000|
| 229|0x0000000411000000, 0x0000000411000000, 0x0000000411400000|  0%| F|  |TS  0|AC  0|TAMS 0x0000000411000000, 0x0000000411000000|
| 230|0x0000000411400000, 0x0000000411400000, 0x0000000411800000|  0%| F|  |TS  0|AC  0|TAMS 0x0000000411400000, 0x0000000411400000|
| 231|0x0000000411800000, 0x0000000411800000, 0x0000000411c00000|  0%| F|  |TS  0|AC  0|TAMS 0x0000000411800000, 0x0000000411800000|
| 232|0x0000000411c00000, 0x0000000411c00000, 0x0000000412000000|  0%| F|  |TS  0|AC  0|TAMS 0x0000000411c00000, 0x0000000411c00000|
| 233|0x0000000412000000, 0x0000000412000000, 0x0000000412400000|  0%| F|  |TS  0|AC  0|TAMS 0x0000000412000000, 0x0000000412000000|
| 234|0x0000000412400000, 0x0000000412400000, 0x0000000412800000|  0%| F|  |TS  0|AC  0|TAMS 0x0000000412400000, 0x0000000412400000|
| 235|0x0000000412800000, 0x0000000412800000, 0x0000000412c00000|  0%| F|  |TS  0|AC  0|TAMS 0x0000000412800000, 0x0000000412800000|
| 236|0x0000000412c00000, 0x0000000412c00000, 0x0000000413000000|  0%| F|  |TS  0|AC  0|TAMS 0x0000000412c00000, 0x0000000412c00000|
| 237|0x0000000413000000, 0x0000000413000000, 0x0000000413400000|  0%| F|  |TS  0|AC  0|TAMS 0x0000000413000000, 0x0000000413000000|
| 238|0x0000000413400000, 0x0000000413400000, 0x0000000413800000|  0%| F|  |TS  0|AC  0|TAMS 0x0000000413400000, 0x0000000413400000|
| 239|0x0000000413800000, 0x0000000413800000, 0x0000000413c00000|  0%| F|  |TS  0|AC  0|TAMS 0x0000000413800000, 0x0000000413800000|
| 240|0x0000000413c00000, 0x0000000413c00000, 0x0000000414000000|  0%| F|  |TS  0|AC  0|TAMS 0x0000000413c00000, 0x0000000413c00000|
| 241|0x0000000414000000, 0x0000000414000000, 0x0000000414400000|  0%| F|  |TS  0|AC  0|TAMS 0x0000000414000000, 0x0000000414000000|
| 242|0x0000000414400000, 0x0000000414400000, 0x0000000414800000|  0%| F|  |TS  0|AC  0|TAMS 0x0000000414400000, 0x0000000414400000|
| 243|0x0000000414800000, 0x0000000414800000, 0x0000000414c00000|  0%| F|  |TS  0|AC  0|TAMS 0x0000000414800000, 0x0000000414800000|
| 244|0x0000000414c00000, 0x0000000414c00000, 0x0000000415000000|  0%| F|  |TS  0|AC  0|TAMS 0x0000000414c00000, 0x0000000414c00000|
| 245|0x0000000415000000, 0x0000000415000000, 0x0000000415400000|  0%| F|  |TS  0|AC  0|TAMS 0x0000000415000000, 0x0000000415000000|
| 246|0x0000000415400000, 0x0000000415400000, 0x0000000415800000|  0%| F|  |TS  0|AC  0|TAMS 0x0000000415400000, 0x0000000415400000|
| 247|0x0000000415800000, 0x0000000415800000, 0x0000000415c00000|  0%| F|  |TS  0|AC  0|TAMS 0x0000000415800000, 0x0000000415800000|
| 248|0x0000000415c00000, 0x0000000415fd7960, 0x0000000416000000| 96%| E|  |TS  0|AC  0|TAMS 0x0000000415c00000, 0x0000000415c00000|
| 249|0x0000000416000000, 0x0000000416400000, 0x0000000416400000|100%| E|CS|TS  0|AC  0|TAMS 0x0000000416000000, 0x0000000416000000|
| 250|0x0000000416400000, 0x0000000416800000, 0x0000000416800000|100%| E|CS|TS  0|AC  0|TAMS 0x0000000416400000, 0x0000000416400000|

Card table byte_map: [0x00007f40d417c000,0x00007f40d60be000] byte_map_base: 0x00007f40d22be000

Marking Bits (Prev, Next): (CMBitMap*) 0x00007f419c09e820, (CMBitMap*) 0x00007f419c09e858
 Prev Bits: [0x00007f40c282a000, 0x00007f40d223a000)
 Next Bits: [0x00007f40b2e1a000, 0x00007f40c282a000)

Polling page: 0x00007f41a46bb000

CodeHeap 'non-profiled nmethods': size=119172Kb used=168Kb max_used=168Kb free=119004Kb
 bounds [0x00007f41896e2000, 0x00007f4189952000, 0x00007f4190b43000]
CodeHeap 'profiled nmethods': size=119172Kb used=362Kb max_used=362Kb free=118810Kb
 bounds [0x00007f4182281000, 0x00007f41824f1000, 0x00007f41896e2000]
CodeHeap 'non-nmethods': size=7416Kb used=2826Kb max_used=2860Kb free=4589Kb
 bounds [0x00007f4181b43000, 0x00007f4181e13000, 0x00007f4182281000]
 total_blobs=650 nmethods=265 adapters=168
 compilation: enabled

Compilation events (10 events):
Event: 0.264 Thread 0x00007f419c2b6000 nmethod 258 0x00007f41896f9090 code [0x00007f41896f92c0, 0x00007f41896fa068]
Event: 0.269 Thread 0x00007f419c2b1000 nmethod 256 0x00007f41896fa690 code [0x00007f41896fa900, 0x00007f41896fb9c8]
Event: 0.280 Thread 0x00007f419c2b2800 nmethod 263 0x00007f41896fc290 code [0x00007f41896fc4e0, 0x00007f41896fd6d8]
Event: 0.286 Thread 0x00007f419c2af000 nmethod 255 0x00007f41896fe210 code [0x00007f41896fe480, 0x00007f41896ff888]
Event: 0.299 Thread 0x00007f419c2ad000 nmethod 252 0x00007f4189700210 code [0x00007f4189700440, 0x00007f4189700e88]
Event: 0.305 Thread 0x00007f419c2b8000 nmethod 264 0x00007f4189701810 code [0x00007f4189701b20, 0x00007f4189703f60]
Event: 0.331 Thread 0x00007f419c2b9800 nmethod 262 0x00007f4189705190 code [0x00007f4189705620, 0x00007f41897099a8]
Event: 0.332 Thread 0x00007f419c2b4800  265       4       java.io.FileDescriptor$1::getAppend (5 bytes)
Event: 0.332 Thread 0x00007f419c2b4800 nmethod 265 0x00007f418970bd10 code [0x00007f418970bea0, 0x00007f418970bf18]
Event: 0.444 Thread 0x00007f419c2c1000  266 %     3       org.eclipse.core.runtime.adaptor.EclipseStarter::main @ 1112 (1423 bytes)

GC Heap History (0 events):
No events

Deoptimization events (0 events):
No events

Classes redefined (0 events):
No events

Internal exceptions (0 events):
No events

Events (10 events):
Event: 0.250 Thread 0x00007f419c011800 DEOPT PACKING pc=0x00007f41822bc2a4 sp=0x00007f41a2d661b0
Event: 0.250 Thread 0x00007f419c011800 DEOPT UNPACKING pc=0x00007f4181b90aab sp=0x00007f41a2d65798 mode 0
Event: 0.250 Thread 0x00007f419c011800 DEOPT PACKING pc=0x00007f41822bc2a4 sp=0x00007f41a2d661b0
Event: 0.250 Thread 0x00007f419c011800 DEOPT UNPACKING pc=0x00007f4181b90aab sp=0x00007f41a2d65798 mode 0
Event: 0.252 Thread 0x00007f419c011800 DEOPT PACKING pc=0x00007f41822bc2a4 sp=0x00007f41a2d66220
Event: 0.252 Thread 0x00007f419c011800 DEOPT UNPACKING pc=0x00007f4181b90aab sp=0x00007f41a2d65808 mode 0
Event: 0.254 Thread 0x00007f419c011800 DEOPT PACKING pc=0x00007f41822bc2a4 sp=0x00007f41a2d66360
Event: 0.254 Thread 0x00007f419c011800 DEOPT UNPACKING pc=0x00007f4181b90aab sp=0x00007f41a2d65948 mode 0
Event: 0.254 Thread 0x00007f419c011800 DEOPT PACKING pc=0x00007f41822bc2a4 sp=0x00007f41a2d66410
Event: 0.254 Thread 0x00007f419c011800 DEOPT UNPACKING pc=0x00007f4181b90aab sp=0x00007f41a2d659f8 mode 0


Dynamic libraries:
00400000-00401000 r-xp 00000000 00:65 77077150                           /root/oracle/jdk-9.0.4/bin/java
00600000-00601000 rw-p 00000000 00:65 77077150                           /root/oracle/jdk-9.0.4/bin/java
01907000-01928000 rw-p 00000000 00:00 0                                  [heap]
3d7c00000-416800000 rw-p 00000000 00:00 0 
416800000-7c0000000 ---p 00000000 00:00 0 
7c0000000-7c0080000 rw-p 00000000 00:00 0 
7c0080000-800000000 ---p 00000000 00:00 0 
7f4044000000-7f4044021000 rw-p 00000000 00:00 0 
7f4044021000-7f4048000000 ---p 00000000 00:00 0 
7f4048000000-7f4048021000 rw-p 00000000 00:00 0 
7f4048021000-7f404c000000 ---p 00000000 00:00 0 
7f404c000000-7f404c021000 rw-p 00000000 00:00 0 
7f404c021000-7f4050000000 ---p 00000000 00:00 0 
7f4050000000-7f4050021000 rw-p 00000000 00:00 0 
7f4050021000-7f4054000000 ---p 00000000 00:00 0 
7f4054000000-7f4054033000 rw-p 00000000 00:00 0 
7f4054033000-7f4058000000 ---p 00000000 00:00 0 
7f4058000000-7f4058045000 rw-p 00000000 00:00 0 
7f4058045000-7f405c000000 ---p 00000000 00:00 0 
7f405c000000-7f405c088000 rw-p 00000000 00:00 0 
7f405c088000-7f4060000000 ---p 00000000 00:00 0 
7f4060000000-7f4060044000 rw-p 00000000 00:00 0 
7f4060044000-7f4064000000 ---p 00000000 00:00 0 
7f4064000000-7f40641eb000 rw-p 00000000 00:00 0 
7f40641eb000-7f4068000000 ---p 00000000 00:00 0 
7f4068000000-7f4068432000 rw-p 00000000 00:00 0 
7f4068432000-7f406c000000 ---p 00000000 00:00 0 
7f406c000000-7f406c0a5000 rw-p 00000000 00:00 0 
7f406c0a5000-7f4070000000 ---p 00000000 00:00 0 
7f4070000000-7f407023e000 rw-p 00000000 00:00 0 
7f407023e000-7f4074000000 ---p 00000000 00:00 0 
7f4074000000-7f40741a3000 rw-p 00000000 00:00 0 
7f40741a3000-7f4078000000 ---p 00000000 00:00 0 
7f4078000000-7f4078187000 rw-p 00000000 00:00 0 
7f4078187000-7f407c000000 ---p 00000000 00:00 0 
7f407c000000-7f407c117000 rw-p 00000000 00:00 0 
7f407c117000-7f4080000000 ---p 00000000 00:00 0 
7f4080000000-7f40801ab000 rw-p 00000000 00:00 0 
7f40801ab000-7f4084000000 ---p 00000000 00:00 0 
7f4084000000-7f4084021000 rw-p 00000000 00:00 0 
7f4084021000-7f4088000000 ---p 00000000 00:00 0 
7f408a798000-7f408aac6000 rw-p 00000000 00:00 0 
7f408aac6000-7f408aac7000 ---p 00000000 00:00 0 
7f408aac7000-7f408abc8000 rw-p 00000000 00:00 0 
7f408abc8000-7f408abcc000 ---p 00000000 00:00 0 
7f408abcc000-7f408acc9000 rw-p 00000000 00:00 0 
7f408acc9000-7f408accd000 ---p 00000000 00:00 0 
7f408accd000-7f408adca000 rw-p 00000000 00:00 0 
7f408adca000-7f408ade0000 r-xp 00000000 00:65 77077477                   /root/oracle/jdk-9.0.4/lib/libnet.so
7f408ade0000-7f408afe0000 ---p 00016000 00:65 77077477                   /root/oracle/jdk-9.0.4/lib/libnet.so
7f408afe0000-7f408afe1000 rw-p 00016000 00:65 77077477                   /root/oracle/jdk-9.0.4/lib/libnet.so
7f408afe1000-7f408aff1000 r-xp 00000000 00:65 77077594                   /root/oracle/jdk-9.0.4/lib/libnio.so
7f408aff1000-7f408b1f1000 ---p 00010000 00:65 77077594                   /root/oracle/jdk-9.0.4/lib/libnio.so
7f408b1f1000-7f408b1f2000 rw-p 00010000 00:65 77077594                   /root/oracle/jdk-9.0.4/lib/libnio.so
7f408b1f2000-7f408b1f6000 ---p 00000000 00:00 0 
7f408b1f6000-7f408b2f3000 rw-p 00000000 00:00 0 
7f408b2f3000-7f408b2f7000 ---p 00000000 00:00 0 
7f408b2f7000-7f408b3f4000 rw-p 00000000 00:00 0 
7f408b3f4000-7f408b3f8000 ---p 00000000 00:00 0 
7f408b3f8000-7f408b4f5000 rw-p 00000000 00:00 0 
7f408b4f5000-7f408b4f9000 ---p 00000000 00:00 0 
7f408b4f9000-7f408b5f6000 rw-p 00000000 00:00 0 
7f408b5f6000-7f408b5fa000 ---p 00000000 00:00 0 
7f408b5fa000-7f408b6f7000 rw-p 00000000 00:00 0 
7f408b6f7000-7f408b6fb000 ---p 00000000 00:00 0 
7f408b6fb000-7f408b7f8000 rw-p 00000000 00:00 0 
7f408b7f8000-7f408b7fc000 ---p 00000000 00:00 0 
7f408b7fc000-7f408b8f9000 rw-p 00000000 00:00 0 
7f408b8f9000-7f408b8fd000 ---p 00000000 00:00 0 
7f408b8fd000-7f408b9fa000 rw-p 00000000 00:00 0 
7f408b9fa000-7f408b9fe000 ---p 00000000 00:00 0 
7f408b9fe000-7f408bafb000 rw-p 00000000 00:00 0 
7f408bafb000-7f408baff000 ---p 00000000 00:00 0 
7f408baff000-7f408bbfc000 rw-p 00000000 00:00 0 
7f408bbfc000-7f408bc00000 ---p 00000000 00:00 0 
7f408bc00000-7f408bcfd000 rw-p 00000000 00:00 0 
7f408bcfd000-7f408bd01000 ---p 00000000 00:00 0 
7f408bd01000-7f408bdfe000 rw-p 00000000 00:00 0 
7f408bdfe000-7f408be02000 ---p 00000000 00:00 0 
7f408be02000-7f408beff000 rw-p 00000000 00:00 0 
7f408beff000-7f408bf03000 ---p 00000000 00:00 0 
7f408bf03000-7f408c000000 rw-p 00000000 00:00 0 
7f408c000000-7f408c021000 rw-p 00000000 00:00 0 
7f408c021000-7f4090000000 ---p 00000000 00:00 0 
7f4090000000-7f4090021000 rw-p 00000000 00:00 0 
7f4090021000-7f4094000000 ---p 00000000 00:00 0 
7f4094000000-7f4094021000 rw-p 00000000 00:00 0 
7f4094021000-7f4098000000 ---p 00000000 00:00 0 
7f4098000000-7f4098021000 rw-p 00000000 00:00 0 
7f4098021000-7f409c000000 ---p 00000000 00:00 0 
7f409c000000-7f409c021000 rw-p 00000000 00:00 0 
7f409c021000-7f40a0000000 ---p 00000000 00:00 0 
7f40a0000000-7f40a0021000 rw-p 00000000 00:00 0 
7f40a0021000-7f40a4000000 ---p 00000000 00:00 0 
7f40a4000000-7f40a4021000 rw-p 00000000 00:00 0 
7f40a4021000-7f40a8000000 ---p 00000000 00:00 0 
7f40a8000000-7f40a8021000 rw-p 00000000 00:00 0 
7f40a8021000-7f40ac000000 ---p 00000000 00:00 0 
7f40ac000000-7f40ac021000 rw-p 00000000 00:00 0 
7f40ac021000-7f40b0000000 ---p 00000000 00:00 0 
7f40b006d000-7f40b009e000 rw-p 00000000 00:00 0 
7f40b009e000-7f40b00a2000 ---p 00000000 00:00 0 
7f40b00a2000-7f40b019f000 rw-p 00000000 00:00 0 
7f40b019f000-7f40b01a3000 ---p 00000000 00:00 0 
7f40b01a3000-7f40b02a0000 rw-p 00000000 00:00 0 
7f40b02a0000-7f40b02a1000 ---p 00000000 00:00 0 
7f40b02a1000-7f40b0858000 rw-p 00000000 00:00 0 
7f40b0858000-7f40b0c18000 ---p 00000000 00:00 0 
7f40b0c18000-7f40b0e1a000 rw-p 00000000 00:00 0 
7f40b0e1a000-7f40b2e1a000 rwxp 00000000 00:00 0 
7f40b2e1a000-7f40b3dca000 rw-p 00000000 00:00 0 
7f40b3dca000-7f40c282a000 ---p 00000000 00:00 0 
7f40c282a000-7f40c37da000 rw-p 00000000 00:00 0 
7f40c37da000-7f40d223a000 ---p 00000000 00:00 0 
7f40d223a000-7f40d2430000 rw-p 00000000 00:00 0 
7f40d2430000-7f40d417c000 ---p 00000000 00:00 0 
7f40d417c000-7f40d4372000 rw-p 00000000 00:00 0 
7f40d4372000-7f40d8000000 ---p 00000000 00:00 0 
7f40d8000000-7f40d8021000 rw-p 00000000 00:00 0 
7f40d8021000-7f40dc000000 ---p 00000000 00:00 0 
7f40dc000000-7f40dc021000 rw-p 00000000 00:00 0 
7f40dc021000-7f40e0000000 ---p 00000000 00:00 0 
7f40e0000000-7f40e0021000 rw-p 00000000 00:00 0 
7f40e0021000-7f40e4000000 ---p 00000000 00:00 0 
7f40e4000000-7f40e4021000 rw-p 00000000 00:00 0 
7f40e4021000-7f40e8000000 ---p 00000000 00:00 0 
7f40e802c000-7f40e92c1000 rw-p 00000000 00:00 0 
7f40e92c1000-7f40e92c2000 ---p 00000000 00:00 0 
7f40e92c2000-7f40e93c3000 rw-p 00000000 00:00 0 
7f40e93c3000-7f40e93c4000 ---p 00000000 00:00 0 
7f40e93c4000-7f40e94c5000 rw-p 00000000 00:00 0 
7f40e94c5000-7f40e94c6000 ---p 00000000 00:00 0 
7f40e94c6000-7f40e95c7000 rw-p 00000000 00:00 0 
7f40e95c7000-7f40e95c8000 ---p 00000000 00:00 0 
7f40e95c8000-7f40e96c9000 rw-p 00000000 00:00 0 
7f40e96c9000-7f40e96ca000 ---p 00000000 00:00 0 
7f40e96ca000-7f40e97cb000 rw-p 00000000 00:00 0 
7f40e97cb000-7f40e97cc000 ---p 00000000 00:00 0 
7f40e97cc000-7f40e9fae000 rw-p 00000000 00:00 0 
7f40e9fae000-7f40ebcfa000 ---p 00000000 00:00 0 
7f40ebcfa000-7f40ebcfb000 ---p 00000000 00:00 0 
7f40ebcfb000-7f40ebdfc000 rw-p 00000000 00:00 0 
7f40ebdfc000-7f40ebdfd000 ---p 00000000 00:00 0 
7f40ebdfd000-7f40ebefe000 rw-p 00000000 00:00 0 
7f40ebefe000-7f40ebeff000 ---p 00000000 00:00 0 
7f40ebeff000-7f40ec000000 rw-p 00000000 00:00 0 
7f40ec000000-7f40ec021000 rw-p 00000000 00:00 0 
7f40ec021000-7f40f0000000 ---p 00000000 00:00 0 
7f40f0000000-7f40f0021000 rw-p 00000000 00:00 0 
7f40f0021000-7f40f4000000 ---p 00000000 00:00 0 
7f40f4000000-7f40f4021000 rw-p 00000000 00:00 0 
7f40f4021000-7f40f8000000 ---p 00000000 00:00 0 
7f40f8000000-7f40f8021000 rw-p 00000000 00:00 0 
7f40f8021000-7f40fc000000 ---p 00000000 00:00 0 
7f40fc000000-7f40fc021000 rw-p 00000000 00:00 0 
7f40fc021000-7f4100000000 ---p 00000000 00:00 0 
7f4100000000-7f4100021000 rw-p 00000000 00:00 0 
7f4100021000-7f4104000000 ---p 00000000 00:00 0 
7f4104000000-7f4104021000 rw-p 00000000 00:00 0 
7f4104021000-7f4108000000 ---p 00000000 00:00 0 
7f4108000000-7f4108021000 rw-p 00000000 00:00 0 
7f4108021000-7f410c000000 ---p 00000000 00:00 0 
7f410c000000-7f410c021000 rw-p 00000000 00:00 0 
7f410c021000-7f4110000000 ---p 00000000 00:00 0 
7f4110000000-7f4110021000 rw-p 00000000 00:00 0 
7f4110021000-7f4114000000 ---p 00000000 00:00 0 
7f4114000000-7f4114021000 rw-p 00000000 00:00 0 
7f4114021000-7f4118000000 ---p 00000000 00:00 0 
7f4118000000-7f4118021000 rw-p 00000000 00:00 0 
7f4118021000-7f411c000000 ---p 00000000 00:00 0 
7f411c000000-7f411c021000 rw-p 00000000 00:00 0 
7f411c021000-7f4120000000 ---p 00000000 00:00 0 
7f4120000000-7f4120021000 rw-p 00000000 00:00 0 
7f4120021000-7f4124000000 ---p 00000000 00:00 0 
7f4124000000-7f4124021000 rw-p 00000000 00:00 0 
7f4124021000-7f4128000000 ---p 00000000 00:00 0 
7f4128000000-7f4128021000 rw-p 00000000 00:00 0 
7f4128021000-7f412c000000 ---p 00000000 00:00 0 
7f412c000000-7f412c021000 rw-p 00000000 00:00 0 
7f412c021000-7f4130000000 ---p 00000000 00:00 0 
7f4130000000-7f4130021000 rw-p 00000000 00:00 0 
7f4130021000-7f4134000000 ---p 00000000 00:00 0 
7f4134000000-7f4134021000 rw-p 00000000 00:00 0 
7f4134021000-7f4138000000 ---p 00000000 00:00 0 
7f4138000000-7f4138021000 rw-p 00000000 00:00 0 
7f4138021000-7f413c000000 ---p 00000000 00:00 0 
7f413c000000-7f413c021000 rw-p 00000000 00:00 0 
7f413c021000-7f4140000000 ---p 00000000 00:00 0 
7f4140000000-7f4140021000 rw-p 00000000 00:00 0 
7f4140021000-7f4144000000 ---p 00000000 00:00 0 
7f4144000000-7f4144021000 rw-p 00000000 00:00 0 
7f4144021000-7f4148000000 ---p 00000000 00:00 0 
7f4148000000-7f4148021000 rw-p 00000000 00:00 0 
7f4148021000-7f414c000000 ---p 00000000 00:00 0 
7f414c000000-7f414c021000 rw-p 00000000 00:00 0 
7f414c021000-7f4150000000 ---p 00000000 00:00 0 
7f4150000000-7f4150021000 rw-p 00000000 00:00 0 
7f4150021000-7f4154000000 ---p 00000000 00:00 0 
7f4154000000-7f4154021000 rw-p 00000000 00:00 0 
7f4154021000-7f4158000000 ---p 00000000 00:00 0 
7f4158000000-7f4158021000 rw-p 00000000 00:00 0 
7f4158021000-7f415c000000 ---p 00000000 00:00 0 
7f415c000000-7f415c021000 rw-p 00000000 00:00 0 
7f415c021000-7f4160000000 ---p 00000000 00:00 0 
7f4160000000-7f4160021000 rw-p 00000000 00:00 0 
7f4160021000-7f4164000000 ---p 00000000 00:00 0 
7f4164000000-7f4164021000 rw-p 00000000 00:00 0 
7f4164021000-7f4168000000 ---p 00000000 00:00 0 
7f4168000000-7f4168021000 rw-p 00000000 00:00 0 
7f4168021000-7f416c000000 ---p 00000000 00:00 0 
7f416c000000-7f416c021000 rw-p 00000000 00:00 0 
7f416c021000-7f4170000000 ---p 00000000 00:00 0 
7f4170000000-7f4170021000 rw-p 00000000 00:00 0 
7f4170021000-7f4174000000 ---p 00000000 00:00 0 
7f4174000000-7f4174021000 rw-p 00000000 00:00 0 
7f4174021000-7f4178000000 ---p 00000000 00:00 0 
7f4178000000-7f4178021000 rw-p 00000000 00:00 0 
7f4178021000-7f417c000000 ---p 00000000 00:00 0 
7f417c000000-7f417c021000 rw-p 00000000 00:00 0 
7f417c021000-7f4180000000 ---p 00000000 00:00 0 
7f4180016000-7f4180017000 ---p 00000000 00:00 0 
7f4180017000-7f4180118000 rw-p 00000000 00:00 0 
7f4180118000-7f4180119000 ---p 00000000 00:00 0 
7f4180119000-7f418021a000 rw-p 00000000 00:00 0 
7f418021a000-7f418021b000 ---p 00000000 00:00 0 
7f418021b000-7f418031c000 rw-p 00000000 00:00 0 
7f418031c000-7f418031d000 ---p 00000000 00:00 0 
7f418031d000-7f418041e000 rw-p 00000000 00:00 0 
7f418041e000-7f418041f000 ---p 00000000 00:00 0 
7f418041f000-7f4180520000 rw-p 00000000 00:00 0 
7f4180520000-7f4180521000 ---p 00000000 00:00 0 
7f4180521000-7f4180622000 rw-p 00000000 00:00 0 
7f4180622000-7f4180623000 ---p 00000000 00:00 0 
7f4180623000-7f4180724000 rw-p 00000000 00:00 0 
7f4180724000-7f4180725000 ---p 00000000 00:00 0 
7f4180725000-7f4180826000 rw-p 00000000 00:00 0 
7f4180826000-7f4180827000 ---p 00000000 00:00 0 
7f4180827000-7f4180928000 rw-p 00000000 00:00 0 
7f4180928000-7f4180929000 ---p 00000000 00:00 0 
7f4180929000-7f4180a2a000 rw-p 00000000 00:00 0 
7f4180a2a000-7f4180a2b000 ---p 00000000 00:00 0 
7f4180a2b000-7f4180b2c000 rw-p 00000000 00:00 0 
7f4180b2c000-7f4180b2d000 ---p 00000000 00:00 0 
7f4180b2d000-7f4180c2e000 rw-p 00000000 00:00 0 
7f4180c2e000-7f4180c2f000 ---p 00000000 00:00 0 
7f4180c2f000-7f4180d30000 rw-p 00000000 00:00 0 
7f4180d30000-7f4180d31000 ---p 00000000 00:00 0 
7f4180d31000-7f4180e32000 rw-p 00000000 00:00 0 
7f4180e32000-7f4180e33000 ---p 00000000 00:00 0 
7f4180e33000-7f4180f34000 rw-p 00000000 00:00 0 
7f4180f34000-7f4180f35000 ---p 00000000 00:00 0 
7f4180f35000-7f4181036000 rw-p 00000000 00:00 0 
7f4181036000-7f4181037000 ---p 00000000 00:00 0 
7f4181037000-7f4181138000 rw-p 00000000 00:00 0 
7f4181138000-7f4181139000 ---p 00000000 00:00 0 
7f4181139000-7f4181b43000 rw-p 00000000 00:00 0 
7f4181b43000-7f4181e13000 rwxp 00000000 00:00 0 
7f4181e13000-7f4182281000 ---p 00000000 00:00 0 
7f4182281000-7f41824f1000 rwxp 00000000 00:00 0 
7f41824f1000-7f41896e2000 ---p 00000000 00:00 0 
7f41896e2000-7f4189952000 rwxp 00000000 00:00 0 
7f4189952000-7f4190b43000 ---p 00000000 00:00 0 
7f4190b43000-7f419c000000 r--s 00000000 00:65 77077560                   /root/oracle/jdk-9.0.4/lib/modules
7f419c000000-7f419c48b000 rw-p 00000000 00:00 0 
7f419c48b000-7f41a0000000 ---p 00000000 00:00 0 
7f41a0012000-7f41a0b9b000 rw-p 00000000 00:00 0 
7f41a0b9b000-7f41a0b9c000 ---p 00000000 00:00 0 
7f41a0b9c000-7f41a0c9d000 rw-p 00000000 00:00 0 
7f41a0c9d000-7f41a0c9e000 ---p 00000000 00:00 0 
7f41a0c9e000-7f41a0d9f000 rw-p 00000000 00:00 0 
7f41a0d9f000-7f41a0da0000 ---p 00000000 00:00 0 
7f41a0da0000-7f41a0ea1000 rw-p 00000000 00:00 0 
7f41a0ea1000-7f41a0ea2000 ---p 00000000 00:00 0 
7f41a0ea2000-7f41a0fa3000 rw-p 00000000 00:00 0 
7f41a0fa3000-7f41a0fa4000 ---p 00000000 00:00 0 
7f41a0fa4000-7f41a10a5000 rw-p 00000000 00:00 0 
7f41a10a5000-7f41a10a6000 ---p 00000000 00:00 0 
7f41a10a6000-7f41a11a7000 rw-p 00000000 00:00 0 
7f41a11a7000-7f41a11a8000 ---p 00000000 00:00 0 
7f41a11a8000-7f41a12a9000 rw-p 00000000 00:00 0 
7f41a12a9000-7f41a12aa000 ---p 00000000 00:00 0 
7f41a12aa000-7f41a13ab000 rw-p 00000000 00:00 0 
7f41a13ab000-7f41a13ac000 ---p 00000000 00:00 0 
7f41a13ac000-7f41a14ad000 rw-p 00000000 00:00 0 
7f41a14ad000-7f41a14ae000 ---p 00000000 00:00 0 
7f41a14ae000-7f41a15af000 rw-p 00000000 00:00 0 
7f41a15af000-7f41a15b0000 ---p 00000000 00:00 0 
7f41a15b0000-7f41a16b1000 rw-p 00000000 00:00 0 
7f41a16b1000-7f41a16b2000 ---p 00000000 00:00 0 
7f41a16b2000-7f41a17b3000 rw-p 00000000 00:00 0 
7f41a17b3000-7f41a17b4000 ---p 00000000 00:00 0 
7f41a17b4000-7f41a18b5000 rw-p 00000000 00:00 0 
7f41a18b5000-7f41a18b6000 ---p 00000000 00:00 0 
7f41a18b6000-7f41a19b7000 rw-p 00000000 00:00 0 
7f41a19b7000-7f41a19b8000 ---p 00000000 00:00 0 
7f41a19b8000-7f41a1ab9000 rw-p 00000000 00:00 0 
7f41a1ab9000-7f41a1aba000 ---p 00000000 00:00 0 
7f41a1aba000-7f41a1bbb000 rw-p 00000000 00:00 0 
7f41a1bbb000-7f41a1bbc000 ---p 00000000 00:00 0 
7f41a1bbc000-7f41a1cbd000 rw-p 00000000 00:00 0 
7f41a1cbd000-7f41a1cbe000 ---p 00000000 00:00 0 
7f41a1cbe000-7f41a1dbf000 rw-p 00000000 00:00 0 
7f41a1dbf000-7f41a1dc0000 ---p 00000000 00:00 0 
7f41a1dc0000-7f41a1ec1000 rw-p 00000000 00:00 0 
7f41a1ec1000-7f41a1ec2000 ---p 00000000 00:00 0 
7f41a1ec2000-7f41a1fc8000 rw-p 00000000 00:00 0 
7f41a1fc8000-7f41a20ac000 ---p 00000000 00:00 0 
7f41a20ac000-7f41a20b1000 rw-p 00000000 00:00 0 
7f41a20b1000-7f41a2195000 ---p 00000000 00:00 0 
7f41a2195000-7f41a219b000 rw-p 00000000 00:00 0 
7f41a219b000-7f41a21a4000 ---p 00000000 00:00 0 
7f41a21a4000-7f41a21f4000 rw-p 00000000 00:00 0 
7f41a21f4000-7f41a23d1000 r--s 03e31000 00:65 101727669                  /usr/local/java/jdk1.8.0_301/jre/lib/rt.jar
7f41a23d1000-7f41a23eb000 r-xp 00000000 00:65 77077435                   /root/oracle/jdk-9.0.4/lib/libjimage.so
7f41a23eb000-7f41a25ea000 ---p 0001a000 00:65 77077435                   /root/oracle/jdk-9.0.4/lib/libjimage.so
7f41a25ea000-7f41a25ec000 rw-p 00019000 00:65 77077435                   /root/oracle/jdk-9.0.4/lib/libjimage.so
7f41a25ec000-7f41a25fe000 rw-p 00000000 00:00 0 
7f41a25fe000-7f41a2605000 r-xp 00000000 00:65 77083131                   /root/oracle/jdk-9.0.4/lib/libzip.so
7f41a2605000-7f41a2804000 ---p 00007000 00:65 77083131                   /root/oracle/jdk-9.0.4/lib/libzip.so
7f41a2804000-7f41a2805000 rw-p 00006000 00:65 77083131                   /root/oracle/jdk-9.0.4/lib/libzip.so
7f41a2805000-7f41a2808000 r--p 00000000 00:65 165034530                  /usr/lib/x86_64-linux-gnu/libnss_files-2.31.so
7f41a2808000-7f41a280f000 r-xp 00003000 00:65 165034530                  /usr/lib/x86_64-linux-gnu/libnss_files-2.31.so
7f41a280f000-7f41a2811000 r--p 0000a000 00:65 165034530                  /usr/lib/x86_64-linux-gnu/libnss_files-2.31.so
7f41a2811000-7f41a2812000 r--p 0000b000 00:65 165034530                  /usr/lib/x86_64-linux-gnu/libnss_files-2.31.so
7f41a2812000-7f41a2813000 rw-p 0000c000 00:65 165034530                  /usr/lib/x86_64-linux-gnu/libnss_files-2.31.so
7f41a2813000-7f41a2819000 rw-p 00000000 00:00 0 
7f41a2821000-7f41a2822000 rw-p 00000000 00:00 0 
7f41a2822000-7f41a284d000 r-xp 00000000 00:65 77077470                   /root/oracle/jdk-9.0.4/lib/libjava.so
7f41a284d000-7f41a2a4c000 ---p 0002b000 00:65 77077470                   /root/oracle/jdk-9.0.4/lib/libjava.so
7f41a2a4c000-7f41a2a4e000 rw-p 0002a000 00:65 77077470                   /root/oracle/jdk-9.0.4/lib/libjava.so
7f41a2a4e000-7f41a2a5b000 r-xp 00000000 00:65 77077494                   /root/oracle/jdk-9.0.4/lib/libverify.so
7f41a2a5b000-7f41a2c5a000 ---p 0000d000 00:65 77077494                   /root/oracle/jdk-9.0.4/lib/libverify.so
7f41a2c5a000-7f41a2c5c000 rw-p 0000c000 00:65 77077494                   /root/oracle/jdk-9.0.4/lib/libverify.so
7f41a2c5c000-7f41a2c5f000 r--p 00000000 00:65 165034636                  /usr/lib/x86_64-linux-gnu/librt-2.31.so
7f41a2c5f000-7f41a2c63000 r-xp 00003000 00:65 165034636                  /usr/lib/x86_64-linux-gnu/librt-2.31.so
7f41a2c63000-7f41a2c64000 r--p 00007000 00:65 165034636                  /usr/lib/x86_64-linux-gnu/librt-2.31.so
7f41a2c64000-7f41a2c65000 ---p 00008000 00:65 165034636                  /usr/lib/x86_64-linux-gnu/librt-2.31.so
7f41a2c65000-7f41a2c66000 r--p 00008000 00:65 165034636                  /usr/lib/x86_64-linux-gnu/librt-2.31.so
7f41a2c66000-7f41a2c67000 rw-p 00009000 00:65 165034636                  /usr/lib/x86_64-linux-gnu/librt-2.31.so
7f41a2c67000-7f41a2c68000 ---p 00000000 00:00 0 
7f41a2c68000-7f41a2c69000 rw-p 00000000 00:00 0 
7f41a2c69000-7f41a2c6d000 ---p 00000000 00:00 0 
7f41a2c6d000-7f41a2d68000 rw-p 00000000 00:00 0 
7f41a2d68000-7f41a2d77000 r--p 00000000 00:65 165034468                  /usr/lib/x86_64-linux-gnu/libm-2.31.so
7f41a2d77000-7f41a2e1e000 r-xp 0000f000 00:65 165034468                  /usr/lib/x86_64-linux-gnu/libm-2.31.so
7f41a2e1e000-7f41a2eb5000 r--p 000b6000 00:65 165034468                  /usr/lib/x86_64-linux-gnu/libm-2.31.so
7f41a2eb5000-7f41a2eb6000 r--p 0014c000 00:65 165034468                  /usr/lib/x86_64-linux-gnu/libm-2.31.so
7f41a2eb6000-7f41a2eb7000 rw-p 0014d000 00:65 165034468                  /usr/lib/x86_64-linux-gnu/libm-2.31.so
7f41a2eb7000-7f41a3ecc000 r-xp 00000000 00:65 77083135                   /root/oracle/jdk-9.0.4/lib/server/libjvm.so
7f41a3ecc000-7f41a40cb000 ---p 01015000 00:65 77083135                   /root/oracle/jdk-9.0.4/lib/server/libjvm.so
7f41a40cb000-7f41a419c000 r--p 01014000 00:65 77083135                   /root/oracle/jdk-9.0.4/lib/server/libjvm.so
7f41a419c000-7f41a41d3000 rw-p 010e5000 00:65 77083135                   /root/oracle/jdk-9.0.4/lib/server/libjvm.so
7f41a41d3000-7f41a423e000 rw-p 00000000 00:00 0 
7f41a423e000-7f41a4263000 r--p 00000000 00:65 165034165                  /usr/lib/x86_64-linux-gnu/libc-2.31.so
7f41a4263000-7f41a43db000 r-xp 00025000 00:65 165034165                  /usr/lib/x86_64-linux-gnu/libc-2.31.so
7f41a43db000-7f41a4425000 r--p 0019d000 00:65 165034165                  /usr/lib/x86_64-linux-gnu/libc-2.31.so
7f41a4425000-7f41a4426000 ---p 001e7000 00:65 165034165                  /usr/lib/x86_64-linux-gnu/libc-2.31.so
7f41a4426000-7f41a4429000 r--p 001e7000 00:65 165034165                  /usr/lib/x86_64-linux-gnu/libc-2.31.so
7f41a4429000-7f41a442c000 rw-p 001ea000 00:65 165034165                  /usr/lib/x86_64-linux-gnu/libc-2.31.so
7f41a442c000-7f41a4430000 rw-p 00000000 00:00 0 
7f41a4430000-7f41a4431000 r--p 00000000 00:65 165034236                  /usr/lib/x86_64-linux-gnu/libdl-2.31.so
7f41a4431000-7f41a4433000 r-xp 00001000 00:65 165034236                  /usr/lib/x86_64-linux-gnu/libdl-2.31.so
7f41a4433000-7f41a4434000 r--p 00003000 00:65 165034236                  /usr/lib/x86_64-linux-gnu/libdl-2.31.so
7f41a4434000-7f41a4435000 r--p 00003000 00:65 165034236                  /usr/lib/x86_64-linux-gnu/libdl-2.31.so
7f41a4435000-7f41a4436000 rw-p 00004000 00:65 165034236                  /usr/lib/x86_64-linux-gnu/libdl-2.31.so
7f41a4436000-7f41a4444000 r-xp 00000000 00:65 77083142                   /root/oracle/jdk-9.0.4/lib/jli/libjli.so
7f41a4444000-7f41a4644000 ---p 0000e000 00:65 77083142                   /root/oracle/jdk-9.0.4/lib/jli/libjli.so
7f41a4644000-7f41a4645000 rw-p 0000e000 00:65 77083142                   /root/oracle/jdk-9.0.4/lib/jli/libjli.so
7f41a4645000-7f41a464c000 r--p 00000000 00:65 165034610                  /usr/lib/x86_64-linux-gnu/libpthread-2.31.so
7f41a464c000-7f41a465d000 r-xp 00007000 00:65 165034610                  /usr/lib/x86_64-linux-gnu/libpthread-2.31.so
7f41a465d000-7f41a4662000 r--p 00018000 00:65 165034610                  /usr/lib/x86_64-linux-gnu/libpthread-2.31.so
7f41a4662000-7f41a4663000 r--p 0001c000 00:65 165034610                  /usr/lib/x86_64-linux-gnu/libpthread-2.31.so
7f41a4663000-7f41a4664000 rw-p 0001d000 00:65 165034610                  /usr/lib/x86_64-linux-gnu/libpthread-2.31.so
7f41a4664000-7f41a4668000 rw-p 00000000 00:00 0 
7f41a4668000-7f41a466a000 r--p 00000000 00:65 165034796                  /usr/lib/x86_64-linux-gnu/libz.so.1.2.11
7f41a466a000-7f41a467b000 r-xp 00002000 00:65 165034796                  /usr/lib/x86_64-linux-gnu/libz.so.1.2.11
7f41a467b000-7f41a4681000 r--p 00013000 00:65 165034796                  /usr/lib/x86_64-linux-gnu/libz.so.1.2.11
7f41a4681000-7f41a4682000 ---p 00019000 00:65 165034796                  /usr/lib/x86_64-linux-gnu/libz.so.1.2.11
7f41a4682000-7f41a4683000 r--p 00019000 00:65 165034796                  /usr/lib/x86_64-linux-gnu/libz.so.1.2.11
7f41a4683000-7f41a4684000 rw-p 0001a000 00:65 165034796                  /usr/lib/x86_64-linux-gnu/libz.so.1.2.11
7f41a4684000-7f41a468c000 rw-s 00000000 00:65 71965686                   /tmp/hsperfdata_root/28096
7f41a468c000-7f41a468f000 rw-p 00000000 00:00 0 
7f41a468f000-7f41a4690000 r--p 00000000 00:65 165033992                  /usr/lib/x86_64-linux-gnu/ld-2.31.so
7f41a4690000-7f41a46b3000 r-xp 00001000 00:65 165033992                  /usr/lib/x86_64-linux-gnu/ld-2.31.so
7f41a46b3000-7f41a46bb000 r--p 00024000 00:65 165033992                  /usr/lib/x86_64-linux-gnu/ld-2.31.so
7f41a46bb000-7f41a46bc000 r--p 00000000 00:00 0 
7f41a46bc000-7f41a46bd000 r--p 0002c000 00:65 165033992                  /usr/lib/x86_64-linux-gnu/ld-2.31.so
7f41a46bd000-7f41a46be000 rw-p 0002d000 00:65 165033992                  /usr/lib/x86_64-linux-gnu/ld-2.31.so
7f41a46be000-7f41a46bf000 rw-p 00000000 00:00 0 
7fff90135000-7fff90156000 rw-p 00000000 00:00 0                          [stack]
7fff9019c000-7fff9019f000 r--p 00000000 00:00 0                          [vvar]
7fff9019f000-7fff901a0000 r-xp 00000000 00:00 0                          [vdso]
ffffffffff600000-ffffffffff601000 --xp 00000000 00:00 0                  [vsyscall]

VM Arguments:
jvm_args: -Xbootclasspath/a:/usr/local/java/jdk1.8.0_301/jre/lib/rt.jar -Xverify:none 
java_command: org.eclipse.core.runtime.adaptor.EclipseStarter -debug
java_class_path (initial): ./sootOutput/eclipse/
Launcher Type: SUN_STANDARD

Logging:
Log output configuration:
#0: stdout all=warning uptime,level,tags
#1: stderr all=off uptime,level,tags

Environment Variables:
JAVA_HOME=/root/oracle/jdk-9.0.4
JRE_HOME=/root/oracle/jdk-9.0.4
CLASSPATH=.:/root/oracle/jdk-9.0.4/lib:/JVMfuzzing/htm/CFSynthesis/resource/commons-lang3-3.12.0/commons-lang3-3.12.0.jar
PATH=/root/oracle/jdk-9.0.4/bin:/root/.vscode-server/bin/da76f93349a72022ca4670c1b84860304616aaa2/bin/remote-cli:/root/oracle/jdk-9.0.4/bin:/usr/local/sbin:/usr/local/bin:/usr/sbin:/usr/bin:/sbin:/bin:/usr/games:/usr/local/games:/snap/bin
SHELL=/bin/bash

Signal Handlers:
SIGSEGV: [libjvm.so+0xd4d370], sa_mask[0]=11111111011111111101111111111110, sa_flags=SA_RESTART|SA_SIGINFO
SIGBUS: [libjvm.so+0xd4d370], sa_mask[0]=11111111011111111101111111111110, sa_flags=SA_RESTART|SA_SIGINFO
SIGFPE: [libjvm.so+0xd4d370], sa_mask[0]=11111111011111111101111111111110, sa_flags=SA_RESTART|SA_SIGINFO
SIGPIPE: [libjvm.so+0xb64780], sa_mask[0]=11111111011111111101111111111110, sa_flags=SA_RESTART|SA_SIGINFO
SIGXFSZ: [libjvm.so+0xb64780], sa_mask[0]=11111111011111111101111111111110, sa_flags=SA_RESTART|SA_SIGINFO
SIGILL: [libjvm.so+0xd4d370], sa_mask[0]=11111111011111111101111111111110, sa_flags=SA_RESTART|SA_SIGINFO
SIGUSR2: [libjvm.so+0xb64640], sa_mask[0]=00100000000000000000000000000000, sa_flags=SA_RESTART|SA_SIGINFO
SIGHUP: [libjvm.so+0xb64850], sa_mask[0]=11111111011111111101111111111110, sa_flags=SA_RESTART|SA_SIGINFO
SIGINT: [libjvm.so+0xb64850], sa_mask[0]=11111111011111111101111111111110, sa_flags=SA_RESTART|SA_SIGINFO
SIGTERM: [libjvm.so+0xb64850], sa_mask[0]=11111111011111111101111111111110, sa_flags=SA_RESTART|SA_SIGINFO
SIGQUIT: [libjvm.so+0xb64850], sa_mask[0]=11111111011111111101111111111110, sa_flags=SA_RESTART|SA_SIGINFO


---------------  S Y S T E M  ---------------

OS:DISTRIB_ID=Ubuntu
DISTRIB_RELEASE=20.04
DISTRIB_CODENAME=focal
DISTRIB_DESCRIPTION="Ubuntu 20.04.3 LTS"
uname:Linux 5.4.0-124-generic #140~18.04.1-Ubuntu SMP Fri Aug 5 11:43:34 UTC 2022 x86_64
libc:glibc 2.31 NPTL 2.31 
rlimit: STACK 8192k, CORE infinity, NPROC infinity, NOFILE 1048576, AS infinity
load average:44.60 39.96 38.39

/proc/meminfo:
MemTotal:       65549624 kB
MemFree:        11010976 kB
MemAvailable:   37388696 kB
Buffers:         5871488 kB
Cached:          3346912 kB
SwapCached:         8092 kB
Active:         28567124 kB
Inactive:        6136816 kB
Active(anon):   21489176 kB
Inactive(anon):  4017412 kB
Active(file):    7077948 kB
Inactive(file):  2119404 kB
Unevictable:          16 kB
Mlocked:              16 kB
SwapTotal:       2097148 kB
SwapFree:              0 kB
Dirty:             35068 kB
Writeback:             0 kB
AnonPages:      25478136 kB
Mapped:           821540 kB
Shmem:             25608 kB
KReclaimable:   17912292 kB
Slab:           19082224 kB
SReclaimable:   17912292 kB
SUnreclaim:      1169932 kB
KernelStack:       78280 kB
PageTables:       236492 kB
NFS_Unstable:          0 kB
Bounce:                0 kB
WritebackTmp:          0 kB
CommitLimit:    34871960 kB
Committed_AS:   78621392 kB
VmallocTotal:   34359738367 kB
VmallocUsed:      160992 kB
VmallocChunk:          0 kB
Percpu:            32512 kB
HardwareCorrupted:     0 kB
AnonHugePages:         0 kB
ShmemHugePages:        0 kB
ShmemPmdMapped:        0 kB
FileHugePages:         0 kB
FilePmdMapped:         0 kB
CmaTotal:              0 kB
CmaFree:               0 kB
HugePages_Total:       0
HugePages_Free:        0
HugePages_Rsvd:        0
HugePages_Surp:        0
Hugepagesize:       2048 kB
Hugetlb:               0 kB
DirectMap4k:    15497632 kB
DirectMap2M:    51298304 kB
DirectMap1G:           0 kB


CPU:total 28 (initial active 28) (14 cores per cpu, 2 threads per core) family 6 model 85 stepping 4, cmov, cx8, fxsr, mmx, sse, sse2, sse3, ssse3, sse4.1, sse4.2, popcnt, avx, avx2, aes, clmul, erms, rtm, 3dnowpref, lzcnt, ht, tsc, tscinvbit, bmi1, bmi2, adx, fma
CPU Model and flags from /proc/cpuinfo:
model name	: Intel(R) Core(TM) i9-9940X CPU @ 3.30GHz
flags		: fpu vme de pse tsc msr pae mce cx8 apic sep mtrr pge mca cmov pat pse36 clflush dts acpi mmx fxsr sse sse2 ss ht tm pbe syscall nx pdpe1gb rdtscp lm constant_tsc art arch_perfmon pebs bts rep_good nopl xtopology nonstop_tsc cpuid aperfmperf pni pclmulqdq dtes64 monitor ds_cpl vmx est tm2 ssse3 sdbg fma cx16 xtpr pdcm pcid dca sse4_1 sse4_2 x2apic movbe popcnt tsc_deadline_timer aes xsave avx f16c rdrand lahf_lm abm 3dnowprefetch cpuid_fault epb cat_l3 cdp_l3 invpcid_single pti ssbd mba ibrs ibpb stibp tpr_shadow vnmi flexpriority ept vpid ept_ad fsgsbase tsc_adjust bmi1 hle avx2 smep bmi2 erms invpcid rtm cqm mpx rdt_a avx512f avx512dq rdseed adx smap clflushopt clwb intel_pt avx512cd avx512bw avx512vl xsaveopt xsavec xgetbv1 xsaves cqm_llc cqm_occup_llc cqm_mbm_total cqm_mbm_local dtherm ida arat pln pts hwp hwp_act_window hwp_epp hwp_pkg_req md_clear flush_l1d arch_capabilities

Memory: 4k page, physical 65549624k(11010976k free), swap 2097148k(0k free)

vm_info: Java HotSpot(TM) 64-Bit Server VM (9.0.4+11) for linux-amd64 JRE (9.0.4+11), built on Dec 19 2017 18:12:19 by "mach5one" with gcc 4.9.2

END.
