#
# A fatal error has been detected by the Java Runtime Environment:
#
#  SIGSEGV (0xb) at pc=0x00007fca65152b2c, pid=32066, tid=32129
#
# JRE version: Java(TM) SE Runtime Environment (9.0+11) (build 9.0.4+11)
# Java VM: Java HotSpot(TM) 64-Bit Server VM (9.0.4+11, mixed mode, tiered, compressed oops, g1 gc, linux-amd64)
# Problematic frame:
# V  [libjvm.so+0x48eb2c]  Canonicalizer::do_If(If*)+0x1c
#
# Core dump will be written. Default location: Core dumps may be processed with "/usr/share/apport/apport -p%p -s%s -c%c -d%d -P%P -u%u -g%g -- %E" (or dumping to /JVMfuzzing/zjy/classming/Fuzzing-Testing-of-JVM-Implementations/core.32066)
#
# If you would like to submit a bug report, please visit:
#   http://bugreport.java.com/bugreport/crash.jsp
#

---------------  S U M M A R Y ------------

Command Line: -Xbootclasspath/a:/usr/local/java/jdk1.8.0_301/jre/lib/rt.jar -Xverify:none org.eclipse.core.runtime.adaptor.EclipseStarter -debug

Host: Intel(R) Core(TM) i9-9940X CPU @ 3.30GHz, 28 cores, 62G, Ubuntu 20.04.3 LTS
Time: Thu Nov  3 09:12:04 2022 UTC elapsed time: 0 seconds (0d 0h 0m 0s)

---------------  T H R E A D  ---------------

Current thread (0x00007fca602bc000):  JavaThread "C1 CompilerThread8" daemon [_thread_in_native, id=32129, stack(0x00007fc95d3f4000,0x00007fc95d4f5000)]


Current CompileTask:
C1:    509  241 %     3       org.eclipse.core.runtime.adaptor.EclipseStarter::main @ 4608 (7612 bytes)

Stack: [0x00007fc95d3f4000,0x00007fc95d4f5000],  sp=0x00007fc95d4f30c0,  free space=1020k
Native frames: (J=compiled Java code, A=aot compiled Java code, j=interpreted, Vv=VM code, C=native code)
V  [libjvm.so+0x48eb2c]  Canonicalizer::do_If(If*)+0x1c
V  [libjvm.so+0x4a0452]  GraphBuilder::append_with_bci(Instruction*, int)+0x42
V  [libjvm.so+0x4a3526]  GraphBuilder::if_node(Instruction*, Instruction::Condition, Instruction*, ValueStack*)+0x2a6
V  [libjvm.so+0x4b137a]  GraphBuilder::iterate_bytecodes_for_block(int)+0x198a
V  [libjvm.so+0x4b1ad5]  GraphBuilder::iterate_all_blocks(bool)+0x85
V  [libjvm.so+0x4b1ec9]  GraphBuilder::GraphBuilder(Compilation*, IRScope*)+0x389
V  [libjvm.so+0x4b70a8]  IR::IR(Compilation*, ciMethod*, int)+0x1e8
V  [libjvm.so+0x497832]  Compilation::build_hir() [clone .part.93]+0x162
V  [libjvm.so+0x499633]  Compilation::compile_java_method()+0x3c3
V  [libjvm.so+0x4997af]  Compilation::compile_method()+0x12f
V  [libjvm.so+0x499c31]  Compilation::Compilation(AbstractCompiler*, ciEnv*, ciMethod*, int, BufferBlob*, DirectiveSet*)+0x271
V  [libjvm.so+0x49ac1e]  Compiler::compile_method(ciEnv*, ciMethod*, int, DirectiveSet*)+0xae
V  [libjvm.so+0x6125ac]  CompileBroker::invoke_compiler_on_method(CompileTask*)+0x41c
V  [libjvm.so+0x61344b]  CompileBroker::compiler_thread_loop()+0x28b
V  [libjvm.so+0xcef338]  JavaThread::thread_main_inner()+0xd8
V  [libjvm.so+0xb6e132]  thread_native_entry(Thread*)+0xf2
C  [libpthread.so.0+0x9609]  start_thread+0xd9


siginfo: si_signo: 11 (SIGSEGV), si_code: 1 (SEGV_MAPERR), si_addr: 0x0000000000000018

Register to memory mapping:

RAX=0x0000000000000000 is an unknown value
RBX=0x00007fc928014cb0 is an unknown value
RCX=0x00007fc95d4f3800 is pointing into the stack for thread: 0x00007fca602bc000
RDX=0x00007fc928014cb0 is an unknown value
RSP=0x00007fc95d4f30c0 is pointing into the stack for thread: 0x00007fca602bc000
RBP=0x00007fc95d4f3130 is pointing into the stack for thread: 0x00007fca602bc000
RSI=0x00007fc928014cb0 is an unknown value
RDI=0x00007fc95d4f3160 is pointing into the stack for thread: 0x00007fca602bc000
R8 =0x00007fc928014240 is an unknown value
R9 =0x00000000000000f0 is an unknown value
R10=0x0040000000000000 is an unknown value
R11=0x0000000000000000 is an unknown value
R12=0x00007fc928014d50 is an unknown value
R13=0x00007fc95d4f3460 is pointing into the stack for thread: 0x00007fca602bc000
R14=0x00007fc928014cb0 is an unknown value
R15=0x00007fc928014d50 is an unknown value


Registers:
RAX=0x0000000000000000, RBX=0x00007fc928014cb0, RCX=0x00007fc95d4f3800, RDX=0x00007fc928014cb0
RSP=0x00007fc95d4f30c0, RBP=0x00007fc95d4f3130, RSI=0x00007fc928014cb0, RDI=0x00007fc95d4f3160
R8 =0x00007fc928014240, R9 =0x00000000000000f0, R10=0x0040000000000000, R11=0x0000000000000000
R12=0x00007fc928014d50, R13=0x00007fc95d4f3460, R14=0x00007fc928014cb0, R15=0x00007fc928014d50
RIP=0x00007fca65152b2c, EFLAGS=0x0000000000010206, CSGSFS=0x002b000000000033, ERR=0x0000000000000004
  TRAPNO=0x000000000000000e

Top of Stack: (sp=0x00007fc95d4f30c0)
0x00007fc95d4f30c0:   00007fc95d4f3130 00007fca650c8eb7
0x00007fc95d4f30d0:   00007fc9340656e8 00007fc9340656a8
0x00007fc95d4f30e0:   00007fc95d4f3110 00007fca6517f69f
0x00007fc95d4f30f0:   00007fc94010a430 00007fc95d4f3160 

Instructions: (pc=0x00007fca65152b2c)
0x00007fca65152b0c:   ff 90 66 90 55 48 89 e5 41 57 41 56 41 55 41 54
0x00007fca65152b1c:   53 48 89 f3 48 83 ec 48 48 8b 46 70 48 89 7d c8
0x00007fca65152b2c:   48 8b 78 18 48 8b 07 ff 50 18 84 c0 0f 85 a2 00
0x00007fca65152b3c:   00 00 4c 8b 63 70 48 8b 83 80 00 00 00 49 39 c4 


---------------  P R O C E S S  ---------------

Java Threads: ( => current thread )
  0x00007fca6038a000 JavaThread "Service Thread" daemon [_thread_blocked, id=32135, stack(0x00007fc95c9c6000,0x00007fc95cac7000)]
  0x00007fca602d2000 JavaThread "Common-Cleaner" daemon [_thread_blocked, id=32134, stack(0x00007fc95cac7000,0x00007fc95cbc8000)]
  0x00007fca602c3000 JavaThread "Sweeper thread" daemon [_thread_blocked, id=32133, stack(0x00007fc95cff0000,0x00007fc95d0f1000)]
  0x00007fca602c1800 JavaThread "C1 CompilerThread11" daemon [_thread_blocked, id=32132, stack(0x00007fc95d0f1000,0x00007fc95d1f2000)]
  0x00007fca602bf800 JavaThread "C1 CompilerThread10" daemon [_thread_blocked, id=32131, stack(0x00007fc95d1f2000,0x00007fc95d2f3000)]
  0x00007fca602bd800 JavaThread "C1 CompilerThread9" daemon [_thread_blocked, id=32130, stack(0x00007fc95d2f3000,0x00007fc95d3f4000)]
=>0x00007fca602bc000 JavaThread "C1 CompilerThread8" daemon [_thread_in_native, id=32129, stack(0x00007fc95d3f4000,0x00007fc95d4f5000)]
  0x00007fca602ba000 JavaThread "C2 CompilerThread7" daemon [_thread_blocked, id=32128, stack(0x00007fc95d4f5000,0x00007fc95d5f6000)]
  0x00007fca602b8800 JavaThread "C2 CompilerThread6" daemon [_thread_blocked, id=32127, stack(0x00007fc95d5f6000,0x00007fc95d6f7000)]
  0x00007fca602b6800 JavaThread "C2 CompilerThread5" daemon [_thread_blocked, id=32126, stack(0x00007fc95d6f7000,0x00007fc95d7f8000)]
  0x00007fca602b4800 JavaThread "C2 CompilerThread4" daemon [_thread_blocked, id=32125, stack(0x00007fc95d7f8000,0x00007fc95d8f9000)]
  0x00007fca602b3000 JavaThread "C2 CompilerThread3" daemon [_thread_blocked, id=32124, stack(0x00007fc95d8f9000,0x00007fc95d9fa000)]
  0x00007fca602b1000 JavaThread "C2 CompilerThread2" daemon [_thread_blocked, id=32123, stack(0x00007fc95d9fa000,0x00007fc95dafb000)]
  0x00007fca602af000 JavaThread "C2 CompilerThread1" daemon [_thread_blocked, id=32122, stack(0x00007fc95dafb000,0x00007fc95dbfc000)]
  0x00007fca602ad000 JavaThread "C2 CompilerThread0" daemon [_thread_blocked, id=32121, stack(0x00007fc95dbfc000,0x00007fc95dcfd000)]
  0x00007fca602ab000 JavaThread "Signal Dispatcher" daemon [_thread_blocked, id=32120, stack(0x00007fc95dcfd000,0x00007fc95ddfe000)]
  0x00007fca60291000 JavaThread "Finalizer" daemon [_thread_blocked, id=32119, stack(0x00007fc95ddfe000,0x00007fc95deff000)]
  0x00007fca60288800 JavaThread "Reference Handler" daemon [_thread_blocked, id=32118, stack(0x00007fc95deff000,0x00007fc95e000000)]
  0x00007fca60011800 JavaThread "main" [_thread_in_native, id=32067, stack(0x00007fca64a76000,0x00007fca64b75000)]

Other Threads:
  0x00007fca60281000 VMThread "VM Thread" [stack: 0x00007fc97405d000,0x00007fc97415d000] [id=32117]
  0x00007fca6038c800 WatcherThread [stack: 0x00007fc95c8c6000,0x00007fc95c9c6000] [id=32136]
  0x00007fca60034000 GCTaskThread "GC Thread#0" [stack: 0x00007fca45812000,0x00007fca45912000] [id=32069]
  0x00007fca60035800 GCTaskThread "GC Thread#1" [stack: 0x00007fca45710000,0x00007fca45810000] [id=32070]
  0x00007fca60037000 GCTaskThread "GC Thread#2" [stack: 0x00007fca4560e000,0x00007fca4570e000] [id=32071]
  0x00007fca60039000 GCTaskThread "GC Thread#3" [stack: 0x00007fca4550c000,0x00007fca4560c000] [id=32072]
  0x00007fca6003a800 GCTaskThread "GC Thread#4" [stack: 0x00007fca4540a000,0x00007fca4550a000] [id=32073]
  0x00007fca6003c800 GCTaskThread "GC Thread#5" [stack: 0x00007fca45308000,0x00007fca45408000] [id=32074]
  0x00007fca6003e000 GCTaskThread "GC Thread#6" [stack: 0x00007fca45206000,0x00007fca45306000] [id=32075]
  0x00007fca6003f800 GCTaskThread "GC Thread#7" [stack: 0x00007fca45104000,0x00007fca45204000] [id=32076]
  0x00007fca60041800 GCTaskThread "GC Thread#8" [stack: 0x00007fca45002000,0x00007fca45102000] [id=32078]
  0x00007fca60043000 GCTaskThread "GC Thread#9" [stack: 0x00007fca44f00000,0x00007fca45000000] [id=32079]
  0x00007fca60045000 GCTaskThread "GC Thread#10" [stack: 0x00007fca44dfe000,0x00007fca44efe000] [id=32080]
  0x00007fca60046800 GCTaskThread "GC Thread#11" [stack: 0x00007fca44cfc000,0x00007fca44dfc000] [id=32081]
  0x00007fca60048800 GCTaskThread "GC Thread#12" [stack: 0x00007fca44bfa000,0x00007fca44cfa000] [id=32082]
  0x00007fca6004a000 GCTaskThread "GC Thread#13" [stack: 0x00007fca44af8000,0x00007fca44bf8000] [id=32083]
  0x00007fca6004c000 GCTaskThread "GC Thread#14" [stack: 0x00007fca449f6000,0x00007fca44af6000] [id=32084]
  0x00007fca6004d800 GCTaskThread "GC Thread#15" [stack: 0x00007fca448f4000,0x00007fca449f4000] [id=32085]
  0x00007fca6004f800 GCTaskThread "GC Thread#16" [stack: 0x00007fca447f2000,0x00007fca448f2000] [id=32086]
  0x00007fca60051000 GCTaskThread "GC Thread#17" [stack: 0x00007fca446f0000,0x00007fca447f0000] [id=32087]
  0x00007fca60052800 GCTaskThread "GC Thread#18" [stack: 0x00007fca445ee000,0x00007fca446ee000] [id=32088]
  0x00007fca60054800 GCTaskThread "GC Thread#19" [stack: 0x00007fca444ec000,0x00007fca445ec000] [id=32089]
  0x00007fca6009f800 ConcurrentGCThread "G1 Main Marker" [stack: 0x00007fc9f54db000,0x00007fc9f55db000] [id=32111]
  0x00007fca600a1000 ConcurrentGCThread "G1 Marker#0" [stack: 0x00007fc9f53d9000,0x00007fc9f54d9000] [id=32112]
  0x00007fca600a3000 ConcurrentGCThread "G1 Marker#1" [stack: 0x00007fc9f52d7000,0x00007fc9f53d7000] [id=32113]
  0x00007fca600a4800 ConcurrentGCThread "G1 Marker#2" [stack: 0x00007fc9f51d5000,0x00007fc9f52d5000] [id=32114]
  0x00007fca600a6800 ConcurrentGCThread "G1 Marker#3" [stack: 0x00007fc9f50d3000,0x00007fc9f51d3000] [id=32115]
  0x00007fca600a8000 ConcurrentGCThread "G1 Marker#4" [stack: 0x00007fc9f4fd1000,0x00007fc9f50d1000] [id=32116]
  0x00007fca60079000 ConcurrentGCThread "G1 Refine#0" [stack: 0x00007fc9f5bca000,0x00007fc9f5cca000] [id=32109]
  0x00007fca60077000 ConcurrentGCThread "G1 Refine#1" [stack: 0x00007fc9f5ccc000,0x00007fc9f5dcc000] [id=32108]
  0x00007fca60075000 ConcurrentGCThread "G1 Refine#2" [stack: 0x00007fc9f5dce000,0x00007fc9f5ece000] [id=32107]
  0x00007fca60073800 ConcurrentGCThread "G1 Refine#3" [stack: 0x00007fc9f5ed0000,0x00007fc9f5fd0000] [id=32106]
  0x00007fca60071800 ConcurrentGCThread "G1 Refine#4" [stack: 0x00007fc9f5fd2000,0x00007fc9f60d2000] [id=32105]
  0x00007fca60070000 ConcurrentGCThread "G1 Refine#5" [stack: 0x00007fc9f60d4000,0x00007fc9f61d4000] [id=32104]
  0x00007fca6006e000 ConcurrentGCThread "G1 Refine#6" [stack: 0x00007fc9f61d6000,0x00007fc9f62d6000] [id=32103]
  0x00007fca6006c800 ConcurrentGCThread "G1 Refine#7" [stack: 0x00007fc9f62d8000,0x00007fc9f63d8000] [id=32102]
  0x00007fca6006a800 ConcurrentGCThread "G1 Refine#8" [stack: 0x00007fc9f63da000,0x00007fc9f64da000] [id=32101]
  0x00007fca60069000 ConcurrentGCThread "G1 Refine#9" [stack: 0x00007fc9f64dc000,0x00007fc9f65dc000] [id=32100]
  0x00007fca60067000 ConcurrentGCThread "G1 Refine#10" [stack: 0x00007fc9f65de000,0x00007fc9f66de000] [id=32099]
  0x00007fca60065000 ConcurrentGCThread "G1 Refine#11" [stack: 0x00007fc9f66e0000,0x00007fc9f67e0000] [id=32098]
  0x00007fca60063800 ConcurrentGCThread "G1 Refine#12" [stack: 0x00007fc9f67e2000,0x00007fc9f68e2000] [id=32097]
  0x00007fca60061800 ConcurrentGCThread "G1 Refine#13" [stack: 0x00007fc9f68e4000,0x00007fc9f69e4000] [id=32096]
  0x00007fca60060000 ConcurrentGCThread "G1 Refine#14" [stack: 0x00007fc9f69e6000,0x00007fc9f6ae6000] [id=32095]
  0x00007fca6005e000 ConcurrentGCThread "G1 Refine#15" [stack: 0x00007fc9f6ae8000,0x00007fc9f6be8000] [id=32094]
  0x00007fca6005c800 ConcurrentGCThread "G1 Refine#16" [stack: 0x00007fc9f6bea000,0x00007fc9f6cea000] [id=32093]
  0x00007fca6005a800 ConcurrentGCThread "G1 Refine#17" [stack: 0x00007fc9f6cec000,0x00007fc9f6dec000] [id=32092]
  0x00007fca60059000 ConcurrentGCThread "G1 Refine#18" [stack: 0x00007fc9f6dee000,0x00007fc9f6eee000] [id=32091]
  0x00007fca60057000 ConcurrentGCThread "G1 Refine#19" [stack: 0x00007fc9f6ef0000,0x00007fc9f6ff0000] [id=32090]
  0x00007fca6007a800 ConcurrentGCThread "G1 Young RemSet Sampling" [stack: 0x00007fc9f5ac8000,0x00007fc9f5bc8000] [id=32110]

Threads with active compile tasks:
C1 CompilerThread8 241 %     3       org.eclipse.core.runtime.adaptor.EclipseStarter::main @ 4608 (7612 bytes)

VM state:not at safepoint (normal execution)

VM Mutex/Monitor currently owned by a thread: None

Heap address: 0x00000003d7c00000, size: 16004 MB, Compressed Oops mode: Zero based, Oop shift amount: 3
Narrow klass base: 0x0000000000000000, Narrow klass shift: 3
Compressed class space size: 1073741824 Address: 0x00000007c0000000

Heap:
 garbage-first heap   total 1028096K, used 12288K [0x00000003d7c00000, 0x00000003d80007d8, 0x00000007c0000000)
  region size 4096K, 4 young (16384K), 0 survivors (0K)
 Metaspace       used 4312K, capacity 4680K, committed 4864K, reserved 1056768K
  class space    used 356K, capacity 388K, committed 512K, reserved 1048576K
Heap Regions: E=young(eden), S=young(survivor), O=old, HS=humongous(starts), HC=humongous(continues), CS=collection set, F=free, A=archive, TS=gc time stamp, AC=allocation context, TAMS=top-at-mark-start (previous, next)
|   0|0x00000003d7c00000, 0x00000003d7c00000, 0x00000003d8000000|  0%| F|  |TS  0|AC  0|TAMS 0x00000003d7c00000, 0x00000003d7c00000|
|   1|0x00000003d8000000, 0x00000003d8000000, 0x00000003d8400000|  0%| F|  |TS  0|AC  0|TAMS 0x00000003d8000000, 0x00000003d8000000|
|   2|0x00000003d8400000, 0x00000003d8400000, 0x00000003d8800000|  0%| F|  |TS  0|AC  0|TAMS 0x00000003d8400000, 0x00000003d8400000|
|   3|0x00000003d8800000, 0x00000003d8800000, 0x00000003d8c00000|  0%| F|  |TS  0|AC  0|TAMS 0x00000003d8800000, 0x00000003d8800000|
|   4|0x00000003d8c00000, 0x00000003d8c00000, 0x00000003d9000000|  0%| F|  |TS  0|AC  0|TAMS 0x00000003d8c00000, 0x00000003d8c00000|
|   5|0x00000003d9000000, 0x00000003d9000000, 0x00000003d9400000|  0%| F|  |TS  0|AC  0|TAMS 0x00000003d9000000, 0x00000003d9000000|
|   6|0x00000003d9400000, 0x00000003d9400000, 0x00000003d9800000|  0%| F|  |TS  0|AC  0|TAMS 0x00000003d9400000, 0x00000003d9400000|
|   7|0x00000003d9800000, 0x00000003d9800000, 0x00000003d9c00000|  0%| F|  |TS  0|AC  0|TAMS 0x00000003d9800000, 0x00000003d9800000|
|   8|0x00000003d9c00000, 0x00000003d9c00000, 0x00000003da000000|  0%| F|  |TS  0|AC  0|TAMS 0x00000003d9c00000, 0x00000003d9c00000|
|   9|0x00000003da000000, 0x00000003da000000, 0x00000003da400000|  0%| F|  |TS  0|AC  0|TAMS 0x00000003da000000, 0x00000003da000000|
|  10|0x00000003da400000, 0x00000003da400000, 0x00000003da800000|  0%| F|  |TS  0|AC  0|TAMS 0x00000003da400000, 0x00000003da400000|
|  11|0x00000003da800000, 0x00000003da800000, 0x00000003dac00000|  0%| F|  |TS  0|AC  0|TAMS 0x00000003da800000, 0x00000003da800000|
|  12|0x00000003dac00000, 0x00000003dac00000, 0x00000003db000000|  0%| F|  |TS  0|AC  0|TAMS 0x00000003dac00000, 0x00000003dac00000|
|  13|0x00000003db000000, 0x00000003db000000, 0x00000003db400000|  0%| F|  |TS  0|AC  0|TAMS 0x00000003db000000, 0x00000003db000000|
|  14|0x00000003db400000, 0x00000003db400000, 0x00000003db800000|  0%| F|  |TS  0|AC  0|TAMS 0x00000003db400000, 0x00000003db400000|
|  15|0x00000003db800000, 0x00000003db800000, 0x00000003dbc00000|  0%| F|  |TS  0|AC  0|TAMS 0x00000003db800000, 0x00000003db800000|
|  16|0x00000003dbc00000, 0x00000003dbc00000, 0x00000003dc000000|  0%| F|  |TS  0|AC  0|TAMS 0x00000003dbc00000, 0x00000003dbc00000|
|  17|0x00000003dc000000, 0x00000003dc000000, 0x00000003dc400000|  0%| F|  |TS  0|AC  0|TAMS 0x00000003dc000000, 0x00000003dc000000|
|  18|0x00000003dc400000, 0x00000003dc400000, 0x00000003dc800000|  0%| F|  |TS  0|AC  0|TAMS 0x00000003dc400000, 0x00000003dc400000|
|  19|0x00000003dc800000, 0x00000003dc800000, 0x00000003dcc00000|  0%| F|  |TS  0|AC  0|TAMS 0x00000003dc800000, 0x00000003dc800000|
|  20|0x00000003dcc00000, 0x00000003dcc00000, 0x00000003dd000000|  0%| F|  |TS  0|AC  0|TAMS 0x00000003dcc00000, 0x00000003dcc00000|
|  21|0x00000003dd000000, 0x00000003dd000000, 0x00000003dd400000|  0%| F|  |TS  0|AC  0|TAMS 0x00000003dd000000, 0x00000003dd000000|
|  22|0x00000003dd400000, 0x00000003dd400000, 0x00000003dd800000|  0%| F|  |TS  0|AC  0|TAMS 0x00000003dd400000, 0x00000003dd400000|
|  23|0x00000003dd800000, 0x00000003dd800000, 0x00000003ddc00000|  0%| F|  |TS  0|AC  0|TAMS 0x00000003dd800000, 0x00000003dd800000|
|  24|0x00000003ddc00000, 0x00000003ddc00000, 0x00000003de000000|  0%| F|  |TS  0|AC  0|TAMS 0x00000003ddc00000, 0x00000003ddc00000|
|  25|0x00000003de000000, 0x00000003de000000, 0x00000003de400000|  0%| F|  |TS  0|AC  0|TAMS 0x00000003de000000, 0x00000003de000000|
|  26|0x00000003de400000, 0x00000003de400000, 0x00000003de800000|  0%| F|  |TS  0|AC  0|TAMS 0x00000003de400000, 0x00000003de400000|
|  27|0x00000003de800000, 0x00000003de800000, 0x00000003dec00000|  0%| F|  |TS  0|AC  0|TAMS 0x00000003de800000, 0x00000003de800000|
|  28|0x00000003dec00000, 0x00000003dec00000, 0x00000003df000000|  0%| F|  |TS  0|AC  0|TAMS 0x00000003dec00000, 0x00000003dec00000|
|  29|0x00000003df000000, 0x00000003df000000, 0x00000003df400000|  0%| F|  |TS  0|AC  0|TAMS 0x00000003df000000, 0x00000003df000000|
|  30|0x00000003df400000, 0x00000003df400000, 0x00000003df800000|  0%| F|  |TS  0|AC  0|TAMS 0x00000003df400000, 0x00000003df400000|
|  31|0x00000003df800000, 0x00000003df800000, 0x00000003dfc00000|  0%| F|  |TS  0|AC  0|TAMS 0x00000003df800000, 0x00000003df800000|
|  32|0x00000003dfc00000, 0x00000003dfc00000, 0x00000003e0000000|  0%| F|  |TS  0|AC  0|TAMS 0x00000003dfc00000, 0x00000003dfc00000|
|  33|0x00000003e0000000, 0x00000003e0000000, 0x00000003e0400000|  0%| F|  |TS  0|AC  0|TAMS 0x00000003e0000000, 0x00000003e0000000|
|  34|0x00000003e0400000, 0x00000003e0400000, 0x00000003e0800000|  0%| F|  |TS  0|AC  0|TAMS 0x00000003e0400000, 0x00000003e0400000|
|  35|0x00000003e0800000, 0x00000003e0800000, 0x00000003e0c00000|  0%| F|  |TS  0|AC  0|TAMS 0x00000003e0800000, 0x00000003e0800000|
|  36|0x00000003e0c00000, 0x00000003e0c00000, 0x00000003e1000000|  0%| F|  |TS  0|AC  0|TAMS 0x00000003e0c00000, 0x00000003e0c00000|
|  37|0x00000003e1000000, 0x00000003e1000000, 0x00000003e1400000|  0%| F|  |TS  0|AC  0|TAMS 0x00000003e1000000, 0x00000003e1000000|
|  38|0x00000003e1400000, 0x00000003e1400000, 0x00000003e1800000|  0%| F|  |TS  0|AC  0|TAMS 0x00000003e1400000, 0x00000003e1400000|
|  39|0x00000003e1800000, 0x00000003e1800000, 0x00000003e1c00000|  0%| F|  |TS  0|AC  0|TAMS 0x00000003e1800000, 0x00000003e1800000|
|  40|0x00000003e1c00000, 0x00000003e1c00000, 0x00000003e2000000|  0%| F|  |TS  0|AC  0|TAMS 0x00000003e1c00000, 0x00000003e1c00000|
|  41|0x00000003e2000000, 0x00000003e2000000, 0x00000003e2400000|  0%| F|  |TS  0|AC  0|TAMS 0x00000003e2000000, 0x00000003e2000000|
|  42|0x00000003e2400000, 0x00000003e2400000, 0x00000003e2800000|  0%| F|  |TS  0|AC  0|TAMS 0x00000003e2400000, 0x00000003e2400000|
|  43|0x00000003e2800000, 0x00000003e2800000, 0x00000003e2c00000|  0%| F|  |TS  0|AC  0|TAMS 0x00000003e2800000, 0x00000003e2800000|
|  44|0x00000003e2c00000, 0x00000003e2c00000, 0x00000003e3000000|  0%| F|  |TS  0|AC  0|TAMS 0x00000003e2c00000, 0x00000003e2c00000|
|  45|0x00000003e3000000, 0x00000003e3000000, 0x00000003e3400000|  0%| F|  |TS  0|AC  0|TAMS 0x00000003e3000000, 0x00000003e3000000|
|  46|0x00000003e3400000, 0x00000003e3400000, 0x00000003e3800000|  0%| F|  |TS  0|AC  0|TAMS 0x00000003e3400000, 0x00000003e3400000|
|  47|0x00000003e3800000, 0x00000003e3800000, 0x00000003e3c00000|  0%| F|  |TS  0|AC  0|TAMS 0x00000003e3800000, 0x00000003e3800000|
|  48|0x00000003e3c00000, 0x00000003e3c00000, 0x00000003e4000000|  0%| F|  |TS  0|AC  0|TAMS 0x00000003e3c00000, 0x00000003e3c00000|
|  49|0x00000003e4000000, 0x00000003e4000000, 0x00000003e4400000|  0%| F|  |TS  0|AC  0|TAMS 0x00000003e4000000, 0x00000003e4000000|
|  50|0x00000003e4400000, 0x00000003e4400000, 0x00000003e4800000|  0%| F|  |TS  0|AC  0|TAMS 0x00000003e4400000, 0x00000003e4400000|
|  51|0x00000003e4800000, 0x00000003e4800000, 0x00000003e4c00000|  0%| F|  |TS  0|AC  0|TAMS 0x00000003e4800000, 0x00000003e4800000|
|  52|0x00000003e4c00000, 0x00000003e4c00000, 0x00000003e5000000|  0%| F|  |TS  0|AC  0|TAMS 0x00000003e4c00000, 0x00000003e4c00000|
|  53|0x00000003e5000000, 0x00000003e5000000, 0x00000003e5400000|  0%| F|  |TS  0|AC  0|TAMS 0x00000003e5000000, 0x00000003e5000000|
|  54|0x00000003e5400000, 0x00000003e5400000, 0x00000003e5800000|  0%| F|  |TS  0|AC  0|TAMS 0x00000003e5400000, 0x00000003e5400000|
|  55|0x00000003e5800000, 0x00000003e5800000, 0x00000003e5c00000|  0%| F|  |TS  0|AC  0|TAMS 0x00000003e5800000, 0x00000003e5800000|
|  56|0x00000003e5c00000, 0x00000003e5c00000, 0x00000003e6000000|  0%| F|  |TS  0|AC  0|TAMS 0x00000003e5c00000, 0x00000003e5c00000|
|  57|0x00000003e6000000, 0x00000003e6000000, 0x00000003e6400000|  0%| F|  |TS  0|AC  0|TAMS 0x00000003e6000000, 0x00000003e6000000|
|  58|0x00000003e6400000, 0x00000003e6400000, 0x00000003e6800000|  0%| F|  |TS  0|AC  0|TAMS 0x00000003e6400000, 0x00000003e6400000|
|  59|0x00000003e6800000, 0x00000003e6800000, 0x00000003e6c00000|  0%| F|  |TS  0|AC  0|TAMS 0x00000003e6800000, 0x00000003e6800000|
|  60|0x00000003e6c00000, 0x00000003e6c00000, 0x00000003e7000000|  0%| F|  |TS  0|AC  0|TAMS 0x00000003e6c00000, 0x00000003e6c00000|
|  61|0x00000003e7000000, 0x00000003e7000000, 0x00000003e7400000|  0%| F|  |TS  0|AC  0|TAMS 0x00000003e7000000, 0x00000003e7000000|
|  62|0x00000003e7400000, 0x00000003e7400000, 0x00000003e7800000|  0%| F|  |TS  0|AC  0|TAMS 0x00000003e7400000, 0x00000003e7400000|
|  63|0x00000003e7800000, 0x00000003e7800000, 0x00000003e7c00000|  0%| F|  |TS  0|AC  0|TAMS 0x00000003e7800000, 0x00000003e7800000|
|  64|0x00000003e7c00000, 0x00000003e7c00000, 0x00000003e8000000|  0%| F|  |TS  0|AC  0|TAMS 0x00000003e7c00000, 0x00000003e7c00000|
|  65|0x00000003e8000000, 0x00000003e8000000, 0x00000003e8400000|  0%| F|  |TS  0|AC  0|TAMS 0x00000003e8000000, 0x00000003e8000000|
|  66|0x00000003e8400000, 0x00000003e8400000, 0x00000003e8800000|  0%| F|  |TS  0|AC  0|TAMS 0x00000003e8400000, 0x00000003e8400000|
|  67|0x00000003e8800000, 0x00000003e8800000, 0x00000003e8c00000|  0%| F|  |TS  0|AC  0|TAMS 0x00000003e8800000, 0x00000003e8800000|
|  68|0x00000003e8c00000, 0x00000003e8c00000, 0x00000003e9000000|  0%| F|  |TS  0|AC  0|TAMS 0x00000003e8c00000, 0x00000003e8c00000|
|  69|0x00000003e9000000, 0x00000003e9000000, 0x00000003e9400000|  0%| F|  |TS  0|AC  0|TAMS 0x00000003e9000000, 0x00000003e9000000|
|  70|0x00000003e9400000, 0x00000003e9400000, 0x00000003e9800000|  0%| F|  |TS  0|AC  0|TAMS 0x00000003e9400000, 0x00000003e9400000|
|  71|0x00000003e9800000, 0x00000003e9800000, 0x00000003e9c00000|  0%| F|  |TS  0|AC  0|TAMS 0x00000003e9800000, 0x00000003e9800000|
|  72|0x00000003e9c00000, 0x00000003e9c00000, 0x00000003ea000000|  0%| F|  |TS  0|AC  0|TAMS 0x00000003e9c00000, 0x00000003e9c00000|
|  73|0x00000003ea000000, 0x00000003ea000000, 0x00000003ea400000|  0%| F|  |TS  0|AC  0|TAMS 0x00000003ea000000, 0x00000003ea000000|
|  74|0x00000003ea400000, 0x00000003ea400000, 0x00000003ea800000|  0%| F|  |TS  0|AC  0|TAMS 0x00000003ea400000, 0x00000003ea400000|
|  75|0x00000003ea800000, 0x00000003ea800000, 0x00000003eac00000|  0%| F|  |TS  0|AC  0|TAMS 0x00000003ea800000, 0x00000003ea800000|
|  76|0x00000003eac00000, 0x00000003eac00000, 0x00000003eb000000|  0%| F|  |TS  0|AC  0|TAMS 0x00000003eac00000, 0x00000003eac00000|
|  77|0x00000003eb000000, 0x00000003eb000000, 0x00000003eb400000|  0%| F|  |TS  0|AC  0|TAMS 0x00000003eb000000, 0x00000003eb000000|
|  78|0x00000003eb400000, 0x00000003eb400000, 0x00000003eb800000|  0%| F|  |TS  0|AC  0|TAMS 0x00000003eb400000, 0x00000003eb400000|
|  79|0x00000003eb800000, 0x00000003eb800000, 0x00000003ebc00000|  0%| F|  |TS  0|AC  0|TAMS 0x00000003eb800000, 0x00000003eb800000|
|  80|0x00000003ebc00000, 0x00000003ebc00000, 0x00000003ec000000|  0%| F|  |TS  0|AC  0|TAMS 0x00000003ebc00000, 0x00000003ebc00000|
|  81|0x00000003ec000000, 0x00000003ec000000, 0x00000003ec400000|  0%| F|  |TS  0|AC  0|TAMS 0x00000003ec000000, 0x00000003ec000000|
|  82|0x00000003ec400000, 0x00000003ec400000, 0x00000003ec800000|  0%| F|  |TS  0|AC  0|TAMS 0x00000003ec400000, 0x00000003ec400000|
|  83|0x00000003ec800000, 0x00000003ec800000, 0x00000003ecc00000|  0%| F|  |TS  0|AC  0|TAMS 0x00000003ec800000, 0x00000003ec800000|
|  84|0x00000003ecc00000, 0x00000003ecc00000, 0x00000003ed000000|  0%| F|  |TS  0|AC  0|TAMS 0x00000003ecc00000, 0x00000003ecc00000|
|  85|0x00000003ed000000, 0x00000003ed000000, 0x00000003ed400000|  0%| F|  |TS  0|AC  0|TAMS 0x00000003ed000000, 0x00000003ed000000|
|  86|0x00000003ed400000, 0x00000003ed400000, 0x00000003ed800000|  0%| F|  |TS  0|AC  0|TAMS 0x00000003ed400000, 0x00000003ed400000|
|  87|0x00000003ed800000, 0x00000003ed800000, 0x00000003edc00000|  0%| F|  |TS  0|AC  0|TAMS 0x00000003ed800000, 0x00000003ed800000|
|  88|0x00000003edc00000, 0x00000003edc00000, 0x00000003ee000000|  0%| F|  |TS  0|AC  0|TAMS 0x00000003edc00000, 0x00000003edc00000|
|  89|0x00000003ee000000, 0x00000003ee000000, 0x00000003ee400000|  0%| F|  |TS  0|AC  0|TAMS 0x00000003ee000000, 0x00000003ee000000|
|  90|0x00000003ee400000, 0x00000003ee400000, 0x00000003ee800000|  0%| F|  |TS  0|AC  0|TAMS 0x00000003ee400000, 0x00000003ee400000|
|  91|0x00000003ee800000, 0x00000003ee800000, 0x00000003eec00000|  0%| F|  |TS  0|AC  0|TAMS 0x00000003ee800000, 0x00000003ee800000|
|  92|0x00000003eec00000, 0x00000003eec00000, 0x00000003ef000000|  0%| F|  |TS  0|AC  0|TAMS 0x00000003eec00000, 0x00000003eec00000|
|  93|0x00000003ef000000, 0x00000003ef000000, 0x00000003ef400000|  0%| F|  |TS  0|AC  0|TAMS 0x00000003ef000000, 0x00000003ef000000|
|  94|0x00000003ef400000, 0x00000003ef400000, 0x00000003ef800000|  0%| F|  |TS  0|AC  0|TAMS 0x00000003ef400000, 0x00000003ef400000|
|  95|0x00000003ef800000, 0x00000003ef800000, 0x00000003efc00000|  0%| F|  |TS  0|AC  0|TAMS 0x00000003ef800000, 0x00000003ef800000|
|  96|0x00000003efc00000, 0x00000003efc00000, 0x00000003f0000000|  0%| F|  |TS  0|AC  0|TAMS 0x00000003efc00000, 0x00000003efc00000|
|  97|0x00000003f0000000, 0x00000003f0000000, 0x00000003f0400000|  0%| F|  |TS  0|AC  0|TAMS 0x00000003f0000000, 0x00000003f0000000|
|  98|0x00000003f0400000, 0x00000003f0400000, 0x00000003f0800000|  0%| F|  |TS  0|AC  0|TAMS 0x00000003f0400000, 0x00000003f0400000|
|  99|0x00000003f0800000, 0x00000003f0800000, 0x00000003f0c00000|  0%| F|  |TS  0|AC  0|TAMS 0x00000003f0800000, 0x00000003f0800000|
| 100|0x00000003f0c00000, 0x00000003f0c00000, 0x00000003f1000000|  0%| F|  |TS  0|AC  0|TAMS 0x00000003f0c00000, 0x00000003f0c00000|
| 101|0x00000003f1000000, 0x00000003f1000000, 0x00000003f1400000|  0%| F|  |TS  0|AC  0|TAMS 0x00000003f1000000, 0x00000003f1000000|
| 102|0x00000003f1400000, 0x00000003f1400000, 0x00000003f1800000|  0%| F|  |TS  0|AC  0|TAMS 0x00000003f1400000, 0x00000003f1400000|
| 103|0x00000003f1800000, 0x00000003f1800000, 0x00000003f1c00000|  0%| F|  |TS  0|AC  0|TAMS 0x00000003f1800000, 0x00000003f1800000|
| 104|0x00000003f1c00000, 0x00000003f1c00000, 0x00000003f2000000|  0%| F|  |TS  0|AC  0|TAMS 0x00000003f1c00000, 0x00000003f1c00000|
| 105|0x00000003f2000000, 0x00000003f2000000, 0x00000003f2400000|  0%| F|  |TS  0|AC  0|TAMS 0x00000003f2000000, 0x00000003f2000000|
| 106|0x00000003f2400000, 0x00000003f2400000, 0x00000003f2800000|  0%| F|  |TS  0|AC  0|TAMS 0x00000003f2400000, 0x00000003f2400000|
| 107|0x00000003f2800000, 0x00000003f2800000, 0x00000003f2c00000|  0%| F|  |TS  0|AC  0|TAMS 0x00000003f2800000, 0x00000003f2800000|
| 108|0x00000003f2c00000, 0x00000003f2c00000, 0x00000003f3000000|  0%| F|  |TS  0|AC  0|TAMS 0x00000003f2c00000, 0x00000003f2c00000|
| 109|0x00000003f3000000, 0x00000003f3000000, 0x00000003f3400000|  0%| F|  |TS  0|AC  0|TAMS 0x00000003f3000000, 0x00000003f3000000|
| 110|0x00000003f3400000, 0x00000003f3400000, 0x00000003f3800000|  0%| F|  |TS  0|AC  0|TAMS 0x00000003f3400000, 0x00000003f3400000|
| 111|0x00000003f3800000, 0x00000003f3800000, 0x00000003f3c00000|  0%| F|  |TS  0|AC  0|TAMS 0x00000003f3800000, 0x00000003f3800000|
| 112|0x00000003f3c00000, 0x00000003f3c00000, 0x00000003f4000000|  0%| F|  |TS  0|AC  0|TAMS 0x00000003f3c00000, 0x00000003f3c00000|
| 113|0x00000003f4000000, 0x00000003f4000000, 0x00000003f4400000|  0%| F|  |TS  0|AC  0|TAMS 0x00000003f4000000, 0x00000003f4000000|
| 114|0x00000003f4400000, 0x00000003f4400000, 0x00000003f4800000|  0%| F|  |TS  0|AC  0|TAMS 0x00000003f4400000, 0x00000003f4400000|
| 115|0x00000003f4800000, 0x00000003f4800000, 0x00000003f4c00000|  0%| F|  |TS  0|AC  0|TAMS 0x00000003f4800000, 0x00000003f4800000|
| 116|0x00000003f4c00000, 0x00000003f4c00000, 0x00000003f5000000|  0%| F|  |TS  0|AC  0|TAMS 0x00000003f4c00000, 0x00000003f4c00000|
| 117|0x00000003f5000000, 0x00000003f5000000, 0x00000003f5400000|  0%| F|  |TS  0|AC  0|TAMS 0x00000003f5000000, 0x00000003f5000000|
| 118|0x00000003f5400000, 0x00000003f5400000, 0x00000003f5800000|  0%| F|  |TS  0|AC  0|TAMS 0x00000003f5400000, 0x00000003f5400000|
| 119|0x00000003f5800000, 0x00000003f5800000, 0x00000003f5c00000|  0%| F|  |TS  0|AC  0|TAMS 0x00000003f5800000, 0x00000003f5800000|
| 120|0x00000003f5c00000, 0x00000003f5c00000, 0x00000003f6000000|  0%| F|  |TS  0|AC  0|TAMS 0x00000003f5c00000, 0x00000003f5c00000|
| 121|0x00000003f6000000, 0x00000003f6000000, 0x00000003f6400000|  0%| F|  |TS  0|AC  0|TAMS 0x00000003f6000000, 0x00000003f6000000|
| 122|0x00000003f6400000, 0x00000003f6400000, 0x00000003f6800000|  0%| F|  |TS  0|AC  0|TAMS 0x00000003f6400000, 0x00000003f6400000|
| 123|0x00000003f6800000, 0x00000003f6800000, 0x00000003f6c00000|  0%| F|  |TS  0|AC  0|TAMS 0x00000003f6800000, 0x00000003f6800000|
| 124|0x00000003f6c00000, 0x00000003f6c00000, 0x00000003f7000000|  0%| F|  |TS  0|AC  0|TAMS 0x00000003f6c00000, 0x00000003f6c00000|
| 125|0x00000003f7000000, 0x00000003f7000000, 0x00000003f7400000|  0%| F|  |TS  0|AC  0|TAMS 0x00000003f7000000, 0x00000003f7000000|
| 126|0x00000003f7400000, 0x00000003f7400000, 0x00000003f7800000|  0%| F|  |TS  0|AC  0|TAMS 0x00000003f7400000, 0x00000003f7400000|
| 127|0x00000003f7800000, 0x00000003f7800000, 0x00000003f7c00000|  0%| F|  |TS  0|AC  0|TAMS 0x00000003f7800000, 0x00000003f7800000|
| 128|0x00000003f7c00000, 0x00000003f7c00000, 0x00000003f8000000|  0%| F|  |TS  0|AC  0|TAMS 0x00000003f7c00000, 0x00000003f7c00000|
| 129|0x00000003f8000000, 0x00000003f8000000, 0x00000003f8400000|  0%| F|  |TS  0|AC  0|TAMS 0x00000003f8000000, 0x00000003f8000000|
| 130|0x00000003f8400000, 0x00000003f8400000, 0x00000003f8800000|  0%| F|  |TS  0|AC  0|TAMS 0x00000003f8400000, 0x00000003f8400000|
| 131|0x00000003f8800000, 0x00000003f8800000, 0x00000003f8c00000|  0%| F|  |TS  0|AC  0|TAMS 0x00000003f8800000, 0x00000003f8800000|
| 132|0x00000003f8c00000, 0x00000003f8c00000, 0x00000003f9000000|  0%| F|  |TS  0|AC  0|TAMS 0x00000003f8c00000, 0x00000003f8c00000|
| 133|0x00000003f9000000, 0x00000003f9000000, 0x00000003f9400000|  0%| F|  |TS  0|AC  0|TAMS 0x00000003f9000000, 0x00000003f9000000|
| 134|0x00000003f9400000, 0x00000003f9400000, 0x00000003f9800000|  0%| F|  |TS  0|AC  0|TAMS 0x00000003f9400000, 0x00000003f9400000|
| 135|0x00000003f9800000, 0x00000003f9800000, 0x00000003f9c00000|  0%| F|  |TS  0|AC  0|TAMS 0x00000003f9800000, 0x00000003f9800000|
| 136|0x00000003f9c00000, 0x00000003f9c00000, 0x00000003fa000000|  0%| F|  |TS  0|AC  0|TAMS 0x00000003f9c00000, 0x00000003f9c00000|
| 137|0x00000003fa000000, 0x00000003fa000000, 0x00000003fa400000|  0%| F|  |TS  0|AC  0|TAMS 0x00000003fa000000, 0x00000003fa000000|
| 138|0x00000003fa400000, 0x00000003fa400000, 0x00000003fa800000|  0%| F|  |TS  0|AC  0|TAMS 0x00000003fa400000, 0x00000003fa400000|
| 139|0x00000003fa800000, 0x00000003fa800000, 0x00000003fac00000|  0%| F|  |TS  0|AC  0|TAMS 0x00000003fa800000, 0x00000003fa800000|
| 140|0x00000003fac00000, 0x00000003fac00000, 0x00000003fb000000|  0%| F|  |TS  0|AC  0|TAMS 0x00000003fac00000, 0x00000003fac00000|
| 141|0x00000003fb000000, 0x00000003fb000000, 0x00000003fb400000|  0%| F|  |TS  0|AC  0|TAMS 0x00000003fb000000, 0x00000003fb000000|
| 142|0x00000003fb400000, 0x00000003fb400000, 0x00000003fb800000|  0%| F|  |TS  0|AC  0|TAMS 0x00000003fb400000, 0x00000003fb400000|
| 143|0x00000003fb800000, 0x00000003fb800000, 0x00000003fbc00000|  0%| F|  |TS  0|AC  0|TAMS 0x00000003fb800000, 0x00000003fb800000|
| 144|0x00000003fbc00000, 0x00000003fbc00000, 0x00000003fc000000|  0%| F|  |TS  0|AC  0|TAMS 0x00000003fbc00000, 0x00000003fbc00000|
| 145|0x00000003fc000000, 0x00000003fc000000, 0x00000003fc400000|  0%| F|  |TS  0|AC  0|TAMS 0x00000003fc000000, 0x00000003fc000000|
| 146|0x00000003fc400000, 0x00000003fc400000, 0x00000003fc800000|  0%| F|  |TS  0|AC  0|TAMS 0x00000003fc400000, 0x00000003fc400000|
| 147|0x00000003fc800000, 0x00000003fc800000, 0x00000003fcc00000|  0%| F|  |TS  0|AC  0|TAMS 0x00000003fc800000, 0x00000003fc800000|
| 148|0x00000003fcc00000, 0x00000003fcc00000, 0x00000003fd000000|  0%| F|  |TS  0|AC  0|TAMS 0x00000003fcc00000, 0x00000003fcc00000|
| 149|0x00000003fd000000, 0x00000003fd000000, 0x00000003fd400000|  0%| F|  |TS  0|AC  0|TAMS 0x00000003fd000000, 0x00000003fd000000|
| 150|0x00000003fd400000, 0x00000003fd400000, 0x00000003fd800000|  0%| F|  |TS  0|AC  0|TAMS 0x00000003fd400000, 0x00000003fd400000|
| 151|0x00000003fd800000, 0x00000003fd800000, 0x00000003fdc00000|  0%| F|  |TS  0|AC  0|TAMS 0x00000003fd800000, 0x00000003fd800000|
| 152|0x00000003fdc00000, 0x00000003fdc00000, 0x00000003fe000000|  0%| F|  |TS  0|AC  0|TAMS 0x00000003fdc00000, 0x00000003fdc00000|
| 153|0x00000003fe000000, 0x00000003fe000000, 0x00000003fe400000|  0%| F|  |TS  0|AC  0|TAMS 0x00000003fe000000, 0x00000003fe000000|
| 154|0x00000003fe400000, 0x00000003fe400000, 0x00000003fe800000|  0%| F|  |TS  0|AC  0|TAMS 0x00000003fe400000, 0x00000003fe400000|
| 155|0x00000003fe800000, 0x00000003fe800000, 0x00000003fec00000|  0%| F|  |TS  0|AC  0|TAMS 0x00000003fe800000, 0x00000003fe800000|
| 156|0x00000003fec00000, 0x00000003fec00000, 0x00000003ff000000|  0%| F|  |TS  0|AC  0|TAMS 0x00000003fec00000, 0x00000003fec00000|
| 157|0x00000003ff000000, 0x00000003ff000000, 0x00000003ff400000|  0%| F|  |TS  0|AC  0|TAMS 0x00000003ff000000, 0x00000003ff000000|
| 158|0x00000003ff400000, 0x00000003ff400000, 0x00000003ff800000|  0%| F|  |TS  0|AC  0|TAMS 0x00000003ff400000, 0x00000003ff400000|
| 159|0x00000003ff800000, 0x00000003ff800000, 0x00000003ffc00000|  0%| F|  |TS  0|AC  0|TAMS 0x00000003ff800000, 0x00000003ff800000|
| 160|0x00000003ffc00000, 0x00000003ffc00000, 0x0000000400000000|  0%| F|  |TS  0|AC  0|TAMS 0x00000003ffc00000, 0x00000003ffc00000|
| 161|0x0000000400000000, 0x0000000400000000, 0x0000000400400000|  0%| F|  |TS  0|AC  0|TAMS 0x0000000400000000, 0x0000000400000000|
| 162|0x0000000400400000, 0x0000000400400000, 0x0000000400800000|  0%| F|  |TS  0|AC  0|TAMS 0x0000000400400000, 0x0000000400400000|
| 163|0x0000000400800000, 0x0000000400800000, 0x0000000400c00000|  0%| F|  |TS  0|AC  0|TAMS 0x0000000400800000, 0x0000000400800000|
| 164|0x0000000400c00000, 0x0000000400c00000, 0x0000000401000000|  0%| F|  |TS  0|AC  0|TAMS 0x0000000400c00000, 0x0000000400c00000|
| 165|0x0000000401000000, 0x0000000401000000, 0x0000000401400000|  0%| F|  |TS  0|AC  0|TAMS 0x0000000401000000, 0x0000000401000000|
| 166|0x0000000401400000, 0x0000000401400000, 0x0000000401800000|  0%| F|  |TS  0|AC  0|TAMS 0x0000000401400000, 0x0000000401400000|
| 167|0x0000000401800000, 0x0000000401800000, 0x0000000401c00000|  0%| F|  |TS  0|AC  0|TAMS 0x0000000401800000, 0x0000000401800000|
| 168|0x0000000401c00000, 0x0000000401c00000, 0x0000000402000000|  0%| F|  |TS  0|AC  0|TAMS 0x0000000401c00000, 0x0000000401c00000|
| 169|0x0000000402000000, 0x0000000402000000, 0x0000000402400000|  0%| F|  |TS  0|AC  0|TAMS 0x0000000402000000, 0x0000000402000000|
| 170|0x0000000402400000, 0x0000000402400000, 0x0000000402800000|  0%| F|  |TS  0|AC  0|TAMS 0x0000000402400000, 0x0000000402400000|
| 171|0x0000000402800000, 0x0000000402800000, 0x0000000402c00000|  0%| F|  |TS  0|AC  0|TAMS 0x0000000402800000, 0x0000000402800000|
| 172|0x0000000402c00000, 0x0000000402c00000, 0x0000000403000000|  0%| F|  |TS  0|AC  0|TAMS 0x0000000402c00000, 0x0000000402c00000|
| 173|0x0000000403000000, 0x0000000403000000, 0x0000000403400000|  0%| F|  |TS  0|AC  0|TAMS 0x0000000403000000, 0x0000000403000000|
| 174|0x0000000403400000, 0x0000000403400000, 0x0000000403800000|  0%| F|  |TS  0|AC  0|TAMS 0x0000000403400000, 0x0000000403400000|
| 175|0x0000000403800000, 0x0000000403800000, 0x0000000403c00000|  0%| F|  |TS  0|AC  0|TAMS 0x0000000403800000, 0x0000000403800000|
| 176|0x0000000403c00000, 0x0000000403c00000, 0x0000000404000000|  0%| F|  |TS  0|AC  0|TAMS 0x0000000403c00000, 0x0000000403c00000|
| 177|0x0000000404000000, 0x0000000404000000, 0x0000000404400000|  0%| F|  |TS  0|AC  0|TAMS 0x0000000404000000, 0x0000000404000000|
| 178|0x0000000404400000, 0x0000000404400000, 0x0000000404800000|  0%| F|  |TS  0|AC  0|TAMS 0x0000000404400000, 0x0000000404400000|
| 179|0x0000000404800000, 0x0000000404800000, 0x0000000404c00000|  0%| F|  |TS  0|AC  0|TAMS 0x0000000404800000, 0x0000000404800000|
| 180|0x0000000404c00000, 0x0000000404c00000, 0x0000000405000000|  0%| F|  |TS  0|AC  0|TAMS 0x0000000404c00000, 0x0000000404c00000|
| 181|0x0000000405000000, 0x0000000405000000, 0x0000000405400000|  0%| F|  |TS  0|AC  0|TAMS 0x0000000405000000, 0x0000000405000000|
| 182|0x0000000405400000, 0x0000000405400000, 0x0000000405800000|  0%| F|  |TS  0|AC  0|TAMS 0x0000000405400000, 0x0000000405400000|
| 183|0x0000000405800000, 0x0000000405800000, 0x0000000405c00000|  0%| F|  |TS  0|AC  0|TAMS 0x0000000405800000, 0x0000000405800000|
| 184|0x0000000405c00000, 0x0000000405c00000, 0x0000000406000000|  0%| F|  |TS  0|AC  0|TAMS 0x0000000405c00000, 0x0000000405c00000|
| 185|0x0000000406000000, 0x0000000406000000, 0x0000000406400000|  0%| F|  |TS  0|AC  0|TAMS 0x0000000406000000, 0x0000000406000000|
| 186|0x0000000406400000, 0x0000000406400000, 0x0000000406800000|  0%| F|  |TS  0|AC  0|TAMS 0x0000000406400000, 0x0000000406400000|
| 187|0x0000000406800000, 0x0000000406800000, 0x0000000406c00000|  0%| F|  |TS  0|AC  0|TAMS 0x0000000406800000, 0x0000000406800000|
| 188|0x0000000406c00000, 0x0000000406c00000, 0x0000000407000000|  0%| F|  |TS  0|AC  0|TAMS 0x0000000406c00000, 0x0000000406c00000|
| 189|0x0000000407000000, 0x0000000407000000, 0x0000000407400000|  0%| F|  |TS  0|AC  0|TAMS 0x0000000407000000, 0x0000000407000000|
| 190|0x0000000407400000, 0x0000000407400000, 0x0000000407800000|  0%| F|  |TS  0|AC  0|TAMS 0x0000000407400000, 0x0000000407400000|
| 191|0x0000000407800000, 0x0000000407800000, 0x0000000407c00000|  0%| F|  |TS  0|AC  0|TAMS 0x0000000407800000, 0x0000000407800000|
| 192|0x0000000407c00000, 0x0000000407c00000, 0x0000000408000000|  0%| F|  |TS  0|AC  0|TAMS 0x0000000407c00000, 0x0000000407c00000|
| 193|0x0000000408000000, 0x0000000408000000, 0x0000000408400000|  0%| F|  |TS  0|AC  0|TAMS 0x0000000408000000, 0x0000000408000000|
| 194|0x0000000408400000, 0x0000000408400000, 0x0000000408800000|  0%| F|  |TS  0|AC  0|TAMS 0x0000000408400000, 0x0000000408400000|
| 195|0x0000000408800000, 0x0000000408800000, 0x0000000408c00000|  0%| F|  |TS  0|AC  0|TAMS 0x0000000408800000, 0x0000000408800000|
| 196|0x0000000408c00000, 0x0000000408c00000, 0x0000000409000000|  0%| F|  |TS  0|AC  0|TAMS 0x0000000408c00000, 0x0000000408c00000|
| 197|0x0000000409000000, 0x0000000409000000, 0x0000000409400000|  0%| F|  |TS  0|AC  0|TAMS 0x0000000409000000, 0x0000000409000000|
| 198|0x0000000409400000, 0x0000000409400000, 0x0000000409800000|  0%| F|  |TS  0|AC  0|TAMS 0x0000000409400000, 0x0000000409400000|
| 199|0x0000000409800000, 0x0000000409800000, 0x0000000409c00000|  0%| F|  |TS  0|AC  0|TAMS 0x0000000409800000, 0x0000000409800000|
| 200|0x0000000409c00000, 0x0000000409c00000, 0x000000040a000000|  0%| F|  |TS  0|AC  0|TAMS 0x0000000409c00000, 0x0000000409c00000|
| 201|0x000000040a000000, 0x000000040a000000, 0x000000040a400000|  0%| F|  |TS  0|AC  0|TAMS 0x000000040a000000, 0x000000040a000000|
| 202|0x000000040a400000, 0x000000040a400000, 0x000000040a800000|  0%| F|  |TS  0|AC  0|TAMS 0x000000040a400000, 0x000000040a400000|
| 203|0x000000040a800000, 0x000000040a800000, 0x000000040ac00000|  0%| F|  |TS  0|AC  0|TAMS 0x000000040a800000, 0x000000040a800000|
| 204|0x000000040ac00000, 0x000000040ac00000, 0x000000040b000000|  0%| F|  |TS  0|AC  0|TAMS 0x000000040ac00000, 0x000000040ac00000|
| 205|0x000000040b000000, 0x000000040b000000, 0x000000040b400000|  0%| F|  |TS  0|AC  0|TAMS 0x000000040b000000, 0x000000040b000000|
| 206|0x000000040b400000, 0x000000040b400000, 0x000000040b800000|  0%| F|  |TS  0|AC  0|TAMS 0x000000040b400000, 0x000000040b400000|
| 207|0x000000040b800000, 0x000000040b800000, 0x000000040bc00000|  0%| F|  |TS  0|AC  0|TAMS 0x000000040b800000, 0x000000040b800000|
| 208|0x000000040bc00000, 0x000000040bc00000, 0x000000040c000000|  0%| F|  |TS  0|AC  0|TAMS 0x000000040bc00000, 0x000000040bc00000|
| 209|0x000000040c000000, 0x000000040c000000, 0x000000040c400000|  0%| F|  |TS  0|AC  0|TAMS 0x000000040c000000, 0x000000040c000000|
| 210|0x000000040c400000, 0x000000040c400000, 0x000000040c800000|  0%| F|  |TS  0|AC  0|TAMS 0x000000040c400000, 0x000000040c400000|
| 211|0x000000040c800000, 0x000000040c800000, 0x000000040cc00000|  0%| F|  |TS  0|AC  0|TAMS 0x000000040c800000, 0x000000040c800000|
| 212|0x000000040cc00000, 0x000000040cc00000, 0x000000040d000000|  0%| F|  |TS  0|AC  0|TAMS 0x000000040cc00000, 0x000000040cc00000|
| 213|0x000000040d000000, 0x000000040d000000, 0x000000040d400000|  0%| F|  |TS  0|AC  0|TAMS 0x000000040d000000, 0x000000040d000000|
| 214|0x000000040d400000, 0x000000040d400000, 0x000000040d800000|  0%| F|  |TS  0|AC  0|TAMS 0x000000040d400000, 0x000000040d400000|
| 215|0x000000040d800000, 0x000000040d800000, 0x000000040dc00000|  0%| F|  |TS  0|AC  0|TAMS 0x000000040d800000, 0x000000040d800000|
| 216|0x000000040dc00000, 0x000000040dc00000, 0x000000040e000000|  0%| F|  |TS  0|AC  0|TAMS 0x000000040dc00000, 0x000000040dc00000|
| 217|0x000000040e000000, 0x000000040e000000, 0x000000040e400000|  0%| F|  |TS  0|AC  0|TAMS 0x000000040e000000, 0x000000040e000000|
| 218|0x000000040e400000, 0x000000040e400000, 0x000000040e800000|  0%| F|  |TS  0|AC  0|TAMS 0x000000040e400000, 0x000000040e400000|
| 219|0x000000040e800000, 0x000000040e800000, 0x000000040ec00000|  0%| F|  |TS  0|AC  0|TAMS 0x000000040e800000, 0x000000040e800000|
| 220|0x000000040ec00000, 0x000000040ec00000, 0x000000040f000000|  0%| F|  |TS  0|AC  0|TAMS 0x000000040ec00000, 0x000000040ec00000|
| 221|0x000000040f000000, 0x000000040f000000, 0x000000040f400000|  0%| F|  |TS  0|AC  0|TAMS 0x000000040f000000, 0x000000040f000000|
| 222|0x000000040f400000, 0x000000040f400000, 0x000000040f800000|  0%| F|  |TS  0|AC  0|TAMS 0x000000040f400000, 0x000000040f400000|
| 223|0x000000040f800000, 0x000000040f800000, 0x000000040fc00000|  0%| F|  |TS  0|AC  0|TAMS 0x000000040f800000, 0x000000040f800000|
| 224|0x000000040fc00000, 0x000000040fc00000, 0x0000000410000000|  0%| F|  |TS  0|AC  0|TAMS 0x000000040fc00000, 0x000000040fc00000|
| 225|0x0000000410000000, 0x0000000410000000, 0x0000000410400000|  0%| F|  |TS  0|AC  0|TAMS 0x0000000410000000, 0x0000000410000000|
| 226|0x0000000410400000, 0x0000000410400000, 0x0000000410800000|  0%| F|  |TS  0|AC  0|TAMS 0x0000000410400000, 0x0000000410400000|
| 227|0x0000000410800000, 0x0000000410800000, 0x0000000410c00000|  0%| F|  |TS  0|AC  0|TAMS 0x0000000410800000, 0x0000000410800000|
| 228|0x0000000410c00000, 0x0000000410c00000, 0x0000000411000000|  0%| F|  |TS  0|AC  0|TAMS 0x0000000410c00000, 0x0000000410c00000|
| 229|0x0000000411000000, 0x0000000411000000, 0x0000000411400000|  0%| F|  |TS  0|AC  0|TAMS 0x0000000411000000, 0x0000000411000000|
| 230|0x0000000411400000, 0x0000000411400000, 0x0000000411800000|  0%| F|  |TS  0|AC  0|TAMS 0x0000000411400000, 0x0000000411400000|
| 231|0x0000000411800000, 0x0000000411800000, 0x0000000411c00000|  0%| F|  |TS  0|AC  0|TAMS 0x0000000411800000, 0x0000000411800000|
| 232|0x0000000411c00000, 0x0000000411c00000, 0x0000000412000000|  0%| F|  |TS  0|AC  0|TAMS 0x0000000411c00000, 0x0000000411c00000|
| 233|0x0000000412000000, 0x0000000412000000, 0x0000000412400000|  0%| F|  |TS  0|AC  0|TAMS 0x0000000412000000, 0x0000000412000000|
| 234|0x0000000412400000, 0x0000000412400000, 0x0000000412800000|  0%| F|  |TS  0|AC  0|TAMS 0x0000000412400000, 0x0000000412400000|
| 235|0x0000000412800000, 0x0000000412800000, 0x0000000412c00000|  0%| F|  |TS  0|AC  0|TAMS 0x0000000412800000, 0x0000000412800000|
| 236|0x0000000412c00000, 0x0000000412c00000, 0x0000000413000000|  0%| F|  |TS  0|AC  0|TAMS 0x0000000412c00000, 0x0000000412c00000|
| 237|0x0000000413000000, 0x0000000413000000, 0x0000000413400000|  0%| F|  |TS  0|AC  0|TAMS 0x0000000413000000, 0x0000000413000000|
| 238|0x0000000413400000, 0x0000000413400000, 0x0000000413800000|  0%| F|  |TS  0|AC  0|TAMS 0x0000000413400000, 0x0000000413400000|
| 239|0x0000000413800000, 0x0000000413800000, 0x0000000413c00000|  0%| F|  |TS  0|AC  0|TAMS 0x0000000413800000, 0x0000000413800000|
| 240|0x0000000413c00000, 0x0000000413c00000, 0x0000000414000000|  0%| F|  |TS  0|AC  0|TAMS 0x0000000413c00000, 0x0000000413c00000|
| 241|0x0000000414000000, 0x0000000414000000, 0x0000000414400000|  0%| F|  |TS  0|AC  0|TAMS 0x0000000414000000, 0x0000000414000000|
| 242|0x0000000414400000, 0x0000000414400000, 0x0000000414800000|  0%| F|  |TS  0|AC  0|TAMS 0x0000000414400000, 0x0000000414400000|
| 243|0x0000000414800000, 0x0000000414800000, 0x0000000414c00000|  0%| F|  |TS  0|AC  0|TAMS 0x0000000414800000, 0x0000000414800000|
| 244|0x0000000414c00000, 0x0000000414c00000, 0x0000000415000000|  0%| F|  |TS  0|AC  0|TAMS 0x0000000414c00000, 0x0000000414c00000|
| 245|0x0000000415000000, 0x0000000415000000, 0x0000000415400000|  0%| F|  |TS  0|AC  0|TAMS 0x0000000415000000, 0x0000000415000000|
| 246|0x0000000415400000, 0x0000000415400000, 0x0000000415800000|  0%| F|  |TS  0|AC  0|TAMS 0x0000000415400000, 0x0000000415400000|
| 247|0x0000000415800000, 0x00000004159ec0b0, 0x0000000415c00000| 48%| E|  |TS  0|AC  0|TAMS 0x0000000415800000, 0x0000000415800000|
| 248|0x0000000415c00000, 0x0000000416000000, 0x0000000416000000|100%| E|CS|TS  0|AC  0|TAMS 0x0000000415c00000, 0x0000000415c00000|
| 249|0x0000000416000000, 0x0000000416400000, 0x0000000416400000|100%| E|CS|TS  0|AC  0|TAMS 0x0000000416000000, 0x0000000416000000|
| 250|0x0000000416400000, 0x0000000416800000, 0x0000000416800000|100%| E|CS|TS  0|AC  0|TAMS 0x0000000416400000, 0x0000000416400000|

Card table byte_map: [0x00007fc99623a000,0x00007fc99817c000] byte_map_base: 0x00007fc99437c000

Marking Bits (Prev, Next): (CMBitMap*) 0x00007fca6009e820, (CMBitMap*) 0x00007fca6009e858
 Prev Bits: [0x00007fc9848e8000, 0x00007fc9942f8000)
 Next Bits: [0x00007fc974ed8000, 0x00007fc9848e8000)

Polling page: 0x00007fca664c8000

CodeHeap 'non-profiled nmethods': size=119172Kb used=179Kb max_used=179Kb free=118992Kb
 bounds [0x00007fca4d692000, 0x00007fca4d902000, 0x00007fca54af3000]
CodeHeap 'profiled nmethods': size=119172Kb used=305Kb max_used=305Kb free=118866Kb
 bounds [0x00007fca46231000, 0x00007fca464a1000, 0x00007fca4d692000]
CodeHeap 'non-nmethods': size=7416Kb used=2826Kb max_used=2861Kb free=4589Kb
 bounds [0x00007fca45af3000, 0x00007fca45dc3000, 0x00007fca46231000]
 total_blobs=633 nmethods=240 adapters=168
 compilation: enabled

Compilation events (10 events):
Event: 0.319 Thread 0x00007fca602b3000 nmethod 226 0x00007fca4d6afa10 code [0x00007fca4d6afc40, 0x00007fca4d6b0688]
Event: 0.349 Thread 0x00007fca602b4800 nmethod 235 0x00007fca4d6b1010 code [0x00007fca4d6b1320, 0x00007fca4d6b3830]
Event: 0.446 Thread 0x00007fca602ba000 nmethod 234 0x00007fca4d6b4b10 code [0x00007fca4d6b50e0, 0x00007fca4d6baf28]
Event: 0.447 Thread 0x00007fca602b8800  238       4       java.nio.CharBuffer::hasArray (20 bytes)
Event: 0.447 Thread 0x00007fca602ad000  239       4       java.nio.ByteBuffer::hasArray (20 bytes)
Event: 0.447 Thread 0x00007fca602b6800  240       4       java.io.FileDescriptor$1::getAppend (5 bytes)
Event: 0.447 Thread 0x00007fca602b6800 nmethod 240 0x00007fca4d6be390 code [0x00007fca4d6be520, 0x00007fca4d6be598]
Event: 0.447 Thread 0x00007fca602ad000 nmethod 239 0x00007fca4d6be690 code [0x00007fca4d6be820, 0x00007fca4d6be8b8]
Event: 0.447 Thread 0x00007fca602b8800 nmethod 238 0x00007fca4d6be990 code [0x00007fca4d6beb20, 0x00007fca4d6bebb8]
Event: 0.487 Thread 0x00007fca602bc000  241 %     3       org.eclipse.core.runtime.adaptor.EclipseStarter::main @ 4608 (7612 bytes)

GC Heap History (0 events):
No events

Deoptimization events (0 events):
No events

Classes redefined (0 events):
No events

Internal exceptions (0 events):
No events

Events (10 events):
Event: 0.269 Thread 0x00007fca60011800 DEOPT PACKING pc=0x00007fca4625a2a8 sp=0x00007fca64b72d30
Event: 0.269 Thread 0x00007fca60011800 DEOPT UNPACKING pc=0x00007fca45b40aab sp=0x00007fca64b721c8 mode 0
Event: 0.269 Thread 0x00007fca60011800 DEOPT PACKING pc=0x00007fca4625a2a8 sp=0x00007fca64b72d30
Event: 0.269 Thread 0x00007fca60011800 DEOPT UNPACKING pc=0x00007fca45b40aab sp=0x00007fca64b721c8 mode 0
Event: 0.270 Thread 0x00007fca60011800 DEOPT PACKING pc=0x00007fca4625a2a8 sp=0x00007fca64b72d30
Event: 0.270 Thread 0x00007fca60011800 DEOPT UNPACKING pc=0x00007fca45b40aab sp=0x00007fca64b721c8 mode 0
Event: 0.270 Thread 0x00007fca60011800 DEOPT PACKING pc=0x00007fca4625a2a8 sp=0x00007fca64b72d30
Event: 0.270 Thread 0x00007fca60011800 DEOPT UNPACKING pc=0x00007fca45b40aab sp=0x00007fca64b721c8 mode 0
Event: 0.270 Thread 0x00007fca60011800 DEOPT PACKING pc=0x00007fca4625a2a8 sp=0x00007fca64b72d30
Event: 0.270 Thread 0x00007fca60011800 DEOPT UNPACKING pc=0x00007fca45b40aab sp=0x00007fca64b721c8 mode 0


Dynamic libraries:
00400000-00401000 r-xp 00000000 00:65 77077150                           /root/oracle/jdk-9.0.4/bin/java
00600000-00601000 rw-p 00000000 00:65 77077150                           /root/oracle/jdk-9.0.4/bin/java
01207000-01228000 rw-p 00000000 00:00 0                                  [heap]
3d7c00000-416800000 rw-p 00000000 00:00 0 
416800000-7c0000000 ---p 00000000 00:00 0 
7c0000000-7c0080000 rw-p 00000000 00:00 0 
7c0080000-800000000 ---p 00000000 00:00 0 
7fc904000000-7fc904021000 rw-p 00000000 00:00 0 
7fc904021000-7fc908000000 ---p 00000000 00:00 0 
7fc90c000000-7fc90c021000 rw-p 00000000 00:00 0 
7fc90c021000-7fc910000000 ---p 00000000 00:00 0 
7fc910000000-7fc910021000 rw-p 00000000 00:00 0 
7fc910021000-7fc914000000 ---p 00000000 00:00 0 
7fc914000000-7fc91402b000 rw-p 00000000 00:00 0 
7fc91402b000-7fc918000000 ---p 00000000 00:00 0 
7fc918000000-7fc918021000 rw-p 00000000 00:00 0 
7fc918021000-7fc91c000000 ---p 00000000 00:00 0 
7fc91c000000-7fc91c04b000 rw-p 00000000 00:00 0 
7fc91c04b000-7fc920000000 ---p 00000000 00:00 0 
7fc920000000-7fc92005b000 rw-p 00000000 00:00 0 
7fc92005b000-7fc924000000 ---p 00000000 00:00 0 
7fc924000000-7fc92454b000 rw-p 00000000 00:00 0 
7fc92454b000-7fc928000000 ---p 00000000 00:00 0 
7fc928000000-7fc92805d000 rw-p 00000000 00:00 0 
7fc92805d000-7fc92c000000 ---p 00000000 00:00 0 
7fc92c000000-7fc92c344000 rw-p 00000000 00:00 0 
7fc92c344000-7fc930000000 ---p 00000000 00:00 0 
7fc930000000-7fc930162000 rw-p 00000000 00:00 0 
7fc930162000-7fc934000000 ---p 00000000 00:00 0 
7fc934000000-7fc9341b7000 rw-p 00000000 00:00 0 
7fc9341b7000-7fc938000000 ---p 00000000 00:00 0 
7fc938000000-7fc9383c9000 rw-p 00000000 00:00 0 
7fc9383c9000-7fc93c000000 ---p 00000000 00:00 0 
7fc93c000000-7fc93c1bf000 rw-p 00000000 00:00 0 
7fc93c1bf000-7fc940000000 ---p 00000000 00:00 0 
7fc940000000-7fc940198000 rw-p 00000000 00:00 0 
7fc940198000-7fc944000000 ---p 00000000 00:00 0 
7fc944000000-7fc944021000 rw-p 00000000 00:00 0 
7fc944021000-7fc948000000 ---p 00000000 00:00 0 
7fc948000000-7fc9480b0000 rw-p 00000000 00:00 0 
7fc9480b0000-7fc94c000000 ---p 00000000 00:00 0 
7fc94c000000-7fc94c021000 rw-p 00000000 00:00 0 
7fc94c021000-7fc950000000 ---p 00000000 00:00 0 
7fc950000000-7fc950021000 rw-p 00000000 00:00 0 
7fc950021000-7fc954000000 ---p 00000000 00:00 0 
7fc954000000-7fc954021000 rw-p 00000000 00:00 0 
7fc954021000-7fc958000000 ---p 00000000 00:00 0 
7fc958000000-7fc958021000 rw-p 00000000 00:00 0 
7fc958021000-7fc95c000000 ---p 00000000 00:00 0 
7fc95c596000-7fc95c8c4000 rw-p 00000000 00:00 0 
7fc95c8c4000-7fc95c8c5000 ---p 00000000 00:00 0 
7fc95c8c5000-7fc95c9c6000 rw-p 00000000 00:00 0 
7fc95c9c6000-7fc95c9ca000 ---p 00000000 00:00 0 
7fc95c9ca000-7fc95cac7000 rw-p 00000000 00:00 0 
7fc95cac7000-7fc95cacb000 ---p 00000000 00:00 0 
7fc95cacb000-7fc95cbc8000 rw-p 00000000 00:00 0 
7fc95cbc8000-7fc95cbde000 r-xp 00000000 00:65 77077477                   /root/oracle/jdk-9.0.4/lib/libnet.so
7fc95cbde000-7fc95cdde000 ---p 00016000 00:65 77077477                   /root/oracle/jdk-9.0.4/lib/libnet.so
7fc95cdde000-7fc95cddf000 rw-p 00016000 00:65 77077477                   /root/oracle/jdk-9.0.4/lib/libnet.so
7fc95cddf000-7fc95cdef000 r-xp 00000000 00:65 77077594                   /root/oracle/jdk-9.0.4/lib/libnio.so
7fc95cdef000-7fc95cfef000 ---p 00010000 00:65 77077594                   /root/oracle/jdk-9.0.4/lib/libnio.so
7fc95cfef000-7fc95cff0000 rw-p 00010000 00:65 77077594                   /root/oracle/jdk-9.0.4/lib/libnio.so
7fc95cff0000-7fc95cff4000 ---p 00000000 00:00 0 
7fc95cff4000-7fc95d0f1000 rw-p 00000000 00:00 0 
7fc95d0f1000-7fc95d0f5000 ---p 00000000 00:00 0 
7fc95d0f5000-7fc95d1f2000 rw-p 00000000 00:00 0 
7fc95d1f2000-7fc95d1f6000 ---p 00000000 00:00 0 
7fc95d1f6000-7fc95d2f3000 rw-p 00000000 00:00 0 
7fc95d2f3000-7fc95d2f7000 ---p 00000000 00:00 0 
7fc95d2f7000-7fc95d3f4000 rw-p 00000000 00:00 0 
7fc95d3f4000-7fc95d3f8000 ---p 00000000 00:00 0 
7fc95d3f8000-7fc95d4f5000 rw-p 00000000 00:00 0 
7fc95d4f5000-7fc95d4f9000 ---p 00000000 00:00 0 
7fc95d4f9000-7fc95d5f6000 rw-p 00000000 00:00 0 
7fc95d5f6000-7fc95d5fa000 ---p 00000000 00:00 0 
7fc95d5fa000-7fc95d6f7000 rw-p 00000000 00:00 0 
7fc95d6f7000-7fc95d6fb000 ---p 00000000 00:00 0 
7fc95d6fb000-7fc95d7f8000 rw-p 00000000 00:00 0 
7fc95d7f8000-7fc95d7fc000 ---p 00000000 00:00 0 
7fc95d7fc000-7fc95d8f9000 rw-p 00000000 00:00 0 
7fc95d8f9000-7fc95d8fd000 ---p 00000000 00:00 0 
7fc95d8fd000-7fc95d9fa000 rw-p 00000000 00:00 0 
7fc95d9fa000-7fc95d9fe000 ---p 00000000 00:00 0 
7fc95d9fe000-7fc95dafb000 rw-p 00000000 00:00 0 
7fc95dafb000-7fc95daff000 ---p 00000000 00:00 0 
7fc95daff000-7fc95dbfc000 rw-p 00000000 00:00 0 
7fc95dbfc000-7fc95dc00000 ---p 00000000 00:00 0 
7fc95dc00000-7fc95dcfd000 rw-p 00000000 00:00 0 
7fc95dcfd000-7fc95dd01000 ---p 00000000 00:00 0 
7fc95dd01000-7fc95ddfe000 rw-p 00000000 00:00 0 
7fc95ddfe000-7fc95de02000 ---p 00000000 00:00 0 
7fc95de02000-7fc95deff000 rw-p 00000000 00:00 0 
7fc95deff000-7fc95df03000 ---p 00000000 00:00 0 
7fc95df03000-7fc95e000000 rw-p 00000000 00:00 0 
7fc95e000000-7fc960000000 rwxp 00000000 00:00 0 
7fc960000000-7fc960021000 rw-p 00000000 00:00 0 
7fc960021000-7fc964000000 ---p 00000000 00:00 0 
7fc964000000-7fc964021000 rw-p 00000000 00:00 0 
7fc964021000-7fc968000000 ---p 00000000 00:00 0 
7fc968000000-7fc968021000 rw-p 00000000 00:00 0 
7fc968021000-7fc96c000000 ---p 00000000 00:00 0 
7fc96c000000-7fc96c021000 rw-p 00000000 00:00 0 
7fc96c021000-7fc970000000 ---p 00000000 00:00 0 
7fc970000000-7fc970021000 rw-p 00000000 00:00 0 
7fc970021000-7fc974000000 ---p 00000000 00:00 0 
7fc97405b000-7fc97405c000 ---p 00000000 00:00 0 
7fc97405c000-7fc974613000 rw-p 00000000 00:00 0 
7fc974613000-7fc9749d3000 ---p 00000000 00:00 0 
7fc9749d3000-7fc975e88000 rw-p 00000000 00:00 0 
7fc975e88000-7fc9848e8000 ---p 00000000 00:00 0 
7fc9848e8000-7fc985898000 rw-p 00000000 00:00 0 
7fc985898000-7fc9942f8000 ---p 00000000 00:00 0 
7fc9942f8000-7fc9944ee000 rw-p 00000000 00:00 0 
7fc9944ee000-7fc99623a000 ---p 00000000 00:00 0 
7fc99623a000-7fc996430000 rw-p 00000000 00:00 0 
7fc996430000-7fc99a0be000 ---p 00000000 00:00 0 
7fc99a0be000-7fc99a2b4000 rw-p 00000000 00:00 0 
7fc99a2b4000-7fc99c000000 ---p 00000000 00:00 0 
7fc99c000000-7fc99c021000 rw-p 00000000 00:00 0 
7fc99c021000-7fc9a0000000 ---p 00000000 00:00 0 
7fc9a0000000-7fc9a0021000 rw-p 00000000 00:00 0 
7fc9a0021000-7fc9a4000000 ---p 00000000 00:00 0 
7fc9a4000000-7fc9a4021000 rw-p 00000000 00:00 0 
7fc9a4021000-7fc9a8000000 ---p 00000000 00:00 0 
7fc9a8000000-7fc9a8021000 rw-p 00000000 00:00 0 
7fc9a8021000-7fc9ac000000 ---p 00000000 00:00 0 
7fc9ac000000-7fc9ac021000 rw-p 00000000 00:00 0 
7fc9ac021000-7fc9b0000000 ---p 00000000 00:00 0 
7fc9b0000000-7fc9b0021000 rw-p 00000000 00:00 0 
7fc9b0021000-7fc9b4000000 ---p 00000000 00:00 0 
7fc9b4000000-7fc9b4021000 rw-p 00000000 00:00 0 
7fc9b4021000-7fc9b8000000 ---p 00000000 00:00 0 
7fc9b8000000-7fc9b8021000 rw-p 00000000 00:00 0 
7fc9b8021000-7fc9bc000000 ---p 00000000 00:00 0 
7fc9bc000000-7fc9bc021000 rw-p 00000000 00:00 0 
7fc9bc021000-7fc9c0000000 ---p 00000000 00:00 0 
7fc9c0000000-7fc9c0021000 rw-p 00000000 00:00 0 
7fc9c0021000-7fc9c4000000 ---p 00000000 00:00 0 
7fc9c4000000-7fc9c4021000 rw-p 00000000 00:00 0 
7fc9c4021000-7fc9c8000000 ---p 00000000 00:00 0 
7fc9c8000000-7fc9c8021000 rw-p 00000000 00:00 0 
7fc9c8021000-7fc9cc000000 ---p 00000000 00:00 0 
7fc9cc000000-7fc9cc021000 rw-p 00000000 00:00 0 
7fc9cc021000-7fc9d0000000 ---p 00000000 00:00 0 
7fc9d0000000-7fc9d0021000 rw-p 00000000 00:00 0 
7fc9d0021000-7fc9d4000000 ---p 00000000 00:00 0 
7fc9d4000000-7fc9d4021000 rw-p 00000000 00:00 0 
7fc9d4021000-7fc9d8000000 ---p 00000000 00:00 0 
7fc9d8000000-7fc9d8021000 rw-p 00000000 00:00 0 
7fc9d8021000-7fc9dc000000 ---p 00000000 00:00 0 
7fc9dc000000-7fc9dc021000 rw-p 00000000 00:00 0 
7fc9dc021000-7fc9e0000000 ---p 00000000 00:00 0 
7fc9e0000000-7fc9e0021000 rw-p 00000000 00:00 0 
7fc9e0021000-7fc9e4000000 ---p 00000000 00:00 0 
7fc9e4000000-7fc9e4021000 rw-p 00000000 00:00 0 
7fc9e4021000-7fc9e8000000 ---p 00000000 00:00 0 
7fc9e8000000-7fc9e8021000 rw-p 00000000 00:00 0 
7fc9e8021000-7fc9ec000000 ---p 00000000 00:00 0 
7fc9ec000000-7fc9ec021000 rw-p 00000000 00:00 0 
7fc9ec021000-7fc9f0000000 ---p 00000000 00:00 0 
7fc9f0000000-7fc9f0021000 rw-p 00000000 00:00 0 
7fc9f0021000-7fc9f4000000 ---p 00000000 00:00 0 
7fc9f4065000-7fc9f4fcf000 rw-p 00000000 00:00 0 
7fc9f4fcf000-7fc9f4fd0000 ---p 00000000 00:00 0 
7fc9f4fd0000-7fc9f50d1000 rw-p 00000000 00:00 0 
7fc9f50d1000-7fc9f50d2000 ---p 00000000 00:00 0 
7fc9f50d2000-7fc9f51d3000 rw-p 00000000 00:00 0 
7fc9f51d3000-7fc9f51d4000 ---p 00000000 00:00 0 
7fc9f51d4000-7fc9f52d5000 rw-p 00000000 00:00 0 
7fc9f52d5000-7fc9f52d6000 ---p 00000000 00:00 0 
7fc9f52d6000-7fc9f53d7000 rw-p 00000000 00:00 0 
7fc9f53d7000-7fc9f53d8000 ---p 00000000 00:00 0 
7fc9f53d8000-7fc9f54d9000 rw-p 00000000 00:00 0 
7fc9f54d9000-7fc9f54da000 ---p 00000000 00:00 0 
7fc9f54da000-7fc9f5ac6000 rw-p 00000000 00:00 0 
7fc9f5ac6000-7fc9f5ac7000 ---p 00000000 00:00 0 
7fc9f5ac7000-7fc9f5bc8000 rw-p 00000000 00:00 0 
7fc9f5bc8000-7fc9f5bc9000 ---p 00000000 00:00 0 
7fc9f5bc9000-7fc9f5cca000 rw-p 00000000 00:00 0 
7fc9f5cca000-7fc9f5ccb000 ---p 00000000 00:00 0 
7fc9f5ccb000-7fc9f5dcc000 rw-p 00000000 00:00 0 
7fc9f5dcc000-7fc9f5dcd000 ---p 00000000 00:00 0 
7fc9f5dcd000-7fc9f5ece000 rw-p 00000000 00:00 0 
7fc9f5ece000-7fc9f5ecf000 ---p 00000000 00:00 0 
7fc9f5ecf000-7fc9f5fd0000 rw-p 00000000 00:00 0 
7fc9f5fd0000-7fc9f5fd1000 ---p 00000000 00:00 0 
7fc9f5fd1000-7fc9f60d2000 rw-p 00000000 00:00 0 
7fc9f60d2000-7fc9f60d3000 ---p 00000000 00:00 0 
7fc9f60d3000-7fc9f61d4000 rw-p 00000000 00:00 0 
7fc9f61d4000-7fc9f61d5000 ---p 00000000 00:00 0 
7fc9f61d5000-7fc9f62d6000 rw-p 00000000 00:00 0 
7fc9f62d6000-7fc9f62d7000 ---p 00000000 00:00 0 
7fc9f62d7000-7fc9f63d8000 rw-p 00000000 00:00 0 
7fc9f63d8000-7fc9f63d9000 ---p 00000000 00:00 0 
7fc9f63d9000-7fc9f64da000 rw-p 00000000 00:00 0 
7fc9f64da000-7fc9f64db000 ---p 00000000 00:00 0 
7fc9f64db000-7fc9f65dc000 rw-p 00000000 00:00 0 
7fc9f65dc000-7fc9f65dd000 ---p 00000000 00:00 0 
7fc9f65dd000-7fc9f66de000 rw-p 00000000 00:00 0 
7fc9f66de000-7fc9f66df000 ---p 00000000 00:00 0 
7fc9f66df000-7fc9f67e0000 rw-p 00000000 00:00 0 
7fc9f67e0000-7fc9f67e1000 ---p 00000000 00:00 0 
7fc9f67e1000-7fc9f68e2000 rw-p 00000000 00:00 0 
7fc9f68e2000-7fc9f68e3000 ---p 00000000 00:00 0 
7fc9f68e3000-7fc9f69e4000 rw-p 00000000 00:00 0 
7fc9f69e4000-7fc9f69e5000 ---p 00000000 00:00 0 
7fc9f69e5000-7fc9f6ae6000 rw-p 00000000 00:00 0 
7fc9f6ae6000-7fc9f6ae7000 ---p 00000000 00:00 0 
7fc9f6ae7000-7fc9f6be8000 rw-p 00000000 00:00 0 
7fc9f6be8000-7fc9f6be9000 ---p 00000000 00:00 0 
7fc9f6be9000-7fc9f6cea000 rw-p 00000000 00:00 0 
7fc9f6cea000-7fc9f6ceb000 ---p 00000000 00:00 0 
7fc9f6ceb000-7fc9f6dec000 rw-p 00000000 00:00 0 
7fc9f6dec000-7fc9f6ded000 ---p 00000000 00:00 0 
7fc9f6ded000-7fc9f6eee000 rw-p 00000000 00:00 0 
7fc9f6eee000-7fc9f6eef000 ---p 00000000 00:00 0 
7fc9f6eef000-7fc9f8000000 rw-p 00000000 00:00 0 
7fc9f8000000-7fc9f8021000 rw-p 00000000 00:00 0 
7fc9f8021000-7fc9fc000000 ---p 00000000 00:00 0 
7fc9fc000000-7fc9fc021000 rw-p 00000000 00:00 0 
7fc9fc021000-7fca00000000 ---p 00000000 00:00 0 
7fca00000000-7fca00021000 rw-p 00000000 00:00 0 
7fca00021000-7fca04000000 ---p 00000000 00:00 0 
7fca04000000-7fca04021000 rw-p 00000000 00:00 0 
7fca04021000-7fca08000000 ---p 00000000 00:00 0 
7fca08000000-7fca08021000 rw-p 00000000 00:00 0 
7fca08021000-7fca0c000000 ---p 00000000 00:00 0 
7fca0c000000-7fca0c021000 rw-p 00000000 00:00 0 
7fca0c021000-7fca10000000 ---p 00000000 00:00 0 
7fca10000000-7fca10021000 rw-p 00000000 00:00 0 
7fca10021000-7fca14000000 ---p 00000000 00:00 0 
7fca14000000-7fca14021000 rw-p 00000000 00:00 0 
7fca14021000-7fca18000000 ---p 00000000 00:00 0 
7fca18000000-7fca18021000 rw-p 00000000 00:00 0 
7fca18021000-7fca1c000000 ---p 00000000 00:00 0 
7fca1c000000-7fca1c021000 rw-p 00000000 00:00 0 
7fca1c021000-7fca20000000 ---p 00000000 00:00 0 
7fca20000000-7fca20021000 rw-p 00000000 00:00 0 
7fca20021000-7fca24000000 ---p 00000000 00:00 0 
7fca24000000-7fca24021000 rw-p 00000000 00:00 0 
7fca24021000-7fca28000000 ---p 00000000 00:00 0 
7fca28000000-7fca28021000 rw-p 00000000 00:00 0 
7fca28021000-7fca2c000000 ---p 00000000 00:00 0 
7fca2c000000-7fca2c021000 rw-p 00000000 00:00 0 
7fca2c021000-7fca30000000 ---p 00000000 00:00 0 
7fca30000000-7fca30021000 rw-p 00000000 00:00 0 
7fca30021000-7fca34000000 ---p 00000000 00:00 0 
7fca34000000-7fca34021000 rw-p 00000000 00:00 0 
7fca34021000-7fca38000000 ---p 00000000 00:00 0 
7fca38000000-7fca38021000 rw-p 00000000 00:00 0 
7fca38021000-7fca3c000000 ---p 00000000 00:00 0 
7fca3c000000-7fca3c021000 rw-p 00000000 00:00 0 
7fca3c021000-7fca40000000 ---p 00000000 00:00 0 
7fca40000000-7fca40021000 rw-p 00000000 00:00 0 
7fca40021000-7fca44000000 ---p 00000000 00:00 0 
7fca4400f000-7fca444ea000 rw-p 00000000 00:00 0 
7fca444ea000-7fca444eb000 ---p 00000000 00:00 0 
7fca444eb000-7fca445ec000 rw-p 00000000 00:00 0 
7fca445ec000-7fca445ed000 ---p 00000000 00:00 0 
7fca445ed000-7fca446ee000 rw-p 00000000 00:00 0 
7fca446ee000-7fca446ef000 ---p 00000000 00:00 0 
7fca446ef000-7fca447f0000 rw-p 00000000 00:00 0 
7fca447f0000-7fca447f1000 ---p 00000000 00:00 0 
7fca447f1000-7fca448f2000 rw-p 00000000 00:00 0 
7fca448f2000-7fca448f3000 ---p 00000000 00:00 0 
7fca448f3000-7fca449f4000 rw-p 00000000 00:00 0 
7fca449f4000-7fca449f5000 ---p 00000000 00:00 0 
7fca449f5000-7fca44af6000 rw-p 00000000 00:00 0 
7fca44af6000-7fca44af7000 ---p 00000000 00:00 0 
7fca44af7000-7fca44bf8000 rw-p 00000000 00:00 0 
7fca44bf8000-7fca44bf9000 ---p 00000000 00:00 0 
7fca44bf9000-7fca44cfa000 rw-p 00000000 00:00 0 
7fca44cfa000-7fca44cfb000 ---p 00000000 00:00 0 
7fca44cfb000-7fca44dfc000 rw-p 00000000 00:00 0 
7fca44dfc000-7fca44dfd000 ---p 00000000 00:00 0 
7fca44dfd000-7fca44efe000 rw-p 00000000 00:00 0 
7fca44efe000-7fca44eff000 ---p 00000000 00:00 0 
7fca44eff000-7fca45000000 rw-p 00000000 00:00 0 
7fca45000000-7fca45001000 ---p 00000000 00:00 0 
7fca45001000-7fca45102000 rw-p 00000000 00:00 0 
7fca45102000-7fca45103000 ---p 00000000 00:00 0 
7fca45103000-7fca45204000 rw-p 00000000 00:00 0 
7fca45204000-7fca45205000 ---p 00000000 00:00 0 
7fca45205000-7fca45306000 rw-p 00000000 00:00 0 
7fca45306000-7fca45307000 ---p 00000000 00:00 0 
7fca45307000-7fca45408000 rw-p 00000000 00:00 0 
7fca45408000-7fca45409000 ---p 00000000 00:00 0 
7fca45409000-7fca4550a000 rw-p 00000000 00:00 0 
7fca4550a000-7fca4550b000 ---p 00000000 00:00 0 
7fca4550b000-7fca4560c000 rw-p 00000000 00:00 0 
7fca4560c000-7fca4560d000 ---p 00000000 00:00 0 
7fca4560d000-7fca4570e000 rw-p 00000000 00:00 0 
7fca4570e000-7fca4570f000 ---p 00000000 00:00 0 
7fca4570f000-7fca45810000 rw-p 00000000 00:00 0 
7fca45810000-7fca45811000 ---p 00000000 00:00 0 
7fca45811000-7fca45917000 rw-p 00000000 00:00 0 
7fca45917000-7fca459fb000 ---p 00000000 00:00 0 
7fca459fb000-7fca45a00000 rw-p 00000000 00:00 0 
7fca45a00000-7fca45ae4000 ---p 00000000 00:00 0 
7fca45ae4000-7fca45aea000 rw-p 00000000 00:00 0 
7fca45aea000-7fca45af3000 ---p 00000000 00:00 0 
7fca45af3000-7fca45dc3000 rwxp 00000000 00:00 0 
7fca45dc3000-7fca46231000 ---p 00000000 00:00 0 
7fca46231000-7fca464a1000 rwxp 00000000 00:00 0 
7fca464a1000-7fca4d692000 ---p 00000000 00:00 0 
7fca4d692000-7fca4d902000 rwxp 00000000 00:00 0 
7fca4d902000-7fca54af3000 ---p 00000000 00:00 0 
7fca54af3000-7fca54b43000 rw-p 00000000 00:00 0 
7fca54b43000-7fca60000000 r--s 00000000 00:65 77077560                   /root/oracle/jdk-9.0.4/lib/modules
7fca60000000-7fca60431000 rw-p 00000000 00:00 0 
7fca60431000-7fca64000000 ---p 00000000 00:00 0 
7fca64001000-7fca641de000 r--s 03e31000 00:65 101727669                  /usr/local/java/jdk1.8.0_301/jre/lib/rt.jar
7fca641de000-7fca641f8000 r-xp 00000000 00:65 77077435                   /root/oracle/jdk-9.0.4/lib/libjimage.so
7fca641f8000-7fca643f7000 ---p 0001a000 00:65 77077435                   /root/oracle/jdk-9.0.4/lib/libjimage.so
7fca643f7000-7fca643f9000 rw-p 00019000 00:65 77077435                   /root/oracle/jdk-9.0.4/lib/libjimage.so
7fca643f9000-7fca6440b000 rw-p 00000000 00:00 0 
7fca6440b000-7fca64412000 r-xp 00000000 00:65 77083131                   /root/oracle/jdk-9.0.4/lib/libzip.so
7fca64412000-7fca64611000 ---p 00007000 00:65 77083131                   /root/oracle/jdk-9.0.4/lib/libzip.so
7fca64611000-7fca64612000 rw-p 00006000 00:65 77083131                   /root/oracle/jdk-9.0.4/lib/libzip.so
7fca64612000-7fca64615000 r--p 00000000 00:65 165034530                  /usr/lib/x86_64-linux-gnu/libnss_files-2.31.so
7fca64615000-7fca6461c000 r-xp 00003000 00:65 165034530                  /usr/lib/x86_64-linux-gnu/libnss_files-2.31.so
7fca6461c000-7fca6461e000 r--p 0000a000 00:65 165034530                  /usr/lib/x86_64-linux-gnu/libnss_files-2.31.so
7fca6461e000-7fca6461f000 r--p 0000b000 00:65 165034530                  /usr/lib/x86_64-linux-gnu/libnss_files-2.31.so
7fca6461f000-7fca64620000 rw-p 0000c000 00:65 165034530                  /usr/lib/x86_64-linux-gnu/libnss_files-2.31.so
7fca64620000-7fca64626000 rw-p 00000000 00:00 0 
7fca6462e000-7fca6462f000 rw-p 00000000 00:00 0 
7fca6462f000-7fca6465a000 r-xp 00000000 00:65 77077470                   /root/oracle/jdk-9.0.4/lib/libjava.so
7fca6465a000-7fca64859000 ---p 0002b000 00:65 77077470                   /root/oracle/jdk-9.0.4/lib/libjava.so
7fca64859000-7fca6485b000 rw-p 0002a000 00:65 77077470                   /root/oracle/jdk-9.0.4/lib/libjava.so
7fca6485b000-7fca64868000 r-xp 00000000 00:65 77077494                   /root/oracle/jdk-9.0.4/lib/libverify.so
7fca64868000-7fca64a67000 ---p 0000d000 00:65 77077494                   /root/oracle/jdk-9.0.4/lib/libverify.so
7fca64a67000-7fca64a69000 rw-p 0000c000 00:65 77077494                   /root/oracle/jdk-9.0.4/lib/libverify.so
7fca64a69000-7fca64a6c000 r--p 00000000 00:65 165034636                  /usr/lib/x86_64-linux-gnu/librt-2.31.so
7fca64a6c000-7fca64a70000 r-xp 00003000 00:65 165034636                  /usr/lib/x86_64-linux-gnu/librt-2.31.so
7fca64a70000-7fca64a71000 r--p 00007000 00:65 165034636                  /usr/lib/x86_64-linux-gnu/librt-2.31.so
7fca64a71000-7fca64a72000 ---p 00008000 00:65 165034636                  /usr/lib/x86_64-linux-gnu/librt-2.31.so
7fca64a72000-7fca64a73000 r--p 00008000 00:65 165034636                  /usr/lib/x86_64-linux-gnu/librt-2.31.so
7fca64a73000-7fca64a74000 rw-p 00009000 00:65 165034636                  /usr/lib/x86_64-linux-gnu/librt-2.31.so
7fca64a74000-7fca64a75000 ---p 00000000 00:00 0 
7fca64a75000-7fca64a76000 rw-p 00000000 00:00 0 
7fca64a76000-7fca64a7a000 ---p 00000000 00:00 0 
7fca64a7a000-7fca64b75000 rw-p 00000000 00:00 0 
7fca64b75000-7fca64b84000 r--p 00000000 00:65 165034468                  /usr/lib/x86_64-linux-gnu/libm-2.31.so
7fca64b84000-7fca64c2b000 r-xp 0000f000 00:65 165034468                  /usr/lib/x86_64-linux-gnu/libm-2.31.so
7fca64c2b000-7fca64cc2000 r--p 000b6000 00:65 165034468                  /usr/lib/x86_64-linux-gnu/libm-2.31.so
7fca64cc2000-7fca64cc3000 r--p 0014c000 00:65 165034468                  /usr/lib/x86_64-linux-gnu/libm-2.31.so
7fca64cc3000-7fca64cc4000 rw-p 0014d000 00:65 165034468                  /usr/lib/x86_64-linux-gnu/libm-2.31.so
7fca64cc4000-7fca65cd9000 r-xp 00000000 00:65 77083135                   /root/oracle/jdk-9.0.4/lib/server/libjvm.so
7fca65cd9000-7fca65ed8000 ---p 01015000 00:65 77083135                   /root/oracle/jdk-9.0.4/lib/server/libjvm.so
7fca65ed8000-7fca65fa9000 r--p 01014000 00:65 77083135                   /root/oracle/jdk-9.0.4/lib/server/libjvm.so
7fca65fa9000-7fca65fe0000 rw-p 010e5000 00:65 77083135                   /root/oracle/jdk-9.0.4/lib/server/libjvm.so
7fca65fe0000-7fca6604b000 rw-p 00000000 00:00 0 
7fca6604b000-7fca66070000 r--p 00000000 00:65 165034165                  /usr/lib/x86_64-linux-gnu/libc-2.31.so
7fca66070000-7fca661e8000 r-xp 00025000 00:65 165034165                  /usr/lib/x86_64-linux-gnu/libc-2.31.so
7fca661e8000-7fca66232000 r--p 0019d000 00:65 165034165                  /usr/lib/x86_64-linux-gnu/libc-2.31.so
7fca66232000-7fca66233000 ---p 001e7000 00:65 165034165                  /usr/lib/x86_64-linux-gnu/libc-2.31.so
7fca66233000-7fca66236000 r--p 001e7000 00:65 165034165                  /usr/lib/x86_64-linux-gnu/libc-2.31.so
7fca66236000-7fca66239000 rw-p 001ea000 00:65 165034165                  /usr/lib/x86_64-linux-gnu/libc-2.31.so
7fca66239000-7fca6623d000 rw-p 00000000 00:00 0 
7fca6623d000-7fca6623e000 r--p 00000000 00:65 165034236                  /usr/lib/x86_64-linux-gnu/libdl-2.31.so
7fca6623e000-7fca66240000 r-xp 00001000 00:65 165034236                  /usr/lib/x86_64-linux-gnu/libdl-2.31.so
7fca66240000-7fca66241000 r--p 00003000 00:65 165034236                  /usr/lib/x86_64-linux-gnu/libdl-2.31.so
7fca66241000-7fca66242000 r--p 00003000 00:65 165034236                  /usr/lib/x86_64-linux-gnu/libdl-2.31.so
7fca66242000-7fca66243000 rw-p 00004000 00:65 165034236                  /usr/lib/x86_64-linux-gnu/libdl-2.31.so
7fca66243000-7fca66251000 r-xp 00000000 00:65 77083142                   /root/oracle/jdk-9.0.4/lib/jli/libjli.so
7fca66251000-7fca66451000 ---p 0000e000 00:65 77083142                   /root/oracle/jdk-9.0.4/lib/jli/libjli.so
7fca66451000-7fca66452000 rw-p 0000e000 00:65 77083142                   /root/oracle/jdk-9.0.4/lib/jli/libjli.so
7fca66452000-7fca66459000 r--p 00000000 00:65 165034610                  /usr/lib/x86_64-linux-gnu/libpthread-2.31.so
7fca66459000-7fca6646a000 r-xp 00007000 00:65 165034610                  /usr/lib/x86_64-linux-gnu/libpthread-2.31.so
7fca6646a000-7fca6646f000 r--p 00018000 00:65 165034610                  /usr/lib/x86_64-linux-gnu/libpthread-2.31.so
7fca6646f000-7fca66470000 r--p 0001c000 00:65 165034610                  /usr/lib/x86_64-linux-gnu/libpthread-2.31.so
7fca66470000-7fca66471000 rw-p 0001d000 00:65 165034610                  /usr/lib/x86_64-linux-gnu/libpthread-2.31.so
7fca66471000-7fca66475000 rw-p 00000000 00:00 0 
7fca66475000-7fca66477000 r--p 00000000 00:65 165034796                  /usr/lib/x86_64-linux-gnu/libz.so.1.2.11
7fca66477000-7fca66488000 r-xp 00002000 00:65 165034796                  /usr/lib/x86_64-linux-gnu/libz.so.1.2.11
7fca66488000-7fca6648e000 r--p 00013000 00:65 165034796                  /usr/lib/x86_64-linux-gnu/libz.so.1.2.11
7fca6648e000-7fca6648f000 ---p 00019000 00:65 165034796                  /usr/lib/x86_64-linux-gnu/libz.so.1.2.11
7fca6648f000-7fca66490000 r--p 00019000 00:65 165034796                  /usr/lib/x86_64-linux-gnu/libz.so.1.2.11
7fca66490000-7fca66491000 rw-p 0001a000 00:65 165034796                  /usr/lib/x86_64-linux-gnu/libz.so.1.2.11
7fca66491000-7fca66499000 rw-s 00000000 00:65 71965686                   /tmp/hsperfdata_root/32066
7fca66499000-7fca6649c000 rw-p 00000000 00:00 0 
7fca6649c000-7fca6649d000 r--p 00000000 00:65 165033992                  /usr/lib/x86_64-linux-gnu/ld-2.31.so
7fca6649d000-7fca664c0000 r-xp 00001000 00:65 165033992                  /usr/lib/x86_64-linux-gnu/ld-2.31.so
7fca664c0000-7fca664c8000 r--p 00024000 00:65 165033992                  /usr/lib/x86_64-linux-gnu/ld-2.31.so
7fca664c8000-7fca664c9000 r--p 00000000 00:00 0 
7fca664c9000-7fca664ca000 r--p 0002c000 00:65 165033992                  /usr/lib/x86_64-linux-gnu/ld-2.31.so
7fca664ca000-7fca664cb000 rw-p 0002d000 00:65 165033992                  /usr/lib/x86_64-linux-gnu/ld-2.31.so
7fca664cb000-7fca664cc000 rw-p 00000000 00:00 0 
7fff9ffa2000-7fff9ffc3000 rw-p 00000000 00:00 0                          [stack]
7fff9ffc8000-7fff9ffcb000 r--p 00000000 00:00 0                          [vvar]
7fff9ffcb000-7fff9ffcc000 r-xp 00000000 00:00 0                          [vdso]
ffffffffff600000-ffffffffff601000 --xp 00000000 00:00 0                  [vsyscall]

VM Arguments:
jvm_args: -Xbootclasspath/a:/usr/local/java/jdk1.8.0_301/jre/lib/rt.jar -Xverify:none 
java_command: org.eclipse.core.runtime.adaptor.EclipseStarter -debug
java_class_path (initial): ./sootOutput/eclipse/
Launcher Type: SUN_STANDARD

Logging:
Log output configuration:
#0: stdout all=warning uptime,level,tags
#1: stderr all=off uptime,level,tags

Environment Variables:
JAVA_HOME=/root/oracle/jdk-9.0.4
JRE_HOME=/root/oracle/jdk-9.0.4
CLASSPATH=.:/root/oracle/jdk-9.0.4/lib:/JVMfuzzing/htm/CFSynthesis/resource/commons-lang3-3.12.0/commons-lang3-3.12.0.jar
PATH=/root/oracle/jdk-9.0.4/bin:/root/.vscode-server/bin/da76f93349a72022ca4670c1b84860304616aaa2/bin/remote-cli:/root/oracle/jdk-9.0.4/bin:/usr/local/sbin:/usr/local/bin:/usr/sbin:/usr/bin:/sbin:/bin:/usr/games:/usr/local/games:/snap/bin
SHELL=/bin/bash

Signal Handlers:
SIGSEGV: [libjvm.so+0xd4d370], sa_mask[0]=11111111011111111101111111111110, sa_flags=SA_RESTART|SA_SIGINFO
SIGBUS: [libjvm.so+0xd4d370], sa_mask[0]=11111111011111111101111111111110, sa_flags=SA_RESTART|SA_SIGINFO
SIGFPE: [libjvm.so+0xd4d370], sa_mask[0]=11111111011111111101111111111110, sa_flags=SA_RESTART|SA_SIGINFO
SIGPIPE: [libjvm.so+0xb64780], sa_mask[0]=11111111011111111101111111111110, sa_flags=SA_RESTART|SA_SIGINFO
SIGXFSZ: [libjvm.so+0xb64780], sa_mask[0]=11111111011111111101111111111110, sa_flags=SA_RESTART|SA_SIGINFO
SIGILL: [libjvm.so+0xd4d370], sa_mask[0]=11111111011111111101111111111110, sa_flags=SA_RESTART|SA_SIGINFO
SIGUSR2: [libjvm.so+0xb64640], sa_mask[0]=00100000000000000000000000000000, sa_flags=SA_RESTART|SA_SIGINFO
SIGHUP: [libjvm.so+0xb64850], sa_mask[0]=11111111011111111101111111111110, sa_flags=SA_RESTART|SA_SIGINFO
SIGINT: [libjvm.so+0xb64850], sa_mask[0]=11111111011111111101111111111110, sa_flags=SA_RESTART|SA_SIGINFO
SIGTERM: [libjvm.so+0xb64850], sa_mask[0]=11111111011111111101111111111110, sa_flags=SA_RESTART|SA_SIGINFO
SIGQUIT: [libjvm.so+0xb64850], sa_mask[0]=11111111011111111101111111111110, sa_flags=SA_RESTART|SA_SIGINFO


---------------  S Y S T E M  ---------------

OS:DISTRIB_ID=Ubuntu
DISTRIB_RELEASE=20.04
DISTRIB_CODENAME=focal
DISTRIB_DESCRIPTION="Ubuntu 20.04.3 LTS"
uname:Linux 5.4.0-124-generic #140~18.04.1-Ubuntu SMP Fri Aug 5 11:43:34 UTC 2022 x86_64
libc:glibc 2.31 NPTL 2.31 
rlimit: STACK 8192k, CORE infinity, NPROC infinity, NOFILE 1048576, AS infinity
load average:48.24 42.55 40.12

/proc/meminfo:
MemTotal:       65549624 kB
MemFree:         5259980 kB
MemAvailable:   32341920 kB
Buffers:         5872980 kB
Cached:          3701308 kB
SwapCached:         8092 kB
Active:         33639716 kB
Inactive:        6459436 kB
Active(anon):   26527280 kB
Inactive(anon):  4018444 kB
Active(file):    7112436 kB
Inactive(file):  2440992 kB
Unevictable:          16 kB
Mlocked:              16 kB
SwapTotal:       2097148 kB
SwapFree:              0 kB
Dirty:             27728 kB
Writeback:             4 kB
AnonPages:      30517128 kB
Mapped:           837104 kB
Shmem:             25608 kB
KReclaimable:   18260436 kB
Slab:           19429584 kB
SReclaimable:   18260436 kB
SUnreclaim:      1169148 kB
KernelStack:       78648 kB
PageTables:       244188 kB
NFS_Unstable:          0 kB
Bounce:                0 kB
WritebackTmp:          0 kB
CommitLimit:    34871960 kB
Committed_AS:   86315416 kB
VmallocTotal:   34359738367 kB
VmallocUsed:      161496 kB
VmallocChunk:          0 kB
Percpu:            32512 kB
HardwareCorrupted:     0 kB
AnonHugePages:         0 kB
ShmemHugePages:        0 kB
ShmemPmdMapped:        0 kB
FileHugePages:         0 kB
FilePmdMapped:         0 kB
CmaTotal:              0 kB
CmaFree:               0 kB
HugePages_Total:       0
HugePages_Free:        0
HugePages_Rsvd:        0
HugePages_Surp:        0
Hugepagesize:       2048 kB
Hugetlb:               0 kB
DirectMap4k:    15497632 kB
DirectMap2M:    51298304 kB
DirectMap1G:           0 kB


CPU:total 28 (initial active 28) (14 cores per cpu, 2 threads per core) family 6 model 85 stepping 4, cmov, cx8, fxsr, mmx, sse, sse2, sse3, ssse3, sse4.1, sse4.2, popcnt, avx, avx2, aes, clmul, erms, rtm, 3dnowpref, lzcnt, ht, tsc, tscinvbit, bmi1, bmi2, adx, fma
CPU Model and flags from /proc/cpuinfo:
model name	: Intel(R) Core(TM) i9-9940X CPU @ 3.30GHz
flags		: fpu vme de pse tsc msr pae mce cx8 apic sep mtrr pge mca cmov pat pse36 clflush dts acpi mmx fxsr sse sse2 ss ht tm pbe syscall nx pdpe1gb rdtscp lm constant_tsc art arch_perfmon pebs bts rep_good nopl xtopology nonstop_tsc cpuid aperfmperf pni pclmulqdq dtes64 monitor ds_cpl vmx est tm2 ssse3 sdbg fma cx16 xtpr pdcm pcid dca sse4_1 sse4_2 x2apic movbe popcnt tsc_deadline_timer aes xsave avx f16c rdrand lahf_lm abm 3dnowprefetch cpuid_fault epb cat_l3 cdp_l3 invpcid_single pti ssbd mba ibrs ibpb stibp tpr_shadow vnmi flexpriority ept vpid ept_ad fsgsbase tsc_adjust bmi1 hle avx2 smep bmi2 erms invpcid rtm cqm mpx rdt_a avx512f avx512dq rdseed adx smap clflushopt clwb intel_pt avx512cd avx512bw avx512vl xsaveopt xsavec xgetbv1 xsaves cqm_llc cqm_occup_llc cqm_mbm_total cqm_mbm_local dtherm ida arat pln pts hwp hwp_act_window hwp_epp hwp_pkg_req md_clear flush_l1d arch_capabilities

Memory: 4k page, physical 65549624k(5259980k free), swap 2097148k(0k free)

vm_info: Java HotSpot(TM) 64-Bit Server VM (9.0.4+11) for linux-amd64 JRE (9.0.4+11), built on Dec 19 2017 18:12:19 by "mach5one" with gcc 4.9.2

END.
