#
# A fatal error has been detected by the Java Runtime Environment:
#
#  SIGSEGV (0xb) at pc=0x00007f089d5a9b2c, pid=14209, tid=14273
#
# JRE version: Java(TM) SE Runtime Environment (9.0+11) (build 9.0.4+11)
# Java VM: Java HotSpot(TM) 64-Bit Server VM (9.0.4+11, mixed mode, tiered, compressed oops, g1 gc, linux-amd64)
# Problematic frame:
# V  [libjvm.so+0x48eb2c]  Canonicalizer::do_If(If*)+0x1c
#
# Core dump will be written. Default location: Core dumps may be processed with "/usr/share/apport/apport -p%p -s%s -c%c -d%d -P%P -u%u -g%g -- %E" (or dumping to /JVMfuzzing/zjy/classming/Fuzzing-Testing-of-JVM-Implementations/core.14209)
#
# If you would like to submit a bug report, please visit:
#   http://bugreport.java.com/bugreport/crash.jsp
#

---------------  S U M M A R Y ------------

Command Line: -Xbootclasspath/a:/usr/local/java/jdk1.8.0_301/jre/lib/rt.jar -Xverify:none org.eclipse.core.runtime.adaptor.EclipseStarter -debug

Host: Intel(R) Core(TM) i9-9940X CPU @ 3.30GHz, 28 cores, 62G, Ubuntu 20.04.3 LTS
Time: Thu Nov  3 09:08:32 2022 UTC elapsed time: 0 seconds (0d 0h 0m 0s)

---------------  T H R E A D  ---------------

Current thread (0x00007f08982bd800):  JavaThread "C1 CompilerThread9" daemon [_thread_in_native, id=14273, stack(0x00007f07957e7000,0x00007f07958e8000)]


Current CompileTask:
C1:    755  255 %     3       org.eclipse.core.runtime.adaptor.EclipseStarter::main @ 4578 (5766 bytes)

Stack: [0x00007f07957e7000,0x00007f07958e8000],  sp=0x00007f07958e60c0,  free space=1020k
Native frames: (J=compiled Java code, A=aot compiled Java code, j=interpreted, Vv=VM code, C=native code)
V  [libjvm.so+0x48eb2c]  Canonicalizer::do_If(If*)+0x1c
V  [libjvm.so+0x4a0452]  GraphBuilder::append_with_bci(Instruction*, int)+0x42
V  [libjvm.so+0x4a3526]  GraphBuilder::if_node(Instruction*, Instruction::Condition, Instruction*, ValueStack*)+0x2a6
V  [libjvm.so+0x4b137a]  GraphBuilder::iterate_bytecodes_for_block(int)+0x198a
V  [libjvm.so+0x4b1ad5]  GraphBuilder::iterate_all_blocks(bool)+0x85
V  [libjvm.so+0x4b1ec9]  GraphBuilder::GraphBuilder(Compilation*, IRScope*)+0x389
V  [libjvm.so+0x4b70a8]  IR::IR(Compilation*, ciMethod*, int)+0x1e8
V  [libjvm.so+0x497832]  Compilation::build_hir() [clone .part.93]+0x162
V  [libjvm.so+0x499633]  Compilation::compile_java_method()+0x3c3
V  [libjvm.so+0x4997af]  Compilation::compile_method()+0x12f
V  [libjvm.so+0x499c31]  Compilation::Compilation(AbstractCompiler*, ciEnv*, ciMethod*, int, BufferBlob*, DirectiveSet*)+0x271
V  [libjvm.so+0x49ac1e]  Compiler::compile_method(ciEnv*, ciMethod*, int, DirectiveSet*)+0xae
V  [libjvm.so+0x6125ac]  CompileBroker::invoke_compiler_on_method(CompileTask*)+0x41c
V  [libjvm.so+0x61344b]  CompileBroker::compiler_thread_loop()+0x28b
V  [libjvm.so+0xcef338]  JavaThread::thread_main_inner()+0xd8
V  [libjvm.so+0xb6e132]  thread_native_entry(Thread*)+0xf2
C  [libpthread.so.0+0x9609]  start_thread+0xd9


siginfo: si_signo: 11 (SIGSEGV), si_code: 1 (SEGV_MAPERR), si_addr: 0x0000000000000018

Register to memory mapping:

RAX=0x0000000000000000 is an unknown value
RBX=0x00007f075c0aacc0 is an unknown value
RCX=0x00007f07958e6800 is pointing into the stack for thread: 0x00007f08982bd800
RDX=0x00007f075c0aacc0 is an unknown value
RSP=0x00007f07958e60c0 is pointing into the stack for thread: 0x00007f08982bd800
RBP=0x00007f07958e6130 is pointing into the stack for thread: 0x00007f08982bd800
RSI=0x00007f075c0aacc0 is an unknown value
RDI=0x00007f07958e6160 is pointing into the stack for thread: 0x00007f08982bd800
R8 =0x00007f075c0aa440 is an unknown value
R9 =0x00007f075c0a9190 is an unknown value
R10=0x00007f0754154574 is an unknown value
R11=0x0000000000000000 is an unknown value
R12=0x00007f075c0aad60 is an unknown value
R13=0x00007f07958e6460 is pointing into the stack for thread: 0x00007f08982bd800
R14=0x00007f075c0aacc0 is an unknown value
R15=0x00007f075c0aad60 is an unknown value


Registers:
RAX=0x0000000000000000, RBX=0x00007f075c0aacc0, RCX=0x00007f07958e6800, RDX=0x00007f075c0aacc0
RSP=0x00007f07958e60c0, RBP=0x00007f07958e6130, RSI=0x00007f075c0aacc0, RDI=0x00007f07958e6160
R8 =0x00007f075c0aa440, R9 =0x00007f075c0a9190, R10=0x00007f0754154574, R11=0x0000000000000000
R12=0x00007f075c0aad60, R13=0x00007f07958e6460, R14=0x00007f075c0aacc0, R15=0x00007f075c0aad60
RIP=0x00007f089d5a9b2c, EFLAGS=0x0000000000010206, CSGSFS=0x002b000000000033, ERR=0x0000000000000004
  TRAPNO=0x000000000000000e

Top of Stack: (sp=0x00007f07958e60c0)
0x00007f07958e60c0:   0000000000000003 00000000000000f9
0x00007f07958e60d0:   00007f07958e6170 00007f089d64d675
0x00007f07958e60e0:   00007f07958e6110 00007f089d5d669f
0x00007f07958e60f0:   00000003958e6120 00007f07958e6160 

Instructions: (pc=0x00007f089d5a9b2c)
0x00007f089d5a9b0c:   ff 90 66 90 55 48 89 e5 41 57 41 56 41 55 41 54
0x00007f089d5a9b1c:   53 48 89 f3 48 83 ec 48 48 8b 46 70 48 89 7d c8
0x00007f089d5a9b2c:   48 8b 78 18 48 8b 07 ff 50 18 84 c0 0f 85 a2 00
0x00007f089d5a9b3c:   00 00 4c 8b 63 70 48 8b 83 80 00 00 00 49 39 c4 


---------------  P R O C E S S  ---------------

Java Threads: ( => current thread )
  0x00007f0898369000 JavaThread "Service Thread" daemon [_thread_blocked, id=14279, stack(0x00007f0794e89000,0x00007f0794f8a000)]
  0x00007f08982d9800 JavaThread "Common-Cleaner" daemon [_thread_blocked, id=14278, stack(0x00007f0794f8a000,0x00007f079508b000)]
  0x00007f08982c3000 JavaThread "Sweeper thread" daemon [_thread_blocked, id=14276, stack(0x00007f07954e4000,0x00007f07955e5000)]
  0x00007f08982c1000 JavaThread "C1 CompilerThread11" daemon [_thread_blocked, id=14275, stack(0x00007f07955e5000,0x00007f07956e6000)]
  0x00007f08982bf000 JavaThread "C1 CompilerThread10" daemon [_thread_blocked, id=14274, stack(0x00007f07956e6000,0x00007f07957e7000)]
=>0x00007f08982bd800 JavaThread "C1 CompilerThread9" daemon [_thread_in_native, id=14273, stack(0x00007f07957e7000,0x00007f07958e8000)]
  0x00007f08982bb800 JavaThread "C1 CompilerThread8" daemon [_thread_blocked, id=14272, stack(0x00007f07958e8000,0x00007f07959e9000)]
  0x00007f08982b9800 JavaThread "C2 CompilerThread7" daemon [_thread_blocked, id=14271, stack(0x00007f07959e9000,0x00007f0795aea000)]
  0x00007f08982b8000 JavaThread "C2 CompilerThread6" daemon [_thread_blocked, id=14270, stack(0x00007f0795aea000,0x00007f0795beb000)]
  0x00007f08982b6000 JavaThread "C2 CompilerThread5" daemon [_thread_blocked, id=14269, stack(0x00007f0795beb000,0x00007f0795cec000)]
  0x00007f08982b4800 JavaThread "C2 CompilerThread4" daemon [_thread_blocked, id=14268, stack(0x00007f0795cec000,0x00007f0795ded000)]
  0x00007f08982b2800 JavaThread "C2 CompilerThread3" daemon [_thread_blocked, id=14267, stack(0x00007f0795ded000,0x00007f0795eee000)]
  0x00007f08982b1000 JavaThread "C2 CompilerThread2" daemon [_thread_blocked, id=14266, stack(0x00007f0795eee000,0x00007f0795fef000)]
  0x00007f08982af000 JavaThread "C2 CompilerThread1" daemon [_thread_blocked, id=14265, stack(0x00007f0795fef000,0x00007f07960f0000)]
  0x00007f08982ad000 JavaThread "C2 CompilerThread0" daemon [_thread_blocked, id=14264, stack(0x00007f07960f0000,0x00007f07961f1000)]
  0x00007f08982ab000 JavaThread "Signal Dispatcher" daemon [_thread_blocked, id=14263, stack(0x00007f07961f1000,0x00007f07962f2000)]
  0x00007f0898291000 JavaThread "Finalizer" daemon [_thread_blocked, id=14262, stack(0x00007f07962f2000,0x00007f07963f3000)]
  0x00007f0898288800 JavaThread "Reference Handler" daemon [_thread_blocked, id=14261, stack(0x00007f07963f3000,0x00007f07964f4000)]
  0x00007f0898011800 JavaThread "main" [_thread_in_vm, id=14211, stack(0x00007f089cecd000,0x00007f089cfcc000)]

Other Threads:
  0x00007f0898281000 VMThread "VM Thread" [stack: 0x00007f07964f6000,0x00007f07965f6000] [id=14260]
  0x00007f089836b800 WatcherThread [stack: 0x00007f0794d89000,0x00007f0794e89000] [id=14280]
  0x00007f0898034000 GCTaskThread "GC Thread#0" [stack: 0x00007f089c127000,0x00007f089c227000] [id=14212]
  0x00007f0898035800 GCTaskThread "GC Thread#1" [stack: 0x00007f089c025000,0x00007f089c125000] [id=14213]
  0x00007f0898037000 GCTaskThread "GC Thread#2" [stack: 0x00007f087da43000,0x00007f087db43000] [id=14214]
  0x00007f0898039000 GCTaskThread "GC Thread#3" [stack: 0x00007f087d941000,0x00007f087da41000] [id=14215]
  0x00007f089803a800 GCTaskThread "GC Thread#4" [stack: 0x00007f087d83f000,0x00007f087d93f000] [id=14216]
  0x00007f089803c800 GCTaskThread "GC Thread#5" [stack: 0x00007f087d73d000,0x00007f087d83d000] [id=14217]
  0x00007f089803e000 GCTaskThread "GC Thread#6" [stack: 0x00007f087d63b000,0x00007f087d73b000] [id=14218]
  0x00007f089803f800 GCTaskThread "GC Thread#7" [stack: 0x00007f087d539000,0x00007f087d639000] [id=14219]
  0x00007f0898041800 GCTaskThread "GC Thread#8" [stack: 0x00007f087d437000,0x00007f087d537000] [id=14220]
  0x00007f0898043000 GCTaskThread "GC Thread#9" [stack: 0x00007f087d335000,0x00007f087d435000] [id=14221]
  0x00007f0898045000 GCTaskThread "GC Thread#10" [stack: 0x00007f087d233000,0x00007f087d333000] [id=14222]
  0x00007f0898046800 GCTaskThread "GC Thread#11" [stack: 0x00007f087d131000,0x00007f087d231000] [id=14223]
  0x00007f0898048800 GCTaskThread "GC Thread#12" [stack: 0x00007f087d02f000,0x00007f087d12f000] [id=14224]
  0x00007f089804a000 GCTaskThread "GC Thread#13" [stack: 0x00007f087cf2d000,0x00007f087d02d000] [id=14225]
  0x00007f089804c000 GCTaskThread "GC Thread#14" [stack: 0x00007f087ce2b000,0x00007f087cf2b000] [id=14227]
  0x00007f089804d800 GCTaskThread "GC Thread#15" [stack: 0x00007f087cd29000,0x00007f087ce29000] [id=14228]
  0x00007f089804f800 GCTaskThread "GC Thread#16" [stack: 0x00007f087cc27000,0x00007f087cd27000] [id=14229]
  0x00007f0898051000 GCTaskThread "GC Thread#17" [stack: 0x00007f087cb25000,0x00007f087cc25000] [id=14230]
  0x00007f0898052800 GCTaskThread "GC Thread#18" [stack: 0x00007f087ca23000,0x00007f087cb23000] [id=14231]
  0x00007f0898054800 GCTaskThread "GC Thread#19" [stack: 0x00007f087c921000,0x00007f087ca21000] [id=14232]
  0x00007f089809f800 ConcurrentGCThread "G1 Main Marker" [stack: 0x00007f07ae82f000,0x00007f07ae92f000] [id=14254]
  0x00007f08980a1000 ConcurrentGCThread "G1 Marker#0" [stack: 0x00007f07ae72d000,0x00007f07ae82d000] [id=14255]
  0x00007f08980a3000 ConcurrentGCThread "G1 Marker#1" [stack: 0x00007f07ae62b000,0x00007f07ae72b000] [id=14256]
  0x00007f08980a4800 ConcurrentGCThread "G1 Marker#2" [stack: 0x00007f07ae529000,0x00007f07ae629000] [id=14257]
  0x00007f08980a6800 ConcurrentGCThread "G1 Marker#3" [stack: 0x00007f07ae427000,0x00007f07ae527000] [id=14258]
  0x00007f08980a8000 ConcurrentGCThread "G1 Marker#4" [stack: 0x00007f07ae325000,0x00007f07ae425000] [id=14259]
  0x00007f0898079000 ConcurrentGCThread "G1 Refine#0" [stack: 0x00007f082e0cf000,0x00007f082e1cf000] [id=14252]
  0x00007f0898077000 ConcurrentGCThread "G1 Refine#1" [stack: 0x00007f082e1d1000,0x00007f082e2d1000] [id=14251]
  0x00007f0898075000 ConcurrentGCThread "G1 Refine#2" [stack: 0x00007f082e2d3000,0x00007f082e3d3000] [id=14250]
  0x00007f0898073800 ConcurrentGCThread "G1 Refine#3" [stack: 0x00007f082e3d5000,0x00007f082e4d5000] [id=14249]
  0x00007f0898071800 ConcurrentGCThread "G1 Refine#4" [stack: 0x00007f082e4d7000,0x00007f082e5d7000] [id=14248]
  0x00007f0898070000 ConcurrentGCThread "G1 Refine#5" [stack: 0x00007f082e5d9000,0x00007f082e6d9000] [id=14247]
  0x00007f089806e000 ConcurrentGCThread "G1 Refine#6" [stack: 0x00007f082e6db000,0x00007f082e7db000] [id=14246]
  0x00007f089806c800 ConcurrentGCThread "G1 Refine#7" [stack: 0x00007f082e7dd000,0x00007f082e8dd000] [id=14245]
  0x00007f089806a800 ConcurrentGCThread "G1 Refine#8" [stack: 0x00007f082e8df000,0x00007f082e9df000] [id=14244]
  0x00007f0898069000 ConcurrentGCThread "G1 Refine#9" [stack: 0x00007f082e9e1000,0x00007f082eae1000] [id=14243]
  0x00007f0898067000 ConcurrentGCThread "G1 Refine#10" [stack: 0x00007f082eae3000,0x00007f082ebe3000] [id=14242]
  0x00007f0898065000 ConcurrentGCThread "G1 Refine#11" [stack: 0x00007f082ebe5000,0x00007f082ece5000] [id=14241]
  0x00007f0898063800 ConcurrentGCThread "G1 Refine#12" [stack: 0x00007f082ece7000,0x00007f082ede7000] [id=14240]
  0x00007f0898061800 ConcurrentGCThread "G1 Refine#13" [stack: 0x00007f082ede9000,0x00007f082eee9000] [id=14239]
  0x00007f0898060000 ConcurrentGCThread "G1 Refine#14" [stack: 0x00007f082eeeb000,0x00007f082efeb000] [id=14238]
  0x00007f089805e000 ConcurrentGCThread "G1 Refine#15" [stack: 0x00007f082efed000,0x00007f082f0ed000] [id=14237]
  0x00007f089805c800 ConcurrentGCThread "G1 Refine#16" [stack: 0x00007f082f0ef000,0x00007f082f1ef000] [id=14236]
  0x00007f089805a800 ConcurrentGCThread "G1 Refine#17" [stack: 0x00007f082f1f1000,0x00007f082f2f1000] [id=14235]
  0x00007f0898059000 ConcurrentGCThread "G1 Refine#18" [stack: 0x00007f082f2f3000,0x00007f082f3f3000] [id=14234]
  0x00007f0898057000 ConcurrentGCThread "G1 Refine#19" [stack: 0x00007f082f3f5000,0x00007f082f4f5000] [id=14233]
  0x00007f089807a800 ConcurrentGCThread "G1 Young RemSet Sampling" [stack: 0x00007f082dfcd000,0x00007f082e0cd000] [id=14253]

Threads with active compile tasks:
C1 CompilerThread9 255 %     3       org.eclipse.core.runtime.adaptor.EclipseStarter::main @ 4578 (5766 bytes)

VM state:not at safepoint (normal execution)

VM Mutex/Monitor currently owned by a thread: None

Heap address: 0x00000003d7c00000, size: 16004 MB, Compressed Oops mode: Zero based, Oop shift amount: 3
Narrow klass base: 0x0000000000000000, Narrow klass shift: 3
Compressed class space size: 1073741824 Address: 0x00000007c0000000

Heap:
 garbage-first heap   total 1028096K, used 8192K [0x00000003d7c00000, 0x00000003d80007d8, 0x00000007c0000000)
  region size 4096K, 3 young (12288K), 0 survivors (0K)
 Metaspace       used 4303K, capacity 4614K, committed 4864K, reserved 1056768K
  class space    used 355K, capacity 386K, committed 512K, reserved 1048576K
Heap Regions: E=young(eden), S=young(survivor), O=old, HS=humongous(starts), HC=humongous(continues), CS=collection set, F=free, A=archive, TS=gc time stamp, AC=allocation context, TAMS=top-at-mark-start (previous, next)
|   0|0x00000003d7c00000, 0x00000003d7c00000, 0x00000003d8000000|  0%| F|  |TS  0|AC  0|TAMS 0x00000003d7c00000, 0x00000003d7c00000|
|   1|0x00000003d8000000, 0x00000003d8000000, 0x00000003d8400000|  0%| F|  |TS  0|AC  0|TAMS 0x00000003d8000000, 0x00000003d8000000|
|   2|0x00000003d8400000, 0x00000003d8400000, 0x00000003d8800000|  0%| F|  |TS  0|AC  0|TAMS 0x00000003d8400000, 0x00000003d8400000|
|   3|0x00000003d8800000, 0x00000003d8800000, 0x00000003d8c00000|  0%| F|  |TS  0|AC  0|TAMS 0x00000003d8800000, 0x00000003d8800000|
|   4|0x00000003d8c00000, 0x00000003d8c00000, 0x00000003d9000000|  0%| F|  |TS  0|AC  0|TAMS 0x00000003d8c00000, 0x00000003d8c00000|
|   5|0x00000003d9000000, 0x00000003d9000000, 0x00000003d9400000|  0%| F|  |TS  0|AC  0|TAMS 0x00000003d9000000, 0x00000003d9000000|
|   6|0x00000003d9400000, 0x00000003d9400000, 0x00000003d9800000|  0%| F|  |TS  0|AC  0|TAMS 0x00000003d9400000, 0x00000003d9400000|
|   7|0x00000003d9800000, 0x00000003d9800000, 0x00000003d9c00000|  0%| F|  |TS  0|AC  0|TAMS 0x00000003d9800000, 0x00000003d9800000|
|   8|0x00000003d9c00000, 0x00000003d9c00000, 0x00000003da000000|  0%| F|  |TS  0|AC  0|TAMS 0x00000003d9c00000, 0x00000003d9c00000|
|   9|0x00000003da000000, 0x00000003da000000, 0x00000003da400000|  0%| F|  |TS  0|AC  0|TAMS 0x00000003da000000, 0x00000003da000000|
|  10|0x00000003da400000, 0x00000003da400000, 0x00000003da800000|  0%| F|  |TS  0|AC  0|TAMS 0x00000003da400000, 0x00000003da400000|
|  11|0x00000003da800000, 0x00000003da800000, 0x00000003dac00000|  0%| F|  |TS  0|AC  0|TAMS 0x00000003da800000, 0x00000003da800000|
|  12|0x00000003dac00000, 0x00000003dac00000, 0x00000003db000000|  0%| F|  |TS  0|AC  0|TAMS 0x00000003dac00000, 0x00000003dac00000|
|  13|0x00000003db000000, 0x00000003db000000, 0x00000003db400000|  0%| F|  |TS  0|AC  0|TAMS 0x00000003db000000, 0x00000003db000000|
|  14|0x00000003db400000, 0x00000003db400000, 0x00000003db800000|  0%| F|  |TS  0|AC  0|TAMS 0x00000003db400000, 0x00000003db400000|
|  15|0x00000003db800000, 0x00000003db800000, 0x00000003dbc00000|  0%| F|  |TS  0|AC  0|TAMS 0x00000003db800000, 0x00000003db800000|
|  16|0x00000003dbc00000, 0x00000003dbc00000, 0x00000003dc000000|  0%| F|  |TS  0|AC  0|TAMS 0x00000003dbc00000, 0x00000003dbc00000|
|  17|0x00000003dc000000, 0x00000003dc000000, 0x00000003dc400000|  0%| F|  |TS  0|AC  0|TAMS 0x00000003dc000000, 0x00000003dc000000|
|  18|0x00000003dc400000, 0x00000003dc400000, 0x00000003dc800000|  0%| F|  |TS  0|AC  0|TAMS 0x00000003dc400000, 0x00000003dc400000|
|  19|0x00000003dc800000, 0x00000003dc800000, 0x00000003dcc00000|  0%| F|  |TS  0|AC  0|TAMS 0x00000003dc800000, 0x00000003dc800000|
|  20|0x00000003dcc00000, 0x00000003dcc00000, 0x00000003dd000000|  0%| F|  |TS  0|AC  0|TAMS 0x00000003dcc00000, 0x00000003dcc00000|
|  21|0x00000003dd000000, 0x00000003dd000000, 0x00000003dd400000|  0%| F|  |TS  0|AC  0|TAMS 0x00000003dd000000, 0x00000003dd000000|
|  22|0x00000003dd400000, 0x00000003dd400000, 0x00000003dd800000|  0%| F|  |TS  0|AC  0|TAMS 0x00000003dd400000, 0x00000003dd400000|
|  23|0x00000003dd800000, 0x00000003dd800000, 0x00000003ddc00000|  0%| F|  |TS  0|AC  0|TAMS 0x00000003dd800000, 0x00000003dd800000|
|  24|0x00000003ddc00000, 0x00000003ddc00000, 0x00000003de000000|  0%| F|  |TS  0|AC  0|TAMS 0x00000003ddc00000, 0x00000003ddc00000|
|  25|0x00000003de000000, 0x00000003de000000, 0x00000003de400000|  0%| F|  |TS  0|AC  0|TAMS 0x00000003de000000, 0x00000003de000000|
|  26|0x00000003de400000, 0x00000003de400000, 0x00000003de800000|  0%| F|  |TS  0|AC  0|TAMS 0x00000003de400000, 0x00000003de400000|
|  27|0x00000003de800000, 0x00000003de800000, 0x00000003dec00000|  0%| F|  |TS  0|AC  0|TAMS 0x00000003de800000, 0x00000003de800000|
|  28|0x00000003dec00000, 0x00000003dec00000, 0x00000003df000000|  0%| F|  |TS  0|AC  0|TAMS 0x00000003dec00000, 0x00000003dec00000|
|  29|0x00000003df000000, 0x00000003df000000, 0x00000003df400000|  0%| F|  |TS  0|AC  0|TAMS 0x00000003df000000, 0x00000003df000000|
|  30|0x00000003df400000, 0x00000003df400000, 0x00000003df800000|  0%| F|  |TS  0|AC  0|TAMS 0x00000003df400000, 0x00000003df400000|
|  31|0x00000003df800000, 0x00000003df800000, 0x00000003dfc00000|  0%| F|  |TS  0|AC  0|TAMS 0x00000003df800000, 0x00000003df800000|
|  32|0x00000003dfc00000, 0x00000003dfc00000, 0x00000003e0000000|  0%| F|  |TS  0|AC  0|TAMS 0x00000003dfc00000, 0x00000003dfc00000|
|  33|0x00000003e0000000, 0x00000003e0000000, 0x00000003e0400000|  0%| F|  |TS  0|AC  0|TAMS 0x00000003e0000000, 0x00000003e0000000|
|  34|0x00000003e0400000, 0x00000003e0400000, 0x00000003e0800000|  0%| F|  |TS  0|AC  0|TAMS 0x00000003e0400000, 0x00000003e0400000|
|  35|0x00000003e0800000, 0x00000003e0800000, 0x00000003e0c00000|  0%| F|  |TS  0|AC  0|TAMS 0x00000003e0800000, 0x00000003e0800000|
|  36|0x00000003e0c00000, 0x00000003e0c00000, 0x00000003e1000000|  0%| F|  |TS  0|AC  0|TAMS 0x00000003e0c00000, 0x00000003e0c00000|
|  37|0x00000003e1000000, 0x00000003e1000000, 0x00000003e1400000|  0%| F|  |TS  0|AC  0|TAMS 0x00000003e1000000, 0x00000003e1000000|
|  38|0x00000003e1400000, 0x00000003e1400000, 0x00000003e1800000|  0%| F|  |TS  0|AC  0|TAMS 0x00000003e1400000, 0x00000003e1400000|
|  39|0x00000003e1800000, 0x00000003e1800000, 0x00000003e1c00000|  0%| F|  |TS  0|AC  0|TAMS 0x00000003e1800000, 0x00000003e1800000|
|  40|0x00000003e1c00000, 0x00000003e1c00000, 0x00000003e2000000|  0%| F|  |TS  0|AC  0|TAMS 0x00000003e1c00000, 0x00000003e1c00000|
|  41|0x00000003e2000000, 0x00000003e2000000, 0x00000003e2400000|  0%| F|  |TS  0|AC  0|TAMS 0x00000003e2000000, 0x00000003e2000000|
|  42|0x00000003e2400000, 0x00000003e2400000, 0x00000003e2800000|  0%| F|  |TS  0|AC  0|TAMS 0x00000003e2400000, 0x00000003e2400000|
|  43|0x00000003e2800000, 0x00000003e2800000, 0x00000003e2c00000|  0%| F|  |TS  0|AC  0|TAMS 0x00000003e2800000, 0x00000003e2800000|
|  44|0x00000003e2c00000, 0x00000003e2c00000, 0x00000003e3000000|  0%| F|  |TS  0|AC  0|TAMS 0x00000003e2c00000, 0x00000003e2c00000|
|  45|0x00000003e3000000, 0x00000003e3000000, 0x00000003e3400000|  0%| F|  |TS  0|AC  0|TAMS 0x00000003e3000000, 0x00000003e3000000|
|  46|0x00000003e3400000, 0x00000003e3400000, 0x00000003e3800000|  0%| F|  |TS  0|AC  0|TAMS 0x00000003e3400000, 0x00000003e3400000|
|  47|0x00000003e3800000, 0x00000003e3800000, 0x00000003e3c00000|  0%| F|  |TS  0|AC  0|TAMS 0x00000003e3800000, 0x00000003e3800000|
|  48|0x00000003e3c00000, 0x00000003e3c00000, 0x00000003e4000000|  0%| F|  |TS  0|AC  0|TAMS 0x00000003e3c00000, 0x00000003e3c00000|
|  49|0x00000003e4000000, 0x00000003e4000000, 0x00000003e4400000|  0%| F|  |TS  0|AC  0|TAMS 0x00000003e4000000, 0x00000003e4000000|
|  50|0x00000003e4400000, 0x00000003e4400000, 0x00000003e4800000|  0%| F|  |TS  0|AC  0|TAMS 0x00000003e4400000, 0x00000003e4400000|
|  51|0x00000003e4800000, 0x00000003e4800000, 0x00000003e4c00000|  0%| F|  |TS  0|AC  0|TAMS 0x00000003e4800000, 0x00000003e4800000|
|  52|0x00000003e4c00000, 0x00000003e4c00000, 0x00000003e5000000|  0%| F|  |TS  0|AC  0|TAMS 0x00000003e4c00000, 0x00000003e4c00000|
|  53|0x00000003e5000000, 0x00000003e5000000, 0x00000003e5400000|  0%| F|  |TS  0|AC  0|TAMS 0x00000003e5000000, 0x00000003e5000000|
|  54|0x00000003e5400000, 0x00000003e5400000, 0x00000003e5800000|  0%| F|  |TS  0|AC  0|TAMS 0x00000003e5400000, 0x00000003e5400000|
|  55|0x00000003e5800000, 0x00000003e5800000, 0x00000003e5c00000|  0%| F|  |TS  0|AC  0|TAMS 0x00000003e5800000, 0x00000003e5800000|
|  56|0x00000003e5c00000, 0x00000003e5c00000, 0x00000003e6000000|  0%| F|  |TS  0|AC  0|TAMS 0x00000003e5c00000, 0x00000003e5c00000|
|  57|0x00000003e6000000, 0x00000003e6000000, 0x00000003e6400000|  0%| F|  |TS  0|AC  0|TAMS 0x00000003e6000000, 0x00000003e6000000|
|  58|0x00000003e6400000, 0x00000003e6400000, 0x00000003e6800000|  0%| F|  |TS  0|AC  0|TAMS 0x00000003e6400000, 0x00000003e6400000|
|  59|0x00000003e6800000, 0x00000003e6800000, 0x00000003e6c00000|  0%| F|  |TS  0|AC  0|TAMS 0x00000003e6800000, 0x00000003e6800000|
|  60|0x00000003e6c00000, 0x00000003e6c00000, 0x00000003e7000000|  0%| F|  |TS  0|AC  0|TAMS 0x00000003e6c00000, 0x00000003e6c00000|
|  61|0x00000003e7000000, 0x00000003e7000000, 0x00000003e7400000|  0%| F|  |TS  0|AC  0|TAMS 0x00000003e7000000, 0x00000003e7000000|
|  62|0x00000003e7400000, 0x00000003e7400000, 0x00000003e7800000|  0%| F|  |TS  0|AC  0|TAMS 0x00000003e7400000, 0x00000003e7400000|
|  63|0x00000003e7800000, 0x00000003e7800000, 0x00000003e7c00000|  0%| F|  |TS  0|AC  0|TAMS 0x00000003e7800000, 0x00000003e7800000|
|  64|0x00000003e7c00000, 0x00000003e7c00000, 0x00000003e8000000|  0%| F|  |TS  0|AC  0|TAMS 0x00000003e7c00000, 0x00000003e7c00000|
|  65|0x00000003e8000000, 0x00000003e8000000, 0x00000003e8400000|  0%| F|  |TS  0|AC  0|TAMS 0x00000003e8000000, 0x00000003e8000000|
|  66|0x00000003e8400000, 0x00000003e8400000, 0x00000003e8800000|  0%| F|  |TS  0|AC  0|TAMS 0x00000003e8400000, 0x00000003e8400000|
|  67|0x00000003e8800000, 0x00000003e8800000, 0x00000003e8c00000|  0%| F|  |TS  0|AC  0|TAMS 0x00000003e8800000, 0x00000003e8800000|
|  68|0x00000003e8c00000, 0x00000003e8c00000, 0x00000003e9000000|  0%| F|  |TS  0|AC  0|TAMS 0x00000003e8c00000, 0x00000003e8c00000|
|  69|0x00000003e9000000, 0x00000003e9000000, 0x00000003e9400000|  0%| F|  |TS  0|AC  0|TAMS 0x00000003e9000000, 0x00000003e9000000|
|  70|0x00000003e9400000, 0x00000003e9400000, 0x00000003e9800000|  0%| F|  |TS  0|AC  0|TAMS 0x00000003e9400000, 0x00000003e9400000|
|  71|0x00000003e9800000, 0x00000003e9800000, 0x00000003e9c00000|  0%| F|  |TS  0|AC  0|TAMS 0x00000003e9800000, 0x00000003e9800000|
|  72|0x00000003e9c00000, 0x00000003e9c00000, 0x00000003ea000000|  0%| F|  |TS  0|AC  0|TAMS 0x00000003e9c00000, 0x00000003e9c00000|
|  73|0x00000003ea000000, 0x00000003ea000000, 0x00000003ea400000|  0%| F|  |TS  0|AC  0|TAMS 0x00000003ea000000, 0x00000003ea000000|
|  74|0x00000003ea400000, 0x00000003ea400000, 0x00000003ea800000|  0%| F|  |TS  0|AC  0|TAMS 0x00000003ea400000, 0x00000003ea400000|
|  75|0x00000003ea800000, 0x00000003ea800000, 0x00000003eac00000|  0%| F|  |TS  0|AC  0|TAMS 0x00000003ea800000, 0x00000003ea800000|
|  76|0x00000003eac00000, 0x00000003eac00000, 0x00000003eb000000|  0%| F|  |TS  0|AC  0|TAMS 0x00000003eac00000, 0x00000003eac00000|
|  77|0x00000003eb000000, 0x00000003eb000000, 0x00000003eb400000|  0%| F|  |TS  0|AC  0|TAMS 0x00000003eb000000, 0x00000003eb000000|
|  78|0x00000003eb400000, 0x00000003eb400000, 0x00000003eb800000|  0%| F|  |TS  0|AC  0|TAMS 0x00000003eb400000, 0x00000003eb400000|
|  79|0x00000003eb800000, 0x00000003eb800000, 0x00000003ebc00000|  0%| F|  |TS  0|AC  0|TAMS 0x00000003eb800000, 0x00000003eb800000|
|  80|0x00000003ebc00000, 0x00000003ebc00000, 0x00000003ec000000|  0%| F|  |TS  0|AC  0|TAMS 0x00000003ebc00000, 0x00000003ebc00000|
|  81|0x00000003ec000000, 0x00000003ec000000, 0x00000003ec400000|  0%| F|  |TS  0|AC  0|TAMS 0x00000003ec000000, 0x00000003ec000000|
|  82|0x00000003ec400000, 0x00000003ec400000, 0x00000003ec800000|  0%| F|  |TS  0|AC  0|TAMS 0x00000003ec400000, 0x00000003ec400000|
|  83|0x00000003ec800000, 0x00000003ec800000, 0x00000003ecc00000|  0%| F|  |TS  0|AC  0|TAMS 0x00000003ec800000, 0x00000003ec800000|
|  84|0x00000003ecc00000, 0x00000003ecc00000, 0x00000003ed000000|  0%| F|  |TS  0|AC  0|TAMS 0x00000003ecc00000, 0x00000003ecc00000|
|  85|0x00000003ed000000, 0x00000003ed000000, 0x00000003ed400000|  0%| F|  |TS  0|AC  0|TAMS 0x00000003ed000000, 0x00000003ed000000|
|  86|0x00000003ed400000, 0x00000003ed400000, 0x00000003ed800000|  0%| F|  |TS  0|AC  0|TAMS 0x00000003ed400000, 0x00000003ed400000|
|  87|0x00000003ed800000, 0x00000003ed800000, 0x00000003edc00000|  0%| F|  |TS  0|AC  0|TAMS 0x00000003ed800000, 0x00000003ed800000|
|  88|0x00000003edc00000, 0x00000003edc00000, 0x00000003ee000000|  0%| F|  |TS  0|AC  0|TAMS 0x00000003edc00000, 0x00000003edc00000|
|  89|0x00000003ee000000, 0x00000003ee000000, 0x00000003ee400000|  0%| F|  |TS  0|AC  0|TAMS 0x00000003ee000000, 0x00000003ee000000|
|  90|0x00000003ee400000, 0x00000003ee400000, 0x00000003ee800000|  0%| F|  |TS  0|AC  0|TAMS 0x00000003ee400000, 0x00000003ee400000|
|  91|0x00000003ee800000, 0x00000003ee800000, 0x00000003eec00000|  0%| F|  |TS  0|AC  0|TAMS 0x00000003ee800000, 0x00000003ee800000|
|  92|0x00000003eec00000, 0x00000003eec00000, 0x00000003ef000000|  0%| F|  |TS  0|AC  0|TAMS 0x00000003eec00000, 0x00000003eec00000|
|  93|0x00000003ef000000, 0x00000003ef000000, 0x00000003ef400000|  0%| F|  |TS  0|AC  0|TAMS 0x00000003ef000000, 0x00000003ef000000|
|  94|0x00000003ef400000, 0x00000003ef400000, 0x00000003ef800000|  0%| F|  |TS  0|AC  0|TAMS 0x00000003ef400000, 0x00000003ef400000|
|  95|0x00000003ef800000, 0x00000003ef800000, 0x00000003efc00000|  0%| F|  |TS  0|AC  0|TAMS 0x00000003ef800000, 0x00000003ef800000|
|  96|0x00000003efc00000, 0x00000003efc00000, 0x00000003f0000000|  0%| F|  |TS  0|AC  0|TAMS 0x00000003efc00000, 0x00000003efc00000|
|  97|0x00000003f0000000, 0x00000003f0000000, 0x00000003f0400000|  0%| F|  |TS  0|AC  0|TAMS 0x00000003f0000000, 0x00000003f0000000|
|  98|0x00000003f0400000, 0x00000003f0400000, 0x00000003f0800000|  0%| F|  |TS  0|AC  0|TAMS 0x00000003f0400000, 0x00000003f0400000|
|  99|0x00000003f0800000, 0x00000003f0800000, 0x00000003f0c00000|  0%| F|  |TS  0|AC  0|TAMS 0x00000003f0800000, 0x00000003f0800000|
| 100|0x00000003f0c00000, 0x00000003f0c00000, 0x00000003f1000000|  0%| F|  |TS  0|AC  0|TAMS 0x00000003f0c00000, 0x00000003f0c00000|
| 101|0x00000003f1000000, 0x00000003f1000000, 0x00000003f1400000|  0%| F|  |TS  0|AC  0|TAMS 0x00000003f1000000, 0x00000003f1000000|
| 102|0x00000003f1400000, 0x00000003f1400000, 0x00000003f1800000|  0%| F|  |TS  0|AC  0|TAMS 0x00000003f1400000, 0x00000003f1400000|
| 103|0x00000003f1800000, 0x00000003f1800000, 0x00000003f1c00000|  0%| F|  |TS  0|AC  0|TAMS 0x00000003f1800000, 0x00000003f1800000|
| 104|0x00000003f1c00000, 0x00000003f1c00000, 0x00000003f2000000|  0%| F|  |TS  0|AC  0|TAMS 0x00000003f1c00000, 0x00000003f1c00000|
| 105|0x00000003f2000000, 0x00000003f2000000, 0x00000003f2400000|  0%| F|  |TS  0|AC  0|TAMS 0x00000003f2000000, 0x00000003f2000000|
| 106|0x00000003f2400000, 0x00000003f2400000, 0x00000003f2800000|  0%| F|  |TS  0|AC  0|TAMS 0x00000003f2400000, 0x00000003f2400000|
| 107|0x00000003f2800000, 0x00000003f2800000, 0x00000003f2c00000|  0%| F|  |TS  0|AC  0|TAMS 0x00000003f2800000, 0x00000003f2800000|
| 108|0x00000003f2c00000, 0x00000003f2c00000, 0x00000003f3000000|  0%| F|  |TS  0|AC  0|TAMS 0x00000003f2c00000, 0x00000003f2c00000|
| 109|0x00000003f3000000, 0x00000003f3000000, 0x00000003f3400000|  0%| F|  |TS  0|AC  0|TAMS 0x00000003f3000000, 0x00000003f3000000|
| 110|0x00000003f3400000, 0x00000003f3400000, 0x00000003f3800000|  0%| F|  |TS  0|AC  0|TAMS 0x00000003f3400000, 0x00000003f3400000|
| 111|0x00000003f3800000, 0x00000003f3800000, 0x00000003f3c00000|  0%| F|  |TS  0|AC  0|TAMS 0x00000003f3800000, 0x00000003f3800000|
| 112|0x00000003f3c00000, 0x00000003f3c00000, 0x00000003f4000000|  0%| F|  |TS  0|AC  0|TAMS 0x00000003f3c00000, 0x00000003f3c00000|
| 113|0x00000003f4000000, 0x00000003f4000000, 0x00000003f4400000|  0%| F|  |TS  0|AC  0|TAMS 0x00000003f4000000, 0x00000003f4000000|
| 114|0x00000003f4400000, 0x00000003f4400000, 0x00000003f4800000|  0%| F|  |TS  0|AC  0|TAMS 0x00000003f4400000, 0x00000003f4400000|
| 115|0x00000003f4800000, 0x00000003f4800000, 0x00000003f4c00000|  0%| F|  |TS  0|AC  0|TAMS 0x00000003f4800000, 0x00000003f4800000|
| 116|0x00000003f4c00000, 0x00000003f4c00000, 0x00000003f5000000|  0%| F|  |TS  0|AC  0|TAMS 0x00000003f4c00000, 0x00000003f4c00000|
| 117|0x00000003f5000000, 0x00000003f5000000, 0x00000003f5400000|  0%| F|  |TS  0|AC  0|TAMS 0x00000003f5000000, 0x00000003f5000000|
| 118|0x00000003f5400000, 0x00000003f5400000, 0x00000003f5800000|  0%| F|  |TS  0|AC  0|TAMS 0x00000003f5400000, 0x00000003f5400000|
| 119|0x00000003f5800000, 0x00000003f5800000, 0x00000003f5c00000|  0%| F|  |TS  0|AC  0|TAMS 0x00000003f5800000, 0x00000003f5800000|
| 120|0x00000003f5c00000, 0x00000003f5c00000, 0x00000003f6000000|  0%| F|  |TS  0|AC  0|TAMS 0x00000003f5c00000, 0x00000003f5c00000|
| 121|0x00000003f6000000, 0x00000003f6000000, 0x00000003f6400000|  0%| F|  |TS  0|AC  0|TAMS 0x00000003f6000000, 0x00000003f6000000|
| 122|0x00000003f6400000, 0x00000003f6400000, 0x00000003f6800000|  0%| F|  |TS  0|AC  0|TAMS 0x00000003f6400000, 0x00000003f6400000|
| 123|0x00000003f6800000, 0x00000003f6800000, 0x00000003f6c00000|  0%| F|  |TS  0|AC  0|TAMS 0x00000003f6800000, 0x00000003f6800000|
| 124|0x00000003f6c00000, 0x00000003f6c00000, 0x00000003f7000000|  0%| F|  |TS  0|AC  0|TAMS 0x00000003f6c00000, 0x00000003f6c00000|
| 125|0x00000003f7000000, 0x00000003f7000000, 0x00000003f7400000|  0%| F|  |TS  0|AC  0|TAMS 0x00000003f7000000, 0x00000003f7000000|
| 126|0x00000003f7400000, 0x00000003f7400000, 0x00000003f7800000|  0%| F|  |TS  0|AC  0|TAMS 0x00000003f7400000, 0x00000003f7400000|
| 127|0x00000003f7800000, 0x00000003f7800000, 0x00000003f7c00000|  0%| F|  |TS  0|AC  0|TAMS 0x00000003f7800000, 0x00000003f7800000|
| 128|0x00000003f7c00000, 0x00000003f7c00000, 0x00000003f8000000|  0%| F|  |TS  0|AC  0|TAMS 0x00000003f7c00000, 0x00000003f7c00000|
| 129|0x00000003f8000000, 0x00000003f8000000, 0x00000003f8400000|  0%| F|  |TS  0|AC  0|TAMS 0x00000003f8000000, 0x00000003f8000000|
| 130|0x00000003f8400000, 0x00000003f8400000, 0x00000003f8800000|  0%| F|  |TS  0|AC  0|TAMS 0x00000003f8400000, 0x00000003f8400000|
| 131|0x00000003f8800000, 0x00000003f8800000, 0x00000003f8c00000|  0%| F|  |TS  0|AC  0|TAMS 0x00000003f8800000, 0x00000003f8800000|
| 132|0x00000003f8c00000, 0x00000003f8c00000, 0x00000003f9000000|  0%| F|  |TS  0|AC  0|TAMS 0x00000003f8c00000, 0x00000003f8c00000|
| 133|0x00000003f9000000, 0x00000003f9000000, 0x00000003f9400000|  0%| F|  |TS  0|AC  0|TAMS 0x00000003f9000000, 0x00000003f9000000|
| 134|0x00000003f9400000, 0x00000003f9400000, 0x00000003f9800000|  0%| F|  |TS  0|AC  0|TAMS 0x00000003f9400000, 0x00000003f9400000|
| 135|0x00000003f9800000, 0x00000003f9800000, 0x00000003f9c00000|  0%| F|  |TS  0|AC  0|TAMS 0x00000003f9800000, 0x00000003f9800000|
| 136|0x00000003f9c00000, 0x00000003f9c00000, 0x00000003fa000000|  0%| F|  |TS  0|AC  0|TAMS 0x00000003f9c00000, 0x00000003f9c00000|
| 137|0x00000003fa000000, 0x00000003fa000000, 0x00000003fa400000|  0%| F|  |TS  0|AC  0|TAMS 0x00000003fa000000, 0x00000003fa000000|
| 138|0x00000003fa400000, 0x00000003fa400000, 0x00000003fa800000|  0%| F|  |TS  0|AC  0|TAMS 0x00000003fa400000, 0x00000003fa400000|
| 139|0x00000003fa800000, 0x00000003fa800000, 0x00000003fac00000|  0%| F|  |TS  0|AC  0|TAMS 0x00000003fa800000, 0x00000003fa800000|
| 140|0x00000003fac00000, 0x00000003fac00000, 0x00000003fb000000|  0%| F|  |TS  0|AC  0|TAMS 0x00000003fac00000, 0x00000003fac00000|
| 141|0x00000003fb000000, 0x00000003fb000000, 0x00000003fb400000|  0%| F|  |TS  0|AC  0|TAMS 0x00000003fb000000, 0x00000003fb000000|
| 142|0x00000003fb400000, 0x00000003fb400000, 0x00000003fb800000|  0%| F|  |TS  0|AC  0|TAMS 0x00000003fb400000, 0x00000003fb400000|
| 143|0x00000003fb800000, 0x00000003fb800000, 0x00000003fbc00000|  0%| F|  |TS  0|AC  0|TAMS 0x00000003fb800000, 0x00000003fb800000|
| 144|0x00000003fbc00000, 0x00000003fbc00000, 0x00000003fc000000|  0%| F|  |TS  0|AC  0|TAMS 0x00000003fbc00000, 0x00000003fbc00000|
| 145|0x00000003fc000000, 0x00000003fc000000, 0x00000003fc400000|  0%| F|  |TS  0|AC  0|TAMS 0x00000003fc000000, 0x00000003fc000000|
| 146|0x00000003fc400000, 0x00000003fc400000, 0x00000003fc800000|  0%| F|  |TS  0|AC  0|TAMS 0x00000003fc400000, 0x00000003fc400000|
| 147|0x00000003fc800000, 0x00000003fc800000, 0x00000003fcc00000|  0%| F|  |TS  0|AC  0|TAMS 0x00000003fc800000, 0x00000003fc800000|
| 148|0x00000003fcc00000, 0x00000003fcc00000, 0x00000003fd000000|  0%| F|  |TS  0|AC  0|TAMS 0x00000003fcc00000, 0x00000003fcc00000|
| 149|0x00000003fd000000, 0x00000003fd000000, 0x00000003fd400000|  0%| F|  |TS  0|AC  0|TAMS 0x00000003fd000000, 0x00000003fd000000|
| 150|0x00000003fd400000, 0x00000003fd400000, 0x00000003fd800000|  0%| F|  |TS  0|AC  0|TAMS 0x00000003fd400000, 0x00000003fd400000|
| 151|0x00000003fd800000, 0x00000003fd800000, 0x00000003fdc00000|  0%| F|  |TS  0|AC  0|TAMS 0x00000003fd800000, 0x00000003fd800000|
| 152|0x00000003fdc00000, 0x00000003fdc00000, 0x00000003fe000000|  0%| F|  |TS  0|AC  0|TAMS 0x00000003fdc00000, 0x00000003fdc00000|
| 153|0x00000003fe000000, 0x00000003fe000000, 0x00000003fe400000|  0%| F|  |TS  0|AC  0|TAMS 0x00000003fe000000, 0x00000003fe000000|
| 154|0x00000003fe400000, 0x00000003fe400000, 0x00000003fe800000|  0%| F|  |TS  0|AC  0|TAMS 0x00000003fe400000, 0x00000003fe400000|
| 155|0x00000003fe800000, 0x00000003fe800000, 0x00000003fec00000|  0%| F|  |TS  0|AC  0|TAMS 0x00000003fe800000, 0x00000003fe800000|
| 156|0x00000003fec00000, 0x00000003fec00000, 0x00000003ff000000|  0%| F|  |TS  0|AC  0|TAMS 0x00000003fec00000, 0x00000003fec00000|
| 157|0x00000003ff000000, 0x00000003ff000000, 0x00000003ff400000|  0%| F|  |TS  0|AC  0|TAMS 0x00000003ff000000, 0x00000003ff000000|
| 158|0x00000003ff400000, 0x00000003ff400000, 0x00000003ff800000|  0%| F|  |TS  0|AC  0|TAMS 0x00000003ff400000, 0x00000003ff400000|
| 159|0x00000003ff800000, 0x00000003ff800000, 0x00000003ffc00000|  0%| F|  |TS  0|AC  0|TAMS 0x00000003ff800000, 0x00000003ff800000|
| 160|0x00000003ffc00000, 0x00000003ffc00000, 0x0000000400000000|  0%| F|  |TS  0|AC  0|TAMS 0x00000003ffc00000, 0x00000003ffc00000|
| 161|0x0000000400000000, 0x0000000400000000, 0x0000000400400000|  0%| F|  |TS  0|AC  0|TAMS 0x0000000400000000, 0x0000000400000000|
| 162|0x0000000400400000, 0x0000000400400000, 0x0000000400800000|  0%| F|  |TS  0|AC  0|TAMS 0x0000000400400000, 0x0000000400400000|
| 163|0x0000000400800000, 0x0000000400800000, 0x0000000400c00000|  0%| F|  |TS  0|AC  0|TAMS 0x0000000400800000, 0x0000000400800000|
| 164|0x0000000400c00000, 0x0000000400c00000, 0x0000000401000000|  0%| F|  |TS  0|AC  0|TAMS 0x0000000400c00000, 0x0000000400c00000|
| 165|0x0000000401000000, 0x0000000401000000, 0x0000000401400000|  0%| F|  |TS  0|AC  0|TAMS 0x0000000401000000, 0x0000000401000000|
| 166|0x0000000401400000, 0x0000000401400000, 0x0000000401800000|  0%| F|  |TS  0|AC  0|TAMS 0x0000000401400000, 0x0000000401400000|
| 167|0x0000000401800000, 0x0000000401800000, 0x0000000401c00000|  0%| F|  |TS  0|AC  0|TAMS 0x0000000401800000, 0x0000000401800000|
| 168|0x0000000401c00000, 0x0000000401c00000, 0x0000000402000000|  0%| F|  |TS  0|AC  0|TAMS 0x0000000401c00000, 0x0000000401c00000|
| 169|0x0000000402000000, 0x0000000402000000, 0x0000000402400000|  0%| F|  |TS  0|AC  0|TAMS 0x0000000402000000, 0x0000000402000000|
| 170|0x0000000402400000, 0x0000000402400000, 0x0000000402800000|  0%| F|  |TS  0|AC  0|TAMS 0x0000000402400000, 0x0000000402400000|
| 171|0x0000000402800000, 0x0000000402800000, 0x0000000402c00000|  0%| F|  |TS  0|AC  0|TAMS 0x0000000402800000, 0x0000000402800000|
| 172|0x0000000402c00000, 0x0000000402c00000, 0x0000000403000000|  0%| F|  |TS  0|AC  0|TAMS 0x0000000402c00000, 0x0000000402c00000|
| 173|0x0000000403000000, 0x0000000403000000, 0x0000000403400000|  0%| F|  |TS  0|AC  0|TAMS 0x0000000403000000, 0x0000000403000000|
| 174|0x0000000403400000, 0x0000000403400000, 0x0000000403800000|  0%| F|  |TS  0|AC  0|TAMS 0x0000000403400000, 0x0000000403400000|
| 175|0x0000000403800000, 0x0000000403800000, 0x0000000403c00000|  0%| F|  |TS  0|AC  0|TAMS 0x0000000403800000, 0x0000000403800000|
| 176|0x0000000403c00000, 0x0000000403c00000, 0x0000000404000000|  0%| F|  |TS  0|AC  0|TAMS 0x0000000403c00000, 0x0000000403c00000|
| 177|0x0000000404000000, 0x0000000404000000, 0x0000000404400000|  0%| F|  |TS  0|AC  0|TAMS 0x0000000404000000, 0x0000000404000000|
| 178|0x0000000404400000, 0x0000000404400000, 0x0000000404800000|  0%| F|  |TS  0|AC  0|TAMS 0x0000000404400000, 0x0000000404400000|
| 179|0x0000000404800000, 0x0000000404800000, 0x0000000404c00000|  0%| F|  |TS  0|AC  0|TAMS 0x0000000404800000, 0x0000000404800000|
| 180|0x0000000404c00000, 0x0000000404c00000, 0x0000000405000000|  0%| F|  |TS  0|AC  0|TAMS 0x0000000404c00000, 0x0000000404c00000|
| 181|0x0000000405000000, 0x0000000405000000, 0x0000000405400000|  0%| F|  |TS  0|AC  0|TAMS 0x0000000405000000, 0x0000000405000000|
| 182|0x0000000405400000, 0x0000000405400000, 0x0000000405800000|  0%| F|  |TS  0|AC  0|TAMS 0x0000000405400000, 0x0000000405400000|
| 183|0x0000000405800000, 0x0000000405800000, 0x0000000405c00000|  0%| F|  |TS  0|AC  0|TAMS 0x0000000405800000, 0x0000000405800000|
| 184|0x0000000405c00000, 0x0000000405c00000, 0x0000000406000000|  0%| F|  |TS  0|AC  0|TAMS 0x0000000405c00000, 0x0000000405c00000|
| 185|0x0000000406000000, 0x0000000406000000, 0x0000000406400000|  0%| F|  |TS  0|AC  0|TAMS 0x0000000406000000, 0x0000000406000000|
| 186|0x0000000406400000, 0x0000000406400000, 0x0000000406800000|  0%| F|  |TS  0|AC  0|TAMS 0x0000000406400000, 0x0000000406400000|
| 187|0x0000000406800000, 0x0000000406800000, 0x0000000406c00000|  0%| F|  |TS  0|AC  0|TAMS 0x0000000406800000, 0x0000000406800000|
| 188|0x0000000406c00000, 0x0000000406c00000, 0x0000000407000000|  0%| F|  |TS  0|AC  0|TAMS 0x0000000406c00000, 0x0000000406c00000|
| 189|0x0000000407000000, 0x0000000407000000, 0x0000000407400000|  0%| F|  |TS  0|AC  0|TAMS 0x0000000407000000, 0x0000000407000000|
| 190|0x0000000407400000, 0x0000000407400000, 0x0000000407800000|  0%| F|  |TS  0|AC  0|TAMS 0x0000000407400000, 0x0000000407400000|
| 191|0x0000000407800000, 0x0000000407800000, 0x0000000407c00000|  0%| F|  |TS  0|AC  0|TAMS 0x0000000407800000, 0x0000000407800000|
| 192|0x0000000407c00000, 0x0000000407c00000, 0x0000000408000000|  0%| F|  |TS  0|AC  0|TAMS 0x0000000407c00000, 0x0000000407c00000|
| 193|0x0000000408000000, 0x0000000408000000, 0x0000000408400000|  0%| F|  |TS  0|AC  0|TAMS 0x0000000408000000, 0x0000000408000000|
| 194|0x0000000408400000, 0x0000000408400000, 0x0000000408800000|  0%| F|  |TS  0|AC  0|TAMS 0x0000000408400000, 0x0000000408400000|
| 195|0x0000000408800000, 0x0000000408800000, 0x0000000408c00000|  0%| F|  |TS  0|AC  0|TAMS 0x0000000408800000, 0x0000000408800000|
| 196|0x0000000408c00000, 0x0000000408c00000, 0x0000000409000000|  0%| F|  |TS  0|AC  0|TAMS 0x0000000408c00000, 0x0000000408c00000|
| 197|0x0000000409000000, 0x0000000409000000, 0x0000000409400000|  0%| F|  |TS  0|AC  0|TAMS 0x0000000409000000, 0x0000000409000000|
| 198|0x0000000409400000, 0x0000000409400000, 0x0000000409800000|  0%| F|  |TS  0|AC  0|TAMS 0x0000000409400000, 0x0000000409400000|
| 199|0x0000000409800000, 0x0000000409800000, 0x0000000409c00000|  0%| F|  |TS  0|AC  0|TAMS 0x0000000409800000, 0x0000000409800000|
| 200|0x0000000409c00000, 0x0000000409c00000, 0x000000040a000000|  0%| F|  |TS  0|AC  0|TAMS 0x0000000409c00000, 0x0000000409c00000|
| 201|0x000000040a000000, 0x000000040a000000, 0x000000040a400000|  0%| F|  |TS  0|AC  0|TAMS 0x000000040a000000, 0x000000040a000000|
| 202|0x000000040a400000, 0x000000040a400000, 0x000000040a800000|  0%| F|  |TS  0|AC  0|TAMS 0x000000040a400000, 0x000000040a400000|
| 203|0x000000040a800000, 0x000000040a800000, 0x000000040ac00000|  0%| F|  |TS  0|AC  0|TAMS 0x000000040a800000, 0x000000040a800000|
| 204|0x000000040ac00000, 0x000000040ac00000, 0x000000040b000000|  0%| F|  |TS  0|AC  0|TAMS 0x000000040ac00000, 0x000000040ac00000|
| 205|0x000000040b000000, 0x000000040b000000, 0x000000040b400000|  0%| F|  |TS  0|AC  0|TAMS 0x000000040b000000, 0x000000040b000000|
| 206|0x000000040b400000, 0x000000040b400000, 0x000000040b800000|  0%| F|  |TS  0|AC  0|TAMS 0x000000040b400000, 0x000000040b400000|
| 207|0x000000040b800000, 0x000000040b800000, 0x000000040bc00000|  0%| F|  |TS  0|AC  0|TAMS 0x000000040b800000, 0x000000040b800000|
| 208|0x000000040bc00000, 0x000000040bc00000, 0x000000040c000000|  0%| F|  |TS  0|AC  0|TAMS 0x000000040bc00000, 0x000000040bc00000|
| 209|0x000000040c000000, 0x000000040c000000, 0x000000040c400000|  0%| F|  |TS  0|AC  0|TAMS 0x000000040c000000, 0x000000040c000000|
| 210|0x000000040c400000, 0x000000040c400000, 0x000000040c800000|  0%| F|  |TS  0|AC  0|TAMS 0x000000040c400000, 0x000000040c400000|
| 211|0x000000040c800000, 0x000000040c800000, 0x000000040cc00000|  0%| F|  |TS  0|AC  0|TAMS 0x000000040c800000, 0x000000040c800000|
| 212|0x000000040cc00000, 0x000000040cc00000, 0x000000040d000000|  0%| F|  |TS  0|AC  0|TAMS 0x000000040cc00000, 0x000000040cc00000|
| 213|0x000000040d000000, 0x000000040d000000, 0x000000040d400000|  0%| F|  |TS  0|AC  0|TAMS 0x000000040d000000, 0x000000040d000000|
| 214|0x000000040d400000, 0x000000040d400000, 0x000000040d800000|  0%| F|  |TS  0|AC  0|TAMS 0x000000040d400000, 0x000000040d400000|
| 215|0x000000040d800000, 0x000000040d800000, 0x000000040dc00000|  0%| F|  |TS  0|AC  0|TAMS 0x000000040d800000, 0x000000040d800000|
| 216|0x000000040dc00000, 0x000000040dc00000, 0x000000040e000000|  0%| F|  |TS  0|AC  0|TAMS 0x000000040dc00000, 0x000000040dc00000|
| 217|0x000000040e000000, 0x000000040e000000, 0x000000040e400000|  0%| F|  |TS  0|AC  0|TAMS 0x000000040e000000, 0x000000040e000000|
| 218|0x000000040e400000, 0x000000040e400000, 0x000000040e800000|  0%| F|  |TS  0|AC  0|TAMS 0x000000040e400000, 0x000000040e400000|
| 219|0x000000040e800000, 0x000000040e800000, 0x000000040ec00000|  0%| F|  |TS  0|AC  0|TAMS 0x000000040e800000, 0x000000040e800000|
| 220|0x000000040ec00000, 0x000000040ec00000, 0x000000040f000000|  0%| F|  |TS  0|AC  0|TAMS 0x000000040ec00000, 0x000000040ec00000|
| 221|0x000000040f000000, 0x000000040f000000, 0x000000040f400000|  0%| F|  |TS  0|AC  0|TAMS 0x000000040f000000, 0x000000040f000000|
| 222|0x000000040f400000, 0x000000040f400000, 0x000000040f800000|  0%| F|  |TS  0|AC  0|TAMS 0x000000040f400000, 0x000000040f400000|
| 223|0x000000040f800000, 0x000000040f800000, 0x000000040fc00000|  0%| F|  |TS  0|AC  0|TAMS 0x000000040f800000, 0x000000040f800000|
| 224|0x000000040fc00000, 0x000000040fc00000, 0x0000000410000000|  0%| F|  |TS  0|AC  0|TAMS 0x000000040fc00000, 0x000000040fc00000|
| 225|0x0000000410000000, 0x0000000410000000, 0x0000000410400000|  0%| F|  |TS  0|AC  0|TAMS 0x0000000410000000, 0x0000000410000000|
| 226|0x0000000410400000, 0x0000000410400000, 0x0000000410800000|  0%| F|  |TS  0|AC  0|TAMS 0x0000000410400000, 0x0000000410400000|
| 227|0x0000000410800000, 0x0000000410800000, 0x0000000410c00000|  0%| F|  |TS  0|AC  0|TAMS 0x0000000410800000, 0x0000000410800000|
| 228|0x0000000410c00000, 0x0000000410c00000, 0x0000000411000000|  0%| F|  |TS  0|AC  0|TAMS 0x0000000410c00000, 0x0000000410c00000|
| 229|0x0000000411000000, 0x0000000411000000, 0x0000000411400000|  0%| F|  |TS  0|AC  0|TAMS 0x0000000411000000, 0x0000000411000000|
| 230|0x0000000411400000, 0x0000000411400000, 0x0000000411800000|  0%| F|  |TS  0|AC  0|TAMS 0x0000000411400000, 0x0000000411400000|
| 231|0x0000000411800000, 0x0000000411800000, 0x0000000411c00000|  0%| F|  |TS  0|AC  0|TAMS 0x0000000411800000, 0x0000000411800000|
| 232|0x0000000411c00000, 0x0000000411c00000, 0x0000000412000000|  0%| F|  |TS  0|AC  0|TAMS 0x0000000411c00000, 0x0000000411c00000|
| 233|0x0000000412000000, 0x0000000412000000, 0x0000000412400000|  0%| F|  |TS  0|AC  0|TAMS 0x0000000412000000, 0x0000000412000000|
| 234|0x0000000412400000, 0x0000000412400000, 0x0000000412800000|  0%| F|  |TS  0|AC  0|TAMS 0x0000000412400000, 0x0000000412400000|
| 235|0x0000000412800000, 0x0000000412800000, 0x0000000412c00000|  0%| F|  |TS  0|AC  0|TAMS 0x0000000412800000, 0x0000000412800000|
| 236|0x0000000412c00000, 0x0000000412c00000, 0x0000000413000000|  0%| F|  |TS  0|AC  0|TAMS 0x0000000412c00000, 0x0000000412c00000|
| 237|0x0000000413000000, 0x0000000413000000, 0x0000000413400000|  0%| F|  |TS  0|AC  0|TAMS 0x0000000413000000, 0x0000000413000000|
| 238|0x0000000413400000, 0x0000000413400000, 0x0000000413800000|  0%| F|  |TS  0|AC  0|TAMS 0x0000000413400000, 0x0000000413400000|
| 239|0x0000000413800000, 0x0000000413800000, 0x0000000413c00000|  0%| F|  |TS  0|AC  0|TAMS 0x0000000413800000, 0x0000000413800000|
| 240|0x0000000413c00000, 0x0000000413c00000, 0x0000000414000000|  0%| F|  |TS  0|AC  0|TAMS 0x0000000413c00000, 0x0000000413c00000|
| 241|0x0000000414000000, 0x0000000414000000, 0x0000000414400000|  0%| F|  |TS  0|AC  0|TAMS 0x0000000414000000, 0x0000000414000000|
| 242|0x0000000414400000, 0x0000000414400000, 0x0000000414800000|  0%| F|  |TS  0|AC  0|TAMS 0x0000000414400000, 0x0000000414400000|
| 243|0x0000000414800000, 0x0000000414800000, 0x0000000414c00000|  0%| F|  |TS  0|AC  0|TAMS 0x0000000414800000, 0x0000000414800000|
| 244|0x0000000414c00000, 0x0000000414c00000, 0x0000000415000000|  0%| F|  |TS  0|AC  0|TAMS 0x0000000414c00000, 0x0000000414c00000|
| 245|0x0000000415000000, 0x0000000415000000, 0x0000000415400000|  0%| F|  |TS  0|AC  0|TAMS 0x0000000415000000, 0x0000000415000000|
| 246|0x0000000415400000, 0x0000000415400000, 0x0000000415800000|  0%| F|  |TS  0|AC  0|TAMS 0x0000000415400000, 0x0000000415400000|
| 247|0x0000000415800000, 0x0000000415800000, 0x0000000415c00000|  0%| F|  |TS  0|AC  0|TAMS 0x0000000415800000, 0x0000000415800000|
| 248|0x0000000415c00000, 0x0000000415fd7960, 0x0000000416000000| 96%| E|  |TS  0|AC  0|TAMS 0x0000000415c00000, 0x0000000415c00000|
| 249|0x0000000416000000, 0x0000000416400000, 0x0000000416400000|100%| E|CS|TS  0|AC  0|TAMS 0x0000000416000000, 0x0000000416000000|
| 250|0x0000000416400000, 0x0000000416800000, 0x0000000416800000|100%| E|CS|TS  0|AC  0|TAMS 0x0000000416400000, 0x0000000416400000|

Card table byte_map: [0x00007f07d017c000,0x00007f07d20be000] byte_map_base: 0x00007f07ce2be000

Marking Bits (Prev, Next): (CMBitMap*) 0x00007f089809e820, (CMBitMap*) 0x00007f089809e858
 Prev Bits: [0x00007f07be82a000, 0x00007f07ce23a000)
 Next Bits: [0x00007f07aee1a000, 0x00007f07be82a000)

Polling page: 0x00007f089e91f000

CodeHeap 'non-profiled nmethods': size=119172Kb used=174Kb max_used=174Kb free=118997Kb
 bounds [0x00007f08856e2000, 0x00007f0885952000, 0x00007f088cb43000]
CodeHeap 'profiled nmethods': size=119172Kb used=338Kb max_used=338Kb free=118833Kb
 bounds [0x00007f087e281000, 0x00007f087e4f1000, 0x00007f08856e2000]
CodeHeap 'non-nmethods': size=7416Kb used=2826Kb max_used=2863Kb free=4589Kb
 bounds [0x00007f087db43000, 0x00007f087de13000, 0x00007f087e281000]
 total_blobs=639 nmethods=254 adapters=168
 compilation: enabled

Compilation events (10 events):
Event: 0.504 Thread 0x00007f08982b4800 nmethod 249 0x00007f08856fb890 code [0x00007f08856fba60, 0x00007f08856fc078]
Event: 0.506 Thread 0x00007f08982ad000 nmethod 245 0x00007f08856fc390 code [0x00007f08856fc600, 0x00007f08856fda68]
Event: 0.506 Thread 0x00007f08982b1000 nmethod 240 0x00007f08856f8810 code [0x00007f08856f89c0, 0x00007f08856f8b08]
Event: 0.506 Thread 0x00007f08982b8000 nmethod 248 0x00007f08856fe490 code [0x00007f08856fe6c0, 0x00007f08856ff488]
Event: 0.526 Thread 0x00007f08982af000 nmethod 252 0x00007f08856ffb10 code [0x00007f08856ffe00, 0x00007f0885702010]
Event: 0.528 Thread 0x00007f08982b6000 nmethod 253 0x00007f0885703290 code [0x00007f08857035a0, 0x00007f0885705960]
Event: 0.600 Thread 0x00007f08982b2800 nmethod 251 0x00007f0885706c10 code [0x00007f08857070a0, 0x00007f088570b408]
Event: 0.621 Thread 0x00007f08982b9800  254       4       java.io.FileDescriptor$1::getAppend (5 bytes)
Event: 0.621 Thread 0x00007f08982b9800 nmethod 254 0x00007f088570d790 code [0x00007f088570d920, 0x00007f088570d998]
Event: 0.748 Thread 0x00007f08982bd800  255 %     3       org.eclipse.core.runtime.adaptor.EclipseStarter::main @ 4578 (5766 bytes)

GC Heap History (0 events):
No events

Deoptimization events (0 events):
No events

Classes redefined (0 events):
No events

Internal exceptions (0 events):
No events

Events (10 events):
Event: 0.405 Thread 0x00007f0898011800 DEOPT PACKING pc=0x00007f087e29b6f4 sp=0x00007f089cfca050
Event: 0.405 Thread 0x00007f0898011800 DEOPT UNPACKING pc=0x00007f087db90aab sp=0x00007f089cfc94f8 mode 0
Event: 0.405 Thread 0x00007f0898011800 DEOPT PACKING pc=0x00007f087e2b3628 sp=0x00007f089cfc9f10
Event: 0.405 Thread 0x00007f0898011800 DEOPT UNPACKING pc=0x00007f087db90aab sp=0x00007f089cfc93a8 mode 0
Event: 0.412 Thread 0x00007f0898011800 DEOPT PACKING pc=0x00007f087e2b74a4 sp=0x00007f089cfc9b40
Event: 0.412 Thread 0x00007f0898011800 DEOPT UNPACKING pc=0x00007f087db90aab sp=0x00007f089cfc9128 mode 0
Event: 0.414 Thread 0x00007f0898011800 DEOPT PACKING pc=0x00007f087e2b74a4 sp=0x00007f089cfc9b40
Event: 0.414 Thread 0x00007f0898011800 DEOPT UNPACKING pc=0x00007f087db90aab sp=0x00007f089cfc9128 mode 0
Event: 0.417 Thread 0x00007f0898011800 DEOPT PACKING pc=0x00007f087e2b74a4 sp=0x00007f089cfc9b40
Event: 0.417 Thread 0x00007f0898011800 DEOPT UNPACKING pc=0x00007f087db90aab sp=0x00007f089cfc9128 mode 0


Dynamic libraries:
00400000-00401000 r-xp 00000000 00:65 77077150                           /root/oracle/jdk-9.0.4/bin/java
00600000-00601000 rw-p 00000000 00:65 77077150                           /root/oracle/jdk-9.0.4/bin/java
0126f000-01290000 rw-p 00000000 00:00 0                                  [heap]
3d7c00000-416800000 rw-p 00000000 00:00 0 
416800000-7c0000000 ---p 00000000 00:00 0 
7c0000000-7c0080000 rw-p 00000000 00:00 0 
7c0080000-800000000 ---p 00000000 00:00 0 
7f073c000000-7f073c021000 rw-p 00000000 00:00 0 
7f073c021000-7f0740000000 ---p 00000000 00:00 0 
7f0744000000-7f0744021000 rw-p 00000000 00:00 0 
7f0744021000-7f0748000000 ---p 00000000 00:00 0 
7f0748000000-7f0748021000 rw-p 00000000 00:00 0 
7f0748021000-7f074c000000 ---p 00000000 00:00 0 
7f074c000000-7f074c022000 rw-p 00000000 00:00 0 
7f074c022000-7f0750000000 ---p 00000000 00:00 0 
7f0750000000-7f0750021000 rw-p 00000000 00:00 0 
7f0750021000-7f0754000000 ---p 00000000 00:00 0 
7f0754000000-7f0754174000 rw-p 00000000 00:00 0 
7f0754174000-7f0758000000 ---p 00000000 00:00 0 
7f0758000000-7f0758045000 rw-p 00000000 00:00 0 
7f0758045000-7f075c000000 ---p 00000000 00:00 0 
7f075c000000-7f075c2d9000 rw-p 00000000 00:00 0 
7f075c2d9000-7f0760000000 ---p 00000000 00:00 0 
7f0760000000-7f0760050000 rw-p 00000000 00:00 0 
7f0760050000-7f0764000000 ---p 00000000 00:00 0 
7f0764000000-7f076441d000 rw-p 00000000 00:00 0 
7f076441d000-7f0768000000 ---p 00000000 00:00 0 
7f0768000000-7f07680f1000 rw-p 00000000 00:00 0 
7f07680f1000-7f076c000000 ---p 00000000 00:00 0 
7f076c000000-7f076c54e000 rw-p 00000000 00:00 0 
7f076c54e000-7f0770000000 ---p 00000000 00:00 0 
7f0770000000-7f077006c000 rw-p 00000000 00:00 0 
7f077006c000-7f0774000000 ---p 00000000 00:00 0 
7f0774000000-7f07742bf000 rw-p 00000000 00:00 0 
7f07742bf000-7f0778000000 ---p 00000000 00:00 0 
7f0778000000-7f0778021000 rw-p 00000000 00:00 0 
7f0778021000-7f077c000000 ---p 00000000 00:00 0 
7f077c000000-7f077c021000 rw-p 00000000 00:00 0 
7f077c021000-7f0780000000 ---p 00000000 00:00 0 
7f0780000000-7f0780299000 rw-p 00000000 00:00 0 
7f0780299000-7f0784000000 ---p 00000000 00:00 0 
7f0784000000-7f0784021000 rw-p 00000000 00:00 0 
7f0784021000-7f0788000000 ---p 00000000 00:00 0 
7f0788000000-7f0788021000 rw-p 00000000 00:00 0 
7f0788021000-7f078c000000 ---p 00000000 00:00 0 
7f078c000000-7f078c021000 rw-p 00000000 00:00 0 
7f078c021000-7f0790000000 ---p 00000000 00:00 0 
7f0790000000-7f0790021000 rw-p 00000000 00:00 0 
7f0790021000-7f0794000000 ---p 00000000 00:00 0 
7f0794a59000-7f0794d87000 rw-p 00000000 00:00 0 
7f0794d87000-7f0794d88000 ---p 00000000 00:00 0 
7f0794d88000-7f0794e89000 rw-p 00000000 00:00 0 
7f0794e89000-7f0794e8d000 ---p 00000000 00:00 0 
7f0794e8d000-7f0794f8a000 rw-p 00000000 00:00 0 
7f0794f8a000-7f0794f8e000 ---p 00000000 00:00 0 
7f0794f8e000-7f07950bc000 rw-p 00000000 00:00 0 
7f07950bc000-7f07950d2000 r-xp 00000000 00:65 77077477                   /root/oracle/jdk-9.0.4/lib/libnet.so
7f07950d2000-7f07952d2000 ---p 00016000 00:65 77077477                   /root/oracle/jdk-9.0.4/lib/libnet.so
7f07952d2000-7f07952d3000 rw-p 00016000 00:65 77077477                   /root/oracle/jdk-9.0.4/lib/libnet.so
7f07952d3000-7f07952e3000 r-xp 00000000 00:65 77077594                   /root/oracle/jdk-9.0.4/lib/libnio.so
7f07952e3000-7f07954e3000 ---p 00010000 00:65 77077594                   /root/oracle/jdk-9.0.4/lib/libnio.so
7f07954e3000-7f07954e4000 rw-p 00010000 00:65 77077594                   /root/oracle/jdk-9.0.4/lib/libnio.so
7f07954e4000-7f07954e8000 ---p 00000000 00:00 0 
7f07954e8000-7f07955e5000 rw-p 00000000 00:00 0 
7f07955e5000-7f07955e9000 ---p 00000000 00:00 0 
7f07955e9000-7f07956e6000 rw-p 00000000 00:00 0 
7f07956e6000-7f07956ea000 ---p 00000000 00:00 0 
7f07956ea000-7f07957e7000 rw-p 00000000 00:00 0 
7f07957e7000-7f07957eb000 ---p 00000000 00:00 0 
7f07957eb000-7f07958e8000 rw-p 00000000 00:00 0 
7f07958e8000-7f07958ec000 ---p 00000000 00:00 0 
7f07958ec000-7f07959e9000 rw-p 00000000 00:00 0 
7f07959e9000-7f07959ed000 ---p 00000000 00:00 0 
7f07959ed000-7f0795aea000 rw-p 00000000 00:00 0 
7f0795aea000-7f0795aee000 ---p 00000000 00:00 0 
7f0795aee000-7f0795beb000 rw-p 00000000 00:00 0 
7f0795beb000-7f0795bef000 ---p 00000000 00:00 0 
7f0795bef000-7f0795cec000 rw-p 00000000 00:00 0 
7f0795cec000-7f0795cf0000 ---p 00000000 00:00 0 
7f0795cf0000-7f0795ded000 rw-p 00000000 00:00 0 
7f0795ded000-7f0795df1000 ---p 00000000 00:00 0 
7f0795df1000-7f0795eee000 rw-p 00000000 00:00 0 
7f0795eee000-7f0795ef2000 ---p 00000000 00:00 0 
7f0795ef2000-7f0795fef000 rw-p 00000000 00:00 0 
7f0795fef000-7f0795ff3000 ---p 00000000 00:00 0 
7f0795ff3000-7f07960f0000 rw-p 00000000 00:00 0 
7f07960f0000-7f07960f4000 ---p 00000000 00:00 0 
7f07960f4000-7f07961f1000 rw-p 00000000 00:00 0 
7f07961f1000-7f07961f5000 ---p 00000000 00:00 0 
7f07961f5000-7f07962f2000 rw-p 00000000 00:00 0 
7f07962f2000-7f07962f6000 ---p 00000000 00:00 0 
7f07962f6000-7f07963f3000 rw-p 00000000 00:00 0 
7f07963f3000-7f07963f7000 ---p 00000000 00:00 0 
7f07963f7000-7f07964f4000 rw-p 00000000 00:00 0 
7f07964f4000-7f07964f5000 ---p 00000000 00:00 0 
7f07964f5000-7f0796b2f000 rw-p 00000000 00:00 0 
7f0796b2f000-7f0796eef000 ---p 00000000 00:00 0 
7f0796eef000-7f0798000000 rw-p 00000000 00:00 0 
7f0798000000-7f0798021000 rw-p 00000000 00:00 0 
7f0798021000-7f079c000000 ---p 00000000 00:00 0 
7f079c000000-7f079c021000 rw-p 00000000 00:00 0 
7f079c021000-7f07a0000000 ---p 00000000 00:00 0 
7f07a0000000-7f07a0021000 rw-p 00000000 00:00 0 
7f07a0021000-7f07a4000000 ---p 00000000 00:00 0 
7f07a4000000-7f07a4021000 rw-p 00000000 00:00 0 
7f07a4021000-7f07a8000000 ---p 00000000 00:00 0 
7f07a8000000-7f07a8021000 rw-p 00000000 00:00 0 
7f07a8021000-7f07ac000000 ---p 00000000 00:00 0 
7f07ac020000-7f07ac323000 rw-p 00000000 00:00 0 
7f07ac323000-7f07ae323000 rwxp 00000000 00:00 0 
7f07ae323000-7f07ae324000 ---p 00000000 00:00 0 
7f07ae324000-7f07ae425000 rw-p 00000000 00:00 0 
7f07ae425000-7f07ae426000 ---p 00000000 00:00 0 
7f07ae426000-7f07ae527000 rw-p 00000000 00:00 0 
7f07ae527000-7f07ae528000 ---p 00000000 00:00 0 
7f07ae528000-7f07ae629000 rw-p 00000000 00:00 0 
7f07ae629000-7f07ae62a000 ---p 00000000 00:00 0 
7f07ae62a000-7f07ae72b000 rw-p 00000000 00:00 0 
7f07ae72b000-7f07ae72c000 ---p 00000000 00:00 0 
7f07ae72c000-7f07ae82d000 rw-p 00000000 00:00 0 
7f07ae82d000-7f07ae82e000 ---p 00000000 00:00 0 
7f07ae82e000-7f07afdca000 rw-p 00000000 00:00 0 
7f07afdca000-7f07be82a000 ---p 00000000 00:00 0 
7f07be82a000-7f07bf7da000 rw-p 00000000 00:00 0 
7f07bf7da000-7f07ce23a000 ---p 00000000 00:00 0 
7f07ce23a000-7f07ce430000 rw-p 00000000 00:00 0 
7f07ce430000-7f07d017c000 ---p 00000000 00:00 0 
7f07d017c000-7f07d0372000 rw-p 00000000 00:00 0 
7f07d0372000-7f07d4000000 ---p 00000000 00:00 0 
7f07d4000000-7f07d4021000 rw-p 00000000 00:00 0 
7f07d4021000-7f07d8000000 ---p 00000000 00:00 0 
7f07d8000000-7f07d8021000 rw-p 00000000 00:00 0 
7f07d8021000-7f07dc000000 ---p 00000000 00:00 0 
7f07dc000000-7f07dc021000 rw-p 00000000 00:00 0 
7f07dc021000-7f07e0000000 ---p 00000000 00:00 0 
7f07e0000000-7f07e0021000 rw-p 00000000 00:00 0 
7f07e0021000-7f07e4000000 ---p 00000000 00:00 0 
7f07e4000000-7f07e4021000 rw-p 00000000 00:00 0 
7f07e4021000-7f07e8000000 ---p 00000000 00:00 0 
7f07e8000000-7f07e8021000 rw-p 00000000 00:00 0 
7f07e8021000-7f07ec000000 ---p 00000000 00:00 0 
7f07ec000000-7f07ec021000 rw-p 00000000 00:00 0 
7f07ec021000-7f07f0000000 ---p 00000000 00:00 0 
7f07f0000000-7f07f0021000 rw-p 00000000 00:00 0 
7f07f0021000-7f07f4000000 ---p 00000000 00:00 0 
7f07f4000000-7f07f4021000 rw-p 00000000 00:00 0 
7f07f4021000-7f07f8000000 ---p 00000000 00:00 0 
7f07f8000000-7f07f8021000 rw-p 00000000 00:00 0 
7f07f8021000-7f07fc000000 ---p 00000000 00:00 0 
7f07fc000000-7f07fc021000 rw-p 00000000 00:00 0 
7f07fc021000-7f0800000000 ---p 00000000 00:00 0 
7f0800000000-7f0800021000 rw-p 00000000 00:00 0 
7f0800021000-7f0804000000 ---p 00000000 00:00 0 
7f0804000000-7f0804021000 rw-p 00000000 00:00 0 
7f0804021000-7f0808000000 ---p 00000000 00:00 0 
7f0808000000-7f0808021000 rw-p 00000000 00:00 0 
7f0808021000-7f080c000000 ---p 00000000 00:00 0 
7f080c000000-7f080c021000 rw-p 00000000 00:00 0 
7f080c021000-7f0810000000 ---p 00000000 00:00 0 
7f0810000000-7f0810021000 rw-p 00000000 00:00 0 
7f0810021000-7f0814000000 ---p 00000000 00:00 0 
7f0814000000-7f0814021000 rw-p 00000000 00:00 0 
7f0814021000-7f0818000000 ---p 00000000 00:00 0 
7f0818000000-7f0818021000 rw-p 00000000 00:00 0 
7f0818021000-7f081c000000 ---p 00000000 00:00 0 
7f081c000000-7f081c021000 rw-p 00000000 00:00 0 
7f081c021000-7f0820000000 ---p 00000000 00:00 0 
7f0820000000-7f0820021000 rw-p 00000000 00:00 0 
7f0820021000-7f0824000000 ---p 00000000 00:00 0 
7f0824000000-7f0824021000 rw-p 00000000 00:00 0 
7f0824021000-7f0828000000 ---p 00000000 00:00 0 
7f0828000000-7f0828021000 rw-p 00000000 00:00 0 
7f0828021000-7f082c000000 ---p 00000000 00:00 0 
7f082c00b000-7f082c201000 rw-p 00000000 00:00 0 
7f082c201000-7f082df4d000 ---p 00000000 00:00 0 
7f082df4d000-7f082dfcb000 rw-p 00000000 00:00 0 
7f082dfcb000-7f082dfcc000 ---p 00000000 00:00 0 
7f082dfcc000-7f082e0cd000 rw-p 00000000 00:00 0 
7f082e0cd000-7f082e0ce000 ---p 00000000 00:00 0 
7f082e0ce000-7f082e1cf000 rw-p 00000000 00:00 0 
7f082e1cf000-7f082e1d0000 ---p 00000000 00:00 0 
7f082e1d0000-7f082e2d1000 rw-p 00000000 00:00 0 
7f082e2d1000-7f082e2d2000 ---p 00000000 00:00 0 
7f082e2d2000-7f082e3d3000 rw-p 00000000 00:00 0 
7f082e3d3000-7f082e3d4000 ---p 00000000 00:00 0 
7f082e3d4000-7f082e4d5000 rw-p 00000000 00:00 0 
7f082e4d5000-7f082e4d6000 ---p 00000000 00:00 0 
7f082e4d6000-7f082e5d7000 rw-p 00000000 00:00 0 
7f082e5d7000-7f082e5d8000 ---p 00000000 00:00 0 
7f082e5d8000-7f082e6d9000 rw-p 00000000 00:00 0 
7f082e6d9000-7f082e6da000 ---p 00000000 00:00 0 
7f082e6da000-7f082e7db000 rw-p 00000000 00:00 0 
7f082e7db000-7f082e7dc000 ---p 00000000 00:00 0 
7f082e7dc000-7f082e8dd000 rw-p 00000000 00:00 0 
7f082e8dd000-7f082e8de000 ---p 00000000 00:00 0 
7f082e8de000-7f082e9df000 rw-p 00000000 00:00 0 
7f082e9df000-7f082e9e0000 ---p 00000000 00:00 0 
7f082e9e0000-7f082eae1000 rw-p 00000000 00:00 0 
7f082eae1000-7f082eae2000 ---p 00000000 00:00 0 
7f082eae2000-7f082ebe3000 rw-p 00000000 00:00 0 
7f082ebe3000-7f082ebe4000 ---p 00000000 00:00 0 
7f082ebe4000-7f082ece5000 rw-p 00000000 00:00 0 
7f082ece5000-7f082ece6000 ---p 00000000 00:00 0 
7f082ece6000-7f082ede7000 rw-p 00000000 00:00 0 
7f082ede7000-7f082ede8000 ---p 00000000 00:00 0 
7f082ede8000-7f082eee9000 rw-p 00000000 00:00 0 
7f082eee9000-7f082eeea000 ---p 00000000 00:00 0 
7f082eeea000-7f082efeb000 rw-p 00000000 00:00 0 
7f082efeb000-7f082efec000 ---p 00000000 00:00 0 
7f082efec000-7f082f0ed000 rw-p 00000000 00:00 0 
7f082f0ed000-7f082f0ee000 ---p 00000000 00:00 0 
7f082f0ee000-7f082f1ef000 rw-p 00000000 00:00 0 
7f082f1ef000-7f082f1f0000 ---p 00000000 00:00 0 
7f082f1f0000-7f082f2f1000 rw-p 00000000 00:00 0 
7f082f2f1000-7f082f2f2000 ---p 00000000 00:00 0 
7f082f2f2000-7f082f3f3000 rw-p 00000000 00:00 0 
7f082f3f3000-7f082f3f4000 ---p 00000000 00:00 0 
7f082f3f4000-7f0830000000 rw-p 00000000 00:00 0 
7f0830000000-7f0830021000 rw-p 00000000 00:00 0 
7f0830021000-7f0834000000 ---p 00000000 00:00 0 
7f0834000000-7f0834021000 rw-p 00000000 00:00 0 
7f0834021000-7f0838000000 ---p 00000000 00:00 0 
7f0838000000-7f0838021000 rw-p 00000000 00:00 0 
7f0838021000-7f083c000000 ---p 00000000 00:00 0 
7f083c000000-7f083c021000 rw-p 00000000 00:00 0 
7f083c021000-7f0840000000 ---p 00000000 00:00 0 
7f0840000000-7f0840021000 rw-p 00000000 00:00 0 
7f0840021000-7f0844000000 ---p 00000000 00:00 0 
7f0844000000-7f0844021000 rw-p 00000000 00:00 0 
7f0844021000-7f0848000000 ---p 00000000 00:00 0 
7f0848000000-7f0848021000 rw-p 00000000 00:00 0 
7f0848021000-7f084c000000 ---p 00000000 00:00 0 
7f084c000000-7f084c021000 rw-p 00000000 00:00 0 
7f084c021000-7f0850000000 ---p 00000000 00:00 0 
7f0850000000-7f0850021000 rw-p 00000000 00:00 0 
7f0850021000-7f0854000000 ---p 00000000 00:00 0 
7f0854000000-7f0854021000 rw-p 00000000 00:00 0 
7f0854021000-7f0858000000 ---p 00000000 00:00 0 
7f0858000000-7f0858021000 rw-p 00000000 00:00 0 
7f0858021000-7f085c000000 ---p 00000000 00:00 0 
7f085c000000-7f085c021000 rw-p 00000000 00:00 0 
7f085c021000-7f0860000000 ---p 00000000 00:00 0 
7f0860000000-7f0860021000 rw-p 00000000 00:00 0 
7f0860021000-7f0864000000 ---p 00000000 00:00 0 
7f0864000000-7f0864021000 rw-p 00000000 00:00 0 
7f0864021000-7f0868000000 ---p 00000000 00:00 0 
7f0868000000-7f0868021000 rw-p 00000000 00:00 0 
7f0868021000-7f086c000000 ---p 00000000 00:00 0 
7f086c000000-7f086c021000 rw-p 00000000 00:00 0 
7f086c021000-7f0870000000 ---p 00000000 00:00 0 
7f0870000000-7f0870021000 rw-p 00000000 00:00 0 
7f0870021000-7f0874000000 ---p 00000000 00:00 0 
7f0874000000-7f0874021000 rw-p 00000000 00:00 0 
7f0874021000-7f0878000000 ---p 00000000 00:00 0 
7f0878000000-7f0878021000 rw-p 00000000 00:00 0 
7f0878021000-7f087c000000 ---p 00000000 00:00 0 
7f087c016000-7f087c91f000 rw-p 00000000 00:00 0 
7f087c91f000-7f087c920000 ---p 00000000 00:00 0 
7f087c920000-7f087ca21000 rw-p 00000000 00:00 0 
7f087ca21000-7f087ca22000 ---p 00000000 00:00 0 
7f087ca22000-7f087cb23000 rw-p 00000000 00:00 0 
7f087cb23000-7f087cb24000 ---p 00000000 00:00 0 
7f087cb24000-7f087cc25000 rw-p 00000000 00:00 0 
7f087cc25000-7f087cc26000 ---p 00000000 00:00 0 
7f087cc26000-7f087cd27000 rw-p 00000000 00:00 0 
7f087cd27000-7f087cd28000 ---p 00000000 00:00 0 
7f087cd28000-7f087ce29000 rw-p 00000000 00:00 0 
7f087ce29000-7f087ce2a000 ---p 00000000 00:00 0 
7f087ce2a000-7f087cf2b000 rw-p 00000000 00:00 0 
7f087cf2b000-7f087cf2c000 ---p 00000000 00:00 0 
7f087cf2c000-7f087d02d000 rw-p 00000000 00:00 0 
7f087d02d000-7f087d02e000 ---p 00000000 00:00 0 
7f087d02e000-7f087d12f000 rw-p 00000000 00:00 0 
7f087d12f000-7f087d130000 ---p 00000000 00:00 0 
7f087d130000-7f087d231000 rw-p 00000000 00:00 0 
7f087d231000-7f087d232000 ---p 00000000 00:00 0 
7f087d232000-7f087d333000 rw-p 00000000 00:00 0 
7f087d333000-7f087d334000 ---p 00000000 00:00 0 
7f087d334000-7f087d435000 rw-p 00000000 00:00 0 
7f087d435000-7f087d436000 ---p 00000000 00:00 0 
7f087d436000-7f087d537000 rw-p 00000000 00:00 0 
7f087d537000-7f087d538000 ---p 00000000 00:00 0 
7f087d538000-7f087d639000 rw-p 00000000 00:00 0 
7f087d639000-7f087d63a000 ---p 00000000 00:00 0 
7f087d63a000-7f087d73b000 rw-p 00000000 00:00 0 
7f087d73b000-7f087d73c000 ---p 00000000 00:00 0 
7f087d73c000-7f087d83d000 rw-p 00000000 00:00 0 
7f087d83d000-7f087d83e000 ---p 00000000 00:00 0 
7f087d83e000-7f087d93f000 rw-p 00000000 00:00 0 
7f087d93f000-7f087d940000 ---p 00000000 00:00 0 
7f087d940000-7f087da41000 rw-p 00000000 00:00 0 
7f087da41000-7f087da42000 ---p 00000000 00:00 0 
7f087da42000-7f087db43000 rw-p 00000000 00:00 0 
7f087db43000-7f087de13000 rwxp 00000000 00:00 0 
7f087de13000-7f087e281000 ---p 00000000 00:00 0 
7f087e281000-7f087e4f1000 rwxp 00000000 00:00 0 
7f087e4f1000-7f08856e2000 ---p 00000000 00:00 0 
7f08856e2000-7f0885952000 rwxp 00000000 00:00 0 
7f0885952000-7f088cb43000 ---p 00000000 00:00 0 
7f088cb43000-7f0898000000 r--s 00000000 00:65 77077560                   /root/oracle/jdk-9.0.4/lib/modules
7f0898000000-7f089840f000 rw-p 00000000 00:00 0 
7f089840f000-7f089c000000 ---p 00000000 00:00 0 
7f089c023000-7f089c024000 ---p 00000000 00:00 0 
7f089c024000-7f089c125000 rw-p 00000000 00:00 0 
7f089c125000-7f089c126000 ---p 00000000 00:00 0 
7f089c126000-7f089c22c000 rw-p 00000000 00:00 0 
7f089c22c000-7f089c310000 ---p 00000000 00:00 0 
7f089c310000-7f089c315000 rw-p 00000000 00:00 0 
7f089c315000-7f089c3f9000 ---p 00000000 00:00 0 
7f089c3f9000-7f089c3ff000 rw-p 00000000 00:00 0 
7f089c3ff000-7f089c408000 ---p 00000000 00:00 0 
7f089c408000-7f089c458000 rw-p 00000000 00:00 0 
7f089c458000-7f089c635000 r--s 03e31000 00:65 101727669                  /usr/local/java/jdk1.8.0_301/jre/lib/rt.jar
7f089c635000-7f089c64f000 r-xp 00000000 00:65 77077435                   /root/oracle/jdk-9.0.4/lib/libjimage.so
7f089c64f000-7f089c84e000 ---p 0001a000 00:65 77077435                   /root/oracle/jdk-9.0.4/lib/libjimage.so
7f089c84e000-7f089c850000 rw-p 00019000 00:65 77077435                   /root/oracle/jdk-9.0.4/lib/libjimage.so
7f089c850000-7f089c862000 rw-p 00000000 00:00 0 
7f089c862000-7f089c869000 r-xp 00000000 00:65 77083131                   /root/oracle/jdk-9.0.4/lib/libzip.so
7f089c869000-7f089ca68000 ---p 00007000 00:65 77083131                   /root/oracle/jdk-9.0.4/lib/libzip.so
7f089ca68000-7f089ca69000 rw-p 00006000 00:65 77083131                   /root/oracle/jdk-9.0.4/lib/libzip.so
7f089ca69000-7f089ca6c000 r--p 00000000 00:65 165034530                  /usr/lib/x86_64-linux-gnu/libnss_files-2.31.so
7f089ca6c000-7f089ca73000 r-xp 00003000 00:65 165034530                  /usr/lib/x86_64-linux-gnu/libnss_files-2.31.so
7f089ca73000-7f089ca75000 r--p 0000a000 00:65 165034530                  /usr/lib/x86_64-linux-gnu/libnss_files-2.31.so
7f089ca75000-7f089ca76000 r--p 0000b000 00:65 165034530                  /usr/lib/x86_64-linux-gnu/libnss_files-2.31.so
7f089ca76000-7f089ca77000 rw-p 0000c000 00:65 165034530                  /usr/lib/x86_64-linux-gnu/libnss_files-2.31.so
7f089ca77000-7f089ca7d000 rw-p 00000000 00:00 0 
7f089ca85000-7f089ca86000 rw-p 00000000 00:00 0 
7f089ca86000-7f089cab1000 r-xp 00000000 00:65 77077470                   /root/oracle/jdk-9.0.4/lib/libjava.so
7f089cab1000-7f089ccb0000 ---p 0002b000 00:65 77077470                   /root/oracle/jdk-9.0.4/lib/libjava.so
7f089ccb0000-7f089ccb2000 rw-p 0002a000 00:65 77077470                   /root/oracle/jdk-9.0.4/lib/libjava.so
7f089ccb2000-7f089ccbf000 r-xp 00000000 00:65 77077494                   /root/oracle/jdk-9.0.4/lib/libverify.so
7f089ccbf000-7f089cebe000 ---p 0000d000 00:65 77077494                   /root/oracle/jdk-9.0.4/lib/libverify.so
7f089cebe000-7f089cec0000 rw-p 0000c000 00:65 77077494                   /root/oracle/jdk-9.0.4/lib/libverify.so
7f089cec0000-7f089cec3000 r--p 00000000 00:65 165034636                  /usr/lib/x86_64-linux-gnu/librt-2.31.so
7f089cec3000-7f089cec7000 r-xp 00003000 00:65 165034636                  /usr/lib/x86_64-linux-gnu/librt-2.31.so
7f089cec7000-7f089cec8000 r--p 00007000 00:65 165034636                  /usr/lib/x86_64-linux-gnu/librt-2.31.so
7f089cec8000-7f089cec9000 ---p 00008000 00:65 165034636                  /usr/lib/x86_64-linux-gnu/librt-2.31.so
7f089cec9000-7f089ceca000 r--p 00008000 00:65 165034636                  /usr/lib/x86_64-linux-gnu/librt-2.31.so
7f089ceca000-7f089cecb000 rw-p 00009000 00:65 165034636                  /usr/lib/x86_64-linux-gnu/librt-2.31.so
7f089cecb000-7f089cecc000 ---p 00000000 00:00 0 
7f089cecc000-7f089cecd000 rw-p 00000000 00:00 0 
7f089cecd000-7f089ced1000 ---p 00000000 00:00 0 
7f089ced1000-7f089cfcc000 rw-p 00000000 00:00 0 
7f089cfcc000-7f089cfdb000 r--p 00000000 00:65 165034468                  /usr/lib/x86_64-linux-gnu/libm-2.31.so
7f089cfdb000-7f089d082000 r-xp 0000f000 00:65 165034468                  /usr/lib/x86_64-linux-gnu/libm-2.31.so
7f089d082000-7f089d119000 r--p 000b6000 00:65 165034468                  /usr/lib/x86_64-linux-gnu/libm-2.31.so
7f089d119000-7f089d11a000 r--p 0014c000 00:65 165034468                  /usr/lib/x86_64-linux-gnu/libm-2.31.so
7f089d11a000-7f089d11b000 rw-p 0014d000 00:65 165034468                  /usr/lib/x86_64-linux-gnu/libm-2.31.so
7f089d11b000-7f089e130000 r-xp 00000000 00:65 77083135                   /root/oracle/jdk-9.0.4/lib/server/libjvm.so
7f089e130000-7f089e32f000 ---p 01015000 00:65 77083135                   /root/oracle/jdk-9.0.4/lib/server/libjvm.so
7f089e32f000-7f089e400000 r--p 01014000 00:65 77083135                   /root/oracle/jdk-9.0.4/lib/server/libjvm.so
7f089e400000-7f089e437000 rw-p 010e5000 00:65 77083135                   /root/oracle/jdk-9.0.4/lib/server/libjvm.so
7f089e437000-7f089e4a2000 rw-p 00000000 00:00 0 
7f089e4a2000-7f089e4c7000 r--p 00000000 00:65 165034165                  /usr/lib/x86_64-linux-gnu/libc-2.31.so
7f089e4c7000-7f089e63f000 r-xp 00025000 00:65 165034165                  /usr/lib/x86_64-linux-gnu/libc-2.31.so
7f089e63f000-7f089e689000 r--p 0019d000 00:65 165034165                  /usr/lib/x86_64-linux-gnu/libc-2.31.so
7f089e689000-7f089e68a000 ---p 001e7000 00:65 165034165                  /usr/lib/x86_64-linux-gnu/libc-2.31.so
7f089e68a000-7f089e68d000 r--p 001e7000 00:65 165034165                  /usr/lib/x86_64-linux-gnu/libc-2.31.so
7f089e68d000-7f089e690000 rw-p 001ea000 00:65 165034165                  /usr/lib/x86_64-linux-gnu/libc-2.31.so
7f089e690000-7f089e694000 rw-p 00000000 00:00 0 
7f089e694000-7f089e695000 r--p 00000000 00:65 165034236                  /usr/lib/x86_64-linux-gnu/libdl-2.31.so
7f089e695000-7f089e697000 r-xp 00001000 00:65 165034236                  /usr/lib/x86_64-linux-gnu/libdl-2.31.so
7f089e697000-7f089e698000 r--p 00003000 00:65 165034236                  /usr/lib/x86_64-linux-gnu/libdl-2.31.so
7f089e698000-7f089e699000 r--p 00003000 00:65 165034236                  /usr/lib/x86_64-linux-gnu/libdl-2.31.so
7f089e699000-7f089e69a000 rw-p 00004000 00:65 165034236                  /usr/lib/x86_64-linux-gnu/libdl-2.31.so
7f089e69a000-7f089e6a8000 r-xp 00000000 00:65 77083142                   /root/oracle/jdk-9.0.4/lib/jli/libjli.so
7f089e6a8000-7f089e8a8000 ---p 0000e000 00:65 77083142                   /root/oracle/jdk-9.0.4/lib/jli/libjli.so
7f089e8a8000-7f089e8a9000 rw-p 0000e000 00:65 77083142                   /root/oracle/jdk-9.0.4/lib/jli/libjli.so
7f089e8a9000-7f089e8b0000 r--p 00000000 00:65 165034610                  /usr/lib/x86_64-linux-gnu/libpthread-2.31.so
7f089e8b0000-7f089e8c1000 r-xp 00007000 00:65 165034610                  /usr/lib/x86_64-linux-gnu/libpthread-2.31.so
7f089e8c1000-7f089e8c6000 r--p 00018000 00:65 165034610                  /usr/lib/x86_64-linux-gnu/libpthread-2.31.so
7f089e8c6000-7f089e8c7000 r--p 0001c000 00:65 165034610                  /usr/lib/x86_64-linux-gnu/libpthread-2.31.so
7f089e8c7000-7f089e8c8000 rw-p 0001d000 00:65 165034610                  /usr/lib/x86_64-linux-gnu/libpthread-2.31.so
7f089e8c8000-7f089e8cc000 rw-p 00000000 00:00 0 
7f089e8cc000-7f089e8ce000 r--p 00000000 00:65 165034796                  /usr/lib/x86_64-linux-gnu/libz.so.1.2.11
7f089e8ce000-7f089e8df000 r-xp 00002000 00:65 165034796                  /usr/lib/x86_64-linux-gnu/libz.so.1.2.11
7f089e8df000-7f089e8e5000 r--p 00013000 00:65 165034796                  /usr/lib/x86_64-linux-gnu/libz.so.1.2.11
7f089e8e5000-7f089e8e6000 ---p 00019000 00:65 165034796                  /usr/lib/x86_64-linux-gnu/libz.so.1.2.11
7f089e8e6000-7f089e8e7000 r--p 00019000 00:65 165034796                  /usr/lib/x86_64-linux-gnu/libz.so.1.2.11
7f089e8e7000-7f089e8e8000 rw-p 0001a000 00:65 165034796                  /usr/lib/x86_64-linux-gnu/libz.so.1.2.11
7f089e8e8000-7f089e8f0000 rw-s 00000000 00:65 71965686                   /tmp/hsperfdata_root/14209
7f089e8f0000-7f089e8f3000 rw-p 00000000 00:00 0 
7f089e8f3000-7f089e8f4000 r--p 00000000 00:65 165033992                  /usr/lib/x86_64-linux-gnu/ld-2.31.so
7f089e8f4000-7f089e917000 r-xp 00001000 00:65 165033992                  /usr/lib/x86_64-linux-gnu/ld-2.31.so
7f089e917000-7f089e91f000 r--p 00024000 00:65 165033992                  /usr/lib/x86_64-linux-gnu/ld-2.31.so
7f089e91f000-7f089e920000 r--p 00000000 00:00 0 
7f089e920000-7f089e921000 r--p 0002c000 00:65 165033992                  /usr/lib/x86_64-linux-gnu/ld-2.31.so
7f089e921000-7f089e922000 rw-p 0002d000 00:65 165033992                  /usr/lib/x86_64-linux-gnu/ld-2.31.so
7f089e922000-7f089e923000 rw-p 00000000 00:00 0 
7fff058ed000-7fff0590e000 rw-p 00000000 00:00 0                          [stack]
7fff0594c000-7fff0594f000 r--p 00000000 00:00 0                          [vvar]
7fff0594f000-7fff05950000 r-xp 00000000 00:00 0                          [vdso]
ffffffffff600000-ffffffffff601000 --xp 00000000 00:00 0                  [vsyscall]

VM Arguments:
jvm_args: -Xbootclasspath/a:/usr/local/java/jdk1.8.0_301/jre/lib/rt.jar -Xverify:none 
java_command: org.eclipse.core.runtime.adaptor.EclipseStarter -debug
java_class_path (initial): ./sootOutput/eclipse/
Launcher Type: SUN_STANDARD

Logging:
Log output configuration:
#0: stdout all=warning uptime,level,tags
#1: stderr all=off uptime,level,tags

Environment Variables:
JAVA_HOME=/root/oracle/jdk-9.0.4
JRE_HOME=/root/oracle/jdk-9.0.4
CLASSPATH=.:/root/oracle/jdk-9.0.4/lib:/JVMfuzzing/htm/CFSynthesis/resource/commons-lang3-3.12.0/commons-lang3-3.12.0.jar
PATH=/root/oracle/jdk-9.0.4/bin:/root/.vscode-server/bin/da76f93349a72022ca4670c1b84860304616aaa2/bin/remote-cli:/root/oracle/jdk-9.0.4/bin:/usr/local/sbin:/usr/local/bin:/usr/sbin:/usr/bin:/sbin:/bin:/usr/games:/usr/local/games:/snap/bin
SHELL=/bin/bash

Signal Handlers:
SIGSEGV: [libjvm.so+0xd4d370], sa_mask[0]=11111111011111111101111111111110, sa_flags=SA_RESTART|SA_SIGINFO
SIGBUS: [libjvm.so+0xd4d370], sa_mask[0]=11111111011111111101111111111110, sa_flags=SA_RESTART|SA_SIGINFO
SIGFPE: [libjvm.so+0xd4d370], sa_mask[0]=11111111011111111101111111111110, sa_flags=SA_RESTART|SA_SIGINFO
SIGPIPE: [libjvm.so+0xb64780], sa_mask[0]=11111111011111111101111111111110, sa_flags=SA_RESTART|SA_SIGINFO
SIGXFSZ: [libjvm.so+0xb64780], sa_mask[0]=11111111011111111101111111111110, sa_flags=SA_RESTART|SA_SIGINFO
SIGILL: [libjvm.so+0xd4d370], sa_mask[0]=11111111011111111101111111111110, sa_flags=SA_RESTART|SA_SIGINFO
SIGUSR2: [libjvm.so+0xb64640], sa_mask[0]=00100000000000000000000000000000, sa_flags=SA_RESTART|SA_SIGINFO
SIGHUP: [libjvm.so+0xb64850], sa_mask[0]=11111111011111111101111111111110, sa_flags=SA_RESTART|SA_SIGINFO
SIGINT: [libjvm.so+0xb64850], sa_mask[0]=11111111011111111101111111111110, sa_flags=SA_RESTART|SA_SIGINFO
SIGTERM: [libjvm.so+0xb64850], sa_mask[0]=11111111011111111101111111111110, sa_flags=SA_RESTART|SA_SIGINFO
SIGQUIT: [libjvm.so+0xb64850], sa_mask[0]=11111111011111111101111111111110, sa_flags=SA_RESTART|SA_SIGINFO


---------------  S Y S T E M  ---------------

OS:DISTRIB_ID=Ubuntu
DISTRIB_RELEASE=20.04
DISTRIB_CODENAME=focal
DISTRIB_DESCRIPTION="Ubuntu 20.04.3 LTS"
uname:Linux 5.4.0-124-generic #140~18.04.1-Ubuntu SMP Fri Aug 5 11:43:34 UTC 2022 x86_64
libc:glibc 2.31 NPTL 2.31 
rlimit: STACK 8192k, CORE infinity, NPROC infinity, NOFILE 1048576, AS infinity
load average:42.26 40.59 39.17

/proc/meminfo:
MemTotal:       65549624 kB
MemFree:         7968176 kB
MemAvailable:   34651528 kB
Buffers:         5872288 kB
Cached:          3570412 kB
SwapCached:         8092 kB
Active:         31315840 kB
Inactive:        6347540 kB
Active(anon):   24223140 kB
Inactive(anon):  4018444 kB
Active(file):    7092700 kB
Inactive(file):  2329096 kB
Unevictable:          16 kB
Mlocked:              16 kB
SwapTotal:       2097148 kB
SwapFree:              0 kB
Dirty:             40800 kB
Writeback:             0 kB
AnonPages:      28212452 kB
Mapped:           851916 kB
Shmem:             25608 kB
KReclaimable:   17993480 kB
Slab:           19164020 kB
SReclaimable:   17993480 kB
SUnreclaim:      1170540 kB
KernelStack:       80224 kB
PageTables:       238336 kB
NFS_Unstable:          0 kB
Bounce:                0 kB
WritebackTmp:          0 kB
CommitLimit:    34871960 kB
Committed_AS:   84826644 kB
VmallocTotal:   34359738367 kB
VmallocUsed:      162784 kB
VmallocChunk:          0 kB
Percpu:            32512 kB
HardwareCorrupted:     0 kB
AnonHugePages:         0 kB
ShmemHugePages:        0 kB
ShmemPmdMapped:        0 kB
FileHugePages:         0 kB
FilePmdMapped:         0 kB
CmaTotal:              0 kB
CmaFree:               0 kB
HugePages_Total:       0
HugePages_Free:        0
HugePages_Rsvd:        0
HugePages_Surp:        0
Hugepagesize:       2048 kB
Hugetlb:               0 kB
DirectMap4k:    15497632 kB
DirectMap2M:    51298304 kB
DirectMap1G:           0 kB


CPU:total 28 (initial active 28) (14 cores per cpu, 2 threads per core) family 6 model 85 stepping 4, cmov, cx8, fxsr, mmx, sse, sse2, sse3, ssse3, sse4.1, sse4.2, popcnt, avx, avx2, aes, clmul, erms, rtm, 3dnowpref, lzcnt, ht, tsc, tscinvbit, bmi1, bmi2, adx, fma
CPU Model and flags from /proc/cpuinfo:
model name	: Intel(R) Core(TM) i9-9940X CPU @ 3.30GHz
flags		: fpu vme de pse tsc msr pae mce cx8 apic sep mtrr pge mca cmov pat pse36 clflush dts acpi mmx fxsr sse sse2 ss ht tm pbe syscall nx pdpe1gb rdtscp lm constant_tsc art arch_perfmon pebs bts rep_good nopl xtopology nonstop_tsc cpuid aperfmperf pni pclmulqdq dtes64 monitor ds_cpl vmx est tm2 ssse3 sdbg fma cx16 xtpr pdcm pcid dca sse4_1 sse4_2 x2apic movbe popcnt tsc_deadline_timer aes xsave avx f16c rdrand lahf_lm abm 3dnowprefetch cpuid_fault epb cat_l3 cdp_l3 invpcid_single pti ssbd mba ibrs ibpb stibp tpr_shadow vnmi flexpriority ept vpid ept_ad fsgsbase tsc_adjust bmi1 hle avx2 smep bmi2 erms invpcid rtm cqm mpx rdt_a avx512f avx512dq rdseed adx smap clflushopt clwb intel_pt avx512cd avx512bw avx512vl xsaveopt xsavec xgetbv1 xsaves cqm_llc cqm_occup_llc cqm_mbm_total cqm_mbm_local dtherm ida arat pln pts hwp hwp_act_window hwp_epp hwp_pkg_req md_clear flush_l1d arch_capabilities

Memory: 4k page, physical 65549624k(7968176k free), swap 2097148k(0k free)

vm_info: Java HotSpot(TM) 64-Bit Server VM (9.0.4+11) for linux-amd64 JRE (9.0.4+11), built on Dec 19 2017 18:12:19 by "mach5one" with gcc 4.9.2

END.
