#
# A fatal error has been detected by the Java Runtime Environment:
#
#  SIGSEGV (0xb) at pc=0x00007fdd9ad99b2c, pid=28974, tid=29037
#
# JRE version: Java(TM) SE Runtime Environment (9.0+11) (build 9.0.4+11)
# Java VM: Java HotSpot(TM) 64-Bit Server VM (9.0.4+11, mixed mode, tiered, compressed oops, g1 gc, linux-amd64)
# Problematic frame:
# V  [libjvm.so+0x48eb2c]  Canonicalizer::do_If(If*)+0x1c
#
# Core dump will be written. Default location: Core dumps may be processed with "/usr/share/apport/apport -p%p -s%s -c%c -d%d -P%P -u%u -g%g -- %E" (or dumping to /JVMfuzzing/zjy/classming/Fuzzing-Testing-of-JVM-Implementations/core.28974)
#
# If you would like to submit a bug report, please visit:
#   http://bugreport.java.com/bugreport/crash.jsp
#

---------------  S U M M A R Y ------------

Command Line: -Xbootclasspath/a:/usr/local/java/jdk1.8.0_301/jre/lib/rt.jar -Xverify:none org.eclipse.core.runtime.adaptor.EclipseStarter -debug

Host: Intel(R) Core(TM) i9-9940X CPU @ 3.30GHz, 28 cores, 62G, Ubuntu 20.04.3 LTS
Time: Thu Nov  3 09:11:27 2022 UTC elapsed time: 0 seconds (0d 0h 0m 0s)

---------------  T H R E A D  ---------------

Current thread (0x00007fdd942bd800):  JavaThread "C1 CompilerThread9" daemon [_thread_in_native, id=29037, stack(0x00007fdc92ef7000,0x00007fdc92ff8000)]


Current CompileTask:
C1:    445  240 %     3       org.eclipse.core.runtime.adaptor.EclipseStarter::main @ 5572 (7292 bytes)

Stack: [0x00007fdc92ef7000,0x00007fdc92ff8000],  sp=0x00007fdc92ff60c0,  free space=1020k
Native frames: (J=compiled Java code, A=aot compiled Java code, j=interpreted, Vv=VM code, C=native code)
V  [libjvm.so+0x48eb2c]  Canonicalizer::do_If(If*)+0x1c
V  [libjvm.so+0x4a0452]  GraphBuilder::append_with_bci(Instruction*, int)+0x42
V  [libjvm.so+0x4a3526]  GraphBuilder::if_node(Instruction*, Instruction::Condition, Instruction*, ValueStack*)+0x2a6
V  [libjvm.so+0x4b137a]  GraphBuilder::iterate_bytecodes_for_block(int)+0x198a
V  [libjvm.so+0x4b1ad5]  GraphBuilder::iterate_all_blocks(bool)+0x85
V  [libjvm.so+0x4b1ec9]  GraphBuilder::GraphBuilder(Compilation*, IRScope*)+0x389
V  [libjvm.so+0x4b70a8]  IR::IR(Compilation*, ciMethod*, int)+0x1e8
V  [libjvm.so+0x497832]  Compilation::build_hir() [clone .part.93]+0x162
V  [libjvm.so+0x499633]  Compilation::compile_java_method()+0x3c3
V  [libjvm.so+0x4997af]  Compilation::compile_method()+0x12f
V  [libjvm.so+0x499c31]  Compilation::Compilation(AbstractCompiler*, ciEnv*, ciMethod*, int, BufferBlob*, DirectiveSet*)+0x271
V  [libjvm.so+0x49ac1e]  Compiler::compile_method(ciEnv*, ciMethod*, int, DirectiveSet*)+0xae
V  [libjvm.so+0x6125ac]  CompileBroker::invoke_compiler_on_method(CompileTask*)+0x41c
V  [libjvm.so+0x61344b]  CompileBroker::compiler_thread_loop()+0x28b
V  [libjvm.so+0xcef338]  JavaThread::thread_main_inner()+0xd8
V  [libjvm.so+0xb6e132]  thread_native_entry(Thread*)+0xf2
C  [libpthread.so.0+0x9609]  start_thread+0xd9


siginfo: si_signo: 11 (SIGSEGV), si_code: 1 (SEGV_MAPERR), si_addr: 0x0000000000000018

Register to memory mapping:

RAX=0x0000000000000000 is an unknown value
RBX=0x00007fdc74079620 is an unknown value
RCX=0x00007fdc92ff6800 is pointing into the stack for thread: 0x00007fdd942bd800
RDX=0x00007fdc74079620 is an unknown value
RSP=0x00007fdc92ff60c0 is pointing into the stack for thread: 0x00007fdd942bd800
RBP=0x00007fdc92ff6130 is pointing into the stack for thread: 0x00007fdd942bd800
RSI=0x00007fdc74079620 is an unknown value
RDI=0x00007fdc92ff6160 is pointing into the stack for thread: 0x00007fdd942bd800
R8 =0x00007fdc600698f0 is an unknown value
R9 =0x00007fdc60068300 is an unknown value
R10=0x00007fdc923bb010 is an unknown value
R11=0x0000000000000000 is an unknown value
R12=0x00007fdc740796c0 is an unknown value
R13=0x00007fdc92ff6460 is pointing into the stack for thread: 0x00007fdd942bd800
R14=0x00007fdc74079620 is an unknown value
R15=0x00007fdc740796c0 is an unknown value


Registers:
RAX=0x0000000000000000, RBX=0x00007fdc74079620, RCX=0x00007fdc92ff6800, RDX=0x00007fdc74079620
RSP=0x00007fdc92ff60c0, RBP=0x00007fdc92ff6130, RSI=0x00007fdc74079620, RDI=0x00007fdc92ff6160
R8 =0x00007fdc600698f0, R9 =0x00007fdc60068300, R10=0x00007fdc923bb010, R11=0x0000000000000000
R12=0x00007fdc740796c0, R13=0x00007fdc92ff6460, R14=0x00007fdc74079620, R15=0x00007fdc740796c0
RIP=0x00007fdd9ad99b2c, EFLAGS=0x0000000000010206, CSGSFS=0x002b000000000033, ERR=0x0000000000000004
  TRAPNO=0x000000000000000e

Top of Stack: (sp=0x00007fdc92ff60c0)
0x00007fdc92ff60c0:   0000000000000003 000000000000012c
0x00007fdc92ff60d0:   00007fdc92ff6170 00007fdd9ae3d675
0x00007fdc92ff60e0:   00007fdc92ff6110 00007fdd9adc669f
0x00007fdc92ff60f0:   0000000392ff6120 00007fdc92ff6160 

Instructions: (pc=0x00007fdd9ad99b2c)
0x00007fdd9ad99b0c:   ff 90 66 90 55 48 89 e5 41 57 41 56 41 55 41 54
0x00007fdd9ad99b1c:   53 48 89 f3 48 83 ec 48 48 8b 46 70 48 89 7d c8
0x00007fdd9ad99b2c:   48 8b 78 18 48 8b 07 ff 50 18 84 c0 0f 85 a2 00
0x00007fdd9ad99b3c:   00 00 4c 8b 63 70 48 8b 83 80 00 00 00 49 39 c4 


---------------  P R O C E S S  ---------------

Java Threads: ( => current thread )
  0x00007fdd94379800 JavaThread "Service Thread" daemon [_thread_blocked, id=29042, stack(0x00007fdc925ca000,0x00007fdc926cb000)]
  0x00007fdd942d2000 JavaThread "Common-Cleaner" daemon [_thread_blocked, id=29041, stack(0x00007fdc926cb000,0x00007fdc927cc000)]
  0x00007fdd942c3800 JavaThread "Sweeper thread" daemon [_thread_blocked, id=29040, stack(0x00007fdc92bf4000,0x00007fdc92cf5000)]
  0x00007fdd942c1800 JavaThread "C1 CompilerThread11" daemon [_thread_blocked, id=29039, stack(0x00007fdc92cf5000,0x00007fdc92df6000)]
  0x00007fdd942bf800 JavaThread "C1 CompilerThread10" daemon [_thread_blocked, id=29038, stack(0x00007fdc92df6000,0x00007fdc92ef7000)]
=>0x00007fdd942bd800 JavaThread "C1 CompilerThread9" daemon [_thread_in_native, id=29037, stack(0x00007fdc92ef7000,0x00007fdc92ff8000)]
  0x00007fdd942bc000 JavaThread "C1 CompilerThread8" daemon [_thread_blocked, id=29036, stack(0x00007fdc92ff8000,0x00007fdc930f9000)]
  0x00007fdd942ba000 JavaThread "C2 CompilerThread7" daemon [_thread_blocked, id=29035, stack(0x00007fdc930f9000,0x00007fdc931fa000)]
  0x00007fdd942b8800 JavaThread "C2 CompilerThread6" daemon [_thread_blocked, id=29034, stack(0x00007fdc931fa000,0x00007fdc932fb000)]
  0x00007fdd942b6800 JavaThread "C2 CompilerThread5" daemon [_thread_blocked, id=29033, stack(0x00007fdc932fb000,0x00007fdc933fc000)]
  0x00007fdd942b5000 JavaThread "C2 CompilerThread4" daemon [_thread_blocked, id=29032, stack(0x00007fdc933fc000,0x00007fdc934fd000)]
  0x00007fdd942b3000 JavaThread "C2 CompilerThread3" daemon [_thread_blocked, id=29031, stack(0x00007fdc934fd000,0x00007fdc935fe000)]
  0x00007fdd942b1000 JavaThread "C2 CompilerThread2" daemon [_thread_blocked, id=29030, stack(0x00007fdc935fe000,0x00007fdc936ff000)]
  0x00007fdd942af000 JavaThread "C2 CompilerThread1" daemon [_thread_blocked, id=29029, stack(0x00007fdc936ff000,0x00007fdc93800000)]
  0x00007fdd942ad000 JavaThread "C2 CompilerThread0" daemon [_thread_blocked, id=29028, stack(0x00007fdca8096000,0x00007fdca8197000)]
  0x00007fdd942ab000 JavaThread "Signal Dispatcher" daemon [_thread_blocked, id=29027, stack(0x00007fdca8197000,0x00007fdca8298000)]
  0x00007fdd94291000 JavaThread "Finalizer" daemon [_thread_blocked, id=29026, stack(0x00007fdca8298000,0x00007fdca8399000)]
  0x00007fdd94288800 JavaThread "Reference Handler" daemon [_thread_blocked, id=29025, stack(0x00007fdca8399000,0x00007fdca849a000)]
  0x00007fdd94011800 JavaThread "main" [_thread_in_native, id=28976, stack(0x00007fdd9a6bd000,0x00007fdd9a7bc000)]

Other Threads:
  0x00007fdd94281000 VMThread "VM Thread" [stack: 0x00007fdca849c000,0x00007fdca859c000] [id=29024]
  0x00007fdd9437c000 WatcherThread [stack: 0x00007fdc924ca000,0x00007fdc925ca000] [id=29043]
  0x00007fdd94034000 GCTaskThread "GC Thread#0" [stack: 0x00007fdd99917000,0x00007fdd99a17000] [id=28977]
  0x00007fdd94035800 GCTaskThread "GC Thread#1" [stack: 0x00007fdd99815000,0x00007fdd99915000] [id=28978]
  0x00007fdd94037000 GCTaskThread "GC Thread#2" [stack: 0x00007fdd99713000,0x00007fdd99813000] [id=28979]
  0x00007fdd94039000 GCTaskThread "GC Thread#3" [stack: 0x00007fdd99611000,0x00007fdd99711000] [id=28980]
  0x00007fdd9403a800 GCTaskThread "GC Thread#4" [stack: 0x00007fdd9950f000,0x00007fdd9960f000] [id=28981]
  0x00007fdd9403c800 GCTaskThread "GC Thread#5" [stack: 0x00007fdd9940d000,0x00007fdd9950d000] [id=28982]
  0x00007fdd9403e000 GCTaskThread "GC Thread#6" [stack: 0x00007fdd9930b000,0x00007fdd9940b000] [id=28983]
  0x00007fdd9403f800 GCTaskThread "GC Thread#7" [stack: 0x00007fdd99209000,0x00007fdd99309000] [id=28984]
  0x00007fdd94041800 GCTaskThread "GC Thread#8" [stack: 0x00007fdd99107000,0x00007fdd99207000] [id=28985]
  0x00007fdd94043000 GCTaskThread "GC Thread#9" [stack: 0x00007fdd99005000,0x00007fdd99105000] [id=28986]
  0x00007fdd94045000 GCTaskThread "GC Thread#10" [stack: 0x00007fdd98f03000,0x00007fdd99003000] [id=28987]
  0x00007fdd94046800 GCTaskThread "GC Thread#11" [stack: 0x00007fdd98e01000,0x00007fdd98f01000] [id=28988]
  0x00007fdd94048800 GCTaskThread "GC Thread#12" [stack: 0x00007fdd98cff000,0x00007fdd98dff000] [id=28989]
  0x00007fdd9404a000 GCTaskThread "GC Thread#13" [stack: 0x00007fdd98bfd000,0x00007fdd98cfd000] [id=28990]
  0x00007fdd9404c000 GCTaskThread "GC Thread#14" [stack: 0x00007fdd98afb000,0x00007fdd98bfb000] [id=28991]
  0x00007fdd9404d800 GCTaskThread "GC Thread#15" [stack: 0x00007fdd989f9000,0x00007fdd98af9000] [id=28992]
  0x00007fdd9404f800 GCTaskThread "GC Thread#16" [stack: 0x00007fdd988f7000,0x00007fdd989f7000] [id=28993]
  0x00007fdd94051000 GCTaskThread "GC Thread#17" [stack: 0x00007fdd987f5000,0x00007fdd988f5000] [id=28994]
  0x00007fdd94052800 GCTaskThread "GC Thread#18" [stack: 0x00007fdd986f3000,0x00007fdd987f3000] [id=28995]
  0x00007fdd94054800 GCTaskThread "GC Thread#19" [stack: 0x00007fdd985f1000,0x00007fdd986f1000] [id=28996]
  0x00007fdd9409f800 ConcurrentGCThread "G1 Main Marker" [stack: 0x00007fdcf91c1000,0x00007fdcf92c1000] [id=29018]
  0x00007fdd940a1000 ConcurrentGCThread "G1 Marker#0" [stack: 0x00007fdcf90bf000,0x00007fdcf91bf000] [id=29019]
  0x00007fdd940a3000 ConcurrentGCThread "G1 Marker#1" [stack: 0x00007fdcf8fbd000,0x00007fdcf90bd000] [id=29020]
  0x00007fdd940a4800 ConcurrentGCThread "G1 Marker#2" [stack: 0x00007fdcf8ebb000,0x00007fdcf8fbb000] [id=29021]
  0x00007fdd940a6800 ConcurrentGCThread "G1 Marker#3" [stack: 0x00007fdcf8db9000,0x00007fdcf8eb9000] [id=29022]
  0x00007fdd940a8000 ConcurrentGCThread "G1 Marker#4" [stack: 0x00007fdcf8cb7000,0x00007fdcf8db7000] [id=29023]
  0x00007fdd94079000 ConcurrentGCThread "G1 Refine#0" [stack: 0x00007fdcfb7f2000,0x00007fdcfb8f2000] [id=29016]
  0x00007fdd94077000 ConcurrentGCThread "G1 Refine#1" [stack: 0x00007fdcfb8f4000,0x00007fdcfb9f4000] [id=29015]
  0x00007fdd94075000 ConcurrentGCThread "G1 Refine#2" [stack: 0x00007fdcfb9f6000,0x00007fdcfbaf6000] [id=29014]
  0x00007fdd94073800 ConcurrentGCThread "G1 Refine#3" [stack: 0x00007fdcfbaf8000,0x00007fdcfbbf8000] [id=29013]
  0x00007fdd94071800 ConcurrentGCThread "G1 Refine#4" [stack: 0x00007fdcfbbfa000,0x00007fdcfbcfa000] [id=29012]
  0x00007fdd94070000 ConcurrentGCThread "G1 Refine#5" [stack: 0x00007fdcfbcfc000,0x00007fdcfbdfc000] [id=29011]
  0x00007fdd9406e000 ConcurrentGCThread "G1 Refine#6" [stack: 0x00007fdcfbdfe000,0x00007fdcfbefe000] [id=29010]
  0x00007fdd9406c800 ConcurrentGCThread "G1 Refine#7" [stack: 0x00007fdcfbf00000,0x00007fdcfc000000] [id=29009]
  0x00007fdd9406a800 ConcurrentGCThread "G1 Refine#8" [stack: 0x00007fdd7801e000,0x00007fdd7811e000] [id=29008]
  0x00007fdd94069000 ConcurrentGCThread "G1 Refine#9" [stack: 0x00007fdd78120000,0x00007fdd78220000] [id=29007]
  0x00007fdd94067000 ConcurrentGCThread "G1 Refine#10" [stack: 0x00007fdd78222000,0x00007fdd78322000] [id=29006]
  0x00007fdd94065000 ConcurrentGCThread "G1 Refine#11" [stack: 0x00007fdd78324000,0x00007fdd78424000] [id=29005]
  0x00007fdd94063800 ConcurrentGCThread "G1 Refine#12" [stack: 0x00007fdd78426000,0x00007fdd78526000] [id=29004]
  0x00007fdd94061800 ConcurrentGCThread "G1 Refine#13" [stack: 0x00007fdd78528000,0x00007fdd78628000] [id=29003]
  0x00007fdd94060000 ConcurrentGCThread "G1 Refine#14" [stack: 0x00007fdd7862a000,0x00007fdd7872a000] [id=29002]
  0x00007fdd9405e000 ConcurrentGCThread "G1 Refine#15" [stack: 0x00007fdd7872c000,0x00007fdd7882c000] [id=29001]
  0x00007fdd9405c800 ConcurrentGCThread "G1 Refine#16" [stack: 0x00007fdd7882e000,0x00007fdd7892e000] [id=29000]
  0x00007fdd9405a800 ConcurrentGCThread "G1 Refine#17" [stack: 0x00007fdd78930000,0x00007fdd78a30000] [id=28999]
  0x00007fdd94059000 ConcurrentGCThread "G1 Refine#18" [stack: 0x00007fdd78a32000,0x00007fdd78b32000] [id=28998]
  0x00007fdd94057000 ConcurrentGCThread "G1 Refine#19" [stack: 0x00007fdd78b34000,0x00007fdd78c34000] [id=28997]
  0x00007fdd9407a800 ConcurrentGCThread "G1 Young RemSet Sampling" [stack: 0x00007fdcfb6f0000,0x00007fdcfb7f0000] [id=29017]

Threads with active compile tasks:
C1 CompilerThread9 240 %     3       org.eclipse.core.runtime.adaptor.EclipseStarter::main @ 5572 (7292 bytes)

VM state:not at safepoint (normal execution)

VM Mutex/Monitor currently owned by a thread: None

Heap address: 0x00000003d7c00000, size: 16004 MB, Compressed Oops mode: Zero based, Oop shift amount: 3
Narrow klass base: 0x0000000000000000, Narrow klass shift: 3
Compressed class space size: 1073741824 Address: 0x00000007c0000000

Heap:
 garbage-first heap   total 1028096K, used 8192K [0x00000003d7c00000, 0x00000003d80007d8, 0x00000007c0000000)
  region size 4096K, 3 young (12288K), 0 survivors (0K)
 Metaspace       used 4313K, capacity 4678K, committed 4864K, reserved 1056768K
  class space    used 355K, capacity 386K, committed 512K, reserved 1048576K
Heap Regions: E=young(eden), S=young(survivor), O=old, HS=humongous(starts), HC=humongous(continues), CS=collection set, F=free, A=archive, TS=gc time stamp, AC=allocation context, TAMS=top-at-mark-start (previous, next)
|   0|0x00000003d7c00000, 0x00000003d7c00000, 0x00000003d8000000|  0%| F|  |TS  0|AC  0|TAMS 0x00000003d7c00000, 0x00000003d7c00000|
|   1|0x00000003d8000000, 0x00000003d8000000, 0x00000003d8400000|  0%| F|  |TS  0|AC  0|TAMS 0x00000003d8000000, 0x00000003d8000000|
|   2|0x00000003d8400000, 0x00000003d8400000, 0x00000003d8800000|  0%| F|  |TS  0|AC  0|TAMS 0x00000003d8400000, 0x00000003d8400000|
|   3|0x00000003d8800000, 0x00000003d8800000, 0x00000003d8c00000|  0%| F|  |TS  0|AC  0|TAMS 0x00000003d8800000, 0x00000003d8800000|
|   4|0x00000003d8c00000, 0x00000003d8c00000, 0x00000003d9000000|  0%| F|  |TS  0|AC  0|TAMS 0x00000003d8c00000, 0x00000003d8c00000|
|   5|0x00000003d9000000, 0x00000003d9000000, 0x00000003d9400000|  0%| F|  |TS  0|AC  0|TAMS 0x00000003d9000000, 0x00000003d9000000|
|   6|0x00000003d9400000, 0x00000003d9400000, 0x00000003d9800000|  0%| F|  |TS  0|AC  0|TAMS 0x00000003d9400000, 0x00000003d9400000|
|   7|0x00000003d9800000, 0x00000003d9800000, 0x00000003d9c00000|  0%| F|  |TS  0|AC  0|TAMS 0x00000003d9800000, 0x00000003d9800000|
|   8|0x00000003d9c00000, 0x00000003d9c00000, 0x00000003da000000|  0%| F|  |TS  0|AC  0|TAMS 0x00000003d9c00000, 0x00000003d9c00000|
|   9|0x00000003da000000, 0x00000003da000000, 0x00000003da400000|  0%| F|  |TS  0|AC  0|TAMS 0x00000003da000000, 0x00000003da000000|
|  10|0x00000003da400000, 0x00000003da400000, 0x00000003da800000|  0%| F|  |TS  0|AC  0|TAMS 0x00000003da400000, 0x00000003da400000|
|  11|0x00000003da800000, 0x00000003da800000, 0x00000003dac00000|  0%| F|  |TS  0|AC  0|TAMS 0x00000003da800000, 0x00000003da800000|
|  12|0x00000003dac00000, 0x00000003dac00000, 0x00000003db000000|  0%| F|  |TS  0|AC  0|TAMS 0x00000003dac00000, 0x00000003dac00000|
|  13|0x00000003db000000, 0x00000003db000000, 0x00000003db400000|  0%| F|  |TS  0|AC  0|TAMS 0x00000003db000000, 0x00000003db000000|
|  14|0x00000003db400000, 0x00000003db400000, 0x00000003db800000|  0%| F|  |TS  0|AC  0|TAMS 0x00000003db400000, 0x00000003db400000|
|  15|0x00000003db800000, 0x00000003db800000, 0x00000003dbc00000|  0%| F|  |TS  0|AC  0|TAMS 0x00000003db800000, 0x00000003db800000|
|  16|0x00000003dbc00000, 0x00000003dbc00000, 0x00000003dc000000|  0%| F|  |TS  0|AC  0|TAMS 0x00000003dbc00000, 0x00000003dbc00000|
|  17|0x00000003dc000000, 0x00000003dc000000, 0x00000003dc400000|  0%| F|  |TS  0|AC  0|TAMS 0x00000003dc000000, 0x00000003dc000000|
|  18|0x00000003dc400000, 0x00000003dc400000, 0x00000003dc800000|  0%| F|  |TS  0|AC  0|TAMS 0x00000003dc400000, 0x00000003dc400000|
|  19|0x00000003dc800000, 0x00000003dc800000, 0x00000003dcc00000|  0%| F|  |TS  0|AC  0|TAMS 0x00000003dc800000, 0x00000003dc800000|
|  20|0x00000003dcc00000, 0x00000003dcc00000, 0x00000003dd000000|  0%| F|  |TS  0|AC  0|TAMS 0x00000003dcc00000, 0x00000003dcc00000|
|  21|0x00000003dd000000, 0x00000003dd000000, 0x00000003dd400000|  0%| F|  |TS  0|AC  0|TAMS 0x00000003dd000000, 0x00000003dd000000|
|  22|0x00000003dd400000, 0x00000003dd400000, 0x00000003dd800000|  0%| F|  |TS  0|AC  0|TAMS 0x00000003dd400000, 0x00000003dd400000|
|  23|0x00000003dd800000, 0x00000003dd800000, 0x00000003ddc00000|  0%| F|  |TS  0|AC  0|TAMS 0x00000003dd800000, 0x00000003dd800000|
|  24|0x00000003ddc00000, 0x00000003ddc00000, 0x00000003de000000|  0%| F|  |TS  0|AC  0|TAMS 0x00000003ddc00000, 0x00000003ddc00000|
|  25|0x00000003de000000, 0x00000003de000000, 0x00000003de400000|  0%| F|  |TS  0|AC  0|TAMS 0x00000003de000000, 0x00000003de000000|
|  26|0x00000003de400000, 0x00000003de400000, 0x00000003de800000|  0%| F|  |TS  0|AC  0|TAMS 0x00000003de400000, 0x00000003de400000|
|  27|0x00000003de800000, 0x00000003de800000, 0x00000003dec00000|  0%| F|  |TS  0|AC  0|TAMS 0x00000003de800000, 0x00000003de800000|
|  28|0x00000003dec00000, 0x00000003dec00000, 0x00000003df000000|  0%| F|  |TS  0|AC  0|TAMS 0x00000003dec00000, 0x00000003dec00000|
|  29|0x00000003df000000, 0x00000003df000000, 0x00000003df400000|  0%| F|  |TS  0|AC  0|TAMS 0x00000003df000000, 0x00000003df000000|
|  30|0x00000003df400000, 0x00000003df400000, 0x00000003df800000|  0%| F|  |TS  0|AC  0|TAMS 0x00000003df400000, 0x00000003df400000|
|  31|0x00000003df800000, 0x00000003df800000, 0x00000003dfc00000|  0%| F|  |TS  0|AC  0|TAMS 0x00000003df800000, 0x00000003df800000|
|  32|0x00000003dfc00000, 0x00000003dfc00000, 0x00000003e0000000|  0%| F|  |TS  0|AC  0|TAMS 0x00000003dfc00000, 0x00000003dfc00000|
|  33|0x00000003e0000000, 0x00000003e0000000, 0x00000003e0400000|  0%| F|  |TS  0|AC  0|TAMS 0x00000003e0000000, 0x00000003e0000000|
|  34|0x00000003e0400000, 0x00000003e0400000, 0x00000003e0800000|  0%| F|  |TS  0|AC  0|TAMS 0x00000003e0400000, 0x00000003e0400000|
|  35|0x00000003e0800000, 0x00000003e0800000, 0x00000003e0c00000|  0%| F|  |TS  0|AC  0|TAMS 0x00000003e0800000, 0x00000003e0800000|
|  36|0x00000003e0c00000, 0x00000003e0c00000, 0x00000003e1000000|  0%| F|  |TS  0|AC  0|TAMS 0x00000003e0c00000, 0x00000003e0c00000|
|  37|0x00000003e1000000, 0x00000003e1000000, 0x00000003e1400000|  0%| F|  |TS  0|AC  0|TAMS 0x00000003e1000000, 0x00000003e1000000|
|  38|0x00000003e1400000, 0x00000003e1400000, 0x00000003e1800000|  0%| F|  |TS  0|AC  0|TAMS 0x00000003e1400000, 0x00000003e1400000|
|  39|0x00000003e1800000, 0x00000003e1800000, 0x00000003e1c00000|  0%| F|  |TS  0|AC  0|TAMS 0x00000003e1800000, 0x00000003e1800000|
|  40|0x00000003e1c00000, 0x00000003e1c00000, 0x00000003e2000000|  0%| F|  |TS  0|AC  0|TAMS 0x00000003e1c00000, 0x00000003e1c00000|
|  41|0x00000003e2000000, 0x00000003e2000000, 0x00000003e2400000|  0%| F|  |TS  0|AC  0|TAMS 0x00000003e2000000, 0x00000003e2000000|
|  42|0x00000003e2400000, 0x00000003e2400000, 0x00000003e2800000|  0%| F|  |TS  0|AC  0|TAMS 0x00000003e2400000, 0x00000003e2400000|
|  43|0x00000003e2800000, 0x00000003e2800000, 0x00000003e2c00000|  0%| F|  |TS  0|AC  0|TAMS 0x00000003e2800000, 0x00000003e2800000|
|  44|0x00000003e2c00000, 0x00000003e2c00000, 0x00000003e3000000|  0%| F|  |TS  0|AC  0|TAMS 0x00000003e2c00000, 0x00000003e2c00000|
|  45|0x00000003e3000000, 0x00000003e3000000, 0x00000003e3400000|  0%| F|  |TS  0|AC  0|TAMS 0x00000003e3000000, 0x00000003e3000000|
|  46|0x00000003e3400000, 0x00000003e3400000, 0x00000003e3800000|  0%| F|  |TS  0|AC  0|TAMS 0x00000003e3400000, 0x00000003e3400000|
|  47|0x00000003e3800000, 0x00000003e3800000, 0x00000003e3c00000|  0%| F|  |TS  0|AC  0|TAMS 0x00000003e3800000, 0x00000003e3800000|
|  48|0x00000003e3c00000, 0x00000003e3c00000, 0x00000003e4000000|  0%| F|  |TS  0|AC  0|TAMS 0x00000003e3c00000, 0x00000003e3c00000|
|  49|0x00000003e4000000, 0x00000003e4000000, 0x00000003e4400000|  0%| F|  |TS  0|AC  0|TAMS 0x00000003e4000000, 0x00000003e4000000|
|  50|0x00000003e4400000, 0x00000003e4400000, 0x00000003e4800000|  0%| F|  |TS  0|AC  0|TAMS 0x00000003e4400000, 0x00000003e4400000|
|  51|0x00000003e4800000, 0x00000003e4800000, 0x00000003e4c00000|  0%| F|  |TS  0|AC  0|TAMS 0x00000003e4800000, 0x00000003e4800000|
|  52|0x00000003e4c00000, 0x00000003e4c00000, 0x00000003e5000000|  0%| F|  |TS  0|AC  0|TAMS 0x00000003e4c00000, 0x00000003e4c00000|
|  53|0x00000003e5000000, 0x00000003e5000000, 0x00000003e5400000|  0%| F|  |TS  0|AC  0|TAMS 0x00000003e5000000, 0x00000003e5000000|
|  54|0x00000003e5400000, 0x00000003e5400000, 0x00000003e5800000|  0%| F|  |TS  0|AC  0|TAMS 0x00000003e5400000, 0x00000003e5400000|
|  55|0x00000003e5800000, 0x00000003e5800000, 0x00000003e5c00000|  0%| F|  |TS  0|AC  0|TAMS 0x00000003e5800000, 0x00000003e5800000|
|  56|0x00000003e5c00000, 0x00000003e5c00000, 0x00000003e6000000|  0%| F|  |TS  0|AC  0|TAMS 0x00000003e5c00000, 0x00000003e5c00000|
|  57|0x00000003e6000000, 0x00000003e6000000, 0x00000003e6400000|  0%| F|  |TS  0|AC  0|TAMS 0x00000003e6000000, 0x00000003e6000000|
|  58|0x00000003e6400000, 0x00000003e6400000, 0x00000003e6800000|  0%| F|  |TS  0|AC  0|TAMS 0x00000003e6400000, 0x00000003e6400000|
|  59|0x00000003e6800000, 0x00000003e6800000, 0x00000003e6c00000|  0%| F|  |TS  0|AC  0|TAMS 0x00000003e6800000, 0x00000003e6800000|
|  60|0x00000003e6c00000, 0x00000003e6c00000, 0x00000003e7000000|  0%| F|  |TS  0|AC  0|TAMS 0x00000003e6c00000, 0x00000003e6c00000|
|  61|0x00000003e7000000, 0x00000003e7000000, 0x00000003e7400000|  0%| F|  |TS  0|AC  0|TAMS 0x00000003e7000000, 0x00000003e7000000|
|  62|0x00000003e7400000, 0x00000003e7400000, 0x00000003e7800000|  0%| F|  |TS  0|AC  0|TAMS 0x00000003e7400000, 0x00000003e7400000|
|  63|0x00000003e7800000, 0x00000003e7800000, 0x00000003e7c00000|  0%| F|  |TS  0|AC  0|TAMS 0x00000003e7800000, 0x00000003e7800000|
|  64|0x00000003e7c00000, 0x00000003e7c00000, 0x00000003e8000000|  0%| F|  |TS  0|AC  0|TAMS 0x00000003e7c00000, 0x00000003e7c00000|
|  65|0x00000003e8000000, 0x00000003e8000000, 0x00000003e8400000|  0%| F|  |TS  0|AC  0|TAMS 0x00000003e8000000, 0x00000003e8000000|
|  66|0x00000003e8400000, 0x00000003e8400000, 0x00000003e8800000|  0%| F|  |TS  0|AC  0|TAMS 0x00000003e8400000, 0x00000003e8400000|
|  67|0x00000003e8800000, 0x00000003e8800000, 0x00000003e8c00000|  0%| F|  |TS  0|AC  0|TAMS 0x00000003e8800000, 0x00000003e8800000|
|  68|0x00000003e8c00000, 0x00000003e8c00000, 0x00000003e9000000|  0%| F|  |TS  0|AC  0|TAMS 0x00000003e8c00000, 0x00000003e8c00000|
|  69|0x00000003e9000000, 0x00000003e9000000, 0x00000003e9400000|  0%| F|  |TS  0|AC  0|TAMS 0x00000003e9000000, 0x00000003e9000000|
|  70|0x00000003e9400000, 0x00000003e9400000, 0x00000003e9800000|  0%| F|  |TS  0|AC  0|TAMS 0x00000003e9400000, 0x00000003e9400000|
|  71|0x00000003e9800000, 0x00000003e9800000, 0x00000003e9c00000|  0%| F|  |TS  0|AC  0|TAMS 0x00000003e9800000, 0x00000003e9800000|
|  72|0x00000003e9c00000, 0x00000003e9c00000, 0x00000003ea000000|  0%| F|  |TS  0|AC  0|TAMS 0x00000003e9c00000, 0x00000003e9c00000|
|  73|0x00000003ea000000, 0x00000003ea000000, 0x00000003ea400000|  0%| F|  |TS  0|AC  0|TAMS 0x00000003ea000000, 0x00000003ea000000|
|  74|0x00000003ea400000, 0x00000003ea400000, 0x00000003ea800000|  0%| F|  |TS  0|AC  0|TAMS 0x00000003ea400000, 0x00000003ea400000|
|  75|0x00000003ea800000, 0x00000003ea800000, 0x00000003eac00000|  0%| F|  |TS  0|AC  0|TAMS 0x00000003ea800000, 0x00000003ea800000|
|  76|0x00000003eac00000, 0x00000003eac00000, 0x00000003eb000000|  0%| F|  |TS  0|AC  0|TAMS 0x00000003eac00000, 0x00000003eac00000|
|  77|0x00000003eb000000, 0x00000003eb000000, 0x00000003eb400000|  0%| F|  |TS  0|AC  0|TAMS 0x00000003eb000000, 0x00000003eb000000|
|  78|0x00000003eb400000, 0x00000003eb400000, 0x00000003eb800000|  0%| F|  |TS  0|AC  0|TAMS 0x00000003eb400000, 0x00000003eb400000|
|  79|0x00000003eb800000, 0x00000003eb800000, 0x00000003ebc00000|  0%| F|  |TS  0|AC  0|TAMS 0x00000003eb800000, 0x00000003eb800000|
|  80|0x00000003ebc00000, 0x00000003ebc00000, 0x00000003ec000000|  0%| F|  |TS  0|AC  0|TAMS 0x00000003ebc00000, 0x00000003ebc00000|
|  81|0x00000003ec000000, 0x00000003ec000000, 0x00000003ec400000|  0%| F|  |TS  0|AC  0|TAMS 0x00000003ec000000, 0x00000003ec000000|
|  82|0x00000003ec400000, 0x00000003ec400000, 0x00000003ec800000|  0%| F|  |TS  0|AC  0|TAMS 0x00000003ec400000, 0x00000003ec400000|
|  83|0x00000003ec800000, 0x00000003ec800000, 0x00000003ecc00000|  0%| F|  |TS  0|AC  0|TAMS 0x00000003ec800000, 0x00000003ec800000|
|  84|0x00000003ecc00000, 0x00000003ecc00000, 0x00000003ed000000|  0%| F|  |TS  0|AC  0|TAMS 0x00000003ecc00000, 0x00000003ecc00000|
|  85|0x00000003ed000000, 0x00000003ed000000, 0x00000003ed400000|  0%| F|  |TS  0|AC  0|TAMS 0x00000003ed000000, 0x00000003ed000000|
|  86|0x00000003ed400000, 0x00000003ed400000, 0x00000003ed800000|  0%| F|  |TS  0|AC  0|TAMS 0x00000003ed400000, 0x00000003ed400000|
|  87|0x00000003ed800000, 0x00000003ed800000, 0x00000003edc00000|  0%| F|  |TS  0|AC  0|TAMS 0x00000003ed800000, 0x00000003ed800000|
|  88|0x00000003edc00000, 0x00000003edc00000, 0x00000003ee000000|  0%| F|  |TS  0|AC  0|TAMS 0x00000003edc00000, 0x00000003edc00000|
|  89|0x00000003ee000000, 0x00000003ee000000, 0x00000003ee400000|  0%| F|  |TS  0|AC  0|TAMS 0x00000003ee000000, 0x00000003ee000000|
|  90|0x00000003ee400000, 0x00000003ee400000, 0x00000003ee800000|  0%| F|  |TS  0|AC  0|TAMS 0x00000003ee400000, 0x00000003ee400000|
|  91|0x00000003ee800000, 0x00000003ee800000, 0x00000003eec00000|  0%| F|  |TS  0|AC  0|TAMS 0x00000003ee800000, 0x00000003ee800000|
|  92|0x00000003eec00000, 0x00000003eec00000, 0x00000003ef000000|  0%| F|  |TS  0|AC  0|TAMS 0x00000003eec00000, 0x00000003eec00000|
|  93|0x00000003ef000000, 0x00000003ef000000, 0x00000003ef400000|  0%| F|  |TS  0|AC  0|TAMS 0x00000003ef000000, 0x00000003ef000000|
|  94|0x00000003ef400000, 0x00000003ef400000, 0x00000003ef800000|  0%| F|  |TS  0|AC  0|TAMS 0x00000003ef400000, 0x00000003ef400000|
|  95|0x00000003ef800000, 0x00000003ef800000, 0x00000003efc00000|  0%| F|  |TS  0|AC  0|TAMS 0x00000003ef800000, 0x00000003ef800000|
|  96|0x00000003efc00000, 0x00000003efc00000, 0x00000003f0000000|  0%| F|  |TS  0|AC  0|TAMS 0x00000003efc00000, 0x00000003efc00000|
|  97|0x00000003f0000000, 0x00000003f0000000, 0x00000003f0400000|  0%| F|  |TS  0|AC  0|TAMS 0x00000003f0000000, 0x00000003f0000000|
|  98|0x00000003f0400000, 0x00000003f0400000, 0x00000003f0800000|  0%| F|  |TS  0|AC  0|TAMS 0x00000003f0400000, 0x00000003f0400000|
|  99|0x00000003f0800000, 0x00000003f0800000, 0x00000003f0c00000|  0%| F|  |TS  0|AC  0|TAMS 0x00000003f0800000, 0x00000003f0800000|
| 100|0x00000003f0c00000, 0x00000003f0c00000, 0x00000003f1000000|  0%| F|  |TS  0|AC  0|TAMS 0x00000003f0c00000, 0x00000003f0c00000|
| 101|0x00000003f1000000, 0x00000003f1000000, 0x00000003f1400000|  0%| F|  |TS  0|AC  0|TAMS 0x00000003f1000000, 0x00000003f1000000|
| 102|0x00000003f1400000, 0x00000003f1400000, 0x00000003f1800000|  0%| F|  |TS  0|AC  0|TAMS 0x00000003f1400000, 0x00000003f1400000|
| 103|0x00000003f1800000, 0x00000003f1800000, 0x00000003f1c00000|  0%| F|  |TS  0|AC  0|TAMS 0x00000003f1800000, 0x00000003f1800000|
| 104|0x00000003f1c00000, 0x00000003f1c00000, 0x00000003f2000000|  0%| F|  |TS  0|AC  0|TAMS 0x00000003f1c00000, 0x00000003f1c00000|
| 105|0x00000003f2000000, 0x00000003f2000000, 0x00000003f2400000|  0%| F|  |TS  0|AC  0|TAMS 0x00000003f2000000, 0x00000003f2000000|
| 106|0x00000003f2400000, 0x00000003f2400000, 0x00000003f2800000|  0%| F|  |TS  0|AC  0|TAMS 0x00000003f2400000, 0x00000003f2400000|
| 107|0x00000003f2800000, 0x00000003f2800000, 0x00000003f2c00000|  0%| F|  |TS  0|AC  0|TAMS 0x00000003f2800000, 0x00000003f2800000|
| 108|0x00000003f2c00000, 0x00000003f2c00000, 0x00000003f3000000|  0%| F|  |TS  0|AC  0|TAMS 0x00000003f2c00000, 0x00000003f2c00000|
| 109|0x00000003f3000000, 0x00000003f3000000, 0x00000003f3400000|  0%| F|  |TS  0|AC  0|TAMS 0x00000003f3000000, 0x00000003f3000000|
| 110|0x00000003f3400000, 0x00000003f3400000, 0x00000003f3800000|  0%| F|  |TS  0|AC  0|TAMS 0x00000003f3400000, 0x00000003f3400000|
| 111|0x00000003f3800000, 0x00000003f3800000, 0x00000003f3c00000|  0%| F|  |TS  0|AC  0|TAMS 0x00000003f3800000, 0x00000003f3800000|
| 112|0x00000003f3c00000, 0x00000003f3c00000, 0x00000003f4000000|  0%| F|  |TS  0|AC  0|TAMS 0x00000003f3c00000, 0x00000003f3c00000|
| 113|0x00000003f4000000, 0x00000003f4000000, 0x00000003f4400000|  0%| F|  |TS  0|AC  0|TAMS 0x00000003f4000000, 0x00000003f4000000|
| 114|0x00000003f4400000, 0x00000003f4400000, 0x00000003f4800000|  0%| F|  |TS  0|AC  0|TAMS 0x00000003f4400000, 0x00000003f4400000|
| 115|0x00000003f4800000, 0x00000003f4800000, 0x00000003f4c00000|  0%| F|  |TS  0|AC  0|TAMS 0x00000003f4800000, 0x00000003f4800000|
| 116|0x00000003f4c00000, 0x00000003f4c00000, 0x00000003f5000000|  0%| F|  |TS  0|AC  0|TAMS 0x00000003f4c00000, 0x00000003f4c00000|
| 117|0x00000003f5000000, 0x00000003f5000000, 0x00000003f5400000|  0%| F|  |TS  0|AC  0|TAMS 0x00000003f5000000, 0x00000003f5000000|
| 118|0x00000003f5400000, 0x00000003f5400000, 0x00000003f5800000|  0%| F|  |TS  0|AC  0|TAMS 0x00000003f5400000, 0x00000003f5400000|
| 119|0x00000003f5800000, 0x00000003f5800000, 0x00000003f5c00000|  0%| F|  |TS  0|AC  0|TAMS 0x00000003f5800000, 0x00000003f5800000|
| 120|0x00000003f5c00000, 0x00000003f5c00000, 0x00000003f6000000|  0%| F|  |TS  0|AC  0|TAMS 0x00000003f5c00000, 0x00000003f5c00000|
| 121|0x00000003f6000000, 0x00000003f6000000, 0x00000003f6400000|  0%| F|  |TS  0|AC  0|TAMS 0x00000003f6000000, 0x00000003f6000000|
| 122|0x00000003f6400000, 0x00000003f6400000, 0x00000003f6800000|  0%| F|  |TS  0|AC  0|TAMS 0x00000003f6400000, 0x00000003f6400000|
| 123|0x00000003f6800000, 0x00000003f6800000, 0x00000003f6c00000|  0%| F|  |TS  0|AC  0|TAMS 0x00000003f6800000, 0x00000003f6800000|
| 124|0x00000003f6c00000, 0x00000003f6c00000, 0x00000003f7000000|  0%| F|  |TS  0|AC  0|TAMS 0x00000003f6c00000, 0x00000003f6c00000|
| 125|0x00000003f7000000, 0x00000003f7000000, 0x00000003f7400000|  0%| F|  |TS  0|AC  0|TAMS 0x00000003f7000000, 0x00000003f7000000|
| 126|0x00000003f7400000, 0x00000003f7400000, 0x00000003f7800000|  0%| F|  |TS  0|AC  0|TAMS 0x00000003f7400000, 0x00000003f7400000|
| 127|0x00000003f7800000, 0x00000003f7800000, 0x00000003f7c00000|  0%| F|  |TS  0|AC  0|TAMS 0x00000003f7800000, 0x00000003f7800000|
| 128|0x00000003f7c00000, 0x00000003f7c00000, 0x00000003f8000000|  0%| F|  |TS  0|AC  0|TAMS 0x00000003f7c00000, 0x00000003f7c00000|
| 129|0x00000003f8000000, 0x00000003f8000000, 0x00000003f8400000|  0%| F|  |TS  0|AC  0|TAMS 0x00000003f8000000, 0x00000003f8000000|
| 130|0x00000003f8400000, 0x00000003f8400000, 0x00000003f8800000|  0%| F|  |TS  0|AC  0|TAMS 0x00000003f8400000, 0x00000003f8400000|
| 131|0x00000003f8800000, 0x00000003f8800000, 0x00000003f8c00000|  0%| F|  |TS  0|AC  0|TAMS 0x00000003f8800000, 0x00000003f8800000|
| 132|0x00000003f8c00000, 0x00000003f8c00000, 0x00000003f9000000|  0%| F|  |TS  0|AC  0|TAMS 0x00000003f8c00000, 0x00000003f8c00000|
| 133|0x00000003f9000000, 0x00000003f9000000, 0x00000003f9400000|  0%| F|  |TS  0|AC  0|TAMS 0x00000003f9000000, 0x00000003f9000000|
| 134|0x00000003f9400000, 0x00000003f9400000, 0x00000003f9800000|  0%| F|  |TS  0|AC  0|TAMS 0x00000003f9400000, 0x00000003f9400000|
| 135|0x00000003f9800000, 0x00000003f9800000, 0x00000003f9c00000|  0%| F|  |TS  0|AC  0|TAMS 0x00000003f9800000, 0x00000003f9800000|
| 136|0x00000003f9c00000, 0x00000003f9c00000, 0x00000003fa000000|  0%| F|  |TS  0|AC  0|TAMS 0x00000003f9c00000, 0x00000003f9c00000|
| 137|0x00000003fa000000, 0x00000003fa000000, 0x00000003fa400000|  0%| F|  |TS  0|AC  0|TAMS 0x00000003fa000000, 0x00000003fa000000|
| 138|0x00000003fa400000, 0x00000003fa400000, 0x00000003fa800000|  0%| F|  |TS  0|AC  0|TAMS 0x00000003fa400000, 0x00000003fa400000|
| 139|0x00000003fa800000, 0x00000003fa800000, 0x00000003fac00000|  0%| F|  |TS  0|AC  0|TAMS 0x00000003fa800000, 0x00000003fa800000|
| 140|0x00000003fac00000, 0x00000003fac00000, 0x00000003fb000000|  0%| F|  |TS  0|AC  0|TAMS 0x00000003fac00000, 0x00000003fac00000|
| 141|0x00000003fb000000, 0x00000003fb000000, 0x00000003fb400000|  0%| F|  |TS  0|AC  0|TAMS 0x00000003fb000000, 0x00000003fb000000|
| 142|0x00000003fb400000, 0x00000003fb400000, 0x00000003fb800000|  0%| F|  |TS  0|AC  0|TAMS 0x00000003fb400000, 0x00000003fb400000|
| 143|0x00000003fb800000, 0x00000003fb800000, 0x00000003fbc00000|  0%| F|  |TS  0|AC  0|TAMS 0x00000003fb800000, 0x00000003fb800000|
| 144|0x00000003fbc00000, 0x00000003fbc00000, 0x00000003fc000000|  0%| F|  |TS  0|AC  0|TAMS 0x00000003fbc00000, 0x00000003fbc00000|
| 145|0x00000003fc000000, 0x00000003fc000000, 0x00000003fc400000|  0%| F|  |TS  0|AC  0|TAMS 0x00000003fc000000, 0x00000003fc000000|
| 146|0x00000003fc400000, 0x00000003fc400000, 0x00000003fc800000|  0%| F|  |TS  0|AC  0|TAMS 0x00000003fc400000, 0x00000003fc400000|
| 147|0x00000003fc800000, 0x00000003fc800000, 0x00000003fcc00000|  0%| F|  |TS  0|AC  0|TAMS 0x00000003fc800000, 0x00000003fc800000|
| 148|0x00000003fcc00000, 0x00000003fcc00000, 0x00000003fd000000|  0%| F|  |TS  0|AC  0|TAMS 0x00000003fcc00000, 0x00000003fcc00000|
| 149|0x00000003fd000000, 0x00000003fd000000, 0x00000003fd400000|  0%| F|  |TS  0|AC  0|TAMS 0x00000003fd000000, 0x00000003fd000000|
| 150|0x00000003fd400000, 0x00000003fd400000, 0x00000003fd800000|  0%| F|  |TS  0|AC  0|TAMS 0x00000003fd400000, 0x00000003fd400000|
| 151|0x00000003fd800000, 0x00000003fd800000, 0x00000003fdc00000|  0%| F|  |TS  0|AC  0|TAMS 0x00000003fd800000, 0x00000003fd800000|
| 152|0x00000003fdc00000, 0x00000003fdc00000, 0x00000003fe000000|  0%| F|  |TS  0|AC  0|TAMS 0x00000003fdc00000, 0x00000003fdc00000|
| 153|0x00000003fe000000, 0x00000003fe000000, 0x00000003fe400000|  0%| F|  |TS  0|AC  0|TAMS 0x00000003fe000000, 0x00000003fe000000|
| 154|0x00000003fe400000, 0x00000003fe400000, 0x00000003fe800000|  0%| F|  |TS  0|AC  0|TAMS 0x00000003fe400000, 0x00000003fe400000|
| 155|0x00000003fe800000, 0x00000003fe800000, 0x00000003fec00000|  0%| F|  |TS  0|AC  0|TAMS 0x00000003fe800000, 0x00000003fe800000|
| 156|0x00000003fec00000, 0x00000003fec00000, 0x00000003ff000000|  0%| F|  |TS  0|AC  0|TAMS 0x00000003fec00000, 0x00000003fec00000|
| 157|0x00000003ff000000, 0x00000003ff000000, 0x00000003ff400000|  0%| F|  |TS  0|AC  0|TAMS 0x00000003ff000000, 0x00000003ff000000|
| 158|0x00000003ff400000, 0x00000003ff400000, 0x00000003ff800000|  0%| F|  |TS  0|AC  0|TAMS 0x00000003ff400000, 0x00000003ff400000|
| 159|0x00000003ff800000, 0x00000003ff800000, 0x00000003ffc00000|  0%| F|  |TS  0|AC  0|TAMS 0x00000003ff800000, 0x00000003ff800000|
| 160|0x00000003ffc00000, 0x00000003ffc00000, 0x0000000400000000|  0%| F|  |TS  0|AC  0|TAMS 0x00000003ffc00000, 0x00000003ffc00000|
| 161|0x0000000400000000, 0x0000000400000000, 0x0000000400400000|  0%| F|  |TS  0|AC  0|TAMS 0x0000000400000000, 0x0000000400000000|
| 162|0x0000000400400000, 0x0000000400400000, 0x0000000400800000|  0%| F|  |TS  0|AC  0|TAMS 0x0000000400400000, 0x0000000400400000|
| 163|0x0000000400800000, 0x0000000400800000, 0x0000000400c00000|  0%| F|  |TS  0|AC  0|TAMS 0x0000000400800000, 0x0000000400800000|
| 164|0x0000000400c00000, 0x0000000400c00000, 0x0000000401000000|  0%| F|  |TS  0|AC  0|TAMS 0x0000000400c00000, 0x0000000400c00000|
| 165|0x0000000401000000, 0x0000000401000000, 0x0000000401400000|  0%| F|  |TS  0|AC  0|TAMS 0x0000000401000000, 0x0000000401000000|
| 166|0x0000000401400000, 0x0000000401400000, 0x0000000401800000|  0%| F|  |TS  0|AC  0|TAMS 0x0000000401400000, 0x0000000401400000|
| 167|0x0000000401800000, 0x0000000401800000, 0x0000000401c00000|  0%| F|  |TS  0|AC  0|TAMS 0x0000000401800000, 0x0000000401800000|
| 168|0x0000000401c00000, 0x0000000401c00000, 0x0000000402000000|  0%| F|  |TS  0|AC  0|TAMS 0x0000000401c00000, 0x0000000401c00000|
| 169|0x0000000402000000, 0x0000000402000000, 0x0000000402400000|  0%| F|  |TS  0|AC  0|TAMS 0x0000000402000000, 0x0000000402000000|
| 170|0x0000000402400000, 0x0000000402400000, 0x0000000402800000|  0%| F|  |TS  0|AC  0|TAMS 0x0000000402400000, 0x0000000402400000|
| 171|0x0000000402800000, 0x0000000402800000, 0x0000000402c00000|  0%| F|  |TS  0|AC  0|TAMS 0x0000000402800000, 0x0000000402800000|
| 172|0x0000000402c00000, 0x0000000402c00000, 0x0000000403000000|  0%| F|  |TS  0|AC  0|TAMS 0x0000000402c00000, 0x0000000402c00000|
| 173|0x0000000403000000, 0x0000000403000000, 0x0000000403400000|  0%| F|  |TS  0|AC  0|TAMS 0x0000000403000000, 0x0000000403000000|
| 174|0x0000000403400000, 0x0000000403400000, 0x0000000403800000|  0%| F|  |TS  0|AC  0|TAMS 0x0000000403400000, 0x0000000403400000|
| 175|0x0000000403800000, 0x0000000403800000, 0x0000000403c00000|  0%| F|  |TS  0|AC  0|TAMS 0x0000000403800000, 0x0000000403800000|
| 176|0x0000000403c00000, 0x0000000403c00000, 0x0000000404000000|  0%| F|  |TS  0|AC  0|TAMS 0x0000000403c00000, 0x0000000403c00000|
| 177|0x0000000404000000, 0x0000000404000000, 0x0000000404400000|  0%| F|  |TS  0|AC  0|TAMS 0x0000000404000000, 0x0000000404000000|
| 178|0x0000000404400000, 0x0000000404400000, 0x0000000404800000|  0%| F|  |TS  0|AC  0|TAMS 0x0000000404400000, 0x0000000404400000|
| 179|0x0000000404800000, 0x0000000404800000, 0x0000000404c00000|  0%| F|  |TS  0|AC  0|TAMS 0x0000000404800000, 0x0000000404800000|
| 180|0x0000000404c00000, 0x0000000404c00000, 0x0000000405000000|  0%| F|  |TS  0|AC  0|TAMS 0x0000000404c00000, 0x0000000404c00000|
| 181|0x0000000405000000, 0x0000000405000000, 0x0000000405400000|  0%| F|  |TS  0|AC  0|TAMS 0x0000000405000000, 0x0000000405000000|
| 182|0x0000000405400000, 0x0000000405400000, 0x0000000405800000|  0%| F|  |TS  0|AC  0|TAMS 0x0000000405400000, 0x0000000405400000|
| 183|0x0000000405800000, 0x0000000405800000, 0x0000000405c00000|  0%| F|  |TS  0|AC  0|TAMS 0x0000000405800000, 0x0000000405800000|
| 184|0x0000000405c00000, 0x0000000405c00000, 0x0000000406000000|  0%| F|  |TS  0|AC  0|TAMS 0x0000000405c00000, 0x0000000405c00000|
| 185|0x0000000406000000, 0x0000000406000000, 0x0000000406400000|  0%| F|  |TS  0|AC  0|TAMS 0x0000000406000000, 0x0000000406000000|
| 186|0x0000000406400000, 0x0000000406400000, 0x0000000406800000|  0%| F|  |TS  0|AC  0|TAMS 0x0000000406400000, 0x0000000406400000|
| 187|0x0000000406800000, 0x0000000406800000, 0x0000000406c00000|  0%| F|  |TS  0|AC  0|TAMS 0x0000000406800000, 0x0000000406800000|
| 188|0x0000000406c00000, 0x0000000406c00000, 0x0000000407000000|  0%| F|  |TS  0|AC  0|TAMS 0x0000000406c00000, 0x0000000406c00000|
| 189|0x0000000407000000, 0x0000000407000000, 0x0000000407400000|  0%| F|  |TS  0|AC  0|TAMS 0x0000000407000000, 0x0000000407000000|
| 190|0x0000000407400000, 0x0000000407400000, 0x0000000407800000|  0%| F|  |TS  0|AC  0|TAMS 0x0000000407400000, 0x0000000407400000|
| 191|0x0000000407800000, 0x0000000407800000, 0x0000000407c00000|  0%| F|  |TS  0|AC  0|TAMS 0x0000000407800000, 0x0000000407800000|
| 192|0x0000000407c00000, 0x0000000407c00000, 0x0000000408000000|  0%| F|  |TS  0|AC  0|TAMS 0x0000000407c00000, 0x0000000407c00000|
| 193|0x0000000408000000, 0x0000000408000000, 0x0000000408400000|  0%| F|  |TS  0|AC  0|TAMS 0x0000000408000000, 0x0000000408000000|
| 194|0x0000000408400000, 0x0000000408400000, 0x0000000408800000|  0%| F|  |TS  0|AC  0|TAMS 0x0000000408400000, 0x0000000408400000|
| 195|0x0000000408800000, 0x0000000408800000, 0x0000000408c00000|  0%| F|  |TS  0|AC  0|TAMS 0x0000000408800000, 0x0000000408800000|
| 196|0x0000000408c00000, 0x0000000408c00000, 0x0000000409000000|  0%| F|  |TS  0|AC  0|TAMS 0x0000000408c00000, 0x0000000408c00000|
| 197|0x0000000409000000, 0x0000000409000000, 0x0000000409400000|  0%| F|  |TS  0|AC  0|TAMS 0x0000000409000000, 0x0000000409000000|
| 198|0x0000000409400000, 0x0000000409400000, 0x0000000409800000|  0%| F|  |TS  0|AC  0|TAMS 0x0000000409400000, 0x0000000409400000|
| 199|0x0000000409800000, 0x0000000409800000, 0x0000000409c00000|  0%| F|  |TS  0|AC  0|TAMS 0x0000000409800000, 0x0000000409800000|
| 200|0x0000000409c00000, 0x0000000409c00000, 0x000000040a000000|  0%| F|  |TS  0|AC  0|TAMS 0x0000000409c00000, 0x0000000409c00000|
| 201|0x000000040a000000, 0x000000040a000000, 0x000000040a400000|  0%| F|  |TS  0|AC  0|TAMS 0x000000040a000000, 0x000000040a000000|
| 202|0x000000040a400000, 0x000000040a400000, 0x000000040a800000|  0%| F|  |TS  0|AC  0|TAMS 0x000000040a400000, 0x000000040a400000|
| 203|0x000000040a800000, 0x000000040a800000, 0x000000040ac00000|  0%| F|  |TS  0|AC  0|TAMS 0x000000040a800000, 0x000000040a800000|
| 204|0x000000040ac00000, 0x000000040ac00000, 0x000000040b000000|  0%| F|  |TS  0|AC  0|TAMS 0x000000040ac00000, 0x000000040ac00000|
| 205|0x000000040b000000, 0x000000040b000000, 0x000000040b400000|  0%| F|  |TS  0|AC  0|TAMS 0x000000040b000000, 0x000000040b000000|
| 206|0x000000040b400000, 0x000000040b400000, 0x000000040b800000|  0%| F|  |TS  0|AC  0|TAMS 0x000000040b400000, 0x000000040b400000|
| 207|0x000000040b800000, 0x000000040b800000, 0x000000040bc00000|  0%| F|  |TS  0|AC  0|TAMS 0x000000040b800000, 0x000000040b800000|
| 208|0x000000040bc00000, 0x000000040bc00000, 0x000000040c000000|  0%| F|  |TS  0|AC  0|TAMS 0x000000040bc00000, 0x000000040bc00000|
| 209|0x000000040c000000, 0x000000040c000000, 0x000000040c400000|  0%| F|  |TS  0|AC  0|TAMS 0x000000040c000000, 0x000000040c000000|
| 210|0x000000040c400000, 0x000000040c400000, 0x000000040c800000|  0%| F|  |TS  0|AC  0|TAMS 0x000000040c400000, 0x000000040c400000|
| 211|0x000000040c800000, 0x000000040c800000, 0x000000040cc00000|  0%| F|  |TS  0|AC  0|TAMS 0x000000040c800000, 0x000000040c800000|
| 212|0x000000040cc00000, 0x000000040cc00000, 0x000000040d000000|  0%| F|  |TS  0|AC  0|TAMS 0x000000040cc00000, 0x000000040cc00000|
| 213|0x000000040d000000, 0x000000040d000000, 0x000000040d400000|  0%| F|  |TS  0|AC  0|TAMS 0x000000040d000000, 0x000000040d000000|
| 214|0x000000040d400000, 0x000000040d400000, 0x000000040d800000|  0%| F|  |TS  0|AC  0|TAMS 0x000000040d400000, 0x000000040d400000|
| 215|0x000000040d800000, 0x000000040d800000, 0x000000040dc00000|  0%| F|  |TS  0|AC  0|TAMS 0x000000040d800000, 0x000000040d800000|
| 216|0x000000040dc00000, 0x000000040dc00000, 0x000000040e000000|  0%| F|  |TS  0|AC  0|TAMS 0x000000040dc00000, 0x000000040dc00000|
| 217|0x000000040e000000, 0x000000040e000000, 0x000000040e400000|  0%| F|  |TS  0|AC  0|TAMS 0x000000040e000000, 0x000000040e000000|
| 218|0x000000040e400000, 0x000000040e400000, 0x000000040e800000|  0%| F|  |TS  0|AC  0|TAMS 0x000000040e400000, 0x000000040e400000|
| 219|0x000000040e800000, 0x000000040e800000, 0x000000040ec00000|  0%| F|  |TS  0|AC  0|TAMS 0x000000040e800000, 0x000000040e800000|
| 220|0x000000040ec00000, 0x000000040ec00000, 0x000000040f000000|  0%| F|  |TS  0|AC  0|TAMS 0x000000040ec00000, 0x000000040ec00000|
| 221|0x000000040f000000, 0x000000040f000000, 0x000000040f400000|  0%| F|  |TS  0|AC  0|TAMS 0x000000040f000000, 0x000000040f000000|
| 222|0x000000040f400000, 0x000000040f400000, 0x000000040f800000|  0%| F|  |TS  0|AC  0|TAMS 0x000000040f400000, 0x000000040f400000|
| 223|0x000000040f800000, 0x000000040f800000, 0x000000040fc00000|  0%| F|  |TS  0|AC  0|TAMS 0x000000040f800000, 0x000000040f800000|
| 224|0x000000040fc00000, 0x000000040fc00000, 0x0000000410000000|  0%| F|  |TS  0|AC  0|TAMS 0x000000040fc00000, 0x000000040fc00000|
| 225|0x0000000410000000, 0x0000000410000000, 0x0000000410400000|  0%| F|  |TS  0|AC  0|TAMS 0x0000000410000000, 0x0000000410000000|
| 226|0x0000000410400000, 0x0000000410400000, 0x0000000410800000|  0%| F|  |TS  0|AC  0|TAMS 0x0000000410400000, 0x0000000410400000|
| 227|0x0000000410800000, 0x0000000410800000, 0x0000000410c00000|  0%| F|  |TS  0|AC  0|TAMS 0x0000000410800000, 0x0000000410800000|
| 228|0x0000000410c00000, 0x0000000410c00000, 0x0000000411000000|  0%| F|  |TS  0|AC  0|TAMS 0x0000000410c00000, 0x0000000410c00000|
| 229|0x0000000411000000, 0x0000000411000000, 0x0000000411400000|  0%| F|  |TS  0|AC  0|TAMS 0x0000000411000000, 0x0000000411000000|
| 230|0x0000000411400000, 0x0000000411400000, 0x0000000411800000|  0%| F|  |TS  0|AC  0|TAMS 0x0000000411400000, 0x0000000411400000|
| 231|0x0000000411800000, 0x0000000411800000, 0x0000000411c00000|  0%| F|  |TS  0|AC  0|TAMS 0x0000000411800000, 0x0000000411800000|
| 232|0x0000000411c00000, 0x0000000411c00000, 0x0000000412000000|  0%| F|  |TS  0|AC  0|TAMS 0x0000000411c00000, 0x0000000411c00000|
| 233|0x0000000412000000, 0x0000000412000000, 0x0000000412400000|  0%| F|  |TS  0|AC  0|TAMS 0x0000000412000000, 0x0000000412000000|
| 234|0x0000000412400000, 0x0000000412400000, 0x0000000412800000|  0%| F|  |TS  0|AC  0|TAMS 0x0000000412400000, 0x0000000412400000|
| 235|0x0000000412800000, 0x0000000412800000, 0x0000000412c00000|  0%| F|  |TS  0|AC  0|TAMS 0x0000000412800000, 0x0000000412800000|
| 236|0x0000000412c00000, 0x0000000412c00000, 0x0000000413000000|  0%| F|  |TS  0|AC  0|TAMS 0x0000000412c00000, 0x0000000412c00000|
| 237|0x0000000413000000, 0x0000000413000000, 0x0000000413400000|  0%| F|  |TS  0|AC  0|TAMS 0x0000000413000000, 0x0000000413000000|
| 238|0x0000000413400000, 0x0000000413400000, 0x0000000413800000|  0%| F|  |TS  0|AC  0|TAMS 0x0000000413400000, 0x0000000413400000|
| 239|0x0000000413800000, 0x0000000413800000, 0x0000000413c00000|  0%| F|  |TS  0|AC  0|TAMS 0x0000000413800000, 0x0000000413800000|
| 240|0x0000000413c00000, 0x0000000413c00000, 0x0000000414000000|  0%| F|  |TS  0|AC  0|TAMS 0x0000000413c00000, 0x0000000413c00000|
| 241|0x0000000414000000, 0x0000000414000000, 0x0000000414400000|  0%| F|  |TS  0|AC  0|TAMS 0x0000000414000000, 0x0000000414000000|
| 242|0x0000000414400000, 0x0000000414400000, 0x0000000414800000|  0%| F|  |TS  0|AC  0|TAMS 0x0000000414400000, 0x0000000414400000|
| 243|0x0000000414800000, 0x0000000414800000, 0x0000000414c00000|  0%| F|  |TS  0|AC  0|TAMS 0x0000000414800000, 0x0000000414800000|
| 244|0x0000000414c00000, 0x0000000414c00000, 0x0000000415000000|  0%| F|  |TS  0|AC  0|TAMS 0x0000000414c00000, 0x0000000414c00000|
| 245|0x0000000415000000, 0x0000000415000000, 0x0000000415400000|  0%| F|  |TS  0|AC  0|TAMS 0x0000000415000000, 0x0000000415000000|
| 246|0x0000000415400000, 0x0000000415400000, 0x0000000415800000|  0%| F|  |TS  0|AC  0|TAMS 0x0000000415400000, 0x0000000415400000|
| 247|0x0000000415800000, 0x0000000415800000, 0x0000000415c00000|  0%| F|  |TS  0|AC  0|TAMS 0x0000000415800000, 0x0000000415800000|
| 248|0x0000000415c00000, 0x0000000415fd7960, 0x0000000416000000| 96%| E|  |TS  0|AC  0|TAMS 0x0000000415c00000, 0x0000000415c00000|
| 249|0x0000000416000000, 0x0000000416400000, 0x0000000416400000|100%| E|CS|TS  0|AC  0|TAMS 0x0000000416000000, 0x0000000416000000|
| 250|0x0000000416400000, 0x0000000416800000, 0x0000000416800000|100%| E|CS|TS  0|AC  0|TAMS 0x0000000416400000, 0x0000000416400000|

Card table byte_map: [0x00007fdccc17c000,0x00007fdcce0be000] byte_map_base: 0x00007fdcca2be000

Marking Bits (Prev, Next): (CMBitMap*) 0x00007fdd9409e820, (CMBitMap*) 0x00007fdd9409e858
 Prev Bits: [0x00007fdcba82a000, 0x00007fdcca23a000)
 Next Bits: [0x00007fdcaae1a000, 0x00007fdcba82a000)

Polling page: 0x00007fdd9c10f000

CodeHeap 'non-profiled nmethods': size=119172Kb used=148Kb max_used=148Kb free=119023Kb
 bounds [0x00007fdd816e2000, 0x00007fdd81952000, 0x00007fdd88b43000]
CodeHeap 'profiled nmethods': size=119172Kb used=315Kb max_used=315Kb free=118856Kb
 bounds [0x00007fdd7a281000, 0x00007fdd7a4f1000, 0x00007fdd816e2000]
CodeHeap 'non-nmethods': size=7416Kb used=2826Kb max_used=2852Kb free=4589Kb
 bounds [0x00007fdd79b43000, 0x00007fdd79e13000, 0x00007fdd7a281000]
 total_blobs=624 nmethods=239 adapters=168
 compilation: enabled

Compilation events (10 events):
Event: 0.321 Thread 0x00007fdd942b6800 nmethod 235 0x00007fdd816f9990 code [0x00007fdd816f9b60, 0x00007fdd816fa198]
Event: 0.321 Thread 0x00007fdd942b6800  239   !   4       java.io.PrintStream::newLine (73 bytes)
Event: 0.324 Thread 0x00007fdd942af000  237       4       Print::logPrint (8 bytes)
Event: 0.326 Thread 0x00007fdd942b5000 nmethod 229 0x00007fdd816fa490 code [0x00007fdd816fa700, 0x00007fdd816fb828]
Event: 0.330 Thread 0x00007fdd942b3000 nmethod 233 0x00007fdd816fc110 code [0x00007fdd816fc380, 0x00007fdd816fd808]
Event: 0.332 Thread 0x00007fdd942ba000 nmethod 230 0x00007fdd816fe210 code [0x00007fdd816fe440, 0x00007fdd816fee88]
Event: 0.337 Thread 0x00007fdd942b6800 nmethod 239 0x00007fdd816ff810 code [0x00007fdd816ffaa0, 0x00007fdd81700e28]
Event: 0.346 Thread 0x00007fdd942b8800 nmethod 238 0x00007fdd81701990 code [0x00007fdd81701bc0, 0x00007fdd81702b38]
Event: 0.362 Thread 0x00007fdd942af000 nmethod 237 0x00007fdd81703410 code [0x00007fdd81703760, 0x00007fdd81705b20]
Event: 0.436 Thread 0x00007fdd942bd800  240 %     3       org.eclipse.core.runtime.adaptor.EclipseStarter::main @ 5572 (7292 bytes)

GC Heap History (0 events):
No events

Deoptimization events (0 events):
No events

Classes redefined (0 events):
No events

Internal exceptions (0 events):
No events

Events (10 events):
Event: 0.296 Thread 0x00007fdd94011800 DEOPT PACKING pc=0x00007fdd7a2b1d28 sp=0x00007fdd9a7b9d80
Event: 0.296 Thread 0x00007fdd94011800 DEOPT UNPACKING pc=0x00007fdd79b90aab sp=0x00007fdd9a7b9218 mode 0
Event: 0.296 Thread 0x00007fdd94011800 DEOPT PACKING pc=0x00007fdd7a2afba4 sp=0x00007fdd9a7b99b0
Event: 0.296 Thread 0x00007fdd94011800 DEOPT UNPACKING pc=0x00007fdd79b90aab sp=0x00007fdd9a7b8f98 mode 0
Event: 0.296 Thread 0x00007fdd94011800 DEOPT PACKING pc=0x00007fdd7a2b1d28 sp=0x00007fdd9a7b9d80
Event: 0.296 Thread 0x00007fdd94011800 DEOPT UNPACKING pc=0x00007fdd79b90aab sp=0x00007fdd9a7b9218 mode 0
Event: 0.297 Thread 0x00007fdd94011800 DEOPT PACKING pc=0x00007fdd7a2b1d28 sp=0x00007fdd9a7b9d70
Event: 0.297 Thread 0x00007fdd94011800 DEOPT UNPACKING pc=0x00007fdd79b90aab sp=0x00007fdd9a7b9208 mode 0
Event: 0.297 Thread 0x00007fdd94011800 DEOPT PACKING pc=0x00007fdd7a2b1d28 sp=0x00007fdd9a7b9d80
Event: 0.297 Thread 0x00007fdd94011800 DEOPT UNPACKING pc=0x00007fdd79b90aab sp=0x00007fdd9a7b9218 mode 0


Dynamic libraries:
00400000-00401000 r-xp 00000000 00:65 77077150                           /root/oracle/jdk-9.0.4/bin/java
00600000-00601000 rw-p 00000000 00:65 77077150                           /root/oracle/jdk-9.0.4/bin/java
02244000-02265000 rw-p 00000000 00:00 0                                  [heap]
3d7c00000-416800000 rw-p 00000000 00:00 0 
416800000-7c0000000 ---p 00000000 00:00 0 
7c0000000-7c0080000 rw-p 00000000 00:00 0 
7c0080000-800000000 ---p 00000000 00:00 0 
7fdc38000000-7fdc38021000 rw-p 00000000 00:00 0 
7fdc38021000-7fdc3c000000 ---p 00000000 00:00 0 
7fdc40000000-7fdc40021000 rw-p 00000000 00:00 0 
7fdc40021000-7fdc44000000 ---p 00000000 00:00 0 
7fdc44000000-7fdc44021000 rw-p 00000000 00:00 0 
7fdc44021000-7fdc48000000 ---p 00000000 00:00 0 
7fdc48000000-7fdc48021000 rw-p 00000000 00:00 0 
7fdc48021000-7fdc4c000000 ---p 00000000 00:00 0 
7fdc4c000000-7fdc4c021000 rw-p 00000000 00:00 0 
7fdc4c021000-7fdc50000000 ---p 00000000 00:00 0 
7fdc50000000-7fdc500ba000 rw-p 00000000 00:00 0 
7fdc500ba000-7fdc54000000 ---p 00000000 00:00 0 
7fdc54000000-7fdc54023000 rw-p 00000000 00:00 0 
7fdc54023000-7fdc58000000 ---p 00000000 00:00 0 
7fdc58000000-7fdc580e5000 rw-p 00000000 00:00 0 
7fdc580e5000-7fdc5c000000 ---p 00000000 00:00 0 
7fdc5c000000-7fdc5c03d000 rw-p 00000000 00:00 0 
7fdc5c03d000-7fdc60000000 ---p 00000000 00:00 0 
7fdc60000000-7fdc601c8000 rw-p 00000000 00:00 0 
7fdc601c8000-7fdc64000000 ---p 00000000 00:00 0 
7fdc64000000-7fdc640f3000 rw-p 00000000 00:00 0 
7fdc640f3000-7fdc68000000 ---p 00000000 00:00 0 
7fdc68000000-7fdc68122000 rw-p 00000000 00:00 0 
7fdc68122000-7fdc6c000000 ---p 00000000 00:00 0 
7fdc6c000000-7fdc6c0ed000 rw-p 00000000 00:00 0 
7fdc6c0ed000-7fdc70000000 ---p 00000000 00:00 0 
7fdc70000000-7fdc7035c000 rw-p 00000000 00:00 0 
7fdc7035c000-7fdc74000000 ---p 00000000 00:00 0 
7fdc74000000-7fdc741fb000 rw-p 00000000 00:00 0 
7fdc741fb000-7fdc78000000 ---p 00000000 00:00 0 
7fdc78000000-7fdc78021000 rw-p 00000000 00:00 0 
7fdc78021000-7fdc7c000000 ---p 00000000 00:00 0 
7fdc7c000000-7fdc7c088000 rw-p 00000000 00:00 0 
7fdc7c088000-7fdc80000000 ---p 00000000 00:00 0 
7fdc80000000-7fdc80021000 rw-p 00000000 00:00 0 
7fdc80021000-7fdc84000000 ---p 00000000 00:00 0 
7fdc84000000-7fdc84021000 rw-p 00000000 00:00 0 
7fdc84021000-7fdc88000000 ---p 00000000 00:00 0 
7fdc88000000-7fdc88021000 rw-p 00000000 00:00 0 
7fdc88021000-7fdc8c000000 ---p 00000000 00:00 0 
7fdc8c000000-7fdc8c021000 rw-p 00000000 00:00 0 
7fdc8c021000-7fdc90000000 ---p 00000000 00:00 0 
7fdc9219a000-7fdc924c8000 rw-p 00000000 00:00 0 
7fdc924c8000-7fdc924c9000 ---p 00000000 00:00 0 
7fdc924c9000-7fdc925ca000 rw-p 00000000 00:00 0 
7fdc925ca000-7fdc925ce000 ---p 00000000 00:00 0 
7fdc925ce000-7fdc926cb000 rw-p 00000000 00:00 0 
7fdc926cb000-7fdc926cf000 ---p 00000000 00:00 0 
7fdc926cf000-7fdc927cc000 rw-p 00000000 00:00 0 
7fdc927cc000-7fdc927e2000 r-xp 00000000 00:65 77077477                   /root/oracle/jdk-9.0.4/lib/libnet.so
7fdc927e2000-7fdc929e2000 ---p 00016000 00:65 77077477                   /root/oracle/jdk-9.0.4/lib/libnet.so
7fdc929e2000-7fdc929e3000 rw-p 00016000 00:65 77077477                   /root/oracle/jdk-9.0.4/lib/libnet.so
7fdc929e3000-7fdc929f3000 r-xp 00000000 00:65 77077594                   /root/oracle/jdk-9.0.4/lib/libnio.so
7fdc929f3000-7fdc92bf3000 ---p 00010000 00:65 77077594                   /root/oracle/jdk-9.0.4/lib/libnio.so
7fdc92bf3000-7fdc92bf4000 rw-p 00010000 00:65 77077594                   /root/oracle/jdk-9.0.4/lib/libnio.so
7fdc92bf4000-7fdc92bf8000 ---p 00000000 00:00 0 
7fdc92bf8000-7fdc92cf5000 rw-p 00000000 00:00 0 
7fdc92cf5000-7fdc92cf9000 ---p 00000000 00:00 0 
7fdc92cf9000-7fdc92df6000 rw-p 00000000 00:00 0 
7fdc92df6000-7fdc92dfa000 ---p 00000000 00:00 0 
7fdc92dfa000-7fdc92ef7000 rw-p 00000000 00:00 0 
7fdc92ef7000-7fdc92efb000 ---p 00000000 00:00 0 
7fdc92efb000-7fdc92ff8000 rw-p 00000000 00:00 0 
7fdc92ff8000-7fdc92ffc000 ---p 00000000 00:00 0 
7fdc92ffc000-7fdc930f9000 rw-p 00000000 00:00 0 
7fdc930f9000-7fdc930fd000 ---p 00000000 00:00 0 
7fdc930fd000-7fdc931fa000 rw-p 00000000 00:00 0 
7fdc931fa000-7fdc931fe000 ---p 00000000 00:00 0 
7fdc931fe000-7fdc932fb000 rw-p 00000000 00:00 0 
7fdc932fb000-7fdc932ff000 ---p 00000000 00:00 0 
7fdc932ff000-7fdc933fc000 rw-p 00000000 00:00 0 
7fdc933fc000-7fdc93400000 ---p 00000000 00:00 0 
7fdc93400000-7fdc934fd000 rw-p 00000000 00:00 0 
7fdc934fd000-7fdc93501000 ---p 00000000 00:00 0 
7fdc93501000-7fdc935fe000 rw-p 00000000 00:00 0 
7fdc935fe000-7fdc93602000 ---p 00000000 00:00 0 
7fdc93602000-7fdc936ff000 rw-p 00000000 00:00 0 
7fdc936ff000-7fdc93703000 ---p 00000000 00:00 0 
7fdc93703000-7fdc93c40000 rw-p 00000000 00:00 0 
7fdc93c40000-7fdc94000000 ---p 00000000 00:00 0 
7fdc94000000-7fdc94021000 rw-p 00000000 00:00 0 
7fdc94021000-7fdc98000000 ---p 00000000 00:00 0 
7fdc98000000-7fdc98021000 rw-p 00000000 00:00 0 
7fdc98021000-7fdc9c000000 ---p 00000000 00:00 0 
7fdc9c000000-7fdc9c021000 rw-p 00000000 00:00 0 
7fdc9c021000-7fdca0000000 ---p 00000000 00:00 0 
7fdca0000000-7fdca0021000 rw-p 00000000 00:00 0 
7fdca0021000-7fdca4000000 ---p 00000000 00:00 0 
7fdca4000000-7fdca4021000 rw-p 00000000 00:00 0 
7fdca4021000-7fdca8000000 ---p 00000000 00:00 0 
7fdca8096000-7fdca809a000 ---p 00000000 00:00 0 
7fdca809a000-7fdca8197000 rw-p 00000000 00:00 0 
7fdca8197000-7fdca819b000 ---p 00000000 00:00 0 
7fdca819b000-7fdca8298000 rw-p 00000000 00:00 0 
7fdca8298000-7fdca829c000 ---p 00000000 00:00 0 
7fdca829c000-7fdca8399000 rw-p 00000000 00:00 0 
7fdca8399000-7fdca839d000 ---p 00000000 00:00 0 
7fdca839d000-7fdca849a000 rw-p 00000000 00:00 0 
7fdca849a000-7fdca849b000 ---p 00000000 00:00 0 
7fdca849b000-7fdca8e1a000 rw-p 00000000 00:00 0 
7fdca8e1a000-7fdcaae1a000 rwxp 00000000 00:00 0 
7fdcaae1a000-7fdcabdca000 rw-p 00000000 00:00 0 
7fdcabdca000-7fdcba82a000 ---p 00000000 00:00 0 
7fdcba82a000-7fdcbb7da000 rw-p 00000000 00:00 0 
7fdcbb7da000-7fdcca23a000 ---p 00000000 00:00 0 
7fdcca23a000-7fdcca430000 rw-p 00000000 00:00 0 
7fdcca430000-7fdccc17c000 ---p 00000000 00:00 0 
7fdccc17c000-7fdccc372000 rw-p 00000000 00:00 0 
7fdccc372000-7fdcd0000000 ---p 00000000 00:00 0 
7fdcd0000000-7fdcd0021000 rw-p 00000000 00:00 0 
7fdcd0021000-7fdcd4000000 ---p 00000000 00:00 0 
7fdcd4000000-7fdcd4021000 rw-p 00000000 00:00 0 
7fdcd4021000-7fdcd8000000 ---p 00000000 00:00 0 
7fdcd8000000-7fdcd8021000 rw-p 00000000 00:00 0 
7fdcd8021000-7fdcdc000000 ---p 00000000 00:00 0 
7fdcdc000000-7fdcdc021000 rw-p 00000000 00:00 0 
7fdcdc021000-7fdce0000000 ---p 00000000 00:00 0 
7fdce0000000-7fdce0021000 rw-p 00000000 00:00 0 
7fdce0021000-7fdce4000000 ---p 00000000 00:00 0 
7fdce4000000-7fdce4021000 rw-p 00000000 00:00 0 
7fdce4021000-7fdce8000000 ---p 00000000 00:00 0 
7fdce8000000-7fdce8021000 rw-p 00000000 00:00 0 
7fdce8021000-7fdcec000000 ---p 00000000 00:00 0 
7fdcec000000-7fdcec021000 rw-p 00000000 00:00 0 
7fdcec021000-7fdcf0000000 ---p 00000000 00:00 0 
7fdcf0000000-7fdcf0021000 rw-p 00000000 00:00 0 
7fdcf0021000-7fdcf4000000 ---p 00000000 00:00 0 
7fdcf4000000-7fdcf4021000 rw-p 00000000 00:00 0 
7fdcf4021000-7fdcf8000000 ---p 00000000 00:00 0 
7fdcf804e000-7fdcf8cb5000 rw-p 00000000 00:00 0 
7fdcf8cb5000-7fdcf8cb6000 ---p 00000000 00:00 0 
7fdcf8cb6000-7fdcf8db7000 rw-p 00000000 00:00 0 
7fdcf8db7000-7fdcf8db8000 ---p 00000000 00:00 0 
7fdcf8db8000-7fdcf8eb9000 rw-p 00000000 00:00 0 
7fdcf8eb9000-7fdcf8eba000 ---p 00000000 00:00 0 
7fdcf8eba000-7fdcf8fbb000 rw-p 00000000 00:00 0 
7fdcf8fbb000-7fdcf8fbc000 ---p 00000000 00:00 0 
7fdcf8fbc000-7fdcf90bd000 rw-p 00000000 00:00 0 
7fdcf90bd000-7fdcf90be000 ---p 00000000 00:00 0 
7fdcf90be000-7fdcf91bf000 rw-p 00000000 00:00 0 
7fdcf91bf000-7fdcf91c0000 ---p 00000000 00:00 0 
7fdcf91c0000-7fdcf99a2000 rw-p 00000000 00:00 0 
7fdcf99a2000-7fdcfb6ee000 ---p 00000000 00:00 0 
7fdcfb6ee000-7fdcfb6ef000 ---p 00000000 00:00 0 
7fdcfb6ef000-7fdcfb7f0000 rw-p 00000000 00:00 0 
7fdcfb7f0000-7fdcfb7f1000 ---p 00000000 00:00 0 
7fdcfb7f1000-7fdcfb8f2000 rw-p 00000000 00:00 0 
7fdcfb8f2000-7fdcfb8f3000 ---p 00000000 00:00 0 
7fdcfb8f3000-7fdcfb9f4000 rw-p 00000000 00:00 0 
7fdcfb9f4000-7fdcfb9f5000 ---p 00000000 00:00 0 
7fdcfb9f5000-7fdcfbaf6000 rw-p 00000000 00:00 0 
7fdcfbaf6000-7fdcfbaf7000 ---p 00000000 00:00 0 
7fdcfbaf7000-7fdcfbbf8000 rw-p 00000000 00:00 0 
7fdcfbbf8000-7fdcfbbf9000 ---p 00000000 00:00 0 
7fdcfbbf9000-7fdcfbcfa000 rw-p 00000000 00:00 0 
7fdcfbcfa000-7fdcfbcfb000 ---p 00000000 00:00 0 
7fdcfbcfb000-7fdcfbdfc000 rw-p 00000000 00:00 0 
7fdcfbdfc000-7fdcfbdfd000 ---p 00000000 00:00 0 
7fdcfbdfd000-7fdcfbefe000 rw-p 00000000 00:00 0 
7fdcfbefe000-7fdcfbeff000 ---p 00000000 00:00 0 
7fdcfbeff000-7fdcfc000000 rw-p 00000000 00:00 0 
7fdcfc000000-7fdcfc021000 rw-p 00000000 00:00 0 
7fdcfc021000-7fdd00000000 ---p 00000000 00:00 0 
7fdd00000000-7fdd00021000 rw-p 00000000 00:00 0 
7fdd00021000-7fdd04000000 ---p 00000000 00:00 0 
7fdd04000000-7fdd04021000 rw-p 00000000 00:00 0 
7fdd04021000-7fdd08000000 ---p 00000000 00:00 0 
7fdd08000000-7fdd08021000 rw-p 00000000 00:00 0 
7fdd08021000-7fdd0c000000 ---p 00000000 00:00 0 
7fdd0c000000-7fdd0c021000 rw-p 00000000 00:00 0 
7fdd0c021000-7fdd10000000 ---p 00000000 00:00 0 
7fdd10000000-7fdd10021000 rw-p 00000000 00:00 0 
7fdd10021000-7fdd14000000 ---p 00000000 00:00 0 
7fdd14000000-7fdd14021000 rw-p 00000000 00:00 0 
7fdd14021000-7fdd18000000 ---p 00000000 00:00 0 
7fdd18000000-7fdd18021000 rw-p 00000000 00:00 0 
7fdd18021000-7fdd1c000000 ---p 00000000 00:00 0 
7fdd1c000000-7fdd1c021000 rw-p 00000000 00:00 0 
7fdd1c021000-7fdd20000000 ---p 00000000 00:00 0 
7fdd20000000-7fdd20021000 rw-p 00000000 00:00 0 
7fdd20021000-7fdd24000000 ---p 00000000 00:00 0 
7fdd24000000-7fdd24021000 rw-p 00000000 00:00 0 
7fdd24021000-7fdd28000000 ---p 00000000 00:00 0 
7fdd28000000-7fdd28021000 rw-p 00000000 00:00 0 
7fdd28021000-7fdd2c000000 ---p 00000000 00:00 0 
7fdd2c000000-7fdd2c021000 rw-p 00000000 00:00 0 
7fdd2c021000-7fdd30000000 ---p 00000000 00:00 0 
7fdd30000000-7fdd30021000 rw-p 00000000 00:00 0 
7fdd30021000-7fdd34000000 ---p 00000000 00:00 0 
7fdd34000000-7fdd34021000 rw-p 00000000 00:00 0 
7fdd34021000-7fdd38000000 ---p 00000000 00:00 0 
7fdd38000000-7fdd38021000 rw-p 00000000 00:00 0 
7fdd38021000-7fdd3c000000 ---p 00000000 00:00 0 
7fdd3c000000-7fdd3c021000 rw-p 00000000 00:00 0 
7fdd3c021000-7fdd40000000 ---p 00000000 00:00 0 
7fdd40000000-7fdd40021000 rw-p 00000000 00:00 0 
7fdd40021000-7fdd44000000 ---p 00000000 00:00 0 
7fdd44000000-7fdd44021000 rw-p 00000000 00:00 0 
7fdd44021000-7fdd48000000 ---p 00000000 00:00 0 
7fdd48000000-7fdd48021000 rw-p 00000000 00:00 0 
7fdd48021000-7fdd4c000000 ---p 00000000 00:00 0 
7fdd4c000000-7fdd4c021000 rw-p 00000000 00:00 0 
7fdd4c021000-7fdd50000000 ---p 00000000 00:00 0 
7fdd50000000-7fdd50021000 rw-p 00000000 00:00 0 
7fdd50021000-7fdd54000000 ---p 00000000 00:00 0 
7fdd54000000-7fdd54021000 rw-p 00000000 00:00 0 
7fdd54021000-7fdd58000000 ---p 00000000 00:00 0 
7fdd58000000-7fdd58021000 rw-p 00000000 00:00 0 
7fdd58021000-7fdd5c000000 ---p 00000000 00:00 0 
7fdd5c000000-7fdd5c021000 rw-p 00000000 00:00 0 
7fdd5c021000-7fdd60000000 ---p 00000000 00:00 0 
7fdd60000000-7fdd60021000 rw-p 00000000 00:00 0 
7fdd60021000-7fdd64000000 ---p 00000000 00:00 0 
7fdd64000000-7fdd64021000 rw-p 00000000 00:00 0 
7fdd64021000-7fdd68000000 ---p 00000000 00:00 0 
7fdd68000000-7fdd68021000 rw-p 00000000 00:00 0 
7fdd68021000-7fdd6c000000 ---p 00000000 00:00 0 
7fdd6c000000-7fdd6c021000 rw-p 00000000 00:00 0 
7fdd6c021000-7fdd70000000 ---p 00000000 00:00 0 
7fdd70000000-7fdd70021000 rw-p 00000000 00:00 0 
7fdd70021000-7fdd74000000 ---p 00000000 00:00 0 
7fdd74000000-7fdd74021000 rw-p 00000000 00:00 0 
7fdd74021000-7fdd78000000 ---p 00000000 00:00 0 
7fdd7801c000-7fdd7801d000 ---p 00000000 00:00 0 
7fdd7801d000-7fdd7811e000 rw-p 00000000 00:00 0 
7fdd7811e000-7fdd7811f000 ---p 00000000 00:00 0 
7fdd7811f000-7fdd78220000 rw-p 00000000 00:00 0 
7fdd78220000-7fdd78221000 ---p 00000000 00:00 0 
7fdd78221000-7fdd78322000 rw-p 00000000 00:00 0 
7fdd78322000-7fdd78323000 ---p 00000000 00:00 0 
7fdd78323000-7fdd78424000 rw-p 00000000 00:00 0 
7fdd78424000-7fdd78425000 ---p 00000000 00:00 0 
7fdd78425000-7fdd78526000 rw-p 00000000 00:00 0 
7fdd78526000-7fdd78527000 ---p 00000000 00:00 0 
7fdd78527000-7fdd78628000 rw-p 00000000 00:00 0 
7fdd78628000-7fdd78629000 ---p 00000000 00:00 0 
7fdd78629000-7fdd7872a000 rw-p 00000000 00:00 0 
7fdd7872a000-7fdd7872b000 ---p 00000000 00:00 0 
7fdd7872b000-7fdd7882c000 rw-p 00000000 00:00 0 
7fdd7882c000-7fdd7882d000 ---p 00000000 00:00 0 
7fdd7882d000-7fdd7892e000 rw-p 00000000 00:00 0 
7fdd7892e000-7fdd7892f000 ---p 00000000 00:00 0 
7fdd7892f000-7fdd78a30000 rw-p 00000000 00:00 0 
7fdd78a30000-7fdd78a31000 ---p 00000000 00:00 0 
7fdd78a31000-7fdd78b32000 rw-p 00000000 00:00 0 
7fdd78b32000-7fdd78b33000 ---p 00000000 00:00 0 
7fdd78b33000-7fdd79b43000 rw-p 00000000 00:00 0 
7fdd79b43000-7fdd79e13000 rwxp 00000000 00:00 0 
7fdd79e13000-7fdd7a281000 ---p 00000000 00:00 0 
7fdd7a281000-7fdd7a4f1000 rwxp 00000000 00:00 0 
7fdd7a4f1000-7fdd816e2000 ---p 00000000 00:00 0 
7fdd816e2000-7fdd81952000 rwxp 00000000 00:00 0 
7fdd81952000-7fdd88b43000 ---p 00000000 00:00 0 
7fdd88b43000-7fdd94000000 r--s 00000000 00:65 77077560                   /root/oracle/jdk-9.0.4/lib/modules
7fdd94000000-7fdd94420000 rw-p 00000000 00:00 0 
7fdd94420000-7fdd98000000 ---p 00000000 00:00 0 
7fdd98013000-7fdd985ef000 rw-p 00000000 00:00 0 
7fdd985ef000-7fdd985f0000 ---p 00000000 00:00 0 
7fdd985f0000-7fdd986f1000 rw-p 00000000 00:00 0 
7fdd986f1000-7fdd986f2000 ---p 00000000 00:00 0 
7fdd986f2000-7fdd987f3000 rw-p 00000000 00:00 0 
7fdd987f3000-7fdd987f4000 ---p 00000000 00:00 0 
7fdd987f4000-7fdd988f5000 rw-p 00000000 00:00 0 
7fdd988f5000-7fdd988f6000 ---p 00000000 00:00 0 
7fdd988f6000-7fdd989f7000 rw-p 00000000 00:00 0 
7fdd989f7000-7fdd989f8000 ---p 00000000 00:00 0 
7fdd989f8000-7fdd98af9000 rw-p 00000000 00:00 0 
7fdd98af9000-7fdd98afa000 ---p 00000000 00:00 0 
7fdd98afa000-7fdd98bfb000 rw-p 00000000 00:00 0 
7fdd98bfb000-7fdd98bfc000 ---p 00000000 00:00 0 
7fdd98bfc000-7fdd98cfd000 rw-p 00000000 00:00 0 
7fdd98cfd000-7fdd98cfe000 ---p 00000000 00:00 0 
7fdd98cfe000-7fdd98dff000 rw-p 00000000 00:00 0 
7fdd98dff000-7fdd98e00000 ---p 00000000 00:00 0 
7fdd98e00000-7fdd98f01000 rw-p 00000000 00:00 0 
7fdd98f01000-7fdd98f02000 ---p 00000000 00:00 0 
7fdd98f02000-7fdd99003000 rw-p 00000000 00:00 0 
7fdd99003000-7fdd99004000 ---p 00000000 00:00 0 
7fdd99004000-7fdd99105000 rw-p 00000000 00:00 0 
7fdd99105000-7fdd99106000 ---p 00000000 00:00 0 
7fdd99106000-7fdd99207000 rw-p 00000000 00:00 0 
7fdd99207000-7fdd99208000 ---p 00000000 00:00 0 
7fdd99208000-7fdd99309000 rw-p 00000000 00:00 0 
7fdd99309000-7fdd9930a000 ---p 00000000 00:00 0 
7fdd9930a000-7fdd9940b000 rw-p 00000000 00:00 0 
7fdd9940b000-7fdd9940c000 ---p 00000000 00:00 0 
7fdd9940c000-7fdd9950d000 rw-p 00000000 00:00 0 
7fdd9950d000-7fdd9950e000 ---p 00000000 00:00 0 
7fdd9950e000-7fdd9960f000 rw-p 00000000 00:00 0 
7fdd9960f000-7fdd99610000 ---p 00000000 00:00 0 
7fdd99610000-7fdd99711000 rw-p 00000000 00:00 0 
7fdd99711000-7fdd99712000 ---p 00000000 00:00 0 
7fdd99712000-7fdd99813000 rw-p 00000000 00:00 0 
7fdd99813000-7fdd99814000 ---p 00000000 00:00 0 
7fdd99814000-7fdd99915000 rw-p 00000000 00:00 0 
7fdd99915000-7fdd99916000 ---p 00000000 00:00 0 
7fdd99916000-7fdd99a1c000 rw-p 00000000 00:00 0 
7fdd99a1c000-7fdd99b00000 ---p 00000000 00:00 0 
7fdd99b00000-7fdd99b05000 rw-p 00000000 00:00 0 
7fdd99b05000-7fdd99be9000 ---p 00000000 00:00 0 
7fdd99be9000-7fdd99bef000 rw-p 00000000 00:00 0 
7fdd99bef000-7fdd99bf8000 ---p 00000000 00:00 0 
7fdd99bf8000-7fdd99c48000 rw-p 00000000 00:00 0 
7fdd99c48000-7fdd99e25000 r--s 03e31000 00:65 101727669                  /usr/local/java/jdk1.8.0_301/jre/lib/rt.jar
7fdd99e25000-7fdd99e3f000 r-xp 00000000 00:65 77077435                   /root/oracle/jdk-9.0.4/lib/libjimage.so
7fdd99e3f000-7fdd9a03e000 ---p 0001a000 00:65 77077435                   /root/oracle/jdk-9.0.4/lib/libjimage.so
7fdd9a03e000-7fdd9a040000 rw-p 00019000 00:65 77077435                   /root/oracle/jdk-9.0.4/lib/libjimage.so
7fdd9a040000-7fdd9a052000 rw-p 00000000 00:00 0 
7fdd9a052000-7fdd9a059000 r-xp 00000000 00:65 77083131                   /root/oracle/jdk-9.0.4/lib/libzip.so
7fdd9a059000-7fdd9a258000 ---p 00007000 00:65 77083131                   /root/oracle/jdk-9.0.4/lib/libzip.so
7fdd9a258000-7fdd9a259000 rw-p 00006000 00:65 77083131                   /root/oracle/jdk-9.0.4/lib/libzip.so
7fdd9a259000-7fdd9a25c000 r--p 00000000 00:65 165034530                  /usr/lib/x86_64-linux-gnu/libnss_files-2.31.so
7fdd9a25c000-7fdd9a263000 r-xp 00003000 00:65 165034530                  /usr/lib/x86_64-linux-gnu/libnss_files-2.31.so
7fdd9a263000-7fdd9a265000 r--p 0000a000 00:65 165034530                  /usr/lib/x86_64-linux-gnu/libnss_files-2.31.so
7fdd9a265000-7fdd9a266000 r--p 0000b000 00:65 165034530                  /usr/lib/x86_64-linux-gnu/libnss_files-2.31.so
7fdd9a266000-7fdd9a267000 rw-p 0000c000 00:65 165034530                  /usr/lib/x86_64-linux-gnu/libnss_files-2.31.so
7fdd9a267000-7fdd9a26d000 rw-p 00000000 00:00 0 
7fdd9a275000-7fdd9a276000 rw-p 00000000 00:00 0 
7fdd9a276000-7fdd9a2a1000 r-xp 00000000 00:65 77077470                   /root/oracle/jdk-9.0.4/lib/libjava.so
7fdd9a2a1000-7fdd9a4a0000 ---p 0002b000 00:65 77077470                   /root/oracle/jdk-9.0.4/lib/libjava.so
7fdd9a4a0000-7fdd9a4a2000 rw-p 0002a000 00:65 77077470                   /root/oracle/jdk-9.0.4/lib/libjava.so
7fdd9a4a2000-7fdd9a4af000 r-xp 00000000 00:65 77077494                   /root/oracle/jdk-9.0.4/lib/libverify.so
7fdd9a4af000-7fdd9a6ae000 ---p 0000d000 00:65 77077494                   /root/oracle/jdk-9.0.4/lib/libverify.so
7fdd9a6ae000-7fdd9a6b0000 rw-p 0000c000 00:65 77077494                   /root/oracle/jdk-9.0.4/lib/libverify.so
7fdd9a6b0000-7fdd9a6b3000 r--p 00000000 00:65 165034636                  /usr/lib/x86_64-linux-gnu/librt-2.31.so
7fdd9a6b3000-7fdd9a6b7000 r-xp 00003000 00:65 165034636                  /usr/lib/x86_64-linux-gnu/librt-2.31.so
7fdd9a6b7000-7fdd9a6b8000 r--p 00007000 00:65 165034636                  /usr/lib/x86_64-linux-gnu/librt-2.31.so
7fdd9a6b8000-7fdd9a6b9000 ---p 00008000 00:65 165034636                  /usr/lib/x86_64-linux-gnu/librt-2.31.so
7fdd9a6b9000-7fdd9a6ba000 r--p 00008000 00:65 165034636                  /usr/lib/x86_64-linux-gnu/librt-2.31.so
7fdd9a6ba000-7fdd9a6bb000 rw-p 00009000 00:65 165034636                  /usr/lib/x86_64-linux-gnu/librt-2.31.so
7fdd9a6bb000-7fdd9a6bc000 ---p 00000000 00:00 0 
7fdd9a6bc000-7fdd9a6bd000 rw-p 00000000 00:00 0 
7fdd9a6bd000-7fdd9a6c1000 ---p 00000000 00:00 0 
7fdd9a6c1000-7fdd9a7bc000 rw-p 00000000 00:00 0 
7fdd9a7bc000-7fdd9a7cb000 r--p 00000000 00:65 165034468                  /usr/lib/x86_64-linux-gnu/libm-2.31.so
7fdd9a7cb000-7fdd9a872000 r-xp 0000f000 00:65 165034468                  /usr/lib/x86_64-linux-gnu/libm-2.31.so
7fdd9a872000-7fdd9a909000 r--p 000b6000 00:65 165034468                  /usr/lib/x86_64-linux-gnu/libm-2.31.so
7fdd9a909000-7fdd9a90a000 r--p 0014c000 00:65 165034468                  /usr/lib/x86_64-linux-gnu/libm-2.31.so
7fdd9a90a000-7fdd9a90b000 rw-p 0014d000 00:65 165034468                  /usr/lib/x86_64-linux-gnu/libm-2.31.so
7fdd9a90b000-7fdd9b920000 r-xp 00000000 00:65 77083135                   /root/oracle/jdk-9.0.4/lib/server/libjvm.so
7fdd9b920000-7fdd9bb1f000 ---p 01015000 00:65 77083135                   /root/oracle/jdk-9.0.4/lib/server/libjvm.so
7fdd9bb1f000-7fdd9bbf0000 r--p 01014000 00:65 77083135                   /root/oracle/jdk-9.0.4/lib/server/libjvm.so
7fdd9bbf0000-7fdd9bc27000 rw-p 010e5000 00:65 77083135                   /root/oracle/jdk-9.0.4/lib/server/libjvm.so
7fdd9bc27000-7fdd9bc92000 rw-p 00000000 00:00 0 
7fdd9bc92000-7fdd9bcb7000 r--p 00000000 00:65 165034165                  /usr/lib/x86_64-linux-gnu/libc-2.31.so
7fdd9bcb7000-7fdd9be2f000 r-xp 00025000 00:65 165034165                  /usr/lib/x86_64-linux-gnu/libc-2.31.so
7fdd9be2f000-7fdd9be79000 r--p 0019d000 00:65 165034165                  /usr/lib/x86_64-linux-gnu/libc-2.31.so
7fdd9be79000-7fdd9be7a000 ---p 001e7000 00:65 165034165                  /usr/lib/x86_64-linux-gnu/libc-2.31.so
7fdd9be7a000-7fdd9be7d000 r--p 001e7000 00:65 165034165                  /usr/lib/x86_64-linux-gnu/libc-2.31.so
7fdd9be7d000-7fdd9be80000 rw-p 001ea000 00:65 165034165                  /usr/lib/x86_64-linux-gnu/libc-2.31.so
7fdd9be80000-7fdd9be84000 rw-p 00000000 00:00 0 
7fdd9be84000-7fdd9be85000 r--p 00000000 00:65 165034236                  /usr/lib/x86_64-linux-gnu/libdl-2.31.so
7fdd9be85000-7fdd9be87000 r-xp 00001000 00:65 165034236                  /usr/lib/x86_64-linux-gnu/libdl-2.31.so
7fdd9be87000-7fdd9be88000 r--p 00003000 00:65 165034236                  /usr/lib/x86_64-linux-gnu/libdl-2.31.so
7fdd9be88000-7fdd9be89000 r--p 00003000 00:65 165034236                  /usr/lib/x86_64-linux-gnu/libdl-2.31.so
7fdd9be89000-7fdd9be8a000 rw-p 00004000 00:65 165034236                  /usr/lib/x86_64-linux-gnu/libdl-2.31.so
7fdd9be8a000-7fdd9be98000 r-xp 00000000 00:65 77083142                   /root/oracle/jdk-9.0.4/lib/jli/libjli.so
7fdd9be98000-7fdd9c098000 ---p 0000e000 00:65 77083142                   /root/oracle/jdk-9.0.4/lib/jli/libjli.so
7fdd9c098000-7fdd9c099000 rw-p 0000e000 00:65 77083142                   /root/oracle/jdk-9.0.4/lib/jli/libjli.so
7fdd9c099000-7fdd9c0a0000 r--p 00000000 00:65 165034610                  /usr/lib/x86_64-linux-gnu/libpthread-2.31.so
7fdd9c0a0000-7fdd9c0b1000 r-xp 00007000 00:65 165034610                  /usr/lib/x86_64-linux-gnu/libpthread-2.31.so
7fdd9c0b1000-7fdd9c0b6000 r--p 00018000 00:65 165034610                  /usr/lib/x86_64-linux-gnu/libpthread-2.31.so
7fdd9c0b6000-7fdd9c0b7000 r--p 0001c000 00:65 165034610                  /usr/lib/x86_64-linux-gnu/libpthread-2.31.so
7fdd9c0b7000-7fdd9c0b8000 rw-p 0001d000 00:65 165034610                  /usr/lib/x86_64-linux-gnu/libpthread-2.31.so
7fdd9c0b8000-7fdd9c0bc000 rw-p 00000000 00:00 0 
7fdd9c0bc000-7fdd9c0be000 r--p 00000000 00:65 165034796                  /usr/lib/x86_64-linux-gnu/libz.so.1.2.11
7fdd9c0be000-7fdd9c0cf000 r-xp 00002000 00:65 165034796                  /usr/lib/x86_64-linux-gnu/libz.so.1.2.11
7fdd9c0cf000-7fdd9c0d5000 r--p 00013000 00:65 165034796                  /usr/lib/x86_64-linux-gnu/libz.so.1.2.11
7fdd9c0d5000-7fdd9c0d6000 ---p 00019000 00:65 165034796                  /usr/lib/x86_64-linux-gnu/libz.so.1.2.11
7fdd9c0d6000-7fdd9c0d7000 r--p 00019000 00:65 165034796                  /usr/lib/x86_64-linux-gnu/libz.so.1.2.11
7fdd9c0d7000-7fdd9c0d8000 rw-p 0001a000 00:65 165034796                  /usr/lib/x86_64-linux-gnu/libz.so.1.2.11
7fdd9c0d8000-7fdd9c0e0000 rw-s 00000000 00:65 71965686                   /tmp/hsperfdata_root/28974
7fdd9c0e0000-7fdd9c0e3000 rw-p 00000000 00:00 0 
7fdd9c0e3000-7fdd9c0e4000 r--p 00000000 00:65 165033992                  /usr/lib/x86_64-linux-gnu/ld-2.31.so
7fdd9c0e4000-7fdd9c107000 r-xp 00001000 00:65 165033992                  /usr/lib/x86_64-linux-gnu/ld-2.31.so
7fdd9c107000-7fdd9c10f000 r--p 00024000 00:65 165033992                  /usr/lib/x86_64-linux-gnu/ld-2.31.so
7fdd9c10f000-7fdd9c110000 r--p 00000000 00:00 0 
7fdd9c110000-7fdd9c111000 r--p 0002c000 00:65 165033992                  /usr/lib/x86_64-linux-gnu/ld-2.31.so
7fdd9c111000-7fdd9c112000 rw-p 0002d000 00:65 165033992                  /usr/lib/x86_64-linux-gnu/ld-2.31.so
7fdd9c112000-7fdd9c113000 rw-p 00000000 00:00 0 
7fff9c63c000-7fff9c65d000 rw-p 00000000 00:00 0                          [stack]
7fff9c6bb000-7fff9c6be000 r--p 00000000 00:00 0                          [vvar]
7fff9c6be000-7fff9c6bf000 r-xp 00000000 00:00 0                          [vdso]
ffffffffff600000-ffffffffff601000 --xp 00000000 00:00 0                  [vsyscall]

VM Arguments:
jvm_args: -Xbootclasspath/a:/usr/local/java/jdk1.8.0_301/jre/lib/rt.jar -Xverify:none 
java_command: org.eclipse.core.runtime.adaptor.EclipseStarter -debug
java_class_path (initial): ./sootOutput/eclipse/
Launcher Type: SUN_STANDARD

Logging:
Log output configuration:
#0: stdout all=warning uptime,level,tags
#1: stderr all=off uptime,level,tags

Environment Variables:
JAVA_HOME=/root/oracle/jdk-9.0.4
JRE_HOME=/root/oracle/jdk-9.0.4
CLASSPATH=.:/root/oracle/jdk-9.0.4/lib:/JVMfuzzing/htm/CFSynthesis/resource/commons-lang3-3.12.0/commons-lang3-3.12.0.jar
PATH=/root/oracle/jdk-9.0.4/bin:/root/.vscode-server/bin/da76f93349a72022ca4670c1b84860304616aaa2/bin/remote-cli:/root/oracle/jdk-9.0.4/bin:/usr/local/sbin:/usr/local/bin:/usr/sbin:/usr/bin:/sbin:/bin:/usr/games:/usr/local/games:/snap/bin
SHELL=/bin/bash

Signal Handlers:
SIGSEGV: [libjvm.so+0xd4d370], sa_mask[0]=11111111011111111101111111111110, sa_flags=SA_RESTART|SA_SIGINFO
SIGBUS: [libjvm.so+0xd4d370], sa_mask[0]=11111111011111111101111111111110, sa_flags=SA_RESTART|SA_SIGINFO
SIGFPE: [libjvm.so+0xd4d370], sa_mask[0]=11111111011111111101111111111110, sa_flags=SA_RESTART|SA_SIGINFO
SIGPIPE: [libjvm.so+0xb64780], sa_mask[0]=11111111011111111101111111111110, sa_flags=SA_RESTART|SA_SIGINFO
SIGXFSZ: [libjvm.so+0xb64780], sa_mask[0]=11111111011111111101111111111110, sa_flags=SA_RESTART|SA_SIGINFO
SIGILL: [libjvm.so+0xd4d370], sa_mask[0]=11111111011111111101111111111110, sa_flags=SA_RESTART|SA_SIGINFO
SIGUSR2: [libjvm.so+0xb64640], sa_mask[0]=00100000000000000000000000000000, sa_flags=SA_RESTART|SA_SIGINFO
SIGHUP: [libjvm.so+0xb64850], sa_mask[0]=11111111011111111101111111111110, sa_flags=SA_RESTART|SA_SIGINFO
SIGINT: [libjvm.so+0xb64850], sa_mask[0]=11111111011111111101111111111110, sa_flags=SA_RESTART|SA_SIGINFO
SIGTERM: [libjvm.so+0xb64850], sa_mask[0]=11111111011111111101111111111110, sa_flags=SA_RESTART|SA_SIGINFO
SIGQUIT: [libjvm.so+0xb64850], sa_mask[0]=11111111011111111101111111111110, sa_flags=SA_RESTART|SA_SIGINFO


---------------  S Y S T E M  ---------------

OS:DISTRIB_ID=Ubuntu
DISTRIB_RELEASE=20.04
DISTRIB_CODENAME=focal
DISTRIB_DESCRIPTION="Ubuntu 20.04.3 LTS"
uname:Linux 5.4.0-124-generic #140~18.04.1-Ubuntu SMP Fri Aug 5 11:43:34 UTC 2022 x86_64
libc:glibc 2.31 NPTL 2.31 
rlimit: STACK 8192k, CORE infinity, NPROC infinity, NOFILE 1048576, AS infinity
load average:39.52 40.47 39.38

/proc/meminfo:
MemTotal:       65549624 kB
MemFree:         5907416 kB
MemAvailable:   32976104 kB
Buffers:         5872852 kB
Cached:          3688504 kB
SwapCached:         8092 kB
Active:         32997092 kB
Inactive:        6454212 kB
Active(anon):   25892544 kB
Inactive(anon):  4018444 kB
Active(file):    7104548 kB
Inactive(file):  2435768 kB
Unevictable:          16 kB
Mlocked:              16 kB
SwapTotal:       2097148 kB
SwapFree:              0 kB
Dirty:             21928 kB
Writeback:             0 kB
AnonPages:      29881636 kB
Mapped:           837348 kB
Shmem:             25608 kB
KReclaimable:   18260296 kB
Slab:           19429748 kB
SReclaimable:   18260296 kB
SUnreclaim:      1169452 kB
KernelStack:       79136 kB
PageTables:       242468 kB
NFS_Unstable:          0 kB
Bounce:                0 kB
WritebackTmp:          0 kB
CommitLimit:    34871960 kB
Committed_AS:   85615832 kB
VmallocTotal:   34359738367 kB
VmallocUsed:      161856 kB
VmallocChunk:          0 kB
Percpu:            32512 kB
HardwareCorrupted:     0 kB
AnonHugePages:         0 kB
ShmemHugePages:        0 kB
ShmemPmdMapped:        0 kB
FileHugePages:         0 kB
FilePmdMapped:         0 kB
CmaTotal:              0 kB
CmaFree:               0 kB
HugePages_Total:       0
HugePages_Free:        0
HugePages_Rsvd:        0
HugePages_Surp:        0
Hugepagesize:       2048 kB
Hugetlb:               0 kB
DirectMap4k:    15497632 kB
DirectMap2M:    51298304 kB
DirectMap1G:           0 kB


CPU:total 28 (initial active 28) (14 cores per cpu, 2 threads per core) family 6 model 85 stepping 4, cmov, cx8, fxsr, mmx, sse, sse2, sse3, ssse3, sse4.1, sse4.2, popcnt, avx, avx2, aes, clmul, erms, rtm, 3dnowpref, lzcnt, ht, tsc, tscinvbit, bmi1, bmi2, adx, fma
CPU Model and flags from /proc/cpuinfo:
model name	: Intel(R) Core(TM) i9-9940X CPU @ 3.30GHz
flags		: fpu vme de pse tsc msr pae mce cx8 apic sep mtrr pge mca cmov pat pse36 clflush dts acpi mmx fxsr sse sse2 ss ht tm pbe syscall nx pdpe1gb rdtscp lm constant_tsc art arch_perfmon pebs bts rep_good nopl xtopology nonstop_tsc cpuid aperfmperf pni pclmulqdq dtes64 monitor ds_cpl vmx est tm2 ssse3 sdbg fma cx16 xtpr pdcm pcid dca sse4_1 sse4_2 x2apic movbe popcnt tsc_deadline_timer aes xsave avx f16c rdrand lahf_lm abm 3dnowprefetch cpuid_fault epb cat_l3 cdp_l3 invpcid_single pti ssbd mba ibrs ibpb stibp tpr_shadow vnmi flexpriority ept vpid ept_ad fsgsbase tsc_adjust bmi1 hle avx2 smep bmi2 erms invpcid rtm cqm mpx rdt_a avx512f avx512dq rdseed adx smap clflushopt clwb intel_pt avx512cd avx512bw avx512vl xsaveopt xsavec xgetbv1 xsaves cqm_llc cqm_occup_llc cqm_mbm_total cqm_mbm_local dtherm ida arat pln pts hwp hwp_act_window hwp_epp hwp_pkg_req md_clear flush_l1d arch_capabilities

Memory: 4k page, physical 65549624k(5907416k free), swap 2097148k(0k free)

vm_info: Java HotSpot(TM) 64-Bit Server VM (9.0.4+11) for linux-amd64 JRE (9.0.4+11), built on Dec 19 2017 18:12:19 by "mach5one" with gcc 4.9.2

END.
