#
# A fatal error has been detected by the Java Runtime Environment:
#
#  SIGSEGV (0xb) at pc=0x00007fda44e80cb7, pid=22904, tid=22968
#
# JRE version: Java(TM) SE Runtime Environment (9.0+11) (build 9.0.4+11)
# Java VM: Java HotSpot(TM) 64-Bit Server VM (9.0.4+11, mixed mode, tiered, compressed oops, g1 gc, linux-amd64)
# Problematic frame:
# V  [libjvm.so+0x532cb7]  ValueStack::pop_arguments(int)+0xc7
#
# Core dump will be written. Default location: Core dumps may be processed with "/usr/share/apport/apport -p%p -s%s -c%c -d%d -P%P -u%u -g%g -- %E" (or dumping to /JVMfuzzing/zjy/classming/Fuzzing-Testing-of-JVM-Implementations/core.22904)
#
# If you would like to submit a bug report, please visit:
#   http://bugreport.java.com/bugreport/crash.jsp
#

---------------  S U M M A R Y ------------

Command Line: -Xbootclasspath/a:/usr/local/java/jdk1.8.0_301/jre/lib/rt.jar -Xverify:none org.eclipse.core.runtime.adaptor.EclipseStarter -debug

Host: Intel(R) Core(TM) i9-9940X CPU @ 3.30GHz, 28 cores, 62G, Ubuntu 20.04.3 LTS
Time: Thu Nov  3 09:05:09 2022 UTC elapsed time: 0 seconds (0d 0h 0m 0s)

---------------  T H R E A D  ---------------

Current thread (0x00007fda402bd800):  JavaThread "C1 CompilerThread9" daemon [_thread_in_native, id=22968, stack(0x00007fd93cef7000,0x00007fd93cff8000)]


Current CompileTask:
C1:    550  248 %     3       org.eclipse.core.runtime.adaptor.EclipseStarter::main @ 2387 (3763 bytes)

Stack: [0x00007fd93cef7000,0x00007fd93cff8000],  sp=0x00007fd93cff6140,  free space=1020k
Native frames: (J=compiled Java code, A=aot compiled Java code, j=interpreted, Vv=VM code, C=native code)
V  [libjvm.so+0x532cb7]  ValueStack::pop_arguments(int)+0xc7
V  [libjvm.so+0x4af5c0]  GraphBuilder::invoke(Bytecodes::Code)+0xb40
V  [libjvm.so+0x4b163e]  GraphBuilder::iterate_bytecodes_for_block(int)+0x1c4e
V  [libjvm.so+0x4b1ad5]  GraphBuilder::iterate_all_blocks(bool)+0x85
V  [libjvm.so+0x4b1ec9]  GraphBuilder::GraphBuilder(Compilation*, IRScope*)+0x389
V  [libjvm.so+0x4b70a8]  IR::IR(Compilation*, ciMethod*, int)+0x1e8
V  [libjvm.so+0x497832]  Compilation::build_hir() [clone .part.93]+0x162
V  [libjvm.so+0x499633]  Compilation::compile_java_method()+0x3c3
V  [libjvm.so+0x4997af]  Compilation::compile_method()+0x12f
V  [libjvm.so+0x499c31]  Compilation::Compilation(AbstractCompiler*, ciEnv*, ciMethod*, int, BufferBlob*, DirectiveSet*)+0x271
V  [libjvm.so+0x49ac1e]  Compiler::compile_method(ciEnv*, ciMethod*, int, DirectiveSet*)+0xae
V  [libjvm.so+0x6125ac]  CompileBroker::invoke_compiler_on_method(CompileTask*)+0x41c
V  [libjvm.so+0x61344b]  CompileBroker::compiler_thread_loop()+0x28b
V  [libjvm.so+0xcef338]  JavaThread::thread_main_inner()+0xd8
V  [libjvm.so+0xb6e132]  thread_native_entry(Thread*)+0xf2
C  [libpthread.so.0+0x9609]  start_thread+0xd9


siginfo: si_signo: 11 (SIGSEGV), si_code: 1 (SEGV_MAPERR), si_addr: 0x0000000000000018

Register to memory mapping:

RAX=0x00007fd928078210 is an unknown value
RBX=0x00007fd928078230 is an unknown value
RCX=0x0000000000000002 is an unknown value
RDX=0x0000000000000000 is an unknown value
RSP=0x00007fd93cff6140 is pointing into the stack for thread: 0x00007fda402bd800
RBP=0x00007fd93cff6180 is pointing into the stack for thread: 0x00007fda402bd800
RSI=0x0000000000000002 is an unknown value
RDI=0x00007fda45c32fe0: <offset 0x00000000012e4fe0> in /root/oracle/jdk-9.0.4/lib/server/libjvm.so at 0x00007fda4494e000
R8 =0x0000000000000000 is an unknown value
R9 =0x0000000000000000 is an unknown value
R10=0x00007fda45cbd340: <offset 0x000000000136f340> in /root/oracle/jdk-9.0.4/lib/server/libjvm.so at 0x00007fda4494e000
R11=0x00007fd92818ed70 is an unknown value
R12=0x00007fd928077c40 is an unknown value
R13=0x0000000000000000 is an unknown value
R14=0x0000000000000000 is an unknown value
R15=0x00007fd908000d90 is an unknown value


Registers:
RAX=0x00007fd928078210, RBX=0x00007fd928078230, RCX=0x0000000000000002, RDX=0x0000000000000000
RSP=0x00007fd93cff6140, RBP=0x00007fd93cff6180, RSI=0x0000000000000002, RDI=0x00007fda45c32fe0
R8 =0x0000000000000000, R9 =0x0000000000000000, R10=0x00007fda45cbd340, R11=0x00007fd92818ed70
R12=0x00007fd928077c40, R13=0x0000000000000000, R14=0x0000000000000000, R15=0x00007fd908000d90
RIP=0x00007fda44e80cb7, EFLAGS=0x0000000000010293, CSGSFS=0x002b000000000033, ERR=0x0000000000000004
  TRAPNO=0x000000000000000e

Top of Stack: (sp=0x00007fd93cff6140)
0x00007fd93cff6140:   00007fd93dc024a0 00000000002bd800
0x00007fd93cff6150:   00007fd8fc0156b0 00007fd93cff6460
0x00007fd93cff6160:   00007fd92818ea90 00000000000000b8
0x00007fd93cff6170:   0000000000000000 00007fd908000d90 

Instructions: (pc=0x00007fda44e80cb7)
0x00007fda44e80c97:   89 0b 4c 89 34 d0 45 39 7c 24 38 0f 8e c8 00 00
0x00007fda44e80ca7:   00 49 8b 44 24 50 49 63 d5 4c 8b 34 d0 48 63 13
0x00007fda44e80cb7:   49 8b 46 18 44 8b 78 08 45 01 ef 3b 53 04 45 89
0x00007fda44e80cc7:   fd 75 c6 85 d2 0f 85 be 00 00 00 c7 43 04 01 00 


---------------  P R O C E S S  ---------------

Java Threads: ( => current thread )
  0x00007fda40359800 JavaThread "Service Thread" daemon [_thread_blocked, id=22973, stack(0x00007fd93c5ca000,0x00007fd93c6cb000)]
  0x00007fda402d2000 JavaThread "Common-Cleaner" daemon [_thread_blocked, id=22972, stack(0x00007fd93c6cb000,0x00007fd93c7cc000)]
  0x00007fda402c3000 JavaThread "Sweeper thread" daemon [_thread_blocked, id=22971, stack(0x00007fd93cbf4000,0x00007fd93ccf5000)]
  0x00007fda402c1000 JavaThread "C1 CompilerThread11" daemon [_thread_blocked, id=22970, stack(0x00007fd93ccf5000,0x00007fd93cdf6000)]
  0x00007fda402bf800 JavaThread "C1 CompilerThread10" daemon [_thread_blocked, id=22969, stack(0x00007fd93cdf6000,0x00007fd93cef7000)]
=>0x00007fda402bd800 JavaThread "C1 CompilerThread9" daemon [_thread_in_native, id=22968, stack(0x00007fd93cef7000,0x00007fd93cff8000)]
  0x00007fda402bb800 JavaThread "C1 CompilerThread8" daemon [_thread_blocked, id=22967, stack(0x00007fd93cff8000,0x00007fd93d0f9000)]
  0x00007fda402ba000 JavaThread "C2 CompilerThread7" daemon [_thread_blocked, id=22966, stack(0x00007fd93d0f9000,0x00007fd93d1fa000)]
  0x00007fda402b8000 JavaThread "C2 CompilerThread6" daemon [_thread_blocked, id=22965, stack(0x00007fd93d1fa000,0x00007fd93d2fb000)]
  0x00007fda402b6800 JavaThread "C2 CompilerThread5" daemon [_thread_blocked, id=22964, stack(0x00007fd93d2fb000,0x00007fd93d3fc000)]
  0x00007fda402b4800 JavaThread "C2 CompilerThread4" daemon [_thread_blocked, id=22963, stack(0x00007fd93d3fc000,0x00007fd93d4fd000)]
  0x00007fda402b2800 JavaThread "C2 CompilerThread3" daemon [_thread_blocked, id=22962, stack(0x00007fd93d4fd000,0x00007fd93d5fe000)]
  0x00007fda402b1000 JavaThread "C2 CompilerThread2" daemon [_thread_blocked, id=22961, stack(0x00007fd93d5fe000,0x00007fd93d6ff000)]
  0x00007fda402af000 JavaThread "C2 CompilerThread1" daemon [_thread_blocked, id=22960, stack(0x00007fd93d6ff000,0x00007fd93d800000)]
  0x00007fda402ad000 JavaThread "C2 CompilerThread0" daemon [_thread_blocked, id=22959, stack(0x00007fd9540f9000,0x00007fd9541fa000)]
  0x00007fda402ab000 JavaThread "Signal Dispatcher" daemon [_thread_blocked, id=22958, stack(0x00007fd9541fa000,0x00007fd9542fb000)]
  0x00007fda40291000 JavaThread "Finalizer" daemon [_thread_blocked, id=22957, stack(0x00007fd9542fb000,0x00007fd9543fc000)]
  0x00007fda40288800 JavaThread "Reference Handler" daemon [_thread_blocked, id=22956, stack(0x00007fd9543fc000,0x00007fd9544fd000)]
  0x00007fda40011800 JavaThread "main" [_thread_in_vm_trans, id=22906, stack(0x00007fda44700000,0x00007fda447ff000)]

Other Threads:
  0x00007fda40281000 VMThread "VM Thread" [stack: 0x00007fd9544ff000,0x00007fd9545ff000] [id=22955]
  0x00007fda4035c000 WatcherThread [stack: 0x00007fd93c4ca000,0x00007fd93c5ca000] [id=22974]
  0x00007fda40034000 GCTaskThread "GC Thread#0" [stack: 0x00007fda25467000,0x00007fda25567000] [id=22907]
  0x00007fda40035800 GCTaskThread "GC Thread#1" [stack: 0x00007fda25365000,0x00007fda25465000] [id=22908]
  0x00007fda40037000 GCTaskThread "GC Thread#2" [stack: 0x00007fda25263000,0x00007fda25363000] [id=22909]
  0x00007fda40039000 GCTaskThread "GC Thread#3" [stack: 0x00007fda25161000,0x00007fda25261000] [id=22911]
  0x00007fda4003a800 GCTaskThread "GC Thread#4" [stack: 0x00007fda2505f000,0x00007fda2515f000] [id=22912]
  0x00007fda4003c800 GCTaskThread "GC Thread#5" [stack: 0x00007fda24f5d000,0x00007fda2505d000] [id=22913]
  0x00007fda4003e000 GCTaskThread "GC Thread#6" [stack: 0x00007fda24e5b000,0x00007fda24f5b000] [id=22914]
  0x00007fda4003f800 GCTaskThread "GC Thread#7" [stack: 0x00007fda24d59000,0x00007fda24e59000] [id=22915]
  0x00007fda40041800 GCTaskThread "GC Thread#8" [stack: 0x00007fda24c57000,0x00007fda24d57000] [id=22916]
  0x00007fda40043000 GCTaskThread "GC Thread#9" [stack: 0x00007fda24b55000,0x00007fda24c55000] [id=22917]
  0x00007fda40045000 GCTaskThread "GC Thread#10" [stack: 0x00007fda24a53000,0x00007fda24b53000] [id=22918]
  0x00007fda40046800 GCTaskThread "GC Thread#11" [stack: 0x00007fda24951000,0x00007fda24a51000] [id=22919]
  0x00007fda40048800 GCTaskThread "GC Thread#12" [stack: 0x00007fda2484f000,0x00007fda2494f000] [id=22920]
  0x00007fda4004a000 GCTaskThread "GC Thread#13" [stack: 0x00007fda2474d000,0x00007fda2484d000] [id=22921]
  0x00007fda4004c000 GCTaskThread "GC Thread#14" [stack: 0x00007fda2464b000,0x00007fda2474b000] [id=22922]
  0x00007fda4004d800 GCTaskThread "GC Thread#15" [stack: 0x00007fda24549000,0x00007fda24649000] [id=22923]
  0x00007fda4004f800 GCTaskThread "GC Thread#16" [stack: 0x00007fda24447000,0x00007fda24547000] [id=22924]
  0x00007fda40051000 GCTaskThread "GC Thread#17" [stack: 0x00007fda24345000,0x00007fda24445000] [id=22925]
  0x00007fda40052800 GCTaskThread "GC Thread#18" [stack: 0x00007fda24243000,0x00007fda24343000] [id=22926]
  0x00007fda40054800 GCTaskThread "GC Thread#19" [stack: 0x00007fda24141000,0x00007fda24241000] [id=22927]
  0x00007fda4009f800 ConcurrentGCThread "G1 Main Marker" [stack: 0x00007fd9d515a000,0x00007fd9d525a000] [id=22949]
  0x00007fda400a1000 ConcurrentGCThread "G1 Marker#0" [stack: 0x00007fd9d5058000,0x00007fd9d5158000] [id=22950]
  0x00007fda400a3000 ConcurrentGCThread "G1 Marker#1" [stack: 0x00007fd9d4f56000,0x00007fd9d5056000] [id=22951]
  0x00007fda400a4800 ConcurrentGCThread "G1 Marker#2" [stack: 0x00007fd9d4e54000,0x00007fd9d4f54000] [id=22952]
  0x00007fda400a6800 ConcurrentGCThread "G1 Marker#3" [stack: 0x00007fd9d4d52000,0x00007fd9d4e52000] [id=22953]
  0x00007fda400a8000 ConcurrentGCThread "G1 Marker#4" [stack: 0x00007fd9d4c50000,0x00007fd9d4d50000] [id=22954]
  0x00007fda40079000 ConcurrentGCThread "G1 Refine#0" [stack: 0x00007fd9d58c7000,0x00007fd9d59c7000] [id=22947]
  0x00007fda40077000 ConcurrentGCThread "G1 Refine#1" [stack: 0x00007fd9d59c9000,0x00007fd9d5ac9000] [id=22946]
  0x00007fda40075000 ConcurrentGCThread "G1 Refine#2" [stack: 0x00007fd9d5acb000,0x00007fd9d5bcb000] [id=22945]
  0x00007fda40073800 ConcurrentGCThread "G1 Refine#3" [stack: 0x00007fd9d5bcd000,0x00007fd9d5ccd000] [id=22944]
  0x00007fda40071800 ConcurrentGCThread "G1 Refine#4" [stack: 0x00007fd9d5ccf000,0x00007fd9d5dcf000] [id=22943]
  0x00007fda40070000 ConcurrentGCThread "G1 Refine#5" [stack: 0x00007fd9d5dd1000,0x00007fd9d5ed1000] [id=22942]
  0x00007fda4006e000 ConcurrentGCThread "G1 Refine#6" [stack: 0x00007fd9d5ed3000,0x00007fd9d5fd3000] [id=22941]
  0x00007fda4006c800 ConcurrentGCThread "G1 Refine#7" [stack: 0x00007fd9d5fd5000,0x00007fd9d60d5000] [id=22940]
  0x00007fda4006a800 ConcurrentGCThread "G1 Refine#8" [stack: 0x00007fd9d60d7000,0x00007fd9d61d7000] [id=22939]
  0x00007fda40069000 ConcurrentGCThread "G1 Refine#9" [stack: 0x00007fd9d61d9000,0x00007fd9d62d9000] [id=22938]
  0x00007fda40067000 ConcurrentGCThread "G1 Refine#10" [stack: 0x00007fd9d62db000,0x00007fd9d63db000] [id=22937]
  0x00007fda40065000 ConcurrentGCThread "G1 Refine#11" [stack: 0x00007fd9d63dd000,0x00007fd9d64dd000] [id=22936]
  0x00007fda40063800 ConcurrentGCThread "G1 Refine#12" [stack: 0x00007fd9d64df000,0x00007fd9d65df000] [id=22935]
  0x00007fda40061800 ConcurrentGCThread "G1 Refine#13" [stack: 0x00007fd9d65e1000,0x00007fd9d66e1000] [id=22934]
  0x00007fda40060000 ConcurrentGCThread "G1 Refine#14" [stack: 0x00007fd9d66e3000,0x00007fd9d67e3000] [id=22933]
  0x00007fda4005e000 ConcurrentGCThread "G1 Refine#15" [stack: 0x00007fd9d67e5000,0x00007fd9d68e5000] [id=22932]
  0x00007fda4005c800 ConcurrentGCThread "G1 Refine#16" [stack: 0x00007fd9d68e7000,0x00007fd9d69e7000] [id=22931]
  0x00007fda4005a800 ConcurrentGCThread "G1 Refine#17" [stack: 0x00007fd9d69e9000,0x00007fd9d6ae9000] [id=22930]
  0x00007fda40059000 ConcurrentGCThread "G1 Refine#18" [stack: 0x00007fd9d6aeb000,0x00007fd9d6beb000] [id=22929]
  0x00007fda40057000 ConcurrentGCThread "G1 Refine#19" [stack: 0x00007fd9d6bed000,0x00007fd9d6ced000] [id=22928]
  0x00007fda4007a800 ConcurrentGCThread "G1 Young RemSet Sampling" [stack: 0x00007fd9d57c5000,0x00007fd9d58c5000] [id=22948]

Threads with active compile tasks:
C1 CompilerThread9 248 %     3       org.eclipse.core.runtime.adaptor.EclipseStarter::main @ 2387 (3763 bytes)

VM state:not at safepoint (normal execution)

VM Mutex/Monitor currently owned by a thread: None

Heap address: 0x00000003d7c00000, size: 16004 MB, Compressed Oops mode: Zero based, Oop shift amount: 3
Narrow klass base: 0x0000000000000000, Narrow klass shift: 3
Compressed class space size: 1073741824 Address: 0x00000007c0000000

Heap:
 garbage-first heap   total 1028096K, used 12288K [0x00000003d7c00000, 0x00000003d80007d8, 0x00000007c0000000)
  region size 4096K, 4 young (16384K), 0 survivors (0K)
 Metaspace       used 4298K, capacity 4614K, committed 4864K, reserved 1056768K
  class space    used 355K, capacity 386K, committed 512K, reserved 1048576K
Heap Regions: E=young(eden), S=young(survivor), O=old, HS=humongous(starts), HC=humongous(continues), CS=collection set, F=free, A=archive, TS=gc time stamp, AC=allocation context, TAMS=top-at-mark-start (previous, next)
|   0|0x00000003d7c00000, 0x00000003d7c00000, 0x00000003d8000000|  0%| F|  |TS  0|AC  0|TAMS 0x00000003d7c00000, 0x00000003d7c00000|
|   1|0x00000003d8000000, 0x00000003d8000000, 0x00000003d8400000|  0%| F|  |TS  0|AC  0|TAMS 0x00000003d8000000, 0x00000003d8000000|
|   2|0x00000003d8400000, 0x00000003d8400000, 0x00000003d8800000|  0%| F|  |TS  0|AC  0|TAMS 0x00000003d8400000, 0x00000003d8400000|
|   3|0x00000003d8800000, 0x00000003d8800000, 0x00000003d8c00000|  0%| F|  |TS  0|AC  0|TAMS 0x00000003d8800000, 0x00000003d8800000|
|   4|0x00000003d8c00000, 0x00000003d8c00000, 0x00000003d9000000|  0%| F|  |TS  0|AC  0|TAMS 0x00000003d8c00000, 0x00000003d8c00000|
|   5|0x00000003d9000000, 0x00000003d9000000, 0x00000003d9400000|  0%| F|  |TS  0|AC  0|TAMS 0x00000003d9000000, 0x00000003d9000000|
|   6|0x00000003d9400000, 0x00000003d9400000, 0x00000003d9800000|  0%| F|  |TS  0|AC  0|TAMS 0x00000003d9400000, 0x00000003d9400000|
|   7|0x00000003d9800000, 0x00000003d9800000, 0x00000003d9c00000|  0%| F|  |TS  0|AC  0|TAMS 0x00000003d9800000, 0x00000003d9800000|
|   8|0x00000003d9c00000, 0x00000003d9c00000, 0x00000003da000000|  0%| F|  |TS  0|AC  0|TAMS 0x00000003d9c00000, 0x00000003d9c00000|
|   9|0x00000003da000000, 0x00000003da000000, 0x00000003da400000|  0%| F|  |TS  0|AC  0|TAMS 0x00000003da000000, 0x00000003da000000|
|  10|0x00000003da400000, 0x00000003da400000, 0x00000003da800000|  0%| F|  |TS  0|AC  0|TAMS 0x00000003da400000, 0x00000003da400000|
|  11|0x00000003da800000, 0x00000003da800000, 0x00000003dac00000|  0%| F|  |TS  0|AC  0|TAMS 0x00000003da800000, 0x00000003da800000|
|  12|0x00000003dac00000, 0x00000003dac00000, 0x00000003db000000|  0%| F|  |TS  0|AC  0|TAMS 0x00000003dac00000, 0x00000003dac00000|
|  13|0x00000003db000000, 0x00000003db000000, 0x00000003db400000|  0%| F|  |TS  0|AC  0|TAMS 0x00000003db000000, 0x00000003db000000|
|  14|0x00000003db400000, 0x00000003db400000, 0x00000003db800000|  0%| F|  |TS  0|AC  0|TAMS 0x00000003db400000, 0x00000003db400000|
|  15|0x00000003db800000, 0x00000003db800000, 0x00000003dbc00000|  0%| F|  |TS  0|AC  0|TAMS 0x00000003db800000, 0x00000003db800000|
|  16|0x00000003dbc00000, 0x00000003dbc00000, 0x00000003dc000000|  0%| F|  |TS  0|AC  0|TAMS 0x00000003dbc00000, 0x00000003dbc00000|
|  17|0x00000003dc000000, 0x00000003dc000000, 0x00000003dc400000|  0%| F|  |TS  0|AC  0|TAMS 0x00000003dc000000, 0x00000003dc000000|
|  18|0x00000003dc400000, 0x00000003dc400000, 0x00000003dc800000|  0%| F|  |TS  0|AC  0|TAMS 0x00000003dc400000, 0x00000003dc400000|
|  19|0x00000003dc800000, 0x00000003dc800000, 0x00000003dcc00000|  0%| F|  |TS  0|AC  0|TAMS 0x00000003dc800000, 0x00000003dc800000|
|  20|0x00000003dcc00000, 0x00000003dcc00000, 0x00000003dd000000|  0%| F|  |TS  0|AC  0|TAMS 0x00000003dcc00000, 0x00000003dcc00000|
|  21|0x00000003dd000000, 0x00000003dd000000, 0x00000003dd400000|  0%| F|  |TS  0|AC  0|TAMS 0x00000003dd000000, 0x00000003dd000000|
|  22|0x00000003dd400000, 0x00000003dd400000, 0x00000003dd800000|  0%| F|  |TS  0|AC  0|TAMS 0x00000003dd400000, 0x00000003dd400000|
|  23|0x00000003dd800000, 0x00000003dd800000, 0x00000003ddc00000|  0%| F|  |TS  0|AC  0|TAMS 0x00000003dd800000, 0x00000003dd800000|
|  24|0x00000003ddc00000, 0x00000003ddc00000, 0x00000003de000000|  0%| F|  |TS  0|AC  0|TAMS 0x00000003ddc00000, 0x00000003ddc00000|
|  25|0x00000003de000000, 0x00000003de000000, 0x00000003de400000|  0%| F|  |TS  0|AC  0|TAMS 0x00000003de000000, 0x00000003de000000|
|  26|0x00000003de400000, 0x00000003de400000, 0x00000003de800000|  0%| F|  |TS  0|AC  0|TAMS 0x00000003de400000, 0x00000003de400000|
|  27|0x00000003de800000, 0x00000003de800000, 0x00000003dec00000|  0%| F|  |TS  0|AC  0|TAMS 0x00000003de800000, 0x00000003de800000|
|  28|0x00000003dec00000, 0x00000003dec00000, 0x00000003df000000|  0%| F|  |TS  0|AC  0|TAMS 0x00000003dec00000, 0x00000003dec00000|
|  29|0x00000003df000000, 0x00000003df000000, 0x00000003df400000|  0%| F|  |TS  0|AC  0|TAMS 0x00000003df000000, 0x00000003df000000|
|  30|0x00000003df400000, 0x00000003df400000, 0x00000003df800000|  0%| F|  |TS  0|AC  0|TAMS 0x00000003df400000, 0x00000003df400000|
|  31|0x00000003df800000, 0x00000003df800000, 0x00000003dfc00000|  0%| F|  |TS  0|AC  0|TAMS 0x00000003df800000, 0x00000003df800000|
|  32|0x00000003dfc00000, 0x00000003dfc00000, 0x00000003e0000000|  0%| F|  |TS  0|AC  0|TAMS 0x00000003dfc00000, 0x00000003dfc00000|
|  33|0x00000003e0000000, 0x00000003e0000000, 0x00000003e0400000|  0%| F|  |TS  0|AC  0|TAMS 0x00000003e0000000, 0x00000003e0000000|
|  34|0x00000003e0400000, 0x00000003e0400000, 0x00000003e0800000|  0%| F|  |TS  0|AC  0|TAMS 0x00000003e0400000, 0x00000003e0400000|
|  35|0x00000003e0800000, 0x00000003e0800000, 0x00000003e0c00000|  0%| F|  |TS  0|AC  0|TAMS 0x00000003e0800000, 0x00000003e0800000|
|  36|0x00000003e0c00000, 0x00000003e0c00000, 0x00000003e1000000|  0%| F|  |TS  0|AC  0|TAMS 0x00000003e0c00000, 0x00000003e0c00000|
|  37|0x00000003e1000000, 0x00000003e1000000, 0x00000003e1400000|  0%| F|  |TS  0|AC  0|TAMS 0x00000003e1000000, 0x00000003e1000000|
|  38|0x00000003e1400000, 0x00000003e1400000, 0x00000003e1800000|  0%| F|  |TS  0|AC  0|TAMS 0x00000003e1400000, 0x00000003e1400000|
|  39|0x00000003e1800000, 0x00000003e1800000, 0x00000003e1c00000|  0%| F|  |TS  0|AC  0|TAMS 0x00000003e1800000, 0x00000003e1800000|
|  40|0x00000003e1c00000, 0x00000003e1c00000, 0x00000003e2000000|  0%| F|  |TS  0|AC  0|TAMS 0x00000003e1c00000, 0x00000003e1c00000|
|  41|0x00000003e2000000, 0x00000003e2000000, 0x00000003e2400000|  0%| F|  |TS  0|AC  0|TAMS 0x00000003e2000000, 0x00000003e2000000|
|  42|0x00000003e2400000, 0x00000003e2400000, 0x00000003e2800000|  0%| F|  |TS  0|AC  0|TAMS 0x00000003e2400000, 0x00000003e2400000|
|  43|0x00000003e2800000, 0x00000003e2800000, 0x00000003e2c00000|  0%| F|  |TS  0|AC  0|TAMS 0x00000003e2800000, 0x00000003e2800000|
|  44|0x00000003e2c00000, 0x00000003e2c00000, 0x00000003e3000000|  0%| F|  |TS  0|AC  0|TAMS 0x00000003e2c00000, 0x00000003e2c00000|
|  45|0x00000003e3000000, 0x00000003e3000000, 0x00000003e3400000|  0%| F|  |TS  0|AC  0|TAMS 0x00000003e3000000, 0x00000003e3000000|
|  46|0x00000003e3400000, 0x00000003e3400000, 0x00000003e3800000|  0%| F|  |TS  0|AC  0|TAMS 0x00000003e3400000, 0x00000003e3400000|
|  47|0x00000003e3800000, 0x00000003e3800000, 0x00000003e3c00000|  0%| F|  |TS  0|AC  0|TAMS 0x00000003e3800000, 0x00000003e3800000|
|  48|0x00000003e3c00000, 0x00000003e3c00000, 0x00000003e4000000|  0%| F|  |TS  0|AC  0|TAMS 0x00000003e3c00000, 0x00000003e3c00000|
|  49|0x00000003e4000000, 0x00000003e4000000, 0x00000003e4400000|  0%| F|  |TS  0|AC  0|TAMS 0x00000003e4000000, 0x00000003e4000000|
|  50|0x00000003e4400000, 0x00000003e4400000, 0x00000003e4800000|  0%| F|  |TS  0|AC  0|TAMS 0x00000003e4400000, 0x00000003e4400000|
|  51|0x00000003e4800000, 0x00000003e4800000, 0x00000003e4c00000|  0%| F|  |TS  0|AC  0|TAMS 0x00000003e4800000, 0x00000003e4800000|
|  52|0x00000003e4c00000, 0x00000003e4c00000, 0x00000003e5000000|  0%| F|  |TS  0|AC  0|TAMS 0x00000003e4c00000, 0x00000003e4c00000|
|  53|0x00000003e5000000, 0x00000003e5000000, 0x00000003e5400000|  0%| F|  |TS  0|AC  0|TAMS 0x00000003e5000000, 0x00000003e5000000|
|  54|0x00000003e5400000, 0x00000003e5400000, 0x00000003e5800000|  0%| F|  |TS  0|AC  0|TAMS 0x00000003e5400000, 0x00000003e5400000|
|  55|0x00000003e5800000, 0x00000003e5800000, 0x00000003e5c00000|  0%| F|  |TS  0|AC  0|TAMS 0x00000003e5800000, 0x00000003e5800000|
|  56|0x00000003e5c00000, 0x00000003e5c00000, 0x00000003e6000000|  0%| F|  |TS  0|AC  0|TAMS 0x00000003e5c00000, 0x00000003e5c00000|
|  57|0x00000003e6000000, 0x00000003e6000000, 0x00000003e6400000|  0%| F|  |TS  0|AC  0|TAMS 0x00000003e6000000, 0x00000003e6000000|
|  58|0x00000003e6400000, 0x00000003e6400000, 0x00000003e6800000|  0%| F|  |TS  0|AC  0|TAMS 0x00000003e6400000, 0x00000003e6400000|
|  59|0x00000003e6800000, 0x00000003e6800000, 0x00000003e6c00000|  0%| F|  |TS  0|AC  0|TAMS 0x00000003e6800000, 0x00000003e6800000|
|  60|0x00000003e6c00000, 0x00000003e6c00000, 0x00000003e7000000|  0%| F|  |TS  0|AC  0|TAMS 0x00000003e6c00000, 0x00000003e6c00000|
|  61|0x00000003e7000000, 0x00000003e7000000, 0x00000003e7400000|  0%| F|  |TS  0|AC  0|TAMS 0x00000003e7000000, 0x00000003e7000000|
|  62|0x00000003e7400000, 0x00000003e7400000, 0x00000003e7800000|  0%| F|  |TS  0|AC  0|TAMS 0x00000003e7400000, 0x00000003e7400000|
|  63|0x00000003e7800000, 0x00000003e7800000, 0x00000003e7c00000|  0%| F|  |TS  0|AC  0|TAMS 0x00000003e7800000, 0x00000003e7800000|
|  64|0x00000003e7c00000, 0x00000003e7c00000, 0x00000003e8000000|  0%| F|  |TS  0|AC  0|TAMS 0x00000003e7c00000, 0x00000003e7c00000|
|  65|0x00000003e8000000, 0x00000003e8000000, 0x00000003e8400000|  0%| F|  |TS  0|AC  0|TAMS 0x00000003e8000000, 0x00000003e8000000|
|  66|0x00000003e8400000, 0x00000003e8400000, 0x00000003e8800000|  0%| F|  |TS  0|AC  0|TAMS 0x00000003e8400000, 0x00000003e8400000|
|  67|0x00000003e8800000, 0x00000003e8800000, 0x00000003e8c00000|  0%| F|  |TS  0|AC  0|TAMS 0x00000003e8800000, 0x00000003e8800000|
|  68|0x00000003e8c00000, 0x00000003e8c00000, 0x00000003e9000000|  0%| F|  |TS  0|AC  0|TAMS 0x00000003e8c00000, 0x00000003e8c00000|
|  69|0x00000003e9000000, 0x00000003e9000000, 0x00000003e9400000|  0%| F|  |TS  0|AC  0|TAMS 0x00000003e9000000, 0x00000003e9000000|
|  70|0x00000003e9400000, 0x00000003e9400000, 0x00000003e9800000|  0%| F|  |TS  0|AC  0|TAMS 0x00000003e9400000, 0x00000003e9400000|
|  71|0x00000003e9800000, 0x00000003e9800000, 0x00000003e9c00000|  0%| F|  |TS  0|AC  0|TAMS 0x00000003e9800000, 0x00000003e9800000|
|  72|0x00000003e9c00000, 0x00000003e9c00000, 0x00000003ea000000|  0%| F|  |TS  0|AC  0|TAMS 0x00000003e9c00000, 0x00000003e9c00000|
|  73|0x00000003ea000000, 0x00000003ea000000, 0x00000003ea400000|  0%| F|  |TS  0|AC  0|TAMS 0x00000003ea000000, 0x00000003ea000000|
|  74|0x00000003ea400000, 0x00000003ea400000, 0x00000003ea800000|  0%| F|  |TS  0|AC  0|TAMS 0x00000003ea400000, 0x00000003ea400000|
|  75|0x00000003ea800000, 0x00000003ea800000, 0x00000003eac00000|  0%| F|  |TS  0|AC  0|TAMS 0x00000003ea800000, 0x00000003ea800000|
|  76|0x00000003eac00000, 0x00000003eac00000, 0x00000003eb000000|  0%| F|  |TS  0|AC  0|TAMS 0x00000003eac00000, 0x00000003eac00000|
|  77|0x00000003eb000000, 0x00000003eb000000, 0x00000003eb400000|  0%| F|  |TS  0|AC  0|TAMS 0x00000003eb000000, 0x00000003eb000000|
|  78|0x00000003eb400000, 0x00000003eb400000, 0x00000003eb800000|  0%| F|  |TS  0|AC  0|TAMS 0x00000003eb400000, 0x00000003eb400000|
|  79|0x00000003eb800000, 0x00000003eb800000, 0x00000003ebc00000|  0%| F|  |TS  0|AC  0|TAMS 0x00000003eb800000, 0x00000003eb800000|
|  80|0x00000003ebc00000, 0x00000003ebc00000, 0x00000003ec000000|  0%| F|  |TS  0|AC  0|TAMS 0x00000003ebc00000, 0x00000003ebc00000|
|  81|0x00000003ec000000, 0x00000003ec000000, 0x00000003ec400000|  0%| F|  |TS  0|AC  0|TAMS 0x00000003ec000000, 0x00000003ec000000|
|  82|0x00000003ec400000, 0x00000003ec400000, 0x00000003ec800000|  0%| F|  |TS  0|AC  0|TAMS 0x00000003ec400000, 0x00000003ec400000|
|  83|0x00000003ec800000, 0x00000003ec800000, 0x00000003ecc00000|  0%| F|  |TS  0|AC  0|TAMS 0x00000003ec800000, 0x00000003ec800000|
|  84|0x00000003ecc00000, 0x00000003ecc00000, 0x00000003ed000000|  0%| F|  |TS  0|AC  0|TAMS 0x00000003ecc00000, 0x00000003ecc00000|
|  85|0x00000003ed000000, 0x00000003ed000000, 0x00000003ed400000|  0%| F|  |TS  0|AC  0|TAMS 0x00000003ed000000, 0x00000003ed000000|
|  86|0x00000003ed400000, 0x00000003ed400000, 0x00000003ed800000|  0%| F|  |TS  0|AC  0|TAMS 0x00000003ed400000, 0x00000003ed400000|
|  87|0x00000003ed800000, 0x00000003ed800000, 0x00000003edc00000|  0%| F|  |TS  0|AC  0|TAMS 0x00000003ed800000, 0x00000003ed800000|
|  88|0x00000003edc00000, 0x00000003edc00000, 0x00000003ee000000|  0%| F|  |TS  0|AC  0|TAMS 0x00000003edc00000, 0x00000003edc00000|
|  89|0x00000003ee000000, 0x00000003ee000000, 0x00000003ee400000|  0%| F|  |TS  0|AC  0|TAMS 0x00000003ee000000, 0x00000003ee000000|
|  90|0x00000003ee400000, 0x00000003ee400000, 0x00000003ee800000|  0%| F|  |TS  0|AC  0|TAMS 0x00000003ee400000, 0x00000003ee400000|
|  91|0x00000003ee800000, 0x00000003ee800000, 0x00000003eec00000|  0%| F|  |TS  0|AC  0|TAMS 0x00000003ee800000, 0x00000003ee800000|
|  92|0x00000003eec00000, 0x00000003eec00000, 0x00000003ef000000|  0%| F|  |TS  0|AC  0|TAMS 0x00000003eec00000, 0x00000003eec00000|
|  93|0x00000003ef000000, 0x00000003ef000000, 0x00000003ef400000|  0%| F|  |TS  0|AC  0|TAMS 0x00000003ef000000, 0x00000003ef000000|
|  94|0x00000003ef400000, 0x00000003ef400000, 0x00000003ef800000|  0%| F|  |TS  0|AC  0|TAMS 0x00000003ef400000, 0x00000003ef400000|
|  95|0x00000003ef800000, 0x00000003ef800000, 0x00000003efc00000|  0%| F|  |TS  0|AC  0|TAMS 0x00000003ef800000, 0x00000003ef800000|
|  96|0x00000003efc00000, 0x00000003efc00000, 0x00000003f0000000|  0%| F|  |TS  0|AC  0|TAMS 0x00000003efc00000, 0x00000003efc00000|
|  97|0x00000003f0000000, 0x00000003f0000000, 0x00000003f0400000|  0%| F|  |TS  0|AC  0|TAMS 0x00000003f0000000, 0x00000003f0000000|
|  98|0x00000003f0400000, 0x00000003f0400000, 0x00000003f0800000|  0%| F|  |TS  0|AC  0|TAMS 0x00000003f0400000, 0x00000003f0400000|
|  99|0x00000003f0800000, 0x00000003f0800000, 0x00000003f0c00000|  0%| F|  |TS  0|AC  0|TAMS 0x00000003f0800000, 0x00000003f0800000|
| 100|0x00000003f0c00000, 0x00000003f0c00000, 0x00000003f1000000|  0%| F|  |TS  0|AC  0|TAMS 0x00000003f0c00000, 0x00000003f0c00000|
| 101|0x00000003f1000000, 0x00000003f1000000, 0x00000003f1400000|  0%| F|  |TS  0|AC  0|TAMS 0x00000003f1000000, 0x00000003f1000000|
| 102|0x00000003f1400000, 0x00000003f1400000, 0x00000003f1800000|  0%| F|  |TS  0|AC  0|TAMS 0x00000003f1400000, 0x00000003f1400000|
| 103|0x00000003f1800000, 0x00000003f1800000, 0x00000003f1c00000|  0%| F|  |TS  0|AC  0|TAMS 0x00000003f1800000, 0x00000003f1800000|
| 104|0x00000003f1c00000, 0x00000003f1c00000, 0x00000003f2000000|  0%| F|  |TS  0|AC  0|TAMS 0x00000003f1c00000, 0x00000003f1c00000|
| 105|0x00000003f2000000, 0x00000003f2000000, 0x00000003f2400000|  0%| F|  |TS  0|AC  0|TAMS 0x00000003f2000000, 0x00000003f2000000|
| 106|0x00000003f2400000, 0x00000003f2400000, 0x00000003f2800000|  0%| F|  |TS  0|AC  0|TAMS 0x00000003f2400000, 0x00000003f2400000|
| 107|0x00000003f2800000, 0x00000003f2800000, 0x00000003f2c00000|  0%| F|  |TS  0|AC  0|TAMS 0x00000003f2800000, 0x00000003f2800000|
| 108|0x00000003f2c00000, 0x00000003f2c00000, 0x00000003f3000000|  0%| F|  |TS  0|AC  0|TAMS 0x00000003f2c00000, 0x00000003f2c00000|
| 109|0x00000003f3000000, 0x00000003f3000000, 0x00000003f3400000|  0%| F|  |TS  0|AC  0|TAMS 0x00000003f3000000, 0x00000003f3000000|
| 110|0x00000003f3400000, 0x00000003f3400000, 0x00000003f3800000|  0%| F|  |TS  0|AC  0|TAMS 0x00000003f3400000, 0x00000003f3400000|
| 111|0x00000003f3800000, 0x00000003f3800000, 0x00000003f3c00000|  0%| F|  |TS  0|AC  0|TAMS 0x00000003f3800000, 0x00000003f3800000|
| 112|0x00000003f3c00000, 0x00000003f3c00000, 0x00000003f4000000|  0%| F|  |TS  0|AC  0|TAMS 0x00000003f3c00000, 0x00000003f3c00000|
| 113|0x00000003f4000000, 0x00000003f4000000, 0x00000003f4400000|  0%| F|  |TS  0|AC  0|TAMS 0x00000003f4000000, 0x00000003f4000000|
| 114|0x00000003f4400000, 0x00000003f4400000, 0x00000003f4800000|  0%| F|  |TS  0|AC  0|TAMS 0x00000003f4400000, 0x00000003f4400000|
| 115|0x00000003f4800000, 0x00000003f4800000, 0x00000003f4c00000|  0%| F|  |TS  0|AC  0|TAMS 0x00000003f4800000, 0x00000003f4800000|
| 116|0x00000003f4c00000, 0x00000003f4c00000, 0x00000003f5000000|  0%| F|  |TS  0|AC  0|TAMS 0x00000003f4c00000, 0x00000003f4c00000|
| 117|0x00000003f5000000, 0x00000003f5000000, 0x00000003f5400000|  0%| F|  |TS  0|AC  0|TAMS 0x00000003f5000000, 0x00000003f5000000|
| 118|0x00000003f5400000, 0x00000003f5400000, 0x00000003f5800000|  0%| F|  |TS  0|AC  0|TAMS 0x00000003f5400000, 0x00000003f5400000|
| 119|0x00000003f5800000, 0x00000003f5800000, 0x00000003f5c00000|  0%| F|  |TS  0|AC  0|TAMS 0x00000003f5800000, 0x00000003f5800000|
| 120|0x00000003f5c00000, 0x00000003f5c00000, 0x00000003f6000000|  0%| F|  |TS  0|AC  0|TAMS 0x00000003f5c00000, 0x00000003f5c00000|
| 121|0x00000003f6000000, 0x00000003f6000000, 0x00000003f6400000|  0%| F|  |TS  0|AC  0|TAMS 0x00000003f6000000, 0x00000003f6000000|
| 122|0x00000003f6400000, 0x00000003f6400000, 0x00000003f6800000|  0%| F|  |TS  0|AC  0|TAMS 0x00000003f6400000, 0x00000003f6400000|
| 123|0x00000003f6800000, 0x00000003f6800000, 0x00000003f6c00000|  0%| F|  |TS  0|AC  0|TAMS 0x00000003f6800000, 0x00000003f6800000|
| 124|0x00000003f6c00000, 0x00000003f6c00000, 0x00000003f7000000|  0%| F|  |TS  0|AC  0|TAMS 0x00000003f6c00000, 0x00000003f6c00000|
| 125|0x00000003f7000000, 0x00000003f7000000, 0x00000003f7400000|  0%| F|  |TS  0|AC  0|TAMS 0x00000003f7000000, 0x00000003f7000000|
| 126|0x00000003f7400000, 0x00000003f7400000, 0x00000003f7800000|  0%| F|  |TS  0|AC  0|TAMS 0x00000003f7400000, 0x00000003f7400000|
| 127|0x00000003f7800000, 0x00000003f7800000, 0x00000003f7c00000|  0%| F|  |TS  0|AC  0|TAMS 0x00000003f7800000, 0x00000003f7800000|
| 128|0x00000003f7c00000, 0x00000003f7c00000, 0x00000003f8000000|  0%| F|  |TS  0|AC  0|TAMS 0x00000003f7c00000, 0x00000003f7c00000|
| 129|0x00000003f8000000, 0x00000003f8000000, 0x00000003f8400000|  0%| F|  |TS  0|AC  0|TAMS 0x00000003f8000000, 0x00000003f8000000|
| 130|0x00000003f8400000, 0x00000003f8400000, 0x00000003f8800000|  0%| F|  |TS  0|AC  0|TAMS 0x00000003f8400000, 0x00000003f8400000|
| 131|0x00000003f8800000, 0x00000003f8800000, 0x00000003f8c00000|  0%| F|  |TS  0|AC  0|TAMS 0x00000003f8800000, 0x00000003f8800000|
| 132|0x00000003f8c00000, 0x00000003f8c00000, 0x00000003f9000000|  0%| F|  |TS  0|AC  0|TAMS 0x00000003f8c00000, 0x00000003f8c00000|
| 133|0x00000003f9000000, 0x00000003f9000000, 0x00000003f9400000|  0%| F|  |TS  0|AC  0|TAMS 0x00000003f9000000, 0x00000003f9000000|
| 134|0x00000003f9400000, 0x00000003f9400000, 0x00000003f9800000|  0%| F|  |TS  0|AC  0|TAMS 0x00000003f9400000, 0x00000003f9400000|
| 135|0x00000003f9800000, 0x00000003f9800000, 0x00000003f9c00000|  0%| F|  |TS  0|AC  0|TAMS 0x00000003f9800000, 0x00000003f9800000|
| 136|0x00000003f9c00000, 0x00000003f9c00000, 0x00000003fa000000|  0%| F|  |TS  0|AC  0|TAMS 0x00000003f9c00000, 0x00000003f9c00000|
| 137|0x00000003fa000000, 0x00000003fa000000, 0x00000003fa400000|  0%| F|  |TS  0|AC  0|TAMS 0x00000003fa000000, 0x00000003fa000000|
| 138|0x00000003fa400000, 0x00000003fa400000, 0x00000003fa800000|  0%| F|  |TS  0|AC  0|TAMS 0x00000003fa400000, 0x00000003fa400000|
| 139|0x00000003fa800000, 0x00000003fa800000, 0x00000003fac00000|  0%| F|  |TS  0|AC  0|TAMS 0x00000003fa800000, 0x00000003fa800000|
| 140|0x00000003fac00000, 0x00000003fac00000, 0x00000003fb000000|  0%| F|  |TS  0|AC  0|TAMS 0x00000003fac00000, 0x00000003fac00000|
| 141|0x00000003fb000000, 0x00000003fb000000, 0x00000003fb400000|  0%| F|  |TS  0|AC  0|TAMS 0x00000003fb000000, 0x00000003fb000000|
| 142|0x00000003fb400000, 0x00000003fb400000, 0x00000003fb800000|  0%| F|  |TS  0|AC  0|TAMS 0x00000003fb400000, 0x00000003fb400000|
| 143|0x00000003fb800000, 0x00000003fb800000, 0x00000003fbc00000|  0%| F|  |TS  0|AC  0|TAMS 0x00000003fb800000, 0x00000003fb800000|
| 144|0x00000003fbc00000, 0x00000003fbc00000, 0x00000003fc000000|  0%| F|  |TS  0|AC  0|TAMS 0x00000003fbc00000, 0x00000003fbc00000|
| 145|0x00000003fc000000, 0x00000003fc000000, 0x00000003fc400000|  0%| F|  |TS  0|AC  0|TAMS 0x00000003fc000000, 0x00000003fc000000|
| 146|0x00000003fc400000, 0x00000003fc400000, 0x00000003fc800000|  0%| F|  |TS  0|AC  0|TAMS 0x00000003fc400000, 0x00000003fc400000|
| 147|0x00000003fc800000, 0x00000003fc800000, 0x00000003fcc00000|  0%| F|  |TS  0|AC  0|TAMS 0x00000003fc800000, 0x00000003fc800000|
| 148|0x00000003fcc00000, 0x00000003fcc00000, 0x00000003fd000000|  0%| F|  |TS  0|AC  0|TAMS 0x00000003fcc00000, 0x00000003fcc00000|
| 149|0x00000003fd000000, 0x00000003fd000000, 0x00000003fd400000|  0%| F|  |TS  0|AC  0|TAMS 0x00000003fd000000, 0x00000003fd000000|
| 150|0x00000003fd400000, 0x00000003fd400000, 0x00000003fd800000|  0%| F|  |TS  0|AC  0|TAMS 0x00000003fd400000, 0x00000003fd400000|
| 151|0x00000003fd800000, 0x00000003fd800000, 0x00000003fdc00000|  0%| F|  |TS  0|AC  0|TAMS 0x00000003fd800000, 0x00000003fd800000|
| 152|0x00000003fdc00000, 0x00000003fdc00000, 0x00000003fe000000|  0%| F|  |TS  0|AC  0|TAMS 0x00000003fdc00000, 0x00000003fdc00000|
| 153|0x00000003fe000000, 0x00000003fe000000, 0x00000003fe400000|  0%| F|  |TS  0|AC  0|TAMS 0x00000003fe000000, 0x00000003fe000000|
| 154|0x00000003fe400000, 0x00000003fe400000, 0x00000003fe800000|  0%| F|  |TS  0|AC  0|TAMS 0x00000003fe400000, 0x00000003fe400000|
| 155|0x00000003fe800000, 0x00000003fe800000, 0x00000003fec00000|  0%| F|  |TS  0|AC  0|TAMS 0x00000003fe800000, 0x00000003fe800000|
| 156|0x00000003fec00000, 0x00000003fec00000, 0x00000003ff000000|  0%| F|  |TS  0|AC  0|TAMS 0x00000003fec00000, 0x00000003fec00000|
| 157|0x00000003ff000000, 0x00000003ff000000, 0x00000003ff400000|  0%| F|  |TS  0|AC  0|TAMS 0x00000003ff000000, 0x00000003ff000000|
| 158|0x00000003ff400000, 0x00000003ff400000, 0x00000003ff800000|  0%| F|  |TS  0|AC  0|TAMS 0x00000003ff400000, 0x00000003ff400000|
| 159|0x00000003ff800000, 0x00000003ff800000, 0x00000003ffc00000|  0%| F|  |TS  0|AC  0|TAMS 0x00000003ff800000, 0x00000003ff800000|
| 160|0x00000003ffc00000, 0x00000003ffc00000, 0x0000000400000000|  0%| F|  |TS  0|AC  0|TAMS 0x00000003ffc00000, 0x00000003ffc00000|
| 161|0x0000000400000000, 0x0000000400000000, 0x0000000400400000|  0%| F|  |TS  0|AC  0|TAMS 0x0000000400000000, 0x0000000400000000|
| 162|0x0000000400400000, 0x0000000400400000, 0x0000000400800000|  0%| F|  |TS  0|AC  0|TAMS 0x0000000400400000, 0x0000000400400000|
| 163|0x0000000400800000, 0x0000000400800000, 0x0000000400c00000|  0%| F|  |TS  0|AC  0|TAMS 0x0000000400800000, 0x0000000400800000|
| 164|0x0000000400c00000, 0x0000000400c00000, 0x0000000401000000|  0%| F|  |TS  0|AC  0|TAMS 0x0000000400c00000, 0x0000000400c00000|
| 165|0x0000000401000000, 0x0000000401000000, 0x0000000401400000|  0%| F|  |TS  0|AC  0|TAMS 0x0000000401000000, 0x0000000401000000|
| 166|0x0000000401400000, 0x0000000401400000, 0x0000000401800000|  0%| F|  |TS  0|AC  0|TAMS 0x0000000401400000, 0x0000000401400000|
| 167|0x0000000401800000, 0x0000000401800000, 0x0000000401c00000|  0%| F|  |TS  0|AC  0|TAMS 0x0000000401800000, 0x0000000401800000|
| 168|0x0000000401c00000, 0x0000000401c00000, 0x0000000402000000|  0%| F|  |TS  0|AC  0|TAMS 0x0000000401c00000, 0x0000000401c00000|
| 169|0x0000000402000000, 0x0000000402000000, 0x0000000402400000|  0%| F|  |TS  0|AC  0|TAMS 0x0000000402000000, 0x0000000402000000|
| 170|0x0000000402400000, 0x0000000402400000, 0x0000000402800000|  0%| F|  |TS  0|AC  0|TAMS 0x0000000402400000, 0x0000000402400000|
| 171|0x0000000402800000, 0x0000000402800000, 0x0000000402c00000|  0%| F|  |TS  0|AC  0|TAMS 0x0000000402800000, 0x0000000402800000|
| 172|0x0000000402c00000, 0x0000000402c00000, 0x0000000403000000|  0%| F|  |TS  0|AC  0|TAMS 0x0000000402c00000, 0x0000000402c00000|
| 173|0x0000000403000000, 0x0000000403000000, 0x0000000403400000|  0%| F|  |TS  0|AC  0|TAMS 0x0000000403000000, 0x0000000403000000|
| 174|0x0000000403400000, 0x0000000403400000, 0x0000000403800000|  0%| F|  |TS  0|AC  0|TAMS 0x0000000403400000, 0x0000000403400000|
| 175|0x0000000403800000, 0x0000000403800000, 0x0000000403c00000|  0%| F|  |TS  0|AC  0|TAMS 0x0000000403800000, 0x0000000403800000|
| 176|0x0000000403c00000, 0x0000000403c00000, 0x0000000404000000|  0%| F|  |TS  0|AC  0|TAMS 0x0000000403c00000, 0x0000000403c00000|
| 177|0x0000000404000000, 0x0000000404000000, 0x0000000404400000|  0%| F|  |TS  0|AC  0|TAMS 0x0000000404000000, 0x0000000404000000|
| 178|0x0000000404400000, 0x0000000404400000, 0x0000000404800000|  0%| F|  |TS  0|AC  0|TAMS 0x0000000404400000, 0x0000000404400000|
| 179|0x0000000404800000, 0x0000000404800000, 0x0000000404c00000|  0%| F|  |TS  0|AC  0|TAMS 0x0000000404800000, 0x0000000404800000|
| 180|0x0000000404c00000, 0x0000000404c00000, 0x0000000405000000|  0%| F|  |TS  0|AC  0|TAMS 0x0000000404c00000, 0x0000000404c00000|
| 181|0x0000000405000000, 0x0000000405000000, 0x0000000405400000|  0%| F|  |TS  0|AC  0|TAMS 0x0000000405000000, 0x0000000405000000|
| 182|0x0000000405400000, 0x0000000405400000, 0x0000000405800000|  0%| F|  |TS  0|AC  0|TAMS 0x0000000405400000, 0x0000000405400000|
| 183|0x0000000405800000, 0x0000000405800000, 0x0000000405c00000|  0%| F|  |TS  0|AC  0|TAMS 0x0000000405800000, 0x0000000405800000|
| 184|0x0000000405c00000, 0x0000000405c00000, 0x0000000406000000|  0%| F|  |TS  0|AC  0|TAMS 0x0000000405c00000, 0x0000000405c00000|
| 185|0x0000000406000000, 0x0000000406000000, 0x0000000406400000|  0%| F|  |TS  0|AC  0|TAMS 0x0000000406000000, 0x0000000406000000|
| 186|0x0000000406400000, 0x0000000406400000, 0x0000000406800000|  0%| F|  |TS  0|AC  0|TAMS 0x0000000406400000, 0x0000000406400000|
| 187|0x0000000406800000, 0x0000000406800000, 0x0000000406c00000|  0%| F|  |TS  0|AC  0|TAMS 0x0000000406800000, 0x0000000406800000|
| 188|0x0000000406c00000, 0x0000000406c00000, 0x0000000407000000|  0%| F|  |TS  0|AC  0|TAMS 0x0000000406c00000, 0x0000000406c00000|
| 189|0x0000000407000000, 0x0000000407000000, 0x0000000407400000|  0%| F|  |TS  0|AC  0|TAMS 0x0000000407000000, 0x0000000407000000|
| 190|0x0000000407400000, 0x0000000407400000, 0x0000000407800000|  0%| F|  |TS  0|AC  0|TAMS 0x0000000407400000, 0x0000000407400000|
| 191|0x0000000407800000, 0x0000000407800000, 0x0000000407c00000|  0%| F|  |TS  0|AC  0|TAMS 0x0000000407800000, 0x0000000407800000|
| 192|0x0000000407c00000, 0x0000000407c00000, 0x0000000408000000|  0%| F|  |TS  0|AC  0|TAMS 0x0000000407c00000, 0x0000000407c00000|
| 193|0x0000000408000000, 0x0000000408000000, 0x0000000408400000|  0%| F|  |TS  0|AC  0|TAMS 0x0000000408000000, 0x0000000408000000|
| 194|0x0000000408400000, 0x0000000408400000, 0x0000000408800000|  0%| F|  |TS  0|AC  0|TAMS 0x0000000408400000, 0x0000000408400000|
| 195|0x0000000408800000, 0x0000000408800000, 0x0000000408c00000|  0%| F|  |TS  0|AC  0|TAMS 0x0000000408800000, 0x0000000408800000|
| 196|0x0000000408c00000, 0x0000000408c00000, 0x0000000409000000|  0%| F|  |TS  0|AC  0|TAMS 0x0000000408c00000, 0x0000000408c00000|
| 197|0x0000000409000000, 0x0000000409000000, 0x0000000409400000|  0%| F|  |TS  0|AC  0|TAMS 0x0000000409000000, 0x0000000409000000|
| 198|0x0000000409400000, 0x0000000409400000, 0x0000000409800000|  0%| F|  |TS  0|AC  0|TAMS 0x0000000409400000, 0x0000000409400000|
| 199|0x0000000409800000, 0x0000000409800000, 0x0000000409c00000|  0%| F|  |TS  0|AC  0|TAMS 0x0000000409800000, 0x0000000409800000|
| 200|0x0000000409c00000, 0x0000000409c00000, 0x000000040a000000|  0%| F|  |TS  0|AC  0|TAMS 0x0000000409c00000, 0x0000000409c00000|
| 201|0x000000040a000000, 0x000000040a000000, 0x000000040a400000|  0%| F|  |TS  0|AC  0|TAMS 0x000000040a000000, 0x000000040a000000|
| 202|0x000000040a400000, 0x000000040a400000, 0x000000040a800000|  0%| F|  |TS  0|AC  0|TAMS 0x000000040a400000, 0x000000040a400000|
| 203|0x000000040a800000, 0x000000040a800000, 0x000000040ac00000|  0%| F|  |TS  0|AC  0|TAMS 0x000000040a800000, 0x000000040a800000|
| 204|0x000000040ac00000, 0x000000040ac00000, 0x000000040b000000|  0%| F|  |TS  0|AC  0|TAMS 0x000000040ac00000, 0x000000040ac00000|
| 205|0x000000040b000000, 0x000000040b000000, 0x000000040b400000|  0%| F|  |TS  0|AC  0|TAMS 0x000000040b000000, 0x000000040b000000|
| 206|0x000000040b400000, 0x000000040b400000, 0x000000040b800000|  0%| F|  |TS  0|AC  0|TAMS 0x000000040b400000, 0x000000040b400000|
| 207|0x000000040b800000, 0x000000040b800000, 0x000000040bc00000|  0%| F|  |TS  0|AC  0|TAMS 0x000000040b800000, 0x000000040b800000|
| 208|0x000000040bc00000, 0x000000040bc00000, 0x000000040c000000|  0%| F|  |TS  0|AC  0|TAMS 0x000000040bc00000, 0x000000040bc00000|
| 209|0x000000040c000000, 0x000000040c000000, 0x000000040c400000|  0%| F|  |TS  0|AC  0|TAMS 0x000000040c000000, 0x000000040c000000|
| 210|0x000000040c400000, 0x000000040c400000, 0x000000040c800000|  0%| F|  |TS  0|AC  0|TAMS 0x000000040c400000, 0x000000040c400000|
| 211|0x000000040c800000, 0x000000040c800000, 0x000000040cc00000|  0%| F|  |TS  0|AC  0|TAMS 0x000000040c800000, 0x000000040c800000|
| 212|0x000000040cc00000, 0x000000040cc00000, 0x000000040d000000|  0%| F|  |TS  0|AC  0|TAMS 0x000000040cc00000, 0x000000040cc00000|
| 213|0x000000040d000000, 0x000000040d000000, 0x000000040d400000|  0%| F|  |TS  0|AC  0|TAMS 0x000000040d000000, 0x000000040d000000|
| 214|0x000000040d400000, 0x000000040d400000, 0x000000040d800000|  0%| F|  |TS  0|AC  0|TAMS 0x000000040d400000, 0x000000040d400000|
| 215|0x000000040d800000, 0x000000040d800000, 0x000000040dc00000|  0%| F|  |TS  0|AC  0|TAMS 0x000000040d800000, 0x000000040d800000|
| 216|0x000000040dc00000, 0x000000040dc00000, 0x000000040e000000|  0%| F|  |TS  0|AC  0|TAMS 0x000000040dc00000, 0x000000040dc00000|
| 217|0x000000040e000000, 0x000000040e000000, 0x000000040e400000|  0%| F|  |TS  0|AC  0|TAMS 0x000000040e000000, 0x000000040e000000|
| 218|0x000000040e400000, 0x000000040e400000, 0x000000040e800000|  0%| F|  |TS  0|AC  0|TAMS 0x000000040e400000, 0x000000040e400000|
| 219|0x000000040e800000, 0x000000040e800000, 0x000000040ec00000|  0%| F|  |TS  0|AC  0|TAMS 0x000000040e800000, 0x000000040e800000|
| 220|0x000000040ec00000, 0x000000040ec00000, 0x000000040f000000|  0%| F|  |TS  0|AC  0|TAMS 0x000000040ec00000, 0x000000040ec00000|
| 221|0x000000040f000000, 0x000000040f000000, 0x000000040f400000|  0%| F|  |TS  0|AC  0|TAMS 0x000000040f000000, 0x000000040f000000|
| 222|0x000000040f400000, 0x000000040f400000, 0x000000040f800000|  0%| F|  |TS  0|AC  0|TAMS 0x000000040f400000, 0x000000040f400000|
| 223|0x000000040f800000, 0x000000040f800000, 0x000000040fc00000|  0%| F|  |TS  0|AC  0|TAMS 0x000000040f800000, 0x000000040f800000|
| 224|0x000000040fc00000, 0x000000040fc00000, 0x0000000410000000|  0%| F|  |TS  0|AC  0|TAMS 0x000000040fc00000, 0x000000040fc00000|
| 225|0x0000000410000000, 0x0000000410000000, 0x0000000410400000|  0%| F|  |TS  0|AC  0|TAMS 0x0000000410000000, 0x0000000410000000|
| 226|0x0000000410400000, 0x0000000410400000, 0x0000000410800000|  0%| F|  |TS  0|AC  0|TAMS 0x0000000410400000, 0x0000000410400000|
| 227|0x0000000410800000, 0x0000000410800000, 0x0000000410c00000|  0%| F|  |TS  0|AC  0|TAMS 0x0000000410800000, 0x0000000410800000|
| 228|0x0000000410c00000, 0x0000000410c00000, 0x0000000411000000|  0%| F|  |TS  0|AC  0|TAMS 0x0000000410c00000, 0x0000000410c00000|
| 229|0x0000000411000000, 0x0000000411000000, 0x0000000411400000|  0%| F|  |TS  0|AC  0|TAMS 0x0000000411000000, 0x0000000411000000|
| 230|0x0000000411400000, 0x0000000411400000, 0x0000000411800000|  0%| F|  |TS  0|AC  0|TAMS 0x0000000411400000, 0x0000000411400000|
| 231|0x0000000411800000, 0x0000000411800000, 0x0000000411c00000|  0%| F|  |TS  0|AC  0|TAMS 0x0000000411800000, 0x0000000411800000|
| 232|0x0000000411c00000, 0x0000000411c00000, 0x0000000412000000|  0%| F|  |TS  0|AC  0|TAMS 0x0000000411c00000, 0x0000000411c00000|
| 233|0x0000000412000000, 0x0000000412000000, 0x0000000412400000|  0%| F|  |TS  0|AC  0|TAMS 0x0000000412000000, 0x0000000412000000|
| 234|0x0000000412400000, 0x0000000412400000, 0x0000000412800000|  0%| F|  |TS  0|AC  0|TAMS 0x0000000412400000, 0x0000000412400000|
| 235|0x0000000412800000, 0x0000000412800000, 0x0000000412c00000|  0%| F|  |TS  0|AC  0|TAMS 0x0000000412800000, 0x0000000412800000|
| 236|0x0000000412c00000, 0x0000000412c00000, 0x0000000413000000|  0%| F|  |TS  0|AC  0|TAMS 0x0000000412c00000, 0x0000000412c00000|
| 237|0x0000000413000000, 0x0000000413000000, 0x0000000413400000|  0%| F|  |TS  0|AC  0|TAMS 0x0000000413000000, 0x0000000413000000|
| 238|0x0000000413400000, 0x0000000413400000, 0x0000000413800000|  0%| F|  |TS  0|AC  0|TAMS 0x0000000413400000, 0x0000000413400000|
| 239|0x0000000413800000, 0x0000000413800000, 0x0000000413c00000|  0%| F|  |TS  0|AC  0|TAMS 0x0000000413800000, 0x0000000413800000|
| 240|0x0000000413c00000, 0x0000000413c00000, 0x0000000414000000|  0%| F|  |TS  0|AC  0|TAMS 0x0000000413c00000, 0x0000000413c00000|
| 241|0x0000000414000000, 0x0000000414000000, 0x0000000414400000|  0%| F|  |TS  0|AC  0|TAMS 0x0000000414000000, 0x0000000414000000|
| 242|0x0000000414400000, 0x0000000414400000, 0x0000000414800000|  0%| F|  |TS  0|AC  0|TAMS 0x0000000414400000, 0x0000000414400000|
| 243|0x0000000414800000, 0x0000000414800000, 0x0000000414c00000|  0%| F|  |TS  0|AC  0|TAMS 0x0000000414800000, 0x0000000414800000|
| 244|0x0000000414c00000, 0x0000000414c00000, 0x0000000415000000|  0%| F|  |TS  0|AC  0|TAMS 0x0000000414c00000, 0x0000000414c00000|
| 245|0x0000000415000000, 0x0000000415000000, 0x0000000415400000|  0%| F|  |TS  0|AC  0|TAMS 0x0000000415000000, 0x0000000415000000|
| 246|0x0000000415400000, 0x0000000415400000, 0x0000000415800000|  0%| F|  |TS  0|AC  0|TAMS 0x0000000415400000, 0x0000000415400000|
| 247|0x0000000415800000, 0x0000000415c00000, 0x0000000415c00000|100%| E|  |TS  0|AC  0|TAMS 0x0000000415800000, 0x0000000415800000|
| 248|0x0000000415c00000, 0x0000000416000000, 0x0000000416000000|100%| E|CS|TS  0|AC  0|TAMS 0x0000000415c00000, 0x0000000415c00000|
| 249|0x0000000416000000, 0x0000000416400000, 0x0000000416400000|100%| E|CS|TS  0|AC  0|TAMS 0x0000000416000000, 0x0000000416000000|
| 250|0x0000000416400000, 0x0000000416800000, 0x0000000416800000|100%| E|CS|TS  0|AC  0|TAMS 0x0000000416400000, 0x0000000416400000|

Card table byte_map: [0x00007fd97623a000,0x00007fd97817c000] byte_map_base: 0x00007fd97437c000

Marking Bits (Prev, Next): (CMBitMap*) 0x00007fda4009e820, (CMBitMap*) 0x00007fda4009e858
 Prev Bits: [0x00007fd9648e8000, 0x00007fd9742f8000)
 Next Bits: [0x00007fd954ed8000, 0x00007fd9648e8000)

Polling page: 0x00007fda46152000

CodeHeap 'non-profiled nmethods': size=119172Kb used=150Kb max_used=150Kb free=119021Kb
 bounds [0x00007fda2d2d8000, 0x00007fda2d548000, 0x00007fda34739000]
CodeHeap 'profiled nmethods': size=119172Kb used=340Kb max_used=340Kb free=118831Kb
 bounds [0x00007fda25e77000, 0x00007fda260e7000, 0x00007fda2d2d8000]
CodeHeap 'non-nmethods': size=7416Kb used=2826Kb max_used=2853Kb free=4589Kb
 bounds [0x00007fda25739000, 0x00007fda25a09000, 0x00007fda25e77000]
 total_blobs=632 nmethods=247 adapters=168
 compilation: enabled

Compilation events (10 events):
Event: 0.372 Thread 0x00007fda402b2800  247       4       java.lang.Long::toString (55 bytes)
Event: 0.374 Thread 0x00007fda402b2800 nmethod 247 0x00007fda2d2ee090 code [0x00007fda2d2ee240, 0x00007fda2d2ee498]
Event: 0.375 Thread 0x00007fda402b4800 nmethod 233 0x00007fda2d2ee690 code [0x00007fda2d2ee900, 0x00007fda2d2efd88]
Event: 0.376 Thread 0x00007fda402af000 nmethod 230 0x00007fda2d2f0790 code [0x00007fda2d2f09a0, 0x00007fda2d2f14c8]
Event: 0.376 Thread 0x00007fda402ba000 nmethod 236 0x00007fda2d2f1d90 code [0x00007fda2d2f1fc0, 0x00007fda2d2f2a08]
Event: 0.377 Thread 0x00007fda402ad000 nmethod 243 0x00007fda2d2f3390 code [0x00007fda2d2f3620, 0x00007fda2d2f49a8]
Event: 0.378 Thread 0x00007fda402b1000 nmethod 235 0x00007fda2d2f5510 code [0x00007fda2d2f56e0, 0x00007fda2d2f5e98]
Event: 0.402 Thread 0x00007fda402b8000 nmethod 242 0x00007fda2d2f6410 code [0x00007fda2d2f6700, 0x00007fda2d2f88f0]
Event: 0.417 Thread 0x00007fda402b6800 nmethod 244 0x00007fda2d2f9b90 code [0x00007fda2d2f9ee0, 0x00007fda2d2fc2e0]
Event: 0.526 Thread 0x00007fda402bd800  248 %     3       org.eclipse.core.runtime.adaptor.EclipseStarter::main @ 2387 (3763 bytes)

GC Heap History (0 events):
No events

Deoptimization events (0 events):
No events

Classes redefined (0 events):
No events

Internal exceptions (0 events):
No events

Events (10 events):
Event: 0.341 Thread 0x00007fda40011800 DEOPT PACKING pc=0x00007fda25eadaa4 sp=0x00007fda447fcde0
Event: 0.341 Thread 0x00007fda40011800 DEOPT UNPACKING pc=0x00007fda25786aab sp=0x00007fda447fc3c8 mode 0
Event: 0.341 Thread 0x00007fda40011800 DEOPT PACKING pc=0x00007fda25eadaa4 sp=0x00007fda447fcde0
Event: 0.341 Thread 0x00007fda40011800 DEOPT UNPACKING pc=0x00007fda25786aab sp=0x00007fda447fc3c8 mode 0
Event: 0.342 Thread 0x00007fda40011800 DEOPT PACKING pc=0x00007fda25eadaa4 sp=0x00007fda447fcde0
Event: 0.342 Thread 0x00007fda40011800 DEOPT UNPACKING pc=0x00007fda25786aab sp=0x00007fda447fc3c8 mode 0
Event: 0.342 Thread 0x00007fda40011800 DEOPT PACKING pc=0x00007fda25eadaa4 sp=0x00007fda447fcde0
Event: 0.342 Thread 0x00007fda40011800 DEOPT UNPACKING pc=0x00007fda25786aab sp=0x00007fda447fc3c8 mode 0
Event: 0.342 Thread 0x00007fda40011800 DEOPT PACKING pc=0x00007fda25eadaa4 sp=0x00007fda447fcde0
Event: 0.342 Thread 0x00007fda40011800 DEOPT UNPACKING pc=0x00007fda25786aab sp=0x00007fda447fc3c8 mode 0


Dynamic libraries:
00400000-00401000 r-xp 00000000 00:65 77077150                           /root/oracle/jdk-9.0.4/bin/java
00600000-00601000 rw-p 00000000 00:65 77077150                           /root/oracle/jdk-9.0.4/bin/java
024d2000-024f3000 rw-p 00000000 00:00 0                                  [heap]
3d7c00000-416800000 rw-p 00000000 00:00 0 
416800000-7c0000000 ---p 00000000 00:00 0 
7c0000000-7c0080000 rw-p 00000000 00:00 0 
7c0080000-800000000 ---p 00000000 00:00 0 
7fd8e4000000-7fd8e4021000 rw-p 00000000 00:00 0 
7fd8e4021000-7fd8e8000000 ---p 00000000 00:00 0 
7fd8ec000000-7fd8ec021000 rw-p 00000000 00:00 0 
7fd8ec021000-7fd8f0000000 ---p 00000000 00:00 0 
7fd8f0000000-7fd8f0021000 rw-p 00000000 00:00 0 
7fd8f0021000-7fd8f4000000 ---p 00000000 00:00 0 
7fd8f4000000-7fd8f404b000 rw-p 00000000 00:00 0 
7fd8f404b000-7fd8f8000000 ---p 00000000 00:00 0 
7fd8f8000000-7fd8f8021000 rw-p 00000000 00:00 0 
7fd8f8021000-7fd8fc000000 ---p 00000000 00:00 0 
7fd8fc000000-7fd8fc0a7000 rw-p 00000000 00:00 0 
7fd8fc0a7000-7fd900000000 ---p 00000000 00:00 0 
7fd900000000-7fd900054000 rw-p 00000000 00:00 0 
7fd900054000-7fd904000000 ---p 00000000 00:00 0 
7fd904000000-7fd904143000 rw-p 00000000 00:00 0 
7fd904143000-7fd908000000 ---p 00000000 00:00 0 
7fd908000000-7fd90803e000 rw-p 00000000 00:00 0 
7fd90803e000-7fd90c000000 ---p 00000000 00:00 0 
7fd90c000000-7fd90c2dd000 rw-p 00000000 00:00 0 
7fd90c2dd000-7fd910000000 ---p 00000000 00:00 0 
7fd910000000-7fd91038c000 rw-p 00000000 00:00 0 
7fd91038c000-7fd914000000 ---p 00000000 00:00 0 
7fd914000000-7fd914089000 rw-p 00000000 00:00 0 
7fd914089000-7fd918000000 ---p 00000000 00:00 0 
7fd918000000-7fd9181bd000 rw-p 00000000 00:00 0 
7fd9181bd000-7fd91c000000 ---p 00000000 00:00 0 
7fd91c000000-7fd91c171000 rw-p 00000000 00:00 0 
7fd91c171000-7fd920000000 ---p 00000000 00:00 0 
7fd920000000-7fd920079000 rw-p 00000000 00:00 0 
7fd920079000-7fd924000000 ---p 00000000 00:00 0 
7fd924000000-7fd924021000 rw-p 00000000 00:00 0 
7fd924021000-7fd928000000 ---p 00000000 00:00 0 
7fd928000000-7fd928388000 rw-p 00000000 00:00 0 
7fd928388000-7fd92c000000 ---p 00000000 00:00 0 
7fd92c000000-7fd92c021000 rw-p 00000000 00:00 0 
7fd92c021000-7fd930000000 ---p 00000000 00:00 0 
7fd930000000-7fd930021000 rw-p 00000000 00:00 0 
7fd930021000-7fd934000000 ---p 00000000 00:00 0 
7fd934000000-7fd934021000 rw-p 00000000 00:00 0 
7fd934021000-7fd938000000 ---p 00000000 00:00 0 
7fd938000000-7fd938021000 rw-p 00000000 00:00 0 
7fd938021000-7fd93c000000 ---p 00000000 00:00 0 
7fd93c19a000-7fd93c4c8000 rw-p 00000000 00:00 0 
7fd93c4c8000-7fd93c4c9000 ---p 00000000 00:00 0 
7fd93c4c9000-7fd93c5ca000 rw-p 00000000 00:00 0 
7fd93c5ca000-7fd93c5ce000 ---p 00000000 00:00 0 
7fd93c5ce000-7fd93c6cb000 rw-p 00000000 00:00 0 
7fd93c6cb000-7fd93c6cf000 ---p 00000000 00:00 0 
7fd93c6cf000-7fd93c7cc000 rw-p 00000000 00:00 0 
7fd93c7cc000-7fd93c7e2000 r-xp 00000000 00:65 77077477                   /root/oracle/jdk-9.0.4/lib/libnet.so
7fd93c7e2000-7fd93c9e2000 ---p 00016000 00:65 77077477                   /root/oracle/jdk-9.0.4/lib/libnet.so
7fd93c9e2000-7fd93c9e3000 rw-p 00016000 00:65 77077477                   /root/oracle/jdk-9.0.4/lib/libnet.so
7fd93c9e3000-7fd93c9f3000 r-xp 00000000 00:65 77077594                   /root/oracle/jdk-9.0.4/lib/libnio.so
7fd93c9f3000-7fd93cbf3000 ---p 00010000 00:65 77077594                   /root/oracle/jdk-9.0.4/lib/libnio.so
7fd93cbf3000-7fd93cbf4000 rw-p 00010000 00:65 77077594                   /root/oracle/jdk-9.0.4/lib/libnio.so
7fd93cbf4000-7fd93cbf8000 ---p 00000000 00:00 0 
7fd93cbf8000-7fd93ccf5000 rw-p 00000000 00:00 0 
7fd93ccf5000-7fd93ccf9000 ---p 00000000 00:00 0 
7fd93ccf9000-7fd93cdf6000 rw-p 00000000 00:00 0 
7fd93cdf6000-7fd93cdfa000 ---p 00000000 00:00 0 
7fd93cdfa000-7fd93cef7000 rw-p 00000000 00:00 0 
7fd93cef7000-7fd93cefb000 ---p 00000000 00:00 0 
7fd93cefb000-7fd93cff8000 rw-p 00000000 00:00 0 
7fd93cff8000-7fd93cffc000 ---p 00000000 00:00 0 
7fd93cffc000-7fd93d0f9000 rw-p 00000000 00:00 0 
7fd93d0f9000-7fd93d0fd000 ---p 00000000 00:00 0 
7fd93d0fd000-7fd93d1fa000 rw-p 00000000 00:00 0 
7fd93d1fa000-7fd93d1fe000 ---p 00000000 00:00 0 
7fd93d1fe000-7fd93d2fb000 rw-p 00000000 00:00 0 
7fd93d2fb000-7fd93d2ff000 ---p 00000000 00:00 0 
7fd93d2ff000-7fd93d3fc000 rw-p 00000000 00:00 0 
7fd93d3fc000-7fd93d400000 ---p 00000000 00:00 0 
7fd93d400000-7fd93d4fd000 rw-p 00000000 00:00 0 
7fd93d4fd000-7fd93d501000 ---p 00000000 00:00 0 
7fd93d501000-7fd93d5fe000 rw-p 00000000 00:00 0 
7fd93d5fe000-7fd93d602000 ---p 00000000 00:00 0 
7fd93d602000-7fd93d6ff000 rw-p 00000000 00:00 0 
7fd93d6ff000-7fd93d703000 ---p 00000000 00:00 0 
7fd93d703000-7fd93dc40000 rw-p 00000000 00:00 0 
7fd93dc40000-7fd93e000000 ---p 00000000 00:00 0 
7fd93e000000-7fd940000000 rwxp 00000000 00:00 0 
7fd940000000-7fd940021000 rw-p 00000000 00:00 0 
7fd940021000-7fd944000000 ---p 00000000 00:00 0 
7fd944000000-7fd944021000 rw-p 00000000 00:00 0 
7fd944021000-7fd948000000 ---p 00000000 00:00 0 
7fd948000000-7fd948021000 rw-p 00000000 00:00 0 
7fd948021000-7fd94c000000 ---p 00000000 00:00 0 
7fd94c000000-7fd94c021000 rw-p 00000000 00:00 0 
7fd94c021000-7fd950000000 ---p 00000000 00:00 0 
7fd950000000-7fd950021000 rw-p 00000000 00:00 0 
7fd950021000-7fd954000000 ---p 00000000 00:00 0 
7fd9540f9000-7fd9540fd000 ---p 00000000 00:00 0 
7fd9540fd000-7fd9541fa000 rw-p 00000000 00:00 0 
7fd9541fa000-7fd9541fe000 ---p 00000000 00:00 0 
7fd9541fe000-7fd9542fb000 rw-p 00000000 00:00 0 
7fd9542fb000-7fd9542ff000 ---p 00000000 00:00 0 
7fd9542ff000-7fd9543fc000 rw-p 00000000 00:00 0 
7fd9543fc000-7fd954400000 ---p 00000000 00:00 0 
7fd954400000-7fd9544fd000 rw-p 00000000 00:00 0 
7fd9544fd000-7fd9544fe000 ---p 00000000 00:00 0 
7fd9544fe000-7fd955e88000 rw-p 00000000 00:00 0 
7fd955e88000-7fd9648e8000 ---p 00000000 00:00 0 
7fd9648e8000-7fd965898000 rw-p 00000000 00:00 0 
7fd965898000-7fd9742f8000 ---p 00000000 00:00 0 
7fd9742f8000-7fd9744ee000 rw-p 00000000 00:00 0 
7fd9744ee000-7fd97623a000 ---p 00000000 00:00 0 
7fd97623a000-7fd976430000 rw-p 00000000 00:00 0 
7fd976430000-7fd97a0be000 ---p 00000000 00:00 0 
7fd97a0be000-7fd97a2b4000 rw-p 00000000 00:00 0 
7fd97a2b4000-7fd97c000000 ---p 00000000 00:00 0 
7fd97c000000-7fd97c021000 rw-p 00000000 00:00 0 
7fd97c021000-7fd980000000 ---p 00000000 00:00 0 
7fd980000000-7fd980021000 rw-p 00000000 00:00 0 
7fd980021000-7fd984000000 ---p 00000000 00:00 0 
7fd984000000-7fd984021000 rw-p 00000000 00:00 0 
7fd984021000-7fd988000000 ---p 00000000 00:00 0 
7fd988000000-7fd988021000 rw-p 00000000 00:00 0 
7fd988021000-7fd98c000000 ---p 00000000 00:00 0 
7fd98c000000-7fd98c021000 rw-p 00000000 00:00 0 
7fd98c021000-7fd990000000 ---p 00000000 00:00 0 
7fd990000000-7fd990021000 rw-p 00000000 00:00 0 
7fd990021000-7fd994000000 ---p 00000000 00:00 0 
7fd994000000-7fd994021000 rw-p 00000000 00:00 0 
7fd994021000-7fd998000000 ---p 00000000 00:00 0 
7fd998000000-7fd998021000 rw-p 00000000 00:00 0 
7fd998021000-7fd99c000000 ---p 00000000 00:00 0 
7fd99c000000-7fd99c021000 rw-p 00000000 00:00 0 
7fd99c021000-7fd9a0000000 ---p 00000000 00:00 0 
7fd9a0000000-7fd9a0021000 rw-p 00000000 00:00 0 
7fd9a0021000-7fd9a4000000 ---p 00000000 00:00 0 
7fd9a4000000-7fd9a4021000 rw-p 00000000 00:00 0 
7fd9a4021000-7fd9a8000000 ---p 00000000 00:00 0 
7fd9a8000000-7fd9a8021000 rw-p 00000000 00:00 0 
7fd9a8021000-7fd9ac000000 ---p 00000000 00:00 0 
7fd9ac000000-7fd9ac021000 rw-p 00000000 00:00 0 
7fd9ac021000-7fd9b0000000 ---p 00000000 00:00 0 
7fd9b0000000-7fd9b0021000 rw-p 00000000 00:00 0 
7fd9b0021000-7fd9b4000000 ---p 00000000 00:00 0 
7fd9b4000000-7fd9b4021000 rw-p 00000000 00:00 0 
7fd9b4021000-7fd9b8000000 ---p 00000000 00:00 0 
7fd9b8000000-7fd9b8021000 rw-p 00000000 00:00 0 
7fd9b8021000-7fd9bc000000 ---p 00000000 00:00 0 
7fd9bc000000-7fd9bc021000 rw-p 00000000 00:00 0 
7fd9bc021000-7fd9c0000000 ---p 00000000 00:00 0 
7fd9c0000000-7fd9c0021000 rw-p 00000000 00:00 0 
7fd9c0021000-7fd9c4000000 ---p 00000000 00:00 0 
7fd9c4000000-7fd9c4021000 rw-p 00000000 00:00 0 
7fd9c4021000-7fd9c8000000 ---p 00000000 00:00 0 
7fd9c8000000-7fd9c8021000 rw-p 00000000 00:00 0 
7fd9c8021000-7fd9cc000000 ---p 00000000 00:00 0 
7fd9cc000000-7fd9cc021000 rw-p 00000000 00:00 0 
7fd9cc021000-7fd9d0000000 ---p 00000000 00:00 0 
7fd9d0000000-7fd9d0021000 rw-p 00000000 00:00 0 
7fd9d0021000-7fd9d4000000 ---p 00000000 00:00 0 
7fd9d4042000-7fd9d4c4e000 rw-p 00000000 00:00 0 
7fd9d4c4e000-7fd9d4c4f000 ---p 00000000 00:00 0 
7fd9d4c4f000-7fd9d4d50000 rw-p 00000000 00:00 0 
7fd9d4d50000-7fd9d4d51000 ---p 00000000 00:00 0 
7fd9d4d51000-7fd9d4e52000 rw-p 00000000 00:00 0 
7fd9d4e52000-7fd9d4e53000 ---p 00000000 00:00 0 
7fd9d4e53000-7fd9d4f54000 rw-p 00000000 00:00 0 
7fd9d4f54000-7fd9d4f55000 ---p 00000000 00:00 0 
7fd9d4f55000-7fd9d5056000 rw-p 00000000 00:00 0 
7fd9d5056000-7fd9d5057000 ---p 00000000 00:00 0 
7fd9d5057000-7fd9d5158000 rw-p 00000000 00:00 0 
7fd9d5158000-7fd9d5159000 ---p 00000000 00:00 0 
7fd9d5159000-7fd9d57c3000 rw-p 00000000 00:00 0 
7fd9d57c3000-7fd9d57c4000 ---p 00000000 00:00 0 
7fd9d57c4000-7fd9d58c5000 rw-p 00000000 00:00 0 
7fd9d58c5000-7fd9d58c6000 ---p 00000000 00:00 0 
7fd9d58c6000-7fd9d59c7000 rw-p 00000000 00:00 0 
7fd9d59c7000-7fd9d59c8000 ---p 00000000 00:00 0 
7fd9d59c8000-7fd9d5ac9000 rw-p 00000000 00:00 0 
7fd9d5ac9000-7fd9d5aca000 ---p 00000000 00:00 0 
7fd9d5aca000-7fd9d5bcb000 rw-p 00000000 00:00 0 
7fd9d5bcb000-7fd9d5bcc000 ---p 00000000 00:00 0 
7fd9d5bcc000-7fd9d5ccd000 rw-p 00000000 00:00 0 
7fd9d5ccd000-7fd9d5cce000 ---p 00000000 00:00 0 
7fd9d5cce000-7fd9d5dcf000 rw-p 00000000 00:00 0 
7fd9d5dcf000-7fd9d5dd0000 ---p 00000000 00:00 0 
7fd9d5dd0000-7fd9d5ed1000 rw-p 00000000 00:00 0 
7fd9d5ed1000-7fd9d5ed2000 ---p 00000000 00:00 0 
7fd9d5ed2000-7fd9d5fd3000 rw-p 00000000 00:00 0 
7fd9d5fd3000-7fd9d5fd4000 ---p 00000000 00:00 0 
7fd9d5fd4000-7fd9d60d5000 rw-p 00000000 00:00 0 
7fd9d60d5000-7fd9d60d6000 ---p 00000000 00:00 0 
7fd9d60d6000-7fd9d61d7000 rw-p 00000000 00:00 0 
7fd9d61d7000-7fd9d61d8000 ---p 00000000 00:00 0 
7fd9d61d8000-7fd9d62d9000 rw-p 00000000 00:00 0 
7fd9d62d9000-7fd9d62da000 ---p 00000000 00:00 0 
7fd9d62da000-7fd9d63db000 rw-p 00000000 00:00 0 
7fd9d63db000-7fd9d63dc000 ---p 00000000 00:00 0 
7fd9d63dc000-7fd9d64dd000 rw-p 00000000 00:00 0 
7fd9d64dd000-7fd9d64de000 ---p 00000000 00:00 0 
7fd9d64de000-7fd9d65df000 rw-p 00000000 00:00 0 
7fd9d65df000-7fd9d65e0000 ---p 00000000 00:00 0 
7fd9d65e0000-7fd9d66e1000 rw-p 00000000 00:00 0 
7fd9d66e1000-7fd9d66e2000 ---p 00000000 00:00 0 
7fd9d66e2000-7fd9d67e3000 rw-p 00000000 00:00 0 
7fd9d67e3000-7fd9d67e4000 ---p 00000000 00:00 0 
7fd9d67e4000-7fd9d68e5000 rw-p 00000000 00:00 0 
7fd9d68e5000-7fd9d68e6000 ---p 00000000 00:00 0 
7fd9d68e6000-7fd9d69e7000 rw-p 00000000 00:00 0 
7fd9d69e7000-7fd9d69e8000 ---p 00000000 00:00 0 
7fd9d69e8000-7fd9d6ae9000 rw-p 00000000 00:00 0 
7fd9d6ae9000-7fd9d6aea000 ---p 00000000 00:00 0 
7fd9d6aea000-7fd9d6beb000 rw-p 00000000 00:00 0 
7fd9d6beb000-7fd9d6bec000 ---p 00000000 00:00 0 
7fd9d6bec000-7fd9d8000000 rw-p 00000000 00:00 0 
7fd9d8000000-7fd9d8021000 rw-p 00000000 00:00 0 
7fd9d8021000-7fd9dc000000 ---p 00000000 00:00 0 
7fd9dc000000-7fd9dc021000 rw-p 00000000 00:00 0 
7fd9dc021000-7fd9e0000000 ---p 00000000 00:00 0 
7fd9e0000000-7fd9e0021000 rw-p 00000000 00:00 0 
7fd9e0021000-7fd9e4000000 ---p 00000000 00:00 0 
7fd9e4000000-7fd9e4021000 rw-p 00000000 00:00 0 
7fd9e4021000-7fd9e8000000 ---p 00000000 00:00 0 
7fd9e8000000-7fd9e8021000 rw-p 00000000 00:00 0 
7fd9e8021000-7fd9ec000000 ---p 00000000 00:00 0 
7fd9ec000000-7fd9ec021000 rw-p 00000000 00:00 0 
7fd9ec021000-7fd9f0000000 ---p 00000000 00:00 0 
7fd9f0000000-7fd9f0021000 rw-p 00000000 00:00 0 
7fd9f0021000-7fd9f4000000 ---p 00000000 00:00 0 
7fd9f4000000-7fd9f4021000 rw-p 00000000 00:00 0 
7fd9f4021000-7fd9f8000000 ---p 00000000 00:00 0 
7fd9f8000000-7fd9f8021000 rw-p 00000000 00:00 0 
7fd9f8021000-7fd9fc000000 ---p 00000000 00:00 0 
7fd9fc000000-7fd9fc021000 rw-p 00000000 00:00 0 
7fd9fc021000-7fda00000000 ---p 00000000 00:00 0 
7fda00000000-7fda00021000 rw-p 00000000 00:00 0 
7fda00021000-7fda04000000 ---p 00000000 00:00 0 
7fda04000000-7fda04021000 rw-p 00000000 00:00 0 
7fda04021000-7fda08000000 ---p 00000000 00:00 0 
7fda08000000-7fda08021000 rw-p 00000000 00:00 0 
7fda08021000-7fda0c000000 ---p 00000000 00:00 0 
7fda0c000000-7fda0c021000 rw-p 00000000 00:00 0 
7fda0c021000-7fda10000000 ---p 00000000 00:00 0 
7fda10000000-7fda10021000 rw-p 00000000 00:00 0 
7fda10021000-7fda14000000 ---p 00000000 00:00 0 
7fda14000000-7fda14021000 rw-p 00000000 00:00 0 
7fda14021000-7fda18000000 ---p 00000000 00:00 0 
7fda18000000-7fda18021000 rw-p 00000000 00:00 0 
7fda18021000-7fda1c000000 ---p 00000000 00:00 0 
7fda1c000000-7fda1c021000 rw-p 00000000 00:00 0 
7fda1c021000-7fda20000000 ---p 00000000 00:00 0 
7fda20000000-7fda20021000 rw-p 00000000 00:00 0 
7fda20021000-7fda24000000 ---p 00000000 00:00 0 
7fda2400d000-7fda2413f000 rw-p 00000000 00:00 0 
7fda2413f000-7fda24140000 ---p 00000000 00:00 0 
7fda24140000-7fda24241000 rw-p 00000000 00:00 0 
7fda24241000-7fda24242000 ---p 00000000 00:00 0 
7fda24242000-7fda24343000 rw-p 00000000 00:00 0 
7fda24343000-7fda24344000 ---p 00000000 00:00 0 
7fda24344000-7fda24445000 rw-p 00000000 00:00 0 
7fda24445000-7fda24446000 ---p 00000000 00:00 0 
7fda24446000-7fda24547000 rw-p 00000000 00:00 0 
7fda24547000-7fda24548000 ---p 00000000 00:00 0 
7fda24548000-7fda24649000 rw-p 00000000 00:00 0 
7fda24649000-7fda2464a000 ---p 00000000 00:00 0 
7fda2464a000-7fda2474b000 rw-p 00000000 00:00 0 
7fda2474b000-7fda2474c000 ---p 00000000 00:00 0 
7fda2474c000-7fda2484d000 rw-p 00000000 00:00 0 
7fda2484d000-7fda2484e000 ---p 00000000 00:00 0 
7fda2484e000-7fda2494f000 rw-p 00000000 00:00 0 
7fda2494f000-7fda24950000 ---p 00000000 00:00 0 
7fda24950000-7fda24a51000 rw-p 00000000 00:00 0 
7fda24a51000-7fda24a52000 ---p 00000000 00:00 0 
7fda24a52000-7fda24b53000 rw-p 00000000 00:00 0 
7fda24b53000-7fda24b54000 ---p 00000000 00:00 0 
7fda24b54000-7fda24c55000 rw-p 00000000 00:00 0 
7fda24c55000-7fda24c56000 ---p 00000000 00:00 0 
7fda24c56000-7fda24d57000 rw-p 00000000 00:00 0 
7fda24d57000-7fda24d58000 ---p 00000000 00:00 0 
7fda24d58000-7fda24e59000 rw-p 00000000 00:00 0 
7fda24e59000-7fda24e5a000 ---p 00000000 00:00 0 
7fda24e5a000-7fda24f5b000 rw-p 00000000 00:00 0 
7fda24f5b000-7fda24f5c000 ---p 00000000 00:00 0 
7fda24f5c000-7fda2505d000 rw-p 00000000 00:00 0 
7fda2505d000-7fda2505e000 ---p 00000000 00:00 0 
7fda2505e000-7fda2515f000 rw-p 00000000 00:00 0 
7fda2515f000-7fda25160000 ---p 00000000 00:00 0 
7fda25160000-7fda25261000 rw-p 00000000 00:00 0 
7fda25261000-7fda25262000 ---p 00000000 00:00 0 
7fda25262000-7fda25363000 rw-p 00000000 00:00 0 
7fda25363000-7fda25364000 ---p 00000000 00:00 0 
7fda25364000-7fda25465000 rw-p 00000000 00:00 0 
7fda25465000-7fda25466000 ---p 00000000 00:00 0 
7fda25466000-7fda2556c000 rw-p 00000000 00:00 0 
7fda2556c000-7fda25650000 ---p 00000000 00:00 0 
7fda25650000-7fda25655000 rw-p 00000000 00:00 0 
7fda25655000-7fda25739000 ---p 00000000 00:00 0 
7fda25739000-7fda25a09000 rwxp 00000000 00:00 0 
7fda25a09000-7fda25e77000 ---p 00000000 00:00 0 
7fda25e77000-7fda260e7000 rwxp 00000000 00:00 0 
7fda260e7000-7fda2d2d8000 ---p 00000000 00:00 0 
7fda2d2d8000-7fda2d548000 rwxp 00000000 00:00 0 
7fda2d548000-7fda34739000 ---p 00000000 00:00 0 
7fda34739000-7fda34916000 r--s 03e31000 00:65 101727669                  /usr/local/java/jdk1.8.0_301/jre/lib/rt.jar
7fda34916000-7fda3fdd3000 r--s 00000000 00:65 77077560                   /root/oracle/jdk-9.0.4/lib/modules
7fda3fdd3000-7fda3fded000 r-xp 00000000 00:65 77077435                   /root/oracle/jdk-9.0.4/lib/libjimage.so
7fda3fded000-7fda3ffec000 ---p 0001a000 00:65 77077435                   /root/oracle/jdk-9.0.4/lib/libjimage.so
7fda3ffec000-7fda3ffee000 rw-p 00019000 00:65 77077435                   /root/oracle/jdk-9.0.4/lib/libjimage.so
7fda3ffee000-7fda40000000 rw-p 00000000 00:00 0 
7fda40000000-7fda4042d000 rw-p 00000000 00:00 0 
7fda4042d000-7fda44000000 ---p 00000000 00:00 0 
7fda4400e000-7fda4403c000 rw-p 00000000 00:00 0 
7fda4403c000-7fda44045000 ---p 00000000 00:00 0 
7fda44045000-7fda44095000 rw-p 00000000 00:00 0 
7fda44095000-7fda4409c000 r-xp 00000000 00:65 77083131                   /root/oracle/jdk-9.0.4/lib/libzip.so
7fda4409c000-7fda4429b000 ---p 00007000 00:65 77083131                   /root/oracle/jdk-9.0.4/lib/libzip.so
7fda4429b000-7fda4429c000 rw-p 00006000 00:65 77083131                   /root/oracle/jdk-9.0.4/lib/libzip.so
7fda4429c000-7fda4429f000 r--p 00000000 00:65 165034530                  /usr/lib/x86_64-linux-gnu/libnss_files-2.31.so
7fda4429f000-7fda442a6000 r-xp 00003000 00:65 165034530                  /usr/lib/x86_64-linux-gnu/libnss_files-2.31.so
7fda442a6000-7fda442a8000 r--p 0000a000 00:65 165034530                  /usr/lib/x86_64-linux-gnu/libnss_files-2.31.so
7fda442a8000-7fda442a9000 r--p 0000b000 00:65 165034530                  /usr/lib/x86_64-linux-gnu/libnss_files-2.31.so
7fda442a9000-7fda442aa000 rw-p 0000c000 00:65 165034530                  /usr/lib/x86_64-linux-gnu/libnss_files-2.31.so
7fda442aa000-7fda442b0000 rw-p 00000000 00:00 0 
7fda442b8000-7fda442b9000 rw-p 00000000 00:00 0 
7fda442b9000-7fda442e4000 r-xp 00000000 00:65 77077470                   /root/oracle/jdk-9.0.4/lib/libjava.so
7fda442e4000-7fda444e3000 ---p 0002b000 00:65 77077470                   /root/oracle/jdk-9.0.4/lib/libjava.so
7fda444e3000-7fda444e5000 rw-p 0002a000 00:65 77077470                   /root/oracle/jdk-9.0.4/lib/libjava.so
7fda444e5000-7fda444f2000 r-xp 00000000 00:65 77077494                   /root/oracle/jdk-9.0.4/lib/libverify.so
7fda444f2000-7fda446f1000 ---p 0000d000 00:65 77077494                   /root/oracle/jdk-9.0.4/lib/libverify.so
7fda446f1000-7fda446f3000 rw-p 0000c000 00:65 77077494                   /root/oracle/jdk-9.0.4/lib/libverify.so
7fda446f3000-7fda446f6000 r--p 00000000 00:65 165034636                  /usr/lib/x86_64-linux-gnu/librt-2.31.so
7fda446f6000-7fda446fa000 r-xp 00003000 00:65 165034636                  /usr/lib/x86_64-linux-gnu/librt-2.31.so
7fda446fa000-7fda446fb000 r--p 00007000 00:65 165034636                  /usr/lib/x86_64-linux-gnu/librt-2.31.so
7fda446fb000-7fda446fc000 ---p 00008000 00:65 165034636                  /usr/lib/x86_64-linux-gnu/librt-2.31.so
7fda446fc000-7fda446fd000 r--p 00008000 00:65 165034636                  /usr/lib/x86_64-linux-gnu/librt-2.31.so
7fda446fd000-7fda446fe000 rw-p 00009000 00:65 165034636                  /usr/lib/x86_64-linux-gnu/librt-2.31.so
7fda446fe000-7fda446ff000 ---p 00000000 00:00 0 
7fda446ff000-7fda44700000 rw-p 00000000 00:00 0 
7fda44700000-7fda44704000 ---p 00000000 00:00 0 
7fda44704000-7fda447ff000 rw-p 00000000 00:00 0 
7fda447ff000-7fda4480e000 r--p 00000000 00:65 165034468                  /usr/lib/x86_64-linux-gnu/libm-2.31.so
7fda4480e000-7fda448b5000 r-xp 0000f000 00:65 165034468                  /usr/lib/x86_64-linux-gnu/libm-2.31.so
7fda448b5000-7fda4494c000 r--p 000b6000 00:65 165034468                  /usr/lib/x86_64-linux-gnu/libm-2.31.so
7fda4494c000-7fda4494d000 r--p 0014c000 00:65 165034468                  /usr/lib/x86_64-linux-gnu/libm-2.31.so
7fda4494d000-7fda4494e000 rw-p 0014d000 00:65 165034468                  /usr/lib/x86_64-linux-gnu/libm-2.31.so
7fda4494e000-7fda45963000 r-xp 00000000 00:65 77083135                   /root/oracle/jdk-9.0.4/lib/server/libjvm.so
7fda45963000-7fda45b62000 ---p 01015000 00:65 77083135                   /root/oracle/jdk-9.0.4/lib/server/libjvm.so
7fda45b62000-7fda45c33000 r--p 01014000 00:65 77083135                   /root/oracle/jdk-9.0.4/lib/server/libjvm.so
7fda45c33000-7fda45c6a000 rw-p 010e5000 00:65 77083135                   /root/oracle/jdk-9.0.4/lib/server/libjvm.so
7fda45c6a000-7fda45cd5000 rw-p 00000000 00:00 0 
7fda45cd5000-7fda45cfa000 r--p 00000000 00:65 165034165                  /usr/lib/x86_64-linux-gnu/libc-2.31.so
7fda45cfa000-7fda45e72000 r-xp 00025000 00:65 165034165                  /usr/lib/x86_64-linux-gnu/libc-2.31.so
7fda45e72000-7fda45ebc000 r--p 0019d000 00:65 165034165                  /usr/lib/x86_64-linux-gnu/libc-2.31.so
7fda45ebc000-7fda45ebd000 ---p 001e7000 00:65 165034165                  /usr/lib/x86_64-linux-gnu/libc-2.31.so
7fda45ebd000-7fda45ec0000 r--p 001e7000 00:65 165034165                  /usr/lib/x86_64-linux-gnu/libc-2.31.so
7fda45ec0000-7fda45ec3000 rw-p 001ea000 00:65 165034165                  /usr/lib/x86_64-linux-gnu/libc-2.31.so
7fda45ec3000-7fda45ec7000 rw-p 00000000 00:00 0 
7fda45ec7000-7fda45ec8000 r--p 00000000 00:65 165034236                  /usr/lib/x86_64-linux-gnu/libdl-2.31.so
7fda45ec8000-7fda45eca000 r-xp 00001000 00:65 165034236                  /usr/lib/x86_64-linux-gnu/libdl-2.31.so
7fda45eca000-7fda45ecb000 r--p 00003000 00:65 165034236                  /usr/lib/x86_64-linux-gnu/libdl-2.31.so
7fda45ecb000-7fda45ecc000 r--p 00003000 00:65 165034236                  /usr/lib/x86_64-linux-gnu/libdl-2.31.so
7fda45ecc000-7fda45ecd000 rw-p 00004000 00:65 165034236                  /usr/lib/x86_64-linux-gnu/libdl-2.31.so
7fda45ecd000-7fda45edb000 r-xp 00000000 00:65 77083142                   /root/oracle/jdk-9.0.4/lib/jli/libjli.so
7fda45edb000-7fda460db000 ---p 0000e000 00:65 77083142                   /root/oracle/jdk-9.0.4/lib/jli/libjli.so
7fda460db000-7fda460dc000 rw-p 0000e000 00:65 77083142                   /root/oracle/jdk-9.0.4/lib/jli/libjli.so
7fda460dc000-7fda460e3000 r--p 00000000 00:65 165034610                  /usr/lib/x86_64-linux-gnu/libpthread-2.31.so
7fda460e3000-7fda460f4000 r-xp 00007000 00:65 165034610                  /usr/lib/x86_64-linux-gnu/libpthread-2.31.so
7fda460f4000-7fda460f9000 r--p 00018000 00:65 165034610                  /usr/lib/x86_64-linux-gnu/libpthread-2.31.so
7fda460f9000-7fda460fa000 r--p 0001c000 00:65 165034610                  /usr/lib/x86_64-linux-gnu/libpthread-2.31.so
7fda460fa000-7fda460fb000 rw-p 0001d000 00:65 165034610                  /usr/lib/x86_64-linux-gnu/libpthread-2.31.so
7fda460fb000-7fda460ff000 rw-p 00000000 00:00 0 
7fda460ff000-7fda46101000 r--p 00000000 00:65 165034796                  /usr/lib/x86_64-linux-gnu/libz.so.1.2.11
7fda46101000-7fda46112000 r-xp 00002000 00:65 165034796                  /usr/lib/x86_64-linux-gnu/libz.so.1.2.11
7fda46112000-7fda46118000 r--p 00013000 00:65 165034796                  /usr/lib/x86_64-linux-gnu/libz.so.1.2.11
7fda46118000-7fda46119000 ---p 00019000 00:65 165034796                  /usr/lib/x86_64-linux-gnu/libz.so.1.2.11
7fda46119000-7fda4611a000 r--p 00019000 00:65 165034796                  /usr/lib/x86_64-linux-gnu/libz.so.1.2.11
7fda4611a000-7fda4611b000 rw-p 0001a000 00:65 165034796                  /usr/lib/x86_64-linux-gnu/libz.so.1.2.11
7fda4611b000-7fda46123000 rw-s 00000000 00:65 71965686                   /tmp/hsperfdata_root/22904
7fda46123000-7fda46126000 rw-p 00000000 00:00 0 
7fda46126000-7fda46127000 r--p 00000000 00:65 165033992                  /usr/lib/x86_64-linux-gnu/ld-2.31.so
7fda46127000-7fda4614a000 r-xp 00001000 00:65 165033992                  /usr/lib/x86_64-linux-gnu/ld-2.31.so
7fda4614a000-7fda46152000 r--p 00024000 00:65 165033992                  /usr/lib/x86_64-linux-gnu/ld-2.31.so
7fda46152000-7fda46153000 r--p 00000000 00:00 0 
7fda46153000-7fda46154000 r--p 0002c000 00:65 165033992                  /usr/lib/x86_64-linux-gnu/ld-2.31.so
7fda46154000-7fda46155000 rw-p 0002d000 00:65 165033992                  /usr/lib/x86_64-linux-gnu/ld-2.31.so
7fda46155000-7fda46156000 rw-p 00000000 00:00 0 
7fff89417000-7fff89438000 rw-p 00000000 00:00 0                          [stack]
7fff8956a000-7fff8956d000 r--p 00000000 00:00 0                          [vvar]
7fff8956d000-7fff8956e000 r-xp 00000000 00:00 0                          [vdso]
ffffffffff600000-ffffffffff601000 --xp 00000000 00:00 0                  [vsyscall]

VM Arguments:
jvm_args: -Xbootclasspath/a:/usr/local/java/jdk1.8.0_301/jre/lib/rt.jar -Xverify:none 
java_command: org.eclipse.core.runtime.adaptor.EclipseStarter -debug
java_class_path (initial): ./sootOutput/eclipse/
Launcher Type: SUN_STANDARD

Logging:
Log output configuration:
#0: stdout all=warning uptime,level,tags
#1: stderr all=off uptime,level,tags

Environment Variables:
JAVA_HOME=/root/oracle/jdk-9.0.4
JRE_HOME=/root/oracle/jdk-9.0.4
CLASSPATH=.:/root/oracle/jdk-9.0.4/lib:/JVMfuzzing/htm/CFSynthesis/resource/commons-lang3-3.12.0/commons-lang3-3.12.0.jar
PATH=/root/oracle/jdk-9.0.4/bin:/root/.vscode-server/bin/da76f93349a72022ca4670c1b84860304616aaa2/bin/remote-cli:/root/oracle/jdk-9.0.4/bin:/usr/local/sbin:/usr/local/bin:/usr/sbin:/usr/bin:/sbin:/bin:/usr/games:/usr/local/games:/snap/bin
SHELL=/bin/bash

Signal Handlers:
SIGSEGV: [libjvm.so+0xd4d370], sa_mask[0]=11111111011111111101111111111110, sa_flags=SA_RESTART|SA_SIGINFO
SIGBUS: [libjvm.so+0xd4d370], sa_mask[0]=11111111011111111101111111111110, sa_flags=SA_RESTART|SA_SIGINFO
SIGFPE: [libjvm.so+0xd4d370], sa_mask[0]=11111111011111111101111111111110, sa_flags=SA_RESTART|SA_SIGINFO
SIGPIPE: [libjvm.so+0xb64780], sa_mask[0]=11111111011111111101111111111110, sa_flags=SA_RESTART|SA_SIGINFO
SIGXFSZ: [libjvm.so+0xb64780], sa_mask[0]=11111111011111111101111111111110, sa_flags=SA_RESTART|SA_SIGINFO
SIGILL: [libjvm.so+0xd4d370], sa_mask[0]=11111111011111111101111111111110, sa_flags=SA_RESTART|SA_SIGINFO
SIGUSR2: [libjvm.so+0xb64640], sa_mask[0]=00100000000000000000000000000000, sa_flags=SA_RESTART|SA_SIGINFO
SIGHUP: [libjvm.so+0xb64850], sa_mask[0]=11111111011111111101111111111110, sa_flags=SA_RESTART|SA_SIGINFO
SIGINT: [libjvm.so+0xb64850], sa_mask[0]=11111111011111111101111111111110, sa_flags=SA_RESTART|SA_SIGINFO
SIGTERM: [libjvm.so+0xb64850], sa_mask[0]=11111111011111111101111111111110, sa_flags=SA_RESTART|SA_SIGINFO
SIGQUIT: [libjvm.so+0xb64850], sa_mask[0]=11111111011111111101111111111110, sa_flags=SA_RESTART|SA_SIGINFO


---------------  S Y S T E M  ---------------

OS:DISTRIB_ID=Ubuntu
DISTRIB_RELEASE=20.04
DISTRIB_CODENAME=focal
DISTRIB_DESCRIPTION="Ubuntu 20.04.3 LTS"
uname:Linux 5.4.0-124-generic #140~18.04.1-Ubuntu SMP Fri Aug 5 11:43:34 UTC 2022 x86_64
libc:glibc 2.31 NPTL 2.31 
rlimit: STACK 8192k, CORE infinity, NPROC infinity, NOFILE 1048576, AS infinity
load average:39.48 39.77 38.68

/proc/meminfo:
MemTotal:       65549624 kB
MemFree:         9499576 kB
MemAvailable:   36242756 kB
Buffers:         5871936 kB
Cached:          3491740 kB
SwapCached:         8092 kB
Active:         29734544 kB
Inactive:        6260436 kB
Active(anon):   22634432 kB
Inactive(anon):  4018028 kB
Active(file):    7100112 kB
Inactive(file):  2242408 kB
Unevictable:          16 kB
Mlocked:              16 kB
SwapTotal:       2097148 kB
SwapFree:              0 kB
Dirty:             39456 kB
Writeback:             0 kB
AnonPages:      26623672 kB
Mapped:           855920 kB
Shmem:             25608 kB
KReclaimable:   18132584 kB
Slab:           19300932 kB
SReclaimable:   18132584 kB
SUnreclaim:      1168348 kB
KernelStack:       78912 kB
PageTables:       235828 kB
NFS_Unstable:          0 kB
Bounce:                0 kB
WritebackTmp:          0 kB
CommitLimit:    34871960 kB
Committed_AS:   83185780 kB
VmallocTotal:   34359738367 kB
VmallocUsed:      161552 kB
VmallocChunk:          0 kB
Percpu:            32512 kB
HardwareCorrupted:     0 kB
AnonHugePages:         0 kB
ShmemHugePages:        0 kB
ShmemPmdMapped:        0 kB
FileHugePages:         0 kB
FilePmdMapped:         0 kB
CmaTotal:              0 kB
CmaFree:               0 kB
HugePages_Total:       0
HugePages_Free:        0
HugePages_Rsvd:        0
HugePages_Surp:        0
Hugepagesize:       2048 kB
Hugetlb:               0 kB
DirectMap4k:    15497632 kB
DirectMap2M:    51298304 kB
DirectMap1G:           0 kB


CPU:total 28 (initial active 28) (14 cores per cpu, 2 threads per core) family 6 model 85 stepping 4, cmov, cx8, fxsr, mmx, sse, sse2, sse3, ssse3, sse4.1, sse4.2, popcnt, avx, avx2, aes, clmul, erms, rtm, 3dnowpref, lzcnt, ht, tsc, tscinvbit, bmi1, bmi2, adx, fma
CPU Model and flags from /proc/cpuinfo:
model name	: Intel(R) Core(TM) i9-9940X CPU @ 3.30GHz
flags		: fpu vme de pse tsc msr pae mce cx8 apic sep mtrr pge mca cmov pat pse36 clflush dts acpi mmx fxsr sse sse2 ss ht tm pbe syscall nx pdpe1gb rdtscp lm constant_tsc art arch_perfmon pebs bts rep_good nopl xtopology nonstop_tsc cpuid aperfmperf pni pclmulqdq dtes64 monitor ds_cpl vmx est tm2 ssse3 sdbg fma cx16 xtpr pdcm pcid dca sse4_1 sse4_2 x2apic movbe popcnt tsc_deadline_timer aes xsave avx f16c rdrand lahf_lm abm 3dnowprefetch cpuid_fault epb cat_l3 cdp_l3 invpcid_single pti ssbd mba ibrs ibpb stibp tpr_shadow vnmi flexpriority ept vpid ept_ad fsgsbase tsc_adjust bmi1 hle avx2 smep bmi2 erms invpcid rtm cqm mpx rdt_a avx512f avx512dq rdseed adx smap clflushopt clwb intel_pt avx512cd avx512bw avx512vl xsaveopt xsavec xgetbv1 xsaves cqm_llc cqm_occup_llc cqm_mbm_total cqm_mbm_local dtherm ida arat pln pts hwp hwp_act_window hwp_epp hwp_pkg_req md_clear flush_l1d arch_capabilities

Memory: 4k page, physical 65549624k(9499576k free), swap 2097148k(0k free)

vm_info: Java HotSpot(TM) 64-Bit Server VM (9.0.4+11) for linux-amd64 JRE (9.0.4+11), built on Dec 19 2017 18:12:19 by "mach5one" with gcc 4.9.2

END.
