#
# A fatal error has been detected by the Java Runtime Environment:
#
#  SIGSEGV (0xb) at pc=0x00007fcf3f536b2c, pid=21068, tid=21147
#
# JRE version: Java(TM) SE Runtime Environment (9.0+11) (build 9.0.4+11)
# Java VM: Java HotSpot(TM) 64-Bit Server VM (9.0.4+11, mixed mode, tiered, compressed oops, g1 gc, linux-amd64)
# Problematic frame:
# V  [libjvm.so+0x48eb2c]  Canonicalizer::do_If(If*)+0x1c
#
# Core dump will be written. Default location: Core dumps may be processed with "/usr/share/apport/apport -p%p -s%s -c%c -d%d -P%P -u%u -g%g -- %E" (or dumping to /JVMfuzzing/zjy/classming/Fuzzing-Testing-of-JVM-Implementations/core.21068)
#
# If you would like to submit a bug report, please visit:
#   http://bugreport.java.com/bugreport/crash.jsp
#

---------------  S U M M A R Y ------------

Command Line: -Xbootclasspath/a:/usr/local/java/jdk1.8.0_301/jre/lib/rt.jar -Xverify:none org.eclipse.core.runtime.adaptor.EclipseStarter -debug

Host: Intel(R) Core(TM) i9-9940X CPU @ 3.30GHz, 28 cores, 62G, Ubuntu 20.04.3 LTS
Time: Thu Nov  3 09:09:56 2022 UTC elapsed time: 0 seconds (0d 0h 0m 0s)

---------------  T H R E A D  ---------------

Current thread (0x00007fcf382bd800):  JavaThread "C1 CompilerThread9" daemon [_thread_in_native, id=21147, stack(0x00007fce1f6f7000,0x00007fce1f7f8000)]


Current CompileTask:
C1:    560  265 %     3       org.eclipse.core.runtime.adaptor.EclipseStarter::main @ 5165 (6482 bytes)

Stack: [0x00007fce1f6f7000,0x00007fce1f7f8000],  sp=0x00007fce1f7f60c0,  free space=1020k
Native frames: (J=compiled Java code, A=aot compiled Java code, j=interpreted, Vv=VM code, C=native code)
V  [libjvm.so+0x48eb2c]  Canonicalizer::do_If(If*)+0x1c
V  [libjvm.so+0x4a0452]  GraphBuilder::append_with_bci(Instruction*, int)+0x42
V  [libjvm.so+0x4a3526]  GraphBuilder::if_node(Instruction*, Instruction::Condition, Instruction*, ValueStack*)+0x2a6
V  [libjvm.so+0x4b137a]  GraphBuilder::iterate_bytecodes_for_block(int)+0x198a
V  [libjvm.so+0x4b1ad5]  GraphBuilder::iterate_all_blocks(bool)+0x85
V  [libjvm.so+0x4b1ec9]  GraphBuilder::GraphBuilder(Compilation*, IRScope*)+0x389
V  [libjvm.so+0x4b70a8]  IR::IR(Compilation*, ciMethod*, int)+0x1e8
V  [libjvm.so+0x497832]  Compilation::build_hir() [clone .part.93]+0x162
V  [libjvm.so+0x499633]  Compilation::compile_java_method()+0x3c3
V  [libjvm.so+0x4997af]  Compilation::compile_method()+0x12f
V  [libjvm.so+0x499c31]  Compilation::Compilation(AbstractCompiler*, ciEnv*, ciMethod*, int, BufferBlob*, DirectiveSet*)+0x271
V  [libjvm.so+0x49ac1e]  Compiler::compile_method(ciEnv*, ciMethod*, int, DirectiveSet*)+0xae
V  [libjvm.so+0x6125ac]  CompileBroker::invoke_compiler_on_method(CompileTask*)+0x41c
V  [libjvm.so+0x61344b]  CompileBroker::compiler_thread_loop()+0x28b
V  [libjvm.so+0xcef338]  JavaThread::thread_main_inner()+0xd8
V  [libjvm.so+0xb6e132]  thread_native_entry(Thread*)+0xf2
C  [libpthread.so.0+0x9609]  start_thread+0xd9


siginfo: si_signo: 11 (SIGSEGV), si_code: 1 (SEGV_MAPERR), si_addr: 0x0000000000000018

Register to memory mapping:

RAX=0x0000000000000000 is an unknown value
RBX=0x00007fce0c2710e0 is an unknown value
RCX=0x00007fce1f7f6800 is pointing into the stack for thread: 0x00007fcf382bd800
RDX=0x00007fce0c2710e0 is an unknown value
RSP=0x00007fce1f7f60c0 is pointing into the stack for thread: 0x00007fcf382bd800
RBP=0x00007fce1f7f6130 is pointing into the stack for thread: 0x00007fcf382bd800
RSI=0x00007fce0c2710e0 is an unknown value
RDI=0x00007fce1f7f6160 is pointing into the stack for thread: 0x00007fcf382bd800
R8 =0x00007fce0c2707a0 is an unknown value
R9 =0x00007fce0c26f370 is an unknown value
R10=0x00007fcdfc180930 is an unknown value
R11=0x0000000000000000 is an unknown value
R12=0x00007fce0c271180 is an unknown value
R13=0x00007fce1f7f6460 is pointing into the stack for thread: 0x00007fcf382bd800
R14=0x00007fce0c2710e0 is an unknown value
R15=0x00007fce0c271180 is an unknown value


Registers:
RAX=0x0000000000000000, RBX=0x00007fce0c2710e0, RCX=0x00007fce1f7f6800, RDX=0x00007fce0c2710e0
RSP=0x00007fce1f7f60c0, RBP=0x00007fce1f7f6130, RSI=0x00007fce0c2710e0, RDI=0x00007fce1f7f6160
R8 =0x00007fce0c2707a0, R9 =0x00007fce0c26f370, R10=0x00007fcdfc180930, R11=0x0000000000000000
R12=0x00007fce0c271180, R13=0x00007fce1f7f6460, R14=0x00007fce0c2710e0, R15=0x00007fce0c271180
RIP=0x00007fcf3f536b2c, EFLAGS=0x0000000000010206, CSGSFS=0x002b000000000033, ERR=0x0000000000000004
  TRAPNO=0x000000000000000e

Top of Stack: (sp=0x00007fce1f7f60c0)
0x00007fce1f7f60c0:   0000000000000003 0000000000000110
0x00007fce1f7f60d0:   00007fce1f7f6170 00007fcf3f5da675
0x00007fce1f7f60e0:   00007fce1f7f6110 00007fcf3f56369f
0x00007fce1f7f60f0:   000000031f7f6120 00007fce1f7f6160 

Instructions: (pc=0x00007fcf3f536b2c)
0x00007fcf3f536b0c:   ff 90 66 90 55 48 89 e5 41 57 41 56 41 55 41 54
0x00007fcf3f536b1c:   53 48 89 f3 48 83 ec 48 48 8b 46 70 48 89 7d c8
0x00007fcf3f536b2c:   48 8b 78 18 48 8b 07 ff 50 18 84 c0 0f 85 a2 00
0x00007fcf3f536b3c:   00 00 4c 8b 63 70 48 8b 83 80 00 00 00 49 39 c4 


---------------  P R O C E S S  ---------------

Java Threads: ( => current thread )
  0x00007fcf38368800 JavaThread "Service Thread" daemon [_thread_blocked, id=21152, stack(0x00007fce1edca000,0x00007fce1eecb000)]
  0x00007fcf382d1800 JavaThread "Common-Cleaner" daemon [_thread_blocked, id=21151, stack(0x00007fce1eecb000,0x00007fce1efcc000)]
  0x00007fcf382c3000 JavaThread "Sweeper thread" daemon [_thread_blocked, id=21150, stack(0x00007fce1f3f4000,0x00007fce1f4f5000)]
  0x00007fcf382c1000 JavaThread "C1 CompilerThread11" daemon [_thread_blocked, id=21149, stack(0x00007fce1f4f5000,0x00007fce1f5f6000)]
  0x00007fcf382bf800 JavaThread "C1 CompilerThread10" daemon [_thread_blocked, id=21148, stack(0x00007fce1f5f6000,0x00007fce1f6f7000)]
=>0x00007fcf382bd800 JavaThread "C1 CompilerThread9" daemon [_thread_in_native, id=21147, stack(0x00007fce1f6f7000,0x00007fce1f7f8000)]
  0x00007fcf382bb800 JavaThread "C1 CompilerThread8" daemon [_thread_blocked, id=21146, stack(0x00007fce1f7f8000,0x00007fce1f8f9000)]
  0x00007fcf382ba000 JavaThread "C2 CompilerThread7" daemon [_thread_blocked, id=21145, stack(0x00007fce1f8f9000,0x00007fce1f9fa000)]
  0x00007fcf382b8000 JavaThread "C2 CompilerThread6" daemon [_thread_blocked, id=21144, stack(0x00007fce1f9fa000,0x00007fce1fafb000)]
  0x00007fcf382b6800 JavaThread "C2 CompilerThread5" daemon [_thread_blocked, id=21143, stack(0x00007fce1fafb000,0x00007fce1fbfc000)]
  0x00007fcf382b4800 JavaThread "C2 CompilerThread4" daemon [_thread_blocked, id=21142, stack(0x00007fce1fbfc000,0x00007fce1fcfd000)]
  0x00007fcf382b3000 JavaThread "C2 CompilerThread3" daemon [_thread_blocked, id=21141, stack(0x00007fce1fcfd000,0x00007fce1fdfe000)]
  0x00007fcf382b1000 JavaThread "C2 CompilerThread2" daemon [_thread_blocked, id=21140, stack(0x00007fce1fdfe000,0x00007fce1feff000)]
  0x00007fcf382af000 JavaThread "C2 CompilerThread1" daemon [_thread_blocked, id=21139, stack(0x00007fce1feff000,0x00007fce20000000)]
  0x00007fcf382ad000 JavaThread "C2 CompilerThread0" daemon [_thread_blocked, id=21138, stack(0x00007fce38072000,0x00007fce38173000)]
  0x00007fcf382ab000 JavaThread "Signal Dispatcher" daemon [_thread_blocked, id=21137, stack(0x00007fce38173000,0x00007fce38274000)]
  0x00007fcf38291000 JavaThread "Finalizer" daemon [_thread_blocked, id=21136, stack(0x00007fce38274000,0x00007fce38375000)]
  0x00007fcf38288800 JavaThread "Reference Handler" daemon [_thread_blocked, id=21135, stack(0x00007fce38375000,0x00007fce38476000)]
  0x00007fcf38011800 JavaThread "main" [_thread_in_native, id=21072, stack(0x00007fcf3ee5a000,0x00007fcf3ef59000)]

Other Threads:
  0x00007fcf38281000 VMThread "VM Thread" [stack: 0x00007fce38478000,0x00007fce38578000] [id=21134]
  0x00007fcf3836b000 WatcherThread [stack: 0x00007fce1ecca000,0x00007fce1edca000] [id=21153]
  0x00007fcf38034000 GCTaskThread "GC Thread#0" [stack: 0x00007fcf3e0b4000,0x00007fcf3e1b4000] [id=21073]
  0x00007fcf38035800 GCTaskThread "GC Thread#1" [stack: 0x00007fcf3dfb2000,0x00007fcf3e0b2000] [id=21074]
  0x00007fcf38037000 GCTaskThread "GC Thread#2" [stack: 0x00007fcf3deb0000,0x00007fcf3dfb0000] [id=21076]
  0x00007fcf38039000 GCTaskThread "GC Thread#3" [stack: 0x00007fcf3ddae000,0x00007fcf3deae000] [id=21077]
  0x00007fcf3803a800 GCTaskThread "GC Thread#4" [stack: 0x00007fcf3dcac000,0x00007fcf3ddac000] [id=21078]
  0x00007fcf3803c800 GCTaskThread "GC Thread#5" [stack: 0x00007fcf3dbaa000,0x00007fcf3dcaa000] [id=21079]
  0x00007fcf3803e000 GCTaskThread "GC Thread#6" [stack: 0x00007fcf3daa8000,0x00007fcf3dba8000] [id=21080]
  0x00007fcf3803f800 GCTaskThread "GC Thread#7" [stack: 0x00007fcf3d9a6000,0x00007fcf3daa6000] [id=21089]
  0x00007fcf38041800 GCTaskThread "GC Thread#8" [stack: 0x00007fcf3d8a4000,0x00007fcf3d9a4000] [id=21090]
  0x00007fcf38043000 GCTaskThread "GC Thread#9" [stack: 0x00007fcf3d7a2000,0x00007fcf3d8a2000] [id=21091]
  0x00007fcf38045000 GCTaskThread "GC Thread#10" [stack: 0x00007fcf3d6a0000,0x00007fcf3d7a0000] [id=21092]
  0x00007fcf38046800 GCTaskThread "GC Thread#11" [stack: 0x00007fcf3d59e000,0x00007fcf3d69e000] [id=21093]
  0x00007fcf38048800 GCTaskThread "GC Thread#12" [stack: 0x00007fcf3d49c000,0x00007fcf3d59c000] [id=21095]
  0x00007fcf3804a000 GCTaskThread "GC Thread#13" [stack: 0x00007fcf3d39a000,0x00007fcf3d49a000] [id=21096]
  0x00007fcf3804c000 GCTaskThread "GC Thread#14" [stack: 0x00007fcf3d298000,0x00007fcf3d398000] [id=21097]
  0x00007fcf3804d800 GCTaskThread "GC Thread#15" [stack: 0x00007fcf3d196000,0x00007fcf3d296000] [id=21098]
  0x00007fcf3804f800 GCTaskThread "GC Thread#16" [stack: 0x00007fcf3d094000,0x00007fcf3d194000] [id=21099]
  0x00007fcf38051000 GCTaskThread "GC Thread#17" [stack: 0x00007fcf3cf92000,0x00007fcf3d092000] [id=21100]
  0x00007fcf38052800 GCTaskThread "GC Thread#18" [stack: 0x00007fcf3ce90000,0x00007fcf3cf90000] [id=21101]
  0x00007fcf38054800 GCTaskThread "GC Thread#19" [stack: 0x00007fcf3cd8e000,0x00007fcf3ce8e000] [id=21102]
  0x00007fcf3809f800 ConcurrentGCThread "G1 Main Marker" [stack: 0x00007fce50771000,0x00007fce50871000] [id=21128]
  0x00007fcf380a1000 ConcurrentGCThread "G1 Marker#0" [stack: 0x00007fce5066f000,0x00007fce5076f000] [id=21129]
  0x00007fcf380a3000 ConcurrentGCThread "G1 Marker#1" [stack: 0x00007fce5056d000,0x00007fce5066d000] [id=21130]
  0x00007fcf380a4800 ConcurrentGCThread "G1 Marker#2" [stack: 0x00007fce5046b000,0x00007fce5056b000] [id=21131]
  0x00007fcf380a6800 ConcurrentGCThread "G1 Marker#3" [stack: 0x00007fce50369000,0x00007fce50469000] [id=21132]
  0x00007fcf380a8000 ConcurrentGCThread "G1 Marker#4" [stack: 0x00007fce50267000,0x00007fce50367000] [id=21133]
  0x00007fcf38079000 ConcurrentGCThread "G1 Refine#0" [stack: 0x00007fcf1c016000,0x00007fcf1c116000] [id=21126]
  0x00007fcf38077000 ConcurrentGCThread "G1 Refine#1" [stack: 0x00007fcf1c118000,0x00007fcf1c218000] [id=21125]
  0x00007fcf38075000 ConcurrentGCThread "G1 Refine#2" [stack: 0x00007fcf1c21a000,0x00007fcf1c31a000] [id=21124]
  0x00007fcf38073800 ConcurrentGCThread "G1 Refine#3" [stack: 0x00007fcf1c31c000,0x00007fcf1c41c000] [id=21123]
  0x00007fcf38071800 ConcurrentGCThread "G1 Refine#4" [stack: 0x00007fcf1c41e000,0x00007fcf1c51e000] [id=21122]
  0x00007fcf38070000 ConcurrentGCThread "G1 Refine#5" [stack: 0x00007fcf1c520000,0x00007fcf1c620000] [id=21121]
  0x00007fcf3806e000 ConcurrentGCThread "G1 Refine#6" [stack: 0x00007fcf1c622000,0x00007fcf1c722000] [id=21120]
  0x00007fcf3806c800 ConcurrentGCThread "G1 Refine#7" [stack: 0x00007fcf1c724000,0x00007fcf1c824000] [id=21118]
  0x00007fcf3806a800 ConcurrentGCThread "G1 Refine#8" [stack: 0x00007fcf1c826000,0x00007fcf1c926000] [id=21117]
  0x00007fcf38069000 ConcurrentGCThread "G1 Refine#9" [stack: 0x00007fcf1c928000,0x00007fcf1ca28000] [id=21116]
  0x00007fcf38067000 ConcurrentGCThread "G1 Refine#10" [stack: 0x00007fcf1ca2a000,0x00007fcf1cb2a000] [id=21115]
  0x00007fcf38065000 ConcurrentGCThread "G1 Refine#11" [stack: 0x00007fcf1cb2c000,0x00007fcf1cc2c000] [id=21114]
  0x00007fcf38063800 ConcurrentGCThread "G1 Refine#12" [stack: 0x00007fcf1cc2e000,0x00007fcf1cd2e000] [id=21111]
  0x00007fcf38061800 ConcurrentGCThread "G1 Refine#13" [stack: 0x00007fcf1cd30000,0x00007fcf1ce30000] [id=21110]
  0x00007fcf38060000 ConcurrentGCThread "G1 Refine#14" [stack: 0x00007fcf1ce32000,0x00007fcf1cf32000] [id=21109]
  0x00007fcf3805e000 ConcurrentGCThread "G1 Refine#15" [stack: 0x00007fcf1cf34000,0x00007fcf1d034000] [id=21107]
  0x00007fcf3805c800 ConcurrentGCThread "G1 Refine#16" [stack: 0x00007fcf1d036000,0x00007fcf1d136000] [id=21106]
  0x00007fcf3805a800 ConcurrentGCThread "G1 Refine#17" [stack: 0x00007fcf1d138000,0x00007fcf1d238000] [id=21105]
  0x00007fcf38059000 ConcurrentGCThread "G1 Refine#18" [stack: 0x00007fcf1d23a000,0x00007fcf1d33a000] [id=21104]
  0x00007fcf38057000 ConcurrentGCThread "G1 Refine#19" [stack: 0x00007fcf1d33c000,0x00007fcf1d43c000] [id=21103]
  0x00007fcf3807a800 ConcurrentGCThread "G1 Young RemSet Sampling" [stack: 0x00007fce7ff00000,0x00007fce80000000] [id=21127]

Threads with active compile tasks:
C1 CompilerThread9 265 %     3       org.eclipse.core.runtime.adaptor.EclipseStarter::main @ 5165 (6482 bytes)

VM state:not at safepoint (normal execution)

VM Mutex/Monitor currently owned by a thread: None

Heap address: 0x00000003d7c00000, size: 16004 MB, Compressed Oops mode: Zero based, Oop shift amount: 3
Narrow klass base: 0x0000000000000000, Narrow klass shift: 3
Compressed class space size: 1073741824 Address: 0x00000007c0000000

Heap:
 garbage-first heap   total 1028096K, used 8192K [0x00000003d7c00000, 0x00000003d80007d8, 0x00000007c0000000)
  region size 4096K, 3 young (12288K), 0 survivors (0K)
 Metaspace       used 4327K, capacity 4678K, committed 4864K, reserved 1056768K
  class space    used 355K, capacity 386K, committed 512K, reserved 1048576K
Heap Regions: E=young(eden), S=young(survivor), O=old, HS=humongous(starts), HC=humongous(continues), CS=collection set, F=free, A=archive, TS=gc time stamp, AC=allocation context, TAMS=top-at-mark-start (previous, next)
|   0|0x00000003d7c00000, 0x00000003d7c00000, 0x00000003d8000000|  0%| F|  |TS  0|AC  0|TAMS 0x00000003d7c00000, 0x00000003d7c00000|
|   1|0x00000003d8000000, 0x00000003d8000000, 0x00000003d8400000|  0%| F|  |TS  0|AC  0|TAMS 0x00000003d8000000, 0x00000003d8000000|
|   2|0x00000003d8400000, 0x00000003d8400000, 0x00000003d8800000|  0%| F|  |TS  0|AC  0|TAMS 0x00000003d8400000, 0x00000003d8400000|
|   3|0x00000003d8800000, 0x00000003d8800000, 0x00000003d8c00000|  0%| F|  |TS  0|AC  0|TAMS 0x00000003d8800000, 0x00000003d8800000|
|   4|0x00000003d8c00000, 0x00000003d8c00000, 0x00000003d9000000|  0%| F|  |TS  0|AC  0|TAMS 0x00000003d8c00000, 0x00000003d8c00000|
|   5|0x00000003d9000000, 0x00000003d9000000, 0x00000003d9400000|  0%| F|  |TS  0|AC  0|TAMS 0x00000003d9000000, 0x00000003d9000000|
|   6|0x00000003d9400000, 0x00000003d9400000, 0x00000003d9800000|  0%| F|  |TS  0|AC  0|TAMS 0x00000003d9400000, 0x00000003d9400000|
|   7|0x00000003d9800000, 0x00000003d9800000, 0x00000003d9c00000|  0%| F|  |TS  0|AC  0|TAMS 0x00000003d9800000, 0x00000003d9800000|
|   8|0x00000003d9c00000, 0x00000003d9c00000, 0x00000003da000000|  0%| F|  |TS  0|AC  0|TAMS 0x00000003d9c00000, 0x00000003d9c00000|
|   9|0x00000003da000000, 0x00000003da000000, 0x00000003da400000|  0%| F|  |TS  0|AC  0|TAMS 0x00000003da000000, 0x00000003da000000|
|  10|0x00000003da400000, 0x00000003da400000, 0x00000003da800000|  0%| F|  |TS  0|AC  0|TAMS 0x00000003da400000, 0x00000003da400000|
|  11|0x00000003da800000, 0x00000003da800000, 0x00000003dac00000|  0%| F|  |TS  0|AC  0|TAMS 0x00000003da800000, 0x00000003da800000|
|  12|0x00000003dac00000, 0x00000003dac00000, 0x00000003db000000|  0%| F|  |TS  0|AC  0|TAMS 0x00000003dac00000, 0x00000003dac00000|
|  13|0x00000003db000000, 0x00000003db000000, 0x00000003db400000|  0%| F|  |TS  0|AC  0|TAMS 0x00000003db000000, 0x00000003db000000|
|  14|0x00000003db400000, 0x00000003db400000, 0x00000003db800000|  0%| F|  |TS  0|AC  0|TAMS 0x00000003db400000, 0x00000003db400000|
|  15|0x00000003db800000, 0x00000003db800000, 0x00000003dbc00000|  0%| F|  |TS  0|AC  0|TAMS 0x00000003db800000, 0x00000003db800000|
|  16|0x00000003dbc00000, 0x00000003dbc00000, 0x00000003dc000000|  0%| F|  |TS  0|AC  0|TAMS 0x00000003dbc00000, 0x00000003dbc00000|
|  17|0x00000003dc000000, 0x00000003dc000000, 0x00000003dc400000|  0%| F|  |TS  0|AC  0|TAMS 0x00000003dc000000, 0x00000003dc000000|
|  18|0x00000003dc400000, 0x00000003dc400000, 0x00000003dc800000|  0%| F|  |TS  0|AC  0|TAMS 0x00000003dc400000, 0x00000003dc400000|
|  19|0x00000003dc800000, 0x00000003dc800000, 0x00000003dcc00000|  0%| F|  |TS  0|AC  0|TAMS 0x00000003dc800000, 0x00000003dc800000|
|  20|0x00000003dcc00000, 0x00000003dcc00000, 0x00000003dd000000|  0%| F|  |TS  0|AC  0|TAMS 0x00000003dcc00000, 0x00000003dcc00000|
|  21|0x00000003dd000000, 0x00000003dd000000, 0x00000003dd400000|  0%| F|  |TS  0|AC  0|TAMS 0x00000003dd000000, 0x00000003dd000000|
|  22|0x00000003dd400000, 0x00000003dd400000, 0x00000003dd800000|  0%| F|  |TS  0|AC  0|TAMS 0x00000003dd400000, 0x00000003dd400000|
|  23|0x00000003dd800000, 0x00000003dd800000, 0x00000003ddc00000|  0%| F|  |TS  0|AC  0|TAMS 0x00000003dd800000, 0x00000003dd800000|
|  24|0x00000003ddc00000, 0x00000003ddc00000, 0x00000003de000000|  0%| F|  |TS  0|AC  0|TAMS 0x00000003ddc00000, 0x00000003ddc00000|
|  25|0x00000003de000000, 0x00000003de000000, 0x00000003de400000|  0%| F|  |TS  0|AC  0|TAMS 0x00000003de000000, 0x00000003de000000|
|  26|0x00000003de400000, 0x00000003de400000, 0x00000003de800000|  0%| F|  |TS  0|AC  0|TAMS 0x00000003de400000, 0x00000003de400000|
|  27|0x00000003de800000, 0x00000003de800000, 0x00000003dec00000|  0%| F|  |TS  0|AC  0|TAMS 0x00000003de800000, 0x00000003de800000|
|  28|0x00000003dec00000, 0x00000003dec00000, 0x00000003df000000|  0%| F|  |TS  0|AC  0|TAMS 0x00000003dec00000, 0x00000003dec00000|
|  29|0x00000003df000000, 0x00000003df000000, 0x00000003df400000|  0%| F|  |TS  0|AC  0|TAMS 0x00000003df000000, 0x00000003df000000|
|  30|0x00000003df400000, 0x00000003df400000, 0x00000003df800000|  0%| F|  |TS  0|AC  0|TAMS 0x00000003df400000, 0x00000003df400000|
|  31|0x00000003df800000, 0x00000003df800000, 0x00000003dfc00000|  0%| F|  |TS  0|AC  0|TAMS 0x00000003df800000, 0x00000003df800000|
|  32|0x00000003dfc00000, 0x00000003dfc00000, 0x00000003e0000000|  0%| F|  |TS  0|AC  0|TAMS 0x00000003dfc00000, 0x00000003dfc00000|
|  33|0x00000003e0000000, 0x00000003e0000000, 0x00000003e0400000|  0%| F|  |TS  0|AC  0|TAMS 0x00000003e0000000, 0x00000003e0000000|
|  34|0x00000003e0400000, 0x00000003e0400000, 0x00000003e0800000|  0%| F|  |TS  0|AC  0|TAMS 0x00000003e0400000, 0x00000003e0400000|
|  35|0x00000003e0800000, 0x00000003e0800000, 0x00000003e0c00000|  0%| F|  |TS  0|AC  0|TAMS 0x00000003e0800000, 0x00000003e0800000|
|  36|0x00000003e0c00000, 0x00000003e0c00000, 0x00000003e1000000|  0%| F|  |TS  0|AC  0|TAMS 0x00000003e0c00000, 0x00000003e0c00000|
|  37|0x00000003e1000000, 0x00000003e1000000, 0x00000003e1400000|  0%| F|  |TS  0|AC  0|TAMS 0x00000003e1000000, 0x00000003e1000000|
|  38|0x00000003e1400000, 0x00000003e1400000, 0x00000003e1800000|  0%| F|  |TS  0|AC  0|TAMS 0x00000003e1400000, 0x00000003e1400000|
|  39|0x00000003e1800000, 0x00000003e1800000, 0x00000003e1c00000|  0%| F|  |TS  0|AC  0|TAMS 0x00000003e1800000, 0x00000003e1800000|
|  40|0x00000003e1c00000, 0x00000003e1c00000, 0x00000003e2000000|  0%| F|  |TS  0|AC  0|TAMS 0x00000003e1c00000, 0x00000003e1c00000|
|  41|0x00000003e2000000, 0x00000003e2000000, 0x00000003e2400000|  0%| F|  |TS  0|AC  0|TAMS 0x00000003e2000000, 0x00000003e2000000|
|  42|0x00000003e2400000, 0x00000003e2400000, 0x00000003e2800000|  0%| F|  |TS  0|AC  0|TAMS 0x00000003e2400000, 0x00000003e2400000|
|  43|0x00000003e2800000, 0x00000003e2800000, 0x00000003e2c00000|  0%| F|  |TS  0|AC  0|TAMS 0x00000003e2800000, 0x00000003e2800000|
|  44|0x00000003e2c00000, 0x00000003e2c00000, 0x00000003e3000000|  0%| F|  |TS  0|AC  0|TAMS 0x00000003e2c00000, 0x00000003e2c00000|
|  45|0x00000003e3000000, 0x00000003e3000000, 0x00000003e3400000|  0%| F|  |TS  0|AC  0|TAMS 0x00000003e3000000, 0x00000003e3000000|
|  46|0x00000003e3400000, 0x00000003e3400000, 0x00000003e3800000|  0%| F|  |TS  0|AC  0|TAMS 0x00000003e3400000, 0x00000003e3400000|
|  47|0x00000003e3800000, 0x00000003e3800000, 0x00000003e3c00000|  0%| F|  |TS  0|AC  0|TAMS 0x00000003e3800000, 0x00000003e3800000|
|  48|0x00000003e3c00000, 0x00000003e3c00000, 0x00000003e4000000|  0%| F|  |TS  0|AC  0|TAMS 0x00000003e3c00000, 0x00000003e3c00000|
|  49|0x00000003e4000000, 0x00000003e4000000, 0x00000003e4400000|  0%| F|  |TS  0|AC  0|TAMS 0x00000003e4000000, 0x00000003e4000000|
|  50|0x00000003e4400000, 0x00000003e4400000, 0x00000003e4800000|  0%| F|  |TS  0|AC  0|TAMS 0x00000003e4400000, 0x00000003e4400000|
|  51|0x00000003e4800000, 0x00000003e4800000, 0x00000003e4c00000|  0%| F|  |TS  0|AC  0|TAMS 0x00000003e4800000, 0x00000003e4800000|
|  52|0x00000003e4c00000, 0x00000003e4c00000, 0x00000003e5000000|  0%| F|  |TS  0|AC  0|TAMS 0x00000003e4c00000, 0x00000003e4c00000|
|  53|0x00000003e5000000, 0x00000003e5000000, 0x00000003e5400000|  0%| F|  |TS  0|AC  0|TAMS 0x00000003e5000000, 0x00000003e5000000|
|  54|0x00000003e5400000, 0x00000003e5400000, 0x00000003e5800000|  0%| F|  |TS  0|AC  0|TAMS 0x00000003e5400000, 0x00000003e5400000|
|  55|0x00000003e5800000, 0x00000003e5800000, 0x00000003e5c00000|  0%| F|  |TS  0|AC  0|TAMS 0x00000003e5800000, 0x00000003e5800000|
|  56|0x00000003e5c00000, 0x00000003e5c00000, 0x00000003e6000000|  0%| F|  |TS  0|AC  0|TAMS 0x00000003e5c00000, 0x00000003e5c00000|
|  57|0x00000003e6000000, 0x00000003e6000000, 0x00000003e6400000|  0%| F|  |TS  0|AC  0|TAMS 0x00000003e6000000, 0x00000003e6000000|
|  58|0x00000003e6400000, 0x00000003e6400000, 0x00000003e6800000|  0%| F|  |TS  0|AC  0|TAMS 0x00000003e6400000, 0x00000003e6400000|
|  59|0x00000003e6800000, 0x00000003e6800000, 0x00000003e6c00000|  0%| F|  |TS  0|AC  0|TAMS 0x00000003e6800000, 0x00000003e6800000|
|  60|0x00000003e6c00000, 0x00000003e6c00000, 0x00000003e7000000|  0%| F|  |TS  0|AC  0|TAMS 0x00000003e6c00000, 0x00000003e6c00000|
|  61|0x00000003e7000000, 0x00000003e7000000, 0x00000003e7400000|  0%| F|  |TS  0|AC  0|TAMS 0x00000003e7000000, 0x00000003e7000000|
|  62|0x00000003e7400000, 0x00000003e7400000, 0x00000003e7800000|  0%| F|  |TS  0|AC  0|TAMS 0x00000003e7400000, 0x00000003e7400000|
|  63|0x00000003e7800000, 0x00000003e7800000, 0x00000003e7c00000|  0%| F|  |TS  0|AC  0|TAMS 0x00000003e7800000, 0x00000003e7800000|
|  64|0x00000003e7c00000, 0x00000003e7c00000, 0x00000003e8000000|  0%| F|  |TS  0|AC  0|TAMS 0x00000003e7c00000, 0x00000003e7c00000|
|  65|0x00000003e8000000, 0x00000003e8000000, 0x00000003e8400000|  0%| F|  |TS  0|AC  0|TAMS 0x00000003e8000000, 0x00000003e8000000|
|  66|0x00000003e8400000, 0x00000003e8400000, 0x00000003e8800000|  0%| F|  |TS  0|AC  0|TAMS 0x00000003e8400000, 0x00000003e8400000|
|  67|0x00000003e8800000, 0x00000003e8800000, 0x00000003e8c00000|  0%| F|  |TS  0|AC  0|TAMS 0x00000003e8800000, 0x00000003e8800000|
|  68|0x00000003e8c00000, 0x00000003e8c00000, 0x00000003e9000000|  0%| F|  |TS  0|AC  0|TAMS 0x00000003e8c00000, 0x00000003e8c00000|
|  69|0x00000003e9000000, 0x00000003e9000000, 0x00000003e9400000|  0%| F|  |TS  0|AC  0|TAMS 0x00000003e9000000, 0x00000003e9000000|
|  70|0x00000003e9400000, 0x00000003e9400000, 0x00000003e9800000|  0%| F|  |TS  0|AC  0|TAMS 0x00000003e9400000, 0x00000003e9400000|
|  71|0x00000003e9800000, 0x00000003e9800000, 0x00000003e9c00000|  0%| F|  |TS  0|AC  0|TAMS 0x00000003e9800000, 0x00000003e9800000|
|  72|0x00000003e9c00000, 0x00000003e9c00000, 0x00000003ea000000|  0%| F|  |TS  0|AC  0|TAMS 0x00000003e9c00000, 0x00000003e9c00000|
|  73|0x00000003ea000000, 0x00000003ea000000, 0x00000003ea400000|  0%| F|  |TS  0|AC  0|TAMS 0x00000003ea000000, 0x00000003ea000000|
|  74|0x00000003ea400000, 0x00000003ea400000, 0x00000003ea800000|  0%| F|  |TS  0|AC  0|TAMS 0x00000003ea400000, 0x00000003ea400000|
|  75|0x00000003ea800000, 0x00000003ea800000, 0x00000003eac00000|  0%| F|  |TS  0|AC  0|TAMS 0x00000003ea800000, 0x00000003ea800000|
|  76|0x00000003eac00000, 0x00000003eac00000, 0x00000003eb000000|  0%| F|  |TS  0|AC  0|TAMS 0x00000003eac00000, 0x00000003eac00000|
|  77|0x00000003eb000000, 0x00000003eb000000, 0x00000003eb400000|  0%| F|  |TS  0|AC  0|TAMS 0x00000003eb000000, 0x00000003eb000000|
|  78|0x00000003eb400000, 0x00000003eb400000, 0x00000003eb800000|  0%| F|  |TS  0|AC  0|TAMS 0x00000003eb400000, 0x00000003eb400000|
|  79|0x00000003eb800000, 0x00000003eb800000, 0x00000003ebc00000|  0%| F|  |TS  0|AC  0|TAMS 0x00000003eb800000, 0x00000003eb800000|
|  80|0x00000003ebc00000, 0x00000003ebc00000, 0x00000003ec000000|  0%| F|  |TS  0|AC  0|TAMS 0x00000003ebc00000, 0x00000003ebc00000|
|  81|0x00000003ec000000, 0x00000003ec000000, 0x00000003ec400000|  0%| F|  |TS  0|AC  0|TAMS 0x00000003ec000000, 0x00000003ec000000|
|  82|0x00000003ec400000, 0x00000003ec400000, 0x00000003ec800000|  0%| F|  |TS  0|AC  0|TAMS 0x00000003ec400000, 0x00000003ec400000|
|  83|0x00000003ec800000, 0x00000003ec800000, 0x00000003ecc00000|  0%| F|  |TS  0|AC  0|TAMS 0x00000003ec800000, 0x00000003ec800000|
|  84|0x00000003ecc00000, 0x00000003ecc00000, 0x00000003ed000000|  0%| F|  |TS  0|AC  0|TAMS 0x00000003ecc00000, 0x00000003ecc00000|
|  85|0x00000003ed000000, 0x00000003ed000000, 0x00000003ed400000|  0%| F|  |TS  0|AC  0|TAMS 0x00000003ed000000, 0x00000003ed000000|
|  86|0x00000003ed400000, 0x00000003ed400000, 0x00000003ed800000|  0%| F|  |TS  0|AC  0|TAMS 0x00000003ed400000, 0x00000003ed400000|
|  87|0x00000003ed800000, 0x00000003ed800000, 0x00000003edc00000|  0%| F|  |TS  0|AC  0|TAMS 0x00000003ed800000, 0x00000003ed800000|
|  88|0x00000003edc00000, 0x00000003edc00000, 0x00000003ee000000|  0%| F|  |TS  0|AC  0|TAMS 0x00000003edc00000, 0x00000003edc00000|
|  89|0x00000003ee000000, 0x00000003ee000000, 0x00000003ee400000|  0%| F|  |TS  0|AC  0|TAMS 0x00000003ee000000, 0x00000003ee000000|
|  90|0x00000003ee400000, 0x00000003ee400000, 0x00000003ee800000|  0%| F|  |TS  0|AC  0|TAMS 0x00000003ee400000, 0x00000003ee400000|
|  91|0x00000003ee800000, 0x00000003ee800000, 0x00000003eec00000|  0%| F|  |TS  0|AC  0|TAMS 0x00000003ee800000, 0x00000003ee800000|
|  92|0x00000003eec00000, 0x00000003eec00000, 0x00000003ef000000|  0%| F|  |TS  0|AC  0|TAMS 0x00000003eec00000, 0x00000003eec00000|
|  93|0x00000003ef000000, 0x00000003ef000000, 0x00000003ef400000|  0%| F|  |TS  0|AC  0|TAMS 0x00000003ef000000, 0x00000003ef000000|
|  94|0x00000003ef400000, 0x00000003ef400000, 0x00000003ef800000|  0%| F|  |TS  0|AC  0|TAMS 0x00000003ef400000, 0x00000003ef400000|
|  95|0x00000003ef800000, 0x00000003ef800000, 0x00000003efc00000|  0%| F|  |TS  0|AC  0|TAMS 0x00000003ef800000, 0x00000003ef800000|
|  96|0x00000003efc00000, 0x00000003efc00000, 0x00000003f0000000|  0%| F|  |TS  0|AC  0|TAMS 0x00000003efc00000, 0x00000003efc00000|
|  97|0x00000003f0000000, 0x00000003f0000000, 0x00000003f0400000|  0%| F|  |TS  0|AC  0|TAMS 0x00000003f0000000, 0x00000003f0000000|
|  98|0x00000003f0400000, 0x00000003f0400000, 0x00000003f0800000|  0%| F|  |TS  0|AC  0|TAMS 0x00000003f0400000, 0x00000003f0400000|
|  99|0x00000003f0800000, 0x00000003f0800000, 0x00000003f0c00000|  0%| F|  |TS  0|AC  0|TAMS 0x00000003f0800000, 0x00000003f0800000|
| 100|0x00000003f0c00000, 0x00000003f0c00000, 0x00000003f1000000|  0%| F|  |TS  0|AC  0|TAMS 0x00000003f0c00000, 0x00000003f0c00000|
| 101|0x00000003f1000000, 0x00000003f1000000, 0x00000003f1400000|  0%| F|  |TS  0|AC  0|TAMS 0x00000003f1000000, 0x00000003f1000000|
| 102|0x00000003f1400000, 0x00000003f1400000, 0x00000003f1800000|  0%| F|  |TS  0|AC  0|TAMS 0x00000003f1400000, 0x00000003f1400000|
| 103|0x00000003f1800000, 0x00000003f1800000, 0x00000003f1c00000|  0%| F|  |TS  0|AC  0|TAMS 0x00000003f1800000, 0x00000003f1800000|
| 104|0x00000003f1c00000, 0x00000003f1c00000, 0x00000003f2000000|  0%| F|  |TS  0|AC  0|TAMS 0x00000003f1c00000, 0x00000003f1c00000|
| 105|0x00000003f2000000, 0x00000003f2000000, 0x00000003f2400000|  0%| F|  |TS  0|AC  0|TAMS 0x00000003f2000000, 0x00000003f2000000|
| 106|0x00000003f2400000, 0x00000003f2400000, 0x00000003f2800000|  0%| F|  |TS  0|AC  0|TAMS 0x00000003f2400000, 0x00000003f2400000|
| 107|0x00000003f2800000, 0x00000003f2800000, 0x00000003f2c00000|  0%| F|  |TS  0|AC  0|TAMS 0x00000003f2800000, 0x00000003f2800000|
| 108|0x00000003f2c00000, 0x00000003f2c00000, 0x00000003f3000000|  0%| F|  |TS  0|AC  0|TAMS 0x00000003f2c00000, 0x00000003f2c00000|
| 109|0x00000003f3000000, 0x00000003f3000000, 0x00000003f3400000|  0%| F|  |TS  0|AC  0|TAMS 0x00000003f3000000, 0x00000003f3000000|
| 110|0x00000003f3400000, 0x00000003f3400000, 0x00000003f3800000|  0%| F|  |TS  0|AC  0|TAMS 0x00000003f3400000, 0x00000003f3400000|
| 111|0x00000003f3800000, 0x00000003f3800000, 0x00000003f3c00000|  0%| F|  |TS  0|AC  0|TAMS 0x00000003f3800000, 0x00000003f3800000|
| 112|0x00000003f3c00000, 0x00000003f3c00000, 0x00000003f4000000|  0%| F|  |TS  0|AC  0|TAMS 0x00000003f3c00000, 0x00000003f3c00000|
| 113|0x00000003f4000000, 0x00000003f4000000, 0x00000003f4400000|  0%| F|  |TS  0|AC  0|TAMS 0x00000003f4000000, 0x00000003f4000000|
| 114|0x00000003f4400000, 0x00000003f4400000, 0x00000003f4800000|  0%| F|  |TS  0|AC  0|TAMS 0x00000003f4400000, 0x00000003f4400000|
| 115|0x00000003f4800000, 0x00000003f4800000, 0x00000003f4c00000|  0%| F|  |TS  0|AC  0|TAMS 0x00000003f4800000, 0x00000003f4800000|
| 116|0x00000003f4c00000, 0x00000003f4c00000, 0x00000003f5000000|  0%| F|  |TS  0|AC  0|TAMS 0x00000003f4c00000, 0x00000003f4c00000|
| 117|0x00000003f5000000, 0x00000003f5000000, 0x00000003f5400000|  0%| F|  |TS  0|AC  0|TAMS 0x00000003f5000000, 0x00000003f5000000|
| 118|0x00000003f5400000, 0x00000003f5400000, 0x00000003f5800000|  0%| F|  |TS  0|AC  0|TAMS 0x00000003f5400000, 0x00000003f5400000|
| 119|0x00000003f5800000, 0x00000003f5800000, 0x00000003f5c00000|  0%| F|  |TS  0|AC  0|TAMS 0x00000003f5800000, 0x00000003f5800000|
| 120|0x00000003f5c00000, 0x00000003f5c00000, 0x00000003f6000000|  0%| F|  |TS  0|AC  0|TAMS 0x00000003f5c00000, 0x00000003f5c00000|
| 121|0x00000003f6000000, 0x00000003f6000000, 0x00000003f6400000|  0%| F|  |TS  0|AC  0|TAMS 0x00000003f6000000, 0x00000003f6000000|
| 122|0x00000003f6400000, 0x00000003f6400000, 0x00000003f6800000|  0%| F|  |TS  0|AC  0|TAMS 0x00000003f6400000, 0x00000003f6400000|
| 123|0x00000003f6800000, 0x00000003f6800000, 0x00000003f6c00000|  0%| F|  |TS  0|AC  0|TAMS 0x00000003f6800000, 0x00000003f6800000|
| 124|0x00000003f6c00000, 0x00000003f6c00000, 0x00000003f7000000|  0%| F|  |TS  0|AC  0|TAMS 0x00000003f6c00000, 0x00000003f6c00000|
| 125|0x00000003f7000000, 0x00000003f7000000, 0x00000003f7400000|  0%| F|  |TS  0|AC  0|TAMS 0x00000003f7000000, 0x00000003f7000000|
| 126|0x00000003f7400000, 0x00000003f7400000, 0x00000003f7800000|  0%| F|  |TS  0|AC  0|TAMS 0x00000003f7400000, 0x00000003f7400000|
| 127|0x00000003f7800000, 0x00000003f7800000, 0x00000003f7c00000|  0%| F|  |TS  0|AC  0|TAMS 0x00000003f7800000, 0x00000003f7800000|
| 128|0x00000003f7c00000, 0x00000003f7c00000, 0x00000003f8000000|  0%| F|  |TS  0|AC  0|TAMS 0x00000003f7c00000, 0x00000003f7c00000|
| 129|0x00000003f8000000, 0x00000003f8000000, 0x00000003f8400000|  0%| F|  |TS  0|AC  0|TAMS 0x00000003f8000000, 0x00000003f8000000|
| 130|0x00000003f8400000, 0x00000003f8400000, 0x00000003f8800000|  0%| F|  |TS  0|AC  0|TAMS 0x00000003f8400000, 0x00000003f8400000|
| 131|0x00000003f8800000, 0x00000003f8800000, 0x00000003f8c00000|  0%| F|  |TS  0|AC  0|TAMS 0x00000003f8800000, 0x00000003f8800000|
| 132|0x00000003f8c00000, 0x00000003f8c00000, 0x00000003f9000000|  0%| F|  |TS  0|AC  0|TAMS 0x00000003f8c00000, 0x00000003f8c00000|
| 133|0x00000003f9000000, 0x00000003f9000000, 0x00000003f9400000|  0%| F|  |TS  0|AC  0|TAMS 0x00000003f9000000, 0x00000003f9000000|
| 134|0x00000003f9400000, 0x00000003f9400000, 0x00000003f9800000|  0%| F|  |TS  0|AC  0|TAMS 0x00000003f9400000, 0x00000003f9400000|
| 135|0x00000003f9800000, 0x00000003f9800000, 0x00000003f9c00000|  0%| F|  |TS  0|AC  0|TAMS 0x00000003f9800000, 0x00000003f9800000|
| 136|0x00000003f9c00000, 0x00000003f9c00000, 0x00000003fa000000|  0%| F|  |TS  0|AC  0|TAMS 0x00000003f9c00000, 0x00000003f9c00000|
| 137|0x00000003fa000000, 0x00000003fa000000, 0x00000003fa400000|  0%| F|  |TS  0|AC  0|TAMS 0x00000003fa000000, 0x00000003fa000000|
| 138|0x00000003fa400000, 0x00000003fa400000, 0x00000003fa800000|  0%| F|  |TS  0|AC  0|TAMS 0x00000003fa400000, 0x00000003fa400000|
| 139|0x00000003fa800000, 0x00000003fa800000, 0x00000003fac00000|  0%| F|  |TS  0|AC  0|TAMS 0x00000003fa800000, 0x00000003fa800000|
| 140|0x00000003fac00000, 0x00000003fac00000, 0x00000003fb000000|  0%| F|  |TS  0|AC  0|TAMS 0x00000003fac00000, 0x00000003fac00000|
| 141|0x00000003fb000000, 0x00000003fb000000, 0x00000003fb400000|  0%| F|  |TS  0|AC  0|TAMS 0x00000003fb000000, 0x00000003fb000000|
| 142|0x00000003fb400000, 0x00000003fb400000, 0x00000003fb800000|  0%| F|  |TS  0|AC  0|TAMS 0x00000003fb400000, 0x00000003fb400000|
| 143|0x00000003fb800000, 0x00000003fb800000, 0x00000003fbc00000|  0%| F|  |TS  0|AC  0|TAMS 0x00000003fb800000, 0x00000003fb800000|
| 144|0x00000003fbc00000, 0x00000003fbc00000, 0x00000003fc000000|  0%| F|  |TS  0|AC  0|TAMS 0x00000003fbc00000, 0x00000003fbc00000|
| 145|0x00000003fc000000, 0x00000003fc000000, 0x00000003fc400000|  0%| F|  |TS  0|AC  0|TAMS 0x00000003fc000000, 0x00000003fc000000|
| 146|0x00000003fc400000, 0x00000003fc400000, 0x00000003fc800000|  0%| F|  |TS  0|AC  0|TAMS 0x00000003fc400000, 0x00000003fc400000|
| 147|0x00000003fc800000, 0x00000003fc800000, 0x00000003fcc00000|  0%| F|  |TS  0|AC  0|TAMS 0x00000003fc800000, 0x00000003fc800000|
| 148|0x00000003fcc00000, 0x00000003fcc00000, 0x00000003fd000000|  0%| F|  |TS  0|AC  0|TAMS 0x00000003fcc00000, 0x00000003fcc00000|
| 149|0x00000003fd000000, 0x00000003fd000000, 0x00000003fd400000|  0%| F|  |TS  0|AC  0|TAMS 0x00000003fd000000, 0x00000003fd000000|
| 150|0x00000003fd400000, 0x00000003fd400000, 0x00000003fd800000|  0%| F|  |TS  0|AC  0|TAMS 0x00000003fd400000, 0x00000003fd400000|
| 151|0x00000003fd800000, 0x00000003fd800000, 0x00000003fdc00000|  0%| F|  |TS  0|AC  0|TAMS 0x00000003fd800000, 0x00000003fd800000|
| 152|0x00000003fdc00000, 0x00000003fdc00000, 0x00000003fe000000|  0%| F|  |TS  0|AC  0|TAMS 0x00000003fdc00000, 0x00000003fdc00000|
| 153|0x00000003fe000000, 0x00000003fe000000, 0x00000003fe400000|  0%| F|  |TS  0|AC  0|TAMS 0x00000003fe000000, 0x00000003fe000000|
| 154|0x00000003fe400000, 0x00000003fe400000, 0x00000003fe800000|  0%| F|  |TS  0|AC  0|TAMS 0x00000003fe400000, 0x00000003fe400000|
| 155|0x00000003fe800000, 0x00000003fe800000, 0x00000003fec00000|  0%| F|  |TS  0|AC  0|TAMS 0x00000003fe800000, 0x00000003fe800000|
| 156|0x00000003fec00000, 0x00000003fec00000, 0x00000003ff000000|  0%| F|  |TS  0|AC  0|TAMS 0x00000003fec00000, 0x00000003fec00000|
| 157|0x00000003ff000000, 0x00000003ff000000, 0x00000003ff400000|  0%| F|  |TS  0|AC  0|TAMS 0x00000003ff000000, 0x00000003ff000000|
| 158|0x00000003ff400000, 0x00000003ff400000, 0x00000003ff800000|  0%| F|  |TS  0|AC  0|TAMS 0x00000003ff400000, 0x00000003ff400000|
| 159|0x00000003ff800000, 0x00000003ff800000, 0x00000003ffc00000|  0%| F|  |TS  0|AC  0|TAMS 0x00000003ff800000, 0x00000003ff800000|
| 160|0x00000003ffc00000, 0x00000003ffc00000, 0x0000000400000000|  0%| F|  |TS  0|AC  0|TAMS 0x00000003ffc00000, 0x00000003ffc00000|
| 161|0x0000000400000000, 0x0000000400000000, 0x0000000400400000|  0%| F|  |TS  0|AC  0|TAMS 0x0000000400000000, 0x0000000400000000|
| 162|0x0000000400400000, 0x0000000400400000, 0x0000000400800000|  0%| F|  |TS  0|AC  0|TAMS 0x0000000400400000, 0x0000000400400000|
| 163|0x0000000400800000, 0x0000000400800000, 0x0000000400c00000|  0%| F|  |TS  0|AC  0|TAMS 0x0000000400800000, 0x0000000400800000|
| 164|0x0000000400c00000, 0x0000000400c00000, 0x0000000401000000|  0%| F|  |TS  0|AC  0|TAMS 0x0000000400c00000, 0x0000000400c00000|
| 165|0x0000000401000000, 0x0000000401000000, 0x0000000401400000|  0%| F|  |TS  0|AC  0|TAMS 0x0000000401000000, 0x0000000401000000|
| 166|0x0000000401400000, 0x0000000401400000, 0x0000000401800000|  0%| F|  |TS  0|AC  0|TAMS 0x0000000401400000, 0x0000000401400000|
| 167|0x0000000401800000, 0x0000000401800000, 0x0000000401c00000|  0%| F|  |TS  0|AC  0|TAMS 0x0000000401800000, 0x0000000401800000|
| 168|0x0000000401c00000, 0x0000000401c00000, 0x0000000402000000|  0%| F|  |TS  0|AC  0|TAMS 0x0000000401c00000, 0x0000000401c00000|
| 169|0x0000000402000000, 0x0000000402000000, 0x0000000402400000|  0%| F|  |TS  0|AC  0|TAMS 0x0000000402000000, 0x0000000402000000|
| 170|0x0000000402400000, 0x0000000402400000, 0x0000000402800000|  0%| F|  |TS  0|AC  0|TAMS 0x0000000402400000, 0x0000000402400000|
| 171|0x0000000402800000, 0x0000000402800000, 0x0000000402c00000|  0%| F|  |TS  0|AC  0|TAMS 0x0000000402800000, 0x0000000402800000|
| 172|0x0000000402c00000, 0x0000000402c00000, 0x0000000403000000|  0%| F|  |TS  0|AC  0|TAMS 0x0000000402c00000, 0x0000000402c00000|
| 173|0x0000000403000000, 0x0000000403000000, 0x0000000403400000|  0%| F|  |TS  0|AC  0|TAMS 0x0000000403000000, 0x0000000403000000|
| 174|0x0000000403400000, 0x0000000403400000, 0x0000000403800000|  0%| F|  |TS  0|AC  0|TAMS 0x0000000403400000, 0x0000000403400000|
| 175|0x0000000403800000, 0x0000000403800000, 0x0000000403c00000|  0%| F|  |TS  0|AC  0|TAMS 0x0000000403800000, 0x0000000403800000|
| 176|0x0000000403c00000, 0x0000000403c00000, 0x0000000404000000|  0%| F|  |TS  0|AC  0|TAMS 0x0000000403c00000, 0x0000000403c00000|
| 177|0x0000000404000000, 0x0000000404000000, 0x0000000404400000|  0%| F|  |TS  0|AC  0|TAMS 0x0000000404000000, 0x0000000404000000|
| 178|0x0000000404400000, 0x0000000404400000, 0x0000000404800000|  0%| F|  |TS  0|AC  0|TAMS 0x0000000404400000, 0x0000000404400000|
| 179|0x0000000404800000, 0x0000000404800000, 0x0000000404c00000|  0%| F|  |TS  0|AC  0|TAMS 0x0000000404800000, 0x0000000404800000|
| 180|0x0000000404c00000, 0x0000000404c00000, 0x0000000405000000|  0%| F|  |TS  0|AC  0|TAMS 0x0000000404c00000, 0x0000000404c00000|
| 181|0x0000000405000000, 0x0000000405000000, 0x0000000405400000|  0%| F|  |TS  0|AC  0|TAMS 0x0000000405000000, 0x0000000405000000|
| 182|0x0000000405400000, 0x0000000405400000, 0x0000000405800000|  0%| F|  |TS  0|AC  0|TAMS 0x0000000405400000, 0x0000000405400000|
| 183|0x0000000405800000, 0x0000000405800000, 0x0000000405c00000|  0%| F|  |TS  0|AC  0|TAMS 0x0000000405800000, 0x0000000405800000|
| 184|0x0000000405c00000, 0x0000000405c00000, 0x0000000406000000|  0%| F|  |TS  0|AC  0|TAMS 0x0000000405c00000, 0x0000000405c00000|
| 185|0x0000000406000000, 0x0000000406000000, 0x0000000406400000|  0%| F|  |TS  0|AC  0|TAMS 0x0000000406000000, 0x0000000406000000|
| 186|0x0000000406400000, 0x0000000406400000, 0x0000000406800000|  0%| F|  |TS  0|AC  0|TAMS 0x0000000406400000, 0x0000000406400000|
| 187|0x0000000406800000, 0x0000000406800000, 0x0000000406c00000|  0%| F|  |TS  0|AC  0|TAMS 0x0000000406800000, 0x0000000406800000|
| 188|0x0000000406c00000, 0x0000000406c00000, 0x0000000407000000|  0%| F|  |TS  0|AC  0|TAMS 0x0000000406c00000, 0x0000000406c00000|
| 189|0x0000000407000000, 0x0000000407000000, 0x0000000407400000|  0%| F|  |TS  0|AC  0|TAMS 0x0000000407000000, 0x0000000407000000|
| 190|0x0000000407400000, 0x0000000407400000, 0x0000000407800000|  0%| F|  |TS  0|AC  0|TAMS 0x0000000407400000, 0x0000000407400000|
| 191|0x0000000407800000, 0x0000000407800000, 0x0000000407c00000|  0%| F|  |TS  0|AC  0|TAMS 0x0000000407800000, 0x0000000407800000|
| 192|0x0000000407c00000, 0x0000000407c00000, 0x0000000408000000|  0%| F|  |TS  0|AC  0|TAMS 0x0000000407c00000, 0x0000000407c00000|
| 193|0x0000000408000000, 0x0000000408000000, 0x0000000408400000|  0%| F|  |TS  0|AC  0|TAMS 0x0000000408000000, 0x0000000408000000|
| 194|0x0000000408400000, 0x0000000408400000, 0x0000000408800000|  0%| F|  |TS  0|AC  0|TAMS 0x0000000408400000, 0x0000000408400000|
| 195|0x0000000408800000, 0x0000000408800000, 0x0000000408c00000|  0%| F|  |TS  0|AC  0|TAMS 0x0000000408800000, 0x0000000408800000|
| 196|0x0000000408c00000, 0x0000000408c00000, 0x0000000409000000|  0%| F|  |TS  0|AC  0|TAMS 0x0000000408c00000, 0x0000000408c00000|
| 197|0x0000000409000000, 0x0000000409000000, 0x0000000409400000|  0%| F|  |TS  0|AC  0|TAMS 0x0000000409000000, 0x0000000409000000|
| 198|0x0000000409400000, 0x0000000409400000, 0x0000000409800000|  0%| F|  |TS  0|AC  0|TAMS 0x0000000409400000, 0x0000000409400000|
| 199|0x0000000409800000, 0x0000000409800000, 0x0000000409c00000|  0%| F|  |TS  0|AC  0|TAMS 0x0000000409800000, 0x0000000409800000|
| 200|0x0000000409c00000, 0x0000000409c00000, 0x000000040a000000|  0%| F|  |TS  0|AC  0|TAMS 0x0000000409c00000, 0x0000000409c00000|
| 201|0x000000040a000000, 0x000000040a000000, 0x000000040a400000|  0%| F|  |TS  0|AC  0|TAMS 0x000000040a000000, 0x000000040a000000|
| 202|0x000000040a400000, 0x000000040a400000, 0x000000040a800000|  0%| F|  |TS  0|AC  0|TAMS 0x000000040a400000, 0x000000040a400000|
| 203|0x000000040a800000, 0x000000040a800000, 0x000000040ac00000|  0%| F|  |TS  0|AC  0|TAMS 0x000000040a800000, 0x000000040a800000|
| 204|0x000000040ac00000, 0x000000040ac00000, 0x000000040b000000|  0%| F|  |TS  0|AC  0|TAMS 0x000000040ac00000, 0x000000040ac00000|
| 205|0x000000040b000000, 0x000000040b000000, 0x000000040b400000|  0%| F|  |TS  0|AC  0|TAMS 0x000000040b000000, 0x000000040b000000|
| 206|0x000000040b400000, 0x000000040b400000, 0x000000040b800000|  0%| F|  |TS  0|AC  0|TAMS 0x000000040b400000, 0x000000040b400000|
| 207|0x000000040b800000, 0x000000040b800000, 0x000000040bc00000|  0%| F|  |TS  0|AC  0|TAMS 0x000000040b800000, 0x000000040b800000|
| 208|0x000000040bc00000, 0x000000040bc00000, 0x000000040c000000|  0%| F|  |TS  0|AC  0|TAMS 0x000000040bc00000, 0x000000040bc00000|
| 209|0x000000040c000000, 0x000000040c000000, 0x000000040c400000|  0%| F|  |TS  0|AC  0|TAMS 0x000000040c000000, 0x000000040c000000|
| 210|0x000000040c400000, 0x000000040c400000, 0x000000040c800000|  0%| F|  |TS  0|AC  0|TAMS 0x000000040c400000, 0x000000040c400000|
| 211|0x000000040c800000, 0x000000040c800000, 0x000000040cc00000|  0%| F|  |TS  0|AC  0|TAMS 0x000000040c800000, 0x000000040c800000|
| 212|0x000000040cc00000, 0x000000040cc00000, 0x000000040d000000|  0%| F|  |TS  0|AC  0|TAMS 0x000000040cc00000, 0x000000040cc00000|
| 213|0x000000040d000000, 0x000000040d000000, 0x000000040d400000|  0%| F|  |TS  0|AC  0|TAMS 0x000000040d000000, 0x000000040d000000|
| 214|0x000000040d400000, 0x000000040d400000, 0x000000040d800000|  0%| F|  |TS  0|AC  0|TAMS 0x000000040d400000, 0x000000040d400000|
| 215|0x000000040d800000, 0x000000040d800000, 0x000000040dc00000|  0%| F|  |TS  0|AC  0|TAMS 0x000000040d800000, 0x000000040d800000|
| 216|0x000000040dc00000, 0x000000040dc00000, 0x000000040e000000|  0%| F|  |TS  0|AC  0|TAMS 0x000000040dc00000, 0x000000040dc00000|
| 217|0x000000040e000000, 0x000000040e000000, 0x000000040e400000|  0%| F|  |TS  0|AC  0|TAMS 0x000000040e000000, 0x000000040e000000|
| 218|0x000000040e400000, 0x000000040e400000, 0x000000040e800000|  0%| F|  |TS  0|AC  0|TAMS 0x000000040e400000, 0x000000040e400000|
| 219|0x000000040e800000, 0x000000040e800000, 0x000000040ec00000|  0%| F|  |TS  0|AC  0|TAMS 0x000000040e800000, 0x000000040e800000|
| 220|0x000000040ec00000, 0x000000040ec00000, 0x000000040f000000|  0%| F|  |TS  0|AC  0|TAMS 0x000000040ec00000, 0x000000040ec00000|
| 221|0x000000040f000000, 0x000000040f000000, 0x000000040f400000|  0%| F|  |TS  0|AC  0|TAMS 0x000000040f000000, 0x000000040f000000|
| 222|0x000000040f400000, 0x000000040f400000, 0x000000040f800000|  0%| F|  |TS  0|AC  0|TAMS 0x000000040f400000, 0x000000040f400000|
| 223|0x000000040f800000, 0x000000040f800000, 0x000000040fc00000|  0%| F|  |TS  0|AC  0|TAMS 0x000000040f800000, 0x000000040f800000|
| 224|0x000000040fc00000, 0x000000040fc00000, 0x0000000410000000|  0%| F|  |TS  0|AC  0|TAMS 0x000000040fc00000, 0x000000040fc00000|
| 225|0x0000000410000000, 0x0000000410000000, 0x0000000410400000|  0%| F|  |TS  0|AC  0|TAMS 0x0000000410000000, 0x0000000410000000|
| 226|0x0000000410400000, 0x0000000410400000, 0x0000000410800000|  0%| F|  |TS  0|AC  0|TAMS 0x0000000410400000, 0x0000000410400000|
| 227|0x0000000410800000, 0x0000000410800000, 0x0000000410c00000|  0%| F|  |TS  0|AC  0|TAMS 0x0000000410800000, 0x0000000410800000|
| 228|0x0000000410c00000, 0x0000000410c00000, 0x0000000411000000|  0%| F|  |TS  0|AC  0|TAMS 0x0000000410c00000, 0x0000000410c00000|
| 229|0x0000000411000000, 0x0000000411000000, 0x0000000411400000|  0%| F|  |TS  0|AC  0|TAMS 0x0000000411000000, 0x0000000411000000|
| 230|0x0000000411400000, 0x0000000411400000, 0x0000000411800000|  0%| F|  |TS  0|AC  0|TAMS 0x0000000411400000, 0x0000000411400000|
| 231|0x0000000411800000, 0x0000000411800000, 0x0000000411c00000|  0%| F|  |TS  0|AC  0|TAMS 0x0000000411800000, 0x0000000411800000|
| 232|0x0000000411c00000, 0x0000000411c00000, 0x0000000412000000|  0%| F|  |TS  0|AC  0|TAMS 0x0000000411c00000, 0x0000000411c00000|
| 233|0x0000000412000000, 0x0000000412000000, 0x0000000412400000|  0%| F|  |TS  0|AC  0|TAMS 0x0000000412000000, 0x0000000412000000|
| 234|0x0000000412400000, 0x0000000412400000, 0x0000000412800000|  0%| F|  |TS  0|AC  0|TAMS 0x0000000412400000, 0x0000000412400000|
| 235|0x0000000412800000, 0x0000000412800000, 0x0000000412c00000|  0%| F|  |TS  0|AC  0|TAMS 0x0000000412800000, 0x0000000412800000|
| 236|0x0000000412c00000, 0x0000000412c00000, 0x0000000413000000|  0%| F|  |TS  0|AC  0|TAMS 0x0000000412c00000, 0x0000000412c00000|
| 237|0x0000000413000000, 0x0000000413000000, 0x0000000413400000|  0%| F|  |TS  0|AC  0|TAMS 0x0000000413000000, 0x0000000413000000|
| 238|0x0000000413400000, 0x0000000413400000, 0x0000000413800000|  0%| F|  |TS  0|AC  0|TAMS 0x0000000413400000, 0x0000000413400000|
| 239|0x0000000413800000, 0x0000000413800000, 0x0000000413c00000|  0%| F|  |TS  0|AC  0|TAMS 0x0000000413800000, 0x0000000413800000|
| 240|0x0000000413c00000, 0x0000000413c00000, 0x0000000414000000|  0%| F|  |TS  0|AC  0|TAMS 0x0000000413c00000, 0x0000000413c00000|
| 241|0x0000000414000000, 0x0000000414000000, 0x0000000414400000|  0%| F|  |TS  0|AC  0|TAMS 0x0000000414000000, 0x0000000414000000|
| 242|0x0000000414400000, 0x0000000414400000, 0x0000000414800000|  0%| F|  |TS  0|AC  0|TAMS 0x0000000414400000, 0x0000000414400000|
| 243|0x0000000414800000, 0x0000000414800000, 0x0000000414c00000|  0%| F|  |TS  0|AC  0|TAMS 0x0000000414800000, 0x0000000414800000|
| 244|0x0000000414c00000, 0x0000000414c00000, 0x0000000415000000|  0%| F|  |TS  0|AC  0|TAMS 0x0000000414c00000, 0x0000000414c00000|
| 245|0x0000000415000000, 0x0000000415000000, 0x0000000415400000|  0%| F|  |TS  0|AC  0|TAMS 0x0000000415000000, 0x0000000415000000|
| 246|0x0000000415400000, 0x0000000415400000, 0x0000000415800000|  0%| F|  |TS  0|AC  0|TAMS 0x0000000415400000, 0x0000000415400000|
| 247|0x0000000415800000, 0x0000000415800000, 0x0000000415c00000|  0%| F|  |TS  0|AC  0|TAMS 0x0000000415800000, 0x0000000415800000|
| 248|0x0000000415c00000, 0x0000000416000000, 0x0000000416000000|100%| E|  |TS  0|AC  0|TAMS 0x0000000415c00000, 0x0000000415c00000|
| 249|0x0000000416000000, 0x0000000416400000, 0x0000000416400000|100%| E|CS|TS  0|AC  0|TAMS 0x0000000416000000, 0x0000000416000000|
| 250|0x0000000416400000, 0x0000000416800000, 0x0000000416800000|100%| E|CS|TS  0|AC  0|TAMS 0x0000000416400000, 0x0000000416400000|

Card table byte_map: [0x00007fce720be000,0x00007fce74000000] byte_map_base: 0x00007fce70200000

Marking Bits (Prev, Next): (CMBitMap*) 0x00007fcf3809e820, (CMBitMap*) 0x00007fcf3809e858
 Prev Bits: [0x00007fce6076c000, 0x00007fce7017c000)
 Next Bits: [0x00007fce50d5c000, 0x00007fce6076c000)

Polling page: 0x00007fcf408ac000

CodeHeap 'non-profiled nmethods': size=119172Kb used=173Kb max_used=173Kb free=118998Kb
 bounds [0x00007fcf256e2000, 0x00007fcf25952000, 0x00007fcf2cb43000]
CodeHeap 'profiled nmethods': size=119172Kb used=358Kb max_used=358Kb free=118813Kb
 bounds [0x00007fcf1e281000, 0x00007fcf1e4f1000, 0x00007fcf256e2000]
CodeHeap 'non-nmethods': size=7416Kb used=2826Kb max_used=2862Kb free=4589Kb
 bounds [0x00007fcf1db43000, 0x00007fcf1de13000, 0x00007fcf1e281000]
 total_blobs=645 nmethods=264 adapters=168
 compilation: enabled

Compilation events (10 events):
Event: 0.374 Thread 0x00007fcf382b6800 nmethod 256 0x00007fcf256f8810 code [0x00007fcf256f8a80, 0x00007fcf256f9ba8]
Event: 0.376 Thread 0x00007fcf382af000 nmethod 258 0x00007fcf256fa490 code [0x00007fcf256fa6c0, 0x00007fcf256fb468]
Event: 0.377 Thread 0x00007fcf382b3000 nmethod 250 0x00007fcf256fba90 code [0x00007fcf256fbc60, 0x00007fcf256fbea8]
Event: 0.381 Thread 0x00007fcf382b8000 nmethod 255 0x00007fcf256fc210 code [0x00007fcf256fc480, 0x00007fcf256fd908]
Event: 0.416 Thread 0x00007fcf382ad000 nmethod 262 0x00007fcf256fe310 code [0x00007fcf256fe620, 0x00007fcf25700af0]
Event: 0.466 Thread 0x00007fcf382b1000 nmethod 263 0x00007fcf25701e10 code [0x00007fcf25702140, 0x00007fcf257049e0]
Event: 0.492 Thread 0x00007fcf382ba000 nmethod 261 0x00007fcf25705d90 code [0x00007fcf25706240, 0x00007fcf2570acc8]
Event: 0.492 Thread 0x00007fcf382b4800  264       4       java.io.FileDescriptor$1::getAppend (5 bytes)
Event: 0.493 Thread 0x00007fcf382b4800 nmethod 264 0x00007fcf2570d210 code [0x00007fcf2570d3a0, 0x00007fcf2570d418]
Event: 0.554 Thread 0x00007fcf382bd800  265 %     3       org.eclipse.core.runtime.adaptor.EclipseStarter::main @ 5165 (6482 bytes)

GC Heap History (0 events):
No events

Deoptimization events (0 events):
No events

Classes redefined (0 events):
No events

Internal exceptions (0 events):
No events

Events (10 events):
Event: 0.356 Thread 0x00007fcf38011800 DEOPT PACKING pc=0x00007fcf1e2ba124 sp=0x00007fcf3ef56aa0
Event: 0.356 Thread 0x00007fcf38011800 DEOPT UNPACKING pc=0x00007fcf1db90aab sp=0x00007fcf3ef56088 mode 0
Event: 0.357 Thread 0x00007fcf38011800 DEOPT PACKING pc=0x00007fcf1e2ba124 sp=0x00007fcf3ef56aa0
Event: 0.357 Thread 0x00007fcf38011800 DEOPT UNPACKING pc=0x00007fcf1db90aab sp=0x00007fcf3ef56088 mode 0
Event: 0.357 Thread 0x00007fcf38011800 DEOPT PACKING pc=0x00007fcf1e2ba124 sp=0x00007fcf3ef56aa0
Event: 0.357 Thread 0x00007fcf38011800 DEOPT UNPACKING pc=0x00007fcf1db90aab sp=0x00007fcf3ef56088 mode 0
Event: 0.357 Thread 0x00007fcf38011800 DEOPT PACKING pc=0x00007fcf1e2ba124 sp=0x00007fcf3ef56aa0
Event: 0.357 Thread 0x00007fcf38011800 DEOPT UNPACKING pc=0x00007fcf1db90aab sp=0x00007fcf3ef56088 mode 0
Event: 0.357 Thread 0x00007fcf38011800 DEOPT PACKING pc=0x00007fcf1e2ba124 sp=0x00007fcf3ef56cf0
Event: 0.357 Thread 0x00007fcf38011800 DEOPT UNPACKING pc=0x00007fcf1db90aab sp=0x00007fcf3ef562d8 mode 0


Dynamic libraries:
00400000-00401000 r-xp 00000000 00:65 77077150                           /root/oracle/jdk-9.0.4/bin/java
00600000-00601000 rw-p 00000000 00:65 77077150                           /root/oracle/jdk-9.0.4/bin/java
016e1000-01702000 rw-p 00000000 00:00 0                                  [heap]
3d7c00000-416800000 rw-p 00000000 00:00 0 
416800000-7c0000000 ---p 00000000 00:00 0 
7c0000000-7c0080000 rw-p 00000000 00:00 0 
7c0080000-800000000 ---p 00000000 00:00 0 
7fcde0000000-7fcde0021000 rw-p 00000000 00:00 0 
7fcde0021000-7fcde4000000 ---p 00000000 00:00 0 
7fcde4000000-7fcde4021000 rw-p 00000000 00:00 0 
7fcde4021000-7fcde8000000 ---p 00000000 00:00 0 
7fcde8000000-7fcde8021000 rw-p 00000000 00:00 0 
7fcde8021000-7fcdec000000 ---p 00000000 00:00 0 
7fcdec000000-7fcdec021000 rw-p 00000000 00:00 0 
7fcdec021000-7fcdf0000000 ---p 00000000 00:00 0 
7fcdf0000000-7fcdf0021000 rw-p 00000000 00:00 0 
7fcdf0021000-7fcdf4000000 ---p 00000000 00:00 0 
7fcdf4000000-7fcdf40e5000 rw-p 00000000 00:00 0 
7fcdf40e5000-7fcdf8000000 ---p 00000000 00:00 0 
7fcdf8000000-7fcdf8025000 rw-p 00000000 00:00 0 
7fcdf8025000-7fcdfc000000 ---p 00000000 00:00 0 
7fcdfc000000-7fcdfc1a6000 rw-p 00000000 00:00 0 
7fcdfc1a6000-7fce00000000 ---p 00000000 00:00 0 
7fce00000000-7fce0017f000 rw-p 00000000 00:00 0 
7fce0017f000-7fce04000000 ---p 00000000 00:00 0 
7fce04000000-7fce0451c000 rw-p 00000000 00:00 0 
7fce0451c000-7fce08000000 ---p 00000000 00:00 0 
7fce08000000-7fce08067000 rw-p 00000000 00:00 0 
7fce08067000-7fce0c000000 ---p 00000000 00:00 0 
7fce0c000000-7fce0c276000 rw-p 00000000 00:00 0 
7fce0c276000-7fce10000000 ---p 00000000 00:00 0 
7fce10000000-7fce1025c000 rw-p 00000000 00:00 0 
7fce1025c000-7fce14000000 ---p 00000000 00:00 0 
7fce14000000-7fce14046000 rw-p 00000000 00:00 0 
7fce14046000-7fce18000000 ---p 00000000 00:00 0 
7fce18000000-7fce1815d000 rw-p 00000000 00:00 0 
7fce1815d000-7fce1c000000 ---p 00000000 00:00 0 
7fce1eac9000-7fce1ecc8000 rw-p 00000000 00:00 0 
7fce1ecc8000-7fce1ecc9000 ---p 00000000 00:00 0 
7fce1ecc9000-7fce1edca000 rw-p 00000000 00:00 0 
7fce1edca000-7fce1edce000 ---p 00000000 00:00 0 
7fce1edce000-7fce1eecb000 rw-p 00000000 00:00 0 
7fce1eecb000-7fce1eecf000 ---p 00000000 00:00 0 
7fce1eecf000-7fce1efcc000 rw-p 00000000 00:00 0 
7fce1efcc000-7fce1efe2000 r-xp 00000000 00:65 77077477                   /root/oracle/jdk-9.0.4/lib/libnet.so
7fce1efe2000-7fce1f1e2000 ---p 00016000 00:65 77077477                   /root/oracle/jdk-9.0.4/lib/libnet.so
7fce1f1e2000-7fce1f1e3000 rw-p 00016000 00:65 77077477                   /root/oracle/jdk-9.0.4/lib/libnet.so
7fce1f1e3000-7fce1f1f3000 r-xp 00000000 00:65 77077594                   /root/oracle/jdk-9.0.4/lib/libnio.so
7fce1f1f3000-7fce1f3f3000 ---p 00010000 00:65 77077594                   /root/oracle/jdk-9.0.4/lib/libnio.so
7fce1f3f3000-7fce1f3f4000 rw-p 00010000 00:65 77077594                   /root/oracle/jdk-9.0.4/lib/libnio.so
7fce1f3f4000-7fce1f3f8000 ---p 00000000 00:00 0 
7fce1f3f8000-7fce1f4f5000 rw-p 00000000 00:00 0 
7fce1f4f5000-7fce1f4f9000 ---p 00000000 00:00 0 
7fce1f4f9000-7fce1f5f6000 rw-p 00000000 00:00 0 
7fce1f5f6000-7fce1f5fa000 ---p 00000000 00:00 0 
7fce1f5fa000-7fce1f6f7000 rw-p 00000000 00:00 0 
7fce1f6f7000-7fce1f6fb000 ---p 00000000 00:00 0 
7fce1f6fb000-7fce1f7f8000 rw-p 00000000 00:00 0 
7fce1f7f8000-7fce1f7fc000 ---p 00000000 00:00 0 
7fce1f7fc000-7fce1f8f9000 rw-p 00000000 00:00 0 
7fce1f8f9000-7fce1f8fd000 ---p 00000000 00:00 0 
7fce1f8fd000-7fce1f9fa000 rw-p 00000000 00:00 0 
7fce1f9fa000-7fce1f9fe000 ---p 00000000 00:00 0 
7fce1f9fe000-7fce1fafb000 rw-p 00000000 00:00 0 
7fce1fafb000-7fce1faff000 ---p 00000000 00:00 0 
7fce1faff000-7fce1fbfc000 rw-p 00000000 00:00 0 
7fce1fbfc000-7fce1fc00000 ---p 00000000 00:00 0 
7fce1fc00000-7fce1fcfd000 rw-p 00000000 00:00 0 
7fce1fcfd000-7fce1fd01000 ---p 00000000 00:00 0 
7fce1fd01000-7fce1fdfe000 rw-p 00000000 00:00 0 
7fce1fdfe000-7fce1fe02000 ---p 00000000 00:00 0 
7fce1fe02000-7fce1feff000 rw-p 00000000 00:00 0 
7fce1feff000-7fce1ff03000 ---p 00000000 00:00 0 
7fce1ff03000-7fce20000000 rw-p 00000000 00:00 0 
7fce20000000-7fce20021000 rw-p 00000000 00:00 0 
7fce20021000-7fce24000000 ---p 00000000 00:00 0 
7fce24000000-7fce243b0000 rw-p 00000000 00:00 0 
7fce243b0000-7fce28000000 ---p 00000000 00:00 0 
7fce28000000-7fce28021000 rw-p 00000000 00:00 0 
7fce28021000-7fce2c000000 ---p 00000000 00:00 0 
7fce2c000000-7fce2c021000 rw-p 00000000 00:00 0 
7fce2c021000-7fce30000000 ---p 00000000 00:00 0 
7fce30000000-7fce30021000 rw-p 00000000 00:00 0 
7fce30021000-7fce34000000 ---p 00000000 00:00 0 
7fce34000000-7fce34021000 rw-p 00000000 00:00 0 
7fce34021000-7fce38000000 ---p 00000000 00:00 0 
7fce38072000-7fce38076000 ---p 00000000 00:00 0 
7fce38076000-7fce38173000 rw-p 00000000 00:00 0 
7fce38173000-7fce38177000 ---p 00000000 00:00 0 
7fce38177000-7fce38274000 rw-p 00000000 00:00 0 
7fce38274000-7fce38278000 ---p 00000000 00:00 0 
7fce38278000-7fce38375000 rw-p 00000000 00:00 0 
7fce38375000-7fce38379000 ---p 00000000 00:00 0 
7fce38379000-7fce38476000 rw-p 00000000 00:00 0 
7fce38476000-7fce38477000 ---p 00000000 00:00 0 
7fce38477000-7fce38a2e000 rw-p 00000000 00:00 0 
7fce38a2e000-7fce38dee000 ---p 00000000 00:00 0 
7fce38dee000-7fce3a000000 rw-p 00000000 00:00 0 
7fce3a000000-7fce3c000000 rwxp 00000000 00:00 0 
7fce3c000000-7fce3c021000 rw-p 00000000 00:00 0 
7fce3c021000-7fce40000000 ---p 00000000 00:00 0 
7fce40000000-7fce40021000 rw-p 00000000 00:00 0 
7fce40021000-7fce44000000 ---p 00000000 00:00 0 
7fce44000000-7fce44021000 rw-p 00000000 00:00 0 
7fce44021000-7fce48000000 ---p 00000000 00:00 0 
7fce48000000-7fce48021000 rw-p 00000000 00:00 0 
7fce48021000-7fce4c000000 ---p 00000000 00:00 0 
7fce4c000000-7fce4c021000 rw-p 00000000 00:00 0 
7fce4c021000-7fce50000000 ---p 00000000 00:00 0 
7fce50008000-7fce50265000 rw-p 00000000 00:00 0 
7fce50265000-7fce50266000 ---p 00000000 00:00 0 
7fce50266000-7fce50367000 rw-p 00000000 00:00 0 
7fce50367000-7fce50368000 ---p 00000000 00:00 0 
7fce50368000-7fce50469000 rw-p 00000000 00:00 0 
7fce50469000-7fce5046a000 ---p 00000000 00:00 0 
7fce5046a000-7fce5056b000 rw-p 00000000 00:00 0 
7fce5056b000-7fce5056c000 ---p 00000000 00:00 0 
7fce5056c000-7fce5066d000 rw-p 00000000 00:00 0 
7fce5066d000-7fce5066e000 ---p 00000000 00:00 0 
7fce5066e000-7fce5076f000 rw-p 00000000 00:00 0 
7fce5076f000-7fce50770000 ---p 00000000 00:00 0 
7fce50770000-7fce51d0c000 rw-p 00000000 00:00 0 
7fce51d0c000-7fce6076c000 ---p 00000000 00:00 0 
7fce6076c000-7fce6171c000 rw-p 00000000 00:00 0 
7fce6171c000-7fce7017c000 ---p 00000000 00:00 0 
7fce7017c000-7fce70372000 rw-p 00000000 00:00 0 
7fce70372000-7fce720be000 ---p 00000000 00:00 0 
7fce720be000-7fce722b4000 rw-p 00000000 00:00 0 
7fce722b4000-7fce74000000 ---p 00000000 00:00 0 
7fce74000000-7fce74021000 rw-p 00000000 00:00 0 
7fce74021000-7fce78000000 ---p 00000000 00:00 0 
7fce78000000-7fce78021000 rw-p 00000000 00:00 0 
7fce78021000-7fce7c000000 ---p 00000000 00:00 0 
7fce7c021000-7fce7c07a000 rw-p 00000000 00:00 0 
7fce7c07a000-7fce7dfbc000 ---p 00000000 00:00 0 
7fce7dfbc000-7fce7e1b2000 rw-p 00000000 00:00 0 
7fce7e1b2000-7fce7fefe000 ---p 00000000 00:00 0 
7fce7fefe000-7fce7feff000 ---p 00000000 00:00 0 
7fce7feff000-7fce80000000 rw-p 00000000 00:00 0 
7fce80000000-7fce80021000 rw-p 00000000 00:00 0 
7fce80021000-7fce84000000 ---p 00000000 00:00 0 
7fce84000000-7fce84021000 rw-p 00000000 00:00 0 
7fce84021000-7fce88000000 ---p 00000000 00:00 0 
7fce88000000-7fce88021000 rw-p 00000000 00:00 0 
7fce88021000-7fce8c000000 ---p 00000000 00:00 0 
7fce8c000000-7fce8c021000 rw-p 00000000 00:00 0 
7fce8c021000-7fce90000000 ---p 00000000 00:00 0 
7fce90000000-7fce90021000 rw-p 00000000 00:00 0 
7fce90021000-7fce94000000 ---p 00000000 00:00 0 
7fce94000000-7fce94021000 rw-p 00000000 00:00 0 
7fce94021000-7fce98000000 ---p 00000000 00:00 0 
7fce98000000-7fce98021000 rw-p 00000000 00:00 0 
7fce98021000-7fce9c000000 ---p 00000000 00:00 0 
7fce9c000000-7fce9c021000 rw-p 00000000 00:00 0 
7fce9c021000-7fcea0000000 ---p 00000000 00:00 0 
7fcea0000000-7fcea0021000 rw-p 00000000 00:00 0 
7fcea0021000-7fcea4000000 ---p 00000000 00:00 0 
7fcea4000000-7fcea4021000 rw-p 00000000 00:00 0 
7fcea4021000-7fcea8000000 ---p 00000000 00:00 0 
7fcea8000000-7fcea8021000 rw-p 00000000 00:00 0 
7fcea8021000-7fceac000000 ---p 00000000 00:00 0 
7fceac000000-7fceac021000 rw-p 00000000 00:00 0 
7fceac021000-7fceb0000000 ---p 00000000 00:00 0 
7fceb0000000-7fceb0021000 rw-p 00000000 00:00 0 
7fceb0021000-7fceb4000000 ---p 00000000 00:00 0 
7fceb4000000-7fceb4021000 rw-p 00000000 00:00 0 
7fceb4021000-7fceb8000000 ---p 00000000 00:00 0 
7fceb8000000-7fceb8021000 rw-p 00000000 00:00 0 
7fceb8021000-7fcebc000000 ---p 00000000 00:00 0 
7fcebc000000-7fcebc021000 rw-p 00000000 00:00 0 
7fcebc021000-7fcec0000000 ---p 00000000 00:00 0 
7fcec0000000-7fcec0021000 rw-p 00000000 00:00 0 
7fcec0021000-7fcec4000000 ---p 00000000 00:00 0 
7fcec4000000-7fcec4021000 rw-p 00000000 00:00 0 
7fcec4021000-7fcec8000000 ---p 00000000 00:00 0 
7fcec8000000-7fcec8021000 rw-p 00000000 00:00 0 
7fcec8021000-7fcecc000000 ---p 00000000 00:00 0 
7fcecc000000-7fcecc021000 rw-p 00000000 00:00 0 
7fcecc021000-7fced0000000 ---p 00000000 00:00 0 
7fced0000000-7fced0021000 rw-p 00000000 00:00 0 
7fced0021000-7fced4000000 ---p 00000000 00:00 0 
7fced4000000-7fced4021000 rw-p 00000000 00:00 0 
7fced4021000-7fced8000000 ---p 00000000 00:00 0 
7fced8000000-7fced8021000 rw-p 00000000 00:00 0 
7fced8021000-7fcedc000000 ---p 00000000 00:00 0 
7fcedc000000-7fcedc021000 rw-p 00000000 00:00 0 
7fcedc021000-7fcee0000000 ---p 00000000 00:00 0 
7fcee0000000-7fcee0021000 rw-p 00000000 00:00 0 
7fcee0021000-7fcee4000000 ---p 00000000 00:00 0 
7fcee4000000-7fcee4021000 rw-p 00000000 00:00 0 
7fcee4021000-7fcee8000000 ---p 00000000 00:00 0 
7fcee8000000-7fcee8021000 rw-p 00000000 00:00 0 
7fcee8021000-7fceec000000 ---p 00000000 00:00 0 
7fceec000000-7fceec021000 rw-p 00000000 00:00 0 
7fceec021000-7fcef0000000 ---p 00000000 00:00 0 
7fcef0000000-7fcef0021000 rw-p 00000000 00:00 0 
7fcef0021000-7fcef4000000 ---p 00000000 00:00 0 
7fcef4000000-7fcef4021000 rw-p 00000000 00:00 0 
7fcef4021000-7fcef8000000 ---p 00000000 00:00 0 
7fcef8000000-7fcef8021000 rw-p 00000000 00:00 0 
7fcef8021000-7fcefc000000 ---p 00000000 00:00 0 
7fcefc000000-7fcefc021000 rw-p 00000000 00:00 0 
7fcefc021000-7fcf00000000 ---p 00000000 00:00 0 
7fcf00000000-7fcf00021000 rw-p 00000000 00:00 0 
7fcf00021000-7fcf04000000 ---p 00000000 00:00 0 
7fcf04000000-7fcf04021000 rw-p 00000000 00:00 0 
7fcf04021000-7fcf08000000 ---p 00000000 00:00 0 
7fcf08000000-7fcf08021000 rw-p 00000000 00:00 0 
7fcf08021000-7fcf0c000000 ---p 00000000 00:00 0 
7fcf0c000000-7fcf0c021000 rw-p 00000000 00:00 0 
7fcf0c021000-7fcf10000000 ---p 00000000 00:00 0 
7fcf10000000-7fcf10021000 rw-p 00000000 00:00 0 
7fcf10021000-7fcf14000000 ---p 00000000 00:00 0 
7fcf14000000-7fcf14021000 rw-p 00000000 00:00 0 
7fcf14021000-7fcf18000000 ---p 00000000 00:00 0 
7fcf18000000-7fcf18021000 rw-p 00000000 00:00 0 
7fcf18021000-7fcf1c000000 ---p 00000000 00:00 0 
7fcf1c014000-7fcf1c015000 ---p 00000000 00:00 0 
7fcf1c015000-7fcf1c116000 rw-p 00000000 00:00 0 
7fcf1c116000-7fcf1c117000 ---p 00000000 00:00 0 
7fcf1c117000-7fcf1c218000 rw-p 00000000 00:00 0 
7fcf1c218000-7fcf1c219000 ---p 00000000 00:00 0 
7fcf1c219000-7fcf1c31a000 rw-p 00000000 00:00 0 
7fcf1c31a000-7fcf1c31b000 ---p 00000000 00:00 0 
7fcf1c31b000-7fcf1c41c000 rw-p 00000000 00:00 0 
7fcf1c41c000-7fcf1c41d000 ---p 00000000 00:00 0 
7fcf1c41d000-7fcf1c51e000 rw-p 00000000 00:00 0 
7fcf1c51e000-7fcf1c51f000 ---p 00000000 00:00 0 
7fcf1c51f000-7fcf1c620000 rw-p 00000000 00:00 0 
7fcf1c620000-7fcf1c621000 ---p 00000000 00:00 0 
7fcf1c621000-7fcf1c722000 rw-p 00000000 00:00 0 
7fcf1c722000-7fcf1c723000 ---p 00000000 00:00 0 
7fcf1c723000-7fcf1c824000 rw-p 00000000 00:00 0 
7fcf1c824000-7fcf1c825000 ---p 00000000 00:00 0 
7fcf1c825000-7fcf1c926000 rw-p 00000000 00:00 0 
7fcf1c926000-7fcf1c927000 ---p 00000000 00:00 0 
7fcf1c927000-7fcf1ca28000 rw-p 00000000 00:00 0 
7fcf1ca28000-7fcf1ca29000 ---p 00000000 00:00 0 
7fcf1ca29000-7fcf1cb2a000 rw-p 00000000 00:00 0 
7fcf1cb2a000-7fcf1cb2b000 ---p 00000000 00:00 0 
7fcf1cb2b000-7fcf1cc2c000 rw-p 00000000 00:00 0 
7fcf1cc2c000-7fcf1cc2d000 ---p 00000000 00:00 0 
7fcf1cc2d000-7fcf1cd2e000 rw-p 00000000 00:00 0 
7fcf1cd2e000-7fcf1cd2f000 ---p 00000000 00:00 0 
7fcf1cd2f000-7fcf1ce30000 rw-p 00000000 00:00 0 
7fcf1ce30000-7fcf1ce31000 ---p 00000000 00:00 0 
7fcf1ce31000-7fcf1cf32000 rw-p 00000000 00:00 0 
7fcf1cf32000-7fcf1cf33000 ---p 00000000 00:00 0 
7fcf1cf33000-7fcf1d034000 rw-p 00000000 00:00 0 
7fcf1d034000-7fcf1d035000 ---p 00000000 00:00 0 
7fcf1d035000-7fcf1d136000 rw-p 00000000 00:00 0 
7fcf1d136000-7fcf1d137000 ---p 00000000 00:00 0 
7fcf1d137000-7fcf1d238000 rw-p 00000000 00:00 0 
7fcf1d238000-7fcf1d239000 ---p 00000000 00:00 0 
7fcf1d239000-7fcf1d33a000 rw-p 00000000 00:00 0 
7fcf1d33a000-7fcf1d33b000 ---p 00000000 00:00 0 
7fcf1d33b000-7fcf1db43000 rw-p 00000000 00:00 0 
7fcf1db43000-7fcf1de13000 rwxp 00000000 00:00 0 
7fcf1de13000-7fcf1e281000 ---p 00000000 00:00 0 
7fcf1e281000-7fcf1e4f1000 rwxp 00000000 00:00 0 
7fcf1e4f1000-7fcf256e2000 ---p 00000000 00:00 0 
7fcf256e2000-7fcf25952000 rwxp 00000000 00:00 0 
7fcf25952000-7fcf2cb43000 ---p 00000000 00:00 0 
7fcf2cb43000-7fcf38000000 r--s 00000000 00:65 77077560                   /root/oracle/jdk-9.0.4/lib/modules
7fcf38000000-7fcf384fc000 rw-p 00000000 00:00 0 
7fcf384fc000-7fcf3c000000 ---p 00000000 00:00 0 
7fcf3c001000-7fcf3cd8c000 rw-p 00000000 00:00 0 
7fcf3cd8c000-7fcf3cd8d000 ---p 00000000 00:00 0 
7fcf3cd8d000-7fcf3ce8e000 rw-p 00000000 00:00 0 
7fcf3ce8e000-7fcf3ce8f000 ---p 00000000 00:00 0 
7fcf3ce8f000-7fcf3cf90000 rw-p 00000000 00:00 0 
7fcf3cf90000-7fcf3cf91000 ---p 00000000 00:00 0 
7fcf3cf91000-7fcf3d092000 rw-p 00000000 00:00 0 
7fcf3d092000-7fcf3d093000 ---p 00000000 00:00 0 
7fcf3d093000-7fcf3d194000 rw-p 00000000 00:00 0 
7fcf3d194000-7fcf3d195000 ---p 00000000 00:00 0 
7fcf3d195000-7fcf3d296000 rw-p 00000000 00:00 0 
7fcf3d296000-7fcf3d297000 ---p 00000000 00:00 0 
7fcf3d297000-7fcf3d398000 rw-p 00000000 00:00 0 
7fcf3d398000-7fcf3d399000 ---p 00000000 00:00 0 
7fcf3d399000-7fcf3d49a000 rw-p 00000000 00:00 0 
7fcf3d49a000-7fcf3d49b000 ---p 00000000 00:00 0 
7fcf3d49b000-7fcf3d59c000 rw-p 00000000 00:00 0 
7fcf3d59c000-7fcf3d59d000 ---p 00000000 00:00 0 
7fcf3d59d000-7fcf3d69e000 rw-p 00000000 00:00 0 
7fcf3d69e000-7fcf3d69f000 ---p 00000000 00:00 0 
7fcf3d69f000-7fcf3d7a0000 rw-p 00000000 00:00 0 
7fcf3d7a0000-7fcf3d7a1000 ---p 00000000 00:00 0 
7fcf3d7a1000-7fcf3d8a2000 rw-p 00000000 00:00 0 
7fcf3d8a2000-7fcf3d8a3000 ---p 00000000 00:00 0 
7fcf3d8a3000-7fcf3d9a4000 rw-p 00000000 00:00 0 
7fcf3d9a4000-7fcf3d9a5000 ---p 00000000 00:00 0 
7fcf3d9a5000-7fcf3daa6000 rw-p 00000000 00:00 0 
7fcf3daa6000-7fcf3daa7000 ---p 00000000 00:00 0 
7fcf3daa7000-7fcf3dba8000 rw-p 00000000 00:00 0 
7fcf3dba8000-7fcf3dba9000 ---p 00000000 00:00 0 
7fcf3dba9000-7fcf3dcaa000 rw-p 00000000 00:00 0 
7fcf3dcaa000-7fcf3dcab000 ---p 00000000 00:00 0 
7fcf3dcab000-7fcf3ddac000 rw-p 00000000 00:00 0 
7fcf3ddac000-7fcf3ddad000 ---p 00000000 00:00 0 
7fcf3ddad000-7fcf3deae000 rw-p 00000000 00:00 0 
7fcf3deae000-7fcf3deaf000 ---p 00000000 00:00 0 
7fcf3deaf000-7fcf3dfb0000 rw-p 00000000 00:00 0 
7fcf3dfb0000-7fcf3dfb1000 ---p 00000000 00:00 0 
7fcf3dfb1000-7fcf3e0b2000 rw-p 00000000 00:00 0 
7fcf3e0b2000-7fcf3e0b3000 ---p 00000000 00:00 0 
7fcf3e0b3000-7fcf3e1b9000 rw-p 00000000 00:00 0 
7fcf3e1b9000-7fcf3e29d000 ---p 00000000 00:00 0 
7fcf3e29d000-7fcf3e2a2000 rw-p 00000000 00:00 0 
7fcf3e2a2000-7fcf3e386000 ---p 00000000 00:00 0 
7fcf3e386000-7fcf3e38c000 rw-p 00000000 00:00 0 
7fcf3e38c000-7fcf3e395000 ---p 00000000 00:00 0 
7fcf3e395000-7fcf3e3e5000 rw-p 00000000 00:00 0 
7fcf3e3e5000-7fcf3e5c2000 r--s 03e31000 00:65 101727669                  /usr/local/java/jdk1.8.0_301/jre/lib/rt.jar
7fcf3e5c2000-7fcf3e5dc000 r-xp 00000000 00:65 77077435                   /root/oracle/jdk-9.0.4/lib/libjimage.so
7fcf3e5dc000-7fcf3e7db000 ---p 0001a000 00:65 77077435                   /root/oracle/jdk-9.0.4/lib/libjimage.so
7fcf3e7db000-7fcf3e7dd000 rw-p 00019000 00:65 77077435                   /root/oracle/jdk-9.0.4/lib/libjimage.so
7fcf3e7dd000-7fcf3e7ef000 rw-p 00000000 00:00 0 
7fcf3e7ef000-7fcf3e7f6000 r-xp 00000000 00:65 77083131                   /root/oracle/jdk-9.0.4/lib/libzip.so
7fcf3e7f6000-7fcf3e9f5000 ---p 00007000 00:65 77083131                   /root/oracle/jdk-9.0.4/lib/libzip.so
7fcf3e9f5000-7fcf3e9f6000 rw-p 00006000 00:65 77083131                   /root/oracle/jdk-9.0.4/lib/libzip.so
7fcf3e9f6000-7fcf3e9f9000 r--p 00000000 00:65 165034530                  /usr/lib/x86_64-linux-gnu/libnss_files-2.31.so
7fcf3e9f9000-7fcf3ea00000 r-xp 00003000 00:65 165034530                  /usr/lib/x86_64-linux-gnu/libnss_files-2.31.so
7fcf3ea00000-7fcf3ea02000 r--p 0000a000 00:65 165034530                  /usr/lib/x86_64-linux-gnu/libnss_files-2.31.so
7fcf3ea02000-7fcf3ea03000 r--p 0000b000 00:65 165034530                  /usr/lib/x86_64-linux-gnu/libnss_files-2.31.so
7fcf3ea03000-7fcf3ea04000 rw-p 0000c000 00:65 165034530                  /usr/lib/x86_64-linux-gnu/libnss_files-2.31.so
7fcf3ea04000-7fcf3ea0a000 rw-p 00000000 00:00 0 
7fcf3ea12000-7fcf3ea13000 rw-p 00000000 00:00 0 
7fcf3ea13000-7fcf3ea3e000 r-xp 00000000 00:65 77077470                   /root/oracle/jdk-9.0.4/lib/libjava.so
7fcf3ea3e000-7fcf3ec3d000 ---p 0002b000 00:65 77077470                   /root/oracle/jdk-9.0.4/lib/libjava.so
7fcf3ec3d000-7fcf3ec3f000 rw-p 0002a000 00:65 77077470                   /root/oracle/jdk-9.0.4/lib/libjava.so
7fcf3ec3f000-7fcf3ec4c000 r-xp 00000000 00:65 77077494                   /root/oracle/jdk-9.0.4/lib/libverify.so
7fcf3ec4c000-7fcf3ee4b000 ---p 0000d000 00:65 77077494                   /root/oracle/jdk-9.0.4/lib/libverify.so
7fcf3ee4b000-7fcf3ee4d000 rw-p 0000c000 00:65 77077494                   /root/oracle/jdk-9.0.4/lib/libverify.so
7fcf3ee4d000-7fcf3ee50000 r--p 00000000 00:65 165034636                  /usr/lib/x86_64-linux-gnu/librt-2.31.so
7fcf3ee50000-7fcf3ee54000 r-xp 00003000 00:65 165034636                  /usr/lib/x86_64-linux-gnu/librt-2.31.so
7fcf3ee54000-7fcf3ee55000 r--p 00007000 00:65 165034636                  /usr/lib/x86_64-linux-gnu/librt-2.31.so
7fcf3ee55000-7fcf3ee56000 ---p 00008000 00:65 165034636                  /usr/lib/x86_64-linux-gnu/librt-2.31.so
7fcf3ee56000-7fcf3ee57000 r--p 00008000 00:65 165034636                  /usr/lib/x86_64-linux-gnu/librt-2.31.so
7fcf3ee57000-7fcf3ee58000 rw-p 00009000 00:65 165034636                  /usr/lib/x86_64-linux-gnu/librt-2.31.so
7fcf3ee58000-7fcf3ee59000 ---p 00000000 00:00 0 
7fcf3ee59000-7fcf3ee5a000 rw-p 00000000 00:00 0 
7fcf3ee5a000-7fcf3ee5e000 ---p 00000000 00:00 0 
7fcf3ee5e000-7fcf3ef59000 rw-p 00000000 00:00 0 
7fcf3ef59000-7fcf3ef68000 r--p 00000000 00:65 165034468                  /usr/lib/x86_64-linux-gnu/libm-2.31.so
7fcf3ef68000-7fcf3f00f000 r-xp 0000f000 00:65 165034468                  /usr/lib/x86_64-linux-gnu/libm-2.31.so
7fcf3f00f000-7fcf3f0a6000 r--p 000b6000 00:65 165034468                  /usr/lib/x86_64-linux-gnu/libm-2.31.so
7fcf3f0a6000-7fcf3f0a7000 r--p 0014c000 00:65 165034468                  /usr/lib/x86_64-linux-gnu/libm-2.31.so
7fcf3f0a7000-7fcf3f0a8000 rw-p 0014d000 00:65 165034468                  /usr/lib/x86_64-linux-gnu/libm-2.31.so
7fcf3f0a8000-7fcf400bd000 r-xp 00000000 00:65 77083135                   /root/oracle/jdk-9.0.4/lib/server/libjvm.so
7fcf400bd000-7fcf402bc000 ---p 01015000 00:65 77083135                   /root/oracle/jdk-9.0.4/lib/server/libjvm.so
7fcf402bc000-7fcf4038d000 r--p 01014000 00:65 77083135                   /root/oracle/jdk-9.0.4/lib/server/libjvm.so
7fcf4038d000-7fcf403c4000 rw-p 010e5000 00:65 77083135                   /root/oracle/jdk-9.0.4/lib/server/libjvm.so
7fcf403c4000-7fcf4042f000 rw-p 00000000 00:00 0 
7fcf4042f000-7fcf40454000 r--p 00000000 00:65 165034165                  /usr/lib/x86_64-linux-gnu/libc-2.31.so
7fcf40454000-7fcf405cc000 r-xp 00025000 00:65 165034165                  /usr/lib/x86_64-linux-gnu/libc-2.31.so
7fcf405cc000-7fcf40616000 r--p 0019d000 00:65 165034165                  /usr/lib/x86_64-linux-gnu/libc-2.31.so
7fcf40616000-7fcf40617000 ---p 001e7000 00:65 165034165                  /usr/lib/x86_64-linux-gnu/libc-2.31.so
7fcf40617000-7fcf4061a000 r--p 001e7000 00:65 165034165                  /usr/lib/x86_64-linux-gnu/libc-2.31.so
7fcf4061a000-7fcf4061d000 rw-p 001ea000 00:65 165034165                  /usr/lib/x86_64-linux-gnu/libc-2.31.so
7fcf4061d000-7fcf40621000 rw-p 00000000 00:00 0 
7fcf40621000-7fcf40622000 r--p 00000000 00:65 165034236                  /usr/lib/x86_64-linux-gnu/libdl-2.31.so
7fcf40622000-7fcf40624000 r-xp 00001000 00:65 165034236                  /usr/lib/x86_64-linux-gnu/libdl-2.31.so
7fcf40624000-7fcf40625000 r--p 00003000 00:65 165034236                  /usr/lib/x86_64-linux-gnu/libdl-2.31.so
7fcf40625000-7fcf40626000 r--p 00003000 00:65 165034236                  /usr/lib/x86_64-linux-gnu/libdl-2.31.so
7fcf40626000-7fcf40627000 rw-p 00004000 00:65 165034236                  /usr/lib/x86_64-linux-gnu/libdl-2.31.so
7fcf40627000-7fcf40635000 r-xp 00000000 00:65 77083142                   /root/oracle/jdk-9.0.4/lib/jli/libjli.so
7fcf40635000-7fcf40835000 ---p 0000e000 00:65 77083142                   /root/oracle/jdk-9.0.4/lib/jli/libjli.so
7fcf40835000-7fcf40836000 rw-p 0000e000 00:65 77083142                   /root/oracle/jdk-9.0.4/lib/jli/libjli.so
7fcf40836000-7fcf4083d000 r--p 00000000 00:65 165034610                  /usr/lib/x86_64-linux-gnu/libpthread-2.31.so
7fcf4083d000-7fcf4084e000 r-xp 00007000 00:65 165034610                  /usr/lib/x86_64-linux-gnu/libpthread-2.31.so
7fcf4084e000-7fcf40853000 r--p 00018000 00:65 165034610                  /usr/lib/x86_64-linux-gnu/libpthread-2.31.so
7fcf40853000-7fcf40854000 r--p 0001c000 00:65 165034610                  /usr/lib/x86_64-linux-gnu/libpthread-2.31.so
7fcf40854000-7fcf40855000 rw-p 0001d000 00:65 165034610                  /usr/lib/x86_64-linux-gnu/libpthread-2.31.so
7fcf40855000-7fcf40859000 rw-p 00000000 00:00 0 
7fcf40859000-7fcf4085b000 r--p 00000000 00:65 165034796                  /usr/lib/x86_64-linux-gnu/libz.so.1.2.11
7fcf4085b000-7fcf4086c000 r-xp 00002000 00:65 165034796                  /usr/lib/x86_64-linux-gnu/libz.so.1.2.11
7fcf4086c000-7fcf40872000 r--p 00013000 00:65 165034796                  /usr/lib/x86_64-linux-gnu/libz.so.1.2.11
7fcf40872000-7fcf40873000 ---p 00019000 00:65 165034796                  /usr/lib/x86_64-linux-gnu/libz.so.1.2.11
7fcf40873000-7fcf40874000 r--p 00019000 00:65 165034796                  /usr/lib/x86_64-linux-gnu/libz.so.1.2.11
7fcf40874000-7fcf40875000 rw-p 0001a000 00:65 165034796                  /usr/lib/x86_64-linux-gnu/libz.so.1.2.11
7fcf40875000-7fcf4087d000 rw-s 00000000 00:65 71965686                   /tmp/hsperfdata_root/21068
7fcf4087d000-7fcf40880000 rw-p 00000000 00:00 0 
7fcf40880000-7fcf40881000 r--p 00000000 00:65 165033992                  /usr/lib/x86_64-linux-gnu/ld-2.31.so
7fcf40881000-7fcf408a4000 r-xp 00001000 00:65 165033992                  /usr/lib/x86_64-linux-gnu/ld-2.31.so
7fcf408a4000-7fcf408ac000 r--p 00024000 00:65 165033992                  /usr/lib/x86_64-linux-gnu/ld-2.31.so
7fcf408ac000-7fcf408ad000 r--p 00000000 00:00 0 
7fcf408ad000-7fcf408ae000 r--p 0002c000 00:65 165033992                  /usr/lib/x86_64-linux-gnu/ld-2.31.so
7fcf408ae000-7fcf408af000 rw-p 0002d000 00:65 165033992                  /usr/lib/x86_64-linux-gnu/ld-2.31.so
7fcf408af000-7fcf408b0000 rw-p 00000000 00:00 0 
7ffcc6e4b000-7ffcc6e6c000 rw-p 00000000 00:00 0                          [stack]
7ffcc6eb9000-7ffcc6ebc000 r--p 00000000 00:00 0                          [vvar]
7ffcc6ebc000-7ffcc6ebd000 r-xp 00000000 00:00 0                          [vdso]
ffffffffff600000-ffffffffff601000 --xp 00000000 00:00 0                  [vsyscall]

VM Arguments:
jvm_args: -Xbootclasspath/a:/usr/local/java/jdk1.8.0_301/jre/lib/rt.jar -Xverify:none 
java_command: org.eclipse.core.runtime.adaptor.EclipseStarter -debug
java_class_path (initial): ./sootOutput/eclipse/
Launcher Type: SUN_STANDARD

Logging:
Log output configuration:
#0: stdout all=warning uptime,level,tags
#1: stderr all=off uptime,level,tags

Environment Variables:
JAVA_HOME=/root/oracle/jdk-9.0.4
JRE_HOME=/root/oracle/jdk-9.0.4
CLASSPATH=.:/root/oracle/jdk-9.0.4/lib:/JVMfuzzing/htm/CFSynthesis/resource/commons-lang3-3.12.0/commons-lang3-3.12.0.jar
PATH=/root/oracle/jdk-9.0.4/bin:/root/.vscode-server/bin/da76f93349a72022ca4670c1b84860304616aaa2/bin/remote-cli:/root/oracle/jdk-9.0.4/bin:/usr/local/sbin:/usr/local/bin:/usr/sbin:/usr/bin:/sbin:/bin:/usr/games:/usr/local/games:/snap/bin
SHELL=/bin/bash

Signal Handlers:
SIGSEGV: [libjvm.so+0xd4d370], sa_mask[0]=11111111011111111101111111111110, sa_flags=SA_RESTART|SA_SIGINFO
SIGBUS: [libjvm.so+0xd4d370], sa_mask[0]=11111111011111111101111111111110, sa_flags=SA_RESTART|SA_SIGINFO
SIGFPE: [libjvm.so+0xd4d370], sa_mask[0]=11111111011111111101111111111110, sa_flags=SA_RESTART|SA_SIGINFO
SIGPIPE: [libjvm.so+0xb64780], sa_mask[0]=11111111011111111101111111111110, sa_flags=SA_RESTART|SA_SIGINFO
SIGXFSZ: [libjvm.so+0xb64780], sa_mask[0]=11111111011111111101111111111110, sa_flags=SA_RESTART|SA_SIGINFO
SIGILL: [libjvm.so+0xd4d370], sa_mask[0]=11111111011111111101111111111110, sa_flags=SA_RESTART|SA_SIGINFO
SIGUSR2: [libjvm.so+0xb64640], sa_mask[0]=00100000000000000000000000000000, sa_flags=SA_RESTART|SA_SIGINFO
SIGHUP: [libjvm.so+0xb64850], sa_mask[0]=11111111011111111101111111111110, sa_flags=SA_RESTART|SA_SIGINFO
SIGINT: [libjvm.so+0xb64850], sa_mask[0]=11111111011111111101111111111110, sa_flags=SA_RESTART|SA_SIGINFO
SIGTERM: [libjvm.so+0xb64850], sa_mask[0]=11111111011111111101111111111110, sa_flags=SA_RESTART|SA_SIGINFO
SIGQUIT: [libjvm.so+0xb64850], sa_mask[0]=11111111011111111101111111111110, sa_flags=SA_RESTART|SA_SIGINFO


---------------  S Y S T E M  ---------------

OS:DISTRIB_ID=Ubuntu
DISTRIB_RELEASE=20.04
DISTRIB_CODENAME=focal
DISTRIB_DESCRIPTION="Ubuntu 20.04.3 LTS"
uname:Linux 5.4.0-124-generic #140~18.04.1-Ubuntu SMP Fri Aug 5 11:43:34 UTC 2022 x86_64
libc:glibc 2.31 NPTL 2.31 
rlimit: STACK 8192k, CORE infinity, NPROC infinity, NOFILE 1048576, AS infinity
load average:43.51 40.95 39.40

/proc/meminfo:
MemTotal:       65549624 kB
MemFree:         6847564 kB
MemAvailable:   33853060 kB
Buffers:         5872528 kB
Cached:          3627264 kB
SwapCached:         8092 kB
Active:         32112468 kB
Inactive:        6403376 kB
Active(anon):   25019024 kB
Inactive(anon):  4018444 kB
Active(file):    7093444 kB
Inactive(file):  2384932 kB
Unevictable:          16 kB
Mlocked:              16 kB
SwapTotal:       2097148 kB
SwapFree:              0 kB
Dirty:             40712 kB
Writeback:             0 kB
AnonPages:      29009376 kB
Mapped:           853448 kB
Shmem:             25608 kB
KReclaimable:   18259044 kB
Slab:           19429564 kB
SReclaimable:   18259044 kB
SUnreclaim:      1170520 kB
KernelStack:       79600 kB
PageTables:       240584 kB
NFS_Unstable:          0 kB
Bounce:                0 kB
WritebackTmp:          0 kB
CommitLimit:    34871960 kB
Committed_AS:   85017584 kB
VmallocTotal:   34359738367 kB
VmallocUsed:      162112 kB
VmallocChunk:          0 kB
Percpu:            32512 kB
HardwareCorrupted:     0 kB
AnonHugePages:         0 kB
ShmemHugePages:        0 kB
ShmemPmdMapped:        0 kB
FileHugePages:         0 kB
FilePmdMapped:         0 kB
CmaTotal:              0 kB
CmaFree:               0 kB
HugePages_Total:       0
HugePages_Free:        0
HugePages_Rsvd:        0
HugePages_Surp:        0
Hugepagesize:       2048 kB
Hugetlb:               0 kB
DirectMap4k:    15497632 kB
DirectMap2M:    51298304 kB
DirectMap1G:           0 kB


CPU:total 28 (initial active 28) (14 cores per cpu, 2 threads per core) family 6 model 85 stepping 4, cmov, cx8, fxsr, mmx, sse, sse2, sse3, ssse3, sse4.1, sse4.2, popcnt, avx, avx2, aes, clmul, erms, rtm, 3dnowpref, lzcnt, ht, tsc, tscinvbit, bmi1, bmi2, adx, fma
CPU Model and flags from /proc/cpuinfo:
model name	: Intel(R) Core(TM) i9-9940X CPU @ 3.30GHz
flags		: fpu vme de pse tsc msr pae mce cx8 apic sep mtrr pge mca cmov pat pse36 clflush dts acpi mmx fxsr sse sse2 ss ht tm pbe syscall nx pdpe1gb rdtscp lm constant_tsc art arch_perfmon pebs bts rep_good nopl xtopology nonstop_tsc cpuid aperfmperf pni pclmulqdq dtes64 monitor ds_cpl vmx est tm2 ssse3 sdbg fma cx16 xtpr pdcm pcid dca sse4_1 sse4_2 x2apic movbe popcnt tsc_deadline_timer aes xsave avx f16c rdrand lahf_lm abm 3dnowprefetch cpuid_fault epb cat_l3 cdp_l3 invpcid_single pti ssbd mba ibrs ibpb stibp tpr_shadow vnmi flexpriority ept vpid ept_ad fsgsbase tsc_adjust bmi1 hle avx2 smep bmi2 erms invpcid rtm cqm mpx rdt_a avx512f avx512dq rdseed adx smap clflushopt clwb intel_pt avx512cd avx512bw avx512vl xsaveopt xsavec xgetbv1 xsaves cqm_llc cqm_occup_llc cqm_mbm_total cqm_mbm_local dtherm ida arat pln pts hwp hwp_act_window hwp_epp hwp_pkg_req md_clear flush_l1d arch_capabilities

Memory: 4k page, physical 65549624k(6847564k free), swap 2097148k(0k free)

vm_info: Java HotSpot(TM) 64-Bit Server VM (9.0.4+11) for linux-amd64 JRE (9.0.4+11), built on Dec 19 2017 18:12:19 by "mach5one" with gcc 4.9.2

END.
