#
# A fatal error has been detected by the Java Runtime Environment:
#
#  SIGSEGV (0xb) at pc=0x00007fbf61326b2c, pid=13885, tid=13952
#
# JRE version: Java(TM) SE Runtime Environment (9.0+11) (build 9.0.4+11)
# Java VM: Java HotSpot(TM) 64-Bit Server VM (9.0.4+11, mixed mode, tiered, compressed oops, g1 gc, linux-amd64)
# Problematic frame:
# V  [libjvm.so+0x48eb2c]  Canonicalizer::do_If(If*)+0x1c
#
# Core dump will be written. Default location: Core dumps may be processed with "/usr/share/apport/apport -p%p -s%s -c%c -d%d -P%P -u%u -g%g -- %E" (or dumping to /JVMfuzzing/zjy/classming/Fuzzing-Testing-of-JVM-Implementations/core.13885)
#
# If you would like to submit a bug report, please visit:
#   http://bugreport.java.com/bugreport/crash.jsp
#

---------------  S U M M A R Y ------------

Command Line: -Xbootclasspath/a:/usr/local/java/jdk1.8.0_301/jre/lib/rt.jar -Xverify:none org.eclipse.core.runtime.adaptor.EclipseStarter -debug

Host: Intel(R) Core(TM) i9-9940X CPU @ 3.30GHz, 28 cores, 62G, Ubuntu 20.04.3 LTS
Time: Thu Nov  3 09:08:28 2022 UTC elapsed time: 0 seconds (0d 0h 0m 0s)

---------------  T H R E A D  ---------------

Current thread (0x00007fbf5c2bd800):  JavaThread "C1 CompilerThread9" daemon [_thread_in_native, id=13952, stack(0x00007fbe594f5000,0x00007fbe595f6000)]


Current CompileTask:
C1:    483  252 %     3       org.eclipse.core.runtime.adaptor.EclipseStarter::main @ 4810 (5714 bytes)

Stack: [0x00007fbe594f5000,0x00007fbe595f6000],  sp=0x00007fbe595f40c0,  free space=1020k
Native frames: (J=compiled Java code, A=aot compiled Java code, j=interpreted, Vv=VM code, C=native code)
V  [libjvm.so+0x48eb2c]  Canonicalizer::do_If(If*)+0x1c
V  [libjvm.so+0x4a0452]  GraphBuilder::append_with_bci(Instruction*, int)+0x42
V  [libjvm.so+0x4a3526]  GraphBuilder::if_node(Instruction*, Instruction::Condition, Instruction*, ValueStack*)+0x2a6
V  [libjvm.so+0x4b1873]  GraphBuilder::iterate_bytecodes_for_block(int)+0x1e83
V  [libjvm.so+0x4b1ad5]  GraphBuilder::iterate_all_blocks(bool)+0x85
V  [libjvm.so+0x4b1ec9]  GraphBuilder::GraphBuilder(Compilation*, IRScope*)+0x389
V  [libjvm.so+0x4b70a8]  IR::IR(Compilation*, ciMethod*, int)+0x1e8
V  [libjvm.so+0x497832]  Compilation::build_hir() [clone .part.93]+0x162
V  [libjvm.so+0x499633]  Compilation::compile_java_method()+0x3c3
V  [libjvm.so+0x4997af]  Compilation::compile_method()+0x12f
V  [libjvm.so+0x499c31]  Compilation::Compilation(AbstractCompiler*, ciEnv*, ciMethod*, int, BufferBlob*, DirectiveSet*)+0x271
V  [libjvm.so+0x49ac1e]  Compiler::compile_method(ciEnv*, ciMethod*, int, DirectiveSet*)+0xae
V  [libjvm.so+0x6125ac]  CompileBroker::invoke_compiler_on_method(CompileTask*)+0x41c
V  [libjvm.so+0x61344b]  CompileBroker::compiler_thread_loop()+0x28b
V  [libjvm.so+0xcef338]  JavaThread::thread_main_inner()+0xd8
V  [libjvm.so+0xb6e132]  thread_native_entry(Thread*)+0xf2
C  [libpthread.so.0+0x9609]  start_thread+0xd9


siginfo: si_signo: 11 (SIGSEGV), si_code: 1 (SEGV_MAPERR), si_addr: 0x0000000000000018

Register to memory mapping:

RAX=0x0000000000000000 is an unknown value
RBX=0x00007fbe340c6660 is an unknown value
RCX=0x00007fbe595f4800 is pointing into the stack for thread: 0x00007fbf5c2bd800
RDX=0x00007fbe340c6660 is an unknown value
RSP=0x00007fbe595f40c0 is pointing into the stack for thread: 0x00007fbf5c2bd800
RBP=0x00007fbe595f4130 is pointing into the stack for thread: 0x00007fbf5c2bd800
RSI=0x00007fbe340c6660 is an unknown value
RDI=0x00007fbe595f4160 is pointing into the stack for thread: 0x00007fbf5c2bd800
R8 =0x00007fbe340c5df0 is an unknown value
R9 =0x00000000000000c0 is an unknown value
R10=0x0020000000000000 is an unknown value
R11=0x0000000000000000 is an unknown value
R12=0x00007fbe340c6700 is an unknown value
R13=0x00007fbe595f4460 is pointing into the stack for thread: 0x00007fbf5c2bd800
R14=0x00007fbe340c6660 is an unknown value
R15=0x00007fbe340c6700 is an unknown value


Registers:
RAX=0x0000000000000000, RBX=0x00007fbe340c6660, RCX=0x00007fbe595f4800, RDX=0x00007fbe340c6660
RSP=0x00007fbe595f40c0, RBP=0x00007fbe595f4130, RSI=0x00007fbe340c6660, RDI=0x00007fbe595f4160
R8 =0x00007fbe340c5df0, R9 =0x00000000000000c0, R10=0x0020000000000000, R11=0x0000000000000000
R12=0x00007fbe340c6700, R13=0x00007fbe595f4460, R14=0x00007fbe340c6660, R15=0x00007fbe340c6700
RIP=0x00007fbf61326b2c, EFLAGS=0x0000000000010206, CSGSFS=0x002b000000000033, ERR=0x0000000000000004
  TRAPNO=0x000000000000000e

Top of Stack: (sp=0x00007fbe595f40c0)
0x00007fbe595f40c0:   00007fbe595f40f0 00007fbe3c144688
0x00007fbe595f40d0:   00007fbe3c1446a8 00007fbe3c144668
0x00007fbe595f40e0:   00007fbe595f4110 00007fbf61353598
0x00007fbe595f40f0:   00007fbe2801fb60 00007fbe595f4160 

Instructions: (pc=0x00007fbf61326b2c)
0x00007fbf61326b0c:   ff 90 66 90 55 48 89 e5 41 57 41 56 41 55 41 54
0x00007fbf61326b1c:   53 48 89 f3 48 83 ec 48 48 8b 46 70 48 89 7d c8
0x00007fbf61326b2c:   48 8b 78 18 48 8b 07 ff 50 18 84 c0 0f 85 a2 00
0x00007fbf61326b3c:   00 00 4c 8b 63 70 48 8b 83 80 00 00 00 49 39 c4 


---------------  P R O C E S S  ---------------

Java Threads: ( => current thread )
  0x00007fbf5c360800 JavaThread "Service Thread" daemon [_thread_blocked, id=13957, stack(0x00007fbe58bc8000,0x00007fbe58cc9000)]
  0x00007fbf5c2d1800 JavaThread "Common-Cleaner" daemon [_thread_blocked, id=13956, stack(0x00007fbe58cc9000,0x00007fbe58dca000)]
  0x00007fbf5c2c2800 JavaThread "Sweeper thread" daemon [_thread_blocked, id=13955, stack(0x00007fbe591f2000,0x00007fbe592f3000)]
  0x00007fbf5c2c1000 JavaThread "C1 CompilerThread11" daemon [_thread_blocked, id=13954, stack(0x00007fbe592f3000,0x00007fbe593f4000)]
  0x00007fbf5c2bf000 JavaThread "C1 CompilerThread10" daemon [_thread_blocked, id=13953, stack(0x00007fbe593f4000,0x00007fbe594f5000)]
=>0x00007fbf5c2bd800 JavaThread "C1 CompilerThread9" daemon [_thread_in_native, id=13952, stack(0x00007fbe594f5000,0x00007fbe595f6000)]
  0x00007fbf5c2bb800 JavaThread "C1 CompilerThread8" daemon [_thread_blocked, id=13950, stack(0x00007fbe595f6000,0x00007fbe596f7000)]
  0x00007fbf5c2b9800 JavaThread "C2 CompilerThread7" daemon [_thread_blocked, id=13948, stack(0x00007fbe596f7000,0x00007fbe597f8000)]
  0x00007fbf5c2b8000 JavaThread "C2 CompilerThread6" daemon [_thread_blocked, id=13947, stack(0x00007fbe597f8000,0x00007fbe598f9000)]
  0x00007fbf5c2b6000 JavaThread "C2 CompilerThread5" daemon [_thread_blocked, id=13946, stack(0x00007fbe598f9000,0x00007fbe599fa000)]
  0x00007fbf5c2b4800 JavaThread "C2 CompilerThread4" daemon [_thread_blocked, id=13945, stack(0x00007fbe599fa000,0x00007fbe59afb000)]
  0x00007fbf5c2b2800 JavaThread "C2 CompilerThread3" daemon [_thread_blocked, id=13942, stack(0x00007fbe59afb000,0x00007fbe59bfc000)]
  0x00007fbf5c2b1000 JavaThread "C2 CompilerThread2" daemon [_thread_blocked, id=13941, stack(0x00007fbe59bfc000,0x00007fbe59cfd000)]
  0x00007fbf5c2af000 JavaThread "C2 CompilerThread1" daemon [_thread_blocked, id=13940, stack(0x00007fbe59cfd000,0x00007fbe59dfe000)]
  0x00007fbf5c2ad000 JavaThread "C2 CompilerThread0" daemon [_thread_blocked, id=13939, stack(0x00007fbe59dfe000,0x00007fbe59eff000)]
  0x00007fbf5c2ab000 JavaThread "Signal Dispatcher" daemon [_thread_blocked, id=13938, stack(0x00007fbe59eff000,0x00007fbe5a000000)]
  0x00007fbf5c291000 JavaThread "Finalizer" daemon [_thread_blocked, id=13937, stack(0x00007fbe7005b000,0x00007fbe7015c000)]
  0x00007fbf5c288800 JavaThread "Reference Handler" daemon [_thread_blocked, id=13936, stack(0x00007fbe7015c000,0x00007fbe7025d000)]
  0x00007fbf5c011800 JavaThread "main" [_thread_in_native, id=13887, stack(0x00007fbf60c4a000,0x00007fbf60d49000)]

Other Threads:
  0x00007fbf5c281000 VMThread "VM Thread" [stack: 0x00007fbe7025f000,0x00007fbe7035f000] [id=13935]
  0x00007fbf5c363800 WatcherThread [stack: 0x00007fbe58ac8000,0x00007fbe58bc8000] [id=13958]
  0x00007fbf5c034000 GCTaskThread "GC Thread#0" [stack: 0x00007fbf4195a000,0x00007fbf41a5a000] [id=13888]
  0x00007fbf5c035800 GCTaskThread "GC Thread#1" [stack: 0x00007fbf41858000,0x00007fbf41958000] [id=13889]
  0x00007fbf5c037000 GCTaskThread "GC Thread#2" [stack: 0x00007fbf41756000,0x00007fbf41856000] [id=13890]
  0x00007fbf5c039000 GCTaskThread "GC Thread#3" [stack: 0x00007fbf41654000,0x00007fbf41754000] [id=13891]
  0x00007fbf5c03a800 GCTaskThread "GC Thread#4" [stack: 0x00007fbf41552000,0x00007fbf41652000] [id=13892]
  0x00007fbf5c03c800 GCTaskThread "GC Thread#5" [stack: 0x00007fbf41450000,0x00007fbf41550000] [id=13893]
  0x00007fbf5c03e000 GCTaskThread "GC Thread#6" [stack: 0x00007fbf4134e000,0x00007fbf4144e000] [id=13894]
  0x00007fbf5c03f800 GCTaskThread "GC Thread#7" [stack: 0x00007fbf4124c000,0x00007fbf4134c000] [id=13895]
  0x00007fbf5c041800 GCTaskThread "GC Thread#8" [stack: 0x00007fbf4114a000,0x00007fbf4124a000] [id=13896]
  0x00007fbf5c043000 GCTaskThread "GC Thread#9" [stack: 0x00007fbf41048000,0x00007fbf41148000] [id=13897]
  0x00007fbf5c045000 GCTaskThread "GC Thread#10" [stack: 0x00007fbf40f46000,0x00007fbf41046000] [id=13898]
  0x00007fbf5c046800 GCTaskThread "GC Thread#11" [stack: 0x00007fbf40e44000,0x00007fbf40f44000] [id=13899]
  0x00007fbf5c048800 GCTaskThread "GC Thread#12" [stack: 0x00007fbf40d42000,0x00007fbf40e42000] [id=13900]
  0x00007fbf5c04a000 GCTaskThread "GC Thread#13" [stack: 0x00007fbf40c40000,0x00007fbf40d40000] [id=13901]
  0x00007fbf5c04c000 GCTaskThread "GC Thread#14" [stack: 0x00007fbf40b3e000,0x00007fbf40c3e000] [id=13902]
  0x00007fbf5c04d800 GCTaskThread "GC Thread#15" [stack: 0x00007fbf40a3c000,0x00007fbf40b3c000] [id=13903]
  0x00007fbf5c04f800 GCTaskThread "GC Thread#16" [stack: 0x00007fbf4093a000,0x00007fbf40a3a000] [id=13904]
  0x00007fbf5c051000 GCTaskThread "GC Thread#17" [stack: 0x00007fbf40838000,0x00007fbf40938000] [id=13905]
  0x00007fbf5c052800 GCTaskThread "GC Thread#18" [stack: 0x00007fbf40736000,0x00007fbf40836000] [id=13906]
  0x00007fbf5c054800 GCTaskThread "GC Thread#19" [stack: 0x00007fbf40634000,0x00007fbf40734000] [id=13907]
  0x00007fbf5c09f800 ConcurrentGCThread "G1 Main Marker" [stack: 0x00007fbef16dd000,0x00007fbef17dd000] [id=13929]
  0x00007fbf5c0a1000 ConcurrentGCThread "G1 Marker#0" [stack: 0x00007fbef15db000,0x00007fbef16db000] [id=13930]
  0x00007fbf5c0a3000 ConcurrentGCThread "G1 Marker#1" [stack: 0x00007fbef14d9000,0x00007fbef15d9000] [id=13931]
  0x00007fbf5c0a4800 ConcurrentGCThread "G1 Marker#2" [stack: 0x00007fbef13d7000,0x00007fbef14d7000] [id=13932]
  0x00007fbf5c0a6800 ConcurrentGCThread "G1 Marker#3" [stack: 0x00007fbef12d5000,0x00007fbef13d5000] [id=13933]
  0x00007fbf5c0a8000 ConcurrentGCThread "G1 Marker#4" [stack: 0x00007fbef11d3000,0x00007fbef12d3000] [id=13934]
  0x00007fbf5c079000 ConcurrentGCThread "G1 Refine#0" [stack: 0x00007fbef1dcc000,0x00007fbef1ecc000] [id=13927]
  0x00007fbf5c077000 ConcurrentGCThread "G1 Refine#1" [stack: 0x00007fbef1ece000,0x00007fbef1fce000] [id=13926]
  0x00007fbf5c075000 ConcurrentGCThread "G1 Refine#2" [stack: 0x00007fbef1fd0000,0x00007fbef20d0000] [id=13925]
  0x00007fbf5c073800 ConcurrentGCThread "G1 Refine#3" [stack: 0x00007fbef20d2000,0x00007fbef21d2000] [id=13924]
  0x00007fbf5c071800 ConcurrentGCThread "G1 Refine#4" [stack: 0x00007fbef21d4000,0x00007fbef22d4000] [id=13923]
  0x00007fbf5c070000 ConcurrentGCThread "G1 Refine#5" [stack: 0x00007fbef22d6000,0x00007fbef23d6000] [id=13922]
  0x00007fbf5c06e000 ConcurrentGCThread "G1 Refine#6" [stack: 0x00007fbef23d8000,0x00007fbef24d8000] [id=13921]
  0x00007fbf5c06c800 ConcurrentGCThread "G1 Refine#7" [stack: 0x00007fbef24da000,0x00007fbef25da000] [id=13920]
  0x00007fbf5c06a800 ConcurrentGCThread "G1 Refine#8" [stack: 0x00007fbef25dc000,0x00007fbef26dc000] [id=13919]
  0x00007fbf5c069000 ConcurrentGCThread "G1 Refine#9" [stack: 0x00007fbef26de000,0x00007fbef27de000] [id=13918]
  0x00007fbf5c067000 ConcurrentGCThread "G1 Refine#10" [stack: 0x00007fbef27e0000,0x00007fbef28e0000] [id=13917]
  0x00007fbf5c065000 ConcurrentGCThread "G1 Refine#11" [stack: 0x00007fbef28e2000,0x00007fbef29e2000] [id=13916]
  0x00007fbf5c063800 ConcurrentGCThread "G1 Refine#12" [stack: 0x00007fbef29e4000,0x00007fbef2ae4000] [id=13915]
  0x00007fbf5c061800 ConcurrentGCThread "G1 Refine#13" [stack: 0x00007fbef2ae6000,0x00007fbef2be6000] [id=13914]
  0x00007fbf5c060000 ConcurrentGCThread "G1 Refine#14" [stack: 0x00007fbef2be8000,0x00007fbef2ce8000] [id=13913]
  0x00007fbf5c05e000 ConcurrentGCThread "G1 Refine#15" [stack: 0x00007fbef2cea000,0x00007fbef2dea000] [id=13912]
  0x00007fbf5c05c800 ConcurrentGCThread "G1 Refine#16" [stack: 0x00007fbef2dec000,0x00007fbef2eec000] [id=13911]
  0x00007fbf5c05a800 ConcurrentGCThread "G1 Refine#17" [stack: 0x00007fbef2eee000,0x00007fbef2fee000] [id=13910]
  0x00007fbf5c059000 ConcurrentGCThread "G1 Refine#18" [stack: 0x00007fbef2ff0000,0x00007fbef30f0000] [id=13909]
  0x00007fbf5c057000 ConcurrentGCThread "G1 Refine#19" [stack: 0x00007fbef30f2000,0x00007fbef31f2000] [id=13908]
  0x00007fbf5c07a800 ConcurrentGCThread "G1 Young RemSet Sampling" [stack: 0x00007fbef1cca000,0x00007fbef1dca000] [id=13928]

Threads with active compile tasks:
C1 CompilerThread9 252 %     3       org.eclipse.core.runtime.adaptor.EclipseStarter::main @ 4810 (5714 bytes)

VM state:not at safepoint (normal execution)

VM Mutex/Monitor currently owned by a thread: None

Heap address: 0x00000003d7c00000, size: 16004 MB, Compressed Oops mode: Zero based, Oop shift amount: 3
Narrow klass base: 0x0000000000000000, Narrow klass shift: 3
Compressed class space size: 1073741824 Address: 0x00000007c0000000

Heap:
 garbage-first heap   total 1028096K, used 8192K [0x00000003d7c00000, 0x00000003d80007d8, 0x00000007c0000000)
  region size 4096K, 3 young (12288K), 0 survivors (0K)
 Metaspace       used 4322K, capacity 4680K, committed 4864K, reserved 1056768K
  class space    used 356K, capacity 388K, committed 512K, reserved 1048576K
Heap Regions: E=young(eden), S=young(survivor), O=old, HS=humongous(starts), HC=humongous(continues), CS=collection set, F=free, A=archive, TS=gc time stamp, AC=allocation context, TAMS=top-at-mark-start (previous, next)
|   0|0x00000003d7c00000, 0x00000003d7c00000, 0x00000003d8000000|  0%| F|  |TS  0|AC  0|TAMS 0x00000003d7c00000, 0x00000003d7c00000|
|   1|0x00000003d8000000, 0x00000003d8000000, 0x00000003d8400000|  0%| F|  |TS  0|AC  0|TAMS 0x00000003d8000000, 0x00000003d8000000|
|   2|0x00000003d8400000, 0x00000003d8400000, 0x00000003d8800000|  0%| F|  |TS  0|AC  0|TAMS 0x00000003d8400000, 0x00000003d8400000|
|   3|0x00000003d8800000, 0x00000003d8800000, 0x00000003d8c00000|  0%| F|  |TS  0|AC  0|TAMS 0x00000003d8800000, 0x00000003d8800000|
|   4|0x00000003d8c00000, 0x00000003d8c00000, 0x00000003d9000000|  0%| F|  |TS  0|AC  0|TAMS 0x00000003d8c00000, 0x00000003d8c00000|
|   5|0x00000003d9000000, 0x00000003d9000000, 0x00000003d9400000|  0%| F|  |TS  0|AC  0|TAMS 0x00000003d9000000, 0x00000003d9000000|
|   6|0x00000003d9400000, 0x00000003d9400000, 0x00000003d9800000|  0%| F|  |TS  0|AC  0|TAMS 0x00000003d9400000, 0x00000003d9400000|
|   7|0x00000003d9800000, 0x00000003d9800000, 0x00000003d9c00000|  0%| F|  |TS  0|AC  0|TAMS 0x00000003d9800000, 0x00000003d9800000|
|   8|0x00000003d9c00000, 0x00000003d9c00000, 0x00000003da000000|  0%| F|  |TS  0|AC  0|TAMS 0x00000003d9c00000, 0x00000003d9c00000|
|   9|0x00000003da000000, 0x00000003da000000, 0x00000003da400000|  0%| F|  |TS  0|AC  0|TAMS 0x00000003da000000, 0x00000003da000000|
|  10|0x00000003da400000, 0x00000003da400000, 0x00000003da800000|  0%| F|  |TS  0|AC  0|TAMS 0x00000003da400000, 0x00000003da400000|
|  11|0x00000003da800000, 0x00000003da800000, 0x00000003dac00000|  0%| F|  |TS  0|AC  0|TAMS 0x00000003da800000, 0x00000003da800000|
|  12|0x00000003dac00000, 0x00000003dac00000, 0x00000003db000000|  0%| F|  |TS  0|AC  0|TAMS 0x00000003dac00000, 0x00000003dac00000|
|  13|0x00000003db000000, 0x00000003db000000, 0x00000003db400000|  0%| F|  |TS  0|AC  0|TAMS 0x00000003db000000, 0x00000003db000000|
|  14|0x00000003db400000, 0x00000003db400000, 0x00000003db800000|  0%| F|  |TS  0|AC  0|TAMS 0x00000003db400000, 0x00000003db400000|
|  15|0x00000003db800000, 0x00000003db800000, 0x00000003dbc00000|  0%| F|  |TS  0|AC  0|TAMS 0x00000003db800000, 0x00000003db800000|
|  16|0x00000003dbc00000, 0x00000003dbc00000, 0x00000003dc000000|  0%| F|  |TS  0|AC  0|TAMS 0x00000003dbc00000, 0x00000003dbc00000|
|  17|0x00000003dc000000, 0x00000003dc000000, 0x00000003dc400000|  0%| F|  |TS  0|AC  0|TAMS 0x00000003dc000000, 0x00000003dc000000|
|  18|0x00000003dc400000, 0x00000003dc400000, 0x00000003dc800000|  0%| F|  |TS  0|AC  0|TAMS 0x00000003dc400000, 0x00000003dc400000|
|  19|0x00000003dc800000, 0x00000003dc800000, 0x00000003dcc00000|  0%| F|  |TS  0|AC  0|TAMS 0x00000003dc800000, 0x00000003dc800000|
|  20|0x00000003dcc00000, 0x00000003dcc00000, 0x00000003dd000000|  0%| F|  |TS  0|AC  0|TAMS 0x00000003dcc00000, 0x00000003dcc00000|
|  21|0x00000003dd000000, 0x00000003dd000000, 0x00000003dd400000|  0%| F|  |TS  0|AC  0|TAMS 0x00000003dd000000, 0x00000003dd000000|
|  22|0x00000003dd400000, 0x00000003dd400000, 0x00000003dd800000|  0%| F|  |TS  0|AC  0|TAMS 0x00000003dd400000, 0x00000003dd400000|
|  23|0x00000003dd800000, 0x00000003dd800000, 0x00000003ddc00000|  0%| F|  |TS  0|AC  0|TAMS 0x00000003dd800000, 0x00000003dd800000|
|  24|0x00000003ddc00000, 0x00000003ddc00000, 0x00000003de000000|  0%| F|  |TS  0|AC  0|TAMS 0x00000003ddc00000, 0x00000003ddc00000|
|  25|0x00000003de000000, 0x00000003de000000, 0x00000003de400000|  0%| F|  |TS  0|AC  0|TAMS 0x00000003de000000, 0x00000003de000000|
|  26|0x00000003de400000, 0x00000003de400000, 0x00000003de800000|  0%| F|  |TS  0|AC  0|TAMS 0x00000003de400000, 0x00000003de400000|
|  27|0x00000003de800000, 0x00000003de800000, 0x00000003dec00000|  0%| F|  |TS  0|AC  0|TAMS 0x00000003de800000, 0x00000003de800000|
|  28|0x00000003dec00000, 0x00000003dec00000, 0x00000003df000000|  0%| F|  |TS  0|AC  0|TAMS 0x00000003dec00000, 0x00000003dec00000|
|  29|0x00000003df000000, 0x00000003df000000, 0x00000003df400000|  0%| F|  |TS  0|AC  0|TAMS 0x00000003df000000, 0x00000003df000000|
|  30|0x00000003df400000, 0x00000003df400000, 0x00000003df800000|  0%| F|  |TS  0|AC  0|TAMS 0x00000003df400000, 0x00000003df400000|
|  31|0x00000003df800000, 0x00000003df800000, 0x00000003dfc00000|  0%| F|  |TS  0|AC  0|TAMS 0x00000003df800000, 0x00000003df800000|
|  32|0x00000003dfc00000, 0x00000003dfc00000, 0x00000003e0000000|  0%| F|  |TS  0|AC  0|TAMS 0x00000003dfc00000, 0x00000003dfc00000|
|  33|0x00000003e0000000, 0x00000003e0000000, 0x00000003e0400000|  0%| F|  |TS  0|AC  0|TAMS 0x00000003e0000000, 0x00000003e0000000|
|  34|0x00000003e0400000, 0x00000003e0400000, 0x00000003e0800000|  0%| F|  |TS  0|AC  0|TAMS 0x00000003e0400000, 0x00000003e0400000|
|  35|0x00000003e0800000, 0x00000003e0800000, 0x00000003e0c00000|  0%| F|  |TS  0|AC  0|TAMS 0x00000003e0800000, 0x00000003e0800000|
|  36|0x00000003e0c00000, 0x00000003e0c00000, 0x00000003e1000000|  0%| F|  |TS  0|AC  0|TAMS 0x00000003e0c00000, 0x00000003e0c00000|
|  37|0x00000003e1000000, 0x00000003e1000000, 0x00000003e1400000|  0%| F|  |TS  0|AC  0|TAMS 0x00000003e1000000, 0x00000003e1000000|
|  38|0x00000003e1400000, 0x00000003e1400000, 0x00000003e1800000|  0%| F|  |TS  0|AC  0|TAMS 0x00000003e1400000, 0x00000003e1400000|
|  39|0x00000003e1800000, 0x00000003e1800000, 0x00000003e1c00000|  0%| F|  |TS  0|AC  0|TAMS 0x00000003e1800000, 0x00000003e1800000|
|  40|0x00000003e1c00000, 0x00000003e1c00000, 0x00000003e2000000|  0%| F|  |TS  0|AC  0|TAMS 0x00000003e1c00000, 0x00000003e1c00000|
|  41|0x00000003e2000000, 0x00000003e2000000, 0x00000003e2400000|  0%| F|  |TS  0|AC  0|TAMS 0x00000003e2000000, 0x00000003e2000000|
|  42|0x00000003e2400000, 0x00000003e2400000, 0x00000003e2800000|  0%| F|  |TS  0|AC  0|TAMS 0x00000003e2400000, 0x00000003e2400000|
|  43|0x00000003e2800000, 0x00000003e2800000, 0x00000003e2c00000|  0%| F|  |TS  0|AC  0|TAMS 0x00000003e2800000, 0x00000003e2800000|
|  44|0x00000003e2c00000, 0x00000003e2c00000, 0x00000003e3000000|  0%| F|  |TS  0|AC  0|TAMS 0x00000003e2c00000, 0x00000003e2c00000|
|  45|0x00000003e3000000, 0x00000003e3000000, 0x00000003e3400000|  0%| F|  |TS  0|AC  0|TAMS 0x00000003e3000000, 0x00000003e3000000|
|  46|0x00000003e3400000, 0x00000003e3400000, 0x00000003e3800000|  0%| F|  |TS  0|AC  0|TAMS 0x00000003e3400000, 0x00000003e3400000|
|  47|0x00000003e3800000, 0x00000003e3800000, 0x00000003e3c00000|  0%| F|  |TS  0|AC  0|TAMS 0x00000003e3800000, 0x00000003e3800000|
|  48|0x00000003e3c00000, 0x00000003e3c00000, 0x00000003e4000000|  0%| F|  |TS  0|AC  0|TAMS 0x00000003e3c00000, 0x00000003e3c00000|
|  49|0x00000003e4000000, 0x00000003e4000000, 0x00000003e4400000|  0%| F|  |TS  0|AC  0|TAMS 0x00000003e4000000, 0x00000003e4000000|
|  50|0x00000003e4400000, 0x00000003e4400000, 0x00000003e4800000|  0%| F|  |TS  0|AC  0|TAMS 0x00000003e4400000, 0x00000003e4400000|
|  51|0x00000003e4800000, 0x00000003e4800000, 0x00000003e4c00000|  0%| F|  |TS  0|AC  0|TAMS 0x00000003e4800000, 0x00000003e4800000|
|  52|0x00000003e4c00000, 0x00000003e4c00000, 0x00000003e5000000|  0%| F|  |TS  0|AC  0|TAMS 0x00000003e4c00000, 0x00000003e4c00000|
|  53|0x00000003e5000000, 0x00000003e5000000, 0x00000003e5400000|  0%| F|  |TS  0|AC  0|TAMS 0x00000003e5000000, 0x00000003e5000000|
|  54|0x00000003e5400000, 0x00000003e5400000, 0x00000003e5800000|  0%| F|  |TS  0|AC  0|TAMS 0x00000003e5400000, 0x00000003e5400000|
|  55|0x00000003e5800000, 0x00000003e5800000, 0x00000003e5c00000|  0%| F|  |TS  0|AC  0|TAMS 0x00000003e5800000, 0x00000003e5800000|
|  56|0x00000003e5c00000, 0x00000003e5c00000, 0x00000003e6000000|  0%| F|  |TS  0|AC  0|TAMS 0x00000003e5c00000, 0x00000003e5c00000|
|  57|0x00000003e6000000, 0x00000003e6000000, 0x00000003e6400000|  0%| F|  |TS  0|AC  0|TAMS 0x00000003e6000000, 0x00000003e6000000|
|  58|0x00000003e6400000, 0x00000003e6400000, 0x00000003e6800000|  0%| F|  |TS  0|AC  0|TAMS 0x00000003e6400000, 0x00000003e6400000|
|  59|0x00000003e6800000, 0x00000003e6800000, 0x00000003e6c00000|  0%| F|  |TS  0|AC  0|TAMS 0x00000003e6800000, 0x00000003e6800000|
|  60|0x00000003e6c00000, 0x00000003e6c00000, 0x00000003e7000000|  0%| F|  |TS  0|AC  0|TAMS 0x00000003e6c00000, 0x00000003e6c00000|
|  61|0x00000003e7000000, 0x00000003e7000000, 0x00000003e7400000|  0%| F|  |TS  0|AC  0|TAMS 0x00000003e7000000, 0x00000003e7000000|
|  62|0x00000003e7400000, 0x00000003e7400000, 0x00000003e7800000|  0%| F|  |TS  0|AC  0|TAMS 0x00000003e7400000, 0x00000003e7400000|
|  63|0x00000003e7800000, 0x00000003e7800000, 0x00000003e7c00000|  0%| F|  |TS  0|AC  0|TAMS 0x00000003e7800000, 0x00000003e7800000|
|  64|0x00000003e7c00000, 0x00000003e7c00000, 0x00000003e8000000|  0%| F|  |TS  0|AC  0|TAMS 0x00000003e7c00000, 0x00000003e7c00000|
|  65|0x00000003e8000000, 0x00000003e8000000, 0x00000003e8400000|  0%| F|  |TS  0|AC  0|TAMS 0x00000003e8000000, 0x00000003e8000000|
|  66|0x00000003e8400000, 0x00000003e8400000, 0x00000003e8800000|  0%| F|  |TS  0|AC  0|TAMS 0x00000003e8400000, 0x00000003e8400000|
|  67|0x00000003e8800000, 0x00000003e8800000, 0x00000003e8c00000|  0%| F|  |TS  0|AC  0|TAMS 0x00000003e8800000, 0x00000003e8800000|
|  68|0x00000003e8c00000, 0x00000003e8c00000, 0x00000003e9000000|  0%| F|  |TS  0|AC  0|TAMS 0x00000003e8c00000, 0x00000003e8c00000|
|  69|0x00000003e9000000, 0x00000003e9000000, 0x00000003e9400000|  0%| F|  |TS  0|AC  0|TAMS 0x00000003e9000000, 0x00000003e9000000|
|  70|0x00000003e9400000, 0x00000003e9400000, 0x00000003e9800000|  0%| F|  |TS  0|AC  0|TAMS 0x00000003e9400000, 0x00000003e9400000|
|  71|0x00000003e9800000, 0x00000003e9800000, 0x00000003e9c00000|  0%| F|  |TS  0|AC  0|TAMS 0x00000003e9800000, 0x00000003e9800000|
|  72|0x00000003e9c00000, 0x00000003e9c00000, 0x00000003ea000000|  0%| F|  |TS  0|AC  0|TAMS 0x00000003e9c00000, 0x00000003e9c00000|
|  73|0x00000003ea000000, 0x00000003ea000000, 0x00000003ea400000|  0%| F|  |TS  0|AC  0|TAMS 0x00000003ea000000, 0x00000003ea000000|
|  74|0x00000003ea400000, 0x00000003ea400000, 0x00000003ea800000|  0%| F|  |TS  0|AC  0|TAMS 0x00000003ea400000, 0x00000003ea400000|
|  75|0x00000003ea800000, 0x00000003ea800000, 0x00000003eac00000|  0%| F|  |TS  0|AC  0|TAMS 0x00000003ea800000, 0x00000003ea800000|
|  76|0x00000003eac00000, 0x00000003eac00000, 0x00000003eb000000|  0%| F|  |TS  0|AC  0|TAMS 0x00000003eac00000, 0x00000003eac00000|
|  77|0x00000003eb000000, 0x00000003eb000000, 0x00000003eb400000|  0%| F|  |TS  0|AC  0|TAMS 0x00000003eb000000, 0x00000003eb000000|
|  78|0x00000003eb400000, 0x00000003eb400000, 0x00000003eb800000|  0%| F|  |TS  0|AC  0|TAMS 0x00000003eb400000, 0x00000003eb400000|
|  79|0x00000003eb800000, 0x00000003eb800000, 0x00000003ebc00000|  0%| F|  |TS  0|AC  0|TAMS 0x00000003eb800000, 0x00000003eb800000|
|  80|0x00000003ebc00000, 0x00000003ebc00000, 0x00000003ec000000|  0%| F|  |TS  0|AC  0|TAMS 0x00000003ebc00000, 0x00000003ebc00000|
|  81|0x00000003ec000000, 0x00000003ec000000, 0x00000003ec400000|  0%| F|  |TS  0|AC  0|TAMS 0x00000003ec000000, 0x00000003ec000000|
|  82|0x00000003ec400000, 0x00000003ec400000, 0x00000003ec800000|  0%| F|  |TS  0|AC  0|TAMS 0x00000003ec400000, 0x00000003ec400000|
|  83|0x00000003ec800000, 0x00000003ec800000, 0x00000003ecc00000|  0%| F|  |TS  0|AC  0|TAMS 0x00000003ec800000, 0x00000003ec800000|
|  84|0x00000003ecc00000, 0x00000003ecc00000, 0x00000003ed000000|  0%| F|  |TS  0|AC  0|TAMS 0x00000003ecc00000, 0x00000003ecc00000|
|  85|0x00000003ed000000, 0x00000003ed000000, 0x00000003ed400000|  0%| F|  |TS  0|AC  0|TAMS 0x00000003ed000000, 0x00000003ed000000|
|  86|0x00000003ed400000, 0x00000003ed400000, 0x00000003ed800000|  0%| F|  |TS  0|AC  0|TAMS 0x00000003ed400000, 0x00000003ed400000|
|  87|0x00000003ed800000, 0x00000003ed800000, 0x00000003edc00000|  0%| F|  |TS  0|AC  0|TAMS 0x00000003ed800000, 0x00000003ed800000|
|  88|0x00000003edc00000, 0x00000003edc00000, 0x00000003ee000000|  0%| F|  |TS  0|AC  0|TAMS 0x00000003edc00000, 0x00000003edc00000|
|  89|0x00000003ee000000, 0x00000003ee000000, 0x00000003ee400000|  0%| F|  |TS  0|AC  0|TAMS 0x00000003ee000000, 0x00000003ee000000|
|  90|0x00000003ee400000, 0x00000003ee400000, 0x00000003ee800000|  0%| F|  |TS  0|AC  0|TAMS 0x00000003ee400000, 0x00000003ee400000|
|  91|0x00000003ee800000, 0x00000003ee800000, 0x00000003eec00000|  0%| F|  |TS  0|AC  0|TAMS 0x00000003ee800000, 0x00000003ee800000|
|  92|0x00000003eec00000, 0x00000003eec00000, 0x00000003ef000000|  0%| F|  |TS  0|AC  0|TAMS 0x00000003eec00000, 0x00000003eec00000|
|  93|0x00000003ef000000, 0x00000003ef000000, 0x00000003ef400000|  0%| F|  |TS  0|AC  0|TAMS 0x00000003ef000000, 0x00000003ef000000|
|  94|0x00000003ef400000, 0x00000003ef400000, 0x00000003ef800000|  0%| F|  |TS  0|AC  0|TAMS 0x00000003ef400000, 0x00000003ef400000|
|  95|0x00000003ef800000, 0x00000003ef800000, 0x00000003efc00000|  0%| F|  |TS  0|AC  0|TAMS 0x00000003ef800000, 0x00000003ef800000|
|  96|0x00000003efc00000, 0x00000003efc00000, 0x00000003f0000000|  0%| F|  |TS  0|AC  0|TAMS 0x00000003efc00000, 0x00000003efc00000|
|  97|0x00000003f0000000, 0x00000003f0000000, 0x00000003f0400000|  0%| F|  |TS  0|AC  0|TAMS 0x00000003f0000000, 0x00000003f0000000|
|  98|0x00000003f0400000, 0x00000003f0400000, 0x00000003f0800000|  0%| F|  |TS  0|AC  0|TAMS 0x00000003f0400000, 0x00000003f0400000|
|  99|0x00000003f0800000, 0x00000003f0800000, 0x00000003f0c00000|  0%| F|  |TS  0|AC  0|TAMS 0x00000003f0800000, 0x00000003f0800000|
| 100|0x00000003f0c00000, 0x00000003f0c00000, 0x00000003f1000000|  0%| F|  |TS  0|AC  0|TAMS 0x00000003f0c00000, 0x00000003f0c00000|
| 101|0x00000003f1000000, 0x00000003f1000000, 0x00000003f1400000|  0%| F|  |TS  0|AC  0|TAMS 0x00000003f1000000, 0x00000003f1000000|
| 102|0x00000003f1400000, 0x00000003f1400000, 0x00000003f1800000|  0%| F|  |TS  0|AC  0|TAMS 0x00000003f1400000, 0x00000003f1400000|
| 103|0x00000003f1800000, 0x00000003f1800000, 0x00000003f1c00000|  0%| F|  |TS  0|AC  0|TAMS 0x00000003f1800000, 0x00000003f1800000|
| 104|0x00000003f1c00000, 0x00000003f1c00000, 0x00000003f2000000|  0%| F|  |TS  0|AC  0|TAMS 0x00000003f1c00000, 0x00000003f1c00000|
| 105|0x00000003f2000000, 0x00000003f2000000, 0x00000003f2400000|  0%| F|  |TS  0|AC  0|TAMS 0x00000003f2000000, 0x00000003f2000000|
| 106|0x00000003f2400000, 0x00000003f2400000, 0x00000003f2800000|  0%| F|  |TS  0|AC  0|TAMS 0x00000003f2400000, 0x00000003f2400000|
| 107|0x00000003f2800000, 0x00000003f2800000, 0x00000003f2c00000|  0%| F|  |TS  0|AC  0|TAMS 0x00000003f2800000, 0x00000003f2800000|
| 108|0x00000003f2c00000, 0x00000003f2c00000, 0x00000003f3000000|  0%| F|  |TS  0|AC  0|TAMS 0x00000003f2c00000, 0x00000003f2c00000|
| 109|0x00000003f3000000, 0x00000003f3000000, 0x00000003f3400000|  0%| F|  |TS  0|AC  0|TAMS 0x00000003f3000000, 0x00000003f3000000|
| 110|0x00000003f3400000, 0x00000003f3400000, 0x00000003f3800000|  0%| F|  |TS  0|AC  0|TAMS 0x00000003f3400000, 0x00000003f3400000|
| 111|0x00000003f3800000, 0x00000003f3800000, 0x00000003f3c00000|  0%| F|  |TS  0|AC  0|TAMS 0x00000003f3800000, 0x00000003f3800000|
| 112|0x00000003f3c00000, 0x00000003f3c00000, 0x00000003f4000000|  0%| F|  |TS  0|AC  0|TAMS 0x00000003f3c00000, 0x00000003f3c00000|
| 113|0x00000003f4000000, 0x00000003f4000000, 0x00000003f4400000|  0%| F|  |TS  0|AC  0|TAMS 0x00000003f4000000, 0x00000003f4000000|
| 114|0x00000003f4400000, 0x00000003f4400000, 0x00000003f4800000|  0%| F|  |TS  0|AC  0|TAMS 0x00000003f4400000, 0x00000003f4400000|
| 115|0x00000003f4800000, 0x00000003f4800000, 0x00000003f4c00000|  0%| F|  |TS  0|AC  0|TAMS 0x00000003f4800000, 0x00000003f4800000|
| 116|0x00000003f4c00000, 0x00000003f4c00000, 0x00000003f5000000|  0%| F|  |TS  0|AC  0|TAMS 0x00000003f4c00000, 0x00000003f4c00000|
| 117|0x00000003f5000000, 0x00000003f5000000, 0x00000003f5400000|  0%| F|  |TS  0|AC  0|TAMS 0x00000003f5000000, 0x00000003f5000000|
| 118|0x00000003f5400000, 0x00000003f5400000, 0x00000003f5800000|  0%| F|  |TS  0|AC  0|TAMS 0x00000003f5400000, 0x00000003f5400000|
| 119|0x00000003f5800000, 0x00000003f5800000, 0x00000003f5c00000|  0%| F|  |TS  0|AC  0|TAMS 0x00000003f5800000, 0x00000003f5800000|
| 120|0x00000003f5c00000, 0x00000003f5c00000, 0x00000003f6000000|  0%| F|  |TS  0|AC  0|TAMS 0x00000003f5c00000, 0x00000003f5c00000|
| 121|0x00000003f6000000, 0x00000003f6000000, 0x00000003f6400000|  0%| F|  |TS  0|AC  0|TAMS 0x00000003f6000000, 0x00000003f6000000|
| 122|0x00000003f6400000, 0x00000003f6400000, 0x00000003f6800000|  0%| F|  |TS  0|AC  0|TAMS 0x00000003f6400000, 0x00000003f6400000|
| 123|0x00000003f6800000, 0x00000003f6800000, 0x00000003f6c00000|  0%| F|  |TS  0|AC  0|TAMS 0x00000003f6800000, 0x00000003f6800000|
| 124|0x00000003f6c00000, 0x00000003f6c00000, 0x00000003f7000000|  0%| F|  |TS  0|AC  0|TAMS 0x00000003f6c00000, 0x00000003f6c00000|
| 125|0x00000003f7000000, 0x00000003f7000000, 0x00000003f7400000|  0%| F|  |TS  0|AC  0|TAMS 0x00000003f7000000, 0x00000003f7000000|
| 126|0x00000003f7400000, 0x00000003f7400000, 0x00000003f7800000|  0%| F|  |TS  0|AC  0|TAMS 0x00000003f7400000, 0x00000003f7400000|
| 127|0x00000003f7800000, 0x00000003f7800000, 0x00000003f7c00000|  0%| F|  |TS  0|AC  0|TAMS 0x00000003f7800000, 0x00000003f7800000|
| 128|0x00000003f7c00000, 0x00000003f7c00000, 0x00000003f8000000|  0%| F|  |TS  0|AC  0|TAMS 0x00000003f7c00000, 0x00000003f7c00000|
| 129|0x00000003f8000000, 0x00000003f8000000, 0x00000003f8400000|  0%| F|  |TS  0|AC  0|TAMS 0x00000003f8000000, 0x00000003f8000000|
| 130|0x00000003f8400000, 0x00000003f8400000, 0x00000003f8800000|  0%| F|  |TS  0|AC  0|TAMS 0x00000003f8400000, 0x00000003f8400000|
| 131|0x00000003f8800000, 0x00000003f8800000, 0x00000003f8c00000|  0%| F|  |TS  0|AC  0|TAMS 0x00000003f8800000, 0x00000003f8800000|
| 132|0x00000003f8c00000, 0x00000003f8c00000, 0x00000003f9000000|  0%| F|  |TS  0|AC  0|TAMS 0x00000003f8c00000, 0x00000003f8c00000|
| 133|0x00000003f9000000, 0x00000003f9000000, 0x00000003f9400000|  0%| F|  |TS  0|AC  0|TAMS 0x00000003f9000000, 0x00000003f9000000|
| 134|0x00000003f9400000, 0x00000003f9400000, 0x00000003f9800000|  0%| F|  |TS  0|AC  0|TAMS 0x00000003f9400000, 0x00000003f9400000|
| 135|0x00000003f9800000, 0x00000003f9800000, 0x00000003f9c00000|  0%| F|  |TS  0|AC  0|TAMS 0x00000003f9800000, 0x00000003f9800000|
| 136|0x00000003f9c00000, 0x00000003f9c00000, 0x00000003fa000000|  0%| F|  |TS  0|AC  0|TAMS 0x00000003f9c00000, 0x00000003f9c00000|
| 137|0x00000003fa000000, 0x00000003fa000000, 0x00000003fa400000|  0%| F|  |TS  0|AC  0|TAMS 0x00000003fa000000, 0x00000003fa000000|
| 138|0x00000003fa400000, 0x00000003fa400000, 0x00000003fa800000|  0%| F|  |TS  0|AC  0|TAMS 0x00000003fa400000, 0x00000003fa400000|
| 139|0x00000003fa800000, 0x00000003fa800000, 0x00000003fac00000|  0%| F|  |TS  0|AC  0|TAMS 0x00000003fa800000, 0x00000003fa800000|
| 140|0x00000003fac00000, 0x00000003fac00000, 0x00000003fb000000|  0%| F|  |TS  0|AC  0|TAMS 0x00000003fac00000, 0x00000003fac00000|
| 141|0x00000003fb000000, 0x00000003fb000000, 0x00000003fb400000|  0%| F|  |TS  0|AC  0|TAMS 0x00000003fb000000, 0x00000003fb000000|
| 142|0x00000003fb400000, 0x00000003fb400000, 0x00000003fb800000|  0%| F|  |TS  0|AC  0|TAMS 0x00000003fb400000, 0x00000003fb400000|
| 143|0x00000003fb800000, 0x00000003fb800000, 0x00000003fbc00000|  0%| F|  |TS  0|AC  0|TAMS 0x00000003fb800000, 0x00000003fb800000|
| 144|0x00000003fbc00000, 0x00000003fbc00000, 0x00000003fc000000|  0%| F|  |TS  0|AC  0|TAMS 0x00000003fbc00000, 0x00000003fbc00000|
| 145|0x00000003fc000000, 0x00000003fc000000, 0x00000003fc400000|  0%| F|  |TS  0|AC  0|TAMS 0x00000003fc000000, 0x00000003fc000000|
| 146|0x00000003fc400000, 0x00000003fc400000, 0x00000003fc800000|  0%| F|  |TS  0|AC  0|TAMS 0x00000003fc400000, 0x00000003fc400000|
| 147|0x00000003fc800000, 0x00000003fc800000, 0x00000003fcc00000|  0%| F|  |TS  0|AC  0|TAMS 0x00000003fc800000, 0x00000003fc800000|
| 148|0x00000003fcc00000, 0x00000003fcc00000, 0x00000003fd000000|  0%| F|  |TS  0|AC  0|TAMS 0x00000003fcc00000, 0x00000003fcc00000|
| 149|0x00000003fd000000, 0x00000003fd000000, 0x00000003fd400000|  0%| F|  |TS  0|AC  0|TAMS 0x00000003fd000000, 0x00000003fd000000|
| 150|0x00000003fd400000, 0x00000003fd400000, 0x00000003fd800000|  0%| F|  |TS  0|AC  0|TAMS 0x00000003fd400000, 0x00000003fd400000|
| 151|0x00000003fd800000, 0x00000003fd800000, 0x00000003fdc00000|  0%| F|  |TS  0|AC  0|TAMS 0x00000003fd800000, 0x00000003fd800000|
| 152|0x00000003fdc00000, 0x00000003fdc00000, 0x00000003fe000000|  0%| F|  |TS  0|AC  0|TAMS 0x00000003fdc00000, 0x00000003fdc00000|
| 153|0x00000003fe000000, 0x00000003fe000000, 0x00000003fe400000|  0%| F|  |TS  0|AC  0|TAMS 0x00000003fe000000, 0x00000003fe000000|
| 154|0x00000003fe400000, 0x00000003fe400000, 0x00000003fe800000|  0%| F|  |TS  0|AC  0|TAMS 0x00000003fe400000, 0x00000003fe400000|
| 155|0x00000003fe800000, 0x00000003fe800000, 0x00000003fec00000|  0%| F|  |TS  0|AC  0|TAMS 0x00000003fe800000, 0x00000003fe800000|
| 156|0x00000003fec00000, 0x00000003fec00000, 0x00000003ff000000|  0%| F|  |TS  0|AC  0|TAMS 0x00000003fec00000, 0x00000003fec00000|
| 157|0x00000003ff000000, 0x00000003ff000000, 0x00000003ff400000|  0%| F|  |TS  0|AC  0|TAMS 0x00000003ff000000, 0x00000003ff000000|
| 158|0x00000003ff400000, 0x00000003ff400000, 0x00000003ff800000|  0%| F|  |TS  0|AC  0|TAMS 0x00000003ff400000, 0x00000003ff400000|
| 159|0x00000003ff800000, 0x00000003ff800000, 0x00000003ffc00000|  0%| F|  |TS  0|AC  0|TAMS 0x00000003ff800000, 0x00000003ff800000|
| 160|0x00000003ffc00000, 0x00000003ffc00000, 0x0000000400000000|  0%| F|  |TS  0|AC  0|TAMS 0x00000003ffc00000, 0x00000003ffc00000|
| 161|0x0000000400000000, 0x0000000400000000, 0x0000000400400000|  0%| F|  |TS  0|AC  0|TAMS 0x0000000400000000, 0x0000000400000000|
| 162|0x0000000400400000, 0x0000000400400000, 0x0000000400800000|  0%| F|  |TS  0|AC  0|TAMS 0x0000000400400000, 0x0000000400400000|
| 163|0x0000000400800000, 0x0000000400800000, 0x0000000400c00000|  0%| F|  |TS  0|AC  0|TAMS 0x0000000400800000, 0x0000000400800000|
| 164|0x0000000400c00000, 0x0000000400c00000, 0x0000000401000000|  0%| F|  |TS  0|AC  0|TAMS 0x0000000400c00000, 0x0000000400c00000|
| 165|0x0000000401000000, 0x0000000401000000, 0x0000000401400000|  0%| F|  |TS  0|AC  0|TAMS 0x0000000401000000, 0x0000000401000000|
| 166|0x0000000401400000, 0x0000000401400000, 0x0000000401800000|  0%| F|  |TS  0|AC  0|TAMS 0x0000000401400000, 0x0000000401400000|
| 167|0x0000000401800000, 0x0000000401800000, 0x0000000401c00000|  0%| F|  |TS  0|AC  0|TAMS 0x0000000401800000, 0x0000000401800000|
| 168|0x0000000401c00000, 0x0000000401c00000, 0x0000000402000000|  0%| F|  |TS  0|AC  0|TAMS 0x0000000401c00000, 0x0000000401c00000|
| 169|0x0000000402000000, 0x0000000402000000, 0x0000000402400000|  0%| F|  |TS  0|AC  0|TAMS 0x0000000402000000, 0x0000000402000000|
| 170|0x0000000402400000, 0x0000000402400000, 0x0000000402800000|  0%| F|  |TS  0|AC  0|TAMS 0x0000000402400000, 0x0000000402400000|
| 171|0x0000000402800000, 0x0000000402800000, 0x0000000402c00000|  0%| F|  |TS  0|AC  0|TAMS 0x0000000402800000, 0x0000000402800000|
| 172|0x0000000402c00000, 0x0000000402c00000, 0x0000000403000000|  0%| F|  |TS  0|AC  0|TAMS 0x0000000402c00000, 0x0000000402c00000|
| 173|0x0000000403000000, 0x0000000403000000, 0x0000000403400000|  0%| F|  |TS  0|AC  0|TAMS 0x0000000403000000, 0x0000000403000000|
| 174|0x0000000403400000, 0x0000000403400000, 0x0000000403800000|  0%| F|  |TS  0|AC  0|TAMS 0x0000000403400000, 0x0000000403400000|
| 175|0x0000000403800000, 0x0000000403800000, 0x0000000403c00000|  0%| F|  |TS  0|AC  0|TAMS 0x0000000403800000, 0x0000000403800000|
| 176|0x0000000403c00000, 0x0000000403c00000, 0x0000000404000000|  0%| F|  |TS  0|AC  0|TAMS 0x0000000403c00000, 0x0000000403c00000|
| 177|0x0000000404000000, 0x0000000404000000, 0x0000000404400000|  0%| F|  |TS  0|AC  0|TAMS 0x0000000404000000, 0x0000000404000000|
| 178|0x0000000404400000, 0x0000000404400000, 0x0000000404800000|  0%| F|  |TS  0|AC  0|TAMS 0x0000000404400000, 0x0000000404400000|
| 179|0x0000000404800000, 0x0000000404800000, 0x0000000404c00000|  0%| F|  |TS  0|AC  0|TAMS 0x0000000404800000, 0x0000000404800000|
| 180|0x0000000404c00000, 0x0000000404c00000, 0x0000000405000000|  0%| F|  |TS  0|AC  0|TAMS 0x0000000404c00000, 0x0000000404c00000|
| 181|0x0000000405000000, 0x0000000405000000, 0x0000000405400000|  0%| F|  |TS  0|AC  0|TAMS 0x0000000405000000, 0x0000000405000000|
| 182|0x0000000405400000, 0x0000000405400000, 0x0000000405800000|  0%| F|  |TS  0|AC  0|TAMS 0x0000000405400000, 0x0000000405400000|
| 183|0x0000000405800000, 0x0000000405800000, 0x0000000405c00000|  0%| F|  |TS  0|AC  0|TAMS 0x0000000405800000, 0x0000000405800000|
| 184|0x0000000405c00000, 0x0000000405c00000, 0x0000000406000000|  0%| F|  |TS  0|AC  0|TAMS 0x0000000405c00000, 0x0000000405c00000|
| 185|0x0000000406000000, 0x0000000406000000, 0x0000000406400000|  0%| F|  |TS  0|AC  0|TAMS 0x0000000406000000, 0x0000000406000000|
| 186|0x0000000406400000, 0x0000000406400000, 0x0000000406800000|  0%| F|  |TS  0|AC  0|TAMS 0x0000000406400000, 0x0000000406400000|
| 187|0x0000000406800000, 0x0000000406800000, 0x0000000406c00000|  0%| F|  |TS  0|AC  0|TAMS 0x0000000406800000, 0x0000000406800000|
| 188|0x0000000406c00000, 0x0000000406c00000, 0x0000000407000000|  0%| F|  |TS  0|AC  0|TAMS 0x0000000406c00000, 0x0000000406c00000|
| 189|0x0000000407000000, 0x0000000407000000, 0x0000000407400000|  0%| F|  |TS  0|AC  0|TAMS 0x0000000407000000, 0x0000000407000000|
| 190|0x0000000407400000, 0x0000000407400000, 0x0000000407800000|  0%| F|  |TS  0|AC  0|TAMS 0x0000000407400000, 0x0000000407400000|
| 191|0x0000000407800000, 0x0000000407800000, 0x0000000407c00000|  0%| F|  |TS  0|AC  0|TAMS 0x0000000407800000, 0x0000000407800000|
| 192|0x0000000407c00000, 0x0000000407c00000, 0x0000000408000000|  0%| F|  |TS  0|AC  0|TAMS 0x0000000407c00000, 0x0000000407c00000|
| 193|0x0000000408000000, 0x0000000408000000, 0x0000000408400000|  0%| F|  |TS  0|AC  0|TAMS 0x0000000408000000, 0x0000000408000000|
| 194|0x0000000408400000, 0x0000000408400000, 0x0000000408800000|  0%| F|  |TS  0|AC  0|TAMS 0x0000000408400000, 0x0000000408400000|
| 195|0x0000000408800000, 0x0000000408800000, 0x0000000408c00000|  0%| F|  |TS  0|AC  0|TAMS 0x0000000408800000, 0x0000000408800000|
| 196|0x0000000408c00000, 0x0000000408c00000, 0x0000000409000000|  0%| F|  |TS  0|AC  0|TAMS 0x0000000408c00000, 0x0000000408c00000|
| 197|0x0000000409000000, 0x0000000409000000, 0x0000000409400000|  0%| F|  |TS  0|AC  0|TAMS 0x0000000409000000, 0x0000000409000000|
| 198|0x0000000409400000, 0x0000000409400000, 0x0000000409800000|  0%| F|  |TS  0|AC  0|TAMS 0x0000000409400000, 0x0000000409400000|
| 199|0x0000000409800000, 0x0000000409800000, 0x0000000409c00000|  0%| F|  |TS  0|AC  0|TAMS 0x0000000409800000, 0x0000000409800000|
| 200|0x0000000409c00000, 0x0000000409c00000, 0x000000040a000000|  0%| F|  |TS  0|AC  0|TAMS 0x0000000409c00000, 0x0000000409c00000|
| 201|0x000000040a000000, 0x000000040a000000, 0x000000040a400000|  0%| F|  |TS  0|AC  0|TAMS 0x000000040a000000, 0x000000040a000000|
| 202|0x000000040a400000, 0x000000040a400000, 0x000000040a800000|  0%| F|  |TS  0|AC  0|TAMS 0x000000040a400000, 0x000000040a400000|
| 203|0x000000040a800000, 0x000000040a800000, 0x000000040ac00000|  0%| F|  |TS  0|AC  0|TAMS 0x000000040a800000, 0x000000040a800000|
| 204|0x000000040ac00000, 0x000000040ac00000, 0x000000040b000000|  0%| F|  |TS  0|AC  0|TAMS 0x000000040ac00000, 0x000000040ac00000|
| 205|0x000000040b000000, 0x000000040b000000, 0x000000040b400000|  0%| F|  |TS  0|AC  0|TAMS 0x000000040b000000, 0x000000040b000000|
| 206|0x000000040b400000, 0x000000040b400000, 0x000000040b800000|  0%| F|  |TS  0|AC  0|TAMS 0x000000040b400000, 0x000000040b400000|
| 207|0x000000040b800000, 0x000000040b800000, 0x000000040bc00000|  0%| F|  |TS  0|AC  0|TAMS 0x000000040b800000, 0x000000040b800000|
| 208|0x000000040bc00000, 0x000000040bc00000, 0x000000040c000000|  0%| F|  |TS  0|AC  0|TAMS 0x000000040bc00000, 0x000000040bc00000|
| 209|0x000000040c000000, 0x000000040c000000, 0x000000040c400000|  0%| F|  |TS  0|AC  0|TAMS 0x000000040c000000, 0x000000040c000000|
| 210|0x000000040c400000, 0x000000040c400000, 0x000000040c800000|  0%| F|  |TS  0|AC  0|TAMS 0x000000040c400000, 0x000000040c400000|
| 211|0x000000040c800000, 0x000000040c800000, 0x000000040cc00000|  0%| F|  |TS  0|AC  0|TAMS 0x000000040c800000, 0x000000040c800000|
| 212|0x000000040cc00000, 0x000000040cc00000, 0x000000040d000000|  0%| F|  |TS  0|AC  0|TAMS 0x000000040cc00000, 0x000000040cc00000|
| 213|0x000000040d000000, 0x000000040d000000, 0x000000040d400000|  0%| F|  |TS  0|AC  0|TAMS 0x000000040d000000, 0x000000040d000000|
| 214|0x000000040d400000, 0x000000040d400000, 0x000000040d800000|  0%| F|  |TS  0|AC  0|TAMS 0x000000040d400000, 0x000000040d400000|
| 215|0x000000040d800000, 0x000000040d800000, 0x000000040dc00000|  0%| F|  |TS  0|AC  0|TAMS 0x000000040d800000, 0x000000040d800000|
| 216|0x000000040dc00000, 0x000000040dc00000, 0x000000040e000000|  0%| F|  |TS  0|AC  0|TAMS 0x000000040dc00000, 0x000000040dc00000|
| 217|0x000000040e000000, 0x000000040e000000, 0x000000040e400000|  0%| F|  |TS  0|AC  0|TAMS 0x000000040e000000, 0x000000040e000000|
| 218|0x000000040e400000, 0x000000040e400000, 0x000000040e800000|  0%| F|  |TS  0|AC  0|TAMS 0x000000040e400000, 0x000000040e400000|
| 219|0x000000040e800000, 0x000000040e800000, 0x000000040ec00000|  0%| F|  |TS  0|AC  0|TAMS 0x000000040e800000, 0x000000040e800000|
| 220|0x000000040ec00000, 0x000000040ec00000, 0x000000040f000000|  0%| F|  |TS  0|AC  0|TAMS 0x000000040ec00000, 0x000000040ec00000|
| 221|0x000000040f000000, 0x000000040f000000, 0x000000040f400000|  0%| F|  |TS  0|AC  0|TAMS 0x000000040f000000, 0x000000040f000000|
| 222|0x000000040f400000, 0x000000040f400000, 0x000000040f800000|  0%| F|  |TS  0|AC  0|TAMS 0x000000040f400000, 0x000000040f400000|
| 223|0x000000040f800000, 0x000000040f800000, 0x000000040fc00000|  0%| F|  |TS  0|AC  0|TAMS 0x000000040f800000, 0x000000040f800000|
| 224|0x000000040fc00000, 0x000000040fc00000, 0x0000000410000000|  0%| F|  |TS  0|AC  0|TAMS 0x000000040fc00000, 0x000000040fc00000|
| 225|0x0000000410000000, 0x0000000410000000, 0x0000000410400000|  0%| F|  |TS  0|AC  0|TAMS 0x0000000410000000, 0x0000000410000000|
| 226|0x0000000410400000, 0x0000000410400000, 0x0000000410800000|  0%| F|  |TS  0|AC  0|TAMS 0x0000000410400000, 0x0000000410400000|
| 227|0x0000000410800000, 0x0000000410800000, 0x0000000410c00000|  0%| F|  |TS  0|AC  0|TAMS 0x0000000410800000, 0x0000000410800000|
| 228|0x0000000410c00000, 0x0000000410c00000, 0x0000000411000000|  0%| F|  |TS  0|AC  0|TAMS 0x0000000410c00000, 0x0000000410c00000|
| 229|0x0000000411000000, 0x0000000411000000, 0x0000000411400000|  0%| F|  |TS  0|AC  0|TAMS 0x0000000411000000, 0x0000000411000000|
| 230|0x0000000411400000, 0x0000000411400000, 0x0000000411800000|  0%| F|  |TS  0|AC  0|TAMS 0x0000000411400000, 0x0000000411400000|
| 231|0x0000000411800000, 0x0000000411800000, 0x0000000411c00000|  0%| F|  |TS  0|AC  0|TAMS 0x0000000411800000, 0x0000000411800000|
| 232|0x0000000411c00000, 0x0000000411c00000, 0x0000000412000000|  0%| F|  |TS  0|AC  0|TAMS 0x0000000411c00000, 0x0000000411c00000|
| 233|0x0000000412000000, 0x0000000412000000, 0x0000000412400000|  0%| F|  |TS  0|AC  0|TAMS 0x0000000412000000, 0x0000000412000000|
| 234|0x0000000412400000, 0x0000000412400000, 0x0000000412800000|  0%| F|  |TS  0|AC  0|TAMS 0x0000000412400000, 0x0000000412400000|
| 235|0x0000000412800000, 0x0000000412800000, 0x0000000412c00000|  0%| F|  |TS  0|AC  0|TAMS 0x0000000412800000, 0x0000000412800000|
| 236|0x0000000412c00000, 0x0000000412c00000, 0x0000000413000000|  0%| F|  |TS  0|AC  0|TAMS 0x0000000412c00000, 0x0000000412c00000|
| 237|0x0000000413000000, 0x0000000413000000, 0x0000000413400000|  0%| F|  |TS  0|AC  0|TAMS 0x0000000413000000, 0x0000000413000000|
| 238|0x0000000413400000, 0x0000000413400000, 0x0000000413800000|  0%| F|  |TS  0|AC  0|TAMS 0x0000000413400000, 0x0000000413400000|
| 239|0x0000000413800000, 0x0000000413800000, 0x0000000413c00000|  0%| F|  |TS  0|AC  0|TAMS 0x0000000413800000, 0x0000000413800000|
| 240|0x0000000413c00000, 0x0000000413c00000, 0x0000000414000000|  0%| F|  |TS  0|AC  0|TAMS 0x0000000413c00000, 0x0000000413c00000|
| 241|0x0000000414000000, 0x0000000414000000, 0x0000000414400000|  0%| F|  |TS  0|AC  0|TAMS 0x0000000414000000, 0x0000000414000000|
| 242|0x0000000414400000, 0x0000000414400000, 0x0000000414800000|  0%| F|  |TS  0|AC  0|TAMS 0x0000000414400000, 0x0000000414400000|
| 243|0x0000000414800000, 0x0000000414800000, 0x0000000414c00000|  0%| F|  |TS  0|AC  0|TAMS 0x0000000414800000, 0x0000000414800000|
| 244|0x0000000414c00000, 0x0000000414c00000, 0x0000000415000000|  0%| F|  |TS  0|AC  0|TAMS 0x0000000414c00000, 0x0000000414c00000|
| 245|0x0000000415000000, 0x0000000415000000, 0x0000000415400000|  0%| F|  |TS  0|AC  0|TAMS 0x0000000415000000, 0x0000000415000000|
| 246|0x0000000415400000, 0x0000000415400000, 0x0000000415800000|  0%| F|  |TS  0|AC  0|TAMS 0x0000000415400000, 0x0000000415400000|
| 247|0x0000000415800000, 0x0000000415800000, 0x0000000415c00000|  0%| F|  |TS  0|AC  0|TAMS 0x0000000415800000, 0x0000000415800000|
| 248|0x0000000415c00000, 0x0000000415dec0b0, 0x0000000416000000| 48%| E|  |TS  0|AC  0|TAMS 0x0000000415c00000, 0x0000000415c00000|
| 249|0x0000000416000000, 0x0000000416400000, 0x0000000416400000|100%| E|CS|TS  0|AC  0|TAMS 0x0000000416000000, 0x0000000416000000|
| 250|0x0000000416400000, 0x0000000416800000, 0x0000000416800000|100%| E|CS|TS  0|AC  0|TAMS 0x0000000416400000, 0x0000000416400000|

Card table byte_map: [0x00007fbe9223a000,0x00007fbe9417c000] byte_map_base: 0x00007fbe9037c000

Marking Bits (Prev, Next): (CMBitMap*) 0x00007fbf5c09e820, (CMBitMap*) 0x00007fbf5c09e858
 Prev Bits: [0x00007fbe808e8000, 0x00007fbe902f8000)
 Next Bits: [0x00007fbe70ed8000, 0x00007fbe808e8000)

Polling page: 0x00007fbf6269c000

CodeHeap 'non-profiled nmethods': size=119172Kb used=158Kb max_used=158Kb free=119013Kb
 bounds [0x00007fbf496e2000, 0x00007fbf49952000, 0x00007fbf50b43000]
CodeHeap 'profiled nmethods': size=119172Kb used=340Kb max_used=340Kb free=118831Kb
 bounds [0x00007fbf42281000, 0x00007fbf424f1000, 0x00007fbf496e2000]
CodeHeap 'non-nmethods': size=7416Kb used=2826Kb max_used=2857Kb free=4589Kb
 bounds [0x00007fbf41b43000, 0x00007fbf41e13000, 0x00007fbf42281000]
 total_blobs=632 nmethods=251 adapters=168
 compilation: enabled

Compilation events (10 events):
Event: 0.289 Thread 0x00007fbf5c2b2800 nmethod 243 0x00007fbf496f8c90 code [0x00007fbf496f8f00, 0x00007fbf496f9fc8]
Event: 0.291 Thread 0x00007fbf5c2ad000  250   !   4       java.io.PrintStream::newLine (73 bytes)
Event: 0.304 Thread 0x00007fbf5c2af000 nmethod 244 0x00007fbf496fa890 code [0x00007fbf496faac0, 0x00007fbf496fb868]
Event: 0.304 Thread 0x00007fbf5c2b1000 nmethod 242 0x00007fbf496fbe90 code [0x00007fbf496fc100, 0x00007fbf496fd508]
Event: 0.308 Thread 0x00007fbf5c2ad000 nmethod 250 0x00007fbf496fde90 code [0x00007fbf496fe100, 0x00007fbf496ff668]
Event: 0.323 Thread 0x00007fbf5c2b8000 nmethod 249 0x00007fbf49700110 code [0x00007fbf49700360, 0x00007fbf49701698]
Event: 0.379 Thread 0x00007fbf5c2b4800 nmethod 248 0x00007fbf49702090 code [0x00007fbf49702540, 0x00007fbf49706fc8]
Event: 0.379 Thread 0x00007fbf5c2b6000  251       4       java.io.FileDescriptor$1::getAppend (5 bytes)
Event: 0.380 Thread 0x00007fbf5c2b6000 nmethod 251 0x00007fbf49709590 code [0x00007fbf49709720, 0x00007fbf49709798]
Event: 0.479 Thread 0x00007fbf5c2bd800  252 %     3       org.eclipse.core.runtime.adaptor.EclipseStarter::main @ 4810 (5714 bytes)

GC Heap History (0 events):
No events

Deoptimization events (0 events):
No events

Classes redefined (0 events):
No events

Internal exceptions (0 events):
No events

Events (10 events):
Event: 0.235 Thread 0x00007fbf5c011800 DEOPT PACKING pc=0x00007fbf422b3ba8 sp=0x00007fbf60d46f20
Event: 0.235 Thread 0x00007fbf5c011800 DEOPT UNPACKING pc=0x00007fbf41b90aab sp=0x00007fbf60d463b8 mode 0
Event: 0.235 Thread 0x00007fbf5c011800 DEOPT PACKING pc=0x00007fbf422b7124 sp=0x00007fbf60d46b50
Event: 0.235 Thread 0x00007fbf5c011800 DEOPT UNPACKING pc=0x00007fbf41b90aab sp=0x00007fbf60d46138 mode 0
Event: 0.237 Thread 0x00007fbf5c011800 DEOPT PACKING pc=0x00007fbf422b7124 sp=0x00007fbf60d46b50
Event: 0.237 Thread 0x00007fbf5c011800 DEOPT UNPACKING pc=0x00007fbf41b90aab sp=0x00007fbf60d46138 mode 0
Event: 0.240 Thread 0x00007fbf5c011800 DEOPT PACKING pc=0x00007fbf422b7124 sp=0x00007fbf60d46b50
Event: 0.240 Thread 0x00007fbf5c011800 DEOPT UNPACKING pc=0x00007fbf41b90aab sp=0x00007fbf60d46138 mode 0
Event: 0.241 Thread 0x00007fbf5c011800 DEOPT PACKING pc=0x00007fbf422b7124 sp=0x00007fbf60d46b50
Event: 0.241 Thread 0x00007fbf5c011800 DEOPT UNPACKING pc=0x00007fbf41b90aab sp=0x00007fbf60d46138 mode 0


Dynamic libraries:
00400000-00401000 r-xp 00000000 00:65 77077150                           /root/oracle/jdk-9.0.4/bin/java
00600000-00601000 rw-p 00000000 00:65 77077150                           /root/oracle/jdk-9.0.4/bin/java
010d0000-010f1000 rw-p 00000000 00:00 0                                  [heap]
3d7c00000-416800000 rw-p 00000000 00:00 0 
416800000-7c0000000 ---p 00000000 00:00 0 
7c0000000-7c0080000 rw-p 00000000 00:00 0 
7c0080000-800000000 ---p 00000000 00:00 0 
7fbe00000000-7fbe00021000 rw-p 00000000 00:00 0 
7fbe00021000-7fbe04000000 ---p 00000000 00:00 0 
7fbe08000000-7fbe08021000 rw-p 00000000 00:00 0 
7fbe08021000-7fbe0c000000 ---p 00000000 00:00 0 
7fbe0c000000-7fbe0c021000 rw-p 00000000 00:00 0 
7fbe0c021000-7fbe10000000 ---p 00000000 00:00 0 
7fbe10000000-7fbe10021000 rw-p 00000000 00:00 0 
7fbe10021000-7fbe14000000 ---p 00000000 00:00 0 
7fbe14000000-7fbe14021000 rw-p 00000000 00:00 0 
7fbe14021000-7fbe18000000 ---p 00000000 00:00 0 
7fbe18000000-7fbe18037000 rw-p 00000000 00:00 0 
7fbe18037000-7fbe1c000000 ---p 00000000 00:00 0 
7fbe1c000000-7fbe1c07c000 rw-p 00000000 00:00 0 
7fbe1c07c000-7fbe20000000 ---p 00000000 00:00 0 
7fbe20000000-7fbe2002b000 rw-p 00000000 00:00 0 
7fbe2002b000-7fbe24000000 ---p 00000000 00:00 0 
7fbe24000000-7fbe24087000 rw-p 00000000 00:00 0 
7fbe24087000-7fbe28000000 ---p 00000000 00:00 0 
7fbe28000000-7fbe28062000 rw-p 00000000 00:00 0 
7fbe28062000-7fbe2c000000 ---p 00000000 00:00 0 
7fbe2c000000-7fbe2c21f000 rw-p 00000000 00:00 0 
7fbe2c21f000-7fbe30000000 ---p 00000000 00:00 0 
7fbe30000000-7fbe3013c000 rw-p 00000000 00:00 0 
7fbe3013c000-7fbe34000000 ---p 00000000 00:00 0 
7fbe34000000-7fbe3451a000 rw-p 00000000 00:00 0 
7fbe3451a000-7fbe38000000 ---p 00000000 00:00 0 
7fbe38000000-7fbe38152000 rw-p 00000000 00:00 0 
7fbe38152000-7fbe3c000000 ---p 00000000 00:00 0 
7fbe3c000000-7fbe3c268000 rw-p 00000000 00:00 0 
7fbe3c268000-7fbe40000000 ---p 00000000 00:00 0 
7fbe40000000-7fbe40021000 rw-p 00000000 00:00 0 
7fbe40021000-7fbe44000000 ---p 00000000 00:00 0 
7fbe44000000-7fbe4427d000 rw-p 00000000 00:00 0 
7fbe4427d000-7fbe48000000 ---p 00000000 00:00 0 
7fbe48000000-7fbe48021000 rw-p 00000000 00:00 0 
7fbe48021000-7fbe4c000000 ---p 00000000 00:00 0 
7fbe4c000000-7fbe4c021000 rw-p 00000000 00:00 0 
7fbe4c021000-7fbe50000000 ---p 00000000 00:00 0 
7fbe50000000-7fbe50021000 rw-p 00000000 00:00 0 
7fbe50021000-7fbe54000000 ---p 00000000 00:00 0 
7fbe54000000-7fbe54021000 rw-p 00000000 00:00 0 
7fbe54021000-7fbe58000000 ---p 00000000 00:00 0 
7fbe58798000-7fbe58ac6000 rw-p 00000000 00:00 0 
7fbe58ac6000-7fbe58ac7000 ---p 00000000 00:00 0 
7fbe58ac7000-7fbe58bc8000 rw-p 00000000 00:00 0 
7fbe58bc8000-7fbe58bcc000 ---p 00000000 00:00 0 
7fbe58bcc000-7fbe58cc9000 rw-p 00000000 00:00 0 
7fbe58cc9000-7fbe58ccd000 ---p 00000000 00:00 0 
7fbe58ccd000-7fbe58dca000 rw-p 00000000 00:00 0 
7fbe58dca000-7fbe58de0000 r-xp 00000000 00:65 77077477                   /root/oracle/jdk-9.0.4/lib/libnet.so
7fbe58de0000-7fbe58fe0000 ---p 00016000 00:65 77077477                   /root/oracle/jdk-9.0.4/lib/libnet.so
7fbe58fe0000-7fbe58fe1000 rw-p 00016000 00:65 77077477                   /root/oracle/jdk-9.0.4/lib/libnet.so
7fbe58fe1000-7fbe58ff1000 r-xp 00000000 00:65 77077594                   /root/oracle/jdk-9.0.4/lib/libnio.so
7fbe58ff1000-7fbe591f1000 ---p 00010000 00:65 77077594                   /root/oracle/jdk-9.0.4/lib/libnio.so
7fbe591f1000-7fbe591f2000 rw-p 00010000 00:65 77077594                   /root/oracle/jdk-9.0.4/lib/libnio.so
7fbe591f2000-7fbe591f6000 ---p 00000000 00:00 0 
7fbe591f6000-7fbe592f3000 rw-p 00000000 00:00 0 
7fbe592f3000-7fbe592f7000 ---p 00000000 00:00 0 
7fbe592f7000-7fbe593f4000 rw-p 00000000 00:00 0 
7fbe593f4000-7fbe593f8000 ---p 00000000 00:00 0 
7fbe593f8000-7fbe594f5000 rw-p 00000000 00:00 0 
7fbe594f5000-7fbe594f9000 ---p 00000000 00:00 0 
7fbe594f9000-7fbe595f6000 rw-p 00000000 00:00 0 
7fbe595f6000-7fbe595fa000 ---p 00000000 00:00 0 
7fbe595fa000-7fbe596f7000 rw-p 00000000 00:00 0 
7fbe596f7000-7fbe596fb000 ---p 00000000 00:00 0 
7fbe596fb000-7fbe597f8000 rw-p 00000000 00:00 0 
7fbe597f8000-7fbe597fc000 ---p 00000000 00:00 0 
7fbe597fc000-7fbe598f9000 rw-p 00000000 00:00 0 
7fbe598f9000-7fbe598fd000 ---p 00000000 00:00 0 
7fbe598fd000-7fbe599fa000 rw-p 00000000 00:00 0 
7fbe599fa000-7fbe599fe000 ---p 00000000 00:00 0 
7fbe599fe000-7fbe59afb000 rw-p 00000000 00:00 0 
7fbe59afb000-7fbe59aff000 ---p 00000000 00:00 0 
7fbe59aff000-7fbe59bfc000 rw-p 00000000 00:00 0 
7fbe59bfc000-7fbe59c00000 ---p 00000000 00:00 0 
7fbe59c00000-7fbe59cfd000 rw-p 00000000 00:00 0 
7fbe59cfd000-7fbe59d01000 ---p 00000000 00:00 0 
7fbe59d01000-7fbe59dfe000 rw-p 00000000 00:00 0 
7fbe59dfe000-7fbe59e02000 ---p 00000000 00:00 0 
7fbe59e02000-7fbe59eff000 rw-p 00000000 00:00 0 
7fbe59eff000-7fbe59f03000 ---p 00000000 00:00 0 
7fbe59f03000-7fbe5a000000 rw-p 00000000 00:00 0 
7fbe5a000000-7fbe5c000000 rwxp 00000000 00:00 0 
7fbe5c000000-7fbe5c021000 rw-p 00000000 00:00 0 
7fbe5c021000-7fbe60000000 ---p 00000000 00:00 0 
7fbe60000000-7fbe60021000 rw-p 00000000 00:00 0 
7fbe60021000-7fbe64000000 ---p 00000000 00:00 0 
7fbe64000000-7fbe64021000 rw-p 00000000 00:00 0 
7fbe64021000-7fbe68000000 ---p 00000000 00:00 0 
7fbe68000000-7fbe68021000 rw-p 00000000 00:00 0 
7fbe68021000-7fbe6c000000 ---p 00000000 00:00 0 
7fbe6c000000-7fbe6c021000 rw-p 00000000 00:00 0 
7fbe6c021000-7fbe70000000 ---p 00000000 00:00 0 
7fbe7005b000-7fbe7005f000 ---p 00000000 00:00 0 
7fbe7005f000-7fbe7015c000 rw-p 00000000 00:00 0 
7fbe7015c000-7fbe70160000 ---p 00000000 00:00 0 
7fbe70160000-7fbe7025d000 rw-p 00000000 00:00 0 
7fbe7025d000-7fbe7025e000 ---p 00000000 00:00 0 
7fbe7025e000-7fbe70815000 rw-p 00000000 00:00 0 
7fbe70815000-7fbe70bd5000 ---p 00000000 00:00 0 
7fbe70bd5000-7fbe71e88000 rw-p 00000000 00:00 0 
7fbe71e88000-7fbe808e8000 ---p 00000000 00:00 0 
7fbe808e8000-7fbe81898000 rw-p 00000000 00:00 0 
7fbe81898000-7fbe902f8000 ---p 00000000 00:00 0 
7fbe902f8000-7fbe904ee000 rw-p 00000000 00:00 0 
7fbe904ee000-7fbe9223a000 ---p 00000000 00:00 0 
7fbe9223a000-7fbe92430000 rw-p 00000000 00:00 0 
7fbe92430000-7fbe960be000 ---p 00000000 00:00 0 
7fbe960be000-7fbe962b4000 rw-p 00000000 00:00 0 
7fbe962b4000-7fbe98000000 ---p 00000000 00:00 0 
7fbe98000000-7fbe98021000 rw-p 00000000 00:00 0 
7fbe98021000-7fbe9c000000 ---p 00000000 00:00 0 
7fbe9c000000-7fbe9c021000 rw-p 00000000 00:00 0 
7fbe9c021000-7fbea0000000 ---p 00000000 00:00 0 
7fbea0000000-7fbea0021000 rw-p 00000000 00:00 0 
7fbea0021000-7fbea4000000 ---p 00000000 00:00 0 
7fbea4000000-7fbea4021000 rw-p 00000000 00:00 0 
7fbea4021000-7fbea8000000 ---p 00000000 00:00 0 
7fbea8000000-7fbea8021000 rw-p 00000000 00:00 0 
7fbea8021000-7fbeac000000 ---p 00000000 00:00 0 
7fbeac000000-7fbeac021000 rw-p 00000000 00:00 0 
7fbeac021000-7fbeb0000000 ---p 00000000 00:00 0 
7fbeb0000000-7fbeb0021000 rw-p 00000000 00:00 0 
7fbeb0021000-7fbeb4000000 ---p 00000000 00:00 0 
7fbeb4000000-7fbeb4021000 rw-p 00000000 00:00 0 
7fbeb4021000-7fbeb8000000 ---p 00000000 00:00 0 
7fbeb8000000-7fbeb8021000 rw-p 00000000 00:00 0 
7fbeb8021000-7fbebc000000 ---p 00000000 00:00 0 
7fbebc000000-7fbebc021000 rw-p 00000000 00:00 0 
7fbebc021000-7fbec0000000 ---p 00000000 00:00 0 
7fbec0000000-7fbec0021000 rw-p 00000000 00:00 0 
7fbec0021000-7fbec4000000 ---p 00000000 00:00 0 
7fbec4000000-7fbec4021000 rw-p 00000000 00:00 0 
7fbec4021000-7fbec8000000 ---p 00000000 00:00 0 
7fbec8000000-7fbec8021000 rw-p 00000000 00:00 0 
7fbec8021000-7fbecc000000 ---p 00000000 00:00 0 
7fbecc000000-7fbecc021000 rw-p 00000000 00:00 0 
7fbecc021000-7fbed0000000 ---p 00000000 00:00 0 
7fbed0000000-7fbed0021000 rw-p 00000000 00:00 0 
7fbed0021000-7fbed4000000 ---p 00000000 00:00 0 
7fbed4000000-7fbed4021000 rw-p 00000000 00:00 0 
7fbed4021000-7fbed8000000 ---p 00000000 00:00 0 
7fbed8000000-7fbed8021000 rw-p 00000000 00:00 0 
7fbed8021000-7fbedc000000 ---p 00000000 00:00 0 
7fbedc000000-7fbedc021000 rw-p 00000000 00:00 0 
7fbedc021000-7fbee0000000 ---p 00000000 00:00 0 
7fbee0000000-7fbee0021000 rw-p 00000000 00:00 0 
7fbee0021000-7fbee4000000 ---p 00000000 00:00 0 
7fbee4000000-7fbee4021000 rw-p 00000000 00:00 0 
7fbee4021000-7fbee8000000 ---p 00000000 00:00 0 
7fbee8000000-7fbee8021000 rw-p 00000000 00:00 0 
7fbee8021000-7fbeec000000 ---p 00000000 00:00 0 
7fbeec000000-7fbeec021000 rw-p 00000000 00:00 0 
7fbeec021000-7fbef0000000 ---p 00000000 00:00 0 
7fbef0034000-7fbef11d1000 rw-p 00000000 00:00 0 
7fbef11d1000-7fbef11d2000 ---p 00000000 00:00 0 
7fbef11d2000-7fbef12d3000 rw-p 00000000 00:00 0 
7fbef12d3000-7fbef12d4000 ---p 00000000 00:00 0 
7fbef12d4000-7fbef13d5000 rw-p 00000000 00:00 0 
7fbef13d5000-7fbef13d6000 ---p 00000000 00:00 0 
7fbef13d6000-7fbef14d7000 rw-p 00000000 00:00 0 
7fbef14d7000-7fbef14d8000 ---p 00000000 00:00 0 
7fbef14d8000-7fbef15d9000 rw-p 00000000 00:00 0 
7fbef15d9000-7fbef15da000 ---p 00000000 00:00 0 
7fbef15da000-7fbef16db000 rw-p 00000000 00:00 0 
7fbef16db000-7fbef16dc000 ---p 00000000 00:00 0 
7fbef16dc000-7fbef1cc8000 rw-p 00000000 00:00 0 
7fbef1cc8000-7fbef1cc9000 ---p 00000000 00:00 0 
7fbef1cc9000-7fbef1dca000 rw-p 00000000 00:00 0 
7fbef1dca000-7fbef1dcb000 ---p 00000000 00:00 0 
7fbef1dcb000-7fbef1ecc000 rw-p 00000000 00:00 0 
7fbef1ecc000-7fbef1ecd000 ---p 00000000 00:00 0 
7fbef1ecd000-7fbef1fce000 rw-p 00000000 00:00 0 
7fbef1fce000-7fbef1fcf000 ---p 00000000 00:00 0 
7fbef1fcf000-7fbef20d0000 rw-p 00000000 00:00 0 
7fbef20d0000-7fbef20d1000 ---p 00000000 00:00 0 
7fbef20d1000-7fbef21d2000 rw-p 00000000 00:00 0 
7fbef21d2000-7fbef21d3000 ---p 00000000 00:00 0 
7fbef21d3000-7fbef22d4000 rw-p 00000000 00:00 0 
7fbef22d4000-7fbef22d5000 ---p 00000000 00:00 0 
7fbef22d5000-7fbef23d6000 rw-p 00000000 00:00 0 
7fbef23d6000-7fbef23d7000 ---p 00000000 00:00 0 
7fbef23d7000-7fbef24d8000 rw-p 00000000 00:00 0 
7fbef24d8000-7fbef24d9000 ---p 00000000 00:00 0 
7fbef24d9000-7fbef25da000 rw-p 00000000 00:00 0 
7fbef25da000-7fbef25db000 ---p 00000000 00:00 0 
7fbef25db000-7fbef26dc000 rw-p 00000000 00:00 0 
7fbef26dc000-7fbef26dd000 ---p 00000000 00:00 0 
7fbef26dd000-7fbef27de000 rw-p 00000000 00:00 0 
7fbef27de000-7fbef27df000 ---p 00000000 00:00 0 
7fbef27df000-7fbef28e0000 rw-p 00000000 00:00 0 
7fbef28e0000-7fbef28e1000 ---p 00000000 00:00 0 
7fbef28e1000-7fbef29e2000 rw-p 00000000 00:00 0 
7fbef29e2000-7fbef29e3000 ---p 00000000 00:00 0 
7fbef29e3000-7fbef2ae4000 rw-p 00000000 00:00 0 
7fbef2ae4000-7fbef2ae5000 ---p 00000000 00:00 0 
7fbef2ae5000-7fbef2be6000 rw-p 00000000 00:00 0 
7fbef2be6000-7fbef2be7000 ---p 00000000 00:00 0 
7fbef2be7000-7fbef2ce8000 rw-p 00000000 00:00 0 
7fbef2ce8000-7fbef2ce9000 ---p 00000000 00:00 0 
7fbef2ce9000-7fbef2dea000 rw-p 00000000 00:00 0 
7fbef2dea000-7fbef2deb000 ---p 00000000 00:00 0 
7fbef2deb000-7fbef2eec000 rw-p 00000000 00:00 0 
7fbef2eec000-7fbef2eed000 ---p 00000000 00:00 0 
7fbef2eed000-7fbef2fee000 rw-p 00000000 00:00 0 
7fbef2fee000-7fbef2fef000 ---p 00000000 00:00 0 
7fbef2fef000-7fbef30f0000 rw-p 00000000 00:00 0 
7fbef30f0000-7fbef30f1000 ---p 00000000 00:00 0 
7fbef30f1000-7fbef4000000 rw-p 00000000 00:00 0 
7fbef4000000-7fbef4021000 rw-p 00000000 00:00 0 
7fbef4021000-7fbef8000000 ---p 00000000 00:00 0 
7fbef8000000-7fbef8021000 rw-p 00000000 00:00 0 
7fbef8021000-7fbefc000000 ---p 00000000 00:00 0 
7fbefc000000-7fbefc021000 rw-p 00000000 00:00 0 
7fbefc021000-7fbf00000000 ---p 00000000 00:00 0 
7fbf00000000-7fbf00021000 rw-p 00000000 00:00 0 
7fbf00021000-7fbf04000000 ---p 00000000 00:00 0 
7fbf04000000-7fbf04021000 rw-p 00000000 00:00 0 
7fbf04021000-7fbf08000000 ---p 00000000 00:00 0 
7fbf08000000-7fbf08021000 rw-p 00000000 00:00 0 
7fbf08021000-7fbf0c000000 ---p 00000000 00:00 0 
7fbf0c000000-7fbf0c021000 rw-p 00000000 00:00 0 
7fbf0c021000-7fbf10000000 ---p 00000000 00:00 0 
7fbf10000000-7fbf10021000 rw-p 00000000 00:00 0 
7fbf10021000-7fbf14000000 ---p 00000000 00:00 0 
7fbf14000000-7fbf14021000 rw-p 00000000 00:00 0 
7fbf14021000-7fbf18000000 ---p 00000000 00:00 0 
7fbf18000000-7fbf18021000 rw-p 00000000 00:00 0 
7fbf18021000-7fbf1c000000 ---p 00000000 00:00 0 
7fbf1c000000-7fbf1c021000 rw-p 00000000 00:00 0 
7fbf1c021000-7fbf20000000 ---p 00000000 00:00 0 
7fbf20000000-7fbf20021000 rw-p 00000000 00:00 0 
7fbf20021000-7fbf24000000 ---p 00000000 00:00 0 
7fbf24000000-7fbf24021000 rw-p 00000000 00:00 0 
7fbf24021000-7fbf28000000 ---p 00000000 00:00 0 
7fbf28000000-7fbf28021000 rw-p 00000000 00:00 0 
7fbf28021000-7fbf2c000000 ---p 00000000 00:00 0 
7fbf2c000000-7fbf2c021000 rw-p 00000000 00:00 0 
7fbf2c021000-7fbf30000000 ---p 00000000 00:00 0 
7fbf30000000-7fbf30021000 rw-p 00000000 00:00 0 
7fbf30021000-7fbf34000000 ---p 00000000 00:00 0 
7fbf34000000-7fbf34021000 rw-p 00000000 00:00 0 
7fbf34021000-7fbf38000000 ---p 00000000 00:00 0 
7fbf38000000-7fbf38021000 rw-p 00000000 00:00 0 
7fbf38021000-7fbf3c000000 ---p 00000000 00:00 0 
7fbf3c000000-7fbf3c021000 rw-p 00000000 00:00 0 
7fbf3c021000-7fbf40000000 ---p 00000000 00:00 0 
7fbf40004000-7fbf40632000 rw-p 00000000 00:00 0 
7fbf40632000-7fbf40633000 ---p 00000000 00:00 0 
7fbf40633000-7fbf40734000 rw-p 00000000 00:00 0 
7fbf40734000-7fbf40735000 ---p 00000000 00:00 0 
7fbf40735000-7fbf40836000 rw-p 00000000 00:00 0 
7fbf40836000-7fbf40837000 ---p 00000000 00:00 0 
7fbf40837000-7fbf40938000 rw-p 00000000 00:00 0 
7fbf40938000-7fbf40939000 ---p 00000000 00:00 0 
7fbf40939000-7fbf40a3a000 rw-p 00000000 00:00 0 
7fbf40a3a000-7fbf40a3b000 ---p 00000000 00:00 0 
7fbf40a3b000-7fbf40b3c000 rw-p 00000000 00:00 0 
7fbf40b3c000-7fbf40b3d000 ---p 00000000 00:00 0 
7fbf40b3d000-7fbf40c3e000 rw-p 00000000 00:00 0 
7fbf40c3e000-7fbf40c3f000 ---p 00000000 00:00 0 
7fbf40c3f000-7fbf40d40000 rw-p 00000000 00:00 0 
7fbf40d40000-7fbf40d41000 ---p 00000000 00:00 0 
7fbf40d41000-7fbf40e42000 rw-p 00000000 00:00 0 
7fbf40e42000-7fbf40e43000 ---p 00000000 00:00 0 
7fbf40e43000-7fbf40f44000 rw-p 00000000 00:00 0 
7fbf40f44000-7fbf40f45000 ---p 00000000 00:00 0 
7fbf40f45000-7fbf41046000 rw-p 00000000 00:00 0 
7fbf41046000-7fbf41047000 ---p 00000000 00:00 0 
7fbf41047000-7fbf41148000 rw-p 00000000 00:00 0 
7fbf41148000-7fbf41149000 ---p 00000000 00:00 0 
7fbf41149000-7fbf4124a000 rw-p 00000000 00:00 0 
7fbf4124a000-7fbf4124b000 ---p 00000000 00:00 0 
7fbf4124b000-7fbf4134c000 rw-p 00000000 00:00 0 
7fbf4134c000-7fbf4134d000 ---p 00000000 00:00 0 
7fbf4134d000-7fbf4144e000 rw-p 00000000 00:00 0 
7fbf4144e000-7fbf4144f000 ---p 00000000 00:00 0 
7fbf4144f000-7fbf41550000 rw-p 00000000 00:00 0 
7fbf41550000-7fbf41551000 ---p 00000000 00:00 0 
7fbf41551000-7fbf41652000 rw-p 00000000 00:00 0 
7fbf41652000-7fbf41653000 ---p 00000000 00:00 0 
7fbf41653000-7fbf41754000 rw-p 00000000 00:00 0 
7fbf41754000-7fbf41755000 ---p 00000000 00:00 0 
7fbf41755000-7fbf41856000 rw-p 00000000 00:00 0 
7fbf41856000-7fbf41857000 ---p 00000000 00:00 0 
7fbf41857000-7fbf41958000 rw-p 00000000 00:00 0 
7fbf41958000-7fbf41959000 ---p 00000000 00:00 0 
7fbf41959000-7fbf41a5f000 rw-p 00000000 00:00 0 
7fbf41a5f000-7fbf41b43000 ---p 00000000 00:00 0 
7fbf41b43000-7fbf41e13000 rwxp 00000000 00:00 0 
7fbf41e13000-7fbf42281000 ---p 00000000 00:00 0 
7fbf42281000-7fbf424f1000 rwxp 00000000 00:00 0 
7fbf424f1000-7fbf496e2000 ---p 00000000 00:00 0 
7fbf496e2000-7fbf49952000 rwxp 00000000 00:00 0 
7fbf49952000-7fbf50b43000 ---p 00000000 00:00 0 
7fbf50b43000-7fbf5c000000 r--s 00000000 00:65 77077560                   /root/oracle/jdk-9.0.4/lib/modules
7fbf5c000000-7fbf5c407000 rw-p 00000000 00:00 0 
7fbf5c407000-7fbf60000000 ---p 00000000 00:00 0 
7fbf6000f000-7fbf60092000 rw-p 00000000 00:00 0 
7fbf60092000-7fbf60176000 ---p 00000000 00:00 0 
7fbf60176000-7fbf6017c000 rw-p 00000000 00:00 0 
7fbf6017c000-7fbf60185000 ---p 00000000 00:00 0 
7fbf60185000-7fbf601d5000 rw-p 00000000 00:00 0 
7fbf601d5000-7fbf603b2000 r--s 03e31000 00:65 101727669                  /usr/local/java/jdk1.8.0_301/jre/lib/rt.jar
7fbf603b2000-7fbf603cc000 r-xp 00000000 00:65 77077435                   /root/oracle/jdk-9.0.4/lib/libjimage.so
7fbf603cc000-7fbf605cb000 ---p 0001a000 00:65 77077435                   /root/oracle/jdk-9.0.4/lib/libjimage.so
7fbf605cb000-7fbf605cd000 rw-p 00019000 00:65 77077435                   /root/oracle/jdk-9.0.4/lib/libjimage.so
7fbf605cd000-7fbf605df000 rw-p 00000000 00:00 0 
7fbf605df000-7fbf605e6000 r-xp 00000000 00:65 77083131                   /root/oracle/jdk-9.0.4/lib/libzip.so
7fbf605e6000-7fbf607e5000 ---p 00007000 00:65 77083131                   /root/oracle/jdk-9.0.4/lib/libzip.so
7fbf607e5000-7fbf607e6000 rw-p 00006000 00:65 77083131                   /root/oracle/jdk-9.0.4/lib/libzip.so
7fbf607e6000-7fbf607e9000 r--p 00000000 00:65 165034530                  /usr/lib/x86_64-linux-gnu/libnss_files-2.31.so
7fbf607e9000-7fbf607f0000 r-xp 00003000 00:65 165034530                  /usr/lib/x86_64-linux-gnu/libnss_files-2.31.so
7fbf607f0000-7fbf607f2000 r--p 0000a000 00:65 165034530                  /usr/lib/x86_64-linux-gnu/libnss_files-2.31.so
7fbf607f2000-7fbf607f3000 r--p 0000b000 00:65 165034530                  /usr/lib/x86_64-linux-gnu/libnss_files-2.31.so
7fbf607f3000-7fbf607f4000 rw-p 0000c000 00:65 165034530                  /usr/lib/x86_64-linux-gnu/libnss_files-2.31.so
7fbf607f4000-7fbf607fa000 rw-p 00000000 00:00 0 
7fbf60802000-7fbf60803000 rw-p 00000000 00:00 0 
7fbf60803000-7fbf6082e000 r-xp 00000000 00:65 77077470                   /root/oracle/jdk-9.0.4/lib/libjava.so
7fbf6082e000-7fbf60a2d000 ---p 0002b000 00:65 77077470                   /root/oracle/jdk-9.0.4/lib/libjava.so
7fbf60a2d000-7fbf60a2f000 rw-p 0002a000 00:65 77077470                   /root/oracle/jdk-9.0.4/lib/libjava.so
7fbf60a2f000-7fbf60a3c000 r-xp 00000000 00:65 77077494                   /root/oracle/jdk-9.0.4/lib/libverify.so
7fbf60a3c000-7fbf60c3b000 ---p 0000d000 00:65 77077494                   /root/oracle/jdk-9.0.4/lib/libverify.so
7fbf60c3b000-7fbf60c3d000 rw-p 0000c000 00:65 77077494                   /root/oracle/jdk-9.0.4/lib/libverify.so
7fbf60c3d000-7fbf60c40000 r--p 00000000 00:65 165034636                  /usr/lib/x86_64-linux-gnu/librt-2.31.so
7fbf60c40000-7fbf60c44000 r-xp 00003000 00:65 165034636                  /usr/lib/x86_64-linux-gnu/librt-2.31.so
7fbf60c44000-7fbf60c45000 r--p 00007000 00:65 165034636                  /usr/lib/x86_64-linux-gnu/librt-2.31.so
7fbf60c45000-7fbf60c46000 ---p 00008000 00:65 165034636                  /usr/lib/x86_64-linux-gnu/librt-2.31.so
7fbf60c46000-7fbf60c47000 r--p 00008000 00:65 165034636                  /usr/lib/x86_64-linux-gnu/librt-2.31.so
7fbf60c47000-7fbf60c48000 rw-p 00009000 00:65 165034636                  /usr/lib/x86_64-linux-gnu/librt-2.31.so
7fbf60c48000-7fbf60c49000 ---p 00000000 00:00 0 
7fbf60c49000-7fbf60c4a000 rw-p 00000000 00:00 0 
7fbf60c4a000-7fbf60c4e000 ---p 00000000 00:00 0 
7fbf60c4e000-7fbf60d49000 rw-p 00000000 00:00 0 
7fbf60d49000-7fbf60d58000 r--p 00000000 00:65 165034468                  /usr/lib/x86_64-linux-gnu/libm-2.31.so
7fbf60d58000-7fbf60dff000 r-xp 0000f000 00:65 165034468                  /usr/lib/x86_64-linux-gnu/libm-2.31.so
7fbf60dff000-7fbf60e96000 r--p 000b6000 00:65 165034468                  /usr/lib/x86_64-linux-gnu/libm-2.31.so
7fbf60e96000-7fbf60e97000 r--p 0014c000 00:65 165034468                  /usr/lib/x86_64-linux-gnu/libm-2.31.so
7fbf60e97000-7fbf60e98000 rw-p 0014d000 00:65 165034468                  /usr/lib/x86_64-linux-gnu/libm-2.31.so
7fbf60e98000-7fbf61ead000 r-xp 00000000 00:65 77083135                   /root/oracle/jdk-9.0.4/lib/server/libjvm.so
7fbf61ead000-7fbf620ac000 ---p 01015000 00:65 77083135                   /root/oracle/jdk-9.0.4/lib/server/libjvm.so
7fbf620ac000-7fbf6217d000 r--p 01014000 00:65 77083135                   /root/oracle/jdk-9.0.4/lib/server/libjvm.so
7fbf6217d000-7fbf621b4000 rw-p 010e5000 00:65 77083135                   /root/oracle/jdk-9.0.4/lib/server/libjvm.so
7fbf621b4000-7fbf6221f000 rw-p 00000000 00:00 0 
7fbf6221f000-7fbf62244000 r--p 00000000 00:65 165034165                  /usr/lib/x86_64-linux-gnu/libc-2.31.so
7fbf62244000-7fbf623bc000 r-xp 00025000 00:65 165034165                  /usr/lib/x86_64-linux-gnu/libc-2.31.so
7fbf623bc000-7fbf62406000 r--p 0019d000 00:65 165034165                  /usr/lib/x86_64-linux-gnu/libc-2.31.so
7fbf62406000-7fbf62407000 ---p 001e7000 00:65 165034165                  /usr/lib/x86_64-linux-gnu/libc-2.31.so
7fbf62407000-7fbf6240a000 r--p 001e7000 00:65 165034165                  /usr/lib/x86_64-linux-gnu/libc-2.31.so
7fbf6240a000-7fbf6240d000 rw-p 001ea000 00:65 165034165                  /usr/lib/x86_64-linux-gnu/libc-2.31.so
7fbf6240d000-7fbf62411000 rw-p 00000000 00:00 0 
7fbf62411000-7fbf62412000 r--p 00000000 00:65 165034236                  /usr/lib/x86_64-linux-gnu/libdl-2.31.so
7fbf62412000-7fbf62414000 r-xp 00001000 00:65 165034236                  /usr/lib/x86_64-linux-gnu/libdl-2.31.so
7fbf62414000-7fbf62415000 r--p 00003000 00:65 165034236                  /usr/lib/x86_64-linux-gnu/libdl-2.31.so
7fbf62415000-7fbf62416000 r--p 00003000 00:65 165034236                  /usr/lib/x86_64-linux-gnu/libdl-2.31.so
7fbf62416000-7fbf62417000 rw-p 00004000 00:65 165034236                  /usr/lib/x86_64-linux-gnu/libdl-2.31.so
7fbf62417000-7fbf62425000 r-xp 00000000 00:65 77083142                   /root/oracle/jdk-9.0.4/lib/jli/libjli.so
7fbf62425000-7fbf62625000 ---p 0000e000 00:65 77083142                   /root/oracle/jdk-9.0.4/lib/jli/libjli.so
7fbf62625000-7fbf62626000 rw-p 0000e000 00:65 77083142                   /root/oracle/jdk-9.0.4/lib/jli/libjli.so
7fbf62626000-7fbf6262d000 r--p 00000000 00:65 165034610                  /usr/lib/x86_64-linux-gnu/libpthread-2.31.so
7fbf6262d000-7fbf6263e000 r-xp 00007000 00:65 165034610                  /usr/lib/x86_64-linux-gnu/libpthread-2.31.so
7fbf6263e000-7fbf62643000 r--p 00018000 00:65 165034610                  /usr/lib/x86_64-linux-gnu/libpthread-2.31.so
7fbf62643000-7fbf62644000 r--p 0001c000 00:65 165034610                  /usr/lib/x86_64-linux-gnu/libpthread-2.31.so
7fbf62644000-7fbf62645000 rw-p 0001d000 00:65 165034610                  /usr/lib/x86_64-linux-gnu/libpthread-2.31.so
7fbf62645000-7fbf62649000 rw-p 00000000 00:00 0 
7fbf62649000-7fbf6264b000 r--p 00000000 00:65 165034796                  /usr/lib/x86_64-linux-gnu/libz.so.1.2.11
7fbf6264b000-7fbf6265c000 r-xp 00002000 00:65 165034796                  /usr/lib/x86_64-linux-gnu/libz.so.1.2.11
7fbf6265c000-7fbf62662000 r--p 00013000 00:65 165034796                  /usr/lib/x86_64-linux-gnu/libz.so.1.2.11
7fbf62662000-7fbf62663000 ---p 00019000 00:65 165034796                  /usr/lib/x86_64-linux-gnu/libz.so.1.2.11
7fbf62663000-7fbf62664000 r--p 00019000 00:65 165034796                  /usr/lib/x86_64-linux-gnu/libz.so.1.2.11
7fbf62664000-7fbf62665000 rw-p 0001a000 00:65 165034796                  /usr/lib/x86_64-linux-gnu/libz.so.1.2.11
7fbf62665000-7fbf6266d000 rw-s 00000000 00:65 71965686                   /tmp/hsperfdata_root/13885
7fbf6266d000-7fbf62670000 rw-p 00000000 00:00 0 
7fbf62670000-7fbf62671000 r--p 00000000 00:65 165033992                  /usr/lib/x86_64-linux-gnu/ld-2.31.so
7fbf62671000-7fbf62694000 r-xp 00001000 00:65 165033992                  /usr/lib/x86_64-linux-gnu/ld-2.31.so
7fbf62694000-7fbf6269c000 r--p 00024000 00:65 165033992                  /usr/lib/x86_64-linux-gnu/ld-2.31.so
7fbf6269c000-7fbf6269d000 r--p 00000000 00:00 0 
7fbf6269d000-7fbf6269e000 r--p 0002c000 00:65 165033992                  /usr/lib/x86_64-linux-gnu/ld-2.31.so
7fbf6269e000-7fbf6269f000 rw-p 0002d000 00:65 165033992                  /usr/lib/x86_64-linux-gnu/ld-2.31.so
7fbf6269f000-7fbf626a0000 rw-p 00000000 00:00 0 
7fff3e73b000-7fff3e75c000 rw-p 00000000 00:00 0                          [stack]
7fff3e7df000-7fff3e7e2000 r--p 00000000 00:00 0                          [vvar]
7fff3e7e2000-7fff3e7e3000 r-xp 00000000 00:00 0                          [vdso]
ffffffffff600000-ffffffffff601000 --xp 00000000 00:00 0                  [vsyscall]

VM Arguments:
jvm_args: -Xbootclasspath/a:/usr/local/java/jdk1.8.0_301/jre/lib/rt.jar -Xverify:none 
java_command: org.eclipse.core.runtime.adaptor.EclipseStarter -debug
java_class_path (initial): ./sootOutput/eclipse/
Launcher Type: SUN_STANDARD

Logging:
Log output configuration:
#0: stdout all=warning uptime,level,tags
#1: stderr all=off uptime,level,tags

Environment Variables:
JAVA_HOME=/root/oracle/jdk-9.0.4
JRE_HOME=/root/oracle/jdk-9.0.4
CLASSPATH=.:/root/oracle/jdk-9.0.4/lib:/JVMfuzzing/htm/CFSynthesis/resource/commons-lang3-3.12.0/commons-lang3-3.12.0.jar
PATH=/root/oracle/jdk-9.0.4/bin:/root/.vscode-server/bin/da76f93349a72022ca4670c1b84860304616aaa2/bin/remote-cli:/root/oracle/jdk-9.0.4/bin:/usr/local/sbin:/usr/local/bin:/usr/sbin:/usr/bin:/sbin:/bin:/usr/games:/usr/local/games:/snap/bin
SHELL=/bin/bash

Signal Handlers:
SIGSEGV: [libjvm.so+0xd4d370], sa_mask[0]=11111111011111111101111111111110, sa_flags=SA_RESTART|SA_SIGINFO
SIGBUS: [libjvm.so+0xd4d370], sa_mask[0]=11111111011111111101111111111110, sa_flags=SA_RESTART|SA_SIGINFO
SIGFPE: [libjvm.so+0xd4d370], sa_mask[0]=11111111011111111101111111111110, sa_flags=SA_RESTART|SA_SIGINFO
SIGPIPE: [libjvm.so+0xb64780], sa_mask[0]=11111111011111111101111111111110, sa_flags=SA_RESTART|SA_SIGINFO
SIGXFSZ: [libjvm.so+0xb64780], sa_mask[0]=11111111011111111101111111111110, sa_flags=SA_RESTART|SA_SIGINFO
SIGILL: [libjvm.so+0xd4d370], sa_mask[0]=11111111011111111101111111111110, sa_flags=SA_RESTART|SA_SIGINFO
SIGUSR2: [libjvm.so+0xb64640], sa_mask[0]=00100000000000000000000000000000, sa_flags=SA_RESTART|SA_SIGINFO
SIGHUP: [libjvm.so+0xb64850], sa_mask[0]=11111111011111111101111111111110, sa_flags=SA_RESTART|SA_SIGINFO
SIGINT: [libjvm.so+0xb64850], sa_mask[0]=11111111011111111101111111111110, sa_flags=SA_RESTART|SA_SIGINFO
SIGTERM: [libjvm.so+0xb64850], sa_mask[0]=11111111011111111101111111111110, sa_flags=SA_RESTART|SA_SIGINFO
SIGQUIT: [libjvm.so+0xb64850], sa_mask[0]=11111111011111111101111111111110, sa_flags=SA_RESTART|SA_SIGINFO


---------------  S Y S T E M  ---------------

OS:DISTRIB_ID=Ubuntu
DISTRIB_RELEASE=20.04
DISTRIB_CODENAME=focal
DISTRIB_DESCRIPTION="Ubuntu 20.04.3 LTS"
uname:Linux 5.4.0-124-generic #140~18.04.1-Ubuntu SMP Fri Aug 5 11:43:34 UTC 2022 x86_64
libc:glibc 2.31 NPTL 2.31 
rlimit: STACK 8192k, CORE infinity, NPROC infinity, NOFILE 1048576, AS infinity
load average:42.20 40.55 39.15

/proc/meminfo:
MemTotal:       65549624 kB
MemFree:         7940704 kB
MemAvailable:   34620752 kB
Buffers:         5872268 kB
Cached:          3567008 kB
SwapCached:         8092 kB
Active:         31347760 kB
Inactive:        6343864 kB
Active(anon):   24254596 kB
Inactive(anon):  4018444 kB
Active(file):    7093164 kB
Inactive(file):  2325420 kB
Unevictable:          16 kB
Mlocked:              16 kB
SwapTotal:       2097148 kB
SwapFree:              0 kB
Dirty:             39992 kB
Writeback:             0 kB
AnonPages:      28244348 kB
Mapped:           852092 kB
Shmem:             25608 kB
KReclaimable:   17993388 kB
Slab:           19163832 kB
SReclaimable:   17993388 kB
SUnreclaim:      1170444 kB
KernelStack:       80176 kB
PageTables:       238316 kB
NFS_Unstable:          0 kB
Bounce:                0 kB
WritebackTmp:          0 kB
CommitLimit:    34871960 kB
Committed_AS:   85344844 kB
VmallocTotal:   34359738367 kB
VmallocUsed:      162704 kB
VmallocChunk:          0 kB
Percpu:            32512 kB
HardwareCorrupted:     0 kB
AnonHugePages:         0 kB
ShmemHugePages:        0 kB
ShmemPmdMapped:        0 kB
FileHugePages:         0 kB
FilePmdMapped:         0 kB
CmaTotal:              0 kB
CmaFree:               0 kB
HugePages_Total:       0
HugePages_Free:        0
HugePages_Rsvd:        0
HugePages_Surp:        0
Hugepagesize:       2048 kB
Hugetlb:               0 kB
DirectMap4k:    15497632 kB
DirectMap2M:    51298304 kB
DirectMap1G:           0 kB


CPU:total 28 (initial active 28) (14 cores per cpu, 2 threads per core) family 6 model 85 stepping 4, cmov, cx8, fxsr, mmx, sse, sse2, sse3, ssse3, sse4.1, sse4.2, popcnt, avx, avx2, aes, clmul, erms, rtm, 3dnowpref, lzcnt, ht, tsc, tscinvbit, bmi1, bmi2, adx, fma
CPU Model and flags from /proc/cpuinfo:
model name	: Intel(R) Core(TM) i9-9940X CPU @ 3.30GHz
flags		: fpu vme de pse tsc msr pae mce cx8 apic sep mtrr pge mca cmov pat pse36 clflush dts acpi mmx fxsr sse sse2 ss ht tm pbe syscall nx pdpe1gb rdtscp lm constant_tsc art arch_perfmon pebs bts rep_good nopl xtopology nonstop_tsc cpuid aperfmperf pni pclmulqdq dtes64 monitor ds_cpl vmx est tm2 ssse3 sdbg fma cx16 xtpr pdcm pcid dca sse4_1 sse4_2 x2apic movbe popcnt tsc_deadline_timer aes xsave avx f16c rdrand lahf_lm abm 3dnowprefetch cpuid_fault epb cat_l3 cdp_l3 invpcid_single pti ssbd mba ibrs ibpb stibp tpr_shadow vnmi flexpriority ept vpid ept_ad fsgsbase tsc_adjust bmi1 hle avx2 smep bmi2 erms invpcid rtm cqm mpx rdt_a avx512f avx512dq rdseed adx smap clflushopt clwb intel_pt avx512cd avx512bw avx512vl xsaveopt xsavec xgetbv1 xsaves cqm_llc cqm_occup_llc cqm_mbm_total cqm_mbm_local dtherm ida arat pln pts hwp hwp_act_window hwp_epp hwp_pkg_req md_clear flush_l1d arch_capabilities

Memory: 4k page, physical 65549624k(7940200k free), swap 2097148k(0k free)

vm_info: Java HotSpot(TM) 64-Bit Server VM (9.0.4+11) for linux-amd64 JRE (9.0.4+11), built on Dec 19 2017 18:12:19 by "mach5one" with gcc 4.9.2

END.
