#
# A fatal error has been detected by the Java Runtime Environment:
#
#  SIGSEGV (0xb) at pc=0x00007fb01c3dccb7, pid=22975, tid=23039
#
# JRE version: Java(TM) SE Runtime Environment (9.0+11) (build 9.0.4+11)
# Java VM: Java HotSpot(TM) 64-Bit Server VM (9.0.4+11, mixed mode, tiered, compressed oops, g1 gc, linux-amd64)
# Problematic frame:
# V  [libjvm.so+0x532cb7]  ValueStack::pop_arguments(int)+0xc7
#
# Core dump will be written. Default location: Core dumps may be processed with "/usr/share/apport/apport -p%p -s%s -c%c -d%d -P%P -u%u -g%g -- %E" (or dumping to /JVMfuzzing/zjy/classming/Fuzzing-Testing-of-JVM-Implementations/core.22975)
#
# If you would like to submit a bug report, please visit:
#   http://bugreport.java.com/bugreport/crash.jsp
#

---------------  S U M M A R Y ------------

Command Line: -Xbootclasspath/a:/usr/local/java/jdk1.8.0_301/jre/lib/rt.jar -Xverify:none org.eclipse.core.runtime.adaptor.EclipseStarter -debug

Host: Intel(R) Core(TM) i9-9940X CPU @ 3.30GHz, 28 cores, 62G, Ubuntu 20.04.3 LTS
Time: Thu Nov  3 09:05:10 2022 UTC elapsed time: 0 seconds (0d 0h 0m 0s)

---------------  T H R E A D  ---------------

Current thread (0x00007fb0142bb800):  JavaThread "C1 CompilerThread8" daemon [_thread_in_native, id=23039, stack(0x00007faf145ed000,0x00007faf146ee000)]


Current CompileTask:
C1:    581  240 %     3       org.eclipse.core.runtime.adaptor.EclipseStarter::main @ 2387 (3763 bytes)

Stack: [0x00007faf145ed000,0x00007faf146ee000],  sp=0x00007faf146ec140,  free space=1020k
Native frames: (J=compiled Java code, A=aot compiled Java code, j=interpreted, Vv=VM code, C=native code)
V  [libjvm.so+0x532cb7]  ValueStack::pop_arguments(int)+0xc7
V  [libjvm.so+0x4af5c0]  GraphBuilder::invoke(Bytecodes::Code)+0xb40
V  [libjvm.so+0x4b163e]  GraphBuilder::iterate_bytecodes_for_block(int)+0x1c4e
V  [libjvm.so+0x4b1ad5]  GraphBuilder::iterate_all_blocks(bool)+0x85
V  [libjvm.so+0x4b1ec9]  GraphBuilder::GraphBuilder(Compilation*, IRScope*)+0x389
V  [libjvm.so+0x4b70a8]  IR::IR(Compilation*, ciMethod*, int)+0x1e8
V  [libjvm.so+0x497832]  Compilation::build_hir() [clone .part.93]+0x162
V  [libjvm.so+0x499633]  Compilation::compile_java_method()+0x3c3
V  [libjvm.so+0x4997af]  Compilation::compile_method()+0x12f
V  [libjvm.so+0x499c31]  Compilation::Compilation(AbstractCompiler*, ciEnv*, ciMethod*, int, BufferBlob*, DirectiveSet*)+0x271
V  [libjvm.so+0x49ac1e]  Compiler::compile_method(ciEnv*, ciMethod*, int, DirectiveSet*)+0xae
V  [libjvm.so+0x6125ac]  CompileBroker::invoke_compiler_on_method(CompileTask*)+0x41c
V  [libjvm.so+0x61344b]  CompileBroker::compiler_thread_loop()+0x28b
V  [libjvm.so+0xcef338]  JavaThread::thread_main_inner()+0xd8
V  [libjvm.so+0xb6e132]  thread_native_entry(Thread*)+0xf2
C  [libpthread.so.0+0x9609]  start_thread+0xd9


siginfo: si_signo: 11 (SIGSEGV), si_code: 1 (SEGV_MAPERR), si_addr: 0x0000000000000018

Register to memory mapping:

RAX=0x00007faf000b8cb0 is an unknown value
RBX=0x00007faf000b8cd0 is an unknown value
RCX=0x0000000000000002 is an unknown value
RDX=0x0000000000000000 is an unknown value
RSP=0x00007faf146ec140 is pointing into the stack for thread: 0x00007fb0142bb800
RBP=0x00007faf146ec180 is pointing into the stack for thread: 0x00007fb0142bb800
RSI=0x0000000000000002 is an unknown value
RDI=0x00007fb01d18efe0: <offset 0x00000000012e4fe0> in /root/oracle/jdk-9.0.4/lib/server/libjvm.so at 0x00007fb01beaa000
R8 =0x0000000000000000 is an unknown value
R9 =0x0000000000000000 is an unknown value
R10=0x00007fb01d219340: <offset 0x000000000136f340> in /root/oracle/jdk-9.0.4/lib/server/libjvm.so at 0x00007fb01beaa000
R11=0x00007faef00f99c0 is an unknown value
R12=0x00007faf000b86e0 is an unknown value
R13=0x0000000000000000 is an unknown value
R14=0x0000000000000000 is an unknown value
R15=0x00007faee0001180 is an unknown value


Registers:
RAX=0x00007faf000b8cb0, RBX=0x00007faf000b8cd0, RCX=0x0000000000000002, RDX=0x0000000000000000
RSP=0x00007faf146ec140, RBP=0x00007faf146ec180, RSI=0x0000000000000002, RDI=0x00007fb01d18efe0
R8 =0x0000000000000000, R9 =0x0000000000000000, R10=0x00007fb01d219340, R11=0x00007faef00f99c0
R12=0x00007faf000b86e0, R13=0x0000000000000000, R14=0x0000000000000000, R15=0x00007faee0001180
RIP=0x00007fb01c3dccb7, EFLAGS=0x0000000000010293, CSGSFS=0x002b000000000033, ERR=0x0000000000000004
  TRAPNO=0x000000000000000e

Top of Stack: (sp=0x00007faf146ec140)
0x00007faf146ec140:   00007faf156fd4a0 00000000002bb800
0x00007faf146ec150:   00007faed408f520 00007faf146ec460
0x00007faf146ec160:   00007faef00f96e0 00000000000000b8
0x00007faf146ec170:   0000000000000000 00007faee0001180 

Instructions: (pc=0x00007fb01c3dccb7)
0x00007fb01c3dcc97:   89 0b 4c 89 34 d0 45 39 7c 24 38 0f 8e c8 00 00
0x00007fb01c3dcca7:   00 49 8b 44 24 50 49 63 d5 4c 8b 34 d0 48 63 13
0x00007fb01c3dccb7:   49 8b 46 18 44 8b 78 08 45 01 ef 3b 53 04 45 89
0x00007fb01c3dccc7:   fd 75 c6 85 d2 0f 85 be 00 00 00 c7 43 04 01 00 


---------------  P R O C E S S  ---------------

Java Threads: ( => current thread )
  0x00007fb01439a000 JavaThread "Service Thread" daemon [_thread_blocked, id=23045, stack(0x00007faecbad7000,0x00007faecbbd8000)]
  0x00007fb0142d1800 JavaThread "Common-Cleaner" daemon [_thread_blocked, id=23044, stack(0x00007faf140e8000,0x00007faf141e9000)]
  0x00007fb0142c3000 JavaThread "Sweeper thread" daemon [_thread_blocked, id=23043, stack(0x00007faf141e9000,0x00007faf142ea000)]
  0x00007fb0142c1000 JavaThread "C1 CompilerThread11" daemon [_thread_blocked, id=23042, stack(0x00007faf142ea000,0x00007faf143eb000)]
  0x00007fb0142bf800 JavaThread "C1 CompilerThread10" daemon [_thread_blocked, id=23041, stack(0x00007faf143eb000,0x00007faf144ec000)]
  0x00007fb0142bd800 JavaThread "C1 CompilerThread9" daemon [_thread_blocked, id=23040, stack(0x00007faf144ec000,0x00007faf145ed000)]
=>0x00007fb0142bb800 JavaThread "C1 CompilerThread8" daemon [_thread_in_native, id=23039, stack(0x00007faf145ed000,0x00007faf146ee000)]
  0x00007fb0142b9800 JavaThread "C2 CompilerThread7" daemon [_thread_blocked, id=23038, stack(0x00007faf146ee000,0x00007faf147ef000)]
  0x00007fb0142b8000 JavaThread "C2 CompilerThread6" daemon [_thread_blocked, id=23037, stack(0x00007faf147ef000,0x00007faf148f0000)]
  0x00007fb0142b6000 JavaThread "C2 CompilerThread5" daemon [_thread_blocked, id=23036, stack(0x00007faf148f0000,0x00007faf149f1000)]
  0x00007fb0142b4800 JavaThread "C2 CompilerThread4" daemon [_thread_blocked, id=23035, stack(0x00007faf149f1000,0x00007faf14af2000)]
  0x00007fb0142b2800 JavaThread "C2 CompilerThread3" daemon [_thread_blocked, id=23034, stack(0x00007faf14af2000,0x00007faf14bf3000)]
  0x00007fb0142b1000 JavaThread "C2 CompilerThread2" daemon [_thread_blocked, id=23033, stack(0x00007faf14bf3000,0x00007faf14cf4000)]
  0x00007fb0142af000 JavaThread "C2 CompilerThread1" daemon [_thread_blocked, id=23032, stack(0x00007faf14cf4000,0x00007faf14df5000)]
  0x00007fb0142ad000 JavaThread "C2 CompilerThread0" daemon [_thread_blocked, id=23031, stack(0x00007faf14df5000,0x00007faf14ef6000)]
  0x00007fb0142ab000 JavaThread "Signal Dispatcher" daemon [_thread_blocked, id=23030, stack(0x00007faf14ef6000,0x00007faf14ff7000)]
  0x00007fb014291000 JavaThread "Finalizer" daemon [_thread_blocked, id=23029, stack(0x00007faf14ff7000,0x00007faf150f8000)]
  0x00007fb014288800 JavaThread "Reference Handler" daemon [_thread_blocked, id=23026, stack(0x00007faf150f8000,0x00007faf151f9000)]
  0x00007fb014011800 JavaThread "main" [_thread_in_vm, id=22977, stack(0x00007fb01bc5c000,0x00007fb01bd5b000)]

Other Threads:
  0x00007fb014281000 VMThread "VM Thread" [stack: 0x00007faf151fb000,0x00007faf152fb000] [id=23025]
  0x00007fb01439c800 WatcherThread [stack: 0x00007faecb9d7000,0x00007faecbad7000] [id=23046]
  0x00007fb014034000 GCTaskThread "GC Thread#0" [stack: 0x00007fb01aeb6000,0x00007fb01afb6000] [id=22978]
  0x00007fb014035800 GCTaskThread "GC Thread#1" [stack: 0x00007fb01adb4000,0x00007fb01aeb4000] [id=22979]
  0x00007fb014037000 GCTaskThread "GC Thread#2" [stack: 0x00007fb01acb2000,0x00007fb01adb2000] [id=22980]
  0x00007fb014039000 GCTaskThread "GC Thread#3" [stack: 0x00007fb01abb0000,0x00007fb01acb0000] [id=22981]
  0x00007fb01403a800 GCTaskThread "GC Thread#4" [stack: 0x00007fb01aaae000,0x00007fb01abae000] [id=22982]
  0x00007fb01403c800 GCTaskThread "GC Thread#5" [stack: 0x00007fb01a9ac000,0x00007fb01aaac000] [id=22983]
  0x00007fb01403e000 GCTaskThread "GC Thread#6" [stack: 0x00007fb01a8aa000,0x00007fb01a9aa000] [id=22984]
  0x00007fb01403f800 GCTaskThread "GC Thread#7" [stack: 0x00007fb01a7a8000,0x00007fb01a8a8000] [id=22985]
  0x00007fb014041800 GCTaskThread "GC Thread#8" [stack: 0x00007fb01a6a6000,0x00007fb01a7a6000] [id=22986]
  0x00007fb014043000 GCTaskThread "GC Thread#9" [stack: 0x00007fb01a5a4000,0x00007fb01a6a4000] [id=22987]
  0x00007fb014045000 GCTaskThread "GC Thread#10" [stack: 0x00007fb01a4a2000,0x00007fb01a5a2000] [id=22988]
  0x00007fb014046800 GCTaskThread "GC Thread#11" [stack: 0x00007fb01a3a0000,0x00007fb01a4a0000] [id=22989]
  0x00007fb014048800 GCTaskThread "GC Thread#12" [stack: 0x00007fb01a29e000,0x00007fb01a39e000] [id=22990]
  0x00007fb01404a000 GCTaskThread "GC Thread#13" [stack: 0x00007fb01a19c000,0x00007fb01a29c000] [id=22991]
  0x00007fb01404c000 GCTaskThread "GC Thread#14" [stack: 0x00007fb01a09a000,0x00007fb01a19a000] [id=22992]
  0x00007fb01404d800 GCTaskThread "GC Thread#15" [stack: 0x00007fb019f98000,0x00007fb01a098000] [id=22993]
  0x00007fb01404f800 GCTaskThread "GC Thread#16" [stack: 0x00007fb019e96000,0x00007fb019f96000] [id=22994]
  0x00007fb014051000 GCTaskThread "GC Thread#17" [stack: 0x00007fb019d94000,0x00007fb019e94000] [id=22995]
  0x00007fb014052800 GCTaskThread "GC Thread#18" [stack: 0x00007fb019c92000,0x00007fb019d92000] [id=22996]
  0x00007fb014054800 GCTaskThread "GC Thread#19" [stack: 0x00007fb019b90000,0x00007fb019c90000] [id=22997]
  0x00007fb01409f800 ConcurrentGCThread "G1 Main Marker" [stack: 0x00007faff86be000,0x00007faff87be000] [id=23019]
  0x00007fb0140a1000 ConcurrentGCThread "G1 Marker#0" [stack: 0x00007faff85bc000,0x00007faff86bc000] [id=23020]
  0x00007fb0140a3000 ConcurrentGCThread "G1 Marker#1" [stack: 0x00007faff84ba000,0x00007faff85ba000] [id=23021]
  0x00007fb0140a4800 ConcurrentGCThread "G1 Marker#2" [stack: 0x00007faff83b8000,0x00007faff84b8000] [id=23022]
  0x00007fb0140a6800 ConcurrentGCThread "G1 Marker#3" [stack: 0x00007faff82b6000,0x00007faff83b6000] [id=23023]
  0x00007fb0140a8000 ConcurrentGCThread "G1 Marker#4" [stack: 0x00007faff81b4000,0x00007faff82b4000] [id=23024]
  0x00007fb014079000 ConcurrentGCThread "G1 Refine#0" [stack: 0x00007faff8e2b000,0x00007faff8f2b000] [id=23017]
  0x00007fb014077000 ConcurrentGCThread "G1 Refine#1" [stack: 0x00007faff8f2d000,0x00007faff902d000] [id=23016]
  0x00007fb014075000 ConcurrentGCThread "G1 Refine#2" [stack: 0x00007faff902f000,0x00007faff912f000] [id=23015]
  0x00007fb014073800 ConcurrentGCThread "G1 Refine#3" [stack: 0x00007faff9131000,0x00007faff9231000] [id=23014]
  0x00007fb014071800 ConcurrentGCThread "G1 Refine#4" [stack: 0x00007faff9233000,0x00007faff9333000] [id=23013]
  0x00007fb014070000 ConcurrentGCThread "G1 Refine#5" [stack: 0x00007faff9335000,0x00007faff9435000] [id=23012]
  0x00007fb01406e000 ConcurrentGCThread "G1 Refine#6" [stack: 0x00007faff9437000,0x00007faff9537000] [id=23011]
  0x00007fb01406c800 ConcurrentGCThread "G1 Refine#7" [stack: 0x00007faff9539000,0x00007faff9639000] [id=23010]
  0x00007fb01406a800 ConcurrentGCThread "G1 Refine#8" [stack: 0x00007faff963b000,0x00007faff973b000] [id=23009]
  0x00007fb014069000 ConcurrentGCThread "G1 Refine#9" [stack: 0x00007faff973d000,0x00007faff983d000] [id=23008]
  0x00007fb014067000 ConcurrentGCThread "G1 Refine#10" [stack: 0x00007faff983f000,0x00007faff993f000] [id=23007]
  0x00007fb014065000 ConcurrentGCThread "G1 Refine#11" [stack: 0x00007faff9941000,0x00007faff9a41000] [id=23006]
  0x00007fb014063800 ConcurrentGCThread "G1 Refine#12" [stack: 0x00007faff9a43000,0x00007faff9b43000] [id=23005]
  0x00007fb014061800 ConcurrentGCThread "G1 Refine#13" [stack: 0x00007fb01806e000,0x00007fb01816e000] [id=23004]
  0x00007fb014060000 ConcurrentGCThread "G1 Refine#14" [stack: 0x00007fb018170000,0x00007fb018270000] [id=23003]
  0x00007fb01405e000 ConcurrentGCThread "G1 Refine#15" [stack: 0x00007fb018272000,0x00007fb018372000] [id=23002]
  0x00007fb01405c800 ConcurrentGCThread "G1 Refine#16" [stack: 0x00007fb018374000,0x00007fb018474000] [id=23001]
  0x00007fb01405a800 ConcurrentGCThread "G1 Refine#17" [stack: 0x00007fb018476000,0x00007fb018576000] [id=23000]
  0x00007fb014059000 ConcurrentGCThread "G1 Refine#18" [stack: 0x00007fb018578000,0x00007fb018678000] [id=22999]
  0x00007fb014057000 ConcurrentGCThread "G1 Refine#19" [stack: 0x00007fb01867a000,0x00007fb01877a000] [id=22998]
  0x00007fb01407a800 ConcurrentGCThread "G1 Young RemSet Sampling" [stack: 0x00007faff8d29000,0x00007faff8e29000] [id=23018]

Threads with active compile tasks:
C1 CompilerThread8 240 %     3       org.eclipse.core.runtime.adaptor.EclipseStarter::main @ 2387 (3763 bytes)

VM state:not at safepoint (normal execution)

VM Mutex/Monitor currently owned by a thread: None

Heap address: 0x00000003d7c00000, size: 16004 MB, Compressed Oops mode: Zero based, Oop shift amount: 3
Narrow klass base: 0x0000000000000000, Narrow klass shift: 3
Compressed class space size: 1073741824 Address: 0x00000007c0000000

Heap:
 garbage-first heap   total 1028096K, used 12288K [0x00000003d7c00000, 0x00000003d80007d8, 0x00000007c0000000)
  region size 4096K, 4 young (16384K), 0 survivors (0K)
 Metaspace       used 4287K, capacity 4614K, committed 4864K, reserved 1056768K
  class space    used 355K, capacity 386K, committed 512K, reserved 1048576K
Heap Regions: E=young(eden), S=young(survivor), O=old, HS=humongous(starts), HC=humongous(continues), CS=collection set, F=free, A=archive, TS=gc time stamp, AC=allocation context, TAMS=top-at-mark-start (previous, next)
|   0|0x00000003d7c00000, 0x00000003d7c00000, 0x00000003d8000000|  0%| F|  |TS  0|AC  0|TAMS 0x00000003d7c00000, 0x00000003d7c00000|
|   1|0x00000003d8000000, 0x00000003d8000000, 0x00000003d8400000|  0%| F|  |TS  0|AC  0|TAMS 0x00000003d8000000, 0x00000003d8000000|
|   2|0x00000003d8400000, 0x00000003d8400000, 0x00000003d8800000|  0%| F|  |TS  0|AC  0|TAMS 0x00000003d8400000, 0x00000003d8400000|
|   3|0x00000003d8800000, 0x00000003d8800000, 0x00000003d8c00000|  0%| F|  |TS  0|AC  0|TAMS 0x00000003d8800000, 0x00000003d8800000|
|   4|0x00000003d8c00000, 0x00000003d8c00000, 0x00000003d9000000|  0%| F|  |TS  0|AC  0|TAMS 0x00000003d8c00000, 0x00000003d8c00000|
|   5|0x00000003d9000000, 0x00000003d9000000, 0x00000003d9400000|  0%| F|  |TS  0|AC  0|TAMS 0x00000003d9000000, 0x00000003d9000000|
|   6|0x00000003d9400000, 0x00000003d9400000, 0x00000003d9800000|  0%| F|  |TS  0|AC  0|TAMS 0x00000003d9400000, 0x00000003d9400000|
|   7|0x00000003d9800000, 0x00000003d9800000, 0x00000003d9c00000|  0%| F|  |TS  0|AC  0|TAMS 0x00000003d9800000, 0x00000003d9800000|
|   8|0x00000003d9c00000, 0x00000003d9c00000, 0x00000003da000000|  0%| F|  |TS  0|AC  0|TAMS 0x00000003d9c00000, 0x00000003d9c00000|
|   9|0x00000003da000000, 0x00000003da000000, 0x00000003da400000|  0%| F|  |TS  0|AC  0|TAMS 0x00000003da000000, 0x00000003da000000|
|  10|0x00000003da400000, 0x00000003da400000, 0x00000003da800000|  0%| F|  |TS  0|AC  0|TAMS 0x00000003da400000, 0x00000003da400000|
|  11|0x00000003da800000, 0x00000003da800000, 0x00000003dac00000|  0%| F|  |TS  0|AC  0|TAMS 0x00000003da800000, 0x00000003da800000|
|  12|0x00000003dac00000, 0x00000003dac00000, 0x00000003db000000|  0%| F|  |TS  0|AC  0|TAMS 0x00000003dac00000, 0x00000003dac00000|
|  13|0x00000003db000000, 0x00000003db000000, 0x00000003db400000|  0%| F|  |TS  0|AC  0|TAMS 0x00000003db000000, 0x00000003db000000|
|  14|0x00000003db400000, 0x00000003db400000, 0x00000003db800000|  0%| F|  |TS  0|AC  0|TAMS 0x00000003db400000, 0x00000003db400000|
|  15|0x00000003db800000, 0x00000003db800000, 0x00000003dbc00000|  0%| F|  |TS  0|AC  0|TAMS 0x00000003db800000, 0x00000003db800000|
|  16|0x00000003dbc00000, 0x00000003dbc00000, 0x00000003dc000000|  0%| F|  |TS  0|AC  0|TAMS 0x00000003dbc00000, 0x00000003dbc00000|
|  17|0x00000003dc000000, 0x00000003dc000000, 0x00000003dc400000|  0%| F|  |TS  0|AC  0|TAMS 0x00000003dc000000, 0x00000003dc000000|
|  18|0x00000003dc400000, 0x00000003dc400000, 0x00000003dc800000|  0%| F|  |TS  0|AC  0|TAMS 0x00000003dc400000, 0x00000003dc400000|
|  19|0x00000003dc800000, 0x00000003dc800000, 0x00000003dcc00000|  0%| F|  |TS  0|AC  0|TAMS 0x00000003dc800000, 0x00000003dc800000|
|  20|0x00000003dcc00000, 0x00000003dcc00000, 0x00000003dd000000|  0%| F|  |TS  0|AC  0|TAMS 0x00000003dcc00000, 0x00000003dcc00000|
|  21|0x00000003dd000000, 0x00000003dd000000, 0x00000003dd400000|  0%| F|  |TS  0|AC  0|TAMS 0x00000003dd000000, 0x00000003dd000000|
|  22|0x00000003dd400000, 0x00000003dd400000, 0x00000003dd800000|  0%| F|  |TS  0|AC  0|TAMS 0x00000003dd400000, 0x00000003dd400000|
|  23|0x00000003dd800000, 0x00000003dd800000, 0x00000003ddc00000|  0%| F|  |TS  0|AC  0|TAMS 0x00000003dd800000, 0x00000003dd800000|
|  24|0x00000003ddc00000, 0x00000003ddc00000, 0x00000003de000000|  0%| F|  |TS  0|AC  0|TAMS 0x00000003ddc00000, 0x00000003ddc00000|
|  25|0x00000003de000000, 0x00000003de000000, 0x00000003de400000|  0%| F|  |TS  0|AC  0|TAMS 0x00000003de000000, 0x00000003de000000|
|  26|0x00000003de400000, 0x00000003de400000, 0x00000003de800000|  0%| F|  |TS  0|AC  0|TAMS 0x00000003de400000, 0x00000003de400000|
|  27|0x00000003de800000, 0x00000003de800000, 0x00000003dec00000|  0%| F|  |TS  0|AC  0|TAMS 0x00000003de800000, 0x00000003de800000|
|  28|0x00000003dec00000, 0x00000003dec00000, 0x00000003df000000|  0%| F|  |TS  0|AC  0|TAMS 0x00000003dec00000, 0x00000003dec00000|
|  29|0x00000003df000000, 0x00000003df000000, 0x00000003df400000|  0%| F|  |TS  0|AC  0|TAMS 0x00000003df000000, 0x00000003df000000|
|  30|0x00000003df400000, 0x00000003df400000, 0x00000003df800000|  0%| F|  |TS  0|AC  0|TAMS 0x00000003df400000, 0x00000003df400000|
|  31|0x00000003df800000, 0x00000003df800000, 0x00000003dfc00000|  0%| F|  |TS  0|AC  0|TAMS 0x00000003df800000, 0x00000003df800000|
|  32|0x00000003dfc00000, 0x00000003dfc00000, 0x00000003e0000000|  0%| F|  |TS  0|AC  0|TAMS 0x00000003dfc00000, 0x00000003dfc00000|
|  33|0x00000003e0000000, 0x00000003e0000000, 0x00000003e0400000|  0%| F|  |TS  0|AC  0|TAMS 0x00000003e0000000, 0x00000003e0000000|
|  34|0x00000003e0400000, 0x00000003e0400000, 0x00000003e0800000|  0%| F|  |TS  0|AC  0|TAMS 0x00000003e0400000, 0x00000003e0400000|
|  35|0x00000003e0800000, 0x00000003e0800000, 0x00000003e0c00000|  0%| F|  |TS  0|AC  0|TAMS 0x00000003e0800000, 0x00000003e0800000|
|  36|0x00000003e0c00000, 0x00000003e0c00000, 0x00000003e1000000|  0%| F|  |TS  0|AC  0|TAMS 0x00000003e0c00000, 0x00000003e0c00000|
|  37|0x00000003e1000000, 0x00000003e1000000, 0x00000003e1400000|  0%| F|  |TS  0|AC  0|TAMS 0x00000003e1000000, 0x00000003e1000000|
|  38|0x00000003e1400000, 0x00000003e1400000, 0x00000003e1800000|  0%| F|  |TS  0|AC  0|TAMS 0x00000003e1400000, 0x00000003e1400000|
|  39|0x00000003e1800000, 0x00000003e1800000, 0x00000003e1c00000|  0%| F|  |TS  0|AC  0|TAMS 0x00000003e1800000, 0x00000003e1800000|
|  40|0x00000003e1c00000, 0x00000003e1c00000, 0x00000003e2000000|  0%| F|  |TS  0|AC  0|TAMS 0x00000003e1c00000, 0x00000003e1c00000|
|  41|0x00000003e2000000, 0x00000003e2000000, 0x00000003e2400000|  0%| F|  |TS  0|AC  0|TAMS 0x00000003e2000000, 0x00000003e2000000|
|  42|0x00000003e2400000, 0x00000003e2400000, 0x00000003e2800000|  0%| F|  |TS  0|AC  0|TAMS 0x00000003e2400000, 0x00000003e2400000|
|  43|0x00000003e2800000, 0x00000003e2800000, 0x00000003e2c00000|  0%| F|  |TS  0|AC  0|TAMS 0x00000003e2800000, 0x00000003e2800000|
|  44|0x00000003e2c00000, 0x00000003e2c00000, 0x00000003e3000000|  0%| F|  |TS  0|AC  0|TAMS 0x00000003e2c00000, 0x00000003e2c00000|
|  45|0x00000003e3000000, 0x00000003e3000000, 0x00000003e3400000|  0%| F|  |TS  0|AC  0|TAMS 0x00000003e3000000, 0x00000003e3000000|
|  46|0x00000003e3400000, 0x00000003e3400000, 0x00000003e3800000|  0%| F|  |TS  0|AC  0|TAMS 0x00000003e3400000, 0x00000003e3400000|
|  47|0x00000003e3800000, 0x00000003e3800000, 0x00000003e3c00000|  0%| F|  |TS  0|AC  0|TAMS 0x00000003e3800000, 0x00000003e3800000|
|  48|0x00000003e3c00000, 0x00000003e3c00000, 0x00000003e4000000|  0%| F|  |TS  0|AC  0|TAMS 0x00000003e3c00000, 0x00000003e3c00000|
|  49|0x00000003e4000000, 0x00000003e4000000, 0x00000003e4400000|  0%| F|  |TS  0|AC  0|TAMS 0x00000003e4000000, 0x00000003e4000000|
|  50|0x00000003e4400000, 0x00000003e4400000, 0x00000003e4800000|  0%| F|  |TS  0|AC  0|TAMS 0x00000003e4400000, 0x00000003e4400000|
|  51|0x00000003e4800000, 0x00000003e4800000, 0x00000003e4c00000|  0%| F|  |TS  0|AC  0|TAMS 0x00000003e4800000, 0x00000003e4800000|
|  52|0x00000003e4c00000, 0x00000003e4c00000, 0x00000003e5000000|  0%| F|  |TS  0|AC  0|TAMS 0x00000003e4c00000, 0x00000003e4c00000|
|  53|0x00000003e5000000, 0x00000003e5000000, 0x00000003e5400000|  0%| F|  |TS  0|AC  0|TAMS 0x00000003e5000000, 0x00000003e5000000|
|  54|0x00000003e5400000, 0x00000003e5400000, 0x00000003e5800000|  0%| F|  |TS  0|AC  0|TAMS 0x00000003e5400000, 0x00000003e5400000|
|  55|0x00000003e5800000, 0x00000003e5800000, 0x00000003e5c00000|  0%| F|  |TS  0|AC  0|TAMS 0x00000003e5800000, 0x00000003e5800000|
|  56|0x00000003e5c00000, 0x00000003e5c00000, 0x00000003e6000000|  0%| F|  |TS  0|AC  0|TAMS 0x00000003e5c00000, 0x00000003e5c00000|
|  57|0x00000003e6000000, 0x00000003e6000000, 0x00000003e6400000|  0%| F|  |TS  0|AC  0|TAMS 0x00000003e6000000, 0x00000003e6000000|
|  58|0x00000003e6400000, 0x00000003e6400000, 0x00000003e6800000|  0%| F|  |TS  0|AC  0|TAMS 0x00000003e6400000, 0x00000003e6400000|
|  59|0x00000003e6800000, 0x00000003e6800000, 0x00000003e6c00000|  0%| F|  |TS  0|AC  0|TAMS 0x00000003e6800000, 0x00000003e6800000|
|  60|0x00000003e6c00000, 0x00000003e6c00000, 0x00000003e7000000|  0%| F|  |TS  0|AC  0|TAMS 0x00000003e6c00000, 0x00000003e6c00000|
|  61|0x00000003e7000000, 0x00000003e7000000, 0x00000003e7400000|  0%| F|  |TS  0|AC  0|TAMS 0x00000003e7000000, 0x00000003e7000000|
|  62|0x00000003e7400000, 0x00000003e7400000, 0x00000003e7800000|  0%| F|  |TS  0|AC  0|TAMS 0x00000003e7400000, 0x00000003e7400000|
|  63|0x00000003e7800000, 0x00000003e7800000, 0x00000003e7c00000|  0%| F|  |TS  0|AC  0|TAMS 0x00000003e7800000, 0x00000003e7800000|
|  64|0x00000003e7c00000, 0x00000003e7c00000, 0x00000003e8000000|  0%| F|  |TS  0|AC  0|TAMS 0x00000003e7c00000, 0x00000003e7c00000|
|  65|0x00000003e8000000, 0x00000003e8000000, 0x00000003e8400000|  0%| F|  |TS  0|AC  0|TAMS 0x00000003e8000000, 0x00000003e8000000|
|  66|0x00000003e8400000, 0x00000003e8400000, 0x00000003e8800000|  0%| F|  |TS  0|AC  0|TAMS 0x00000003e8400000, 0x00000003e8400000|
|  67|0x00000003e8800000, 0x00000003e8800000, 0x00000003e8c00000|  0%| F|  |TS  0|AC  0|TAMS 0x00000003e8800000, 0x00000003e8800000|
|  68|0x00000003e8c00000, 0x00000003e8c00000, 0x00000003e9000000|  0%| F|  |TS  0|AC  0|TAMS 0x00000003e8c00000, 0x00000003e8c00000|
|  69|0x00000003e9000000, 0x00000003e9000000, 0x00000003e9400000|  0%| F|  |TS  0|AC  0|TAMS 0x00000003e9000000, 0x00000003e9000000|
|  70|0x00000003e9400000, 0x00000003e9400000, 0x00000003e9800000|  0%| F|  |TS  0|AC  0|TAMS 0x00000003e9400000, 0x00000003e9400000|
|  71|0x00000003e9800000, 0x00000003e9800000, 0x00000003e9c00000|  0%| F|  |TS  0|AC  0|TAMS 0x00000003e9800000, 0x00000003e9800000|
|  72|0x00000003e9c00000, 0x00000003e9c00000, 0x00000003ea000000|  0%| F|  |TS  0|AC  0|TAMS 0x00000003e9c00000, 0x00000003e9c00000|
|  73|0x00000003ea000000, 0x00000003ea000000, 0x00000003ea400000|  0%| F|  |TS  0|AC  0|TAMS 0x00000003ea000000, 0x00000003ea000000|
|  74|0x00000003ea400000, 0x00000003ea400000, 0x00000003ea800000|  0%| F|  |TS  0|AC  0|TAMS 0x00000003ea400000, 0x00000003ea400000|
|  75|0x00000003ea800000, 0x00000003ea800000, 0x00000003eac00000|  0%| F|  |TS  0|AC  0|TAMS 0x00000003ea800000, 0x00000003ea800000|
|  76|0x00000003eac00000, 0x00000003eac00000, 0x00000003eb000000|  0%| F|  |TS  0|AC  0|TAMS 0x00000003eac00000, 0x00000003eac00000|
|  77|0x00000003eb000000, 0x00000003eb000000, 0x00000003eb400000|  0%| F|  |TS  0|AC  0|TAMS 0x00000003eb000000, 0x00000003eb000000|
|  78|0x00000003eb400000, 0x00000003eb400000, 0x00000003eb800000|  0%| F|  |TS  0|AC  0|TAMS 0x00000003eb400000, 0x00000003eb400000|
|  79|0x00000003eb800000, 0x00000003eb800000, 0x00000003ebc00000|  0%| F|  |TS  0|AC  0|TAMS 0x00000003eb800000, 0x00000003eb800000|
|  80|0x00000003ebc00000, 0x00000003ebc00000, 0x00000003ec000000|  0%| F|  |TS  0|AC  0|TAMS 0x00000003ebc00000, 0x00000003ebc00000|
|  81|0x00000003ec000000, 0x00000003ec000000, 0x00000003ec400000|  0%| F|  |TS  0|AC  0|TAMS 0x00000003ec000000, 0x00000003ec000000|
|  82|0x00000003ec400000, 0x00000003ec400000, 0x00000003ec800000|  0%| F|  |TS  0|AC  0|TAMS 0x00000003ec400000, 0x00000003ec400000|
|  83|0x00000003ec800000, 0x00000003ec800000, 0x00000003ecc00000|  0%| F|  |TS  0|AC  0|TAMS 0x00000003ec800000, 0x00000003ec800000|
|  84|0x00000003ecc00000, 0x00000003ecc00000, 0x00000003ed000000|  0%| F|  |TS  0|AC  0|TAMS 0x00000003ecc00000, 0x00000003ecc00000|
|  85|0x00000003ed000000, 0x00000003ed000000, 0x00000003ed400000|  0%| F|  |TS  0|AC  0|TAMS 0x00000003ed000000, 0x00000003ed000000|
|  86|0x00000003ed400000, 0x00000003ed400000, 0x00000003ed800000|  0%| F|  |TS  0|AC  0|TAMS 0x00000003ed400000, 0x00000003ed400000|
|  87|0x00000003ed800000, 0x00000003ed800000, 0x00000003edc00000|  0%| F|  |TS  0|AC  0|TAMS 0x00000003ed800000, 0x00000003ed800000|
|  88|0x00000003edc00000, 0x00000003edc00000, 0x00000003ee000000|  0%| F|  |TS  0|AC  0|TAMS 0x00000003edc00000, 0x00000003edc00000|
|  89|0x00000003ee000000, 0x00000003ee000000, 0x00000003ee400000|  0%| F|  |TS  0|AC  0|TAMS 0x00000003ee000000, 0x00000003ee000000|
|  90|0x00000003ee400000, 0x00000003ee400000, 0x00000003ee800000|  0%| F|  |TS  0|AC  0|TAMS 0x00000003ee400000, 0x00000003ee400000|
|  91|0x00000003ee800000, 0x00000003ee800000, 0x00000003eec00000|  0%| F|  |TS  0|AC  0|TAMS 0x00000003ee800000, 0x00000003ee800000|
|  92|0x00000003eec00000, 0x00000003eec00000, 0x00000003ef000000|  0%| F|  |TS  0|AC  0|TAMS 0x00000003eec00000, 0x00000003eec00000|
|  93|0x00000003ef000000, 0x00000003ef000000, 0x00000003ef400000|  0%| F|  |TS  0|AC  0|TAMS 0x00000003ef000000, 0x00000003ef000000|
|  94|0x00000003ef400000, 0x00000003ef400000, 0x00000003ef800000|  0%| F|  |TS  0|AC  0|TAMS 0x00000003ef400000, 0x00000003ef400000|
|  95|0x00000003ef800000, 0x00000003ef800000, 0x00000003efc00000|  0%| F|  |TS  0|AC  0|TAMS 0x00000003ef800000, 0x00000003ef800000|
|  96|0x00000003efc00000, 0x00000003efc00000, 0x00000003f0000000|  0%| F|  |TS  0|AC  0|TAMS 0x00000003efc00000, 0x00000003efc00000|
|  97|0x00000003f0000000, 0x00000003f0000000, 0x00000003f0400000|  0%| F|  |TS  0|AC  0|TAMS 0x00000003f0000000, 0x00000003f0000000|
|  98|0x00000003f0400000, 0x00000003f0400000, 0x00000003f0800000|  0%| F|  |TS  0|AC  0|TAMS 0x00000003f0400000, 0x00000003f0400000|
|  99|0x00000003f0800000, 0x00000003f0800000, 0x00000003f0c00000|  0%| F|  |TS  0|AC  0|TAMS 0x00000003f0800000, 0x00000003f0800000|
| 100|0x00000003f0c00000, 0x00000003f0c00000, 0x00000003f1000000|  0%| F|  |TS  0|AC  0|TAMS 0x00000003f0c00000, 0x00000003f0c00000|
| 101|0x00000003f1000000, 0x00000003f1000000, 0x00000003f1400000|  0%| F|  |TS  0|AC  0|TAMS 0x00000003f1000000, 0x00000003f1000000|
| 102|0x00000003f1400000, 0x00000003f1400000, 0x00000003f1800000|  0%| F|  |TS  0|AC  0|TAMS 0x00000003f1400000, 0x00000003f1400000|
| 103|0x00000003f1800000, 0x00000003f1800000, 0x00000003f1c00000|  0%| F|  |TS  0|AC  0|TAMS 0x00000003f1800000, 0x00000003f1800000|
| 104|0x00000003f1c00000, 0x00000003f1c00000, 0x00000003f2000000|  0%| F|  |TS  0|AC  0|TAMS 0x00000003f1c00000, 0x00000003f1c00000|
| 105|0x00000003f2000000, 0x00000003f2000000, 0x00000003f2400000|  0%| F|  |TS  0|AC  0|TAMS 0x00000003f2000000, 0x00000003f2000000|
| 106|0x00000003f2400000, 0x00000003f2400000, 0x00000003f2800000|  0%| F|  |TS  0|AC  0|TAMS 0x00000003f2400000, 0x00000003f2400000|
| 107|0x00000003f2800000, 0x00000003f2800000, 0x00000003f2c00000|  0%| F|  |TS  0|AC  0|TAMS 0x00000003f2800000, 0x00000003f2800000|
| 108|0x00000003f2c00000, 0x00000003f2c00000, 0x00000003f3000000|  0%| F|  |TS  0|AC  0|TAMS 0x00000003f2c00000, 0x00000003f2c00000|
| 109|0x00000003f3000000, 0x00000003f3000000, 0x00000003f3400000|  0%| F|  |TS  0|AC  0|TAMS 0x00000003f3000000, 0x00000003f3000000|
| 110|0x00000003f3400000, 0x00000003f3400000, 0x00000003f3800000|  0%| F|  |TS  0|AC  0|TAMS 0x00000003f3400000, 0x00000003f3400000|
| 111|0x00000003f3800000, 0x00000003f3800000, 0x00000003f3c00000|  0%| F|  |TS  0|AC  0|TAMS 0x00000003f3800000, 0x00000003f3800000|
| 112|0x00000003f3c00000, 0x00000003f3c00000, 0x00000003f4000000|  0%| F|  |TS  0|AC  0|TAMS 0x00000003f3c00000, 0x00000003f3c00000|
| 113|0x00000003f4000000, 0x00000003f4000000, 0x00000003f4400000|  0%| F|  |TS  0|AC  0|TAMS 0x00000003f4000000, 0x00000003f4000000|
| 114|0x00000003f4400000, 0x00000003f4400000, 0x00000003f4800000|  0%| F|  |TS  0|AC  0|TAMS 0x00000003f4400000, 0x00000003f4400000|
| 115|0x00000003f4800000, 0x00000003f4800000, 0x00000003f4c00000|  0%| F|  |TS  0|AC  0|TAMS 0x00000003f4800000, 0x00000003f4800000|
| 116|0x00000003f4c00000, 0x00000003f4c00000, 0x00000003f5000000|  0%| F|  |TS  0|AC  0|TAMS 0x00000003f4c00000, 0x00000003f4c00000|
| 117|0x00000003f5000000, 0x00000003f5000000, 0x00000003f5400000|  0%| F|  |TS  0|AC  0|TAMS 0x00000003f5000000, 0x00000003f5000000|
| 118|0x00000003f5400000, 0x00000003f5400000, 0x00000003f5800000|  0%| F|  |TS  0|AC  0|TAMS 0x00000003f5400000, 0x00000003f5400000|
| 119|0x00000003f5800000, 0x00000003f5800000, 0x00000003f5c00000|  0%| F|  |TS  0|AC  0|TAMS 0x00000003f5800000, 0x00000003f5800000|
| 120|0x00000003f5c00000, 0x00000003f5c00000, 0x00000003f6000000|  0%| F|  |TS  0|AC  0|TAMS 0x00000003f5c00000, 0x00000003f5c00000|
| 121|0x00000003f6000000, 0x00000003f6000000, 0x00000003f6400000|  0%| F|  |TS  0|AC  0|TAMS 0x00000003f6000000, 0x00000003f6000000|
| 122|0x00000003f6400000, 0x00000003f6400000, 0x00000003f6800000|  0%| F|  |TS  0|AC  0|TAMS 0x00000003f6400000, 0x00000003f6400000|
| 123|0x00000003f6800000, 0x00000003f6800000, 0x00000003f6c00000|  0%| F|  |TS  0|AC  0|TAMS 0x00000003f6800000, 0x00000003f6800000|
| 124|0x00000003f6c00000, 0x00000003f6c00000, 0x00000003f7000000|  0%| F|  |TS  0|AC  0|TAMS 0x00000003f6c00000, 0x00000003f6c00000|
| 125|0x00000003f7000000, 0x00000003f7000000, 0x00000003f7400000|  0%| F|  |TS  0|AC  0|TAMS 0x00000003f7000000, 0x00000003f7000000|
| 126|0x00000003f7400000, 0x00000003f7400000, 0x00000003f7800000|  0%| F|  |TS  0|AC  0|TAMS 0x00000003f7400000, 0x00000003f7400000|
| 127|0x00000003f7800000, 0x00000003f7800000, 0x00000003f7c00000|  0%| F|  |TS  0|AC  0|TAMS 0x00000003f7800000, 0x00000003f7800000|
| 128|0x00000003f7c00000, 0x00000003f7c00000, 0x00000003f8000000|  0%| F|  |TS  0|AC  0|TAMS 0x00000003f7c00000, 0x00000003f7c00000|
| 129|0x00000003f8000000, 0x00000003f8000000, 0x00000003f8400000|  0%| F|  |TS  0|AC  0|TAMS 0x00000003f8000000, 0x00000003f8000000|
| 130|0x00000003f8400000, 0x00000003f8400000, 0x00000003f8800000|  0%| F|  |TS  0|AC  0|TAMS 0x00000003f8400000, 0x00000003f8400000|
| 131|0x00000003f8800000, 0x00000003f8800000, 0x00000003f8c00000|  0%| F|  |TS  0|AC  0|TAMS 0x00000003f8800000, 0x00000003f8800000|
| 132|0x00000003f8c00000, 0x00000003f8c00000, 0x00000003f9000000|  0%| F|  |TS  0|AC  0|TAMS 0x00000003f8c00000, 0x00000003f8c00000|
| 133|0x00000003f9000000, 0x00000003f9000000, 0x00000003f9400000|  0%| F|  |TS  0|AC  0|TAMS 0x00000003f9000000, 0x00000003f9000000|
| 134|0x00000003f9400000, 0x00000003f9400000, 0x00000003f9800000|  0%| F|  |TS  0|AC  0|TAMS 0x00000003f9400000, 0x00000003f9400000|
| 135|0x00000003f9800000, 0x00000003f9800000, 0x00000003f9c00000|  0%| F|  |TS  0|AC  0|TAMS 0x00000003f9800000, 0x00000003f9800000|
| 136|0x00000003f9c00000, 0x00000003f9c00000, 0x00000003fa000000|  0%| F|  |TS  0|AC  0|TAMS 0x00000003f9c00000, 0x00000003f9c00000|
| 137|0x00000003fa000000, 0x00000003fa000000, 0x00000003fa400000|  0%| F|  |TS  0|AC  0|TAMS 0x00000003fa000000, 0x00000003fa000000|
| 138|0x00000003fa400000, 0x00000003fa400000, 0x00000003fa800000|  0%| F|  |TS  0|AC  0|TAMS 0x00000003fa400000, 0x00000003fa400000|
| 139|0x00000003fa800000, 0x00000003fa800000, 0x00000003fac00000|  0%| F|  |TS  0|AC  0|TAMS 0x00000003fa800000, 0x00000003fa800000|
| 140|0x00000003fac00000, 0x00000003fac00000, 0x00000003fb000000|  0%| F|  |TS  0|AC  0|TAMS 0x00000003fac00000, 0x00000003fac00000|
| 141|0x00000003fb000000, 0x00000003fb000000, 0x00000003fb400000|  0%| F|  |TS  0|AC  0|TAMS 0x00000003fb000000, 0x00000003fb000000|
| 142|0x00000003fb400000, 0x00000003fb400000, 0x00000003fb800000|  0%| F|  |TS  0|AC  0|TAMS 0x00000003fb400000, 0x00000003fb400000|
| 143|0x00000003fb800000, 0x00000003fb800000, 0x00000003fbc00000|  0%| F|  |TS  0|AC  0|TAMS 0x00000003fb800000, 0x00000003fb800000|
| 144|0x00000003fbc00000, 0x00000003fbc00000, 0x00000003fc000000|  0%| F|  |TS  0|AC  0|TAMS 0x00000003fbc00000, 0x00000003fbc00000|
| 145|0x00000003fc000000, 0x00000003fc000000, 0x00000003fc400000|  0%| F|  |TS  0|AC  0|TAMS 0x00000003fc000000, 0x00000003fc000000|
| 146|0x00000003fc400000, 0x00000003fc400000, 0x00000003fc800000|  0%| F|  |TS  0|AC  0|TAMS 0x00000003fc400000, 0x00000003fc400000|
| 147|0x00000003fc800000, 0x00000003fc800000, 0x00000003fcc00000|  0%| F|  |TS  0|AC  0|TAMS 0x00000003fc800000, 0x00000003fc800000|
| 148|0x00000003fcc00000, 0x00000003fcc00000, 0x00000003fd000000|  0%| F|  |TS  0|AC  0|TAMS 0x00000003fcc00000, 0x00000003fcc00000|
| 149|0x00000003fd000000, 0x00000003fd000000, 0x00000003fd400000|  0%| F|  |TS  0|AC  0|TAMS 0x00000003fd000000, 0x00000003fd000000|
| 150|0x00000003fd400000, 0x00000003fd400000, 0x00000003fd800000|  0%| F|  |TS  0|AC  0|TAMS 0x00000003fd400000, 0x00000003fd400000|
| 151|0x00000003fd800000, 0x00000003fd800000, 0x00000003fdc00000|  0%| F|  |TS  0|AC  0|TAMS 0x00000003fd800000, 0x00000003fd800000|
| 152|0x00000003fdc00000, 0x00000003fdc00000, 0x00000003fe000000|  0%| F|  |TS  0|AC  0|TAMS 0x00000003fdc00000, 0x00000003fdc00000|
| 153|0x00000003fe000000, 0x00000003fe000000, 0x00000003fe400000|  0%| F|  |TS  0|AC  0|TAMS 0x00000003fe000000, 0x00000003fe000000|
| 154|0x00000003fe400000, 0x00000003fe400000, 0x00000003fe800000|  0%| F|  |TS  0|AC  0|TAMS 0x00000003fe400000, 0x00000003fe400000|
| 155|0x00000003fe800000, 0x00000003fe800000, 0x00000003fec00000|  0%| F|  |TS  0|AC  0|TAMS 0x00000003fe800000, 0x00000003fe800000|
| 156|0x00000003fec00000, 0x00000003fec00000, 0x00000003ff000000|  0%| F|  |TS  0|AC  0|TAMS 0x00000003fec00000, 0x00000003fec00000|
| 157|0x00000003ff000000, 0x00000003ff000000, 0x00000003ff400000|  0%| F|  |TS  0|AC  0|TAMS 0x00000003ff000000, 0x00000003ff000000|
| 158|0x00000003ff400000, 0x00000003ff400000, 0x00000003ff800000|  0%| F|  |TS  0|AC  0|TAMS 0x00000003ff400000, 0x00000003ff400000|
| 159|0x00000003ff800000, 0x00000003ff800000, 0x00000003ffc00000|  0%| F|  |TS  0|AC  0|TAMS 0x00000003ff800000, 0x00000003ff800000|
| 160|0x00000003ffc00000, 0x00000003ffc00000, 0x0000000400000000|  0%| F|  |TS  0|AC  0|TAMS 0x00000003ffc00000, 0x00000003ffc00000|
| 161|0x0000000400000000, 0x0000000400000000, 0x0000000400400000|  0%| F|  |TS  0|AC  0|TAMS 0x0000000400000000, 0x0000000400000000|
| 162|0x0000000400400000, 0x0000000400400000, 0x0000000400800000|  0%| F|  |TS  0|AC  0|TAMS 0x0000000400400000, 0x0000000400400000|
| 163|0x0000000400800000, 0x0000000400800000, 0x0000000400c00000|  0%| F|  |TS  0|AC  0|TAMS 0x0000000400800000, 0x0000000400800000|
| 164|0x0000000400c00000, 0x0000000400c00000, 0x0000000401000000|  0%| F|  |TS  0|AC  0|TAMS 0x0000000400c00000, 0x0000000400c00000|
| 165|0x0000000401000000, 0x0000000401000000, 0x0000000401400000|  0%| F|  |TS  0|AC  0|TAMS 0x0000000401000000, 0x0000000401000000|
| 166|0x0000000401400000, 0x0000000401400000, 0x0000000401800000|  0%| F|  |TS  0|AC  0|TAMS 0x0000000401400000, 0x0000000401400000|
| 167|0x0000000401800000, 0x0000000401800000, 0x0000000401c00000|  0%| F|  |TS  0|AC  0|TAMS 0x0000000401800000, 0x0000000401800000|
| 168|0x0000000401c00000, 0x0000000401c00000, 0x0000000402000000|  0%| F|  |TS  0|AC  0|TAMS 0x0000000401c00000, 0x0000000401c00000|
| 169|0x0000000402000000, 0x0000000402000000, 0x0000000402400000|  0%| F|  |TS  0|AC  0|TAMS 0x0000000402000000, 0x0000000402000000|
| 170|0x0000000402400000, 0x0000000402400000, 0x0000000402800000|  0%| F|  |TS  0|AC  0|TAMS 0x0000000402400000, 0x0000000402400000|
| 171|0x0000000402800000, 0x0000000402800000, 0x0000000402c00000|  0%| F|  |TS  0|AC  0|TAMS 0x0000000402800000, 0x0000000402800000|
| 172|0x0000000402c00000, 0x0000000402c00000, 0x0000000403000000|  0%| F|  |TS  0|AC  0|TAMS 0x0000000402c00000, 0x0000000402c00000|
| 173|0x0000000403000000, 0x0000000403000000, 0x0000000403400000|  0%| F|  |TS  0|AC  0|TAMS 0x0000000403000000, 0x0000000403000000|
| 174|0x0000000403400000, 0x0000000403400000, 0x0000000403800000|  0%| F|  |TS  0|AC  0|TAMS 0x0000000403400000, 0x0000000403400000|
| 175|0x0000000403800000, 0x0000000403800000, 0x0000000403c00000|  0%| F|  |TS  0|AC  0|TAMS 0x0000000403800000, 0x0000000403800000|
| 176|0x0000000403c00000, 0x0000000403c00000, 0x0000000404000000|  0%| F|  |TS  0|AC  0|TAMS 0x0000000403c00000, 0x0000000403c00000|
| 177|0x0000000404000000, 0x0000000404000000, 0x0000000404400000|  0%| F|  |TS  0|AC  0|TAMS 0x0000000404000000, 0x0000000404000000|
| 178|0x0000000404400000, 0x0000000404400000, 0x0000000404800000|  0%| F|  |TS  0|AC  0|TAMS 0x0000000404400000, 0x0000000404400000|
| 179|0x0000000404800000, 0x0000000404800000, 0x0000000404c00000|  0%| F|  |TS  0|AC  0|TAMS 0x0000000404800000, 0x0000000404800000|
| 180|0x0000000404c00000, 0x0000000404c00000, 0x0000000405000000|  0%| F|  |TS  0|AC  0|TAMS 0x0000000404c00000, 0x0000000404c00000|
| 181|0x0000000405000000, 0x0000000405000000, 0x0000000405400000|  0%| F|  |TS  0|AC  0|TAMS 0x0000000405000000, 0x0000000405000000|
| 182|0x0000000405400000, 0x0000000405400000, 0x0000000405800000|  0%| F|  |TS  0|AC  0|TAMS 0x0000000405400000, 0x0000000405400000|
| 183|0x0000000405800000, 0x0000000405800000, 0x0000000405c00000|  0%| F|  |TS  0|AC  0|TAMS 0x0000000405800000, 0x0000000405800000|
| 184|0x0000000405c00000, 0x0000000405c00000, 0x0000000406000000|  0%| F|  |TS  0|AC  0|TAMS 0x0000000405c00000, 0x0000000405c00000|
| 185|0x0000000406000000, 0x0000000406000000, 0x0000000406400000|  0%| F|  |TS  0|AC  0|TAMS 0x0000000406000000, 0x0000000406000000|
| 186|0x0000000406400000, 0x0000000406400000, 0x0000000406800000|  0%| F|  |TS  0|AC  0|TAMS 0x0000000406400000, 0x0000000406400000|
| 187|0x0000000406800000, 0x0000000406800000, 0x0000000406c00000|  0%| F|  |TS  0|AC  0|TAMS 0x0000000406800000, 0x0000000406800000|
| 188|0x0000000406c00000, 0x0000000406c00000, 0x0000000407000000|  0%| F|  |TS  0|AC  0|TAMS 0x0000000406c00000, 0x0000000406c00000|
| 189|0x0000000407000000, 0x0000000407000000, 0x0000000407400000|  0%| F|  |TS  0|AC  0|TAMS 0x0000000407000000, 0x0000000407000000|
| 190|0x0000000407400000, 0x0000000407400000, 0x0000000407800000|  0%| F|  |TS  0|AC  0|TAMS 0x0000000407400000, 0x0000000407400000|
| 191|0x0000000407800000, 0x0000000407800000, 0x0000000407c00000|  0%| F|  |TS  0|AC  0|TAMS 0x0000000407800000, 0x0000000407800000|
| 192|0x0000000407c00000, 0x0000000407c00000, 0x0000000408000000|  0%| F|  |TS  0|AC  0|TAMS 0x0000000407c00000, 0x0000000407c00000|
| 193|0x0000000408000000, 0x0000000408000000, 0x0000000408400000|  0%| F|  |TS  0|AC  0|TAMS 0x0000000408000000, 0x0000000408000000|
| 194|0x0000000408400000, 0x0000000408400000, 0x0000000408800000|  0%| F|  |TS  0|AC  0|TAMS 0x0000000408400000, 0x0000000408400000|
| 195|0x0000000408800000, 0x0000000408800000, 0x0000000408c00000|  0%| F|  |TS  0|AC  0|TAMS 0x0000000408800000, 0x0000000408800000|
| 196|0x0000000408c00000, 0x0000000408c00000, 0x0000000409000000|  0%| F|  |TS  0|AC  0|TAMS 0x0000000408c00000, 0x0000000408c00000|
| 197|0x0000000409000000, 0x0000000409000000, 0x0000000409400000|  0%| F|  |TS  0|AC  0|TAMS 0x0000000409000000, 0x0000000409000000|
| 198|0x0000000409400000, 0x0000000409400000, 0x0000000409800000|  0%| F|  |TS  0|AC  0|TAMS 0x0000000409400000, 0x0000000409400000|
| 199|0x0000000409800000, 0x0000000409800000, 0x0000000409c00000|  0%| F|  |TS  0|AC  0|TAMS 0x0000000409800000, 0x0000000409800000|
| 200|0x0000000409c00000, 0x0000000409c00000, 0x000000040a000000|  0%| F|  |TS  0|AC  0|TAMS 0x0000000409c00000, 0x0000000409c00000|
| 201|0x000000040a000000, 0x000000040a000000, 0x000000040a400000|  0%| F|  |TS  0|AC  0|TAMS 0x000000040a000000, 0x000000040a000000|
| 202|0x000000040a400000, 0x000000040a400000, 0x000000040a800000|  0%| F|  |TS  0|AC  0|TAMS 0x000000040a400000, 0x000000040a400000|
| 203|0x000000040a800000, 0x000000040a800000, 0x000000040ac00000|  0%| F|  |TS  0|AC  0|TAMS 0x000000040a800000, 0x000000040a800000|
| 204|0x000000040ac00000, 0x000000040ac00000, 0x000000040b000000|  0%| F|  |TS  0|AC  0|TAMS 0x000000040ac00000, 0x000000040ac00000|
| 205|0x000000040b000000, 0x000000040b000000, 0x000000040b400000|  0%| F|  |TS  0|AC  0|TAMS 0x000000040b000000, 0x000000040b000000|
| 206|0x000000040b400000, 0x000000040b400000, 0x000000040b800000|  0%| F|  |TS  0|AC  0|TAMS 0x000000040b400000, 0x000000040b400000|
| 207|0x000000040b800000, 0x000000040b800000, 0x000000040bc00000|  0%| F|  |TS  0|AC  0|TAMS 0x000000040b800000, 0x000000040b800000|
| 208|0x000000040bc00000, 0x000000040bc00000, 0x000000040c000000|  0%| F|  |TS  0|AC  0|TAMS 0x000000040bc00000, 0x000000040bc00000|
| 209|0x000000040c000000, 0x000000040c000000, 0x000000040c400000|  0%| F|  |TS  0|AC  0|TAMS 0x000000040c000000, 0x000000040c000000|
| 210|0x000000040c400000, 0x000000040c400000, 0x000000040c800000|  0%| F|  |TS  0|AC  0|TAMS 0x000000040c400000, 0x000000040c400000|
| 211|0x000000040c800000, 0x000000040c800000, 0x000000040cc00000|  0%| F|  |TS  0|AC  0|TAMS 0x000000040c800000, 0x000000040c800000|
| 212|0x000000040cc00000, 0x000000040cc00000, 0x000000040d000000|  0%| F|  |TS  0|AC  0|TAMS 0x000000040cc00000, 0x000000040cc00000|
| 213|0x000000040d000000, 0x000000040d000000, 0x000000040d400000|  0%| F|  |TS  0|AC  0|TAMS 0x000000040d000000, 0x000000040d000000|
| 214|0x000000040d400000, 0x000000040d400000, 0x000000040d800000|  0%| F|  |TS  0|AC  0|TAMS 0x000000040d400000, 0x000000040d400000|
| 215|0x000000040d800000, 0x000000040d800000, 0x000000040dc00000|  0%| F|  |TS  0|AC  0|TAMS 0x000000040d800000, 0x000000040d800000|
| 216|0x000000040dc00000, 0x000000040dc00000, 0x000000040e000000|  0%| F|  |TS  0|AC  0|TAMS 0x000000040dc00000, 0x000000040dc00000|
| 217|0x000000040e000000, 0x000000040e000000, 0x000000040e400000|  0%| F|  |TS  0|AC  0|TAMS 0x000000040e000000, 0x000000040e000000|
| 218|0x000000040e400000, 0x000000040e400000, 0x000000040e800000|  0%| F|  |TS  0|AC  0|TAMS 0x000000040e400000, 0x000000040e400000|
| 219|0x000000040e800000, 0x000000040e800000, 0x000000040ec00000|  0%| F|  |TS  0|AC  0|TAMS 0x000000040e800000, 0x000000040e800000|
| 220|0x000000040ec00000, 0x000000040ec00000, 0x000000040f000000|  0%| F|  |TS  0|AC  0|TAMS 0x000000040ec00000, 0x000000040ec00000|
| 221|0x000000040f000000, 0x000000040f000000, 0x000000040f400000|  0%| F|  |TS  0|AC  0|TAMS 0x000000040f000000, 0x000000040f000000|
| 222|0x000000040f400000, 0x000000040f400000, 0x000000040f800000|  0%| F|  |TS  0|AC  0|TAMS 0x000000040f400000, 0x000000040f400000|
| 223|0x000000040f800000, 0x000000040f800000, 0x000000040fc00000|  0%| F|  |TS  0|AC  0|TAMS 0x000000040f800000, 0x000000040f800000|
| 224|0x000000040fc00000, 0x000000040fc00000, 0x0000000410000000|  0%| F|  |TS  0|AC  0|TAMS 0x000000040fc00000, 0x000000040fc00000|
| 225|0x0000000410000000, 0x0000000410000000, 0x0000000410400000|  0%| F|  |TS  0|AC  0|TAMS 0x0000000410000000, 0x0000000410000000|
| 226|0x0000000410400000, 0x0000000410400000, 0x0000000410800000|  0%| F|  |TS  0|AC  0|TAMS 0x0000000410400000, 0x0000000410400000|
| 227|0x0000000410800000, 0x0000000410800000, 0x0000000410c00000|  0%| F|  |TS  0|AC  0|TAMS 0x0000000410800000, 0x0000000410800000|
| 228|0x0000000410c00000, 0x0000000410c00000, 0x0000000411000000|  0%| F|  |TS  0|AC  0|TAMS 0x0000000410c00000, 0x0000000410c00000|
| 229|0x0000000411000000, 0x0000000411000000, 0x0000000411400000|  0%| F|  |TS  0|AC  0|TAMS 0x0000000411000000, 0x0000000411000000|
| 230|0x0000000411400000, 0x0000000411400000, 0x0000000411800000|  0%| F|  |TS  0|AC  0|TAMS 0x0000000411400000, 0x0000000411400000|
| 231|0x0000000411800000, 0x0000000411800000, 0x0000000411c00000|  0%| F|  |TS  0|AC  0|TAMS 0x0000000411800000, 0x0000000411800000|
| 232|0x0000000411c00000, 0x0000000411c00000, 0x0000000412000000|  0%| F|  |TS  0|AC  0|TAMS 0x0000000411c00000, 0x0000000411c00000|
| 233|0x0000000412000000, 0x0000000412000000, 0x0000000412400000|  0%| F|  |TS  0|AC  0|TAMS 0x0000000412000000, 0x0000000412000000|
| 234|0x0000000412400000, 0x0000000412400000, 0x0000000412800000|  0%| F|  |TS  0|AC  0|TAMS 0x0000000412400000, 0x0000000412400000|
| 235|0x0000000412800000, 0x0000000412800000, 0x0000000412c00000|  0%| F|  |TS  0|AC  0|TAMS 0x0000000412800000, 0x0000000412800000|
| 236|0x0000000412c00000, 0x0000000412c00000, 0x0000000413000000|  0%| F|  |TS  0|AC  0|TAMS 0x0000000412c00000, 0x0000000412c00000|
| 237|0x0000000413000000, 0x0000000413000000, 0x0000000413400000|  0%| F|  |TS  0|AC  0|TAMS 0x0000000413000000, 0x0000000413000000|
| 238|0x0000000413400000, 0x0000000413400000, 0x0000000413800000|  0%| F|  |TS  0|AC  0|TAMS 0x0000000413400000, 0x0000000413400000|
| 239|0x0000000413800000, 0x0000000413800000, 0x0000000413c00000|  0%| F|  |TS  0|AC  0|TAMS 0x0000000413800000, 0x0000000413800000|
| 240|0x0000000413c00000, 0x0000000413c00000, 0x0000000414000000|  0%| F|  |TS  0|AC  0|TAMS 0x0000000413c00000, 0x0000000413c00000|
| 241|0x0000000414000000, 0x0000000414000000, 0x0000000414400000|  0%| F|  |TS  0|AC  0|TAMS 0x0000000414000000, 0x0000000414000000|
| 242|0x0000000414400000, 0x0000000414400000, 0x0000000414800000|  0%| F|  |TS  0|AC  0|TAMS 0x0000000414400000, 0x0000000414400000|
| 243|0x0000000414800000, 0x0000000414800000, 0x0000000414c00000|  0%| F|  |TS  0|AC  0|TAMS 0x0000000414800000, 0x0000000414800000|
| 244|0x0000000414c00000, 0x0000000414c00000, 0x0000000415000000|  0%| F|  |TS  0|AC  0|TAMS 0x0000000414c00000, 0x0000000414c00000|
| 245|0x0000000415000000, 0x0000000415000000, 0x0000000415400000|  0%| F|  |TS  0|AC  0|TAMS 0x0000000415000000, 0x0000000415000000|
| 246|0x0000000415400000, 0x0000000415400000, 0x0000000415800000|  0%| F|  |TS  0|AC  0|TAMS 0x0000000415400000, 0x0000000415400000|
| 247|0x0000000415800000, 0x0000000415bd7948, 0x0000000415c00000| 96%| E|  |TS  0|AC  0|TAMS 0x0000000415800000, 0x0000000415800000|
| 248|0x0000000415c00000, 0x0000000416000000, 0x0000000416000000|100%| E|CS|TS  0|AC  0|TAMS 0x0000000415c00000, 0x0000000415c00000|
| 249|0x0000000416000000, 0x0000000416400000, 0x0000000416400000|100%| E|CS|TS  0|AC  0|TAMS 0x0000000416000000, 0x0000000416000000|
| 250|0x0000000416400000, 0x0000000416800000, 0x0000000416800000|100%| E|CS|TS  0|AC  0|TAMS 0x0000000416400000, 0x0000000416400000|

Card table byte_map: [0x00007faf4e23a000,0x00007faf5017c000] byte_map_base: 0x00007faf4c37c000

Marking Bits (Prev, Next): (CMBitMap*) 0x00007fb01409e820, (CMBitMap*) 0x00007fb01409e858
 Prev Bits: [0x00007faf3c8e8000, 0x00007faf4c2f8000)
 Next Bits: [0x00007faf2ced8000, 0x00007faf3c8e8000)

Polling page: 0x00007fb01d6ae000

CodeHeap 'non-profiled nmethods': size=119172Kb used=138Kb max_used=138Kb free=119033Kb
 bounds [0x00007fb0016e2000, 0x00007fb001952000, 0x00007fb008b43000]
CodeHeap 'profiled nmethods': size=119172Kb used=321Kb max_used=321Kb free=118850Kb
 bounds [0x00007faffa281000, 0x00007faffa4f1000, 0x00007fb0016e2000]
CodeHeap 'non-nmethods': size=7416Kb used=2826Kb max_used=2855Kb free=4589Kb
 bounds [0x00007faff9b43000, 0x00007faff9e13000, 0x00007faffa281000]
 total_blobs=618 nmethods=239 adapters=168
 compilation: enabled

Compilation events (10 events):
Event: 0.441 Thread 0x00007fb0142b4800  235   !   4       java.io.PrintStream::write (83 bytes)
Event: 0.441 Thread 0x00007fb0142b8000  239       4       java.lang.Long::toString (55 bytes)
Event: 0.441 Thread 0x00007fb0142b6000 nmethod 237 0x00007fb0016fe190 code [0x00007fb0016fe320, 0x00007fb0016fe3d8]
Event: 0.441 Thread 0x00007fb0142b6000  236   !   4       java.io.PrintStream::newLine (73 bytes)
Event: 0.442 Thread 0x00007fb0142b2800 nmethod 238 0x00007fb0016fe490 code [0x00007fb0016fe620, 0x00007fb0016fe7b8]
Event: 0.443 Thread 0x00007fb0142b8000 nmethod 239 0x00007fb0016fe990 code [0x00007fb0016feb40, 0x00007fb0016fed98]
Event: 0.453 Thread 0x00007fb0142b6000 nmethod 236 0x00007fb0016fef90 code [0x00007fb0016ff1e0, 0x00007fb0016fffe8]
Event: 0.454 Thread 0x00007fb0142b4800 nmethod 235 0x00007fb001700890 code [0x00007fb001700aa0, 0x00007fb0017016d8]
Event: 0.479 Thread 0x00007fb0142af000 nmethod 234 0x00007fb001701e90 code [0x00007fb001702160, 0x00007fb001703920]
Event: 0.576 Thread 0x00007fb0142bb800  240 %     3       org.eclipse.core.runtime.adaptor.EclipseStarter::main @ 2387 (3763 bytes)

GC Heap History (0 events):
No events

Deoptimization events (0 events):
No events

Classes redefined (0 events):
No events

Internal exceptions (0 events):
No events

Events (10 events):
Event: 0.378 Thread 0x00007fb014011800 DEOPT PACKING pc=0x00007faffa2b19a4 sp=0x00007fb01bd58de0
Event: 0.378 Thread 0x00007fb014011800 DEOPT UNPACKING pc=0x00007faff9b90aab sp=0x00007fb01bd583c8 mode 0
Event: 0.379 Thread 0x00007fb014011800 DEOPT PACKING pc=0x00007faffa2b19a4 sp=0x00007fb01bd58de0
Event: 0.379 Thread 0x00007fb014011800 DEOPT UNPACKING pc=0x00007faff9b90aab sp=0x00007fb01bd583c8 mode 0
Event: 0.380 Thread 0x00007fb014011800 DEOPT PACKING pc=0x00007faffa2b19a4 sp=0x00007fb01bd58de0
Event: 0.381 Thread 0x00007fb014011800 DEOPT UNPACKING pc=0x00007faff9b90aab sp=0x00007fb01bd583c8 mode 0
Event: 0.382 Thread 0x00007fb014011800 DEOPT PACKING pc=0x00007faffa2b19a4 sp=0x00007fb01bd58de0
Event: 0.382 Thread 0x00007fb014011800 DEOPT UNPACKING pc=0x00007faff9b90aab sp=0x00007fb01bd583c8 mode 0
Event: 0.383 Thread 0x00007fb014011800 DEOPT PACKING pc=0x00007faffa2b19a4 sp=0x00007fb01bd58de0
Event: 0.383 Thread 0x00007fb014011800 DEOPT UNPACKING pc=0x00007faff9b90aab sp=0x00007fb01bd583c8 mode 0


Dynamic libraries:
00400000-00401000 r-xp 00000000 00:65 77077150                           /root/oracle/jdk-9.0.4/bin/java
00600000-00601000 rw-p 00000000 00:65 77077150                           /root/oracle/jdk-9.0.4/bin/java
009b9000-009da000 rw-p 00000000 00:00 0                                  [heap]
3d7c00000-416800000 rw-p 00000000 00:00 0 
416800000-7c0000000 ---p 00000000 00:00 0 
7c0000000-7c0080000 rw-p 00000000 00:00 0 
7c0080000-800000000 ---p 00000000 00:00 0 
7faebc000000-7faebc021000 rw-p 00000000 00:00 0 
7faebc021000-7faec0000000 ---p 00000000 00:00 0 
7faec0000000-7faec0021000 rw-p 00000000 00:00 0 
7faec0021000-7faec4000000 ---p 00000000 00:00 0 
7faec4000000-7faec4021000 rw-p 00000000 00:00 0 
7faec4021000-7faec8000000 ---p 00000000 00:00 0 
7faecb6a7000-7faecb9d5000 rw-p 00000000 00:00 0 
7faecb9d5000-7faecb9d6000 ---p 00000000 00:00 0 
7faecb9d6000-7faecbad7000 rw-p 00000000 00:00 0 
7faecbad7000-7faecbadb000 ---p 00000000 00:00 0 
7faecbadb000-7faecbbd8000 rw-p 00000000 00:00 0 
7faecbbd8000-7faecbbee000 r-xp 00000000 00:65 77077477                   /root/oracle/jdk-9.0.4/lib/libnet.so
7faecbbee000-7faecbdee000 ---p 00016000 00:65 77077477                   /root/oracle/jdk-9.0.4/lib/libnet.so
7faecbdee000-7faecbdef000 rw-p 00016000 00:65 77077477                   /root/oracle/jdk-9.0.4/lib/libnet.so
7faecbdef000-7faecbdff000 r-xp 00000000 00:65 77077594                   /root/oracle/jdk-9.0.4/lib/libnio.so
7faecbdff000-7faecbfff000 ---p 00010000 00:65 77077594                   /root/oracle/jdk-9.0.4/lib/libnio.so
7faecbfff000-7faecc000000 rw-p 00010000 00:65 77077594                   /root/oracle/jdk-9.0.4/lib/libnio.so
7faecc000000-7faecc021000 rw-p 00000000 00:00 0 
7faecc021000-7faed0000000 ---p 00000000 00:00 0 
7faed0000000-7faed0021000 rw-p 00000000 00:00 0 
7faed0021000-7faed4000000 ---p 00000000 00:00 0 
7faed4000000-7faed4094000 rw-p 00000000 00:00 0 
7faed4094000-7faed8000000 ---p 00000000 00:00 0 
7faed8000000-7faed802b000 rw-p 00000000 00:00 0 
7faed802b000-7faedc000000 ---p 00000000 00:00 0 
7faedc000000-7faedc03f000 rw-p 00000000 00:00 0 
7faedc03f000-7faee0000000 ---p 00000000 00:00 0 
7faee0000000-7faee00da000 rw-p 00000000 00:00 0 
7faee00da000-7faee4000000 ---p 00000000 00:00 0 
7faee4000000-7faee4226000 rw-p 00000000 00:00 0 
7faee4226000-7faee8000000 ---p 00000000 00:00 0 
7faee8000000-7faee813c000 rw-p 00000000 00:00 0 
7faee813c000-7faeec000000 ---p 00000000 00:00 0 
7faeec000000-7faeec023000 rw-p 00000000 00:00 0 
7faeec023000-7faef0000000 ---p 00000000 00:00 0 
7faef0000000-7faef01d9000 rw-p 00000000 00:00 0 
7faef01d9000-7faef4000000 ---p 00000000 00:00 0 
7faef4000000-7faef41dd000 rw-p 00000000 00:00 0 
7faef41dd000-7faef8000000 ---p 00000000 00:00 0 
7faef8000000-7faef8157000 rw-p 00000000 00:00 0 
7faef8157000-7faefc000000 ---p 00000000 00:00 0 
7faefc000000-7faefc021000 rw-p 00000000 00:00 0 
7faefc021000-7faf00000000 ---p 00000000 00:00 0 
7faf00000000-7faf0015a000 rw-p 00000000 00:00 0 
7faf0015a000-7faf04000000 ---p 00000000 00:00 0 
7faf04000000-7faf04021000 rw-p 00000000 00:00 0 
7faf04021000-7faf08000000 ---p 00000000 00:00 0 
7faf08000000-7faf08021000 rw-p 00000000 00:00 0 
7faf08021000-7faf0c000000 ---p 00000000 00:00 0 
7faf0c000000-7faf0c021000 rw-p 00000000 00:00 0 
7faf0c021000-7faf10000000 ---p 00000000 00:00 0 
7faf10000000-7faf10021000 rw-p 00000000 00:00 0 
7faf10021000-7faf14000000 ---p 00000000 00:00 0 
7faf140e8000-7faf140ec000 ---p 00000000 00:00 0 
7faf140ec000-7faf141e9000 rw-p 00000000 00:00 0 
7faf141e9000-7faf141ed000 ---p 00000000 00:00 0 
7faf141ed000-7faf142ea000 rw-p 00000000 00:00 0 
7faf142ea000-7faf142ee000 ---p 00000000 00:00 0 
7faf142ee000-7faf143eb000 rw-p 00000000 00:00 0 
7faf143eb000-7faf143ef000 ---p 00000000 00:00 0 
7faf143ef000-7faf144ec000 rw-p 00000000 00:00 0 
7faf144ec000-7faf144f0000 ---p 00000000 00:00 0 
7faf144f0000-7faf145ed000 rw-p 00000000 00:00 0 
7faf145ed000-7faf145f1000 ---p 00000000 00:00 0 
7faf145f1000-7faf146ee000 rw-p 00000000 00:00 0 
7faf146ee000-7faf146f2000 ---p 00000000 00:00 0 
7faf146f2000-7faf147ef000 rw-p 00000000 00:00 0 
7faf147ef000-7faf147f3000 ---p 00000000 00:00 0 
7faf147f3000-7faf148f0000 rw-p 00000000 00:00 0 
7faf148f0000-7faf148f4000 ---p 00000000 00:00 0 
7faf148f4000-7faf149f1000 rw-p 00000000 00:00 0 
7faf149f1000-7faf149f5000 ---p 00000000 00:00 0 
7faf149f5000-7faf14af2000 rw-p 00000000 00:00 0 
7faf14af2000-7faf14af6000 ---p 00000000 00:00 0 
7faf14af6000-7faf14bf3000 rw-p 00000000 00:00 0 
7faf14bf3000-7faf14bf7000 ---p 00000000 00:00 0 
7faf14bf7000-7faf14cf4000 rw-p 00000000 00:00 0 
7faf14cf4000-7faf14cf8000 ---p 00000000 00:00 0 
7faf14cf8000-7faf14df5000 rw-p 00000000 00:00 0 
7faf14df5000-7faf14df9000 ---p 00000000 00:00 0 
7faf14df9000-7faf14ef6000 rw-p 00000000 00:00 0 
7faf14ef6000-7faf14efa000 ---p 00000000 00:00 0 
7faf14efa000-7faf14ff7000 rw-p 00000000 00:00 0 
7faf14ff7000-7faf14ffb000 ---p 00000000 00:00 0 
7faf14ffb000-7faf150f8000 rw-p 00000000 00:00 0 
7faf150f8000-7faf150fc000 ---p 00000000 00:00 0 
7faf150fc000-7faf151f9000 rw-p 00000000 00:00 0 
7faf151f9000-7faf151fa000 ---p 00000000 00:00 0 
7faf151fa000-7faf1573b000 rw-p 00000000 00:00 0 
7faf1573b000-7faf15afb000 ---p 00000000 00:00 0 
7faf15afb000-7faf16000000 rw-p 00000000 00:00 0 
7faf16000000-7faf18000000 rwxp 00000000 00:00 0 
7faf18000000-7faf18021000 rw-p 00000000 00:00 0 
7faf18021000-7faf1c000000 ---p 00000000 00:00 0 
7faf1c000000-7faf1c021000 rw-p 00000000 00:00 0 
7faf1c021000-7faf20000000 ---p 00000000 00:00 0 
7faf20000000-7faf20021000 rw-p 00000000 00:00 0 
7faf20021000-7faf24000000 ---p 00000000 00:00 0 
7faf24000000-7faf24021000 rw-p 00000000 00:00 0 
7faf24021000-7faf28000000 ---p 00000000 00:00 0 
7faf28000000-7faf28021000 rw-p 00000000 00:00 0 
7faf28021000-7faf2c000000 ---p 00000000 00:00 0 
7faf2c054000-7faf2de88000 rw-p 00000000 00:00 0 
7faf2de88000-7faf3c8e8000 ---p 00000000 00:00 0 
7faf3c8e8000-7faf3d898000 rw-p 00000000 00:00 0 
7faf3d898000-7faf4c2f8000 ---p 00000000 00:00 0 
7faf4c2f8000-7faf4c4ee000 rw-p 00000000 00:00 0 
7faf4c4ee000-7faf4e23a000 ---p 00000000 00:00 0 
7faf4e23a000-7faf4e430000 rw-p 00000000 00:00 0 
7faf4e430000-7faf520be000 ---p 00000000 00:00 0 
7faf520be000-7faf522b4000 rw-p 00000000 00:00 0 
7faf522b4000-7faf54000000 ---p 00000000 00:00 0 
7faf54000000-7faf54021000 rw-p 00000000 00:00 0 
7faf54021000-7faf58000000 ---p 00000000 00:00 0 
7faf58000000-7faf58021000 rw-p 00000000 00:00 0 
7faf58021000-7faf5c000000 ---p 00000000 00:00 0 
7faf5c000000-7faf5c021000 rw-p 00000000 00:00 0 
7faf5c021000-7faf60000000 ---p 00000000 00:00 0 
7faf60000000-7faf60021000 rw-p 00000000 00:00 0 
7faf60021000-7faf64000000 ---p 00000000 00:00 0 
7faf64000000-7faf64021000 rw-p 00000000 00:00 0 
7faf64021000-7faf68000000 ---p 00000000 00:00 0 
7faf68000000-7faf68021000 rw-p 00000000 00:00 0 
7faf68021000-7faf6c000000 ---p 00000000 00:00 0 
7faf6c000000-7faf6c021000 rw-p 00000000 00:00 0 
7faf6c021000-7faf70000000 ---p 00000000 00:00 0 
7faf70000000-7faf70021000 rw-p 00000000 00:00 0 
7faf70021000-7faf74000000 ---p 00000000 00:00 0 
7faf74000000-7faf74021000 rw-p 00000000 00:00 0 
7faf74021000-7faf78000000 ---p 00000000 00:00 0 
7faf78000000-7faf78021000 rw-p 00000000 00:00 0 
7faf78021000-7faf7c000000 ---p 00000000 00:00 0 
7faf7c000000-7faf7c021000 rw-p 00000000 00:00 0 
7faf7c021000-7faf80000000 ---p 00000000 00:00 0 
7faf80000000-7faf80021000 rw-p 00000000 00:00 0 
7faf80021000-7faf84000000 ---p 00000000 00:00 0 
7faf84000000-7faf84021000 rw-p 00000000 00:00 0 
7faf84021000-7faf88000000 ---p 00000000 00:00 0 
7faf88000000-7faf88021000 rw-p 00000000 00:00 0 
7faf88021000-7faf8c000000 ---p 00000000 00:00 0 
7faf8c000000-7faf8c021000 rw-p 00000000 00:00 0 
7faf8c021000-7faf90000000 ---p 00000000 00:00 0 
7faf90000000-7faf90021000 rw-p 00000000 00:00 0 
7faf90021000-7faf94000000 ---p 00000000 00:00 0 
7faf94000000-7faf94021000 rw-p 00000000 00:00 0 
7faf94021000-7faf98000000 ---p 00000000 00:00 0 
7faf98000000-7faf98021000 rw-p 00000000 00:00 0 
7faf98021000-7faf9c000000 ---p 00000000 00:00 0 
7faf9c000000-7faf9c021000 rw-p 00000000 00:00 0 
7faf9c021000-7fafa0000000 ---p 00000000 00:00 0 
7fafa0000000-7fafa0021000 rw-p 00000000 00:00 0 
7fafa0021000-7fafa4000000 ---p 00000000 00:00 0 
7fafa4000000-7fafa4021000 rw-p 00000000 00:00 0 
7fafa4021000-7fafa8000000 ---p 00000000 00:00 0 
7fafa8000000-7fafa8021000 rw-p 00000000 00:00 0 
7fafa8021000-7fafac000000 ---p 00000000 00:00 0 
7fafac000000-7fafac021000 rw-p 00000000 00:00 0 
7fafac021000-7fafb0000000 ---p 00000000 00:00 0 
7fafb0000000-7fafb0021000 rw-p 00000000 00:00 0 
7fafb0021000-7fafb4000000 ---p 00000000 00:00 0 
7fafb4000000-7fafb4021000 rw-p 00000000 00:00 0 
7fafb4021000-7fafb8000000 ---p 00000000 00:00 0 
7fafb8000000-7fafb8021000 rw-p 00000000 00:00 0 
7fafb8021000-7fafbc000000 ---p 00000000 00:00 0 
7fafbc000000-7fafbc021000 rw-p 00000000 00:00 0 
7fafbc021000-7fafc0000000 ---p 00000000 00:00 0 
7fafc0000000-7fafc0021000 rw-p 00000000 00:00 0 
7fafc0021000-7fafc4000000 ---p 00000000 00:00 0 
7fafc4000000-7fafc4021000 rw-p 00000000 00:00 0 
7fafc4021000-7fafc8000000 ---p 00000000 00:00 0 
7fafc8000000-7fafc8021000 rw-p 00000000 00:00 0 
7fafc8021000-7fafcc000000 ---p 00000000 00:00 0 
7fafcc000000-7fafcc021000 rw-p 00000000 00:00 0 
7fafcc021000-7fafd0000000 ---p 00000000 00:00 0 
7fafd0000000-7fafd0021000 rw-p 00000000 00:00 0 
7fafd0021000-7fafd4000000 ---p 00000000 00:00 0 
7fafd4000000-7fafd4021000 rw-p 00000000 00:00 0 
7fafd4021000-7fafd8000000 ---p 00000000 00:00 0 
7fafd8000000-7fafd8021000 rw-p 00000000 00:00 0 
7fafd8021000-7fafdc000000 ---p 00000000 00:00 0 
7fafdc000000-7fafdc021000 rw-p 00000000 00:00 0 
7fafdc021000-7fafe0000000 ---p 00000000 00:00 0 
7fafe0000000-7fafe0021000 rw-p 00000000 00:00 0 
7fafe0021000-7fafe4000000 ---p 00000000 00:00 0 
7fafe4000000-7fafe4021000 rw-p 00000000 00:00 0 
7fafe4021000-7fafe8000000 ---p 00000000 00:00 0 
7fafe8000000-7fafe8021000 rw-p 00000000 00:00 0 
7fafe8021000-7fafec000000 ---p 00000000 00:00 0 
7fafec000000-7fafec021000 rw-p 00000000 00:00 0 
7fafec021000-7faff0000000 ---p 00000000 00:00 0 
7faff0000000-7faff0021000 rw-p 00000000 00:00 0 
7faff0021000-7faff4000000 ---p 00000000 00:00 0 
7faff4000000-7faff4021000 rw-p 00000000 00:00 0 
7faff4021000-7faff8000000 ---p 00000000 00:00 0 
7faff8056000-7faff81b2000 rw-p 00000000 00:00 0 
7faff81b2000-7faff81b3000 ---p 00000000 00:00 0 
7faff81b3000-7faff82b4000 rw-p 00000000 00:00 0 
7faff82b4000-7faff82b5000 ---p 00000000 00:00 0 
7faff82b5000-7faff83b6000 rw-p 00000000 00:00 0 
7faff83b6000-7faff83b7000 ---p 00000000 00:00 0 
7faff83b7000-7faff84b8000 rw-p 00000000 00:00 0 
7faff84b8000-7faff84b9000 ---p 00000000 00:00 0 
7faff84b9000-7faff85ba000 rw-p 00000000 00:00 0 
7faff85ba000-7faff85bb000 ---p 00000000 00:00 0 
7faff85bb000-7faff86bc000 rw-p 00000000 00:00 0 
7faff86bc000-7faff86bd000 ---p 00000000 00:00 0 
7faff86bd000-7faff8d27000 rw-p 00000000 00:00 0 
7faff8d27000-7faff8d28000 ---p 00000000 00:00 0 
7faff8d28000-7faff8e29000 rw-p 00000000 00:00 0 
7faff8e29000-7faff8e2a000 ---p 00000000 00:00 0 
7faff8e2a000-7faff8f2b000 rw-p 00000000 00:00 0 
7faff8f2b000-7faff8f2c000 ---p 00000000 00:00 0 
7faff8f2c000-7faff902d000 rw-p 00000000 00:00 0 
7faff902d000-7faff902e000 ---p 00000000 00:00 0 
7faff902e000-7faff912f000 rw-p 00000000 00:00 0 
7faff912f000-7faff9130000 ---p 00000000 00:00 0 
7faff9130000-7faff9231000 rw-p 00000000 00:00 0 
7faff9231000-7faff9232000 ---p 00000000 00:00 0 
7faff9232000-7faff9333000 rw-p 00000000 00:00 0 
7faff9333000-7faff9334000 ---p 00000000 00:00 0 
7faff9334000-7faff9435000 rw-p 00000000 00:00 0 
7faff9435000-7faff9436000 ---p 00000000 00:00 0 
7faff9436000-7faff9537000 rw-p 00000000 00:00 0 
7faff9537000-7faff9538000 ---p 00000000 00:00 0 
7faff9538000-7faff9639000 rw-p 00000000 00:00 0 
7faff9639000-7faff963a000 ---p 00000000 00:00 0 
7faff963a000-7faff973b000 rw-p 00000000 00:00 0 
7faff973b000-7faff973c000 ---p 00000000 00:00 0 
7faff973c000-7faff983d000 rw-p 00000000 00:00 0 
7faff983d000-7faff983e000 ---p 00000000 00:00 0 
7faff983e000-7faff993f000 rw-p 00000000 00:00 0 
7faff993f000-7faff9940000 ---p 00000000 00:00 0 
7faff9940000-7faff9a41000 rw-p 00000000 00:00 0 
7faff9a41000-7faff9a42000 ---p 00000000 00:00 0 
7faff9a42000-7faff9b43000 rw-p 00000000 00:00 0 
7faff9b43000-7faff9e13000 rwxp 00000000 00:00 0 
7faff9e13000-7faffa281000 ---p 00000000 00:00 0 
7faffa281000-7faffa4f1000 rwxp 00000000 00:00 0 
7faffa4f1000-7fb0016e2000 ---p 00000000 00:00 0 
7fb0016e2000-7fb001952000 rwxp 00000000 00:00 0 
7fb001952000-7fb008b43000 ---p 00000000 00:00 0 
7fb008b43000-7fb014000000 r--s 00000000 00:65 77077560                   /root/oracle/jdk-9.0.4/lib/modules
7fb014000000-7fb014441000 rw-p 00000000 00:00 0 
7fb014441000-7fb018000000 ---p 00000000 00:00 0 
7fb018013000-7fb01806c000 rw-p 00000000 00:00 0 
7fb01806c000-7fb01806d000 ---p 00000000 00:00 0 
7fb01806d000-7fb01816e000 rw-p 00000000 00:00 0 
7fb01816e000-7fb01816f000 ---p 00000000 00:00 0 
7fb01816f000-7fb018270000 rw-p 00000000 00:00 0 
7fb018270000-7fb018271000 ---p 00000000 00:00 0 
7fb018271000-7fb018372000 rw-p 00000000 00:00 0 
7fb018372000-7fb018373000 ---p 00000000 00:00 0 
7fb018373000-7fb018474000 rw-p 00000000 00:00 0 
7fb018474000-7fb018475000 ---p 00000000 00:00 0 
7fb018475000-7fb018576000 rw-p 00000000 00:00 0 
7fb018576000-7fb018577000 ---p 00000000 00:00 0 
7fb018577000-7fb018678000 rw-p 00000000 00:00 0 
7fb018678000-7fb018679000 ---p 00000000 00:00 0 
7fb018679000-7fb019b8e000 rw-p 00000000 00:00 0 
7fb019b8e000-7fb019b8f000 ---p 00000000 00:00 0 
7fb019b8f000-7fb019c90000 rw-p 00000000 00:00 0 
7fb019c90000-7fb019c91000 ---p 00000000 00:00 0 
7fb019c91000-7fb019d92000 rw-p 00000000 00:00 0 
7fb019d92000-7fb019d93000 ---p 00000000 00:00 0 
7fb019d93000-7fb019e94000 rw-p 00000000 00:00 0 
7fb019e94000-7fb019e95000 ---p 00000000 00:00 0 
7fb019e95000-7fb019f96000 rw-p 00000000 00:00 0 
7fb019f96000-7fb019f97000 ---p 00000000 00:00 0 
7fb019f97000-7fb01a098000 rw-p 00000000 00:00 0 
7fb01a098000-7fb01a099000 ---p 00000000 00:00 0 
7fb01a099000-7fb01a19a000 rw-p 00000000 00:00 0 
7fb01a19a000-7fb01a19b000 ---p 00000000 00:00 0 
7fb01a19b000-7fb01a29c000 rw-p 00000000 00:00 0 
7fb01a29c000-7fb01a29d000 ---p 00000000 00:00 0 
7fb01a29d000-7fb01a39e000 rw-p 00000000 00:00 0 
7fb01a39e000-7fb01a39f000 ---p 00000000 00:00 0 
7fb01a39f000-7fb01a4a0000 rw-p 00000000 00:00 0 
7fb01a4a0000-7fb01a4a1000 ---p 00000000 00:00 0 
7fb01a4a1000-7fb01a5a2000 rw-p 00000000 00:00 0 
7fb01a5a2000-7fb01a5a3000 ---p 00000000 00:00 0 
7fb01a5a3000-7fb01a6a4000 rw-p 00000000 00:00 0 
7fb01a6a4000-7fb01a6a5000 ---p 00000000 00:00 0 
7fb01a6a5000-7fb01a7a6000 rw-p 00000000 00:00 0 
7fb01a7a6000-7fb01a7a7000 ---p 00000000 00:00 0 
7fb01a7a7000-7fb01a8a8000 rw-p 00000000 00:00 0 
7fb01a8a8000-7fb01a8a9000 ---p 00000000 00:00 0 
7fb01a8a9000-7fb01a9aa000 rw-p 00000000 00:00 0 
7fb01a9aa000-7fb01a9ab000 ---p 00000000 00:00 0 
7fb01a9ab000-7fb01aaac000 rw-p 00000000 00:00 0 
7fb01aaac000-7fb01aaad000 ---p 00000000 00:00 0 
7fb01aaad000-7fb01abae000 rw-p 00000000 00:00 0 
7fb01abae000-7fb01abaf000 ---p 00000000 00:00 0 
7fb01abaf000-7fb01acb0000 rw-p 00000000 00:00 0 
7fb01acb0000-7fb01acb1000 ---p 00000000 00:00 0 
7fb01acb1000-7fb01adb2000 rw-p 00000000 00:00 0 
7fb01adb2000-7fb01adb3000 ---p 00000000 00:00 0 
7fb01adb3000-7fb01aeb4000 rw-p 00000000 00:00 0 
7fb01aeb4000-7fb01aeb5000 ---p 00000000 00:00 0 
7fb01aeb5000-7fb01afbb000 rw-p 00000000 00:00 0 
7fb01afbb000-7fb01b09f000 ---p 00000000 00:00 0 
7fb01b09f000-7fb01b0a4000 rw-p 00000000 00:00 0 
7fb01b0a4000-7fb01b188000 ---p 00000000 00:00 0 
7fb01b188000-7fb01b18e000 rw-p 00000000 00:00 0 
7fb01b18e000-7fb01b197000 ---p 00000000 00:00 0 
7fb01b197000-7fb01b1e7000 rw-p 00000000 00:00 0 
7fb01b1e7000-7fb01b3c4000 r--s 03e31000 00:65 101727669                  /usr/local/java/jdk1.8.0_301/jre/lib/rt.jar
7fb01b3c4000-7fb01b3de000 r-xp 00000000 00:65 77077435                   /root/oracle/jdk-9.0.4/lib/libjimage.so
7fb01b3de000-7fb01b5dd000 ---p 0001a000 00:65 77077435                   /root/oracle/jdk-9.0.4/lib/libjimage.so
7fb01b5dd000-7fb01b5df000 rw-p 00019000 00:65 77077435                   /root/oracle/jdk-9.0.4/lib/libjimage.so
7fb01b5df000-7fb01b5f1000 rw-p 00000000 00:00 0 
7fb01b5f1000-7fb01b5f8000 r-xp 00000000 00:65 77083131                   /root/oracle/jdk-9.0.4/lib/libzip.so
7fb01b5f8000-7fb01b7f7000 ---p 00007000 00:65 77083131                   /root/oracle/jdk-9.0.4/lib/libzip.so
7fb01b7f7000-7fb01b7f8000 rw-p 00006000 00:65 77083131                   /root/oracle/jdk-9.0.4/lib/libzip.so
7fb01b7f8000-7fb01b7fb000 r--p 00000000 00:65 165034530                  /usr/lib/x86_64-linux-gnu/libnss_files-2.31.so
7fb01b7fb000-7fb01b802000 r-xp 00003000 00:65 165034530                  /usr/lib/x86_64-linux-gnu/libnss_files-2.31.so
7fb01b802000-7fb01b804000 r--p 0000a000 00:65 165034530                  /usr/lib/x86_64-linux-gnu/libnss_files-2.31.so
7fb01b804000-7fb01b805000 r--p 0000b000 00:65 165034530                  /usr/lib/x86_64-linux-gnu/libnss_files-2.31.so
7fb01b805000-7fb01b806000 rw-p 0000c000 00:65 165034530                  /usr/lib/x86_64-linux-gnu/libnss_files-2.31.so
7fb01b806000-7fb01b80c000 rw-p 00000000 00:00 0 
7fb01b814000-7fb01b815000 rw-p 00000000 00:00 0 
7fb01b815000-7fb01b840000 r-xp 00000000 00:65 77077470                   /root/oracle/jdk-9.0.4/lib/libjava.so
7fb01b840000-7fb01ba3f000 ---p 0002b000 00:65 77077470                   /root/oracle/jdk-9.0.4/lib/libjava.so
7fb01ba3f000-7fb01ba41000 rw-p 0002a000 00:65 77077470                   /root/oracle/jdk-9.0.4/lib/libjava.so
7fb01ba41000-7fb01ba4e000 r-xp 00000000 00:65 77077494                   /root/oracle/jdk-9.0.4/lib/libverify.so
7fb01ba4e000-7fb01bc4d000 ---p 0000d000 00:65 77077494                   /root/oracle/jdk-9.0.4/lib/libverify.so
7fb01bc4d000-7fb01bc4f000 rw-p 0000c000 00:65 77077494                   /root/oracle/jdk-9.0.4/lib/libverify.so
7fb01bc4f000-7fb01bc52000 r--p 00000000 00:65 165034636                  /usr/lib/x86_64-linux-gnu/librt-2.31.so
7fb01bc52000-7fb01bc56000 r-xp 00003000 00:65 165034636                  /usr/lib/x86_64-linux-gnu/librt-2.31.so
7fb01bc56000-7fb01bc57000 r--p 00007000 00:65 165034636                  /usr/lib/x86_64-linux-gnu/librt-2.31.so
7fb01bc57000-7fb01bc58000 ---p 00008000 00:65 165034636                  /usr/lib/x86_64-linux-gnu/librt-2.31.so
7fb01bc58000-7fb01bc59000 r--p 00008000 00:65 165034636                  /usr/lib/x86_64-linux-gnu/librt-2.31.so
7fb01bc59000-7fb01bc5a000 rw-p 00009000 00:65 165034636                  /usr/lib/x86_64-linux-gnu/librt-2.31.so
7fb01bc5a000-7fb01bc5b000 ---p 00000000 00:00 0 
7fb01bc5b000-7fb01bc5c000 rw-p 00000000 00:00 0 
7fb01bc5c000-7fb01bc60000 ---p 00000000 00:00 0 
7fb01bc60000-7fb01bd5b000 rw-p 00000000 00:00 0 
7fb01bd5b000-7fb01bd6a000 r--p 00000000 00:65 165034468                  /usr/lib/x86_64-linux-gnu/libm-2.31.so
7fb01bd6a000-7fb01be11000 r-xp 0000f000 00:65 165034468                  /usr/lib/x86_64-linux-gnu/libm-2.31.so
7fb01be11000-7fb01bea8000 r--p 000b6000 00:65 165034468                  /usr/lib/x86_64-linux-gnu/libm-2.31.so
7fb01bea8000-7fb01bea9000 r--p 0014c000 00:65 165034468                  /usr/lib/x86_64-linux-gnu/libm-2.31.so
7fb01bea9000-7fb01beaa000 rw-p 0014d000 00:65 165034468                  /usr/lib/x86_64-linux-gnu/libm-2.31.so
7fb01beaa000-7fb01cebf000 r-xp 00000000 00:65 77083135                   /root/oracle/jdk-9.0.4/lib/server/libjvm.so
7fb01cebf000-7fb01d0be000 ---p 01015000 00:65 77083135                   /root/oracle/jdk-9.0.4/lib/server/libjvm.so
7fb01d0be000-7fb01d18f000 r--p 01014000 00:65 77083135                   /root/oracle/jdk-9.0.4/lib/server/libjvm.so
7fb01d18f000-7fb01d1c6000 rw-p 010e5000 00:65 77083135                   /root/oracle/jdk-9.0.4/lib/server/libjvm.so
7fb01d1c6000-7fb01d231000 rw-p 00000000 00:00 0 
7fb01d231000-7fb01d256000 r--p 00000000 00:65 165034165                  /usr/lib/x86_64-linux-gnu/libc-2.31.so
7fb01d256000-7fb01d3ce000 r-xp 00025000 00:65 165034165                  /usr/lib/x86_64-linux-gnu/libc-2.31.so
7fb01d3ce000-7fb01d418000 r--p 0019d000 00:65 165034165                  /usr/lib/x86_64-linux-gnu/libc-2.31.so
7fb01d418000-7fb01d419000 ---p 001e7000 00:65 165034165                  /usr/lib/x86_64-linux-gnu/libc-2.31.so
7fb01d419000-7fb01d41c000 r--p 001e7000 00:65 165034165                  /usr/lib/x86_64-linux-gnu/libc-2.31.so
7fb01d41c000-7fb01d41f000 rw-p 001ea000 00:65 165034165                  /usr/lib/x86_64-linux-gnu/libc-2.31.so
7fb01d41f000-7fb01d423000 rw-p 00000000 00:00 0 
7fb01d423000-7fb01d424000 r--p 00000000 00:65 165034236                  /usr/lib/x86_64-linux-gnu/libdl-2.31.so
7fb01d424000-7fb01d426000 r-xp 00001000 00:65 165034236                  /usr/lib/x86_64-linux-gnu/libdl-2.31.so
7fb01d426000-7fb01d427000 r--p 00003000 00:65 165034236                  /usr/lib/x86_64-linux-gnu/libdl-2.31.so
7fb01d427000-7fb01d428000 r--p 00003000 00:65 165034236                  /usr/lib/x86_64-linux-gnu/libdl-2.31.so
7fb01d428000-7fb01d429000 rw-p 00004000 00:65 165034236                  /usr/lib/x86_64-linux-gnu/libdl-2.31.so
7fb01d429000-7fb01d437000 r-xp 00000000 00:65 77083142                   /root/oracle/jdk-9.0.4/lib/jli/libjli.so
7fb01d437000-7fb01d637000 ---p 0000e000 00:65 77083142                   /root/oracle/jdk-9.0.4/lib/jli/libjli.so
7fb01d637000-7fb01d638000 rw-p 0000e000 00:65 77083142                   /root/oracle/jdk-9.0.4/lib/jli/libjli.so
7fb01d638000-7fb01d63f000 r--p 00000000 00:65 165034610                  /usr/lib/x86_64-linux-gnu/libpthread-2.31.so
7fb01d63f000-7fb01d650000 r-xp 00007000 00:65 165034610                  /usr/lib/x86_64-linux-gnu/libpthread-2.31.so
7fb01d650000-7fb01d655000 r--p 00018000 00:65 165034610                  /usr/lib/x86_64-linux-gnu/libpthread-2.31.so
7fb01d655000-7fb01d656000 r--p 0001c000 00:65 165034610                  /usr/lib/x86_64-linux-gnu/libpthread-2.31.so
7fb01d656000-7fb01d657000 rw-p 0001d000 00:65 165034610                  /usr/lib/x86_64-linux-gnu/libpthread-2.31.so
7fb01d657000-7fb01d65b000 rw-p 00000000 00:00 0 
7fb01d65b000-7fb01d65d000 r--p 00000000 00:65 165034796                  /usr/lib/x86_64-linux-gnu/libz.so.1.2.11
7fb01d65d000-7fb01d66e000 r-xp 00002000 00:65 165034796                  /usr/lib/x86_64-linux-gnu/libz.so.1.2.11
7fb01d66e000-7fb01d674000 r--p 00013000 00:65 165034796                  /usr/lib/x86_64-linux-gnu/libz.so.1.2.11
7fb01d674000-7fb01d675000 ---p 00019000 00:65 165034796                  /usr/lib/x86_64-linux-gnu/libz.so.1.2.11
7fb01d675000-7fb01d676000 r--p 00019000 00:65 165034796                  /usr/lib/x86_64-linux-gnu/libz.so.1.2.11
7fb01d676000-7fb01d677000 rw-p 0001a000 00:65 165034796                  /usr/lib/x86_64-linux-gnu/libz.so.1.2.11
7fb01d677000-7fb01d67f000 rw-s 00000000 00:65 71965686                   /tmp/hsperfdata_root/22975
7fb01d67f000-7fb01d682000 rw-p 00000000 00:00 0 
7fb01d682000-7fb01d683000 r--p 00000000 00:65 165033992                  /usr/lib/x86_64-linux-gnu/ld-2.31.so
7fb01d683000-7fb01d6a6000 r-xp 00001000 00:65 165033992                  /usr/lib/x86_64-linux-gnu/ld-2.31.so
7fb01d6a6000-7fb01d6ae000 r--p 00024000 00:65 165033992                  /usr/lib/x86_64-linux-gnu/ld-2.31.so
7fb01d6ae000-7fb01d6af000 r--p 00000000 00:00 0 
7fb01d6af000-7fb01d6b0000 r--p 0002c000 00:65 165033992                  /usr/lib/x86_64-linux-gnu/ld-2.31.so
7fb01d6b0000-7fb01d6b1000 rw-p 0002d000 00:65 165033992                  /usr/lib/x86_64-linux-gnu/ld-2.31.so
7fb01d6b1000-7fb01d6b2000 rw-p 00000000 00:00 0 
7fff57f20000-7fff57f41000 rw-p 00000000 00:00 0                          [stack]
7fff57fb6000-7fff57fb9000 r--p 00000000 00:00 0                          [vvar]
7fff57fb9000-7fff57fba000 r-xp 00000000 00:00 0                          [vdso]
ffffffffff600000-ffffffffff601000 --xp 00000000 00:00 0                  [vsyscall]

VM Arguments:
jvm_args: -Xbootclasspath/a:/usr/local/java/jdk1.8.0_301/jre/lib/rt.jar -Xverify:none 
java_command: org.eclipse.core.runtime.adaptor.EclipseStarter -debug
java_class_path (initial): ./sootOutput/eclipse/
Launcher Type: SUN_STANDARD

Logging:
Log output configuration:
#0: stdout all=warning uptime,level,tags
#1: stderr all=off uptime,level,tags

Environment Variables:
JAVA_HOME=/root/oracle/jdk-9.0.4
JRE_HOME=/root/oracle/jdk-9.0.4
CLASSPATH=.:/root/oracle/jdk-9.0.4/lib:/JVMfuzzing/htm/CFSynthesis/resource/commons-lang3-3.12.0/commons-lang3-3.12.0.jar
PATH=/root/oracle/jdk-9.0.4/bin:/root/.vscode-server/bin/da76f93349a72022ca4670c1b84860304616aaa2/bin/remote-cli:/root/oracle/jdk-9.0.4/bin:/usr/local/sbin:/usr/local/bin:/usr/sbin:/usr/bin:/sbin:/bin:/usr/games:/usr/local/games:/snap/bin
SHELL=/bin/bash

Signal Handlers:
SIGSEGV: [libjvm.so+0xd4d370], sa_mask[0]=11111111011111111101111111111110, sa_flags=SA_RESTART|SA_SIGINFO
SIGBUS: [libjvm.so+0xd4d370], sa_mask[0]=11111111011111111101111111111110, sa_flags=SA_RESTART|SA_SIGINFO
SIGFPE: [libjvm.so+0xd4d370], sa_mask[0]=11111111011111111101111111111110, sa_flags=SA_RESTART|SA_SIGINFO
SIGPIPE: [libjvm.so+0xb64780], sa_mask[0]=11111111011111111101111111111110, sa_flags=SA_RESTART|SA_SIGINFO
SIGXFSZ: [libjvm.so+0xb64780], sa_mask[0]=11111111011111111101111111111110, sa_flags=SA_RESTART|SA_SIGINFO
SIGILL: [libjvm.so+0xd4d370], sa_mask[0]=11111111011111111101111111111110, sa_flags=SA_RESTART|SA_SIGINFO
SIGUSR2: [libjvm.so+0xb64640], sa_mask[0]=00100000000000000000000000000000, sa_flags=SA_RESTART|SA_SIGINFO
SIGHUP: [libjvm.so+0xb64850], sa_mask[0]=11111111011111111101111111111110, sa_flags=SA_RESTART|SA_SIGINFO
SIGINT: [libjvm.so+0xb64850], sa_mask[0]=11111111011111111101111111111110, sa_flags=SA_RESTART|SA_SIGINFO
SIGTERM: [libjvm.so+0xb64850], sa_mask[0]=11111111011111111101111111111110, sa_flags=SA_RESTART|SA_SIGINFO
SIGQUIT: [libjvm.so+0xb64850], sa_mask[0]=11111111011111111101111111111110, sa_flags=SA_RESTART|SA_SIGINFO


---------------  S Y S T E M  ---------------

OS:DISTRIB_ID=Ubuntu
DISTRIB_RELEASE=20.04
DISTRIB_CODENAME=focal
DISTRIB_DESCRIPTION="Ubuntu 20.04.3 LTS"
uname:Linux 5.4.0-124-generic #140~18.04.1-Ubuntu SMP Fri Aug 5 11:43:34 UTC 2022 x86_64
libc:glibc 2.31 NPTL 2.31 
rlimit: STACK 8192k, CORE infinity, NPROC infinity, NOFILE 1048576, AS infinity
load average:39.48 39.77 38.68

/proc/meminfo:
MemTotal:       65549624 kB
MemFree:         9665260 kB
MemAvailable:   36408476 kB
Buffers:         5871936 kB
Cached:          3491776 kB
SwapCached:         8092 kB
Active:         29569164 kB
Inactive:        6259916 kB
Active(anon):   22468496 kB
Inactive(anon):  4018028 kB
Active(file):    7100668 kB
Inactive(file):  2241888 kB
Unevictable:          16 kB
Mlocked:              16 kB
SwapTotal:       2097148 kB
SwapFree:              0 kB
Dirty:             39640 kB
Writeback:            32 kB
AnonPages:      26458144 kB
Mapped:           853408 kB
Shmem:             25608 kB
KReclaimable:   18132584 kB
Slab:           19300860 kB
SReclaimable:   18132584 kB
SUnreclaim:      1168276 kB
KernelStack:       78840 kB
PageTables:       234792 kB
NFS_Unstable:          0 kB
Bounce:                0 kB
WritebackTmp:          0 kB
CommitLimit:    34871960 kB
Committed_AS:   82520772 kB
VmallocTotal:   34359738367 kB
VmallocUsed:      161296 kB
VmallocChunk:          0 kB
Percpu:            32512 kB
HardwareCorrupted:     0 kB
AnonHugePages:         0 kB
ShmemHugePages:        0 kB
ShmemPmdMapped:        0 kB
FileHugePages:         0 kB
FilePmdMapped:         0 kB
CmaTotal:              0 kB
CmaFree:               0 kB
HugePages_Total:       0
HugePages_Free:        0
HugePages_Rsvd:        0
HugePages_Surp:        0
Hugepagesize:       2048 kB
Hugetlb:               0 kB
DirectMap4k:    15497632 kB
DirectMap2M:    51298304 kB
DirectMap1G:           0 kB


CPU:total 28 (initial active 28) (14 cores per cpu, 2 threads per core) family 6 model 85 stepping 4, cmov, cx8, fxsr, mmx, sse, sse2, sse3, ssse3, sse4.1, sse4.2, popcnt, avx, avx2, aes, clmul, erms, rtm, 3dnowpref, lzcnt, ht, tsc, tscinvbit, bmi1, bmi2, adx, fma
CPU Model and flags from /proc/cpuinfo:
model name	: Intel(R) Core(TM) i9-9940X CPU @ 3.30GHz
flags		: fpu vme de pse tsc msr pae mce cx8 apic sep mtrr pge mca cmov pat pse36 clflush dts acpi mmx fxsr sse sse2 ss ht tm pbe syscall nx pdpe1gb rdtscp lm constant_tsc art arch_perfmon pebs bts rep_good nopl xtopology nonstop_tsc cpuid aperfmperf pni pclmulqdq dtes64 monitor ds_cpl vmx est tm2 ssse3 sdbg fma cx16 xtpr pdcm pcid dca sse4_1 sse4_2 x2apic movbe popcnt tsc_deadline_timer aes xsave avx f16c rdrand lahf_lm abm 3dnowprefetch cpuid_fault epb cat_l3 cdp_l3 invpcid_single pti ssbd mba ibrs ibpb stibp tpr_shadow vnmi flexpriority ept vpid ept_ad fsgsbase tsc_adjust bmi1 hle avx2 smep bmi2 erms invpcid rtm cqm mpx rdt_a avx512f avx512dq rdseed adx smap clflushopt clwb intel_pt avx512cd avx512bw avx512vl xsaveopt xsavec xgetbv1 xsaves cqm_llc cqm_occup_llc cqm_mbm_total cqm_mbm_local dtherm ida arat pln pts hwp hwp_act_window hwp_epp hwp_pkg_req md_clear flush_l1d arch_capabilities

Memory: 4k page, physical 65549624k(9665260k free), swap 2097148k(0k free)

vm_info: Java HotSpot(TM) 64-Bit Server VM (9.0.4+11) for linux-amd64 JRE (9.0.4+11), built on Dec 19 2017 18:12:19 by "mach5one" with gcc 4.9.2

END.
