#
# A fatal error has been detected by the Java Runtime Environment:
#
#  SIGSEGV (0xb) at pc=0x00007fb30dfca9ac, pid=11378, tid=11442
#
# JRE version: Java(TM) SE Runtime Environment (9.0+11) (build 9.0.4+11)
# Java VM: Java HotSpot(TM) 64-Bit Server VM (9.0.4+11, mixed mode, tiered, compressed oops, g1 gc, linux-amd64)
# Problematic frame:
# V  [libjvm.so+0x4ad9ac]  GraphBuilder::try_inline_full(ciMethod*, bool, bool, Bytecodes::Code, Instruction*)+0x44c
#
# Core dump will be written. Default location: Core dumps may be processed with "/usr/share/apport/apport -p%p -s%s -c%c -d%d -P%P -u%u -g%g -- %E" (or dumping to /JVMfuzzing/zjy/classming/Fuzzing-Testing-of-JVM-Implementations/core.11378)
#
# If you would like to submit a bug report, please visit:
#   http://bugreport.java.com/bugreport/crash.jsp
#

---------------  S U M M A R Y ------------

Command Line: -Xbootclasspath/a:/usr/local/java/jdk1.8.0_301/jre/lib/rt.jar -Xverify:none org.eclipse.core.runtime.adaptor.EclipseStarter -debug

Host: Intel(R) Core(TM) i9-9940X CPU @ 3.30GHz, 28 cores, 62G, Ubuntu 20.04.3 LTS
Time: Thu Nov  3 09:08:00 2022 UTC elapsed time: 0 seconds (0d 0h 0m 0s)

---------------  T H R E A D  ---------------

Current thread (0x00007fb3082bd800):  JavaThread "C1 CompilerThread9" daemon [_thread_in_native, id=11442, stack(0x00007fb2061f1000,0x00007fb2062f2000)]


Current CompileTask:
C1:    695  238 %     3       org.eclipse.core.runtime.adaptor.EclipseStarter::main @ 3267 (5484 bytes)

Stack: [0x00007fb2061f1000,0x00007fb2062f2000],  sp=0x00007fb2062f00b0,  free space=1020k
Native frames: (J=compiled Java code, A=aot compiled Java code, j=interpreted, Vv=VM code, C=native code)
V  [libjvm.so+0x4ad9ac]  GraphBuilder::try_inline_full(ciMethod*, bool, bool, Bytecodes::Code, Instruction*)+0x44c
V  [libjvm.so+0x4ae2fc]  GraphBuilder::try_inline(ciMethod*, bool, bool, Bytecodes::Code, Instruction*)+0x1dc
V  [libjvm.so+0x4aee6d]  GraphBuilder::invoke(Bytecodes::Code)+0x3ed
V  [libjvm.so+0x4b163e]  GraphBuilder::iterate_bytecodes_for_block(int)+0x1c4e
V  [libjvm.so+0x4b1ad5]  GraphBuilder::iterate_all_blocks(bool)+0x85
V  [libjvm.so+0x4b1ec9]  GraphBuilder::GraphBuilder(Compilation*, IRScope*)+0x389
V  [libjvm.so+0x4b70a8]  IR::IR(Compilation*, ciMethod*, int)+0x1e8
V  [libjvm.so+0x497832]  Compilation::build_hir() [clone .part.93]+0x162
V  [libjvm.so+0x499633]  Compilation::compile_java_method()+0x3c3
V  [libjvm.so+0x4997af]  Compilation::compile_method()+0x12f
V  [libjvm.so+0x499c31]  Compilation::Compilation(AbstractCompiler*, ciEnv*, ciMethod*, int, BufferBlob*, DirectiveSet*)+0x271
V  [libjvm.so+0x49ac1e]  Compiler::compile_method(ciEnv*, ciMethod*, int, DirectiveSet*)+0xae
V  [libjvm.so+0x6125ac]  CompileBroker::invoke_compiler_on_method(CompileTask*)+0x41c
V  [libjvm.so+0x61344b]  CompileBroker::compiler_thread_loop()+0x28b
V  [libjvm.so+0xcef338]  JavaThread::thread_main_inner()+0xd8
V  [libjvm.so+0xb6e132]  thread_native_entry(Thread*)+0xf2
C  [libpthread.so.0+0x9609]  start_thread+0xd9


siginfo: si_signo: 11 (SIGSEGV), si_code: 1 (SEGV_MAPERR), si_addr: 0x0000000000000018

Register to memory mapping:

RAX=0x00007fb1e826bb10 is an unknown value
RBX=0x00007fb2062f0460 is pointing into the stack for thread: 0x00007fb3082bd800
RCX=0x0000000000000000 is an unknown value
RDX=0x0000000000000000 is an unknown value
RSP=0x00007fb2062f00b0 is pointing into the stack for thread: 0x00007fb3082bd800
RBP=0x00007fb2062f0130 is pointing into the stack for thread: 0x00007fb3082bd800
RSI=0x0000000000000000 is an unknown value
RDI=0x00007fb2062f0460 is pointing into the stack for thread: 0x00007fb3082bd800
R8 =0x0000000000000000 is an unknown value
R9 =0x00007fb1e826b7f0 is an unknown value
R10=0x000000000000000c is an unknown value
R11=0x0000000000000001 is an unknown value
R12=0x00007fb1e006d410 is an unknown value
R13=0x0000000000000000 is an unknown value
R14=0x0000000000000000 is an unknown value
R15=0x0000000000000001 is an unknown value


Registers:
RAX=0x00007fb1e826bb10, RBX=0x00007fb2062f0460, RCX=0x0000000000000000, RDX=0x0000000000000000
RSP=0x00007fb2062f00b0, RBP=0x00007fb2062f0130, RSI=0x0000000000000000, RDI=0x00007fb2062f0460
R8 =0x0000000000000000, R9 =0x00007fb1e826b7f0, R10=0x000000000000000c, R11=0x0000000000000001
R12=0x00007fb1e006d410, R13=0x0000000000000000, R14=0x0000000000000000, R15=0x0000000000000001
RIP=0x00007fb30dfca9ac, EFLAGS=0x0000000000010246, CSGSFS=0x002b000000000033, ERR=0x0000000000000004
  TRAPNO=0x000000000000000e

Top of Stack: (sp=0x00007fb2062f00b0)
0x00007fb2062f00b0:   00007fb30ee664cc 00007fb2062f00e0
0x00007fb2062f00c0:   00000000062f0130 00007fb1e826c340
0x00007fb2062f00d0:   00007fb1e0188aa0 00007fb1e826bb10
0x00007fb2062f00e0:   0000000000000f64 00007fb1e826b550 

Instructions: (pc=0x00007fb30dfca9ac)
0x00007fb30dfca98c:   40 08 44 39 68 38 7e 3f 48 8b 50 50 49 63 f0 44
0x00007fb30dfca99c:   89 c1 44 29 e9 48 89 df 48 89 45 a8 48 8b 14 f2
0x00007fb30dfca9ac:   48 8b 72 18 44 03 46 08 48 8b 75 98 44 89 45 b0
0x00007fb30dfca9bc:   44 89 45 88 e8 3b 36 ff ff 48 8b 45 a8 44 8b 45 


---------------  P R O C E S S  ---------------

Java Threads: ( => current thread )
  0x00007fb308391000 JavaThread "Service Thread" daemon [_thread_blocked, id=11447, stack(0x00007fb205893000,0x00007fb205994000)]
  0x00007fb3082d1800 JavaThread "Common-Cleaner" daemon [_thread_blocked, id=11446, stack(0x00007fb205994000,0x00007fb205a95000)]
  0x00007fb3082c3000 JavaThread "Sweeper thread" daemon [_thread_blocked, id=11445, stack(0x00007fb205eee000,0x00007fb205fef000)]
  0x00007fb3082c1000 JavaThread "C1 CompilerThread11" daemon [_thread_blocked, id=11444, stack(0x00007fb205fef000,0x00007fb2060f0000)]
  0x00007fb3082bf800 JavaThread "C1 CompilerThread10" daemon [_thread_blocked, id=11443, stack(0x00007fb2060f0000,0x00007fb2061f1000)]
=>0x00007fb3082bd800 JavaThread "C1 CompilerThread9" daemon [_thread_in_native, id=11442, stack(0x00007fb2061f1000,0x00007fb2062f2000)]
  0x00007fb3082bb800 JavaThread "C1 CompilerThread8" daemon [_thread_blocked, id=11441, stack(0x00007fb2062f2000,0x00007fb2063f3000)]
  0x00007fb3082ba000 JavaThread "C2 CompilerThread7" daemon [_thread_blocked, id=11440, stack(0x00007fb2063f3000,0x00007fb2064f4000)]
  0x00007fb3082b8000 JavaThread "C2 CompilerThread6" daemon [_thread_blocked, id=11439, stack(0x00007fb2064f4000,0x00007fb2065f5000)]
  0x00007fb3082b6800 JavaThread "C2 CompilerThread5" daemon [_thread_blocked, id=11438, stack(0x00007fb2065f5000,0x00007fb2066f6000)]
  0x00007fb3082b4800 JavaThread "C2 CompilerThread4" daemon [_thread_blocked, id=11437, stack(0x00007fb2066f6000,0x00007fb2067f7000)]
  0x00007fb3082b3000 JavaThread "C2 CompilerThread3" daemon [_thread_blocked, id=11436, stack(0x00007fb2067f7000,0x00007fb2068f8000)]
  0x00007fb3082b1000 JavaThread "C2 CompilerThread2" daemon [_thread_blocked, id=11435, stack(0x00007fb2068f8000,0x00007fb2069f9000)]
  0x00007fb3082af000 JavaThread "C2 CompilerThread1" daemon [_thread_blocked, id=11434, stack(0x00007fb2069f9000,0x00007fb206afa000)]
  0x00007fb3082ad800 JavaThread "C2 CompilerThread0" daemon [_thread_blocked, id=11433, stack(0x00007fb206afa000,0x00007fb206bfb000)]
  0x00007fb3082ac800 JavaThread "Signal Dispatcher" daemon [_thread_blocked, id=11432, stack(0x00007fb206bfb000,0x00007fb206cfc000)]
  0x00007fb308291000 JavaThread "Finalizer" daemon [_thread_blocked, id=11431, stack(0x00007fb206cfc000,0x00007fb206dfd000)]
  0x00007fb308288800 JavaThread "Reference Handler" daemon [_thread_blocked, id=11429, stack(0x00007fb206dfd000,0x00007fb206efe000)]
  0x00007fb308011800 JavaThread "main" [_thread_in_native, id=11380, stack(0x00007fb30d8cf000,0x00007fb30d9ce000)]

Other Threads:
  0x00007fb308281000 VMThread "VM Thread" [stack: 0x00007fb206f00000,0x00007fb207000000] [id=11428]
  0x00007fb308393800 WatcherThread [stack: 0x00007fb205793000,0x00007fb205893000] [id=11448]
  0x00007fb308034000 GCTaskThread "GC Thread#0" [stack: 0x00007fb30cb29000,0x00007fb30cc29000] [id=11381]
  0x00007fb308035800 GCTaskThread "GC Thread#1" [stack: 0x00007fb30ca27000,0x00007fb30cb27000] [id=11382]
  0x00007fb308037000 GCTaskThread "GC Thread#2" [stack: 0x00007fb30c925000,0x00007fb30ca25000] [id=11383]
  0x00007fb308039000 GCTaskThread "GC Thread#3" [stack: 0x00007fb30c823000,0x00007fb30c923000] [id=11384]
  0x00007fb30803a800 GCTaskThread "GC Thread#4" [stack: 0x00007fb30c721000,0x00007fb30c821000] [id=11385]
  0x00007fb30803c800 GCTaskThread "GC Thread#5" [stack: 0x00007fb30c61f000,0x00007fb30c71f000] [id=11386]
  0x00007fb30803e000 GCTaskThread "GC Thread#6" [stack: 0x00007fb30c51d000,0x00007fb30c61d000] [id=11387]
  0x00007fb30803f800 GCTaskThread "GC Thread#7" [stack: 0x00007fb30c41b000,0x00007fb30c51b000] [id=11388]
  0x00007fb308041800 GCTaskThread "GC Thread#8" [stack: 0x00007fb30c319000,0x00007fb30c419000] [id=11389]
  0x00007fb308043000 GCTaskThread "GC Thread#9" [stack: 0x00007fb30c217000,0x00007fb30c317000] [id=11390]
  0x00007fb308045000 GCTaskThread "GC Thread#10" [stack: 0x00007fb30c115000,0x00007fb30c215000] [id=11391]
  0x00007fb308046800 GCTaskThread "GC Thread#11" [stack: 0x00007fb30c013000,0x00007fb30c113000] [id=11392]
  0x00007fb308048800 GCTaskThread "GC Thread#12" [stack: 0x00007fb2eda43000,0x00007fb2edb43000] [id=11393]
  0x00007fb30804a000 GCTaskThread "GC Thread#13" [stack: 0x00007fb2ed941000,0x00007fb2eda41000] [id=11394]
  0x00007fb30804c000 GCTaskThread "GC Thread#14" [stack: 0x00007fb2ed83f000,0x00007fb2ed93f000] [id=11395]
  0x00007fb30804d800 GCTaskThread "GC Thread#15" [stack: 0x00007fb2ed73d000,0x00007fb2ed83d000] [id=11396]
  0x00007fb30804f800 GCTaskThread "GC Thread#16" [stack: 0x00007fb2ed63b000,0x00007fb2ed73b000] [id=11397]
  0x00007fb308051000 GCTaskThread "GC Thread#17" [stack: 0x00007fb2ed539000,0x00007fb2ed639000] [id=11398]
  0x00007fb308052800 GCTaskThread "GC Thread#18" [stack: 0x00007fb2ed437000,0x00007fb2ed537000] [id=11399]
  0x00007fb308054800 GCTaskThread "GC Thread#19" [stack: 0x00007fb2ed335000,0x00007fb2ed435000] [id=11400]
  0x00007fb30809f800 ConcurrentGCThread "G1 Main Marker" [stack: 0x00007fb29c42a000,0x00007fb29c52a000] [id=11422]
  0x00007fb3080a1000 ConcurrentGCThread "G1 Marker#0" [stack: 0x00007fb29c328000,0x00007fb29c428000] [id=11423]
  0x00007fb3080a3000 ConcurrentGCThread "G1 Marker#1" [stack: 0x00007fb29c226000,0x00007fb29c326000] [id=11424]
  0x00007fb3080a4800 ConcurrentGCThread "G1 Marker#2" [stack: 0x00007fb29c124000,0x00007fb29c224000] [id=11425]
  0x00007fb3080a6800 ConcurrentGCThread "G1 Marker#3" [stack: 0x00007fb29c022000,0x00007fb29c122000] [id=11426]
  0x00007fb3080a8000 ConcurrentGCThread "G1 Marker#4" [stack: 0x00007fb21ed1a000,0x00007fb21ee1a000] [id=11427]
  0x00007fb308079000 ConcurrentGCThread "G1 Refine#0" [stack: 0x00007fb29ead9000,0x00007fb29ebd9000] [id=11420]
  0x00007fb308077000 ConcurrentGCThread "G1 Refine#1" [stack: 0x00007fb29ebdb000,0x00007fb29ecdb000] [id=11419]
  0x00007fb308075000 ConcurrentGCThread "G1 Refine#2" [stack: 0x00007fb29ecdd000,0x00007fb29eddd000] [id=11418]
  0x00007fb308073800 ConcurrentGCThread "G1 Refine#3" [stack: 0x00007fb29eddf000,0x00007fb29eedf000] [id=11417]
  0x00007fb308071800 ConcurrentGCThread "G1 Refine#4" [stack: 0x00007fb29eee1000,0x00007fb29efe1000] [id=11416]
  0x00007fb308070000 ConcurrentGCThread "G1 Refine#5" [stack: 0x00007fb29efe3000,0x00007fb29f0e3000] [id=11415]
  0x00007fb30806e000 ConcurrentGCThread "G1 Refine#6" [stack: 0x00007fb29f0e5000,0x00007fb29f1e5000] [id=11414]
  0x00007fb30806c800 ConcurrentGCThread "G1 Refine#7" [stack: 0x00007fb29f1e7000,0x00007fb29f2e7000] [id=11413]
  0x00007fb30806a800 ConcurrentGCThread "G1 Refine#8" [stack: 0x00007fb29f2e9000,0x00007fb29f3e9000] [id=11412]
  0x00007fb308069000 ConcurrentGCThread "G1 Refine#9" [stack: 0x00007fb29f3eb000,0x00007fb29f4eb000] [id=11411]
  0x00007fb308067000 ConcurrentGCThread "G1 Refine#10" [stack: 0x00007fb29f4ed000,0x00007fb29f5ed000] [id=11410]
  0x00007fb308065000 ConcurrentGCThread "G1 Refine#11" [stack: 0x00007fb29f5ef000,0x00007fb29f6ef000] [id=11409]
  0x00007fb308063800 ConcurrentGCThread "G1 Refine#12" [stack: 0x00007fb29f6f1000,0x00007fb29f7f1000] [id=11408]
  0x00007fb308061800 ConcurrentGCThread "G1 Refine#13" [stack: 0x00007fb29f7f3000,0x00007fb29f8f3000] [id=11407]
  0x00007fb308060000 ConcurrentGCThread "G1 Refine#14" [stack: 0x00007fb29f8f5000,0x00007fb29f9f5000] [id=11406]
  0x00007fb30805e000 ConcurrentGCThread "G1 Refine#15" [stack: 0x00007fb29f9f7000,0x00007fb29faf7000] [id=11405]
  0x00007fb30805c800 ConcurrentGCThread "G1 Refine#16" [stack: 0x00007fb29faf9000,0x00007fb29fbf9000] [id=11404]
  0x00007fb30805a800 ConcurrentGCThread "G1 Refine#17" [stack: 0x00007fb29fbfb000,0x00007fb29fcfb000] [id=11403]
  0x00007fb308059000 ConcurrentGCThread "G1 Refine#18" [stack: 0x00007fb29fcfd000,0x00007fb29fdfd000] [id=11402]
  0x00007fb308057000 ConcurrentGCThread "G1 Refine#19" [stack: 0x00007fb29fdff000,0x00007fb29feff000] [id=11401]
  0x00007fb30807a800 ConcurrentGCThread "G1 Young RemSet Sampling" [stack: 0x00007fb29e9d7000,0x00007fb29ead7000] [id=11421]

Threads with active compile tasks:
C1 CompilerThread9 238 %     3       org.eclipse.core.runtime.adaptor.EclipseStarter::main @ 3267 (5484 bytes)

VM state:not at safepoint (normal execution)

VM Mutex/Monitor currently owned by a thread: None

Heap address: 0x00000003d7c00000, size: 16004 MB, Compressed Oops mode: Zero based, Oop shift amount: 3
Narrow klass base: 0x0000000000000000, Narrow klass shift: 3
Compressed class space size: 1073741824 Address: 0x00000007c0000000

Heap:
 garbage-first heap   total 1028096K, used 8192K [0x00000003d7c00000, 0x00000003d80007d8, 0x00000007c0000000)
  region size 4096K, 3 young (12288K), 0 survivors (0K)
 Metaspace       used 4311K, capacity 4680K, committed 4864K, reserved 1056768K
  class space    used 356K, capacity 388K, committed 512K, reserved 1048576K
Heap Regions: E=young(eden), S=young(survivor), O=old, HS=humongous(starts), HC=humongous(continues), CS=collection set, F=free, A=archive, TS=gc time stamp, AC=allocation context, TAMS=top-at-mark-start (previous, next)
|   0|0x00000003d7c00000, 0x00000003d7c00000, 0x00000003d8000000|  0%| F|  |TS  0|AC  0|TAMS 0x00000003d7c00000, 0x00000003d7c00000|
|   1|0x00000003d8000000, 0x00000003d8000000, 0x00000003d8400000|  0%| F|  |TS  0|AC  0|TAMS 0x00000003d8000000, 0x00000003d8000000|
|   2|0x00000003d8400000, 0x00000003d8400000, 0x00000003d8800000|  0%| F|  |TS  0|AC  0|TAMS 0x00000003d8400000, 0x00000003d8400000|
|   3|0x00000003d8800000, 0x00000003d8800000, 0x00000003d8c00000|  0%| F|  |TS  0|AC  0|TAMS 0x00000003d8800000, 0x00000003d8800000|
|   4|0x00000003d8c00000, 0x00000003d8c00000, 0x00000003d9000000|  0%| F|  |TS  0|AC  0|TAMS 0x00000003d8c00000, 0x00000003d8c00000|
|   5|0x00000003d9000000, 0x00000003d9000000, 0x00000003d9400000|  0%| F|  |TS  0|AC  0|TAMS 0x00000003d9000000, 0x00000003d9000000|
|   6|0x00000003d9400000, 0x00000003d9400000, 0x00000003d9800000|  0%| F|  |TS  0|AC  0|TAMS 0x00000003d9400000, 0x00000003d9400000|
|   7|0x00000003d9800000, 0x00000003d9800000, 0x00000003d9c00000|  0%| F|  |TS  0|AC  0|TAMS 0x00000003d9800000, 0x00000003d9800000|
|   8|0x00000003d9c00000, 0x00000003d9c00000, 0x00000003da000000|  0%| F|  |TS  0|AC  0|TAMS 0x00000003d9c00000, 0x00000003d9c00000|
|   9|0x00000003da000000, 0x00000003da000000, 0x00000003da400000|  0%| F|  |TS  0|AC  0|TAMS 0x00000003da000000, 0x00000003da000000|
|  10|0x00000003da400000, 0x00000003da400000, 0x00000003da800000|  0%| F|  |TS  0|AC  0|TAMS 0x00000003da400000, 0x00000003da400000|
|  11|0x00000003da800000, 0x00000003da800000, 0x00000003dac00000|  0%| F|  |TS  0|AC  0|TAMS 0x00000003da800000, 0x00000003da800000|
|  12|0x00000003dac00000, 0x00000003dac00000, 0x00000003db000000|  0%| F|  |TS  0|AC  0|TAMS 0x00000003dac00000, 0x00000003dac00000|
|  13|0x00000003db000000, 0x00000003db000000, 0x00000003db400000|  0%| F|  |TS  0|AC  0|TAMS 0x00000003db000000, 0x00000003db000000|
|  14|0x00000003db400000, 0x00000003db400000, 0x00000003db800000|  0%| F|  |TS  0|AC  0|TAMS 0x00000003db400000, 0x00000003db400000|
|  15|0x00000003db800000, 0x00000003db800000, 0x00000003dbc00000|  0%| F|  |TS  0|AC  0|TAMS 0x00000003db800000, 0x00000003db800000|
|  16|0x00000003dbc00000, 0x00000003dbc00000, 0x00000003dc000000|  0%| F|  |TS  0|AC  0|TAMS 0x00000003dbc00000, 0x00000003dbc00000|
|  17|0x00000003dc000000, 0x00000003dc000000, 0x00000003dc400000|  0%| F|  |TS  0|AC  0|TAMS 0x00000003dc000000, 0x00000003dc000000|
|  18|0x00000003dc400000, 0x00000003dc400000, 0x00000003dc800000|  0%| F|  |TS  0|AC  0|TAMS 0x00000003dc400000, 0x00000003dc400000|
|  19|0x00000003dc800000, 0x00000003dc800000, 0x00000003dcc00000|  0%| F|  |TS  0|AC  0|TAMS 0x00000003dc800000, 0x00000003dc800000|
|  20|0x00000003dcc00000, 0x00000003dcc00000, 0x00000003dd000000|  0%| F|  |TS  0|AC  0|TAMS 0x00000003dcc00000, 0x00000003dcc00000|
|  21|0x00000003dd000000, 0x00000003dd000000, 0x00000003dd400000|  0%| F|  |TS  0|AC  0|TAMS 0x00000003dd000000, 0x00000003dd000000|
|  22|0x00000003dd400000, 0x00000003dd400000, 0x00000003dd800000|  0%| F|  |TS  0|AC  0|TAMS 0x00000003dd400000, 0x00000003dd400000|
|  23|0x00000003dd800000, 0x00000003dd800000, 0x00000003ddc00000|  0%| F|  |TS  0|AC  0|TAMS 0x00000003dd800000, 0x00000003dd800000|
|  24|0x00000003ddc00000, 0x00000003ddc00000, 0x00000003de000000|  0%| F|  |TS  0|AC  0|TAMS 0x00000003ddc00000, 0x00000003ddc00000|
|  25|0x00000003de000000, 0x00000003de000000, 0x00000003de400000|  0%| F|  |TS  0|AC  0|TAMS 0x00000003de000000, 0x00000003de000000|
|  26|0x00000003de400000, 0x00000003de400000, 0x00000003de800000|  0%| F|  |TS  0|AC  0|TAMS 0x00000003de400000, 0x00000003de400000|
|  27|0x00000003de800000, 0x00000003de800000, 0x00000003dec00000|  0%| F|  |TS  0|AC  0|TAMS 0x00000003de800000, 0x00000003de800000|
|  28|0x00000003dec00000, 0x00000003dec00000, 0x00000003df000000|  0%| F|  |TS  0|AC  0|TAMS 0x00000003dec00000, 0x00000003dec00000|
|  29|0x00000003df000000, 0x00000003df000000, 0x00000003df400000|  0%| F|  |TS  0|AC  0|TAMS 0x00000003df000000, 0x00000003df000000|
|  30|0x00000003df400000, 0x00000003df400000, 0x00000003df800000|  0%| F|  |TS  0|AC  0|TAMS 0x00000003df400000, 0x00000003df400000|
|  31|0x00000003df800000, 0x00000003df800000, 0x00000003dfc00000|  0%| F|  |TS  0|AC  0|TAMS 0x00000003df800000, 0x00000003df800000|
|  32|0x00000003dfc00000, 0x00000003dfc00000, 0x00000003e0000000|  0%| F|  |TS  0|AC  0|TAMS 0x00000003dfc00000, 0x00000003dfc00000|
|  33|0x00000003e0000000, 0x00000003e0000000, 0x00000003e0400000|  0%| F|  |TS  0|AC  0|TAMS 0x00000003e0000000, 0x00000003e0000000|
|  34|0x00000003e0400000, 0x00000003e0400000, 0x00000003e0800000|  0%| F|  |TS  0|AC  0|TAMS 0x00000003e0400000, 0x00000003e0400000|
|  35|0x00000003e0800000, 0x00000003e0800000, 0x00000003e0c00000|  0%| F|  |TS  0|AC  0|TAMS 0x00000003e0800000, 0x00000003e0800000|
|  36|0x00000003e0c00000, 0x00000003e0c00000, 0x00000003e1000000|  0%| F|  |TS  0|AC  0|TAMS 0x00000003e0c00000, 0x00000003e0c00000|
|  37|0x00000003e1000000, 0x00000003e1000000, 0x00000003e1400000|  0%| F|  |TS  0|AC  0|TAMS 0x00000003e1000000, 0x00000003e1000000|
|  38|0x00000003e1400000, 0x00000003e1400000, 0x00000003e1800000|  0%| F|  |TS  0|AC  0|TAMS 0x00000003e1400000, 0x00000003e1400000|
|  39|0x00000003e1800000, 0x00000003e1800000, 0x00000003e1c00000|  0%| F|  |TS  0|AC  0|TAMS 0x00000003e1800000, 0x00000003e1800000|
|  40|0x00000003e1c00000, 0x00000003e1c00000, 0x00000003e2000000|  0%| F|  |TS  0|AC  0|TAMS 0x00000003e1c00000, 0x00000003e1c00000|
|  41|0x00000003e2000000, 0x00000003e2000000, 0x00000003e2400000|  0%| F|  |TS  0|AC  0|TAMS 0x00000003e2000000, 0x00000003e2000000|
|  42|0x00000003e2400000, 0x00000003e2400000, 0x00000003e2800000|  0%| F|  |TS  0|AC  0|TAMS 0x00000003e2400000, 0x00000003e2400000|
|  43|0x00000003e2800000, 0x00000003e2800000, 0x00000003e2c00000|  0%| F|  |TS  0|AC  0|TAMS 0x00000003e2800000, 0x00000003e2800000|
|  44|0x00000003e2c00000, 0x00000003e2c00000, 0x00000003e3000000|  0%| F|  |TS  0|AC  0|TAMS 0x00000003e2c00000, 0x00000003e2c00000|
|  45|0x00000003e3000000, 0x00000003e3000000, 0x00000003e3400000|  0%| F|  |TS  0|AC  0|TAMS 0x00000003e3000000, 0x00000003e3000000|
|  46|0x00000003e3400000, 0x00000003e3400000, 0x00000003e3800000|  0%| F|  |TS  0|AC  0|TAMS 0x00000003e3400000, 0x00000003e3400000|
|  47|0x00000003e3800000, 0x00000003e3800000, 0x00000003e3c00000|  0%| F|  |TS  0|AC  0|TAMS 0x00000003e3800000, 0x00000003e3800000|
|  48|0x00000003e3c00000, 0x00000003e3c00000, 0x00000003e4000000|  0%| F|  |TS  0|AC  0|TAMS 0x00000003e3c00000, 0x00000003e3c00000|
|  49|0x00000003e4000000, 0x00000003e4000000, 0x00000003e4400000|  0%| F|  |TS  0|AC  0|TAMS 0x00000003e4000000, 0x00000003e4000000|
|  50|0x00000003e4400000, 0x00000003e4400000, 0x00000003e4800000|  0%| F|  |TS  0|AC  0|TAMS 0x00000003e4400000, 0x00000003e4400000|
|  51|0x00000003e4800000, 0x00000003e4800000, 0x00000003e4c00000|  0%| F|  |TS  0|AC  0|TAMS 0x00000003e4800000, 0x00000003e4800000|
|  52|0x00000003e4c00000, 0x00000003e4c00000, 0x00000003e5000000|  0%| F|  |TS  0|AC  0|TAMS 0x00000003e4c00000, 0x00000003e4c00000|
|  53|0x00000003e5000000, 0x00000003e5000000, 0x00000003e5400000|  0%| F|  |TS  0|AC  0|TAMS 0x00000003e5000000, 0x00000003e5000000|
|  54|0x00000003e5400000, 0x00000003e5400000, 0x00000003e5800000|  0%| F|  |TS  0|AC  0|TAMS 0x00000003e5400000, 0x00000003e5400000|
|  55|0x00000003e5800000, 0x00000003e5800000, 0x00000003e5c00000|  0%| F|  |TS  0|AC  0|TAMS 0x00000003e5800000, 0x00000003e5800000|
|  56|0x00000003e5c00000, 0x00000003e5c00000, 0x00000003e6000000|  0%| F|  |TS  0|AC  0|TAMS 0x00000003e5c00000, 0x00000003e5c00000|
|  57|0x00000003e6000000, 0x00000003e6000000, 0x00000003e6400000|  0%| F|  |TS  0|AC  0|TAMS 0x00000003e6000000, 0x00000003e6000000|
|  58|0x00000003e6400000, 0x00000003e6400000, 0x00000003e6800000|  0%| F|  |TS  0|AC  0|TAMS 0x00000003e6400000, 0x00000003e6400000|
|  59|0x00000003e6800000, 0x00000003e6800000, 0x00000003e6c00000|  0%| F|  |TS  0|AC  0|TAMS 0x00000003e6800000, 0x00000003e6800000|
|  60|0x00000003e6c00000, 0x00000003e6c00000, 0x00000003e7000000|  0%| F|  |TS  0|AC  0|TAMS 0x00000003e6c00000, 0x00000003e6c00000|
|  61|0x00000003e7000000, 0x00000003e7000000, 0x00000003e7400000|  0%| F|  |TS  0|AC  0|TAMS 0x00000003e7000000, 0x00000003e7000000|
|  62|0x00000003e7400000, 0x00000003e7400000, 0x00000003e7800000|  0%| F|  |TS  0|AC  0|TAMS 0x00000003e7400000, 0x00000003e7400000|
|  63|0x00000003e7800000, 0x00000003e7800000, 0x00000003e7c00000|  0%| F|  |TS  0|AC  0|TAMS 0x00000003e7800000, 0x00000003e7800000|
|  64|0x00000003e7c00000, 0x00000003e7c00000, 0x00000003e8000000|  0%| F|  |TS  0|AC  0|TAMS 0x00000003e7c00000, 0x00000003e7c00000|
|  65|0x00000003e8000000, 0x00000003e8000000, 0x00000003e8400000|  0%| F|  |TS  0|AC  0|TAMS 0x00000003e8000000, 0x00000003e8000000|
|  66|0x00000003e8400000, 0x00000003e8400000, 0x00000003e8800000|  0%| F|  |TS  0|AC  0|TAMS 0x00000003e8400000, 0x00000003e8400000|
|  67|0x00000003e8800000, 0x00000003e8800000, 0x00000003e8c00000|  0%| F|  |TS  0|AC  0|TAMS 0x00000003e8800000, 0x00000003e8800000|
|  68|0x00000003e8c00000, 0x00000003e8c00000, 0x00000003e9000000|  0%| F|  |TS  0|AC  0|TAMS 0x00000003e8c00000, 0x00000003e8c00000|
|  69|0x00000003e9000000, 0x00000003e9000000, 0x00000003e9400000|  0%| F|  |TS  0|AC  0|TAMS 0x00000003e9000000, 0x00000003e9000000|
|  70|0x00000003e9400000, 0x00000003e9400000, 0x00000003e9800000|  0%| F|  |TS  0|AC  0|TAMS 0x00000003e9400000, 0x00000003e9400000|
|  71|0x00000003e9800000, 0x00000003e9800000, 0x00000003e9c00000|  0%| F|  |TS  0|AC  0|TAMS 0x00000003e9800000, 0x00000003e9800000|
|  72|0x00000003e9c00000, 0x00000003e9c00000, 0x00000003ea000000|  0%| F|  |TS  0|AC  0|TAMS 0x00000003e9c00000, 0x00000003e9c00000|
|  73|0x00000003ea000000, 0x00000003ea000000, 0x00000003ea400000|  0%| F|  |TS  0|AC  0|TAMS 0x00000003ea000000, 0x00000003ea000000|
|  74|0x00000003ea400000, 0x00000003ea400000, 0x00000003ea800000|  0%| F|  |TS  0|AC  0|TAMS 0x00000003ea400000, 0x00000003ea400000|
|  75|0x00000003ea800000, 0x00000003ea800000, 0x00000003eac00000|  0%| F|  |TS  0|AC  0|TAMS 0x00000003ea800000, 0x00000003ea800000|
|  76|0x00000003eac00000, 0x00000003eac00000, 0x00000003eb000000|  0%| F|  |TS  0|AC  0|TAMS 0x00000003eac00000, 0x00000003eac00000|
|  77|0x00000003eb000000, 0x00000003eb000000, 0x00000003eb400000|  0%| F|  |TS  0|AC  0|TAMS 0x00000003eb000000, 0x00000003eb000000|
|  78|0x00000003eb400000, 0x00000003eb400000, 0x00000003eb800000|  0%| F|  |TS  0|AC  0|TAMS 0x00000003eb400000, 0x00000003eb400000|
|  79|0x00000003eb800000, 0x00000003eb800000, 0x00000003ebc00000|  0%| F|  |TS  0|AC  0|TAMS 0x00000003eb800000, 0x00000003eb800000|
|  80|0x00000003ebc00000, 0x00000003ebc00000, 0x00000003ec000000|  0%| F|  |TS  0|AC  0|TAMS 0x00000003ebc00000, 0x00000003ebc00000|
|  81|0x00000003ec000000, 0x00000003ec000000, 0x00000003ec400000|  0%| F|  |TS  0|AC  0|TAMS 0x00000003ec000000, 0x00000003ec000000|
|  82|0x00000003ec400000, 0x00000003ec400000, 0x00000003ec800000|  0%| F|  |TS  0|AC  0|TAMS 0x00000003ec400000, 0x00000003ec400000|
|  83|0x00000003ec800000, 0x00000003ec800000, 0x00000003ecc00000|  0%| F|  |TS  0|AC  0|TAMS 0x00000003ec800000, 0x00000003ec800000|
|  84|0x00000003ecc00000, 0x00000003ecc00000, 0x00000003ed000000|  0%| F|  |TS  0|AC  0|TAMS 0x00000003ecc00000, 0x00000003ecc00000|
|  85|0x00000003ed000000, 0x00000003ed000000, 0x00000003ed400000|  0%| F|  |TS  0|AC  0|TAMS 0x00000003ed000000, 0x00000003ed000000|
|  86|0x00000003ed400000, 0x00000003ed400000, 0x00000003ed800000|  0%| F|  |TS  0|AC  0|TAMS 0x00000003ed400000, 0x00000003ed400000|
|  87|0x00000003ed800000, 0x00000003ed800000, 0x00000003edc00000|  0%| F|  |TS  0|AC  0|TAMS 0x00000003ed800000, 0x00000003ed800000|
|  88|0x00000003edc00000, 0x00000003edc00000, 0x00000003ee000000|  0%| F|  |TS  0|AC  0|TAMS 0x00000003edc00000, 0x00000003edc00000|
|  89|0x00000003ee000000, 0x00000003ee000000, 0x00000003ee400000|  0%| F|  |TS  0|AC  0|TAMS 0x00000003ee000000, 0x00000003ee000000|
|  90|0x00000003ee400000, 0x00000003ee400000, 0x00000003ee800000|  0%| F|  |TS  0|AC  0|TAMS 0x00000003ee400000, 0x00000003ee400000|
|  91|0x00000003ee800000, 0x00000003ee800000, 0x00000003eec00000|  0%| F|  |TS  0|AC  0|TAMS 0x00000003ee800000, 0x00000003ee800000|
|  92|0x00000003eec00000, 0x00000003eec00000, 0x00000003ef000000|  0%| F|  |TS  0|AC  0|TAMS 0x00000003eec00000, 0x00000003eec00000|
|  93|0x00000003ef000000, 0x00000003ef000000, 0x00000003ef400000|  0%| F|  |TS  0|AC  0|TAMS 0x00000003ef000000, 0x00000003ef000000|
|  94|0x00000003ef400000, 0x00000003ef400000, 0x00000003ef800000|  0%| F|  |TS  0|AC  0|TAMS 0x00000003ef400000, 0x00000003ef400000|
|  95|0x00000003ef800000, 0x00000003ef800000, 0x00000003efc00000|  0%| F|  |TS  0|AC  0|TAMS 0x00000003ef800000, 0x00000003ef800000|
|  96|0x00000003efc00000, 0x00000003efc00000, 0x00000003f0000000|  0%| F|  |TS  0|AC  0|TAMS 0x00000003efc00000, 0x00000003efc00000|
|  97|0x00000003f0000000, 0x00000003f0000000, 0x00000003f0400000|  0%| F|  |TS  0|AC  0|TAMS 0x00000003f0000000, 0x00000003f0000000|
|  98|0x00000003f0400000, 0x00000003f0400000, 0x00000003f0800000|  0%| F|  |TS  0|AC  0|TAMS 0x00000003f0400000, 0x00000003f0400000|
|  99|0x00000003f0800000, 0x00000003f0800000, 0x00000003f0c00000|  0%| F|  |TS  0|AC  0|TAMS 0x00000003f0800000, 0x00000003f0800000|
| 100|0x00000003f0c00000, 0x00000003f0c00000, 0x00000003f1000000|  0%| F|  |TS  0|AC  0|TAMS 0x00000003f0c00000, 0x00000003f0c00000|
| 101|0x00000003f1000000, 0x00000003f1000000, 0x00000003f1400000|  0%| F|  |TS  0|AC  0|TAMS 0x00000003f1000000, 0x00000003f1000000|
| 102|0x00000003f1400000, 0x00000003f1400000, 0x00000003f1800000|  0%| F|  |TS  0|AC  0|TAMS 0x00000003f1400000, 0x00000003f1400000|
| 103|0x00000003f1800000, 0x00000003f1800000, 0x00000003f1c00000|  0%| F|  |TS  0|AC  0|TAMS 0x00000003f1800000, 0x00000003f1800000|
| 104|0x00000003f1c00000, 0x00000003f1c00000, 0x00000003f2000000|  0%| F|  |TS  0|AC  0|TAMS 0x00000003f1c00000, 0x00000003f1c00000|
| 105|0x00000003f2000000, 0x00000003f2000000, 0x00000003f2400000|  0%| F|  |TS  0|AC  0|TAMS 0x00000003f2000000, 0x00000003f2000000|
| 106|0x00000003f2400000, 0x00000003f2400000, 0x00000003f2800000|  0%| F|  |TS  0|AC  0|TAMS 0x00000003f2400000, 0x00000003f2400000|
| 107|0x00000003f2800000, 0x00000003f2800000, 0x00000003f2c00000|  0%| F|  |TS  0|AC  0|TAMS 0x00000003f2800000, 0x00000003f2800000|
| 108|0x00000003f2c00000, 0x00000003f2c00000, 0x00000003f3000000|  0%| F|  |TS  0|AC  0|TAMS 0x00000003f2c00000, 0x00000003f2c00000|
| 109|0x00000003f3000000, 0x00000003f3000000, 0x00000003f3400000|  0%| F|  |TS  0|AC  0|TAMS 0x00000003f3000000, 0x00000003f3000000|
| 110|0x00000003f3400000, 0x00000003f3400000, 0x00000003f3800000|  0%| F|  |TS  0|AC  0|TAMS 0x00000003f3400000, 0x00000003f3400000|
| 111|0x00000003f3800000, 0x00000003f3800000, 0x00000003f3c00000|  0%| F|  |TS  0|AC  0|TAMS 0x00000003f3800000, 0x00000003f3800000|
| 112|0x00000003f3c00000, 0x00000003f3c00000, 0x00000003f4000000|  0%| F|  |TS  0|AC  0|TAMS 0x00000003f3c00000, 0x00000003f3c00000|
| 113|0x00000003f4000000, 0x00000003f4000000, 0x00000003f4400000|  0%| F|  |TS  0|AC  0|TAMS 0x00000003f4000000, 0x00000003f4000000|
| 114|0x00000003f4400000, 0x00000003f4400000, 0x00000003f4800000|  0%| F|  |TS  0|AC  0|TAMS 0x00000003f4400000, 0x00000003f4400000|
| 115|0x00000003f4800000, 0x00000003f4800000, 0x00000003f4c00000|  0%| F|  |TS  0|AC  0|TAMS 0x00000003f4800000, 0x00000003f4800000|
| 116|0x00000003f4c00000, 0x00000003f4c00000, 0x00000003f5000000|  0%| F|  |TS  0|AC  0|TAMS 0x00000003f4c00000, 0x00000003f4c00000|
| 117|0x00000003f5000000, 0x00000003f5000000, 0x00000003f5400000|  0%| F|  |TS  0|AC  0|TAMS 0x00000003f5000000, 0x00000003f5000000|
| 118|0x00000003f5400000, 0x00000003f5400000, 0x00000003f5800000|  0%| F|  |TS  0|AC  0|TAMS 0x00000003f5400000, 0x00000003f5400000|
| 119|0x00000003f5800000, 0x00000003f5800000, 0x00000003f5c00000|  0%| F|  |TS  0|AC  0|TAMS 0x00000003f5800000, 0x00000003f5800000|
| 120|0x00000003f5c00000, 0x00000003f5c00000, 0x00000003f6000000|  0%| F|  |TS  0|AC  0|TAMS 0x00000003f5c00000, 0x00000003f5c00000|
| 121|0x00000003f6000000, 0x00000003f6000000, 0x00000003f6400000|  0%| F|  |TS  0|AC  0|TAMS 0x00000003f6000000, 0x00000003f6000000|
| 122|0x00000003f6400000, 0x00000003f6400000, 0x00000003f6800000|  0%| F|  |TS  0|AC  0|TAMS 0x00000003f6400000, 0x00000003f6400000|
| 123|0x00000003f6800000, 0x00000003f6800000, 0x00000003f6c00000|  0%| F|  |TS  0|AC  0|TAMS 0x00000003f6800000, 0x00000003f6800000|
| 124|0x00000003f6c00000, 0x00000003f6c00000, 0x00000003f7000000|  0%| F|  |TS  0|AC  0|TAMS 0x00000003f6c00000, 0x00000003f6c00000|
| 125|0x00000003f7000000, 0x00000003f7000000, 0x00000003f7400000|  0%| F|  |TS  0|AC  0|TAMS 0x00000003f7000000, 0x00000003f7000000|
| 126|0x00000003f7400000, 0x00000003f7400000, 0x00000003f7800000|  0%| F|  |TS  0|AC  0|TAMS 0x00000003f7400000, 0x00000003f7400000|
| 127|0x00000003f7800000, 0x00000003f7800000, 0x00000003f7c00000|  0%| F|  |TS  0|AC  0|TAMS 0x00000003f7800000, 0x00000003f7800000|
| 128|0x00000003f7c00000, 0x00000003f7c00000, 0x00000003f8000000|  0%| F|  |TS  0|AC  0|TAMS 0x00000003f7c00000, 0x00000003f7c00000|
| 129|0x00000003f8000000, 0x00000003f8000000, 0x00000003f8400000|  0%| F|  |TS  0|AC  0|TAMS 0x00000003f8000000, 0x00000003f8000000|
| 130|0x00000003f8400000, 0x00000003f8400000, 0x00000003f8800000|  0%| F|  |TS  0|AC  0|TAMS 0x00000003f8400000, 0x00000003f8400000|
| 131|0x00000003f8800000, 0x00000003f8800000, 0x00000003f8c00000|  0%| F|  |TS  0|AC  0|TAMS 0x00000003f8800000, 0x00000003f8800000|
| 132|0x00000003f8c00000, 0x00000003f8c00000, 0x00000003f9000000|  0%| F|  |TS  0|AC  0|TAMS 0x00000003f8c00000, 0x00000003f8c00000|
| 133|0x00000003f9000000, 0x00000003f9000000, 0x00000003f9400000|  0%| F|  |TS  0|AC  0|TAMS 0x00000003f9000000, 0x00000003f9000000|
| 134|0x00000003f9400000, 0x00000003f9400000, 0x00000003f9800000|  0%| F|  |TS  0|AC  0|TAMS 0x00000003f9400000, 0x00000003f9400000|
| 135|0x00000003f9800000, 0x00000003f9800000, 0x00000003f9c00000|  0%| F|  |TS  0|AC  0|TAMS 0x00000003f9800000, 0x00000003f9800000|
| 136|0x00000003f9c00000, 0x00000003f9c00000, 0x00000003fa000000|  0%| F|  |TS  0|AC  0|TAMS 0x00000003f9c00000, 0x00000003f9c00000|
| 137|0x00000003fa000000, 0x00000003fa000000, 0x00000003fa400000|  0%| F|  |TS  0|AC  0|TAMS 0x00000003fa000000, 0x00000003fa000000|
| 138|0x00000003fa400000, 0x00000003fa400000, 0x00000003fa800000|  0%| F|  |TS  0|AC  0|TAMS 0x00000003fa400000, 0x00000003fa400000|
| 139|0x00000003fa800000, 0x00000003fa800000, 0x00000003fac00000|  0%| F|  |TS  0|AC  0|TAMS 0x00000003fa800000, 0x00000003fa800000|
| 140|0x00000003fac00000, 0x00000003fac00000, 0x00000003fb000000|  0%| F|  |TS  0|AC  0|TAMS 0x00000003fac00000, 0x00000003fac00000|
| 141|0x00000003fb000000, 0x00000003fb000000, 0x00000003fb400000|  0%| F|  |TS  0|AC  0|TAMS 0x00000003fb000000, 0x00000003fb000000|
| 142|0x00000003fb400000, 0x00000003fb400000, 0x00000003fb800000|  0%| F|  |TS  0|AC  0|TAMS 0x00000003fb400000, 0x00000003fb400000|
| 143|0x00000003fb800000, 0x00000003fb800000, 0x00000003fbc00000|  0%| F|  |TS  0|AC  0|TAMS 0x00000003fb800000, 0x00000003fb800000|
| 144|0x00000003fbc00000, 0x00000003fbc00000, 0x00000003fc000000|  0%| F|  |TS  0|AC  0|TAMS 0x00000003fbc00000, 0x00000003fbc00000|
| 145|0x00000003fc000000, 0x00000003fc000000, 0x00000003fc400000|  0%| F|  |TS  0|AC  0|TAMS 0x00000003fc000000, 0x00000003fc000000|
| 146|0x00000003fc400000, 0x00000003fc400000, 0x00000003fc800000|  0%| F|  |TS  0|AC  0|TAMS 0x00000003fc400000, 0x00000003fc400000|
| 147|0x00000003fc800000, 0x00000003fc800000, 0x00000003fcc00000|  0%| F|  |TS  0|AC  0|TAMS 0x00000003fc800000, 0x00000003fc800000|
| 148|0x00000003fcc00000, 0x00000003fcc00000, 0x00000003fd000000|  0%| F|  |TS  0|AC  0|TAMS 0x00000003fcc00000, 0x00000003fcc00000|
| 149|0x00000003fd000000, 0x00000003fd000000, 0x00000003fd400000|  0%| F|  |TS  0|AC  0|TAMS 0x00000003fd000000, 0x00000003fd000000|
| 150|0x00000003fd400000, 0x00000003fd400000, 0x00000003fd800000|  0%| F|  |TS  0|AC  0|TAMS 0x00000003fd400000, 0x00000003fd400000|
| 151|0x00000003fd800000, 0x00000003fd800000, 0x00000003fdc00000|  0%| F|  |TS  0|AC  0|TAMS 0x00000003fd800000, 0x00000003fd800000|
| 152|0x00000003fdc00000, 0x00000003fdc00000, 0x00000003fe000000|  0%| F|  |TS  0|AC  0|TAMS 0x00000003fdc00000, 0x00000003fdc00000|
| 153|0x00000003fe000000, 0x00000003fe000000, 0x00000003fe400000|  0%| F|  |TS  0|AC  0|TAMS 0x00000003fe000000, 0x00000003fe000000|
| 154|0x00000003fe400000, 0x00000003fe400000, 0x00000003fe800000|  0%| F|  |TS  0|AC  0|TAMS 0x00000003fe400000, 0x00000003fe400000|
| 155|0x00000003fe800000, 0x00000003fe800000, 0x00000003fec00000|  0%| F|  |TS  0|AC  0|TAMS 0x00000003fe800000, 0x00000003fe800000|
| 156|0x00000003fec00000, 0x00000003fec00000, 0x00000003ff000000|  0%| F|  |TS  0|AC  0|TAMS 0x00000003fec00000, 0x00000003fec00000|
| 157|0x00000003ff000000, 0x00000003ff000000, 0x00000003ff400000|  0%| F|  |TS  0|AC  0|TAMS 0x00000003ff000000, 0x00000003ff000000|
| 158|0x00000003ff400000, 0x00000003ff400000, 0x00000003ff800000|  0%| F|  |TS  0|AC  0|TAMS 0x00000003ff400000, 0x00000003ff400000|
| 159|0x00000003ff800000, 0x00000003ff800000, 0x00000003ffc00000|  0%| F|  |TS  0|AC  0|TAMS 0x00000003ff800000, 0x00000003ff800000|
| 160|0x00000003ffc00000, 0x00000003ffc00000, 0x0000000400000000|  0%| F|  |TS  0|AC  0|TAMS 0x00000003ffc00000, 0x00000003ffc00000|
| 161|0x0000000400000000, 0x0000000400000000, 0x0000000400400000|  0%| F|  |TS  0|AC  0|TAMS 0x0000000400000000, 0x0000000400000000|
| 162|0x0000000400400000, 0x0000000400400000, 0x0000000400800000|  0%| F|  |TS  0|AC  0|TAMS 0x0000000400400000, 0x0000000400400000|
| 163|0x0000000400800000, 0x0000000400800000, 0x0000000400c00000|  0%| F|  |TS  0|AC  0|TAMS 0x0000000400800000, 0x0000000400800000|
| 164|0x0000000400c00000, 0x0000000400c00000, 0x0000000401000000|  0%| F|  |TS  0|AC  0|TAMS 0x0000000400c00000, 0x0000000400c00000|
| 165|0x0000000401000000, 0x0000000401000000, 0x0000000401400000|  0%| F|  |TS  0|AC  0|TAMS 0x0000000401000000, 0x0000000401000000|
| 166|0x0000000401400000, 0x0000000401400000, 0x0000000401800000|  0%| F|  |TS  0|AC  0|TAMS 0x0000000401400000, 0x0000000401400000|
| 167|0x0000000401800000, 0x0000000401800000, 0x0000000401c00000|  0%| F|  |TS  0|AC  0|TAMS 0x0000000401800000, 0x0000000401800000|
| 168|0x0000000401c00000, 0x0000000401c00000, 0x0000000402000000|  0%| F|  |TS  0|AC  0|TAMS 0x0000000401c00000, 0x0000000401c00000|
| 169|0x0000000402000000, 0x0000000402000000, 0x0000000402400000|  0%| F|  |TS  0|AC  0|TAMS 0x0000000402000000, 0x0000000402000000|
| 170|0x0000000402400000, 0x0000000402400000, 0x0000000402800000|  0%| F|  |TS  0|AC  0|TAMS 0x0000000402400000, 0x0000000402400000|
| 171|0x0000000402800000, 0x0000000402800000, 0x0000000402c00000|  0%| F|  |TS  0|AC  0|TAMS 0x0000000402800000, 0x0000000402800000|
| 172|0x0000000402c00000, 0x0000000402c00000, 0x0000000403000000|  0%| F|  |TS  0|AC  0|TAMS 0x0000000402c00000, 0x0000000402c00000|
| 173|0x0000000403000000, 0x0000000403000000, 0x0000000403400000|  0%| F|  |TS  0|AC  0|TAMS 0x0000000403000000, 0x0000000403000000|
| 174|0x0000000403400000, 0x0000000403400000, 0x0000000403800000|  0%| F|  |TS  0|AC  0|TAMS 0x0000000403400000, 0x0000000403400000|
| 175|0x0000000403800000, 0x0000000403800000, 0x0000000403c00000|  0%| F|  |TS  0|AC  0|TAMS 0x0000000403800000, 0x0000000403800000|
| 176|0x0000000403c00000, 0x0000000403c00000, 0x0000000404000000|  0%| F|  |TS  0|AC  0|TAMS 0x0000000403c00000, 0x0000000403c00000|
| 177|0x0000000404000000, 0x0000000404000000, 0x0000000404400000|  0%| F|  |TS  0|AC  0|TAMS 0x0000000404000000, 0x0000000404000000|
| 178|0x0000000404400000, 0x0000000404400000, 0x0000000404800000|  0%| F|  |TS  0|AC  0|TAMS 0x0000000404400000, 0x0000000404400000|
| 179|0x0000000404800000, 0x0000000404800000, 0x0000000404c00000|  0%| F|  |TS  0|AC  0|TAMS 0x0000000404800000, 0x0000000404800000|
| 180|0x0000000404c00000, 0x0000000404c00000, 0x0000000405000000|  0%| F|  |TS  0|AC  0|TAMS 0x0000000404c00000, 0x0000000404c00000|
| 181|0x0000000405000000, 0x0000000405000000, 0x0000000405400000|  0%| F|  |TS  0|AC  0|TAMS 0x0000000405000000, 0x0000000405000000|
| 182|0x0000000405400000, 0x0000000405400000, 0x0000000405800000|  0%| F|  |TS  0|AC  0|TAMS 0x0000000405400000, 0x0000000405400000|
| 183|0x0000000405800000, 0x0000000405800000, 0x0000000405c00000|  0%| F|  |TS  0|AC  0|TAMS 0x0000000405800000, 0x0000000405800000|
| 184|0x0000000405c00000, 0x0000000405c00000, 0x0000000406000000|  0%| F|  |TS  0|AC  0|TAMS 0x0000000405c00000, 0x0000000405c00000|
| 185|0x0000000406000000, 0x0000000406000000, 0x0000000406400000|  0%| F|  |TS  0|AC  0|TAMS 0x0000000406000000, 0x0000000406000000|
| 186|0x0000000406400000, 0x0000000406400000, 0x0000000406800000|  0%| F|  |TS  0|AC  0|TAMS 0x0000000406400000, 0x0000000406400000|
| 187|0x0000000406800000, 0x0000000406800000, 0x0000000406c00000|  0%| F|  |TS  0|AC  0|TAMS 0x0000000406800000, 0x0000000406800000|
| 188|0x0000000406c00000, 0x0000000406c00000, 0x0000000407000000|  0%| F|  |TS  0|AC  0|TAMS 0x0000000406c00000, 0x0000000406c00000|
| 189|0x0000000407000000, 0x0000000407000000, 0x0000000407400000|  0%| F|  |TS  0|AC  0|TAMS 0x0000000407000000, 0x0000000407000000|
| 190|0x0000000407400000, 0x0000000407400000, 0x0000000407800000|  0%| F|  |TS  0|AC  0|TAMS 0x0000000407400000, 0x0000000407400000|
| 191|0x0000000407800000, 0x0000000407800000, 0x0000000407c00000|  0%| F|  |TS  0|AC  0|TAMS 0x0000000407800000, 0x0000000407800000|
| 192|0x0000000407c00000, 0x0000000407c00000, 0x0000000408000000|  0%| F|  |TS  0|AC  0|TAMS 0x0000000407c00000, 0x0000000407c00000|
| 193|0x0000000408000000, 0x0000000408000000, 0x0000000408400000|  0%| F|  |TS  0|AC  0|TAMS 0x0000000408000000, 0x0000000408000000|
| 194|0x0000000408400000, 0x0000000408400000, 0x0000000408800000|  0%| F|  |TS  0|AC  0|TAMS 0x0000000408400000, 0x0000000408400000|
| 195|0x0000000408800000, 0x0000000408800000, 0x0000000408c00000|  0%| F|  |TS  0|AC  0|TAMS 0x0000000408800000, 0x0000000408800000|
| 196|0x0000000408c00000, 0x0000000408c00000, 0x0000000409000000|  0%| F|  |TS  0|AC  0|TAMS 0x0000000408c00000, 0x0000000408c00000|
| 197|0x0000000409000000, 0x0000000409000000, 0x0000000409400000|  0%| F|  |TS  0|AC  0|TAMS 0x0000000409000000, 0x0000000409000000|
| 198|0x0000000409400000, 0x0000000409400000, 0x0000000409800000|  0%| F|  |TS  0|AC  0|TAMS 0x0000000409400000, 0x0000000409400000|
| 199|0x0000000409800000, 0x0000000409800000, 0x0000000409c00000|  0%| F|  |TS  0|AC  0|TAMS 0x0000000409800000, 0x0000000409800000|
| 200|0x0000000409c00000, 0x0000000409c00000, 0x000000040a000000|  0%| F|  |TS  0|AC  0|TAMS 0x0000000409c00000, 0x0000000409c00000|
| 201|0x000000040a000000, 0x000000040a000000, 0x000000040a400000|  0%| F|  |TS  0|AC  0|TAMS 0x000000040a000000, 0x000000040a000000|
| 202|0x000000040a400000, 0x000000040a400000, 0x000000040a800000|  0%| F|  |TS  0|AC  0|TAMS 0x000000040a400000, 0x000000040a400000|
| 203|0x000000040a800000, 0x000000040a800000, 0x000000040ac00000|  0%| F|  |TS  0|AC  0|TAMS 0x000000040a800000, 0x000000040a800000|
| 204|0x000000040ac00000, 0x000000040ac00000, 0x000000040b000000|  0%| F|  |TS  0|AC  0|TAMS 0x000000040ac00000, 0x000000040ac00000|
| 205|0x000000040b000000, 0x000000040b000000, 0x000000040b400000|  0%| F|  |TS  0|AC  0|TAMS 0x000000040b000000, 0x000000040b000000|
| 206|0x000000040b400000, 0x000000040b400000, 0x000000040b800000|  0%| F|  |TS  0|AC  0|TAMS 0x000000040b400000, 0x000000040b400000|
| 207|0x000000040b800000, 0x000000040b800000, 0x000000040bc00000|  0%| F|  |TS  0|AC  0|TAMS 0x000000040b800000, 0x000000040b800000|
| 208|0x000000040bc00000, 0x000000040bc00000, 0x000000040c000000|  0%| F|  |TS  0|AC  0|TAMS 0x000000040bc00000, 0x000000040bc00000|
| 209|0x000000040c000000, 0x000000040c000000, 0x000000040c400000|  0%| F|  |TS  0|AC  0|TAMS 0x000000040c000000, 0x000000040c000000|
| 210|0x000000040c400000, 0x000000040c400000, 0x000000040c800000|  0%| F|  |TS  0|AC  0|TAMS 0x000000040c400000, 0x000000040c400000|
| 211|0x000000040c800000, 0x000000040c800000, 0x000000040cc00000|  0%| F|  |TS  0|AC  0|TAMS 0x000000040c800000, 0x000000040c800000|
| 212|0x000000040cc00000, 0x000000040cc00000, 0x000000040d000000|  0%| F|  |TS  0|AC  0|TAMS 0x000000040cc00000, 0x000000040cc00000|
| 213|0x000000040d000000, 0x000000040d000000, 0x000000040d400000|  0%| F|  |TS  0|AC  0|TAMS 0x000000040d000000, 0x000000040d000000|
| 214|0x000000040d400000, 0x000000040d400000, 0x000000040d800000|  0%| F|  |TS  0|AC  0|TAMS 0x000000040d400000, 0x000000040d400000|
| 215|0x000000040d800000, 0x000000040d800000, 0x000000040dc00000|  0%| F|  |TS  0|AC  0|TAMS 0x000000040d800000, 0x000000040d800000|
| 216|0x000000040dc00000, 0x000000040dc00000, 0x000000040e000000|  0%| F|  |TS  0|AC  0|TAMS 0x000000040dc00000, 0x000000040dc00000|
| 217|0x000000040e000000, 0x000000040e000000, 0x000000040e400000|  0%| F|  |TS  0|AC  0|TAMS 0x000000040e000000, 0x000000040e000000|
| 218|0x000000040e400000, 0x000000040e400000, 0x000000040e800000|  0%| F|  |TS  0|AC  0|TAMS 0x000000040e400000, 0x000000040e400000|
| 219|0x000000040e800000, 0x000000040e800000, 0x000000040ec00000|  0%| F|  |TS  0|AC  0|TAMS 0x000000040e800000, 0x000000040e800000|
| 220|0x000000040ec00000, 0x000000040ec00000, 0x000000040f000000|  0%| F|  |TS  0|AC  0|TAMS 0x000000040ec00000, 0x000000040ec00000|
| 221|0x000000040f000000, 0x000000040f000000, 0x000000040f400000|  0%| F|  |TS  0|AC  0|TAMS 0x000000040f000000, 0x000000040f000000|
| 222|0x000000040f400000, 0x000000040f400000, 0x000000040f800000|  0%| F|  |TS  0|AC  0|TAMS 0x000000040f400000, 0x000000040f400000|
| 223|0x000000040f800000, 0x000000040f800000, 0x000000040fc00000|  0%| F|  |TS  0|AC  0|TAMS 0x000000040f800000, 0x000000040f800000|
| 224|0x000000040fc00000, 0x000000040fc00000, 0x0000000410000000|  0%| F|  |TS  0|AC  0|TAMS 0x000000040fc00000, 0x000000040fc00000|
| 225|0x0000000410000000, 0x0000000410000000, 0x0000000410400000|  0%| F|  |TS  0|AC  0|TAMS 0x0000000410000000, 0x0000000410000000|
| 226|0x0000000410400000, 0x0000000410400000, 0x0000000410800000|  0%| F|  |TS  0|AC  0|TAMS 0x0000000410400000, 0x0000000410400000|
| 227|0x0000000410800000, 0x0000000410800000, 0x0000000410c00000|  0%| F|  |TS  0|AC  0|TAMS 0x0000000410800000, 0x0000000410800000|
| 228|0x0000000410c00000, 0x0000000410c00000, 0x0000000411000000|  0%| F|  |TS  0|AC  0|TAMS 0x0000000410c00000, 0x0000000410c00000|
| 229|0x0000000411000000, 0x0000000411000000, 0x0000000411400000|  0%| F|  |TS  0|AC  0|TAMS 0x0000000411000000, 0x0000000411000000|
| 230|0x0000000411400000, 0x0000000411400000, 0x0000000411800000|  0%| F|  |TS  0|AC  0|TAMS 0x0000000411400000, 0x0000000411400000|
| 231|0x0000000411800000, 0x0000000411800000, 0x0000000411c00000|  0%| F|  |TS  0|AC  0|TAMS 0x0000000411800000, 0x0000000411800000|
| 232|0x0000000411c00000, 0x0000000411c00000, 0x0000000412000000|  0%| F|  |TS  0|AC  0|TAMS 0x0000000411c00000, 0x0000000411c00000|
| 233|0x0000000412000000, 0x0000000412000000, 0x0000000412400000|  0%| F|  |TS  0|AC  0|TAMS 0x0000000412000000, 0x0000000412000000|
| 234|0x0000000412400000, 0x0000000412400000, 0x0000000412800000|  0%| F|  |TS  0|AC  0|TAMS 0x0000000412400000, 0x0000000412400000|
| 235|0x0000000412800000, 0x0000000412800000, 0x0000000412c00000|  0%| F|  |TS  0|AC  0|TAMS 0x0000000412800000, 0x0000000412800000|
| 236|0x0000000412c00000, 0x0000000412c00000, 0x0000000413000000|  0%| F|  |TS  0|AC  0|TAMS 0x0000000412c00000, 0x0000000412c00000|
| 237|0x0000000413000000, 0x0000000413000000, 0x0000000413400000|  0%| F|  |TS  0|AC  0|TAMS 0x0000000413000000, 0x0000000413000000|
| 238|0x0000000413400000, 0x0000000413400000, 0x0000000413800000|  0%| F|  |TS  0|AC  0|TAMS 0x0000000413400000, 0x0000000413400000|
| 239|0x0000000413800000, 0x0000000413800000, 0x0000000413c00000|  0%| F|  |TS  0|AC  0|TAMS 0x0000000413800000, 0x0000000413800000|
| 240|0x0000000413c00000, 0x0000000413c00000, 0x0000000414000000|  0%| F|  |TS  0|AC  0|TAMS 0x0000000413c00000, 0x0000000413c00000|
| 241|0x0000000414000000, 0x0000000414000000, 0x0000000414400000|  0%| F|  |TS  0|AC  0|TAMS 0x0000000414000000, 0x0000000414000000|
| 242|0x0000000414400000, 0x0000000414400000, 0x0000000414800000|  0%| F|  |TS  0|AC  0|TAMS 0x0000000414400000, 0x0000000414400000|
| 243|0x0000000414800000, 0x0000000414800000, 0x0000000414c00000|  0%| F|  |TS  0|AC  0|TAMS 0x0000000414800000, 0x0000000414800000|
| 244|0x0000000414c00000, 0x0000000414c00000, 0x0000000415000000|  0%| F|  |TS  0|AC  0|TAMS 0x0000000414c00000, 0x0000000414c00000|
| 245|0x0000000415000000, 0x0000000415000000, 0x0000000415400000|  0%| F|  |TS  0|AC  0|TAMS 0x0000000415000000, 0x0000000415000000|
| 246|0x0000000415400000, 0x0000000415400000, 0x0000000415800000|  0%| F|  |TS  0|AC  0|TAMS 0x0000000415400000, 0x0000000415400000|
| 247|0x0000000415800000, 0x0000000415800000, 0x0000000415c00000|  0%| F|  |TS  0|AC  0|TAMS 0x0000000415800000, 0x0000000415800000|
| 248|0x0000000415c00000, 0x0000000415ee1d08, 0x0000000416000000| 72%| E|  |TS  0|AC  0|TAMS 0x0000000415c00000, 0x0000000415c00000|
| 249|0x0000000416000000, 0x0000000416400000, 0x0000000416400000|100%| E|CS|TS  0|AC  0|TAMS 0x0000000416000000, 0x0000000416000000|
| 250|0x0000000416400000, 0x0000000416800000, 0x0000000416800000|100%| E|CS|TS  0|AC  0|TAMS 0x0000000416400000, 0x0000000416400000|

Card table byte_map: [0x00007fb24017c000,0x00007fb2420be000] byte_map_base: 0x00007fb23e2be000

Marking Bits (Prev, Next): (CMBitMap*) 0x00007fb30809e820, (CMBitMap*) 0x00007fb30809e858
 Prev Bits: [0x00007fb22e82a000, 0x00007fb23e23a000)
 Next Bits: [0x00007fb21ee1a000, 0x00007fb22e82a000)

Polling page: 0x00007fb30f321000

CodeHeap 'non-profiled nmethods': size=119172Kb used=146Kb max_used=146Kb free=119025Kb
 bounds [0x00007fb2f56e2000, 0x00007fb2f5952000, 0x00007fb2fcb43000]
CodeHeap 'profiled nmethods': size=119172Kb used=318Kb max_used=318Kb free=118853Kb
 bounds [0x00007fb2ee281000, 0x00007fb2ee4f1000, 0x00007fb2f56e2000]
CodeHeap 'non-nmethods': size=7416Kb used=2826Kb max_used=2882Kb free=4589Kb
 bounds [0x00007fb2edb43000, 0x00007fb2ede23000, 0x00007fb2ee281000]
 total_blobs=622 nmethods=237 adapters=168
 compilation: enabled

Compilation events (10 events):
Event: 0.469 Thread 0x00007fb3082b1000  220       4       java.nio.CharBuffer::position (6 bytes)
Event: 0.469 Thread 0x00007fb3082b1000 nmethod 220 0x00007fb2f56f9d10 code [0x00007fb2f56f9ea0, 0x00007fb2f56f9f78]
Event: 0.469 Thread 0x00007fb3082b6800 nmethod 219 0x00007fb2f56fa090 code [0x00007fb2f56fa220, 0x00007fb2f56fa318]
Event: 0.472 Thread 0x00007fb3082ad800 nmethod 230 0x00007fb2f56fa410 code [0x00007fb2f56fa680, 0x00007fb2f56fb7a8]
Event: 0.480 Thread 0x00007fb3082af000 nmethod 227 0x00007fb2f56fc090 code [0x00007fb2f56fc2a0, 0x00007fb2f56fcdc8]
Event: 0.480 Thread 0x00007fb3082b8000 nmethod 232 0x00007fb2f56fd690 code [0x00007fb2f56fd8c0, 0x00007fb2f56fe688]
Event: 0.481 Thread 0x00007fb3082ba000 nmethod 237 0x00007fb2f56fed10 code [0x00007fb2f56fef60, 0x00007fb2f56ffd68]
Event: 0.506 Thread 0x00007fb3082b3000 nmethod 236 0x00007fb2f5700610 code [0x00007fb2f5700900, 0x00007fb2f5702af0]
Event: 0.538 Thread 0x00007fb3082b4800 nmethod 235 0x00007fb2f5703d90 code [0x00007fb2f5704060, 0x00007fb2f5705820]
Event: 0.670 Thread 0x00007fb3082bd800  238 %     3       org.eclipse.core.runtime.adaptor.EclipseStarter::main @ 3267 (5484 bytes)

GC Heap History (0 events):
No events

Deoptimization events (0 events):
No events

Classes redefined (0 events):
No events

Internal exceptions (0 events):
No events

Events (10 events):
Event: 0.410 Thread 0x00007fb308011800 DEOPT PACKING pc=0x00007fb2ee2b20a4 sp=0x00007fb30d9cbb90
Event: 0.410 Thread 0x00007fb308011800 DEOPT UNPACKING pc=0x00007fb2edb90aab sp=0x00007fb30d9cb178 mode 0
Event: 0.411 Thread 0x00007fb308011800 DEOPT PACKING pc=0x00007fb2ee2b20a4 sp=0x00007fb30d9cbb90
Event: 0.411 Thread 0x00007fb308011800 DEOPT UNPACKING pc=0x00007fb2edb90aab sp=0x00007fb30d9cb178 mode 0
Event: 0.412 Thread 0x00007fb308011800 DEOPT PACKING pc=0x00007fb2ee2b20a4 sp=0x00007fb30d9cbb90
Event: 0.412 Thread 0x00007fb308011800 DEOPT UNPACKING pc=0x00007fb2edb90aab sp=0x00007fb30d9cb178 mode 0
Event: 0.412 Thread 0x00007fb308011800 DEOPT PACKING pc=0x00007fb2ee2b20a4 sp=0x00007fb30d9cbb90
Event: 0.412 Thread 0x00007fb308011800 DEOPT UNPACKING pc=0x00007fb2edb90aab sp=0x00007fb30d9cb178 mode 0
Event: 0.422 Thread 0x00007fb308011800 DEOPT PACKING pc=0x00007fb2ee2ab028 sp=0x00007fb30d9cbf60
Event: 0.422 Thread 0x00007fb308011800 DEOPT UNPACKING pc=0x00007fb2edb90aab sp=0x00007fb30d9cb3f8 mode 0


Dynamic libraries:
00400000-00401000 r-xp 00000000 00:65 77077150                           /root/oracle/jdk-9.0.4/bin/java
00600000-00601000 rw-p 00000000 00:65 77077150                           /root/oracle/jdk-9.0.4/bin/java
0115c000-0117d000 rw-p 00000000 00:00 0                                  [heap]
3d7c00000-416800000 rw-p 00000000 00:00 0 
416800000-7c0000000 ---p 00000000 00:00 0 
7c0000000-7c0080000 rw-p 00000000 00:00 0 
7c0080000-800000000 ---p 00000000 00:00 0 
7fb1ac000000-7fb1ac021000 rw-p 00000000 00:00 0 
7fb1ac021000-7fb1b0000000 ---p 00000000 00:00 0 
7fb1b4000000-7fb1b4021000 rw-p 00000000 00:00 0 
7fb1b4021000-7fb1b8000000 ---p 00000000 00:00 0 
7fb1b8000000-7fb1b8021000 rw-p 00000000 00:00 0 
7fb1b8021000-7fb1bc000000 ---p 00000000 00:00 0 
7fb1bc000000-7fb1bc056000 rw-p 00000000 00:00 0 
7fb1bc056000-7fb1c0000000 ---p 00000000 00:00 0 
7fb1c0000000-7fb1c0021000 rw-p 00000000 00:00 0 
7fb1c0021000-7fb1c4000000 ---p 00000000 00:00 0 
7fb1c4000000-7fb1c406f000 rw-p 00000000 00:00 0 
7fb1c406f000-7fb1c8000000 ---p 00000000 00:00 0 
7fb1c8000000-7fb1c8053000 rw-p 00000000 00:00 0 
7fb1c8053000-7fb1cc000000 ---p 00000000 00:00 0 
7fb1cc000000-7fb1cc09a000 rw-p 00000000 00:00 0 
7fb1cc09a000-7fb1d0000000 ---p 00000000 00:00 0 
7fb1d0000000-7fb1d0024000 rw-p 00000000 00:00 0 
7fb1d0024000-7fb1d4000000 ---p 00000000 00:00 0 
7fb1d4000000-7fb1d41f7000 rw-p 00000000 00:00 0 
7fb1d41f7000-7fb1d8000000 ---p 00000000 00:00 0 
7fb1d8000000-7fb1d805b000 rw-p 00000000 00:00 0 
7fb1d805b000-7fb1dc000000 ---p 00000000 00:00 0 
7fb1dc000000-7fb1dc273000 rw-p 00000000 00:00 0 
7fb1dc273000-7fb1e0000000 ---p 00000000 00:00 0 
7fb1e0000000-7fb1e033f000 rw-p 00000000 00:00 0 
7fb1e033f000-7fb1e4000000 ---p 00000000 00:00 0 
7fb1e4000000-7fb1e4190000 rw-p 00000000 00:00 0 
7fb1e4190000-7fb1e8000000 ---p 00000000 00:00 0 
7fb1e8000000-7fb1e8292000 rw-p 00000000 00:00 0 
7fb1e8292000-7fb1ec000000 ---p 00000000 00:00 0 
7fb1ec000000-7fb1ec021000 rw-p 00000000 00:00 0 
7fb1ec021000-7fb1f0000000 ---p 00000000 00:00 0 
7fb1f0000000-7fb1f01eb000 rw-p 00000000 00:00 0 
7fb1f01eb000-7fb1f4000000 ---p 00000000 00:00 0 
7fb1f4000000-7fb1f4021000 rw-p 00000000 00:00 0 
7fb1f4021000-7fb1f8000000 ---p 00000000 00:00 0 
7fb1f8000000-7fb1f8021000 rw-p 00000000 00:00 0 
7fb1f8021000-7fb1fc000000 ---p 00000000 00:00 0 
7fb1fc000000-7fb1fc021000 rw-p 00000000 00:00 0 
7fb1fc021000-7fb200000000 ---p 00000000 00:00 0 
7fb200000000-7fb200021000 rw-p 00000000 00:00 0 
7fb200021000-7fb204000000 ---p 00000000 00:00 0 
7fb205463000-7fb205791000 rw-p 00000000 00:00 0 
7fb205791000-7fb205792000 ---p 00000000 00:00 0 
7fb205792000-7fb205893000 rw-p 00000000 00:00 0 
7fb205893000-7fb205897000 ---p 00000000 00:00 0 
7fb205897000-7fb205994000 rw-p 00000000 00:00 0 
7fb205994000-7fb205998000 ---p 00000000 00:00 0 
7fb205998000-7fb205ac6000 rw-p 00000000 00:00 0 
7fb205ac6000-7fb205adc000 r-xp 00000000 00:65 77077477                   /root/oracle/jdk-9.0.4/lib/libnet.so
7fb205adc000-7fb205cdc000 ---p 00016000 00:65 77077477                   /root/oracle/jdk-9.0.4/lib/libnet.so
7fb205cdc000-7fb205cdd000 rw-p 00016000 00:65 77077477                   /root/oracle/jdk-9.0.4/lib/libnet.so
7fb205cdd000-7fb205ced000 r-xp 00000000 00:65 77077594                   /root/oracle/jdk-9.0.4/lib/libnio.so
7fb205ced000-7fb205eed000 ---p 00010000 00:65 77077594                   /root/oracle/jdk-9.0.4/lib/libnio.so
7fb205eed000-7fb205eee000 rw-p 00010000 00:65 77077594                   /root/oracle/jdk-9.0.4/lib/libnio.so
7fb205eee000-7fb205ef2000 ---p 00000000 00:00 0 
7fb205ef2000-7fb205fef000 rw-p 00000000 00:00 0 
7fb205fef000-7fb205ff3000 ---p 00000000 00:00 0 
7fb205ff3000-7fb2060f0000 rw-p 00000000 00:00 0 
7fb2060f0000-7fb2060f4000 ---p 00000000 00:00 0 
7fb2060f4000-7fb2061f1000 rw-p 00000000 00:00 0 
7fb2061f1000-7fb2061f5000 ---p 00000000 00:00 0 
7fb2061f5000-7fb2062f2000 rw-p 00000000 00:00 0 
7fb2062f2000-7fb2062f6000 ---p 00000000 00:00 0 
7fb2062f6000-7fb2063f3000 rw-p 00000000 00:00 0 
7fb2063f3000-7fb2063f7000 ---p 00000000 00:00 0 
7fb2063f7000-7fb2064f4000 rw-p 00000000 00:00 0 
7fb2064f4000-7fb2064f8000 ---p 00000000 00:00 0 
7fb2064f8000-7fb2065f5000 rw-p 00000000 00:00 0 
7fb2065f5000-7fb2065f9000 ---p 00000000 00:00 0 
7fb2065f9000-7fb2066f6000 rw-p 00000000 00:00 0 
7fb2066f6000-7fb2066fa000 ---p 00000000 00:00 0 
7fb2066fa000-7fb2067f7000 rw-p 00000000 00:00 0 
7fb2067f7000-7fb2067fb000 ---p 00000000 00:00 0 
7fb2067fb000-7fb2068f8000 rw-p 00000000 00:00 0 
7fb2068f8000-7fb2068fc000 ---p 00000000 00:00 0 
7fb2068fc000-7fb2069f9000 rw-p 00000000 00:00 0 
7fb2069f9000-7fb2069fd000 ---p 00000000 00:00 0 
7fb2069fd000-7fb206afa000 rw-p 00000000 00:00 0 
7fb206afa000-7fb206afe000 ---p 00000000 00:00 0 
7fb206afe000-7fb206bfb000 rw-p 00000000 00:00 0 
7fb206bfb000-7fb206bff000 ---p 00000000 00:00 0 
7fb206bff000-7fb206cfc000 rw-p 00000000 00:00 0 
7fb206cfc000-7fb206d00000 ---p 00000000 00:00 0 
7fb206d00000-7fb206dfd000 rw-p 00000000 00:00 0 
7fb206dfd000-7fb206e01000 ---p 00000000 00:00 0 
7fb206e01000-7fb206efe000 rw-p 00000000 00:00 0 
7fb206efe000-7fb206eff000 ---p 00000000 00:00 0 
7fb206eff000-7fb207539000 rw-p 00000000 00:00 0 
7fb207539000-7fb2078f9000 ---p 00000000 00:00 0 
7fb2078f9000-7fb208000000 rw-p 00000000 00:00 0 
7fb208000000-7fb208021000 rw-p 00000000 00:00 0 
7fb208021000-7fb20c000000 ---p 00000000 00:00 0 
7fb20c000000-7fb20c021000 rw-p 00000000 00:00 0 
7fb20c021000-7fb210000000 ---p 00000000 00:00 0 
7fb210000000-7fb210021000 rw-p 00000000 00:00 0 
7fb210021000-7fb214000000 ---p 00000000 00:00 0 
7fb214000000-7fb214021000 rw-p 00000000 00:00 0 
7fb214021000-7fb218000000 ---p 00000000 00:00 0 
7fb218000000-7fb218021000 rw-p 00000000 00:00 0 
7fb218021000-7fb21c000000 ---p 00000000 00:00 0 
7fb21c00b000-7fb21cd18000 rw-p 00000000 00:00 0 
7fb21cd18000-7fb21ed18000 rwxp 00000000 00:00 0 
7fb21ed18000-7fb21ed19000 ---p 00000000 00:00 0 
7fb21ed19000-7fb21fdca000 rw-p 00000000 00:00 0 
7fb21fdca000-7fb22e82a000 ---p 00000000 00:00 0 
7fb22e82a000-7fb22f7da000 rw-p 00000000 00:00 0 
7fb22f7da000-7fb23e23a000 ---p 00000000 00:00 0 
7fb23e23a000-7fb23e430000 rw-p 00000000 00:00 0 
7fb23e430000-7fb24017c000 ---p 00000000 00:00 0 
7fb24017c000-7fb240372000 rw-p 00000000 00:00 0 
7fb240372000-7fb244000000 ---p 00000000 00:00 0 
7fb244000000-7fb244021000 rw-p 00000000 00:00 0 
7fb244021000-7fb248000000 ---p 00000000 00:00 0 
7fb248000000-7fb248021000 rw-p 00000000 00:00 0 
7fb248021000-7fb24c000000 ---p 00000000 00:00 0 
7fb24c000000-7fb24c021000 rw-p 00000000 00:00 0 
7fb24c021000-7fb250000000 ---p 00000000 00:00 0 
7fb250000000-7fb250021000 rw-p 00000000 00:00 0 
7fb250021000-7fb254000000 ---p 00000000 00:00 0 
7fb254000000-7fb254021000 rw-p 00000000 00:00 0 
7fb254021000-7fb258000000 ---p 00000000 00:00 0 
7fb258000000-7fb258021000 rw-p 00000000 00:00 0 
7fb258021000-7fb25c000000 ---p 00000000 00:00 0 
7fb25c000000-7fb25c021000 rw-p 00000000 00:00 0 
7fb25c021000-7fb260000000 ---p 00000000 00:00 0 
7fb260000000-7fb260021000 rw-p 00000000 00:00 0 
7fb260021000-7fb264000000 ---p 00000000 00:00 0 
7fb264000000-7fb264021000 rw-p 00000000 00:00 0 
7fb264021000-7fb268000000 ---p 00000000 00:00 0 
7fb268000000-7fb268021000 rw-p 00000000 00:00 0 
7fb268021000-7fb26c000000 ---p 00000000 00:00 0 
7fb26c000000-7fb26c021000 rw-p 00000000 00:00 0 
7fb26c021000-7fb270000000 ---p 00000000 00:00 0 
7fb270000000-7fb270021000 rw-p 00000000 00:00 0 
7fb270021000-7fb274000000 ---p 00000000 00:00 0 
7fb274000000-7fb274021000 rw-p 00000000 00:00 0 
7fb274021000-7fb278000000 ---p 00000000 00:00 0 
7fb278000000-7fb278021000 rw-p 00000000 00:00 0 
7fb278021000-7fb27c000000 ---p 00000000 00:00 0 
7fb27c000000-7fb27c021000 rw-p 00000000 00:00 0 
7fb27c021000-7fb280000000 ---p 00000000 00:00 0 
7fb280000000-7fb280021000 rw-p 00000000 00:00 0 
7fb280021000-7fb284000000 ---p 00000000 00:00 0 
7fb284000000-7fb284021000 rw-p 00000000 00:00 0 
7fb284021000-7fb288000000 ---p 00000000 00:00 0 
7fb288000000-7fb288021000 rw-p 00000000 00:00 0 
7fb288021000-7fb28c000000 ---p 00000000 00:00 0 
7fb28c000000-7fb28c021000 rw-p 00000000 00:00 0 
7fb28c021000-7fb290000000 ---p 00000000 00:00 0 
7fb290000000-7fb290021000 rw-p 00000000 00:00 0 
7fb290021000-7fb294000000 ---p 00000000 00:00 0 
7fb294000000-7fb294021000 rw-p 00000000 00:00 0 
7fb294021000-7fb298000000 ---p 00000000 00:00 0 
7fb298000000-7fb298021000 rw-p 00000000 00:00 0 
7fb298021000-7fb29c000000 ---p 00000000 00:00 0 
7fb29c020000-7fb29c021000 ---p 00000000 00:00 0 
7fb29c021000-7fb29c122000 rw-p 00000000 00:00 0 
7fb29c122000-7fb29c123000 ---p 00000000 00:00 0 
7fb29c123000-7fb29c224000 rw-p 00000000 00:00 0 
7fb29c224000-7fb29c225000 ---p 00000000 00:00 0 
7fb29c225000-7fb29c326000 rw-p 00000000 00:00 0 
7fb29c326000-7fb29c327000 ---p 00000000 00:00 0 
7fb29c327000-7fb29c428000 rw-p 00000000 00:00 0 
7fb29c428000-7fb29c429000 ---p 00000000 00:00 0 
7fb29c429000-7fb29cc0b000 rw-p 00000000 00:00 0 
7fb29cc0b000-7fb29e957000 ---p 00000000 00:00 0 
7fb29e957000-7fb29e9d5000 rw-p 00000000 00:00 0 
7fb29e9d5000-7fb29e9d6000 ---p 00000000 00:00 0 
7fb29e9d6000-7fb29ead7000 rw-p 00000000 00:00 0 
7fb29ead7000-7fb29ead8000 ---p 00000000 00:00 0 
7fb29ead8000-7fb29ebd9000 rw-p 00000000 00:00 0 
7fb29ebd9000-7fb29ebda000 ---p 00000000 00:00 0 
7fb29ebda000-7fb29ecdb000 rw-p 00000000 00:00 0 
7fb29ecdb000-7fb29ecdc000 ---p 00000000 00:00 0 
7fb29ecdc000-7fb29eddd000 rw-p 00000000 00:00 0 
7fb29eddd000-7fb29edde000 ---p 00000000 00:00 0 
7fb29edde000-7fb29eedf000 rw-p 00000000 00:00 0 
7fb29eedf000-7fb29eee0000 ---p 00000000 00:00 0 
7fb29eee0000-7fb29efe1000 rw-p 00000000 00:00 0 
7fb29efe1000-7fb29efe2000 ---p 00000000 00:00 0 
7fb29efe2000-7fb29f0e3000 rw-p 00000000 00:00 0 
7fb29f0e3000-7fb29f0e4000 ---p 00000000 00:00 0 
7fb29f0e4000-7fb29f1e5000 rw-p 00000000 00:00 0 
7fb29f1e5000-7fb29f1e6000 ---p 00000000 00:00 0 
7fb29f1e6000-7fb29f2e7000 rw-p 00000000 00:00 0 
7fb29f2e7000-7fb29f2e8000 ---p 00000000 00:00 0 
7fb29f2e8000-7fb29f3e9000 rw-p 00000000 00:00 0 
7fb29f3e9000-7fb29f3ea000 ---p 00000000 00:00 0 
7fb29f3ea000-7fb29f4eb000 rw-p 00000000 00:00 0 
7fb29f4eb000-7fb29f4ec000 ---p 00000000 00:00 0 
7fb29f4ec000-7fb29f5ed000 rw-p 00000000 00:00 0 
7fb29f5ed000-7fb29f5ee000 ---p 00000000 00:00 0 
7fb29f5ee000-7fb29f6ef000 rw-p 00000000 00:00 0 
7fb29f6ef000-7fb29f6f0000 ---p 00000000 00:00 0 
7fb29f6f0000-7fb29f7f1000 rw-p 00000000 00:00 0 
7fb29f7f1000-7fb29f7f2000 ---p 00000000 00:00 0 
7fb29f7f2000-7fb29f8f3000 rw-p 00000000 00:00 0 
7fb29f8f3000-7fb29f8f4000 ---p 00000000 00:00 0 
7fb29f8f4000-7fb29f9f5000 rw-p 00000000 00:00 0 
7fb29f9f5000-7fb29f9f6000 ---p 00000000 00:00 0 
7fb29f9f6000-7fb29faf7000 rw-p 00000000 00:00 0 
7fb29faf7000-7fb29faf8000 ---p 00000000 00:00 0 
7fb29faf8000-7fb29fbf9000 rw-p 00000000 00:00 0 
7fb29fbf9000-7fb29fbfa000 ---p 00000000 00:00 0 
7fb29fbfa000-7fb29fcfb000 rw-p 00000000 00:00 0 
7fb29fcfb000-7fb29fcfc000 ---p 00000000 00:00 0 
7fb29fcfc000-7fb29fdfd000 rw-p 00000000 00:00 0 
7fb29fdfd000-7fb29fdfe000 ---p 00000000 00:00 0 
7fb29fdfe000-7fb2a0000000 rw-p 00000000 00:00 0 
7fb2a0000000-7fb2a0021000 rw-p 00000000 00:00 0 
7fb2a0021000-7fb2a4000000 ---p 00000000 00:00 0 
7fb2a4000000-7fb2a4021000 rw-p 00000000 00:00 0 
7fb2a4021000-7fb2a8000000 ---p 00000000 00:00 0 
7fb2a8000000-7fb2a8021000 rw-p 00000000 00:00 0 
7fb2a8021000-7fb2ac000000 ---p 00000000 00:00 0 
7fb2ac000000-7fb2ac021000 rw-p 00000000 00:00 0 
7fb2ac021000-7fb2b0000000 ---p 00000000 00:00 0 
7fb2b0000000-7fb2b0021000 rw-p 00000000 00:00 0 
7fb2b0021000-7fb2b4000000 ---p 00000000 00:00 0 
7fb2b4000000-7fb2b4021000 rw-p 00000000 00:00 0 
7fb2b4021000-7fb2b8000000 ---p 00000000 00:00 0 
7fb2b8000000-7fb2b8021000 rw-p 00000000 00:00 0 
7fb2b8021000-7fb2bc000000 ---p 00000000 00:00 0 
7fb2bc000000-7fb2bc021000 rw-p 00000000 00:00 0 
7fb2bc021000-7fb2c0000000 ---p 00000000 00:00 0 
7fb2c0000000-7fb2c0021000 rw-p 00000000 00:00 0 
7fb2c0021000-7fb2c4000000 ---p 00000000 00:00 0 
7fb2c4000000-7fb2c4021000 rw-p 00000000 00:00 0 
7fb2c4021000-7fb2c8000000 ---p 00000000 00:00 0 
7fb2c8000000-7fb2c8021000 rw-p 00000000 00:00 0 
7fb2c8021000-7fb2cc000000 ---p 00000000 00:00 0 
7fb2cc000000-7fb2cc021000 rw-p 00000000 00:00 0 
7fb2cc021000-7fb2d0000000 ---p 00000000 00:00 0 
7fb2d0000000-7fb2d0021000 rw-p 00000000 00:00 0 
7fb2d0021000-7fb2d4000000 ---p 00000000 00:00 0 
7fb2d4000000-7fb2d4021000 rw-p 00000000 00:00 0 
7fb2d4021000-7fb2d8000000 ---p 00000000 00:00 0 
7fb2d8000000-7fb2d8021000 rw-p 00000000 00:00 0 
7fb2d8021000-7fb2dc000000 ---p 00000000 00:00 0 
7fb2dc000000-7fb2dc021000 rw-p 00000000 00:00 0 
7fb2dc021000-7fb2e0000000 ---p 00000000 00:00 0 
7fb2e0000000-7fb2e0021000 rw-p 00000000 00:00 0 
7fb2e0021000-7fb2e4000000 ---p 00000000 00:00 0 
7fb2e4000000-7fb2e4021000 rw-p 00000000 00:00 0 
7fb2e4021000-7fb2e8000000 ---p 00000000 00:00 0 
7fb2e8000000-7fb2e8021000 rw-p 00000000 00:00 0 
7fb2e8021000-7fb2ec000000 ---p 00000000 00:00 0 
7fb2ec020000-7fb2ed333000 rw-p 00000000 00:00 0 
7fb2ed333000-7fb2ed334000 ---p 00000000 00:00 0 
7fb2ed334000-7fb2ed435000 rw-p 00000000 00:00 0 
7fb2ed435000-7fb2ed436000 ---p 00000000 00:00 0 
7fb2ed436000-7fb2ed537000 rw-p 00000000 00:00 0 
7fb2ed537000-7fb2ed538000 ---p 00000000 00:00 0 
7fb2ed538000-7fb2ed639000 rw-p 00000000 00:00 0 
7fb2ed639000-7fb2ed63a000 ---p 00000000 00:00 0 
7fb2ed63a000-7fb2ed73b000 rw-p 00000000 00:00 0 
7fb2ed73b000-7fb2ed73c000 ---p 00000000 00:00 0 
7fb2ed73c000-7fb2ed83d000 rw-p 00000000 00:00 0 
7fb2ed83d000-7fb2ed83e000 ---p 00000000 00:00 0 
7fb2ed83e000-7fb2ed93f000 rw-p 00000000 00:00 0 
7fb2ed93f000-7fb2ed940000 ---p 00000000 00:00 0 
7fb2ed940000-7fb2eda41000 rw-p 00000000 00:00 0 
7fb2eda41000-7fb2eda42000 ---p 00000000 00:00 0 
7fb2eda42000-7fb2edb43000 rw-p 00000000 00:00 0 
7fb2edb43000-7fb2ede23000 rwxp 00000000 00:00 0 
7fb2ede23000-7fb2ee281000 ---p 00000000 00:00 0 
7fb2ee281000-7fb2ee4f1000 rwxp 00000000 00:00 0 
7fb2ee4f1000-7fb2f56e2000 ---p 00000000 00:00 0 
7fb2f56e2000-7fb2f5952000 rwxp 00000000 00:00 0 
7fb2f5952000-7fb2fcb43000 ---p 00000000 00:00 0 
7fb2fcb43000-7fb308000000 r--s 00000000 00:65 77077560                   /root/oracle/jdk-9.0.4/lib/modules
7fb308000000-7fb308438000 rw-p 00000000 00:00 0 
7fb308438000-7fb30c000000 ---p 00000000 00:00 0 
7fb30c011000-7fb30c012000 ---p 00000000 00:00 0 
7fb30c012000-7fb30c113000 rw-p 00000000 00:00 0 
7fb30c113000-7fb30c114000 ---p 00000000 00:00 0 
7fb30c114000-7fb30c215000 rw-p 00000000 00:00 0 
7fb30c215000-7fb30c216000 ---p 00000000 00:00 0 
7fb30c216000-7fb30c317000 rw-p 00000000 00:00 0 
7fb30c317000-7fb30c318000 ---p 00000000 00:00 0 
7fb30c318000-7fb30c419000 rw-p 00000000 00:00 0 
7fb30c419000-7fb30c41a000 ---p 00000000 00:00 0 
7fb30c41a000-7fb30c51b000 rw-p 00000000 00:00 0 
7fb30c51b000-7fb30c51c000 ---p 00000000 00:00 0 
7fb30c51c000-7fb30c61d000 rw-p 00000000 00:00 0 
7fb30c61d000-7fb30c61e000 ---p 00000000 00:00 0 
7fb30c61e000-7fb30c71f000 rw-p 00000000 00:00 0 
7fb30c71f000-7fb30c720000 ---p 00000000 00:00 0 
7fb30c720000-7fb30c821000 rw-p 00000000 00:00 0 
7fb30c821000-7fb30c822000 ---p 00000000 00:00 0 
7fb30c822000-7fb30c923000 rw-p 00000000 00:00 0 
7fb30c923000-7fb30c924000 ---p 00000000 00:00 0 
7fb30c924000-7fb30ca25000 rw-p 00000000 00:00 0 
7fb30ca25000-7fb30ca26000 ---p 00000000 00:00 0 
7fb30ca26000-7fb30cb27000 rw-p 00000000 00:00 0 
7fb30cb27000-7fb30cb28000 ---p 00000000 00:00 0 
7fb30cb28000-7fb30cc2e000 rw-p 00000000 00:00 0 
7fb30cc2e000-7fb30cd12000 ---p 00000000 00:00 0 
7fb30cd12000-7fb30cd17000 rw-p 00000000 00:00 0 
7fb30cd17000-7fb30cdfb000 ---p 00000000 00:00 0 
7fb30cdfb000-7fb30ce01000 rw-p 00000000 00:00 0 
7fb30ce01000-7fb30ce0a000 ---p 00000000 00:00 0 
7fb30ce0a000-7fb30ce5a000 rw-p 00000000 00:00 0 
7fb30ce5a000-7fb30d037000 r--s 03e31000 00:65 101727669                  /usr/local/java/jdk1.8.0_301/jre/lib/rt.jar
7fb30d037000-7fb30d051000 r-xp 00000000 00:65 77077435                   /root/oracle/jdk-9.0.4/lib/libjimage.so
7fb30d051000-7fb30d250000 ---p 0001a000 00:65 77077435                   /root/oracle/jdk-9.0.4/lib/libjimage.so
7fb30d250000-7fb30d252000 rw-p 00019000 00:65 77077435                   /root/oracle/jdk-9.0.4/lib/libjimage.so
7fb30d252000-7fb30d264000 rw-p 00000000 00:00 0 
7fb30d264000-7fb30d26b000 r-xp 00000000 00:65 77083131                   /root/oracle/jdk-9.0.4/lib/libzip.so
7fb30d26b000-7fb30d46a000 ---p 00007000 00:65 77083131                   /root/oracle/jdk-9.0.4/lib/libzip.so
7fb30d46a000-7fb30d46b000 rw-p 00006000 00:65 77083131                   /root/oracle/jdk-9.0.4/lib/libzip.so
7fb30d46b000-7fb30d46e000 r--p 00000000 00:65 165034530                  /usr/lib/x86_64-linux-gnu/libnss_files-2.31.so
7fb30d46e000-7fb30d475000 r-xp 00003000 00:65 165034530                  /usr/lib/x86_64-linux-gnu/libnss_files-2.31.so
7fb30d475000-7fb30d477000 r--p 0000a000 00:65 165034530                  /usr/lib/x86_64-linux-gnu/libnss_files-2.31.so
7fb30d477000-7fb30d478000 r--p 0000b000 00:65 165034530                  /usr/lib/x86_64-linux-gnu/libnss_files-2.31.so
7fb30d478000-7fb30d479000 rw-p 0000c000 00:65 165034530                  /usr/lib/x86_64-linux-gnu/libnss_files-2.31.so
7fb30d479000-7fb30d47f000 rw-p 00000000 00:00 0 
7fb30d487000-7fb30d488000 rw-p 00000000 00:00 0 
7fb30d488000-7fb30d4b3000 r-xp 00000000 00:65 77077470                   /root/oracle/jdk-9.0.4/lib/libjava.so
7fb30d4b3000-7fb30d6b2000 ---p 0002b000 00:65 77077470                   /root/oracle/jdk-9.0.4/lib/libjava.so
7fb30d6b2000-7fb30d6b4000 rw-p 0002a000 00:65 77077470                   /root/oracle/jdk-9.0.4/lib/libjava.so
7fb30d6b4000-7fb30d6c1000 r-xp 00000000 00:65 77077494                   /root/oracle/jdk-9.0.4/lib/libverify.so
7fb30d6c1000-7fb30d8c0000 ---p 0000d000 00:65 77077494                   /root/oracle/jdk-9.0.4/lib/libverify.so
7fb30d8c0000-7fb30d8c2000 rw-p 0000c000 00:65 77077494                   /root/oracle/jdk-9.0.4/lib/libverify.so
7fb30d8c2000-7fb30d8c5000 r--p 00000000 00:65 165034636                  /usr/lib/x86_64-linux-gnu/librt-2.31.so
7fb30d8c5000-7fb30d8c9000 r-xp 00003000 00:65 165034636                  /usr/lib/x86_64-linux-gnu/librt-2.31.so
7fb30d8c9000-7fb30d8ca000 r--p 00007000 00:65 165034636                  /usr/lib/x86_64-linux-gnu/librt-2.31.so
7fb30d8ca000-7fb30d8cb000 ---p 00008000 00:65 165034636                  /usr/lib/x86_64-linux-gnu/librt-2.31.so
7fb30d8cb000-7fb30d8cc000 r--p 00008000 00:65 165034636                  /usr/lib/x86_64-linux-gnu/librt-2.31.so
7fb30d8cc000-7fb30d8cd000 rw-p 00009000 00:65 165034636                  /usr/lib/x86_64-linux-gnu/librt-2.31.so
7fb30d8cd000-7fb30d8ce000 ---p 00000000 00:00 0 
7fb30d8ce000-7fb30d8cf000 rw-p 00000000 00:00 0 
7fb30d8cf000-7fb30d8d3000 ---p 00000000 00:00 0 
7fb30d8d3000-7fb30d9ce000 rw-p 00000000 00:00 0 
7fb30d9ce000-7fb30d9dd000 r--p 00000000 00:65 165034468                  /usr/lib/x86_64-linux-gnu/libm-2.31.so
7fb30d9dd000-7fb30da84000 r-xp 0000f000 00:65 165034468                  /usr/lib/x86_64-linux-gnu/libm-2.31.so
7fb30da84000-7fb30db1b000 r--p 000b6000 00:65 165034468                  /usr/lib/x86_64-linux-gnu/libm-2.31.so
7fb30db1b000-7fb30db1c000 r--p 0014c000 00:65 165034468                  /usr/lib/x86_64-linux-gnu/libm-2.31.so
7fb30db1c000-7fb30db1d000 rw-p 0014d000 00:65 165034468                  /usr/lib/x86_64-linux-gnu/libm-2.31.so
7fb30db1d000-7fb30eb32000 r-xp 00000000 00:65 77083135                   /root/oracle/jdk-9.0.4/lib/server/libjvm.so
7fb30eb32000-7fb30ed31000 ---p 01015000 00:65 77083135                   /root/oracle/jdk-9.0.4/lib/server/libjvm.so
7fb30ed31000-7fb30ee02000 r--p 01014000 00:65 77083135                   /root/oracle/jdk-9.0.4/lib/server/libjvm.so
7fb30ee02000-7fb30ee39000 rw-p 010e5000 00:65 77083135                   /root/oracle/jdk-9.0.4/lib/server/libjvm.so
7fb30ee39000-7fb30eea4000 rw-p 00000000 00:00 0 
7fb30eea4000-7fb30eec9000 r--p 00000000 00:65 165034165                  /usr/lib/x86_64-linux-gnu/libc-2.31.so
7fb30eec9000-7fb30f041000 r-xp 00025000 00:65 165034165                  /usr/lib/x86_64-linux-gnu/libc-2.31.so
7fb30f041000-7fb30f08b000 r--p 0019d000 00:65 165034165                  /usr/lib/x86_64-linux-gnu/libc-2.31.so
7fb30f08b000-7fb30f08c000 ---p 001e7000 00:65 165034165                  /usr/lib/x86_64-linux-gnu/libc-2.31.so
7fb30f08c000-7fb30f08f000 r--p 001e7000 00:65 165034165                  /usr/lib/x86_64-linux-gnu/libc-2.31.so
7fb30f08f000-7fb30f092000 rw-p 001ea000 00:65 165034165                  /usr/lib/x86_64-linux-gnu/libc-2.31.so
7fb30f092000-7fb30f096000 rw-p 00000000 00:00 0 
7fb30f096000-7fb30f097000 r--p 00000000 00:65 165034236                  /usr/lib/x86_64-linux-gnu/libdl-2.31.so
7fb30f097000-7fb30f099000 r-xp 00001000 00:65 165034236                  /usr/lib/x86_64-linux-gnu/libdl-2.31.so
7fb30f099000-7fb30f09a000 r--p 00003000 00:65 165034236                  /usr/lib/x86_64-linux-gnu/libdl-2.31.so
7fb30f09a000-7fb30f09b000 r--p 00003000 00:65 165034236                  /usr/lib/x86_64-linux-gnu/libdl-2.31.so
7fb30f09b000-7fb30f09c000 rw-p 00004000 00:65 165034236                  /usr/lib/x86_64-linux-gnu/libdl-2.31.so
7fb30f09c000-7fb30f0aa000 r-xp 00000000 00:65 77083142                   /root/oracle/jdk-9.0.4/lib/jli/libjli.so
7fb30f0aa000-7fb30f2aa000 ---p 0000e000 00:65 77083142                   /root/oracle/jdk-9.0.4/lib/jli/libjli.so
7fb30f2aa000-7fb30f2ab000 rw-p 0000e000 00:65 77083142                   /root/oracle/jdk-9.0.4/lib/jli/libjli.so
7fb30f2ab000-7fb30f2b2000 r--p 00000000 00:65 165034610                  /usr/lib/x86_64-linux-gnu/libpthread-2.31.so
7fb30f2b2000-7fb30f2c3000 r-xp 00007000 00:65 165034610                  /usr/lib/x86_64-linux-gnu/libpthread-2.31.so
7fb30f2c3000-7fb30f2c8000 r--p 00018000 00:65 165034610                  /usr/lib/x86_64-linux-gnu/libpthread-2.31.so
7fb30f2c8000-7fb30f2c9000 r--p 0001c000 00:65 165034610                  /usr/lib/x86_64-linux-gnu/libpthread-2.31.so
7fb30f2c9000-7fb30f2ca000 rw-p 0001d000 00:65 165034610                  /usr/lib/x86_64-linux-gnu/libpthread-2.31.so
7fb30f2ca000-7fb30f2ce000 rw-p 00000000 00:00 0 
7fb30f2ce000-7fb30f2d0000 r--p 00000000 00:65 165034796                  /usr/lib/x86_64-linux-gnu/libz.so.1.2.11
7fb30f2d0000-7fb30f2e1000 r-xp 00002000 00:65 165034796                  /usr/lib/x86_64-linux-gnu/libz.so.1.2.11
7fb30f2e1000-7fb30f2e7000 r--p 00013000 00:65 165034796                  /usr/lib/x86_64-linux-gnu/libz.so.1.2.11
7fb30f2e7000-7fb30f2e8000 ---p 00019000 00:65 165034796                  /usr/lib/x86_64-linux-gnu/libz.so.1.2.11
7fb30f2e8000-7fb30f2e9000 r--p 00019000 00:65 165034796                  /usr/lib/x86_64-linux-gnu/libz.so.1.2.11
7fb30f2e9000-7fb30f2ea000 rw-p 0001a000 00:65 165034796                  /usr/lib/x86_64-linux-gnu/libz.so.1.2.11
7fb30f2ea000-7fb30f2f2000 rw-s 00000000 00:65 71965686                   /tmp/hsperfdata_root/11378
7fb30f2f2000-7fb30f2f5000 rw-p 00000000 00:00 0 
7fb30f2f5000-7fb30f2f6000 r--p 00000000 00:65 165033992                  /usr/lib/x86_64-linux-gnu/ld-2.31.so
7fb30f2f6000-7fb30f319000 r-xp 00001000 00:65 165033992                  /usr/lib/x86_64-linux-gnu/ld-2.31.so
7fb30f319000-7fb30f321000 r--p 00024000 00:65 165033992                  /usr/lib/x86_64-linux-gnu/ld-2.31.so
7fb30f321000-7fb30f322000 r--p 00000000 00:00 0 
7fb30f322000-7fb30f323000 r--p 0002c000 00:65 165033992                  /usr/lib/x86_64-linux-gnu/ld-2.31.so
7fb30f323000-7fb30f324000 rw-p 0002d000 00:65 165033992                  /usr/lib/x86_64-linux-gnu/ld-2.31.so
7fb30f324000-7fb30f325000 rw-p 00000000 00:00 0 
7fffe9491000-7fffe94b2000 rw-p 00000000 00:00 0                          [stack]
7fffe9530000-7fffe9533000 r--p 00000000 00:00 0                          [vvar]
7fffe9533000-7fffe9534000 r-xp 00000000 00:00 0                          [vdso]
ffffffffff600000-ffffffffff601000 --xp 00000000 00:00 0                  [vsyscall]

VM Arguments:
jvm_args: -Xbootclasspath/a:/usr/local/java/jdk1.8.0_301/jre/lib/rt.jar -Xverify:none 
java_command: org.eclipse.core.runtime.adaptor.EclipseStarter -debug
java_class_path (initial): ./sootOutput/eclipse/
Launcher Type: SUN_STANDARD

Logging:
Log output configuration:
#0: stdout all=warning uptime,level,tags
#1: stderr all=off uptime,level,tags

Environment Variables:
JAVA_HOME=/root/oracle/jdk-9.0.4
JRE_HOME=/root/oracle/jdk-9.0.4
CLASSPATH=.:/root/oracle/jdk-9.0.4/lib:/JVMfuzzing/htm/CFSynthesis/resource/commons-lang3-3.12.0/commons-lang3-3.12.0.jar
PATH=/root/oracle/jdk-9.0.4/bin:/root/.vscode-server/bin/da76f93349a72022ca4670c1b84860304616aaa2/bin/remote-cli:/root/oracle/jdk-9.0.4/bin:/usr/local/sbin:/usr/local/bin:/usr/sbin:/usr/bin:/sbin:/bin:/usr/games:/usr/local/games:/snap/bin
SHELL=/bin/bash

Signal Handlers:
SIGSEGV: [libjvm.so+0xd4d370], sa_mask[0]=11111111011111111101111111111110, sa_flags=SA_RESTART|SA_SIGINFO
SIGBUS: [libjvm.so+0xd4d370], sa_mask[0]=11111111011111111101111111111110, sa_flags=SA_RESTART|SA_SIGINFO
SIGFPE: [libjvm.so+0xd4d370], sa_mask[0]=11111111011111111101111111111110, sa_flags=SA_RESTART|SA_SIGINFO
SIGPIPE: [libjvm.so+0xb64780], sa_mask[0]=11111111011111111101111111111110, sa_flags=SA_RESTART|SA_SIGINFO
SIGXFSZ: [libjvm.so+0xb64780], sa_mask[0]=11111111011111111101111111111110, sa_flags=SA_RESTART|SA_SIGINFO
SIGILL: [libjvm.so+0xd4d370], sa_mask[0]=11111111011111111101111111111110, sa_flags=SA_RESTART|SA_SIGINFO
SIGUSR2: [libjvm.so+0xb64640], sa_mask[0]=00100000000000000000000000000000, sa_flags=SA_RESTART|SA_SIGINFO
SIGHUP: [libjvm.so+0xb64850], sa_mask[0]=11111111011111111101111111111110, sa_flags=SA_RESTART|SA_SIGINFO
SIGINT: [libjvm.so+0xb64850], sa_mask[0]=11111111011111111101111111111110, sa_flags=SA_RESTART|SA_SIGINFO
SIGTERM: [libjvm.so+0xb64850], sa_mask[0]=11111111011111111101111111111110, sa_flags=SA_RESTART|SA_SIGINFO
SIGQUIT: [libjvm.so+0xb64850], sa_mask[0]=11111111011111111101111111111110, sa_flags=SA_RESTART|SA_SIGINFO


---------------  S Y S T E M  ---------------

OS:DISTRIB_ID=Ubuntu
DISTRIB_RELEASE=20.04
DISTRIB_CODENAME=focal
DISTRIB_DESCRIPTION="Ubuntu 20.04.3 LTS"
uname:Linux 5.4.0-124-generic #140~18.04.1-Ubuntu SMP Fri Aug 5 11:43:34 UTC 2022 x86_64
libc:glibc 2.31 NPTL 2.31 
rlimit: STACK 8192k, CORE infinity, NPROC infinity, NOFILE 1048576, AS infinity
load average:39.44 39.79 38.87

/proc/meminfo:
MemTotal:       65549624 kB
MemFree:         8302864 kB
MemAvailable:   34967952 kB
Buffers:         5872180 kB
Cached:          3552496 kB
SwapCached:         8092 kB
Active:         31003632 kB
Inactive:        6329456 kB
Active(anon):   23911044 kB
Inactive(anon):  4018444 kB
Active(file):    7092588 kB
Inactive(file):  2311012 kB
Unevictable:          16 kB
Mlocked:              16 kB
SwapTotal:       2097148 kB
SwapFree:              0 kB
Dirty:             47328 kB
Writeback:             0 kB
AnonPages:      27901860 kB
Mapped:           851708 kB
Shmem:             25608 kB
KReclaimable:   17993412 kB
Slab:           19163556 kB
SReclaimable:   17993412 kB
SUnreclaim:      1170144 kB
KernelStack:       79752 kB
PageTables:       237480 kB
NFS_Unstable:          0 kB
Bounce:                0 kB
WritebackTmp:          0 kB
CommitLimit:    34871960 kB
Committed_AS:   84736268 kB
VmallocTotal:   34359738367 kB
VmallocUsed:      162720 kB
VmallocChunk:          0 kB
Percpu:            32512 kB
HardwareCorrupted:     0 kB
AnonHugePages:         0 kB
ShmemHugePages:        0 kB
ShmemPmdMapped:        0 kB
FileHugePages:         0 kB
FilePmdMapped:         0 kB
CmaTotal:              0 kB
CmaFree:               0 kB
HugePages_Total:       0
HugePages_Free:        0
HugePages_Rsvd:        0
HugePages_Surp:        0
Hugepagesize:       2048 kB
Hugetlb:               0 kB
DirectMap4k:    15497632 kB
DirectMap2M:    51298304 kB
DirectMap1G:           0 kB


CPU:total 28 (initial active 28) (14 cores per cpu, 2 threads per core) family 6 model 85 stepping 4, cmov, cx8, fxsr, mmx, sse, sse2, sse3, ssse3, sse4.1, sse4.2, popcnt, avx, avx2, aes, clmul, erms, rtm, 3dnowpref, lzcnt, ht, tsc, tscinvbit, bmi1, bmi2, adx, fma
CPU Model and flags from /proc/cpuinfo:
model name	: Intel(R) Core(TM) i9-9940X CPU @ 3.30GHz
flags		: fpu vme de pse tsc msr pae mce cx8 apic sep mtrr pge mca cmov pat pse36 clflush dts acpi mmx fxsr sse sse2 ss ht tm pbe syscall nx pdpe1gb rdtscp lm constant_tsc art arch_perfmon pebs bts rep_good nopl xtopology nonstop_tsc cpuid aperfmperf pni pclmulqdq dtes64 monitor ds_cpl vmx est tm2 ssse3 sdbg fma cx16 xtpr pdcm pcid dca sse4_1 sse4_2 x2apic movbe popcnt tsc_deadline_timer aes xsave avx f16c rdrand lahf_lm abm 3dnowprefetch cpuid_fault epb cat_l3 cdp_l3 invpcid_single pti ssbd mba ibrs ibpb stibp tpr_shadow vnmi flexpriority ept vpid ept_ad fsgsbase tsc_adjust bmi1 hle avx2 smep bmi2 erms invpcid rtm cqm mpx rdt_a avx512f avx512dq rdseed adx smap clflushopt clwb intel_pt avx512cd avx512bw avx512vl xsaveopt xsavec xgetbv1 xsaves cqm_llc cqm_occup_llc cqm_mbm_total cqm_mbm_local dtherm ida arat pln pts hwp hwp_act_window hwp_epp hwp_pkg_req md_clear flush_l1d arch_capabilities

Memory: 4k page, physical 65549624k(8302864k free), swap 2097148k(0k free)

vm_info: Java HotSpot(TM) 64-Bit Server VM (9.0.4+11) for linux-amd64 JRE (9.0.4+11), built on Dec 19 2017 18:12:19 by "mach5one" with gcc 4.9.2

END.
