#
# A fatal error has been detected by the Java Runtime Environment:
#
#  SIGSEGV (0xb) at pc=0x00007f760712bb2c, pid=28586, tid=28657
#
# JRE version: Java(TM) SE Runtime Environment (9.0+11) (build 9.0.4+11)
# Java VM: Java HotSpot(TM) 64-Bit Server VM (9.0.4+11, mixed mode, tiered, compressed oops, g1 gc, linux-amd64)
# Problematic frame:
# V  [libjvm.so+0x48eb2c]  Canonicalizer::do_If(If*)+0x1c
#
# Core dump will be written. Default location: Core dumps may be processed with "/usr/share/apport/apport -p%p -s%s -c%c -d%d -P%P -u%u -g%g -- %E" (or dumping to /JVMfuzzing/zjy/classming/Fuzzing-Testing-of-JVM-Implementations/core.28586)
#
# If you would like to submit a bug report, please visit:
#   http://bugreport.java.com/bugreport/crash.jsp
#

---------------  S U M M A R Y ------------

Command Line: -Xbootclasspath/a:/usr/local/java/jdk1.8.0_301/jre/lib/rt.jar -Xverify:none org.eclipse.core.runtime.adaptor.EclipseStarter -debug

Host: Intel(R) Core(TM) i9-9940X CPU @ 3.30GHz, 28 cores, 62G, Ubuntu 20.04.3 LTS
Time: Thu Nov  3 09:01:21 2022 UTC elapsed time: 0 seconds (0d 0h 0m 0s)

---------------  T H R E A D  ---------------

Current thread (0x00007f76002bc000):  JavaThread "C1 CompilerThread8" daemon [_thread_in_native, id=28657, stack(0x00007f74f73f4000,0x00007f74f74f5000)]


Current CompileTask:
C1:    647  268 %     3       org.eclipse.core.runtime.adaptor.EclipseStarter::main @ 515 (1463 bytes)

Stack: [0x00007f74f73f4000,0x00007f74f74f5000],  sp=0x00007f74f74f30c0,  free space=1020k
Native frames: (J=compiled Java code, A=aot compiled Java code, j=interpreted, Vv=VM code, C=native code)
V  [libjvm.so+0x48eb2c]  Canonicalizer::do_If(If*)+0x1c
V  [libjvm.so+0x4a0452]  GraphBuilder::append_with_bci(Instruction*, int)+0x42
V  [libjvm.so+0x4a3526]  GraphBuilder::if_node(Instruction*, Instruction::Condition, Instruction*, ValueStack*)+0x2a6
V  [libjvm.so+0x4b1873]  GraphBuilder::iterate_bytecodes_for_block(int)+0x1e83
V  [libjvm.so+0x4b1ad5]  GraphBuilder::iterate_all_blocks(bool)+0x85
V  [libjvm.so+0x4b1ec9]  GraphBuilder::GraphBuilder(Compilation*, IRScope*)+0x389
V  [libjvm.so+0x4b70a8]  IR::IR(Compilation*, ciMethod*, int)+0x1e8
V  [libjvm.so+0x497832]  Compilation::build_hir() [clone .part.93]+0x162
V  [libjvm.so+0x499633]  Compilation::compile_java_method()+0x3c3
V  [libjvm.so+0x4997af]  Compilation::compile_method()+0x12f
V  [libjvm.so+0x499c31]  Compilation::Compilation(AbstractCompiler*, ciEnv*, ciMethod*, int, BufferBlob*, DirectiveSet*)+0x271
V  [libjvm.so+0x49ac1e]  Compiler::compile_method(ciEnv*, ciMethod*, int, DirectiveSet*)+0xae
V  [libjvm.so+0x6125ac]  CompileBroker::invoke_compiler_on_method(CompileTask*)+0x41c
V  [libjvm.so+0x61344b]  CompileBroker::compiler_thread_loop()+0x28b
V  [libjvm.so+0xcef338]  JavaThread::thread_main_inner()+0xd8
V  [libjvm.so+0xb6e132]  thread_native_entry(Thread*)+0xf2
C  [libpthread.so.0+0x9609]  start_thread+0xd9


siginfo: si_signo: 11 (SIGSEGV), si_code: 1 (SEGV_MAPERR), si_addr: 0x0000000000000018

Register to memory mapping:

RAX=0x0000000000000000 is an unknown value
RBX=0x00007f74c401f540 is an unknown value
RCX=0x00007f74f74f3800 is pointing into the stack for thread: 0x00007f76002bc000
RDX=0x00007f74c401f540 is an unknown value
RSP=0x00007f74f74f30c0 is pointing into the stack for thread: 0x00007f76002bc000
RBP=0x00007f74f74f3130 is pointing into the stack for thread: 0x00007f76002bc000
RSI=0x00007f74c401f540 is an unknown value
RDI=0x00007f74f74f3160 is pointing into the stack for thread: 0x00007f76002bc000
R8 =0x00007f74c401f270 is an unknown value
R9 =0x0000000000000037 is an unknown value
R10=0x0000000000000004 is an unknown value
R11=0x0000000000000000 is an unknown value
R12=0x00007f74c401f5e0 is an unknown value
R13=0x00007f74f74f3460 is pointing into the stack for thread: 0x00007f76002bc000
R14=0x00007f74c401f540 is an unknown value
R15=0x00007f74c401f5e0 is an unknown value


Registers:
RAX=0x0000000000000000, RBX=0x00007f74c401f540, RCX=0x00007f74f74f3800, RDX=0x00007f74c401f540
RSP=0x00007f74f74f30c0, RBP=0x00007f74f74f3130, RSI=0x00007f74c401f540, RDI=0x00007f74f74f3160
R8 =0x00007f74c401f270, R9 =0x0000000000000037, R10=0x0000000000000004, R11=0x0000000000000000
R12=0x00007f74c401f5e0, R13=0x00007f74f74f3460, R14=0x00007f74c401f540, R15=0x00007f74c401f5e0
RIP=0x00007f760712bb2c, EFLAGS=0x0000000000010206, CSGSFS=0x002b000000000033, ERR=0x0000000000000004
  TRAPNO=0x000000000000000e

Top of Stack: (sp=0x00007f74f74f30c0)
0x00007f74f74f30c0:   00000001f74f3130 00007f74d003bb80
0x00007f74f74f30d0:   00007f74bc012f40 0000000000000000
0x00007f74f74f30e0:   00007f74f74f3110 00007f7607158598
0x00007f74f74f30f0:   00007f74d80622d0 00007f74f74f3160 

Instructions: (pc=0x00007f760712bb2c)
0x00007f760712bb0c:   ff 90 66 90 55 48 89 e5 41 57 41 56 41 55 41 54
0x00007f760712bb1c:   53 48 89 f3 48 83 ec 48 48 8b 46 70 48 89 7d c8
0x00007f760712bb2c:   48 8b 78 18 48 8b 07 ff 50 18 84 c0 0f 85 a2 00
0x00007f760712bb3c:   00 00 4c 8b 63 70 48 8b 83 80 00 00 00 49 39 c4 


---------------  P R O C E S S  ---------------

Java Threads: ( => current thread )
  0x00007f7600390800 JavaThread "Service Thread" daemon [_thread_blocked, id=28666, stack(0x00007f74f69c6000,0x00007f74f6ac7000)]
  0x00007f76002d2000 JavaThread "Common-Cleaner" daemon [_thread_blocked, id=28664, stack(0x00007f74f6ac7000,0x00007f74f6bc8000)]
  0x00007f76002c3000 JavaThread "Sweeper thread" daemon [_thread_blocked, id=28661, stack(0x00007f74f6ff0000,0x00007f74f70f1000)]
  0x00007f76002c1800 JavaThread "C1 CompilerThread11" daemon [_thread_blocked, id=28660, stack(0x00007f74f70f1000,0x00007f74f71f2000)]
  0x00007f76002bf800 JavaThread "C1 CompilerThread10" daemon [_thread_blocked, id=28659, stack(0x00007f74f71f2000,0x00007f74f72f3000)]
  0x00007f76002bd800 JavaThread "C1 CompilerThread9" daemon [_thread_blocked, id=28658, stack(0x00007f74f72f3000,0x00007f74f73f4000)]
=>0x00007f76002bc000 JavaThread "C1 CompilerThread8" daemon [_thread_in_native, id=28657, stack(0x00007f74f73f4000,0x00007f74f74f5000)]
  0x00007f76002ba000 JavaThread "C2 CompilerThread7" daemon [_thread_blocked, id=28656, stack(0x00007f74f74f5000,0x00007f74f75f6000)]
  0x00007f76002b8800 JavaThread "C2 CompilerThread6" daemon [_thread_blocked, id=28655, stack(0x00007f74f75f6000,0x00007f74f76f7000)]
  0x00007f76002b6800 JavaThread "C2 CompilerThread5" daemon [_thread_blocked, id=28652, stack(0x00007f74f76f7000,0x00007f74f77f8000)]
  0x00007f76002b5000 JavaThread "C2 CompilerThread4" daemon [_thread_blocked, id=28650, stack(0x00007f74f77f8000,0x00007f74f78f9000)]
  0x00007f76002b3000 JavaThread "C2 CompilerThread3" daemon [_thread_blocked, id=28649, stack(0x00007f74f78f9000,0x00007f74f79fa000)]
  0x00007f76002b1000 JavaThread "C2 CompilerThread2" daemon [_thread_blocked, id=28648, stack(0x00007f74f79fa000,0x00007f74f7afb000)]
  0x00007f76002af000 JavaThread "C2 CompilerThread1" daemon [_thread_blocked, id=28647, stack(0x00007f74f7afb000,0x00007f74f7bfc000)]
  0x00007f76002ad000 JavaThread "C2 CompilerThread0" daemon [_thread_blocked, id=28645, stack(0x00007f74f7bfc000,0x00007f74f7cfd000)]
  0x00007f76002ab000 JavaThread "Signal Dispatcher" daemon [_thread_blocked, id=28643, stack(0x00007f74f7cfd000,0x00007f74f7dfe000)]
  0x00007f7600291000 JavaThread "Finalizer" daemon [_thread_blocked, id=28641, stack(0x00007f74f7dfe000,0x00007f74f7eff000)]
  0x00007f7600288800 JavaThread "Reference Handler" daemon [_thread_blocked, id=28639, stack(0x00007f74f7eff000,0x00007f74f8000000)]
  0x00007f7600011800 JavaThread "main" [_thread_in_native, id=28588, stack(0x00007f7606a4f000,0x00007f7606b4e000)]

Other Threads:
  0x00007f7600281000 VMThread "VM Thread" [stack: 0x00007f7514045000,0x00007f7514145000] [id=28637]
  0x00007f7600393800 WatcherThread [stack: 0x00007f74f68c6000,0x00007f74f69c6000] [id=28667]
  0x00007f7600034000 GCTaskThread "GC Thread#0" [stack: 0x00007f7605ca9000,0x00007f7605da9000] [id=28589]
  0x00007f7600035800 GCTaskThread "GC Thread#1" [stack: 0x00007f7605ba7000,0x00007f7605ca7000] [id=28590]
  0x00007f7600037000 GCTaskThread "GC Thread#2" [stack: 0x00007f7605aa5000,0x00007f7605ba5000] [id=28591]
  0x00007f7600039000 GCTaskThread "GC Thread#3" [stack: 0x00007f76059a3000,0x00007f7605aa3000] [id=28592]
  0x00007f760003a800 GCTaskThread "GC Thread#4" [stack: 0x00007f76058a1000,0x00007f76059a1000] [id=28593]
  0x00007f760003c800 GCTaskThread "GC Thread#5" [stack: 0x00007f760579f000,0x00007f760589f000] [id=28594]
  0x00007f760003e000 GCTaskThread "GC Thread#6" [stack: 0x00007f760569d000,0x00007f760579d000] [id=28595]
  0x00007f760003f800 GCTaskThread "GC Thread#7" [stack: 0x00007f760559b000,0x00007f760569b000] [id=28596]
  0x00007f7600041800 GCTaskThread "GC Thread#8" [stack: 0x00007f7605499000,0x00007f7605599000] [id=28597]
  0x00007f7600043000 GCTaskThread "GC Thread#9" [stack: 0x00007f7605397000,0x00007f7605497000] [id=28598]
  0x00007f7600045000 GCTaskThread "GC Thread#10" [stack: 0x00007f7605295000,0x00007f7605395000] [id=28599]
  0x00007f7600046800 GCTaskThread "GC Thread#11" [stack: 0x00007f7605193000,0x00007f7605293000] [id=28600]
  0x00007f7600048800 GCTaskThread "GC Thread#12" [stack: 0x00007f7605091000,0x00007f7605191000] [id=28601]
  0x00007f760004a000 GCTaskThread "GC Thread#13" [stack: 0x00007f7604f8f000,0x00007f760508f000] [id=28602]
  0x00007f760004c000 GCTaskThread "GC Thread#14" [stack: 0x00007f7604e8d000,0x00007f7604f8d000] [id=28603]
  0x00007f760004d800 GCTaskThread "GC Thread#15" [stack: 0x00007f7604d8b000,0x00007f7604e8b000] [id=28604]
  0x00007f760004f800 GCTaskThread "GC Thread#16" [stack: 0x00007f7604c89000,0x00007f7604d89000] [id=28605]
  0x00007f7600051000 GCTaskThread "GC Thread#17" [stack: 0x00007f7604b87000,0x00007f7604c87000] [id=28606]
  0x00007f7600052800 GCTaskThread "GC Thread#18" [stack: 0x00007f7604a85000,0x00007f7604b85000] [id=28607]
  0x00007f7600054800 GCTaskThread "GC Thread#19" [stack: 0x00007f7604983000,0x00007f7604a83000] [id=28608]
  0x00007f760009f800 ConcurrentGCThread "G1 Main Marker" [stack: 0x00007f755554b000,0x00007f755564b000] [id=28630]
  0x00007f76000a1000 ConcurrentGCThread "G1 Marker#0" [stack: 0x00007f7555449000,0x00007f7555549000] [id=28631]
  0x00007f76000a3000 ConcurrentGCThread "G1 Marker#1" [stack: 0x00007f7555347000,0x00007f7555447000] [id=28632]
  0x00007f76000a4800 ConcurrentGCThread "G1 Marker#2" [stack: 0x00007f7555245000,0x00007f7555345000] [id=28633]
  0x00007f76000a6800 ConcurrentGCThread "G1 Marker#3" [stack: 0x00007f7555143000,0x00007f7555243000] [id=28634]
  0x00007f76000a8000 ConcurrentGCThread "G1 Marker#4" [stack: 0x00007f7555041000,0x00007f7555141000] [id=28635]
  0x00007f7600079000 ConcurrentGCThread "G1 Refine#0" [stack: 0x00007f7557bfa000,0x00007f7557cfa000] [id=28628]
  0x00007f7600077000 ConcurrentGCThread "G1 Refine#1" [stack: 0x00007f7557cfc000,0x00007f7557dfc000] [id=28627]
  0x00007f7600075000 ConcurrentGCThread "G1 Refine#2" [stack: 0x00007f7557dfe000,0x00007f7557efe000] [id=28626]
  0x00007f7600073800 ConcurrentGCThread "G1 Refine#3" [stack: 0x00007f7557f00000,0x00007f7558000000] [id=28625]
  0x00007f7600071800 ConcurrentGCThread "G1 Refine#4" [stack: 0x00007f75e401a000,0x00007f75e411a000] [id=28624]
  0x00007f7600070000 ConcurrentGCThread "G1 Refine#5" [stack: 0x00007f75e411c000,0x00007f75e421c000] [id=28623]
  0x00007f760006e000 ConcurrentGCThread "G1 Refine#6" [stack: 0x00007f75e421e000,0x00007f75e431e000] [id=28622]
  0x00007f760006c800 ConcurrentGCThread "G1 Refine#7" [stack: 0x00007f75e4320000,0x00007f75e4420000] [id=28621]
  0x00007f760006a800 ConcurrentGCThread "G1 Refine#8" [stack: 0x00007f75e4422000,0x00007f75e4522000] [id=28620]
  0x00007f7600069000 ConcurrentGCThread "G1 Refine#9" [stack: 0x00007f75e4524000,0x00007f75e4624000] [id=28619]
  0x00007f7600067000 ConcurrentGCThread "G1 Refine#10" [stack: 0x00007f75e4626000,0x00007f75e4726000] [id=28618]
  0x00007f7600065000 ConcurrentGCThread "G1 Refine#11" [stack: 0x00007f75e4728000,0x00007f75e4828000] [id=28617]
  0x00007f7600063800 ConcurrentGCThread "G1 Refine#12" [stack: 0x00007f75e482a000,0x00007f75e492a000] [id=28616]
  0x00007f7600061800 ConcurrentGCThread "G1 Refine#13" [stack: 0x00007f75e492c000,0x00007f75e4a2c000] [id=28615]
  0x00007f7600060000 ConcurrentGCThread "G1 Refine#14" [stack: 0x00007f75e4a2e000,0x00007f75e4b2e000] [id=28614]
  0x00007f760005e000 ConcurrentGCThread "G1 Refine#15" [stack: 0x00007f75e4b30000,0x00007f75e4c30000] [id=28613]
  0x00007f760005c800 ConcurrentGCThread "G1 Refine#16" [stack: 0x00007f75e4c32000,0x00007f75e4d32000] [id=28612]
  0x00007f760005a800 ConcurrentGCThread "G1 Refine#17" [stack: 0x00007f75e4d34000,0x00007f75e4e34000] [id=28611]
  0x00007f7600059000 ConcurrentGCThread "G1 Refine#18" [stack: 0x00007f75e4e36000,0x00007f75e4f36000] [id=28610]
  0x00007f7600057000 ConcurrentGCThread "G1 Refine#19" [stack: 0x00007f75e4f38000,0x00007f75e5038000] [id=28609]
  0x00007f760007a800 ConcurrentGCThread "G1 Young RemSet Sampling" [stack: 0x00007f7557af8000,0x00007f7557bf8000] [id=28629]

Threads with active compile tasks:
C1 CompilerThread8 268 %     3       org.eclipse.core.runtime.adaptor.EclipseStarter::main @ 515 (1463 bytes)

VM state:not at safepoint (normal execution)

VM Mutex/Monitor currently owned by a thread: None

Heap address: 0x00000003d7c00000, size: 16004 MB, Compressed Oops mode: Zero based, Oop shift amount: 3
Narrow klass base: 0x0000000000000000, Narrow klass shift: 3
Compressed class space size: 1073741824 Address: 0x00000007c0000000

Heap:
 garbage-first heap   total 1028096K, used 8192K [0x00000003d7c00000, 0x00000003d80007d8, 0x00000007c0000000)
  region size 4096K, 3 young (12288K), 0 survivors (0K)
 Metaspace       used 4297K, capacity 4616K, committed 4864K, reserved 1056768K
  class space    used 356K, capacity 388K, committed 512K, reserved 1048576K
Heap Regions: E=young(eden), S=young(survivor), O=old, HS=humongous(starts), HC=humongous(continues), CS=collection set, F=free, A=archive, TS=gc time stamp, AC=allocation context, TAMS=top-at-mark-start (previous, next)
|   0|0x00000003d7c00000, 0x00000003d7c00000, 0x00000003d8000000|  0%| F|  |TS  0|AC  0|TAMS 0x00000003d7c00000, 0x00000003d7c00000|
|   1|0x00000003d8000000, 0x00000003d8000000, 0x00000003d8400000|  0%| F|  |TS  0|AC  0|TAMS 0x00000003d8000000, 0x00000003d8000000|
|   2|0x00000003d8400000, 0x00000003d8400000, 0x00000003d8800000|  0%| F|  |TS  0|AC  0|TAMS 0x00000003d8400000, 0x00000003d8400000|
|   3|0x00000003d8800000, 0x00000003d8800000, 0x00000003d8c00000|  0%| F|  |TS  0|AC  0|TAMS 0x00000003d8800000, 0x00000003d8800000|
|   4|0x00000003d8c00000, 0x00000003d8c00000, 0x00000003d9000000|  0%| F|  |TS  0|AC  0|TAMS 0x00000003d8c00000, 0x00000003d8c00000|
|   5|0x00000003d9000000, 0x00000003d9000000, 0x00000003d9400000|  0%| F|  |TS  0|AC  0|TAMS 0x00000003d9000000, 0x00000003d9000000|
|   6|0x00000003d9400000, 0x00000003d9400000, 0x00000003d9800000|  0%| F|  |TS  0|AC  0|TAMS 0x00000003d9400000, 0x00000003d9400000|
|   7|0x00000003d9800000, 0x00000003d9800000, 0x00000003d9c00000|  0%| F|  |TS  0|AC  0|TAMS 0x00000003d9800000, 0x00000003d9800000|
|   8|0x00000003d9c00000, 0x00000003d9c00000, 0x00000003da000000|  0%| F|  |TS  0|AC  0|TAMS 0x00000003d9c00000, 0x00000003d9c00000|
|   9|0x00000003da000000, 0x00000003da000000, 0x00000003da400000|  0%| F|  |TS  0|AC  0|TAMS 0x00000003da000000, 0x00000003da000000|
|  10|0x00000003da400000, 0x00000003da400000, 0x00000003da800000|  0%| F|  |TS  0|AC  0|TAMS 0x00000003da400000, 0x00000003da400000|
|  11|0x00000003da800000, 0x00000003da800000, 0x00000003dac00000|  0%| F|  |TS  0|AC  0|TAMS 0x00000003da800000, 0x00000003da800000|
|  12|0x00000003dac00000, 0x00000003dac00000, 0x00000003db000000|  0%| F|  |TS  0|AC  0|TAMS 0x00000003dac00000, 0x00000003dac00000|
|  13|0x00000003db000000, 0x00000003db000000, 0x00000003db400000|  0%| F|  |TS  0|AC  0|TAMS 0x00000003db000000, 0x00000003db000000|
|  14|0x00000003db400000, 0x00000003db400000, 0x00000003db800000|  0%| F|  |TS  0|AC  0|TAMS 0x00000003db400000, 0x00000003db400000|
|  15|0x00000003db800000, 0x00000003db800000, 0x00000003dbc00000|  0%| F|  |TS  0|AC  0|TAMS 0x00000003db800000, 0x00000003db800000|
|  16|0x00000003dbc00000, 0x00000003dbc00000, 0x00000003dc000000|  0%| F|  |TS  0|AC  0|TAMS 0x00000003dbc00000, 0x00000003dbc00000|
|  17|0x00000003dc000000, 0x00000003dc000000, 0x00000003dc400000|  0%| F|  |TS  0|AC  0|TAMS 0x00000003dc000000, 0x00000003dc000000|
|  18|0x00000003dc400000, 0x00000003dc400000, 0x00000003dc800000|  0%| F|  |TS  0|AC  0|TAMS 0x00000003dc400000, 0x00000003dc400000|
|  19|0x00000003dc800000, 0x00000003dc800000, 0x00000003dcc00000|  0%| F|  |TS  0|AC  0|TAMS 0x00000003dc800000, 0x00000003dc800000|
|  20|0x00000003dcc00000, 0x00000003dcc00000, 0x00000003dd000000|  0%| F|  |TS  0|AC  0|TAMS 0x00000003dcc00000, 0x00000003dcc00000|
|  21|0x00000003dd000000, 0x00000003dd000000, 0x00000003dd400000|  0%| F|  |TS  0|AC  0|TAMS 0x00000003dd000000, 0x00000003dd000000|
|  22|0x00000003dd400000, 0x00000003dd400000, 0x00000003dd800000|  0%| F|  |TS  0|AC  0|TAMS 0x00000003dd400000, 0x00000003dd400000|
|  23|0x00000003dd800000, 0x00000003dd800000, 0x00000003ddc00000|  0%| F|  |TS  0|AC  0|TAMS 0x00000003dd800000, 0x00000003dd800000|
|  24|0x00000003ddc00000, 0x00000003ddc00000, 0x00000003de000000|  0%| F|  |TS  0|AC  0|TAMS 0x00000003ddc00000, 0x00000003ddc00000|
|  25|0x00000003de000000, 0x00000003de000000, 0x00000003de400000|  0%| F|  |TS  0|AC  0|TAMS 0x00000003de000000, 0x00000003de000000|
|  26|0x00000003de400000, 0x00000003de400000, 0x00000003de800000|  0%| F|  |TS  0|AC  0|TAMS 0x00000003de400000, 0x00000003de400000|
|  27|0x00000003de800000, 0x00000003de800000, 0x00000003dec00000|  0%| F|  |TS  0|AC  0|TAMS 0x00000003de800000, 0x00000003de800000|
|  28|0x00000003dec00000, 0x00000003dec00000, 0x00000003df000000|  0%| F|  |TS  0|AC  0|TAMS 0x00000003dec00000, 0x00000003dec00000|
|  29|0x00000003df000000, 0x00000003df000000, 0x00000003df400000|  0%| F|  |TS  0|AC  0|TAMS 0x00000003df000000, 0x00000003df000000|
|  30|0x00000003df400000, 0x00000003df400000, 0x00000003df800000|  0%| F|  |TS  0|AC  0|TAMS 0x00000003df400000, 0x00000003df400000|
|  31|0x00000003df800000, 0x00000003df800000, 0x00000003dfc00000|  0%| F|  |TS  0|AC  0|TAMS 0x00000003df800000, 0x00000003df800000|
|  32|0x00000003dfc00000, 0x00000003dfc00000, 0x00000003e0000000|  0%| F|  |TS  0|AC  0|TAMS 0x00000003dfc00000, 0x00000003dfc00000|
|  33|0x00000003e0000000, 0x00000003e0000000, 0x00000003e0400000|  0%| F|  |TS  0|AC  0|TAMS 0x00000003e0000000, 0x00000003e0000000|
|  34|0x00000003e0400000, 0x00000003e0400000, 0x00000003e0800000|  0%| F|  |TS  0|AC  0|TAMS 0x00000003e0400000, 0x00000003e0400000|
|  35|0x00000003e0800000, 0x00000003e0800000, 0x00000003e0c00000|  0%| F|  |TS  0|AC  0|TAMS 0x00000003e0800000, 0x00000003e0800000|
|  36|0x00000003e0c00000, 0x00000003e0c00000, 0x00000003e1000000|  0%| F|  |TS  0|AC  0|TAMS 0x00000003e0c00000, 0x00000003e0c00000|
|  37|0x00000003e1000000, 0x00000003e1000000, 0x00000003e1400000|  0%| F|  |TS  0|AC  0|TAMS 0x00000003e1000000, 0x00000003e1000000|
|  38|0x00000003e1400000, 0x00000003e1400000, 0x00000003e1800000|  0%| F|  |TS  0|AC  0|TAMS 0x00000003e1400000, 0x00000003e1400000|
|  39|0x00000003e1800000, 0x00000003e1800000, 0x00000003e1c00000|  0%| F|  |TS  0|AC  0|TAMS 0x00000003e1800000, 0x00000003e1800000|
|  40|0x00000003e1c00000, 0x00000003e1c00000, 0x00000003e2000000|  0%| F|  |TS  0|AC  0|TAMS 0x00000003e1c00000, 0x00000003e1c00000|
|  41|0x00000003e2000000, 0x00000003e2000000, 0x00000003e2400000|  0%| F|  |TS  0|AC  0|TAMS 0x00000003e2000000, 0x00000003e2000000|
|  42|0x00000003e2400000, 0x00000003e2400000, 0x00000003e2800000|  0%| F|  |TS  0|AC  0|TAMS 0x00000003e2400000, 0x00000003e2400000|
|  43|0x00000003e2800000, 0x00000003e2800000, 0x00000003e2c00000|  0%| F|  |TS  0|AC  0|TAMS 0x00000003e2800000, 0x00000003e2800000|
|  44|0x00000003e2c00000, 0x00000003e2c00000, 0x00000003e3000000|  0%| F|  |TS  0|AC  0|TAMS 0x00000003e2c00000, 0x00000003e2c00000|
|  45|0x00000003e3000000, 0x00000003e3000000, 0x00000003e3400000|  0%| F|  |TS  0|AC  0|TAMS 0x00000003e3000000, 0x00000003e3000000|
|  46|0x00000003e3400000, 0x00000003e3400000, 0x00000003e3800000|  0%| F|  |TS  0|AC  0|TAMS 0x00000003e3400000, 0x00000003e3400000|
|  47|0x00000003e3800000, 0x00000003e3800000, 0x00000003e3c00000|  0%| F|  |TS  0|AC  0|TAMS 0x00000003e3800000, 0x00000003e3800000|
|  48|0x00000003e3c00000, 0x00000003e3c00000, 0x00000003e4000000|  0%| F|  |TS  0|AC  0|TAMS 0x00000003e3c00000, 0x00000003e3c00000|
|  49|0x00000003e4000000, 0x00000003e4000000, 0x00000003e4400000|  0%| F|  |TS  0|AC  0|TAMS 0x00000003e4000000, 0x00000003e4000000|
|  50|0x00000003e4400000, 0x00000003e4400000, 0x00000003e4800000|  0%| F|  |TS  0|AC  0|TAMS 0x00000003e4400000, 0x00000003e4400000|
|  51|0x00000003e4800000, 0x00000003e4800000, 0x00000003e4c00000|  0%| F|  |TS  0|AC  0|TAMS 0x00000003e4800000, 0x00000003e4800000|
|  52|0x00000003e4c00000, 0x00000003e4c00000, 0x00000003e5000000|  0%| F|  |TS  0|AC  0|TAMS 0x00000003e4c00000, 0x00000003e4c00000|
|  53|0x00000003e5000000, 0x00000003e5000000, 0x00000003e5400000|  0%| F|  |TS  0|AC  0|TAMS 0x00000003e5000000, 0x00000003e5000000|
|  54|0x00000003e5400000, 0x00000003e5400000, 0x00000003e5800000|  0%| F|  |TS  0|AC  0|TAMS 0x00000003e5400000, 0x00000003e5400000|
|  55|0x00000003e5800000, 0x00000003e5800000, 0x00000003e5c00000|  0%| F|  |TS  0|AC  0|TAMS 0x00000003e5800000, 0x00000003e5800000|
|  56|0x00000003e5c00000, 0x00000003e5c00000, 0x00000003e6000000|  0%| F|  |TS  0|AC  0|TAMS 0x00000003e5c00000, 0x00000003e5c00000|
|  57|0x00000003e6000000, 0x00000003e6000000, 0x00000003e6400000|  0%| F|  |TS  0|AC  0|TAMS 0x00000003e6000000, 0x00000003e6000000|
|  58|0x00000003e6400000, 0x00000003e6400000, 0x00000003e6800000|  0%| F|  |TS  0|AC  0|TAMS 0x00000003e6400000, 0x00000003e6400000|
|  59|0x00000003e6800000, 0x00000003e6800000, 0x00000003e6c00000|  0%| F|  |TS  0|AC  0|TAMS 0x00000003e6800000, 0x00000003e6800000|
|  60|0x00000003e6c00000, 0x00000003e6c00000, 0x00000003e7000000|  0%| F|  |TS  0|AC  0|TAMS 0x00000003e6c00000, 0x00000003e6c00000|
|  61|0x00000003e7000000, 0x00000003e7000000, 0x00000003e7400000|  0%| F|  |TS  0|AC  0|TAMS 0x00000003e7000000, 0x00000003e7000000|
|  62|0x00000003e7400000, 0x00000003e7400000, 0x00000003e7800000|  0%| F|  |TS  0|AC  0|TAMS 0x00000003e7400000, 0x00000003e7400000|
|  63|0x00000003e7800000, 0x00000003e7800000, 0x00000003e7c00000|  0%| F|  |TS  0|AC  0|TAMS 0x00000003e7800000, 0x00000003e7800000|
|  64|0x00000003e7c00000, 0x00000003e7c00000, 0x00000003e8000000|  0%| F|  |TS  0|AC  0|TAMS 0x00000003e7c00000, 0x00000003e7c00000|
|  65|0x00000003e8000000, 0x00000003e8000000, 0x00000003e8400000|  0%| F|  |TS  0|AC  0|TAMS 0x00000003e8000000, 0x00000003e8000000|
|  66|0x00000003e8400000, 0x00000003e8400000, 0x00000003e8800000|  0%| F|  |TS  0|AC  0|TAMS 0x00000003e8400000, 0x00000003e8400000|
|  67|0x00000003e8800000, 0x00000003e8800000, 0x00000003e8c00000|  0%| F|  |TS  0|AC  0|TAMS 0x00000003e8800000, 0x00000003e8800000|
|  68|0x00000003e8c00000, 0x00000003e8c00000, 0x00000003e9000000|  0%| F|  |TS  0|AC  0|TAMS 0x00000003e8c00000, 0x00000003e8c00000|
|  69|0x00000003e9000000, 0x00000003e9000000, 0x00000003e9400000|  0%| F|  |TS  0|AC  0|TAMS 0x00000003e9000000, 0x00000003e9000000|
|  70|0x00000003e9400000, 0x00000003e9400000, 0x00000003e9800000|  0%| F|  |TS  0|AC  0|TAMS 0x00000003e9400000, 0x00000003e9400000|
|  71|0x00000003e9800000, 0x00000003e9800000, 0x00000003e9c00000|  0%| F|  |TS  0|AC  0|TAMS 0x00000003e9800000, 0x00000003e9800000|
|  72|0x00000003e9c00000, 0x00000003e9c00000, 0x00000003ea000000|  0%| F|  |TS  0|AC  0|TAMS 0x00000003e9c00000, 0x00000003e9c00000|
|  73|0x00000003ea000000, 0x00000003ea000000, 0x00000003ea400000|  0%| F|  |TS  0|AC  0|TAMS 0x00000003ea000000, 0x00000003ea000000|
|  74|0x00000003ea400000, 0x00000003ea400000, 0x00000003ea800000|  0%| F|  |TS  0|AC  0|TAMS 0x00000003ea400000, 0x00000003ea400000|
|  75|0x00000003ea800000, 0x00000003ea800000, 0x00000003eac00000|  0%| F|  |TS  0|AC  0|TAMS 0x00000003ea800000, 0x00000003ea800000|
|  76|0x00000003eac00000, 0x00000003eac00000, 0x00000003eb000000|  0%| F|  |TS  0|AC  0|TAMS 0x00000003eac00000, 0x00000003eac00000|
|  77|0x00000003eb000000, 0x00000003eb000000, 0x00000003eb400000|  0%| F|  |TS  0|AC  0|TAMS 0x00000003eb000000, 0x00000003eb000000|
|  78|0x00000003eb400000, 0x00000003eb400000, 0x00000003eb800000|  0%| F|  |TS  0|AC  0|TAMS 0x00000003eb400000, 0x00000003eb400000|
|  79|0x00000003eb800000, 0x00000003eb800000, 0x00000003ebc00000|  0%| F|  |TS  0|AC  0|TAMS 0x00000003eb800000, 0x00000003eb800000|
|  80|0x00000003ebc00000, 0x00000003ebc00000, 0x00000003ec000000|  0%| F|  |TS  0|AC  0|TAMS 0x00000003ebc00000, 0x00000003ebc00000|
|  81|0x00000003ec000000, 0x00000003ec000000, 0x00000003ec400000|  0%| F|  |TS  0|AC  0|TAMS 0x00000003ec000000, 0x00000003ec000000|
|  82|0x00000003ec400000, 0x00000003ec400000, 0x00000003ec800000|  0%| F|  |TS  0|AC  0|TAMS 0x00000003ec400000, 0x00000003ec400000|
|  83|0x00000003ec800000, 0x00000003ec800000, 0x00000003ecc00000|  0%| F|  |TS  0|AC  0|TAMS 0x00000003ec800000, 0x00000003ec800000|
|  84|0x00000003ecc00000, 0x00000003ecc00000, 0x00000003ed000000|  0%| F|  |TS  0|AC  0|TAMS 0x00000003ecc00000, 0x00000003ecc00000|
|  85|0x00000003ed000000, 0x00000003ed000000, 0x00000003ed400000|  0%| F|  |TS  0|AC  0|TAMS 0x00000003ed000000, 0x00000003ed000000|
|  86|0x00000003ed400000, 0x00000003ed400000, 0x00000003ed800000|  0%| F|  |TS  0|AC  0|TAMS 0x00000003ed400000, 0x00000003ed400000|
|  87|0x00000003ed800000, 0x00000003ed800000, 0x00000003edc00000|  0%| F|  |TS  0|AC  0|TAMS 0x00000003ed800000, 0x00000003ed800000|
|  88|0x00000003edc00000, 0x00000003edc00000, 0x00000003ee000000|  0%| F|  |TS  0|AC  0|TAMS 0x00000003edc00000, 0x00000003edc00000|
|  89|0x00000003ee000000, 0x00000003ee000000, 0x00000003ee400000|  0%| F|  |TS  0|AC  0|TAMS 0x00000003ee000000, 0x00000003ee000000|
|  90|0x00000003ee400000, 0x00000003ee400000, 0x00000003ee800000|  0%| F|  |TS  0|AC  0|TAMS 0x00000003ee400000, 0x00000003ee400000|
|  91|0x00000003ee800000, 0x00000003ee800000, 0x00000003eec00000|  0%| F|  |TS  0|AC  0|TAMS 0x00000003ee800000, 0x00000003ee800000|
|  92|0x00000003eec00000, 0x00000003eec00000, 0x00000003ef000000|  0%| F|  |TS  0|AC  0|TAMS 0x00000003eec00000, 0x00000003eec00000|
|  93|0x00000003ef000000, 0x00000003ef000000, 0x00000003ef400000|  0%| F|  |TS  0|AC  0|TAMS 0x00000003ef000000, 0x00000003ef000000|
|  94|0x00000003ef400000, 0x00000003ef400000, 0x00000003ef800000|  0%| F|  |TS  0|AC  0|TAMS 0x00000003ef400000, 0x00000003ef400000|
|  95|0x00000003ef800000, 0x00000003ef800000, 0x00000003efc00000|  0%| F|  |TS  0|AC  0|TAMS 0x00000003ef800000, 0x00000003ef800000|
|  96|0x00000003efc00000, 0x00000003efc00000, 0x00000003f0000000|  0%| F|  |TS  0|AC  0|TAMS 0x00000003efc00000, 0x00000003efc00000|
|  97|0x00000003f0000000, 0x00000003f0000000, 0x00000003f0400000|  0%| F|  |TS  0|AC  0|TAMS 0x00000003f0000000, 0x00000003f0000000|
|  98|0x00000003f0400000, 0x00000003f0400000, 0x00000003f0800000|  0%| F|  |TS  0|AC  0|TAMS 0x00000003f0400000, 0x00000003f0400000|
|  99|0x00000003f0800000, 0x00000003f0800000, 0x00000003f0c00000|  0%| F|  |TS  0|AC  0|TAMS 0x00000003f0800000, 0x00000003f0800000|
| 100|0x00000003f0c00000, 0x00000003f0c00000, 0x00000003f1000000|  0%| F|  |TS  0|AC  0|TAMS 0x00000003f0c00000, 0x00000003f0c00000|
| 101|0x00000003f1000000, 0x00000003f1000000, 0x00000003f1400000|  0%| F|  |TS  0|AC  0|TAMS 0x00000003f1000000, 0x00000003f1000000|
| 102|0x00000003f1400000, 0x00000003f1400000, 0x00000003f1800000|  0%| F|  |TS  0|AC  0|TAMS 0x00000003f1400000, 0x00000003f1400000|
| 103|0x00000003f1800000, 0x00000003f1800000, 0x00000003f1c00000|  0%| F|  |TS  0|AC  0|TAMS 0x00000003f1800000, 0x00000003f1800000|
| 104|0x00000003f1c00000, 0x00000003f1c00000, 0x00000003f2000000|  0%| F|  |TS  0|AC  0|TAMS 0x00000003f1c00000, 0x00000003f1c00000|
| 105|0x00000003f2000000, 0x00000003f2000000, 0x00000003f2400000|  0%| F|  |TS  0|AC  0|TAMS 0x00000003f2000000, 0x00000003f2000000|
| 106|0x00000003f2400000, 0x00000003f2400000, 0x00000003f2800000|  0%| F|  |TS  0|AC  0|TAMS 0x00000003f2400000, 0x00000003f2400000|
| 107|0x00000003f2800000, 0x00000003f2800000, 0x00000003f2c00000|  0%| F|  |TS  0|AC  0|TAMS 0x00000003f2800000, 0x00000003f2800000|
| 108|0x00000003f2c00000, 0x00000003f2c00000, 0x00000003f3000000|  0%| F|  |TS  0|AC  0|TAMS 0x00000003f2c00000, 0x00000003f2c00000|
| 109|0x00000003f3000000, 0x00000003f3000000, 0x00000003f3400000|  0%| F|  |TS  0|AC  0|TAMS 0x00000003f3000000, 0x00000003f3000000|
| 110|0x00000003f3400000, 0x00000003f3400000, 0x00000003f3800000|  0%| F|  |TS  0|AC  0|TAMS 0x00000003f3400000, 0x00000003f3400000|
| 111|0x00000003f3800000, 0x00000003f3800000, 0x00000003f3c00000|  0%| F|  |TS  0|AC  0|TAMS 0x00000003f3800000, 0x00000003f3800000|
| 112|0x00000003f3c00000, 0x00000003f3c00000, 0x00000003f4000000|  0%| F|  |TS  0|AC  0|TAMS 0x00000003f3c00000, 0x00000003f3c00000|
| 113|0x00000003f4000000, 0x00000003f4000000, 0x00000003f4400000|  0%| F|  |TS  0|AC  0|TAMS 0x00000003f4000000, 0x00000003f4000000|
| 114|0x00000003f4400000, 0x00000003f4400000, 0x00000003f4800000|  0%| F|  |TS  0|AC  0|TAMS 0x00000003f4400000, 0x00000003f4400000|
| 115|0x00000003f4800000, 0x00000003f4800000, 0x00000003f4c00000|  0%| F|  |TS  0|AC  0|TAMS 0x00000003f4800000, 0x00000003f4800000|
| 116|0x00000003f4c00000, 0x00000003f4c00000, 0x00000003f5000000|  0%| F|  |TS  0|AC  0|TAMS 0x00000003f4c00000, 0x00000003f4c00000|
| 117|0x00000003f5000000, 0x00000003f5000000, 0x00000003f5400000|  0%| F|  |TS  0|AC  0|TAMS 0x00000003f5000000, 0x00000003f5000000|
| 118|0x00000003f5400000, 0x00000003f5400000, 0x00000003f5800000|  0%| F|  |TS  0|AC  0|TAMS 0x00000003f5400000, 0x00000003f5400000|
| 119|0x00000003f5800000, 0x00000003f5800000, 0x00000003f5c00000|  0%| F|  |TS  0|AC  0|TAMS 0x00000003f5800000, 0x00000003f5800000|
| 120|0x00000003f5c00000, 0x00000003f5c00000, 0x00000003f6000000|  0%| F|  |TS  0|AC  0|TAMS 0x00000003f5c00000, 0x00000003f5c00000|
| 121|0x00000003f6000000, 0x00000003f6000000, 0x00000003f6400000|  0%| F|  |TS  0|AC  0|TAMS 0x00000003f6000000, 0x00000003f6000000|
| 122|0x00000003f6400000, 0x00000003f6400000, 0x00000003f6800000|  0%| F|  |TS  0|AC  0|TAMS 0x00000003f6400000, 0x00000003f6400000|
| 123|0x00000003f6800000, 0x00000003f6800000, 0x00000003f6c00000|  0%| F|  |TS  0|AC  0|TAMS 0x00000003f6800000, 0x00000003f6800000|
| 124|0x00000003f6c00000, 0x00000003f6c00000, 0x00000003f7000000|  0%| F|  |TS  0|AC  0|TAMS 0x00000003f6c00000, 0x00000003f6c00000|
| 125|0x00000003f7000000, 0x00000003f7000000, 0x00000003f7400000|  0%| F|  |TS  0|AC  0|TAMS 0x00000003f7000000, 0x00000003f7000000|
| 126|0x00000003f7400000, 0x00000003f7400000, 0x00000003f7800000|  0%| F|  |TS  0|AC  0|TAMS 0x00000003f7400000, 0x00000003f7400000|
| 127|0x00000003f7800000, 0x00000003f7800000, 0x00000003f7c00000|  0%| F|  |TS  0|AC  0|TAMS 0x00000003f7800000, 0x00000003f7800000|
| 128|0x00000003f7c00000, 0x00000003f7c00000, 0x00000003f8000000|  0%| F|  |TS  0|AC  0|TAMS 0x00000003f7c00000, 0x00000003f7c00000|
| 129|0x00000003f8000000, 0x00000003f8000000, 0x00000003f8400000|  0%| F|  |TS  0|AC  0|TAMS 0x00000003f8000000, 0x00000003f8000000|
| 130|0x00000003f8400000, 0x00000003f8400000, 0x00000003f8800000|  0%| F|  |TS  0|AC  0|TAMS 0x00000003f8400000, 0x00000003f8400000|
| 131|0x00000003f8800000, 0x00000003f8800000, 0x00000003f8c00000|  0%| F|  |TS  0|AC  0|TAMS 0x00000003f8800000, 0x00000003f8800000|
| 132|0x00000003f8c00000, 0x00000003f8c00000, 0x00000003f9000000|  0%| F|  |TS  0|AC  0|TAMS 0x00000003f8c00000, 0x00000003f8c00000|
| 133|0x00000003f9000000, 0x00000003f9000000, 0x00000003f9400000|  0%| F|  |TS  0|AC  0|TAMS 0x00000003f9000000, 0x00000003f9000000|
| 134|0x00000003f9400000, 0x00000003f9400000, 0x00000003f9800000|  0%| F|  |TS  0|AC  0|TAMS 0x00000003f9400000, 0x00000003f9400000|
| 135|0x00000003f9800000, 0x00000003f9800000, 0x00000003f9c00000|  0%| F|  |TS  0|AC  0|TAMS 0x00000003f9800000, 0x00000003f9800000|
| 136|0x00000003f9c00000, 0x00000003f9c00000, 0x00000003fa000000|  0%| F|  |TS  0|AC  0|TAMS 0x00000003f9c00000, 0x00000003f9c00000|
| 137|0x00000003fa000000, 0x00000003fa000000, 0x00000003fa400000|  0%| F|  |TS  0|AC  0|TAMS 0x00000003fa000000, 0x00000003fa000000|
| 138|0x00000003fa400000, 0x00000003fa400000, 0x00000003fa800000|  0%| F|  |TS  0|AC  0|TAMS 0x00000003fa400000, 0x00000003fa400000|
| 139|0x00000003fa800000, 0x00000003fa800000, 0x00000003fac00000|  0%| F|  |TS  0|AC  0|TAMS 0x00000003fa800000, 0x00000003fa800000|
| 140|0x00000003fac00000, 0x00000003fac00000, 0x00000003fb000000|  0%| F|  |TS  0|AC  0|TAMS 0x00000003fac00000, 0x00000003fac00000|
| 141|0x00000003fb000000, 0x00000003fb000000, 0x00000003fb400000|  0%| F|  |TS  0|AC  0|TAMS 0x00000003fb000000, 0x00000003fb000000|
| 142|0x00000003fb400000, 0x00000003fb400000, 0x00000003fb800000|  0%| F|  |TS  0|AC  0|TAMS 0x00000003fb400000, 0x00000003fb400000|
| 143|0x00000003fb800000, 0x00000003fb800000, 0x00000003fbc00000|  0%| F|  |TS  0|AC  0|TAMS 0x00000003fb800000, 0x00000003fb800000|
| 144|0x00000003fbc00000, 0x00000003fbc00000, 0x00000003fc000000|  0%| F|  |TS  0|AC  0|TAMS 0x00000003fbc00000, 0x00000003fbc00000|
| 145|0x00000003fc000000, 0x00000003fc000000, 0x00000003fc400000|  0%| F|  |TS  0|AC  0|TAMS 0x00000003fc000000, 0x00000003fc000000|
| 146|0x00000003fc400000, 0x00000003fc400000, 0x00000003fc800000|  0%| F|  |TS  0|AC  0|TAMS 0x00000003fc400000, 0x00000003fc400000|
| 147|0x00000003fc800000, 0x00000003fc800000, 0x00000003fcc00000|  0%| F|  |TS  0|AC  0|TAMS 0x00000003fc800000, 0x00000003fc800000|
| 148|0x00000003fcc00000, 0x00000003fcc00000, 0x00000003fd000000|  0%| F|  |TS  0|AC  0|TAMS 0x00000003fcc00000, 0x00000003fcc00000|
| 149|0x00000003fd000000, 0x00000003fd000000, 0x00000003fd400000|  0%| F|  |TS  0|AC  0|TAMS 0x00000003fd000000, 0x00000003fd000000|
| 150|0x00000003fd400000, 0x00000003fd400000, 0x00000003fd800000|  0%| F|  |TS  0|AC  0|TAMS 0x00000003fd400000, 0x00000003fd400000|
| 151|0x00000003fd800000, 0x00000003fd800000, 0x00000003fdc00000|  0%| F|  |TS  0|AC  0|TAMS 0x00000003fd800000, 0x00000003fd800000|
| 152|0x00000003fdc00000, 0x00000003fdc00000, 0x00000003fe000000|  0%| F|  |TS  0|AC  0|TAMS 0x00000003fdc00000, 0x00000003fdc00000|
| 153|0x00000003fe000000, 0x00000003fe000000, 0x00000003fe400000|  0%| F|  |TS  0|AC  0|TAMS 0x00000003fe000000, 0x00000003fe000000|
| 154|0x00000003fe400000, 0x00000003fe400000, 0x00000003fe800000|  0%| F|  |TS  0|AC  0|TAMS 0x00000003fe400000, 0x00000003fe400000|
| 155|0x00000003fe800000, 0x00000003fe800000, 0x00000003fec00000|  0%| F|  |TS  0|AC  0|TAMS 0x00000003fe800000, 0x00000003fe800000|
| 156|0x00000003fec00000, 0x00000003fec00000, 0x00000003ff000000|  0%| F|  |TS  0|AC  0|TAMS 0x00000003fec00000, 0x00000003fec00000|
| 157|0x00000003ff000000, 0x00000003ff000000, 0x00000003ff400000|  0%| F|  |TS  0|AC  0|TAMS 0x00000003ff000000, 0x00000003ff000000|
| 158|0x00000003ff400000, 0x00000003ff400000, 0x00000003ff800000|  0%| F|  |TS  0|AC  0|TAMS 0x00000003ff400000, 0x00000003ff400000|
| 159|0x00000003ff800000, 0x00000003ff800000, 0x00000003ffc00000|  0%| F|  |TS  0|AC  0|TAMS 0x00000003ff800000, 0x00000003ff800000|
| 160|0x00000003ffc00000, 0x00000003ffc00000, 0x0000000400000000|  0%| F|  |TS  0|AC  0|TAMS 0x00000003ffc00000, 0x00000003ffc00000|
| 161|0x0000000400000000, 0x0000000400000000, 0x0000000400400000|  0%| F|  |TS  0|AC  0|TAMS 0x0000000400000000, 0x0000000400000000|
| 162|0x0000000400400000, 0x0000000400400000, 0x0000000400800000|  0%| F|  |TS  0|AC  0|TAMS 0x0000000400400000, 0x0000000400400000|
| 163|0x0000000400800000, 0x0000000400800000, 0x0000000400c00000|  0%| F|  |TS  0|AC  0|TAMS 0x0000000400800000, 0x0000000400800000|
| 164|0x0000000400c00000, 0x0000000400c00000, 0x0000000401000000|  0%| F|  |TS  0|AC  0|TAMS 0x0000000400c00000, 0x0000000400c00000|
| 165|0x0000000401000000, 0x0000000401000000, 0x0000000401400000|  0%| F|  |TS  0|AC  0|TAMS 0x0000000401000000, 0x0000000401000000|
| 166|0x0000000401400000, 0x0000000401400000, 0x0000000401800000|  0%| F|  |TS  0|AC  0|TAMS 0x0000000401400000, 0x0000000401400000|
| 167|0x0000000401800000, 0x0000000401800000, 0x0000000401c00000|  0%| F|  |TS  0|AC  0|TAMS 0x0000000401800000, 0x0000000401800000|
| 168|0x0000000401c00000, 0x0000000401c00000, 0x0000000402000000|  0%| F|  |TS  0|AC  0|TAMS 0x0000000401c00000, 0x0000000401c00000|
| 169|0x0000000402000000, 0x0000000402000000, 0x0000000402400000|  0%| F|  |TS  0|AC  0|TAMS 0x0000000402000000, 0x0000000402000000|
| 170|0x0000000402400000, 0x0000000402400000, 0x0000000402800000|  0%| F|  |TS  0|AC  0|TAMS 0x0000000402400000, 0x0000000402400000|
| 171|0x0000000402800000, 0x0000000402800000, 0x0000000402c00000|  0%| F|  |TS  0|AC  0|TAMS 0x0000000402800000, 0x0000000402800000|
| 172|0x0000000402c00000, 0x0000000402c00000, 0x0000000403000000|  0%| F|  |TS  0|AC  0|TAMS 0x0000000402c00000, 0x0000000402c00000|
| 173|0x0000000403000000, 0x0000000403000000, 0x0000000403400000|  0%| F|  |TS  0|AC  0|TAMS 0x0000000403000000, 0x0000000403000000|
| 174|0x0000000403400000, 0x0000000403400000, 0x0000000403800000|  0%| F|  |TS  0|AC  0|TAMS 0x0000000403400000, 0x0000000403400000|
| 175|0x0000000403800000, 0x0000000403800000, 0x0000000403c00000|  0%| F|  |TS  0|AC  0|TAMS 0x0000000403800000, 0x0000000403800000|
| 176|0x0000000403c00000, 0x0000000403c00000, 0x0000000404000000|  0%| F|  |TS  0|AC  0|TAMS 0x0000000403c00000, 0x0000000403c00000|
| 177|0x0000000404000000, 0x0000000404000000, 0x0000000404400000|  0%| F|  |TS  0|AC  0|TAMS 0x0000000404000000, 0x0000000404000000|
| 178|0x0000000404400000, 0x0000000404400000, 0x0000000404800000|  0%| F|  |TS  0|AC  0|TAMS 0x0000000404400000, 0x0000000404400000|
| 179|0x0000000404800000, 0x0000000404800000, 0x0000000404c00000|  0%| F|  |TS  0|AC  0|TAMS 0x0000000404800000, 0x0000000404800000|
| 180|0x0000000404c00000, 0x0000000404c00000, 0x0000000405000000|  0%| F|  |TS  0|AC  0|TAMS 0x0000000404c00000, 0x0000000404c00000|
| 181|0x0000000405000000, 0x0000000405000000, 0x0000000405400000|  0%| F|  |TS  0|AC  0|TAMS 0x0000000405000000, 0x0000000405000000|
| 182|0x0000000405400000, 0x0000000405400000, 0x0000000405800000|  0%| F|  |TS  0|AC  0|TAMS 0x0000000405400000, 0x0000000405400000|
| 183|0x0000000405800000, 0x0000000405800000, 0x0000000405c00000|  0%| F|  |TS  0|AC  0|TAMS 0x0000000405800000, 0x0000000405800000|
| 184|0x0000000405c00000, 0x0000000405c00000, 0x0000000406000000|  0%| F|  |TS  0|AC  0|TAMS 0x0000000405c00000, 0x0000000405c00000|
| 185|0x0000000406000000, 0x0000000406000000, 0x0000000406400000|  0%| F|  |TS  0|AC  0|TAMS 0x0000000406000000, 0x0000000406000000|
| 186|0x0000000406400000, 0x0000000406400000, 0x0000000406800000|  0%| F|  |TS  0|AC  0|TAMS 0x0000000406400000, 0x0000000406400000|
| 187|0x0000000406800000, 0x0000000406800000, 0x0000000406c00000|  0%| F|  |TS  0|AC  0|TAMS 0x0000000406800000, 0x0000000406800000|
| 188|0x0000000406c00000, 0x0000000406c00000, 0x0000000407000000|  0%| F|  |TS  0|AC  0|TAMS 0x0000000406c00000, 0x0000000406c00000|
| 189|0x0000000407000000, 0x0000000407000000, 0x0000000407400000|  0%| F|  |TS  0|AC  0|TAMS 0x0000000407000000, 0x0000000407000000|
| 190|0x0000000407400000, 0x0000000407400000, 0x0000000407800000|  0%| F|  |TS  0|AC  0|TAMS 0x0000000407400000, 0x0000000407400000|
| 191|0x0000000407800000, 0x0000000407800000, 0x0000000407c00000|  0%| F|  |TS  0|AC  0|TAMS 0x0000000407800000, 0x0000000407800000|
| 192|0x0000000407c00000, 0x0000000407c00000, 0x0000000408000000|  0%| F|  |TS  0|AC  0|TAMS 0x0000000407c00000, 0x0000000407c00000|
| 193|0x0000000408000000, 0x0000000408000000, 0x0000000408400000|  0%| F|  |TS  0|AC  0|TAMS 0x0000000408000000, 0x0000000408000000|
| 194|0x0000000408400000, 0x0000000408400000, 0x0000000408800000|  0%| F|  |TS  0|AC  0|TAMS 0x0000000408400000, 0x0000000408400000|
| 195|0x0000000408800000, 0x0000000408800000, 0x0000000408c00000|  0%| F|  |TS  0|AC  0|TAMS 0x0000000408800000, 0x0000000408800000|
| 196|0x0000000408c00000, 0x0000000408c00000, 0x0000000409000000|  0%| F|  |TS  0|AC  0|TAMS 0x0000000408c00000, 0x0000000408c00000|
| 197|0x0000000409000000, 0x0000000409000000, 0x0000000409400000|  0%| F|  |TS  0|AC  0|TAMS 0x0000000409000000, 0x0000000409000000|
| 198|0x0000000409400000, 0x0000000409400000, 0x0000000409800000|  0%| F|  |TS  0|AC  0|TAMS 0x0000000409400000, 0x0000000409400000|
| 199|0x0000000409800000, 0x0000000409800000, 0x0000000409c00000|  0%| F|  |TS  0|AC  0|TAMS 0x0000000409800000, 0x0000000409800000|
| 200|0x0000000409c00000, 0x0000000409c00000, 0x000000040a000000|  0%| F|  |TS  0|AC  0|TAMS 0x0000000409c00000, 0x0000000409c00000|
| 201|0x000000040a000000, 0x000000040a000000, 0x000000040a400000|  0%| F|  |TS  0|AC  0|TAMS 0x000000040a000000, 0x000000040a000000|
| 202|0x000000040a400000, 0x000000040a400000, 0x000000040a800000|  0%| F|  |TS  0|AC  0|TAMS 0x000000040a400000, 0x000000040a400000|
| 203|0x000000040a800000, 0x000000040a800000, 0x000000040ac00000|  0%| F|  |TS  0|AC  0|TAMS 0x000000040a800000, 0x000000040a800000|
| 204|0x000000040ac00000, 0x000000040ac00000, 0x000000040b000000|  0%| F|  |TS  0|AC  0|TAMS 0x000000040ac00000, 0x000000040ac00000|
| 205|0x000000040b000000, 0x000000040b000000, 0x000000040b400000|  0%| F|  |TS  0|AC  0|TAMS 0x000000040b000000, 0x000000040b000000|
| 206|0x000000040b400000, 0x000000040b400000, 0x000000040b800000|  0%| F|  |TS  0|AC  0|TAMS 0x000000040b400000, 0x000000040b400000|
| 207|0x000000040b800000, 0x000000040b800000, 0x000000040bc00000|  0%| F|  |TS  0|AC  0|TAMS 0x000000040b800000, 0x000000040b800000|
| 208|0x000000040bc00000, 0x000000040bc00000, 0x000000040c000000|  0%| F|  |TS  0|AC  0|TAMS 0x000000040bc00000, 0x000000040bc00000|
| 209|0x000000040c000000, 0x000000040c000000, 0x000000040c400000|  0%| F|  |TS  0|AC  0|TAMS 0x000000040c000000, 0x000000040c000000|
| 210|0x000000040c400000, 0x000000040c400000, 0x000000040c800000|  0%| F|  |TS  0|AC  0|TAMS 0x000000040c400000, 0x000000040c400000|
| 211|0x000000040c800000, 0x000000040c800000, 0x000000040cc00000|  0%| F|  |TS  0|AC  0|TAMS 0x000000040c800000, 0x000000040c800000|
| 212|0x000000040cc00000, 0x000000040cc00000, 0x000000040d000000|  0%| F|  |TS  0|AC  0|TAMS 0x000000040cc00000, 0x000000040cc00000|
| 213|0x000000040d000000, 0x000000040d000000, 0x000000040d400000|  0%| F|  |TS  0|AC  0|TAMS 0x000000040d000000, 0x000000040d000000|
| 214|0x000000040d400000, 0x000000040d400000, 0x000000040d800000|  0%| F|  |TS  0|AC  0|TAMS 0x000000040d400000, 0x000000040d400000|
| 215|0x000000040d800000, 0x000000040d800000, 0x000000040dc00000|  0%| F|  |TS  0|AC  0|TAMS 0x000000040d800000, 0x000000040d800000|
| 216|0x000000040dc00000, 0x000000040dc00000, 0x000000040e000000|  0%| F|  |TS  0|AC  0|TAMS 0x000000040dc00000, 0x000000040dc00000|
| 217|0x000000040e000000, 0x000000040e000000, 0x000000040e400000|  0%| F|  |TS  0|AC  0|TAMS 0x000000040e000000, 0x000000040e000000|
| 218|0x000000040e400000, 0x000000040e400000, 0x000000040e800000|  0%| F|  |TS  0|AC  0|TAMS 0x000000040e400000, 0x000000040e400000|
| 219|0x000000040e800000, 0x000000040e800000, 0x000000040ec00000|  0%| F|  |TS  0|AC  0|TAMS 0x000000040e800000, 0x000000040e800000|
| 220|0x000000040ec00000, 0x000000040ec00000, 0x000000040f000000|  0%| F|  |TS  0|AC  0|TAMS 0x000000040ec00000, 0x000000040ec00000|
| 221|0x000000040f000000, 0x000000040f000000, 0x000000040f400000|  0%| F|  |TS  0|AC  0|TAMS 0x000000040f000000, 0x000000040f000000|
| 222|0x000000040f400000, 0x000000040f400000, 0x000000040f800000|  0%| F|  |TS  0|AC  0|TAMS 0x000000040f400000, 0x000000040f400000|
| 223|0x000000040f800000, 0x000000040f800000, 0x000000040fc00000|  0%| F|  |TS  0|AC  0|TAMS 0x000000040f800000, 0x000000040f800000|
| 224|0x000000040fc00000, 0x000000040fc00000, 0x0000000410000000|  0%| F|  |TS  0|AC  0|TAMS 0x000000040fc00000, 0x000000040fc00000|
| 225|0x0000000410000000, 0x0000000410000000, 0x0000000410400000|  0%| F|  |TS  0|AC  0|TAMS 0x0000000410000000, 0x0000000410000000|
| 226|0x0000000410400000, 0x0000000410400000, 0x0000000410800000|  0%| F|  |TS  0|AC  0|TAMS 0x0000000410400000, 0x0000000410400000|
| 227|0x0000000410800000, 0x0000000410800000, 0x0000000410c00000|  0%| F|  |TS  0|AC  0|TAMS 0x0000000410800000, 0x0000000410800000|
| 228|0x0000000410c00000, 0x0000000410c00000, 0x0000000411000000|  0%| F|  |TS  0|AC  0|TAMS 0x0000000410c00000, 0x0000000410c00000|
| 229|0x0000000411000000, 0x0000000411000000, 0x0000000411400000|  0%| F|  |TS  0|AC  0|TAMS 0x0000000411000000, 0x0000000411000000|
| 230|0x0000000411400000, 0x0000000411400000, 0x0000000411800000|  0%| F|  |TS  0|AC  0|TAMS 0x0000000411400000, 0x0000000411400000|
| 231|0x0000000411800000, 0x0000000411800000, 0x0000000411c00000|  0%| F|  |TS  0|AC  0|TAMS 0x0000000411800000, 0x0000000411800000|
| 232|0x0000000411c00000, 0x0000000411c00000, 0x0000000412000000|  0%| F|  |TS  0|AC  0|TAMS 0x0000000411c00000, 0x0000000411c00000|
| 233|0x0000000412000000, 0x0000000412000000, 0x0000000412400000|  0%| F|  |TS  0|AC  0|TAMS 0x0000000412000000, 0x0000000412000000|
| 234|0x0000000412400000, 0x0000000412400000, 0x0000000412800000|  0%| F|  |TS  0|AC  0|TAMS 0x0000000412400000, 0x0000000412400000|
| 235|0x0000000412800000, 0x0000000412800000, 0x0000000412c00000|  0%| F|  |TS  0|AC  0|TAMS 0x0000000412800000, 0x0000000412800000|
| 236|0x0000000412c00000, 0x0000000412c00000, 0x0000000413000000|  0%| F|  |TS  0|AC  0|TAMS 0x0000000412c00000, 0x0000000412c00000|
| 237|0x0000000413000000, 0x0000000413000000, 0x0000000413400000|  0%| F|  |TS  0|AC  0|TAMS 0x0000000413000000, 0x0000000413000000|
| 238|0x0000000413400000, 0x0000000413400000, 0x0000000413800000|  0%| F|  |TS  0|AC  0|TAMS 0x0000000413400000, 0x0000000413400000|
| 239|0x0000000413800000, 0x0000000413800000, 0x0000000413c00000|  0%| F|  |TS  0|AC  0|TAMS 0x0000000413800000, 0x0000000413800000|
| 240|0x0000000413c00000, 0x0000000413c00000, 0x0000000414000000|  0%| F|  |TS  0|AC  0|TAMS 0x0000000413c00000, 0x0000000413c00000|
| 241|0x0000000414000000, 0x0000000414000000, 0x0000000414400000|  0%| F|  |TS  0|AC  0|TAMS 0x0000000414000000, 0x0000000414000000|
| 242|0x0000000414400000, 0x0000000414400000, 0x0000000414800000|  0%| F|  |TS  0|AC  0|TAMS 0x0000000414400000, 0x0000000414400000|
| 243|0x0000000414800000, 0x0000000414800000, 0x0000000414c00000|  0%| F|  |TS  0|AC  0|TAMS 0x0000000414800000, 0x0000000414800000|
| 244|0x0000000414c00000, 0x0000000414c00000, 0x0000000415000000|  0%| F|  |TS  0|AC  0|TAMS 0x0000000414c00000, 0x0000000414c00000|
| 245|0x0000000415000000, 0x0000000415000000, 0x0000000415400000|  0%| F|  |TS  0|AC  0|TAMS 0x0000000415000000, 0x0000000415000000|
| 246|0x0000000415400000, 0x0000000415400000, 0x0000000415800000|  0%| F|  |TS  0|AC  0|TAMS 0x0000000415400000, 0x0000000415400000|
| 247|0x0000000415800000, 0x0000000415800000, 0x0000000415c00000|  0%| F|  |TS  0|AC  0|TAMS 0x0000000415800000, 0x0000000415800000|
| 248|0x0000000415c00000, 0x0000000415fd7960, 0x0000000416000000| 96%| E|  |TS  0|AC  0|TAMS 0x0000000415c00000, 0x0000000415c00000|
| 249|0x0000000416000000, 0x0000000416400000, 0x0000000416400000|100%| E|CS|TS  0|AC  0|TAMS 0x0000000416000000, 0x0000000416000000|
| 250|0x0000000416400000, 0x0000000416800000, 0x0000000416800000|100%| E|CS|TS  0|AC  0|TAMS 0x0000000416400000, 0x0000000416400000|

Card table byte_map: [0x00007f753817c000,0x00007f753a0be000] byte_map_base: 0x00007f75362be000

Marking Bits (Prev, Next): (CMBitMap*) 0x00007f760009e820, (CMBitMap*) 0x00007f760009e858
 Prev Bits: [0x00007f752682a000, 0x00007f753623a000)
 Next Bits: [0x00007f7516e1a000, 0x00007f752682a000)

Polling page: 0x00007f76084a1000

CodeHeap 'non-profiled nmethods': size=119172Kb used=146Kb max_used=146Kb free=119025Kb
 bounds [0x00007f75ed6e2000, 0x00007f75ed952000, 0x00007f75f4b43000]
CodeHeap 'profiled nmethods': size=119172Kb used=360Kb max_used=360Kb free=118811Kb
 bounds [0x00007f75e6281000, 0x00007f75e64f1000, 0x00007f75ed6e2000]
CodeHeap 'non-nmethods': size=7416Kb used=2826Kb max_used=2845Kb free=4589Kb
 bounds [0x00007f75e5b43000, 0x00007f75e5e13000, 0x00007f75e6281000]
 total_blobs=652 nmethods=267 adapters=168
 compilation: enabled

Compilation events (10 events):
Event: 0.464 Thread 0x00007f76002b8800  266   !   4       java.io.PrintStream::write (83 bytes)
Event: 0.466 Thread 0x00007f76002af000 nmethod 255 0x00007f75ed6f9a90 code [0x00007f75ed6f9cc0, 0x00007f75ed6fa708]
Event: 0.466 Thread 0x00007f76002af000  267   !   4       java.io.PrintStream::newLine (73 bytes)
Event: 0.467 Thread 0x00007f76002b5000 nmethod 256 0x00007f75ed6fb090 code [0x00007f75ed6fb2a0, 0x00007f75ed6fbdc8]
Event: 0.468 Thread 0x00007f76002b3000 nmethod 261 0x00007f75ed6fc690 code [0x00007f75ed6fc8c0, 0x00007f75ed6fd688]
Event: 0.477 Thread 0x00007f76002b8800 nmethod 266 0x00007f75ed6fdd10 code [0x00007f75ed6fdf40, 0x00007f75ed6feeb8]
Event: 0.494 Thread 0x00007f76002af000 nmethod 267 0x00007f75ed6ff790 code [0x00007f75ed6ff9e0, 0x00007f75ed700b28]
Event: 0.501 Thread 0x00007f76002b1000 nmethod 258 0x00007f75ed701490 code [0x00007f75ed701700, 0x00007f75ed702b08]
Event: 0.517 Thread 0x00007f76002ad000 nmethod 265 0x00007f75ed703490 code [0x00007f75ed703780, 0x00007f75ed705660]
Event: 0.644 Thread 0x00007f76002bc000  268 %     3       org.eclipse.core.runtime.adaptor.EclipseStarter::main @ 515 (1463 bytes)

GC Heap History (0 events):
No events

Deoptimization events (0 events):
No events

Classes redefined (0 events):
No events

Internal exceptions (0 events):
No events

Events (10 events):
Event: 0.423 Thread 0x00007f7600011800 DEOPT PACKING pc=0x00007f75e62bafa4 sp=0x00007f7606b4c100
Event: 0.423 Thread 0x00007f7600011800 DEOPT UNPACKING pc=0x00007f75e5b90aab sp=0x00007f7606b4b6e8 mode 0
Event: 0.424 Thread 0x00007f7600011800 DEOPT PACKING pc=0x00007f75e62bafa4 sp=0x00007f7606b4c100
Event: 0.424 Thread 0x00007f7600011800 DEOPT UNPACKING pc=0x00007f75e5b90aab sp=0x00007f7606b4b6e8 mode 0
Event: 0.425 Thread 0x00007f7600011800 DEOPT PACKING pc=0x00007f75e62bafa4 sp=0x00007f7606b4c100
Event: 0.425 Thread 0x00007f7600011800 DEOPT UNPACKING pc=0x00007f75e5b90aab sp=0x00007f7606b4b6e8 mode 0
Event: 0.426 Thread 0x00007f7600011800 DEOPT PACKING pc=0x00007f75e62bafa4 sp=0x00007f7606b4c100
Event: 0.426 Thread 0x00007f7600011800 DEOPT UNPACKING pc=0x00007f75e5b90aab sp=0x00007f7606b4b6e8 mode 0
Event: 0.427 Thread 0x00007f7600011800 DEOPT PACKING pc=0x00007f75e62bafa4 sp=0x00007f7606b4c100
Event: 0.427 Thread 0x00007f7600011800 DEOPT UNPACKING pc=0x00007f75e5b90aab sp=0x00007f7606b4b6e8 mode 0


Dynamic libraries:
00400000-00401000 r-xp 00000000 00:65 77077150                           /root/oracle/jdk-9.0.4/bin/java
00600000-00601000 rw-p 00000000 00:65 77077150                           /root/oracle/jdk-9.0.4/bin/java
00ac0000-00ae1000 rw-p 00000000 00:00 0                                  [heap]
3d7c00000-416800000 rw-p 00000000 00:00 0 
416800000-7c0000000 ---p 00000000 00:00 0 
7c0000000-7c0080000 rw-p 00000000 00:00 0 
7c0080000-800000000 ---p 00000000 00:00 0 
7f74a8000000-7f74a8021000 rw-p 00000000 00:00 0 
7f74a8021000-7f74ac000000 ---p 00000000 00:00 0 
7f74ac000000-7f74ac021000 rw-p 00000000 00:00 0 
7f74ac021000-7f74b0000000 ---p 00000000 00:00 0 
7f74b0000000-7f74b0021000 rw-p 00000000 00:00 0 
7f74b0021000-7f74b4000000 ---p 00000000 00:00 0 
7f74b4000000-7f74b4021000 rw-p 00000000 00:00 0 
7f74b4021000-7f74b8000000 ---p 00000000 00:00 0 
7f74b8000000-7f74b8021000 rw-p 00000000 00:00 0 
7f74b8021000-7f74bc000000 ---p 00000000 00:00 0 
7f74bc000000-7f74bc06d000 rw-p 00000000 00:00 0 
7f74bc06d000-7f74c0000000 ---p 00000000 00:00 0 
7f74c0000000-7f74c0028000 rw-p 00000000 00:00 0 
7f74c0028000-7f74c4000000 ---p 00000000 00:00 0 
7f74c4000000-7f74c404b000 rw-p 00000000 00:00 0 
7f74c404b000-7f74c8000000 ---p 00000000 00:00 0 
7f74c8000000-7f74c82ac000 rw-p 00000000 00:00 0 
7f74c82ac000-7f74cc000000 ---p 00000000 00:00 0 
7f74cc000000-7f74cc066000 rw-p 00000000 00:00 0 
7f74cc066000-7f74d0000000 ---p 00000000 00:00 0 
7f74d0000000-7f74d016b000 rw-p 00000000 00:00 0 
7f74d016b000-7f74d4000000 ---p 00000000 00:00 0 
7f74d4000000-7f74d4094000 rw-p 00000000 00:00 0 
7f74d4094000-7f74d8000000 ---p 00000000 00:00 0 
7f74d8000000-7f74d8188000 rw-p 00000000 00:00 0 
7f74d8188000-7f74dc000000 ---p 00000000 00:00 0 
7f74dc000000-7f74dc0de000 rw-p 00000000 00:00 0 
7f74dc0de000-7f74e0000000 ---p 00000000 00:00 0 
7f74e0000000-7f74e02ac000 rw-p 00000000 00:00 0 
7f74e02ac000-7f74e4000000 ---p 00000000 00:00 0 
7f74e4000000-7f74e4185000 rw-p 00000000 00:00 0 
7f74e4185000-7f74e8000000 ---p 00000000 00:00 0 
7f74e8000000-7f74e8021000 rw-p 00000000 00:00 0 
7f74e8021000-7f74ec000000 ---p 00000000 00:00 0 
7f74ec000000-7f74ec021000 rw-p 00000000 00:00 0 
7f74ec021000-7f74f0000000 ---p 00000000 00:00 0 
7f74f0000000-7f74f0021000 rw-p 00000000 00:00 0 
7f74f0021000-7f74f4000000 ---p 00000000 00:00 0 
7f74f6596000-7f74f68c4000 rw-p 00000000 00:00 0 
7f74f68c4000-7f74f68c5000 ---p 00000000 00:00 0 
7f74f68c5000-7f74f69c6000 rw-p 00000000 00:00 0 
7f74f69c6000-7f74f69ca000 ---p 00000000 00:00 0 
7f74f69ca000-7f74f6ac7000 rw-p 00000000 00:00 0 
7f74f6ac7000-7f74f6acb000 ---p 00000000 00:00 0 
7f74f6acb000-7f74f6bc8000 rw-p 00000000 00:00 0 
7f74f6bc8000-7f74f6bde000 r-xp 00000000 00:65 77077477                   /root/oracle/jdk-9.0.4/lib/libnet.so
7f74f6bde000-7f74f6dde000 ---p 00016000 00:65 77077477                   /root/oracle/jdk-9.0.4/lib/libnet.so
7f74f6dde000-7f74f6ddf000 rw-p 00016000 00:65 77077477                   /root/oracle/jdk-9.0.4/lib/libnet.so
7f74f6ddf000-7f74f6def000 r-xp 00000000 00:65 77077594                   /root/oracle/jdk-9.0.4/lib/libnio.so
7f74f6def000-7f74f6fef000 ---p 00010000 00:65 77077594                   /root/oracle/jdk-9.0.4/lib/libnio.so
7f74f6fef000-7f74f6ff0000 rw-p 00010000 00:65 77077594                   /root/oracle/jdk-9.0.4/lib/libnio.so
7f74f6ff0000-7f74f6ff4000 ---p 00000000 00:00 0 
7f74f6ff4000-7f74f70f1000 rw-p 00000000 00:00 0 
7f74f70f1000-7f74f70f5000 ---p 00000000 00:00 0 
7f74f70f5000-7f74f71f2000 rw-p 00000000 00:00 0 
7f74f71f2000-7f74f71f6000 ---p 00000000 00:00 0 
7f74f71f6000-7f74f72f3000 rw-p 00000000 00:00 0 
7f74f72f3000-7f74f72f7000 ---p 00000000 00:00 0 
7f74f72f7000-7f74f73f4000 rw-p 00000000 00:00 0 
7f74f73f4000-7f74f73f8000 ---p 00000000 00:00 0 
7f74f73f8000-7f74f74f5000 rw-p 00000000 00:00 0 
7f74f74f5000-7f74f74f9000 ---p 00000000 00:00 0 
7f74f74f9000-7f74f75f6000 rw-p 00000000 00:00 0 
7f74f75f6000-7f74f75fa000 ---p 00000000 00:00 0 
7f74f75fa000-7f74f76f7000 rw-p 00000000 00:00 0 
7f74f76f7000-7f74f76fb000 ---p 00000000 00:00 0 
7f74f76fb000-7f74f77f8000 rw-p 00000000 00:00 0 
7f74f77f8000-7f74f77fc000 ---p 00000000 00:00 0 
7f74f77fc000-7f74f78f9000 rw-p 00000000 00:00 0 
7f74f78f9000-7f74f78fd000 ---p 00000000 00:00 0 
7f74f78fd000-7f74f79fa000 rw-p 00000000 00:00 0 
7f74f79fa000-7f74f79fe000 ---p 00000000 00:00 0 
7f74f79fe000-7f74f7afb000 rw-p 00000000 00:00 0 
7f74f7afb000-7f74f7aff000 ---p 00000000 00:00 0 
7f74f7aff000-7f74f7bfc000 rw-p 00000000 00:00 0 
7f74f7bfc000-7f74f7c00000 ---p 00000000 00:00 0 
7f74f7c00000-7f74f7cfd000 rw-p 00000000 00:00 0 
7f74f7cfd000-7f74f7d01000 ---p 00000000 00:00 0 
7f74f7d01000-7f74f7dfe000 rw-p 00000000 00:00 0 
7f74f7dfe000-7f74f7e02000 ---p 00000000 00:00 0 
7f74f7e02000-7f74f7eff000 rw-p 00000000 00:00 0 
7f74f7eff000-7f74f7f03000 ---p 00000000 00:00 0 
7f74f7f03000-7f74f8000000 rw-p 00000000 00:00 0 
7f74f8000000-7f74f8021000 rw-p 00000000 00:00 0 
7f74f8021000-7f74fc000000 ---p 00000000 00:00 0 
7f74fc000000-7f74fc021000 rw-p 00000000 00:00 0 
7f74fc021000-7f7500000000 ---p 00000000 00:00 0 
7f7500000000-7f7500021000 rw-p 00000000 00:00 0 
7f7500021000-7f7504000000 ---p 00000000 00:00 0 
7f7504000000-7f7504021000 rw-p 00000000 00:00 0 
7f7504021000-7f7508000000 ---p 00000000 00:00 0 
7f7508000000-7f7508021000 rw-p 00000000 00:00 0 
7f7508021000-7f750c000000 ---p 00000000 00:00 0 
7f750c000000-7f750c021000 rw-p 00000000 00:00 0 
7f750c021000-7f7510000000 ---p 00000000 00:00 0 
7f7510000000-7f7510021000 rw-p 00000000 00:00 0 
7f7510021000-7f7514000000 ---p 00000000 00:00 0 
7f7514043000-7f7514044000 ---p 00000000 00:00 0 
7f7514044000-7f7514656000 rw-p 00000000 00:00 0 
7f7514656000-7f7514a16000 ---p 00000000 00:00 0 
7f7514a16000-7f7514e1a000 rw-p 00000000 00:00 0 
7f7514e1a000-7f7516e1a000 rwxp 00000000 00:00 0 
7f7516e1a000-7f7517dca000 rw-p 00000000 00:00 0 
7f7517dca000-7f752682a000 ---p 00000000 00:00 0 
7f752682a000-7f75277da000 rw-p 00000000 00:00 0 
7f75277da000-7f753623a000 ---p 00000000 00:00 0 
7f753623a000-7f7536430000 rw-p 00000000 00:00 0 
7f7536430000-7f753817c000 ---p 00000000 00:00 0 
7f753817c000-7f7538372000 rw-p 00000000 00:00 0 
7f7538372000-7f753c000000 ---p 00000000 00:00 0 
7f753c000000-7f753c021000 rw-p 00000000 00:00 0 
7f753c021000-7f7540000000 ---p 00000000 00:00 0 
7f7540000000-7f7540021000 rw-p 00000000 00:00 0 
7f7540021000-7f7544000000 ---p 00000000 00:00 0 
7f7544000000-7f7544021000 rw-p 00000000 00:00 0 
7f7544021000-7f7548000000 ---p 00000000 00:00 0 
7f7548000000-7f7548021000 rw-p 00000000 00:00 0 
7f7548021000-7f754c000000 ---p 00000000 00:00 0 
7f754c000000-7f754c021000 rw-p 00000000 00:00 0 
7f754c021000-7f7550000000 ---p 00000000 00:00 0 
7f7550000000-7f7550021000 rw-p 00000000 00:00 0 
7f7550021000-7f7554000000 ---p 00000000 00:00 0 
7f755402f000-7f755503f000 rw-p 00000000 00:00 0 
7f755503f000-7f7555040000 ---p 00000000 00:00 0 
7f7555040000-7f7555141000 rw-p 00000000 00:00 0 
7f7555141000-7f7555142000 ---p 00000000 00:00 0 
7f7555142000-7f7555243000 rw-p 00000000 00:00 0 
7f7555243000-7f7555244000 ---p 00000000 00:00 0 
7f7555244000-7f7555345000 rw-p 00000000 00:00 0 
7f7555345000-7f7555346000 ---p 00000000 00:00 0 
7f7555346000-7f7555447000 rw-p 00000000 00:00 0 
7f7555447000-7f7555448000 ---p 00000000 00:00 0 
7f7555448000-7f7555549000 rw-p 00000000 00:00 0 
7f7555549000-7f755554a000 ---p 00000000 00:00 0 
7f755554a000-7f7555d2c000 rw-p 00000000 00:00 0 
7f7555d2c000-7f7557a78000 ---p 00000000 00:00 0 
7f7557a78000-7f7557af6000 rw-p 00000000 00:00 0 
7f7557af6000-7f7557af7000 ---p 00000000 00:00 0 
7f7557af7000-7f7557bf8000 rw-p 00000000 00:00 0 
7f7557bf8000-7f7557bf9000 ---p 00000000 00:00 0 
7f7557bf9000-7f7557cfa000 rw-p 00000000 00:00 0 
7f7557cfa000-7f7557cfb000 ---p 00000000 00:00 0 
7f7557cfb000-7f7557dfc000 rw-p 00000000 00:00 0 
7f7557dfc000-7f7557dfd000 ---p 00000000 00:00 0 
7f7557dfd000-7f7557efe000 rw-p 00000000 00:00 0 
7f7557efe000-7f7557eff000 ---p 00000000 00:00 0 
7f7557eff000-7f7558000000 rw-p 00000000 00:00 0 
7f7558000000-7f7558021000 rw-p 00000000 00:00 0 
7f7558021000-7f755c000000 ---p 00000000 00:00 0 
7f755c000000-7f755c021000 rw-p 00000000 00:00 0 
7f755c021000-7f7560000000 ---p 00000000 00:00 0 
7f7560000000-7f7560021000 rw-p 00000000 00:00 0 
7f7560021000-7f7564000000 ---p 00000000 00:00 0 
7f7564000000-7f7564021000 rw-p 00000000 00:00 0 
7f7564021000-7f7568000000 ---p 00000000 00:00 0 
7f7568000000-7f7568021000 rw-p 00000000 00:00 0 
7f7568021000-7f756c000000 ---p 00000000 00:00 0 
7f756c000000-7f756c021000 rw-p 00000000 00:00 0 
7f756c021000-7f7570000000 ---p 00000000 00:00 0 
7f7570000000-7f7570021000 rw-p 00000000 00:00 0 
7f7570021000-7f7574000000 ---p 00000000 00:00 0 
7f7574000000-7f7574021000 rw-p 00000000 00:00 0 
7f7574021000-7f7578000000 ---p 00000000 00:00 0 
7f7578000000-7f7578021000 rw-p 00000000 00:00 0 
7f7578021000-7f757c000000 ---p 00000000 00:00 0 
7f757c000000-7f757c021000 rw-p 00000000 00:00 0 
7f757c021000-7f7580000000 ---p 00000000 00:00 0 
7f7580000000-7f7580021000 rw-p 00000000 00:00 0 
7f7580021000-7f7584000000 ---p 00000000 00:00 0 
7f7584000000-7f7584021000 rw-p 00000000 00:00 0 
7f7584021000-7f7588000000 ---p 00000000 00:00 0 
7f7588000000-7f7588021000 rw-p 00000000 00:00 0 
7f7588021000-7f758c000000 ---p 00000000 00:00 0 
7f758c000000-7f758c021000 rw-p 00000000 00:00 0 
7f758c021000-7f7590000000 ---p 00000000 00:00 0 
7f7590000000-7f7590021000 rw-p 00000000 00:00 0 
7f7590021000-7f7594000000 ---p 00000000 00:00 0 
7f7594000000-7f7594021000 rw-p 00000000 00:00 0 
7f7594021000-7f7598000000 ---p 00000000 00:00 0 
7f7598000000-7f7598021000 rw-p 00000000 00:00 0 
7f7598021000-7f759c000000 ---p 00000000 00:00 0 
7f759c000000-7f759c021000 rw-p 00000000 00:00 0 
7f759c021000-7f75a0000000 ---p 00000000 00:00 0 
7f75a0000000-7f75a0021000 rw-p 00000000 00:00 0 
7f75a0021000-7f75a4000000 ---p 00000000 00:00 0 
7f75a4000000-7f75a4021000 rw-p 00000000 00:00 0 
7f75a4021000-7f75a8000000 ---p 00000000 00:00 0 
7f75a8000000-7f75a8021000 rw-p 00000000 00:00 0 
7f75a8021000-7f75ac000000 ---p 00000000 00:00 0 
7f75ac000000-7f75ac021000 rw-p 00000000 00:00 0 
7f75ac021000-7f75b0000000 ---p 00000000 00:00 0 
7f75b0000000-7f75b0021000 rw-p 00000000 00:00 0 
7f75b0021000-7f75b4000000 ---p 00000000 00:00 0 
7f75b4000000-7f75b4021000 rw-p 00000000 00:00 0 
7f75b4021000-7f75b8000000 ---p 00000000 00:00 0 
7f75b8000000-7f75b8021000 rw-p 00000000 00:00 0 
7f75b8021000-7f75bc000000 ---p 00000000 00:00 0 
7f75bc000000-7f75bc021000 rw-p 00000000 00:00 0 
7f75bc021000-7f75c0000000 ---p 00000000 00:00 0 
7f75c0000000-7f75c0021000 rw-p 00000000 00:00 0 
7f75c0021000-7f75c4000000 ---p 00000000 00:00 0 
7f75c4000000-7f75c4021000 rw-p 00000000 00:00 0 
7f75c4021000-7f75c8000000 ---p 00000000 00:00 0 
7f75c8000000-7f75c8021000 rw-p 00000000 00:00 0 
7f75c8021000-7f75cc000000 ---p 00000000 00:00 0 
7f75cc000000-7f75cc021000 rw-p 00000000 00:00 0 
7f75cc021000-7f75d0000000 ---p 00000000 00:00 0 
7f75d0000000-7f75d0021000 rw-p 00000000 00:00 0 
7f75d0021000-7f75d4000000 ---p 00000000 00:00 0 
7f75d4000000-7f75d4021000 rw-p 00000000 00:00 0 
7f75d4021000-7f75d8000000 ---p 00000000 00:00 0 
7f75d8000000-7f75d8021000 rw-p 00000000 00:00 0 
7f75d8021000-7f75dc000000 ---p 00000000 00:00 0 
7f75dc000000-7f75dc021000 rw-p 00000000 00:00 0 
7f75dc021000-7f75e0000000 ---p 00000000 00:00 0 
7f75e0000000-7f75e0021000 rw-p 00000000 00:00 0 
7f75e0021000-7f75e4000000 ---p 00000000 00:00 0 
7f75e4018000-7f75e4019000 ---p 00000000 00:00 0 
7f75e4019000-7f75e411a000 rw-p 00000000 00:00 0 
7f75e411a000-7f75e411b000 ---p 00000000 00:00 0 
7f75e411b000-7f75e421c000 rw-p 00000000 00:00 0 
7f75e421c000-7f75e421d000 ---p 00000000 00:00 0 
7f75e421d000-7f75e431e000 rw-p 00000000 00:00 0 
7f75e431e000-7f75e431f000 ---p 00000000 00:00 0 
7f75e431f000-7f75e4420000 rw-p 00000000 00:00 0 
7f75e4420000-7f75e4421000 ---p 00000000 00:00 0 
7f75e4421000-7f75e4522000 rw-p 00000000 00:00 0 
7f75e4522000-7f75e4523000 ---p 00000000 00:00 0 
7f75e4523000-7f75e4624000 rw-p 00000000 00:00 0 
7f75e4624000-7f75e4625000 ---p 00000000 00:00 0 
7f75e4625000-7f75e4726000 rw-p 00000000 00:00 0 
7f75e4726000-7f75e4727000 ---p 00000000 00:00 0 
7f75e4727000-7f75e4828000 rw-p 00000000 00:00 0 
7f75e4828000-7f75e4829000 ---p 00000000 00:00 0 
7f75e4829000-7f75e492a000 rw-p 00000000 00:00 0 
7f75e492a000-7f75e492b000 ---p 00000000 00:00 0 
7f75e492b000-7f75e4a2c000 rw-p 00000000 00:00 0 
7f75e4a2c000-7f75e4a2d000 ---p 00000000 00:00 0 
7f75e4a2d000-7f75e4b2e000 rw-p 00000000 00:00 0 
7f75e4b2e000-7f75e4b2f000 ---p 00000000 00:00 0 
7f75e4b2f000-7f75e4c30000 rw-p 00000000 00:00 0 
7f75e4c30000-7f75e4c31000 ---p 00000000 00:00 0 
7f75e4c31000-7f75e4d32000 rw-p 00000000 00:00 0 
7f75e4d32000-7f75e4d33000 ---p 00000000 00:00 0 
7f75e4d33000-7f75e4e34000 rw-p 00000000 00:00 0 
7f75e4e34000-7f75e4e35000 ---p 00000000 00:00 0 
7f75e4e35000-7f75e4f36000 rw-p 00000000 00:00 0 
7f75e4f36000-7f75e4f37000 ---p 00000000 00:00 0 
7f75e4f37000-7f75e5b43000 rw-p 00000000 00:00 0 
7f75e5b43000-7f75e5e13000 rwxp 00000000 00:00 0 
7f75e5e13000-7f75e6281000 ---p 00000000 00:00 0 
7f75e6281000-7f75e64f1000 rwxp 00000000 00:00 0 
7f75e64f1000-7f75ed6e2000 ---p 00000000 00:00 0 
7f75ed6e2000-7f75ed952000 rwxp 00000000 00:00 0 
7f75ed952000-7f75f4b43000 ---p 00000000 00:00 0 
7f75f4b43000-7f7600000000 r--s 00000000 00:65 77077560                   /root/oracle/jdk-9.0.4/lib/modules
7f7600000000-7f7600439000 rw-p 00000000 00:00 0 
7f7600439000-7f7604000000 ---p 00000000 00:00 0 
7f760401f000-7f7604981000 rw-p 00000000 00:00 0 
7f7604981000-7f7604982000 ---p 00000000 00:00 0 
7f7604982000-7f7604a83000 rw-p 00000000 00:00 0 
7f7604a83000-7f7604a84000 ---p 00000000 00:00 0 
7f7604a84000-7f7604b85000 rw-p 00000000 00:00 0 
7f7604b85000-7f7604b86000 ---p 00000000 00:00 0 
7f7604b86000-7f7604c87000 rw-p 00000000 00:00 0 
7f7604c87000-7f7604c88000 ---p 00000000 00:00 0 
7f7604c88000-7f7604d89000 rw-p 00000000 00:00 0 
7f7604d89000-7f7604d8a000 ---p 00000000 00:00 0 
7f7604d8a000-7f7604e8b000 rw-p 00000000 00:00 0 
7f7604e8b000-7f7604e8c000 ---p 00000000 00:00 0 
7f7604e8c000-7f7604f8d000 rw-p 00000000 00:00 0 
7f7604f8d000-7f7604f8e000 ---p 00000000 00:00 0 
7f7604f8e000-7f760508f000 rw-p 00000000 00:00 0 
7f760508f000-7f7605090000 ---p 00000000 00:00 0 
7f7605090000-7f7605191000 rw-p 00000000 00:00 0 
7f7605191000-7f7605192000 ---p 00000000 00:00 0 
7f7605192000-7f7605293000 rw-p 00000000 00:00 0 
7f7605293000-7f7605294000 ---p 00000000 00:00 0 
7f7605294000-7f7605395000 rw-p 00000000 00:00 0 
7f7605395000-7f7605396000 ---p 00000000 00:00 0 
7f7605396000-7f7605497000 rw-p 00000000 00:00 0 
7f7605497000-7f7605498000 ---p 00000000 00:00 0 
7f7605498000-7f7605599000 rw-p 00000000 00:00 0 
7f7605599000-7f760559a000 ---p 00000000 00:00 0 
7f760559a000-7f760569b000 rw-p 00000000 00:00 0 
7f760569b000-7f760569c000 ---p 00000000 00:00 0 
7f760569c000-7f760579d000 rw-p 00000000 00:00 0 
7f760579d000-7f760579e000 ---p 00000000 00:00 0 
7f760579e000-7f760589f000 rw-p 00000000 00:00 0 
7f760589f000-7f76058a0000 ---p 00000000 00:00 0 
7f76058a0000-7f76059a1000 rw-p 00000000 00:00 0 
7f76059a1000-7f76059a2000 ---p 00000000 00:00 0 
7f76059a2000-7f7605aa3000 rw-p 00000000 00:00 0 
7f7605aa3000-7f7605aa4000 ---p 00000000 00:00 0 
7f7605aa4000-7f7605ba5000 rw-p 00000000 00:00 0 
7f7605ba5000-7f7605ba6000 ---p 00000000 00:00 0 
7f7605ba6000-7f7605ca7000 rw-p 00000000 00:00 0 
7f7605ca7000-7f7605ca8000 ---p 00000000 00:00 0 
7f7605ca8000-7f7605dae000 rw-p 00000000 00:00 0 
7f7605dae000-7f7605e92000 ---p 00000000 00:00 0 
7f7605e92000-7f7605e97000 rw-p 00000000 00:00 0 
7f7605e97000-7f7605f7b000 ---p 00000000 00:00 0 
7f7605f7b000-7f7605f81000 rw-p 00000000 00:00 0 
7f7605f81000-7f7605f8a000 ---p 00000000 00:00 0 
7f7605f8a000-7f7605fda000 rw-p 00000000 00:00 0 
7f7605fda000-7f76061b7000 r--s 03e31000 00:65 101727669                  /usr/local/java/jdk1.8.0_301/jre/lib/rt.jar
7f76061b7000-7f76061d1000 r-xp 00000000 00:65 77077435                   /root/oracle/jdk-9.0.4/lib/libjimage.so
7f76061d1000-7f76063d0000 ---p 0001a000 00:65 77077435                   /root/oracle/jdk-9.0.4/lib/libjimage.so
7f76063d0000-7f76063d2000 rw-p 00019000 00:65 77077435                   /root/oracle/jdk-9.0.4/lib/libjimage.so
7f76063d2000-7f76063e4000 rw-p 00000000 00:00 0 
7f76063e4000-7f76063eb000 r-xp 00000000 00:65 77083131                   /root/oracle/jdk-9.0.4/lib/libzip.so
7f76063eb000-7f76065ea000 ---p 00007000 00:65 77083131                   /root/oracle/jdk-9.0.4/lib/libzip.so
7f76065ea000-7f76065eb000 rw-p 00006000 00:65 77083131                   /root/oracle/jdk-9.0.4/lib/libzip.so
7f76065eb000-7f76065ee000 r--p 00000000 00:65 165034530                  /usr/lib/x86_64-linux-gnu/libnss_files-2.31.so
7f76065ee000-7f76065f5000 r-xp 00003000 00:65 165034530                  /usr/lib/x86_64-linux-gnu/libnss_files-2.31.so
7f76065f5000-7f76065f7000 r--p 0000a000 00:65 165034530                  /usr/lib/x86_64-linux-gnu/libnss_files-2.31.so
7f76065f7000-7f76065f8000 r--p 0000b000 00:65 165034530                  /usr/lib/x86_64-linux-gnu/libnss_files-2.31.so
7f76065f8000-7f76065f9000 rw-p 0000c000 00:65 165034530                  /usr/lib/x86_64-linux-gnu/libnss_files-2.31.so
7f76065f9000-7f76065ff000 rw-p 00000000 00:00 0 
7f7606607000-7f7606608000 rw-p 00000000 00:00 0 
7f7606608000-7f7606633000 r-xp 00000000 00:65 77077470                   /root/oracle/jdk-9.0.4/lib/libjava.so
7f7606633000-7f7606832000 ---p 0002b000 00:65 77077470                   /root/oracle/jdk-9.0.4/lib/libjava.so
7f7606832000-7f7606834000 rw-p 0002a000 00:65 77077470                   /root/oracle/jdk-9.0.4/lib/libjava.so
7f7606834000-7f7606841000 r-xp 00000000 00:65 77077494                   /root/oracle/jdk-9.0.4/lib/libverify.so
7f7606841000-7f7606a40000 ---p 0000d000 00:65 77077494                   /root/oracle/jdk-9.0.4/lib/libverify.so
7f7606a40000-7f7606a42000 rw-p 0000c000 00:65 77077494                   /root/oracle/jdk-9.0.4/lib/libverify.so
7f7606a42000-7f7606a45000 r--p 00000000 00:65 165034636                  /usr/lib/x86_64-linux-gnu/librt-2.31.so
7f7606a45000-7f7606a49000 r-xp 00003000 00:65 165034636                  /usr/lib/x86_64-linux-gnu/librt-2.31.so
7f7606a49000-7f7606a4a000 r--p 00007000 00:65 165034636                  /usr/lib/x86_64-linux-gnu/librt-2.31.so
7f7606a4a000-7f7606a4b000 ---p 00008000 00:65 165034636                  /usr/lib/x86_64-linux-gnu/librt-2.31.so
7f7606a4b000-7f7606a4c000 r--p 00008000 00:65 165034636                  /usr/lib/x86_64-linux-gnu/librt-2.31.so
7f7606a4c000-7f7606a4d000 rw-p 00009000 00:65 165034636                  /usr/lib/x86_64-linux-gnu/librt-2.31.so
7f7606a4d000-7f7606a4e000 ---p 00000000 00:00 0 
7f7606a4e000-7f7606a4f000 rw-p 00000000 00:00 0 
7f7606a4f000-7f7606a53000 ---p 00000000 00:00 0 
7f7606a53000-7f7606b4e000 rw-p 00000000 00:00 0 
7f7606b4e000-7f7606b5d000 r--p 00000000 00:65 165034468                  /usr/lib/x86_64-linux-gnu/libm-2.31.so
7f7606b5d000-7f7606c04000 r-xp 0000f000 00:65 165034468                  /usr/lib/x86_64-linux-gnu/libm-2.31.so
7f7606c04000-7f7606c9b000 r--p 000b6000 00:65 165034468                  /usr/lib/x86_64-linux-gnu/libm-2.31.so
7f7606c9b000-7f7606c9c000 r--p 0014c000 00:65 165034468                  /usr/lib/x86_64-linux-gnu/libm-2.31.so
7f7606c9c000-7f7606c9d000 rw-p 0014d000 00:65 165034468                  /usr/lib/x86_64-linux-gnu/libm-2.31.so
7f7606c9d000-7f7607cb2000 r-xp 00000000 00:65 77083135                   /root/oracle/jdk-9.0.4/lib/server/libjvm.so
7f7607cb2000-7f7607eb1000 ---p 01015000 00:65 77083135                   /root/oracle/jdk-9.0.4/lib/server/libjvm.so
7f7607eb1000-7f7607f82000 r--p 01014000 00:65 77083135                   /root/oracle/jdk-9.0.4/lib/server/libjvm.so
7f7607f82000-7f7607fb9000 rw-p 010e5000 00:65 77083135                   /root/oracle/jdk-9.0.4/lib/server/libjvm.so
7f7607fb9000-7f7608024000 rw-p 00000000 00:00 0 
7f7608024000-7f7608049000 r--p 00000000 00:65 165034165                  /usr/lib/x86_64-linux-gnu/libc-2.31.so
7f7608049000-7f76081c1000 r-xp 00025000 00:65 165034165                  /usr/lib/x86_64-linux-gnu/libc-2.31.so
7f76081c1000-7f760820b000 r--p 0019d000 00:65 165034165                  /usr/lib/x86_64-linux-gnu/libc-2.31.so
7f760820b000-7f760820c000 ---p 001e7000 00:65 165034165                  /usr/lib/x86_64-linux-gnu/libc-2.31.so
7f760820c000-7f760820f000 r--p 001e7000 00:65 165034165                  /usr/lib/x86_64-linux-gnu/libc-2.31.so
7f760820f000-7f7608212000 rw-p 001ea000 00:65 165034165                  /usr/lib/x86_64-linux-gnu/libc-2.31.so
7f7608212000-7f7608216000 rw-p 00000000 00:00 0 
7f7608216000-7f7608217000 r--p 00000000 00:65 165034236                  /usr/lib/x86_64-linux-gnu/libdl-2.31.so
7f7608217000-7f7608219000 r-xp 00001000 00:65 165034236                  /usr/lib/x86_64-linux-gnu/libdl-2.31.so
7f7608219000-7f760821a000 r--p 00003000 00:65 165034236                  /usr/lib/x86_64-linux-gnu/libdl-2.31.so
7f760821a000-7f760821b000 r--p 00003000 00:65 165034236                  /usr/lib/x86_64-linux-gnu/libdl-2.31.so
7f760821b000-7f760821c000 rw-p 00004000 00:65 165034236                  /usr/lib/x86_64-linux-gnu/libdl-2.31.so
7f760821c000-7f760822a000 r-xp 00000000 00:65 77083142                   /root/oracle/jdk-9.0.4/lib/jli/libjli.so
7f760822a000-7f760842a000 ---p 0000e000 00:65 77083142                   /root/oracle/jdk-9.0.4/lib/jli/libjli.so
7f760842a000-7f760842b000 rw-p 0000e000 00:65 77083142                   /root/oracle/jdk-9.0.4/lib/jli/libjli.so
7f760842b000-7f7608432000 r--p 00000000 00:65 165034610                  /usr/lib/x86_64-linux-gnu/libpthread-2.31.so
7f7608432000-7f7608443000 r-xp 00007000 00:65 165034610                  /usr/lib/x86_64-linux-gnu/libpthread-2.31.so
7f7608443000-7f7608448000 r--p 00018000 00:65 165034610                  /usr/lib/x86_64-linux-gnu/libpthread-2.31.so
7f7608448000-7f7608449000 r--p 0001c000 00:65 165034610                  /usr/lib/x86_64-linux-gnu/libpthread-2.31.so
7f7608449000-7f760844a000 rw-p 0001d000 00:65 165034610                  /usr/lib/x86_64-linux-gnu/libpthread-2.31.so
7f760844a000-7f760844e000 rw-p 00000000 00:00 0 
7f760844e000-7f7608450000 r--p 00000000 00:65 165034796                  /usr/lib/x86_64-linux-gnu/libz.so.1.2.11
7f7608450000-7f7608461000 r-xp 00002000 00:65 165034796                  /usr/lib/x86_64-linux-gnu/libz.so.1.2.11
7f7608461000-7f7608467000 r--p 00013000 00:65 165034796                  /usr/lib/x86_64-linux-gnu/libz.so.1.2.11
7f7608467000-7f7608468000 ---p 00019000 00:65 165034796                  /usr/lib/x86_64-linux-gnu/libz.so.1.2.11
7f7608468000-7f7608469000 r--p 00019000 00:65 165034796                  /usr/lib/x86_64-linux-gnu/libz.so.1.2.11
7f7608469000-7f760846a000 rw-p 0001a000 00:65 165034796                  /usr/lib/x86_64-linux-gnu/libz.so.1.2.11
7f760846a000-7f7608472000 rw-s 00000000 00:65 71965686                   /tmp/hsperfdata_root/28586
7f7608472000-7f7608475000 rw-p 00000000 00:00 0 
7f7608475000-7f7608476000 r--p 00000000 00:65 165033992                  /usr/lib/x86_64-linux-gnu/ld-2.31.so
7f7608476000-7f7608499000 r-xp 00001000 00:65 165033992                  /usr/lib/x86_64-linux-gnu/ld-2.31.so
7f7608499000-7f76084a1000 r--p 00024000 00:65 165033992                  /usr/lib/x86_64-linux-gnu/ld-2.31.so
7f76084a1000-7f76084a2000 r--p 00000000 00:00 0 
7f76084a2000-7f76084a3000 r--p 0002c000 00:65 165033992                  /usr/lib/x86_64-linux-gnu/ld-2.31.so
7f76084a3000-7f76084a4000 rw-p 0002d000 00:65 165033992                  /usr/lib/x86_64-linux-gnu/ld-2.31.so
7f76084a4000-7f76084a5000 rw-p 00000000 00:00 0 
7fff78737000-7fff78758000 rw-p 00000000 00:00 0                          [stack]
7fff7876d000-7fff78770000 r--p 00000000 00:00 0                          [vvar]
7fff78770000-7fff78771000 r-xp 00000000 00:00 0                          [vdso]
ffffffffff600000-ffffffffff601000 --xp 00000000 00:00 0                  [vsyscall]

VM Arguments:
jvm_args: -Xbootclasspath/a:/usr/local/java/jdk1.8.0_301/jre/lib/rt.jar -Xverify:none 
java_command: org.eclipse.core.runtime.adaptor.EclipseStarter -debug
java_class_path (initial): ./sootOutput/eclipse/
Launcher Type: SUN_STANDARD

Logging:
Log output configuration:
#0: stdout all=warning uptime,level,tags
#1: stderr all=off uptime,level,tags

Environment Variables:
JAVA_HOME=/root/oracle/jdk-9.0.4
JRE_HOME=/root/oracle/jdk-9.0.4
CLASSPATH=.:/root/oracle/jdk-9.0.4/lib:/JVMfuzzing/htm/CFSynthesis/resource/commons-lang3-3.12.0/commons-lang3-3.12.0.jar
PATH=/root/oracle/jdk-9.0.4/bin:/root/.vscode-server/bin/da76f93349a72022ca4670c1b84860304616aaa2/bin/remote-cli:/root/oracle/jdk-9.0.4/bin:/usr/local/sbin:/usr/local/bin:/usr/sbin:/usr/bin:/sbin:/bin:/usr/games:/usr/local/games:/snap/bin
SHELL=/bin/bash

Signal Handlers:
SIGSEGV: [libjvm.so+0xd4d370], sa_mask[0]=11111111011111111101111111111110, sa_flags=SA_RESTART|SA_SIGINFO
SIGBUS: [libjvm.so+0xd4d370], sa_mask[0]=11111111011111111101111111111110, sa_flags=SA_RESTART|SA_SIGINFO
SIGFPE: [libjvm.so+0xd4d370], sa_mask[0]=11111111011111111101111111111110, sa_flags=SA_RESTART|SA_SIGINFO
SIGPIPE: [libjvm.so+0xb64780], sa_mask[0]=11111111011111111101111111111110, sa_flags=SA_RESTART|SA_SIGINFO
SIGXFSZ: [libjvm.so+0xb64780], sa_mask[0]=11111111011111111101111111111110, sa_flags=SA_RESTART|SA_SIGINFO
SIGILL: [libjvm.so+0xd4d370], sa_mask[0]=11111111011111111101111111111110, sa_flags=SA_RESTART|SA_SIGINFO
SIGUSR2: [libjvm.so+0xb64640], sa_mask[0]=00100000000000000000000000000000, sa_flags=SA_RESTART|SA_SIGINFO
SIGHUP: [libjvm.so+0xb64850], sa_mask[0]=11111111011111111101111111111110, sa_flags=SA_RESTART|SA_SIGINFO
SIGINT: [libjvm.so+0xb64850], sa_mask[0]=11111111011111111101111111111110, sa_flags=SA_RESTART|SA_SIGINFO
SIGTERM: [libjvm.so+0xb64850], sa_mask[0]=11111111011111111101111111111110, sa_flags=SA_RESTART|SA_SIGINFO
SIGQUIT: [libjvm.so+0xb64850], sa_mask[0]=11111111011111111101111111111110, sa_flags=SA_RESTART|SA_SIGINFO


---------------  S Y S T E M  ---------------

OS:DISTRIB_ID=Ubuntu
DISTRIB_RELEASE=20.04
DISTRIB_CODENAME=focal
DISTRIB_DESCRIPTION="Ubuntu 20.04.3 LTS"
uname:Linux 5.4.0-124-generic #140~18.04.1-Ubuntu SMP Fri Aug 5 11:43:34 UTC 2022 x86_64
libc:glibc 2.31 NPTL 2.31 
rlimit: STACK 8192k, CORE infinity, NPROC infinity, NOFILE 1048576, AS infinity
load average:43.84 39.87 38.37

/proc/meminfo:
MemTotal:       65549624 kB
MemFree:        10882236 kB
MemAvailable:   37262572 kB
Buffers:         5871504 kB
Cached:          3349552 kB
SwapCached:         8092 kB
Active:         28695320 kB
Inactive:        6138916 kB
Active(anon):   21616936 kB
Inactive(anon):  4017412 kB
Active(file):    7078384 kB
Inactive(file):  2121504 kB
Unevictable:          16 kB
Mlocked:              16 kB
SwapTotal:       2097148 kB
SwapFree:              0 kB
Dirty:             34324 kB
Writeback:             0 kB
AnonPages:      25605372 kB
Mapped:           823008 kB
Shmem:             25608 kB
KReclaimable:   17912372 kB
Slab:           19082284 kB
SReclaimable:   17912372 kB
SUnreclaim:      1169912 kB
KernelStack:       78640 kB
PageTables:       235152 kB
NFS_Unstable:          0 kB
Bounce:                0 kB
WritebackTmp:          0 kB
CommitLimit:    34871960 kB
Committed_AS:   78746492 kB
VmallocTotal:   34359738367 kB
VmallocUsed:      161232 kB
VmallocChunk:          0 kB
Percpu:            32512 kB
HardwareCorrupted:     0 kB
AnonHugePages:         0 kB
ShmemHugePages:        0 kB
ShmemPmdMapped:        0 kB
FileHugePages:         0 kB
FilePmdMapped:         0 kB
CmaTotal:              0 kB
CmaFree:               0 kB
HugePages_Total:       0
HugePages_Free:        0
HugePages_Rsvd:        0
HugePages_Surp:        0
Hugepagesize:       2048 kB
Hugetlb:               0 kB
DirectMap4k:    15497632 kB
DirectMap2M:    51298304 kB
DirectMap1G:           0 kB


CPU:total 28 (initial active 28) (14 cores per cpu, 2 threads per core) family 6 model 85 stepping 4, cmov, cx8, fxsr, mmx, sse, sse2, sse3, ssse3, sse4.1, sse4.2, popcnt, avx, avx2, aes, clmul, erms, rtm, 3dnowpref, lzcnt, ht, tsc, tscinvbit, bmi1, bmi2, adx, fma
CPU Model and flags from /proc/cpuinfo:
model name	: Intel(R) Core(TM) i9-9940X CPU @ 3.30GHz
flags		: fpu vme de pse tsc msr pae mce cx8 apic sep mtrr pge mca cmov pat pse36 clflush dts acpi mmx fxsr sse sse2 ss ht tm pbe syscall nx pdpe1gb rdtscp lm constant_tsc art arch_perfmon pebs bts rep_good nopl xtopology nonstop_tsc cpuid aperfmperf pni pclmulqdq dtes64 monitor ds_cpl vmx est tm2 ssse3 sdbg fma cx16 xtpr pdcm pcid dca sse4_1 sse4_2 x2apic movbe popcnt tsc_deadline_timer aes xsave avx f16c rdrand lahf_lm abm 3dnowprefetch cpuid_fault epb cat_l3 cdp_l3 invpcid_single pti ssbd mba ibrs ibpb stibp tpr_shadow vnmi flexpriority ept vpid ept_ad fsgsbase tsc_adjust bmi1 hle avx2 smep bmi2 erms invpcid rtm cqm mpx rdt_a avx512f avx512dq rdseed adx smap clflushopt clwb intel_pt avx512cd avx512bw avx512vl xsaveopt xsavec xgetbv1 xsaves cqm_llc cqm_occup_llc cqm_mbm_total cqm_mbm_local dtherm ida arat pln pts hwp hwp_act_window hwp_epp hwp_pkg_req md_clear flush_l1d arch_capabilities

Memory: 4k page, physical 65549624k(10882236k free), swap 2097148k(0k free)

vm_info: Java HotSpot(TM) 64-Bit Server VM (9.0.4+11) for linux-amd64 JRE (9.0.4+11), built on Dec 19 2017 18:12:19 by "mach5one" with gcc 4.9.2

END.
