#
# A fatal error has been detected by the Java Runtime Environment:
#
#  SIGSEGV (0xb) at pc=0x00007fe9b2c22b2c, pid=25933, tid=26074
#
# JRE version: Java(TM) SE Runtime Environment (9.0+11) (build 9.0.4+11)
# Java VM: Java HotSpot(TM) 64-Bit Server VM (9.0.4+11, mixed mode, tiered, compressed oops, g1 gc, linux-amd64)
# Problematic frame:
# V  [libjvm.so+0x48eb2c]  Canonicalizer::do_If(If*)+0x1c
#
# Core dump will be written. Default location: Core dumps may be processed with "/usr/share/apport/apport -p%p -s%s -c%c -d%d -P%P -u%u -g%g -- %E" (or dumping to /JVMfuzzing/zjy/classming/Fuzzing-Testing-of-JVM-Implementations/core.25933)
#
# If you would like to submit a bug report, please visit:
#   http://bugreport.java.com/bugreport/crash.jsp
#

---------------  S U M M A R Y ------------

Command Line: -Xbootclasspath/a:/usr/local/java/jdk1.8.0_301/jre/lib/rt.jar -Xverify:none org.eclipse.core.runtime.adaptor.EclipseStarter -debug

Host: Intel(R) Core(TM) i9-9940X CPU @ 3.30GHz, 28 cores, 62G, Ubuntu 20.04.3 LTS
Time: Thu Nov  3 09:00:59 2022 UTC elapsed time: 0 seconds (0d 0h 0m 0s)

---------------  T H R E A D  ---------------

Current thread (0x00007fe9ac2bb800):  JavaThread "C1 CompilerThread8" daemon [_thread_in_native, id=26074, stack(0x00007fe8aaef7000,0x00007fe8aaff8000)]


Current CompileTask:
C1:    489  260 %     3       org.eclipse.core.runtime.adaptor.EclipseStarter::main @ 927 (1193 bytes)

Stack: [0x00007fe8aaef7000,0x00007fe8aaff8000],  sp=0x00007fe8aaff60c0,  free space=1020k
Native frames: (J=compiled Java code, A=aot compiled Java code, j=interpreted, Vv=VM code, C=native code)
V  [libjvm.so+0x48eb2c]  Canonicalizer::do_If(If*)+0x1c
V  [libjvm.so+0x4a0452]  GraphBuilder::append_with_bci(Instruction*, int)+0x42
V  [libjvm.so+0x4a3526]  GraphBuilder::if_node(Instruction*, Instruction::Condition, Instruction*, ValueStack*)+0x2a6
V  [libjvm.so+0x4b137a]  GraphBuilder::iterate_bytecodes_for_block(int)+0x198a
V  [libjvm.so+0x4b1ad5]  GraphBuilder::iterate_all_blocks(bool)+0x85
V  [libjvm.so+0x4b1ec9]  GraphBuilder::GraphBuilder(Compilation*, IRScope*)+0x389
V  [libjvm.so+0x4b70a8]  IR::IR(Compilation*, ciMethod*, int)+0x1e8
V  [libjvm.so+0x497832]  Compilation::build_hir() [clone .part.93]+0x162
V  [libjvm.so+0x499633]  Compilation::compile_java_method()+0x3c3
V  [libjvm.so+0x4997af]  Compilation::compile_method()+0x12f
V  [libjvm.so+0x499c31]  Compilation::Compilation(AbstractCompiler*, ciEnv*, ciMethod*, int, BufferBlob*, DirectiveSet*)+0x271
V  [libjvm.so+0x49ac1e]  Compiler::compile_method(ciEnv*, ciMethod*, int, DirectiveSet*)+0xae
V  [libjvm.so+0x6125ac]  CompileBroker::invoke_compiler_on_method(CompileTask*)+0x41c
V  [libjvm.so+0x61344b]  CompileBroker::compiler_thread_loop()+0x28b
V  [libjvm.so+0xcef338]  JavaThread::thread_main_inner()+0xd8
V  [libjvm.so+0xb6e132]  thread_native_entry(Thread*)+0xf2
C  [libpthread.so.0+0x9609]  start_thread+0xd9


siginfo: si_signo: 11 (SIGSEGV), si_code: 1 (SEGV_MAPERR), si_addr: 0x0000000000000018

Register to memory mapping:

RAX=0x0000000000000000 is an unknown value
RBX=0x00007fe880058ff0 is an unknown value
RCX=0x00007fe8aaff6800 is pointing into the stack for thread: 0x00007fe9ac2bb800
RDX=0x00007fe880058ff0 is an unknown value
RSP=0x00007fe8aaff60c0 is pointing into the stack for thread: 0x00007fe9ac2bb800
RBP=0x00007fe8aaff6130 is pointing into the stack for thread: 0x00007fe9ac2bb800
RSI=0x00007fe880058ff0 is an unknown value
RDI=0x00007fe8aaff6160 is pointing into the stack for thread: 0x00007fe9ac2bb800
R8 =0x00007fe880058d70 is an unknown value
R9 =0x00007fe8800586c0 is an unknown value
R10=0x00007fe88808eec4 is an unknown value
R11=0x0000000000000000 is an unknown value
R12=0x00007fe880059090 is an unknown value
R13=0x00007fe8aaff6460 is pointing into the stack for thread: 0x00007fe9ac2bb800
R14=0x00007fe880058ff0 is an unknown value
R15=0x00007fe880059090 is an unknown value


Registers:
RAX=0x0000000000000000, RBX=0x00007fe880058ff0, RCX=0x00007fe8aaff6800, RDX=0x00007fe880058ff0
RSP=0x00007fe8aaff60c0, RBP=0x00007fe8aaff6130, RSI=0x00007fe880058ff0, RDI=0x00007fe8aaff6160
R8 =0x00007fe880058d70, R9 =0x00007fe8800586c0, R10=0x00007fe88808eec4, R11=0x0000000000000000
R12=0x00007fe880059090, R13=0x00007fe8aaff6460, R14=0x00007fe880058ff0, R15=0x00007fe880059090
RIP=0x00007fe9b2c22b2c, EFLAGS=0x0000000000010206, CSGSFS=0x002b000000000033, ERR=0x0000000000000004
  TRAPNO=0x000000000000000e

Top of Stack: (sp=0x00007fe8aaff60c0)
0x00007fe8aaff60c0:   0000000000000003 0000000000000039
0x00007fe8aaff60d0:   00007fe8aaff6170 00007fe9b2cc6675
0x00007fe8aaff60e0:   00007fe8aaff6110 00007fe9b2c4f69f
0x00007fe8aaff60f0:   00000003aaff6120 00007fe8aaff6160 

Instructions: (pc=0x00007fe9b2c22b2c)
0x00007fe9b2c22b0c:   ff 90 66 90 55 48 89 e5 41 57 41 56 41 55 41 54
0x00007fe9b2c22b1c:   53 48 89 f3 48 83 ec 48 48 8b 46 70 48 89 7d c8
0x00007fe9b2c22b2c:   48 8b 78 18 48 8b 07 ff 50 18 84 c0 0f 85 a2 00
0x00007fe9b2c22b3c:   00 00 4c 8b 63 70 48 8b 83 80 00 00 00 49 39 c4 


---------------  P R O C E S S  ---------------

Java Threads: ( => current thread )
  0x00007fe9ac350800 JavaThread "Service Thread" daemon [_thread_blocked, id=26080, stack(0x00007fe8aa4c9000,0x00007fe8aa5ca000)]
  0x00007fe9ac2d1800 JavaThread "Common-Cleaner" daemon [_thread_blocked, id=26079, stack(0x00007fe8aa5ca000,0x00007fe8aa6cb000)]
  0x00007fe9ac2c3000 JavaThread "Sweeper thread" daemon [_thread_blocked, id=26078, stack(0x00007fe8aaaf3000,0x00007fe8aabf4000)]
  0x00007fe9ac2c1000 JavaThread "C1 CompilerThread11" daemon [_thread_blocked, id=26077, stack(0x00007fe8aabf4000,0x00007fe8aacf5000)]
  0x00007fe9ac2bf000 JavaThread "C1 CompilerThread10" daemon [_thread_blocked, id=26076, stack(0x00007fe8aacf5000,0x00007fe8aadf6000)]
  0x00007fe9ac2bd800 JavaThread "C1 CompilerThread9" daemon [_thread_blocked, id=26075, stack(0x00007fe8aadf6000,0x00007fe8aaef7000)]
=>0x00007fe9ac2bb800 JavaThread "C1 CompilerThread8" daemon [_thread_in_native, id=26074, stack(0x00007fe8aaef7000,0x00007fe8aaff8000)]
  0x00007fe9ac2b9800 JavaThread "C2 CompilerThread7" daemon [_thread_blocked, id=26073, stack(0x00007fe8aaff8000,0x00007fe8ab0f9000)]
  0x00007fe9ac2b8000 JavaThread "C2 CompilerThread6" daemon [_thread_blocked, id=26072, stack(0x00007fe8ab0f9000,0x00007fe8ab1fa000)]
  0x00007fe9ac2b6000 JavaThread "C2 CompilerThread5" daemon [_thread_blocked, id=26071, stack(0x00007fe8ab1fa000,0x00007fe8ab2fb000)]
  0x00007fe9ac2b4800 JavaThread "C2 CompilerThread4" daemon [_thread_blocked, id=26070, stack(0x00007fe8ab2fb000,0x00007fe8ab3fc000)]
  0x00007fe9ac2b2800 JavaThread "C2 CompilerThread3" daemon [_thread_blocked, id=26068, stack(0x00007fe8ab3fc000,0x00007fe8ab4fd000)]
  0x00007fe9ac2b1000 JavaThread "C2 CompilerThread2" daemon [_thread_blocked, id=26067, stack(0x00007fe8ab4fd000,0x00007fe8ab5fe000)]
  0x00007fe9ac2af000 JavaThread "C2 CompilerThread1" daemon [_thread_blocked, id=26066, stack(0x00007fe8ab5fe000,0x00007fe8ab6ff000)]
  0x00007fe9ac2ad000 JavaThread "C2 CompilerThread0" daemon [_thread_blocked, id=26065, stack(0x00007fe8ab6ff000,0x00007fe8ab800000)]
  0x00007fe9ac2ab000 JavaThread "Signal Dispatcher" daemon [_thread_blocked, id=26064, stack(0x00007fe8c001b000,0x00007fe8c011c000)]
  0x00007fe9ac291000 JavaThread "Finalizer" daemon [_thread_blocked, id=26062, stack(0x00007fe8c011c000,0x00007fe8c021d000)]
  0x00007fe9ac288800 JavaThread "Reference Handler" daemon [_thread_blocked, id=26061, stack(0x00007fe8c021d000,0x00007fe8c031e000)]
  0x00007fe9ac011800 JavaThread "main" [_thread_in_native, id=25935, stack(0x00007fe9b2546000,0x00007fe9b2645000)]

Other Threads:
  0x00007fe9ac281000 VMThread "VM Thread" [stack: 0x00007fe8c0320000,0x00007fe8c0420000] [id=26060]
  0x00007fe9ac353800 WatcherThread [stack: 0x00007fe8aa3c9000,0x00007fe8aa4c9000] [id=26081]
  0x00007fe9ac034000 GCTaskThread "GC Thread#0" [stack: 0x00007fe9b17a0000,0x00007fe9b18a0000] [id=25936]
  0x00007fe9ac035800 GCTaskThread "GC Thread#1" [stack: 0x00007fe9b169e000,0x00007fe9b179e000] [id=25937]
  0x00007fe9ac037000 GCTaskThread "GC Thread#2" [stack: 0x00007fe9b159c000,0x00007fe9b169c000] [id=25938]
  0x00007fe9ac039000 GCTaskThread "GC Thread#3" [stack: 0x00007fe9b149a000,0x00007fe9b159a000] [id=25939]
  0x00007fe9ac03a800 GCTaskThread "GC Thread#4" [stack: 0x00007fe9b1398000,0x00007fe9b1498000] [id=25940]
  0x00007fe9ac03c800 GCTaskThread "GC Thread#5" [stack: 0x00007fe9b1296000,0x00007fe9b1396000] [id=25941]
  0x00007fe9ac03e000 GCTaskThread "GC Thread#6" [stack: 0x00007fe9b1194000,0x00007fe9b1294000] [id=25942]
  0x00007fe9ac03f800 GCTaskThread "GC Thread#7" [stack: 0x00007fe9b1092000,0x00007fe9b1192000] [id=25943]
  0x00007fe9ac041800 GCTaskThread "GC Thread#8" [stack: 0x00007fe9b0f90000,0x00007fe9b1090000] [id=25944]
  0x00007fe9ac043000 GCTaskThread "GC Thread#9" [stack: 0x00007fe9b0e8e000,0x00007fe9b0f8e000] [id=25945]
  0x00007fe9ac045000 GCTaskThread "GC Thread#10" [stack: 0x00007fe9b0d8c000,0x00007fe9b0e8c000] [id=25946]
  0x00007fe9ac046800 GCTaskThread "GC Thread#11" [stack: 0x00007fe9b0c8a000,0x00007fe9b0d8a000] [id=25947]
  0x00007fe9ac048800 GCTaskThread "GC Thread#12" [stack: 0x00007fe9b0b88000,0x00007fe9b0c88000] [id=25948]
  0x00007fe9ac04a000 GCTaskThread "GC Thread#13" [stack: 0x00007fe9b0a86000,0x00007fe9b0b86000] [id=25949]
  0x00007fe9ac04c000 GCTaskThread "GC Thread#14" [stack: 0x00007fe9b0984000,0x00007fe9b0a84000] [id=25950]
  0x00007fe9ac04d800 GCTaskThread "GC Thread#15" [stack: 0x00007fe9b0882000,0x00007fe9b0982000] [id=25951]
  0x00007fe9ac04f800 GCTaskThread "GC Thread#16" [stack: 0x00007fe9b0780000,0x00007fe9b0880000] [id=25952]
  0x00007fe9ac051000 GCTaskThread "GC Thread#17" [stack: 0x00007fe9b067e000,0x00007fe9b077e000] [id=25954]
  0x00007fe9ac052800 GCTaskThread "GC Thread#18" [stack: 0x00007fe9b057c000,0x00007fe9b067c000] [id=25955]
  0x00007fe9ac054800 GCTaskThread "GC Thread#19" [stack: 0x00007fe9b047a000,0x00007fe9b057a000] [id=25956]
  0x00007fe9ac09f800 ConcurrentGCThread "G1 Main Marker" [stack: 0x00007fe911041000,0x00007fe911141000] [id=25978]
  0x00007fe9ac0a1000 ConcurrentGCThread "G1 Marker#0" [stack: 0x00007fe910f3f000,0x00007fe91103f000] [id=25979]
  0x00007fe9ac0a3000 ConcurrentGCThread "G1 Marker#1" [stack: 0x00007fe910e3d000,0x00007fe910f3d000] [id=25980]
  0x00007fe9ac0a4800 ConcurrentGCThread "G1 Marker#2" [stack: 0x00007fe910d3b000,0x00007fe910e3b000] [id=25981]
  0x00007fe9ac0a6800 ConcurrentGCThread "G1 Marker#3" [stack: 0x00007fe910c39000,0x00007fe910d39000] [id=25982]
  0x00007fe9ac0a8000 ConcurrentGCThread "G1 Marker#4" [stack: 0x00007fe910b37000,0x00007fe910c37000] [id=25983]
  0x00007fe9ac079000 ConcurrentGCThread "G1 Refine#0" [stack: 0x00007fe9136f0000,0x00007fe9137f0000] [id=25976]
  0x00007fe9ac077000 ConcurrentGCThread "G1 Refine#1" [stack: 0x00007fe9137f2000,0x00007fe9138f2000] [id=25975]
  0x00007fe9ac075000 ConcurrentGCThread "G1 Refine#2" [stack: 0x00007fe9138f4000,0x00007fe9139f4000] [id=25974]
  0x00007fe9ac073800 ConcurrentGCThread "G1 Refine#3" [stack: 0x00007fe9139f6000,0x00007fe913af6000] [id=25973]
  0x00007fe9ac071800 ConcurrentGCThread "G1 Refine#4" [stack: 0x00007fe913af8000,0x00007fe913bf8000] [id=25972]
  0x00007fe9ac070000 ConcurrentGCThread "G1 Refine#5" [stack: 0x00007fe913bfa000,0x00007fe913cfa000] [id=25971]
  0x00007fe9ac06e000 ConcurrentGCThread "G1 Refine#6" [stack: 0x00007fe913cfc000,0x00007fe913dfc000] [id=25970]
  0x00007fe9ac06c800 ConcurrentGCThread "G1 Refine#7" [stack: 0x00007fe913dfe000,0x00007fe913efe000] [id=25969]
  0x00007fe9ac06a800 ConcurrentGCThread "G1 Refine#8" [stack: 0x00007fe913f00000,0x00007fe914000000] [id=25968]
  0x00007fe9ac069000 ConcurrentGCThread "G1 Refine#9" [stack: 0x00007fe99001f000,0x00007fe99011f000] [id=25967]
  0x00007fe9ac067000 ConcurrentGCThread "G1 Refine#10" [stack: 0x00007fe990121000,0x00007fe990221000] [id=25966]
  0x00007fe9ac065000 ConcurrentGCThread "G1 Refine#11" [stack: 0x00007fe990223000,0x00007fe990323000] [id=25965]
  0x00007fe9ac063800 ConcurrentGCThread "G1 Refine#12" [stack: 0x00007fe990325000,0x00007fe990425000] [id=25964]
  0x00007fe9ac061800 ConcurrentGCThread "G1 Refine#13" [stack: 0x00007fe990427000,0x00007fe990527000] [id=25963]
  0x00007fe9ac060000 ConcurrentGCThread "G1 Refine#14" [stack: 0x00007fe990529000,0x00007fe990629000] [id=25962]
  0x00007fe9ac05e000 ConcurrentGCThread "G1 Refine#15" [stack: 0x00007fe99062b000,0x00007fe99072b000] [id=25961]
  0x00007fe9ac05c800 ConcurrentGCThread "G1 Refine#16" [stack: 0x00007fe99072d000,0x00007fe99082d000] [id=25960]
  0x00007fe9ac05a800 ConcurrentGCThread "G1 Refine#17" [stack: 0x00007fe99082f000,0x00007fe99092f000] [id=25959]
  0x00007fe9ac059000 ConcurrentGCThread "G1 Refine#18" [stack: 0x00007fe990931000,0x00007fe990a31000] [id=25958]
  0x00007fe9ac057000 ConcurrentGCThread "G1 Refine#19" [stack: 0x00007fe990a33000,0x00007fe990b33000] [id=25957]
  0x00007fe9ac07a800 ConcurrentGCThread "G1 Young RemSet Sampling" [stack: 0x00007fe9135ee000,0x00007fe9136ee000] [id=25977]

Threads with active compile tasks:
C1 CompilerThread8 260 %     3       org.eclipse.core.runtime.adaptor.EclipseStarter::main @ 927 (1193 bytes)

VM state:not at safepoint (normal execution)

VM Mutex/Monitor currently owned by a thread: None

Heap address: 0x00000003d7c00000, size: 16004 MB, Compressed Oops mode: Zero based, Oop shift amount: 3
Narrow klass base: 0x0000000000000000, Narrow klass shift: 3
Compressed class space size: 1073741824 Address: 0x00000007c0000000

Heap:
 garbage-first heap   total 1028096K, used 8192K [0x00000003d7c00000, 0x00000003d80007d8, 0x00000007c0000000)
  region size 4096K, 3 young (12288K), 0 survivors (0K)
 Metaspace       used 4285K, capacity 4614K, committed 4864K, reserved 1056768K
  class space    used 355K, capacity 386K, committed 512K, reserved 1048576K
Heap Regions: E=young(eden), S=young(survivor), O=old, HS=humongous(starts), HC=humongous(continues), CS=collection set, F=free, A=archive, TS=gc time stamp, AC=allocation context, TAMS=top-at-mark-start (previous, next)
|   0|0x00000003d7c00000, 0x00000003d7c00000, 0x00000003d8000000|  0%| F|  |TS  0|AC  0|TAMS 0x00000003d7c00000, 0x00000003d7c00000|
|   1|0x00000003d8000000, 0x00000003d8000000, 0x00000003d8400000|  0%| F|  |TS  0|AC  0|TAMS 0x00000003d8000000, 0x00000003d8000000|
|   2|0x00000003d8400000, 0x00000003d8400000, 0x00000003d8800000|  0%| F|  |TS  0|AC  0|TAMS 0x00000003d8400000, 0x00000003d8400000|
|   3|0x00000003d8800000, 0x00000003d8800000, 0x00000003d8c00000|  0%| F|  |TS  0|AC  0|TAMS 0x00000003d8800000, 0x00000003d8800000|
|   4|0x00000003d8c00000, 0x00000003d8c00000, 0x00000003d9000000|  0%| F|  |TS  0|AC  0|TAMS 0x00000003d8c00000, 0x00000003d8c00000|
|   5|0x00000003d9000000, 0x00000003d9000000, 0x00000003d9400000|  0%| F|  |TS  0|AC  0|TAMS 0x00000003d9000000, 0x00000003d9000000|
|   6|0x00000003d9400000, 0x00000003d9400000, 0x00000003d9800000|  0%| F|  |TS  0|AC  0|TAMS 0x00000003d9400000, 0x00000003d9400000|
|   7|0x00000003d9800000, 0x00000003d9800000, 0x00000003d9c00000|  0%| F|  |TS  0|AC  0|TAMS 0x00000003d9800000, 0x00000003d9800000|
|   8|0x00000003d9c00000, 0x00000003d9c00000, 0x00000003da000000|  0%| F|  |TS  0|AC  0|TAMS 0x00000003d9c00000, 0x00000003d9c00000|
|   9|0x00000003da000000, 0x00000003da000000, 0x00000003da400000|  0%| F|  |TS  0|AC  0|TAMS 0x00000003da000000, 0x00000003da000000|
|  10|0x00000003da400000, 0x00000003da400000, 0x00000003da800000|  0%| F|  |TS  0|AC  0|TAMS 0x00000003da400000, 0x00000003da400000|
|  11|0x00000003da800000, 0x00000003da800000, 0x00000003dac00000|  0%| F|  |TS  0|AC  0|TAMS 0x00000003da800000, 0x00000003da800000|
|  12|0x00000003dac00000, 0x00000003dac00000, 0x00000003db000000|  0%| F|  |TS  0|AC  0|TAMS 0x00000003dac00000, 0x00000003dac00000|
|  13|0x00000003db000000, 0x00000003db000000, 0x00000003db400000|  0%| F|  |TS  0|AC  0|TAMS 0x00000003db000000, 0x00000003db000000|
|  14|0x00000003db400000, 0x00000003db400000, 0x00000003db800000|  0%| F|  |TS  0|AC  0|TAMS 0x00000003db400000, 0x00000003db400000|
|  15|0x00000003db800000, 0x00000003db800000, 0x00000003dbc00000|  0%| F|  |TS  0|AC  0|TAMS 0x00000003db800000, 0x00000003db800000|
|  16|0x00000003dbc00000, 0x00000003dbc00000, 0x00000003dc000000|  0%| F|  |TS  0|AC  0|TAMS 0x00000003dbc00000, 0x00000003dbc00000|
|  17|0x00000003dc000000, 0x00000003dc000000, 0x00000003dc400000|  0%| F|  |TS  0|AC  0|TAMS 0x00000003dc000000, 0x00000003dc000000|
|  18|0x00000003dc400000, 0x00000003dc400000, 0x00000003dc800000|  0%| F|  |TS  0|AC  0|TAMS 0x00000003dc400000, 0x00000003dc400000|
|  19|0x00000003dc800000, 0x00000003dc800000, 0x00000003dcc00000|  0%| F|  |TS  0|AC  0|TAMS 0x00000003dc800000, 0x00000003dc800000|
|  20|0x00000003dcc00000, 0x00000003dcc00000, 0x00000003dd000000|  0%| F|  |TS  0|AC  0|TAMS 0x00000003dcc00000, 0x00000003dcc00000|
|  21|0x00000003dd000000, 0x00000003dd000000, 0x00000003dd400000|  0%| F|  |TS  0|AC  0|TAMS 0x00000003dd000000, 0x00000003dd000000|
|  22|0x00000003dd400000, 0x00000003dd400000, 0x00000003dd800000|  0%| F|  |TS  0|AC  0|TAMS 0x00000003dd400000, 0x00000003dd400000|
|  23|0x00000003dd800000, 0x00000003dd800000, 0x00000003ddc00000|  0%| F|  |TS  0|AC  0|TAMS 0x00000003dd800000, 0x00000003dd800000|
|  24|0x00000003ddc00000, 0x00000003ddc00000, 0x00000003de000000|  0%| F|  |TS  0|AC  0|TAMS 0x00000003ddc00000, 0x00000003ddc00000|
|  25|0x00000003de000000, 0x00000003de000000, 0x00000003de400000|  0%| F|  |TS  0|AC  0|TAMS 0x00000003de000000, 0x00000003de000000|
|  26|0x00000003de400000, 0x00000003de400000, 0x00000003de800000|  0%| F|  |TS  0|AC  0|TAMS 0x00000003de400000, 0x00000003de400000|
|  27|0x00000003de800000, 0x00000003de800000, 0x00000003dec00000|  0%| F|  |TS  0|AC  0|TAMS 0x00000003de800000, 0x00000003de800000|
|  28|0x00000003dec00000, 0x00000003dec00000, 0x00000003df000000|  0%| F|  |TS  0|AC  0|TAMS 0x00000003dec00000, 0x00000003dec00000|
|  29|0x00000003df000000, 0x00000003df000000, 0x00000003df400000|  0%| F|  |TS  0|AC  0|TAMS 0x00000003df000000, 0x00000003df000000|
|  30|0x00000003df400000, 0x00000003df400000, 0x00000003df800000|  0%| F|  |TS  0|AC  0|TAMS 0x00000003df400000, 0x00000003df400000|
|  31|0x00000003df800000, 0x00000003df800000, 0x00000003dfc00000|  0%| F|  |TS  0|AC  0|TAMS 0x00000003df800000, 0x00000003df800000|
|  32|0x00000003dfc00000, 0x00000003dfc00000, 0x00000003e0000000|  0%| F|  |TS  0|AC  0|TAMS 0x00000003dfc00000, 0x00000003dfc00000|
|  33|0x00000003e0000000, 0x00000003e0000000, 0x00000003e0400000|  0%| F|  |TS  0|AC  0|TAMS 0x00000003e0000000, 0x00000003e0000000|
|  34|0x00000003e0400000, 0x00000003e0400000, 0x00000003e0800000|  0%| F|  |TS  0|AC  0|TAMS 0x00000003e0400000, 0x00000003e0400000|
|  35|0x00000003e0800000, 0x00000003e0800000, 0x00000003e0c00000|  0%| F|  |TS  0|AC  0|TAMS 0x00000003e0800000, 0x00000003e0800000|
|  36|0x00000003e0c00000, 0x00000003e0c00000, 0x00000003e1000000|  0%| F|  |TS  0|AC  0|TAMS 0x00000003e0c00000, 0x00000003e0c00000|
|  37|0x00000003e1000000, 0x00000003e1000000, 0x00000003e1400000|  0%| F|  |TS  0|AC  0|TAMS 0x00000003e1000000, 0x00000003e1000000|
|  38|0x00000003e1400000, 0x00000003e1400000, 0x00000003e1800000|  0%| F|  |TS  0|AC  0|TAMS 0x00000003e1400000, 0x00000003e1400000|
|  39|0x00000003e1800000, 0x00000003e1800000, 0x00000003e1c00000|  0%| F|  |TS  0|AC  0|TAMS 0x00000003e1800000, 0x00000003e1800000|
|  40|0x00000003e1c00000, 0x00000003e1c00000, 0x00000003e2000000|  0%| F|  |TS  0|AC  0|TAMS 0x00000003e1c00000, 0x00000003e1c00000|
|  41|0x00000003e2000000, 0x00000003e2000000, 0x00000003e2400000|  0%| F|  |TS  0|AC  0|TAMS 0x00000003e2000000, 0x00000003e2000000|
|  42|0x00000003e2400000, 0x00000003e2400000, 0x00000003e2800000|  0%| F|  |TS  0|AC  0|TAMS 0x00000003e2400000, 0x00000003e2400000|
|  43|0x00000003e2800000, 0x00000003e2800000, 0x00000003e2c00000|  0%| F|  |TS  0|AC  0|TAMS 0x00000003e2800000, 0x00000003e2800000|
|  44|0x00000003e2c00000, 0x00000003e2c00000, 0x00000003e3000000|  0%| F|  |TS  0|AC  0|TAMS 0x00000003e2c00000, 0x00000003e2c00000|
|  45|0x00000003e3000000, 0x00000003e3000000, 0x00000003e3400000|  0%| F|  |TS  0|AC  0|TAMS 0x00000003e3000000, 0x00000003e3000000|
|  46|0x00000003e3400000, 0x00000003e3400000, 0x00000003e3800000|  0%| F|  |TS  0|AC  0|TAMS 0x00000003e3400000, 0x00000003e3400000|
|  47|0x00000003e3800000, 0x00000003e3800000, 0x00000003e3c00000|  0%| F|  |TS  0|AC  0|TAMS 0x00000003e3800000, 0x00000003e3800000|
|  48|0x00000003e3c00000, 0x00000003e3c00000, 0x00000003e4000000|  0%| F|  |TS  0|AC  0|TAMS 0x00000003e3c00000, 0x00000003e3c00000|
|  49|0x00000003e4000000, 0x00000003e4000000, 0x00000003e4400000|  0%| F|  |TS  0|AC  0|TAMS 0x00000003e4000000, 0x00000003e4000000|
|  50|0x00000003e4400000, 0x00000003e4400000, 0x00000003e4800000|  0%| F|  |TS  0|AC  0|TAMS 0x00000003e4400000, 0x00000003e4400000|
|  51|0x00000003e4800000, 0x00000003e4800000, 0x00000003e4c00000|  0%| F|  |TS  0|AC  0|TAMS 0x00000003e4800000, 0x00000003e4800000|
|  52|0x00000003e4c00000, 0x00000003e4c00000, 0x00000003e5000000|  0%| F|  |TS  0|AC  0|TAMS 0x00000003e4c00000, 0x00000003e4c00000|
|  53|0x00000003e5000000, 0x00000003e5000000, 0x00000003e5400000|  0%| F|  |TS  0|AC  0|TAMS 0x00000003e5000000, 0x00000003e5000000|
|  54|0x00000003e5400000, 0x00000003e5400000, 0x00000003e5800000|  0%| F|  |TS  0|AC  0|TAMS 0x00000003e5400000, 0x00000003e5400000|
|  55|0x00000003e5800000, 0x00000003e5800000, 0x00000003e5c00000|  0%| F|  |TS  0|AC  0|TAMS 0x00000003e5800000, 0x00000003e5800000|
|  56|0x00000003e5c00000, 0x00000003e5c00000, 0x00000003e6000000|  0%| F|  |TS  0|AC  0|TAMS 0x00000003e5c00000, 0x00000003e5c00000|
|  57|0x00000003e6000000, 0x00000003e6000000, 0x00000003e6400000|  0%| F|  |TS  0|AC  0|TAMS 0x00000003e6000000, 0x00000003e6000000|
|  58|0x00000003e6400000, 0x00000003e6400000, 0x00000003e6800000|  0%| F|  |TS  0|AC  0|TAMS 0x00000003e6400000, 0x00000003e6400000|
|  59|0x00000003e6800000, 0x00000003e6800000, 0x00000003e6c00000|  0%| F|  |TS  0|AC  0|TAMS 0x00000003e6800000, 0x00000003e6800000|
|  60|0x00000003e6c00000, 0x00000003e6c00000, 0x00000003e7000000|  0%| F|  |TS  0|AC  0|TAMS 0x00000003e6c00000, 0x00000003e6c00000|
|  61|0x00000003e7000000, 0x00000003e7000000, 0x00000003e7400000|  0%| F|  |TS  0|AC  0|TAMS 0x00000003e7000000, 0x00000003e7000000|
|  62|0x00000003e7400000, 0x00000003e7400000, 0x00000003e7800000|  0%| F|  |TS  0|AC  0|TAMS 0x00000003e7400000, 0x00000003e7400000|
|  63|0x00000003e7800000, 0x00000003e7800000, 0x00000003e7c00000|  0%| F|  |TS  0|AC  0|TAMS 0x00000003e7800000, 0x00000003e7800000|
|  64|0x00000003e7c00000, 0x00000003e7c00000, 0x00000003e8000000|  0%| F|  |TS  0|AC  0|TAMS 0x00000003e7c00000, 0x00000003e7c00000|
|  65|0x00000003e8000000, 0x00000003e8000000, 0x00000003e8400000|  0%| F|  |TS  0|AC  0|TAMS 0x00000003e8000000, 0x00000003e8000000|
|  66|0x00000003e8400000, 0x00000003e8400000, 0x00000003e8800000|  0%| F|  |TS  0|AC  0|TAMS 0x00000003e8400000, 0x00000003e8400000|
|  67|0x00000003e8800000, 0x00000003e8800000, 0x00000003e8c00000|  0%| F|  |TS  0|AC  0|TAMS 0x00000003e8800000, 0x00000003e8800000|
|  68|0x00000003e8c00000, 0x00000003e8c00000, 0x00000003e9000000|  0%| F|  |TS  0|AC  0|TAMS 0x00000003e8c00000, 0x00000003e8c00000|
|  69|0x00000003e9000000, 0x00000003e9000000, 0x00000003e9400000|  0%| F|  |TS  0|AC  0|TAMS 0x00000003e9000000, 0x00000003e9000000|
|  70|0x00000003e9400000, 0x00000003e9400000, 0x00000003e9800000|  0%| F|  |TS  0|AC  0|TAMS 0x00000003e9400000, 0x00000003e9400000|
|  71|0x00000003e9800000, 0x00000003e9800000, 0x00000003e9c00000|  0%| F|  |TS  0|AC  0|TAMS 0x00000003e9800000, 0x00000003e9800000|
|  72|0x00000003e9c00000, 0x00000003e9c00000, 0x00000003ea000000|  0%| F|  |TS  0|AC  0|TAMS 0x00000003e9c00000, 0x00000003e9c00000|
|  73|0x00000003ea000000, 0x00000003ea000000, 0x00000003ea400000|  0%| F|  |TS  0|AC  0|TAMS 0x00000003ea000000, 0x00000003ea000000|
|  74|0x00000003ea400000, 0x00000003ea400000, 0x00000003ea800000|  0%| F|  |TS  0|AC  0|TAMS 0x00000003ea400000, 0x00000003ea400000|
|  75|0x00000003ea800000, 0x00000003ea800000, 0x00000003eac00000|  0%| F|  |TS  0|AC  0|TAMS 0x00000003ea800000, 0x00000003ea800000|
|  76|0x00000003eac00000, 0x00000003eac00000, 0x00000003eb000000|  0%| F|  |TS  0|AC  0|TAMS 0x00000003eac00000, 0x00000003eac00000|
|  77|0x00000003eb000000, 0x00000003eb000000, 0x00000003eb400000|  0%| F|  |TS  0|AC  0|TAMS 0x00000003eb000000, 0x00000003eb000000|
|  78|0x00000003eb400000, 0x00000003eb400000, 0x00000003eb800000|  0%| F|  |TS  0|AC  0|TAMS 0x00000003eb400000, 0x00000003eb400000|
|  79|0x00000003eb800000, 0x00000003eb800000, 0x00000003ebc00000|  0%| F|  |TS  0|AC  0|TAMS 0x00000003eb800000, 0x00000003eb800000|
|  80|0x00000003ebc00000, 0x00000003ebc00000, 0x00000003ec000000|  0%| F|  |TS  0|AC  0|TAMS 0x00000003ebc00000, 0x00000003ebc00000|
|  81|0x00000003ec000000, 0x00000003ec000000, 0x00000003ec400000|  0%| F|  |TS  0|AC  0|TAMS 0x00000003ec000000, 0x00000003ec000000|
|  82|0x00000003ec400000, 0x00000003ec400000, 0x00000003ec800000|  0%| F|  |TS  0|AC  0|TAMS 0x00000003ec400000, 0x00000003ec400000|
|  83|0x00000003ec800000, 0x00000003ec800000, 0x00000003ecc00000|  0%| F|  |TS  0|AC  0|TAMS 0x00000003ec800000, 0x00000003ec800000|
|  84|0x00000003ecc00000, 0x00000003ecc00000, 0x00000003ed000000|  0%| F|  |TS  0|AC  0|TAMS 0x00000003ecc00000, 0x00000003ecc00000|
|  85|0x00000003ed000000, 0x00000003ed000000, 0x00000003ed400000|  0%| F|  |TS  0|AC  0|TAMS 0x00000003ed000000, 0x00000003ed000000|
|  86|0x00000003ed400000, 0x00000003ed400000, 0x00000003ed800000|  0%| F|  |TS  0|AC  0|TAMS 0x00000003ed400000, 0x00000003ed400000|
|  87|0x00000003ed800000, 0x00000003ed800000, 0x00000003edc00000|  0%| F|  |TS  0|AC  0|TAMS 0x00000003ed800000, 0x00000003ed800000|
|  88|0x00000003edc00000, 0x00000003edc00000, 0x00000003ee000000|  0%| F|  |TS  0|AC  0|TAMS 0x00000003edc00000, 0x00000003edc00000|
|  89|0x00000003ee000000, 0x00000003ee000000, 0x00000003ee400000|  0%| F|  |TS  0|AC  0|TAMS 0x00000003ee000000, 0x00000003ee000000|
|  90|0x00000003ee400000, 0x00000003ee400000, 0x00000003ee800000|  0%| F|  |TS  0|AC  0|TAMS 0x00000003ee400000, 0x00000003ee400000|
|  91|0x00000003ee800000, 0x00000003ee800000, 0x00000003eec00000|  0%| F|  |TS  0|AC  0|TAMS 0x00000003ee800000, 0x00000003ee800000|
|  92|0x00000003eec00000, 0x00000003eec00000, 0x00000003ef000000|  0%| F|  |TS  0|AC  0|TAMS 0x00000003eec00000, 0x00000003eec00000|
|  93|0x00000003ef000000, 0x00000003ef000000, 0x00000003ef400000|  0%| F|  |TS  0|AC  0|TAMS 0x00000003ef000000, 0x00000003ef000000|
|  94|0x00000003ef400000, 0x00000003ef400000, 0x00000003ef800000|  0%| F|  |TS  0|AC  0|TAMS 0x00000003ef400000, 0x00000003ef400000|
|  95|0x00000003ef800000, 0x00000003ef800000, 0x00000003efc00000|  0%| F|  |TS  0|AC  0|TAMS 0x00000003ef800000, 0x00000003ef800000|
|  96|0x00000003efc00000, 0x00000003efc00000, 0x00000003f0000000|  0%| F|  |TS  0|AC  0|TAMS 0x00000003efc00000, 0x00000003efc00000|
|  97|0x00000003f0000000, 0x00000003f0000000, 0x00000003f0400000|  0%| F|  |TS  0|AC  0|TAMS 0x00000003f0000000, 0x00000003f0000000|
|  98|0x00000003f0400000, 0x00000003f0400000, 0x00000003f0800000|  0%| F|  |TS  0|AC  0|TAMS 0x00000003f0400000, 0x00000003f0400000|
|  99|0x00000003f0800000, 0x00000003f0800000, 0x00000003f0c00000|  0%| F|  |TS  0|AC  0|TAMS 0x00000003f0800000, 0x00000003f0800000|
| 100|0x00000003f0c00000, 0x00000003f0c00000, 0x00000003f1000000|  0%| F|  |TS  0|AC  0|TAMS 0x00000003f0c00000, 0x00000003f0c00000|
| 101|0x00000003f1000000, 0x00000003f1000000, 0x00000003f1400000|  0%| F|  |TS  0|AC  0|TAMS 0x00000003f1000000, 0x00000003f1000000|
| 102|0x00000003f1400000, 0x00000003f1400000, 0x00000003f1800000|  0%| F|  |TS  0|AC  0|TAMS 0x00000003f1400000, 0x00000003f1400000|
| 103|0x00000003f1800000, 0x00000003f1800000, 0x00000003f1c00000|  0%| F|  |TS  0|AC  0|TAMS 0x00000003f1800000, 0x00000003f1800000|
| 104|0x00000003f1c00000, 0x00000003f1c00000, 0x00000003f2000000|  0%| F|  |TS  0|AC  0|TAMS 0x00000003f1c00000, 0x00000003f1c00000|
| 105|0x00000003f2000000, 0x00000003f2000000, 0x00000003f2400000|  0%| F|  |TS  0|AC  0|TAMS 0x00000003f2000000, 0x00000003f2000000|
| 106|0x00000003f2400000, 0x00000003f2400000, 0x00000003f2800000|  0%| F|  |TS  0|AC  0|TAMS 0x00000003f2400000, 0x00000003f2400000|
| 107|0x00000003f2800000, 0x00000003f2800000, 0x00000003f2c00000|  0%| F|  |TS  0|AC  0|TAMS 0x00000003f2800000, 0x00000003f2800000|
| 108|0x00000003f2c00000, 0x00000003f2c00000, 0x00000003f3000000|  0%| F|  |TS  0|AC  0|TAMS 0x00000003f2c00000, 0x00000003f2c00000|
| 109|0x00000003f3000000, 0x00000003f3000000, 0x00000003f3400000|  0%| F|  |TS  0|AC  0|TAMS 0x00000003f3000000, 0x00000003f3000000|
| 110|0x00000003f3400000, 0x00000003f3400000, 0x00000003f3800000|  0%| F|  |TS  0|AC  0|TAMS 0x00000003f3400000, 0x00000003f3400000|
| 111|0x00000003f3800000, 0x00000003f3800000, 0x00000003f3c00000|  0%| F|  |TS  0|AC  0|TAMS 0x00000003f3800000, 0x00000003f3800000|
| 112|0x00000003f3c00000, 0x00000003f3c00000, 0x00000003f4000000|  0%| F|  |TS  0|AC  0|TAMS 0x00000003f3c00000, 0x00000003f3c00000|
| 113|0x00000003f4000000, 0x00000003f4000000, 0x00000003f4400000|  0%| F|  |TS  0|AC  0|TAMS 0x00000003f4000000, 0x00000003f4000000|
| 114|0x00000003f4400000, 0x00000003f4400000, 0x00000003f4800000|  0%| F|  |TS  0|AC  0|TAMS 0x00000003f4400000, 0x00000003f4400000|
| 115|0x00000003f4800000, 0x00000003f4800000, 0x00000003f4c00000|  0%| F|  |TS  0|AC  0|TAMS 0x00000003f4800000, 0x00000003f4800000|
| 116|0x00000003f4c00000, 0x00000003f4c00000, 0x00000003f5000000|  0%| F|  |TS  0|AC  0|TAMS 0x00000003f4c00000, 0x00000003f4c00000|
| 117|0x00000003f5000000, 0x00000003f5000000, 0x00000003f5400000|  0%| F|  |TS  0|AC  0|TAMS 0x00000003f5000000, 0x00000003f5000000|
| 118|0x00000003f5400000, 0x00000003f5400000, 0x00000003f5800000|  0%| F|  |TS  0|AC  0|TAMS 0x00000003f5400000, 0x00000003f5400000|
| 119|0x00000003f5800000, 0x00000003f5800000, 0x00000003f5c00000|  0%| F|  |TS  0|AC  0|TAMS 0x00000003f5800000, 0x00000003f5800000|
| 120|0x00000003f5c00000, 0x00000003f5c00000, 0x00000003f6000000|  0%| F|  |TS  0|AC  0|TAMS 0x00000003f5c00000, 0x00000003f5c00000|
| 121|0x00000003f6000000, 0x00000003f6000000, 0x00000003f6400000|  0%| F|  |TS  0|AC  0|TAMS 0x00000003f6000000, 0x00000003f6000000|
| 122|0x00000003f6400000, 0x00000003f6400000, 0x00000003f6800000|  0%| F|  |TS  0|AC  0|TAMS 0x00000003f6400000, 0x00000003f6400000|
| 123|0x00000003f6800000, 0x00000003f6800000, 0x00000003f6c00000|  0%| F|  |TS  0|AC  0|TAMS 0x00000003f6800000, 0x00000003f6800000|
| 124|0x00000003f6c00000, 0x00000003f6c00000, 0x00000003f7000000|  0%| F|  |TS  0|AC  0|TAMS 0x00000003f6c00000, 0x00000003f6c00000|
| 125|0x00000003f7000000, 0x00000003f7000000, 0x00000003f7400000|  0%| F|  |TS  0|AC  0|TAMS 0x00000003f7000000, 0x00000003f7000000|
| 126|0x00000003f7400000, 0x00000003f7400000, 0x00000003f7800000|  0%| F|  |TS  0|AC  0|TAMS 0x00000003f7400000, 0x00000003f7400000|
| 127|0x00000003f7800000, 0x00000003f7800000, 0x00000003f7c00000|  0%| F|  |TS  0|AC  0|TAMS 0x00000003f7800000, 0x00000003f7800000|
| 128|0x00000003f7c00000, 0x00000003f7c00000, 0x00000003f8000000|  0%| F|  |TS  0|AC  0|TAMS 0x00000003f7c00000, 0x00000003f7c00000|
| 129|0x00000003f8000000, 0x00000003f8000000, 0x00000003f8400000|  0%| F|  |TS  0|AC  0|TAMS 0x00000003f8000000, 0x00000003f8000000|
| 130|0x00000003f8400000, 0x00000003f8400000, 0x00000003f8800000|  0%| F|  |TS  0|AC  0|TAMS 0x00000003f8400000, 0x00000003f8400000|
| 131|0x00000003f8800000, 0x00000003f8800000, 0x00000003f8c00000|  0%| F|  |TS  0|AC  0|TAMS 0x00000003f8800000, 0x00000003f8800000|
| 132|0x00000003f8c00000, 0x00000003f8c00000, 0x00000003f9000000|  0%| F|  |TS  0|AC  0|TAMS 0x00000003f8c00000, 0x00000003f8c00000|
| 133|0x00000003f9000000, 0x00000003f9000000, 0x00000003f9400000|  0%| F|  |TS  0|AC  0|TAMS 0x00000003f9000000, 0x00000003f9000000|
| 134|0x00000003f9400000, 0x00000003f9400000, 0x00000003f9800000|  0%| F|  |TS  0|AC  0|TAMS 0x00000003f9400000, 0x00000003f9400000|
| 135|0x00000003f9800000, 0x00000003f9800000, 0x00000003f9c00000|  0%| F|  |TS  0|AC  0|TAMS 0x00000003f9800000, 0x00000003f9800000|
| 136|0x00000003f9c00000, 0x00000003f9c00000, 0x00000003fa000000|  0%| F|  |TS  0|AC  0|TAMS 0x00000003f9c00000, 0x00000003f9c00000|
| 137|0x00000003fa000000, 0x00000003fa000000, 0x00000003fa400000|  0%| F|  |TS  0|AC  0|TAMS 0x00000003fa000000, 0x00000003fa000000|
| 138|0x00000003fa400000, 0x00000003fa400000, 0x00000003fa800000|  0%| F|  |TS  0|AC  0|TAMS 0x00000003fa400000, 0x00000003fa400000|
| 139|0x00000003fa800000, 0x00000003fa800000, 0x00000003fac00000|  0%| F|  |TS  0|AC  0|TAMS 0x00000003fa800000, 0x00000003fa800000|
| 140|0x00000003fac00000, 0x00000003fac00000, 0x00000003fb000000|  0%| F|  |TS  0|AC  0|TAMS 0x00000003fac00000, 0x00000003fac00000|
| 141|0x00000003fb000000, 0x00000003fb000000, 0x00000003fb400000|  0%| F|  |TS  0|AC  0|TAMS 0x00000003fb000000, 0x00000003fb000000|
| 142|0x00000003fb400000, 0x00000003fb400000, 0x00000003fb800000|  0%| F|  |TS  0|AC  0|TAMS 0x00000003fb400000, 0x00000003fb400000|
| 143|0x00000003fb800000, 0x00000003fb800000, 0x00000003fbc00000|  0%| F|  |TS  0|AC  0|TAMS 0x00000003fb800000, 0x00000003fb800000|
| 144|0x00000003fbc00000, 0x00000003fbc00000, 0x00000003fc000000|  0%| F|  |TS  0|AC  0|TAMS 0x00000003fbc00000, 0x00000003fbc00000|
| 145|0x00000003fc000000, 0x00000003fc000000, 0x00000003fc400000|  0%| F|  |TS  0|AC  0|TAMS 0x00000003fc000000, 0x00000003fc000000|
| 146|0x00000003fc400000, 0x00000003fc400000, 0x00000003fc800000|  0%| F|  |TS  0|AC  0|TAMS 0x00000003fc400000, 0x00000003fc400000|
| 147|0x00000003fc800000, 0x00000003fc800000, 0x00000003fcc00000|  0%| F|  |TS  0|AC  0|TAMS 0x00000003fc800000, 0x00000003fc800000|
| 148|0x00000003fcc00000, 0x00000003fcc00000, 0x00000003fd000000|  0%| F|  |TS  0|AC  0|TAMS 0x00000003fcc00000, 0x00000003fcc00000|
| 149|0x00000003fd000000, 0x00000003fd000000, 0x00000003fd400000|  0%| F|  |TS  0|AC  0|TAMS 0x00000003fd000000, 0x00000003fd000000|
| 150|0x00000003fd400000, 0x00000003fd400000, 0x00000003fd800000|  0%| F|  |TS  0|AC  0|TAMS 0x00000003fd400000, 0x00000003fd400000|
| 151|0x00000003fd800000, 0x00000003fd800000, 0x00000003fdc00000|  0%| F|  |TS  0|AC  0|TAMS 0x00000003fd800000, 0x00000003fd800000|
| 152|0x00000003fdc00000, 0x00000003fdc00000, 0x00000003fe000000|  0%| F|  |TS  0|AC  0|TAMS 0x00000003fdc00000, 0x00000003fdc00000|
| 153|0x00000003fe000000, 0x00000003fe000000, 0x00000003fe400000|  0%| F|  |TS  0|AC  0|TAMS 0x00000003fe000000, 0x00000003fe000000|
| 154|0x00000003fe400000, 0x00000003fe400000, 0x00000003fe800000|  0%| F|  |TS  0|AC  0|TAMS 0x00000003fe400000, 0x00000003fe400000|
| 155|0x00000003fe800000, 0x00000003fe800000, 0x00000003fec00000|  0%| F|  |TS  0|AC  0|TAMS 0x00000003fe800000, 0x00000003fe800000|
| 156|0x00000003fec00000, 0x00000003fec00000, 0x00000003ff000000|  0%| F|  |TS  0|AC  0|TAMS 0x00000003fec00000, 0x00000003fec00000|
| 157|0x00000003ff000000, 0x00000003ff000000, 0x00000003ff400000|  0%| F|  |TS  0|AC  0|TAMS 0x00000003ff000000, 0x00000003ff000000|
| 158|0x00000003ff400000, 0x00000003ff400000, 0x00000003ff800000|  0%| F|  |TS  0|AC  0|TAMS 0x00000003ff400000, 0x00000003ff400000|
| 159|0x00000003ff800000, 0x00000003ff800000, 0x00000003ffc00000|  0%| F|  |TS  0|AC  0|TAMS 0x00000003ff800000, 0x00000003ff800000|
| 160|0x00000003ffc00000, 0x00000003ffc00000, 0x0000000400000000|  0%| F|  |TS  0|AC  0|TAMS 0x00000003ffc00000, 0x00000003ffc00000|
| 161|0x0000000400000000, 0x0000000400000000, 0x0000000400400000|  0%| F|  |TS  0|AC  0|TAMS 0x0000000400000000, 0x0000000400000000|
| 162|0x0000000400400000, 0x0000000400400000, 0x0000000400800000|  0%| F|  |TS  0|AC  0|TAMS 0x0000000400400000, 0x0000000400400000|
| 163|0x0000000400800000, 0x0000000400800000, 0x0000000400c00000|  0%| F|  |TS  0|AC  0|TAMS 0x0000000400800000, 0x0000000400800000|
| 164|0x0000000400c00000, 0x0000000400c00000, 0x0000000401000000|  0%| F|  |TS  0|AC  0|TAMS 0x0000000400c00000, 0x0000000400c00000|
| 165|0x0000000401000000, 0x0000000401000000, 0x0000000401400000|  0%| F|  |TS  0|AC  0|TAMS 0x0000000401000000, 0x0000000401000000|
| 166|0x0000000401400000, 0x0000000401400000, 0x0000000401800000|  0%| F|  |TS  0|AC  0|TAMS 0x0000000401400000, 0x0000000401400000|
| 167|0x0000000401800000, 0x0000000401800000, 0x0000000401c00000|  0%| F|  |TS  0|AC  0|TAMS 0x0000000401800000, 0x0000000401800000|
| 168|0x0000000401c00000, 0x0000000401c00000, 0x0000000402000000|  0%| F|  |TS  0|AC  0|TAMS 0x0000000401c00000, 0x0000000401c00000|
| 169|0x0000000402000000, 0x0000000402000000, 0x0000000402400000|  0%| F|  |TS  0|AC  0|TAMS 0x0000000402000000, 0x0000000402000000|
| 170|0x0000000402400000, 0x0000000402400000, 0x0000000402800000|  0%| F|  |TS  0|AC  0|TAMS 0x0000000402400000, 0x0000000402400000|
| 171|0x0000000402800000, 0x0000000402800000, 0x0000000402c00000|  0%| F|  |TS  0|AC  0|TAMS 0x0000000402800000, 0x0000000402800000|
| 172|0x0000000402c00000, 0x0000000402c00000, 0x0000000403000000|  0%| F|  |TS  0|AC  0|TAMS 0x0000000402c00000, 0x0000000402c00000|
| 173|0x0000000403000000, 0x0000000403000000, 0x0000000403400000|  0%| F|  |TS  0|AC  0|TAMS 0x0000000403000000, 0x0000000403000000|
| 174|0x0000000403400000, 0x0000000403400000, 0x0000000403800000|  0%| F|  |TS  0|AC  0|TAMS 0x0000000403400000, 0x0000000403400000|
| 175|0x0000000403800000, 0x0000000403800000, 0x0000000403c00000|  0%| F|  |TS  0|AC  0|TAMS 0x0000000403800000, 0x0000000403800000|
| 176|0x0000000403c00000, 0x0000000403c00000, 0x0000000404000000|  0%| F|  |TS  0|AC  0|TAMS 0x0000000403c00000, 0x0000000403c00000|
| 177|0x0000000404000000, 0x0000000404000000, 0x0000000404400000|  0%| F|  |TS  0|AC  0|TAMS 0x0000000404000000, 0x0000000404000000|
| 178|0x0000000404400000, 0x0000000404400000, 0x0000000404800000|  0%| F|  |TS  0|AC  0|TAMS 0x0000000404400000, 0x0000000404400000|
| 179|0x0000000404800000, 0x0000000404800000, 0x0000000404c00000|  0%| F|  |TS  0|AC  0|TAMS 0x0000000404800000, 0x0000000404800000|
| 180|0x0000000404c00000, 0x0000000404c00000, 0x0000000405000000|  0%| F|  |TS  0|AC  0|TAMS 0x0000000404c00000, 0x0000000404c00000|
| 181|0x0000000405000000, 0x0000000405000000, 0x0000000405400000|  0%| F|  |TS  0|AC  0|TAMS 0x0000000405000000, 0x0000000405000000|
| 182|0x0000000405400000, 0x0000000405400000, 0x0000000405800000|  0%| F|  |TS  0|AC  0|TAMS 0x0000000405400000, 0x0000000405400000|
| 183|0x0000000405800000, 0x0000000405800000, 0x0000000405c00000|  0%| F|  |TS  0|AC  0|TAMS 0x0000000405800000, 0x0000000405800000|
| 184|0x0000000405c00000, 0x0000000405c00000, 0x0000000406000000|  0%| F|  |TS  0|AC  0|TAMS 0x0000000405c00000, 0x0000000405c00000|
| 185|0x0000000406000000, 0x0000000406000000, 0x0000000406400000|  0%| F|  |TS  0|AC  0|TAMS 0x0000000406000000, 0x0000000406000000|
| 186|0x0000000406400000, 0x0000000406400000, 0x0000000406800000|  0%| F|  |TS  0|AC  0|TAMS 0x0000000406400000, 0x0000000406400000|
| 187|0x0000000406800000, 0x0000000406800000, 0x0000000406c00000|  0%| F|  |TS  0|AC  0|TAMS 0x0000000406800000, 0x0000000406800000|
| 188|0x0000000406c00000, 0x0000000406c00000, 0x0000000407000000|  0%| F|  |TS  0|AC  0|TAMS 0x0000000406c00000, 0x0000000406c00000|
| 189|0x0000000407000000, 0x0000000407000000, 0x0000000407400000|  0%| F|  |TS  0|AC  0|TAMS 0x0000000407000000, 0x0000000407000000|
| 190|0x0000000407400000, 0x0000000407400000, 0x0000000407800000|  0%| F|  |TS  0|AC  0|TAMS 0x0000000407400000, 0x0000000407400000|
| 191|0x0000000407800000, 0x0000000407800000, 0x0000000407c00000|  0%| F|  |TS  0|AC  0|TAMS 0x0000000407800000, 0x0000000407800000|
| 192|0x0000000407c00000, 0x0000000407c00000, 0x0000000408000000|  0%| F|  |TS  0|AC  0|TAMS 0x0000000407c00000, 0x0000000407c00000|
| 193|0x0000000408000000, 0x0000000408000000, 0x0000000408400000|  0%| F|  |TS  0|AC  0|TAMS 0x0000000408000000, 0x0000000408000000|
| 194|0x0000000408400000, 0x0000000408400000, 0x0000000408800000|  0%| F|  |TS  0|AC  0|TAMS 0x0000000408400000, 0x0000000408400000|
| 195|0x0000000408800000, 0x0000000408800000, 0x0000000408c00000|  0%| F|  |TS  0|AC  0|TAMS 0x0000000408800000, 0x0000000408800000|
| 196|0x0000000408c00000, 0x0000000408c00000, 0x0000000409000000|  0%| F|  |TS  0|AC  0|TAMS 0x0000000408c00000, 0x0000000408c00000|
| 197|0x0000000409000000, 0x0000000409000000, 0x0000000409400000|  0%| F|  |TS  0|AC  0|TAMS 0x0000000409000000, 0x0000000409000000|
| 198|0x0000000409400000, 0x0000000409400000, 0x0000000409800000|  0%| F|  |TS  0|AC  0|TAMS 0x0000000409400000, 0x0000000409400000|
| 199|0x0000000409800000, 0x0000000409800000, 0x0000000409c00000|  0%| F|  |TS  0|AC  0|TAMS 0x0000000409800000, 0x0000000409800000|
| 200|0x0000000409c00000, 0x0000000409c00000, 0x000000040a000000|  0%| F|  |TS  0|AC  0|TAMS 0x0000000409c00000, 0x0000000409c00000|
| 201|0x000000040a000000, 0x000000040a000000, 0x000000040a400000|  0%| F|  |TS  0|AC  0|TAMS 0x000000040a000000, 0x000000040a000000|
| 202|0x000000040a400000, 0x000000040a400000, 0x000000040a800000|  0%| F|  |TS  0|AC  0|TAMS 0x000000040a400000, 0x000000040a400000|
| 203|0x000000040a800000, 0x000000040a800000, 0x000000040ac00000|  0%| F|  |TS  0|AC  0|TAMS 0x000000040a800000, 0x000000040a800000|
| 204|0x000000040ac00000, 0x000000040ac00000, 0x000000040b000000|  0%| F|  |TS  0|AC  0|TAMS 0x000000040ac00000, 0x000000040ac00000|
| 205|0x000000040b000000, 0x000000040b000000, 0x000000040b400000|  0%| F|  |TS  0|AC  0|TAMS 0x000000040b000000, 0x000000040b000000|
| 206|0x000000040b400000, 0x000000040b400000, 0x000000040b800000|  0%| F|  |TS  0|AC  0|TAMS 0x000000040b400000, 0x000000040b400000|
| 207|0x000000040b800000, 0x000000040b800000, 0x000000040bc00000|  0%| F|  |TS  0|AC  0|TAMS 0x000000040b800000, 0x000000040b800000|
| 208|0x000000040bc00000, 0x000000040bc00000, 0x000000040c000000|  0%| F|  |TS  0|AC  0|TAMS 0x000000040bc00000, 0x000000040bc00000|
| 209|0x000000040c000000, 0x000000040c000000, 0x000000040c400000|  0%| F|  |TS  0|AC  0|TAMS 0x000000040c000000, 0x000000040c000000|
| 210|0x000000040c400000, 0x000000040c400000, 0x000000040c800000|  0%| F|  |TS  0|AC  0|TAMS 0x000000040c400000, 0x000000040c400000|
| 211|0x000000040c800000, 0x000000040c800000, 0x000000040cc00000|  0%| F|  |TS  0|AC  0|TAMS 0x000000040c800000, 0x000000040c800000|
| 212|0x000000040cc00000, 0x000000040cc00000, 0x000000040d000000|  0%| F|  |TS  0|AC  0|TAMS 0x000000040cc00000, 0x000000040cc00000|
| 213|0x000000040d000000, 0x000000040d000000, 0x000000040d400000|  0%| F|  |TS  0|AC  0|TAMS 0x000000040d000000, 0x000000040d000000|
| 214|0x000000040d400000, 0x000000040d400000, 0x000000040d800000|  0%| F|  |TS  0|AC  0|TAMS 0x000000040d400000, 0x000000040d400000|
| 215|0x000000040d800000, 0x000000040d800000, 0x000000040dc00000|  0%| F|  |TS  0|AC  0|TAMS 0x000000040d800000, 0x000000040d800000|
| 216|0x000000040dc00000, 0x000000040dc00000, 0x000000040e000000|  0%| F|  |TS  0|AC  0|TAMS 0x000000040dc00000, 0x000000040dc00000|
| 217|0x000000040e000000, 0x000000040e000000, 0x000000040e400000|  0%| F|  |TS  0|AC  0|TAMS 0x000000040e000000, 0x000000040e000000|
| 218|0x000000040e400000, 0x000000040e400000, 0x000000040e800000|  0%| F|  |TS  0|AC  0|TAMS 0x000000040e400000, 0x000000040e400000|
| 219|0x000000040e800000, 0x000000040e800000, 0x000000040ec00000|  0%| F|  |TS  0|AC  0|TAMS 0x000000040e800000, 0x000000040e800000|
| 220|0x000000040ec00000, 0x000000040ec00000, 0x000000040f000000|  0%| F|  |TS  0|AC  0|TAMS 0x000000040ec00000, 0x000000040ec00000|
| 221|0x000000040f000000, 0x000000040f000000, 0x000000040f400000|  0%| F|  |TS  0|AC  0|TAMS 0x000000040f000000, 0x000000040f000000|
| 222|0x000000040f400000, 0x000000040f400000, 0x000000040f800000|  0%| F|  |TS  0|AC  0|TAMS 0x000000040f400000, 0x000000040f400000|
| 223|0x000000040f800000, 0x000000040f800000, 0x000000040fc00000|  0%| F|  |TS  0|AC  0|TAMS 0x000000040f800000, 0x000000040f800000|
| 224|0x000000040fc00000, 0x000000040fc00000, 0x0000000410000000|  0%| F|  |TS  0|AC  0|TAMS 0x000000040fc00000, 0x000000040fc00000|
| 225|0x0000000410000000, 0x0000000410000000, 0x0000000410400000|  0%| F|  |TS  0|AC  0|TAMS 0x0000000410000000, 0x0000000410000000|
| 226|0x0000000410400000, 0x0000000410400000, 0x0000000410800000|  0%| F|  |TS  0|AC  0|TAMS 0x0000000410400000, 0x0000000410400000|
| 227|0x0000000410800000, 0x0000000410800000, 0x0000000410c00000|  0%| F|  |TS  0|AC  0|TAMS 0x0000000410800000, 0x0000000410800000|
| 228|0x0000000410c00000, 0x0000000410c00000, 0x0000000411000000|  0%| F|  |TS  0|AC  0|TAMS 0x0000000410c00000, 0x0000000410c00000|
| 229|0x0000000411000000, 0x0000000411000000, 0x0000000411400000|  0%| F|  |TS  0|AC  0|TAMS 0x0000000411000000, 0x0000000411000000|
| 230|0x0000000411400000, 0x0000000411400000, 0x0000000411800000|  0%| F|  |TS  0|AC  0|TAMS 0x0000000411400000, 0x0000000411400000|
| 231|0x0000000411800000, 0x0000000411800000, 0x0000000411c00000|  0%| F|  |TS  0|AC  0|TAMS 0x0000000411800000, 0x0000000411800000|
| 232|0x0000000411c00000, 0x0000000411c00000, 0x0000000412000000|  0%| F|  |TS  0|AC  0|TAMS 0x0000000411c00000, 0x0000000411c00000|
| 233|0x0000000412000000, 0x0000000412000000, 0x0000000412400000|  0%| F|  |TS  0|AC  0|TAMS 0x0000000412000000, 0x0000000412000000|
| 234|0x0000000412400000, 0x0000000412400000, 0x0000000412800000|  0%| F|  |TS  0|AC  0|TAMS 0x0000000412400000, 0x0000000412400000|
| 235|0x0000000412800000, 0x0000000412800000, 0x0000000412c00000|  0%| F|  |TS  0|AC  0|TAMS 0x0000000412800000, 0x0000000412800000|
| 236|0x0000000412c00000, 0x0000000412c00000, 0x0000000413000000|  0%| F|  |TS  0|AC  0|TAMS 0x0000000412c00000, 0x0000000412c00000|
| 237|0x0000000413000000, 0x0000000413000000, 0x0000000413400000|  0%| F|  |TS  0|AC  0|TAMS 0x0000000413000000, 0x0000000413000000|
| 238|0x0000000413400000, 0x0000000413400000, 0x0000000413800000|  0%| F|  |TS  0|AC  0|TAMS 0x0000000413400000, 0x0000000413400000|
| 239|0x0000000413800000, 0x0000000413800000, 0x0000000413c00000|  0%| F|  |TS  0|AC  0|TAMS 0x0000000413800000, 0x0000000413800000|
| 240|0x0000000413c00000, 0x0000000413c00000, 0x0000000414000000|  0%| F|  |TS  0|AC  0|TAMS 0x0000000413c00000, 0x0000000413c00000|
| 241|0x0000000414000000, 0x0000000414000000, 0x0000000414400000|  0%| F|  |TS  0|AC  0|TAMS 0x0000000414000000, 0x0000000414000000|
| 242|0x0000000414400000, 0x0000000414400000, 0x0000000414800000|  0%| F|  |TS  0|AC  0|TAMS 0x0000000414400000, 0x0000000414400000|
| 243|0x0000000414800000, 0x0000000414800000, 0x0000000414c00000|  0%| F|  |TS  0|AC  0|TAMS 0x0000000414800000, 0x0000000414800000|
| 244|0x0000000414c00000, 0x0000000414c00000, 0x0000000415000000|  0%| F|  |TS  0|AC  0|TAMS 0x0000000414c00000, 0x0000000414c00000|
| 245|0x0000000415000000, 0x0000000415000000, 0x0000000415400000|  0%| F|  |TS  0|AC  0|TAMS 0x0000000415000000, 0x0000000415000000|
| 246|0x0000000415400000, 0x0000000415400000, 0x0000000415800000|  0%| F|  |TS  0|AC  0|TAMS 0x0000000415400000, 0x0000000415400000|
| 247|0x0000000415800000, 0x0000000415800000, 0x0000000415c00000|  0%| F|  |TS  0|AC  0|TAMS 0x0000000415800000, 0x0000000415800000|
| 248|0x0000000415c00000, 0x0000000415fd7960, 0x0000000416000000| 96%| E|  |TS  0|AC  0|TAMS 0x0000000415c00000, 0x0000000415c00000|
| 249|0x0000000416000000, 0x0000000416400000, 0x0000000416400000|100%| E|CS|TS  0|AC  0|TAMS 0x0000000416000000, 0x0000000416000000|
| 250|0x0000000416400000, 0x0000000416800000, 0x0000000416800000|100%| E|CS|TS  0|AC  0|TAMS 0x0000000416400000, 0x0000000416400000|

Card table byte_map: [0x00007fe8e817c000,0x00007fe8ea0be000] byte_map_base: 0x00007fe8e62be000

Marking Bits (Prev, Next): (CMBitMap*) 0x00007fe9ac09e820, (CMBitMap*) 0x00007fe9ac09e858
 Prev Bits: [0x00007fe8d26ae000, 0x00007fe8e20be000)
 Next Bits: [0x00007fe8c2c9e000, 0x00007fe8d26ae000)

Polling page: 0x00007fe9b3f98000

CodeHeap 'non-profiled nmethods': size=119172Kb used=175Kb max_used=175Kb free=118996Kb
 bounds [0x00007fe9996e2000, 0x00007fe999952000, 0x00007fe9a0b43000]
CodeHeap 'profiled nmethods': size=119172Kb used=341Kb max_used=341Kb free=118830Kb
 bounds [0x00007fe992281000, 0x00007fe9924f1000, 0x00007fe9996e2000]
CodeHeap 'non-nmethods': size=7416Kb used=2826Kb max_used=2869Kb free=4589Kb
 bounds [0x00007fe991b43000, 0x00007fe991e13000, 0x00007fe992281000]
 total_blobs=644 nmethods=259 adapters=168
 compilation: enabled

Compilation events (10 events):
Event: 0.285 Thread 0x00007fe9ac2af000 nmethod 240 0x00007fe9996fa790 code [0x00007fe9996fa920, 0x00007fe9996fa9c8]
Event: 0.301 Thread 0x00007fe9ac2b1000 nmethod 253 0x00007fe9996faa90 code [0x00007fe9996facc0, 0x00007fe9996fba88]
Event: 0.302 Thread 0x00007fe9ac2b8000 nmethod 250 0x00007fe9996fc110 code [0x00007fe9996fc380, 0x00007fe9996fd788]
Event: 0.313 Thread 0x00007fe9ac2ad000 nmethod 251 0x00007fe9996fe110 code [0x00007fe9996fe380, 0x00007fe9996ff4a8]
Event: 0.320 Thread 0x00007fe9ac2b4800 nmethod 257 0x00007fe9996ffd90 code [0x00007fe999700080, 0x00007fe999702270]
Event: 0.350 Thread 0x00007fe9ac2b2800 nmethod 258 0x00007fe999703510 code [0x00007fe999703820, 0x00007fe999705be0]
Event: 0.399 Thread 0x00007fe9ac2b9800 nmethod 256 0x00007fe999706e90 code [0x00007fe999707320, 0x00007fe99970b668]
Event: 0.400 Thread 0x00007fe9ac2b6000  259       4       java.io.FileDescriptor$1::getAppend (5 bytes)
Event: 0.401 Thread 0x00007fe9ac2b6000 nmethod 259 0x00007fe99970da10 code [0x00007fe99970dba0, 0x00007fe99970dc18]
Event: 0.486 Thread 0x00007fe9ac2bb800  260 %     3       org.eclipse.core.runtime.adaptor.EclipseStarter::main @ 927 (1193 bytes)

GC Heap History (0 events):
No events

Deoptimization events (0 events):
No events

Classes redefined (0 events):
No events

Internal exceptions (0 events):
No events

Events (10 events):
Event: 0.276 Thread 0x00007fe9ac011800 DEOPT PACKING pc=0x00007fe9922b5d24 sp=0x00007fe9b26433a0
Event: 0.276 Thread 0x00007fe9ac011800 DEOPT UNPACKING pc=0x00007fe991b90aab sp=0x00007fe9b2642988 mode 0
Event: 0.276 Thread 0x00007fe9ac011800 DEOPT PACKING pc=0x00007fe9922b5d24 sp=0x00007fe9b26433a0
Event: 0.276 Thread 0x00007fe9ac011800 DEOPT UNPACKING pc=0x00007fe991b90aab sp=0x00007fe9b2642988 mode 0
Event: 0.277 Thread 0x00007fe9ac011800 DEOPT PACKING pc=0x00007fe9922b5d24 sp=0x00007fe9b26433a0
Event: 0.277 Thread 0x00007fe9ac011800 DEOPT UNPACKING pc=0x00007fe991b90aab sp=0x00007fe9b2642988 mode 0
Event: 0.277 Thread 0x00007fe9ac011800 DEOPT PACKING pc=0x00007fe9922b5d24 sp=0x00007fe9b26433a0
Event: 0.277 Thread 0x00007fe9ac011800 DEOPT UNPACKING pc=0x00007fe991b90aab sp=0x00007fe9b2642988 mode 0
Event: 0.277 Thread 0x00007fe9ac011800 DEOPT PACKING pc=0x00007fe9922b5d24 sp=0x00007fe9b26433a0
Event: 0.277 Thread 0x00007fe9ac011800 DEOPT UNPACKING pc=0x00007fe991b90aab sp=0x00007fe9b2642988 mode 0


Dynamic libraries:
00400000-00401000 r-xp 00000000 00:65 77077150                           /root/oracle/jdk-9.0.4/bin/java
00600000-00601000 rw-p 00000000 00:65 77077150                           /root/oracle/jdk-9.0.4/bin/java
02429000-0244a000 rw-p 00000000 00:00 0                                  [heap]
3d7c00000-416800000 rw-p 00000000 00:00 0 
416800000-7c0000000 ---p 00000000 00:00 0 
7c0000000-7c0080000 rw-p 00000000 00:00 0 
7c0080000-800000000 ---p 00000000 00:00 0 
7fe850000000-7fe850021000 rw-p 00000000 00:00 0 
7fe850021000-7fe854000000 ---p 00000000 00:00 0 
7fe858000000-7fe858021000 rw-p 00000000 00:00 0 
7fe858021000-7fe85c000000 ---p 00000000 00:00 0 
7fe85c000000-7fe85c021000 rw-p 00000000 00:00 0 
7fe85c021000-7fe860000000 ---p 00000000 00:00 0 
7fe860000000-7fe86008d000 rw-p 00000000 00:00 0 
7fe86008d000-7fe864000000 ---p 00000000 00:00 0 
7fe864000000-7fe864021000 rw-p 00000000 00:00 0 
7fe864021000-7fe868000000 ---p 00000000 00:00 0 
7fe868000000-7fe868045000 rw-p 00000000 00:00 0 
7fe868045000-7fe86c000000 ---p 00000000 00:00 0 
7fe86c000000-7fe86c021000 rw-p 00000000 00:00 0 
7fe86c021000-7fe870000000 ---p 00000000 00:00 0 
7fe870000000-7fe87040d000 rw-p 00000000 00:00 0 
7fe87040d000-7fe874000000 ---p 00000000 00:00 0 
7fe874000000-7fe874058000 rw-p 00000000 00:00 0 
7fe874058000-7fe878000000 ---p 00000000 00:00 0 
7fe878000000-7fe87807f000 rw-p 00000000 00:00 0 
7fe87807f000-7fe87c000000 ---p 00000000 00:00 0 
7fe87c000000-7fe87c1c0000 rw-p 00000000 00:00 0 
7fe87c1c0000-7fe880000000 ---p 00000000 00:00 0 
7fe880000000-7fe880320000 rw-p 00000000 00:00 0 
7fe880320000-7fe884000000 ---p 00000000 00:00 0 
7fe884000000-7fe884203000 rw-p 00000000 00:00 0 
7fe884203000-7fe888000000 ---p 00000000 00:00 0 
7fe888000000-7fe888170000 rw-p 00000000 00:00 0 
7fe888170000-7fe88c000000 ---p 00000000 00:00 0 
7fe88c000000-7fe88c1d4000 rw-p 00000000 00:00 0 
7fe88c1d4000-7fe890000000 ---p 00000000 00:00 0 
7fe890000000-7fe890021000 rw-p 00000000 00:00 0 
7fe890021000-7fe894000000 ---p 00000000 00:00 0 
7fe894000000-7fe8941bf000 rw-p 00000000 00:00 0 
7fe8941bf000-7fe898000000 ---p 00000000 00:00 0 
7fe898000000-7fe898021000 rw-p 00000000 00:00 0 
7fe898021000-7fe89c000000 ---p 00000000 00:00 0 
7fe89c000000-7fe89c021000 rw-p 00000000 00:00 0 
7fe89c021000-7fe8a0000000 ---p 00000000 00:00 0 
7fe8a0000000-7fe8a0021000 rw-p 00000000 00:00 0 
7fe8a0021000-7fe8a4000000 ---p 00000000 00:00 0 
7fe8a4000000-7fe8a4021000 rw-p 00000000 00:00 0 
7fe8a4021000-7fe8a8000000 ---p 00000000 00:00 0 
7fe8aa099000-7fe8aa3c7000 rw-p 00000000 00:00 0 
7fe8aa3c7000-7fe8aa3c8000 ---p 00000000 00:00 0 
7fe8aa3c8000-7fe8aa4c9000 rw-p 00000000 00:00 0 
7fe8aa4c9000-7fe8aa4cd000 ---p 00000000 00:00 0 
7fe8aa4cd000-7fe8aa5ca000 rw-p 00000000 00:00 0 
7fe8aa5ca000-7fe8aa5ce000 ---p 00000000 00:00 0 
7fe8aa5ce000-7fe8aa6cb000 rw-p 00000000 00:00 0 
7fe8aa6cb000-7fe8aa6e1000 r-xp 00000000 00:65 77077477                   /root/oracle/jdk-9.0.4/lib/libnet.so
7fe8aa6e1000-7fe8aa8e1000 ---p 00016000 00:65 77077477                   /root/oracle/jdk-9.0.4/lib/libnet.so
7fe8aa8e1000-7fe8aa8e2000 rw-p 00016000 00:65 77077477                   /root/oracle/jdk-9.0.4/lib/libnet.so
7fe8aa8e2000-7fe8aa8f2000 r-xp 00000000 00:65 77077594                   /root/oracle/jdk-9.0.4/lib/libnio.so
7fe8aa8f2000-7fe8aaaf2000 ---p 00010000 00:65 77077594                   /root/oracle/jdk-9.0.4/lib/libnio.so
7fe8aaaf2000-7fe8aaaf3000 rw-p 00010000 00:65 77077594                   /root/oracle/jdk-9.0.4/lib/libnio.so
7fe8aaaf3000-7fe8aaaf7000 ---p 00000000 00:00 0 
7fe8aaaf7000-7fe8aabf4000 rw-p 00000000 00:00 0 
7fe8aabf4000-7fe8aabf8000 ---p 00000000 00:00 0 
7fe8aabf8000-7fe8aacf5000 rw-p 00000000 00:00 0 
7fe8aacf5000-7fe8aacf9000 ---p 00000000 00:00 0 
7fe8aacf9000-7fe8aadf6000 rw-p 00000000 00:00 0 
7fe8aadf6000-7fe8aadfa000 ---p 00000000 00:00 0 
7fe8aadfa000-7fe8aaef7000 rw-p 00000000 00:00 0 
7fe8aaef7000-7fe8aaefb000 ---p 00000000 00:00 0 
7fe8aaefb000-7fe8aaff8000 rw-p 00000000 00:00 0 
7fe8aaff8000-7fe8aaffc000 ---p 00000000 00:00 0 
7fe8aaffc000-7fe8ab0f9000 rw-p 00000000 00:00 0 
7fe8ab0f9000-7fe8ab0fd000 ---p 00000000 00:00 0 
7fe8ab0fd000-7fe8ab1fa000 rw-p 00000000 00:00 0 
7fe8ab1fa000-7fe8ab1fe000 ---p 00000000 00:00 0 
7fe8ab1fe000-7fe8ab2fb000 rw-p 00000000 00:00 0 
7fe8ab2fb000-7fe8ab2ff000 ---p 00000000 00:00 0 
7fe8ab2ff000-7fe8ab3fc000 rw-p 00000000 00:00 0 
7fe8ab3fc000-7fe8ab400000 ---p 00000000 00:00 0 
7fe8ab400000-7fe8ab4fd000 rw-p 00000000 00:00 0 
7fe8ab4fd000-7fe8ab501000 ---p 00000000 00:00 0 
7fe8ab501000-7fe8ab5fe000 rw-p 00000000 00:00 0 
7fe8ab5fe000-7fe8ab602000 ---p 00000000 00:00 0 
7fe8ab602000-7fe8ab6ff000 rw-p 00000000 00:00 0 
7fe8ab6ff000-7fe8ab703000 ---p 00000000 00:00 0 
7fe8ab703000-7fe8abc40000 rw-p 00000000 00:00 0 
7fe8abc40000-7fe8ac000000 ---p 00000000 00:00 0 
7fe8ac000000-7fe8ac021000 rw-p 00000000 00:00 0 
7fe8ac021000-7fe8b0000000 ---p 00000000 00:00 0 
7fe8b0000000-7fe8b0021000 rw-p 00000000 00:00 0 
7fe8b0021000-7fe8b4000000 ---p 00000000 00:00 0 
7fe8b4000000-7fe8b4021000 rw-p 00000000 00:00 0 
7fe8b4021000-7fe8b8000000 ---p 00000000 00:00 0 
7fe8b8000000-7fe8b8021000 rw-p 00000000 00:00 0 
7fe8b8021000-7fe8bc000000 ---p 00000000 00:00 0 
7fe8bc000000-7fe8bc021000 rw-p 00000000 00:00 0 
7fe8bc021000-7fe8c0000000 ---p 00000000 00:00 0 
7fe8c001b000-7fe8c001f000 ---p 00000000 00:00 0 
7fe8c001f000-7fe8c011c000 rw-p 00000000 00:00 0 
7fe8c011c000-7fe8c0120000 ---p 00000000 00:00 0 
7fe8c0120000-7fe8c021d000 rw-p 00000000 00:00 0 
7fe8c021d000-7fe8c0221000 ---p 00000000 00:00 0 
7fe8c0221000-7fe8c031e000 rw-p 00000000 00:00 0 
7fe8c031e000-7fe8c031f000 ---p 00000000 00:00 0 
7fe8c031f000-7fe8c0c9e000 rw-p 00000000 00:00 0 
7fe8c0c9e000-7fe8c2c9e000 rwxp 00000000 00:00 0 
7fe8c2c9e000-7fe8c3c4e000 rw-p 00000000 00:00 0 
7fe8c3c4e000-7fe8d26ae000 ---p 00000000 00:00 0 
7fe8d26ae000-7fe8d365e000 rw-p 00000000 00:00 0 
7fe8d365e000-7fe8e20be000 ---p 00000000 00:00 0 
7fe8e20be000-7fe8e22b4000 rw-p 00000000 00:00 0 
7fe8e22b4000-7fe8e4000000 ---p 00000000 00:00 0 
7fe8e4000000-7fe8e4021000 rw-p 00000000 00:00 0 
7fe8e4021000-7fe8e8000000 ---p 00000000 00:00 0 
7fe8e8020000-7fe8e8372000 rw-p 00000000 00:00 0 
7fe8e8372000-7fe8ec000000 ---p 00000000 00:00 0 
7fe8ec000000-7fe8ec021000 rw-p 00000000 00:00 0 
7fe8ec021000-7fe8f0000000 ---p 00000000 00:00 0 
7fe8f0000000-7fe8f0021000 rw-p 00000000 00:00 0 
7fe8f0021000-7fe8f4000000 ---p 00000000 00:00 0 
7fe8f4000000-7fe8f4021000 rw-p 00000000 00:00 0 
7fe8f4021000-7fe8f8000000 ---p 00000000 00:00 0 
7fe8f8000000-7fe8f8021000 rw-p 00000000 00:00 0 
7fe8f8021000-7fe8fc000000 ---p 00000000 00:00 0 
7fe8fc000000-7fe8fc021000 rw-p 00000000 00:00 0 
7fe8fc021000-7fe900000000 ---p 00000000 00:00 0 
7fe900000000-7fe900021000 rw-p 00000000 00:00 0 
7fe900021000-7fe904000000 ---p 00000000 00:00 0 
7fe904000000-7fe904021000 rw-p 00000000 00:00 0 
7fe904021000-7fe908000000 ---p 00000000 00:00 0 
7fe908000000-7fe908021000 rw-p 00000000 00:00 0 
7fe908021000-7fe90c000000 ---p 00000000 00:00 0 
7fe90c000000-7fe90c021000 rw-p 00000000 00:00 0 
7fe90c021000-7fe910000000 ---p 00000000 00:00 0 
7fe91002a000-7fe910b35000 rw-p 00000000 00:00 0 
7fe910b35000-7fe910b36000 ---p 00000000 00:00 0 
7fe910b36000-7fe910c37000 rw-p 00000000 00:00 0 
7fe910c37000-7fe910c38000 ---p 00000000 00:00 0 
7fe910c38000-7fe910d39000 rw-p 00000000 00:00 0 
7fe910d39000-7fe910d3a000 ---p 00000000 00:00 0 
7fe910d3a000-7fe910e3b000 rw-p 00000000 00:00 0 
7fe910e3b000-7fe910e3c000 ---p 00000000 00:00 0 
7fe910e3c000-7fe910f3d000 rw-p 00000000 00:00 0 
7fe910f3d000-7fe910f3e000 ---p 00000000 00:00 0 
7fe910f3e000-7fe91103f000 rw-p 00000000 00:00 0 
7fe91103f000-7fe911040000 ---p 00000000 00:00 0 
7fe911040000-7fe911822000 rw-p 00000000 00:00 0 
7fe911822000-7fe91356e000 ---p 00000000 00:00 0 
7fe91356e000-7fe9135ec000 rw-p 00000000 00:00 0 
7fe9135ec000-7fe9135ed000 ---p 00000000 00:00 0 
7fe9135ed000-7fe9136ee000 rw-p 00000000 00:00 0 
7fe9136ee000-7fe9136ef000 ---p 00000000 00:00 0 
7fe9136ef000-7fe9137f0000 rw-p 00000000 00:00 0 
7fe9137f0000-7fe9137f1000 ---p 00000000 00:00 0 
7fe9137f1000-7fe9138f2000 rw-p 00000000 00:00 0 
7fe9138f2000-7fe9138f3000 ---p 00000000 00:00 0 
7fe9138f3000-7fe9139f4000 rw-p 00000000 00:00 0 
7fe9139f4000-7fe9139f5000 ---p 00000000 00:00 0 
7fe9139f5000-7fe913af6000 rw-p 00000000 00:00 0 
7fe913af6000-7fe913af7000 ---p 00000000 00:00 0 
7fe913af7000-7fe913bf8000 rw-p 00000000 00:00 0 
7fe913bf8000-7fe913bf9000 ---p 00000000 00:00 0 
7fe913bf9000-7fe913cfa000 rw-p 00000000 00:00 0 
7fe913cfa000-7fe913cfb000 ---p 00000000 00:00 0 
7fe913cfb000-7fe913dfc000 rw-p 00000000 00:00 0 
7fe913dfc000-7fe913dfd000 ---p 00000000 00:00 0 
7fe913dfd000-7fe913efe000 rw-p 00000000 00:00 0 
7fe913efe000-7fe913eff000 ---p 00000000 00:00 0 
7fe913eff000-7fe914000000 rw-p 00000000 00:00 0 
7fe914000000-7fe914021000 rw-p 00000000 00:00 0 
7fe914021000-7fe918000000 ---p 00000000 00:00 0 
7fe918000000-7fe918021000 rw-p 00000000 00:00 0 
7fe918021000-7fe91c000000 ---p 00000000 00:00 0 
7fe91c000000-7fe91c021000 rw-p 00000000 00:00 0 
7fe91c021000-7fe920000000 ---p 00000000 00:00 0 
7fe920000000-7fe920021000 rw-p 00000000 00:00 0 
7fe920021000-7fe924000000 ---p 00000000 00:00 0 
7fe924000000-7fe924021000 rw-p 00000000 00:00 0 
7fe924021000-7fe928000000 ---p 00000000 00:00 0 
7fe928000000-7fe928021000 rw-p 00000000 00:00 0 
7fe928021000-7fe92c000000 ---p 00000000 00:00 0 
7fe92c000000-7fe92c021000 rw-p 00000000 00:00 0 
7fe92c021000-7fe930000000 ---p 00000000 00:00 0 
7fe930000000-7fe930021000 rw-p 00000000 00:00 0 
7fe930021000-7fe934000000 ---p 00000000 00:00 0 
7fe934000000-7fe934021000 rw-p 00000000 00:00 0 
7fe934021000-7fe938000000 ---p 00000000 00:00 0 
7fe938000000-7fe938021000 rw-p 00000000 00:00 0 
7fe938021000-7fe93c000000 ---p 00000000 00:00 0 
7fe93c000000-7fe93c021000 rw-p 00000000 00:00 0 
7fe93c021000-7fe940000000 ---p 00000000 00:00 0 
7fe940000000-7fe940021000 rw-p 00000000 00:00 0 
7fe940021000-7fe944000000 ---p 00000000 00:00 0 
7fe944000000-7fe944021000 rw-p 00000000 00:00 0 
7fe944021000-7fe948000000 ---p 00000000 00:00 0 
7fe948000000-7fe948021000 rw-p 00000000 00:00 0 
7fe948021000-7fe94c000000 ---p 00000000 00:00 0 
7fe94c000000-7fe94c021000 rw-p 00000000 00:00 0 
7fe94c021000-7fe950000000 ---p 00000000 00:00 0 
7fe950000000-7fe950021000 rw-p 00000000 00:00 0 
7fe950021000-7fe954000000 ---p 00000000 00:00 0 
7fe954000000-7fe954021000 rw-p 00000000 00:00 0 
7fe954021000-7fe958000000 ---p 00000000 00:00 0 
7fe958000000-7fe958021000 rw-p 00000000 00:00 0 
7fe958021000-7fe95c000000 ---p 00000000 00:00 0 
7fe95c000000-7fe95c021000 rw-p 00000000 00:00 0 
7fe95c021000-7fe960000000 ---p 00000000 00:00 0 
7fe960000000-7fe960021000 rw-p 00000000 00:00 0 
7fe960021000-7fe964000000 ---p 00000000 00:00 0 
7fe964000000-7fe964021000 rw-p 00000000 00:00 0 
7fe964021000-7fe968000000 ---p 00000000 00:00 0 
7fe968000000-7fe968021000 rw-p 00000000 00:00 0 
7fe968021000-7fe96c000000 ---p 00000000 00:00 0 
7fe96c000000-7fe96c021000 rw-p 00000000 00:00 0 
7fe96c021000-7fe970000000 ---p 00000000 00:00 0 
7fe970000000-7fe970021000 rw-p 00000000 00:00 0 
7fe970021000-7fe974000000 ---p 00000000 00:00 0 
7fe974000000-7fe974021000 rw-p 00000000 00:00 0 
7fe974021000-7fe978000000 ---p 00000000 00:00 0 
7fe978000000-7fe978021000 rw-p 00000000 00:00 0 
7fe978021000-7fe97c000000 ---p 00000000 00:00 0 
7fe97c000000-7fe97c021000 rw-p 00000000 00:00 0 
7fe97c021000-7fe980000000 ---p 00000000 00:00 0 
7fe980000000-7fe980021000 rw-p 00000000 00:00 0 
7fe980021000-7fe984000000 ---p 00000000 00:00 0 
7fe984000000-7fe984021000 rw-p 00000000 00:00 0 
7fe984021000-7fe988000000 ---p 00000000 00:00 0 
7fe988000000-7fe988021000 rw-p 00000000 00:00 0 
7fe988021000-7fe98c000000 ---p 00000000 00:00 0 
7fe98c000000-7fe98c021000 rw-p 00000000 00:00 0 
7fe98c021000-7fe990000000 ---p 00000000 00:00 0 
7fe99001d000-7fe99001e000 ---p 00000000 00:00 0 
7fe99001e000-7fe99011f000 rw-p 00000000 00:00 0 
7fe99011f000-7fe990120000 ---p 00000000 00:00 0 
7fe990120000-7fe990221000 rw-p 00000000 00:00 0 
7fe990221000-7fe990222000 ---p 00000000 00:00 0 
7fe990222000-7fe990323000 rw-p 00000000 00:00 0 
7fe990323000-7fe990324000 ---p 00000000 00:00 0 
7fe990324000-7fe990425000 rw-p 00000000 00:00 0 
7fe990425000-7fe990426000 ---p 00000000 00:00 0 
7fe990426000-7fe990527000 rw-p 00000000 00:00 0 
7fe990527000-7fe990528000 ---p 00000000 00:00 0 
7fe990528000-7fe990629000 rw-p 00000000 00:00 0 
7fe990629000-7fe99062a000 ---p 00000000 00:00 0 
7fe99062a000-7fe99072b000 rw-p 00000000 00:00 0 
7fe99072b000-7fe99072c000 ---p 00000000 00:00 0 
7fe99072c000-7fe99082d000 rw-p 00000000 00:00 0 
7fe99082d000-7fe99082e000 ---p 00000000 00:00 0 
7fe99082e000-7fe99092f000 rw-p 00000000 00:00 0 
7fe99092f000-7fe990930000 ---p 00000000 00:00 0 
7fe990930000-7fe990a31000 rw-p 00000000 00:00 0 
7fe990a31000-7fe990a32000 ---p 00000000 00:00 0 
7fe990a32000-7fe991b43000 rw-p 00000000 00:00 0 
7fe991b43000-7fe991e13000 rwxp 00000000 00:00 0 
7fe991e13000-7fe992281000 ---p 00000000 00:00 0 
7fe992281000-7fe9924f1000 rwxp 00000000 00:00 0 
7fe9924f1000-7fe9996e2000 ---p 00000000 00:00 0 
7fe9996e2000-7fe999952000 rwxp 00000000 00:00 0 
7fe999952000-7fe9a0b43000 ---p 00000000 00:00 0 
7fe9a0b43000-7fe9ac000000 r--s 00000000 00:65 77077560                   /root/oracle/jdk-9.0.4/lib/modules
7fe9ac000000-7fe9ac475000 rw-p 00000000 00:00 0 
7fe9ac475000-7fe9b0000000 ---p 00000000 00:00 0 
7fe9b001b000-7fe9b0478000 rw-p 00000000 00:00 0 
7fe9b0478000-7fe9b0479000 ---p 00000000 00:00 0 
7fe9b0479000-7fe9b057a000 rw-p 00000000 00:00 0 
7fe9b057a000-7fe9b057b000 ---p 00000000 00:00 0 
7fe9b057b000-7fe9b067c000 rw-p 00000000 00:00 0 
7fe9b067c000-7fe9b067d000 ---p 00000000 00:00 0 
7fe9b067d000-7fe9b077e000 rw-p 00000000 00:00 0 
7fe9b077e000-7fe9b077f000 ---p 00000000 00:00 0 
7fe9b077f000-7fe9b0880000 rw-p 00000000 00:00 0 
7fe9b0880000-7fe9b0881000 ---p 00000000 00:00 0 
7fe9b0881000-7fe9b0982000 rw-p 00000000 00:00 0 
7fe9b0982000-7fe9b0983000 ---p 00000000 00:00 0 
7fe9b0983000-7fe9b0a84000 rw-p 00000000 00:00 0 
7fe9b0a84000-7fe9b0a85000 ---p 00000000 00:00 0 
7fe9b0a85000-7fe9b0b86000 rw-p 00000000 00:00 0 
7fe9b0b86000-7fe9b0b87000 ---p 00000000 00:00 0 
7fe9b0b87000-7fe9b0c88000 rw-p 00000000 00:00 0 
7fe9b0c88000-7fe9b0c89000 ---p 00000000 00:00 0 
7fe9b0c89000-7fe9b0d8a000 rw-p 00000000 00:00 0 
7fe9b0d8a000-7fe9b0d8b000 ---p 00000000 00:00 0 
7fe9b0d8b000-7fe9b0e8c000 rw-p 00000000 00:00 0 
7fe9b0e8c000-7fe9b0e8d000 ---p 00000000 00:00 0 
7fe9b0e8d000-7fe9b0f8e000 rw-p 00000000 00:00 0 
7fe9b0f8e000-7fe9b0f8f000 ---p 00000000 00:00 0 
7fe9b0f8f000-7fe9b1090000 rw-p 00000000 00:00 0 
7fe9b1090000-7fe9b1091000 ---p 00000000 00:00 0 
7fe9b1091000-7fe9b1192000 rw-p 00000000 00:00 0 
7fe9b1192000-7fe9b1193000 ---p 00000000 00:00 0 
7fe9b1193000-7fe9b1294000 rw-p 00000000 00:00 0 
7fe9b1294000-7fe9b1295000 ---p 00000000 00:00 0 
7fe9b1295000-7fe9b1396000 rw-p 00000000 00:00 0 
7fe9b1396000-7fe9b1397000 ---p 00000000 00:00 0 
7fe9b1397000-7fe9b1498000 rw-p 00000000 00:00 0 
7fe9b1498000-7fe9b1499000 ---p 00000000 00:00 0 
7fe9b1499000-7fe9b159a000 rw-p 00000000 00:00 0 
7fe9b159a000-7fe9b159b000 ---p 00000000 00:00 0 
7fe9b159b000-7fe9b169c000 rw-p 00000000 00:00 0 
7fe9b169c000-7fe9b169d000 ---p 00000000 00:00 0 
7fe9b169d000-7fe9b179e000 rw-p 00000000 00:00 0 
7fe9b179e000-7fe9b179f000 ---p 00000000 00:00 0 
7fe9b179f000-7fe9b18a5000 rw-p 00000000 00:00 0 
7fe9b18a5000-7fe9b1989000 ---p 00000000 00:00 0 
7fe9b1989000-7fe9b198e000 rw-p 00000000 00:00 0 
7fe9b198e000-7fe9b1a72000 ---p 00000000 00:00 0 
7fe9b1a72000-7fe9b1a78000 rw-p 00000000 00:00 0 
7fe9b1a78000-7fe9b1a81000 ---p 00000000 00:00 0 
7fe9b1a81000-7fe9b1ad1000 rw-p 00000000 00:00 0 
7fe9b1ad1000-7fe9b1cae000 r--s 03e31000 00:65 101727669                  /usr/local/java/jdk1.8.0_301/jre/lib/rt.jar
7fe9b1cae000-7fe9b1cc8000 r-xp 00000000 00:65 77077435                   /root/oracle/jdk-9.0.4/lib/libjimage.so
7fe9b1cc8000-7fe9b1ec7000 ---p 0001a000 00:65 77077435                   /root/oracle/jdk-9.0.4/lib/libjimage.so
7fe9b1ec7000-7fe9b1ec9000 rw-p 00019000 00:65 77077435                   /root/oracle/jdk-9.0.4/lib/libjimage.so
7fe9b1ec9000-7fe9b1edb000 rw-p 00000000 00:00 0 
7fe9b1edb000-7fe9b1ee2000 r-xp 00000000 00:65 77083131                   /root/oracle/jdk-9.0.4/lib/libzip.so
7fe9b1ee2000-7fe9b20e1000 ---p 00007000 00:65 77083131                   /root/oracle/jdk-9.0.4/lib/libzip.so
7fe9b20e1000-7fe9b20e2000 rw-p 00006000 00:65 77083131                   /root/oracle/jdk-9.0.4/lib/libzip.so
7fe9b20e2000-7fe9b20e5000 r--p 00000000 00:65 165034530                  /usr/lib/x86_64-linux-gnu/libnss_files-2.31.so
7fe9b20e5000-7fe9b20ec000 r-xp 00003000 00:65 165034530                  /usr/lib/x86_64-linux-gnu/libnss_files-2.31.so
7fe9b20ec000-7fe9b20ee000 r--p 0000a000 00:65 165034530                  /usr/lib/x86_64-linux-gnu/libnss_files-2.31.so
7fe9b20ee000-7fe9b20ef000 r--p 0000b000 00:65 165034530                  /usr/lib/x86_64-linux-gnu/libnss_files-2.31.so
7fe9b20ef000-7fe9b20f0000 rw-p 0000c000 00:65 165034530                  /usr/lib/x86_64-linux-gnu/libnss_files-2.31.so
7fe9b20f0000-7fe9b20f6000 rw-p 00000000 00:00 0 
7fe9b20fe000-7fe9b20ff000 rw-p 00000000 00:00 0 
7fe9b20ff000-7fe9b212a000 r-xp 00000000 00:65 77077470                   /root/oracle/jdk-9.0.4/lib/libjava.so
7fe9b212a000-7fe9b2329000 ---p 0002b000 00:65 77077470                   /root/oracle/jdk-9.0.4/lib/libjava.so
7fe9b2329000-7fe9b232b000 rw-p 0002a000 00:65 77077470                   /root/oracle/jdk-9.0.4/lib/libjava.so
7fe9b232b000-7fe9b2338000 r-xp 00000000 00:65 77077494                   /root/oracle/jdk-9.0.4/lib/libverify.so
7fe9b2338000-7fe9b2537000 ---p 0000d000 00:65 77077494                   /root/oracle/jdk-9.0.4/lib/libverify.so
7fe9b2537000-7fe9b2539000 rw-p 0000c000 00:65 77077494                   /root/oracle/jdk-9.0.4/lib/libverify.so
7fe9b2539000-7fe9b253c000 r--p 00000000 00:65 165034636                  /usr/lib/x86_64-linux-gnu/librt-2.31.so
7fe9b253c000-7fe9b2540000 r-xp 00003000 00:65 165034636                  /usr/lib/x86_64-linux-gnu/librt-2.31.so
7fe9b2540000-7fe9b2541000 r--p 00007000 00:65 165034636                  /usr/lib/x86_64-linux-gnu/librt-2.31.so
7fe9b2541000-7fe9b2542000 ---p 00008000 00:65 165034636                  /usr/lib/x86_64-linux-gnu/librt-2.31.so
7fe9b2542000-7fe9b2543000 r--p 00008000 00:65 165034636                  /usr/lib/x86_64-linux-gnu/librt-2.31.so
7fe9b2543000-7fe9b2544000 rw-p 00009000 00:65 165034636                  /usr/lib/x86_64-linux-gnu/librt-2.31.so
7fe9b2544000-7fe9b2545000 ---p 00000000 00:00 0 
7fe9b2545000-7fe9b2546000 rw-p 00000000 00:00 0 
7fe9b2546000-7fe9b254a000 ---p 00000000 00:00 0 
7fe9b254a000-7fe9b2645000 rw-p 00000000 00:00 0 
7fe9b2645000-7fe9b2654000 r--p 00000000 00:65 165034468                  /usr/lib/x86_64-linux-gnu/libm-2.31.so
7fe9b2654000-7fe9b26fb000 r-xp 0000f000 00:65 165034468                  /usr/lib/x86_64-linux-gnu/libm-2.31.so
7fe9b26fb000-7fe9b2792000 r--p 000b6000 00:65 165034468                  /usr/lib/x86_64-linux-gnu/libm-2.31.so
7fe9b2792000-7fe9b2793000 r--p 0014c000 00:65 165034468                  /usr/lib/x86_64-linux-gnu/libm-2.31.so
7fe9b2793000-7fe9b2794000 rw-p 0014d000 00:65 165034468                  /usr/lib/x86_64-linux-gnu/libm-2.31.so
7fe9b2794000-7fe9b37a9000 r-xp 00000000 00:65 77083135                   /root/oracle/jdk-9.0.4/lib/server/libjvm.so
7fe9b37a9000-7fe9b39a8000 ---p 01015000 00:65 77083135                   /root/oracle/jdk-9.0.4/lib/server/libjvm.so
7fe9b39a8000-7fe9b3a79000 r--p 01014000 00:65 77083135                   /root/oracle/jdk-9.0.4/lib/server/libjvm.so
7fe9b3a79000-7fe9b3ab0000 rw-p 010e5000 00:65 77083135                   /root/oracle/jdk-9.0.4/lib/server/libjvm.so
7fe9b3ab0000-7fe9b3b1b000 rw-p 00000000 00:00 0 
7fe9b3b1b000-7fe9b3b40000 r--p 00000000 00:65 165034165                  /usr/lib/x86_64-linux-gnu/libc-2.31.so
7fe9b3b40000-7fe9b3cb8000 r-xp 00025000 00:65 165034165                  /usr/lib/x86_64-linux-gnu/libc-2.31.so
7fe9b3cb8000-7fe9b3d02000 r--p 0019d000 00:65 165034165                  /usr/lib/x86_64-linux-gnu/libc-2.31.so
7fe9b3d02000-7fe9b3d03000 ---p 001e7000 00:65 165034165                  /usr/lib/x86_64-linux-gnu/libc-2.31.so
7fe9b3d03000-7fe9b3d06000 r--p 001e7000 00:65 165034165                  /usr/lib/x86_64-linux-gnu/libc-2.31.so
7fe9b3d06000-7fe9b3d09000 rw-p 001ea000 00:65 165034165                  /usr/lib/x86_64-linux-gnu/libc-2.31.so
7fe9b3d09000-7fe9b3d0d000 rw-p 00000000 00:00 0 
7fe9b3d0d000-7fe9b3d0e000 r--p 00000000 00:65 165034236                  /usr/lib/x86_64-linux-gnu/libdl-2.31.so
7fe9b3d0e000-7fe9b3d10000 r-xp 00001000 00:65 165034236                  /usr/lib/x86_64-linux-gnu/libdl-2.31.so
7fe9b3d10000-7fe9b3d11000 r--p 00003000 00:65 165034236                  /usr/lib/x86_64-linux-gnu/libdl-2.31.so
7fe9b3d11000-7fe9b3d12000 r--p 00003000 00:65 165034236                  /usr/lib/x86_64-linux-gnu/libdl-2.31.so
7fe9b3d12000-7fe9b3d13000 rw-p 00004000 00:65 165034236                  /usr/lib/x86_64-linux-gnu/libdl-2.31.so
7fe9b3d13000-7fe9b3d21000 r-xp 00000000 00:65 77083142                   /root/oracle/jdk-9.0.4/lib/jli/libjli.so
7fe9b3d21000-7fe9b3f21000 ---p 0000e000 00:65 77083142                   /root/oracle/jdk-9.0.4/lib/jli/libjli.so
7fe9b3f21000-7fe9b3f22000 rw-p 0000e000 00:65 77083142                   /root/oracle/jdk-9.0.4/lib/jli/libjli.so
7fe9b3f22000-7fe9b3f29000 r--p 00000000 00:65 165034610                  /usr/lib/x86_64-linux-gnu/libpthread-2.31.so
7fe9b3f29000-7fe9b3f3a000 r-xp 00007000 00:65 165034610                  /usr/lib/x86_64-linux-gnu/libpthread-2.31.so
7fe9b3f3a000-7fe9b3f3f000 r--p 00018000 00:65 165034610                  /usr/lib/x86_64-linux-gnu/libpthread-2.31.so
7fe9b3f3f000-7fe9b3f40000 r--p 0001c000 00:65 165034610                  /usr/lib/x86_64-linux-gnu/libpthread-2.31.so
7fe9b3f40000-7fe9b3f41000 rw-p 0001d000 00:65 165034610                  /usr/lib/x86_64-linux-gnu/libpthread-2.31.so
7fe9b3f41000-7fe9b3f45000 rw-p 00000000 00:00 0 
7fe9b3f45000-7fe9b3f47000 r--p 00000000 00:65 165034796                  /usr/lib/x86_64-linux-gnu/libz.so.1.2.11
7fe9b3f47000-7fe9b3f58000 r-xp 00002000 00:65 165034796                  /usr/lib/x86_64-linux-gnu/libz.so.1.2.11
7fe9b3f58000-7fe9b3f5e000 r--p 00013000 00:65 165034796                  /usr/lib/x86_64-linux-gnu/libz.so.1.2.11
7fe9b3f5e000-7fe9b3f5f000 ---p 00019000 00:65 165034796                  /usr/lib/x86_64-linux-gnu/libz.so.1.2.11
7fe9b3f5f000-7fe9b3f60000 r--p 00019000 00:65 165034796                  /usr/lib/x86_64-linux-gnu/libz.so.1.2.11
7fe9b3f60000-7fe9b3f61000 rw-p 0001a000 00:65 165034796                  /usr/lib/x86_64-linux-gnu/libz.so.1.2.11
7fe9b3f61000-7fe9b3f69000 rw-s 00000000 00:65 71965686                   /tmp/hsperfdata_root/25933
7fe9b3f69000-7fe9b3f6c000 rw-p 00000000 00:00 0 
7fe9b3f6c000-7fe9b3f6d000 r--p 00000000 00:65 165033992                  /usr/lib/x86_64-linux-gnu/ld-2.31.so
7fe9b3f6d000-7fe9b3f90000 r-xp 00001000 00:65 165033992                  /usr/lib/x86_64-linux-gnu/ld-2.31.so
7fe9b3f90000-7fe9b3f98000 r--p 00024000 00:65 165033992                  /usr/lib/x86_64-linux-gnu/ld-2.31.so
7fe9b3f98000-7fe9b3f99000 r--p 00000000 00:00 0 
7fe9b3f99000-7fe9b3f9a000 r--p 0002c000 00:65 165033992                  /usr/lib/x86_64-linux-gnu/ld-2.31.so
7fe9b3f9a000-7fe9b3f9b000 rw-p 0002d000 00:65 165033992                  /usr/lib/x86_64-linux-gnu/ld-2.31.so
7fe9b3f9b000-7fe9b3f9c000 rw-p 00000000 00:00 0 
7ffcb7f4a000-7ffcb7f6b000 rw-p 00000000 00:00 0                          [stack]
7ffcb7fa2000-7ffcb7fa5000 r--p 00000000 00:00 0                          [vvar]
7ffcb7fa5000-7ffcb7fa6000 r-xp 00000000 00:00 0                          [vdso]
ffffffffff600000-ffffffffff601000 --xp 00000000 00:00 0                  [vsyscall]

VM Arguments:
jvm_args: -Xbootclasspath/a:/usr/local/java/jdk1.8.0_301/jre/lib/rt.jar -Xverify:none 
java_command: org.eclipse.core.runtime.adaptor.EclipseStarter -debug
java_class_path (initial): ./sootOutput/eclipse/
Launcher Type: SUN_STANDARD

Logging:
Log output configuration:
#0: stdout all=warning uptime,level,tags
#1: stderr all=off uptime,level,tags

Environment Variables:
JAVA_HOME=/root/oracle/jdk-9.0.4
JRE_HOME=/root/oracle/jdk-9.0.4
CLASSPATH=.:/root/oracle/jdk-9.0.4/lib:/JVMfuzzing/htm/CFSynthesis/resource/commons-lang3-3.12.0/commons-lang3-3.12.0.jar
PATH=/root/oracle/jdk-9.0.4/bin:/root/.vscode-server/bin/da76f93349a72022ca4670c1b84860304616aaa2/bin/remote-cli:/root/oracle/jdk-9.0.4/bin:/usr/local/sbin:/usr/local/bin:/usr/sbin:/usr/bin:/sbin:/bin:/usr/games:/usr/local/games:/snap/bin
SHELL=/bin/bash

Signal Handlers:
SIGSEGV: [libjvm.so+0xd4d370], sa_mask[0]=11111111011111111101111111111110, sa_flags=SA_RESTART|SA_SIGINFO
SIGBUS: [libjvm.so+0xd4d370], sa_mask[0]=11111111011111111101111111111110, sa_flags=SA_RESTART|SA_SIGINFO
SIGFPE: [libjvm.so+0xd4d370], sa_mask[0]=11111111011111111101111111111110, sa_flags=SA_RESTART|SA_SIGINFO
SIGPIPE: [libjvm.so+0xb64780], sa_mask[0]=11111111011111111101111111111110, sa_flags=SA_RESTART|SA_SIGINFO
SIGXFSZ: [libjvm.so+0xb64780], sa_mask[0]=11111111011111111101111111111110, sa_flags=SA_RESTART|SA_SIGINFO
SIGILL: [libjvm.so+0xd4d370], sa_mask[0]=11111111011111111101111111111110, sa_flags=SA_RESTART|SA_SIGINFO
SIGUSR2: [libjvm.so+0xb64640], sa_mask[0]=00100000000000000000000000000000, sa_flags=SA_RESTART|SA_SIGINFO
SIGHUP: [libjvm.so+0xb64850], sa_mask[0]=11111111011111111101111111111110, sa_flags=SA_RESTART|SA_SIGINFO
SIGINT: [libjvm.so+0xb64850], sa_mask[0]=11111111011111111101111111111110, sa_flags=SA_RESTART|SA_SIGINFO
SIGTERM: [libjvm.so+0xb64850], sa_mask[0]=11111111011111111101111111111110, sa_flags=SA_RESTART|SA_SIGINFO
SIGQUIT: [libjvm.so+0xb64850], sa_mask[0]=11111111011111111101111111111110, sa_flags=SA_RESTART|SA_SIGINFO


---------------  S Y S T E M  ---------------

OS:DISTRIB_ID=Ubuntu
DISTRIB_RELEASE=20.04
DISTRIB_CODENAME=focal
DISTRIB_DESCRIPTION="Ubuntu 20.04.3 LTS"
uname:Linux 5.4.0-124-generic #140~18.04.1-Ubuntu SMP Fri Aug 5 11:43:34 UTC 2022 x86_64
libc:glibc 2.31 NPTL 2.31 
rlimit: STACK 8192k, CORE infinity, NPROC infinity, NOFILE 1048576, AS infinity
load average:42.24 39.29 38.15

/proc/meminfo:
MemTotal:       65549624 kB
MemFree:        11253824 kB
MemAvailable:   37594060 kB
Buffers:         5871408 kB
Cached:          3337964 kB
SwapCached:         8092 kB
Active:         28360316 kB
Inactive:        6133260 kB
Active(anon):   21287796 kB
Inactive(anon):  4017516 kB
Active(file):    7072520 kB
Inactive(file):  2115744 kB
Unevictable:          16 kB
Mlocked:              16 kB
SwapTotal:       2097148 kB
SwapFree:              0 kB
Dirty:             32112 kB
Writeback:             0 kB
AnonPages:      25275852 kB
Mapped:           822292 kB
Shmem:             25608 kB
KReclaimable:   17883896 kB
Slab:           19053648 kB
SReclaimable:   17883896 kB
SUnreclaim:      1169752 kB
KernelStack:       78984 kB
PageTables:       231280 kB
NFS_Unstable:          0 kB
Bounce:                0 kB
WritebackTmp:          0 kB
CommitLimit:    34871960 kB
Committed_AS:   78951780 kB
VmallocTotal:   34359738367 kB
VmallocUsed:      161536 kB
VmallocChunk:          0 kB
Percpu:            32512 kB
HardwareCorrupted:     0 kB
AnonHugePages:         0 kB
ShmemHugePages:        0 kB
ShmemPmdMapped:        0 kB
FileHugePages:         0 kB
FilePmdMapped:         0 kB
CmaTotal:              0 kB
CmaFree:               0 kB
HugePages_Total:       0
HugePages_Free:        0
HugePages_Rsvd:        0
HugePages_Surp:        0
Hugepagesize:       2048 kB
Hugetlb:               0 kB
DirectMap4k:    15497632 kB
DirectMap2M:    51298304 kB
DirectMap1G:           0 kB


CPU:total 28 (initial active 28) (14 cores per cpu, 2 threads per core) family 6 model 85 stepping 4, cmov, cx8, fxsr, mmx, sse, sse2, sse3, ssse3, sse4.1, sse4.2, popcnt, avx, avx2, aes, clmul, erms, rtm, 3dnowpref, lzcnt, ht, tsc, tscinvbit, bmi1, bmi2, adx, fma
CPU Model and flags from /proc/cpuinfo:
model name	: Intel(R) Core(TM) i9-9940X CPU @ 3.30GHz
flags		: fpu vme de pse tsc msr pae mce cx8 apic sep mtrr pge mca cmov pat pse36 clflush dts acpi mmx fxsr sse sse2 ss ht tm pbe syscall nx pdpe1gb rdtscp lm constant_tsc art arch_perfmon pebs bts rep_good nopl xtopology nonstop_tsc cpuid aperfmperf pni pclmulqdq dtes64 monitor ds_cpl vmx est tm2 ssse3 sdbg fma cx16 xtpr pdcm pcid dca sse4_1 sse4_2 x2apic movbe popcnt tsc_deadline_timer aes xsave avx f16c rdrand lahf_lm abm 3dnowprefetch cpuid_fault epb cat_l3 cdp_l3 invpcid_single pti ssbd mba ibrs ibpb stibp tpr_shadow vnmi flexpriority ept vpid ept_ad fsgsbase tsc_adjust bmi1 hle avx2 smep bmi2 erms invpcid rtm cqm mpx rdt_a avx512f avx512dq rdseed adx smap clflushopt clwb intel_pt avx512cd avx512bw avx512vl xsaveopt xsavec xgetbv1 xsaves cqm_llc cqm_occup_llc cqm_mbm_total cqm_mbm_local dtherm ida arat pln pts hwp hwp_act_window hwp_epp hwp_pkg_req md_clear flush_l1d arch_capabilities

Memory: 4k page, physical 65549624k(11253824k free), swap 2097148k(0k free)

vm_info: Java HotSpot(TM) 64-Bit Server VM (9.0.4+11) for linux-amd64 JRE (9.0.4+11), built on Dec 19 2017 18:12:19 by "mach5one" with gcc 4.9.2

END.
