#
# A fatal error has been detected by the Java Runtime Environment:
#
#  SIGSEGV (0xb) at pc=0x00007f7a3a38db2c, pid=30141, tid=30207
#
# JRE version: Java(TM) SE Runtime Environment (9.0+11) (build 9.0.4+11)
# Java VM: Java HotSpot(TM) 64-Bit Server VM (9.0.4+11, mixed mode, tiered, compressed oops, g1 gc, linux-amd64)
# Problematic frame:
# V  [libjvm.so+0x48eb2c]  Canonicalizer::do_If(If*)+0x1c
#
# Core dump will be written. Default location: Core dumps may be processed with "/usr/share/apport/apport -p%p -s%s -c%c -d%d -P%P -u%u -g%g -- %E" (or dumping to /JVMfuzzing/zjy/classming/Fuzzing-Testing-of-JVM-Implementations/core.30141)
#
# If you would like to submit a bug report, please visit:
#   http://bugreport.java.com/bugreport/crash.jsp
#

---------------  S U M M A R Y ------------

Command Line: -Xbootclasspath/a:/usr/local/java/jdk1.8.0_301/jre/lib/rt.jar -Xverify:none org.eclipse.core.runtime.adaptor.EclipseStarter -debug

Host: Intel(R) Core(TM) i9-9940X CPU @ 3.30GHz, 28 cores, 62G, Ubuntu 20.04.3 LTS
Time: Thu Nov  3 09:01:39 2022 UTC elapsed time: 0 seconds (0d 0h 0m 0s)

---------------  T H R E A D  ---------------

Current thread (0x00007f7a342c1800):  JavaThread "C1 CompilerThread11" daemon [_thread_in_native, id=30207, stack(0x00007f7932375000,0x00007f7932476000)]


Current CompileTask:
C1:    560  256 %     3       org.eclipse.core.runtime.adaptor.EclipseStarter::main @ 531 (1519 bytes)

Stack: [0x00007f7932375000,0x00007f7932476000],  sp=0x00007f79324740c0,  free space=1020k
Native frames: (J=compiled Java code, A=aot compiled Java code, j=interpreted, Vv=VM code, C=native code)
V  [libjvm.so+0x48eb2c]  Canonicalizer::do_If(If*)+0x1c
V  [libjvm.so+0x4a0452]  GraphBuilder::append_with_bci(Instruction*, int)+0x42
V  [libjvm.so+0x4a3526]  GraphBuilder::if_node(Instruction*, Instruction::Condition, Instruction*, ValueStack*)+0x2a6
V  [libjvm.so+0x4b1873]  GraphBuilder::iterate_bytecodes_for_block(int)+0x1e83
V  [libjvm.so+0x4b1ad5]  GraphBuilder::iterate_all_blocks(bool)+0x85
V  [libjvm.so+0x4b1ec9]  GraphBuilder::GraphBuilder(Compilation*, IRScope*)+0x389
V  [libjvm.so+0x4b70a8]  IR::IR(Compilation*, ciMethod*, int)+0x1e8
V  [libjvm.so+0x497832]  Compilation::build_hir() [clone .part.93]+0x162
V  [libjvm.so+0x499633]  Compilation::compile_java_method()+0x3c3
V  [libjvm.so+0x4997af]  Compilation::compile_method()+0x12f
V  [libjvm.so+0x499c31]  Compilation::Compilation(AbstractCompiler*, ciEnv*, ciMethod*, int, BufferBlob*, DirectiveSet*)+0x271
V  [libjvm.so+0x49ac1e]  Compiler::compile_method(ciEnv*, ciMethod*, int, DirectiveSet*)+0xae
V  [libjvm.so+0x6125ac]  CompileBroker::invoke_compiler_on_method(CompileTask*)+0x41c
V  [libjvm.so+0x61344b]  CompileBroker::compiler_thread_loop()+0x28b
V  [libjvm.so+0xcef338]  JavaThread::thread_main_inner()+0xd8
V  [libjvm.so+0xb6e132]  thread_native_entry(Thread*)+0xf2
C  [libpthread.so.0+0x9609]  start_thread+0xd9


siginfo: si_signo: 11 (SIGSEGV), si_code: 1 (SEGV_MAPERR), si_addr: 0x0000000000000018

Register to memory mapping:

RAX=0x0000000000000000 is an unknown value
RBX=0x00007f791019fa60 is an unknown value
RCX=0x00007f7932474800 is pointing into the stack for thread: 0x00007f7a342c1800
RDX=0x00007f791019fa60 is an unknown value
RSP=0x00007f79324740c0 is pointing into the stack for thread: 0x00007f7a342c1800
RBP=0x00007f7932474130 is pointing into the stack for thread: 0x00007f7a342c1800
RSI=0x00007f791019fa60 is an unknown value
RDI=0x00007f7932474160 is pointing into the stack for thread: 0x00007f7a342c1800
R8 =0x00007f791019f770 is an unknown value
R9 =0x0000000000000037 is an unknown value
R10=0x0000000000000080 is an unknown value
R11=0x0000000000000000 is an unknown value
R12=0x00007f791019fb00 is an unknown value
R13=0x00007f7932474460 is pointing into the stack for thread: 0x00007f7a342c1800
R14=0x00007f791019fa60 is an unknown value
R15=0x00007f791019fb00 is an unknown value


Registers:
RAX=0x0000000000000000, RBX=0x00007f791019fa60, RCX=0x00007f7932474800, RDX=0x00007f791019fa60
RSP=0x00007f79324740c0, RBP=0x00007f7932474130, RSI=0x00007f791019fa60, RDI=0x00007f7932474160
R8 =0x00007f791019f770, R9 =0x0000000000000037, R10=0x0000000000000080, R11=0x0000000000000000
R12=0x00007f791019fb00, R13=0x00007f7932474460, R14=0x00007f791019fa60, R15=0x00007f791019fb00
RIP=0x00007f7a3a38db2c, EFLAGS=0x0000000000010206, CSGSFS=0x002b000000000033, ERR=0x0000000000000004
  TRAPNO=0x000000000000000e

Top of Stack: (sp=0x00007f79324740c0)
0x00007f79324740c0:   0000000132474130 00007f7910205ff0
0x00007f79324740d0:   00007f791019a040 0000000000000000
0x00007f79324740e0:   00007f7932474110 00007f7a3a3ba598
0x00007f79324740f0:   00007f791010faf0 00007f7932474160 

Instructions: (pc=0x00007f7a3a38db2c)
0x00007f7a3a38db0c:   ff 90 66 90 55 48 89 e5 41 57 41 56 41 55 41 54
0x00007f7a3a38db1c:   53 48 89 f3 48 83 ec 48 48 8b 46 70 48 89 7d c8
0x00007f7a3a38db2c:   48 8b 78 18 48 8b 07 ff 50 18 84 c0 0f 85 a2 00
0x00007f7a3a38db3c:   00 00 4c 8b 63 70 48 8b 83 80 00 00 00 49 39 c4 


---------------  P R O C E S S  ---------------

Java Threads: ( => current thread )
  0x00007f7a34363000 JavaThread "Service Thread" daemon [_thread_blocked, id=30210, stack(0x00007f7931c4a000,0x00007f7931d4b000)]
  0x00007f7a342d2800 JavaThread "Common-Cleaner" daemon [_thread_blocked, id=30209, stack(0x00007f7931d4b000,0x00007f7931e4c000)]
  0x00007f7a342c3800 JavaThread "Sweeper thread" daemon [_thread_blocked, id=30208, stack(0x00007f7932274000,0x00007f7932375000)]
=>0x00007f7a342c1800 JavaThread "C1 CompilerThread11" daemon [_thread_in_native, id=30207, stack(0x00007f7932375000,0x00007f7932476000)]
  0x00007f7a342c0000 JavaThread "C1 CompilerThread10" daemon [_thread_blocked, id=30206, stack(0x00007f7932476000,0x00007f7932577000)]
  0x00007f7a342be000 JavaThread "C1 CompilerThread9" daemon [_thread_blocked, id=30205, stack(0x00007f7932577000,0x00007f7932678000)]
  0x00007f7a342bc000 JavaThread "C1 CompilerThread8" daemon [_thread_blocked, id=30204, stack(0x00007f7932678000,0x00007f7932779000)]
  0x00007f7a342ba800 JavaThread "C2 CompilerThread7" daemon [_thread_blocked, id=30203, stack(0x00007f7932779000,0x00007f793287a000)]
  0x00007f7a342b8800 JavaThread "C2 CompilerThread6" daemon [_thread_blocked, id=30202, stack(0x00007f793287a000,0x00007f793297b000)]
  0x00007f7a342b7000 JavaThread "C2 CompilerThread5" daemon [_thread_blocked, id=30201, stack(0x00007f793297b000,0x00007f7932a7c000)]
  0x00007f7a342b5000 JavaThread "C2 CompilerThread4" daemon [_thread_blocked, id=30199, stack(0x00007f7932a7c000,0x00007f7932b7d000)]
  0x00007f7a342b3000 JavaThread "C2 CompilerThread3" daemon [_thread_blocked, id=30198, stack(0x00007f7932b7d000,0x00007f7932c7e000)]
  0x00007f7a342b1000 JavaThread "C2 CompilerThread2" daemon [_thread_blocked, id=30197, stack(0x00007f7932c7e000,0x00007f7932d7f000)]
  0x00007f7a342af000 JavaThread "C2 CompilerThread1" daemon [_thread_blocked, id=30196, stack(0x00007f7932d7f000,0x00007f7932e80000)]
  0x00007f7a342ad000 JavaThread "C2 CompilerThread0" daemon [_thread_blocked, id=30195, stack(0x00007f7932e80000,0x00007f7932f81000)]
  0x00007f7a342ab000 JavaThread "Signal Dispatcher" daemon [_thread_blocked, id=30194, stack(0x00007f7932f81000,0x00007f7933082000)]
  0x00007f7a34291000 JavaThread "Finalizer" daemon [_thread_blocked, id=30193, stack(0x00007f7933082000,0x00007f7933183000)]
  0x00007f7a34288800 JavaThread "Reference Handler" daemon [_thread_blocked, id=30192, stack(0x00007f7933183000,0x00007f7933284000)]
  0x00007f7a34011800 JavaThread "main" [_thread_in_vm, id=30143, stack(0x00007f7a39cb1000,0x00007f7a39db0000)]

Other Threads:
  0x00007f7a34281000 VMThread "VM Thread" [stack: 0x00007f7933286000,0x00007f7933386000] [id=30191]
  0x00007f7a34366000 WatcherThread [stack: 0x00007f7931b4a000,0x00007f7931c4a000] [id=30211]
  0x00007f7a34034000 GCTaskThread "GC Thread#0" [stack: 0x00007f7a38f0b000,0x00007f7a3900b000] [id=30144]
  0x00007f7a34035800 GCTaskThread "GC Thread#1" [stack: 0x00007f7a38e09000,0x00007f7a38f09000] [id=30145]
  0x00007f7a34037000 GCTaskThread "GC Thread#2" [stack: 0x00007f7a38d07000,0x00007f7a38e07000] [id=30146]
  0x00007f7a34039000 GCTaskThread "GC Thread#3" [stack: 0x00007f7a38c05000,0x00007f7a38d05000] [id=30147]
  0x00007f7a3403a800 GCTaskThread "GC Thread#4" [stack: 0x00007f7a38b03000,0x00007f7a38c03000] [id=30148]
  0x00007f7a3403c800 GCTaskThread "GC Thread#5" [stack: 0x00007f7a38a01000,0x00007f7a38b01000] [id=30149]
  0x00007f7a3403e000 GCTaskThread "GC Thread#6" [stack: 0x00007f7a388ff000,0x00007f7a389ff000] [id=30150]
  0x00007f7a3403f800 GCTaskThread "GC Thread#7" [stack: 0x00007f7a387fd000,0x00007f7a388fd000] [id=30151]
  0x00007f7a34041800 GCTaskThread "GC Thread#8" [stack: 0x00007f7a386fb000,0x00007f7a387fb000] [id=30152]
  0x00007f7a34043000 GCTaskThread "GC Thread#9" [stack: 0x00007f7a385f9000,0x00007f7a386f9000] [id=30153]
  0x00007f7a34045000 GCTaskThread "GC Thread#10" [stack: 0x00007f7a384f7000,0x00007f7a385f7000] [id=30154]
  0x00007f7a34046800 GCTaskThread "GC Thread#11" [stack: 0x00007f7a383f5000,0x00007f7a384f5000] [id=30155]
  0x00007f7a34048800 GCTaskThread "GC Thread#12" [stack: 0x00007f7a382f3000,0x00007f7a383f3000] [id=30156]
  0x00007f7a3404a000 GCTaskThread "GC Thread#13" [stack: 0x00007f7a381f1000,0x00007f7a382f1000] [id=30157]
  0x00007f7a3404c000 GCTaskThread "GC Thread#14" [stack: 0x00007f7a380ef000,0x00007f7a381ef000] [id=30158]
  0x00007f7a3404d800 GCTaskThread "GC Thread#15" [stack: 0x00007f7a19a43000,0x00007f7a19b43000] [id=30159]
  0x00007f7a3404f800 GCTaskThread "GC Thread#16" [stack: 0x00007f7a19941000,0x00007f7a19a41000] [id=30160]
  0x00007f7a34051000 GCTaskThread "GC Thread#17" [stack: 0x00007f7a1983f000,0x00007f7a1993f000] [id=30161]
  0x00007f7a34052800 GCTaskThread "GC Thread#18" [stack: 0x00007f7a1973d000,0x00007f7a1983d000] [id=30162]
  0x00007f7a34054800 GCTaskThread "GC Thread#19" [stack: 0x00007f7a1963b000,0x00007f7a1973b000] [id=30163]
  0x00007f7a3409f800 ConcurrentGCThread "G1 Main Marker" [stack: 0x00007f79c07ad000,0x00007f79c08ad000] [id=30185]
  0x00007f7a340a1000 ConcurrentGCThread "G1 Marker#0" [stack: 0x00007f79c06ab000,0x00007f79c07ab000] [id=30186]
  0x00007f7a340a3000 ConcurrentGCThread "G1 Marker#1" [stack: 0x00007f79c05a9000,0x00007f79c06a9000] [id=30187]
  0x00007f7a340a4800 ConcurrentGCThread "G1 Marker#2" [stack: 0x00007f79c04a7000,0x00007f79c05a7000] [id=30188]
  0x00007f7a340a6800 ConcurrentGCThread "G1 Marker#3" [stack: 0x00007f79c03a5000,0x00007f79c04a5000] [id=30189]
  0x00007f7a340a8000 ConcurrentGCThread "G1 Marker#4" [stack: 0x00007f79c02a3000,0x00007f79c03a3000] [id=30190]
  0x00007f7a34079000 ConcurrentGCThread "G1 Refine#0" [stack: 0x00007f79c2dde000,0x00007f79c2ede000] [id=30183]
  0x00007f7a34077000 ConcurrentGCThread "G1 Refine#1" [stack: 0x00007f79c2ee0000,0x00007f79c2fe0000] [id=30182]
  0x00007f7a34075000 ConcurrentGCThread "G1 Refine#2" [stack: 0x00007f79c2fe2000,0x00007f79c30e2000] [id=30181]
  0x00007f7a34073800 ConcurrentGCThread "G1 Refine#3" [stack: 0x00007f79c30e4000,0x00007f79c31e4000] [id=30180]
  0x00007f7a34071800 ConcurrentGCThread "G1 Refine#4" [stack: 0x00007f79c31e6000,0x00007f79c32e6000] [id=30179]
  0x00007f7a34070000 ConcurrentGCThread "G1 Refine#5" [stack: 0x00007f79c32e8000,0x00007f79c33e8000] [id=30178]
  0x00007f7a3406e000 ConcurrentGCThread "G1 Refine#6" [stack: 0x00007f79c33ea000,0x00007f79c34ea000] [id=30177]
  0x00007f7a3406c800 ConcurrentGCThread "G1 Refine#7" [stack: 0x00007f79c34ec000,0x00007f79c35ec000] [id=30176]
  0x00007f7a3406a800 ConcurrentGCThread "G1 Refine#8" [stack: 0x00007f79c35ee000,0x00007f79c36ee000] [id=30175]
  0x00007f7a34069000 ConcurrentGCThread "G1 Refine#9" [stack: 0x00007f79c36f0000,0x00007f79c37f0000] [id=30174]
  0x00007f7a34067000 ConcurrentGCThread "G1 Refine#10" [stack: 0x00007f79c37f2000,0x00007f79c38f2000] [id=30173]
  0x00007f7a34065000 ConcurrentGCThread "G1 Refine#11" [stack: 0x00007f79c38f4000,0x00007f79c39f4000] [id=30172]
  0x00007f7a34063800 ConcurrentGCThread "G1 Refine#12" [stack: 0x00007f79c39f6000,0x00007f79c3af6000] [id=30171]
  0x00007f7a34061800 ConcurrentGCThread "G1 Refine#13" [stack: 0x00007f79c3af8000,0x00007f79c3bf8000] [id=30170]
  0x00007f7a34060000 ConcurrentGCThread "G1 Refine#14" [stack: 0x00007f79c3bfa000,0x00007f79c3cfa000] [id=30169]
  0x00007f7a3405e000 ConcurrentGCThread "G1 Refine#15" [stack: 0x00007f79c3cfc000,0x00007f79c3dfc000] [id=30168]
  0x00007f7a3405c800 ConcurrentGCThread "G1 Refine#16" [stack: 0x00007f79c3dfe000,0x00007f79c3efe000] [id=30167]
  0x00007f7a3405a800 ConcurrentGCThread "G1 Refine#17" [stack: 0x00007f79c3f00000,0x00007f79c4000000] [id=30166]
  0x00007f7a34059000 ConcurrentGCThread "G1 Refine#18" [stack: 0x00007f7a18023000,0x00007f7a18123000] [id=30165]
  0x00007f7a34057000 ConcurrentGCThread "G1 Refine#19" [stack: 0x00007f7a18125000,0x00007f7a18225000] [id=30164]
  0x00007f7a3407a800 ConcurrentGCThread "G1 Young RemSet Sampling" [stack: 0x00007f79c2cdc000,0x00007f79c2ddc000] [id=30184]

Threads with active compile tasks:
C1 CompilerThread11 256 %     3       org.eclipse.core.runtime.adaptor.EclipseStarter::main @ 531 (1519 bytes)

VM state:not at safepoint (normal execution)

VM Mutex/Monitor currently owned by a thread: None

Heap address: 0x00000003d7c00000, size: 16004 MB, Compressed Oops mode: Zero based, Oop shift amount: 3
Narrow klass base: 0x0000000000000000, Narrow klass shift: 3
Compressed class space size: 1073741824 Address: 0x00000007c0000000

Heap:
 garbage-first heap   total 1028096K, used 8192K [0x00000003d7c00000, 0x00000003d80007d8, 0x00000007c0000000)
  region size 4096K, 3 young (12288K), 0 survivors (0K)
 Metaspace       used 4292K, capacity 4616K, committed 4864K, reserved 1056768K
  class space    used 356K, capacity 388K, committed 512K, reserved 1048576K
Heap Regions: E=young(eden), S=young(survivor), O=old, HS=humongous(starts), HC=humongous(continues), CS=collection set, F=free, A=archive, TS=gc time stamp, AC=allocation context, TAMS=top-at-mark-start (previous, next)
|   0|0x00000003d7c00000, 0x00000003d7c00000, 0x00000003d8000000|  0%| F|  |TS  0|AC  0|TAMS 0x00000003d7c00000, 0x00000003d7c00000|
|   1|0x00000003d8000000, 0x00000003d8000000, 0x00000003d8400000|  0%| F|  |TS  0|AC  0|TAMS 0x00000003d8000000, 0x00000003d8000000|
|   2|0x00000003d8400000, 0x00000003d8400000, 0x00000003d8800000|  0%| F|  |TS  0|AC  0|TAMS 0x00000003d8400000, 0x00000003d8400000|
|   3|0x00000003d8800000, 0x00000003d8800000, 0x00000003d8c00000|  0%| F|  |TS  0|AC  0|TAMS 0x00000003d8800000, 0x00000003d8800000|
|   4|0x00000003d8c00000, 0x00000003d8c00000, 0x00000003d9000000|  0%| F|  |TS  0|AC  0|TAMS 0x00000003d8c00000, 0x00000003d8c00000|
|   5|0x00000003d9000000, 0x00000003d9000000, 0x00000003d9400000|  0%| F|  |TS  0|AC  0|TAMS 0x00000003d9000000, 0x00000003d9000000|
|   6|0x00000003d9400000, 0x00000003d9400000, 0x00000003d9800000|  0%| F|  |TS  0|AC  0|TAMS 0x00000003d9400000, 0x00000003d9400000|
|   7|0x00000003d9800000, 0x00000003d9800000, 0x00000003d9c00000|  0%| F|  |TS  0|AC  0|TAMS 0x00000003d9800000, 0x00000003d9800000|
|   8|0x00000003d9c00000, 0x00000003d9c00000, 0x00000003da000000|  0%| F|  |TS  0|AC  0|TAMS 0x00000003d9c00000, 0x00000003d9c00000|
|   9|0x00000003da000000, 0x00000003da000000, 0x00000003da400000|  0%| F|  |TS  0|AC  0|TAMS 0x00000003da000000, 0x00000003da000000|
|  10|0x00000003da400000, 0x00000003da400000, 0x00000003da800000|  0%| F|  |TS  0|AC  0|TAMS 0x00000003da400000, 0x00000003da400000|
|  11|0x00000003da800000, 0x00000003da800000, 0x00000003dac00000|  0%| F|  |TS  0|AC  0|TAMS 0x00000003da800000, 0x00000003da800000|
|  12|0x00000003dac00000, 0x00000003dac00000, 0x00000003db000000|  0%| F|  |TS  0|AC  0|TAMS 0x00000003dac00000, 0x00000003dac00000|
|  13|0x00000003db000000, 0x00000003db000000, 0x00000003db400000|  0%| F|  |TS  0|AC  0|TAMS 0x00000003db000000, 0x00000003db000000|
|  14|0x00000003db400000, 0x00000003db400000, 0x00000003db800000|  0%| F|  |TS  0|AC  0|TAMS 0x00000003db400000, 0x00000003db400000|
|  15|0x00000003db800000, 0x00000003db800000, 0x00000003dbc00000|  0%| F|  |TS  0|AC  0|TAMS 0x00000003db800000, 0x00000003db800000|
|  16|0x00000003dbc00000, 0x00000003dbc00000, 0x00000003dc000000|  0%| F|  |TS  0|AC  0|TAMS 0x00000003dbc00000, 0x00000003dbc00000|
|  17|0x00000003dc000000, 0x00000003dc000000, 0x00000003dc400000|  0%| F|  |TS  0|AC  0|TAMS 0x00000003dc000000, 0x00000003dc000000|
|  18|0x00000003dc400000, 0x00000003dc400000, 0x00000003dc800000|  0%| F|  |TS  0|AC  0|TAMS 0x00000003dc400000, 0x00000003dc400000|
|  19|0x00000003dc800000, 0x00000003dc800000, 0x00000003dcc00000|  0%| F|  |TS  0|AC  0|TAMS 0x00000003dc800000, 0x00000003dc800000|
|  20|0x00000003dcc00000, 0x00000003dcc00000, 0x00000003dd000000|  0%| F|  |TS  0|AC  0|TAMS 0x00000003dcc00000, 0x00000003dcc00000|
|  21|0x00000003dd000000, 0x00000003dd000000, 0x00000003dd400000|  0%| F|  |TS  0|AC  0|TAMS 0x00000003dd000000, 0x00000003dd000000|
|  22|0x00000003dd400000, 0x00000003dd400000, 0x00000003dd800000|  0%| F|  |TS  0|AC  0|TAMS 0x00000003dd400000, 0x00000003dd400000|
|  23|0x00000003dd800000, 0x00000003dd800000, 0x00000003ddc00000|  0%| F|  |TS  0|AC  0|TAMS 0x00000003dd800000, 0x00000003dd800000|
|  24|0x00000003ddc00000, 0x00000003ddc00000, 0x00000003de000000|  0%| F|  |TS  0|AC  0|TAMS 0x00000003ddc00000, 0x00000003ddc00000|
|  25|0x00000003de000000, 0x00000003de000000, 0x00000003de400000|  0%| F|  |TS  0|AC  0|TAMS 0x00000003de000000, 0x00000003de000000|
|  26|0x00000003de400000, 0x00000003de400000, 0x00000003de800000|  0%| F|  |TS  0|AC  0|TAMS 0x00000003de400000, 0x00000003de400000|
|  27|0x00000003de800000, 0x00000003de800000, 0x00000003dec00000|  0%| F|  |TS  0|AC  0|TAMS 0x00000003de800000, 0x00000003de800000|
|  28|0x00000003dec00000, 0x00000003dec00000, 0x00000003df000000|  0%| F|  |TS  0|AC  0|TAMS 0x00000003dec00000, 0x00000003dec00000|
|  29|0x00000003df000000, 0x00000003df000000, 0x00000003df400000|  0%| F|  |TS  0|AC  0|TAMS 0x00000003df000000, 0x00000003df000000|
|  30|0x00000003df400000, 0x00000003df400000, 0x00000003df800000|  0%| F|  |TS  0|AC  0|TAMS 0x00000003df400000, 0x00000003df400000|
|  31|0x00000003df800000, 0x00000003df800000, 0x00000003dfc00000|  0%| F|  |TS  0|AC  0|TAMS 0x00000003df800000, 0x00000003df800000|
|  32|0x00000003dfc00000, 0x00000003dfc00000, 0x00000003e0000000|  0%| F|  |TS  0|AC  0|TAMS 0x00000003dfc00000, 0x00000003dfc00000|
|  33|0x00000003e0000000, 0x00000003e0000000, 0x00000003e0400000|  0%| F|  |TS  0|AC  0|TAMS 0x00000003e0000000, 0x00000003e0000000|
|  34|0x00000003e0400000, 0x00000003e0400000, 0x00000003e0800000|  0%| F|  |TS  0|AC  0|TAMS 0x00000003e0400000, 0x00000003e0400000|
|  35|0x00000003e0800000, 0x00000003e0800000, 0x00000003e0c00000|  0%| F|  |TS  0|AC  0|TAMS 0x00000003e0800000, 0x00000003e0800000|
|  36|0x00000003e0c00000, 0x00000003e0c00000, 0x00000003e1000000|  0%| F|  |TS  0|AC  0|TAMS 0x00000003e0c00000, 0x00000003e0c00000|
|  37|0x00000003e1000000, 0x00000003e1000000, 0x00000003e1400000|  0%| F|  |TS  0|AC  0|TAMS 0x00000003e1000000, 0x00000003e1000000|
|  38|0x00000003e1400000, 0x00000003e1400000, 0x00000003e1800000|  0%| F|  |TS  0|AC  0|TAMS 0x00000003e1400000, 0x00000003e1400000|
|  39|0x00000003e1800000, 0x00000003e1800000, 0x00000003e1c00000|  0%| F|  |TS  0|AC  0|TAMS 0x00000003e1800000, 0x00000003e1800000|
|  40|0x00000003e1c00000, 0x00000003e1c00000, 0x00000003e2000000|  0%| F|  |TS  0|AC  0|TAMS 0x00000003e1c00000, 0x00000003e1c00000|
|  41|0x00000003e2000000, 0x00000003e2000000, 0x00000003e2400000|  0%| F|  |TS  0|AC  0|TAMS 0x00000003e2000000, 0x00000003e2000000|
|  42|0x00000003e2400000, 0x00000003e2400000, 0x00000003e2800000|  0%| F|  |TS  0|AC  0|TAMS 0x00000003e2400000, 0x00000003e2400000|
|  43|0x00000003e2800000, 0x00000003e2800000, 0x00000003e2c00000|  0%| F|  |TS  0|AC  0|TAMS 0x00000003e2800000, 0x00000003e2800000|
|  44|0x00000003e2c00000, 0x00000003e2c00000, 0x00000003e3000000|  0%| F|  |TS  0|AC  0|TAMS 0x00000003e2c00000, 0x00000003e2c00000|
|  45|0x00000003e3000000, 0x00000003e3000000, 0x00000003e3400000|  0%| F|  |TS  0|AC  0|TAMS 0x00000003e3000000, 0x00000003e3000000|
|  46|0x00000003e3400000, 0x00000003e3400000, 0x00000003e3800000|  0%| F|  |TS  0|AC  0|TAMS 0x00000003e3400000, 0x00000003e3400000|
|  47|0x00000003e3800000, 0x00000003e3800000, 0x00000003e3c00000|  0%| F|  |TS  0|AC  0|TAMS 0x00000003e3800000, 0x00000003e3800000|
|  48|0x00000003e3c00000, 0x00000003e3c00000, 0x00000003e4000000|  0%| F|  |TS  0|AC  0|TAMS 0x00000003e3c00000, 0x00000003e3c00000|
|  49|0x00000003e4000000, 0x00000003e4000000, 0x00000003e4400000|  0%| F|  |TS  0|AC  0|TAMS 0x00000003e4000000, 0x00000003e4000000|
|  50|0x00000003e4400000, 0x00000003e4400000, 0x00000003e4800000|  0%| F|  |TS  0|AC  0|TAMS 0x00000003e4400000, 0x00000003e4400000|
|  51|0x00000003e4800000, 0x00000003e4800000, 0x00000003e4c00000|  0%| F|  |TS  0|AC  0|TAMS 0x00000003e4800000, 0x00000003e4800000|
|  52|0x00000003e4c00000, 0x00000003e4c00000, 0x00000003e5000000|  0%| F|  |TS  0|AC  0|TAMS 0x00000003e4c00000, 0x00000003e4c00000|
|  53|0x00000003e5000000, 0x00000003e5000000, 0x00000003e5400000|  0%| F|  |TS  0|AC  0|TAMS 0x00000003e5000000, 0x00000003e5000000|
|  54|0x00000003e5400000, 0x00000003e5400000, 0x00000003e5800000|  0%| F|  |TS  0|AC  0|TAMS 0x00000003e5400000, 0x00000003e5400000|
|  55|0x00000003e5800000, 0x00000003e5800000, 0x00000003e5c00000|  0%| F|  |TS  0|AC  0|TAMS 0x00000003e5800000, 0x00000003e5800000|
|  56|0x00000003e5c00000, 0x00000003e5c00000, 0x00000003e6000000|  0%| F|  |TS  0|AC  0|TAMS 0x00000003e5c00000, 0x00000003e5c00000|
|  57|0x00000003e6000000, 0x00000003e6000000, 0x00000003e6400000|  0%| F|  |TS  0|AC  0|TAMS 0x00000003e6000000, 0x00000003e6000000|
|  58|0x00000003e6400000, 0x00000003e6400000, 0x00000003e6800000|  0%| F|  |TS  0|AC  0|TAMS 0x00000003e6400000, 0x00000003e6400000|
|  59|0x00000003e6800000, 0x00000003e6800000, 0x00000003e6c00000|  0%| F|  |TS  0|AC  0|TAMS 0x00000003e6800000, 0x00000003e6800000|
|  60|0x00000003e6c00000, 0x00000003e6c00000, 0x00000003e7000000|  0%| F|  |TS  0|AC  0|TAMS 0x00000003e6c00000, 0x00000003e6c00000|
|  61|0x00000003e7000000, 0x00000003e7000000, 0x00000003e7400000|  0%| F|  |TS  0|AC  0|TAMS 0x00000003e7000000, 0x00000003e7000000|
|  62|0x00000003e7400000, 0x00000003e7400000, 0x00000003e7800000|  0%| F|  |TS  0|AC  0|TAMS 0x00000003e7400000, 0x00000003e7400000|
|  63|0x00000003e7800000, 0x00000003e7800000, 0x00000003e7c00000|  0%| F|  |TS  0|AC  0|TAMS 0x00000003e7800000, 0x00000003e7800000|
|  64|0x00000003e7c00000, 0x00000003e7c00000, 0x00000003e8000000|  0%| F|  |TS  0|AC  0|TAMS 0x00000003e7c00000, 0x00000003e7c00000|
|  65|0x00000003e8000000, 0x00000003e8000000, 0x00000003e8400000|  0%| F|  |TS  0|AC  0|TAMS 0x00000003e8000000, 0x00000003e8000000|
|  66|0x00000003e8400000, 0x00000003e8400000, 0x00000003e8800000|  0%| F|  |TS  0|AC  0|TAMS 0x00000003e8400000, 0x00000003e8400000|
|  67|0x00000003e8800000, 0x00000003e8800000, 0x00000003e8c00000|  0%| F|  |TS  0|AC  0|TAMS 0x00000003e8800000, 0x00000003e8800000|
|  68|0x00000003e8c00000, 0x00000003e8c00000, 0x00000003e9000000|  0%| F|  |TS  0|AC  0|TAMS 0x00000003e8c00000, 0x00000003e8c00000|
|  69|0x00000003e9000000, 0x00000003e9000000, 0x00000003e9400000|  0%| F|  |TS  0|AC  0|TAMS 0x00000003e9000000, 0x00000003e9000000|
|  70|0x00000003e9400000, 0x00000003e9400000, 0x00000003e9800000|  0%| F|  |TS  0|AC  0|TAMS 0x00000003e9400000, 0x00000003e9400000|
|  71|0x00000003e9800000, 0x00000003e9800000, 0x00000003e9c00000|  0%| F|  |TS  0|AC  0|TAMS 0x00000003e9800000, 0x00000003e9800000|
|  72|0x00000003e9c00000, 0x00000003e9c00000, 0x00000003ea000000|  0%| F|  |TS  0|AC  0|TAMS 0x00000003e9c00000, 0x00000003e9c00000|
|  73|0x00000003ea000000, 0x00000003ea000000, 0x00000003ea400000|  0%| F|  |TS  0|AC  0|TAMS 0x00000003ea000000, 0x00000003ea000000|
|  74|0x00000003ea400000, 0x00000003ea400000, 0x00000003ea800000|  0%| F|  |TS  0|AC  0|TAMS 0x00000003ea400000, 0x00000003ea400000|
|  75|0x00000003ea800000, 0x00000003ea800000, 0x00000003eac00000|  0%| F|  |TS  0|AC  0|TAMS 0x00000003ea800000, 0x00000003ea800000|
|  76|0x00000003eac00000, 0x00000003eac00000, 0x00000003eb000000|  0%| F|  |TS  0|AC  0|TAMS 0x00000003eac00000, 0x00000003eac00000|
|  77|0x00000003eb000000, 0x00000003eb000000, 0x00000003eb400000|  0%| F|  |TS  0|AC  0|TAMS 0x00000003eb000000, 0x00000003eb000000|
|  78|0x00000003eb400000, 0x00000003eb400000, 0x00000003eb800000|  0%| F|  |TS  0|AC  0|TAMS 0x00000003eb400000, 0x00000003eb400000|
|  79|0x00000003eb800000, 0x00000003eb800000, 0x00000003ebc00000|  0%| F|  |TS  0|AC  0|TAMS 0x00000003eb800000, 0x00000003eb800000|
|  80|0x00000003ebc00000, 0x00000003ebc00000, 0x00000003ec000000|  0%| F|  |TS  0|AC  0|TAMS 0x00000003ebc00000, 0x00000003ebc00000|
|  81|0x00000003ec000000, 0x00000003ec000000, 0x00000003ec400000|  0%| F|  |TS  0|AC  0|TAMS 0x00000003ec000000, 0x00000003ec000000|
|  82|0x00000003ec400000, 0x00000003ec400000, 0x00000003ec800000|  0%| F|  |TS  0|AC  0|TAMS 0x00000003ec400000, 0x00000003ec400000|
|  83|0x00000003ec800000, 0x00000003ec800000, 0x00000003ecc00000|  0%| F|  |TS  0|AC  0|TAMS 0x00000003ec800000, 0x00000003ec800000|
|  84|0x00000003ecc00000, 0x00000003ecc00000, 0x00000003ed000000|  0%| F|  |TS  0|AC  0|TAMS 0x00000003ecc00000, 0x00000003ecc00000|
|  85|0x00000003ed000000, 0x00000003ed000000, 0x00000003ed400000|  0%| F|  |TS  0|AC  0|TAMS 0x00000003ed000000, 0x00000003ed000000|
|  86|0x00000003ed400000, 0x00000003ed400000, 0x00000003ed800000|  0%| F|  |TS  0|AC  0|TAMS 0x00000003ed400000, 0x00000003ed400000|
|  87|0x00000003ed800000, 0x00000003ed800000, 0x00000003edc00000|  0%| F|  |TS  0|AC  0|TAMS 0x00000003ed800000, 0x00000003ed800000|
|  88|0x00000003edc00000, 0x00000003edc00000, 0x00000003ee000000|  0%| F|  |TS  0|AC  0|TAMS 0x00000003edc00000, 0x00000003edc00000|
|  89|0x00000003ee000000, 0x00000003ee000000, 0x00000003ee400000|  0%| F|  |TS  0|AC  0|TAMS 0x00000003ee000000, 0x00000003ee000000|
|  90|0x00000003ee400000, 0x00000003ee400000, 0x00000003ee800000|  0%| F|  |TS  0|AC  0|TAMS 0x00000003ee400000, 0x00000003ee400000|
|  91|0x00000003ee800000, 0x00000003ee800000, 0x00000003eec00000|  0%| F|  |TS  0|AC  0|TAMS 0x00000003ee800000, 0x00000003ee800000|
|  92|0x00000003eec00000, 0x00000003eec00000, 0x00000003ef000000|  0%| F|  |TS  0|AC  0|TAMS 0x00000003eec00000, 0x00000003eec00000|
|  93|0x00000003ef000000, 0x00000003ef000000, 0x00000003ef400000|  0%| F|  |TS  0|AC  0|TAMS 0x00000003ef000000, 0x00000003ef000000|
|  94|0x00000003ef400000, 0x00000003ef400000, 0x00000003ef800000|  0%| F|  |TS  0|AC  0|TAMS 0x00000003ef400000, 0x00000003ef400000|
|  95|0x00000003ef800000, 0x00000003ef800000, 0x00000003efc00000|  0%| F|  |TS  0|AC  0|TAMS 0x00000003ef800000, 0x00000003ef800000|
|  96|0x00000003efc00000, 0x00000003efc00000, 0x00000003f0000000|  0%| F|  |TS  0|AC  0|TAMS 0x00000003efc00000, 0x00000003efc00000|
|  97|0x00000003f0000000, 0x00000003f0000000, 0x00000003f0400000|  0%| F|  |TS  0|AC  0|TAMS 0x00000003f0000000, 0x00000003f0000000|
|  98|0x00000003f0400000, 0x00000003f0400000, 0x00000003f0800000|  0%| F|  |TS  0|AC  0|TAMS 0x00000003f0400000, 0x00000003f0400000|
|  99|0x00000003f0800000, 0x00000003f0800000, 0x00000003f0c00000|  0%| F|  |TS  0|AC  0|TAMS 0x00000003f0800000, 0x00000003f0800000|
| 100|0x00000003f0c00000, 0x00000003f0c00000, 0x00000003f1000000|  0%| F|  |TS  0|AC  0|TAMS 0x00000003f0c00000, 0x00000003f0c00000|
| 101|0x00000003f1000000, 0x00000003f1000000, 0x00000003f1400000|  0%| F|  |TS  0|AC  0|TAMS 0x00000003f1000000, 0x00000003f1000000|
| 102|0x00000003f1400000, 0x00000003f1400000, 0x00000003f1800000|  0%| F|  |TS  0|AC  0|TAMS 0x00000003f1400000, 0x00000003f1400000|
| 103|0x00000003f1800000, 0x00000003f1800000, 0x00000003f1c00000|  0%| F|  |TS  0|AC  0|TAMS 0x00000003f1800000, 0x00000003f1800000|
| 104|0x00000003f1c00000, 0x00000003f1c00000, 0x00000003f2000000|  0%| F|  |TS  0|AC  0|TAMS 0x00000003f1c00000, 0x00000003f1c00000|
| 105|0x00000003f2000000, 0x00000003f2000000, 0x00000003f2400000|  0%| F|  |TS  0|AC  0|TAMS 0x00000003f2000000, 0x00000003f2000000|
| 106|0x00000003f2400000, 0x00000003f2400000, 0x00000003f2800000|  0%| F|  |TS  0|AC  0|TAMS 0x00000003f2400000, 0x00000003f2400000|
| 107|0x00000003f2800000, 0x00000003f2800000, 0x00000003f2c00000|  0%| F|  |TS  0|AC  0|TAMS 0x00000003f2800000, 0x00000003f2800000|
| 108|0x00000003f2c00000, 0x00000003f2c00000, 0x00000003f3000000|  0%| F|  |TS  0|AC  0|TAMS 0x00000003f2c00000, 0x00000003f2c00000|
| 109|0x00000003f3000000, 0x00000003f3000000, 0x00000003f3400000|  0%| F|  |TS  0|AC  0|TAMS 0x00000003f3000000, 0x00000003f3000000|
| 110|0x00000003f3400000, 0x00000003f3400000, 0x00000003f3800000|  0%| F|  |TS  0|AC  0|TAMS 0x00000003f3400000, 0x00000003f3400000|
| 111|0x00000003f3800000, 0x00000003f3800000, 0x00000003f3c00000|  0%| F|  |TS  0|AC  0|TAMS 0x00000003f3800000, 0x00000003f3800000|
| 112|0x00000003f3c00000, 0x00000003f3c00000, 0x00000003f4000000|  0%| F|  |TS  0|AC  0|TAMS 0x00000003f3c00000, 0x00000003f3c00000|
| 113|0x00000003f4000000, 0x00000003f4000000, 0x00000003f4400000|  0%| F|  |TS  0|AC  0|TAMS 0x00000003f4000000, 0x00000003f4000000|
| 114|0x00000003f4400000, 0x00000003f4400000, 0x00000003f4800000|  0%| F|  |TS  0|AC  0|TAMS 0x00000003f4400000, 0x00000003f4400000|
| 115|0x00000003f4800000, 0x00000003f4800000, 0x00000003f4c00000|  0%| F|  |TS  0|AC  0|TAMS 0x00000003f4800000, 0x00000003f4800000|
| 116|0x00000003f4c00000, 0x00000003f4c00000, 0x00000003f5000000|  0%| F|  |TS  0|AC  0|TAMS 0x00000003f4c00000, 0x00000003f4c00000|
| 117|0x00000003f5000000, 0x00000003f5000000, 0x00000003f5400000|  0%| F|  |TS  0|AC  0|TAMS 0x00000003f5000000, 0x00000003f5000000|
| 118|0x00000003f5400000, 0x00000003f5400000, 0x00000003f5800000|  0%| F|  |TS  0|AC  0|TAMS 0x00000003f5400000, 0x00000003f5400000|
| 119|0x00000003f5800000, 0x00000003f5800000, 0x00000003f5c00000|  0%| F|  |TS  0|AC  0|TAMS 0x00000003f5800000, 0x00000003f5800000|
| 120|0x00000003f5c00000, 0x00000003f5c00000, 0x00000003f6000000|  0%| F|  |TS  0|AC  0|TAMS 0x00000003f5c00000, 0x00000003f5c00000|
| 121|0x00000003f6000000, 0x00000003f6000000, 0x00000003f6400000|  0%| F|  |TS  0|AC  0|TAMS 0x00000003f6000000, 0x00000003f6000000|
| 122|0x00000003f6400000, 0x00000003f6400000, 0x00000003f6800000|  0%| F|  |TS  0|AC  0|TAMS 0x00000003f6400000, 0x00000003f6400000|
| 123|0x00000003f6800000, 0x00000003f6800000, 0x00000003f6c00000|  0%| F|  |TS  0|AC  0|TAMS 0x00000003f6800000, 0x00000003f6800000|
| 124|0x00000003f6c00000, 0x00000003f6c00000, 0x00000003f7000000|  0%| F|  |TS  0|AC  0|TAMS 0x00000003f6c00000, 0x00000003f6c00000|
| 125|0x00000003f7000000, 0x00000003f7000000, 0x00000003f7400000|  0%| F|  |TS  0|AC  0|TAMS 0x00000003f7000000, 0x00000003f7000000|
| 126|0x00000003f7400000, 0x00000003f7400000, 0x00000003f7800000|  0%| F|  |TS  0|AC  0|TAMS 0x00000003f7400000, 0x00000003f7400000|
| 127|0x00000003f7800000, 0x00000003f7800000, 0x00000003f7c00000|  0%| F|  |TS  0|AC  0|TAMS 0x00000003f7800000, 0x00000003f7800000|
| 128|0x00000003f7c00000, 0x00000003f7c00000, 0x00000003f8000000|  0%| F|  |TS  0|AC  0|TAMS 0x00000003f7c00000, 0x00000003f7c00000|
| 129|0x00000003f8000000, 0x00000003f8000000, 0x00000003f8400000|  0%| F|  |TS  0|AC  0|TAMS 0x00000003f8000000, 0x00000003f8000000|
| 130|0x00000003f8400000, 0x00000003f8400000, 0x00000003f8800000|  0%| F|  |TS  0|AC  0|TAMS 0x00000003f8400000, 0x00000003f8400000|
| 131|0x00000003f8800000, 0x00000003f8800000, 0x00000003f8c00000|  0%| F|  |TS  0|AC  0|TAMS 0x00000003f8800000, 0x00000003f8800000|
| 132|0x00000003f8c00000, 0x00000003f8c00000, 0x00000003f9000000|  0%| F|  |TS  0|AC  0|TAMS 0x00000003f8c00000, 0x00000003f8c00000|
| 133|0x00000003f9000000, 0x00000003f9000000, 0x00000003f9400000|  0%| F|  |TS  0|AC  0|TAMS 0x00000003f9000000, 0x00000003f9000000|
| 134|0x00000003f9400000, 0x00000003f9400000, 0x00000003f9800000|  0%| F|  |TS  0|AC  0|TAMS 0x00000003f9400000, 0x00000003f9400000|
| 135|0x00000003f9800000, 0x00000003f9800000, 0x00000003f9c00000|  0%| F|  |TS  0|AC  0|TAMS 0x00000003f9800000, 0x00000003f9800000|
| 136|0x00000003f9c00000, 0x00000003f9c00000, 0x00000003fa000000|  0%| F|  |TS  0|AC  0|TAMS 0x00000003f9c00000, 0x00000003f9c00000|
| 137|0x00000003fa000000, 0x00000003fa000000, 0x00000003fa400000|  0%| F|  |TS  0|AC  0|TAMS 0x00000003fa000000, 0x00000003fa000000|
| 138|0x00000003fa400000, 0x00000003fa400000, 0x00000003fa800000|  0%| F|  |TS  0|AC  0|TAMS 0x00000003fa400000, 0x00000003fa400000|
| 139|0x00000003fa800000, 0x00000003fa800000, 0x00000003fac00000|  0%| F|  |TS  0|AC  0|TAMS 0x00000003fa800000, 0x00000003fa800000|
| 140|0x00000003fac00000, 0x00000003fac00000, 0x00000003fb000000|  0%| F|  |TS  0|AC  0|TAMS 0x00000003fac00000, 0x00000003fac00000|
| 141|0x00000003fb000000, 0x00000003fb000000, 0x00000003fb400000|  0%| F|  |TS  0|AC  0|TAMS 0x00000003fb000000, 0x00000003fb000000|
| 142|0x00000003fb400000, 0x00000003fb400000, 0x00000003fb800000|  0%| F|  |TS  0|AC  0|TAMS 0x00000003fb400000, 0x00000003fb400000|
| 143|0x00000003fb800000, 0x00000003fb800000, 0x00000003fbc00000|  0%| F|  |TS  0|AC  0|TAMS 0x00000003fb800000, 0x00000003fb800000|
| 144|0x00000003fbc00000, 0x00000003fbc00000, 0x00000003fc000000|  0%| F|  |TS  0|AC  0|TAMS 0x00000003fbc00000, 0x00000003fbc00000|
| 145|0x00000003fc000000, 0x00000003fc000000, 0x00000003fc400000|  0%| F|  |TS  0|AC  0|TAMS 0x00000003fc000000, 0x00000003fc000000|
| 146|0x00000003fc400000, 0x00000003fc400000, 0x00000003fc800000|  0%| F|  |TS  0|AC  0|TAMS 0x00000003fc400000, 0x00000003fc400000|
| 147|0x00000003fc800000, 0x00000003fc800000, 0x00000003fcc00000|  0%| F|  |TS  0|AC  0|TAMS 0x00000003fc800000, 0x00000003fc800000|
| 148|0x00000003fcc00000, 0x00000003fcc00000, 0x00000003fd000000|  0%| F|  |TS  0|AC  0|TAMS 0x00000003fcc00000, 0x00000003fcc00000|
| 149|0x00000003fd000000, 0x00000003fd000000, 0x00000003fd400000|  0%| F|  |TS  0|AC  0|TAMS 0x00000003fd000000, 0x00000003fd000000|
| 150|0x00000003fd400000, 0x00000003fd400000, 0x00000003fd800000|  0%| F|  |TS  0|AC  0|TAMS 0x00000003fd400000, 0x00000003fd400000|
| 151|0x00000003fd800000, 0x00000003fd800000, 0x00000003fdc00000|  0%| F|  |TS  0|AC  0|TAMS 0x00000003fd800000, 0x00000003fd800000|
| 152|0x00000003fdc00000, 0x00000003fdc00000, 0x00000003fe000000|  0%| F|  |TS  0|AC  0|TAMS 0x00000003fdc00000, 0x00000003fdc00000|
| 153|0x00000003fe000000, 0x00000003fe000000, 0x00000003fe400000|  0%| F|  |TS  0|AC  0|TAMS 0x00000003fe000000, 0x00000003fe000000|
| 154|0x00000003fe400000, 0x00000003fe400000, 0x00000003fe800000|  0%| F|  |TS  0|AC  0|TAMS 0x00000003fe400000, 0x00000003fe400000|
| 155|0x00000003fe800000, 0x00000003fe800000, 0x00000003fec00000|  0%| F|  |TS  0|AC  0|TAMS 0x00000003fe800000, 0x00000003fe800000|
| 156|0x00000003fec00000, 0x00000003fec00000, 0x00000003ff000000|  0%| F|  |TS  0|AC  0|TAMS 0x00000003fec00000, 0x00000003fec00000|
| 157|0x00000003ff000000, 0x00000003ff000000, 0x00000003ff400000|  0%| F|  |TS  0|AC  0|TAMS 0x00000003ff000000, 0x00000003ff000000|
| 158|0x00000003ff400000, 0x00000003ff400000, 0x00000003ff800000|  0%| F|  |TS  0|AC  0|TAMS 0x00000003ff400000, 0x00000003ff400000|
| 159|0x00000003ff800000, 0x00000003ff800000, 0x00000003ffc00000|  0%| F|  |TS  0|AC  0|TAMS 0x00000003ff800000, 0x00000003ff800000|
| 160|0x00000003ffc00000, 0x00000003ffc00000, 0x0000000400000000|  0%| F|  |TS  0|AC  0|TAMS 0x00000003ffc00000, 0x00000003ffc00000|
| 161|0x0000000400000000, 0x0000000400000000, 0x0000000400400000|  0%| F|  |TS  0|AC  0|TAMS 0x0000000400000000, 0x0000000400000000|
| 162|0x0000000400400000, 0x0000000400400000, 0x0000000400800000|  0%| F|  |TS  0|AC  0|TAMS 0x0000000400400000, 0x0000000400400000|
| 163|0x0000000400800000, 0x0000000400800000, 0x0000000400c00000|  0%| F|  |TS  0|AC  0|TAMS 0x0000000400800000, 0x0000000400800000|
| 164|0x0000000400c00000, 0x0000000400c00000, 0x0000000401000000|  0%| F|  |TS  0|AC  0|TAMS 0x0000000400c00000, 0x0000000400c00000|
| 165|0x0000000401000000, 0x0000000401000000, 0x0000000401400000|  0%| F|  |TS  0|AC  0|TAMS 0x0000000401000000, 0x0000000401000000|
| 166|0x0000000401400000, 0x0000000401400000, 0x0000000401800000|  0%| F|  |TS  0|AC  0|TAMS 0x0000000401400000, 0x0000000401400000|
| 167|0x0000000401800000, 0x0000000401800000, 0x0000000401c00000|  0%| F|  |TS  0|AC  0|TAMS 0x0000000401800000, 0x0000000401800000|
| 168|0x0000000401c00000, 0x0000000401c00000, 0x0000000402000000|  0%| F|  |TS  0|AC  0|TAMS 0x0000000401c00000, 0x0000000401c00000|
| 169|0x0000000402000000, 0x0000000402000000, 0x0000000402400000|  0%| F|  |TS  0|AC  0|TAMS 0x0000000402000000, 0x0000000402000000|
| 170|0x0000000402400000, 0x0000000402400000, 0x0000000402800000|  0%| F|  |TS  0|AC  0|TAMS 0x0000000402400000, 0x0000000402400000|
| 171|0x0000000402800000, 0x0000000402800000, 0x0000000402c00000|  0%| F|  |TS  0|AC  0|TAMS 0x0000000402800000, 0x0000000402800000|
| 172|0x0000000402c00000, 0x0000000402c00000, 0x0000000403000000|  0%| F|  |TS  0|AC  0|TAMS 0x0000000402c00000, 0x0000000402c00000|
| 173|0x0000000403000000, 0x0000000403000000, 0x0000000403400000|  0%| F|  |TS  0|AC  0|TAMS 0x0000000403000000, 0x0000000403000000|
| 174|0x0000000403400000, 0x0000000403400000, 0x0000000403800000|  0%| F|  |TS  0|AC  0|TAMS 0x0000000403400000, 0x0000000403400000|
| 175|0x0000000403800000, 0x0000000403800000, 0x0000000403c00000|  0%| F|  |TS  0|AC  0|TAMS 0x0000000403800000, 0x0000000403800000|
| 176|0x0000000403c00000, 0x0000000403c00000, 0x0000000404000000|  0%| F|  |TS  0|AC  0|TAMS 0x0000000403c00000, 0x0000000403c00000|
| 177|0x0000000404000000, 0x0000000404000000, 0x0000000404400000|  0%| F|  |TS  0|AC  0|TAMS 0x0000000404000000, 0x0000000404000000|
| 178|0x0000000404400000, 0x0000000404400000, 0x0000000404800000|  0%| F|  |TS  0|AC  0|TAMS 0x0000000404400000, 0x0000000404400000|
| 179|0x0000000404800000, 0x0000000404800000, 0x0000000404c00000|  0%| F|  |TS  0|AC  0|TAMS 0x0000000404800000, 0x0000000404800000|
| 180|0x0000000404c00000, 0x0000000404c00000, 0x0000000405000000|  0%| F|  |TS  0|AC  0|TAMS 0x0000000404c00000, 0x0000000404c00000|
| 181|0x0000000405000000, 0x0000000405000000, 0x0000000405400000|  0%| F|  |TS  0|AC  0|TAMS 0x0000000405000000, 0x0000000405000000|
| 182|0x0000000405400000, 0x0000000405400000, 0x0000000405800000|  0%| F|  |TS  0|AC  0|TAMS 0x0000000405400000, 0x0000000405400000|
| 183|0x0000000405800000, 0x0000000405800000, 0x0000000405c00000|  0%| F|  |TS  0|AC  0|TAMS 0x0000000405800000, 0x0000000405800000|
| 184|0x0000000405c00000, 0x0000000405c00000, 0x0000000406000000|  0%| F|  |TS  0|AC  0|TAMS 0x0000000405c00000, 0x0000000405c00000|
| 185|0x0000000406000000, 0x0000000406000000, 0x0000000406400000|  0%| F|  |TS  0|AC  0|TAMS 0x0000000406000000, 0x0000000406000000|
| 186|0x0000000406400000, 0x0000000406400000, 0x0000000406800000|  0%| F|  |TS  0|AC  0|TAMS 0x0000000406400000, 0x0000000406400000|
| 187|0x0000000406800000, 0x0000000406800000, 0x0000000406c00000|  0%| F|  |TS  0|AC  0|TAMS 0x0000000406800000, 0x0000000406800000|
| 188|0x0000000406c00000, 0x0000000406c00000, 0x0000000407000000|  0%| F|  |TS  0|AC  0|TAMS 0x0000000406c00000, 0x0000000406c00000|
| 189|0x0000000407000000, 0x0000000407000000, 0x0000000407400000|  0%| F|  |TS  0|AC  0|TAMS 0x0000000407000000, 0x0000000407000000|
| 190|0x0000000407400000, 0x0000000407400000, 0x0000000407800000|  0%| F|  |TS  0|AC  0|TAMS 0x0000000407400000, 0x0000000407400000|
| 191|0x0000000407800000, 0x0000000407800000, 0x0000000407c00000|  0%| F|  |TS  0|AC  0|TAMS 0x0000000407800000, 0x0000000407800000|
| 192|0x0000000407c00000, 0x0000000407c00000, 0x0000000408000000|  0%| F|  |TS  0|AC  0|TAMS 0x0000000407c00000, 0x0000000407c00000|
| 193|0x0000000408000000, 0x0000000408000000, 0x0000000408400000|  0%| F|  |TS  0|AC  0|TAMS 0x0000000408000000, 0x0000000408000000|
| 194|0x0000000408400000, 0x0000000408400000, 0x0000000408800000|  0%| F|  |TS  0|AC  0|TAMS 0x0000000408400000, 0x0000000408400000|
| 195|0x0000000408800000, 0x0000000408800000, 0x0000000408c00000|  0%| F|  |TS  0|AC  0|TAMS 0x0000000408800000, 0x0000000408800000|
| 196|0x0000000408c00000, 0x0000000408c00000, 0x0000000409000000|  0%| F|  |TS  0|AC  0|TAMS 0x0000000408c00000, 0x0000000408c00000|
| 197|0x0000000409000000, 0x0000000409000000, 0x0000000409400000|  0%| F|  |TS  0|AC  0|TAMS 0x0000000409000000, 0x0000000409000000|
| 198|0x0000000409400000, 0x0000000409400000, 0x0000000409800000|  0%| F|  |TS  0|AC  0|TAMS 0x0000000409400000, 0x0000000409400000|
| 199|0x0000000409800000, 0x0000000409800000, 0x0000000409c00000|  0%| F|  |TS  0|AC  0|TAMS 0x0000000409800000, 0x0000000409800000|
| 200|0x0000000409c00000, 0x0000000409c00000, 0x000000040a000000|  0%| F|  |TS  0|AC  0|TAMS 0x0000000409c00000, 0x0000000409c00000|
| 201|0x000000040a000000, 0x000000040a000000, 0x000000040a400000|  0%| F|  |TS  0|AC  0|TAMS 0x000000040a000000, 0x000000040a000000|
| 202|0x000000040a400000, 0x000000040a400000, 0x000000040a800000|  0%| F|  |TS  0|AC  0|TAMS 0x000000040a400000, 0x000000040a400000|
| 203|0x000000040a800000, 0x000000040a800000, 0x000000040ac00000|  0%| F|  |TS  0|AC  0|TAMS 0x000000040a800000, 0x000000040a800000|
| 204|0x000000040ac00000, 0x000000040ac00000, 0x000000040b000000|  0%| F|  |TS  0|AC  0|TAMS 0x000000040ac00000, 0x000000040ac00000|
| 205|0x000000040b000000, 0x000000040b000000, 0x000000040b400000|  0%| F|  |TS  0|AC  0|TAMS 0x000000040b000000, 0x000000040b000000|
| 206|0x000000040b400000, 0x000000040b400000, 0x000000040b800000|  0%| F|  |TS  0|AC  0|TAMS 0x000000040b400000, 0x000000040b400000|
| 207|0x000000040b800000, 0x000000040b800000, 0x000000040bc00000|  0%| F|  |TS  0|AC  0|TAMS 0x000000040b800000, 0x000000040b800000|
| 208|0x000000040bc00000, 0x000000040bc00000, 0x000000040c000000|  0%| F|  |TS  0|AC  0|TAMS 0x000000040bc00000, 0x000000040bc00000|
| 209|0x000000040c000000, 0x000000040c000000, 0x000000040c400000|  0%| F|  |TS  0|AC  0|TAMS 0x000000040c000000, 0x000000040c000000|
| 210|0x000000040c400000, 0x000000040c400000, 0x000000040c800000|  0%| F|  |TS  0|AC  0|TAMS 0x000000040c400000, 0x000000040c400000|
| 211|0x000000040c800000, 0x000000040c800000, 0x000000040cc00000|  0%| F|  |TS  0|AC  0|TAMS 0x000000040c800000, 0x000000040c800000|
| 212|0x000000040cc00000, 0x000000040cc00000, 0x000000040d000000|  0%| F|  |TS  0|AC  0|TAMS 0x000000040cc00000, 0x000000040cc00000|
| 213|0x000000040d000000, 0x000000040d000000, 0x000000040d400000|  0%| F|  |TS  0|AC  0|TAMS 0x000000040d000000, 0x000000040d000000|
| 214|0x000000040d400000, 0x000000040d400000, 0x000000040d800000|  0%| F|  |TS  0|AC  0|TAMS 0x000000040d400000, 0x000000040d400000|
| 215|0x000000040d800000, 0x000000040d800000, 0x000000040dc00000|  0%| F|  |TS  0|AC  0|TAMS 0x000000040d800000, 0x000000040d800000|
| 216|0x000000040dc00000, 0x000000040dc00000, 0x000000040e000000|  0%| F|  |TS  0|AC  0|TAMS 0x000000040dc00000, 0x000000040dc00000|
| 217|0x000000040e000000, 0x000000040e000000, 0x000000040e400000|  0%| F|  |TS  0|AC  0|TAMS 0x000000040e000000, 0x000000040e000000|
| 218|0x000000040e400000, 0x000000040e400000, 0x000000040e800000|  0%| F|  |TS  0|AC  0|TAMS 0x000000040e400000, 0x000000040e400000|
| 219|0x000000040e800000, 0x000000040e800000, 0x000000040ec00000|  0%| F|  |TS  0|AC  0|TAMS 0x000000040e800000, 0x000000040e800000|
| 220|0x000000040ec00000, 0x000000040ec00000, 0x000000040f000000|  0%| F|  |TS  0|AC  0|TAMS 0x000000040ec00000, 0x000000040ec00000|
| 221|0x000000040f000000, 0x000000040f000000, 0x000000040f400000|  0%| F|  |TS  0|AC  0|TAMS 0x000000040f000000, 0x000000040f000000|
| 222|0x000000040f400000, 0x000000040f400000, 0x000000040f800000|  0%| F|  |TS  0|AC  0|TAMS 0x000000040f400000, 0x000000040f400000|
| 223|0x000000040f800000, 0x000000040f800000, 0x000000040fc00000|  0%| F|  |TS  0|AC  0|TAMS 0x000000040f800000, 0x000000040f800000|
| 224|0x000000040fc00000, 0x000000040fc00000, 0x0000000410000000|  0%| F|  |TS  0|AC  0|TAMS 0x000000040fc00000, 0x000000040fc00000|
| 225|0x0000000410000000, 0x0000000410000000, 0x0000000410400000|  0%| F|  |TS  0|AC  0|TAMS 0x0000000410000000, 0x0000000410000000|
| 226|0x0000000410400000, 0x0000000410400000, 0x0000000410800000|  0%| F|  |TS  0|AC  0|TAMS 0x0000000410400000, 0x0000000410400000|
| 227|0x0000000410800000, 0x0000000410800000, 0x0000000410c00000|  0%| F|  |TS  0|AC  0|TAMS 0x0000000410800000, 0x0000000410800000|
| 228|0x0000000410c00000, 0x0000000410c00000, 0x0000000411000000|  0%| F|  |TS  0|AC  0|TAMS 0x0000000410c00000, 0x0000000410c00000|
| 229|0x0000000411000000, 0x0000000411000000, 0x0000000411400000|  0%| F|  |TS  0|AC  0|TAMS 0x0000000411000000, 0x0000000411000000|
| 230|0x0000000411400000, 0x0000000411400000, 0x0000000411800000|  0%| F|  |TS  0|AC  0|TAMS 0x0000000411400000, 0x0000000411400000|
| 231|0x0000000411800000, 0x0000000411800000, 0x0000000411c00000|  0%| F|  |TS  0|AC  0|TAMS 0x0000000411800000, 0x0000000411800000|
| 232|0x0000000411c00000, 0x0000000411c00000, 0x0000000412000000|  0%| F|  |TS  0|AC  0|TAMS 0x0000000411c00000, 0x0000000411c00000|
| 233|0x0000000412000000, 0x0000000412000000, 0x0000000412400000|  0%| F|  |TS  0|AC  0|TAMS 0x0000000412000000, 0x0000000412000000|
| 234|0x0000000412400000, 0x0000000412400000, 0x0000000412800000|  0%| F|  |TS  0|AC  0|TAMS 0x0000000412400000, 0x0000000412400000|
| 235|0x0000000412800000, 0x0000000412800000, 0x0000000412c00000|  0%| F|  |TS  0|AC  0|TAMS 0x0000000412800000, 0x0000000412800000|
| 236|0x0000000412c00000, 0x0000000412c00000, 0x0000000413000000|  0%| F|  |TS  0|AC  0|TAMS 0x0000000412c00000, 0x0000000412c00000|
| 237|0x0000000413000000, 0x0000000413000000, 0x0000000413400000|  0%| F|  |TS  0|AC  0|TAMS 0x0000000413000000, 0x0000000413000000|
| 238|0x0000000413400000, 0x0000000413400000, 0x0000000413800000|  0%| F|  |TS  0|AC  0|TAMS 0x0000000413400000, 0x0000000413400000|
| 239|0x0000000413800000, 0x0000000413800000, 0x0000000413c00000|  0%| F|  |TS  0|AC  0|TAMS 0x0000000413800000, 0x0000000413800000|
| 240|0x0000000413c00000, 0x0000000413c00000, 0x0000000414000000|  0%| F|  |TS  0|AC  0|TAMS 0x0000000413c00000, 0x0000000413c00000|
| 241|0x0000000414000000, 0x0000000414000000, 0x0000000414400000|  0%| F|  |TS  0|AC  0|TAMS 0x0000000414000000, 0x0000000414000000|
| 242|0x0000000414400000, 0x0000000414400000, 0x0000000414800000|  0%| F|  |TS  0|AC  0|TAMS 0x0000000414400000, 0x0000000414400000|
| 243|0x0000000414800000, 0x0000000414800000, 0x0000000414c00000|  0%| F|  |TS  0|AC  0|TAMS 0x0000000414800000, 0x0000000414800000|
| 244|0x0000000414c00000, 0x0000000414c00000, 0x0000000415000000|  0%| F|  |TS  0|AC  0|TAMS 0x0000000414c00000, 0x0000000414c00000|
| 245|0x0000000415000000, 0x0000000415000000, 0x0000000415400000|  0%| F|  |TS  0|AC  0|TAMS 0x0000000415000000, 0x0000000415000000|
| 246|0x0000000415400000, 0x0000000415400000, 0x0000000415800000|  0%| F|  |TS  0|AC  0|TAMS 0x0000000415400000, 0x0000000415400000|
| 247|0x0000000415800000, 0x0000000415800000, 0x0000000415c00000|  0%| F|  |TS  0|AC  0|TAMS 0x0000000415800000, 0x0000000415800000|
| 248|0x0000000415c00000, 0x0000000415dec0b0, 0x0000000416000000| 48%| E|  |TS  0|AC  0|TAMS 0x0000000415c00000, 0x0000000415c00000|
| 249|0x0000000416000000, 0x0000000416400000, 0x0000000416400000|100%| E|CS|TS  0|AC  0|TAMS 0x0000000416000000, 0x0000000416000000|
| 250|0x0000000416400000, 0x0000000416800000, 0x0000000416800000|100%| E|CS|TS  0|AC  0|TAMS 0x0000000416400000, 0x0000000416400000|

Card table byte_map: [0x00007f796c17c000,0x00007f796e0be000] byte_map_base: 0x00007f796a2be000

Marking Bits (Prev, Next): (CMBitMap*) 0x00007f7a3409e820, (CMBitMap*) 0x00007f7a3409e858
 Prev Bits: [0x00007f795a82a000, 0x00007f796a23a000)
 Next Bits: [0x00007f794ae1a000, 0x00007f795a82a000)

Polling page: 0x00007f7a3b703000

CodeHeap 'non-profiled nmethods': size=119172Kb used=150Kb max_used=150Kb free=119021Kb
 bounds [0x00007f7a216e2000, 0x00007f7a21952000, 0x00007f7a28b43000]
CodeHeap 'profiled nmethods': size=119172Kb used=342Kb max_used=342Kb free=118829Kb
 bounds [0x00007f7a1a281000, 0x00007f7a1a4f1000, 0x00007f7a216e2000]
CodeHeap 'non-nmethods': size=7416Kb used=2826Kb max_used=2853Kb free=4589Kb
 bounds [0x00007f7a19b43000, 0x00007f7a19e13000, 0x00007f7a1a281000]
 total_blobs=636 nmethods=255 adapters=168
 compilation: enabled

Compilation events (10 events):
Event: 0.359 Thread 0x00007f7a342af000  254   !   4       java.io.PrintStream::write (83 bytes)
Event: 0.360 Thread 0x00007f7a342b3000  242       4       java.lang.String::getChars (54 bytes)
Event: 0.362 Thread 0x00007f7a342b3000 nmethod 242 0x00007f7a216f9f10 code [0x00007f7a216fa0c0, 0x00007f7a216fa418]
Event: 0.363 Thread 0x00007f7a342ad000 nmethod 244 0x00007f7a216fa690 code [0x00007f7a216fa8c0, 0x00007f7a216fb308]
Event: 0.374 Thread 0x00007f7a342b7000 nmethod 247 0x00007f7a216fbc90 code [0x00007f7a216fbf00, 0x00007f7a216fd388]
Event: 0.389 Thread 0x00007f7a342b8800 nmethod 255 0x00007f7a216fdd90 code [0x00007f7a216fe020, 0x00007f7a216ff3a8]
Event: 0.389 Thread 0x00007f7a342ba800 nmethod 248 0x00007f7a216fff10 code [0x00007f7a21700180, 0x00007f7a217012a8]
Event: 0.391 Thread 0x00007f7a342af000 nmethod 254 0x00007f7a21701b90 code [0x00007f7a21701de0, 0x00007f7a21702fd8]
Event: 0.420 Thread 0x00007f7a342b1000 nmethod 253 0x00007f7a21703b10 code [0x00007f7a21703e60, 0x00007f7a21706220]
Event: 0.558 Thread 0x00007f7a342c1800  256 %     3       org.eclipse.core.runtime.adaptor.EclipseStarter::main @ 531 (1519 bytes)

GC Heap History (0 events):
No events

Deoptimization events (0 events):
No events

Classes redefined (0 events):
No events

Internal exceptions (0 events):
No events

Events (10 events):
Event: 0.312 Thread 0x00007f7a34011800 DEOPT PACKING pc=0x00007f7a1a2b64a4 sp=0x00007f7a39dae0d0
Event: 0.312 Thread 0x00007f7a34011800 DEOPT UNPACKING pc=0x00007f7a19b90aab sp=0x00007f7a39dad6b8 mode 0
Event: 0.312 Thread 0x00007f7a34011800 DEOPT PACKING pc=0x00007f7a1a2b64a4 sp=0x00007f7a39dae0d0
Event: 0.312 Thread 0x00007f7a34011800 DEOPT UNPACKING pc=0x00007f7a19b90aab sp=0x00007f7a39dad6b8 mode 0
Event: 0.312 Thread 0x00007f7a34011800 DEOPT PACKING pc=0x00007f7a1a2b64a4 sp=0x00007f7a39dae0d0
Event: 0.312 Thread 0x00007f7a34011800 DEOPT UNPACKING pc=0x00007f7a19b90aab sp=0x00007f7a39dad6b8 mode 0
Event: 0.312 Thread 0x00007f7a34011800 DEOPT PACKING pc=0x00007f7a1a2b64a4 sp=0x00007f7a39dae0d0
Event: 0.312 Thread 0x00007f7a34011800 DEOPT UNPACKING pc=0x00007f7a19b90aab sp=0x00007f7a39dad6b8 mode 0
Event: 0.312 Thread 0x00007f7a34011800 DEOPT PACKING pc=0x00007f7a1a2b64a4 sp=0x00007f7a39dae0d0
Event: 0.312 Thread 0x00007f7a34011800 DEOPT UNPACKING pc=0x00007f7a19b90aab sp=0x00007f7a39dad6b8 mode 0


Dynamic libraries:
00400000-00401000 r-xp 00000000 00:65 77077150                           /root/oracle/jdk-9.0.4/bin/java
00600000-00601000 rw-p 00000000 00:65 77077150                           /root/oracle/jdk-9.0.4/bin/java
010da000-010fb000 rw-p 00000000 00:00 0                                  [heap]
3d7c00000-416800000 rw-p 00000000 00:00 0 
416800000-7c0000000 ---p 00000000 00:00 0 
7c0000000-7c0080000 rw-p 00000000 00:00 0 
7c0080000-800000000 ---p 00000000 00:00 0 
7f78d8000000-7f78d8021000 rw-p 00000000 00:00 0 
7f78d8021000-7f78dc000000 ---p 00000000 00:00 0 
7f78e0000000-7f78e0021000 rw-p 00000000 00:00 0 
7f78e0021000-7f78e4000000 ---p 00000000 00:00 0 
7f78e4000000-7f78e4021000 rw-p 00000000 00:00 0 
7f78e4021000-7f78e8000000 ---p 00000000 00:00 0 
7f78e8000000-7f78e8038000 rw-p 00000000 00:00 0 
7f78e8038000-7f78ec000000 ---p 00000000 00:00 0 
7f78ec000000-7f78ec021000 rw-p 00000000 00:00 0 
7f78ec021000-7f78f0000000 ---p 00000000 00:00 0 
7f78f0000000-7f78f009d000 rw-p 00000000 00:00 0 
7f78f009d000-7f78f4000000 ---p 00000000 00:00 0 
7f78f4000000-7f78f404c000 rw-p 00000000 00:00 0 
7f78f404c000-7f78f8000000 ---p 00000000 00:00 0 
7f78f8000000-7f78f80d8000 rw-p 00000000 00:00 0 
7f78f80d8000-7f78fc000000 ---p 00000000 00:00 0 
7f78fc000000-7f78fc021000 rw-p 00000000 00:00 0 
7f78fc021000-7f7900000000 ---p 00000000 00:00 0 
7f7900000000-7f79002f4000 rw-p 00000000 00:00 0 
7f79002f4000-7f7904000000 ---p 00000000 00:00 0 
7f7904000000-7f7904188000 rw-p 00000000 00:00 0 
7f7904188000-7f7908000000 ---p 00000000 00:00 0 
7f7908000000-7f790803c000 rw-p 00000000 00:00 0 
7f790803c000-7f790c000000 ---p 00000000 00:00 0 
7f790c000000-7f790c021000 rw-p 00000000 00:00 0 
7f790c021000-7f7910000000 ---p 00000000 00:00 0 
7f7910000000-7f79102dd000 rw-p 00000000 00:00 0 
7f79102dd000-7f7914000000 ---p 00000000 00:00 0 
7f7914000000-7f79142aa000 rw-p 00000000 00:00 0 
7f79142aa000-7f7918000000 ---p 00000000 00:00 0 
7f7918000000-7f7918021000 rw-p 00000000 00:00 0 
7f7918021000-7f791c000000 ---p 00000000 00:00 0 
7f791c000000-7f791c210000 rw-p 00000000 00:00 0 
7f791c210000-7f7920000000 ---p 00000000 00:00 0 
7f7920000000-7f7920021000 rw-p 00000000 00:00 0 
7f7920021000-7f7924000000 ---p 00000000 00:00 0 
7f7924000000-7f7924021000 rw-p 00000000 00:00 0 
7f7924021000-7f7928000000 ---p 00000000 00:00 0 
7f7928000000-7f7928021000 rw-p 00000000 00:00 0 
7f7928021000-7f792c000000 ---p 00000000 00:00 0 
7f792c000000-7f792c021000 rw-p 00000000 00:00 0 
7f792c021000-7f7930000000 ---p 00000000 00:00 0 
7f793181a000-7f7931b48000 rw-p 00000000 00:00 0 
7f7931b48000-7f7931b49000 ---p 00000000 00:00 0 
7f7931b49000-7f7931c4a000 rw-p 00000000 00:00 0 
7f7931c4a000-7f7931c4e000 ---p 00000000 00:00 0 
7f7931c4e000-7f7931d4b000 rw-p 00000000 00:00 0 
7f7931d4b000-7f7931d4f000 ---p 00000000 00:00 0 
7f7931d4f000-7f7931e4c000 rw-p 00000000 00:00 0 
7f7931e4c000-7f7931e62000 r-xp 00000000 00:65 77077477                   /root/oracle/jdk-9.0.4/lib/libnet.so
7f7931e62000-7f7932062000 ---p 00016000 00:65 77077477                   /root/oracle/jdk-9.0.4/lib/libnet.so
7f7932062000-7f7932063000 rw-p 00016000 00:65 77077477                   /root/oracle/jdk-9.0.4/lib/libnet.so
7f7932063000-7f7932073000 r-xp 00000000 00:65 77077594                   /root/oracle/jdk-9.0.4/lib/libnio.so
7f7932073000-7f7932273000 ---p 00010000 00:65 77077594                   /root/oracle/jdk-9.0.4/lib/libnio.so
7f7932273000-7f7932274000 rw-p 00010000 00:65 77077594                   /root/oracle/jdk-9.0.4/lib/libnio.so
7f7932274000-7f7932278000 ---p 00000000 00:00 0 
7f7932278000-7f7932375000 rw-p 00000000 00:00 0 
7f7932375000-7f7932379000 ---p 00000000 00:00 0 
7f7932379000-7f7932476000 rw-p 00000000 00:00 0 
7f7932476000-7f793247a000 ---p 00000000 00:00 0 
7f793247a000-7f7932577000 rw-p 00000000 00:00 0 
7f7932577000-7f793257b000 ---p 00000000 00:00 0 
7f793257b000-7f7932678000 rw-p 00000000 00:00 0 
7f7932678000-7f793267c000 ---p 00000000 00:00 0 
7f793267c000-7f7932779000 rw-p 00000000 00:00 0 
7f7932779000-7f793277d000 ---p 00000000 00:00 0 
7f793277d000-7f793287a000 rw-p 00000000 00:00 0 
7f793287a000-7f793287e000 ---p 00000000 00:00 0 
7f793287e000-7f793297b000 rw-p 00000000 00:00 0 
7f793297b000-7f793297f000 ---p 00000000 00:00 0 
7f793297f000-7f7932a7c000 rw-p 00000000 00:00 0 
7f7932a7c000-7f7932a80000 ---p 00000000 00:00 0 
7f7932a80000-7f7932b7d000 rw-p 00000000 00:00 0 
7f7932b7d000-7f7932b81000 ---p 00000000 00:00 0 
7f7932b81000-7f7932c7e000 rw-p 00000000 00:00 0 
7f7932c7e000-7f7932c82000 ---p 00000000 00:00 0 
7f7932c82000-7f7932d7f000 rw-p 00000000 00:00 0 
7f7932d7f000-7f7932d83000 ---p 00000000 00:00 0 
7f7932d83000-7f7932e80000 rw-p 00000000 00:00 0 
7f7932e80000-7f7932e84000 ---p 00000000 00:00 0 
7f7932e84000-7f7932f81000 rw-p 00000000 00:00 0 
7f7932f81000-7f7932f85000 ---p 00000000 00:00 0 
7f7932f85000-7f7933082000 rw-p 00000000 00:00 0 
7f7933082000-7f7933086000 ---p 00000000 00:00 0 
7f7933086000-7f7933183000 rw-p 00000000 00:00 0 
7f7933183000-7f7933187000 ---p 00000000 00:00 0 
7f7933187000-7f7933284000 rw-p 00000000 00:00 0 
7f7933284000-7f7933285000 ---p 00000000 00:00 0 
7f7933285000-7f793383c000 rw-p 00000000 00:00 0 
7f793383c000-7f7933bfc000 ---p 00000000 00:00 0 
7f7933bfc000-7f7934000000 rw-p 00000000 00:00 0 
7f7934000000-7f7934021000 rw-p 00000000 00:00 0 
7f7934021000-7f7938000000 ---p 00000000 00:00 0 
7f7938000000-7f7938021000 rw-p 00000000 00:00 0 
7f7938021000-7f793c000000 ---p 00000000 00:00 0 
7f793c000000-7f793c021000 rw-p 00000000 00:00 0 
7f793c021000-7f7940000000 ---p 00000000 00:00 0 
7f7940000000-7f7940021000 rw-p 00000000 00:00 0 
7f7940021000-7f7944000000 ---p 00000000 00:00 0 
7f7944000000-7f7944021000 rw-p 00000000 00:00 0 
7f7944021000-7f7948000000 ---p 00000000 00:00 0 
7f794800c000-7f7948e1a000 rw-p 00000000 00:00 0 
7f7948e1a000-7f794ae1a000 rwxp 00000000 00:00 0 
7f794ae1a000-7f794bdca000 rw-p 00000000 00:00 0 
7f794bdca000-7f795a82a000 ---p 00000000 00:00 0 
7f795a82a000-7f795b7da000 rw-p 00000000 00:00 0 
7f795b7da000-7f796a23a000 ---p 00000000 00:00 0 
7f796a23a000-7f796a430000 rw-p 00000000 00:00 0 
7f796a430000-7f796c17c000 ---p 00000000 00:00 0 
7f796c17c000-7f796c372000 rw-p 00000000 00:00 0 
7f796c372000-7f7970000000 ---p 00000000 00:00 0 
7f7970000000-7f7970021000 rw-p 00000000 00:00 0 
7f7970021000-7f7974000000 ---p 00000000 00:00 0 
7f7974000000-7f7974021000 rw-p 00000000 00:00 0 
7f7974021000-7f7978000000 ---p 00000000 00:00 0 
7f7978000000-7f7978021000 rw-p 00000000 00:00 0 
7f7978021000-7f797c000000 ---p 00000000 00:00 0 
7f797c000000-7f797c021000 rw-p 00000000 00:00 0 
7f797c021000-7f7980000000 ---p 00000000 00:00 0 
7f7980000000-7f7980021000 rw-p 00000000 00:00 0 
7f7980021000-7f7984000000 ---p 00000000 00:00 0 
7f7984000000-7f7984021000 rw-p 00000000 00:00 0 
7f7984021000-7f7988000000 ---p 00000000 00:00 0 
7f7988000000-7f7988021000 rw-p 00000000 00:00 0 
7f7988021000-7f798c000000 ---p 00000000 00:00 0 
7f798c000000-7f798c021000 rw-p 00000000 00:00 0 
7f798c021000-7f7990000000 ---p 00000000 00:00 0 
7f7990000000-7f7990021000 rw-p 00000000 00:00 0 
7f7990021000-7f7994000000 ---p 00000000 00:00 0 
7f7994000000-7f7994021000 rw-p 00000000 00:00 0 
7f7994021000-7f7998000000 ---p 00000000 00:00 0 
7f7998000000-7f7998021000 rw-p 00000000 00:00 0 
7f7998021000-7f799c000000 ---p 00000000 00:00 0 
7f799c000000-7f799c021000 rw-p 00000000 00:00 0 
7f799c021000-7f79a0000000 ---p 00000000 00:00 0 
7f79a0000000-7f79a0021000 rw-p 00000000 00:00 0 
7f79a0021000-7f79a4000000 ---p 00000000 00:00 0 
7f79a4000000-7f79a4021000 rw-p 00000000 00:00 0 
7f79a4021000-7f79a8000000 ---p 00000000 00:00 0 
7f79a8000000-7f79a8021000 rw-p 00000000 00:00 0 
7f79a8021000-7f79ac000000 ---p 00000000 00:00 0 
7f79ac000000-7f79ac021000 rw-p 00000000 00:00 0 
7f79ac021000-7f79b0000000 ---p 00000000 00:00 0 
7f79b0000000-7f79b0021000 rw-p 00000000 00:00 0 
7f79b0021000-7f79b4000000 ---p 00000000 00:00 0 
7f79b4000000-7f79b4021000 rw-p 00000000 00:00 0 
7f79b4021000-7f79b8000000 ---p 00000000 00:00 0 
7f79b8000000-7f79b8021000 rw-p 00000000 00:00 0 
7f79b8021000-7f79bc000000 ---p 00000000 00:00 0 
7f79bc000000-7f79bc021000 rw-p 00000000 00:00 0 
7f79bc021000-7f79c0000000 ---p 00000000 00:00 0 
7f79c0044000-7f79c02a1000 rw-p 00000000 00:00 0 
7f79c02a1000-7f79c02a2000 ---p 00000000 00:00 0 
7f79c02a2000-7f79c03a3000 rw-p 00000000 00:00 0 
7f79c03a3000-7f79c03a4000 ---p 00000000 00:00 0 
7f79c03a4000-7f79c04a5000 rw-p 00000000 00:00 0 
7f79c04a5000-7f79c04a6000 ---p 00000000 00:00 0 
7f79c04a6000-7f79c05a7000 rw-p 00000000 00:00 0 
7f79c05a7000-7f79c05a8000 ---p 00000000 00:00 0 
7f79c05a8000-7f79c06a9000 rw-p 00000000 00:00 0 
7f79c06a9000-7f79c06aa000 ---p 00000000 00:00 0 
7f79c06aa000-7f79c07ab000 rw-p 00000000 00:00 0 
7f79c07ab000-7f79c07ac000 ---p 00000000 00:00 0 
7f79c07ac000-7f79c0f8e000 rw-p 00000000 00:00 0 
7f79c0f8e000-7f79c2cda000 ---p 00000000 00:00 0 
7f79c2cda000-7f79c2cdb000 ---p 00000000 00:00 0 
7f79c2cdb000-7f79c2ddc000 rw-p 00000000 00:00 0 
7f79c2ddc000-7f79c2ddd000 ---p 00000000 00:00 0 
7f79c2ddd000-7f79c2ede000 rw-p 00000000 00:00 0 
7f79c2ede000-7f79c2edf000 ---p 00000000 00:00 0 
7f79c2edf000-7f79c2fe0000 rw-p 00000000 00:00 0 
7f79c2fe0000-7f79c2fe1000 ---p 00000000 00:00 0 
7f79c2fe1000-7f79c30e2000 rw-p 00000000 00:00 0 
7f79c30e2000-7f79c30e3000 ---p 00000000 00:00 0 
7f79c30e3000-7f79c31e4000 rw-p 00000000 00:00 0 
7f79c31e4000-7f79c31e5000 ---p 00000000 00:00 0 
7f79c31e5000-7f79c32e6000 rw-p 00000000 00:00 0 
7f79c32e6000-7f79c32e7000 ---p 00000000 00:00 0 
7f79c32e7000-7f79c33e8000 rw-p 00000000 00:00 0 
7f79c33e8000-7f79c33e9000 ---p 00000000 00:00 0 
7f79c33e9000-7f79c34ea000 rw-p 00000000 00:00 0 
7f79c34ea000-7f79c34eb000 ---p 00000000 00:00 0 
7f79c34eb000-7f79c35ec000 rw-p 00000000 00:00 0 
7f79c35ec000-7f79c35ed000 ---p 00000000 00:00 0 
7f79c35ed000-7f79c36ee000 rw-p 00000000 00:00 0 
7f79c36ee000-7f79c36ef000 ---p 00000000 00:00 0 
7f79c36ef000-7f79c37f0000 rw-p 00000000 00:00 0 
7f79c37f0000-7f79c37f1000 ---p 00000000 00:00 0 
7f79c37f1000-7f79c38f2000 rw-p 00000000 00:00 0 
7f79c38f2000-7f79c38f3000 ---p 00000000 00:00 0 
7f79c38f3000-7f79c39f4000 rw-p 00000000 00:00 0 
7f79c39f4000-7f79c39f5000 ---p 00000000 00:00 0 
7f79c39f5000-7f79c3af6000 rw-p 00000000 00:00 0 
7f79c3af6000-7f79c3af7000 ---p 00000000 00:00 0 
7f79c3af7000-7f79c3bf8000 rw-p 00000000 00:00 0 
7f79c3bf8000-7f79c3bf9000 ---p 00000000 00:00 0 
7f79c3bf9000-7f79c3cfa000 rw-p 00000000 00:00 0 
7f79c3cfa000-7f79c3cfb000 ---p 00000000 00:00 0 
7f79c3cfb000-7f79c3dfc000 rw-p 00000000 00:00 0 
7f79c3dfc000-7f79c3dfd000 ---p 00000000 00:00 0 
7f79c3dfd000-7f79c3efe000 rw-p 00000000 00:00 0 
7f79c3efe000-7f79c3eff000 ---p 00000000 00:00 0 
7f79c3eff000-7f79c4000000 rw-p 00000000 00:00 0 
7f79c4000000-7f79c4021000 rw-p 00000000 00:00 0 
7f79c4021000-7f79c8000000 ---p 00000000 00:00 0 
7f79c8000000-7f79c8021000 rw-p 00000000 00:00 0 
7f79c8021000-7f79cc000000 ---p 00000000 00:00 0 
7f79cc000000-7f79cc021000 rw-p 00000000 00:00 0 
7f79cc021000-7f79d0000000 ---p 00000000 00:00 0 
7f79d0000000-7f79d0021000 rw-p 00000000 00:00 0 
7f79d0021000-7f79d4000000 ---p 00000000 00:00 0 
7f79d4000000-7f79d4021000 rw-p 00000000 00:00 0 
7f79d4021000-7f79d8000000 ---p 00000000 00:00 0 
7f79d8000000-7f79d8021000 rw-p 00000000 00:00 0 
7f79d8021000-7f79dc000000 ---p 00000000 00:00 0 
7f79dc000000-7f79dc021000 rw-p 00000000 00:00 0 
7f79dc021000-7f79e0000000 ---p 00000000 00:00 0 
7f79e0000000-7f79e0021000 rw-p 00000000 00:00 0 
7f79e0021000-7f79e4000000 ---p 00000000 00:00 0 
7f79e4000000-7f79e4021000 rw-p 00000000 00:00 0 
7f79e4021000-7f79e8000000 ---p 00000000 00:00 0 
7f79e8000000-7f79e8021000 rw-p 00000000 00:00 0 
7f79e8021000-7f79ec000000 ---p 00000000 00:00 0 
7f79ec000000-7f79ec021000 rw-p 00000000 00:00 0 
7f79ec021000-7f79f0000000 ---p 00000000 00:00 0 
7f79f0000000-7f79f0021000 rw-p 00000000 00:00 0 
7f79f0021000-7f79f4000000 ---p 00000000 00:00 0 
7f79f4000000-7f79f4021000 rw-p 00000000 00:00 0 
7f79f4021000-7f79f8000000 ---p 00000000 00:00 0 
7f79f8000000-7f79f8021000 rw-p 00000000 00:00 0 
7f79f8021000-7f79fc000000 ---p 00000000 00:00 0 
7f79fc000000-7f79fc021000 rw-p 00000000 00:00 0 
7f79fc021000-7f7a00000000 ---p 00000000 00:00 0 
7f7a00000000-7f7a00021000 rw-p 00000000 00:00 0 
7f7a00021000-7f7a04000000 ---p 00000000 00:00 0 
7f7a04000000-7f7a04021000 rw-p 00000000 00:00 0 
7f7a04021000-7f7a08000000 ---p 00000000 00:00 0 
7f7a08000000-7f7a08021000 rw-p 00000000 00:00 0 
7f7a08021000-7f7a0c000000 ---p 00000000 00:00 0 
7f7a0c000000-7f7a0c021000 rw-p 00000000 00:00 0 
7f7a0c021000-7f7a10000000 ---p 00000000 00:00 0 
7f7a10000000-7f7a10021000 rw-p 00000000 00:00 0 
7f7a10021000-7f7a14000000 ---p 00000000 00:00 0 
7f7a14000000-7f7a14021000 rw-p 00000000 00:00 0 
7f7a14021000-7f7a18000000 ---p 00000000 00:00 0 
7f7a18021000-7f7a18022000 ---p 00000000 00:00 0 
7f7a18022000-7f7a18123000 rw-p 00000000 00:00 0 
7f7a18123000-7f7a18124000 ---p 00000000 00:00 0 
7f7a18124000-7f7a19639000 rw-p 00000000 00:00 0 
7f7a19639000-7f7a1963a000 ---p 00000000 00:00 0 
7f7a1963a000-7f7a1973b000 rw-p 00000000 00:00 0 
7f7a1973b000-7f7a1973c000 ---p 00000000 00:00 0 
7f7a1973c000-7f7a1983d000 rw-p 00000000 00:00 0 
7f7a1983d000-7f7a1983e000 ---p 00000000 00:00 0 
7f7a1983e000-7f7a1993f000 rw-p 00000000 00:00 0 
7f7a1993f000-7f7a19940000 ---p 00000000 00:00 0 
7f7a19940000-7f7a19a41000 rw-p 00000000 00:00 0 
7f7a19a41000-7f7a19a42000 ---p 00000000 00:00 0 
7f7a19a42000-7f7a19b43000 rw-p 00000000 00:00 0 
7f7a19b43000-7f7a19e13000 rwxp 00000000 00:00 0 
7f7a19e13000-7f7a1a281000 ---p 00000000 00:00 0 
7f7a1a281000-7f7a1a4f1000 rwxp 00000000 00:00 0 
7f7a1a4f1000-7f7a216e2000 ---p 00000000 00:00 0 
7f7a216e2000-7f7a21952000 rwxp 00000000 00:00 0 
7f7a21952000-7f7a28b43000 ---p 00000000 00:00 0 
7f7a28b43000-7f7a34000000 r--s 00000000 00:65 77077560                   /root/oracle/jdk-9.0.4/lib/modules
7f7a34000000-7f7a34412000 rw-p 00000000 00:00 0 
7f7a34412000-7f7a38000000 ---p 00000000 00:00 0 
7f7a38016000-7f7a380ed000 rw-p 00000000 00:00 0 
7f7a380ed000-7f7a380ee000 ---p 00000000 00:00 0 
7f7a380ee000-7f7a381ef000 rw-p 00000000 00:00 0 
7f7a381ef000-7f7a381f0000 ---p 00000000 00:00 0 
7f7a381f0000-7f7a382f1000 rw-p 00000000 00:00 0 
7f7a382f1000-7f7a382f2000 ---p 00000000 00:00 0 
7f7a382f2000-7f7a383f3000 rw-p 00000000 00:00 0 
7f7a383f3000-7f7a383f4000 ---p 00000000 00:00 0 
7f7a383f4000-7f7a384f5000 rw-p 00000000 00:00 0 
7f7a384f5000-7f7a384f6000 ---p 00000000 00:00 0 
7f7a384f6000-7f7a385f7000 rw-p 00000000 00:00 0 
7f7a385f7000-7f7a385f8000 ---p 00000000 00:00 0 
7f7a385f8000-7f7a386f9000 rw-p 00000000 00:00 0 
7f7a386f9000-7f7a386fa000 ---p 00000000 00:00 0 
7f7a386fa000-7f7a387fb000 rw-p 00000000 00:00 0 
7f7a387fb000-7f7a387fc000 ---p 00000000 00:00 0 
7f7a387fc000-7f7a388fd000 rw-p 00000000 00:00 0 
7f7a388fd000-7f7a388fe000 ---p 00000000 00:00 0 
7f7a388fe000-7f7a389ff000 rw-p 00000000 00:00 0 
7f7a389ff000-7f7a38a00000 ---p 00000000 00:00 0 
7f7a38a00000-7f7a38b01000 rw-p 00000000 00:00 0 
7f7a38b01000-7f7a38b02000 ---p 00000000 00:00 0 
7f7a38b02000-7f7a38c03000 rw-p 00000000 00:00 0 
7f7a38c03000-7f7a38c04000 ---p 00000000 00:00 0 
7f7a38c04000-7f7a38d05000 rw-p 00000000 00:00 0 
7f7a38d05000-7f7a38d06000 ---p 00000000 00:00 0 
7f7a38d06000-7f7a38e07000 rw-p 00000000 00:00 0 
7f7a38e07000-7f7a38e08000 ---p 00000000 00:00 0 
7f7a38e08000-7f7a38f09000 rw-p 00000000 00:00 0 
7f7a38f09000-7f7a38f0a000 ---p 00000000 00:00 0 
7f7a38f0a000-7f7a39010000 rw-p 00000000 00:00 0 
7f7a39010000-7f7a390f4000 ---p 00000000 00:00 0 
7f7a390f4000-7f7a390f9000 rw-p 00000000 00:00 0 
7f7a390f9000-7f7a391dd000 ---p 00000000 00:00 0 
7f7a391dd000-7f7a391e3000 rw-p 00000000 00:00 0 
7f7a391e3000-7f7a391ec000 ---p 00000000 00:00 0 
7f7a391ec000-7f7a3923c000 rw-p 00000000 00:00 0 
7f7a3923c000-7f7a39419000 r--s 03e31000 00:65 101727669                  /usr/local/java/jdk1.8.0_301/jre/lib/rt.jar
7f7a39419000-7f7a39433000 r-xp 00000000 00:65 77077435                   /root/oracle/jdk-9.0.4/lib/libjimage.so
7f7a39433000-7f7a39632000 ---p 0001a000 00:65 77077435                   /root/oracle/jdk-9.0.4/lib/libjimage.so
7f7a39632000-7f7a39634000 rw-p 00019000 00:65 77077435                   /root/oracle/jdk-9.0.4/lib/libjimage.so
7f7a39634000-7f7a39646000 rw-p 00000000 00:00 0 
7f7a39646000-7f7a3964d000 r-xp 00000000 00:65 77083131                   /root/oracle/jdk-9.0.4/lib/libzip.so
7f7a3964d000-7f7a3984c000 ---p 00007000 00:65 77083131                   /root/oracle/jdk-9.0.4/lib/libzip.so
7f7a3984c000-7f7a3984d000 rw-p 00006000 00:65 77083131                   /root/oracle/jdk-9.0.4/lib/libzip.so
7f7a3984d000-7f7a39850000 r--p 00000000 00:65 165034530                  /usr/lib/x86_64-linux-gnu/libnss_files-2.31.so
7f7a39850000-7f7a39857000 r-xp 00003000 00:65 165034530                  /usr/lib/x86_64-linux-gnu/libnss_files-2.31.so
7f7a39857000-7f7a39859000 r--p 0000a000 00:65 165034530                  /usr/lib/x86_64-linux-gnu/libnss_files-2.31.so
7f7a39859000-7f7a3985a000 r--p 0000b000 00:65 165034530                  /usr/lib/x86_64-linux-gnu/libnss_files-2.31.so
7f7a3985a000-7f7a3985b000 rw-p 0000c000 00:65 165034530                  /usr/lib/x86_64-linux-gnu/libnss_files-2.31.so
7f7a3985b000-7f7a39861000 rw-p 00000000 00:00 0 
7f7a39869000-7f7a3986a000 rw-p 00000000 00:00 0 
7f7a3986a000-7f7a39895000 r-xp 00000000 00:65 77077470                   /root/oracle/jdk-9.0.4/lib/libjava.so
7f7a39895000-7f7a39a94000 ---p 0002b000 00:65 77077470                   /root/oracle/jdk-9.0.4/lib/libjava.so
7f7a39a94000-7f7a39a96000 rw-p 0002a000 00:65 77077470                   /root/oracle/jdk-9.0.4/lib/libjava.so
7f7a39a96000-7f7a39aa3000 r-xp 00000000 00:65 77077494                   /root/oracle/jdk-9.0.4/lib/libverify.so
7f7a39aa3000-7f7a39ca2000 ---p 0000d000 00:65 77077494                   /root/oracle/jdk-9.0.4/lib/libverify.so
7f7a39ca2000-7f7a39ca4000 rw-p 0000c000 00:65 77077494                   /root/oracle/jdk-9.0.4/lib/libverify.so
7f7a39ca4000-7f7a39ca7000 r--p 00000000 00:65 165034636                  /usr/lib/x86_64-linux-gnu/librt-2.31.so
7f7a39ca7000-7f7a39cab000 r-xp 00003000 00:65 165034636                  /usr/lib/x86_64-linux-gnu/librt-2.31.so
7f7a39cab000-7f7a39cac000 r--p 00007000 00:65 165034636                  /usr/lib/x86_64-linux-gnu/librt-2.31.so
7f7a39cac000-7f7a39cad000 ---p 00008000 00:65 165034636                  /usr/lib/x86_64-linux-gnu/librt-2.31.so
7f7a39cad000-7f7a39cae000 r--p 00008000 00:65 165034636                  /usr/lib/x86_64-linux-gnu/librt-2.31.so
7f7a39cae000-7f7a39caf000 rw-p 00009000 00:65 165034636                  /usr/lib/x86_64-linux-gnu/librt-2.31.so
7f7a39caf000-7f7a39cb0000 ---p 00000000 00:00 0 
7f7a39cb0000-7f7a39cb1000 rw-p 00000000 00:00 0 
7f7a39cb1000-7f7a39cb5000 ---p 00000000 00:00 0 
7f7a39cb5000-7f7a39db0000 rw-p 00000000 00:00 0 
7f7a39db0000-7f7a39dbf000 r--p 00000000 00:65 165034468                  /usr/lib/x86_64-linux-gnu/libm-2.31.so
7f7a39dbf000-7f7a39e66000 r-xp 0000f000 00:65 165034468                  /usr/lib/x86_64-linux-gnu/libm-2.31.so
7f7a39e66000-7f7a39efd000 r--p 000b6000 00:65 165034468                  /usr/lib/x86_64-linux-gnu/libm-2.31.so
7f7a39efd000-7f7a39efe000 r--p 0014c000 00:65 165034468                  /usr/lib/x86_64-linux-gnu/libm-2.31.so
7f7a39efe000-7f7a39eff000 rw-p 0014d000 00:65 165034468                  /usr/lib/x86_64-linux-gnu/libm-2.31.so
7f7a39eff000-7f7a3af14000 r-xp 00000000 00:65 77083135                   /root/oracle/jdk-9.0.4/lib/server/libjvm.so
7f7a3af14000-7f7a3b113000 ---p 01015000 00:65 77083135                   /root/oracle/jdk-9.0.4/lib/server/libjvm.so
7f7a3b113000-7f7a3b1e4000 r--p 01014000 00:65 77083135                   /root/oracle/jdk-9.0.4/lib/server/libjvm.so
7f7a3b1e4000-7f7a3b21b000 rw-p 010e5000 00:65 77083135                   /root/oracle/jdk-9.0.4/lib/server/libjvm.so
7f7a3b21b000-7f7a3b286000 rw-p 00000000 00:00 0 
7f7a3b286000-7f7a3b2ab000 r--p 00000000 00:65 165034165                  /usr/lib/x86_64-linux-gnu/libc-2.31.so
7f7a3b2ab000-7f7a3b423000 r-xp 00025000 00:65 165034165                  /usr/lib/x86_64-linux-gnu/libc-2.31.so
7f7a3b423000-7f7a3b46d000 r--p 0019d000 00:65 165034165                  /usr/lib/x86_64-linux-gnu/libc-2.31.so
7f7a3b46d000-7f7a3b46e000 ---p 001e7000 00:65 165034165                  /usr/lib/x86_64-linux-gnu/libc-2.31.so
7f7a3b46e000-7f7a3b471000 r--p 001e7000 00:65 165034165                  /usr/lib/x86_64-linux-gnu/libc-2.31.so
7f7a3b471000-7f7a3b474000 rw-p 001ea000 00:65 165034165                  /usr/lib/x86_64-linux-gnu/libc-2.31.so
7f7a3b474000-7f7a3b478000 rw-p 00000000 00:00 0 
7f7a3b478000-7f7a3b479000 r--p 00000000 00:65 165034236                  /usr/lib/x86_64-linux-gnu/libdl-2.31.so
7f7a3b479000-7f7a3b47b000 r-xp 00001000 00:65 165034236                  /usr/lib/x86_64-linux-gnu/libdl-2.31.so
7f7a3b47b000-7f7a3b47c000 r--p 00003000 00:65 165034236                  /usr/lib/x86_64-linux-gnu/libdl-2.31.so
7f7a3b47c000-7f7a3b47d000 r--p 00003000 00:65 165034236                  /usr/lib/x86_64-linux-gnu/libdl-2.31.so
7f7a3b47d000-7f7a3b47e000 rw-p 00004000 00:65 165034236                  /usr/lib/x86_64-linux-gnu/libdl-2.31.so
7f7a3b47e000-7f7a3b48c000 r-xp 00000000 00:65 77083142                   /root/oracle/jdk-9.0.4/lib/jli/libjli.so
7f7a3b48c000-7f7a3b68c000 ---p 0000e000 00:65 77083142                   /root/oracle/jdk-9.0.4/lib/jli/libjli.so
7f7a3b68c000-7f7a3b68d000 rw-p 0000e000 00:65 77083142                   /root/oracle/jdk-9.0.4/lib/jli/libjli.so
7f7a3b68d000-7f7a3b694000 r--p 00000000 00:65 165034610                  /usr/lib/x86_64-linux-gnu/libpthread-2.31.so
7f7a3b694000-7f7a3b6a5000 r-xp 00007000 00:65 165034610                  /usr/lib/x86_64-linux-gnu/libpthread-2.31.so
7f7a3b6a5000-7f7a3b6aa000 r--p 00018000 00:65 165034610                  /usr/lib/x86_64-linux-gnu/libpthread-2.31.so
7f7a3b6aa000-7f7a3b6ab000 r--p 0001c000 00:65 165034610                  /usr/lib/x86_64-linux-gnu/libpthread-2.31.so
7f7a3b6ab000-7f7a3b6ac000 rw-p 0001d000 00:65 165034610                  /usr/lib/x86_64-linux-gnu/libpthread-2.31.so
7f7a3b6ac000-7f7a3b6b0000 rw-p 00000000 00:00 0 
7f7a3b6b0000-7f7a3b6b2000 r--p 00000000 00:65 165034796                  /usr/lib/x86_64-linux-gnu/libz.so.1.2.11
7f7a3b6b2000-7f7a3b6c3000 r-xp 00002000 00:65 165034796                  /usr/lib/x86_64-linux-gnu/libz.so.1.2.11
7f7a3b6c3000-7f7a3b6c9000 r--p 00013000 00:65 165034796                  /usr/lib/x86_64-linux-gnu/libz.so.1.2.11
7f7a3b6c9000-7f7a3b6ca000 ---p 00019000 00:65 165034796                  /usr/lib/x86_64-linux-gnu/libz.so.1.2.11
7f7a3b6ca000-7f7a3b6cb000 r--p 00019000 00:65 165034796                  /usr/lib/x86_64-linux-gnu/libz.so.1.2.11
7f7a3b6cb000-7f7a3b6cc000 rw-p 0001a000 00:65 165034796                  /usr/lib/x86_64-linux-gnu/libz.so.1.2.11
7f7a3b6cc000-7f7a3b6d4000 rw-s 00000000 00:65 71965686                   /tmp/hsperfdata_root/30141
7f7a3b6d4000-7f7a3b6d7000 rw-p 00000000 00:00 0 
7f7a3b6d7000-7f7a3b6d8000 r--p 00000000 00:65 165033992                  /usr/lib/x86_64-linux-gnu/ld-2.31.so
7f7a3b6d8000-7f7a3b6fb000 r-xp 00001000 00:65 165033992                  /usr/lib/x86_64-linux-gnu/ld-2.31.so
7f7a3b6fb000-7f7a3b703000 r--p 00024000 00:65 165033992                  /usr/lib/x86_64-linux-gnu/ld-2.31.so
7f7a3b703000-7f7a3b704000 r--p 00000000 00:00 0 
7f7a3b704000-7f7a3b705000 r--p 0002c000 00:65 165033992                  /usr/lib/x86_64-linux-gnu/ld-2.31.so
7f7a3b705000-7f7a3b706000 rw-p 0002d000 00:65 165033992                  /usr/lib/x86_64-linux-gnu/ld-2.31.so
7f7a3b706000-7f7a3b707000 rw-p 00000000 00:00 0 
7ffcf9d12000-7ffcf9d33000 rw-p 00000000 00:00 0                          [stack]
7ffcf9db7000-7ffcf9dba000 r--p 00000000 00:00 0                          [vvar]
7ffcf9dba000-7ffcf9dbb000 r-xp 00000000 00:00 0                          [vdso]
ffffffffff600000-ffffffffff601000 --xp 00000000 00:00 0                  [vsyscall]

VM Arguments:
jvm_args: -Xbootclasspath/a:/usr/local/java/jdk1.8.0_301/jre/lib/rt.jar -Xverify:none 
java_command: org.eclipse.core.runtime.adaptor.EclipseStarter -debug
java_class_path (initial): ./sootOutput/eclipse/
Launcher Type: SUN_STANDARD

Logging:
Log output configuration:
#0: stdout all=warning uptime,level,tags
#1: stderr all=off uptime,level,tags

Environment Variables:
JAVA_HOME=/root/oracle/jdk-9.0.4
JRE_HOME=/root/oracle/jdk-9.0.4
CLASSPATH=.:/root/oracle/jdk-9.0.4/lib:/JVMfuzzing/htm/CFSynthesis/resource/commons-lang3-3.12.0/commons-lang3-3.12.0.jar
PATH=/root/oracle/jdk-9.0.4/bin:/root/.vscode-server/bin/da76f93349a72022ca4670c1b84860304616aaa2/bin/remote-cli:/root/oracle/jdk-9.0.4/bin:/usr/local/sbin:/usr/local/bin:/usr/sbin:/usr/bin:/sbin:/bin:/usr/games:/usr/local/games:/snap/bin
SHELL=/bin/bash

Signal Handlers:
SIGSEGV: [libjvm.so+0xd4d370], sa_mask[0]=11111111011111111101111111111110, sa_flags=SA_RESTART|SA_SIGINFO
SIGBUS: [libjvm.so+0xd4d370], sa_mask[0]=11111111011111111101111111111110, sa_flags=SA_RESTART|SA_SIGINFO
SIGFPE: [libjvm.so+0xd4d370], sa_mask[0]=11111111011111111101111111111110, sa_flags=SA_RESTART|SA_SIGINFO
SIGPIPE: [libjvm.so+0xb64780], sa_mask[0]=11111111011111111101111111111110, sa_flags=SA_RESTART|SA_SIGINFO
SIGXFSZ: [libjvm.so+0xb64780], sa_mask[0]=11111111011111111101111111111110, sa_flags=SA_RESTART|SA_SIGINFO
SIGILL: [libjvm.so+0xd4d370], sa_mask[0]=11111111011111111101111111111110, sa_flags=SA_RESTART|SA_SIGINFO
SIGUSR2: [libjvm.so+0xb64640], sa_mask[0]=00100000000000000000000000000000, sa_flags=SA_RESTART|SA_SIGINFO
SIGHUP: [libjvm.so+0xb64850], sa_mask[0]=11111111011111111101111111111110, sa_flags=SA_RESTART|SA_SIGINFO
SIGINT: [libjvm.so+0xb64850], sa_mask[0]=11111111011111111101111111111110, sa_flags=SA_RESTART|SA_SIGINFO
SIGTERM: [libjvm.so+0xb64850], sa_mask[0]=11111111011111111101111111111110, sa_flags=SA_RESTART|SA_SIGINFO
SIGQUIT: [libjvm.so+0xb64850], sa_mask[0]=11111111011111111101111111111110, sa_flags=SA_RESTART|SA_SIGINFO


---------------  S Y S T E M  ---------------

OS:DISTRIB_ID=Ubuntu
DISTRIB_RELEASE=20.04
DISTRIB_CODENAME=focal
DISTRIB_DESCRIPTION="Ubuntu 20.04.3 LTS"
uname:Linux 5.4.0-124-generic #140~18.04.1-Ubuntu SMP Fri Aug 5 11:43:34 UTC 2022 x86_64
libc:glibc 2.31 NPTL 2.31 
rlimit: STACK 8192k, CORE infinity, NPROC infinity, NOFILE 1048576, AS infinity
load average:41.38 39.59 38.31

/proc/meminfo:
MemTotal:       65549624 kB
MemFree:        11325988 kB
MemAvailable:   37673876 kB
Buffers:         5871608 kB
Cached:          3316960 kB
SwapCached:         8092 kB
Active:         28265664 kB
Inactive:        6136188 kB
Active(anon):   21217172 kB
Inactive(anon):  4017412 kB
Active(file):    7048492 kB
Inactive(file):  2118776 kB
Unevictable:          16 kB
Mlocked:              16 kB
SwapTotal:       2097148 kB
SwapFree:              0 kB
Dirty:             55024 kB
Writeback:             0 kB
AnonPages:      25205808 kB
Mapped:           823088 kB
Shmem:             25608 kB
KReclaimable:   17912544 kB
Slab:           19081636 kB
SReclaimable:   17912544 kB
SUnreclaim:      1169092 kB
KernelStack:       77760 kB
PageTables:       230936 kB
NFS_Unstable:          0 kB
Bounce:                0 kB
WritebackTmp:          0 kB
CommitLimit:    34871960 kB
Committed_AS:   78763712 kB
VmallocTotal:   34359738367 kB
VmallocUsed:      160400 kB
VmallocChunk:          0 kB
Percpu:            32512 kB
HardwareCorrupted:     0 kB
AnonHugePages:         0 kB
ShmemHugePages:        0 kB
ShmemPmdMapped:        0 kB
FileHugePages:         0 kB
FilePmdMapped:         0 kB
CmaTotal:              0 kB
CmaFree:               0 kB
HugePages_Total:       0
HugePages_Free:        0
HugePages_Rsvd:        0
HugePages_Surp:        0
Hugepagesize:       2048 kB
Hugetlb:               0 kB
DirectMap4k:    15497632 kB
DirectMap2M:    51298304 kB
DirectMap1G:           0 kB


CPU:total 28 (initial active 28) (14 cores per cpu, 2 threads per core) family 6 model 85 stepping 4, cmov, cx8, fxsr, mmx, sse, sse2, sse3, ssse3, sse4.1, sse4.2, popcnt, avx, avx2, aes, clmul, erms, rtm, 3dnowpref, lzcnt, ht, tsc, tscinvbit, bmi1, bmi2, adx, fma
CPU Model and flags from /proc/cpuinfo:
model name	: Intel(R) Core(TM) i9-9940X CPU @ 3.30GHz
flags		: fpu vme de pse tsc msr pae mce cx8 apic sep mtrr pge mca cmov pat pse36 clflush dts acpi mmx fxsr sse sse2 ss ht tm pbe syscall nx pdpe1gb rdtscp lm constant_tsc art arch_perfmon pebs bts rep_good nopl xtopology nonstop_tsc cpuid aperfmperf pni pclmulqdq dtes64 monitor ds_cpl vmx est tm2 ssse3 sdbg fma cx16 xtpr pdcm pcid dca sse4_1 sse4_2 x2apic movbe popcnt tsc_deadline_timer aes xsave avx f16c rdrand lahf_lm abm 3dnowprefetch cpuid_fault epb cat_l3 cdp_l3 invpcid_single pti ssbd mba ibrs ibpb stibp tpr_shadow vnmi flexpriority ept vpid ept_ad fsgsbase tsc_adjust bmi1 hle avx2 smep bmi2 erms invpcid rtm cqm mpx rdt_a avx512f avx512dq rdseed adx smap clflushopt clwb intel_pt avx512cd avx512bw avx512vl xsaveopt xsavec xgetbv1 xsaves cqm_llc cqm_occup_llc cqm_mbm_total cqm_mbm_local dtherm ida arat pln pts hwp hwp_act_window hwp_epp hwp_pkg_req md_clear flush_l1d arch_capabilities

Memory: 4k page, physical 65549624k(11325988k free), swap 2097148k(0k free)

vm_info: Java HotSpot(TM) 64-Bit Server VM (9.0.4+11) for linux-amd64 JRE (9.0.4+11), built on Dec 19 2017 18:12:19 by "mach5one" with gcc 4.9.2

END.
