#
# A fatal error has been detected by the Java Runtime Environment:
#
#  SIGSEGV (0xb) at pc=0x00007f3333e0acb7, pid=9309, tid=9387
#
# JRE version: Java(TM) SE Runtime Environment (9.0+11) (build 9.0.4+11)
# Java VM: Java HotSpot(TM) 64-Bit Server VM (9.0.4+11, mixed mode, tiered, compressed oops, g1 gc, linux-amd64)
# Problematic frame:
# V  [libjvm.so+0x532cb7]  ValueStack::pop_arguments(int)+0xc7
#
# Core dump will be written. Default location: Core dumps may be processed with "/usr/share/apport/apport -p%p -s%s -c%c -d%d -P%P -u%u -g%g -- %E" (or dumping to /JVMfuzzing/zjy/classming/Fuzzing-Testing-of-JVM-Implementations/core.9309)
#
# If you would like to submit a bug report, please visit:
#   http://bugreport.java.com/bugreport/crash.jsp
#

---------------  S U M M A R Y ------------

Command Line: -Xbootclasspath/a:/usr/local/java/jdk1.8.0_301/jre/lib/rt.jar -Xverify:none org.eclipse.core.runtime.adaptor.EclipseStarter -debug

Host: Intel(R) Core(TM) i9-9940X CPU @ 3.30GHz, 28 cores, 62G, Ubuntu 20.04.3 LTS
Time: Thu Nov  3 08:57:04 2022 UTC elapsed time: 0 seconds (0d 0h 0m 0s)

---------------  T H R E A D  ---------------

Current thread (0x00007f332c2c0000):  JavaThread "C1 CompilerThread10" daemon [_thread_in_native, id=9387, stack(0x00007f31f3dfe000,0x00007f31f3eff000)]


Current CompileTask:
C1:    699  498       3       org.eclipse.core.runtime.adaptor.EclipseStarter::processCommandLine (2291 bytes)

Stack: [0x00007f31f3dfe000,0x00007f31f3eff000],  sp=0x00007f31f3efd140,  free space=1020k
Native frames: (J=compiled Java code, A=aot compiled Java code, j=interpreted, Vv=VM code, C=native code)
V  [libjvm.so+0x532cb7]  ValueStack::pop_arguments(int)+0xc7
V  [libjvm.so+0x4af5c0]  GraphBuilder::invoke(Bytecodes::Code)+0xb40
V  [libjvm.so+0x4b163e]  GraphBuilder::iterate_bytecodes_for_block(int)+0x1c4e
V  [libjvm.so+0x4b1ad5]  GraphBuilder::iterate_all_blocks(bool)+0x85
V  [libjvm.so+0x4b1ec9]  GraphBuilder::GraphBuilder(Compilation*, IRScope*)+0x389
V  [libjvm.so+0x4b70a8]  IR::IR(Compilation*, ciMethod*, int)+0x1e8
V  [libjvm.so+0x497832]  Compilation::build_hir() [clone .part.93]+0x162
V  [libjvm.so+0x499633]  Compilation::compile_java_method()+0x3c3
V  [libjvm.so+0x4997af]  Compilation::compile_method()+0x12f
V  [libjvm.so+0x499c31]  Compilation::Compilation(AbstractCompiler*, ciEnv*, ciMethod*, int, BufferBlob*, DirectiveSet*)+0x271
V  [libjvm.so+0x49ac1e]  Compiler::compile_method(ciEnv*, ciMethod*, int, DirectiveSet*)+0xae
V  [libjvm.so+0x6125ac]  CompileBroker::invoke_compiler_on_method(CompileTask*)+0x41c
V  [libjvm.so+0x61344b]  CompileBroker::compiler_thread_loop()+0x28b
V  [libjvm.so+0xcef338]  JavaThread::thread_main_inner()+0xd8
V  [libjvm.so+0xb6e132]  thread_native_entry(Thread*)+0xf2
C  [libpthread.so.0+0x9609]  start_thread+0xd9


siginfo: si_signo: 11 (SIGSEGV), si_code: 1 (SEGV_MAPERR), si_addr: 0x0000000000000018

Register to memory mapping:

RAX=0x00007f31e820db00 is an unknown value
RBX=0x00007f31e820df70 is an unknown value
RCX=0x0000000000000001 is an unknown value
RDX=0x0000000000000001 is an unknown value
RSP=0x00007f31f3efd140 is pointing into the stack for thread: 0x00007f332c2c0000
RBP=0x00007f31f3efd180 is pointing into the stack for thread: 0x00007f332c2c0000
RSI=0x0000000000000002 is an unknown value
RDI=0x00007f3334bbcfe0: <offset 0x00000000012e4fe0> in /root/oracle/jdk-9.0.4/lib/server/libjvm.so at 0x00007f33338d8000
R8 =0x0000000000000000 is an unknown value
R9 =0x0000000000000000 is an unknown value
R10=0x000000000000000c is an unknown value
R11=0x0000000000000001 is an unknown value
R12=0x00007f31e820d9f0 is an unknown value
R13=0x0000000000000001 is an unknown value
R14=0x0000000000000000 is an unknown value
R15=0x0000000000000001 is an unknown value


Registers:
RAX=0x00007f31e820db00, RBX=0x00007f31e820df70, RCX=0x0000000000000001, RDX=0x0000000000000001
RSP=0x00007f31f3efd140, RBP=0x00007f31f3efd180, RSI=0x0000000000000002, RDI=0x00007f3334bbcfe0
R8 =0x0000000000000000, R9 =0x0000000000000000, R10=0x000000000000000c, R11=0x0000000000000001
R12=0x00007f31e820d9f0, R13=0x0000000000000001, R14=0x0000000000000000, R15=0x0000000000000001
RIP=0x00007f3333e0acb7, EFLAGS=0x0000000000010202, CSGSFS=0x002b000000000033, ERR=0x0000000000000004
  TRAPNO=0x000000000000000e

Top of Stack: (sp=0x00007f31f3efd140)
0x00007f31f3efd140:   00007f322d1f84a0 00000000002c0000
0x00007f31f3efd150:   00007f31f3efd1d0 00007f31f3efd460
0x00007f31f3efd160:   00007f31e8608de0 00000000000000b8
0x00007f31f3efd170:   0000000000000000 00007f31f8009170 

Instructions: (pc=0x00007f3333e0acb7)
0x00007f3333e0ac97:   89 0b 4c 89 34 d0 45 39 7c 24 38 0f 8e c8 00 00
0x00007f3333e0aca7:   00 49 8b 44 24 50 49 63 d5 4c 8b 34 d0 48 63 13
0x00007f3333e0acb7:   49 8b 46 18 44 8b 78 08 45 01 ef 3b 53 04 45 89
0x00007f3333e0acc7:   fd 75 c6 85 d2 0f 85 be 00 00 00 c7 43 04 01 00 


---------------  P R O C E S S  ---------------

Java Threads: ( => current thread )
  0x00007f332c381000 JavaThread "Service Thread" daemon [_thread_blocked, id=9391, stack(0x00007f31f35d2000,0x00007f31f36d3000)]
  0x00007f332c2d2800 JavaThread "Common-Cleaner" daemon [_thread_blocked, id=9390, stack(0x00007f31f36d3000,0x00007f31f37d4000)]
  0x00007f332c2c3800 JavaThread "Sweeper thread" daemon [_thread_blocked, id=9389, stack(0x00007f31f3bfc000,0x00007f31f3cfd000)]
  0x00007f332c2c2000 JavaThread "C1 CompilerThread11" daemon [_thread_blocked, id=9388, stack(0x00007f31f3cfd000,0x00007f31f3dfe000)]
=>0x00007f332c2c0000 JavaThread "C1 CompilerThread10" daemon [_thread_in_native, id=9387, stack(0x00007f31f3dfe000,0x00007f31f3eff000)]
  0x00007f332c2be000 JavaThread "C1 CompilerThread9" daemon [_thread_blocked, id=9386, stack(0x00007f31f3eff000,0x00007f31f4000000)]
  0x00007f332c2bc000 JavaThread "C1 CompilerThread8" daemon [_thread_blocked, id=9385, stack(0x00007f322c072000,0x00007f322c173000)]
  0x00007f332c2ba000 JavaThread "C2 CompilerThread7" daemon [_thread_blocked, id=9384, stack(0x00007f322c173000,0x00007f322c274000)]
  0x00007f332c2b8000 JavaThread "C2 CompilerThread6" daemon [_thread_blocked, id=9383, stack(0x00007f322c274000,0x00007f322c375000)]
  0x00007f332c2b6800 JavaThread "C2 CompilerThread5" daemon [_thread_blocked, id=9382, stack(0x00007f322c375000,0x00007f322c476000)]
  0x00007f332c2b4800 JavaThread "C2 CompilerThread4" daemon [_thread_blocked, id=9381, stack(0x00007f322c476000,0x00007f322c577000)]
  0x00007f332c2b2800 JavaThread "C2 CompilerThread3" daemon [_thread_blocked, id=9380, stack(0x00007f322c577000,0x00007f322c678000)]
  0x00007f332c2b1000 JavaThread "C2 CompilerThread2" daemon [_thread_blocked, id=9379, stack(0x00007f322c678000,0x00007f322c779000)]
  0x00007f332c2af000 JavaThread "C2 CompilerThread1" daemon [_thread_blocked, id=9378, stack(0x00007f322c779000,0x00007f322c87a000)]
  0x00007f332c2ad000 JavaThread "C2 CompilerThread0" daemon [_thread_blocked, id=9377, stack(0x00007f322c87a000,0x00007f322c97b000)]
  0x00007f332c2ab000 JavaThread "Signal Dispatcher" daemon [_thread_blocked, id=9376, stack(0x00007f322c97b000,0x00007f322ca7c000)]
  0x00007f332c291000 JavaThread "Finalizer" daemon [_thread_blocked, id=9375, stack(0x00007f322ca7c000,0x00007f322cb7d000)]
  0x00007f332c288800 JavaThread "Reference Handler" daemon [_thread_blocked, id=9374, stack(0x00007f322cb7d000,0x00007f322cc7e000)]
  0x00007f332c011800 JavaThread "main" [_thread_in_native, id=9311, stack(0x00007f333368a000,0x00007f3333789000)]

Other Threads:
  0x00007f332c281000 VMThread "VM Thread" [stack: 0x00007f322cc80000,0x00007f322cd80000] [id=9373]
  0x00007f332c384000 WatcherThread [stack: 0x00007f31f34d2000,0x00007f31f35d2000] [id=9392]
  0x00007f332c034000 GCTaskThread "GC Thread#0" [stack: 0x00007f33328e4000,0x00007f33329e4000] [id=9312]
  0x00007f332c035800 GCTaskThread "GC Thread#1" [stack: 0x00007f33327e2000,0x00007f33328e2000] [id=9313]
  0x00007f332c037000 GCTaskThread "GC Thread#2" [stack: 0x00007f33326e0000,0x00007f33327e0000] [id=9314]
  0x00007f332c039000 GCTaskThread "GC Thread#3" [stack: 0x00007f33325de000,0x00007f33326de000] [id=9315]
  0x00007f332c03a800 GCTaskThread "GC Thread#4" [stack: 0x00007f33324dc000,0x00007f33325dc000] [id=9316]
  0x00007f332c03c800 GCTaskThread "GC Thread#5" [stack: 0x00007f33323da000,0x00007f33324da000] [id=9319]
  0x00007f332c03e000 GCTaskThread "GC Thread#6" [stack: 0x00007f33322d8000,0x00007f33323d8000] [id=9320]
  0x00007f332c03f800 GCTaskThread "GC Thread#7" [stack: 0x00007f33321d6000,0x00007f33322d6000] [id=9321]
  0x00007f332c041800 GCTaskThread "GC Thread#8" [stack: 0x00007f33320d4000,0x00007f33321d4000] [id=9322]
  0x00007f332c043000 GCTaskThread "GC Thread#9" [stack: 0x00007f3331fd2000,0x00007f33320d2000] [id=9323]
  0x00007f332c045000 GCTaskThread "GC Thread#10" [stack: 0x00007f3331ed0000,0x00007f3331fd0000] [id=9324]
  0x00007f332c046800 GCTaskThread "GC Thread#11" [stack: 0x00007f3331dce000,0x00007f3331ece000] [id=9325]
  0x00007f332c048800 GCTaskThread "GC Thread#12" [stack: 0x00007f3331ccc000,0x00007f3331dcc000] [id=9326]
  0x00007f332c04a000 GCTaskThread "GC Thread#13" [stack: 0x00007f3331bca000,0x00007f3331cca000] [id=9329]
  0x00007f332c04c000 GCTaskThread "GC Thread#14" [stack: 0x00007f3331ac8000,0x00007f3331bc8000] [id=9338]
  0x00007f332c04d800 GCTaskThread "GC Thread#15" [stack: 0x00007f33319c6000,0x00007f3331ac6000] [id=9339]
  0x00007f332c04f800 GCTaskThread "GC Thread#16" [stack: 0x00007f33318c4000,0x00007f33319c4000] [id=9340]
  0x00007f332c051000 GCTaskThread "GC Thread#17" [stack: 0x00007f33317c2000,0x00007f33318c2000] [id=9341]
  0x00007f332c052800 GCTaskThread "GC Thread#18" [stack: 0x00007f33316c0000,0x00007f33317c0000] [id=9342]
  0x00007f332c054800 GCTaskThread "GC Thread#19" [stack: 0x00007f33315be000,0x00007f33316be000] [id=9343]
  0x00007f332c09f800 ConcurrentGCThread "G1 Main Marker" [stack: 0x00007f3310130000,0x00007f3310230000] [id=9366]
  0x00007f332c0a1000 ConcurrentGCThread "G1 Marker#0" [stack: 0x00007f331002e000,0x00007f331012e000] [id=9367]
  0x00007f332c0a3000 ConcurrentGCThread "G1 Marker#1" [stack: 0x00007f3244dd8000,0x00007f3244ed8000] [id=9368]
  0x00007f332c0a4800 ConcurrentGCThread "G1 Marker#2" [stack: 0x00007f3244cd6000,0x00007f3244dd6000] [id=9369]
  0x00007f332c0a6800 ConcurrentGCThread "G1 Marker#3" [stack: 0x00007f3244bd4000,0x00007f3244cd4000] [id=9370]
  0x00007f332c0a8000 ConcurrentGCThread "G1 Marker#4" [stack: 0x00007f3244ad2000,0x00007f3244bd2000] [id=9371]
  0x00007f332c079000 ConcurrentGCThread "G1 Refine#0" [stack: 0x00007f331081f000,0x00007f331091f000] [id=9364]
  0x00007f332c077000 ConcurrentGCThread "G1 Refine#1" [stack: 0x00007f3310921000,0x00007f3310a21000] [id=9363]
  0x00007f332c075000 ConcurrentGCThread "G1 Refine#2" [stack: 0x00007f3310a23000,0x00007f3310b23000] [id=9362]
  0x00007f332c073800 ConcurrentGCThread "G1 Refine#3" [stack: 0x00007f3310b25000,0x00007f3310c25000] [id=9361]
  0x00007f332c071800 ConcurrentGCThread "G1 Refine#4" [stack: 0x00007f3310c27000,0x00007f3310d27000] [id=9360]
  0x00007f332c070000 ConcurrentGCThread "G1 Refine#5" [stack: 0x00007f3310d29000,0x00007f3310e29000] [id=9359]
  0x00007f332c06e000 ConcurrentGCThread "G1 Refine#6" [stack: 0x00007f3310e2b000,0x00007f3310f2b000] [id=9358]
  0x00007f332c06c800 ConcurrentGCThread "G1 Refine#7" [stack: 0x00007f3310f2d000,0x00007f331102d000] [id=9356]
  0x00007f332c06a800 ConcurrentGCThread "G1 Refine#8" [stack: 0x00007f331102f000,0x00007f331112f000] [id=9355]
  0x00007f332c069000 ConcurrentGCThread "G1 Refine#9" [stack: 0x00007f3311131000,0x00007f3311231000] [id=9354]
  0x00007f332c067000 ConcurrentGCThread "G1 Refine#10" [stack: 0x00007f3311233000,0x00007f3311333000] [id=9353]
  0x00007f332c065000 ConcurrentGCThread "G1 Refine#11" [stack: 0x00007f3311335000,0x00007f3311435000] [id=9352]
  0x00007f332c063800 ConcurrentGCThread "G1 Refine#12" [stack: 0x00007f3311437000,0x00007f3311537000] [id=9351]
  0x00007f332c061800 ConcurrentGCThread "G1 Refine#13" [stack: 0x00007f3311539000,0x00007f3311639000] [id=9350]
  0x00007f332c060000 ConcurrentGCThread "G1 Refine#14" [stack: 0x00007f331163b000,0x00007f331173b000] [id=9349]
  0x00007f332c05e000 ConcurrentGCThread "G1 Refine#15" [stack: 0x00007f331173d000,0x00007f331183d000] [id=9348]
  0x00007f332c05c800 ConcurrentGCThread "G1 Refine#16" [stack: 0x00007f331183f000,0x00007f331193f000] [id=9347]
  0x00007f332c05a800 ConcurrentGCThread "G1 Refine#17" [stack: 0x00007f3311941000,0x00007f3311a41000] [id=9346]
  0x00007f332c059000 ConcurrentGCThread "G1 Refine#18" [stack: 0x00007f3311a43000,0x00007f3311b43000] [id=9345]
  0x00007f332c057000 ConcurrentGCThread "G1 Refine#19" [stack: 0x00007f33300a8000,0x00007f33301a8000] [id=9344]
  0x00007f332c07a800 ConcurrentGCThread "G1 Young RemSet Sampling" [stack: 0x00007f331071d000,0x00007f331081d000] [id=9365]

Threads with active compile tasks:
C1 CompilerThread10 498       3       org.eclipse.core.runtime.adaptor.EclipseStarter::processCommandLine (2291 bytes)

VM state:not at safepoint (normal execution)

VM Mutex/Monitor currently owned by a thread: None

Heap address: 0x00000003d7c00000, size: 16004 MB, Compressed Oops mode: Zero based, Oop shift amount: 3
Narrow klass base: 0x0000000000000000, Narrow klass shift: 3
Compressed class space size: 1073741824 Address: 0x00000007c0000000

Heap:
 garbage-first heap   total 1028096K, used 12288K [0x00000003d7c00000, 0x00000003d80007d8, 0x00000007c0000000)
  region size 4096K, 4 young (16384K), 0 survivors (0K)
 Metaspace       used 6230K, capacity 6336K, committed 6528K, reserved 1056768K
  class space    used 496K, capacity 538K, committed 640K, reserved 1048576K
Heap Regions: E=young(eden), S=young(survivor), O=old, HS=humongous(starts), HC=humongous(continues), CS=collection set, F=free, A=archive, TS=gc time stamp, AC=allocation context, TAMS=top-at-mark-start (previous, next)
|   0|0x00000003d7c00000, 0x00000003d7c00000, 0x00000003d8000000|  0%| F|  |TS  0|AC  0|TAMS 0x00000003d7c00000, 0x00000003d7c00000|
|   1|0x00000003d8000000, 0x00000003d8000000, 0x00000003d8400000|  0%| F|  |TS  0|AC  0|TAMS 0x00000003d8000000, 0x00000003d8000000|
|   2|0x00000003d8400000, 0x00000003d8400000, 0x00000003d8800000|  0%| F|  |TS  0|AC  0|TAMS 0x00000003d8400000, 0x00000003d8400000|
|   3|0x00000003d8800000, 0x00000003d8800000, 0x00000003d8c00000|  0%| F|  |TS  0|AC  0|TAMS 0x00000003d8800000, 0x00000003d8800000|
|   4|0x00000003d8c00000, 0x00000003d8c00000, 0x00000003d9000000|  0%| F|  |TS  0|AC  0|TAMS 0x00000003d8c00000, 0x00000003d8c00000|
|   5|0x00000003d9000000, 0x00000003d9000000, 0x00000003d9400000|  0%| F|  |TS  0|AC  0|TAMS 0x00000003d9000000, 0x00000003d9000000|
|   6|0x00000003d9400000, 0x00000003d9400000, 0x00000003d9800000|  0%| F|  |TS  0|AC  0|TAMS 0x00000003d9400000, 0x00000003d9400000|
|   7|0x00000003d9800000, 0x00000003d9800000, 0x00000003d9c00000|  0%| F|  |TS  0|AC  0|TAMS 0x00000003d9800000, 0x00000003d9800000|
|   8|0x00000003d9c00000, 0x00000003d9c00000, 0x00000003da000000|  0%| F|  |TS  0|AC  0|TAMS 0x00000003d9c00000, 0x00000003d9c00000|
|   9|0x00000003da000000, 0x00000003da000000, 0x00000003da400000|  0%| F|  |TS  0|AC  0|TAMS 0x00000003da000000, 0x00000003da000000|
|  10|0x00000003da400000, 0x00000003da400000, 0x00000003da800000|  0%| F|  |TS  0|AC  0|TAMS 0x00000003da400000, 0x00000003da400000|
|  11|0x00000003da800000, 0x00000003da800000, 0x00000003dac00000|  0%| F|  |TS  0|AC  0|TAMS 0x00000003da800000, 0x00000003da800000|
|  12|0x00000003dac00000, 0x00000003dac00000, 0x00000003db000000|  0%| F|  |TS  0|AC  0|TAMS 0x00000003dac00000, 0x00000003dac00000|
|  13|0x00000003db000000, 0x00000003db000000, 0x00000003db400000|  0%| F|  |TS  0|AC  0|TAMS 0x00000003db000000, 0x00000003db000000|
|  14|0x00000003db400000, 0x00000003db400000, 0x00000003db800000|  0%| F|  |TS  0|AC  0|TAMS 0x00000003db400000, 0x00000003db400000|
|  15|0x00000003db800000, 0x00000003db800000, 0x00000003dbc00000|  0%| F|  |TS  0|AC  0|TAMS 0x00000003db800000, 0x00000003db800000|
|  16|0x00000003dbc00000, 0x00000003dbc00000, 0x00000003dc000000|  0%| F|  |TS  0|AC  0|TAMS 0x00000003dbc00000, 0x00000003dbc00000|
|  17|0x00000003dc000000, 0x00000003dc000000, 0x00000003dc400000|  0%| F|  |TS  0|AC  0|TAMS 0x00000003dc000000, 0x00000003dc000000|
|  18|0x00000003dc400000, 0x00000003dc400000, 0x00000003dc800000|  0%| F|  |TS  0|AC  0|TAMS 0x00000003dc400000, 0x00000003dc400000|
|  19|0x00000003dc800000, 0x00000003dc800000, 0x00000003dcc00000|  0%| F|  |TS  0|AC  0|TAMS 0x00000003dc800000, 0x00000003dc800000|
|  20|0x00000003dcc00000, 0x00000003dcc00000, 0x00000003dd000000|  0%| F|  |TS  0|AC  0|TAMS 0x00000003dcc00000, 0x00000003dcc00000|
|  21|0x00000003dd000000, 0x00000003dd000000, 0x00000003dd400000|  0%| F|  |TS  0|AC  0|TAMS 0x00000003dd000000, 0x00000003dd000000|
|  22|0x00000003dd400000, 0x00000003dd400000, 0x00000003dd800000|  0%| F|  |TS  0|AC  0|TAMS 0x00000003dd400000, 0x00000003dd400000|
|  23|0x00000003dd800000, 0x00000003dd800000, 0x00000003ddc00000|  0%| F|  |TS  0|AC  0|TAMS 0x00000003dd800000, 0x00000003dd800000|
|  24|0x00000003ddc00000, 0x00000003ddc00000, 0x00000003de000000|  0%| F|  |TS  0|AC  0|TAMS 0x00000003ddc00000, 0x00000003ddc00000|
|  25|0x00000003de000000, 0x00000003de000000, 0x00000003de400000|  0%| F|  |TS  0|AC  0|TAMS 0x00000003de000000, 0x00000003de000000|
|  26|0x00000003de400000, 0x00000003de400000, 0x00000003de800000|  0%| F|  |TS  0|AC  0|TAMS 0x00000003de400000, 0x00000003de400000|
|  27|0x00000003de800000, 0x00000003de800000, 0x00000003dec00000|  0%| F|  |TS  0|AC  0|TAMS 0x00000003de800000, 0x00000003de800000|
|  28|0x00000003dec00000, 0x00000003dec00000, 0x00000003df000000|  0%| F|  |TS  0|AC  0|TAMS 0x00000003dec00000, 0x00000003dec00000|
|  29|0x00000003df000000, 0x00000003df000000, 0x00000003df400000|  0%| F|  |TS  0|AC  0|TAMS 0x00000003df000000, 0x00000003df000000|
|  30|0x00000003df400000, 0x00000003df400000, 0x00000003df800000|  0%| F|  |TS  0|AC  0|TAMS 0x00000003df400000, 0x00000003df400000|
|  31|0x00000003df800000, 0x00000003df800000, 0x00000003dfc00000|  0%| F|  |TS  0|AC  0|TAMS 0x00000003df800000, 0x00000003df800000|
|  32|0x00000003dfc00000, 0x00000003dfc00000, 0x00000003e0000000|  0%| F|  |TS  0|AC  0|TAMS 0x00000003dfc00000, 0x00000003dfc00000|
|  33|0x00000003e0000000, 0x00000003e0000000, 0x00000003e0400000|  0%| F|  |TS  0|AC  0|TAMS 0x00000003e0000000, 0x00000003e0000000|
|  34|0x00000003e0400000, 0x00000003e0400000, 0x00000003e0800000|  0%| F|  |TS  0|AC  0|TAMS 0x00000003e0400000, 0x00000003e0400000|
|  35|0x00000003e0800000, 0x00000003e0800000, 0x00000003e0c00000|  0%| F|  |TS  0|AC  0|TAMS 0x00000003e0800000, 0x00000003e0800000|
|  36|0x00000003e0c00000, 0x00000003e0c00000, 0x00000003e1000000|  0%| F|  |TS  0|AC  0|TAMS 0x00000003e0c00000, 0x00000003e0c00000|
|  37|0x00000003e1000000, 0x00000003e1000000, 0x00000003e1400000|  0%| F|  |TS  0|AC  0|TAMS 0x00000003e1000000, 0x00000003e1000000|
|  38|0x00000003e1400000, 0x00000003e1400000, 0x00000003e1800000|  0%| F|  |TS  0|AC  0|TAMS 0x00000003e1400000, 0x00000003e1400000|
|  39|0x00000003e1800000, 0x00000003e1800000, 0x00000003e1c00000|  0%| F|  |TS  0|AC  0|TAMS 0x00000003e1800000, 0x00000003e1800000|
|  40|0x00000003e1c00000, 0x00000003e1c00000, 0x00000003e2000000|  0%| F|  |TS  0|AC  0|TAMS 0x00000003e1c00000, 0x00000003e1c00000|
|  41|0x00000003e2000000, 0x00000003e2000000, 0x00000003e2400000|  0%| F|  |TS  0|AC  0|TAMS 0x00000003e2000000, 0x00000003e2000000|
|  42|0x00000003e2400000, 0x00000003e2400000, 0x00000003e2800000|  0%| F|  |TS  0|AC  0|TAMS 0x00000003e2400000, 0x00000003e2400000|
|  43|0x00000003e2800000, 0x00000003e2800000, 0x00000003e2c00000|  0%| F|  |TS  0|AC  0|TAMS 0x00000003e2800000, 0x00000003e2800000|
|  44|0x00000003e2c00000, 0x00000003e2c00000, 0x00000003e3000000|  0%| F|  |TS  0|AC  0|TAMS 0x00000003e2c00000, 0x00000003e2c00000|
|  45|0x00000003e3000000, 0x00000003e3000000, 0x00000003e3400000|  0%| F|  |TS  0|AC  0|TAMS 0x00000003e3000000, 0x00000003e3000000|
|  46|0x00000003e3400000, 0x00000003e3400000, 0x00000003e3800000|  0%| F|  |TS  0|AC  0|TAMS 0x00000003e3400000, 0x00000003e3400000|
|  47|0x00000003e3800000, 0x00000003e3800000, 0x00000003e3c00000|  0%| F|  |TS  0|AC  0|TAMS 0x00000003e3800000, 0x00000003e3800000|
|  48|0x00000003e3c00000, 0x00000003e3c00000, 0x00000003e4000000|  0%| F|  |TS  0|AC  0|TAMS 0x00000003e3c00000, 0x00000003e3c00000|
|  49|0x00000003e4000000, 0x00000003e4000000, 0x00000003e4400000|  0%| F|  |TS  0|AC  0|TAMS 0x00000003e4000000, 0x00000003e4000000|
|  50|0x00000003e4400000, 0x00000003e4400000, 0x00000003e4800000|  0%| F|  |TS  0|AC  0|TAMS 0x00000003e4400000, 0x00000003e4400000|
|  51|0x00000003e4800000, 0x00000003e4800000, 0x00000003e4c00000|  0%| F|  |TS  0|AC  0|TAMS 0x00000003e4800000, 0x00000003e4800000|
|  52|0x00000003e4c00000, 0x00000003e4c00000, 0x00000003e5000000|  0%| F|  |TS  0|AC  0|TAMS 0x00000003e4c00000, 0x00000003e4c00000|
|  53|0x00000003e5000000, 0x00000003e5000000, 0x00000003e5400000|  0%| F|  |TS  0|AC  0|TAMS 0x00000003e5000000, 0x00000003e5000000|
|  54|0x00000003e5400000, 0x00000003e5400000, 0x00000003e5800000|  0%| F|  |TS  0|AC  0|TAMS 0x00000003e5400000, 0x00000003e5400000|
|  55|0x00000003e5800000, 0x00000003e5800000, 0x00000003e5c00000|  0%| F|  |TS  0|AC  0|TAMS 0x00000003e5800000, 0x00000003e5800000|
|  56|0x00000003e5c00000, 0x00000003e5c00000, 0x00000003e6000000|  0%| F|  |TS  0|AC  0|TAMS 0x00000003e5c00000, 0x00000003e5c00000|
|  57|0x00000003e6000000, 0x00000003e6000000, 0x00000003e6400000|  0%| F|  |TS  0|AC  0|TAMS 0x00000003e6000000, 0x00000003e6000000|
|  58|0x00000003e6400000, 0x00000003e6400000, 0x00000003e6800000|  0%| F|  |TS  0|AC  0|TAMS 0x00000003e6400000, 0x00000003e6400000|
|  59|0x00000003e6800000, 0x00000003e6800000, 0x00000003e6c00000|  0%| F|  |TS  0|AC  0|TAMS 0x00000003e6800000, 0x00000003e6800000|
|  60|0x00000003e6c00000, 0x00000003e6c00000, 0x00000003e7000000|  0%| F|  |TS  0|AC  0|TAMS 0x00000003e6c00000, 0x00000003e6c00000|
|  61|0x00000003e7000000, 0x00000003e7000000, 0x00000003e7400000|  0%| F|  |TS  0|AC  0|TAMS 0x00000003e7000000, 0x00000003e7000000|
|  62|0x00000003e7400000, 0x00000003e7400000, 0x00000003e7800000|  0%| F|  |TS  0|AC  0|TAMS 0x00000003e7400000, 0x00000003e7400000|
|  63|0x00000003e7800000, 0x00000003e7800000, 0x00000003e7c00000|  0%| F|  |TS  0|AC  0|TAMS 0x00000003e7800000, 0x00000003e7800000|
|  64|0x00000003e7c00000, 0x00000003e7c00000, 0x00000003e8000000|  0%| F|  |TS  0|AC  0|TAMS 0x00000003e7c00000, 0x00000003e7c00000|
|  65|0x00000003e8000000, 0x00000003e8000000, 0x00000003e8400000|  0%| F|  |TS  0|AC  0|TAMS 0x00000003e8000000, 0x00000003e8000000|
|  66|0x00000003e8400000, 0x00000003e8400000, 0x00000003e8800000|  0%| F|  |TS  0|AC  0|TAMS 0x00000003e8400000, 0x00000003e8400000|
|  67|0x00000003e8800000, 0x00000003e8800000, 0x00000003e8c00000|  0%| F|  |TS  0|AC  0|TAMS 0x00000003e8800000, 0x00000003e8800000|
|  68|0x00000003e8c00000, 0x00000003e8c00000, 0x00000003e9000000|  0%| F|  |TS  0|AC  0|TAMS 0x00000003e8c00000, 0x00000003e8c00000|
|  69|0x00000003e9000000, 0x00000003e9000000, 0x00000003e9400000|  0%| F|  |TS  0|AC  0|TAMS 0x00000003e9000000, 0x00000003e9000000|
|  70|0x00000003e9400000, 0x00000003e9400000, 0x00000003e9800000|  0%| F|  |TS  0|AC  0|TAMS 0x00000003e9400000, 0x00000003e9400000|
|  71|0x00000003e9800000, 0x00000003e9800000, 0x00000003e9c00000|  0%| F|  |TS  0|AC  0|TAMS 0x00000003e9800000, 0x00000003e9800000|
|  72|0x00000003e9c00000, 0x00000003e9c00000, 0x00000003ea000000|  0%| F|  |TS  0|AC  0|TAMS 0x00000003e9c00000, 0x00000003e9c00000|
|  73|0x00000003ea000000, 0x00000003ea000000, 0x00000003ea400000|  0%| F|  |TS  0|AC  0|TAMS 0x00000003ea000000, 0x00000003ea000000|
|  74|0x00000003ea400000, 0x00000003ea400000, 0x00000003ea800000|  0%| F|  |TS  0|AC  0|TAMS 0x00000003ea400000, 0x00000003ea400000|
|  75|0x00000003ea800000, 0x00000003ea800000, 0x00000003eac00000|  0%| F|  |TS  0|AC  0|TAMS 0x00000003ea800000, 0x00000003ea800000|
|  76|0x00000003eac00000, 0x00000003eac00000, 0x00000003eb000000|  0%| F|  |TS  0|AC  0|TAMS 0x00000003eac00000, 0x00000003eac00000|
|  77|0x00000003eb000000, 0x00000003eb000000, 0x00000003eb400000|  0%| F|  |TS  0|AC  0|TAMS 0x00000003eb000000, 0x00000003eb000000|
|  78|0x00000003eb400000, 0x00000003eb400000, 0x00000003eb800000|  0%| F|  |TS  0|AC  0|TAMS 0x00000003eb400000, 0x00000003eb400000|
|  79|0x00000003eb800000, 0x00000003eb800000, 0x00000003ebc00000|  0%| F|  |TS  0|AC  0|TAMS 0x00000003eb800000, 0x00000003eb800000|
|  80|0x00000003ebc00000, 0x00000003ebc00000, 0x00000003ec000000|  0%| F|  |TS  0|AC  0|TAMS 0x00000003ebc00000, 0x00000003ebc00000|
|  81|0x00000003ec000000, 0x00000003ec000000, 0x00000003ec400000|  0%| F|  |TS  0|AC  0|TAMS 0x00000003ec000000, 0x00000003ec000000|
|  82|0x00000003ec400000, 0x00000003ec400000, 0x00000003ec800000|  0%| F|  |TS  0|AC  0|TAMS 0x00000003ec400000, 0x00000003ec400000|
|  83|0x00000003ec800000, 0x00000003ec800000, 0x00000003ecc00000|  0%| F|  |TS  0|AC  0|TAMS 0x00000003ec800000, 0x00000003ec800000|
|  84|0x00000003ecc00000, 0x00000003ecc00000, 0x00000003ed000000|  0%| F|  |TS  0|AC  0|TAMS 0x00000003ecc00000, 0x00000003ecc00000|
|  85|0x00000003ed000000, 0x00000003ed000000, 0x00000003ed400000|  0%| F|  |TS  0|AC  0|TAMS 0x00000003ed000000, 0x00000003ed000000|
|  86|0x00000003ed400000, 0x00000003ed400000, 0x00000003ed800000|  0%| F|  |TS  0|AC  0|TAMS 0x00000003ed400000, 0x00000003ed400000|
|  87|0x00000003ed800000, 0x00000003ed800000, 0x00000003edc00000|  0%| F|  |TS  0|AC  0|TAMS 0x00000003ed800000, 0x00000003ed800000|
|  88|0x00000003edc00000, 0x00000003edc00000, 0x00000003ee000000|  0%| F|  |TS  0|AC  0|TAMS 0x00000003edc00000, 0x00000003edc00000|
|  89|0x00000003ee000000, 0x00000003ee000000, 0x00000003ee400000|  0%| F|  |TS  0|AC  0|TAMS 0x00000003ee000000, 0x00000003ee000000|
|  90|0x00000003ee400000, 0x00000003ee400000, 0x00000003ee800000|  0%| F|  |TS  0|AC  0|TAMS 0x00000003ee400000, 0x00000003ee400000|
|  91|0x00000003ee800000, 0x00000003ee800000, 0x00000003eec00000|  0%| F|  |TS  0|AC  0|TAMS 0x00000003ee800000, 0x00000003ee800000|
|  92|0x00000003eec00000, 0x00000003eec00000, 0x00000003ef000000|  0%| F|  |TS  0|AC  0|TAMS 0x00000003eec00000, 0x00000003eec00000|
|  93|0x00000003ef000000, 0x00000003ef000000, 0x00000003ef400000|  0%| F|  |TS  0|AC  0|TAMS 0x00000003ef000000, 0x00000003ef000000|
|  94|0x00000003ef400000, 0x00000003ef400000, 0x00000003ef800000|  0%| F|  |TS  0|AC  0|TAMS 0x00000003ef400000, 0x00000003ef400000|
|  95|0x00000003ef800000, 0x00000003ef800000, 0x00000003efc00000|  0%| F|  |TS  0|AC  0|TAMS 0x00000003ef800000, 0x00000003ef800000|
|  96|0x00000003efc00000, 0x00000003efc00000, 0x00000003f0000000|  0%| F|  |TS  0|AC  0|TAMS 0x00000003efc00000, 0x00000003efc00000|
|  97|0x00000003f0000000, 0x00000003f0000000, 0x00000003f0400000|  0%| F|  |TS  0|AC  0|TAMS 0x00000003f0000000, 0x00000003f0000000|
|  98|0x00000003f0400000, 0x00000003f0400000, 0x00000003f0800000|  0%| F|  |TS  0|AC  0|TAMS 0x00000003f0400000, 0x00000003f0400000|
|  99|0x00000003f0800000, 0x00000003f0800000, 0x00000003f0c00000|  0%| F|  |TS  0|AC  0|TAMS 0x00000003f0800000, 0x00000003f0800000|
| 100|0x00000003f0c00000, 0x00000003f0c00000, 0x00000003f1000000|  0%| F|  |TS  0|AC  0|TAMS 0x00000003f0c00000, 0x00000003f0c00000|
| 101|0x00000003f1000000, 0x00000003f1000000, 0x00000003f1400000|  0%| F|  |TS  0|AC  0|TAMS 0x00000003f1000000, 0x00000003f1000000|
| 102|0x00000003f1400000, 0x00000003f1400000, 0x00000003f1800000|  0%| F|  |TS  0|AC  0|TAMS 0x00000003f1400000, 0x00000003f1400000|
| 103|0x00000003f1800000, 0x00000003f1800000, 0x00000003f1c00000|  0%| F|  |TS  0|AC  0|TAMS 0x00000003f1800000, 0x00000003f1800000|
| 104|0x00000003f1c00000, 0x00000003f1c00000, 0x00000003f2000000|  0%| F|  |TS  0|AC  0|TAMS 0x00000003f1c00000, 0x00000003f1c00000|
| 105|0x00000003f2000000, 0x00000003f2000000, 0x00000003f2400000|  0%| F|  |TS  0|AC  0|TAMS 0x00000003f2000000, 0x00000003f2000000|
| 106|0x00000003f2400000, 0x00000003f2400000, 0x00000003f2800000|  0%| F|  |TS  0|AC  0|TAMS 0x00000003f2400000, 0x00000003f2400000|
| 107|0x00000003f2800000, 0x00000003f2800000, 0x00000003f2c00000|  0%| F|  |TS  0|AC  0|TAMS 0x00000003f2800000, 0x00000003f2800000|
| 108|0x00000003f2c00000, 0x00000003f2c00000, 0x00000003f3000000|  0%| F|  |TS  0|AC  0|TAMS 0x00000003f2c00000, 0x00000003f2c00000|
| 109|0x00000003f3000000, 0x00000003f3000000, 0x00000003f3400000|  0%| F|  |TS  0|AC  0|TAMS 0x00000003f3000000, 0x00000003f3000000|
| 110|0x00000003f3400000, 0x00000003f3400000, 0x00000003f3800000|  0%| F|  |TS  0|AC  0|TAMS 0x00000003f3400000, 0x00000003f3400000|
| 111|0x00000003f3800000, 0x00000003f3800000, 0x00000003f3c00000|  0%| F|  |TS  0|AC  0|TAMS 0x00000003f3800000, 0x00000003f3800000|
| 112|0x00000003f3c00000, 0x00000003f3c00000, 0x00000003f4000000|  0%| F|  |TS  0|AC  0|TAMS 0x00000003f3c00000, 0x00000003f3c00000|
| 113|0x00000003f4000000, 0x00000003f4000000, 0x00000003f4400000|  0%| F|  |TS  0|AC  0|TAMS 0x00000003f4000000, 0x00000003f4000000|
| 114|0x00000003f4400000, 0x00000003f4400000, 0x00000003f4800000|  0%| F|  |TS  0|AC  0|TAMS 0x00000003f4400000, 0x00000003f4400000|
| 115|0x00000003f4800000, 0x00000003f4800000, 0x00000003f4c00000|  0%| F|  |TS  0|AC  0|TAMS 0x00000003f4800000, 0x00000003f4800000|
| 116|0x00000003f4c00000, 0x00000003f4c00000, 0x00000003f5000000|  0%| F|  |TS  0|AC  0|TAMS 0x00000003f4c00000, 0x00000003f4c00000|
| 117|0x00000003f5000000, 0x00000003f5000000, 0x00000003f5400000|  0%| F|  |TS  0|AC  0|TAMS 0x00000003f5000000, 0x00000003f5000000|
| 118|0x00000003f5400000, 0x00000003f5400000, 0x00000003f5800000|  0%| F|  |TS  0|AC  0|TAMS 0x00000003f5400000, 0x00000003f5400000|
| 119|0x00000003f5800000, 0x00000003f5800000, 0x00000003f5c00000|  0%| F|  |TS  0|AC  0|TAMS 0x00000003f5800000, 0x00000003f5800000|
| 120|0x00000003f5c00000, 0x00000003f5c00000, 0x00000003f6000000|  0%| F|  |TS  0|AC  0|TAMS 0x00000003f5c00000, 0x00000003f5c00000|
| 121|0x00000003f6000000, 0x00000003f6000000, 0x00000003f6400000|  0%| F|  |TS  0|AC  0|TAMS 0x00000003f6000000, 0x00000003f6000000|
| 122|0x00000003f6400000, 0x00000003f6400000, 0x00000003f6800000|  0%| F|  |TS  0|AC  0|TAMS 0x00000003f6400000, 0x00000003f6400000|
| 123|0x00000003f6800000, 0x00000003f6800000, 0x00000003f6c00000|  0%| F|  |TS  0|AC  0|TAMS 0x00000003f6800000, 0x00000003f6800000|
| 124|0x00000003f6c00000, 0x00000003f6c00000, 0x00000003f7000000|  0%| F|  |TS  0|AC  0|TAMS 0x00000003f6c00000, 0x00000003f6c00000|
| 125|0x00000003f7000000, 0x00000003f7000000, 0x00000003f7400000|  0%| F|  |TS  0|AC  0|TAMS 0x00000003f7000000, 0x00000003f7000000|
| 126|0x00000003f7400000, 0x00000003f7400000, 0x00000003f7800000|  0%| F|  |TS  0|AC  0|TAMS 0x00000003f7400000, 0x00000003f7400000|
| 127|0x00000003f7800000, 0x00000003f7800000, 0x00000003f7c00000|  0%| F|  |TS  0|AC  0|TAMS 0x00000003f7800000, 0x00000003f7800000|
| 128|0x00000003f7c00000, 0x00000003f7c00000, 0x00000003f8000000|  0%| F|  |TS  0|AC  0|TAMS 0x00000003f7c00000, 0x00000003f7c00000|
| 129|0x00000003f8000000, 0x00000003f8000000, 0x00000003f8400000|  0%| F|  |TS  0|AC  0|TAMS 0x00000003f8000000, 0x00000003f8000000|
| 130|0x00000003f8400000, 0x00000003f8400000, 0x00000003f8800000|  0%| F|  |TS  0|AC  0|TAMS 0x00000003f8400000, 0x00000003f8400000|
| 131|0x00000003f8800000, 0x00000003f8800000, 0x00000003f8c00000|  0%| F|  |TS  0|AC  0|TAMS 0x00000003f8800000, 0x00000003f8800000|
| 132|0x00000003f8c00000, 0x00000003f8c00000, 0x00000003f9000000|  0%| F|  |TS  0|AC  0|TAMS 0x00000003f8c00000, 0x00000003f8c00000|
| 133|0x00000003f9000000, 0x00000003f9000000, 0x00000003f9400000|  0%| F|  |TS  0|AC  0|TAMS 0x00000003f9000000, 0x00000003f9000000|
| 134|0x00000003f9400000, 0x00000003f9400000, 0x00000003f9800000|  0%| F|  |TS  0|AC  0|TAMS 0x00000003f9400000, 0x00000003f9400000|
| 135|0x00000003f9800000, 0x00000003f9800000, 0x00000003f9c00000|  0%| F|  |TS  0|AC  0|TAMS 0x00000003f9800000, 0x00000003f9800000|
| 136|0x00000003f9c00000, 0x00000003f9c00000, 0x00000003fa000000|  0%| F|  |TS  0|AC  0|TAMS 0x00000003f9c00000, 0x00000003f9c00000|
| 137|0x00000003fa000000, 0x00000003fa000000, 0x00000003fa400000|  0%| F|  |TS  0|AC  0|TAMS 0x00000003fa000000, 0x00000003fa000000|
| 138|0x00000003fa400000, 0x00000003fa400000, 0x00000003fa800000|  0%| F|  |TS  0|AC  0|TAMS 0x00000003fa400000, 0x00000003fa400000|
| 139|0x00000003fa800000, 0x00000003fa800000, 0x00000003fac00000|  0%| F|  |TS  0|AC  0|TAMS 0x00000003fa800000, 0x00000003fa800000|
| 140|0x00000003fac00000, 0x00000003fac00000, 0x00000003fb000000|  0%| F|  |TS  0|AC  0|TAMS 0x00000003fac00000, 0x00000003fac00000|
| 141|0x00000003fb000000, 0x00000003fb000000, 0x00000003fb400000|  0%| F|  |TS  0|AC  0|TAMS 0x00000003fb000000, 0x00000003fb000000|
| 142|0x00000003fb400000, 0x00000003fb400000, 0x00000003fb800000|  0%| F|  |TS  0|AC  0|TAMS 0x00000003fb400000, 0x00000003fb400000|
| 143|0x00000003fb800000, 0x00000003fb800000, 0x00000003fbc00000|  0%| F|  |TS  0|AC  0|TAMS 0x00000003fb800000, 0x00000003fb800000|
| 144|0x00000003fbc00000, 0x00000003fbc00000, 0x00000003fc000000|  0%| F|  |TS  0|AC  0|TAMS 0x00000003fbc00000, 0x00000003fbc00000|
| 145|0x00000003fc000000, 0x00000003fc000000, 0x00000003fc400000|  0%| F|  |TS  0|AC  0|TAMS 0x00000003fc000000, 0x00000003fc000000|
| 146|0x00000003fc400000, 0x00000003fc400000, 0x00000003fc800000|  0%| F|  |TS  0|AC  0|TAMS 0x00000003fc400000, 0x00000003fc400000|
| 147|0x00000003fc800000, 0x00000003fc800000, 0x00000003fcc00000|  0%| F|  |TS  0|AC  0|TAMS 0x00000003fc800000, 0x00000003fc800000|
| 148|0x00000003fcc00000, 0x00000003fcc00000, 0x00000003fd000000|  0%| F|  |TS  0|AC  0|TAMS 0x00000003fcc00000, 0x00000003fcc00000|
| 149|0x00000003fd000000, 0x00000003fd000000, 0x00000003fd400000|  0%| F|  |TS  0|AC  0|TAMS 0x00000003fd000000, 0x00000003fd000000|
| 150|0x00000003fd400000, 0x00000003fd400000, 0x00000003fd800000|  0%| F|  |TS  0|AC  0|TAMS 0x00000003fd400000, 0x00000003fd400000|
| 151|0x00000003fd800000, 0x00000003fd800000, 0x00000003fdc00000|  0%| F|  |TS  0|AC  0|TAMS 0x00000003fd800000, 0x00000003fd800000|
| 152|0x00000003fdc00000, 0x00000003fdc00000, 0x00000003fe000000|  0%| F|  |TS  0|AC  0|TAMS 0x00000003fdc00000, 0x00000003fdc00000|
| 153|0x00000003fe000000, 0x00000003fe000000, 0x00000003fe400000|  0%| F|  |TS  0|AC  0|TAMS 0x00000003fe000000, 0x00000003fe000000|
| 154|0x00000003fe400000, 0x00000003fe400000, 0x00000003fe800000|  0%| F|  |TS  0|AC  0|TAMS 0x00000003fe400000, 0x00000003fe400000|
| 155|0x00000003fe800000, 0x00000003fe800000, 0x00000003fec00000|  0%| F|  |TS  0|AC  0|TAMS 0x00000003fe800000, 0x00000003fe800000|
| 156|0x00000003fec00000, 0x00000003fec00000, 0x00000003ff000000|  0%| F|  |TS  0|AC  0|TAMS 0x00000003fec00000, 0x00000003fec00000|
| 157|0x00000003ff000000, 0x00000003ff000000, 0x00000003ff400000|  0%| F|  |TS  0|AC  0|TAMS 0x00000003ff000000, 0x00000003ff000000|
| 158|0x00000003ff400000, 0x00000003ff400000, 0x00000003ff800000|  0%| F|  |TS  0|AC  0|TAMS 0x00000003ff400000, 0x00000003ff400000|
| 159|0x00000003ff800000, 0x00000003ff800000, 0x00000003ffc00000|  0%| F|  |TS  0|AC  0|TAMS 0x00000003ff800000, 0x00000003ff800000|
| 160|0x00000003ffc00000, 0x00000003ffc00000, 0x0000000400000000|  0%| F|  |TS  0|AC  0|TAMS 0x00000003ffc00000, 0x00000003ffc00000|
| 161|0x0000000400000000, 0x0000000400000000, 0x0000000400400000|  0%| F|  |TS  0|AC  0|TAMS 0x0000000400000000, 0x0000000400000000|
| 162|0x0000000400400000, 0x0000000400400000, 0x0000000400800000|  0%| F|  |TS  0|AC  0|TAMS 0x0000000400400000, 0x0000000400400000|
| 163|0x0000000400800000, 0x0000000400800000, 0x0000000400c00000|  0%| F|  |TS  0|AC  0|TAMS 0x0000000400800000, 0x0000000400800000|
| 164|0x0000000400c00000, 0x0000000400c00000, 0x0000000401000000|  0%| F|  |TS  0|AC  0|TAMS 0x0000000400c00000, 0x0000000400c00000|
| 165|0x0000000401000000, 0x0000000401000000, 0x0000000401400000|  0%| F|  |TS  0|AC  0|TAMS 0x0000000401000000, 0x0000000401000000|
| 166|0x0000000401400000, 0x0000000401400000, 0x0000000401800000|  0%| F|  |TS  0|AC  0|TAMS 0x0000000401400000, 0x0000000401400000|
| 167|0x0000000401800000, 0x0000000401800000, 0x0000000401c00000|  0%| F|  |TS  0|AC  0|TAMS 0x0000000401800000, 0x0000000401800000|
| 168|0x0000000401c00000, 0x0000000401c00000, 0x0000000402000000|  0%| F|  |TS  0|AC  0|TAMS 0x0000000401c00000, 0x0000000401c00000|
| 169|0x0000000402000000, 0x0000000402000000, 0x0000000402400000|  0%| F|  |TS  0|AC  0|TAMS 0x0000000402000000, 0x0000000402000000|
| 170|0x0000000402400000, 0x0000000402400000, 0x0000000402800000|  0%| F|  |TS  0|AC  0|TAMS 0x0000000402400000, 0x0000000402400000|
| 171|0x0000000402800000, 0x0000000402800000, 0x0000000402c00000|  0%| F|  |TS  0|AC  0|TAMS 0x0000000402800000, 0x0000000402800000|
| 172|0x0000000402c00000, 0x0000000402c00000, 0x0000000403000000|  0%| F|  |TS  0|AC  0|TAMS 0x0000000402c00000, 0x0000000402c00000|
| 173|0x0000000403000000, 0x0000000403000000, 0x0000000403400000|  0%| F|  |TS  0|AC  0|TAMS 0x0000000403000000, 0x0000000403000000|
| 174|0x0000000403400000, 0x0000000403400000, 0x0000000403800000|  0%| F|  |TS  0|AC  0|TAMS 0x0000000403400000, 0x0000000403400000|
| 175|0x0000000403800000, 0x0000000403800000, 0x0000000403c00000|  0%| F|  |TS  0|AC  0|TAMS 0x0000000403800000, 0x0000000403800000|
| 176|0x0000000403c00000, 0x0000000403c00000, 0x0000000404000000|  0%| F|  |TS  0|AC  0|TAMS 0x0000000403c00000, 0x0000000403c00000|
| 177|0x0000000404000000, 0x0000000404000000, 0x0000000404400000|  0%| F|  |TS  0|AC  0|TAMS 0x0000000404000000, 0x0000000404000000|
| 178|0x0000000404400000, 0x0000000404400000, 0x0000000404800000|  0%| F|  |TS  0|AC  0|TAMS 0x0000000404400000, 0x0000000404400000|
| 179|0x0000000404800000, 0x0000000404800000, 0x0000000404c00000|  0%| F|  |TS  0|AC  0|TAMS 0x0000000404800000, 0x0000000404800000|
| 180|0x0000000404c00000, 0x0000000404c00000, 0x0000000405000000|  0%| F|  |TS  0|AC  0|TAMS 0x0000000404c00000, 0x0000000404c00000|
| 181|0x0000000405000000, 0x0000000405000000, 0x0000000405400000|  0%| F|  |TS  0|AC  0|TAMS 0x0000000405000000, 0x0000000405000000|
| 182|0x0000000405400000, 0x0000000405400000, 0x0000000405800000|  0%| F|  |TS  0|AC  0|TAMS 0x0000000405400000, 0x0000000405400000|
| 183|0x0000000405800000, 0x0000000405800000, 0x0000000405c00000|  0%| F|  |TS  0|AC  0|TAMS 0x0000000405800000, 0x0000000405800000|
| 184|0x0000000405c00000, 0x0000000405c00000, 0x0000000406000000|  0%| F|  |TS  0|AC  0|TAMS 0x0000000405c00000, 0x0000000405c00000|
| 185|0x0000000406000000, 0x0000000406000000, 0x0000000406400000|  0%| F|  |TS  0|AC  0|TAMS 0x0000000406000000, 0x0000000406000000|
| 186|0x0000000406400000, 0x0000000406400000, 0x0000000406800000|  0%| F|  |TS  0|AC  0|TAMS 0x0000000406400000, 0x0000000406400000|
| 187|0x0000000406800000, 0x0000000406800000, 0x0000000406c00000|  0%| F|  |TS  0|AC  0|TAMS 0x0000000406800000, 0x0000000406800000|
| 188|0x0000000406c00000, 0x0000000406c00000, 0x0000000407000000|  0%| F|  |TS  0|AC  0|TAMS 0x0000000406c00000, 0x0000000406c00000|
| 189|0x0000000407000000, 0x0000000407000000, 0x0000000407400000|  0%| F|  |TS  0|AC  0|TAMS 0x0000000407000000, 0x0000000407000000|
| 190|0x0000000407400000, 0x0000000407400000, 0x0000000407800000|  0%| F|  |TS  0|AC  0|TAMS 0x0000000407400000, 0x0000000407400000|
| 191|0x0000000407800000, 0x0000000407800000, 0x0000000407c00000|  0%| F|  |TS  0|AC  0|TAMS 0x0000000407800000, 0x0000000407800000|
| 192|0x0000000407c00000, 0x0000000407c00000, 0x0000000408000000|  0%| F|  |TS  0|AC  0|TAMS 0x0000000407c00000, 0x0000000407c00000|
| 193|0x0000000408000000, 0x0000000408000000, 0x0000000408400000|  0%| F|  |TS  0|AC  0|TAMS 0x0000000408000000, 0x0000000408000000|
| 194|0x0000000408400000, 0x0000000408400000, 0x0000000408800000|  0%| F|  |TS  0|AC  0|TAMS 0x0000000408400000, 0x0000000408400000|
| 195|0x0000000408800000, 0x0000000408800000, 0x0000000408c00000|  0%| F|  |TS  0|AC  0|TAMS 0x0000000408800000, 0x0000000408800000|
| 196|0x0000000408c00000, 0x0000000408c00000, 0x0000000409000000|  0%| F|  |TS  0|AC  0|TAMS 0x0000000408c00000, 0x0000000408c00000|
| 197|0x0000000409000000, 0x0000000409000000, 0x0000000409400000|  0%| F|  |TS  0|AC  0|TAMS 0x0000000409000000, 0x0000000409000000|
| 198|0x0000000409400000, 0x0000000409400000, 0x0000000409800000|  0%| F|  |TS  0|AC  0|TAMS 0x0000000409400000, 0x0000000409400000|
| 199|0x0000000409800000, 0x0000000409800000, 0x0000000409c00000|  0%| F|  |TS  0|AC  0|TAMS 0x0000000409800000, 0x0000000409800000|
| 200|0x0000000409c00000, 0x0000000409c00000, 0x000000040a000000|  0%| F|  |TS  0|AC  0|TAMS 0x0000000409c00000, 0x0000000409c00000|
| 201|0x000000040a000000, 0x000000040a000000, 0x000000040a400000|  0%| F|  |TS  0|AC  0|TAMS 0x000000040a000000, 0x000000040a000000|
| 202|0x000000040a400000, 0x000000040a400000, 0x000000040a800000|  0%| F|  |TS  0|AC  0|TAMS 0x000000040a400000, 0x000000040a400000|
| 203|0x000000040a800000, 0x000000040a800000, 0x000000040ac00000|  0%| F|  |TS  0|AC  0|TAMS 0x000000040a800000, 0x000000040a800000|
| 204|0x000000040ac00000, 0x000000040ac00000, 0x000000040b000000|  0%| F|  |TS  0|AC  0|TAMS 0x000000040ac00000, 0x000000040ac00000|
| 205|0x000000040b000000, 0x000000040b000000, 0x000000040b400000|  0%| F|  |TS  0|AC  0|TAMS 0x000000040b000000, 0x000000040b000000|
| 206|0x000000040b400000, 0x000000040b400000, 0x000000040b800000|  0%| F|  |TS  0|AC  0|TAMS 0x000000040b400000, 0x000000040b400000|
| 207|0x000000040b800000, 0x000000040b800000, 0x000000040bc00000|  0%| F|  |TS  0|AC  0|TAMS 0x000000040b800000, 0x000000040b800000|
| 208|0x000000040bc00000, 0x000000040bc00000, 0x000000040c000000|  0%| F|  |TS  0|AC  0|TAMS 0x000000040bc00000, 0x000000040bc00000|
| 209|0x000000040c000000, 0x000000040c000000, 0x000000040c400000|  0%| F|  |TS  0|AC  0|TAMS 0x000000040c000000, 0x000000040c000000|
| 210|0x000000040c400000, 0x000000040c400000, 0x000000040c800000|  0%| F|  |TS  0|AC  0|TAMS 0x000000040c400000, 0x000000040c400000|
| 211|0x000000040c800000, 0x000000040c800000, 0x000000040cc00000|  0%| F|  |TS  0|AC  0|TAMS 0x000000040c800000, 0x000000040c800000|
| 212|0x000000040cc00000, 0x000000040cc00000, 0x000000040d000000|  0%| F|  |TS  0|AC  0|TAMS 0x000000040cc00000, 0x000000040cc00000|
| 213|0x000000040d000000, 0x000000040d000000, 0x000000040d400000|  0%| F|  |TS  0|AC  0|TAMS 0x000000040d000000, 0x000000040d000000|
| 214|0x000000040d400000, 0x000000040d400000, 0x000000040d800000|  0%| F|  |TS  0|AC  0|TAMS 0x000000040d400000, 0x000000040d400000|
| 215|0x000000040d800000, 0x000000040d800000, 0x000000040dc00000|  0%| F|  |TS  0|AC  0|TAMS 0x000000040d800000, 0x000000040d800000|
| 216|0x000000040dc00000, 0x000000040dc00000, 0x000000040e000000|  0%| F|  |TS  0|AC  0|TAMS 0x000000040dc00000, 0x000000040dc00000|
| 217|0x000000040e000000, 0x000000040e000000, 0x000000040e400000|  0%| F|  |TS  0|AC  0|TAMS 0x000000040e000000, 0x000000040e000000|
| 218|0x000000040e400000, 0x000000040e400000, 0x000000040e800000|  0%| F|  |TS  0|AC  0|TAMS 0x000000040e400000, 0x000000040e400000|
| 219|0x000000040e800000, 0x000000040e800000, 0x000000040ec00000|  0%| F|  |TS  0|AC  0|TAMS 0x000000040e800000, 0x000000040e800000|
| 220|0x000000040ec00000, 0x000000040ec00000, 0x000000040f000000|  0%| F|  |TS  0|AC  0|TAMS 0x000000040ec00000, 0x000000040ec00000|
| 221|0x000000040f000000, 0x000000040f000000, 0x000000040f400000|  0%| F|  |TS  0|AC  0|TAMS 0x000000040f000000, 0x000000040f000000|
| 222|0x000000040f400000, 0x000000040f400000, 0x000000040f800000|  0%| F|  |TS  0|AC  0|TAMS 0x000000040f400000, 0x000000040f400000|
| 223|0x000000040f800000, 0x000000040f800000, 0x000000040fc00000|  0%| F|  |TS  0|AC  0|TAMS 0x000000040f800000, 0x000000040f800000|
| 224|0x000000040fc00000, 0x000000040fc00000, 0x0000000410000000|  0%| F|  |TS  0|AC  0|TAMS 0x000000040fc00000, 0x000000040fc00000|
| 225|0x0000000410000000, 0x0000000410000000, 0x0000000410400000|  0%| F|  |TS  0|AC  0|TAMS 0x0000000410000000, 0x0000000410000000|
| 226|0x0000000410400000, 0x0000000410400000, 0x0000000410800000|  0%| F|  |TS  0|AC  0|TAMS 0x0000000410400000, 0x0000000410400000|
| 227|0x0000000410800000, 0x0000000410800000, 0x0000000410c00000|  0%| F|  |TS  0|AC  0|TAMS 0x0000000410800000, 0x0000000410800000|
| 228|0x0000000410c00000, 0x0000000410c00000, 0x0000000411000000|  0%| F|  |TS  0|AC  0|TAMS 0x0000000410c00000, 0x0000000410c00000|
| 229|0x0000000411000000, 0x0000000411000000, 0x0000000411400000|  0%| F|  |TS  0|AC  0|TAMS 0x0000000411000000, 0x0000000411000000|
| 230|0x0000000411400000, 0x0000000411400000, 0x0000000411800000|  0%| F|  |TS  0|AC  0|TAMS 0x0000000411400000, 0x0000000411400000|
| 231|0x0000000411800000, 0x0000000411800000, 0x0000000411c00000|  0%| F|  |TS  0|AC  0|TAMS 0x0000000411800000, 0x0000000411800000|
| 232|0x0000000411c00000, 0x0000000411c00000, 0x0000000412000000|  0%| F|  |TS  0|AC  0|TAMS 0x0000000411c00000, 0x0000000411c00000|
| 233|0x0000000412000000, 0x0000000412000000, 0x0000000412400000|  0%| F|  |TS  0|AC  0|TAMS 0x0000000412000000, 0x0000000412000000|
| 234|0x0000000412400000, 0x0000000412400000, 0x0000000412800000|  0%| F|  |TS  0|AC  0|TAMS 0x0000000412400000, 0x0000000412400000|
| 235|0x0000000412800000, 0x0000000412800000, 0x0000000412c00000|  0%| F|  |TS  0|AC  0|TAMS 0x0000000412800000, 0x0000000412800000|
| 236|0x0000000412c00000, 0x0000000412c00000, 0x0000000413000000|  0%| F|  |TS  0|AC  0|TAMS 0x0000000412c00000, 0x0000000412c00000|
| 237|0x0000000413000000, 0x0000000413000000, 0x0000000413400000|  0%| F|  |TS  0|AC  0|TAMS 0x0000000413000000, 0x0000000413000000|
| 238|0x0000000413400000, 0x0000000413400000, 0x0000000413800000|  0%| F|  |TS  0|AC  0|TAMS 0x0000000413400000, 0x0000000413400000|
| 239|0x0000000413800000, 0x0000000413800000, 0x0000000413c00000|  0%| F|  |TS  0|AC  0|TAMS 0x0000000413800000, 0x0000000413800000|
| 240|0x0000000413c00000, 0x0000000413c00000, 0x0000000414000000|  0%| F|  |TS  0|AC  0|TAMS 0x0000000413c00000, 0x0000000413c00000|
| 241|0x0000000414000000, 0x0000000414000000, 0x0000000414400000|  0%| F|  |TS  0|AC  0|TAMS 0x0000000414000000, 0x0000000414000000|
| 242|0x0000000414400000, 0x0000000414400000, 0x0000000414800000|  0%| F|  |TS  0|AC  0|TAMS 0x0000000414400000, 0x0000000414400000|
| 243|0x0000000414800000, 0x0000000414800000, 0x0000000414c00000|  0%| F|  |TS  0|AC  0|TAMS 0x0000000414800000, 0x0000000414800000|
| 244|0x0000000414c00000, 0x0000000414c00000, 0x0000000415000000|  0%| F|  |TS  0|AC  0|TAMS 0x0000000414c00000, 0x0000000414c00000|
| 245|0x0000000415000000, 0x0000000415000000, 0x0000000415400000|  0%| F|  |TS  0|AC  0|TAMS 0x0000000415000000, 0x0000000415000000|
| 246|0x0000000415400000, 0x0000000415400000, 0x0000000415800000|  0%| F|  |TS  0|AC  0|TAMS 0x0000000415400000, 0x0000000415400000|
| 247|0x0000000415800000, 0x0000000415bd79d8, 0x0000000415c00000| 96%| E|  |TS  0|AC  0|TAMS 0x0000000415800000, 0x0000000415800000|
| 248|0x0000000415c00000, 0x0000000416000000, 0x0000000416000000|100%| E|CS|TS  0|AC  0|TAMS 0x0000000415c00000, 0x0000000415c00000|
| 249|0x0000000416000000, 0x0000000416400000, 0x0000000416400000|100%| E|CS|TS  0|AC  0|TAMS 0x0000000416000000, 0x0000000416000000|
| 250|0x0000000416400000, 0x0000000416800000, 0x0000000416800000|100%| E|CS|TS  0|AC  0|TAMS 0x0000000416400000, 0x0000000416400000|

Card table byte_map: [0x00007f326623a000,0x00007f326817c000] byte_map_base: 0x00007f326437c000

Marking Bits (Prev, Next): (CMBitMap*) 0x00007f332c09e820, (CMBitMap*) 0x00007f332c09e858
 Prev Bits: [0x00007f32548e8000, 0x00007f32642f8000)
 Next Bits: [0x00007f3244ed8000, 0x00007f32548e8000)

Polling page: 0x00007f33350dc000

CodeHeap 'non-profiled nmethods': size=119172Kb used=225Kb max_used=225Kb free=118946Kb
 bounds [0x00007f33196e2000, 0x00007f3319952000, 0x00007f3320b43000]
CodeHeap 'profiled nmethods': size=119172Kb used=951Kb max_used=951Kb free=118220Kb
 bounds [0x00007f3312281000, 0x00007f33124f1000, 0x00007f33196e2000]
CodeHeap 'non-nmethods': size=7416Kb used=2867Kb max_used=2895Kb free=4548Kb
 bounds [0x00007f3311b43000, 0x00007f3311e23000, 0x00007f3312281000]
 total_blobs=1010 nmethods=501 adapters=236
 compilation: enabled

Compilation events (10 events):
Event: 0.666 Thread 0x00007f332c2c0000 nmethod 494 0x00007f331236b890 code [0x00007f331236bb20, 0x00007f331236ca08]
Event: 0.666 Thread 0x00007f332c2c0000  495       3       java.lang.StackTraceElement::of (68 bytes)
Event: 0.667 Thread 0x00007f332c2c0000 nmethod 495 0x00007f331236cd90 code [0x00007f331236cfa0, 0x00007f331236d5f8]
Event: 0.667 Thread 0x00007f332c2c0000  498       3       org.eclipse.core.runtime.adaptor.EclipseStarter::processCommandLine (2291 bytes)
Event: 0.676 Thread 0x00007f332c2be000  497  s    3       java.lang.Throwable::getCause (17 bytes)
Event: 0.676 Thread 0x00007f332c2be000 nmethod 497 0x00007f331236d890 code [0x00007f331236da40, 0x00007f331236dd50]
Event: 0.676 Thread 0x00007f332c2be000  499  s    3       java.lang.Throwable::getOurStackTrace (55 bytes)
Event: 0.676 Thread 0x00007f332c2be000 nmethod 499 0x00007f331236de10 code [0x00007f331236dfe0, 0x00007f331236e4c8]
Event: 0.676 Thread 0x00007f332c2be000  500  s    3       java.lang.Throwable::getSuppressed (37 bytes)
Event: 0.676 Thread 0x00007f332c2be000 nmethod 500 0x00007f331236e590 code [0x00007f331236e760, 0x00007f331236eca8]

GC Heap History (0 events):
No events

Deoptimization events (0 events):
No events

Classes redefined (0 events):
No events

Internal exceptions (10 events):
Event: 0.671 Thread 0x00007f332c011800 Exception <a 'java/lang/ArrayIndexOutOfBoundsException'{0x0000000415a16690}: -1> (0x0000000415a16690) thrown at [/scratch/opt/mach5/mesos/work_dir/slaves/5af44a71-976a-41b7-81de-5773b84ec572-S39643/frameworks/1735e8a2-a1db-478c-8104-60c8b0af87dd-0196/exec
Event: 0.672 Thread 0x00007f332c011800 Exception <a 'java/lang/ArrayIndexOutOfBoundsException'{0x0000000415a18a98}: -1> (0x0000000415a18a98) thrown at [/scratch/opt/mach5/mesos/work_dir/slaves/5af44a71-976a-41b7-81de-5773b84ec572-S39643/frameworks/1735e8a2-a1db-478c-8104-60c8b0af87dd-0196/exec
Event: 0.673 Thread 0x00007f332c011800 Exception <a 'java/lang/ArrayIndexOutOfBoundsException'{0x0000000415a1aea0}: -1> (0x0000000415a1aea0) thrown at [/scratch/opt/mach5/mesos/work_dir/slaves/5af44a71-976a-41b7-81de-5773b84ec572-S39643/frameworks/1735e8a2-a1db-478c-8104-60c8b0af87dd-0196/exec
Event: 0.674 Thread 0x00007f332c011800 Exception <a 'java/lang/ArrayIndexOutOfBoundsException'{0x0000000415a1d2a8}: -1> (0x0000000415a1d2a8) thrown at [/scratch/opt/mach5/mesos/work_dir/slaves/5af44a71-976a-41b7-81de-5773b84ec572-S39643/frameworks/1735e8a2-a1db-478c-8104-60c8b0af87dd-0196/exec
Event: 0.675 Thread 0x00007f332c011800 Exception <a 'java/lang/ArrayIndexOutOfBoundsException'{0x0000000415a1f6b0}: -1> (0x0000000415a1f6b0) thrown at [/scratch/opt/mach5/mesos/work_dir/slaves/5af44a71-976a-41b7-81de-5773b84ec572-S39643/frameworks/1735e8a2-a1db-478c-8104-60c8b0af87dd-0196/exec
Event: 0.676 Thread 0x00007f332c011800 Exception <a 'java/lang/ArrayIndexOutOfBoundsException'{0x0000000415a21ab8}: -1> (0x0000000415a21ab8) thrown at [/scratch/opt/mach5/mesos/work_dir/slaves/5af44a71-976a-41b7-81de-5773b84ec572-S39643/frameworks/1735e8a2-a1db-478c-8104-60c8b0af87dd-0196/exec
Event: 0.677 Thread 0x00007f332c011800 Exception <a 'java/lang/ArrayIndexOutOfBoundsException'{0x0000000415a23ec0}: -1> (0x0000000415a23ec0) thrown at [/scratch/opt/mach5/mesos/work_dir/slaves/5af44a71-976a-41b7-81de-5773b84ec572-S39643/frameworks/1735e8a2-a1db-478c-8104-60c8b0af87dd-0196/exec
Event: 0.678 Thread 0x00007f332c011800 Exception <a 'java/lang/ArrayIndexOutOfBoundsException'{0x0000000415a262c8}: -1> (0x0000000415a262c8) thrown at [/scratch/opt/mach5/mesos/work_dir/slaves/5af44a71-976a-41b7-81de-5773b84ec572-S39643/frameworks/1735e8a2-a1db-478c-8104-60c8b0af87dd-0196/exec
Event: 0.678 Thread 0x00007f332c011800 Exception <a 'java/lang/ArrayIndexOutOfBoundsException'{0x0000000415a286d0}: -1> (0x0000000415a286d0) thrown at [/scratch/opt/mach5/mesos/work_dir/slaves/5af44a71-976a-41b7-81de-5773b84ec572-S39643/frameworks/1735e8a2-a1db-478c-8104-60c8b0af87dd-0196/exec
Event: 0.679 Thread 0x00007f332c011800 Exception <a 'java/lang/ArrayIndexOutOfBoundsException'{0x0000000415a2aad8}: -1> (0x0000000415a2aad8) thrown at [/scratch/opt/mach5/mesos/work_dir/slaves/5af44a71-976a-41b7-81de-5773b84ec572-S39643/frameworks/1735e8a2-a1db-478c-8104-60c8b0af87dd-0196/exec

Events (10 events):
Event: 0.419 Thread 0x00007f332c011800 DEOPT PACKING pc=0x00007f33122c24a4 sp=0x00007f33337870b0
Event: 0.419 Thread 0x00007f332c011800 DEOPT UNPACKING pc=0x00007f3311b90aab sp=0x00007f3333786698 mode 0
Event: 0.419 Thread 0x00007f332c011800 DEOPT PACKING pc=0x00007f33122c24a4 sp=0x00007f33337870b0
Event: 0.419 Thread 0x00007f332c011800 DEOPT UNPACKING pc=0x00007f3311b90aab sp=0x00007f3333786698 mode 0
Event: 0.419 Thread 0x00007f332c011800 DEOPT PACKING pc=0x00007f33122c24a4 sp=0x00007f33337870b0
Event: 0.419 Thread 0x00007f332c011800 DEOPT UNPACKING pc=0x00007f3311b90aab sp=0x00007f3333786698 mode 0
Event: 0.420 Thread 0x00007f332c011800 DEOPT PACKING pc=0x00007f33122c24a4 sp=0x00007f3333787200
Event: 0.420 Thread 0x00007f332c011800 DEOPT UNPACKING pc=0x00007f3311b90aab sp=0x00007f33337867e8 mode 0
Event: 0.587 Thread 0x00007f332c011800 DEOPT PACKING pc=0x00007f331230637e sp=0x00007f3333787420
Event: 0.587 Thread 0x00007f332c011800 DEOPT UNPACKING pc=0x00007f3311b90aab sp=0x00007f33337869d8 mode 0


Dynamic libraries:
00400000-00401000 r-xp 00000000 00:65 77077150                           /root/oracle/jdk-9.0.4/bin/java
00600000-00601000 rw-p 00000000 00:65 77077150                           /root/oracle/jdk-9.0.4/bin/java
008eb000-0090c000 rw-p 00000000 00:00 0                                  [heap]
3d7c00000-416800000 rw-p 00000000 00:00 0 
416800000-7c0000000 ---p 00000000 00:00 0 
7c0000000-7c00a0000 rw-p 00000000 00:00 0 
7c00a0000-800000000 ---p 00000000 00:00 0 
7f31d4000000-7f31d4021000 rw-p 00000000 00:00 0 
7f31d4021000-7f31d8000000 ---p 00000000 00:00 0 
7f31d8000000-7f31d8021000 rw-p 00000000 00:00 0 
7f31d8021000-7f31dc000000 ---p 00000000 00:00 0 
7f31dc000000-7f31dc021000 rw-p 00000000 00:00 0 
7f31dc021000-7f31e0000000 ---p 00000000 00:00 0 
7f31e0000000-7f31e0021000 rw-p 00000000 00:00 0 
7f31e0021000-7f31e4000000 ---p 00000000 00:00 0 
7f31e4000000-7f31e40d2000 rw-p 00000000 00:00 0 
7f31e40d2000-7f31e8000000 ---p 00000000 00:00 0 
7f31e8000000-7f31e8677000 rw-p 00000000 00:00 0 
7f31e8677000-7f31ec000000 ---p 00000000 00:00 0 
7f31ec000000-7f31ec021000 rw-p 00000000 00:00 0 
7f31ec021000-7f31f0000000 ---p 00000000 00:00 0 
7f31f31a2000-7f31f34d0000 rw-p 00000000 00:00 0 
7f31f34d0000-7f31f34d1000 ---p 00000000 00:00 0 
7f31f34d1000-7f31f35d2000 rw-p 00000000 00:00 0 
7f31f35d2000-7f31f35d6000 ---p 00000000 00:00 0 
7f31f35d6000-7f31f36d3000 rw-p 00000000 00:00 0 
7f31f36d3000-7f31f36d7000 ---p 00000000 00:00 0 
7f31f36d7000-7f31f37d4000 rw-p 00000000 00:00 0 
7f31f37d4000-7f31f37ea000 r-xp 00000000 00:65 77077477                   /root/oracle/jdk-9.0.4/lib/libnet.so
7f31f37ea000-7f31f39ea000 ---p 00016000 00:65 77077477                   /root/oracle/jdk-9.0.4/lib/libnet.so
7f31f39ea000-7f31f39eb000 rw-p 00016000 00:65 77077477                   /root/oracle/jdk-9.0.4/lib/libnet.so
7f31f39eb000-7f31f39fb000 r-xp 00000000 00:65 77077594                   /root/oracle/jdk-9.0.4/lib/libnio.so
7f31f39fb000-7f31f3bfb000 ---p 00010000 00:65 77077594                   /root/oracle/jdk-9.0.4/lib/libnio.so
7f31f3bfb000-7f31f3bfc000 rw-p 00010000 00:65 77077594                   /root/oracle/jdk-9.0.4/lib/libnio.so
7f31f3bfc000-7f31f3c00000 ---p 00000000 00:00 0 
7f31f3c00000-7f31f3cfd000 rw-p 00000000 00:00 0 
7f31f3cfd000-7f31f3d01000 ---p 00000000 00:00 0 
7f31f3d01000-7f31f3dfe000 rw-p 00000000 00:00 0 
7f31f3dfe000-7f31f3e02000 ---p 00000000 00:00 0 
7f31f3e02000-7f31f3eff000 rw-p 00000000 00:00 0 
7f31f3eff000-7f31f3f03000 ---p 00000000 00:00 0 
7f31f3f03000-7f31f4000000 rw-p 00000000 00:00 0 
7f31f4000000-7f31f41d6000 rw-p 00000000 00:00 0 
7f31f41d6000-7f31f8000000 ---p 00000000 00:00 0 
7f31f8000000-7f31f8061000 rw-p 00000000 00:00 0 
7f31f8061000-7f31fc000000 ---p 00000000 00:00 0 
7f31fc000000-7f31fc115000 rw-p 00000000 00:00 0 
7f31fc115000-7f3200000000 ---p 00000000 00:00 0 
7f3200000000-7f3200099000 rw-p 00000000 00:00 0 
7f3200099000-7f3204000000 ---p 00000000 00:00 0 
7f3204000000-7f3204271000 rw-p 00000000 00:00 0 
7f3204271000-7f3208000000 ---p 00000000 00:00 0 
7f3208000000-7f3208065000 rw-p 00000000 00:00 0 
7f3208065000-7f320c000000 ---p 00000000 00:00 0 
7f320c000000-7f320c08a000 rw-p 00000000 00:00 0 
7f320c08a000-7f3210000000 ---p 00000000 00:00 0 
7f3210000000-7f3210123000 rw-p 00000000 00:00 0 
7f3210123000-7f3214000000 ---p 00000000 00:00 0 
7f3214000000-7f3214021000 rw-p 00000000 00:00 0 
7f3214021000-7f3218000000 ---p 00000000 00:00 0 
7f3218000000-7f3218145000 rw-p 00000000 00:00 0 
7f3218145000-7f321c000000 ---p 00000000 00:00 0 
7f321c000000-7f321c021000 rw-p 00000000 00:00 0 
7f321c021000-7f3220000000 ---p 00000000 00:00 0 
7f3220000000-7f3220021000 rw-p 00000000 00:00 0 
7f3220021000-7f3224000000 ---p 00000000 00:00 0 
7f3224000000-7f3224021000 rw-p 00000000 00:00 0 
7f3224021000-7f3228000000 ---p 00000000 00:00 0 
7f3228000000-7f3228021000 rw-p 00000000 00:00 0 
7f3228021000-7f322c000000 ---p 00000000 00:00 0 
7f322c072000-7f322c076000 ---p 00000000 00:00 0 
7f322c076000-7f322c173000 rw-p 00000000 00:00 0 
7f322c173000-7f322c177000 ---p 00000000 00:00 0 
7f322c177000-7f322c274000 rw-p 00000000 00:00 0 
7f322c274000-7f322c278000 ---p 00000000 00:00 0 
7f322c278000-7f322c375000 rw-p 00000000 00:00 0 
7f322c375000-7f322c379000 ---p 00000000 00:00 0 
7f322c379000-7f322c476000 rw-p 00000000 00:00 0 
7f322c476000-7f322c47a000 ---p 00000000 00:00 0 
7f322c47a000-7f322c577000 rw-p 00000000 00:00 0 
7f322c577000-7f322c57b000 ---p 00000000 00:00 0 
7f322c57b000-7f322c678000 rw-p 00000000 00:00 0 
7f322c678000-7f322c67c000 ---p 00000000 00:00 0 
7f322c67c000-7f322c779000 rw-p 00000000 00:00 0 
7f322c779000-7f322c77d000 ---p 00000000 00:00 0 
7f322c77d000-7f322c87a000 rw-p 00000000 00:00 0 
7f322c87a000-7f322c87e000 ---p 00000000 00:00 0 
7f322c87e000-7f322c97b000 rw-p 00000000 00:00 0 
7f322c97b000-7f322c97f000 ---p 00000000 00:00 0 
7f322c97f000-7f322ca7c000 rw-p 00000000 00:00 0 
7f322ca7c000-7f322ca80000 ---p 00000000 00:00 0 
7f322ca80000-7f322cb7d000 rw-p 00000000 00:00 0 
7f322cb7d000-7f322cb81000 ---p 00000000 00:00 0 
7f322cb81000-7f322cc7e000 rw-p 00000000 00:00 0 
7f322cc7e000-7f322cc7f000 ---p 00000000 00:00 0 
7f322cc7f000-7f322d3b6000 rw-p 00000000 00:00 0 
7f322d3b6000-7f322d5f6000 ---p 00000000 00:00 0 
7f322d5f6000-7f322e000000 rw-p 00000000 00:00 0 
7f322e000000-7f3230000000 rwxp 00000000 00:00 0 
7f3230000000-7f3230021000 rw-p 00000000 00:00 0 
7f3230021000-7f3234000000 ---p 00000000 00:00 0 
7f3234000000-7f3234021000 rw-p 00000000 00:00 0 
7f3234021000-7f3238000000 ---p 00000000 00:00 0 
7f3238000000-7f3238021000 rw-p 00000000 00:00 0 
7f3238021000-7f323c000000 ---p 00000000 00:00 0 
7f323c000000-7f323c021000 rw-p 00000000 00:00 0 
7f323c021000-7f3240000000 ---p 00000000 00:00 0 
7f3240000000-7f3240021000 rw-p 00000000 00:00 0 
7f3240021000-7f3244000000 ---p 00000000 00:00 0 
7f324403a000-7f3244ad0000 rw-p 00000000 00:00 0 
7f3244ad0000-7f3244ad1000 ---p 00000000 00:00 0 
7f3244ad1000-7f3244bd2000 rw-p 00000000 00:00 0 
7f3244bd2000-7f3244bd3000 ---p 00000000 00:00 0 
7f3244bd3000-7f3244cd4000 rw-p 00000000 00:00 0 
7f3244cd4000-7f3244cd5000 ---p 00000000 00:00 0 
7f3244cd5000-7f3244dd6000 rw-p 00000000 00:00 0 
7f3244dd6000-7f3244dd7000 ---p 00000000 00:00 0 
7f3244dd7000-7f3245e88000 rw-p 00000000 00:00 0 
7f3245e88000-7f32548e8000 ---p 00000000 00:00 0 
7f32548e8000-7f3255898000 rw-p 00000000 00:00 0 
7f3255898000-7f32642f8000 ---p 00000000 00:00 0 
7f32642f8000-7f32644ee000 rw-p 00000000 00:00 0 
7f32644ee000-7f326623a000 ---p 00000000 00:00 0 
7f326623a000-7f3266430000 rw-p 00000000 00:00 0 
7f3266430000-7f326a0be000 ---p 00000000 00:00 0 
7f326a0be000-7f326a2b4000 rw-p 00000000 00:00 0 
7f326a2b4000-7f326c000000 ---p 00000000 00:00 0 
7f326c000000-7f326c021000 rw-p 00000000 00:00 0 
7f326c021000-7f3270000000 ---p 00000000 00:00 0 
7f3270000000-7f3270021000 rw-p 00000000 00:00 0 
7f3270021000-7f3274000000 ---p 00000000 00:00 0 
7f3274000000-7f3274021000 rw-p 00000000 00:00 0 
7f3274021000-7f3278000000 ---p 00000000 00:00 0 
7f3278000000-7f3278021000 rw-p 00000000 00:00 0 
7f3278021000-7f327c000000 ---p 00000000 00:00 0 
7f327c000000-7f327c021000 rw-p 00000000 00:00 0 
7f327c021000-7f3280000000 ---p 00000000 00:00 0 
7f3280000000-7f3280021000 rw-p 00000000 00:00 0 
7f3280021000-7f3284000000 ---p 00000000 00:00 0 
7f3284000000-7f3284021000 rw-p 00000000 00:00 0 
7f3284021000-7f3288000000 ---p 00000000 00:00 0 
7f3288000000-7f3288021000 rw-p 00000000 00:00 0 
7f3288021000-7f328c000000 ---p 00000000 00:00 0 
7f328c000000-7f328c021000 rw-p 00000000 00:00 0 
7f328c021000-7f3290000000 ---p 00000000 00:00 0 
7f3290000000-7f3290021000 rw-p 00000000 00:00 0 
7f3290021000-7f3294000000 ---p 00000000 00:00 0 
7f3294000000-7f3294021000 rw-p 00000000 00:00 0 
7f3294021000-7f3298000000 ---p 00000000 00:00 0 
7f3298000000-7f3298021000 rw-p 00000000 00:00 0 
7f3298021000-7f329c000000 ---p 00000000 00:00 0 
7f329c000000-7f329c021000 rw-p 00000000 00:00 0 
7f329c021000-7f32a0000000 ---p 00000000 00:00 0 
7f32a0000000-7f32a0021000 rw-p 00000000 00:00 0 
7f32a0021000-7f32a4000000 ---p 00000000 00:00 0 
7f32a4000000-7f32a4021000 rw-p 00000000 00:00 0 
7f32a4021000-7f32a8000000 ---p 00000000 00:00 0 
7f32a8000000-7f32a8021000 rw-p 00000000 00:00 0 
7f32a8021000-7f32ac000000 ---p 00000000 00:00 0 
7f32ac000000-7f32ac021000 rw-p 00000000 00:00 0 
7f32ac021000-7f32b0000000 ---p 00000000 00:00 0 
7f32b0000000-7f32b0021000 rw-p 00000000 00:00 0 
7f32b0021000-7f32b4000000 ---p 00000000 00:00 0 
7f32b4000000-7f32b4021000 rw-p 00000000 00:00 0 
7f32b4021000-7f32b8000000 ---p 00000000 00:00 0 
7f32b8000000-7f32b8021000 rw-p 00000000 00:00 0 
7f32b8021000-7f32bc000000 ---p 00000000 00:00 0 
7f32bc000000-7f32bc021000 rw-p 00000000 00:00 0 
7f32bc021000-7f32c0000000 ---p 00000000 00:00 0 
7f32c0000000-7f32c0021000 rw-p 00000000 00:00 0 
7f32c0021000-7f32c4000000 ---p 00000000 00:00 0 
7f32c4000000-7f32c4021000 rw-p 00000000 00:00 0 
7f32c4021000-7f32c8000000 ---p 00000000 00:00 0 
7f32c8000000-7f32c8021000 rw-p 00000000 00:00 0 
7f32c8021000-7f32cc000000 ---p 00000000 00:00 0 
7f32cc000000-7f32cc021000 rw-p 00000000 00:00 0 
7f32cc021000-7f32d0000000 ---p 00000000 00:00 0 
7f32d0000000-7f32d0021000 rw-p 00000000 00:00 0 
7f32d0021000-7f32d4000000 ---p 00000000 00:00 0 
7f32d4000000-7f32d4021000 rw-p 00000000 00:00 0 
7f32d4021000-7f32d8000000 ---p 00000000 00:00 0 
7f32d8000000-7f32d8021000 rw-p 00000000 00:00 0 
7f32d8021000-7f32dc000000 ---p 00000000 00:00 0 
7f32dc000000-7f32dc021000 rw-p 00000000 00:00 0 
7f32dc021000-7f32e0000000 ---p 00000000 00:00 0 
7f32e0000000-7f32e0021000 rw-p 00000000 00:00 0 
7f32e0021000-7f32e4000000 ---p 00000000 00:00 0 
7f32e4000000-7f32e4021000 rw-p 00000000 00:00 0 
7f32e4021000-7f32e8000000 ---p 00000000 00:00 0 
7f32e8000000-7f32e8021000 rw-p 00000000 00:00 0 
7f32e8021000-7f32ec000000 ---p 00000000 00:00 0 
7f32ec000000-7f32ec021000 rw-p 00000000 00:00 0 
7f32ec021000-7f32f0000000 ---p 00000000 00:00 0 
7f32f0000000-7f32f0021000 rw-p 00000000 00:00 0 
7f32f0021000-7f32f4000000 ---p 00000000 00:00 0 
7f32f4000000-7f32f4021000 rw-p 00000000 00:00 0 
7f32f4021000-7f32f8000000 ---p 00000000 00:00 0 
7f32f8000000-7f32f8021000 rw-p 00000000 00:00 0 
7f32f8021000-7f32fc000000 ---p 00000000 00:00 0 
7f32fc000000-7f32fc021000 rw-p 00000000 00:00 0 
7f32fc021000-7f3300000000 ---p 00000000 00:00 0 
7f3300000000-7f3300021000 rw-p 00000000 00:00 0 
7f3300021000-7f3304000000 ---p 00000000 00:00 0 
7f3304000000-7f3304021000 rw-p 00000000 00:00 0 
7f3304021000-7f3308000000 ---p 00000000 00:00 0 
7f3308000000-7f3308021000 rw-p 00000000 00:00 0 
7f3308021000-7f330c000000 ---p 00000000 00:00 0 
7f330c000000-7f330c021000 rw-p 00000000 00:00 0 
7f330c021000-7f3310000000 ---p 00000000 00:00 0 
7f331002c000-7f331002d000 ---p 00000000 00:00 0 
7f331002d000-7f331012e000 rw-p 00000000 00:00 0 
7f331012e000-7f331012f000 ---p 00000000 00:00 0 
7f331012f000-7f331071b000 rw-p 00000000 00:00 0 
7f331071b000-7f331071c000 ---p 00000000 00:00 0 
7f331071c000-7f331081d000 rw-p 00000000 00:00 0 
7f331081d000-7f331081e000 ---p 00000000 00:00 0 
7f331081e000-7f331091f000 rw-p 00000000 00:00 0 
7f331091f000-7f3310920000 ---p 00000000 00:00 0 
7f3310920000-7f3310a21000 rw-p 00000000 00:00 0 
7f3310a21000-7f3310a22000 ---p 00000000 00:00 0 
7f3310a22000-7f3310b23000 rw-p 00000000 00:00 0 
7f3310b23000-7f3310b24000 ---p 00000000 00:00 0 
7f3310b24000-7f3310c25000 rw-p 00000000 00:00 0 
7f3310c25000-7f3310c26000 ---p 00000000 00:00 0 
7f3310c26000-7f3310d27000 rw-p 00000000 00:00 0 
7f3310d27000-7f3310d28000 ---p 00000000 00:00 0 
7f3310d28000-7f3310e29000 rw-p 00000000 00:00 0 
7f3310e29000-7f3310e2a000 ---p 00000000 00:00 0 
7f3310e2a000-7f3310f2b000 rw-p 00000000 00:00 0 
7f3310f2b000-7f3310f2c000 ---p 00000000 00:00 0 
7f3310f2c000-7f331102d000 rw-p 00000000 00:00 0 
7f331102d000-7f331102e000 ---p 00000000 00:00 0 
7f331102e000-7f331112f000 rw-p 00000000 00:00 0 
7f331112f000-7f3311130000 ---p 00000000 00:00 0 
7f3311130000-7f3311231000 rw-p 00000000 00:00 0 
7f3311231000-7f3311232000 ---p 00000000 00:00 0 
7f3311232000-7f3311333000 rw-p 00000000 00:00 0 
7f3311333000-7f3311334000 ---p 00000000 00:00 0 
7f3311334000-7f3311435000 rw-p 00000000 00:00 0 
7f3311435000-7f3311436000 ---p 00000000 00:00 0 
7f3311436000-7f3311537000 rw-p 00000000 00:00 0 
7f3311537000-7f3311538000 ---p 00000000 00:00 0 
7f3311538000-7f3311639000 rw-p 00000000 00:00 0 
7f3311639000-7f331163a000 ---p 00000000 00:00 0 
7f331163a000-7f331173b000 rw-p 00000000 00:00 0 
7f331173b000-7f331173c000 ---p 00000000 00:00 0 
7f331173c000-7f331183d000 rw-p 00000000 00:00 0 
7f331183d000-7f331183e000 ---p 00000000 00:00 0 
7f331183e000-7f331193f000 rw-p 00000000 00:00 0 
7f331193f000-7f3311940000 ---p 00000000 00:00 0 
7f3311940000-7f3311a41000 rw-p 00000000 00:00 0 
7f3311a41000-7f3311a42000 ---p 00000000 00:00 0 
7f3311a42000-7f3311b43000 rw-p 00000000 00:00 0 
7f3311b43000-7f3311e23000 rwxp 00000000 00:00 0 
7f3311e23000-7f3312281000 ---p 00000000 00:00 0 
7f3312281000-7f33124f1000 rwxp 00000000 00:00 0 
7f33124f1000-7f33196e2000 ---p 00000000 00:00 0 
7f33196e2000-7f3319952000 rwxp 00000000 00:00 0 
7f3319952000-7f3320b43000 ---p 00000000 00:00 0 
7f3320b43000-7f332c000000 r--s 00000000 00:65 77077560                   /root/oracle/jdk-9.0.4/lib/modules
7f332c000000-7f332c517000 rw-p 00000000 00:00 0 
7f332c517000-7f3330000000 ---p 00000000 00:00 0 
7f3330000000-7f33300a6000 rw-p 00000000 00:00 0 
7f33300a6000-7f33300a7000 ---p 00000000 00:00 0 
7f33300a7000-7f33315bc000 rw-p 00000000 00:00 0 
7f33315bc000-7f33315bd000 ---p 00000000 00:00 0 
7f33315bd000-7f33316be000 rw-p 00000000 00:00 0 
7f33316be000-7f33316bf000 ---p 00000000 00:00 0 
7f33316bf000-7f33317c0000 rw-p 00000000 00:00 0 
7f33317c0000-7f33317c1000 ---p 00000000 00:00 0 
7f33317c1000-7f33318c2000 rw-p 00000000 00:00 0 
7f33318c2000-7f33318c3000 ---p 00000000 00:00 0 
7f33318c3000-7f33319c4000 rw-p 00000000 00:00 0 
7f33319c4000-7f33319c5000 ---p 00000000 00:00 0 
7f33319c5000-7f3331ac6000 rw-p 00000000 00:00 0 
7f3331ac6000-7f3331ac7000 ---p 00000000 00:00 0 
7f3331ac7000-7f3331bc8000 rw-p 00000000 00:00 0 
7f3331bc8000-7f3331bc9000 ---p 00000000 00:00 0 
7f3331bc9000-7f3331cca000 rw-p 00000000 00:00 0 
7f3331cca000-7f3331ccb000 ---p 00000000 00:00 0 
7f3331ccb000-7f3331dcc000 rw-p 00000000 00:00 0 
7f3331dcc000-7f3331dcd000 ---p 00000000 00:00 0 
7f3331dcd000-7f3331ece000 rw-p 00000000 00:00 0 
7f3331ece000-7f3331ecf000 ---p 00000000 00:00 0 
7f3331ecf000-7f3331fd0000 rw-p 00000000 00:00 0 
7f3331fd0000-7f3331fd1000 ---p 00000000 00:00 0 
7f3331fd1000-7f33320d2000 rw-p 00000000 00:00 0 
7f33320d2000-7f33320d3000 ---p 00000000 00:00 0 
7f33320d3000-7f33321d4000 rw-p 00000000 00:00 0 
7f33321d4000-7f33321d5000 ---p 00000000 00:00 0 
7f33321d5000-7f33322d6000 rw-p 00000000 00:00 0 
7f33322d6000-7f33322d7000 ---p 00000000 00:00 0 
7f33322d7000-7f33323d8000 rw-p 00000000 00:00 0 
7f33323d8000-7f33323d9000 ---p 00000000 00:00 0 
7f33323d9000-7f33324da000 rw-p 00000000 00:00 0 
7f33324da000-7f33324db000 ---p 00000000 00:00 0 
7f33324db000-7f33325dc000 rw-p 00000000 00:00 0 
7f33325dc000-7f33325dd000 ---p 00000000 00:00 0 
7f33325dd000-7f33326de000 rw-p 00000000 00:00 0 
7f33326de000-7f33326df000 ---p 00000000 00:00 0 
7f33326df000-7f33327e0000 rw-p 00000000 00:00 0 
7f33327e0000-7f33327e1000 ---p 00000000 00:00 0 
7f33327e1000-7f33328e2000 rw-p 00000000 00:00 0 
7f33328e2000-7f33328e3000 ---p 00000000 00:00 0 
7f33328e3000-7f33329e9000 rw-p 00000000 00:00 0 
7f33329e9000-7f3332acd000 ---p 00000000 00:00 0 
7f3332acd000-7f3332ad2000 rw-p 00000000 00:00 0 
7f3332ad2000-7f3332bb6000 ---p 00000000 00:00 0 
7f3332bb6000-7f3332bbc000 rw-p 00000000 00:00 0 
7f3332bbc000-7f3332bc5000 ---p 00000000 00:00 0 
7f3332bc5000-7f3332c15000 rw-p 00000000 00:00 0 
7f3332c15000-7f3332df2000 r--s 03e31000 00:65 101727669                  /usr/local/java/jdk1.8.0_301/jre/lib/rt.jar
7f3332df2000-7f3332e0c000 r-xp 00000000 00:65 77077435                   /root/oracle/jdk-9.0.4/lib/libjimage.so
7f3332e0c000-7f333300b000 ---p 0001a000 00:65 77077435                   /root/oracle/jdk-9.0.4/lib/libjimage.so
7f333300b000-7f333300d000 rw-p 00019000 00:65 77077435                   /root/oracle/jdk-9.0.4/lib/libjimage.so
7f333300d000-7f333301f000 rw-p 00000000 00:00 0 
7f333301f000-7f3333026000 r-xp 00000000 00:65 77083131                   /root/oracle/jdk-9.0.4/lib/libzip.so
7f3333026000-7f3333225000 ---p 00007000 00:65 77083131                   /root/oracle/jdk-9.0.4/lib/libzip.so
7f3333225000-7f3333226000 rw-p 00006000 00:65 77083131                   /root/oracle/jdk-9.0.4/lib/libzip.so
7f3333226000-7f3333229000 r--p 00000000 00:65 165034530                  /usr/lib/x86_64-linux-gnu/libnss_files-2.31.so
7f3333229000-7f3333230000 r-xp 00003000 00:65 165034530                  /usr/lib/x86_64-linux-gnu/libnss_files-2.31.so
7f3333230000-7f3333232000 r--p 0000a000 00:65 165034530                  /usr/lib/x86_64-linux-gnu/libnss_files-2.31.so
7f3333232000-7f3333233000 r--p 0000b000 00:65 165034530                  /usr/lib/x86_64-linux-gnu/libnss_files-2.31.so
7f3333233000-7f3333234000 rw-p 0000c000 00:65 165034530                  /usr/lib/x86_64-linux-gnu/libnss_files-2.31.so
7f3333234000-7f333323a000 rw-p 00000000 00:00 0 
7f3333242000-7f3333243000 rw-p 00000000 00:00 0 
7f3333243000-7f333326e000 r-xp 00000000 00:65 77077470                   /root/oracle/jdk-9.0.4/lib/libjava.so
7f333326e000-7f333346d000 ---p 0002b000 00:65 77077470                   /root/oracle/jdk-9.0.4/lib/libjava.so
7f333346d000-7f333346f000 rw-p 0002a000 00:65 77077470                   /root/oracle/jdk-9.0.4/lib/libjava.so
7f333346f000-7f333347c000 r-xp 00000000 00:65 77077494                   /root/oracle/jdk-9.0.4/lib/libverify.so
7f333347c000-7f333367b000 ---p 0000d000 00:65 77077494                   /root/oracle/jdk-9.0.4/lib/libverify.so
7f333367b000-7f333367d000 rw-p 0000c000 00:65 77077494                   /root/oracle/jdk-9.0.4/lib/libverify.so
7f333367d000-7f3333680000 r--p 00000000 00:65 165034636                  /usr/lib/x86_64-linux-gnu/librt-2.31.so
7f3333680000-7f3333684000 r-xp 00003000 00:65 165034636                  /usr/lib/x86_64-linux-gnu/librt-2.31.so
7f3333684000-7f3333685000 r--p 00007000 00:65 165034636                  /usr/lib/x86_64-linux-gnu/librt-2.31.so
7f3333685000-7f3333686000 ---p 00008000 00:65 165034636                  /usr/lib/x86_64-linux-gnu/librt-2.31.so
7f3333686000-7f3333687000 r--p 00008000 00:65 165034636                  /usr/lib/x86_64-linux-gnu/librt-2.31.so
7f3333687000-7f3333688000 rw-p 00009000 00:65 165034636                  /usr/lib/x86_64-linux-gnu/librt-2.31.so
7f3333688000-7f3333689000 ---p 00000000 00:00 0 
7f3333689000-7f333368a000 rw-p 00000000 00:00 0 
7f333368a000-7f333368e000 ---p 00000000 00:00 0 
7f333368e000-7f3333789000 rw-p 00000000 00:00 0 
7f3333789000-7f3333798000 r--p 00000000 00:65 165034468                  /usr/lib/x86_64-linux-gnu/libm-2.31.so
7f3333798000-7f333383f000 r-xp 0000f000 00:65 165034468                  /usr/lib/x86_64-linux-gnu/libm-2.31.so
7f333383f000-7f33338d6000 r--p 000b6000 00:65 165034468                  /usr/lib/x86_64-linux-gnu/libm-2.31.so
7f33338d6000-7f33338d7000 r--p 0014c000 00:65 165034468                  /usr/lib/x86_64-linux-gnu/libm-2.31.so
7f33338d7000-7f33338d8000 rw-p 0014d000 00:65 165034468                  /usr/lib/x86_64-linux-gnu/libm-2.31.so
7f33338d8000-7f33348ed000 r-xp 00000000 00:65 77083135                   /root/oracle/jdk-9.0.4/lib/server/libjvm.so
7f33348ed000-7f3334aec000 ---p 01015000 00:65 77083135                   /root/oracle/jdk-9.0.4/lib/server/libjvm.so
7f3334aec000-7f3334bbd000 r--p 01014000 00:65 77083135                   /root/oracle/jdk-9.0.4/lib/server/libjvm.so
7f3334bbd000-7f3334bf4000 rw-p 010e5000 00:65 77083135                   /root/oracle/jdk-9.0.4/lib/server/libjvm.so
7f3334bf4000-7f3334c5f000 rw-p 00000000 00:00 0 
7f3334c5f000-7f3334c84000 r--p 00000000 00:65 165034165                  /usr/lib/x86_64-linux-gnu/libc-2.31.so
7f3334c84000-7f3334dfc000 r-xp 00025000 00:65 165034165                  /usr/lib/x86_64-linux-gnu/libc-2.31.so
7f3334dfc000-7f3334e46000 r--p 0019d000 00:65 165034165                  /usr/lib/x86_64-linux-gnu/libc-2.31.so
7f3334e46000-7f3334e47000 ---p 001e7000 00:65 165034165                  /usr/lib/x86_64-linux-gnu/libc-2.31.so
7f3334e47000-7f3334e4a000 r--p 001e7000 00:65 165034165                  /usr/lib/x86_64-linux-gnu/libc-2.31.so
7f3334e4a000-7f3334e4d000 rw-p 001ea000 00:65 165034165                  /usr/lib/x86_64-linux-gnu/libc-2.31.so
7f3334e4d000-7f3334e51000 rw-p 00000000 00:00 0 
7f3334e51000-7f3334e52000 r--p 00000000 00:65 165034236                  /usr/lib/x86_64-linux-gnu/libdl-2.31.so
7f3334e52000-7f3334e54000 r-xp 00001000 00:65 165034236                  /usr/lib/x86_64-linux-gnu/libdl-2.31.so
7f3334e54000-7f3334e55000 r--p 00003000 00:65 165034236                  /usr/lib/x86_64-linux-gnu/libdl-2.31.so
7f3334e55000-7f3334e56000 r--p 00003000 00:65 165034236                  /usr/lib/x86_64-linux-gnu/libdl-2.31.so
7f3334e56000-7f3334e57000 rw-p 00004000 00:65 165034236                  /usr/lib/x86_64-linux-gnu/libdl-2.31.so
7f3334e57000-7f3334e65000 r-xp 00000000 00:65 77083142                   /root/oracle/jdk-9.0.4/lib/jli/libjli.so
7f3334e65000-7f3335065000 ---p 0000e000 00:65 77083142                   /root/oracle/jdk-9.0.4/lib/jli/libjli.so
7f3335065000-7f3335066000 rw-p 0000e000 00:65 77083142                   /root/oracle/jdk-9.0.4/lib/jli/libjli.so
7f3335066000-7f333506d000 r--p 00000000 00:65 165034610                  /usr/lib/x86_64-linux-gnu/libpthread-2.31.so
7f333506d000-7f333507e000 r-xp 00007000 00:65 165034610                  /usr/lib/x86_64-linux-gnu/libpthread-2.31.so
7f333507e000-7f3335083000 r--p 00018000 00:65 165034610                  /usr/lib/x86_64-linux-gnu/libpthread-2.31.so
7f3335083000-7f3335084000 r--p 0001c000 00:65 165034610                  /usr/lib/x86_64-linux-gnu/libpthread-2.31.so
7f3335084000-7f3335085000 rw-p 0001d000 00:65 165034610                  /usr/lib/x86_64-linux-gnu/libpthread-2.31.so
7f3335085000-7f3335089000 rw-p 00000000 00:00 0 
7f3335089000-7f333508b000 r--p 00000000 00:65 165034796                  /usr/lib/x86_64-linux-gnu/libz.so.1.2.11
7f333508b000-7f333509c000 r-xp 00002000 00:65 165034796                  /usr/lib/x86_64-linux-gnu/libz.so.1.2.11
7f333509c000-7f33350a2000 r--p 00013000 00:65 165034796                  /usr/lib/x86_64-linux-gnu/libz.so.1.2.11
7f33350a2000-7f33350a3000 ---p 00019000 00:65 165034796                  /usr/lib/x86_64-linux-gnu/libz.so.1.2.11
7f33350a3000-7f33350a4000 r--p 00019000 00:65 165034796                  /usr/lib/x86_64-linux-gnu/libz.so.1.2.11
7f33350a4000-7f33350a5000 rw-p 0001a000 00:65 165034796                  /usr/lib/x86_64-linux-gnu/libz.so.1.2.11
7f33350a5000-7f33350ad000 rw-s 00000000 00:65 71965686                   /tmp/hsperfdata_root/9309
7f33350ad000-7f33350b0000 rw-p 00000000 00:00 0 
7f33350b0000-7f33350b1000 r--p 00000000 00:65 165033992                  /usr/lib/x86_64-linux-gnu/ld-2.31.so
7f33350b1000-7f33350d4000 r-xp 00001000 00:65 165033992                  /usr/lib/x86_64-linux-gnu/ld-2.31.so
7f33350d4000-7f33350dc000 r--p 00024000 00:65 165033992                  /usr/lib/x86_64-linux-gnu/ld-2.31.so
7f33350dc000-7f33350dd000 r--p 00000000 00:00 0 
7f33350dd000-7f33350de000 r--p 0002c000 00:65 165033992                  /usr/lib/x86_64-linux-gnu/ld-2.31.so
7f33350de000-7f33350df000 rw-p 0002d000 00:65 165033992                  /usr/lib/x86_64-linux-gnu/ld-2.31.so
7f33350df000-7f33350e0000 rw-p 00000000 00:00 0 
7ffef005a000-7ffef007b000 rw-p 00000000 00:00 0                          [stack]
7ffef0101000-7ffef0104000 r--p 00000000 00:00 0                          [vvar]
7ffef0104000-7ffef0105000 r-xp 00000000 00:00 0                          [vdso]
ffffffffff600000-ffffffffff601000 --xp 00000000 00:00 0                  [vsyscall]

VM Arguments:
jvm_args: -Xbootclasspath/a:/usr/local/java/jdk1.8.0_301/jre/lib/rt.jar -Xverify:none 
java_command: org.eclipse.core.runtime.adaptor.EclipseStarter -debug
java_class_path (initial): ./sootOutput/eclipse/
Launcher Type: SUN_STANDARD

Logging:
Log output configuration:
#0: stdout all=warning uptime,level,tags
#1: stderr all=off uptime,level,tags

Environment Variables:
JAVA_HOME=/root/oracle/jdk-9.0.4
JRE_HOME=/root/oracle/jdk-9.0.4
CLASSPATH=.:/root/oracle/jdk-9.0.4/lib:/JVMfuzzing/htm/CFSynthesis/resource/commons-lang3-3.12.0/commons-lang3-3.12.0.jar
PATH=/root/oracle/jdk-9.0.4/bin:/root/.vscode-server/bin/da76f93349a72022ca4670c1b84860304616aaa2/bin/remote-cli:/root/oracle/jdk-9.0.4/bin:/usr/local/sbin:/usr/local/bin:/usr/sbin:/usr/bin:/sbin:/bin:/usr/games:/usr/local/games:/snap/bin
SHELL=/bin/bash

Signal Handlers:
SIGSEGV: [libjvm.so+0xd4d370], sa_mask[0]=11111111011111111101111111111110, sa_flags=SA_RESTART|SA_SIGINFO
SIGBUS: [libjvm.so+0xd4d370], sa_mask[0]=11111111011111111101111111111110, sa_flags=SA_RESTART|SA_SIGINFO
SIGFPE: [libjvm.so+0xd4d370], sa_mask[0]=11111111011111111101111111111110, sa_flags=SA_RESTART|SA_SIGINFO
SIGPIPE: [libjvm.so+0xb64780], sa_mask[0]=11111111011111111101111111111110, sa_flags=SA_RESTART|SA_SIGINFO
SIGXFSZ: [libjvm.so+0xb64780], sa_mask[0]=11111111011111111101111111111110, sa_flags=SA_RESTART|SA_SIGINFO
SIGILL: [libjvm.so+0xd4d370], sa_mask[0]=11111111011111111101111111111110, sa_flags=SA_RESTART|SA_SIGINFO
SIGUSR2: [libjvm.so+0xb64640], sa_mask[0]=00100000000000000000000000000000, sa_flags=SA_RESTART|SA_SIGINFO
SIGHUP: [libjvm.so+0xb64850], sa_mask[0]=11111111011111111101111111111110, sa_flags=SA_RESTART|SA_SIGINFO
SIGINT: [libjvm.so+0xb64850], sa_mask[0]=11111111011111111101111111111110, sa_flags=SA_RESTART|SA_SIGINFO
SIGTERM: [libjvm.so+0xb64850], sa_mask[0]=11111111011111111101111111111110, sa_flags=SA_RESTART|SA_SIGINFO
SIGQUIT: [libjvm.so+0xb64850], sa_mask[0]=11111111011111111101111111111110, sa_flags=SA_RESTART|SA_SIGINFO


---------------  S Y S T E M  ---------------

OS:DISTRIB_ID=Ubuntu
DISTRIB_RELEASE=20.04
DISTRIB_CODENAME=focal
DISTRIB_DESCRIPTION="Ubuntu 20.04.3 LTS"
uname:Linux 5.4.0-124-generic #140~18.04.1-Ubuntu SMP Fri Aug 5 11:43:34 UTC 2022 x86_64
libc:glibc 2.31 NPTL 2.31 
rlimit: STACK 8192k, CORE infinity, NPROC infinity, NOFILE 1048576, AS infinity
load average:40.13 38.47 37.72

/proc/meminfo:
MemTotal:       65549624 kB
MemFree:         6858912 kB
MemAvailable:   32966932 kB
Buffers:         5872088 kB
Cached:          3252336 kB
SwapCached:         8096 kB
Active:         32959508 kB
Inactive:        6071096 kB
Active(anon):   25911524 kB
Inactive(anon):  4015980 kB
Active(file):    7047984 kB
Inactive(file):  2055116 kB
Unevictable:          20 kB
Mlocked:              20 kB
SwapTotal:       2097148 kB
SwapFree:              0 kB
Dirty:             33144 kB
Writeback:             4 kB
AnonPages:      29897020 kB
Mapped:           870572 kB
Shmem:             25624 kB
KReclaimable:   17736844 kB
Slab:           18908924 kB
SReclaimable:   17736844 kB
SUnreclaim:      1172080 kB
KernelStack:       80008 kB
PageTables:       239832 kB
NFS_Unstable:          0 kB
Bounce:                0 kB
WritebackTmp:          0 kB
CommitLimit:    34871960 kB
Committed_AS:   87412348 kB
VmallocTotal:   34359738367 kB
VmallocUsed:      162800 kB
VmallocChunk:          0 kB
Percpu:            32512 kB
HardwareCorrupted:     0 kB
AnonHugePages:         0 kB
ShmemHugePages:        0 kB
ShmemPmdMapped:        0 kB
FileHugePages:         0 kB
FilePmdMapped:         0 kB
CmaTotal:              0 kB
CmaFree:               0 kB
HugePages_Total:       0
HugePages_Free:        0
HugePages_Rsvd:        0
HugePages_Surp:        0
Hugepagesize:       2048 kB
Hugetlb:               0 kB
DirectMap4k:    15497632 kB
DirectMap2M:    51298304 kB
DirectMap1G:           0 kB


CPU:total 28 (initial active 28) (14 cores per cpu, 2 threads per core) family 6 model 85 stepping 4, cmov, cx8, fxsr, mmx, sse, sse2, sse3, ssse3, sse4.1, sse4.2, popcnt, avx, avx2, aes, clmul, erms, rtm, 3dnowpref, lzcnt, ht, tsc, tscinvbit, bmi1, bmi2, adx, fma
CPU Model and flags from /proc/cpuinfo:
model name	: Intel(R) Core(TM) i9-9940X CPU @ 3.30GHz
flags		: fpu vme de pse tsc msr pae mce cx8 apic sep mtrr pge mca cmov pat pse36 clflush dts acpi mmx fxsr sse sse2 ss ht tm pbe syscall nx pdpe1gb rdtscp lm constant_tsc art arch_perfmon pebs bts rep_good nopl xtopology nonstop_tsc cpuid aperfmperf pni pclmulqdq dtes64 monitor ds_cpl vmx est tm2 ssse3 sdbg fma cx16 xtpr pdcm pcid dca sse4_1 sse4_2 x2apic movbe popcnt tsc_deadline_timer aes xsave avx f16c rdrand lahf_lm abm 3dnowprefetch cpuid_fault epb cat_l3 cdp_l3 invpcid_single pti ssbd mba ibrs ibpb stibp tpr_shadow vnmi flexpriority ept vpid ept_ad fsgsbase tsc_adjust bmi1 hle avx2 smep bmi2 erms invpcid rtm cqm mpx rdt_a avx512f avx512dq rdseed adx smap clflushopt clwb intel_pt avx512cd avx512bw avx512vl xsaveopt xsavec xgetbv1 xsaves cqm_llc cqm_occup_llc cqm_mbm_total cqm_mbm_local dtherm ida arat pln pts hwp hwp_act_window hwp_epp hwp_pkg_req md_clear flush_l1d arch_capabilities

Memory: 4k page, physical 65549624k(6858912k free), swap 2097148k(0k free)

vm_info: Java HotSpot(TM) 64-Bit Server VM (9.0.4+11) for linux-amd64 JRE (9.0.4+11), built on Dec 19 2017 18:12:19 by "mach5one" with gcc 4.9.2

END.
