#
# A fatal error has been detected by the Java Runtime Environment:
#
#  SIGSEGV (0xb) at pc=0x00007f970ecaeb2c, pid=28668, tid=28742
#
# JRE version: Java(TM) SE Runtime Environment (9.0+11) (build 9.0.4+11)
# Java VM: Java HotSpot(TM) 64-Bit Server VM (9.0.4+11, mixed mode, tiered, compressed oops, g1 gc, linux-amd64)
# Problematic frame:
# V  [libjvm.so+0x48eb2c]  Canonicalizer::do_If(If*)+0x1c
#
# Core dump will be written. Default location: Core dumps may be processed with "/usr/share/apport/apport -p%p -s%s -c%c -d%d -P%P -u%u -g%g -- %E" (or dumping to /JVMfuzzing/zjy/classming/Fuzzing-Testing-of-JVM-Implementations/core.28668)
#
# If you would like to submit a bug report, please visit:
#   http://bugreport.java.com/bugreport/crash.jsp
#

---------------  S U M M A R Y ------------

Command Line: -Xbootclasspath/a:/usr/local/java/jdk1.8.0_301/jre/lib/rt.jar -Xverify:none org.eclipse.core.runtime.adaptor.EclipseStarter -debug

Host: Intel(R) Core(TM) i9-9940X CPU @ 3.30GHz, 28 cores, 62G, Ubuntu 20.04.3 LTS
Time: Thu Nov  3 09:01:22 2022 UTC elapsed time: 0 seconds (0d 0h 0m 0s)

---------------  T H R E A D  ---------------

Current thread (0x00007f97082bb800):  JavaThread "C1 CompilerThread8" daemon [_thread_in_native, id=28742, stack(0x00007f9606ef7000,0x00007f9606ff8000)]


Current CompileTask:
C1:    484  262 %     3       org.eclipse.core.runtime.adaptor.EclipseStarter::main @ 515 (1463 bytes)

Stack: [0x00007f9606ef7000,0x00007f9606ff8000],  sp=0x00007f9606ff60c0,  free space=1020k
Native frames: (J=compiled Java code, A=aot compiled Java code, j=interpreted, Vv=VM code, C=native code)
V  [libjvm.so+0x48eb2c]  Canonicalizer::do_If(If*)+0x1c
V  [libjvm.so+0x4a0452]  GraphBuilder::append_with_bci(Instruction*, int)+0x42
V  [libjvm.so+0x4a3526]  GraphBuilder::if_node(Instruction*, Instruction::Condition, Instruction*, ValueStack*)+0x2a6
V  [libjvm.so+0x4b1873]  GraphBuilder::iterate_bytecodes_for_block(int)+0x1e83
V  [libjvm.so+0x4b1ad5]  GraphBuilder::iterate_all_blocks(bool)+0x85
V  [libjvm.so+0x4b1ec9]  GraphBuilder::GraphBuilder(Compilation*, IRScope*)+0x389
V  [libjvm.so+0x4b70a8]  IR::IR(Compilation*, ciMethod*, int)+0x1e8
V  [libjvm.so+0x497832]  Compilation::build_hir() [clone .part.93]+0x162
V  [libjvm.so+0x499633]  Compilation::compile_java_method()+0x3c3
V  [libjvm.so+0x4997af]  Compilation::compile_method()+0x12f
V  [libjvm.so+0x499c31]  Compilation::Compilation(AbstractCompiler*, ciEnv*, ciMethod*, int, BufferBlob*, DirectiveSet*)+0x271
V  [libjvm.so+0x49ac1e]  Compiler::compile_method(ciEnv*, ciMethod*, int, DirectiveSet*)+0xae
V  [libjvm.so+0x6125ac]  CompileBroker::invoke_compiler_on_method(CompileTask*)+0x41c
V  [libjvm.so+0x61344b]  CompileBroker::compiler_thread_loop()+0x28b
V  [libjvm.so+0xcef338]  JavaThread::thread_main_inner()+0xd8
V  [libjvm.so+0xb6e132]  thread_native_entry(Thread*)+0xf2
C  [libpthread.so.0+0x9609]  start_thread+0xd9


siginfo: si_signo: 11 (SIGSEGV), si_code: 1 (SEGV_MAPERR), si_addr: 0x0000000000000018

Register to memory mapping:

RAX=0x0000000000000000 is an unknown value
RBX=0x00007f95e817d710 is an unknown value
RCX=0x00007f9606ff6800 is pointing into the stack for thread: 0x00007f97082bb800
RDX=0x00007f95e817d710 is an unknown value
RSP=0x00007f9606ff60c0 is pointing into the stack for thread: 0x00007f97082bb800
RBP=0x00007f9606ff6130 is pointing into the stack for thread: 0x00007f97082bb800
RSI=0x00007f95e817d710 is an unknown value
RDI=0x00007f9606ff6160 is pointing into the stack for thread: 0x00007f97082bb800
R8 =0x00007f95e817d440 is an unknown value
R9 =0x0000000000000037 is an unknown value
R10=0x0000000000000004 is an unknown value
R11=0x0000000000000000 is an unknown value
R12=0x00007f95e817d7b0 is an unknown value
R13=0x00007f9606ff6460 is pointing into the stack for thread: 0x00007f97082bb800
R14=0x00007f95e817d710 is an unknown value
R15=0x00007f95e817d7b0 is an unknown value


Registers:
RAX=0x0000000000000000, RBX=0x00007f95e817d710, RCX=0x00007f9606ff6800, RDX=0x00007f95e817d710
RSP=0x00007f9606ff60c0, RBP=0x00007f9606ff6130, RSI=0x00007f95e817d710, RDI=0x00007f9606ff6160
R8 =0x00007f95e817d440, R9 =0x0000000000000037, R10=0x0000000000000004, R11=0x0000000000000000
R12=0x00007f95e817d7b0, R13=0x00007f9606ff6460, R14=0x00007f95e817d710, R15=0x00007f95e817d7b0
RIP=0x00007f970ecaeb2c, EFLAGS=0x0000000000010206, CSGSFS=0x002b000000000033, ERR=0x0000000000000004
  TRAPNO=0x000000000000000e

Top of Stack: (sp=0x00007f9606ff60c0)
0x00007f9606ff60c0:   0000000106ff6130 00007f95e028bc70
0x00007f9606ff60d0:   00007f95e00d5190 0000000000000000
0x00007f9606ff60e0:   00007f9606ff6110 00007f970ecdb598
0x00007f9606ff60f0:   00007f95e40151b0 00007f9606ff6160 

Instructions: (pc=0x00007f970ecaeb2c)
0x00007f970ecaeb0c:   ff 90 66 90 55 48 89 e5 41 57 41 56 41 55 41 54
0x00007f970ecaeb1c:   53 48 89 f3 48 83 ec 48 48 8b 46 70 48 89 7d c8
0x00007f970ecaeb2c:   48 8b 78 18 48 8b 07 ff 50 18 84 c0 0f 85 a2 00
0x00007f970ecaeb3c:   00 00 4c 8b 63 70 48 8b 83 80 00 00 00 49 39 c4 


---------------  P R O C E S S  ---------------

Java Threads: ( => current thread )
  0x00007f9708390000 JavaThread "Service Thread" daemon [_thread_blocked, id=28748, stack(0x00007f96064c9000,0x00007f96065ca000)]
  0x00007f97082d9800 JavaThread "Common-Cleaner" daemon [_thread_blocked, id=28747, stack(0x00007f96065ca000,0x00007f96066cb000)]
  0x00007f97082c3000 JavaThread "Sweeper thread" daemon [_thread_blocked, id=28746, stack(0x00007f9606af3000,0x00007f9606bf4000)]
  0x00007f97082c1000 JavaThread "C1 CompilerThread11" daemon [_thread_blocked, id=28745, stack(0x00007f9606bf4000,0x00007f9606cf5000)]
  0x00007f97082bf800 JavaThread "C1 CompilerThread10" daemon [_thread_blocked, id=28744, stack(0x00007f9606cf5000,0x00007f9606df6000)]
  0x00007f97082bd800 JavaThread "C1 CompilerThread9" daemon [_thread_blocked, id=28743, stack(0x00007f9606df6000,0x00007f9606ef7000)]
=>0x00007f97082bb800 JavaThread "C1 CompilerThread8" daemon [_thread_in_native, id=28742, stack(0x00007f9606ef7000,0x00007f9606ff8000)]
  0x00007f97082ba000 JavaThread "C2 CompilerThread7" daemon [_thread_blocked, id=28741, stack(0x00007f9606ff8000,0x00007f96070f9000)]
  0x00007f97082b8000 JavaThread "C2 CompilerThread6" daemon [_thread_blocked, id=28740, stack(0x00007f96070f9000,0x00007f96071fa000)]
  0x00007f97082b6800 JavaThread "C2 CompilerThread5" daemon [_thread_blocked, id=28739, stack(0x00007f96071fa000,0x00007f96072fb000)]
  0x00007f97082b4800 JavaThread "C2 CompilerThread4" daemon [_thread_blocked, id=28738, stack(0x00007f96072fb000,0x00007f96073fc000)]
  0x00007f97082b3000 JavaThread "C2 CompilerThread3" daemon [_thread_blocked, id=28737, stack(0x00007f96073fc000,0x00007f96074fd000)]
  0x00007f97082b1000 JavaThread "C2 CompilerThread2" daemon [_thread_blocked, id=28736, stack(0x00007f96074fd000,0x00007f96075fe000)]
  0x00007f97082af000 JavaThread "C2 CompilerThread1" daemon [_thread_in_native, id=28735, stack(0x00007f96075fe000,0x00007f96076ff000)]
  0x00007f97082ad000 JavaThread "C2 CompilerThread0" daemon [_thread_blocked, id=28734, stack(0x00007f96076ff000,0x00007f9607800000)]
  0x00007f97082ab000 JavaThread "Signal Dispatcher" daemon [_thread_blocked, id=28733, stack(0x00007f961c091000,0x00007f961c192000)]
  0x00007f9708291000 JavaThread "Finalizer" daemon [_thread_blocked, id=28722, stack(0x00007f961c192000,0x00007f961c293000)]
  0x00007f9708288800 JavaThread "Reference Handler" daemon [_thread_blocked, id=28721, stack(0x00007f961c293000,0x00007f961c394000)]
  0x00007f9708011800 JavaThread "main" [_thread_in_Java, id=28670, stack(0x00007f970e5d2000,0x00007f970e6d1000)]

Other Threads:
  0x00007f9708281000 VMThread "VM Thread" [stack: 0x00007f961c396000,0x00007f961c496000] [id=28720]
  0x00007f9708392800 WatcherThread [stack: 0x00007f96063c9000,0x00007f96064c9000] [id=28749]
  0x00007f9708034000 GCTaskThread "GC Thread#0" [stack: 0x00007f970d82c000,0x00007f970d92c000] [id=28671]
  0x00007f9708035800 GCTaskThread "GC Thread#1" [stack: 0x00007f970d72a000,0x00007f970d82a000] [id=28672]
  0x00007f9708037000 GCTaskThread "GC Thread#2" [stack: 0x00007f970d628000,0x00007f970d728000] [id=28673]
  0x00007f9708039000 GCTaskThread "GC Thread#3" [stack: 0x00007f970d526000,0x00007f970d626000] [id=28674]
  0x00007f970803a800 GCTaskThread "GC Thread#4" [stack: 0x00007f970d424000,0x00007f970d524000] [id=28675]
  0x00007f970803c800 GCTaskThread "GC Thread#5" [stack: 0x00007f970d322000,0x00007f970d422000] [id=28676]
  0x00007f970803e000 GCTaskThread "GC Thread#6" [stack: 0x00007f970d220000,0x00007f970d320000] [id=28677]
  0x00007f970803f800 GCTaskThread "GC Thread#7" [stack: 0x00007f970d11e000,0x00007f970d21e000] [id=28678]
  0x00007f9708041800 GCTaskThread "GC Thread#8" [stack: 0x00007f970d01c000,0x00007f970d11c000] [id=28679]
  0x00007f9708043000 GCTaskThread "GC Thread#9" [stack: 0x00007f970cf1a000,0x00007f970d01a000] [id=28680]
  0x00007f9708045000 GCTaskThread "GC Thread#10" [stack: 0x00007f970ce18000,0x00007f970cf18000] [id=28681]
  0x00007f9708046800 GCTaskThread "GC Thread#11" [stack: 0x00007f970cd16000,0x00007f970ce16000] [id=28682]
  0x00007f9708048800 GCTaskThread "GC Thread#12" [stack: 0x00007f970cc14000,0x00007f970cd14000] [id=28683]
  0x00007f970804a000 GCTaskThread "GC Thread#13" [stack: 0x00007f970cb12000,0x00007f970cc12000] [id=28684]
  0x00007f970804c000 GCTaskThread "GC Thread#14" [stack: 0x00007f970ca10000,0x00007f970cb10000] [id=28687]
  0x00007f970804d800 GCTaskThread "GC Thread#15" [stack: 0x00007f970c90e000,0x00007f970ca0e000] [id=28688]
  0x00007f970804f800 GCTaskThread "GC Thread#16" [stack: 0x00007f970c80c000,0x00007f970c90c000] [id=28689]
  0x00007f9708051000 GCTaskThread "GC Thread#17" [stack: 0x00007f970c70a000,0x00007f970c80a000] [id=28690]
  0x00007f9708052800 GCTaskThread "GC Thread#18" [stack: 0x00007f970c608000,0x00007f970c708000] [id=28691]
  0x00007f9708054800 GCTaskThread "GC Thread#19" [stack: 0x00007f970c506000,0x00007f970c606000] [id=28692]
  0x00007f970809f800 ConcurrentGCThread "G1 Main Marker" [stack: 0x00007f966d0bf000,0x00007f966d1bf000] [id=28714]
  0x00007f97080a1000 ConcurrentGCThread "G1 Marker#0" [stack: 0x00007f966cfbd000,0x00007f966d0bd000] [id=28715]
  0x00007f97080a3000 ConcurrentGCThread "G1 Marker#1" [stack: 0x00007f966cebb000,0x00007f966cfbb000] [id=28716]
  0x00007f97080a4800 ConcurrentGCThread "G1 Marker#2" [stack: 0x00007f966cdb9000,0x00007f966ceb9000] [id=28717]
  0x00007f97080a6800 ConcurrentGCThread "G1 Marker#3" [stack: 0x00007f966ccb7000,0x00007f966cdb7000] [id=28718]
  0x00007f97080a8000 ConcurrentGCThread "G1 Marker#4" [stack: 0x00007f966cbb5000,0x00007f966ccb5000] [id=28719]
  0x00007f9708079000 ConcurrentGCThread "G1 Refine#0" [stack: 0x00007f966f6f0000,0x00007f966f7f0000] [id=28712]
  0x00007f9708077000 ConcurrentGCThread "G1 Refine#1" [stack: 0x00007f966f7f2000,0x00007f966f8f2000] [id=28711]
  0x00007f9708075000 ConcurrentGCThread "G1 Refine#2" [stack: 0x00007f966f8f4000,0x00007f966f9f4000] [id=28710]
  0x00007f9708073800 ConcurrentGCThread "G1 Refine#3" [stack: 0x00007f966f9f6000,0x00007f966faf6000] [id=28709]
  0x00007f9708071800 ConcurrentGCThread "G1 Refine#4" [stack: 0x00007f966faf8000,0x00007f966fbf8000] [id=28708]
  0x00007f9708070000 ConcurrentGCThread "G1 Refine#5" [stack: 0x00007f966fbfa000,0x00007f966fcfa000] [id=28707]
  0x00007f970806e000 ConcurrentGCThread "G1 Refine#6" [stack: 0x00007f966fcfc000,0x00007f966fdfc000] [id=28706]
  0x00007f970806c800 ConcurrentGCThread "G1 Refine#7" [stack: 0x00007f966fdfe000,0x00007f966fefe000] [id=28705]
  0x00007f970806a800 ConcurrentGCThread "G1 Refine#8" [stack: 0x00007f966ff00000,0x00007f9670000000] [id=28704]
  0x00007f9708069000 ConcurrentGCThread "G1 Refine#9" [stack: 0x00007f96ec01f000,0x00007f96ec11f000] [id=28703]
  0x00007f9708067000 ConcurrentGCThread "G1 Refine#10" [stack: 0x00007f96ec121000,0x00007f96ec221000] [id=28702]
  0x00007f9708065000 ConcurrentGCThread "G1 Refine#11" [stack: 0x00007f96ec223000,0x00007f96ec323000] [id=28701]
  0x00007f9708063800 ConcurrentGCThread "G1 Refine#12" [stack: 0x00007f96ec325000,0x00007f96ec425000] [id=28700]
  0x00007f9708061800 ConcurrentGCThread "G1 Refine#13" [stack: 0x00007f96ec427000,0x00007f96ec527000] [id=28699]
  0x00007f9708060000 ConcurrentGCThread "G1 Refine#14" [stack: 0x00007f96ec529000,0x00007f96ec629000] [id=28698]
  0x00007f970805e000 ConcurrentGCThread "G1 Refine#15" [stack: 0x00007f96ec62b000,0x00007f96ec72b000] [id=28697]
  0x00007f970805c800 ConcurrentGCThread "G1 Refine#16" [stack: 0x00007f96ec72d000,0x00007f96ec82d000] [id=28696]
  0x00007f970805a800 ConcurrentGCThread "G1 Refine#17" [stack: 0x00007f96ec82f000,0x00007f96ec92f000] [id=28695]
  0x00007f9708059000 ConcurrentGCThread "G1 Refine#18" [stack: 0x00007f96ec931000,0x00007f96eca31000] [id=28694]
  0x00007f9708057000 ConcurrentGCThread "G1 Refine#19" [stack: 0x00007f96eca33000,0x00007f96ecb33000] [id=28693]
  0x00007f970807a800 ConcurrentGCThread "G1 Young RemSet Sampling" [stack: 0x00007f966f5ee000,0x00007f966f6ee000] [id=28713]

Threads with active compile tasks:
C1 CompilerThread8 262 %     3       org.eclipse.core.runtime.adaptor.EclipseStarter::main @ 515 (1463 bytes)
C2 CompilerThread1 258       4       Print::logPrint (8 bytes)

VM state:not at safepoint (normal execution)

VM Mutex/Monitor currently owned by a thread: None

Heap address: 0x00000003d7c00000, size: 16004 MB, Compressed Oops mode: Zero based, Oop shift amount: 3
Narrow klass base: 0x0000000000000000, Narrow klass shift: 3
Compressed class space size: 1073741824 Address: 0x00000007c0000000

Heap:
 garbage-first heap   total 1028096K, used 8192K [0x00000003d7c00000, 0x00000003d80007d8, 0x00000007c0000000)
  region size 4096K, 3 young (12288K), 0 survivors (0K)
 Metaspace       used 4299K, capacity 4616K, committed 4864K, reserved 1056768K
  class space    used 356K, capacity 388K, committed 512K, reserved 1048576K
Heap Regions: E=young(eden), S=young(survivor), O=old, HS=humongous(starts), HC=humongous(continues), CS=collection set, F=free, A=archive, TS=gc time stamp, AC=allocation context, TAMS=top-at-mark-start (previous, next)
|   0|0x00000003d7c00000, 0x00000003d7c00000, 0x00000003d8000000|  0%| F|  |TS  0|AC  0|TAMS 0x00000003d7c00000, 0x00000003d7c00000|
|   1|0x00000003d8000000, 0x00000003d8000000, 0x00000003d8400000|  0%| F|  |TS  0|AC  0|TAMS 0x00000003d8000000, 0x00000003d8000000|
|   2|0x00000003d8400000, 0x00000003d8400000, 0x00000003d8800000|  0%| F|  |TS  0|AC  0|TAMS 0x00000003d8400000, 0x00000003d8400000|
|   3|0x00000003d8800000, 0x00000003d8800000, 0x00000003d8c00000|  0%| F|  |TS  0|AC  0|TAMS 0x00000003d8800000, 0x00000003d8800000|
|   4|0x00000003d8c00000, 0x00000003d8c00000, 0x00000003d9000000|  0%| F|  |TS  0|AC  0|TAMS 0x00000003d8c00000, 0x00000003d8c00000|
|   5|0x00000003d9000000, 0x00000003d9000000, 0x00000003d9400000|  0%| F|  |TS  0|AC  0|TAMS 0x00000003d9000000, 0x00000003d9000000|
|   6|0x00000003d9400000, 0x00000003d9400000, 0x00000003d9800000|  0%| F|  |TS  0|AC  0|TAMS 0x00000003d9400000, 0x00000003d9400000|
|   7|0x00000003d9800000, 0x00000003d9800000, 0x00000003d9c00000|  0%| F|  |TS  0|AC  0|TAMS 0x00000003d9800000, 0x00000003d9800000|
|   8|0x00000003d9c00000, 0x00000003d9c00000, 0x00000003da000000|  0%| F|  |TS  0|AC  0|TAMS 0x00000003d9c00000, 0x00000003d9c00000|
|   9|0x00000003da000000, 0x00000003da000000, 0x00000003da400000|  0%| F|  |TS  0|AC  0|TAMS 0x00000003da000000, 0x00000003da000000|
|  10|0x00000003da400000, 0x00000003da400000, 0x00000003da800000|  0%| F|  |TS  0|AC  0|TAMS 0x00000003da400000, 0x00000003da400000|
|  11|0x00000003da800000, 0x00000003da800000, 0x00000003dac00000|  0%| F|  |TS  0|AC  0|TAMS 0x00000003da800000, 0x00000003da800000|
|  12|0x00000003dac00000, 0x00000003dac00000, 0x00000003db000000|  0%| F|  |TS  0|AC  0|TAMS 0x00000003dac00000, 0x00000003dac00000|
|  13|0x00000003db000000, 0x00000003db000000, 0x00000003db400000|  0%| F|  |TS  0|AC  0|TAMS 0x00000003db000000, 0x00000003db000000|
|  14|0x00000003db400000, 0x00000003db400000, 0x00000003db800000|  0%| F|  |TS  0|AC  0|TAMS 0x00000003db400000, 0x00000003db400000|
|  15|0x00000003db800000, 0x00000003db800000, 0x00000003dbc00000|  0%| F|  |TS  0|AC  0|TAMS 0x00000003db800000, 0x00000003db800000|
|  16|0x00000003dbc00000, 0x00000003dbc00000, 0x00000003dc000000|  0%| F|  |TS  0|AC  0|TAMS 0x00000003dbc00000, 0x00000003dbc00000|
|  17|0x00000003dc000000, 0x00000003dc000000, 0x00000003dc400000|  0%| F|  |TS  0|AC  0|TAMS 0x00000003dc000000, 0x00000003dc000000|
|  18|0x00000003dc400000, 0x00000003dc400000, 0x00000003dc800000|  0%| F|  |TS  0|AC  0|TAMS 0x00000003dc400000, 0x00000003dc400000|
|  19|0x00000003dc800000, 0x00000003dc800000, 0x00000003dcc00000|  0%| F|  |TS  0|AC  0|TAMS 0x00000003dc800000, 0x00000003dc800000|
|  20|0x00000003dcc00000, 0x00000003dcc00000, 0x00000003dd000000|  0%| F|  |TS  0|AC  0|TAMS 0x00000003dcc00000, 0x00000003dcc00000|
|  21|0x00000003dd000000, 0x00000003dd000000, 0x00000003dd400000|  0%| F|  |TS  0|AC  0|TAMS 0x00000003dd000000, 0x00000003dd000000|
|  22|0x00000003dd400000, 0x00000003dd400000, 0x00000003dd800000|  0%| F|  |TS  0|AC  0|TAMS 0x00000003dd400000, 0x00000003dd400000|
|  23|0x00000003dd800000, 0x00000003dd800000, 0x00000003ddc00000|  0%| F|  |TS  0|AC  0|TAMS 0x00000003dd800000, 0x00000003dd800000|
|  24|0x00000003ddc00000, 0x00000003ddc00000, 0x00000003de000000|  0%| F|  |TS  0|AC  0|TAMS 0x00000003ddc00000, 0x00000003ddc00000|
|  25|0x00000003de000000, 0x00000003de000000, 0x00000003de400000|  0%| F|  |TS  0|AC  0|TAMS 0x00000003de000000, 0x00000003de000000|
|  26|0x00000003de400000, 0x00000003de400000, 0x00000003de800000|  0%| F|  |TS  0|AC  0|TAMS 0x00000003de400000, 0x00000003de400000|
|  27|0x00000003de800000, 0x00000003de800000, 0x00000003dec00000|  0%| F|  |TS  0|AC  0|TAMS 0x00000003de800000, 0x00000003de800000|
|  28|0x00000003dec00000, 0x00000003dec00000, 0x00000003df000000|  0%| F|  |TS  0|AC  0|TAMS 0x00000003dec00000, 0x00000003dec00000|
|  29|0x00000003df000000, 0x00000003df000000, 0x00000003df400000|  0%| F|  |TS  0|AC  0|TAMS 0x00000003df000000, 0x00000003df000000|
|  30|0x00000003df400000, 0x00000003df400000, 0x00000003df800000|  0%| F|  |TS  0|AC  0|TAMS 0x00000003df400000, 0x00000003df400000|
|  31|0x00000003df800000, 0x00000003df800000, 0x00000003dfc00000|  0%| F|  |TS  0|AC  0|TAMS 0x00000003df800000, 0x00000003df800000|
|  32|0x00000003dfc00000, 0x00000003dfc00000, 0x00000003e0000000|  0%| F|  |TS  0|AC  0|TAMS 0x00000003dfc00000, 0x00000003dfc00000|
|  33|0x00000003e0000000, 0x00000003e0000000, 0x00000003e0400000|  0%| F|  |TS  0|AC  0|TAMS 0x00000003e0000000, 0x00000003e0000000|
|  34|0x00000003e0400000, 0x00000003e0400000, 0x00000003e0800000|  0%| F|  |TS  0|AC  0|TAMS 0x00000003e0400000, 0x00000003e0400000|
|  35|0x00000003e0800000, 0x00000003e0800000, 0x00000003e0c00000|  0%| F|  |TS  0|AC  0|TAMS 0x00000003e0800000, 0x00000003e0800000|
|  36|0x00000003e0c00000, 0x00000003e0c00000, 0x00000003e1000000|  0%| F|  |TS  0|AC  0|TAMS 0x00000003e0c00000, 0x00000003e0c00000|
|  37|0x00000003e1000000, 0x00000003e1000000, 0x00000003e1400000|  0%| F|  |TS  0|AC  0|TAMS 0x00000003e1000000, 0x00000003e1000000|
|  38|0x00000003e1400000, 0x00000003e1400000, 0x00000003e1800000|  0%| F|  |TS  0|AC  0|TAMS 0x00000003e1400000, 0x00000003e1400000|
|  39|0x00000003e1800000, 0x00000003e1800000, 0x00000003e1c00000|  0%| F|  |TS  0|AC  0|TAMS 0x00000003e1800000, 0x00000003e1800000|
|  40|0x00000003e1c00000, 0x00000003e1c00000, 0x00000003e2000000|  0%| F|  |TS  0|AC  0|TAMS 0x00000003e1c00000, 0x00000003e1c00000|
|  41|0x00000003e2000000, 0x00000003e2000000, 0x00000003e2400000|  0%| F|  |TS  0|AC  0|TAMS 0x00000003e2000000, 0x00000003e2000000|
|  42|0x00000003e2400000, 0x00000003e2400000, 0x00000003e2800000|  0%| F|  |TS  0|AC  0|TAMS 0x00000003e2400000, 0x00000003e2400000|
|  43|0x00000003e2800000, 0x00000003e2800000, 0x00000003e2c00000|  0%| F|  |TS  0|AC  0|TAMS 0x00000003e2800000, 0x00000003e2800000|
|  44|0x00000003e2c00000, 0x00000003e2c00000, 0x00000003e3000000|  0%| F|  |TS  0|AC  0|TAMS 0x00000003e2c00000, 0x00000003e2c00000|
|  45|0x00000003e3000000, 0x00000003e3000000, 0x00000003e3400000|  0%| F|  |TS  0|AC  0|TAMS 0x00000003e3000000, 0x00000003e3000000|
|  46|0x00000003e3400000, 0x00000003e3400000, 0x00000003e3800000|  0%| F|  |TS  0|AC  0|TAMS 0x00000003e3400000, 0x00000003e3400000|
|  47|0x00000003e3800000, 0x00000003e3800000, 0x00000003e3c00000|  0%| F|  |TS  0|AC  0|TAMS 0x00000003e3800000, 0x00000003e3800000|
|  48|0x00000003e3c00000, 0x00000003e3c00000, 0x00000003e4000000|  0%| F|  |TS  0|AC  0|TAMS 0x00000003e3c00000, 0x00000003e3c00000|
|  49|0x00000003e4000000, 0x00000003e4000000, 0x00000003e4400000|  0%| F|  |TS  0|AC  0|TAMS 0x00000003e4000000, 0x00000003e4000000|
|  50|0x00000003e4400000, 0x00000003e4400000, 0x00000003e4800000|  0%| F|  |TS  0|AC  0|TAMS 0x00000003e4400000, 0x00000003e4400000|
|  51|0x00000003e4800000, 0x00000003e4800000, 0x00000003e4c00000|  0%| F|  |TS  0|AC  0|TAMS 0x00000003e4800000, 0x00000003e4800000|
|  52|0x00000003e4c00000, 0x00000003e4c00000, 0x00000003e5000000|  0%| F|  |TS  0|AC  0|TAMS 0x00000003e4c00000, 0x00000003e4c00000|
|  53|0x00000003e5000000, 0x00000003e5000000, 0x00000003e5400000|  0%| F|  |TS  0|AC  0|TAMS 0x00000003e5000000, 0x00000003e5000000|
|  54|0x00000003e5400000, 0x00000003e5400000, 0x00000003e5800000|  0%| F|  |TS  0|AC  0|TAMS 0x00000003e5400000, 0x00000003e5400000|
|  55|0x00000003e5800000, 0x00000003e5800000, 0x00000003e5c00000|  0%| F|  |TS  0|AC  0|TAMS 0x00000003e5800000, 0x00000003e5800000|
|  56|0x00000003e5c00000, 0x00000003e5c00000, 0x00000003e6000000|  0%| F|  |TS  0|AC  0|TAMS 0x00000003e5c00000, 0x00000003e5c00000|
|  57|0x00000003e6000000, 0x00000003e6000000, 0x00000003e6400000|  0%| F|  |TS  0|AC  0|TAMS 0x00000003e6000000, 0x00000003e6000000|
|  58|0x00000003e6400000, 0x00000003e6400000, 0x00000003e6800000|  0%| F|  |TS  0|AC  0|TAMS 0x00000003e6400000, 0x00000003e6400000|
|  59|0x00000003e6800000, 0x00000003e6800000, 0x00000003e6c00000|  0%| F|  |TS  0|AC  0|TAMS 0x00000003e6800000, 0x00000003e6800000|
|  60|0x00000003e6c00000, 0x00000003e6c00000, 0x00000003e7000000|  0%| F|  |TS  0|AC  0|TAMS 0x00000003e6c00000, 0x00000003e6c00000|
|  61|0x00000003e7000000, 0x00000003e7000000, 0x00000003e7400000|  0%| F|  |TS  0|AC  0|TAMS 0x00000003e7000000, 0x00000003e7000000|
|  62|0x00000003e7400000, 0x00000003e7400000, 0x00000003e7800000|  0%| F|  |TS  0|AC  0|TAMS 0x00000003e7400000, 0x00000003e7400000|
|  63|0x00000003e7800000, 0x00000003e7800000, 0x00000003e7c00000|  0%| F|  |TS  0|AC  0|TAMS 0x00000003e7800000, 0x00000003e7800000|
|  64|0x00000003e7c00000, 0x00000003e7c00000, 0x00000003e8000000|  0%| F|  |TS  0|AC  0|TAMS 0x00000003e7c00000, 0x00000003e7c00000|
|  65|0x00000003e8000000, 0x00000003e8000000, 0x00000003e8400000|  0%| F|  |TS  0|AC  0|TAMS 0x00000003e8000000, 0x00000003e8000000|
|  66|0x00000003e8400000, 0x00000003e8400000, 0x00000003e8800000|  0%| F|  |TS  0|AC  0|TAMS 0x00000003e8400000, 0x00000003e8400000|
|  67|0x00000003e8800000, 0x00000003e8800000, 0x00000003e8c00000|  0%| F|  |TS  0|AC  0|TAMS 0x00000003e8800000, 0x00000003e8800000|
|  68|0x00000003e8c00000, 0x00000003e8c00000, 0x00000003e9000000|  0%| F|  |TS  0|AC  0|TAMS 0x00000003e8c00000, 0x00000003e8c00000|
|  69|0x00000003e9000000, 0x00000003e9000000, 0x00000003e9400000|  0%| F|  |TS  0|AC  0|TAMS 0x00000003e9000000, 0x00000003e9000000|
|  70|0x00000003e9400000, 0x00000003e9400000, 0x00000003e9800000|  0%| F|  |TS  0|AC  0|TAMS 0x00000003e9400000, 0x00000003e9400000|
|  71|0x00000003e9800000, 0x00000003e9800000, 0x00000003e9c00000|  0%| F|  |TS  0|AC  0|TAMS 0x00000003e9800000, 0x00000003e9800000|
|  72|0x00000003e9c00000, 0x00000003e9c00000, 0x00000003ea000000|  0%| F|  |TS  0|AC  0|TAMS 0x00000003e9c00000, 0x00000003e9c00000|
|  73|0x00000003ea000000, 0x00000003ea000000, 0x00000003ea400000|  0%| F|  |TS  0|AC  0|TAMS 0x00000003ea000000, 0x00000003ea000000|
|  74|0x00000003ea400000, 0x00000003ea400000, 0x00000003ea800000|  0%| F|  |TS  0|AC  0|TAMS 0x00000003ea400000, 0x00000003ea400000|
|  75|0x00000003ea800000, 0x00000003ea800000, 0x00000003eac00000|  0%| F|  |TS  0|AC  0|TAMS 0x00000003ea800000, 0x00000003ea800000|
|  76|0x00000003eac00000, 0x00000003eac00000, 0x00000003eb000000|  0%| F|  |TS  0|AC  0|TAMS 0x00000003eac00000, 0x00000003eac00000|
|  77|0x00000003eb000000, 0x00000003eb000000, 0x00000003eb400000|  0%| F|  |TS  0|AC  0|TAMS 0x00000003eb000000, 0x00000003eb000000|
|  78|0x00000003eb400000, 0x00000003eb400000, 0x00000003eb800000|  0%| F|  |TS  0|AC  0|TAMS 0x00000003eb400000, 0x00000003eb400000|
|  79|0x00000003eb800000, 0x00000003eb800000, 0x00000003ebc00000|  0%| F|  |TS  0|AC  0|TAMS 0x00000003eb800000, 0x00000003eb800000|
|  80|0x00000003ebc00000, 0x00000003ebc00000, 0x00000003ec000000|  0%| F|  |TS  0|AC  0|TAMS 0x00000003ebc00000, 0x00000003ebc00000|
|  81|0x00000003ec000000, 0x00000003ec000000, 0x00000003ec400000|  0%| F|  |TS  0|AC  0|TAMS 0x00000003ec000000, 0x00000003ec000000|
|  82|0x00000003ec400000, 0x00000003ec400000, 0x00000003ec800000|  0%| F|  |TS  0|AC  0|TAMS 0x00000003ec400000, 0x00000003ec400000|
|  83|0x00000003ec800000, 0x00000003ec800000, 0x00000003ecc00000|  0%| F|  |TS  0|AC  0|TAMS 0x00000003ec800000, 0x00000003ec800000|
|  84|0x00000003ecc00000, 0x00000003ecc00000, 0x00000003ed000000|  0%| F|  |TS  0|AC  0|TAMS 0x00000003ecc00000, 0x00000003ecc00000|
|  85|0x00000003ed000000, 0x00000003ed000000, 0x00000003ed400000|  0%| F|  |TS  0|AC  0|TAMS 0x00000003ed000000, 0x00000003ed000000|
|  86|0x00000003ed400000, 0x00000003ed400000, 0x00000003ed800000|  0%| F|  |TS  0|AC  0|TAMS 0x00000003ed400000, 0x00000003ed400000|
|  87|0x00000003ed800000, 0x00000003ed800000, 0x00000003edc00000|  0%| F|  |TS  0|AC  0|TAMS 0x00000003ed800000, 0x00000003ed800000|
|  88|0x00000003edc00000, 0x00000003edc00000, 0x00000003ee000000|  0%| F|  |TS  0|AC  0|TAMS 0x00000003edc00000, 0x00000003edc00000|
|  89|0x00000003ee000000, 0x00000003ee000000, 0x00000003ee400000|  0%| F|  |TS  0|AC  0|TAMS 0x00000003ee000000, 0x00000003ee000000|
|  90|0x00000003ee400000, 0x00000003ee400000, 0x00000003ee800000|  0%| F|  |TS  0|AC  0|TAMS 0x00000003ee400000, 0x00000003ee400000|
|  91|0x00000003ee800000, 0x00000003ee800000, 0x00000003eec00000|  0%| F|  |TS  0|AC  0|TAMS 0x00000003ee800000, 0x00000003ee800000|
|  92|0x00000003eec00000, 0x00000003eec00000, 0x00000003ef000000|  0%| F|  |TS  0|AC  0|TAMS 0x00000003eec00000, 0x00000003eec00000|
|  93|0x00000003ef000000, 0x00000003ef000000, 0x00000003ef400000|  0%| F|  |TS  0|AC  0|TAMS 0x00000003ef000000, 0x00000003ef000000|
|  94|0x00000003ef400000, 0x00000003ef400000, 0x00000003ef800000|  0%| F|  |TS  0|AC  0|TAMS 0x00000003ef400000, 0x00000003ef400000|
|  95|0x00000003ef800000, 0x00000003ef800000, 0x00000003efc00000|  0%| F|  |TS  0|AC  0|TAMS 0x00000003ef800000, 0x00000003ef800000|
|  96|0x00000003efc00000, 0x00000003efc00000, 0x00000003f0000000|  0%| F|  |TS  0|AC  0|TAMS 0x00000003efc00000, 0x00000003efc00000|
|  97|0x00000003f0000000, 0x00000003f0000000, 0x00000003f0400000|  0%| F|  |TS  0|AC  0|TAMS 0x00000003f0000000, 0x00000003f0000000|
|  98|0x00000003f0400000, 0x00000003f0400000, 0x00000003f0800000|  0%| F|  |TS  0|AC  0|TAMS 0x00000003f0400000, 0x00000003f0400000|
|  99|0x00000003f0800000, 0x00000003f0800000, 0x00000003f0c00000|  0%| F|  |TS  0|AC  0|TAMS 0x00000003f0800000, 0x00000003f0800000|
| 100|0x00000003f0c00000, 0x00000003f0c00000, 0x00000003f1000000|  0%| F|  |TS  0|AC  0|TAMS 0x00000003f0c00000, 0x00000003f0c00000|
| 101|0x00000003f1000000, 0x00000003f1000000, 0x00000003f1400000|  0%| F|  |TS  0|AC  0|TAMS 0x00000003f1000000, 0x00000003f1000000|
| 102|0x00000003f1400000, 0x00000003f1400000, 0x00000003f1800000|  0%| F|  |TS  0|AC  0|TAMS 0x00000003f1400000, 0x00000003f1400000|
| 103|0x00000003f1800000, 0x00000003f1800000, 0x00000003f1c00000|  0%| F|  |TS  0|AC  0|TAMS 0x00000003f1800000, 0x00000003f1800000|
| 104|0x00000003f1c00000, 0x00000003f1c00000, 0x00000003f2000000|  0%| F|  |TS  0|AC  0|TAMS 0x00000003f1c00000, 0x00000003f1c00000|
| 105|0x00000003f2000000, 0x00000003f2000000, 0x00000003f2400000|  0%| F|  |TS  0|AC  0|TAMS 0x00000003f2000000, 0x00000003f2000000|
| 106|0x00000003f2400000, 0x00000003f2400000, 0x00000003f2800000|  0%| F|  |TS  0|AC  0|TAMS 0x00000003f2400000, 0x00000003f2400000|
| 107|0x00000003f2800000, 0x00000003f2800000, 0x00000003f2c00000|  0%| F|  |TS  0|AC  0|TAMS 0x00000003f2800000, 0x00000003f2800000|
| 108|0x00000003f2c00000, 0x00000003f2c00000, 0x00000003f3000000|  0%| F|  |TS  0|AC  0|TAMS 0x00000003f2c00000, 0x00000003f2c00000|
| 109|0x00000003f3000000, 0x00000003f3000000, 0x00000003f3400000|  0%| F|  |TS  0|AC  0|TAMS 0x00000003f3000000, 0x00000003f3000000|
| 110|0x00000003f3400000, 0x00000003f3400000, 0x00000003f3800000|  0%| F|  |TS  0|AC  0|TAMS 0x00000003f3400000, 0x00000003f3400000|
| 111|0x00000003f3800000, 0x00000003f3800000, 0x00000003f3c00000|  0%| F|  |TS  0|AC  0|TAMS 0x00000003f3800000, 0x00000003f3800000|
| 112|0x00000003f3c00000, 0x00000003f3c00000, 0x00000003f4000000|  0%| F|  |TS  0|AC  0|TAMS 0x00000003f3c00000, 0x00000003f3c00000|
| 113|0x00000003f4000000, 0x00000003f4000000, 0x00000003f4400000|  0%| F|  |TS  0|AC  0|TAMS 0x00000003f4000000, 0x00000003f4000000|
| 114|0x00000003f4400000, 0x00000003f4400000, 0x00000003f4800000|  0%| F|  |TS  0|AC  0|TAMS 0x00000003f4400000, 0x00000003f4400000|
| 115|0x00000003f4800000, 0x00000003f4800000, 0x00000003f4c00000|  0%| F|  |TS  0|AC  0|TAMS 0x00000003f4800000, 0x00000003f4800000|
| 116|0x00000003f4c00000, 0x00000003f4c00000, 0x00000003f5000000|  0%| F|  |TS  0|AC  0|TAMS 0x00000003f4c00000, 0x00000003f4c00000|
| 117|0x00000003f5000000, 0x00000003f5000000, 0x00000003f5400000|  0%| F|  |TS  0|AC  0|TAMS 0x00000003f5000000, 0x00000003f5000000|
| 118|0x00000003f5400000, 0x00000003f5400000, 0x00000003f5800000|  0%| F|  |TS  0|AC  0|TAMS 0x00000003f5400000, 0x00000003f5400000|
| 119|0x00000003f5800000, 0x00000003f5800000, 0x00000003f5c00000|  0%| F|  |TS  0|AC  0|TAMS 0x00000003f5800000, 0x00000003f5800000|
| 120|0x00000003f5c00000, 0x00000003f5c00000, 0x00000003f6000000|  0%| F|  |TS  0|AC  0|TAMS 0x00000003f5c00000, 0x00000003f5c00000|
| 121|0x00000003f6000000, 0x00000003f6000000, 0x00000003f6400000|  0%| F|  |TS  0|AC  0|TAMS 0x00000003f6000000, 0x00000003f6000000|
| 122|0x00000003f6400000, 0x00000003f6400000, 0x00000003f6800000|  0%| F|  |TS  0|AC  0|TAMS 0x00000003f6400000, 0x00000003f6400000|
| 123|0x00000003f6800000, 0x00000003f6800000, 0x00000003f6c00000|  0%| F|  |TS  0|AC  0|TAMS 0x00000003f6800000, 0x00000003f6800000|
| 124|0x00000003f6c00000, 0x00000003f6c00000, 0x00000003f7000000|  0%| F|  |TS  0|AC  0|TAMS 0x00000003f6c00000, 0x00000003f6c00000|
| 125|0x00000003f7000000, 0x00000003f7000000, 0x00000003f7400000|  0%| F|  |TS  0|AC  0|TAMS 0x00000003f7000000, 0x00000003f7000000|
| 126|0x00000003f7400000, 0x00000003f7400000, 0x00000003f7800000|  0%| F|  |TS  0|AC  0|TAMS 0x00000003f7400000, 0x00000003f7400000|
| 127|0x00000003f7800000, 0x00000003f7800000, 0x00000003f7c00000|  0%| F|  |TS  0|AC  0|TAMS 0x00000003f7800000, 0x00000003f7800000|
| 128|0x00000003f7c00000, 0x00000003f7c00000, 0x00000003f8000000|  0%| F|  |TS  0|AC  0|TAMS 0x00000003f7c00000, 0x00000003f7c00000|
| 129|0x00000003f8000000, 0x00000003f8000000, 0x00000003f8400000|  0%| F|  |TS  0|AC  0|TAMS 0x00000003f8000000, 0x00000003f8000000|
| 130|0x00000003f8400000, 0x00000003f8400000, 0x00000003f8800000|  0%| F|  |TS  0|AC  0|TAMS 0x00000003f8400000, 0x00000003f8400000|
| 131|0x00000003f8800000, 0x00000003f8800000, 0x00000003f8c00000|  0%| F|  |TS  0|AC  0|TAMS 0x00000003f8800000, 0x00000003f8800000|
| 132|0x00000003f8c00000, 0x00000003f8c00000, 0x00000003f9000000|  0%| F|  |TS  0|AC  0|TAMS 0x00000003f8c00000, 0x00000003f8c00000|
| 133|0x00000003f9000000, 0x00000003f9000000, 0x00000003f9400000|  0%| F|  |TS  0|AC  0|TAMS 0x00000003f9000000, 0x00000003f9000000|
| 134|0x00000003f9400000, 0x00000003f9400000, 0x00000003f9800000|  0%| F|  |TS  0|AC  0|TAMS 0x00000003f9400000, 0x00000003f9400000|
| 135|0x00000003f9800000, 0x00000003f9800000, 0x00000003f9c00000|  0%| F|  |TS  0|AC  0|TAMS 0x00000003f9800000, 0x00000003f9800000|
| 136|0x00000003f9c00000, 0x00000003f9c00000, 0x00000003fa000000|  0%| F|  |TS  0|AC  0|TAMS 0x00000003f9c00000, 0x00000003f9c00000|
| 137|0x00000003fa000000, 0x00000003fa000000, 0x00000003fa400000|  0%| F|  |TS  0|AC  0|TAMS 0x00000003fa000000, 0x00000003fa000000|
| 138|0x00000003fa400000, 0x00000003fa400000, 0x00000003fa800000|  0%| F|  |TS  0|AC  0|TAMS 0x00000003fa400000, 0x00000003fa400000|
| 139|0x00000003fa800000, 0x00000003fa800000, 0x00000003fac00000|  0%| F|  |TS  0|AC  0|TAMS 0x00000003fa800000, 0x00000003fa800000|
| 140|0x00000003fac00000, 0x00000003fac00000, 0x00000003fb000000|  0%| F|  |TS  0|AC  0|TAMS 0x00000003fac00000, 0x00000003fac00000|
| 141|0x00000003fb000000, 0x00000003fb000000, 0x00000003fb400000|  0%| F|  |TS  0|AC  0|TAMS 0x00000003fb000000, 0x00000003fb000000|
| 142|0x00000003fb400000, 0x00000003fb400000, 0x00000003fb800000|  0%| F|  |TS  0|AC  0|TAMS 0x00000003fb400000, 0x00000003fb400000|
| 143|0x00000003fb800000, 0x00000003fb800000, 0x00000003fbc00000|  0%| F|  |TS  0|AC  0|TAMS 0x00000003fb800000, 0x00000003fb800000|
| 144|0x00000003fbc00000, 0x00000003fbc00000, 0x00000003fc000000|  0%| F|  |TS  0|AC  0|TAMS 0x00000003fbc00000, 0x00000003fbc00000|
| 145|0x00000003fc000000, 0x00000003fc000000, 0x00000003fc400000|  0%| F|  |TS  0|AC  0|TAMS 0x00000003fc000000, 0x00000003fc000000|
| 146|0x00000003fc400000, 0x00000003fc400000, 0x00000003fc800000|  0%| F|  |TS  0|AC  0|TAMS 0x00000003fc400000, 0x00000003fc400000|
| 147|0x00000003fc800000, 0x00000003fc800000, 0x00000003fcc00000|  0%| F|  |TS  0|AC  0|TAMS 0x00000003fc800000, 0x00000003fc800000|
| 148|0x00000003fcc00000, 0x00000003fcc00000, 0x00000003fd000000|  0%| F|  |TS  0|AC  0|TAMS 0x00000003fcc00000, 0x00000003fcc00000|
| 149|0x00000003fd000000, 0x00000003fd000000, 0x00000003fd400000|  0%| F|  |TS  0|AC  0|TAMS 0x00000003fd000000, 0x00000003fd000000|
| 150|0x00000003fd400000, 0x00000003fd400000, 0x00000003fd800000|  0%| F|  |TS  0|AC  0|TAMS 0x00000003fd400000, 0x00000003fd400000|
| 151|0x00000003fd800000, 0x00000003fd800000, 0x00000003fdc00000|  0%| F|  |TS  0|AC  0|TAMS 0x00000003fd800000, 0x00000003fd800000|
| 152|0x00000003fdc00000, 0x00000003fdc00000, 0x00000003fe000000|  0%| F|  |TS  0|AC  0|TAMS 0x00000003fdc00000, 0x00000003fdc00000|
| 153|0x00000003fe000000, 0x00000003fe000000, 0x00000003fe400000|  0%| F|  |TS  0|AC  0|TAMS 0x00000003fe000000, 0x00000003fe000000|
| 154|0x00000003fe400000, 0x00000003fe400000, 0x00000003fe800000|  0%| F|  |TS  0|AC  0|TAMS 0x00000003fe400000, 0x00000003fe400000|
| 155|0x00000003fe800000, 0x00000003fe800000, 0x00000003fec00000|  0%| F|  |TS  0|AC  0|TAMS 0x00000003fe800000, 0x00000003fe800000|
| 156|0x00000003fec00000, 0x00000003fec00000, 0x00000003ff000000|  0%| F|  |TS  0|AC  0|TAMS 0x00000003fec00000, 0x00000003fec00000|
| 157|0x00000003ff000000, 0x00000003ff000000, 0x00000003ff400000|  0%| F|  |TS  0|AC  0|TAMS 0x00000003ff000000, 0x00000003ff000000|
| 158|0x00000003ff400000, 0x00000003ff400000, 0x00000003ff800000|  0%| F|  |TS  0|AC  0|TAMS 0x00000003ff400000, 0x00000003ff400000|
| 159|0x00000003ff800000, 0x00000003ff800000, 0x00000003ffc00000|  0%| F|  |TS  0|AC  0|TAMS 0x00000003ff800000, 0x00000003ff800000|
| 160|0x00000003ffc00000, 0x00000003ffc00000, 0x0000000400000000|  0%| F|  |TS  0|AC  0|TAMS 0x00000003ffc00000, 0x00000003ffc00000|
| 161|0x0000000400000000, 0x0000000400000000, 0x0000000400400000|  0%| F|  |TS  0|AC  0|TAMS 0x0000000400000000, 0x0000000400000000|
| 162|0x0000000400400000, 0x0000000400400000, 0x0000000400800000|  0%| F|  |TS  0|AC  0|TAMS 0x0000000400400000, 0x0000000400400000|
| 163|0x0000000400800000, 0x0000000400800000, 0x0000000400c00000|  0%| F|  |TS  0|AC  0|TAMS 0x0000000400800000, 0x0000000400800000|
| 164|0x0000000400c00000, 0x0000000400c00000, 0x0000000401000000|  0%| F|  |TS  0|AC  0|TAMS 0x0000000400c00000, 0x0000000400c00000|
| 165|0x0000000401000000, 0x0000000401000000, 0x0000000401400000|  0%| F|  |TS  0|AC  0|TAMS 0x0000000401000000, 0x0000000401000000|
| 166|0x0000000401400000, 0x0000000401400000, 0x0000000401800000|  0%| F|  |TS  0|AC  0|TAMS 0x0000000401400000, 0x0000000401400000|
| 167|0x0000000401800000, 0x0000000401800000, 0x0000000401c00000|  0%| F|  |TS  0|AC  0|TAMS 0x0000000401800000, 0x0000000401800000|
| 168|0x0000000401c00000, 0x0000000401c00000, 0x0000000402000000|  0%| F|  |TS  0|AC  0|TAMS 0x0000000401c00000, 0x0000000401c00000|
| 169|0x0000000402000000, 0x0000000402000000, 0x0000000402400000|  0%| F|  |TS  0|AC  0|TAMS 0x0000000402000000, 0x0000000402000000|
| 170|0x0000000402400000, 0x0000000402400000, 0x0000000402800000|  0%| F|  |TS  0|AC  0|TAMS 0x0000000402400000, 0x0000000402400000|
| 171|0x0000000402800000, 0x0000000402800000, 0x0000000402c00000|  0%| F|  |TS  0|AC  0|TAMS 0x0000000402800000, 0x0000000402800000|
| 172|0x0000000402c00000, 0x0000000402c00000, 0x0000000403000000|  0%| F|  |TS  0|AC  0|TAMS 0x0000000402c00000, 0x0000000402c00000|
| 173|0x0000000403000000, 0x0000000403000000, 0x0000000403400000|  0%| F|  |TS  0|AC  0|TAMS 0x0000000403000000, 0x0000000403000000|
| 174|0x0000000403400000, 0x0000000403400000, 0x0000000403800000|  0%| F|  |TS  0|AC  0|TAMS 0x0000000403400000, 0x0000000403400000|
| 175|0x0000000403800000, 0x0000000403800000, 0x0000000403c00000|  0%| F|  |TS  0|AC  0|TAMS 0x0000000403800000, 0x0000000403800000|
| 176|0x0000000403c00000, 0x0000000403c00000, 0x0000000404000000|  0%| F|  |TS  0|AC  0|TAMS 0x0000000403c00000, 0x0000000403c00000|
| 177|0x0000000404000000, 0x0000000404000000, 0x0000000404400000|  0%| F|  |TS  0|AC  0|TAMS 0x0000000404000000, 0x0000000404000000|
| 178|0x0000000404400000, 0x0000000404400000, 0x0000000404800000|  0%| F|  |TS  0|AC  0|TAMS 0x0000000404400000, 0x0000000404400000|
| 179|0x0000000404800000, 0x0000000404800000, 0x0000000404c00000|  0%| F|  |TS  0|AC  0|TAMS 0x0000000404800000, 0x0000000404800000|
| 180|0x0000000404c00000, 0x0000000404c00000, 0x0000000405000000|  0%| F|  |TS  0|AC  0|TAMS 0x0000000404c00000, 0x0000000404c00000|
| 181|0x0000000405000000, 0x0000000405000000, 0x0000000405400000|  0%| F|  |TS  0|AC  0|TAMS 0x0000000405000000, 0x0000000405000000|
| 182|0x0000000405400000, 0x0000000405400000, 0x0000000405800000|  0%| F|  |TS  0|AC  0|TAMS 0x0000000405400000, 0x0000000405400000|
| 183|0x0000000405800000, 0x0000000405800000, 0x0000000405c00000|  0%| F|  |TS  0|AC  0|TAMS 0x0000000405800000, 0x0000000405800000|
| 184|0x0000000405c00000, 0x0000000405c00000, 0x0000000406000000|  0%| F|  |TS  0|AC  0|TAMS 0x0000000405c00000, 0x0000000405c00000|
| 185|0x0000000406000000, 0x0000000406000000, 0x0000000406400000|  0%| F|  |TS  0|AC  0|TAMS 0x0000000406000000, 0x0000000406000000|
| 186|0x0000000406400000, 0x0000000406400000, 0x0000000406800000|  0%| F|  |TS  0|AC  0|TAMS 0x0000000406400000, 0x0000000406400000|
| 187|0x0000000406800000, 0x0000000406800000, 0x0000000406c00000|  0%| F|  |TS  0|AC  0|TAMS 0x0000000406800000, 0x0000000406800000|
| 188|0x0000000406c00000, 0x0000000406c00000, 0x0000000407000000|  0%| F|  |TS  0|AC  0|TAMS 0x0000000406c00000, 0x0000000406c00000|
| 189|0x0000000407000000, 0x0000000407000000, 0x0000000407400000|  0%| F|  |TS  0|AC  0|TAMS 0x0000000407000000, 0x0000000407000000|
| 190|0x0000000407400000, 0x0000000407400000, 0x0000000407800000|  0%| F|  |TS  0|AC  0|TAMS 0x0000000407400000, 0x0000000407400000|
| 191|0x0000000407800000, 0x0000000407800000, 0x0000000407c00000|  0%| F|  |TS  0|AC  0|TAMS 0x0000000407800000, 0x0000000407800000|
| 192|0x0000000407c00000, 0x0000000407c00000, 0x0000000408000000|  0%| F|  |TS  0|AC  0|TAMS 0x0000000407c00000, 0x0000000407c00000|
| 193|0x0000000408000000, 0x0000000408000000, 0x0000000408400000|  0%| F|  |TS  0|AC  0|TAMS 0x0000000408000000, 0x0000000408000000|
| 194|0x0000000408400000, 0x0000000408400000, 0x0000000408800000|  0%| F|  |TS  0|AC  0|TAMS 0x0000000408400000, 0x0000000408400000|
| 195|0x0000000408800000, 0x0000000408800000, 0x0000000408c00000|  0%| F|  |TS  0|AC  0|TAMS 0x0000000408800000, 0x0000000408800000|
| 196|0x0000000408c00000, 0x0000000408c00000, 0x0000000409000000|  0%| F|  |TS  0|AC  0|TAMS 0x0000000408c00000, 0x0000000408c00000|
| 197|0x0000000409000000, 0x0000000409000000, 0x0000000409400000|  0%| F|  |TS  0|AC  0|TAMS 0x0000000409000000, 0x0000000409000000|
| 198|0x0000000409400000, 0x0000000409400000, 0x0000000409800000|  0%| F|  |TS  0|AC  0|TAMS 0x0000000409400000, 0x0000000409400000|
| 199|0x0000000409800000, 0x0000000409800000, 0x0000000409c00000|  0%| F|  |TS  0|AC  0|TAMS 0x0000000409800000, 0x0000000409800000|
| 200|0x0000000409c00000, 0x0000000409c00000, 0x000000040a000000|  0%| F|  |TS  0|AC  0|TAMS 0x0000000409c00000, 0x0000000409c00000|
| 201|0x000000040a000000, 0x000000040a000000, 0x000000040a400000|  0%| F|  |TS  0|AC  0|TAMS 0x000000040a000000, 0x000000040a000000|
| 202|0x000000040a400000, 0x000000040a400000, 0x000000040a800000|  0%| F|  |TS  0|AC  0|TAMS 0x000000040a400000, 0x000000040a400000|
| 203|0x000000040a800000, 0x000000040a800000, 0x000000040ac00000|  0%| F|  |TS  0|AC  0|TAMS 0x000000040a800000, 0x000000040a800000|
| 204|0x000000040ac00000, 0x000000040ac00000, 0x000000040b000000|  0%| F|  |TS  0|AC  0|TAMS 0x000000040ac00000, 0x000000040ac00000|
| 205|0x000000040b000000, 0x000000040b000000, 0x000000040b400000|  0%| F|  |TS  0|AC  0|TAMS 0x000000040b000000, 0x000000040b000000|
| 206|0x000000040b400000, 0x000000040b400000, 0x000000040b800000|  0%| F|  |TS  0|AC  0|TAMS 0x000000040b400000, 0x000000040b400000|
| 207|0x000000040b800000, 0x000000040b800000, 0x000000040bc00000|  0%| F|  |TS  0|AC  0|TAMS 0x000000040b800000, 0x000000040b800000|
| 208|0x000000040bc00000, 0x000000040bc00000, 0x000000040c000000|  0%| F|  |TS  0|AC  0|TAMS 0x000000040bc00000, 0x000000040bc00000|
| 209|0x000000040c000000, 0x000000040c000000, 0x000000040c400000|  0%| F|  |TS  0|AC  0|TAMS 0x000000040c000000, 0x000000040c000000|
| 210|0x000000040c400000, 0x000000040c400000, 0x000000040c800000|  0%| F|  |TS  0|AC  0|TAMS 0x000000040c400000, 0x000000040c400000|
| 211|0x000000040c800000, 0x000000040c800000, 0x000000040cc00000|  0%| F|  |TS  0|AC  0|TAMS 0x000000040c800000, 0x000000040c800000|
| 212|0x000000040cc00000, 0x000000040cc00000, 0x000000040d000000|  0%| F|  |TS  0|AC  0|TAMS 0x000000040cc00000, 0x000000040cc00000|
| 213|0x000000040d000000, 0x000000040d000000, 0x000000040d400000|  0%| F|  |TS  0|AC  0|TAMS 0x000000040d000000, 0x000000040d000000|
| 214|0x000000040d400000, 0x000000040d400000, 0x000000040d800000|  0%| F|  |TS  0|AC  0|TAMS 0x000000040d400000, 0x000000040d400000|
| 215|0x000000040d800000, 0x000000040d800000, 0x000000040dc00000|  0%| F|  |TS  0|AC  0|TAMS 0x000000040d800000, 0x000000040d800000|
| 216|0x000000040dc00000, 0x000000040dc00000, 0x000000040e000000|  0%| F|  |TS  0|AC  0|TAMS 0x000000040dc00000, 0x000000040dc00000|
| 217|0x000000040e000000, 0x000000040e000000, 0x000000040e400000|  0%| F|  |TS  0|AC  0|TAMS 0x000000040e000000, 0x000000040e000000|
| 218|0x000000040e400000, 0x000000040e400000, 0x000000040e800000|  0%| F|  |TS  0|AC  0|TAMS 0x000000040e400000, 0x000000040e400000|
| 219|0x000000040e800000, 0x000000040e800000, 0x000000040ec00000|  0%| F|  |TS  0|AC  0|TAMS 0x000000040e800000, 0x000000040e800000|
| 220|0x000000040ec00000, 0x000000040ec00000, 0x000000040f000000|  0%| F|  |TS  0|AC  0|TAMS 0x000000040ec00000, 0x000000040ec00000|
| 221|0x000000040f000000, 0x000000040f000000, 0x000000040f400000|  0%| F|  |TS  0|AC  0|TAMS 0x000000040f000000, 0x000000040f000000|
| 222|0x000000040f400000, 0x000000040f400000, 0x000000040f800000|  0%| F|  |TS  0|AC  0|TAMS 0x000000040f400000, 0x000000040f400000|
| 223|0x000000040f800000, 0x000000040f800000, 0x000000040fc00000|  0%| F|  |TS  0|AC  0|TAMS 0x000000040f800000, 0x000000040f800000|
| 224|0x000000040fc00000, 0x000000040fc00000, 0x0000000410000000|  0%| F|  |TS  0|AC  0|TAMS 0x000000040fc00000, 0x000000040fc00000|
| 225|0x0000000410000000, 0x0000000410000000, 0x0000000410400000|  0%| F|  |TS  0|AC  0|TAMS 0x0000000410000000, 0x0000000410000000|
| 226|0x0000000410400000, 0x0000000410400000, 0x0000000410800000|  0%| F|  |TS  0|AC  0|TAMS 0x0000000410400000, 0x0000000410400000|
| 227|0x0000000410800000, 0x0000000410800000, 0x0000000410c00000|  0%| F|  |TS  0|AC  0|TAMS 0x0000000410800000, 0x0000000410800000|
| 228|0x0000000410c00000, 0x0000000410c00000, 0x0000000411000000|  0%| F|  |TS  0|AC  0|TAMS 0x0000000410c00000, 0x0000000410c00000|
| 229|0x0000000411000000, 0x0000000411000000, 0x0000000411400000|  0%| F|  |TS  0|AC  0|TAMS 0x0000000411000000, 0x0000000411000000|
| 230|0x0000000411400000, 0x0000000411400000, 0x0000000411800000|  0%| F|  |TS  0|AC  0|TAMS 0x0000000411400000, 0x0000000411400000|
| 231|0x0000000411800000, 0x0000000411800000, 0x0000000411c00000|  0%| F|  |TS  0|AC  0|TAMS 0x0000000411800000, 0x0000000411800000|
| 232|0x0000000411c00000, 0x0000000411c00000, 0x0000000412000000|  0%| F|  |TS  0|AC  0|TAMS 0x0000000411c00000, 0x0000000411c00000|
| 233|0x0000000412000000, 0x0000000412000000, 0x0000000412400000|  0%| F|  |TS  0|AC  0|TAMS 0x0000000412000000, 0x0000000412000000|
| 234|0x0000000412400000, 0x0000000412400000, 0x0000000412800000|  0%| F|  |TS  0|AC  0|TAMS 0x0000000412400000, 0x0000000412400000|
| 235|0x0000000412800000, 0x0000000412800000, 0x0000000412c00000|  0%| F|  |TS  0|AC  0|TAMS 0x0000000412800000, 0x0000000412800000|
| 236|0x0000000412c00000, 0x0000000412c00000, 0x0000000413000000|  0%| F|  |TS  0|AC  0|TAMS 0x0000000412c00000, 0x0000000412c00000|
| 237|0x0000000413000000, 0x0000000413000000, 0x0000000413400000|  0%| F|  |TS  0|AC  0|TAMS 0x0000000413000000, 0x0000000413000000|
| 238|0x0000000413400000, 0x0000000413400000, 0x0000000413800000|  0%| F|  |TS  0|AC  0|TAMS 0x0000000413400000, 0x0000000413400000|
| 239|0x0000000413800000, 0x0000000413800000, 0x0000000413c00000|  0%| F|  |TS  0|AC  0|TAMS 0x0000000413800000, 0x0000000413800000|
| 240|0x0000000413c00000, 0x0000000413c00000, 0x0000000414000000|  0%| F|  |TS  0|AC  0|TAMS 0x0000000413c00000, 0x0000000413c00000|
| 241|0x0000000414000000, 0x0000000414000000, 0x0000000414400000|  0%| F|  |TS  0|AC  0|TAMS 0x0000000414000000, 0x0000000414000000|
| 242|0x0000000414400000, 0x0000000414400000, 0x0000000414800000|  0%| F|  |TS  0|AC  0|TAMS 0x0000000414400000, 0x0000000414400000|
| 243|0x0000000414800000, 0x0000000414800000, 0x0000000414c00000|  0%| F|  |TS  0|AC  0|TAMS 0x0000000414800000, 0x0000000414800000|
| 244|0x0000000414c00000, 0x0000000414c00000, 0x0000000415000000|  0%| F|  |TS  0|AC  0|TAMS 0x0000000414c00000, 0x0000000414c00000|
| 245|0x0000000415000000, 0x0000000415000000, 0x0000000415400000|  0%| F|  |TS  0|AC  0|TAMS 0x0000000415000000, 0x0000000415000000|
| 246|0x0000000415400000, 0x0000000415400000, 0x0000000415800000|  0%| F|  |TS  0|AC  0|TAMS 0x0000000415400000, 0x0000000415400000|
| 247|0x0000000415800000, 0x0000000415800000, 0x0000000415c00000|  0%| F|  |TS  0|AC  0|TAMS 0x0000000415800000, 0x0000000415800000|
| 248|0x0000000415c00000, 0x0000000415fd7960, 0x0000000416000000| 96%| E|  |TS  0|AC  0|TAMS 0x0000000415c00000, 0x0000000415c00000|
| 249|0x0000000416000000, 0x0000000416400000, 0x0000000416400000|100%| E|CS|TS  0|AC  0|TAMS 0x0000000416000000, 0x0000000416000000|
| 250|0x0000000416400000, 0x0000000416800000, 0x0000000416800000|100%| E|CS|TS  0|AC  0|TAMS 0x0000000416400000, 0x0000000416400000|

Card table byte_map: [0x00007f964417c000,0x00007f96460be000] byte_map_base: 0x00007f96422be000

Marking Bits (Prev, Next): (CMBitMap*) 0x00007f970809e820, (CMBitMap*) 0x00007f970809e858
 Prev Bits: [0x00007f962e6ae000, 0x00007f963e0be000)
 Next Bits: [0x00007f961ec9e000, 0x00007f962e6ae000)

Polling page: 0x00007f9710024000

CodeHeap 'non-profiled nmethods': size=119172Kb used=152Kb max_used=152Kb free=119019Kb
 bounds [0x00007f96f56e2000, 0x00007f96f5952000, 0x00007f96fcb43000]
CodeHeap 'profiled nmethods': size=119172Kb used=350Kb max_used=350Kb free=118821Kb
 bounds [0x00007f96ee281000, 0x00007f96ee4f1000, 0x00007f96f56e2000]
CodeHeap 'non-nmethods': size=7416Kb used=2861Kb max_used=2861Kb free=4554Kb
 bounds [0x00007f96edb43000, 0x00007f96ede23000, 0x00007f96ee281000]
 total_blobs=641 nmethods=260 adapters=168
 compilation: enabled

Compilation events (10 events):
Event: 0.334 Thread 0x00007f97082b6800 nmethod 257 0x00007f96f56f6e90 code [0x00007f96f56f7020, 0x00007f96f56f70c8]
Event: 0.335 Thread 0x00007f97082b3000 nmethod 251 0x00007f96f56f7190 code [0x00007f96f56f7400, 0x00007f96f56f8868]
Event: 0.336 Thread 0x00007f97082ba000 nmethod 252 0x00007f96f56f9290 code [0x00007f96f56f9500, 0x00007f96f56fa628]
Event: 0.337 Thread 0x00007f97082ad000 nmethod 245 0x00007f96f56faf10 code [0x00007f96f56fb140, 0x00007f96f56fbfa8]
Event: 0.356 Thread 0x00007f97082b8000 nmethod 254 0x00007f96f56fc990 code [0x00007f96f56fcbc0, 0x00007f96f56fd988]
Event: 0.421 Thread 0x00007f97082b1000 nmethod 260 0x00007f96f56fe010 code [0x00007f96f56fe3c0, 0x00007f96f5701600]
Event: 0.421 Thread 0x00007f97082b6800  261       4       java.nio.Buffer::limit (74 bytes)
Event: 0.422 Thread 0x00007f97082b6800 nmethod 261 0x00007f96f5703210 code [0x00007f96f57033a0, 0x00007f96f5703498]
Event: 0.436 Thread 0x00007f97082b4800 nmethod 259 0x00007f96f5703590 code [0x00007f96f5703920, 0x00007f96f5706830]
Event: 0.481 Thread 0x00007f97082bb800  262 %     3       org.eclipse.core.runtime.adaptor.EclipseStarter::main @ 515 (1463 bytes)

GC Heap History (0 events):
No events

Deoptimization events (0 events):
No events

Classes redefined (0 events):
No events

Internal exceptions (0 events):
No events

Events (10 events):
Event: 0.292 Thread 0x00007f9708011800 DEOPT PACKING pc=0x00007f96ee2b5528 sp=0x00007f970e6cf4d0
Event: 0.292 Thread 0x00007f9708011800 DEOPT UNPACKING pc=0x00007f96edb90aab sp=0x00007f970e6ce968 mode 0
Event: 0.292 Thread 0x00007f9708011800 DEOPT PACKING pc=0x00007f96ee2b5528 sp=0x00007f970e6cf4d0
Event: 0.292 Thread 0x00007f9708011800 DEOPT UNPACKING pc=0x00007f96edb90aab sp=0x00007f970e6ce968 mode 0
Event: 0.292 Thread 0x00007f9708011800 DEOPT PACKING pc=0x00007f96ee2b5528 sp=0x00007f970e6cf4d0
Event: 0.292 Thread 0x00007f9708011800 DEOPT UNPACKING pc=0x00007f96edb90aab sp=0x00007f970e6ce968 mode 0
Event: 0.293 Thread 0x00007f9708011800 DEOPT PACKING pc=0x00007f96ee2b5528 sp=0x00007f970e6cf4d0
Event: 0.293 Thread 0x00007f9708011800 DEOPT UNPACKING pc=0x00007f96edb90aab sp=0x00007f970e6ce968 mode 0
Event: 0.293 Thread 0x00007f9708011800 DEOPT PACKING pc=0x00007f96ee2b5528 sp=0x00007f970e6cf4d0
Event: 0.293 Thread 0x00007f9708011800 DEOPT UNPACKING pc=0x00007f96edb90aab sp=0x00007f970e6ce968 mode 0


Dynamic libraries:
00400000-00401000 r-xp 00000000 00:65 77077150                           /root/oracle/jdk-9.0.4/bin/java
00600000-00601000 rw-p 00000000 00:65 77077150                           /root/oracle/jdk-9.0.4/bin/java
01388000-013a9000 rw-p 00000000 00:00 0                                  [heap]
3d7c00000-416800000 rw-p 00000000 00:00 0 
416800000-7c0000000 ---p 00000000 00:00 0 
7c0000000-7c0080000 rw-p 00000000 00:00 0 
7c0080000-800000000 ---p 00000000 00:00 0 
7f95ac000000-7f95ac021000 rw-p 00000000 00:00 0 
7f95ac021000-7f95b0000000 ---p 00000000 00:00 0 
7f95b4000000-7f95b4021000 rw-p 00000000 00:00 0 
7f95b4021000-7f95b8000000 ---p 00000000 00:00 0 
7f95b8000000-7f95b8021000 rw-p 00000000 00:00 0 
7f95b8021000-7f95bc000000 ---p 00000000 00:00 0 
7f95bc000000-7f95bc04b000 rw-p 00000000 00:00 0 
7f95bc04b000-7f95c0000000 ---p 00000000 00:00 0 
7f95c0000000-7f95c0021000 rw-p 00000000 00:00 0 
7f95c0021000-7f95c4000000 ---p 00000000 00:00 0 
7f95c4000000-7f95c4053000 rw-p 00000000 00:00 0 
7f95c4053000-7f95c8000000 ---p 00000000 00:00 0 
7f95c8000000-7f95c8021000 rw-p 00000000 00:00 0 
7f95c8021000-7f95cc000000 ---p 00000000 00:00 0 
7f95cc000000-7f95cc1d2000 rw-p 00000000 00:00 0 
7f95cc1d2000-7f95d0000000 ---p 00000000 00:00 0 
7f95d0000000-7f95d002b000 rw-p 00000000 00:00 0 
7f95d002b000-7f95d4000000 ---p 00000000 00:00 0 
7f95d4000000-7f95d41ae000 rw-p 00000000 00:00 0 
7f95d41ae000-7f95d8000000 ---p 00000000 00:00 0 
7f95d8000000-7f95d816f000 rw-p 00000000 00:00 0 
7f95d816f000-7f95dc000000 ---p 00000000 00:00 0 
7f95dc000000-7f95dc310000 rw-p 00000000 00:00 0 
7f95dc310000-7f95e0000000 ---p 00000000 00:00 0 
7f95e0000000-7f95e04d9000 rw-p 00000000 00:00 0 
7f95e04d9000-7f95e4000000 ---p 00000000 00:00 0 
7f95e4000000-7f95e45e0000 rw-p 00000000 00:00 0 
7f95e45e0000-7f95e8000000 ---p 00000000 00:00 0 
7f95e8000000-7f95e83bb000 rw-p 00000000 00:00 0 
7f95e83bb000-7f95ec000000 ---p 00000000 00:00 0 
7f95ec000000-7f95ec021000 rw-p 00000000 00:00 0 
7f95ec021000-7f95f0000000 ---p 00000000 00:00 0 
7f95f0000000-7f95f012a000 rw-p 00000000 00:00 0 
7f95f012a000-7f95f4000000 ---p 00000000 00:00 0 
7f95f4000000-7f95f4021000 rw-p 00000000 00:00 0 
7f95f4021000-7f95f8000000 ---p 00000000 00:00 0 
7f95f8000000-7f95f8021000 rw-p 00000000 00:00 0 
7f95f8021000-7f95fc000000 ---p 00000000 00:00 0 
7f95fc000000-7f95fc021000 rw-p 00000000 00:00 0 
7f95fc021000-7f9600000000 ---p 00000000 00:00 0 
7f9600000000-7f9600021000 rw-p 00000000 00:00 0 
7f9600021000-7f9604000000 ---p 00000000 00:00 0 
7f9605f99000-7f96062c7000 rw-p 00000000 00:00 0 
7f96063c7000-7f96063c8000 ---p 00000000 00:00 0 
7f96063c8000-7f96064c9000 rw-p 00000000 00:00 0 
7f96064c9000-7f96064cd000 ---p 00000000 00:00 0 
7f96064cd000-7f96065ca000 rw-p 00000000 00:00 0 
7f96065ca000-7f96065ce000 ---p 00000000 00:00 0 
7f96065ce000-7f96066cb000 rw-p 00000000 00:00 0 
7f96066cb000-7f96066e1000 r-xp 00000000 00:65 77077477                   /root/oracle/jdk-9.0.4/lib/libnet.so
7f96066e1000-7f96068e1000 ---p 00016000 00:65 77077477                   /root/oracle/jdk-9.0.4/lib/libnet.so
7f96068e1000-7f96068e2000 rw-p 00016000 00:65 77077477                   /root/oracle/jdk-9.0.4/lib/libnet.so
7f96068e2000-7f96068f2000 r-xp 00000000 00:65 77077594                   /root/oracle/jdk-9.0.4/lib/libnio.so
7f96068f2000-7f9606af2000 ---p 00010000 00:65 77077594                   /root/oracle/jdk-9.0.4/lib/libnio.so
7f9606af2000-7f9606af3000 rw-p 00010000 00:65 77077594                   /root/oracle/jdk-9.0.4/lib/libnio.so
7f9606af3000-7f9606af7000 ---p 00000000 00:00 0 
7f9606af7000-7f9606bf4000 rw-p 00000000 00:00 0 
7f9606bf4000-7f9606bf8000 ---p 00000000 00:00 0 
7f9606bf8000-7f9606cf5000 rw-p 00000000 00:00 0 
7f9606cf5000-7f9606cf9000 ---p 00000000 00:00 0 
7f9606cf9000-7f9606df6000 rw-p 00000000 00:00 0 
7f9606df6000-7f9606dfa000 ---p 00000000 00:00 0 
7f9606dfa000-7f9606ef7000 rw-p 00000000 00:00 0 
7f9606ef7000-7f9606efb000 ---p 00000000 00:00 0 
7f9606efb000-7f9606ff8000 rw-p 00000000 00:00 0 
7f9606ff8000-7f9606ffc000 ---p 00000000 00:00 0 
7f9606ffc000-7f96070f9000 rw-p 00000000 00:00 0 
7f96070f9000-7f96070fd000 ---p 00000000 00:00 0 
7f96070fd000-7f96071fa000 rw-p 00000000 00:00 0 
7f96071fa000-7f96071fe000 ---p 00000000 00:00 0 
7f96071fe000-7f96072fb000 rw-p 00000000 00:00 0 
7f96072fb000-7f96072ff000 ---p 00000000 00:00 0 
7f96072ff000-7f96073fc000 rw-p 00000000 00:00 0 
7f96073fc000-7f9607400000 ---p 00000000 00:00 0 
7f9607400000-7f96074fd000 rw-p 00000000 00:00 0 
7f96074fd000-7f9607501000 ---p 00000000 00:00 0 
7f9607501000-7f96075fe000 rw-p 00000000 00:00 0 
7f96075fe000-7f9607602000 ---p 00000000 00:00 0 
7f9607602000-7f96076ff000 rw-p 00000000 00:00 0 
7f96076ff000-7f9607703000 ---p 00000000 00:00 0 
7f9607703000-7f9607c40000 rw-p 00000000 00:00 0 
7f9607c40000-7f9608000000 ---p 00000000 00:00 0 
7f9608000000-7f9608021000 rw-p 00000000 00:00 0 
7f9608021000-7f960c000000 ---p 00000000 00:00 0 
7f960c000000-7f960c021000 rw-p 00000000 00:00 0 
7f960c021000-7f9610000000 ---p 00000000 00:00 0 
7f9610000000-7f9610021000 rw-p 00000000 00:00 0 
7f9610021000-7f9614000000 ---p 00000000 00:00 0 
7f9614000000-7f9614021000 rw-p 00000000 00:00 0 
7f9614021000-7f9618000000 ---p 00000000 00:00 0 
7f9618000000-7f9618021000 rw-p 00000000 00:00 0 
7f9618021000-7f961c000000 ---p 00000000 00:00 0 
7f961c091000-7f961c095000 ---p 00000000 00:00 0 
7f961c095000-7f961c192000 rw-p 00000000 00:00 0 
7f961c192000-7f961c196000 ---p 00000000 00:00 0 
7f961c196000-7f961c293000 rw-p 00000000 00:00 0 
7f961c293000-7f961c297000 ---p 00000000 00:00 0 
7f961c297000-7f961c394000 rw-p 00000000 00:00 0 
7f961c394000-7f961c395000 ---p 00000000 00:00 0 
7f961c395000-7f961cc9e000 rw-p 00000000 00:00 0 
7f961cc9e000-7f961ec9e000 rwxp 00000000 00:00 0 
7f961ec9e000-7f961fc4e000 rw-p 00000000 00:00 0 
7f961fc4e000-7f962e6ae000 ---p 00000000 00:00 0 
7f962e6ae000-7f962f65e000 rw-p 00000000 00:00 0 
7f962f65e000-7f963e0be000 ---p 00000000 00:00 0 
7f963e0be000-7f963e2b4000 rw-p 00000000 00:00 0 
7f963e2b4000-7f9640000000 ---p 00000000 00:00 0 
7f9640000000-7f9640021000 rw-p 00000000 00:00 0 
7f9640021000-7f9644000000 ---p 00000000 00:00 0 
7f9644005000-7f9644372000 rw-p 00000000 00:00 0 
7f9644372000-7f9648000000 ---p 00000000 00:00 0 
7f9648000000-7f9648021000 rw-p 00000000 00:00 0 
7f9648021000-7f964c000000 ---p 00000000 00:00 0 
7f964c000000-7f964c021000 rw-p 00000000 00:00 0 
7f964c021000-7f9650000000 ---p 00000000 00:00 0 
7f9650000000-7f9650021000 rw-p 00000000 00:00 0 
7f9650021000-7f9654000000 ---p 00000000 00:00 0 
7f9654000000-7f9654021000 rw-p 00000000 00:00 0 
7f9654021000-7f9658000000 ---p 00000000 00:00 0 
7f9658000000-7f9658021000 rw-p 00000000 00:00 0 
7f9658021000-7f965c000000 ---p 00000000 00:00 0 
7f965c000000-7f965c021000 rw-p 00000000 00:00 0 
7f965c021000-7f9660000000 ---p 00000000 00:00 0 
7f9660000000-7f9660021000 rw-p 00000000 00:00 0 
7f9660021000-7f9664000000 ---p 00000000 00:00 0 
7f9664000000-7f9664021000 rw-p 00000000 00:00 0 
7f9664021000-7f9668000000 ---p 00000000 00:00 0 
7f9668000000-7f9668021000 rw-p 00000000 00:00 0 
7f9668021000-7f966c000000 ---p 00000000 00:00 0 
7f966c04d000-7f966cbb3000 rw-p 00000000 00:00 0 
7f966cbb3000-7f966cbb4000 ---p 00000000 00:00 0 
7f966cbb4000-7f966ccb5000 rw-p 00000000 00:00 0 
7f966ccb5000-7f966ccb6000 ---p 00000000 00:00 0 
7f966ccb6000-7f966cdb7000 rw-p 00000000 00:00 0 
7f966cdb7000-7f966cdb8000 ---p 00000000 00:00 0 
7f966cdb8000-7f966ceb9000 rw-p 00000000 00:00 0 
7f966ceb9000-7f966ceba000 ---p 00000000 00:00 0 
7f966ceba000-7f966cfbb000 rw-p 00000000 00:00 0 
7f966cfbb000-7f966cfbc000 ---p 00000000 00:00 0 
7f966cfbc000-7f966d0bd000 rw-p 00000000 00:00 0 
7f966d0bd000-7f966d0be000 ---p 00000000 00:00 0 
7f966d0be000-7f966d8a0000 rw-p 00000000 00:00 0 
7f966d8a0000-7f966f5ec000 ---p 00000000 00:00 0 
7f966f5ec000-7f966f5ed000 ---p 00000000 00:00 0 
7f966f5ed000-7f966f6ee000 rw-p 00000000 00:00 0 
7f966f6ee000-7f966f6ef000 ---p 00000000 00:00 0 
7f966f6ef000-7f966f7f0000 rw-p 00000000 00:00 0 
7f966f7f0000-7f966f7f1000 ---p 00000000 00:00 0 
7f966f7f1000-7f966f8f2000 rw-p 00000000 00:00 0 
7f966f8f2000-7f966f8f3000 ---p 00000000 00:00 0 
7f966f8f3000-7f966f9f4000 rw-p 00000000 00:00 0 
7f966f9f4000-7f966f9f5000 ---p 00000000 00:00 0 
7f966f9f5000-7f966faf6000 rw-p 00000000 00:00 0 
7f966faf6000-7f966faf7000 ---p 00000000 00:00 0 
7f966faf7000-7f966fbf8000 rw-p 00000000 00:00 0 
7f966fbf8000-7f966fbf9000 ---p 00000000 00:00 0 
7f966fbf9000-7f966fcfa000 rw-p 00000000 00:00 0 
7f966fcfa000-7f966fcfb000 ---p 00000000 00:00 0 
7f966fcfb000-7f966fdfc000 rw-p 00000000 00:00 0 
7f966fdfc000-7f966fdfd000 ---p 00000000 00:00 0 
7f966fdfd000-7f966fefe000 rw-p 00000000 00:00 0 
7f966fefe000-7f966feff000 ---p 00000000 00:00 0 
7f966feff000-7f9670000000 rw-p 00000000 00:00 0 
7f9670000000-7f9670021000 rw-p 00000000 00:00 0 
7f9670021000-7f9674000000 ---p 00000000 00:00 0 
7f9674000000-7f9674021000 rw-p 00000000 00:00 0 
7f9674021000-7f9678000000 ---p 00000000 00:00 0 
7f9678000000-7f9678021000 rw-p 00000000 00:00 0 
7f9678021000-7f967c000000 ---p 00000000 00:00 0 
7f967c000000-7f967c021000 rw-p 00000000 00:00 0 
7f967c021000-7f9680000000 ---p 00000000 00:00 0 
7f9680000000-7f9680021000 rw-p 00000000 00:00 0 
7f9680021000-7f9684000000 ---p 00000000 00:00 0 
7f9684000000-7f9684021000 rw-p 00000000 00:00 0 
7f9684021000-7f9688000000 ---p 00000000 00:00 0 
7f9688000000-7f9688021000 rw-p 00000000 00:00 0 
7f9688021000-7f968c000000 ---p 00000000 00:00 0 
7f968c000000-7f968c021000 rw-p 00000000 00:00 0 
7f968c021000-7f9690000000 ---p 00000000 00:00 0 
7f9690000000-7f9690021000 rw-p 00000000 00:00 0 
7f9690021000-7f9694000000 ---p 00000000 00:00 0 
7f9694000000-7f9694021000 rw-p 00000000 00:00 0 
7f9694021000-7f9698000000 ---p 00000000 00:00 0 
7f9698000000-7f9698021000 rw-p 00000000 00:00 0 
7f9698021000-7f969c000000 ---p 00000000 00:00 0 
7f969c000000-7f969c021000 rw-p 00000000 00:00 0 
7f969c021000-7f96a0000000 ---p 00000000 00:00 0 
7f96a0000000-7f96a0021000 rw-p 00000000 00:00 0 
7f96a0021000-7f96a4000000 ---p 00000000 00:00 0 
7f96a4000000-7f96a4021000 rw-p 00000000 00:00 0 
7f96a4021000-7f96a8000000 ---p 00000000 00:00 0 
7f96a8000000-7f96a8021000 rw-p 00000000 00:00 0 
7f96a8021000-7f96ac000000 ---p 00000000 00:00 0 
7f96ac000000-7f96ac021000 rw-p 00000000 00:00 0 
7f96ac021000-7f96b0000000 ---p 00000000 00:00 0 
7f96b0000000-7f96b0021000 rw-p 00000000 00:00 0 
7f96b0021000-7f96b4000000 ---p 00000000 00:00 0 
7f96b4000000-7f96b4021000 rw-p 00000000 00:00 0 
7f96b4021000-7f96b8000000 ---p 00000000 00:00 0 
7f96b8000000-7f96b8021000 rw-p 00000000 00:00 0 
7f96b8021000-7f96bc000000 ---p 00000000 00:00 0 
7f96bc000000-7f96bc021000 rw-p 00000000 00:00 0 
7f96bc021000-7f96c0000000 ---p 00000000 00:00 0 
7f96c0000000-7f96c0021000 rw-p 00000000 00:00 0 
7f96c0021000-7f96c4000000 ---p 00000000 00:00 0 
7f96c4000000-7f96c4021000 rw-p 00000000 00:00 0 
7f96c4021000-7f96c8000000 ---p 00000000 00:00 0 
7f96c8000000-7f96c8021000 rw-p 00000000 00:00 0 
7f96c8021000-7f96cc000000 ---p 00000000 00:00 0 
7f96cc000000-7f96cc021000 rw-p 00000000 00:00 0 
7f96cc021000-7f96d0000000 ---p 00000000 00:00 0 
7f96d0000000-7f96d0021000 rw-p 00000000 00:00 0 
7f96d0021000-7f96d4000000 ---p 00000000 00:00 0 
7f96d4000000-7f96d4021000 rw-p 00000000 00:00 0 
7f96d4021000-7f96d8000000 ---p 00000000 00:00 0 
7f96d8000000-7f96d8021000 rw-p 00000000 00:00 0 
7f96d8021000-7f96dc000000 ---p 00000000 00:00 0 
7f96dc000000-7f96dc021000 rw-p 00000000 00:00 0 
7f96dc021000-7f96e0000000 ---p 00000000 00:00 0 
7f96e0000000-7f96e0021000 rw-p 00000000 00:00 0 
7f96e0021000-7f96e4000000 ---p 00000000 00:00 0 
7f96e4000000-7f96e4021000 rw-p 00000000 00:00 0 
7f96e4021000-7f96e8000000 ---p 00000000 00:00 0 
7f96e8000000-7f96e8021000 rw-p 00000000 00:00 0 
7f96e8021000-7f96ec000000 ---p 00000000 00:00 0 
7f96ec01d000-7f96ec01e000 ---p 00000000 00:00 0 
7f96ec01e000-7f96ec11f000 rw-p 00000000 00:00 0 
7f96ec11f000-7f96ec120000 ---p 00000000 00:00 0 
7f96ec120000-7f96ec221000 rw-p 00000000 00:00 0 
7f96ec221000-7f96ec222000 ---p 00000000 00:00 0 
7f96ec222000-7f96ec323000 rw-p 00000000 00:00 0 
7f96ec323000-7f96ec324000 ---p 00000000 00:00 0 
7f96ec324000-7f96ec425000 rw-p 00000000 00:00 0 
7f96ec425000-7f96ec426000 ---p 00000000 00:00 0 
7f96ec426000-7f96ec527000 rw-p 00000000 00:00 0 
7f96ec527000-7f96ec528000 ---p 00000000 00:00 0 
7f96ec528000-7f96ec629000 rw-p 00000000 00:00 0 
7f96ec629000-7f96ec62a000 ---p 00000000 00:00 0 
7f96ec62a000-7f96ec72b000 rw-p 00000000 00:00 0 
7f96ec72b000-7f96ec72c000 ---p 00000000 00:00 0 
7f96ec72c000-7f96ec82d000 rw-p 00000000 00:00 0 
7f96ec82d000-7f96ec82e000 ---p 00000000 00:00 0 
7f96ec82e000-7f96ec92f000 rw-p 00000000 00:00 0 
7f96ec92f000-7f96ec930000 ---p 00000000 00:00 0 
7f96ec930000-7f96eca31000 rw-p 00000000 00:00 0 
7f96eca31000-7f96eca32000 ---p 00000000 00:00 0 
7f96eca32000-7f96edb43000 rw-p 00000000 00:00 0 
7f96edb43000-7f96ede23000 rwxp 00000000 00:00 0 
7f96ede23000-7f96ee281000 ---p 00000000 00:00 0 
7f96ee281000-7f96ee4f1000 rwxp 00000000 00:00 0 
7f96ee4f1000-7f96f56e2000 ---p 00000000 00:00 0 
7f96f56e2000-7f96f5952000 rwxp 00000000 00:00 0 
7f96f5952000-7f96fcb43000 ---p 00000000 00:00 0 
7f96fcb43000-7f9708000000 r--s 00000000 00:65 77077560                   /root/oracle/jdk-9.0.4/lib/modules
7f9708000000-7f9708450000 rw-p 00000000 00:00 0 
7f9708450000-7f970c000000 ---p 00000000 00:00 0 
7f970c029000-7f970c504000 rw-p 00000000 00:00 0 
7f970c504000-7f970c505000 ---p 00000000 00:00 0 
7f970c505000-7f970c606000 rw-p 00000000 00:00 0 
7f970c606000-7f970c607000 ---p 00000000 00:00 0 
7f970c607000-7f970c708000 rw-p 00000000 00:00 0 
7f970c708000-7f970c709000 ---p 00000000 00:00 0 
7f970c709000-7f970c80a000 rw-p 00000000 00:00 0 
7f970c80a000-7f970c80b000 ---p 00000000 00:00 0 
7f970c80b000-7f970c90c000 rw-p 00000000 00:00 0 
7f970c90c000-7f970c90d000 ---p 00000000 00:00 0 
7f970c90d000-7f970ca0e000 rw-p 00000000 00:00 0 
7f970ca0e000-7f970ca0f000 ---p 00000000 00:00 0 
7f970ca0f000-7f970cb10000 rw-p 00000000 00:00 0 
7f970cb10000-7f970cb11000 ---p 00000000 00:00 0 
7f970cb11000-7f970cc12000 rw-p 00000000 00:00 0 
7f970cc12000-7f970cc13000 ---p 00000000 00:00 0 
7f970cc13000-7f970cd14000 rw-p 00000000 00:00 0 
7f970cd14000-7f970cd15000 ---p 00000000 00:00 0 
7f970cd15000-7f970ce16000 rw-p 00000000 00:00 0 
7f970ce16000-7f970ce17000 ---p 00000000 00:00 0 
7f970ce17000-7f970cf18000 rw-p 00000000 00:00 0 
7f970cf18000-7f970cf19000 ---p 00000000 00:00 0 
7f970cf19000-7f970d01a000 rw-p 00000000 00:00 0 
7f970d01a000-7f970d01b000 ---p 00000000 00:00 0 
7f970d01b000-7f970d11c000 rw-p 00000000 00:00 0 
7f970d11c000-7f970d11d000 ---p 00000000 00:00 0 
7f970d11d000-7f970d21e000 rw-p 00000000 00:00 0 
7f970d21e000-7f970d21f000 ---p 00000000 00:00 0 
7f970d21f000-7f970d320000 rw-p 00000000 00:00 0 
7f970d320000-7f970d321000 ---p 00000000 00:00 0 
7f970d321000-7f970d422000 rw-p 00000000 00:00 0 
7f970d422000-7f970d423000 ---p 00000000 00:00 0 
7f970d423000-7f970d524000 rw-p 00000000 00:00 0 
7f970d524000-7f970d525000 ---p 00000000 00:00 0 
7f970d525000-7f970d626000 rw-p 00000000 00:00 0 
7f970d626000-7f970d627000 ---p 00000000 00:00 0 
7f970d627000-7f970d728000 rw-p 00000000 00:00 0 
7f970d728000-7f970d729000 ---p 00000000 00:00 0 
7f970d729000-7f970d82a000 rw-p 00000000 00:00 0 
7f970d82a000-7f970d82b000 ---p 00000000 00:00 0 
7f970d82b000-7f970d931000 rw-p 00000000 00:00 0 
7f970d931000-7f970da15000 ---p 00000000 00:00 0 
7f970da15000-7f970da1a000 rw-p 00000000 00:00 0 
7f970da1a000-7f970dafe000 ---p 00000000 00:00 0 
7f970dafe000-7f970db04000 rw-p 00000000 00:00 0 
7f970db04000-7f970db0d000 ---p 00000000 00:00 0 
7f970db0d000-7f970db5d000 rw-p 00000000 00:00 0 
7f970db5d000-7f970dd3a000 r--s 03e31000 00:65 101727669                  /usr/local/java/jdk1.8.0_301/jre/lib/rt.jar
7f970dd3a000-7f970dd54000 r-xp 00000000 00:65 77077435                   /root/oracle/jdk-9.0.4/lib/libjimage.so
7f970dd54000-7f970df53000 ---p 0001a000 00:65 77077435                   /root/oracle/jdk-9.0.4/lib/libjimage.so
7f970df53000-7f970df55000 rw-p 00019000 00:65 77077435                   /root/oracle/jdk-9.0.4/lib/libjimage.so
7f970df55000-7f970df67000 rw-p 00000000 00:00 0 
7f970df67000-7f970df6e000 r-xp 00000000 00:65 77083131                   /root/oracle/jdk-9.0.4/lib/libzip.so
7f970df6e000-7f970e16d000 ---p 00007000 00:65 77083131                   /root/oracle/jdk-9.0.4/lib/libzip.so
7f970e16d000-7f970e16e000 rw-p 00006000 00:65 77083131                   /root/oracle/jdk-9.0.4/lib/libzip.so
7f970e16e000-7f970e171000 r--p 00000000 00:65 165034530                  /usr/lib/x86_64-linux-gnu/libnss_files-2.31.so
7f970e171000-7f970e178000 r-xp 00003000 00:65 165034530                  /usr/lib/x86_64-linux-gnu/libnss_files-2.31.so
7f970e178000-7f970e17a000 r--p 0000a000 00:65 165034530                  /usr/lib/x86_64-linux-gnu/libnss_files-2.31.so
7f970e17a000-7f970e17b000 r--p 0000b000 00:65 165034530                  /usr/lib/x86_64-linux-gnu/libnss_files-2.31.so
7f970e17b000-7f970e17c000 rw-p 0000c000 00:65 165034530                  /usr/lib/x86_64-linux-gnu/libnss_files-2.31.so
7f970e17c000-7f970e182000 rw-p 00000000 00:00 0 
7f970e18a000-7f970e18b000 rw-p 00000000 00:00 0 
7f970e18b000-7f970e1b6000 r-xp 00000000 00:65 77077470                   /root/oracle/jdk-9.0.4/lib/libjava.so
7f970e1b6000-7f970e3b5000 ---p 0002b000 00:65 77077470                   /root/oracle/jdk-9.0.4/lib/libjava.so
7f970e3b5000-7f970e3b7000 rw-p 0002a000 00:65 77077470                   /root/oracle/jdk-9.0.4/lib/libjava.so
7f970e3b7000-7f970e3c4000 r-xp 00000000 00:65 77077494                   /root/oracle/jdk-9.0.4/lib/libverify.so
7f970e3c4000-7f970e5c3000 ---p 0000d000 00:65 77077494                   /root/oracle/jdk-9.0.4/lib/libverify.so
7f970e5c3000-7f970e5c5000 rw-p 0000c000 00:65 77077494                   /root/oracle/jdk-9.0.4/lib/libverify.so
7f970e5c5000-7f970e5c8000 r--p 00000000 00:65 165034636                  /usr/lib/x86_64-linux-gnu/librt-2.31.so
7f970e5c8000-7f970e5cc000 r-xp 00003000 00:65 165034636                  /usr/lib/x86_64-linux-gnu/librt-2.31.so
7f970e5cc000-7f970e5cd000 r--p 00007000 00:65 165034636                  /usr/lib/x86_64-linux-gnu/librt-2.31.so
7f970e5cd000-7f970e5ce000 ---p 00008000 00:65 165034636                  /usr/lib/x86_64-linux-gnu/librt-2.31.so
7f970e5ce000-7f970e5cf000 r--p 00008000 00:65 165034636                  /usr/lib/x86_64-linux-gnu/librt-2.31.so
7f970e5cf000-7f970e5d0000 rw-p 00009000 00:65 165034636                  /usr/lib/x86_64-linux-gnu/librt-2.31.so
7f970e5d0000-7f970e5d1000 ---p 00000000 00:00 0 
7f970e5d1000-7f970e5d2000 rw-p 00000000 00:00 0 
7f970e5d2000-7f970e5d6000 ---p 00000000 00:00 0 
7f970e5d6000-7f970e6d1000 rw-p 00000000 00:00 0 
7f970e6d1000-7f970e6e0000 r--p 00000000 00:65 165034468                  /usr/lib/x86_64-linux-gnu/libm-2.31.so
7f970e6e0000-7f970e787000 r-xp 0000f000 00:65 165034468                  /usr/lib/x86_64-linux-gnu/libm-2.31.so
7f970e787000-7f970e81e000 r--p 000b6000 00:65 165034468                  /usr/lib/x86_64-linux-gnu/libm-2.31.so
7f970e81e000-7f970e81f000 r--p 0014c000 00:65 165034468                  /usr/lib/x86_64-linux-gnu/libm-2.31.so
7f970e81f000-7f970e820000 rw-p 0014d000 00:65 165034468                  /usr/lib/x86_64-linux-gnu/libm-2.31.so
7f970e820000-7f970f835000 r-xp 00000000 00:65 77083135                   /root/oracle/jdk-9.0.4/lib/server/libjvm.so
7f970f835000-7f970fa34000 ---p 01015000 00:65 77083135                   /root/oracle/jdk-9.0.4/lib/server/libjvm.so
7f970fa34000-7f970fb05000 r--p 01014000 00:65 77083135                   /root/oracle/jdk-9.0.4/lib/server/libjvm.so
7f970fb05000-7f970fb3c000 rw-p 010e5000 00:65 77083135                   /root/oracle/jdk-9.0.4/lib/server/libjvm.so
7f970fb3c000-7f970fba7000 rw-p 00000000 00:00 0 
7f970fba7000-7f970fbcc000 r--p 00000000 00:65 165034165                  /usr/lib/x86_64-linux-gnu/libc-2.31.so
7f970fbcc000-7f970fd44000 r-xp 00025000 00:65 165034165                  /usr/lib/x86_64-linux-gnu/libc-2.31.so
7f970fd44000-7f970fd8e000 r--p 0019d000 00:65 165034165                  /usr/lib/x86_64-linux-gnu/libc-2.31.so
7f970fd8e000-7f970fd8f000 ---p 001e7000 00:65 165034165                  /usr/lib/x86_64-linux-gnu/libc-2.31.so
7f970fd8f000-7f970fd92000 r--p 001e7000 00:65 165034165                  /usr/lib/x86_64-linux-gnu/libc-2.31.so
7f970fd92000-7f970fd95000 rw-p 001ea000 00:65 165034165                  /usr/lib/x86_64-linux-gnu/libc-2.31.so
7f970fd95000-7f970fd99000 rw-p 00000000 00:00 0 
7f970fd99000-7f970fd9a000 r--p 00000000 00:65 165034236                  /usr/lib/x86_64-linux-gnu/libdl-2.31.so
7f970fd9a000-7f970fd9c000 r-xp 00001000 00:65 165034236                  /usr/lib/x86_64-linux-gnu/libdl-2.31.so
7f970fd9c000-7f970fd9d000 r--p 00003000 00:65 165034236                  /usr/lib/x86_64-linux-gnu/libdl-2.31.so
7f970fd9d000-7f970fd9e000 r--p 00003000 00:65 165034236                  /usr/lib/x86_64-linux-gnu/libdl-2.31.so
7f970fd9e000-7f970fd9f000 rw-p 00004000 00:65 165034236                  /usr/lib/x86_64-linux-gnu/libdl-2.31.so
7f970fd9f000-7f970fdad000 r-xp 00000000 00:65 77083142                   /root/oracle/jdk-9.0.4/lib/jli/libjli.so
7f970fdad000-7f970ffad000 ---p 0000e000 00:65 77083142                   /root/oracle/jdk-9.0.4/lib/jli/libjli.so
7f970ffad000-7f970ffae000 rw-p 0000e000 00:65 77083142                   /root/oracle/jdk-9.0.4/lib/jli/libjli.so
7f970ffae000-7f970ffb5000 r--p 00000000 00:65 165034610                  /usr/lib/x86_64-linux-gnu/libpthread-2.31.so
7f970ffb5000-7f970ffc6000 r-xp 00007000 00:65 165034610                  /usr/lib/x86_64-linux-gnu/libpthread-2.31.so
7f970ffc6000-7f970ffcb000 r--p 00018000 00:65 165034610                  /usr/lib/x86_64-linux-gnu/libpthread-2.31.so
7f970ffcb000-7f970ffcc000 r--p 0001c000 00:65 165034610                  /usr/lib/x86_64-linux-gnu/libpthread-2.31.so
7f970ffcc000-7f970ffcd000 rw-p 0001d000 00:65 165034610                  /usr/lib/x86_64-linux-gnu/libpthread-2.31.so
7f970ffcd000-7f970ffd1000 rw-p 00000000 00:00 0 
7f970ffd1000-7f970ffd3000 r--p 00000000 00:65 165034796                  /usr/lib/x86_64-linux-gnu/libz.so.1.2.11
7f970ffd3000-7f970ffe4000 r-xp 00002000 00:65 165034796                  /usr/lib/x86_64-linux-gnu/libz.so.1.2.11
7f970ffe4000-7f970ffea000 r--p 00013000 00:65 165034796                  /usr/lib/x86_64-linux-gnu/libz.so.1.2.11
7f970ffea000-7f970ffeb000 ---p 00019000 00:65 165034796                  /usr/lib/x86_64-linux-gnu/libz.so.1.2.11
7f970ffeb000-7f970ffec000 r--p 00019000 00:65 165034796                  /usr/lib/x86_64-linux-gnu/libz.so.1.2.11
7f970ffec000-7f970ffed000 rw-p 0001a000 00:65 165034796                  /usr/lib/x86_64-linux-gnu/libz.so.1.2.11
7f970ffed000-7f970fff5000 rw-s 00000000 00:65 71965686                   /tmp/hsperfdata_root/28668
7f970fff5000-7f970fff8000 rw-p 00000000 00:00 0 
7f970fff8000-7f970fff9000 r--p 00000000 00:65 165033992                  /usr/lib/x86_64-linux-gnu/ld-2.31.so
7f970fff9000-7f971001c000 r-xp 00001000 00:65 165033992                  /usr/lib/x86_64-linux-gnu/ld-2.31.so
7f971001c000-7f9710024000 r--p 00024000 00:65 165033992                  /usr/lib/x86_64-linux-gnu/ld-2.31.so
7f9710024000-7f9710025000 r--p 00000000 00:00 0 
7f9710025000-7f9710026000 r--p 0002c000 00:65 165033992                  /usr/lib/x86_64-linux-gnu/ld-2.31.so
7f9710026000-7f9710027000 rw-p 0002d000 00:65 165033992                  /usr/lib/x86_64-linux-gnu/ld-2.31.so
7f9710027000-7f9710028000 rw-p 00000000 00:00 0 
7ffd50d28000-7ffd50d49000 rw-p 00000000 00:00 0                          [stack]
7ffd50dac000-7ffd50daf000 r--p 00000000 00:00 0                          [vvar]
7ffd50daf000-7ffd50db0000 r-xp 00000000 00:00 0                          [vdso]
ffffffffff600000-ffffffffff601000 --xp 00000000 00:00 0                  [vsyscall]

VM Arguments:
jvm_args: -Xbootclasspath/a:/usr/local/java/jdk1.8.0_301/jre/lib/rt.jar -Xverify:none 
java_command: org.eclipse.core.runtime.adaptor.EclipseStarter -debug
java_class_path (initial): ./sootOutput/eclipse/
Launcher Type: SUN_STANDARD

Logging:
Log output configuration:
#0: stdout all=warning uptime,level,tags
#1: stderr all=off uptime,level,tags

Environment Variables:
JAVA_HOME=/root/oracle/jdk-9.0.4
JRE_HOME=/root/oracle/jdk-9.0.4
CLASSPATH=.:/root/oracle/jdk-9.0.4/lib:/JVMfuzzing/htm/CFSynthesis/resource/commons-lang3-3.12.0/commons-lang3-3.12.0.jar
PATH=/root/oracle/jdk-9.0.4/bin:/root/.vscode-server/bin/da76f93349a72022ca4670c1b84860304616aaa2/bin/remote-cli:/root/oracle/jdk-9.0.4/bin:/usr/local/sbin:/usr/local/bin:/usr/sbin:/usr/bin:/sbin:/bin:/usr/games:/usr/local/games:/snap/bin
SHELL=/bin/bash

Signal Handlers:
SIGSEGV: [libjvm.so+0xd4d370], sa_mask[0]=11111111011111111101111111111110, sa_flags=SA_RESTART|SA_SIGINFO
SIGBUS: [libjvm.so+0xd4d370], sa_mask[0]=11111111011111111101111111111110, sa_flags=SA_RESTART|SA_SIGINFO
SIGFPE: [libjvm.so+0xd4d370], sa_mask[0]=11111111011111111101111111111110, sa_flags=SA_RESTART|SA_SIGINFO
SIGPIPE: [libjvm.so+0xb64780], sa_mask[0]=11111111011111111101111111111110, sa_flags=SA_RESTART|SA_SIGINFO
SIGXFSZ: [libjvm.so+0xb64780], sa_mask[0]=11111111011111111101111111111110, sa_flags=SA_RESTART|SA_SIGINFO
SIGILL: [libjvm.so+0xd4d370], sa_mask[0]=11111111011111111101111111111110, sa_flags=SA_RESTART|SA_SIGINFO
SIGUSR2: [libjvm.so+0xb64640], sa_mask[0]=00100000000000000000000000000000, sa_flags=SA_RESTART|SA_SIGINFO
SIGHUP: [libjvm.so+0xb64850], sa_mask[0]=11111111011111111101111111111110, sa_flags=SA_RESTART|SA_SIGINFO
SIGINT: [libjvm.so+0xb64850], sa_mask[0]=11111111011111111101111111111110, sa_flags=SA_RESTART|SA_SIGINFO
SIGTERM: [libjvm.so+0xb64850], sa_mask[0]=11111111011111111101111111111110, sa_flags=SA_RESTART|SA_SIGINFO
SIGQUIT: [libjvm.so+0xb64850], sa_mask[0]=11111111011111111101111111111110, sa_flags=SA_RESTART|SA_SIGINFO


---------------  S Y S T E M  ---------------

OS:DISTRIB_ID=Ubuntu
DISTRIB_RELEASE=20.04
DISTRIB_CODENAME=focal
DISTRIB_DESCRIPTION="Ubuntu 20.04.3 LTS"
uname:Linux 5.4.0-124-generic #140~18.04.1-Ubuntu SMP Fri Aug 5 11:43:34 UTC 2022 x86_64
libc:glibc 2.31 NPTL 2.31 
rlimit: STACK 8192k, CORE infinity, NPROC infinity, NOFILE 1048576, AS infinity
load average:43.84 39.87 38.37

/proc/meminfo:
MemTotal:       65549624 kB
MemFree:        10844172 kB
MemAvailable:   37224108 kB
Buffers:         5871504 kB
Cached:          3349196 kB
SwapCached:         8092 kB
Active:         28734104 kB
Inactive:        6138512 kB
Active(anon):   21655720 kB
Inactive(anon):  4017412 kB
Active(file):    7078384 kB
Inactive(file):  2121100 kB
Unevictable:          16 kB
Mlocked:              16 kB
SwapTotal:       2097148 kB
SwapFree:              0 kB
Dirty:             34768 kB
Writeback:             0 kB
AnonPages:      25644444 kB
Mapped:           823840 kB
Shmem:             25608 kB
KReclaimable:   17912376 kB
Slab:           19082672 kB
SReclaimable:   17912376 kB
SUnreclaim:      1170296 kB
KernelStack:       79008 kB
PageTables:       235016 kB
NFS_Unstable:          0 kB
Bounce:                0 kB
WritebackTmp:          0 kB
CommitLimit:    34871960 kB
Committed_AS:   78971000 kB
VmallocTotal:   34359738367 kB
VmallocUsed:      161600 kB
VmallocChunk:          0 kB
Percpu:            32512 kB
HardwareCorrupted:     0 kB
AnonHugePages:         0 kB
ShmemHugePages:        0 kB
ShmemPmdMapped:        0 kB
FileHugePages:         0 kB
FilePmdMapped:         0 kB
CmaTotal:              0 kB
CmaFree:               0 kB
HugePages_Total:       0
HugePages_Free:        0
HugePages_Rsvd:        0
HugePages_Surp:        0
Hugepagesize:       2048 kB
Hugetlb:               0 kB
DirectMap4k:    15497632 kB
DirectMap2M:    51298304 kB
DirectMap1G:           0 kB


CPU:total 28 (initial active 28) (14 cores per cpu, 2 threads per core) family 6 model 85 stepping 4, cmov, cx8, fxsr, mmx, sse, sse2, sse3, ssse3, sse4.1, sse4.2, popcnt, avx, avx2, aes, clmul, erms, rtm, 3dnowpref, lzcnt, ht, tsc, tscinvbit, bmi1, bmi2, adx, fma
CPU Model and flags from /proc/cpuinfo:
model name	: Intel(R) Core(TM) i9-9940X CPU @ 3.30GHz
flags		: fpu vme de pse tsc msr pae mce cx8 apic sep mtrr pge mca cmov pat pse36 clflush dts acpi mmx fxsr sse sse2 ss ht tm pbe syscall nx pdpe1gb rdtscp lm constant_tsc art arch_perfmon pebs bts rep_good nopl xtopology nonstop_tsc cpuid aperfmperf pni pclmulqdq dtes64 monitor ds_cpl vmx est tm2 ssse3 sdbg fma cx16 xtpr pdcm pcid dca sse4_1 sse4_2 x2apic movbe popcnt tsc_deadline_timer aes xsave avx f16c rdrand lahf_lm abm 3dnowprefetch cpuid_fault epb cat_l3 cdp_l3 invpcid_single pti ssbd mba ibrs ibpb stibp tpr_shadow vnmi flexpriority ept vpid ept_ad fsgsbase tsc_adjust bmi1 hle avx2 smep bmi2 erms invpcid rtm cqm mpx rdt_a avx512f avx512dq rdseed adx smap clflushopt clwb intel_pt avx512cd avx512bw avx512vl xsaveopt xsavec xgetbv1 xsaves cqm_llc cqm_occup_llc cqm_mbm_total cqm_mbm_local dtherm ida arat pln pts hwp hwp_act_window hwp_epp hwp_pkg_req md_clear flush_l1d arch_capabilities

Memory: 4k page, physical 65549624k(10844172k free), swap 2097148k(0k free)

vm_info: Java HotSpot(TM) 64-Bit Server VM (9.0.4+11) for linux-amd64 JRE (9.0.4+11), built on Dec 19 2017 18:12:19 by "mach5one" with gcc 4.9.2

END.
