#
# A fatal error has been detected by the Java Runtime Environment:
#
#  SIGSEGV (0xb) at pc=0x00007fc0fef40b2c, pid=32473, tid=32537
#
# JRE version: Java(TM) SE Runtime Environment (9.0+11) (build 9.0.4+11)
# Java VM: Java HotSpot(TM) 64-Bit Server VM (9.0.4+11, mixed mode, tiered, compressed oops, g1 gc, linux-amd64)
# Problematic frame:
# V  [libjvm.so+0x48eb2c]  Canonicalizer::do_If(If*)+0x1c
#
# Core dump will be written. Default location: Core dumps may be processed with "/usr/share/apport/apport -p%p -s%s -c%c -d%d -P%P -u%u -g%g -- %E" (or dumping to /JVMfuzzing/zjy/classming/Fuzzing-Testing-of-JVM-Implementations/core.32473)
#
# If you would like to submit a bug report, please visit:
#   http://bugreport.java.com/bugreport/crash.jsp
#

---------------  S U M M A R Y ------------

Command Line: -Xbootclasspath/a:/usr/local/java/jdk1.8.0_301/jre/lib/rt.jar -Xverify:none org.eclipse.core.runtime.adaptor.EclipseStarter -debug

Host: Intel(R) Core(TM) i9-9940X CPU @ 3.30GHz, 28 cores, 62G, Ubuntu 20.04.3 LTS
Time: Thu Nov  3 09:06:22 2022 UTC elapsed time: 0 seconds (0d 0h 0m 0s)

---------------  T H R E A D  ---------------

Current thread (0x00007fc0f82c8800):  JavaThread "C1 CompilerThread10" daemon [_thread_in_native, id=32537, stack(0x00007fbff707a000,0x00007fbff717b000)]


Current CompileTask:
C1:    540  259 %     3       org.eclipse.core.runtime.adaptor.EclipseStarter::main @ 2740 (4449 bytes)

Stack: [0x00007fbff707a000,0x00007fbff717b000],  sp=0x00007fbff71790c0,  free space=1020k
Native frames: (J=compiled Java code, A=aot compiled Java code, j=interpreted, Vv=VM code, C=native code)
V  [libjvm.so+0x48eb2c]  Canonicalizer::do_If(If*)+0x1c
V  [libjvm.so+0x4a0452]  GraphBuilder::append_with_bci(Instruction*, int)+0x42
V  [libjvm.so+0x4a3526]  GraphBuilder::if_node(Instruction*, Instruction::Condition, Instruction*, ValueStack*)+0x2a6
V  [libjvm.so+0x4b137a]  GraphBuilder::iterate_bytecodes_for_block(int)+0x198a
V  [libjvm.so+0x4b1ad5]  GraphBuilder::iterate_all_blocks(bool)+0x85
V  [libjvm.so+0x4b1ec9]  GraphBuilder::GraphBuilder(Compilation*, IRScope*)+0x389
V  [libjvm.so+0x4b70a8]  IR::IR(Compilation*, ciMethod*, int)+0x1e8
V  [libjvm.so+0x497832]  Compilation::build_hir() [clone .part.93]+0x162
V  [libjvm.so+0x499633]  Compilation::compile_java_method()+0x3c3
V  [libjvm.so+0x4997af]  Compilation::compile_method()+0x12f
V  [libjvm.so+0x499c31]  Compilation::Compilation(AbstractCompiler*, ciEnv*, ciMethod*, int, BufferBlob*, DirectiveSet*)+0x271
V  [libjvm.so+0x49ac1e]  Compiler::compile_method(ciEnv*, ciMethod*, int, DirectiveSet*)+0xae
V  [libjvm.so+0x6125ac]  CompileBroker::invoke_compiler_on_method(CompileTask*)+0x41c
V  [libjvm.so+0x61344b]  CompileBroker::compiler_thread_loop()+0x28b
V  [libjvm.so+0xcef338]  JavaThread::thread_main_inner()+0xd8
V  [libjvm.so+0xb6e132]  thread_native_entry(Thread*)+0xf2
C  [libpthread.so.0+0x9609]  start_thread+0xd9


siginfo: si_signo: 11 (SIGSEGV), si_code: 1 (SEGV_MAPERR), si_addr: 0x0000000000000018

Register to memory mapping:

RAX=0x0000000000000000 is an unknown value
RBX=0x00007fbfc80dd690 is an unknown value
RCX=0x00007fbff7179800 is pointing into the stack for thread: 0x00007fc0f82c8800
RDX=0x00007fbfc80dd690 is an unknown value
RSP=0x00007fbff71790c0 is pointing into the stack for thread: 0x00007fc0f82c8800
RBP=0x00007fbff7179130 is pointing into the stack for thread: 0x00007fc0f82c8800
RSI=0x00007fbfc80dd690 is an unknown value
RDI=0x00007fbff7179160 is pointing into the stack for thread: 0x00007fc0f82c8800
R8 =0x00007fbfc80dcfb0 is an unknown value
R9 =0x0000000000000091 is an unknown value
R10=0x0000000000000020 is an unknown value
R11=0x0000000000000000 is an unknown value
R12=0x00007fbfc80dd730 is an unknown value
R13=0x00007fbff7179460 is pointing into the stack for thread: 0x00007fc0f82c8800
R14=0x00007fbfc80dd690 is an unknown value
R15=0x00007fbfc80dd730 is an unknown value


Registers:
RAX=0x0000000000000000, RBX=0x00007fbfc80dd690, RCX=0x00007fbff7179800, RDX=0x00007fbfc80dd690
RSP=0x00007fbff71790c0, RBP=0x00007fbff7179130, RSI=0x00007fbfc80dd690, RDI=0x00007fbff7179160
R8 =0x00007fbfc80dcfb0, R9 =0x0000000000000091, R10=0x0000000000000020, R11=0x0000000000000000
R12=0x00007fbfc80dd730, R13=0x00007fbff7179460, R14=0x00007fbfc80dd690, R15=0x00007fbfc80dd730
RIP=0x00007fc0fef40b2c, EFLAGS=0x0000000000010206, CSGSFS=0x002b000000000033, ERR=0x0000000000000004
  TRAPNO=0x000000000000000e

Top of Stack: (sp=0x00007fbff71790c0)
0x00007fbff71790c0:   00007fbff7179140 00007fc0feeb67a1
0x00007fbff71790d0:   00007fbfd02116c8 00007fbfd0211688
0x00007fbff71790e0:   00007fbff7179110 00007fc0fef6d69f
0x00007fbff71790f0:   00007fbfc0040ca0 00007fbff7179160 

Instructions: (pc=0x00007fc0fef40b2c)
0x00007fc0fef40b0c:   ff 90 66 90 55 48 89 e5 41 57 41 56 41 55 41 54
0x00007fc0fef40b1c:   53 48 89 f3 48 83 ec 48 48 8b 46 70 48 89 7d c8
0x00007fc0fef40b2c:   48 8b 78 18 48 8b 07 ff 50 18 84 c0 0f 85 a2 00
0x00007fc0fef40b3c:   00 00 4c 8b 63 70 48 8b 83 80 00 00 00 49 39 c4 


---------------  P R O C E S S  ---------------

Java Threads: ( => current thread )
  0x00007fc0f835a000 JavaThread "Service Thread" daemon [_thread_blocked, id=32547, stack(0x00007fbff681d000,0x00007fbff691e000)]
  0x00007fc0f82da800 JavaThread "Common-Cleaner" daemon [_thread_blocked, id=32540, stack(0x00007fbff691e000,0x00007fbff6a1f000)]
  0x00007fc0f82cc000 JavaThread "Sweeper thread" daemon [_thread_blocked, id=32539, stack(0x00007fbff6e78000,0x00007fbff6f79000)]
  0x00007fc0f82ca800 JavaThread "C1 CompilerThread11" daemon [_thread_blocked, id=32538, stack(0x00007fbff6f79000,0x00007fbff707a000)]
=>0x00007fc0f82c8800 JavaThread "C1 CompilerThread10" daemon [_thread_in_native, id=32537, stack(0x00007fbff707a000,0x00007fbff717b000)]
  0x00007fc0f82c6800 JavaThread "C1 CompilerThread9" daemon [_thread_blocked, id=32536, stack(0x00007fbff717b000,0x00007fbff727c000)]
  0x00007fc0f82c4800 JavaThread "C1 CompilerThread8" daemon [_thread_blocked, id=32535, stack(0x00007fbff727c000,0x00007fbff737d000)]
  0x00007fc0f82c2800 JavaThread "C2 CompilerThread7" daemon [_thread_blocked, id=32534, stack(0x00007fbff737d000,0x00007fbff747e000)]
  0x00007fc0f82c0800 JavaThread "C2 CompilerThread6" daemon [_thread_blocked, id=32533, stack(0x00007fbff747e000,0x00007fbff757f000)]
  0x00007fc0f82be800 JavaThread "C2 CompilerThread5" daemon [_thread_blocked, id=32532, stack(0x00007fbff757f000,0x00007fbff7680000)]
  0x00007fc0f82b4800 JavaThread "C2 CompilerThread4" daemon [_thread_blocked, id=32531, stack(0x00007fbff7680000,0x00007fbff7781000)]
  0x00007fc0f82b2800 JavaThread "C2 CompilerThread3" daemon [_thread_blocked, id=32530, stack(0x00007fbff7781000,0x00007fbff7882000)]
  0x00007fc0f82b1000 JavaThread "C2 CompilerThread2" daemon [_thread_blocked, id=32529, stack(0x00007fbff7882000,0x00007fbff7983000)]
  0x00007fc0f82af000 JavaThread "C2 CompilerThread1" daemon [_thread_blocked, id=32528, stack(0x00007fbff7983000,0x00007fbff7a84000)]
  0x00007fc0f82ad000 JavaThread "C2 CompilerThread0" daemon [_thread_blocked, id=32527, stack(0x00007fbff7a84000,0x00007fbff7b85000)]
  0x00007fc0f82ab000 JavaThread "Signal Dispatcher" daemon [_thread_blocked, id=32526, stack(0x00007fbff7b85000,0x00007fbff7c86000)]
  0x00007fc0f8291000 JavaThread "Finalizer" daemon [_thread_blocked, id=32525, stack(0x00007fbff7c86000,0x00007fbff7d87000)]
  0x00007fc0f8288800 JavaThread "Reference Handler" daemon [_thread_blocked, id=32524, stack(0x00007fbff7d87000,0x00007fbff7e88000)]
  0x00007fc0f8011800 JavaThread "main" [_thread_in_native, id=32475, stack(0x00007fc0fe864000,0x00007fc0fe963000)]

Other Threads:
  0x00007fc0f8281000 VMThread "VM Thread" [stack: 0x00007fbff7e8a000,0x00007fbff7f8a000] [id=32523]
  0x00007fc0f835c800 WatcherThread [stack: 0x00007fbff671d000,0x00007fbff681d000] [id=32548]
  0x00007fc0f8034000 GCTaskThread "GC Thread#0" [stack: 0x00007fc0fdabe000,0x00007fc0fdbbe000] [id=32476]
  0x00007fc0f8035800 GCTaskThread "GC Thread#1" [stack: 0x00007fc0fd9bc000,0x00007fc0fdabc000] [id=32477]
  0x00007fc0f8037000 GCTaskThread "GC Thread#2" [stack: 0x00007fc0fd8ba000,0x00007fc0fd9ba000] [id=32478]
  0x00007fc0f8039000 GCTaskThread "GC Thread#3" [stack: 0x00007fc0fd7b8000,0x00007fc0fd8b8000] [id=32479]
  0x00007fc0f803a800 GCTaskThread "GC Thread#4" [stack: 0x00007fc0fd6b6000,0x00007fc0fd7b6000] [id=32480]
  0x00007fc0f803c800 GCTaskThread "GC Thread#5" [stack: 0x00007fc0fd5b4000,0x00007fc0fd6b4000] [id=32481]
  0x00007fc0f803e000 GCTaskThread "GC Thread#6" [stack: 0x00007fc0fd4b2000,0x00007fc0fd5b2000] [id=32482]
  0x00007fc0f803f800 GCTaskThread "GC Thread#7" [stack: 0x00007fc0fd3b0000,0x00007fc0fd4b0000] [id=32483]
  0x00007fc0f8041800 GCTaskThread "GC Thread#8" [stack: 0x00007fc0fd2ae000,0x00007fc0fd3ae000] [id=32484]
  0x00007fc0f8043000 GCTaskThread "GC Thread#9" [stack: 0x00007fc0fd1ac000,0x00007fc0fd2ac000] [id=32485]
  0x00007fc0f8045000 GCTaskThread "GC Thread#10" [stack: 0x00007fc0fd0aa000,0x00007fc0fd1aa000] [id=32486]
  0x00007fc0f8046800 GCTaskThread "GC Thread#11" [stack: 0x00007fc0fcfa8000,0x00007fc0fd0a8000] [id=32487]
  0x00007fc0f8048800 GCTaskThread "GC Thread#12" [stack: 0x00007fc0fcea6000,0x00007fc0fcfa6000] [id=32488]
  0x00007fc0f804a000 GCTaskThread "GC Thread#13" [stack: 0x00007fc0fcda4000,0x00007fc0fcea4000] [id=32489]
  0x00007fc0f804c000 GCTaskThread "GC Thread#14" [stack: 0x00007fc0fcca2000,0x00007fc0fcda2000] [id=32490]
  0x00007fc0f804d800 GCTaskThread "GC Thread#15" [stack: 0x00007fc0fcba0000,0x00007fc0fcca0000] [id=32491]
  0x00007fc0f804f800 GCTaskThread "GC Thread#16" [stack: 0x00007fc0fca9e000,0x00007fc0fcb9e000] [id=32492]
  0x00007fc0f8051000 GCTaskThread "GC Thread#17" [stack: 0x00007fc0fc99c000,0x00007fc0fca9c000] [id=32493]
  0x00007fc0f8052800 GCTaskThread "GC Thread#18" [stack: 0x00007fc0fc89a000,0x00007fc0fc99a000] [id=32494]
  0x00007fc0f8054800 GCTaskThread "GC Thread#19" [stack: 0x00007fc0fc798000,0x00007fc0fc898000] [id=32495]
  0x00007fc0f809f800 ConcurrentGCThread "G1 Main Marker" [stack: 0x00007fc0553c5000,0x00007fc0554c5000] [id=32517]
  0x00007fc0f80a1000 ConcurrentGCThread "G1 Marker#0" [stack: 0x00007fc0552c3000,0x00007fc0553c3000] [id=32518]
  0x00007fc0f80a3000 ConcurrentGCThread "G1 Marker#1" [stack: 0x00007fc0551c1000,0x00007fc0552c1000] [id=32519]
  0x00007fc0f80a4800 ConcurrentGCThread "G1 Marker#2" [stack: 0x00007fc0550bf000,0x00007fc0551bf000] [id=32520]
  0x00007fc0f80a6800 ConcurrentGCThread "G1 Marker#3" [stack: 0x00007fc054fbd000,0x00007fc0550bd000] [id=32521]
  0x00007fc0f80a8000 ConcurrentGCThread "G1 Marker#4" [stack: 0x00007fc054ebb000,0x00007fc054fbb000] [id=32522]
  0x00007fc0f8079000 ConcurrentGCThread "G1 Refine#0" [stack: 0x00007fc0579f6000,0x00007fc057af6000] [id=32515]
  0x00007fc0f8077000 ConcurrentGCThread "G1 Refine#1" [stack: 0x00007fc057af8000,0x00007fc057bf8000] [id=32514]
  0x00007fc0f8075000 ConcurrentGCThread "G1 Refine#2" [stack: 0x00007fc057bfa000,0x00007fc057cfa000] [id=32513]
  0x00007fc0f8073800 ConcurrentGCThread "G1 Refine#3" [stack: 0x00007fc057cfc000,0x00007fc057dfc000] [id=32512]
  0x00007fc0f8071800 ConcurrentGCThread "G1 Refine#4" [stack: 0x00007fc057dfe000,0x00007fc057efe000] [id=32511]
  0x00007fc0f8070000 ConcurrentGCThread "G1 Refine#5" [stack: 0x00007fc057f00000,0x00007fc058000000] [id=32510]
  0x00007fc0f806e000 ConcurrentGCThread "G1 Refine#6" [stack: 0x00007fc0dc01c000,0x00007fc0dc11c000] [id=32509]
  0x00007fc0f806c800 ConcurrentGCThread "G1 Refine#7" [stack: 0x00007fc0dc11e000,0x00007fc0dc21e000] [id=32508]
  0x00007fc0f806a800 ConcurrentGCThread "G1 Refine#8" [stack: 0x00007fc0dc220000,0x00007fc0dc320000] [id=32507]
  0x00007fc0f8069000 ConcurrentGCThread "G1 Refine#9" [stack: 0x00007fc0dc322000,0x00007fc0dc422000] [id=32506]
  0x00007fc0f8067000 ConcurrentGCThread "G1 Refine#10" [stack: 0x00007fc0dc424000,0x00007fc0dc524000] [id=32505]
  0x00007fc0f8065000 ConcurrentGCThread "G1 Refine#11" [stack: 0x00007fc0dc526000,0x00007fc0dc626000] [id=32504]
  0x00007fc0f8063800 ConcurrentGCThread "G1 Refine#12" [stack: 0x00007fc0dc628000,0x00007fc0dc728000] [id=32503]
  0x00007fc0f8061800 ConcurrentGCThread "G1 Refine#13" [stack: 0x00007fc0dc72a000,0x00007fc0dc82a000] [id=32502]
  0x00007fc0f8060000 ConcurrentGCThread "G1 Refine#14" [stack: 0x00007fc0dc82c000,0x00007fc0dc92c000] [id=32501]
  0x00007fc0f805e000 ConcurrentGCThread "G1 Refine#15" [stack: 0x00007fc0dc92e000,0x00007fc0dca2e000] [id=32500]
  0x00007fc0f805c800 ConcurrentGCThread "G1 Refine#16" [stack: 0x00007fc0dca30000,0x00007fc0dcb30000] [id=32499]
  0x00007fc0f805a800 ConcurrentGCThread "G1 Refine#17" [stack: 0x00007fc0dcb32000,0x00007fc0dcc32000] [id=32498]
  0x00007fc0f8059000 ConcurrentGCThread "G1 Refine#18" [stack: 0x00007fc0dcc34000,0x00007fc0dcd34000] [id=32497]
  0x00007fc0f8057000 ConcurrentGCThread "G1 Refine#19" [stack: 0x00007fc0dcd36000,0x00007fc0dce36000] [id=32496]
  0x00007fc0f807a800 ConcurrentGCThread "G1 Young RemSet Sampling" [stack: 0x00007fc0578f4000,0x00007fc0579f4000] [id=32516]

Threads with active compile tasks:
C1 CompilerThread10 259 %     3       org.eclipse.core.runtime.adaptor.EclipseStarter::main @ 2740 (4449 bytes)

VM state:not at safepoint (normal execution)

VM Mutex/Monitor currently owned by a thread: None

Heap address: 0x00000003d7c00000, size: 16004 MB, Compressed Oops mode: Zero based, Oop shift amount: 3
Narrow klass base: 0x0000000000000000, Narrow klass shift: 3
Compressed class space size: 1073741824 Address: 0x00000007c0000000

Heap:
 garbage-first heap   total 1028096K, used 12288K [0x00000003d7c00000, 0x00000003d80007d8, 0x00000007c0000000)
  region size 4096K, 4 young (16384K), 0 survivors (0K)
 Metaspace       used 4297K, capacity 4614K, committed 4864K, reserved 1056768K
  class space    used 355K, capacity 386K, committed 512K, reserved 1048576K
Heap Regions: E=young(eden), S=young(survivor), O=old, HS=humongous(starts), HC=humongous(continues), CS=collection set, F=free, A=archive, TS=gc time stamp, AC=allocation context, TAMS=top-at-mark-start (previous, next)
|   0|0x00000003d7c00000, 0x00000003d7c00000, 0x00000003d8000000|  0%| F|  |TS  0|AC  0|TAMS 0x00000003d7c00000, 0x00000003d7c00000|
|   1|0x00000003d8000000, 0x00000003d8000000, 0x00000003d8400000|  0%| F|  |TS  0|AC  0|TAMS 0x00000003d8000000, 0x00000003d8000000|
|   2|0x00000003d8400000, 0x00000003d8400000, 0x00000003d8800000|  0%| F|  |TS  0|AC  0|TAMS 0x00000003d8400000, 0x00000003d8400000|
|   3|0x00000003d8800000, 0x00000003d8800000, 0x00000003d8c00000|  0%| F|  |TS  0|AC  0|TAMS 0x00000003d8800000, 0x00000003d8800000|
|   4|0x00000003d8c00000, 0x00000003d8c00000, 0x00000003d9000000|  0%| F|  |TS  0|AC  0|TAMS 0x00000003d8c00000, 0x00000003d8c00000|
|   5|0x00000003d9000000, 0x00000003d9000000, 0x00000003d9400000|  0%| F|  |TS  0|AC  0|TAMS 0x00000003d9000000, 0x00000003d9000000|
|   6|0x00000003d9400000, 0x00000003d9400000, 0x00000003d9800000|  0%| F|  |TS  0|AC  0|TAMS 0x00000003d9400000, 0x00000003d9400000|
|   7|0x00000003d9800000, 0x00000003d9800000, 0x00000003d9c00000|  0%| F|  |TS  0|AC  0|TAMS 0x00000003d9800000, 0x00000003d9800000|
|   8|0x00000003d9c00000, 0x00000003d9c00000, 0x00000003da000000|  0%| F|  |TS  0|AC  0|TAMS 0x00000003d9c00000, 0x00000003d9c00000|
|   9|0x00000003da000000, 0x00000003da000000, 0x00000003da400000|  0%| F|  |TS  0|AC  0|TAMS 0x00000003da000000, 0x00000003da000000|
|  10|0x00000003da400000, 0x00000003da400000, 0x00000003da800000|  0%| F|  |TS  0|AC  0|TAMS 0x00000003da400000, 0x00000003da400000|
|  11|0x00000003da800000, 0x00000003da800000, 0x00000003dac00000|  0%| F|  |TS  0|AC  0|TAMS 0x00000003da800000, 0x00000003da800000|
|  12|0x00000003dac00000, 0x00000003dac00000, 0x00000003db000000|  0%| F|  |TS  0|AC  0|TAMS 0x00000003dac00000, 0x00000003dac00000|
|  13|0x00000003db000000, 0x00000003db000000, 0x00000003db400000|  0%| F|  |TS  0|AC  0|TAMS 0x00000003db000000, 0x00000003db000000|
|  14|0x00000003db400000, 0x00000003db400000, 0x00000003db800000|  0%| F|  |TS  0|AC  0|TAMS 0x00000003db400000, 0x00000003db400000|
|  15|0x00000003db800000, 0x00000003db800000, 0x00000003dbc00000|  0%| F|  |TS  0|AC  0|TAMS 0x00000003db800000, 0x00000003db800000|
|  16|0x00000003dbc00000, 0x00000003dbc00000, 0x00000003dc000000|  0%| F|  |TS  0|AC  0|TAMS 0x00000003dbc00000, 0x00000003dbc00000|
|  17|0x00000003dc000000, 0x00000003dc000000, 0x00000003dc400000|  0%| F|  |TS  0|AC  0|TAMS 0x00000003dc000000, 0x00000003dc000000|
|  18|0x00000003dc400000, 0x00000003dc400000, 0x00000003dc800000|  0%| F|  |TS  0|AC  0|TAMS 0x00000003dc400000, 0x00000003dc400000|
|  19|0x00000003dc800000, 0x00000003dc800000, 0x00000003dcc00000|  0%| F|  |TS  0|AC  0|TAMS 0x00000003dc800000, 0x00000003dc800000|
|  20|0x00000003dcc00000, 0x00000003dcc00000, 0x00000003dd000000|  0%| F|  |TS  0|AC  0|TAMS 0x00000003dcc00000, 0x00000003dcc00000|
|  21|0x00000003dd000000, 0x00000003dd000000, 0x00000003dd400000|  0%| F|  |TS  0|AC  0|TAMS 0x00000003dd000000, 0x00000003dd000000|
|  22|0x00000003dd400000, 0x00000003dd400000, 0x00000003dd800000|  0%| F|  |TS  0|AC  0|TAMS 0x00000003dd400000, 0x00000003dd400000|
|  23|0x00000003dd800000, 0x00000003dd800000, 0x00000003ddc00000|  0%| F|  |TS  0|AC  0|TAMS 0x00000003dd800000, 0x00000003dd800000|
|  24|0x00000003ddc00000, 0x00000003ddc00000, 0x00000003de000000|  0%| F|  |TS  0|AC  0|TAMS 0x00000003ddc00000, 0x00000003ddc00000|
|  25|0x00000003de000000, 0x00000003de000000, 0x00000003de400000|  0%| F|  |TS  0|AC  0|TAMS 0x00000003de000000, 0x00000003de000000|
|  26|0x00000003de400000, 0x00000003de400000, 0x00000003de800000|  0%| F|  |TS  0|AC  0|TAMS 0x00000003de400000, 0x00000003de400000|
|  27|0x00000003de800000, 0x00000003de800000, 0x00000003dec00000|  0%| F|  |TS  0|AC  0|TAMS 0x00000003de800000, 0x00000003de800000|
|  28|0x00000003dec00000, 0x00000003dec00000, 0x00000003df000000|  0%| F|  |TS  0|AC  0|TAMS 0x00000003dec00000, 0x00000003dec00000|
|  29|0x00000003df000000, 0x00000003df000000, 0x00000003df400000|  0%| F|  |TS  0|AC  0|TAMS 0x00000003df000000, 0x00000003df000000|
|  30|0x00000003df400000, 0x00000003df400000, 0x00000003df800000|  0%| F|  |TS  0|AC  0|TAMS 0x00000003df400000, 0x00000003df400000|
|  31|0x00000003df800000, 0x00000003df800000, 0x00000003dfc00000|  0%| F|  |TS  0|AC  0|TAMS 0x00000003df800000, 0x00000003df800000|
|  32|0x00000003dfc00000, 0x00000003dfc00000, 0x00000003e0000000|  0%| F|  |TS  0|AC  0|TAMS 0x00000003dfc00000, 0x00000003dfc00000|
|  33|0x00000003e0000000, 0x00000003e0000000, 0x00000003e0400000|  0%| F|  |TS  0|AC  0|TAMS 0x00000003e0000000, 0x00000003e0000000|
|  34|0x00000003e0400000, 0x00000003e0400000, 0x00000003e0800000|  0%| F|  |TS  0|AC  0|TAMS 0x00000003e0400000, 0x00000003e0400000|
|  35|0x00000003e0800000, 0x00000003e0800000, 0x00000003e0c00000|  0%| F|  |TS  0|AC  0|TAMS 0x00000003e0800000, 0x00000003e0800000|
|  36|0x00000003e0c00000, 0x00000003e0c00000, 0x00000003e1000000|  0%| F|  |TS  0|AC  0|TAMS 0x00000003e0c00000, 0x00000003e0c00000|
|  37|0x00000003e1000000, 0x00000003e1000000, 0x00000003e1400000|  0%| F|  |TS  0|AC  0|TAMS 0x00000003e1000000, 0x00000003e1000000|
|  38|0x00000003e1400000, 0x00000003e1400000, 0x00000003e1800000|  0%| F|  |TS  0|AC  0|TAMS 0x00000003e1400000, 0x00000003e1400000|
|  39|0x00000003e1800000, 0x00000003e1800000, 0x00000003e1c00000|  0%| F|  |TS  0|AC  0|TAMS 0x00000003e1800000, 0x00000003e1800000|
|  40|0x00000003e1c00000, 0x00000003e1c00000, 0x00000003e2000000|  0%| F|  |TS  0|AC  0|TAMS 0x00000003e1c00000, 0x00000003e1c00000|
|  41|0x00000003e2000000, 0x00000003e2000000, 0x00000003e2400000|  0%| F|  |TS  0|AC  0|TAMS 0x00000003e2000000, 0x00000003e2000000|
|  42|0x00000003e2400000, 0x00000003e2400000, 0x00000003e2800000|  0%| F|  |TS  0|AC  0|TAMS 0x00000003e2400000, 0x00000003e2400000|
|  43|0x00000003e2800000, 0x00000003e2800000, 0x00000003e2c00000|  0%| F|  |TS  0|AC  0|TAMS 0x00000003e2800000, 0x00000003e2800000|
|  44|0x00000003e2c00000, 0x00000003e2c00000, 0x00000003e3000000|  0%| F|  |TS  0|AC  0|TAMS 0x00000003e2c00000, 0x00000003e2c00000|
|  45|0x00000003e3000000, 0x00000003e3000000, 0x00000003e3400000|  0%| F|  |TS  0|AC  0|TAMS 0x00000003e3000000, 0x00000003e3000000|
|  46|0x00000003e3400000, 0x00000003e3400000, 0x00000003e3800000|  0%| F|  |TS  0|AC  0|TAMS 0x00000003e3400000, 0x00000003e3400000|
|  47|0x00000003e3800000, 0x00000003e3800000, 0x00000003e3c00000|  0%| F|  |TS  0|AC  0|TAMS 0x00000003e3800000, 0x00000003e3800000|
|  48|0x00000003e3c00000, 0x00000003e3c00000, 0x00000003e4000000|  0%| F|  |TS  0|AC  0|TAMS 0x00000003e3c00000, 0x00000003e3c00000|
|  49|0x00000003e4000000, 0x00000003e4000000, 0x00000003e4400000|  0%| F|  |TS  0|AC  0|TAMS 0x00000003e4000000, 0x00000003e4000000|
|  50|0x00000003e4400000, 0x00000003e4400000, 0x00000003e4800000|  0%| F|  |TS  0|AC  0|TAMS 0x00000003e4400000, 0x00000003e4400000|
|  51|0x00000003e4800000, 0x00000003e4800000, 0x00000003e4c00000|  0%| F|  |TS  0|AC  0|TAMS 0x00000003e4800000, 0x00000003e4800000|
|  52|0x00000003e4c00000, 0x00000003e4c00000, 0x00000003e5000000|  0%| F|  |TS  0|AC  0|TAMS 0x00000003e4c00000, 0x00000003e4c00000|
|  53|0x00000003e5000000, 0x00000003e5000000, 0x00000003e5400000|  0%| F|  |TS  0|AC  0|TAMS 0x00000003e5000000, 0x00000003e5000000|
|  54|0x00000003e5400000, 0x00000003e5400000, 0x00000003e5800000|  0%| F|  |TS  0|AC  0|TAMS 0x00000003e5400000, 0x00000003e5400000|
|  55|0x00000003e5800000, 0x00000003e5800000, 0x00000003e5c00000|  0%| F|  |TS  0|AC  0|TAMS 0x00000003e5800000, 0x00000003e5800000|
|  56|0x00000003e5c00000, 0x00000003e5c00000, 0x00000003e6000000|  0%| F|  |TS  0|AC  0|TAMS 0x00000003e5c00000, 0x00000003e5c00000|
|  57|0x00000003e6000000, 0x00000003e6000000, 0x00000003e6400000|  0%| F|  |TS  0|AC  0|TAMS 0x00000003e6000000, 0x00000003e6000000|
|  58|0x00000003e6400000, 0x00000003e6400000, 0x00000003e6800000|  0%| F|  |TS  0|AC  0|TAMS 0x00000003e6400000, 0x00000003e6400000|
|  59|0x00000003e6800000, 0x00000003e6800000, 0x00000003e6c00000|  0%| F|  |TS  0|AC  0|TAMS 0x00000003e6800000, 0x00000003e6800000|
|  60|0x00000003e6c00000, 0x00000003e6c00000, 0x00000003e7000000|  0%| F|  |TS  0|AC  0|TAMS 0x00000003e6c00000, 0x00000003e6c00000|
|  61|0x00000003e7000000, 0x00000003e7000000, 0x00000003e7400000|  0%| F|  |TS  0|AC  0|TAMS 0x00000003e7000000, 0x00000003e7000000|
|  62|0x00000003e7400000, 0x00000003e7400000, 0x00000003e7800000|  0%| F|  |TS  0|AC  0|TAMS 0x00000003e7400000, 0x00000003e7400000|
|  63|0x00000003e7800000, 0x00000003e7800000, 0x00000003e7c00000|  0%| F|  |TS  0|AC  0|TAMS 0x00000003e7800000, 0x00000003e7800000|
|  64|0x00000003e7c00000, 0x00000003e7c00000, 0x00000003e8000000|  0%| F|  |TS  0|AC  0|TAMS 0x00000003e7c00000, 0x00000003e7c00000|
|  65|0x00000003e8000000, 0x00000003e8000000, 0x00000003e8400000|  0%| F|  |TS  0|AC  0|TAMS 0x00000003e8000000, 0x00000003e8000000|
|  66|0x00000003e8400000, 0x00000003e8400000, 0x00000003e8800000|  0%| F|  |TS  0|AC  0|TAMS 0x00000003e8400000, 0x00000003e8400000|
|  67|0x00000003e8800000, 0x00000003e8800000, 0x00000003e8c00000|  0%| F|  |TS  0|AC  0|TAMS 0x00000003e8800000, 0x00000003e8800000|
|  68|0x00000003e8c00000, 0x00000003e8c00000, 0x00000003e9000000|  0%| F|  |TS  0|AC  0|TAMS 0x00000003e8c00000, 0x00000003e8c00000|
|  69|0x00000003e9000000, 0x00000003e9000000, 0x00000003e9400000|  0%| F|  |TS  0|AC  0|TAMS 0x00000003e9000000, 0x00000003e9000000|
|  70|0x00000003e9400000, 0x00000003e9400000, 0x00000003e9800000|  0%| F|  |TS  0|AC  0|TAMS 0x00000003e9400000, 0x00000003e9400000|
|  71|0x00000003e9800000, 0x00000003e9800000, 0x00000003e9c00000|  0%| F|  |TS  0|AC  0|TAMS 0x00000003e9800000, 0x00000003e9800000|
|  72|0x00000003e9c00000, 0x00000003e9c00000, 0x00000003ea000000|  0%| F|  |TS  0|AC  0|TAMS 0x00000003e9c00000, 0x00000003e9c00000|
|  73|0x00000003ea000000, 0x00000003ea000000, 0x00000003ea400000|  0%| F|  |TS  0|AC  0|TAMS 0x00000003ea000000, 0x00000003ea000000|
|  74|0x00000003ea400000, 0x00000003ea400000, 0x00000003ea800000|  0%| F|  |TS  0|AC  0|TAMS 0x00000003ea400000, 0x00000003ea400000|
|  75|0x00000003ea800000, 0x00000003ea800000, 0x00000003eac00000|  0%| F|  |TS  0|AC  0|TAMS 0x00000003ea800000, 0x00000003ea800000|
|  76|0x00000003eac00000, 0x00000003eac00000, 0x00000003eb000000|  0%| F|  |TS  0|AC  0|TAMS 0x00000003eac00000, 0x00000003eac00000|
|  77|0x00000003eb000000, 0x00000003eb000000, 0x00000003eb400000|  0%| F|  |TS  0|AC  0|TAMS 0x00000003eb000000, 0x00000003eb000000|
|  78|0x00000003eb400000, 0x00000003eb400000, 0x00000003eb800000|  0%| F|  |TS  0|AC  0|TAMS 0x00000003eb400000, 0x00000003eb400000|
|  79|0x00000003eb800000, 0x00000003eb800000, 0x00000003ebc00000|  0%| F|  |TS  0|AC  0|TAMS 0x00000003eb800000, 0x00000003eb800000|
|  80|0x00000003ebc00000, 0x00000003ebc00000, 0x00000003ec000000|  0%| F|  |TS  0|AC  0|TAMS 0x00000003ebc00000, 0x00000003ebc00000|
|  81|0x00000003ec000000, 0x00000003ec000000, 0x00000003ec400000|  0%| F|  |TS  0|AC  0|TAMS 0x00000003ec000000, 0x00000003ec000000|
|  82|0x00000003ec400000, 0x00000003ec400000, 0x00000003ec800000|  0%| F|  |TS  0|AC  0|TAMS 0x00000003ec400000, 0x00000003ec400000|
|  83|0x00000003ec800000, 0x00000003ec800000, 0x00000003ecc00000|  0%| F|  |TS  0|AC  0|TAMS 0x00000003ec800000, 0x00000003ec800000|
|  84|0x00000003ecc00000, 0x00000003ecc00000, 0x00000003ed000000|  0%| F|  |TS  0|AC  0|TAMS 0x00000003ecc00000, 0x00000003ecc00000|
|  85|0x00000003ed000000, 0x00000003ed000000, 0x00000003ed400000|  0%| F|  |TS  0|AC  0|TAMS 0x00000003ed000000, 0x00000003ed000000|
|  86|0x00000003ed400000, 0x00000003ed400000, 0x00000003ed800000|  0%| F|  |TS  0|AC  0|TAMS 0x00000003ed400000, 0x00000003ed400000|
|  87|0x00000003ed800000, 0x00000003ed800000, 0x00000003edc00000|  0%| F|  |TS  0|AC  0|TAMS 0x00000003ed800000, 0x00000003ed800000|
|  88|0x00000003edc00000, 0x00000003edc00000, 0x00000003ee000000|  0%| F|  |TS  0|AC  0|TAMS 0x00000003edc00000, 0x00000003edc00000|
|  89|0x00000003ee000000, 0x00000003ee000000, 0x00000003ee400000|  0%| F|  |TS  0|AC  0|TAMS 0x00000003ee000000, 0x00000003ee000000|
|  90|0x00000003ee400000, 0x00000003ee400000, 0x00000003ee800000|  0%| F|  |TS  0|AC  0|TAMS 0x00000003ee400000, 0x00000003ee400000|
|  91|0x00000003ee800000, 0x00000003ee800000, 0x00000003eec00000|  0%| F|  |TS  0|AC  0|TAMS 0x00000003ee800000, 0x00000003ee800000|
|  92|0x00000003eec00000, 0x00000003eec00000, 0x00000003ef000000|  0%| F|  |TS  0|AC  0|TAMS 0x00000003eec00000, 0x00000003eec00000|
|  93|0x00000003ef000000, 0x00000003ef000000, 0x00000003ef400000|  0%| F|  |TS  0|AC  0|TAMS 0x00000003ef000000, 0x00000003ef000000|
|  94|0x00000003ef400000, 0x00000003ef400000, 0x00000003ef800000|  0%| F|  |TS  0|AC  0|TAMS 0x00000003ef400000, 0x00000003ef400000|
|  95|0x00000003ef800000, 0x00000003ef800000, 0x00000003efc00000|  0%| F|  |TS  0|AC  0|TAMS 0x00000003ef800000, 0x00000003ef800000|
|  96|0x00000003efc00000, 0x00000003efc00000, 0x00000003f0000000|  0%| F|  |TS  0|AC  0|TAMS 0x00000003efc00000, 0x00000003efc00000|
|  97|0x00000003f0000000, 0x00000003f0000000, 0x00000003f0400000|  0%| F|  |TS  0|AC  0|TAMS 0x00000003f0000000, 0x00000003f0000000|
|  98|0x00000003f0400000, 0x00000003f0400000, 0x00000003f0800000|  0%| F|  |TS  0|AC  0|TAMS 0x00000003f0400000, 0x00000003f0400000|
|  99|0x00000003f0800000, 0x00000003f0800000, 0x00000003f0c00000|  0%| F|  |TS  0|AC  0|TAMS 0x00000003f0800000, 0x00000003f0800000|
| 100|0x00000003f0c00000, 0x00000003f0c00000, 0x00000003f1000000|  0%| F|  |TS  0|AC  0|TAMS 0x00000003f0c00000, 0x00000003f0c00000|
| 101|0x00000003f1000000, 0x00000003f1000000, 0x00000003f1400000|  0%| F|  |TS  0|AC  0|TAMS 0x00000003f1000000, 0x00000003f1000000|
| 102|0x00000003f1400000, 0x00000003f1400000, 0x00000003f1800000|  0%| F|  |TS  0|AC  0|TAMS 0x00000003f1400000, 0x00000003f1400000|
| 103|0x00000003f1800000, 0x00000003f1800000, 0x00000003f1c00000|  0%| F|  |TS  0|AC  0|TAMS 0x00000003f1800000, 0x00000003f1800000|
| 104|0x00000003f1c00000, 0x00000003f1c00000, 0x00000003f2000000|  0%| F|  |TS  0|AC  0|TAMS 0x00000003f1c00000, 0x00000003f1c00000|
| 105|0x00000003f2000000, 0x00000003f2000000, 0x00000003f2400000|  0%| F|  |TS  0|AC  0|TAMS 0x00000003f2000000, 0x00000003f2000000|
| 106|0x00000003f2400000, 0x00000003f2400000, 0x00000003f2800000|  0%| F|  |TS  0|AC  0|TAMS 0x00000003f2400000, 0x00000003f2400000|
| 107|0x00000003f2800000, 0x00000003f2800000, 0x00000003f2c00000|  0%| F|  |TS  0|AC  0|TAMS 0x00000003f2800000, 0x00000003f2800000|
| 108|0x00000003f2c00000, 0x00000003f2c00000, 0x00000003f3000000|  0%| F|  |TS  0|AC  0|TAMS 0x00000003f2c00000, 0x00000003f2c00000|
| 109|0x00000003f3000000, 0x00000003f3000000, 0x00000003f3400000|  0%| F|  |TS  0|AC  0|TAMS 0x00000003f3000000, 0x00000003f3000000|
| 110|0x00000003f3400000, 0x00000003f3400000, 0x00000003f3800000|  0%| F|  |TS  0|AC  0|TAMS 0x00000003f3400000, 0x00000003f3400000|
| 111|0x00000003f3800000, 0x00000003f3800000, 0x00000003f3c00000|  0%| F|  |TS  0|AC  0|TAMS 0x00000003f3800000, 0x00000003f3800000|
| 112|0x00000003f3c00000, 0x00000003f3c00000, 0x00000003f4000000|  0%| F|  |TS  0|AC  0|TAMS 0x00000003f3c00000, 0x00000003f3c00000|
| 113|0x00000003f4000000, 0x00000003f4000000, 0x00000003f4400000|  0%| F|  |TS  0|AC  0|TAMS 0x00000003f4000000, 0x00000003f4000000|
| 114|0x00000003f4400000, 0x00000003f4400000, 0x00000003f4800000|  0%| F|  |TS  0|AC  0|TAMS 0x00000003f4400000, 0x00000003f4400000|
| 115|0x00000003f4800000, 0x00000003f4800000, 0x00000003f4c00000|  0%| F|  |TS  0|AC  0|TAMS 0x00000003f4800000, 0x00000003f4800000|
| 116|0x00000003f4c00000, 0x00000003f4c00000, 0x00000003f5000000|  0%| F|  |TS  0|AC  0|TAMS 0x00000003f4c00000, 0x00000003f4c00000|
| 117|0x00000003f5000000, 0x00000003f5000000, 0x00000003f5400000|  0%| F|  |TS  0|AC  0|TAMS 0x00000003f5000000, 0x00000003f5000000|
| 118|0x00000003f5400000, 0x00000003f5400000, 0x00000003f5800000|  0%| F|  |TS  0|AC  0|TAMS 0x00000003f5400000, 0x00000003f5400000|
| 119|0x00000003f5800000, 0x00000003f5800000, 0x00000003f5c00000|  0%| F|  |TS  0|AC  0|TAMS 0x00000003f5800000, 0x00000003f5800000|
| 120|0x00000003f5c00000, 0x00000003f5c00000, 0x00000003f6000000|  0%| F|  |TS  0|AC  0|TAMS 0x00000003f5c00000, 0x00000003f5c00000|
| 121|0x00000003f6000000, 0x00000003f6000000, 0x00000003f6400000|  0%| F|  |TS  0|AC  0|TAMS 0x00000003f6000000, 0x00000003f6000000|
| 122|0x00000003f6400000, 0x00000003f6400000, 0x00000003f6800000|  0%| F|  |TS  0|AC  0|TAMS 0x00000003f6400000, 0x00000003f6400000|
| 123|0x00000003f6800000, 0x00000003f6800000, 0x00000003f6c00000|  0%| F|  |TS  0|AC  0|TAMS 0x00000003f6800000, 0x00000003f6800000|
| 124|0x00000003f6c00000, 0x00000003f6c00000, 0x00000003f7000000|  0%| F|  |TS  0|AC  0|TAMS 0x00000003f6c00000, 0x00000003f6c00000|
| 125|0x00000003f7000000, 0x00000003f7000000, 0x00000003f7400000|  0%| F|  |TS  0|AC  0|TAMS 0x00000003f7000000, 0x00000003f7000000|
| 126|0x00000003f7400000, 0x00000003f7400000, 0x00000003f7800000|  0%| F|  |TS  0|AC  0|TAMS 0x00000003f7400000, 0x00000003f7400000|
| 127|0x00000003f7800000, 0x00000003f7800000, 0x00000003f7c00000|  0%| F|  |TS  0|AC  0|TAMS 0x00000003f7800000, 0x00000003f7800000|
| 128|0x00000003f7c00000, 0x00000003f7c00000, 0x00000003f8000000|  0%| F|  |TS  0|AC  0|TAMS 0x00000003f7c00000, 0x00000003f7c00000|
| 129|0x00000003f8000000, 0x00000003f8000000, 0x00000003f8400000|  0%| F|  |TS  0|AC  0|TAMS 0x00000003f8000000, 0x00000003f8000000|
| 130|0x00000003f8400000, 0x00000003f8400000, 0x00000003f8800000|  0%| F|  |TS  0|AC  0|TAMS 0x00000003f8400000, 0x00000003f8400000|
| 131|0x00000003f8800000, 0x00000003f8800000, 0x00000003f8c00000|  0%| F|  |TS  0|AC  0|TAMS 0x00000003f8800000, 0x00000003f8800000|
| 132|0x00000003f8c00000, 0x00000003f8c00000, 0x00000003f9000000|  0%| F|  |TS  0|AC  0|TAMS 0x00000003f8c00000, 0x00000003f8c00000|
| 133|0x00000003f9000000, 0x00000003f9000000, 0x00000003f9400000|  0%| F|  |TS  0|AC  0|TAMS 0x00000003f9000000, 0x00000003f9000000|
| 134|0x00000003f9400000, 0x00000003f9400000, 0x00000003f9800000|  0%| F|  |TS  0|AC  0|TAMS 0x00000003f9400000, 0x00000003f9400000|
| 135|0x00000003f9800000, 0x00000003f9800000, 0x00000003f9c00000|  0%| F|  |TS  0|AC  0|TAMS 0x00000003f9800000, 0x00000003f9800000|
| 136|0x00000003f9c00000, 0x00000003f9c00000, 0x00000003fa000000|  0%| F|  |TS  0|AC  0|TAMS 0x00000003f9c00000, 0x00000003f9c00000|
| 137|0x00000003fa000000, 0x00000003fa000000, 0x00000003fa400000|  0%| F|  |TS  0|AC  0|TAMS 0x00000003fa000000, 0x00000003fa000000|
| 138|0x00000003fa400000, 0x00000003fa400000, 0x00000003fa800000|  0%| F|  |TS  0|AC  0|TAMS 0x00000003fa400000, 0x00000003fa400000|
| 139|0x00000003fa800000, 0x00000003fa800000, 0x00000003fac00000|  0%| F|  |TS  0|AC  0|TAMS 0x00000003fa800000, 0x00000003fa800000|
| 140|0x00000003fac00000, 0x00000003fac00000, 0x00000003fb000000|  0%| F|  |TS  0|AC  0|TAMS 0x00000003fac00000, 0x00000003fac00000|
| 141|0x00000003fb000000, 0x00000003fb000000, 0x00000003fb400000|  0%| F|  |TS  0|AC  0|TAMS 0x00000003fb000000, 0x00000003fb000000|
| 142|0x00000003fb400000, 0x00000003fb400000, 0x00000003fb800000|  0%| F|  |TS  0|AC  0|TAMS 0x00000003fb400000, 0x00000003fb400000|
| 143|0x00000003fb800000, 0x00000003fb800000, 0x00000003fbc00000|  0%| F|  |TS  0|AC  0|TAMS 0x00000003fb800000, 0x00000003fb800000|
| 144|0x00000003fbc00000, 0x00000003fbc00000, 0x00000003fc000000|  0%| F|  |TS  0|AC  0|TAMS 0x00000003fbc00000, 0x00000003fbc00000|
| 145|0x00000003fc000000, 0x00000003fc000000, 0x00000003fc400000|  0%| F|  |TS  0|AC  0|TAMS 0x00000003fc000000, 0x00000003fc000000|
| 146|0x00000003fc400000, 0x00000003fc400000, 0x00000003fc800000|  0%| F|  |TS  0|AC  0|TAMS 0x00000003fc400000, 0x00000003fc400000|
| 147|0x00000003fc800000, 0x00000003fc800000, 0x00000003fcc00000|  0%| F|  |TS  0|AC  0|TAMS 0x00000003fc800000, 0x00000003fc800000|
| 148|0x00000003fcc00000, 0x00000003fcc00000, 0x00000003fd000000|  0%| F|  |TS  0|AC  0|TAMS 0x00000003fcc00000, 0x00000003fcc00000|
| 149|0x00000003fd000000, 0x00000003fd000000, 0x00000003fd400000|  0%| F|  |TS  0|AC  0|TAMS 0x00000003fd000000, 0x00000003fd000000|
| 150|0x00000003fd400000, 0x00000003fd400000, 0x00000003fd800000|  0%| F|  |TS  0|AC  0|TAMS 0x00000003fd400000, 0x00000003fd400000|
| 151|0x00000003fd800000, 0x00000003fd800000, 0x00000003fdc00000|  0%| F|  |TS  0|AC  0|TAMS 0x00000003fd800000, 0x00000003fd800000|
| 152|0x00000003fdc00000, 0x00000003fdc00000, 0x00000003fe000000|  0%| F|  |TS  0|AC  0|TAMS 0x00000003fdc00000, 0x00000003fdc00000|
| 153|0x00000003fe000000, 0x00000003fe000000, 0x00000003fe400000|  0%| F|  |TS  0|AC  0|TAMS 0x00000003fe000000, 0x00000003fe000000|
| 154|0x00000003fe400000, 0x00000003fe400000, 0x00000003fe800000|  0%| F|  |TS  0|AC  0|TAMS 0x00000003fe400000, 0x00000003fe400000|
| 155|0x00000003fe800000, 0x00000003fe800000, 0x00000003fec00000|  0%| F|  |TS  0|AC  0|TAMS 0x00000003fe800000, 0x00000003fe800000|
| 156|0x00000003fec00000, 0x00000003fec00000, 0x00000003ff000000|  0%| F|  |TS  0|AC  0|TAMS 0x00000003fec00000, 0x00000003fec00000|
| 157|0x00000003ff000000, 0x00000003ff000000, 0x00000003ff400000|  0%| F|  |TS  0|AC  0|TAMS 0x00000003ff000000, 0x00000003ff000000|
| 158|0x00000003ff400000, 0x00000003ff400000, 0x00000003ff800000|  0%| F|  |TS  0|AC  0|TAMS 0x00000003ff400000, 0x00000003ff400000|
| 159|0x00000003ff800000, 0x00000003ff800000, 0x00000003ffc00000|  0%| F|  |TS  0|AC  0|TAMS 0x00000003ff800000, 0x00000003ff800000|
| 160|0x00000003ffc00000, 0x00000003ffc00000, 0x0000000400000000|  0%| F|  |TS  0|AC  0|TAMS 0x00000003ffc00000, 0x00000003ffc00000|
| 161|0x0000000400000000, 0x0000000400000000, 0x0000000400400000|  0%| F|  |TS  0|AC  0|TAMS 0x0000000400000000, 0x0000000400000000|
| 162|0x0000000400400000, 0x0000000400400000, 0x0000000400800000|  0%| F|  |TS  0|AC  0|TAMS 0x0000000400400000, 0x0000000400400000|
| 163|0x0000000400800000, 0x0000000400800000, 0x0000000400c00000|  0%| F|  |TS  0|AC  0|TAMS 0x0000000400800000, 0x0000000400800000|
| 164|0x0000000400c00000, 0x0000000400c00000, 0x0000000401000000|  0%| F|  |TS  0|AC  0|TAMS 0x0000000400c00000, 0x0000000400c00000|
| 165|0x0000000401000000, 0x0000000401000000, 0x0000000401400000|  0%| F|  |TS  0|AC  0|TAMS 0x0000000401000000, 0x0000000401000000|
| 166|0x0000000401400000, 0x0000000401400000, 0x0000000401800000|  0%| F|  |TS  0|AC  0|TAMS 0x0000000401400000, 0x0000000401400000|
| 167|0x0000000401800000, 0x0000000401800000, 0x0000000401c00000|  0%| F|  |TS  0|AC  0|TAMS 0x0000000401800000, 0x0000000401800000|
| 168|0x0000000401c00000, 0x0000000401c00000, 0x0000000402000000|  0%| F|  |TS  0|AC  0|TAMS 0x0000000401c00000, 0x0000000401c00000|
| 169|0x0000000402000000, 0x0000000402000000, 0x0000000402400000|  0%| F|  |TS  0|AC  0|TAMS 0x0000000402000000, 0x0000000402000000|
| 170|0x0000000402400000, 0x0000000402400000, 0x0000000402800000|  0%| F|  |TS  0|AC  0|TAMS 0x0000000402400000, 0x0000000402400000|
| 171|0x0000000402800000, 0x0000000402800000, 0x0000000402c00000|  0%| F|  |TS  0|AC  0|TAMS 0x0000000402800000, 0x0000000402800000|
| 172|0x0000000402c00000, 0x0000000402c00000, 0x0000000403000000|  0%| F|  |TS  0|AC  0|TAMS 0x0000000402c00000, 0x0000000402c00000|
| 173|0x0000000403000000, 0x0000000403000000, 0x0000000403400000|  0%| F|  |TS  0|AC  0|TAMS 0x0000000403000000, 0x0000000403000000|
| 174|0x0000000403400000, 0x0000000403400000, 0x0000000403800000|  0%| F|  |TS  0|AC  0|TAMS 0x0000000403400000, 0x0000000403400000|
| 175|0x0000000403800000, 0x0000000403800000, 0x0000000403c00000|  0%| F|  |TS  0|AC  0|TAMS 0x0000000403800000, 0x0000000403800000|
| 176|0x0000000403c00000, 0x0000000403c00000, 0x0000000404000000|  0%| F|  |TS  0|AC  0|TAMS 0x0000000403c00000, 0x0000000403c00000|
| 177|0x0000000404000000, 0x0000000404000000, 0x0000000404400000|  0%| F|  |TS  0|AC  0|TAMS 0x0000000404000000, 0x0000000404000000|
| 178|0x0000000404400000, 0x0000000404400000, 0x0000000404800000|  0%| F|  |TS  0|AC  0|TAMS 0x0000000404400000, 0x0000000404400000|
| 179|0x0000000404800000, 0x0000000404800000, 0x0000000404c00000|  0%| F|  |TS  0|AC  0|TAMS 0x0000000404800000, 0x0000000404800000|
| 180|0x0000000404c00000, 0x0000000404c00000, 0x0000000405000000|  0%| F|  |TS  0|AC  0|TAMS 0x0000000404c00000, 0x0000000404c00000|
| 181|0x0000000405000000, 0x0000000405000000, 0x0000000405400000|  0%| F|  |TS  0|AC  0|TAMS 0x0000000405000000, 0x0000000405000000|
| 182|0x0000000405400000, 0x0000000405400000, 0x0000000405800000|  0%| F|  |TS  0|AC  0|TAMS 0x0000000405400000, 0x0000000405400000|
| 183|0x0000000405800000, 0x0000000405800000, 0x0000000405c00000|  0%| F|  |TS  0|AC  0|TAMS 0x0000000405800000, 0x0000000405800000|
| 184|0x0000000405c00000, 0x0000000405c00000, 0x0000000406000000|  0%| F|  |TS  0|AC  0|TAMS 0x0000000405c00000, 0x0000000405c00000|
| 185|0x0000000406000000, 0x0000000406000000, 0x0000000406400000|  0%| F|  |TS  0|AC  0|TAMS 0x0000000406000000, 0x0000000406000000|
| 186|0x0000000406400000, 0x0000000406400000, 0x0000000406800000|  0%| F|  |TS  0|AC  0|TAMS 0x0000000406400000, 0x0000000406400000|
| 187|0x0000000406800000, 0x0000000406800000, 0x0000000406c00000|  0%| F|  |TS  0|AC  0|TAMS 0x0000000406800000, 0x0000000406800000|
| 188|0x0000000406c00000, 0x0000000406c00000, 0x0000000407000000|  0%| F|  |TS  0|AC  0|TAMS 0x0000000406c00000, 0x0000000406c00000|
| 189|0x0000000407000000, 0x0000000407000000, 0x0000000407400000|  0%| F|  |TS  0|AC  0|TAMS 0x0000000407000000, 0x0000000407000000|
| 190|0x0000000407400000, 0x0000000407400000, 0x0000000407800000|  0%| F|  |TS  0|AC  0|TAMS 0x0000000407400000, 0x0000000407400000|
| 191|0x0000000407800000, 0x0000000407800000, 0x0000000407c00000|  0%| F|  |TS  0|AC  0|TAMS 0x0000000407800000, 0x0000000407800000|
| 192|0x0000000407c00000, 0x0000000407c00000, 0x0000000408000000|  0%| F|  |TS  0|AC  0|TAMS 0x0000000407c00000, 0x0000000407c00000|
| 193|0x0000000408000000, 0x0000000408000000, 0x0000000408400000|  0%| F|  |TS  0|AC  0|TAMS 0x0000000408000000, 0x0000000408000000|
| 194|0x0000000408400000, 0x0000000408400000, 0x0000000408800000|  0%| F|  |TS  0|AC  0|TAMS 0x0000000408400000, 0x0000000408400000|
| 195|0x0000000408800000, 0x0000000408800000, 0x0000000408c00000|  0%| F|  |TS  0|AC  0|TAMS 0x0000000408800000, 0x0000000408800000|
| 196|0x0000000408c00000, 0x0000000408c00000, 0x0000000409000000|  0%| F|  |TS  0|AC  0|TAMS 0x0000000408c00000, 0x0000000408c00000|
| 197|0x0000000409000000, 0x0000000409000000, 0x0000000409400000|  0%| F|  |TS  0|AC  0|TAMS 0x0000000409000000, 0x0000000409000000|
| 198|0x0000000409400000, 0x0000000409400000, 0x0000000409800000|  0%| F|  |TS  0|AC  0|TAMS 0x0000000409400000, 0x0000000409400000|
| 199|0x0000000409800000, 0x0000000409800000, 0x0000000409c00000|  0%| F|  |TS  0|AC  0|TAMS 0x0000000409800000, 0x0000000409800000|
| 200|0x0000000409c00000, 0x0000000409c00000, 0x000000040a000000|  0%| F|  |TS  0|AC  0|TAMS 0x0000000409c00000, 0x0000000409c00000|
| 201|0x000000040a000000, 0x000000040a000000, 0x000000040a400000|  0%| F|  |TS  0|AC  0|TAMS 0x000000040a000000, 0x000000040a000000|
| 202|0x000000040a400000, 0x000000040a400000, 0x000000040a800000|  0%| F|  |TS  0|AC  0|TAMS 0x000000040a400000, 0x000000040a400000|
| 203|0x000000040a800000, 0x000000040a800000, 0x000000040ac00000|  0%| F|  |TS  0|AC  0|TAMS 0x000000040a800000, 0x000000040a800000|
| 204|0x000000040ac00000, 0x000000040ac00000, 0x000000040b000000|  0%| F|  |TS  0|AC  0|TAMS 0x000000040ac00000, 0x000000040ac00000|
| 205|0x000000040b000000, 0x000000040b000000, 0x000000040b400000|  0%| F|  |TS  0|AC  0|TAMS 0x000000040b000000, 0x000000040b000000|
| 206|0x000000040b400000, 0x000000040b400000, 0x000000040b800000|  0%| F|  |TS  0|AC  0|TAMS 0x000000040b400000, 0x000000040b400000|
| 207|0x000000040b800000, 0x000000040b800000, 0x000000040bc00000|  0%| F|  |TS  0|AC  0|TAMS 0x000000040b800000, 0x000000040b800000|
| 208|0x000000040bc00000, 0x000000040bc00000, 0x000000040c000000|  0%| F|  |TS  0|AC  0|TAMS 0x000000040bc00000, 0x000000040bc00000|
| 209|0x000000040c000000, 0x000000040c000000, 0x000000040c400000|  0%| F|  |TS  0|AC  0|TAMS 0x000000040c000000, 0x000000040c000000|
| 210|0x000000040c400000, 0x000000040c400000, 0x000000040c800000|  0%| F|  |TS  0|AC  0|TAMS 0x000000040c400000, 0x000000040c400000|
| 211|0x000000040c800000, 0x000000040c800000, 0x000000040cc00000|  0%| F|  |TS  0|AC  0|TAMS 0x000000040c800000, 0x000000040c800000|
| 212|0x000000040cc00000, 0x000000040cc00000, 0x000000040d000000|  0%| F|  |TS  0|AC  0|TAMS 0x000000040cc00000, 0x000000040cc00000|
| 213|0x000000040d000000, 0x000000040d000000, 0x000000040d400000|  0%| F|  |TS  0|AC  0|TAMS 0x000000040d000000, 0x000000040d000000|
| 214|0x000000040d400000, 0x000000040d400000, 0x000000040d800000|  0%| F|  |TS  0|AC  0|TAMS 0x000000040d400000, 0x000000040d400000|
| 215|0x000000040d800000, 0x000000040d800000, 0x000000040dc00000|  0%| F|  |TS  0|AC  0|TAMS 0x000000040d800000, 0x000000040d800000|
| 216|0x000000040dc00000, 0x000000040dc00000, 0x000000040e000000|  0%| F|  |TS  0|AC  0|TAMS 0x000000040dc00000, 0x000000040dc00000|
| 217|0x000000040e000000, 0x000000040e000000, 0x000000040e400000|  0%| F|  |TS  0|AC  0|TAMS 0x000000040e000000, 0x000000040e000000|
| 218|0x000000040e400000, 0x000000040e400000, 0x000000040e800000|  0%| F|  |TS  0|AC  0|TAMS 0x000000040e400000, 0x000000040e400000|
| 219|0x000000040e800000, 0x000000040e800000, 0x000000040ec00000|  0%| F|  |TS  0|AC  0|TAMS 0x000000040e800000, 0x000000040e800000|
| 220|0x000000040ec00000, 0x000000040ec00000, 0x000000040f000000|  0%| F|  |TS  0|AC  0|TAMS 0x000000040ec00000, 0x000000040ec00000|
| 221|0x000000040f000000, 0x000000040f000000, 0x000000040f400000|  0%| F|  |TS  0|AC  0|TAMS 0x000000040f000000, 0x000000040f000000|
| 222|0x000000040f400000, 0x000000040f400000, 0x000000040f800000|  0%| F|  |TS  0|AC  0|TAMS 0x000000040f400000, 0x000000040f400000|
| 223|0x000000040f800000, 0x000000040f800000, 0x000000040fc00000|  0%| F|  |TS  0|AC  0|TAMS 0x000000040f800000, 0x000000040f800000|
| 224|0x000000040fc00000, 0x000000040fc00000, 0x0000000410000000|  0%| F|  |TS  0|AC  0|TAMS 0x000000040fc00000, 0x000000040fc00000|
| 225|0x0000000410000000, 0x0000000410000000, 0x0000000410400000|  0%| F|  |TS  0|AC  0|TAMS 0x0000000410000000, 0x0000000410000000|
| 226|0x0000000410400000, 0x0000000410400000, 0x0000000410800000|  0%| F|  |TS  0|AC  0|TAMS 0x0000000410400000, 0x0000000410400000|
| 227|0x0000000410800000, 0x0000000410800000, 0x0000000410c00000|  0%| F|  |TS  0|AC  0|TAMS 0x0000000410800000, 0x0000000410800000|
| 228|0x0000000410c00000, 0x0000000410c00000, 0x0000000411000000|  0%| F|  |TS  0|AC  0|TAMS 0x0000000410c00000, 0x0000000410c00000|
| 229|0x0000000411000000, 0x0000000411000000, 0x0000000411400000|  0%| F|  |TS  0|AC  0|TAMS 0x0000000411000000, 0x0000000411000000|
| 230|0x0000000411400000, 0x0000000411400000, 0x0000000411800000|  0%| F|  |TS  0|AC  0|TAMS 0x0000000411400000, 0x0000000411400000|
| 231|0x0000000411800000, 0x0000000411800000, 0x0000000411c00000|  0%| F|  |TS  0|AC  0|TAMS 0x0000000411800000, 0x0000000411800000|
| 232|0x0000000411c00000, 0x0000000411c00000, 0x0000000412000000|  0%| F|  |TS  0|AC  0|TAMS 0x0000000411c00000, 0x0000000411c00000|
| 233|0x0000000412000000, 0x0000000412000000, 0x0000000412400000|  0%| F|  |TS  0|AC  0|TAMS 0x0000000412000000, 0x0000000412000000|
| 234|0x0000000412400000, 0x0000000412400000, 0x0000000412800000|  0%| F|  |TS  0|AC  0|TAMS 0x0000000412400000, 0x0000000412400000|
| 235|0x0000000412800000, 0x0000000412800000, 0x0000000412c00000|  0%| F|  |TS  0|AC  0|TAMS 0x0000000412800000, 0x0000000412800000|
| 236|0x0000000412c00000, 0x0000000412c00000, 0x0000000413000000|  0%| F|  |TS  0|AC  0|TAMS 0x0000000412c00000, 0x0000000412c00000|
| 237|0x0000000413000000, 0x0000000413000000, 0x0000000413400000|  0%| F|  |TS  0|AC  0|TAMS 0x0000000413000000, 0x0000000413000000|
| 238|0x0000000413400000, 0x0000000413400000, 0x0000000413800000|  0%| F|  |TS  0|AC  0|TAMS 0x0000000413400000, 0x0000000413400000|
| 239|0x0000000413800000, 0x0000000413800000, 0x0000000413c00000|  0%| F|  |TS  0|AC  0|TAMS 0x0000000413800000, 0x0000000413800000|
| 240|0x0000000413c00000, 0x0000000413c00000, 0x0000000414000000|  0%| F|  |TS  0|AC  0|TAMS 0x0000000413c00000, 0x0000000413c00000|
| 241|0x0000000414000000, 0x0000000414000000, 0x0000000414400000|  0%| F|  |TS  0|AC  0|TAMS 0x0000000414000000, 0x0000000414000000|
| 242|0x0000000414400000, 0x0000000414400000, 0x0000000414800000|  0%| F|  |TS  0|AC  0|TAMS 0x0000000414400000, 0x0000000414400000|
| 243|0x0000000414800000, 0x0000000414800000, 0x0000000414c00000|  0%| F|  |TS  0|AC  0|TAMS 0x0000000414800000, 0x0000000414800000|
| 244|0x0000000414c00000, 0x0000000414c00000, 0x0000000415000000|  0%| F|  |TS  0|AC  0|TAMS 0x0000000414c00000, 0x0000000414c00000|
| 245|0x0000000415000000, 0x0000000415000000, 0x0000000415400000|  0%| F|  |TS  0|AC  0|TAMS 0x0000000415000000, 0x0000000415000000|
| 246|0x0000000415400000, 0x0000000415400000, 0x0000000415800000|  0%| F|  |TS  0|AC  0|TAMS 0x0000000415400000, 0x0000000415400000|
| 247|0x0000000415800000, 0x0000000415bd7930, 0x0000000415c00000| 96%| E|  |TS  0|AC  0|TAMS 0x0000000415800000, 0x0000000415800000|
| 248|0x0000000415c00000, 0x0000000416000000, 0x0000000416000000|100%| E|CS|TS  0|AC  0|TAMS 0x0000000415c00000, 0x0000000415c00000|
| 249|0x0000000416000000, 0x0000000416400000, 0x0000000416400000|100%| E|CS|TS  0|AC  0|TAMS 0x0000000416000000, 0x0000000416000000|
| 250|0x0000000416400000, 0x0000000416800000, 0x0000000416800000|100%| E|CS|TS  0|AC  0|TAMS 0x0000000416400000, 0x0000000416400000|

Card table byte_map: [0x00007fc03017c000,0x00007fc0320be000] byte_map_base: 0x00007fc02e2be000

Marking Bits (Prev, Next): (CMBitMap*) 0x00007fc0f809e820, (CMBitMap*) 0x00007fc0f809e858
 Prev Bits: [0x00007fc01e82a000, 0x00007fc02e23a000)
 Next Bits: [0x00007fc00ee1a000, 0x00007fc01e82a000)

Polling page: 0x00007fc1002b6000

CodeHeap 'non-profiled nmethods': size=119172Kb used=161Kb max_used=161Kb free=119010Kb
 bounds [0x00007fc0e56e2000, 0x00007fc0e5952000, 0x00007fc0ecb43000]
CodeHeap 'profiled nmethods': size=119172Kb used=344Kb max_used=344Kb free=118827Kb
 bounds [0x00007fc0de281000, 0x00007fc0de4f1000, 0x00007fc0e56e2000]
CodeHeap 'non-nmethods': size=7416Kb used=2826Kb max_used=2871Kb free=4589Kb
 bounds [0x00007fc0ddb43000, 0x00007fc0dde23000, 0x00007fc0de281000]
 total_blobs=643 nmethods=258 adapters=168
 compilation: enabled

Compilation events (10 events):
Event: 0.406 Thread 0x00007fc0f82ad000 nmethod 247 0x00007fc0e56f8c90 code [0x00007fc0e56f8f00, 0x00007fc0e56fa388]
Event: 0.406 Thread 0x00007fc0f82ad000  258       4       java.lang.Long::toString (55 bytes)
Event: 0.408 Thread 0x00007fc0f82b4800 nmethod 248 0x00007fc0e56fad90 code [0x00007fc0e56fb000, 0x00007fc0e56fc128]
Event: 0.409 Thread 0x00007fc0f82af000 nmethod 242 0x00007fc0e56fca10 code [0x00007fc0e56fcc40, 0x00007fc0e56fdaa8]
Event: 0.412 Thread 0x00007fc0f82c0800 nmethod 250 0x00007fc0e56fe490 code [0x00007fc0e56fe6c0, 0x00007fc0e56ff488]
Event: 0.420 Thread 0x00007fc0f82ad000 nmethod 258 0x00007fc0e56ffb10 code [0x00007fc0e56ffcc0, 0x00007fc0e56fff18]
Event: 0.436 Thread 0x00007fc0f82be800 nmethod 253 0x00007fc0e5700110 code [0x00007fc0e57003e0, 0x00007fc0e5701ba0]
Event: 0.438 Thread 0x00007fc0f82b2800 nmethod 255 0x00007fc0e5702c90 code [0x00007fc0e5702fc0, 0x00007fc0e5705860]
Event: 0.451 Thread 0x00007fc0f82c2800 nmethod 254 0x00007fc0e5706c10 code [0x00007fc0e5706f20, 0x00007fc0e5709450]
Event: 0.536 Thread 0x00007fc0f82c8800  259 %     3       org.eclipse.core.runtime.adaptor.EclipseStarter::main @ 2740 (4449 bytes)

GC Heap History (0 events):
No events

Deoptimization events (0 events):
No events

Classes redefined (0 events):
No events

Internal exceptions (0 events):
No events

Events (10 events):
Event: 0.327 Thread 0x00007fc0f8011800 DEOPT PACKING pc=0x00007fc0de2b7524 sp=0x00007fc0fe960ce0
Event: 0.327 Thread 0x00007fc0f8011800 DEOPT UNPACKING pc=0x00007fc0ddb90aab sp=0x00007fc0fe9602c8 mode 0
Event: 0.329 Thread 0x00007fc0f8011800 DEOPT PACKING pc=0x00007fc0de2b7524 sp=0x00007fc0fe960ce0
Event: 0.329 Thread 0x00007fc0f8011800 DEOPT UNPACKING pc=0x00007fc0ddb90aab sp=0x00007fc0fe9602c8 mode 0
Event: 0.331 Thread 0x00007fc0f8011800 DEOPT PACKING pc=0x00007fc0de2b7524 sp=0x00007fc0fe960ce0
Event: 0.331 Thread 0x00007fc0f8011800 DEOPT UNPACKING pc=0x00007fc0ddb90aab sp=0x00007fc0fe9602c8 mode 0
Event: 0.332 Thread 0x00007fc0f8011800 DEOPT PACKING pc=0x00007fc0de2b7524 sp=0x00007fc0fe960ce0
Event: 0.332 Thread 0x00007fc0f8011800 DEOPT UNPACKING pc=0x00007fc0ddb90aab sp=0x00007fc0fe9602c8 mode 0
Event: 0.334 Thread 0x00007fc0f8011800 DEOPT PACKING pc=0x00007fc0de2b7524 sp=0x00007fc0fe960ce0
Event: 0.334 Thread 0x00007fc0f8011800 DEOPT UNPACKING pc=0x00007fc0ddb90aab sp=0x00007fc0fe9602c8 mode 0


Dynamic libraries:
00400000-00401000 r-xp 00000000 00:65 77077150                           /root/oracle/jdk-9.0.4/bin/java
00600000-00601000 rw-p 00000000 00:65 77077150                           /root/oracle/jdk-9.0.4/bin/java
00a38000-00a59000 rw-p 00000000 00:00 0                                  [heap]
3d7c00000-416800000 rw-p 00000000 00:00 0 
416800000-7c0000000 ---p 00000000 00:00 0 
7c0000000-7c0080000 rw-p 00000000 00:00 0 
7c0080000-800000000 ---p 00000000 00:00 0 
7fbf9c000000-7fbf9c021000 rw-p 00000000 00:00 0 
7fbf9c021000-7fbfa0000000 ---p 00000000 00:00 0 
7fbfa4000000-7fbfa4021000 rw-p 00000000 00:00 0 
7fbfa4021000-7fbfa8000000 ---p 00000000 00:00 0 
7fbfa8000000-7fbfa8021000 rw-p 00000000 00:00 0 
7fbfa8021000-7fbfac000000 ---p 00000000 00:00 0 
7fbfac000000-7fbfac021000 rw-p 00000000 00:00 0 
7fbfac021000-7fbfb0000000 ---p 00000000 00:00 0 
7fbfb0000000-7fbfb0021000 rw-p 00000000 00:00 0 
7fbfb0021000-7fbfb4000000 ---p 00000000 00:00 0 
7fbfb4000000-7fbfb4042000 rw-p 00000000 00:00 0 
7fbfb4042000-7fbfb8000000 ---p 00000000 00:00 0 
7fbfb8000000-7fbfb8068000 rw-p 00000000 00:00 0 
7fbfb8068000-7fbfbc000000 ---p 00000000 00:00 0 
7fbfbc000000-7fbfbc2fc000 rw-p 00000000 00:00 0 
7fbfbc2fc000-7fbfc0000000 ---p 00000000 00:00 0 
7fbfc0000000-7fbfc0054000 rw-p 00000000 00:00 0 
7fbfc0054000-7fbfc4000000 ---p 00000000 00:00 0 
7fbfc4000000-7fbfc422b000 rw-p 00000000 00:00 0 
7fbfc422b000-7fbfc8000000 ---p 00000000 00:00 0 
7fbfc8000000-7fbfc81f5000 rw-p 00000000 00:00 0 
7fbfc81f5000-7fbfcc000000 ---p 00000000 00:00 0 
7fbfcc000000-7fbfcc279000 rw-p 00000000 00:00 0 
7fbfcc279000-7fbfd0000000 ---p 00000000 00:00 0 
7fbfd0000000-7fbfd021c000 rw-p 00000000 00:00 0 
7fbfd021c000-7fbfd4000000 ---p 00000000 00:00 0 
7fbfd4000000-7fbfd415a000 rw-p 00000000 00:00 0 
7fbfd415a000-7fbfd8000000 ---p 00000000 00:00 0 
7fbfd8000000-7fbfd806f000 rw-p 00000000 00:00 0 
7fbfd806f000-7fbfdc000000 ---p 00000000 00:00 0 
7fbfdc000000-7fbfdc021000 rw-p 00000000 00:00 0 
7fbfdc021000-7fbfe0000000 ---p 00000000 00:00 0 
7fbfe0000000-7fbfe0386000 rw-p 00000000 00:00 0 
7fbfe0386000-7fbfe4000000 ---p 00000000 00:00 0 
7fbfe4000000-7fbfe4021000 rw-p 00000000 00:00 0 
7fbfe4021000-7fbfe8000000 ---p 00000000 00:00 0 
7fbfe8000000-7fbfe8021000 rw-p 00000000 00:00 0 
7fbfe8021000-7fbfec000000 ---p 00000000 00:00 0 
7fbfec000000-7fbfec021000 rw-p 00000000 00:00 0 
7fbfec021000-7fbff0000000 ---p 00000000 00:00 0 
7fbff0000000-7fbff0021000 rw-p 00000000 00:00 0 
7fbff0021000-7fbff4000000 ---p 00000000 00:00 0 
7fbff63ed000-7fbff671b000 rw-p 00000000 00:00 0 
7fbff671b000-7fbff671c000 ---p 00000000 00:00 0 
7fbff671c000-7fbff681d000 rw-p 00000000 00:00 0 
7fbff681d000-7fbff6821000 ---p 00000000 00:00 0 
7fbff6821000-7fbff691e000 rw-p 00000000 00:00 0 
7fbff691e000-7fbff6922000 ---p 00000000 00:00 0 
7fbff6922000-7fbff6a50000 rw-p 00000000 00:00 0 
7fbff6a50000-7fbff6a66000 r-xp 00000000 00:65 77077477                   /root/oracle/jdk-9.0.4/lib/libnet.so
7fbff6a66000-7fbff6c66000 ---p 00016000 00:65 77077477                   /root/oracle/jdk-9.0.4/lib/libnet.so
7fbff6c66000-7fbff6c67000 rw-p 00016000 00:65 77077477                   /root/oracle/jdk-9.0.4/lib/libnet.so
7fbff6c67000-7fbff6c77000 r-xp 00000000 00:65 77077594                   /root/oracle/jdk-9.0.4/lib/libnio.so
7fbff6c77000-7fbff6e77000 ---p 00010000 00:65 77077594                   /root/oracle/jdk-9.0.4/lib/libnio.so
7fbff6e77000-7fbff6e78000 rw-p 00010000 00:65 77077594                   /root/oracle/jdk-9.0.4/lib/libnio.so
7fbff6e78000-7fbff6e7c000 ---p 00000000 00:00 0 
7fbff6e7c000-7fbff6f79000 rw-p 00000000 00:00 0 
7fbff6f79000-7fbff6f7d000 ---p 00000000 00:00 0 
7fbff6f7d000-7fbff707a000 rw-p 00000000 00:00 0 
7fbff707a000-7fbff707e000 ---p 00000000 00:00 0 
7fbff707e000-7fbff717b000 rw-p 00000000 00:00 0 
7fbff717b000-7fbff717f000 ---p 00000000 00:00 0 
7fbff717f000-7fbff727c000 rw-p 00000000 00:00 0 
7fbff727c000-7fbff7280000 ---p 00000000 00:00 0 
7fbff7280000-7fbff737d000 rw-p 00000000 00:00 0 
7fbff737d000-7fbff7381000 ---p 00000000 00:00 0 
7fbff7381000-7fbff747e000 rw-p 00000000 00:00 0 
7fbff747e000-7fbff7482000 ---p 00000000 00:00 0 
7fbff7482000-7fbff757f000 rw-p 00000000 00:00 0 
7fbff757f000-7fbff7583000 ---p 00000000 00:00 0 
7fbff7583000-7fbff7680000 rw-p 00000000 00:00 0 
7fbff7680000-7fbff7684000 ---p 00000000 00:00 0 
7fbff7684000-7fbff7781000 rw-p 00000000 00:00 0 
7fbff7781000-7fbff7785000 ---p 00000000 00:00 0 
7fbff7785000-7fbff7882000 rw-p 00000000 00:00 0 
7fbff7882000-7fbff7886000 ---p 00000000 00:00 0 
7fbff7886000-7fbff7983000 rw-p 00000000 00:00 0 
7fbff7983000-7fbff7987000 ---p 00000000 00:00 0 
7fbff7987000-7fbff7a84000 rw-p 00000000 00:00 0 
7fbff7a84000-7fbff7a88000 ---p 00000000 00:00 0 
7fbff7a88000-7fbff7b85000 rw-p 00000000 00:00 0 
7fbff7b85000-7fbff7b89000 ---p 00000000 00:00 0 
7fbff7b89000-7fbff7c86000 rw-p 00000000 00:00 0 
7fbff7c86000-7fbff7c8a000 ---p 00000000 00:00 0 
7fbff7c8a000-7fbff7d87000 rw-p 00000000 00:00 0 
7fbff7d87000-7fbff7d8b000 ---p 00000000 00:00 0 
7fbff7d8b000-7fbff7e88000 rw-p 00000000 00:00 0 
7fbff7e88000-7fbff7e89000 ---p 00000000 00:00 0 
7fbff7e89000-7fbff8000000 rw-p 00000000 00:00 0 
7fbff8000000-7fbff8021000 rw-p 00000000 00:00 0 
7fbff8021000-7fbffc000000 ---p 00000000 00:00 0 
7fbffc000000-7fbffc021000 rw-p 00000000 00:00 0 
7fbffc021000-7fc000000000 ---p 00000000 00:00 0 
7fc000000000-7fc000021000 rw-p 00000000 00:00 0 
7fc000021000-7fc004000000 ---p 00000000 00:00 0 
7fc004000000-7fc004021000 rw-p 00000000 00:00 0 
7fc004021000-7fc008000000 ---p 00000000 00:00 0 
7fc008000000-7fc008021000 rw-p 00000000 00:00 0 
7fc008021000-7fc00c000000 ---p 00000000 00:00 0 
7fc00c014000-7fc00c454000 rw-p 00000000 00:00 0 
7fc00c454000-7fc00c814000 ---p 00000000 00:00 0 
7fc00c814000-7fc00ce1a000 rw-p 00000000 00:00 0 
7fc00ce1a000-7fc00ee1a000 rwxp 00000000 00:00 0 
7fc00ee1a000-7fc00fdca000 rw-p 00000000 00:00 0 
7fc00fdca000-7fc01e82a000 ---p 00000000 00:00 0 
7fc01e82a000-7fc01f7da000 rw-p 00000000 00:00 0 
7fc01f7da000-7fc02e23a000 ---p 00000000 00:00 0 
7fc02e23a000-7fc02e430000 rw-p 00000000 00:00 0 
7fc02e430000-7fc03017c000 ---p 00000000 00:00 0 
7fc03017c000-7fc030372000 rw-p 00000000 00:00 0 
7fc030372000-7fc034000000 ---p 00000000 00:00 0 
7fc034000000-7fc034021000 rw-p 00000000 00:00 0 
7fc034021000-7fc038000000 ---p 00000000 00:00 0 
7fc038000000-7fc038021000 rw-p 00000000 00:00 0 
7fc038021000-7fc03c000000 ---p 00000000 00:00 0 
7fc03c000000-7fc03c021000 rw-p 00000000 00:00 0 
7fc03c021000-7fc040000000 ---p 00000000 00:00 0 
7fc040000000-7fc040021000 rw-p 00000000 00:00 0 
7fc040021000-7fc044000000 ---p 00000000 00:00 0 
7fc044000000-7fc044021000 rw-p 00000000 00:00 0 
7fc044021000-7fc048000000 ---p 00000000 00:00 0 
7fc048000000-7fc048021000 rw-p 00000000 00:00 0 
7fc048021000-7fc04c000000 ---p 00000000 00:00 0 
7fc04c000000-7fc04c021000 rw-p 00000000 00:00 0 
7fc04c021000-7fc050000000 ---p 00000000 00:00 0 
7fc050000000-7fc050021000 rw-p 00000000 00:00 0 
7fc050021000-7fc054000000 ---p 00000000 00:00 0 
7fc054028000-7fc054eb9000 rw-p 00000000 00:00 0 
7fc054eb9000-7fc054eba000 ---p 00000000 00:00 0 
7fc054eba000-7fc054fbb000 rw-p 00000000 00:00 0 
7fc054fbb000-7fc054fbc000 ---p 00000000 00:00 0 
7fc054fbc000-7fc0550bd000 rw-p 00000000 00:00 0 
7fc0550bd000-7fc0550be000 ---p 00000000 00:00 0 
7fc0550be000-7fc0551bf000 rw-p 00000000 00:00 0 
7fc0551bf000-7fc0551c0000 ---p 00000000 00:00 0 
7fc0551c0000-7fc0552c1000 rw-p 00000000 00:00 0 
7fc0552c1000-7fc0552c2000 ---p 00000000 00:00 0 
7fc0552c2000-7fc0553c3000 rw-p 00000000 00:00 0 
7fc0553c3000-7fc0553c4000 ---p 00000000 00:00 0 
7fc0553c4000-7fc055ba6000 rw-p 00000000 00:00 0 
7fc055ba6000-7fc0578f2000 ---p 00000000 00:00 0 
7fc0578f2000-7fc0578f3000 ---p 00000000 00:00 0 
7fc0578f3000-7fc0579f4000 rw-p 00000000 00:00 0 
7fc0579f4000-7fc0579f5000 ---p 00000000 00:00 0 
7fc0579f5000-7fc057af6000 rw-p 00000000 00:00 0 
7fc057af6000-7fc057af7000 ---p 00000000 00:00 0 
7fc057af7000-7fc057bf8000 rw-p 00000000 00:00 0 
7fc057bf8000-7fc057bf9000 ---p 00000000 00:00 0 
7fc057bf9000-7fc057cfa000 rw-p 00000000 00:00 0 
7fc057cfa000-7fc057cfb000 ---p 00000000 00:00 0 
7fc057cfb000-7fc057dfc000 rw-p 00000000 00:00 0 
7fc057dfc000-7fc057dfd000 ---p 00000000 00:00 0 
7fc057dfd000-7fc057efe000 rw-p 00000000 00:00 0 
7fc057efe000-7fc057eff000 ---p 00000000 00:00 0 
7fc057eff000-7fc058000000 rw-p 00000000 00:00 0 
7fc058000000-7fc058021000 rw-p 00000000 00:00 0 
7fc058021000-7fc05c000000 ---p 00000000 00:00 0 
7fc05c000000-7fc05c021000 rw-p 00000000 00:00 0 
7fc05c021000-7fc060000000 ---p 00000000 00:00 0 
7fc060000000-7fc060021000 rw-p 00000000 00:00 0 
7fc060021000-7fc064000000 ---p 00000000 00:00 0 
7fc064000000-7fc064021000 rw-p 00000000 00:00 0 
7fc064021000-7fc068000000 ---p 00000000 00:00 0 
7fc068000000-7fc068021000 rw-p 00000000 00:00 0 
7fc068021000-7fc06c000000 ---p 00000000 00:00 0 
7fc06c000000-7fc06c021000 rw-p 00000000 00:00 0 
7fc06c021000-7fc070000000 ---p 00000000 00:00 0 
7fc070000000-7fc070021000 rw-p 00000000 00:00 0 
7fc070021000-7fc074000000 ---p 00000000 00:00 0 
7fc074000000-7fc074021000 rw-p 00000000 00:00 0 
7fc074021000-7fc078000000 ---p 00000000 00:00 0 
7fc078000000-7fc078021000 rw-p 00000000 00:00 0 
7fc078021000-7fc07c000000 ---p 00000000 00:00 0 
7fc07c000000-7fc07c021000 rw-p 00000000 00:00 0 
7fc07c021000-7fc080000000 ---p 00000000 00:00 0 
7fc080000000-7fc080021000 rw-p 00000000 00:00 0 
7fc080021000-7fc084000000 ---p 00000000 00:00 0 
7fc084000000-7fc084021000 rw-p 00000000 00:00 0 
7fc084021000-7fc088000000 ---p 00000000 00:00 0 
7fc088000000-7fc088021000 rw-p 00000000 00:00 0 
7fc088021000-7fc08c000000 ---p 00000000 00:00 0 
7fc08c000000-7fc08c021000 rw-p 00000000 00:00 0 
7fc08c021000-7fc090000000 ---p 00000000 00:00 0 
7fc090000000-7fc090021000 rw-p 00000000 00:00 0 
7fc090021000-7fc094000000 ---p 00000000 00:00 0 
7fc094000000-7fc094021000 rw-p 00000000 00:00 0 
7fc094021000-7fc098000000 ---p 00000000 00:00 0 
7fc098000000-7fc098021000 rw-p 00000000 00:00 0 
7fc098021000-7fc09c000000 ---p 00000000 00:00 0 
7fc09c000000-7fc09c021000 rw-p 00000000 00:00 0 
7fc09c021000-7fc0a0000000 ---p 00000000 00:00 0 
7fc0a0000000-7fc0a0021000 rw-p 00000000 00:00 0 
7fc0a0021000-7fc0a4000000 ---p 00000000 00:00 0 
7fc0a4000000-7fc0a4021000 rw-p 00000000 00:00 0 
7fc0a4021000-7fc0a8000000 ---p 00000000 00:00 0 
7fc0a8000000-7fc0a8021000 rw-p 00000000 00:00 0 
7fc0a8021000-7fc0ac000000 ---p 00000000 00:00 0 
7fc0ac000000-7fc0ac021000 rw-p 00000000 00:00 0 
7fc0ac021000-7fc0b0000000 ---p 00000000 00:00 0 
7fc0b0000000-7fc0b0021000 rw-p 00000000 00:00 0 
7fc0b0021000-7fc0b4000000 ---p 00000000 00:00 0 
7fc0b4000000-7fc0b4021000 rw-p 00000000 00:00 0 
7fc0b4021000-7fc0b8000000 ---p 00000000 00:00 0 
7fc0b8000000-7fc0b8021000 rw-p 00000000 00:00 0 
7fc0b8021000-7fc0bc000000 ---p 00000000 00:00 0 
7fc0bc000000-7fc0bc021000 rw-p 00000000 00:00 0 
7fc0bc021000-7fc0c0000000 ---p 00000000 00:00 0 
7fc0c0000000-7fc0c0021000 rw-p 00000000 00:00 0 
7fc0c0021000-7fc0c4000000 ---p 00000000 00:00 0 
7fc0c4000000-7fc0c4021000 rw-p 00000000 00:00 0 
7fc0c4021000-7fc0c8000000 ---p 00000000 00:00 0 
7fc0c8000000-7fc0c8021000 rw-p 00000000 00:00 0 
7fc0c8021000-7fc0cc000000 ---p 00000000 00:00 0 
7fc0cc000000-7fc0cc021000 rw-p 00000000 00:00 0 
7fc0cc021000-7fc0d0000000 ---p 00000000 00:00 0 
7fc0d0000000-7fc0d0021000 rw-p 00000000 00:00 0 
7fc0d0021000-7fc0d4000000 ---p 00000000 00:00 0 
7fc0d4000000-7fc0d4021000 rw-p 00000000 00:00 0 
7fc0d4021000-7fc0d8000000 ---p 00000000 00:00 0 
7fc0d8000000-7fc0d8021000 rw-p 00000000 00:00 0 
7fc0d8021000-7fc0dc000000 ---p 00000000 00:00 0 
7fc0dc01a000-7fc0dc01b000 ---p 00000000 00:00 0 
7fc0dc01b000-7fc0dc11c000 rw-p 00000000 00:00 0 
7fc0dc11c000-7fc0dc11d000 ---p 00000000 00:00 0 
7fc0dc11d000-7fc0dc21e000 rw-p 00000000 00:00 0 
7fc0dc21e000-7fc0dc21f000 ---p 00000000 00:00 0 
7fc0dc21f000-7fc0dc320000 rw-p 00000000 00:00 0 
7fc0dc320000-7fc0dc321000 ---p 00000000 00:00 0 
7fc0dc321000-7fc0dc422000 rw-p 00000000 00:00 0 
7fc0dc422000-7fc0dc423000 ---p 00000000 00:00 0 
7fc0dc423000-7fc0dc524000 rw-p 00000000 00:00 0 
7fc0dc524000-7fc0dc525000 ---p 00000000 00:00 0 
7fc0dc525000-7fc0dc626000 rw-p 00000000 00:00 0 
7fc0dc626000-7fc0dc627000 ---p 00000000 00:00 0 
7fc0dc627000-7fc0dc728000 rw-p 00000000 00:00 0 
7fc0dc728000-7fc0dc729000 ---p 00000000 00:00 0 
7fc0dc729000-7fc0dc82a000 rw-p 00000000 00:00 0 
7fc0dc82a000-7fc0dc82b000 ---p 00000000 00:00 0 
7fc0dc82b000-7fc0dc92c000 rw-p 00000000 00:00 0 
7fc0dc92c000-7fc0dc92d000 ---p 00000000 00:00 0 
7fc0dc92d000-7fc0dca2e000 rw-p 00000000 00:00 0 
7fc0dca2e000-7fc0dca2f000 ---p 00000000 00:00 0 
7fc0dca2f000-7fc0dcb30000 rw-p 00000000 00:00 0 
7fc0dcb30000-7fc0dcb31000 ---p 00000000 00:00 0 
7fc0dcb31000-7fc0dcc32000 rw-p 00000000 00:00 0 
7fc0dcc32000-7fc0dcc33000 ---p 00000000 00:00 0 
7fc0dcc33000-7fc0dcd34000 rw-p 00000000 00:00 0 
7fc0dcd34000-7fc0dcd35000 ---p 00000000 00:00 0 
7fc0dcd35000-7fc0ddb43000 rw-p 00000000 00:00 0 
7fc0ddb43000-7fc0dde23000 rwxp 00000000 00:00 0 
7fc0dde23000-7fc0de281000 ---p 00000000 00:00 0 
7fc0de281000-7fc0de4f1000 rwxp 00000000 00:00 0 
7fc0de4f1000-7fc0e56e2000 ---p 00000000 00:00 0 
7fc0e56e2000-7fc0e5952000 rwxp 00000000 00:00 0 
7fc0e5952000-7fc0ecb43000 ---p 00000000 00:00 0 
7fc0ecb43000-7fc0f8000000 r--s 00000000 00:65 77077560                   /root/oracle/jdk-9.0.4/lib/modules
7fc0f8000000-7fc0f8401000 rw-p 00000000 00:00 0 
7fc0f8401000-7fc0fc000000 ---p 00000000 00:00 0 
7fc0fc011000-7fc0fc796000 rw-p 00000000 00:00 0 
7fc0fc796000-7fc0fc797000 ---p 00000000 00:00 0 
7fc0fc797000-7fc0fc898000 rw-p 00000000 00:00 0 
7fc0fc898000-7fc0fc899000 ---p 00000000 00:00 0 
7fc0fc899000-7fc0fc99a000 rw-p 00000000 00:00 0 
7fc0fc99a000-7fc0fc99b000 ---p 00000000 00:00 0 
7fc0fc99b000-7fc0fca9c000 rw-p 00000000 00:00 0 
7fc0fca9c000-7fc0fca9d000 ---p 00000000 00:00 0 
7fc0fca9d000-7fc0fcb9e000 rw-p 00000000 00:00 0 
7fc0fcb9e000-7fc0fcb9f000 ---p 00000000 00:00 0 
7fc0fcb9f000-7fc0fcca0000 rw-p 00000000 00:00 0 
7fc0fcca0000-7fc0fcca1000 ---p 00000000 00:00 0 
7fc0fcca1000-7fc0fcda2000 rw-p 00000000 00:00 0 
7fc0fcda2000-7fc0fcda3000 ---p 00000000 00:00 0 
7fc0fcda3000-7fc0fcea4000 rw-p 00000000 00:00 0 
7fc0fcea4000-7fc0fcea5000 ---p 00000000 00:00 0 
7fc0fcea5000-7fc0fcfa6000 rw-p 00000000 00:00 0 
7fc0fcfa6000-7fc0fcfa7000 ---p 00000000 00:00 0 
7fc0fcfa7000-7fc0fd0a8000 rw-p 00000000 00:00 0 
7fc0fd0a8000-7fc0fd0a9000 ---p 00000000 00:00 0 
7fc0fd0a9000-7fc0fd1aa000 rw-p 00000000 00:00 0 
7fc0fd1aa000-7fc0fd1ab000 ---p 00000000 00:00 0 
7fc0fd1ab000-7fc0fd2ac000 rw-p 00000000 00:00 0 
7fc0fd2ac000-7fc0fd2ad000 ---p 00000000 00:00 0 
7fc0fd2ad000-7fc0fd3ae000 rw-p 00000000 00:00 0 
7fc0fd3ae000-7fc0fd3af000 ---p 00000000 00:00 0 
7fc0fd3af000-7fc0fd4b0000 rw-p 00000000 00:00 0 
7fc0fd4b0000-7fc0fd4b1000 ---p 00000000 00:00 0 
7fc0fd4b1000-7fc0fd5b2000 rw-p 00000000 00:00 0 
7fc0fd5b2000-7fc0fd5b3000 ---p 00000000 00:00 0 
7fc0fd5b3000-7fc0fd6b4000 rw-p 00000000 00:00 0 
7fc0fd6b4000-7fc0fd6b5000 ---p 00000000 00:00 0 
7fc0fd6b5000-7fc0fd7b6000 rw-p 00000000 00:00 0 
7fc0fd7b6000-7fc0fd7b7000 ---p 00000000 00:00 0 
7fc0fd7b7000-7fc0fd8b8000 rw-p 00000000 00:00 0 
7fc0fd8b8000-7fc0fd8b9000 ---p 00000000 00:00 0 
7fc0fd8b9000-7fc0fd9ba000 rw-p 00000000 00:00 0 
7fc0fd9ba000-7fc0fd9bb000 ---p 00000000 00:00 0 
7fc0fd9bb000-7fc0fdabc000 rw-p 00000000 00:00 0 
7fc0fdabc000-7fc0fdabd000 ---p 00000000 00:00 0 
7fc0fdabd000-7fc0fdbc3000 rw-p 00000000 00:00 0 
7fc0fdbc3000-7fc0fdca7000 ---p 00000000 00:00 0 
7fc0fdca7000-7fc0fdcac000 rw-p 00000000 00:00 0 
7fc0fdcac000-7fc0fdd90000 ---p 00000000 00:00 0 
7fc0fdd90000-7fc0fdd96000 rw-p 00000000 00:00 0 
7fc0fdd96000-7fc0fdd9f000 ---p 00000000 00:00 0 
7fc0fdd9f000-7fc0fddef000 rw-p 00000000 00:00 0 
7fc0fddef000-7fc0fdfcc000 r--s 03e31000 00:65 101727669                  /usr/local/java/jdk1.8.0_301/jre/lib/rt.jar
7fc0fdfcc000-7fc0fdfe6000 r-xp 00000000 00:65 77077435                   /root/oracle/jdk-9.0.4/lib/libjimage.so
7fc0fdfe6000-7fc0fe1e5000 ---p 0001a000 00:65 77077435                   /root/oracle/jdk-9.0.4/lib/libjimage.so
7fc0fe1e5000-7fc0fe1e7000 rw-p 00019000 00:65 77077435                   /root/oracle/jdk-9.0.4/lib/libjimage.so
7fc0fe1e7000-7fc0fe1f9000 rw-p 00000000 00:00 0 
7fc0fe1f9000-7fc0fe200000 r-xp 00000000 00:65 77083131                   /root/oracle/jdk-9.0.4/lib/libzip.so
7fc0fe200000-7fc0fe3ff000 ---p 00007000 00:65 77083131                   /root/oracle/jdk-9.0.4/lib/libzip.so
7fc0fe3ff000-7fc0fe400000 rw-p 00006000 00:65 77083131                   /root/oracle/jdk-9.0.4/lib/libzip.so
7fc0fe400000-7fc0fe403000 r--p 00000000 00:65 165034530                  /usr/lib/x86_64-linux-gnu/libnss_files-2.31.so
7fc0fe403000-7fc0fe40a000 r-xp 00003000 00:65 165034530                  /usr/lib/x86_64-linux-gnu/libnss_files-2.31.so
7fc0fe40a000-7fc0fe40c000 r--p 0000a000 00:65 165034530                  /usr/lib/x86_64-linux-gnu/libnss_files-2.31.so
7fc0fe40c000-7fc0fe40d000 r--p 0000b000 00:65 165034530                  /usr/lib/x86_64-linux-gnu/libnss_files-2.31.so
7fc0fe40d000-7fc0fe40e000 rw-p 0000c000 00:65 165034530                  /usr/lib/x86_64-linux-gnu/libnss_files-2.31.so
7fc0fe40e000-7fc0fe414000 rw-p 00000000 00:00 0 
7fc0fe41c000-7fc0fe41d000 rw-p 00000000 00:00 0 
7fc0fe41d000-7fc0fe448000 r-xp 00000000 00:65 77077470                   /root/oracle/jdk-9.0.4/lib/libjava.so
7fc0fe448000-7fc0fe647000 ---p 0002b000 00:65 77077470                   /root/oracle/jdk-9.0.4/lib/libjava.so
7fc0fe647000-7fc0fe649000 rw-p 0002a000 00:65 77077470                   /root/oracle/jdk-9.0.4/lib/libjava.so
7fc0fe649000-7fc0fe656000 r-xp 00000000 00:65 77077494                   /root/oracle/jdk-9.0.4/lib/libverify.so
7fc0fe656000-7fc0fe855000 ---p 0000d000 00:65 77077494                   /root/oracle/jdk-9.0.4/lib/libverify.so
7fc0fe855000-7fc0fe857000 rw-p 0000c000 00:65 77077494                   /root/oracle/jdk-9.0.4/lib/libverify.so
7fc0fe857000-7fc0fe85a000 r--p 00000000 00:65 165034636                  /usr/lib/x86_64-linux-gnu/librt-2.31.so
7fc0fe85a000-7fc0fe85e000 r-xp 00003000 00:65 165034636                  /usr/lib/x86_64-linux-gnu/librt-2.31.so
7fc0fe85e000-7fc0fe85f000 r--p 00007000 00:65 165034636                  /usr/lib/x86_64-linux-gnu/librt-2.31.so
7fc0fe85f000-7fc0fe860000 ---p 00008000 00:65 165034636                  /usr/lib/x86_64-linux-gnu/librt-2.31.so
7fc0fe860000-7fc0fe861000 r--p 00008000 00:65 165034636                  /usr/lib/x86_64-linux-gnu/librt-2.31.so
7fc0fe861000-7fc0fe862000 rw-p 00009000 00:65 165034636                  /usr/lib/x86_64-linux-gnu/librt-2.31.so
7fc0fe862000-7fc0fe863000 ---p 00000000 00:00 0 
7fc0fe863000-7fc0fe864000 rw-p 00000000 00:00 0 
7fc0fe864000-7fc0fe868000 ---p 00000000 00:00 0 
7fc0fe868000-7fc0fe963000 rw-p 00000000 00:00 0 
7fc0fe963000-7fc0fe972000 r--p 00000000 00:65 165034468                  /usr/lib/x86_64-linux-gnu/libm-2.31.so
7fc0fe972000-7fc0fea19000 r-xp 0000f000 00:65 165034468                  /usr/lib/x86_64-linux-gnu/libm-2.31.so
7fc0fea19000-7fc0feab0000 r--p 000b6000 00:65 165034468                  /usr/lib/x86_64-linux-gnu/libm-2.31.so
7fc0feab0000-7fc0feab1000 r--p 0014c000 00:65 165034468                  /usr/lib/x86_64-linux-gnu/libm-2.31.so
7fc0feab1000-7fc0feab2000 rw-p 0014d000 00:65 165034468                  /usr/lib/x86_64-linux-gnu/libm-2.31.so
7fc0feab2000-7fc0ffac7000 r-xp 00000000 00:65 77083135                   /root/oracle/jdk-9.0.4/lib/server/libjvm.so
7fc0ffac7000-7fc0ffcc6000 ---p 01015000 00:65 77083135                   /root/oracle/jdk-9.0.4/lib/server/libjvm.so
7fc0ffcc6000-7fc0ffd97000 r--p 01014000 00:65 77083135                   /root/oracle/jdk-9.0.4/lib/server/libjvm.so
7fc0ffd97000-7fc0ffdce000 rw-p 010e5000 00:65 77083135                   /root/oracle/jdk-9.0.4/lib/server/libjvm.so
7fc0ffdce000-7fc0ffe39000 rw-p 00000000 00:00 0 
7fc0ffe39000-7fc0ffe5e000 r--p 00000000 00:65 165034165                  /usr/lib/x86_64-linux-gnu/libc-2.31.so
7fc0ffe5e000-7fc0fffd6000 r-xp 00025000 00:65 165034165                  /usr/lib/x86_64-linux-gnu/libc-2.31.so
7fc0fffd6000-7fc100020000 r--p 0019d000 00:65 165034165                  /usr/lib/x86_64-linux-gnu/libc-2.31.so
7fc100020000-7fc100021000 ---p 001e7000 00:65 165034165                  /usr/lib/x86_64-linux-gnu/libc-2.31.so
7fc100021000-7fc100024000 r--p 001e7000 00:65 165034165                  /usr/lib/x86_64-linux-gnu/libc-2.31.so
7fc100024000-7fc100027000 rw-p 001ea000 00:65 165034165                  /usr/lib/x86_64-linux-gnu/libc-2.31.so
7fc100027000-7fc10002b000 rw-p 00000000 00:00 0 
7fc10002b000-7fc10002c000 r--p 00000000 00:65 165034236                  /usr/lib/x86_64-linux-gnu/libdl-2.31.so
7fc10002c000-7fc10002e000 r-xp 00001000 00:65 165034236                  /usr/lib/x86_64-linux-gnu/libdl-2.31.so
7fc10002e000-7fc10002f000 r--p 00003000 00:65 165034236                  /usr/lib/x86_64-linux-gnu/libdl-2.31.so
7fc10002f000-7fc100030000 r--p 00003000 00:65 165034236                  /usr/lib/x86_64-linux-gnu/libdl-2.31.so
7fc100030000-7fc100031000 rw-p 00004000 00:65 165034236                  /usr/lib/x86_64-linux-gnu/libdl-2.31.so
7fc100031000-7fc10003f000 r-xp 00000000 00:65 77083142                   /root/oracle/jdk-9.0.4/lib/jli/libjli.so
7fc10003f000-7fc10023f000 ---p 0000e000 00:65 77083142                   /root/oracle/jdk-9.0.4/lib/jli/libjli.so
7fc10023f000-7fc100240000 rw-p 0000e000 00:65 77083142                   /root/oracle/jdk-9.0.4/lib/jli/libjli.so
7fc100240000-7fc100247000 r--p 00000000 00:65 165034610                  /usr/lib/x86_64-linux-gnu/libpthread-2.31.so
7fc100247000-7fc100258000 r-xp 00007000 00:65 165034610                  /usr/lib/x86_64-linux-gnu/libpthread-2.31.so
7fc100258000-7fc10025d000 r--p 00018000 00:65 165034610                  /usr/lib/x86_64-linux-gnu/libpthread-2.31.so
7fc10025d000-7fc10025e000 r--p 0001c000 00:65 165034610                  /usr/lib/x86_64-linux-gnu/libpthread-2.31.so
7fc10025e000-7fc10025f000 rw-p 0001d000 00:65 165034610                  /usr/lib/x86_64-linux-gnu/libpthread-2.31.so
7fc10025f000-7fc100263000 rw-p 00000000 00:00 0 
7fc100263000-7fc100265000 r--p 00000000 00:65 165034796                  /usr/lib/x86_64-linux-gnu/libz.so.1.2.11
7fc100265000-7fc100276000 r-xp 00002000 00:65 165034796                  /usr/lib/x86_64-linux-gnu/libz.so.1.2.11
7fc100276000-7fc10027c000 r--p 00013000 00:65 165034796                  /usr/lib/x86_64-linux-gnu/libz.so.1.2.11
7fc10027c000-7fc10027d000 ---p 00019000 00:65 165034796                  /usr/lib/x86_64-linux-gnu/libz.so.1.2.11
7fc10027d000-7fc10027e000 r--p 00019000 00:65 165034796                  /usr/lib/x86_64-linux-gnu/libz.so.1.2.11
7fc10027e000-7fc10027f000 rw-p 0001a000 00:65 165034796                  /usr/lib/x86_64-linux-gnu/libz.so.1.2.11
7fc10027f000-7fc100287000 rw-s 00000000 00:65 71965686                   /tmp/hsperfdata_root/32473
7fc100287000-7fc10028a000 rw-p 00000000 00:00 0 
7fc10028a000-7fc10028b000 r--p 00000000 00:65 165033992                  /usr/lib/x86_64-linux-gnu/ld-2.31.so
7fc10028b000-7fc1002ae000 r-xp 00001000 00:65 165033992                  /usr/lib/x86_64-linux-gnu/ld-2.31.so
7fc1002ae000-7fc1002b6000 r--p 00024000 00:65 165033992                  /usr/lib/x86_64-linux-gnu/ld-2.31.so
7fc1002b6000-7fc1002b7000 r--p 00000000 00:00 0 
7fc1002b7000-7fc1002b8000 r--p 0002c000 00:65 165033992                  /usr/lib/x86_64-linux-gnu/ld-2.31.so
7fc1002b8000-7fc1002b9000 rw-p 0002d000 00:65 165033992                  /usr/lib/x86_64-linux-gnu/ld-2.31.so
7fc1002b9000-7fc1002ba000 rw-p 00000000 00:00 0 
7fff46dc5000-7fff46de6000 rw-p 00000000 00:00 0                          [stack]
7fff46dfa000-7fff46dfd000 r--p 00000000 00:00 0                          [vvar]
7fff46dfd000-7fff46dfe000 r-xp 00000000 00:00 0                          [vdso]
ffffffffff600000-ffffffffff601000 --xp 00000000 00:00 0                  [vsyscall]

VM Arguments:
jvm_args: -Xbootclasspath/a:/usr/local/java/jdk1.8.0_301/jre/lib/rt.jar -Xverify:none 
java_command: org.eclipse.core.runtime.adaptor.EclipseStarter -debug
java_class_path (initial): ./sootOutput/eclipse/
Launcher Type: SUN_STANDARD

Logging:
Log output configuration:
#0: stdout all=warning uptime,level,tags
#1: stderr all=off uptime,level,tags

Environment Variables:
JAVA_HOME=/root/oracle/jdk-9.0.4
JRE_HOME=/root/oracle/jdk-9.0.4
CLASSPATH=.:/root/oracle/jdk-9.0.4/lib:/JVMfuzzing/htm/CFSynthesis/resource/commons-lang3-3.12.0/commons-lang3-3.12.0.jar
PATH=/root/oracle/jdk-9.0.4/bin:/root/.vscode-server/bin/da76f93349a72022ca4670c1b84860304616aaa2/bin/remote-cli:/root/oracle/jdk-9.0.4/bin:/usr/local/sbin:/usr/local/bin:/usr/sbin:/usr/bin:/sbin:/bin:/usr/games:/usr/local/games:/snap/bin
SHELL=/bin/bash

Signal Handlers:
SIGSEGV: [libjvm.so+0xd4d370], sa_mask[0]=11111111011111111101111111111110, sa_flags=SA_RESTART|SA_SIGINFO
SIGBUS: [libjvm.so+0xd4d370], sa_mask[0]=11111111011111111101111111111110, sa_flags=SA_RESTART|SA_SIGINFO
SIGFPE: [libjvm.so+0xd4d370], sa_mask[0]=11111111011111111101111111111110, sa_flags=SA_RESTART|SA_SIGINFO
SIGPIPE: [libjvm.so+0xb64780], sa_mask[0]=11111111011111111101111111111110, sa_flags=SA_RESTART|SA_SIGINFO
SIGXFSZ: [libjvm.so+0xb64780], sa_mask[0]=11111111011111111101111111111110, sa_flags=SA_RESTART|SA_SIGINFO
SIGILL: [libjvm.so+0xd4d370], sa_mask[0]=11111111011111111101111111111110, sa_flags=SA_RESTART|SA_SIGINFO
SIGUSR2: [libjvm.so+0xb64640], sa_mask[0]=00100000000000000000000000000000, sa_flags=SA_RESTART|SA_SIGINFO
SIGHUP: [libjvm.so+0xb64850], sa_mask[0]=11111111011111111101111111111110, sa_flags=SA_RESTART|SA_SIGINFO
SIGINT: [libjvm.so+0xb64850], sa_mask[0]=11111111011111111101111111111110, sa_flags=SA_RESTART|SA_SIGINFO
SIGTERM: [libjvm.so+0xb64850], sa_mask[0]=11111111011111111101111111111110, sa_flags=SA_RESTART|SA_SIGINFO
SIGQUIT: [libjvm.so+0xb64850], sa_mask[0]=11111111011111111101111111111110, sa_flags=SA_RESTART|SA_SIGINFO


---------------  S Y S T E M  ---------------

OS:DISTRIB_ID=Ubuntu
DISTRIB_RELEASE=20.04
DISTRIB_CODENAME=focal
DISTRIB_DESCRIPTION="Ubuntu 20.04.3 LTS"
uname:Linux 5.4.0-124-generic #140~18.04.1-Ubuntu SMP Fri Aug 5 11:43:34 UTC 2022 x86_64
libc:glibc 2.31 NPTL 2.31 
rlimit: STACK 8192k, CORE infinity, NPROC infinity, NOFILE 1048576, AS infinity
load average:38.51 39.30 38.60

/proc/meminfo:
MemTotal:       65549624 kB
MemFree:         8749408 kB
MemAvailable:   35669456 kB
Buffers:         5872280 kB
Cached:          3532072 kB
SwapCached:         8092 kB
Active:         30321096 kB
Inactive:        6284544 kB
Active(anon):   23204420 kB
Inactive(anon):  4018028 kB
Active(file):    7116676 kB
Inactive(file):  2266516 kB
Unevictable:          16 kB
Mlocked:              16 kB
SwapTotal:       2097148 kB
SwapFree:              0 kB
Dirty:             29800 kB
Writeback:             0 kB
AnonPages:      27192964 kB
Mapped:           838140 kB
Shmem:             25608 kB
KReclaimable:   18268780 kB
Slab:           19438284 kB
SReclaimable:   18268780 kB
SUnreclaim:      1169504 kB
KernelStack:       79640 kB
PageTables:       237048 kB
NFS_Unstable:          0 kB
Bounce:                0 kB
WritebackTmp:          0 kB
CommitLimit:    34871960 kB
Committed_AS:   82277892 kB
VmallocTotal:   34359738367 kB
VmallocUsed:      162528 kB
VmallocChunk:          0 kB
Percpu:            32512 kB
HardwareCorrupted:     0 kB
AnonHugePages:         0 kB
ShmemHugePages:        0 kB
ShmemPmdMapped:        0 kB
FileHugePages:         0 kB
FilePmdMapped:         0 kB
CmaTotal:              0 kB
CmaFree:               0 kB
HugePages_Total:       0
HugePages_Free:        0
HugePages_Rsvd:        0
HugePages_Surp:        0
Hugepagesize:       2048 kB
Hugetlb:               0 kB
DirectMap4k:    15497632 kB
DirectMap2M:    51298304 kB
DirectMap1G:           0 kB


CPU:total 28 (initial active 28) (14 cores per cpu, 2 threads per core) family 6 model 85 stepping 4, cmov, cx8, fxsr, mmx, sse, sse2, sse3, ssse3, sse4.1, sse4.2, popcnt, avx, avx2, aes, clmul, erms, rtm, 3dnowpref, lzcnt, ht, tsc, tscinvbit, bmi1, bmi2, adx, fma
CPU Model and flags from /proc/cpuinfo:
model name	: Intel(R) Core(TM) i9-9940X CPU @ 3.30GHz
flags		: fpu vme de pse tsc msr pae mce cx8 apic sep mtrr pge mca cmov pat pse36 clflush dts acpi mmx fxsr sse sse2 ss ht tm pbe syscall nx pdpe1gb rdtscp lm constant_tsc art arch_perfmon pebs bts rep_good nopl xtopology nonstop_tsc cpuid aperfmperf pni pclmulqdq dtes64 monitor ds_cpl vmx est tm2 ssse3 sdbg fma cx16 xtpr pdcm pcid dca sse4_1 sse4_2 x2apic movbe popcnt tsc_deadline_timer aes xsave avx f16c rdrand lahf_lm abm 3dnowprefetch cpuid_fault epb cat_l3 cdp_l3 invpcid_single pti ssbd mba ibrs ibpb stibp tpr_shadow vnmi flexpriority ept vpid ept_ad fsgsbase tsc_adjust bmi1 hle avx2 smep bmi2 erms invpcid rtm cqm mpx rdt_a avx512f avx512dq rdseed adx smap clflushopt clwb intel_pt avx512cd avx512bw avx512vl xsaveopt xsavec xgetbv1 xsaves cqm_llc cqm_occup_llc cqm_mbm_total cqm_mbm_local dtherm ida arat pln pts hwp hwp_act_window hwp_epp hwp_pkg_req md_clear flush_l1d arch_capabilities

Memory: 4k page, physical 65549624k(8749408k free), swap 2097148k(0k free)

vm_info: Java HotSpot(TM) 64-Bit Server VM (9.0.4+11) for linux-amd64 JRE (9.0.4+11), built on Dec 19 2017 18:12:19 by "mach5one" with gcc 4.9.2

END.
