#
# A fatal error has been detected by the Java Runtime Environment:
#
#  SIGSEGV (0xb) at pc=0x00007f5dc26feb2c, pid=24392, tid=24457
#
# JRE version: Java(TM) SE Runtime Environment (9.0+11) (build 9.0.4+11)
# Java VM: Java HotSpot(TM) 64-Bit Server VM (9.0.4+11, mixed mode, tiered, compressed oops, g1 gc, linux-amd64)
# Problematic frame:
# V  [libjvm.so+0x48eb2c]  Canonicalizer::do_If(If*)+0x1c
#
# Core dump will be written. Default location: Core dumps may be processed with "/usr/share/apport/apport -p%p -s%s -c%c -d%d -P%P -u%u -g%g -- %E" (or dumping to /JVMfuzzing/zjy/classming/Fuzzing-Testing-of-JVM-Implementations/core.24392)
#
# If you would like to submit a bug report, please visit:
#   http://bugreport.java.com/bugreport/crash.jsp
#

---------------  S U M M A R Y ------------

Command Line: -Xbootclasspath/a:/usr/local/java/jdk1.8.0_301/jre/lib/rt.jar -Xverify:none org.eclipse.core.runtime.adaptor.EclipseStarter -debug

Host: Intel(R) Core(TM) i9-9940X CPU @ 3.30GHz, 28 cores, 62G, Ubuntu 20.04.3 LTS
Time: Thu Nov  3 09:10:35 2022 UTC elapsed time: 0 seconds (0d 0h 0m 0s)

---------------  T H R E A D  ---------------

Current thread (0x00007f5dbc2bd800):  JavaThread "C1 CompilerThread9" daemon [_thread_in_native, id=24457, stack(0x00007f5cba920000,0x00007f5cbaa21000)]


Current CompileTask:
C1:    635  248 %     3       org.eclipse.core.runtime.adaptor.EclipseStarter::main @ 5317 (6771 bytes)

Stack: [0x00007f5cba920000,0x00007f5cbaa21000],  sp=0x00007f5cbaa1f0c0,  free space=1020k
Native frames: (J=compiled Java code, A=aot compiled Java code, j=interpreted, Vv=VM code, C=native code)
V  [libjvm.so+0x48eb2c]  Canonicalizer::do_If(If*)+0x1c
V  [libjvm.so+0x4a0452]  GraphBuilder::append_with_bci(Instruction*, int)+0x42
V  [libjvm.so+0x4a3526]  GraphBuilder::if_node(Instruction*, Instruction::Condition, Instruction*, ValueStack*)+0x2a6
V  [libjvm.so+0x4b137a]  GraphBuilder::iterate_bytecodes_for_block(int)+0x198a
V  [libjvm.so+0x4b1ad5]  GraphBuilder::iterate_all_blocks(bool)+0x85
V  [libjvm.so+0x4b1ec9]  GraphBuilder::GraphBuilder(Compilation*, IRScope*)+0x389
V  [libjvm.so+0x4b70a8]  IR::IR(Compilation*, ciMethod*, int)+0x1e8
V  [libjvm.so+0x497832]  Compilation::build_hir() [clone .part.93]+0x162
V  [libjvm.so+0x499633]  Compilation::compile_java_method()+0x3c3
V  [libjvm.so+0x4997af]  Compilation::compile_method()+0x12f
V  [libjvm.so+0x499c31]  Compilation::Compilation(AbstractCompiler*, ciEnv*, ciMethod*, int, BufferBlob*, DirectiveSet*)+0x271
V  [libjvm.so+0x49ac1e]  Compiler::compile_method(ciEnv*, ciMethod*, int, DirectiveSet*)+0xae
V  [libjvm.so+0x6125ac]  CompileBroker::invoke_compiler_on_method(CompileTask*)+0x41c
V  [libjvm.so+0x61344b]  CompileBroker::compiler_thread_loop()+0x28b
V  [libjvm.so+0xcef338]  JavaThread::thread_main_inner()+0xd8
V  [libjvm.so+0xb6e132]  thread_native_entry(Thread*)+0xf2
C  [libpthread.so.0+0x9609]  start_thread+0xd9


siginfo: si_signo: 11 (SIGSEGV), si_code: 1 (SEGV_MAPERR), si_addr: 0x0000000000000018

Register to memory mapping:

RAX=0x0000000000000000 is an unknown value
RBX=0x00007f5c9001a4a0 is an unknown value
RCX=0x00007f5cbaa1f800 is pointing into the stack for thread: 0x00007f5dbc2bd800
RDX=0x00007f5c9001a4a0 is an unknown value
RSP=0x00007f5cbaa1f0c0 is pointing into the stack for thread: 0x00007f5dbc2bd800
RBP=0x00007f5cbaa1f130 is pointing into the stack for thread: 0x00007f5dbc2bd800
RSI=0x00007f5c9001a4a0 is an unknown value
RDI=0x00007f5cbaa1f160 is pointing into the stack for thread: 0x00007f5dbc2bd800
R8 =0x00007f5c700089a0 is an unknown value
R9 =0x00007f5c700074b0 is an unknown value
R10=0x00007f5cb9dd2198 is an unknown value
R11=0x0000000000000000 is an unknown value
R12=0x00007f5c9001a540 is an unknown value
R13=0x00007f5cbaa1f460 is pointing into the stack for thread: 0x00007f5dbc2bd800
R14=0x00007f5c9001a4a0 is an unknown value
R15=0x00007f5c9001a540 is an unknown value


Registers:
RAX=0x0000000000000000, RBX=0x00007f5c9001a4a0, RCX=0x00007f5cbaa1f800, RDX=0x00007f5c9001a4a0
RSP=0x00007f5cbaa1f0c0, RBP=0x00007f5cbaa1f130, RSI=0x00007f5c9001a4a0, RDI=0x00007f5cbaa1f160
R8 =0x00007f5c700089a0, R9 =0x00007f5c700074b0, R10=0x00007f5cb9dd2198, R11=0x0000000000000000
R12=0x00007f5c9001a540, R13=0x00007f5cbaa1f460, R14=0x00007f5c9001a4a0, R15=0x00007f5c9001a540
RIP=0x00007f5dc26feb2c, EFLAGS=0x0000000000010206, CSGSFS=0x002b000000000033, ERR=0x0000000000000004
  TRAPNO=0x000000000000000e

Top of Stack: (sp=0x00007f5cbaa1f0c0)
0x00007f5cbaa1f0c0:   0000000000000003 000000000000011d
0x00007f5cbaa1f0d0:   00007f5cbaa1f170 00007f5dc27a2675
0x00007f5cbaa1f0e0:   00007f5cbaa1f110 00007f5dc272b69f
0x00007f5cbaa1f0f0:   00000003baa1f120 00007f5cbaa1f160 

Instructions: (pc=0x00007f5dc26feb2c)
0x00007f5dc26feb0c:   ff 90 66 90 55 48 89 e5 41 57 41 56 41 55 41 54
0x00007f5dc26feb1c:   53 48 89 f3 48 83 ec 48 48 8b 46 70 48 89 7d c8
0x00007f5dc26feb2c:   48 8b 78 18 48 8b 07 ff 50 18 84 c0 0f 85 a2 00
0x00007f5dc26feb3c:   00 00 4c 8b 63 70 48 8b 83 80 00 00 00 49 39 c4 


---------------  P R O C E S S  ---------------

Java Threads: ( => current thread )
  0x00007f5dbc369800 JavaThread "Service Thread" daemon [_thread_blocked, id=24462, stack(0x00007f5cb9fc2000,0x00007f5cba0c3000)]
  0x00007f5dbc2d2000 JavaThread "Common-Cleaner" daemon [_thread_blocked, id=24461, stack(0x00007f5cba0c3000,0x00007f5cba1c4000)]
  0x00007f5dbc2c3000 JavaThread "Sweeper thread" daemon [_thread_blocked, id=24460, stack(0x00007f5cba61d000,0x00007f5cba71e000)]
  0x00007f5dbc2c1800 JavaThread "C1 CompilerThread11" daemon [_thread_blocked, id=24459, stack(0x00007f5cba71e000,0x00007f5cba81f000)]
  0x00007f5dbc2bf800 JavaThread "C1 CompilerThread10" daemon [_thread_blocked, id=24458, stack(0x00007f5cba81f000,0x00007f5cba920000)]
=>0x00007f5dbc2bd800 JavaThread "C1 CompilerThread9" daemon [_thread_in_native, id=24457, stack(0x00007f5cba920000,0x00007f5cbaa21000)]
  0x00007f5dbc2bc000 JavaThread "C1 CompilerThread8" daemon [_thread_blocked, id=24456, stack(0x00007f5cbaa21000,0x00007f5cbab22000)]
  0x00007f5dbc2ba000 JavaThread "C2 CompilerThread7" daemon [_thread_blocked, id=24455, stack(0x00007f5cbab22000,0x00007f5cbac23000)]
  0x00007f5dbc2b8800 JavaThread "C2 CompilerThread6" daemon [_thread_blocked, id=24454, stack(0x00007f5cbac23000,0x00007f5cbad24000)]
  0x00007f5dbc2b6800 JavaThread "C2 CompilerThread5" daemon [_thread_blocked, id=24453, stack(0x00007f5cbad24000,0x00007f5cbae25000)]
  0x00007f5dbc2b5000 JavaThread "C2 CompilerThread4" daemon [_thread_blocked, id=24452, stack(0x00007f5cbae25000,0x00007f5cbaf26000)]
  0x00007f5dbc2b3000 JavaThread "C2 CompilerThread3" daemon [_thread_blocked, id=24451, stack(0x00007f5cbaf26000,0x00007f5cbb027000)]
  0x00007f5dbc2b1000 JavaThread "C2 CompilerThread2" daemon [_thread_blocked, id=24450, stack(0x00007f5cbb027000,0x00007f5cbb128000)]
  0x00007f5dbc2af000 JavaThread "C2 CompilerThread1" daemon [_thread_blocked, id=24449, stack(0x00007f5cbb128000,0x00007f5cbb229000)]
  0x00007f5dbc2ad000 JavaThread "C2 CompilerThread0" daemon [_thread_blocked, id=24448, stack(0x00007f5cbb229000,0x00007f5cbb32a000)]
  0x00007f5dbc2ab000 JavaThread "Signal Dispatcher" daemon [_thread_blocked, id=24447, stack(0x00007f5cbb32a000,0x00007f5cbb42b000)]
  0x00007f5dbc291000 JavaThread "Finalizer" daemon [_thread_blocked, id=24446, stack(0x00007f5cbb42b000,0x00007f5cbb52c000)]
  0x00007f5dbc288800 JavaThread "Reference Handler" daemon [_thread_blocked, id=24445, stack(0x00007f5cbb52c000,0x00007f5cbb62d000)]
  0x00007f5dbc011800 JavaThread "main" [_thread_in_native, id=24394, stack(0x00007f5dc2022000,0x00007f5dc2121000)]

Other Threads:
  0x00007f5dbc281000 VMThread "VM Thread" [stack: 0x00007f5cbb62f000,0x00007f5cbb72f000] [id=24444]
  0x00007f5dbc36c000 WatcherThread [stack: 0x00007f5cb9ec2000,0x00007f5cb9fc2000] [id=24463]
  0x00007f5dbc034000 GCTaskThread "GC Thread#0" [stack: 0x00007f5dc127c000,0x00007f5dc137c000] [id=24395]
  0x00007f5dbc035800 GCTaskThread "GC Thread#1" [stack: 0x00007f5dc117a000,0x00007f5dc127a000] [id=24396]
  0x00007f5dbc037000 GCTaskThread "GC Thread#2" [stack: 0x00007f5dc1078000,0x00007f5dc1178000] [id=24397]
  0x00007f5dbc039000 GCTaskThread "GC Thread#3" [stack: 0x00007f5dc0f76000,0x00007f5dc1076000] [id=24398]
  0x00007f5dbc03a800 GCTaskThread "GC Thread#4" [stack: 0x00007f5dc0e74000,0x00007f5dc0f74000] [id=24399]
  0x00007f5dbc03c800 GCTaskThread "GC Thread#5" [stack: 0x00007f5dc0d72000,0x00007f5dc0e72000] [id=24400]
  0x00007f5dbc03e000 GCTaskThread "GC Thread#6" [stack: 0x00007f5dc0c70000,0x00007f5dc0d70000] [id=24401]
  0x00007f5dbc03f800 GCTaskThread "GC Thread#7" [stack: 0x00007f5dc0b6e000,0x00007f5dc0c6e000] [id=24402]
  0x00007f5dbc041800 GCTaskThread "GC Thread#8" [stack: 0x00007f5dc0a6c000,0x00007f5dc0b6c000] [id=24403]
  0x00007f5dbc043000 GCTaskThread "GC Thread#9" [stack: 0x00007f5dc096a000,0x00007f5dc0a6a000] [id=24404]
  0x00007f5dbc045000 GCTaskThread "GC Thread#10" [stack: 0x00007f5dc0868000,0x00007f5dc0968000] [id=24405]
  0x00007f5dbc046800 GCTaskThread "GC Thread#11" [stack: 0x00007f5dc0766000,0x00007f5dc0866000] [id=24406]
  0x00007f5dbc048800 GCTaskThread "GC Thread#12" [stack: 0x00007f5dc0664000,0x00007f5dc0764000] [id=24407]
  0x00007f5dbc04a000 GCTaskThread "GC Thread#13" [stack: 0x00007f5dc0562000,0x00007f5dc0662000] [id=24408]
  0x00007f5dbc04c000 GCTaskThread "GC Thread#14" [stack: 0x00007f5dc0460000,0x00007f5dc0560000] [id=24409]
  0x00007f5dbc04d800 GCTaskThread "GC Thread#15" [stack: 0x00007f5dc035e000,0x00007f5dc045e000] [id=24410]
  0x00007f5dbc04f800 GCTaskThread "GC Thread#16" [stack: 0x00007f5dc025c000,0x00007f5dc035c000] [id=24411]
  0x00007f5dbc051000 GCTaskThread "GC Thread#17" [stack: 0x00007f5dc015a000,0x00007f5dc025a000] [id=24412]
  0x00007f5dbc052800 GCTaskThread "GC Thread#18" [stack: 0x00007f5dc0058000,0x00007f5dc0158000] [id=24413]
  0x00007f5dbc054800 GCTaskThread "GC Thread#19" [stack: 0x00007f5da1a43000,0x00007f5da1b43000] [id=24414]
  0x00007f5dbc09f800 ConcurrentGCThread "G1 Main Marker" [stack: 0x00007f5d38b37000,0x00007f5d38c37000] [id=24436]
  0x00007f5dbc0a1000 ConcurrentGCThread "G1 Marker#0" [stack: 0x00007f5d38a35000,0x00007f5d38b35000] [id=24437]
  0x00007f5dbc0a3000 ConcurrentGCThread "G1 Marker#1" [stack: 0x00007f5d38933000,0x00007f5d38a33000] [id=24438]
  0x00007f5dbc0a4800 ConcurrentGCThread "G1 Marker#2" [stack: 0x00007f5d38831000,0x00007f5d38931000] [id=24439]
  0x00007f5dbc0a6800 ConcurrentGCThread "G1 Marker#3" [stack: 0x00007f5d3872f000,0x00007f5d3882f000] [id=24440]
  0x00007f5dbc0a8000 ConcurrentGCThread "G1 Marker#4" [stack: 0x00007f5d3862d000,0x00007f5d3872d000] [id=24441]
  0x00007f5dbc079000 ConcurrentGCThread "G1 Refine#0" [stack: 0x00007f5d3b1e6000,0x00007f5d3b2e6000] [id=24434]
  0x00007f5dbc077000 ConcurrentGCThread "G1 Refine#1" [stack: 0x00007f5d3b2e8000,0x00007f5d3b3e8000] [id=24433]
  0x00007f5dbc075000 ConcurrentGCThread "G1 Refine#2" [stack: 0x00007f5d3b3ea000,0x00007f5d3b4ea000] [id=24432]
  0x00007f5dbc073800 ConcurrentGCThread "G1 Refine#3" [stack: 0x00007f5d3b4ec000,0x00007f5d3b5ec000] [id=24431]
  0x00007f5dbc071800 ConcurrentGCThread "G1 Refine#4" [stack: 0x00007f5d3b5ee000,0x00007f5d3b6ee000] [id=24430]
  0x00007f5dbc070000 ConcurrentGCThread "G1 Refine#5" [stack: 0x00007f5d3b6f0000,0x00007f5d3b7f0000] [id=24429]
  0x00007f5dbc06e000 ConcurrentGCThread "G1 Refine#6" [stack: 0x00007f5d3b7f2000,0x00007f5d3b8f2000] [id=24428]
  0x00007f5dbc06c800 ConcurrentGCThread "G1 Refine#7" [stack: 0x00007f5d3b8f4000,0x00007f5d3b9f4000] [id=24427]
  0x00007f5dbc06a800 ConcurrentGCThread "G1 Refine#8" [stack: 0x00007f5d3b9f6000,0x00007f5d3baf6000] [id=24426]
  0x00007f5dbc069000 ConcurrentGCThread "G1 Refine#9" [stack: 0x00007f5d3baf8000,0x00007f5d3bbf8000] [id=24425]
  0x00007f5dbc067000 ConcurrentGCThread "G1 Refine#10" [stack: 0x00007f5d3bbfa000,0x00007f5d3bcfa000] [id=24424]
  0x00007f5dbc065000 ConcurrentGCThread "G1 Refine#11" [stack: 0x00007f5d3bcfc000,0x00007f5d3bdfc000] [id=24423]
  0x00007f5dbc063800 ConcurrentGCThread "G1 Refine#12" [stack: 0x00007f5d3bdfe000,0x00007f5d3befe000] [id=24422]
  0x00007f5dbc061800 ConcurrentGCThread "G1 Refine#13" [stack: 0x00007f5d3bf00000,0x00007f5d3c000000] [id=24421]
  0x00007f5dbc060000 ConcurrentGCThread "G1 Refine#14" [stack: 0x00007f5da0023000,0x00007f5da0123000] [id=24420]
  0x00007f5dbc05e000 ConcurrentGCThread "G1 Refine#15" [stack: 0x00007f5da0125000,0x00007f5da0225000] [id=24419]
  0x00007f5dbc05c800 ConcurrentGCThread "G1 Refine#16" [stack: 0x00007f5da0227000,0x00007f5da0327000] [id=24418]
  0x00007f5dbc05a800 ConcurrentGCThread "G1 Refine#17" [stack: 0x00007f5da0329000,0x00007f5da0429000] [id=24417]
  0x00007f5dbc059000 ConcurrentGCThread "G1 Refine#18" [stack: 0x00007f5da042b000,0x00007f5da052b000] [id=24416]
  0x00007f5dbc057000 ConcurrentGCThread "G1 Refine#19" [stack: 0x00007f5da052d000,0x00007f5da062d000] [id=24415]
  0x00007f5dbc07a800 ConcurrentGCThread "G1 Young RemSet Sampling" [stack: 0x00007f5d3b0e4000,0x00007f5d3b1e4000] [id=24435]

Threads with active compile tasks:
C1 CompilerThread9 248 %     3       org.eclipse.core.runtime.adaptor.EclipseStarter::main @ 5317 (6771 bytes)

VM state:not at safepoint (normal execution)

VM Mutex/Monitor currently owned by a thread: None

Heap address: 0x00000003d7c00000, size: 16004 MB, Compressed Oops mode: Zero based, Oop shift amount: 3
Narrow klass base: 0x0000000000000000, Narrow klass shift: 3
Compressed class space size: 1073741824 Address: 0x00000007c0000000

Heap:
 garbage-first heap   total 1028096K, used 12288K [0x00000003d7c00000, 0x00000003d80007d8, 0x00000007c0000000)
  region size 4096K, 4 young (16384K), 0 survivors (0K)
 Metaspace       used 4317K, capacity 4678K, committed 4864K, reserved 1056768K
  class space    used 355K, capacity 386K, committed 512K, reserved 1048576K
Heap Regions: E=young(eden), S=young(survivor), O=old, HS=humongous(starts), HC=humongous(continues), CS=collection set, F=free, A=archive, TS=gc time stamp, AC=allocation context, TAMS=top-at-mark-start (previous, next)
|   0|0x00000003d7c00000, 0x00000003d7c00000, 0x00000003d8000000|  0%| F|  |TS  0|AC  0|TAMS 0x00000003d7c00000, 0x00000003d7c00000|
|   1|0x00000003d8000000, 0x00000003d8000000, 0x00000003d8400000|  0%| F|  |TS  0|AC  0|TAMS 0x00000003d8000000, 0x00000003d8000000|
|   2|0x00000003d8400000, 0x00000003d8400000, 0x00000003d8800000|  0%| F|  |TS  0|AC  0|TAMS 0x00000003d8400000, 0x00000003d8400000|
|   3|0x00000003d8800000, 0x00000003d8800000, 0x00000003d8c00000|  0%| F|  |TS  0|AC  0|TAMS 0x00000003d8800000, 0x00000003d8800000|
|   4|0x00000003d8c00000, 0x00000003d8c00000, 0x00000003d9000000|  0%| F|  |TS  0|AC  0|TAMS 0x00000003d8c00000, 0x00000003d8c00000|
|   5|0x00000003d9000000, 0x00000003d9000000, 0x00000003d9400000|  0%| F|  |TS  0|AC  0|TAMS 0x00000003d9000000, 0x00000003d9000000|
|   6|0x00000003d9400000, 0x00000003d9400000, 0x00000003d9800000|  0%| F|  |TS  0|AC  0|TAMS 0x00000003d9400000, 0x00000003d9400000|
|   7|0x00000003d9800000, 0x00000003d9800000, 0x00000003d9c00000|  0%| F|  |TS  0|AC  0|TAMS 0x00000003d9800000, 0x00000003d9800000|
|   8|0x00000003d9c00000, 0x00000003d9c00000, 0x00000003da000000|  0%| F|  |TS  0|AC  0|TAMS 0x00000003d9c00000, 0x00000003d9c00000|
|   9|0x00000003da000000, 0x00000003da000000, 0x00000003da400000|  0%| F|  |TS  0|AC  0|TAMS 0x00000003da000000, 0x00000003da000000|
|  10|0x00000003da400000, 0x00000003da400000, 0x00000003da800000|  0%| F|  |TS  0|AC  0|TAMS 0x00000003da400000, 0x00000003da400000|
|  11|0x00000003da800000, 0x00000003da800000, 0x00000003dac00000|  0%| F|  |TS  0|AC  0|TAMS 0x00000003da800000, 0x00000003da800000|
|  12|0x00000003dac00000, 0x00000003dac00000, 0x00000003db000000|  0%| F|  |TS  0|AC  0|TAMS 0x00000003dac00000, 0x00000003dac00000|
|  13|0x00000003db000000, 0x00000003db000000, 0x00000003db400000|  0%| F|  |TS  0|AC  0|TAMS 0x00000003db000000, 0x00000003db000000|
|  14|0x00000003db400000, 0x00000003db400000, 0x00000003db800000|  0%| F|  |TS  0|AC  0|TAMS 0x00000003db400000, 0x00000003db400000|
|  15|0x00000003db800000, 0x00000003db800000, 0x00000003dbc00000|  0%| F|  |TS  0|AC  0|TAMS 0x00000003db800000, 0x00000003db800000|
|  16|0x00000003dbc00000, 0x00000003dbc00000, 0x00000003dc000000|  0%| F|  |TS  0|AC  0|TAMS 0x00000003dbc00000, 0x00000003dbc00000|
|  17|0x00000003dc000000, 0x00000003dc000000, 0x00000003dc400000|  0%| F|  |TS  0|AC  0|TAMS 0x00000003dc000000, 0x00000003dc000000|
|  18|0x00000003dc400000, 0x00000003dc400000, 0x00000003dc800000|  0%| F|  |TS  0|AC  0|TAMS 0x00000003dc400000, 0x00000003dc400000|
|  19|0x00000003dc800000, 0x00000003dc800000, 0x00000003dcc00000|  0%| F|  |TS  0|AC  0|TAMS 0x00000003dc800000, 0x00000003dc800000|
|  20|0x00000003dcc00000, 0x00000003dcc00000, 0x00000003dd000000|  0%| F|  |TS  0|AC  0|TAMS 0x00000003dcc00000, 0x00000003dcc00000|
|  21|0x00000003dd000000, 0x00000003dd000000, 0x00000003dd400000|  0%| F|  |TS  0|AC  0|TAMS 0x00000003dd000000, 0x00000003dd000000|
|  22|0x00000003dd400000, 0x00000003dd400000, 0x00000003dd800000|  0%| F|  |TS  0|AC  0|TAMS 0x00000003dd400000, 0x00000003dd400000|
|  23|0x00000003dd800000, 0x00000003dd800000, 0x00000003ddc00000|  0%| F|  |TS  0|AC  0|TAMS 0x00000003dd800000, 0x00000003dd800000|
|  24|0x00000003ddc00000, 0x00000003ddc00000, 0x00000003de000000|  0%| F|  |TS  0|AC  0|TAMS 0x00000003ddc00000, 0x00000003ddc00000|
|  25|0x00000003de000000, 0x00000003de000000, 0x00000003de400000|  0%| F|  |TS  0|AC  0|TAMS 0x00000003de000000, 0x00000003de000000|
|  26|0x00000003de400000, 0x00000003de400000, 0x00000003de800000|  0%| F|  |TS  0|AC  0|TAMS 0x00000003de400000, 0x00000003de400000|
|  27|0x00000003de800000, 0x00000003de800000, 0x00000003dec00000|  0%| F|  |TS  0|AC  0|TAMS 0x00000003de800000, 0x00000003de800000|
|  28|0x00000003dec00000, 0x00000003dec00000, 0x00000003df000000|  0%| F|  |TS  0|AC  0|TAMS 0x00000003dec00000, 0x00000003dec00000|
|  29|0x00000003df000000, 0x00000003df000000, 0x00000003df400000|  0%| F|  |TS  0|AC  0|TAMS 0x00000003df000000, 0x00000003df000000|
|  30|0x00000003df400000, 0x00000003df400000, 0x00000003df800000|  0%| F|  |TS  0|AC  0|TAMS 0x00000003df400000, 0x00000003df400000|
|  31|0x00000003df800000, 0x00000003df800000, 0x00000003dfc00000|  0%| F|  |TS  0|AC  0|TAMS 0x00000003df800000, 0x00000003df800000|
|  32|0x00000003dfc00000, 0x00000003dfc00000, 0x00000003e0000000|  0%| F|  |TS  0|AC  0|TAMS 0x00000003dfc00000, 0x00000003dfc00000|
|  33|0x00000003e0000000, 0x00000003e0000000, 0x00000003e0400000|  0%| F|  |TS  0|AC  0|TAMS 0x00000003e0000000, 0x00000003e0000000|
|  34|0x00000003e0400000, 0x00000003e0400000, 0x00000003e0800000|  0%| F|  |TS  0|AC  0|TAMS 0x00000003e0400000, 0x00000003e0400000|
|  35|0x00000003e0800000, 0x00000003e0800000, 0x00000003e0c00000|  0%| F|  |TS  0|AC  0|TAMS 0x00000003e0800000, 0x00000003e0800000|
|  36|0x00000003e0c00000, 0x00000003e0c00000, 0x00000003e1000000|  0%| F|  |TS  0|AC  0|TAMS 0x00000003e0c00000, 0x00000003e0c00000|
|  37|0x00000003e1000000, 0x00000003e1000000, 0x00000003e1400000|  0%| F|  |TS  0|AC  0|TAMS 0x00000003e1000000, 0x00000003e1000000|
|  38|0x00000003e1400000, 0x00000003e1400000, 0x00000003e1800000|  0%| F|  |TS  0|AC  0|TAMS 0x00000003e1400000, 0x00000003e1400000|
|  39|0x00000003e1800000, 0x00000003e1800000, 0x00000003e1c00000|  0%| F|  |TS  0|AC  0|TAMS 0x00000003e1800000, 0x00000003e1800000|
|  40|0x00000003e1c00000, 0x00000003e1c00000, 0x00000003e2000000|  0%| F|  |TS  0|AC  0|TAMS 0x00000003e1c00000, 0x00000003e1c00000|
|  41|0x00000003e2000000, 0x00000003e2000000, 0x00000003e2400000|  0%| F|  |TS  0|AC  0|TAMS 0x00000003e2000000, 0x00000003e2000000|
|  42|0x00000003e2400000, 0x00000003e2400000, 0x00000003e2800000|  0%| F|  |TS  0|AC  0|TAMS 0x00000003e2400000, 0x00000003e2400000|
|  43|0x00000003e2800000, 0x00000003e2800000, 0x00000003e2c00000|  0%| F|  |TS  0|AC  0|TAMS 0x00000003e2800000, 0x00000003e2800000|
|  44|0x00000003e2c00000, 0x00000003e2c00000, 0x00000003e3000000|  0%| F|  |TS  0|AC  0|TAMS 0x00000003e2c00000, 0x00000003e2c00000|
|  45|0x00000003e3000000, 0x00000003e3000000, 0x00000003e3400000|  0%| F|  |TS  0|AC  0|TAMS 0x00000003e3000000, 0x00000003e3000000|
|  46|0x00000003e3400000, 0x00000003e3400000, 0x00000003e3800000|  0%| F|  |TS  0|AC  0|TAMS 0x00000003e3400000, 0x00000003e3400000|
|  47|0x00000003e3800000, 0x00000003e3800000, 0x00000003e3c00000|  0%| F|  |TS  0|AC  0|TAMS 0x00000003e3800000, 0x00000003e3800000|
|  48|0x00000003e3c00000, 0x00000003e3c00000, 0x00000003e4000000|  0%| F|  |TS  0|AC  0|TAMS 0x00000003e3c00000, 0x00000003e3c00000|
|  49|0x00000003e4000000, 0x00000003e4000000, 0x00000003e4400000|  0%| F|  |TS  0|AC  0|TAMS 0x00000003e4000000, 0x00000003e4000000|
|  50|0x00000003e4400000, 0x00000003e4400000, 0x00000003e4800000|  0%| F|  |TS  0|AC  0|TAMS 0x00000003e4400000, 0x00000003e4400000|
|  51|0x00000003e4800000, 0x00000003e4800000, 0x00000003e4c00000|  0%| F|  |TS  0|AC  0|TAMS 0x00000003e4800000, 0x00000003e4800000|
|  52|0x00000003e4c00000, 0x00000003e4c00000, 0x00000003e5000000|  0%| F|  |TS  0|AC  0|TAMS 0x00000003e4c00000, 0x00000003e4c00000|
|  53|0x00000003e5000000, 0x00000003e5000000, 0x00000003e5400000|  0%| F|  |TS  0|AC  0|TAMS 0x00000003e5000000, 0x00000003e5000000|
|  54|0x00000003e5400000, 0x00000003e5400000, 0x00000003e5800000|  0%| F|  |TS  0|AC  0|TAMS 0x00000003e5400000, 0x00000003e5400000|
|  55|0x00000003e5800000, 0x00000003e5800000, 0x00000003e5c00000|  0%| F|  |TS  0|AC  0|TAMS 0x00000003e5800000, 0x00000003e5800000|
|  56|0x00000003e5c00000, 0x00000003e5c00000, 0x00000003e6000000|  0%| F|  |TS  0|AC  0|TAMS 0x00000003e5c00000, 0x00000003e5c00000|
|  57|0x00000003e6000000, 0x00000003e6000000, 0x00000003e6400000|  0%| F|  |TS  0|AC  0|TAMS 0x00000003e6000000, 0x00000003e6000000|
|  58|0x00000003e6400000, 0x00000003e6400000, 0x00000003e6800000|  0%| F|  |TS  0|AC  0|TAMS 0x00000003e6400000, 0x00000003e6400000|
|  59|0x00000003e6800000, 0x00000003e6800000, 0x00000003e6c00000|  0%| F|  |TS  0|AC  0|TAMS 0x00000003e6800000, 0x00000003e6800000|
|  60|0x00000003e6c00000, 0x00000003e6c00000, 0x00000003e7000000|  0%| F|  |TS  0|AC  0|TAMS 0x00000003e6c00000, 0x00000003e6c00000|
|  61|0x00000003e7000000, 0x00000003e7000000, 0x00000003e7400000|  0%| F|  |TS  0|AC  0|TAMS 0x00000003e7000000, 0x00000003e7000000|
|  62|0x00000003e7400000, 0x00000003e7400000, 0x00000003e7800000|  0%| F|  |TS  0|AC  0|TAMS 0x00000003e7400000, 0x00000003e7400000|
|  63|0x00000003e7800000, 0x00000003e7800000, 0x00000003e7c00000|  0%| F|  |TS  0|AC  0|TAMS 0x00000003e7800000, 0x00000003e7800000|
|  64|0x00000003e7c00000, 0x00000003e7c00000, 0x00000003e8000000|  0%| F|  |TS  0|AC  0|TAMS 0x00000003e7c00000, 0x00000003e7c00000|
|  65|0x00000003e8000000, 0x00000003e8000000, 0x00000003e8400000|  0%| F|  |TS  0|AC  0|TAMS 0x00000003e8000000, 0x00000003e8000000|
|  66|0x00000003e8400000, 0x00000003e8400000, 0x00000003e8800000|  0%| F|  |TS  0|AC  0|TAMS 0x00000003e8400000, 0x00000003e8400000|
|  67|0x00000003e8800000, 0x00000003e8800000, 0x00000003e8c00000|  0%| F|  |TS  0|AC  0|TAMS 0x00000003e8800000, 0x00000003e8800000|
|  68|0x00000003e8c00000, 0x00000003e8c00000, 0x00000003e9000000|  0%| F|  |TS  0|AC  0|TAMS 0x00000003e8c00000, 0x00000003e8c00000|
|  69|0x00000003e9000000, 0x00000003e9000000, 0x00000003e9400000|  0%| F|  |TS  0|AC  0|TAMS 0x00000003e9000000, 0x00000003e9000000|
|  70|0x00000003e9400000, 0x00000003e9400000, 0x00000003e9800000|  0%| F|  |TS  0|AC  0|TAMS 0x00000003e9400000, 0x00000003e9400000|
|  71|0x00000003e9800000, 0x00000003e9800000, 0x00000003e9c00000|  0%| F|  |TS  0|AC  0|TAMS 0x00000003e9800000, 0x00000003e9800000|
|  72|0x00000003e9c00000, 0x00000003e9c00000, 0x00000003ea000000|  0%| F|  |TS  0|AC  0|TAMS 0x00000003e9c00000, 0x00000003e9c00000|
|  73|0x00000003ea000000, 0x00000003ea000000, 0x00000003ea400000|  0%| F|  |TS  0|AC  0|TAMS 0x00000003ea000000, 0x00000003ea000000|
|  74|0x00000003ea400000, 0x00000003ea400000, 0x00000003ea800000|  0%| F|  |TS  0|AC  0|TAMS 0x00000003ea400000, 0x00000003ea400000|
|  75|0x00000003ea800000, 0x00000003ea800000, 0x00000003eac00000|  0%| F|  |TS  0|AC  0|TAMS 0x00000003ea800000, 0x00000003ea800000|
|  76|0x00000003eac00000, 0x00000003eac00000, 0x00000003eb000000|  0%| F|  |TS  0|AC  0|TAMS 0x00000003eac00000, 0x00000003eac00000|
|  77|0x00000003eb000000, 0x00000003eb000000, 0x00000003eb400000|  0%| F|  |TS  0|AC  0|TAMS 0x00000003eb000000, 0x00000003eb000000|
|  78|0x00000003eb400000, 0x00000003eb400000, 0x00000003eb800000|  0%| F|  |TS  0|AC  0|TAMS 0x00000003eb400000, 0x00000003eb400000|
|  79|0x00000003eb800000, 0x00000003eb800000, 0x00000003ebc00000|  0%| F|  |TS  0|AC  0|TAMS 0x00000003eb800000, 0x00000003eb800000|
|  80|0x00000003ebc00000, 0x00000003ebc00000, 0x00000003ec000000|  0%| F|  |TS  0|AC  0|TAMS 0x00000003ebc00000, 0x00000003ebc00000|
|  81|0x00000003ec000000, 0x00000003ec000000, 0x00000003ec400000|  0%| F|  |TS  0|AC  0|TAMS 0x00000003ec000000, 0x00000003ec000000|
|  82|0x00000003ec400000, 0x00000003ec400000, 0x00000003ec800000|  0%| F|  |TS  0|AC  0|TAMS 0x00000003ec400000, 0x00000003ec400000|
|  83|0x00000003ec800000, 0x00000003ec800000, 0x00000003ecc00000|  0%| F|  |TS  0|AC  0|TAMS 0x00000003ec800000, 0x00000003ec800000|
|  84|0x00000003ecc00000, 0x00000003ecc00000, 0x00000003ed000000|  0%| F|  |TS  0|AC  0|TAMS 0x00000003ecc00000, 0x00000003ecc00000|
|  85|0x00000003ed000000, 0x00000003ed000000, 0x00000003ed400000|  0%| F|  |TS  0|AC  0|TAMS 0x00000003ed000000, 0x00000003ed000000|
|  86|0x00000003ed400000, 0x00000003ed400000, 0x00000003ed800000|  0%| F|  |TS  0|AC  0|TAMS 0x00000003ed400000, 0x00000003ed400000|
|  87|0x00000003ed800000, 0x00000003ed800000, 0x00000003edc00000|  0%| F|  |TS  0|AC  0|TAMS 0x00000003ed800000, 0x00000003ed800000|
|  88|0x00000003edc00000, 0x00000003edc00000, 0x00000003ee000000|  0%| F|  |TS  0|AC  0|TAMS 0x00000003edc00000, 0x00000003edc00000|
|  89|0x00000003ee000000, 0x00000003ee000000, 0x00000003ee400000|  0%| F|  |TS  0|AC  0|TAMS 0x00000003ee000000, 0x00000003ee000000|
|  90|0x00000003ee400000, 0x00000003ee400000, 0x00000003ee800000|  0%| F|  |TS  0|AC  0|TAMS 0x00000003ee400000, 0x00000003ee400000|
|  91|0x00000003ee800000, 0x00000003ee800000, 0x00000003eec00000|  0%| F|  |TS  0|AC  0|TAMS 0x00000003ee800000, 0x00000003ee800000|
|  92|0x00000003eec00000, 0x00000003eec00000, 0x00000003ef000000|  0%| F|  |TS  0|AC  0|TAMS 0x00000003eec00000, 0x00000003eec00000|
|  93|0x00000003ef000000, 0x00000003ef000000, 0x00000003ef400000|  0%| F|  |TS  0|AC  0|TAMS 0x00000003ef000000, 0x00000003ef000000|
|  94|0x00000003ef400000, 0x00000003ef400000, 0x00000003ef800000|  0%| F|  |TS  0|AC  0|TAMS 0x00000003ef400000, 0x00000003ef400000|
|  95|0x00000003ef800000, 0x00000003ef800000, 0x00000003efc00000|  0%| F|  |TS  0|AC  0|TAMS 0x00000003ef800000, 0x00000003ef800000|
|  96|0x00000003efc00000, 0x00000003efc00000, 0x00000003f0000000|  0%| F|  |TS  0|AC  0|TAMS 0x00000003efc00000, 0x00000003efc00000|
|  97|0x00000003f0000000, 0x00000003f0000000, 0x00000003f0400000|  0%| F|  |TS  0|AC  0|TAMS 0x00000003f0000000, 0x00000003f0000000|
|  98|0x00000003f0400000, 0x00000003f0400000, 0x00000003f0800000|  0%| F|  |TS  0|AC  0|TAMS 0x00000003f0400000, 0x00000003f0400000|
|  99|0x00000003f0800000, 0x00000003f0800000, 0x00000003f0c00000|  0%| F|  |TS  0|AC  0|TAMS 0x00000003f0800000, 0x00000003f0800000|
| 100|0x00000003f0c00000, 0x00000003f0c00000, 0x00000003f1000000|  0%| F|  |TS  0|AC  0|TAMS 0x00000003f0c00000, 0x00000003f0c00000|
| 101|0x00000003f1000000, 0x00000003f1000000, 0x00000003f1400000|  0%| F|  |TS  0|AC  0|TAMS 0x00000003f1000000, 0x00000003f1000000|
| 102|0x00000003f1400000, 0x00000003f1400000, 0x00000003f1800000|  0%| F|  |TS  0|AC  0|TAMS 0x00000003f1400000, 0x00000003f1400000|
| 103|0x00000003f1800000, 0x00000003f1800000, 0x00000003f1c00000|  0%| F|  |TS  0|AC  0|TAMS 0x00000003f1800000, 0x00000003f1800000|
| 104|0x00000003f1c00000, 0x00000003f1c00000, 0x00000003f2000000|  0%| F|  |TS  0|AC  0|TAMS 0x00000003f1c00000, 0x00000003f1c00000|
| 105|0x00000003f2000000, 0x00000003f2000000, 0x00000003f2400000|  0%| F|  |TS  0|AC  0|TAMS 0x00000003f2000000, 0x00000003f2000000|
| 106|0x00000003f2400000, 0x00000003f2400000, 0x00000003f2800000|  0%| F|  |TS  0|AC  0|TAMS 0x00000003f2400000, 0x00000003f2400000|
| 107|0x00000003f2800000, 0x00000003f2800000, 0x00000003f2c00000|  0%| F|  |TS  0|AC  0|TAMS 0x00000003f2800000, 0x00000003f2800000|
| 108|0x00000003f2c00000, 0x00000003f2c00000, 0x00000003f3000000|  0%| F|  |TS  0|AC  0|TAMS 0x00000003f2c00000, 0x00000003f2c00000|
| 109|0x00000003f3000000, 0x00000003f3000000, 0x00000003f3400000|  0%| F|  |TS  0|AC  0|TAMS 0x00000003f3000000, 0x00000003f3000000|
| 110|0x00000003f3400000, 0x00000003f3400000, 0x00000003f3800000|  0%| F|  |TS  0|AC  0|TAMS 0x00000003f3400000, 0x00000003f3400000|
| 111|0x00000003f3800000, 0x00000003f3800000, 0x00000003f3c00000|  0%| F|  |TS  0|AC  0|TAMS 0x00000003f3800000, 0x00000003f3800000|
| 112|0x00000003f3c00000, 0x00000003f3c00000, 0x00000003f4000000|  0%| F|  |TS  0|AC  0|TAMS 0x00000003f3c00000, 0x00000003f3c00000|
| 113|0x00000003f4000000, 0x00000003f4000000, 0x00000003f4400000|  0%| F|  |TS  0|AC  0|TAMS 0x00000003f4000000, 0x00000003f4000000|
| 114|0x00000003f4400000, 0x00000003f4400000, 0x00000003f4800000|  0%| F|  |TS  0|AC  0|TAMS 0x00000003f4400000, 0x00000003f4400000|
| 115|0x00000003f4800000, 0x00000003f4800000, 0x00000003f4c00000|  0%| F|  |TS  0|AC  0|TAMS 0x00000003f4800000, 0x00000003f4800000|
| 116|0x00000003f4c00000, 0x00000003f4c00000, 0x00000003f5000000|  0%| F|  |TS  0|AC  0|TAMS 0x00000003f4c00000, 0x00000003f4c00000|
| 117|0x00000003f5000000, 0x00000003f5000000, 0x00000003f5400000|  0%| F|  |TS  0|AC  0|TAMS 0x00000003f5000000, 0x00000003f5000000|
| 118|0x00000003f5400000, 0x00000003f5400000, 0x00000003f5800000|  0%| F|  |TS  0|AC  0|TAMS 0x00000003f5400000, 0x00000003f5400000|
| 119|0x00000003f5800000, 0x00000003f5800000, 0x00000003f5c00000|  0%| F|  |TS  0|AC  0|TAMS 0x00000003f5800000, 0x00000003f5800000|
| 120|0x00000003f5c00000, 0x00000003f5c00000, 0x00000003f6000000|  0%| F|  |TS  0|AC  0|TAMS 0x00000003f5c00000, 0x00000003f5c00000|
| 121|0x00000003f6000000, 0x00000003f6000000, 0x00000003f6400000|  0%| F|  |TS  0|AC  0|TAMS 0x00000003f6000000, 0x00000003f6000000|
| 122|0x00000003f6400000, 0x00000003f6400000, 0x00000003f6800000|  0%| F|  |TS  0|AC  0|TAMS 0x00000003f6400000, 0x00000003f6400000|
| 123|0x00000003f6800000, 0x00000003f6800000, 0x00000003f6c00000|  0%| F|  |TS  0|AC  0|TAMS 0x00000003f6800000, 0x00000003f6800000|
| 124|0x00000003f6c00000, 0x00000003f6c00000, 0x00000003f7000000|  0%| F|  |TS  0|AC  0|TAMS 0x00000003f6c00000, 0x00000003f6c00000|
| 125|0x00000003f7000000, 0x00000003f7000000, 0x00000003f7400000|  0%| F|  |TS  0|AC  0|TAMS 0x00000003f7000000, 0x00000003f7000000|
| 126|0x00000003f7400000, 0x00000003f7400000, 0x00000003f7800000|  0%| F|  |TS  0|AC  0|TAMS 0x00000003f7400000, 0x00000003f7400000|
| 127|0x00000003f7800000, 0x00000003f7800000, 0x00000003f7c00000|  0%| F|  |TS  0|AC  0|TAMS 0x00000003f7800000, 0x00000003f7800000|
| 128|0x00000003f7c00000, 0x00000003f7c00000, 0x00000003f8000000|  0%| F|  |TS  0|AC  0|TAMS 0x00000003f7c00000, 0x00000003f7c00000|
| 129|0x00000003f8000000, 0x00000003f8000000, 0x00000003f8400000|  0%| F|  |TS  0|AC  0|TAMS 0x00000003f8000000, 0x00000003f8000000|
| 130|0x00000003f8400000, 0x00000003f8400000, 0x00000003f8800000|  0%| F|  |TS  0|AC  0|TAMS 0x00000003f8400000, 0x00000003f8400000|
| 131|0x00000003f8800000, 0x00000003f8800000, 0x00000003f8c00000|  0%| F|  |TS  0|AC  0|TAMS 0x00000003f8800000, 0x00000003f8800000|
| 132|0x00000003f8c00000, 0x00000003f8c00000, 0x00000003f9000000|  0%| F|  |TS  0|AC  0|TAMS 0x00000003f8c00000, 0x00000003f8c00000|
| 133|0x00000003f9000000, 0x00000003f9000000, 0x00000003f9400000|  0%| F|  |TS  0|AC  0|TAMS 0x00000003f9000000, 0x00000003f9000000|
| 134|0x00000003f9400000, 0x00000003f9400000, 0x00000003f9800000|  0%| F|  |TS  0|AC  0|TAMS 0x00000003f9400000, 0x00000003f9400000|
| 135|0x00000003f9800000, 0x00000003f9800000, 0x00000003f9c00000|  0%| F|  |TS  0|AC  0|TAMS 0x00000003f9800000, 0x00000003f9800000|
| 136|0x00000003f9c00000, 0x00000003f9c00000, 0x00000003fa000000|  0%| F|  |TS  0|AC  0|TAMS 0x00000003f9c00000, 0x00000003f9c00000|
| 137|0x00000003fa000000, 0x00000003fa000000, 0x00000003fa400000|  0%| F|  |TS  0|AC  0|TAMS 0x00000003fa000000, 0x00000003fa000000|
| 138|0x00000003fa400000, 0x00000003fa400000, 0x00000003fa800000|  0%| F|  |TS  0|AC  0|TAMS 0x00000003fa400000, 0x00000003fa400000|
| 139|0x00000003fa800000, 0x00000003fa800000, 0x00000003fac00000|  0%| F|  |TS  0|AC  0|TAMS 0x00000003fa800000, 0x00000003fa800000|
| 140|0x00000003fac00000, 0x00000003fac00000, 0x00000003fb000000|  0%| F|  |TS  0|AC  0|TAMS 0x00000003fac00000, 0x00000003fac00000|
| 141|0x00000003fb000000, 0x00000003fb000000, 0x00000003fb400000|  0%| F|  |TS  0|AC  0|TAMS 0x00000003fb000000, 0x00000003fb000000|
| 142|0x00000003fb400000, 0x00000003fb400000, 0x00000003fb800000|  0%| F|  |TS  0|AC  0|TAMS 0x00000003fb400000, 0x00000003fb400000|
| 143|0x00000003fb800000, 0x00000003fb800000, 0x00000003fbc00000|  0%| F|  |TS  0|AC  0|TAMS 0x00000003fb800000, 0x00000003fb800000|
| 144|0x00000003fbc00000, 0x00000003fbc00000, 0x00000003fc000000|  0%| F|  |TS  0|AC  0|TAMS 0x00000003fbc00000, 0x00000003fbc00000|
| 145|0x00000003fc000000, 0x00000003fc000000, 0x00000003fc400000|  0%| F|  |TS  0|AC  0|TAMS 0x00000003fc000000, 0x00000003fc000000|
| 146|0x00000003fc400000, 0x00000003fc400000, 0x00000003fc800000|  0%| F|  |TS  0|AC  0|TAMS 0x00000003fc400000, 0x00000003fc400000|
| 147|0x00000003fc800000, 0x00000003fc800000, 0x00000003fcc00000|  0%| F|  |TS  0|AC  0|TAMS 0x00000003fc800000, 0x00000003fc800000|
| 148|0x00000003fcc00000, 0x00000003fcc00000, 0x00000003fd000000|  0%| F|  |TS  0|AC  0|TAMS 0x00000003fcc00000, 0x00000003fcc00000|
| 149|0x00000003fd000000, 0x00000003fd000000, 0x00000003fd400000|  0%| F|  |TS  0|AC  0|TAMS 0x00000003fd000000, 0x00000003fd000000|
| 150|0x00000003fd400000, 0x00000003fd400000, 0x00000003fd800000|  0%| F|  |TS  0|AC  0|TAMS 0x00000003fd400000, 0x00000003fd400000|
| 151|0x00000003fd800000, 0x00000003fd800000, 0x00000003fdc00000|  0%| F|  |TS  0|AC  0|TAMS 0x00000003fd800000, 0x00000003fd800000|
| 152|0x00000003fdc00000, 0x00000003fdc00000, 0x00000003fe000000|  0%| F|  |TS  0|AC  0|TAMS 0x00000003fdc00000, 0x00000003fdc00000|
| 153|0x00000003fe000000, 0x00000003fe000000, 0x00000003fe400000|  0%| F|  |TS  0|AC  0|TAMS 0x00000003fe000000, 0x00000003fe000000|
| 154|0x00000003fe400000, 0x00000003fe400000, 0x00000003fe800000|  0%| F|  |TS  0|AC  0|TAMS 0x00000003fe400000, 0x00000003fe400000|
| 155|0x00000003fe800000, 0x00000003fe800000, 0x00000003fec00000|  0%| F|  |TS  0|AC  0|TAMS 0x00000003fe800000, 0x00000003fe800000|
| 156|0x00000003fec00000, 0x00000003fec00000, 0x00000003ff000000|  0%| F|  |TS  0|AC  0|TAMS 0x00000003fec00000, 0x00000003fec00000|
| 157|0x00000003ff000000, 0x00000003ff000000, 0x00000003ff400000|  0%| F|  |TS  0|AC  0|TAMS 0x00000003ff000000, 0x00000003ff000000|
| 158|0x00000003ff400000, 0x00000003ff400000, 0x00000003ff800000|  0%| F|  |TS  0|AC  0|TAMS 0x00000003ff400000, 0x00000003ff400000|
| 159|0x00000003ff800000, 0x00000003ff800000, 0x00000003ffc00000|  0%| F|  |TS  0|AC  0|TAMS 0x00000003ff800000, 0x00000003ff800000|
| 160|0x00000003ffc00000, 0x00000003ffc00000, 0x0000000400000000|  0%| F|  |TS  0|AC  0|TAMS 0x00000003ffc00000, 0x00000003ffc00000|
| 161|0x0000000400000000, 0x0000000400000000, 0x0000000400400000|  0%| F|  |TS  0|AC  0|TAMS 0x0000000400000000, 0x0000000400000000|
| 162|0x0000000400400000, 0x0000000400400000, 0x0000000400800000|  0%| F|  |TS  0|AC  0|TAMS 0x0000000400400000, 0x0000000400400000|
| 163|0x0000000400800000, 0x0000000400800000, 0x0000000400c00000|  0%| F|  |TS  0|AC  0|TAMS 0x0000000400800000, 0x0000000400800000|
| 164|0x0000000400c00000, 0x0000000400c00000, 0x0000000401000000|  0%| F|  |TS  0|AC  0|TAMS 0x0000000400c00000, 0x0000000400c00000|
| 165|0x0000000401000000, 0x0000000401000000, 0x0000000401400000|  0%| F|  |TS  0|AC  0|TAMS 0x0000000401000000, 0x0000000401000000|
| 166|0x0000000401400000, 0x0000000401400000, 0x0000000401800000|  0%| F|  |TS  0|AC  0|TAMS 0x0000000401400000, 0x0000000401400000|
| 167|0x0000000401800000, 0x0000000401800000, 0x0000000401c00000|  0%| F|  |TS  0|AC  0|TAMS 0x0000000401800000, 0x0000000401800000|
| 168|0x0000000401c00000, 0x0000000401c00000, 0x0000000402000000|  0%| F|  |TS  0|AC  0|TAMS 0x0000000401c00000, 0x0000000401c00000|
| 169|0x0000000402000000, 0x0000000402000000, 0x0000000402400000|  0%| F|  |TS  0|AC  0|TAMS 0x0000000402000000, 0x0000000402000000|
| 170|0x0000000402400000, 0x0000000402400000, 0x0000000402800000|  0%| F|  |TS  0|AC  0|TAMS 0x0000000402400000, 0x0000000402400000|
| 171|0x0000000402800000, 0x0000000402800000, 0x0000000402c00000|  0%| F|  |TS  0|AC  0|TAMS 0x0000000402800000, 0x0000000402800000|
| 172|0x0000000402c00000, 0x0000000402c00000, 0x0000000403000000|  0%| F|  |TS  0|AC  0|TAMS 0x0000000402c00000, 0x0000000402c00000|
| 173|0x0000000403000000, 0x0000000403000000, 0x0000000403400000|  0%| F|  |TS  0|AC  0|TAMS 0x0000000403000000, 0x0000000403000000|
| 174|0x0000000403400000, 0x0000000403400000, 0x0000000403800000|  0%| F|  |TS  0|AC  0|TAMS 0x0000000403400000, 0x0000000403400000|
| 175|0x0000000403800000, 0x0000000403800000, 0x0000000403c00000|  0%| F|  |TS  0|AC  0|TAMS 0x0000000403800000, 0x0000000403800000|
| 176|0x0000000403c00000, 0x0000000403c00000, 0x0000000404000000|  0%| F|  |TS  0|AC  0|TAMS 0x0000000403c00000, 0x0000000403c00000|
| 177|0x0000000404000000, 0x0000000404000000, 0x0000000404400000|  0%| F|  |TS  0|AC  0|TAMS 0x0000000404000000, 0x0000000404000000|
| 178|0x0000000404400000, 0x0000000404400000, 0x0000000404800000|  0%| F|  |TS  0|AC  0|TAMS 0x0000000404400000, 0x0000000404400000|
| 179|0x0000000404800000, 0x0000000404800000, 0x0000000404c00000|  0%| F|  |TS  0|AC  0|TAMS 0x0000000404800000, 0x0000000404800000|
| 180|0x0000000404c00000, 0x0000000404c00000, 0x0000000405000000|  0%| F|  |TS  0|AC  0|TAMS 0x0000000404c00000, 0x0000000404c00000|
| 181|0x0000000405000000, 0x0000000405000000, 0x0000000405400000|  0%| F|  |TS  0|AC  0|TAMS 0x0000000405000000, 0x0000000405000000|
| 182|0x0000000405400000, 0x0000000405400000, 0x0000000405800000|  0%| F|  |TS  0|AC  0|TAMS 0x0000000405400000, 0x0000000405400000|
| 183|0x0000000405800000, 0x0000000405800000, 0x0000000405c00000|  0%| F|  |TS  0|AC  0|TAMS 0x0000000405800000, 0x0000000405800000|
| 184|0x0000000405c00000, 0x0000000405c00000, 0x0000000406000000|  0%| F|  |TS  0|AC  0|TAMS 0x0000000405c00000, 0x0000000405c00000|
| 185|0x0000000406000000, 0x0000000406000000, 0x0000000406400000|  0%| F|  |TS  0|AC  0|TAMS 0x0000000406000000, 0x0000000406000000|
| 186|0x0000000406400000, 0x0000000406400000, 0x0000000406800000|  0%| F|  |TS  0|AC  0|TAMS 0x0000000406400000, 0x0000000406400000|
| 187|0x0000000406800000, 0x0000000406800000, 0x0000000406c00000|  0%| F|  |TS  0|AC  0|TAMS 0x0000000406800000, 0x0000000406800000|
| 188|0x0000000406c00000, 0x0000000406c00000, 0x0000000407000000|  0%| F|  |TS  0|AC  0|TAMS 0x0000000406c00000, 0x0000000406c00000|
| 189|0x0000000407000000, 0x0000000407000000, 0x0000000407400000|  0%| F|  |TS  0|AC  0|TAMS 0x0000000407000000, 0x0000000407000000|
| 190|0x0000000407400000, 0x0000000407400000, 0x0000000407800000|  0%| F|  |TS  0|AC  0|TAMS 0x0000000407400000, 0x0000000407400000|
| 191|0x0000000407800000, 0x0000000407800000, 0x0000000407c00000|  0%| F|  |TS  0|AC  0|TAMS 0x0000000407800000, 0x0000000407800000|
| 192|0x0000000407c00000, 0x0000000407c00000, 0x0000000408000000|  0%| F|  |TS  0|AC  0|TAMS 0x0000000407c00000, 0x0000000407c00000|
| 193|0x0000000408000000, 0x0000000408000000, 0x0000000408400000|  0%| F|  |TS  0|AC  0|TAMS 0x0000000408000000, 0x0000000408000000|
| 194|0x0000000408400000, 0x0000000408400000, 0x0000000408800000|  0%| F|  |TS  0|AC  0|TAMS 0x0000000408400000, 0x0000000408400000|
| 195|0x0000000408800000, 0x0000000408800000, 0x0000000408c00000|  0%| F|  |TS  0|AC  0|TAMS 0x0000000408800000, 0x0000000408800000|
| 196|0x0000000408c00000, 0x0000000408c00000, 0x0000000409000000|  0%| F|  |TS  0|AC  0|TAMS 0x0000000408c00000, 0x0000000408c00000|
| 197|0x0000000409000000, 0x0000000409000000, 0x0000000409400000|  0%| F|  |TS  0|AC  0|TAMS 0x0000000409000000, 0x0000000409000000|
| 198|0x0000000409400000, 0x0000000409400000, 0x0000000409800000|  0%| F|  |TS  0|AC  0|TAMS 0x0000000409400000, 0x0000000409400000|
| 199|0x0000000409800000, 0x0000000409800000, 0x0000000409c00000|  0%| F|  |TS  0|AC  0|TAMS 0x0000000409800000, 0x0000000409800000|
| 200|0x0000000409c00000, 0x0000000409c00000, 0x000000040a000000|  0%| F|  |TS  0|AC  0|TAMS 0x0000000409c00000, 0x0000000409c00000|
| 201|0x000000040a000000, 0x000000040a000000, 0x000000040a400000|  0%| F|  |TS  0|AC  0|TAMS 0x000000040a000000, 0x000000040a000000|
| 202|0x000000040a400000, 0x000000040a400000, 0x000000040a800000|  0%| F|  |TS  0|AC  0|TAMS 0x000000040a400000, 0x000000040a400000|
| 203|0x000000040a800000, 0x000000040a800000, 0x000000040ac00000|  0%| F|  |TS  0|AC  0|TAMS 0x000000040a800000, 0x000000040a800000|
| 204|0x000000040ac00000, 0x000000040ac00000, 0x000000040b000000|  0%| F|  |TS  0|AC  0|TAMS 0x000000040ac00000, 0x000000040ac00000|
| 205|0x000000040b000000, 0x000000040b000000, 0x000000040b400000|  0%| F|  |TS  0|AC  0|TAMS 0x000000040b000000, 0x000000040b000000|
| 206|0x000000040b400000, 0x000000040b400000, 0x000000040b800000|  0%| F|  |TS  0|AC  0|TAMS 0x000000040b400000, 0x000000040b400000|
| 207|0x000000040b800000, 0x000000040b800000, 0x000000040bc00000|  0%| F|  |TS  0|AC  0|TAMS 0x000000040b800000, 0x000000040b800000|
| 208|0x000000040bc00000, 0x000000040bc00000, 0x000000040c000000|  0%| F|  |TS  0|AC  0|TAMS 0x000000040bc00000, 0x000000040bc00000|
| 209|0x000000040c000000, 0x000000040c000000, 0x000000040c400000|  0%| F|  |TS  0|AC  0|TAMS 0x000000040c000000, 0x000000040c000000|
| 210|0x000000040c400000, 0x000000040c400000, 0x000000040c800000|  0%| F|  |TS  0|AC  0|TAMS 0x000000040c400000, 0x000000040c400000|
| 211|0x000000040c800000, 0x000000040c800000, 0x000000040cc00000|  0%| F|  |TS  0|AC  0|TAMS 0x000000040c800000, 0x000000040c800000|
| 212|0x000000040cc00000, 0x000000040cc00000, 0x000000040d000000|  0%| F|  |TS  0|AC  0|TAMS 0x000000040cc00000, 0x000000040cc00000|
| 213|0x000000040d000000, 0x000000040d000000, 0x000000040d400000|  0%| F|  |TS  0|AC  0|TAMS 0x000000040d000000, 0x000000040d000000|
| 214|0x000000040d400000, 0x000000040d400000, 0x000000040d800000|  0%| F|  |TS  0|AC  0|TAMS 0x000000040d400000, 0x000000040d400000|
| 215|0x000000040d800000, 0x000000040d800000, 0x000000040dc00000|  0%| F|  |TS  0|AC  0|TAMS 0x000000040d800000, 0x000000040d800000|
| 216|0x000000040dc00000, 0x000000040dc00000, 0x000000040e000000|  0%| F|  |TS  0|AC  0|TAMS 0x000000040dc00000, 0x000000040dc00000|
| 217|0x000000040e000000, 0x000000040e000000, 0x000000040e400000|  0%| F|  |TS  0|AC  0|TAMS 0x000000040e000000, 0x000000040e000000|
| 218|0x000000040e400000, 0x000000040e400000, 0x000000040e800000|  0%| F|  |TS  0|AC  0|TAMS 0x000000040e400000, 0x000000040e400000|
| 219|0x000000040e800000, 0x000000040e800000, 0x000000040ec00000|  0%| F|  |TS  0|AC  0|TAMS 0x000000040e800000, 0x000000040e800000|
| 220|0x000000040ec00000, 0x000000040ec00000, 0x000000040f000000|  0%| F|  |TS  0|AC  0|TAMS 0x000000040ec00000, 0x000000040ec00000|
| 221|0x000000040f000000, 0x000000040f000000, 0x000000040f400000|  0%| F|  |TS  0|AC  0|TAMS 0x000000040f000000, 0x000000040f000000|
| 222|0x000000040f400000, 0x000000040f400000, 0x000000040f800000|  0%| F|  |TS  0|AC  0|TAMS 0x000000040f400000, 0x000000040f400000|
| 223|0x000000040f800000, 0x000000040f800000, 0x000000040fc00000|  0%| F|  |TS  0|AC  0|TAMS 0x000000040f800000, 0x000000040f800000|
| 224|0x000000040fc00000, 0x000000040fc00000, 0x0000000410000000|  0%| F|  |TS  0|AC  0|TAMS 0x000000040fc00000, 0x000000040fc00000|
| 225|0x0000000410000000, 0x0000000410000000, 0x0000000410400000|  0%| F|  |TS  0|AC  0|TAMS 0x0000000410000000, 0x0000000410000000|
| 226|0x0000000410400000, 0x0000000410400000, 0x0000000410800000|  0%| F|  |TS  0|AC  0|TAMS 0x0000000410400000, 0x0000000410400000|
| 227|0x0000000410800000, 0x0000000410800000, 0x0000000410c00000|  0%| F|  |TS  0|AC  0|TAMS 0x0000000410800000, 0x0000000410800000|
| 228|0x0000000410c00000, 0x0000000410c00000, 0x0000000411000000|  0%| F|  |TS  0|AC  0|TAMS 0x0000000410c00000, 0x0000000410c00000|
| 229|0x0000000411000000, 0x0000000411000000, 0x0000000411400000|  0%| F|  |TS  0|AC  0|TAMS 0x0000000411000000, 0x0000000411000000|
| 230|0x0000000411400000, 0x0000000411400000, 0x0000000411800000|  0%| F|  |TS  0|AC  0|TAMS 0x0000000411400000, 0x0000000411400000|
| 231|0x0000000411800000, 0x0000000411800000, 0x0000000411c00000|  0%| F|  |TS  0|AC  0|TAMS 0x0000000411800000, 0x0000000411800000|
| 232|0x0000000411c00000, 0x0000000411c00000, 0x0000000412000000|  0%| F|  |TS  0|AC  0|TAMS 0x0000000411c00000, 0x0000000411c00000|
| 233|0x0000000412000000, 0x0000000412000000, 0x0000000412400000|  0%| F|  |TS  0|AC  0|TAMS 0x0000000412000000, 0x0000000412000000|
| 234|0x0000000412400000, 0x0000000412400000, 0x0000000412800000|  0%| F|  |TS  0|AC  0|TAMS 0x0000000412400000, 0x0000000412400000|
| 235|0x0000000412800000, 0x0000000412800000, 0x0000000412c00000|  0%| F|  |TS  0|AC  0|TAMS 0x0000000412800000, 0x0000000412800000|
| 236|0x0000000412c00000, 0x0000000412c00000, 0x0000000413000000|  0%| F|  |TS  0|AC  0|TAMS 0x0000000412c00000, 0x0000000412c00000|
| 237|0x0000000413000000, 0x0000000413000000, 0x0000000413400000|  0%| F|  |TS  0|AC  0|TAMS 0x0000000413000000, 0x0000000413000000|
| 238|0x0000000413400000, 0x0000000413400000, 0x0000000413800000|  0%| F|  |TS  0|AC  0|TAMS 0x0000000413400000, 0x0000000413400000|
| 239|0x0000000413800000, 0x0000000413800000, 0x0000000413c00000|  0%| F|  |TS  0|AC  0|TAMS 0x0000000413800000, 0x0000000413800000|
| 240|0x0000000413c00000, 0x0000000413c00000, 0x0000000414000000|  0%| F|  |TS  0|AC  0|TAMS 0x0000000413c00000, 0x0000000413c00000|
| 241|0x0000000414000000, 0x0000000414000000, 0x0000000414400000|  0%| F|  |TS  0|AC  0|TAMS 0x0000000414000000, 0x0000000414000000|
| 242|0x0000000414400000, 0x0000000414400000, 0x0000000414800000|  0%| F|  |TS  0|AC  0|TAMS 0x0000000414400000, 0x0000000414400000|
| 243|0x0000000414800000, 0x0000000414800000, 0x0000000414c00000|  0%| F|  |TS  0|AC  0|TAMS 0x0000000414800000, 0x0000000414800000|
| 244|0x0000000414c00000, 0x0000000414c00000, 0x0000000415000000|  0%| F|  |TS  0|AC  0|TAMS 0x0000000414c00000, 0x0000000414c00000|
| 245|0x0000000415000000, 0x0000000415000000, 0x0000000415400000|  0%| F|  |TS  0|AC  0|TAMS 0x0000000415000000, 0x0000000415000000|
| 246|0x0000000415400000, 0x0000000415400000, 0x0000000415800000|  0%| F|  |TS  0|AC  0|TAMS 0x0000000415400000, 0x0000000415400000|
| 247|0x0000000415800000, 0x00000004158f6458, 0x0000000415c00000| 24%| E|  |TS  0|AC  0|TAMS 0x0000000415800000, 0x0000000415800000|
| 248|0x0000000415c00000, 0x0000000416000000, 0x0000000416000000|100%| E|CS|TS  0|AC  0|TAMS 0x0000000415c00000, 0x0000000415c00000|
| 249|0x0000000416000000, 0x0000000416400000, 0x0000000416400000|100%| E|CS|TS  0|AC  0|TAMS 0x0000000416000000, 0x0000000416000000|
| 250|0x0000000416400000, 0x0000000416800000, 0x0000000416800000|100%| E|CS|TS  0|AC  0|TAMS 0x0000000416400000, 0x0000000416400000|

Card table byte_map: [0x00007f5cf417c000,0x00007f5cf60be000] byte_map_base: 0x00007f5cf22be000

Marking Bits (Prev, Next): (CMBitMap*) 0x00007f5dbc09e820, (CMBitMap*) 0x00007f5dbc09e858
 Prev Bits: [0x00007f5ce282a000, 0x00007f5cf223a000)
 Next Bits: [0x00007f5cd2e1a000, 0x00007f5ce282a000)

Polling page: 0x00007f5dc3a74000

CodeHeap 'non-profiled nmethods': size=119172Kb used=139Kb max_used=139Kb free=119032Kb
 bounds [0x00007f5da96e2000, 0x00007f5da9952000, 0x00007f5db0b43000]
CodeHeap 'profiled nmethods': size=119172Kb used=332Kb max_used=332Kb free=118839Kb
 bounds [0x00007f5da2281000, 0x00007f5da24f1000, 0x00007f5da96e2000]
CodeHeap 'non-nmethods': size=7416Kb used=2826Kb max_used=2862Kb free=4589Kb
 bounds [0x00007f5da1b43000, 0x00007f5da1e13000, 0x00007f5da2281000]
 total_blobs=630 nmethods=247 adapters=168
 compilation: enabled

Compilation events (10 events):
Event: 0.352 Thread 0x00007f5dbc2b6800 nmethod 242 0x00007f5da96fb510 code [0x00007f5da96fb740, 0x00007f5da96fc508]
Event: 0.355 Thread 0x00007f5dbc2b8800 nmethod 233 0x00007f5da96fcb90 code [0x00007f5da96fcd40, 0x00007f5da96fce88]
Event: 0.355 Thread 0x00007f5dbc2b8800  245   !   4       java.io.PrintStream::newLine (73 bytes)
Event: 0.356 Thread 0x00007f5dbc2af000 nmethod 240 0x00007f5da96fd010 code [0x00007f5da96fd280, 0x00007f5da96fe6e8]
Event: 0.356 Thread 0x00007f5dbc2af000  246       4       Print::logPrint (8 bytes)
Event: 0.363 Thread 0x00007f5dbc2b5000  247   !   4       java.io.PrintStream::write (83 bytes)
Event: 0.369 Thread 0x00007f5dbc2b8800 nmethod 245 0x00007f5da96ff110 code [0x00007f5da96ff360, 0x00007f5da97004a8]
Event: 0.375 Thread 0x00007f5dbc2b5000 nmethod 247 0x00007f5da9700e10 code [0x00007f5da9701020, 0x00007f5da9701c58]
Event: 0.383 Thread 0x00007f5dbc2af000 nmethod 246 0x00007f5da9702410 code [0x00007f5da97026e0, 0x00007f5da9703ea0]
Event: 0.627 Thread 0x00007f5dbc2bd800  248 %     3       org.eclipse.core.runtime.adaptor.EclipseStarter::main @ 5317 (6771 bytes)

GC Heap History (0 events):
No events

Deoptimization events (0 events):
No events

Classes redefined (0 events):
No events

Internal exceptions (0 events):
No events

Events (10 events):
Event: 0.318 Thread 0x00007f5dbc011800 DEOPT PACKING pc=0x00007f5da22b4424 sp=0x00007f5dc211ea30
Event: 0.318 Thread 0x00007f5dbc011800 DEOPT UNPACKING pc=0x00007f5da1b90aab sp=0x00007f5dc211e018 mode 0
Event: 0.318 Thread 0x00007f5dbc011800 DEOPT PACKING pc=0x00007f5da22b65a8 sp=0x00007f5dc211ed80
Event: 0.318 Thread 0x00007f5dbc011800 DEOPT UNPACKING pc=0x00007f5da1b90aab sp=0x00007f5dc211e218 mode 0
Event: 0.318 Thread 0x00007f5dbc011800 DEOPT PACKING pc=0x00007f5da22b4424 sp=0x00007f5dc211ea30
Event: 0.318 Thread 0x00007f5dbc011800 DEOPT UNPACKING pc=0x00007f5da1b90aab sp=0x00007f5dc211e018 mode 0
Event: 0.318 Thread 0x00007f5dbc011800 DEOPT PACKING pc=0x00007f5da22b4424 sp=0x00007f5dc211ea30
Event: 0.318 Thread 0x00007f5dbc011800 DEOPT UNPACKING pc=0x00007f5da1b90aab sp=0x00007f5dc211e018 mode 0
Event: 0.319 Thread 0x00007f5dbc011800 DEOPT PACKING pc=0x00007f5da22b4424 sp=0x00007f5dc211ea30
Event: 0.319 Thread 0x00007f5dbc011800 DEOPT UNPACKING pc=0x00007f5da1b90aab sp=0x00007f5dc211e018 mode 0


Dynamic libraries:
00400000-00401000 r-xp 00000000 00:65 77077150                           /root/oracle/jdk-9.0.4/bin/java
00600000-00601000 rw-p 00000000 00:65 77077150                           /root/oracle/jdk-9.0.4/bin/java
013d5000-013f6000 rw-p 00000000 00:00 0                                  [heap]
3d7c00000-416800000 rw-p 00000000 00:00 0 
416800000-7c0000000 ---p 00000000 00:00 0 
7c0000000-7c0080000 rw-p 00000000 00:00 0 
7c0080000-800000000 ---p 00000000 00:00 0 
7f5c60000000-7f5c60021000 rw-p 00000000 00:00 0 
7f5c60021000-7f5c64000000 ---p 00000000 00:00 0 
7f5c68000000-7f5c68021000 rw-p 00000000 00:00 0 
7f5c68021000-7f5c6c000000 ---p 00000000 00:00 0 
7f5c6c000000-7f5c6c021000 rw-p 00000000 00:00 0 
7f5c6c021000-7f5c70000000 ---p 00000000 00:00 0 
7f5c70000000-7f5c7002a000 rw-p 00000000 00:00 0 
7f5c7002a000-7f5c74000000 ---p 00000000 00:00 0 
7f5c74000000-7f5c74021000 rw-p 00000000 00:00 0 
7f5c74021000-7f5c78000000 ---p 00000000 00:00 0 
7f5c78000000-7f5c78086000 rw-p 00000000 00:00 0 
7f5c78086000-7f5c7c000000 ---p 00000000 00:00 0 
7f5c7c000000-7f5c7c021000 rw-p 00000000 00:00 0 
7f5c7c021000-7f5c80000000 ---p 00000000 00:00 0 
7f5c80000000-7f5c80089000 rw-p 00000000 00:00 0 
7f5c80089000-7f5c84000000 ---p 00000000 00:00 0 
7f5c84000000-7f5c84078000 rw-p 00000000 00:00 0 
7f5c84078000-7f5c88000000 ---p 00000000 00:00 0 
7f5c88000000-7f5c88195000 rw-p 00000000 00:00 0 
7f5c88195000-7f5c8c000000 ---p 00000000 00:00 0 
7f5c8c000000-7f5c8c106000 rw-p 00000000 00:00 0 
7f5c8c106000-7f5c90000000 ---p 00000000 00:00 0 
7f5c90000000-7f5c901a7000 rw-p 00000000 00:00 0 
7f5c901a7000-7f5c94000000 ---p 00000000 00:00 0 
7f5c94000000-7f5c941d8000 rw-p 00000000 00:00 0 
7f5c941d8000-7f5c98000000 ---p 00000000 00:00 0 
7f5c98000000-7f5c98192000 rw-p 00000000 00:00 0 
7f5c98192000-7f5c9c000000 ---p 00000000 00:00 0 
7f5c9c000000-7f5c9c184000 rw-p 00000000 00:00 0 
7f5c9c184000-7f5ca0000000 ---p 00000000 00:00 0 
7f5ca0000000-7f5ca0021000 rw-p 00000000 00:00 0 
7f5ca0021000-7f5ca4000000 ---p 00000000 00:00 0 
7f5ca4000000-7f5ca41c0000 rw-p 00000000 00:00 0 
7f5ca41c0000-7f5ca8000000 ---p 00000000 00:00 0 
7f5ca8000000-7f5ca8021000 rw-p 00000000 00:00 0 
7f5ca8021000-7f5cac000000 ---p 00000000 00:00 0 
7f5cac000000-7f5cac021000 rw-p 00000000 00:00 0 
7f5cac021000-7f5cb0000000 ---p 00000000 00:00 0 
7f5cb0000000-7f5cb0021000 rw-p 00000000 00:00 0 
7f5cb0021000-7f5cb4000000 ---p 00000000 00:00 0 
7f5cb4000000-7f5cb4021000 rw-p 00000000 00:00 0 
7f5cb4021000-7f5cb8000000 ---p 00000000 00:00 0 
7f5cb9b92000-7f5cb9ec0000 rw-p 00000000 00:00 0 
7f5cb9ec0000-7f5cb9ec1000 ---p 00000000 00:00 0 
7f5cb9ec1000-7f5cb9fc2000 rw-p 00000000 00:00 0 
7f5cb9fc2000-7f5cb9fc6000 ---p 00000000 00:00 0 
7f5cb9fc6000-7f5cba0c3000 rw-p 00000000 00:00 0 
7f5cba0c3000-7f5cba0c7000 ---p 00000000 00:00 0 
7f5cba0c7000-7f5cba1f5000 rw-p 00000000 00:00 0 
7f5cba1f5000-7f5cba20b000 r-xp 00000000 00:65 77077477                   /root/oracle/jdk-9.0.4/lib/libnet.so
7f5cba20b000-7f5cba40b000 ---p 00016000 00:65 77077477                   /root/oracle/jdk-9.0.4/lib/libnet.so
7f5cba40b000-7f5cba40c000 rw-p 00016000 00:65 77077477                   /root/oracle/jdk-9.0.4/lib/libnet.so
7f5cba40c000-7f5cba41c000 r-xp 00000000 00:65 77077594                   /root/oracle/jdk-9.0.4/lib/libnio.so
7f5cba41c000-7f5cba61c000 ---p 00010000 00:65 77077594                   /root/oracle/jdk-9.0.4/lib/libnio.so
7f5cba61c000-7f5cba61d000 rw-p 00010000 00:65 77077594                   /root/oracle/jdk-9.0.4/lib/libnio.so
7f5cba61d000-7f5cba621000 ---p 00000000 00:00 0 
7f5cba621000-7f5cba71e000 rw-p 00000000 00:00 0 
7f5cba71e000-7f5cba722000 ---p 00000000 00:00 0 
7f5cba722000-7f5cba81f000 rw-p 00000000 00:00 0 
7f5cba81f000-7f5cba823000 ---p 00000000 00:00 0 
7f5cba823000-7f5cba920000 rw-p 00000000 00:00 0 
7f5cba920000-7f5cba924000 ---p 00000000 00:00 0 
7f5cba924000-7f5cbaa21000 rw-p 00000000 00:00 0 
7f5cbaa21000-7f5cbaa25000 ---p 00000000 00:00 0 
7f5cbaa25000-7f5cbab22000 rw-p 00000000 00:00 0 
7f5cbab22000-7f5cbab26000 ---p 00000000 00:00 0 
7f5cbab26000-7f5cbac23000 rw-p 00000000 00:00 0 
7f5cbac23000-7f5cbac27000 ---p 00000000 00:00 0 
7f5cbac27000-7f5cbad24000 rw-p 00000000 00:00 0 
7f5cbad24000-7f5cbad28000 ---p 00000000 00:00 0 
7f5cbad28000-7f5cbae25000 rw-p 00000000 00:00 0 
7f5cbae25000-7f5cbae29000 ---p 00000000 00:00 0 
7f5cbae29000-7f5cbaf26000 rw-p 00000000 00:00 0 
7f5cbaf26000-7f5cbaf2a000 ---p 00000000 00:00 0 
7f5cbaf2a000-7f5cbb027000 rw-p 00000000 00:00 0 
7f5cbb027000-7f5cbb02b000 ---p 00000000 00:00 0 
7f5cbb02b000-7f5cbb128000 rw-p 00000000 00:00 0 
7f5cbb128000-7f5cbb12c000 ---p 00000000 00:00 0 
7f5cbb12c000-7f5cbb229000 rw-p 00000000 00:00 0 
7f5cbb229000-7f5cbb22d000 ---p 00000000 00:00 0 
7f5cbb22d000-7f5cbb32a000 rw-p 00000000 00:00 0 
7f5cbb32a000-7f5cbb32e000 ---p 00000000 00:00 0 
7f5cbb32e000-7f5cbb42b000 rw-p 00000000 00:00 0 
7f5cbb42b000-7f5cbb42f000 ---p 00000000 00:00 0 
7f5cbb42f000-7f5cbb52c000 rw-p 00000000 00:00 0 
7f5cbb52c000-7f5cbb530000 ---p 00000000 00:00 0 
7f5cbb530000-7f5cbb62d000 rw-p 00000000 00:00 0 
7f5cbb62d000-7f5cbb62e000 ---p 00000000 00:00 0 
7f5cbb62e000-7f5cbbc40000 rw-p 00000000 00:00 0 
7f5cbbc40000-7f5cbc000000 ---p 00000000 00:00 0 
7f5cbc000000-7f5cbc021000 rw-p 00000000 00:00 0 
7f5cbc021000-7f5cc0000000 ---p 00000000 00:00 0 
7f5cc0000000-7f5cc0021000 rw-p 00000000 00:00 0 
7f5cc0021000-7f5cc4000000 ---p 00000000 00:00 0 
7f5cc4000000-7f5cc4021000 rw-p 00000000 00:00 0 
7f5cc4021000-7f5cc8000000 ---p 00000000 00:00 0 
7f5cc8000000-7f5cc8021000 rw-p 00000000 00:00 0 
7f5cc8021000-7f5ccc000000 ---p 00000000 00:00 0 
7f5ccc000000-7f5ccc021000 rw-p 00000000 00:00 0 
7f5ccc021000-7f5cd0000000 ---p 00000000 00:00 0 
7f5cd000c000-7f5cd0e1a000 rw-p 00000000 00:00 0 
7f5cd0e1a000-7f5cd2e1a000 rwxp 00000000 00:00 0 
7f5cd2e1a000-7f5cd3dca000 rw-p 00000000 00:00 0 
7f5cd3dca000-7f5ce282a000 ---p 00000000 00:00 0 
7f5ce282a000-7f5ce37da000 rw-p 00000000 00:00 0 
7f5ce37da000-7f5cf223a000 ---p 00000000 00:00 0 
7f5cf223a000-7f5cf2430000 rw-p 00000000 00:00 0 
7f5cf2430000-7f5cf417c000 ---p 00000000 00:00 0 
7f5cf417c000-7f5cf4372000 rw-p 00000000 00:00 0 
7f5cf4372000-7f5cf8000000 ---p 00000000 00:00 0 
7f5cf8000000-7f5cf8021000 rw-p 00000000 00:00 0 
7f5cf8021000-7f5cfc000000 ---p 00000000 00:00 0 
7f5cfc000000-7f5cfc021000 rw-p 00000000 00:00 0 
7f5cfc021000-7f5d00000000 ---p 00000000 00:00 0 
7f5d00000000-7f5d00021000 rw-p 00000000 00:00 0 
7f5d00021000-7f5d04000000 ---p 00000000 00:00 0 
7f5d04000000-7f5d04021000 rw-p 00000000 00:00 0 
7f5d04021000-7f5d08000000 ---p 00000000 00:00 0 
7f5d08000000-7f5d08021000 rw-p 00000000 00:00 0 
7f5d08021000-7f5d0c000000 ---p 00000000 00:00 0 
7f5d0c000000-7f5d0c021000 rw-p 00000000 00:00 0 
7f5d0c021000-7f5d10000000 ---p 00000000 00:00 0 
7f5d10000000-7f5d10021000 rw-p 00000000 00:00 0 
7f5d10021000-7f5d14000000 ---p 00000000 00:00 0 
7f5d14000000-7f5d14021000 rw-p 00000000 00:00 0 
7f5d14021000-7f5d18000000 ---p 00000000 00:00 0 
7f5d18000000-7f5d18021000 rw-p 00000000 00:00 0 
7f5d18021000-7f5d1c000000 ---p 00000000 00:00 0 
7f5d1c000000-7f5d1c021000 rw-p 00000000 00:00 0 
7f5d1c021000-7f5d20000000 ---p 00000000 00:00 0 
7f5d20000000-7f5d20021000 rw-p 00000000 00:00 0 
7f5d20021000-7f5d24000000 ---p 00000000 00:00 0 
7f5d24000000-7f5d24021000 rw-p 00000000 00:00 0 
7f5d24021000-7f5d28000000 ---p 00000000 00:00 0 
7f5d28000000-7f5d28021000 rw-p 00000000 00:00 0 
7f5d28021000-7f5d2c000000 ---p 00000000 00:00 0 
7f5d2c000000-7f5d2c021000 rw-p 00000000 00:00 0 
7f5d2c021000-7f5d30000000 ---p 00000000 00:00 0 
7f5d30000000-7f5d30021000 rw-p 00000000 00:00 0 
7f5d30021000-7f5d34000000 ---p 00000000 00:00 0 
7f5d34000000-7f5d34021000 rw-p 00000000 00:00 0 
7f5d34021000-7f5d38000000 ---p 00000000 00:00 0 
7f5d38025000-7f5d3862b000 rw-p 00000000 00:00 0 
7f5d3862b000-7f5d3862c000 ---p 00000000 00:00 0 
7f5d3862c000-7f5d3872d000 rw-p 00000000 00:00 0 
7f5d3872d000-7f5d3872e000 ---p 00000000 00:00 0 
7f5d3872e000-7f5d3882f000 rw-p 00000000 00:00 0 
7f5d3882f000-7f5d38830000 ---p 00000000 00:00 0 
7f5d38830000-7f5d38931000 rw-p 00000000 00:00 0 
7f5d38931000-7f5d38932000 ---p 00000000 00:00 0 
7f5d38932000-7f5d38a33000 rw-p 00000000 00:00 0 
7f5d38a33000-7f5d38a34000 ---p 00000000 00:00 0 
7f5d38a34000-7f5d38b35000 rw-p 00000000 00:00 0 
7f5d38b35000-7f5d38b36000 ---p 00000000 00:00 0 
7f5d38b36000-7f5d39318000 rw-p 00000000 00:00 0 
7f5d39318000-7f5d3b064000 ---p 00000000 00:00 0 
7f5d3b064000-7f5d3b0e2000 rw-p 00000000 00:00 0 
7f5d3b0e2000-7f5d3b0e3000 ---p 00000000 00:00 0 
7f5d3b0e3000-7f5d3b1e4000 rw-p 00000000 00:00 0 
7f5d3b1e4000-7f5d3b1e5000 ---p 00000000 00:00 0 
7f5d3b1e5000-7f5d3b2e6000 rw-p 00000000 00:00 0 
7f5d3b2e6000-7f5d3b2e7000 ---p 00000000 00:00 0 
7f5d3b2e7000-7f5d3b3e8000 rw-p 00000000 00:00 0 
7f5d3b3e8000-7f5d3b3e9000 ---p 00000000 00:00 0 
7f5d3b3e9000-7f5d3b4ea000 rw-p 00000000 00:00 0 
7f5d3b4ea000-7f5d3b4eb000 ---p 00000000 00:00 0 
7f5d3b4eb000-7f5d3b5ec000 rw-p 00000000 00:00 0 
7f5d3b5ec000-7f5d3b5ed000 ---p 00000000 00:00 0 
7f5d3b5ed000-7f5d3b6ee000 rw-p 00000000 00:00 0 
7f5d3b6ee000-7f5d3b6ef000 ---p 00000000 00:00 0 
7f5d3b6ef000-7f5d3b7f0000 rw-p 00000000 00:00 0 
7f5d3b7f0000-7f5d3b7f1000 ---p 00000000 00:00 0 
7f5d3b7f1000-7f5d3b8f2000 rw-p 00000000 00:00 0 
7f5d3b8f2000-7f5d3b8f3000 ---p 00000000 00:00 0 
7f5d3b8f3000-7f5d3b9f4000 rw-p 00000000 00:00 0 
7f5d3b9f4000-7f5d3b9f5000 ---p 00000000 00:00 0 
7f5d3b9f5000-7f5d3baf6000 rw-p 00000000 00:00 0 
7f5d3baf6000-7f5d3baf7000 ---p 00000000 00:00 0 
7f5d3baf7000-7f5d3bbf8000 rw-p 00000000 00:00 0 
7f5d3bbf8000-7f5d3bbf9000 ---p 00000000 00:00 0 
7f5d3bbf9000-7f5d3bcfa000 rw-p 00000000 00:00 0 
7f5d3bcfa000-7f5d3bcfb000 ---p 00000000 00:00 0 
7f5d3bcfb000-7f5d3bdfc000 rw-p 00000000 00:00 0 
7f5d3bdfc000-7f5d3bdfd000 ---p 00000000 00:00 0 
7f5d3bdfd000-7f5d3befe000 rw-p 00000000 00:00 0 
7f5d3befe000-7f5d3beff000 ---p 00000000 00:00 0 
7f5d3beff000-7f5d3c000000 rw-p 00000000 00:00 0 
7f5d3c000000-7f5d3c021000 rw-p 00000000 00:00 0 
7f5d3c021000-7f5d40000000 ---p 00000000 00:00 0 
7f5d40000000-7f5d40021000 rw-p 00000000 00:00 0 
7f5d40021000-7f5d44000000 ---p 00000000 00:00 0 
7f5d44000000-7f5d44021000 rw-p 00000000 00:00 0 
7f5d44021000-7f5d48000000 ---p 00000000 00:00 0 
7f5d48000000-7f5d48021000 rw-p 00000000 00:00 0 
7f5d48021000-7f5d4c000000 ---p 00000000 00:00 0 
7f5d4c000000-7f5d4c021000 rw-p 00000000 00:00 0 
7f5d4c021000-7f5d50000000 ---p 00000000 00:00 0 
7f5d50000000-7f5d50021000 rw-p 00000000 00:00 0 
7f5d50021000-7f5d54000000 ---p 00000000 00:00 0 
7f5d54000000-7f5d54021000 rw-p 00000000 00:00 0 
7f5d54021000-7f5d58000000 ---p 00000000 00:00 0 
7f5d58000000-7f5d58021000 rw-p 00000000 00:00 0 
7f5d58021000-7f5d5c000000 ---p 00000000 00:00 0 
7f5d5c000000-7f5d5c021000 rw-p 00000000 00:00 0 
7f5d5c021000-7f5d60000000 ---p 00000000 00:00 0 
7f5d60000000-7f5d60021000 rw-p 00000000 00:00 0 
7f5d60021000-7f5d64000000 ---p 00000000 00:00 0 
7f5d64000000-7f5d64021000 rw-p 00000000 00:00 0 
7f5d64021000-7f5d68000000 ---p 00000000 00:00 0 
7f5d68000000-7f5d68021000 rw-p 00000000 00:00 0 
7f5d68021000-7f5d6c000000 ---p 00000000 00:00 0 
7f5d6c000000-7f5d6c021000 rw-p 00000000 00:00 0 
7f5d6c021000-7f5d70000000 ---p 00000000 00:00 0 
7f5d70000000-7f5d70021000 rw-p 00000000 00:00 0 
7f5d70021000-7f5d74000000 ---p 00000000 00:00 0 
7f5d74000000-7f5d74021000 rw-p 00000000 00:00 0 
7f5d74021000-7f5d78000000 ---p 00000000 00:00 0 
7f5d78000000-7f5d78021000 rw-p 00000000 00:00 0 
7f5d78021000-7f5d7c000000 ---p 00000000 00:00 0 
7f5d7c000000-7f5d7c021000 rw-p 00000000 00:00 0 
7f5d7c021000-7f5d80000000 ---p 00000000 00:00 0 
7f5d80000000-7f5d80021000 rw-p 00000000 00:00 0 
7f5d80021000-7f5d84000000 ---p 00000000 00:00 0 
7f5d84000000-7f5d84021000 rw-p 00000000 00:00 0 
7f5d84021000-7f5d88000000 ---p 00000000 00:00 0 
7f5d88000000-7f5d88021000 rw-p 00000000 00:00 0 
7f5d88021000-7f5d8c000000 ---p 00000000 00:00 0 
7f5d8c000000-7f5d8c021000 rw-p 00000000 00:00 0 
7f5d8c021000-7f5d90000000 ---p 00000000 00:00 0 
7f5d90000000-7f5d90021000 rw-p 00000000 00:00 0 
7f5d90021000-7f5d94000000 ---p 00000000 00:00 0 
7f5d94000000-7f5d94021000 rw-p 00000000 00:00 0 
7f5d94021000-7f5d98000000 ---p 00000000 00:00 0 
7f5d98000000-7f5d98021000 rw-p 00000000 00:00 0 
7f5d98021000-7f5d9c000000 ---p 00000000 00:00 0 
7f5d9c000000-7f5d9c021000 rw-p 00000000 00:00 0 
7f5d9c021000-7f5da0000000 ---p 00000000 00:00 0 
7f5da0021000-7f5da0022000 ---p 00000000 00:00 0 
7f5da0022000-7f5da0123000 rw-p 00000000 00:00 0 
7f5da0123000-7f5da0124000 ---p 00000000 00:00 0 
7f5da0124000-7f5da0225000 rw-p 00000000 00:00 0 
7f5da0225000-7f5da0226000 ---p 00000000 00:00 0 
7f5da0226000-7f5da0327000 rw-p 00000000 00:00 0 
7f5da0327000-7f5da0328000 ---p 00000000 00:00 0 
7f5da0328000-7f5da0429000 rw-p 00000000 00:00 0 
7f5da0429000-7f5da042a000 ---p 00000000 00:00 0 
7f5da042a000-7f5da052b000 rw-p 00000000 00:00 0 
7f5da052b000-7f5da052c000 ---p 00000000 00:00 0 
7f5da052c000-7f5da1a41000 rw-p 00000000 00:00 0 
7f5da1a41000-7f5da1a42000 ---p 00000000 00:00 0 
7f5da1a42000-7f5da1b43000 rw-p 00000000 00:00 0 
7f5da1b43000-7f5da1e13000 rwxp 00000000 00:00 0 
7f5da1e13000-7f5da2281000 ---p 00000000 00:00 0 
7f5da2281000-7f5da24f1000 rwxp 00000000 00:00 0 
7f5da24f1000-7f5da96e2000 ---p 00000000 00:00 0 
7f5da96e2000-7f5da9952000 rwxp 00000000 00:00 0 
7f5da9952000-7f5db0b43000 ---p 00000000 00:00 0 
7f5db0b43000-7f5dbc000000 r--s 00000000 00:65 77077560                   /root/oracle/jdk-9.0.4/lib/modules
7f5dbc000000-7f5dbc410000 rw-p 00000000 00:00 0 
7f5dbc410000-7f5dc0000000 ---p 00000000 00:00 0 
7f5dc002e000-7f5dc0056000 rw-p 00000000 00:00 0 
7f5dc0056000-7f5dc0057000 ---p 00000000 00:00 0 
7f5dc0057000-7f5dc0158000 rw-p 00000000 00:00 0 
7f5dc0158000-7f5dc0159000 ---p 00000000 00:00 0 
7f5dc0159000-7f5dc025a000 rw-p 00000000 00:00 0 
7f5dc025a000-7f5dc025b000 ---p 00000000 00:00 0 
7f5dc025b000-7f5dc035c000 rw-p 00000000 00:00 0 
7f5dc035c000-7f5dc035d000 ---p 00000000 00:00 0 
7f5dc035d000-7f5dc045e000 rw-p 00000000 00:00 0 
7f5dc045e000-7f5dc045f000 ---p 00000000 00:00 0 
7f5dc045f000-7f5dc0560000 rw-p 00000000 00:00 0 
7f5dc0560000-7f5dc0561000 ---p 00000000 00:00 0 
7f5dc0561000-7f5dc0662000 rw-p 00000000 00:00 0 
7f5dc0662000-7f5dc0663000 ---p 00000000 00:00 0 
7f5dc0663000-7f5dc0764000 rw-p 00000000 00:00 0 
7f5dc0764000-7f5dc0765000 ---p 00000000 00:00 0 
7f5dc0765000-7f5dc0866000 rw-p 00000000 00:00 0 
7f5dc0866000-7f5dc0867000 ---p 00000000 00:00 0 
7f5dc0867000-7f5dc0968000 rw-p 00000000 00:00 0 
7f5dc0968000-7f5dc0969000 ---p 00000000 00:00 0 
7f5dc0969000-7f5dc0a6a000 rw-p 00000000 00:00 0 
7f5dc0a6a000-7f5dc0a6b000 ---p 00000000 00:00 0 
7f5dc0a6b000-7f5dc0b6c000 rw-p 00000000 00:00 0 
7f5dc0b6c000-7f5dc0b6d000 ---p 00000000 00:00 0 
7f5dc0b6d000-7f5dc0c6e000 rw-p 00000000 00:00 0 
7f5dc0c6e000-7f5dc0c6f000 ---p 00000000 00:00 0 
7f5dc0c6f000-7f5dc0d70000 rw-p 00000000 00:00 0 
7f5dc0d70000-7f5dc0d71000 ---p 00000000 00:00 0 
7f5dc0d71000-7f5dc0e72000 rw-p 00000000 00:00 0 
7f5dc0e72000-7f5dc0e73000 ---p 00000000 00:00 0 
7f5dc0e73000-7f5dc0f74000 rw-p 00000000 00:00 0 
7f5dc0f74000-7f5dc0f75000 ---p 00000000 00:00 0 
7f5dc0f75000-7f5dc1076000 rw-p 00000000 00:00 0 
7f5dc1076000-7f5dc1077000 ---p 00000000 00:00 0 
7f5dc1077000-7f5dc1178000 rw-p 00000000 00:00 0 
7f5dc1178000-7f5dc1179000 ---p 00000000 00:00 0 
7f5dc1179000-7f5dc127a000 rw-p 00000000 00:00 0 
7f5dc127a000-7f5dc127b000 ---p 00000000 00:00 0 
7f5dc127b000-7f5dc1381000 rw-p 00000000 00:00 0 
7f5dc1381000-7f5dc1465000 ---p 00000000 00:00 0 
7f5dc1465000-7f5dc146a000 rw-p 00000000 00:00 0 
7f5dc146a000-7f5dc154e000 ---p 00000000 00:00 0 
7f5dc154e000-7f5dc1554000 rw-p 00000000 00:00 0 
7f5dc1554000-7f5dc155d000 ---p 00000000 00:00 0 
7f5dc155d000-7f5dc15ad000 rw-p 00000000 00:00 0 
7f5dc15ad000-7f5dc178a000 r--s 03e31000 00:65 101727669                  /usr/local/java/jdk1.8.0_301/jre/lib/rt.jar
7f5dc178a000-7f5dc17a4000 r-xp 00000000 00:65 77077435                   /root/oracle/jdk-9.0.4/lib/libjimage.so
7f5dc17a4000-7f5dc19a3000 ---p 0001a000 00:65 77077435                   /root/oracle/jdk-9.0.4/lib/libjimage.so
7f5dc19a3000-7f5dc19a5000 rw-p 00019000 00:65 77077435                   /root/oracle/jdk-9.0.4/lib/libjimage.so
7f5dc19a5000-7f5dc19b7000 rw-p 00000000 00:00 0 
7f5dc19b7000-7f5dc19be000 r-xp 00000000 00:65 77083131                   /root/oracle/jdk-9.0.4/lib/libzip.so
7f5dc19be000-7f5dc1bbd000 ---p 00007000 00:65 77083131                   /root/oracle/jdk-9.0.4/lib/libzip.so
7f5dc1bbd000-7f5dc1bbe000 rw-p 00006000 00:65 77083131                   /root/oracle/jdk-9.0.4/lib/libzip.so
7f5dc1bbe000-7f5dc1bc1000 r--p 00000000 00:65 165034530                  /usr/lib/x86_64-linux-gnu/libnss_files-2.31.so
7f5dc1bc1000-7f5dc1bc8000 r-xp 00003000 00:65 165034530                  /usr/lib/x86_64-linux-gnu/libnss_files-2.31.so
7f5dc1bc8000-7f5dc1bca000 r--p 0000a000 00:65 165034530                  /usr/lib/x86_64-linux-gnu/libnss_files-2.31.so
7f5dc1bca000-7f5dc1bcb000 r--p 0000b000 00:65 165034530                  /usr/lib/x86_64-linux-gnu/libnss_files-2.31.so
7f5dc1bcb000-7f5dc1bcc000 rw-p 0000c000 00:65 165034530                  /usr/lib/x86_64-linux-gnu/libnss_files-2.31.so
7f5dc1bcc000-7f5dc1bd2000 rw-p 00000000 00:00 0 
7f5dc1bda000-7f5dc1bdb000 rw-p 00000000 00:00 0 
7f5dc1bdb000-7f5dc1c06000 r-xp 00000000 00:65 77077470                   /root/oracle/jdk-9.0.4/lib/libjava.so
7f5dc1c06000-7f5dc1e05000 ---p 0002b000 00:65 77077470                   /root/oracle/jdk-9.0.4/lib/libjava.so
7f5dc1e05000-7f5dc1e07000 rw-p 0002a000 00:65 77077470                   /root/oracle/jdk-9.0.4/lib/libjava.so
7f5dc1e07000-7f5dc1e14000 r-xp 00000000 00:65 77077494                   /root/oracle/jdk-9.0.4/lib/libverify.so
7f5dc1e14000-7f5dc2013000 ---p 0000d000 00:65 77077494                   /root/oracle/jdk-9.0.4/lib/libverify.so
7f5dc2013000-7f5dc2015000 rw-p 0000c000 00:65 77077494                   /root/oracle/jdk-9.0.4/lib/libverify.so
7f5dc2015000-7f5dc2018000 r--p 00000000 00:65 165034636                  /usr/lib/x86_64-linux-gnu/librt-2.31.so
7f5dc2018000-7f5dc201c000 r-xp 00003000 00:65 165034636                  /usr/lib/x86_64-linux-gnu/librt-2.31.so
7f5dc201c000-7f5dc201d000 r--p 00007000 00:65 165034636                  /usr/lib/x86_64-linux-gnu/librt-2.31.so
7f5dc201d000-7f5dc201e000 ---p 00008000 00:65 165034636                  /usr/lib/x86_64-linux-gnu/librt-2.31.so
7f5dc201e000-7f5dc201f000 r--p 00008000 00:65 165034636                  /usr/lib/x86_64-linux-gnu/librt-2.31.so
7f5dc201f000-7f5dc2020000 rw-p 00009000 00:65 165034636                  /usr/lib/x86_64-linux-gnu/librt-2.31.so
7f5dc2020000-7f5dc2021000 ---p 00000000 00:00 0 
7f5dc2021000-7f5dc2022000 rw-p 00000000 00:00 0 
7f5dc2022000-7f5dc2026000 ---p 00000000 00:00 0 
7f5dc2026000-7f5dc2121000 rw-p 00000000 00:00 0 
7f5dc2121000-7f5dc2130000 r--p 00000000 00:65 165034468                  /usr/lib/x86_64-linux-gnu/libm-2.31.so
7f5dc2130000-7f5dc21d7000 r-xp 0000f000 00:65 165034468                  /usr/lib/x86_64-linux-gnu/libm-2.31.so
7f5dc21d7000-7f5dc226e000 r--p 000b6000 00:65 165034468                  /usr/lib/x86_64-linux-gnu/libm-2.31.so
7f5dc226e000-7f5dc226f000 r--p 0014c000 00:65 165034468                  /usr/lib/x86_64-linux-gnu/libm-2.31.so
7f5dc226f000-7f5dc2270000 rw-p 0014d000 00:65 165034468                  /usr/lib/x86_64-linux-gnu/libm-2.31.so
7f5dc2270000-7f5dc3285000 r-xp 00000000 00:65 77083135                   /root/oracle/jdk-9.0.4/lib/server/libjvm.so
7f5dc3285000-7f5dc3484000 ---p 01015000 00:65 77083135                   /root/oracle/jdk-9.0.4/lib/server/libjvm.so
7f5dc3484000-7f5dc3555000 r--p 01014000 00:65 77083135                   /root/oracle/jdk-9.0.4/lib/server/libjvm.so
7f5dc3555000-7f5dc358c000 rw-p 010e5000 00:65 77083135                   /root/oracle/jdk-9.0.4/lib/server/libjvm.so
7f5dc358c000-7f5dc35f7000 rw-p 00000000 00:00 0 
7f5dc35f7000-7f5dc361c000 r--p 00000000 00:65 165034165                  /usr/lib/x86_64-linux-gnu/libc-2.31.so
7f5dc361c000-7f5dc3794000 r-xp 00025000 00:65 165034165                  /usr/lib/x86_64-linux-gnu/libc-2.31.so
7f5dc3794000-7f5dc37de000 r--p 0019d000 00:65 165034165                  /usr/lib/x86_64-linux-gnu/libc-2.31.so
7f5dc37de000-7f5dc37df000 ---p 001e7000 00:65 165034165                  /usr/lib/x86_64-linux-gnu/libc-2.31.so
7f5dc37df000-7f5dc37e2000 r--p 001e7000 00:65 165034165                  /usr/lib/x86_64-linux-gnu/libc-2.31.so
7f5dc37e2000-7f5dc37e5000 rw-p 001ea000 00:65 165034165                  /usr/lib/x86_64-linux-gnu/libc-2.31.so
7f5dc37e5000-7f5dc37e9000 rw-p 00000000 00:00 0 
7f5dc37e9000-7f5dc37ea000 r--p 00000000 00:65 165034236                  /usr/lib/x86_64-linux-gnu/libdl-2.31.so
7f5dc37ea000-7f5dc37ec000 r-xp 00001000 00:65 165034236                  /usr/lib/x86_64-linux-gnu/libdl-2.31.so
7f5dc37ec000-7f5dc37ed000 r--p 00003000 00:65 165034236                  /usr/lib/x86_64-linux-gnu/libdl-2.31.so
7f5dc37ed000-7f5dc37ee000 r--p 00003000 00:65 165034236                  /usr/lib/x86_64-linux-gnu/libdl-2.31.so
7f5dc37ee000-7f5dc37ef000 rw-p 00004000 00:65 165034236                  /usr/lib/x86_64-linux-gnu/libdl-2.31.so
7f5dc37ef000-7f5dc37fd000 r-xp 00000000 00:65 77083142                   /root/oracle/jdk-9.0.4/lib/jli/libjli.so
7f5dc37fd000-7f5dc39fd000 ---p 0000e000 00:65 77083142                   /root/oracle/jdk-9.0.4/lib/jli/libjli.so
7f5dc39fd000-7f5dc39fe000 rw-p 0000e000 00:65 77083142                   /root/oracle/jdk-9.0.4/lib/jli/libjli.so
7f5dc39fe000-7f5dc3a05000 r--p 00000000 00:65 165034610                  /usr/lib/x86_64-linux-gnu/libpthread-2.31.so
7f5dc3a05000-7f5dc3a16000 r-xp 00007000 00:65 165034610                  /usr/lib/x86_64-linux-gnu/libpthread-2.31.so
7f5dc3a16000-7f5dc3a1b000 r--p 00018000 00:65 165034610                  /usr/lib/x86_64-linux-gnu/libpthread-2.31.so
7f5dc3a1b000-7f5dc3a1c000 r--p 0001c000 00:65 165034610                  /usr/lib/x86_64-linux-gnu/libpthread-2.31.so
7f5dc3a1c000-7f5dc3a1d000 rw-p 0001d000 00:65 165034610                  /usr/lib/x86_64-linux-gnu/libpthread-2.31.so
7f5dc3a1d000-7f5dc3a21000 rw-p 00000000 00:00 0 
7f5dc3a21000-7f5dc3a23000 r--p 00000000 00:65 165034796                  /usr/lib/x86_64-linux-gnu/libz.so.1.2.11
7f5dc3a23000-7f5dc3a34000 r-xp 00002000 00:65 165034796                  /usr/lib/x86_64-linux-gnu/libz.so.1.2.11
7f5dc3a34000-7f5dc3a3a000 r--p 00013000 00:65 165034796                  /usr/lib/x86_64-linux-gnu/libz.so.1.2.11
7f5dc3a3a000-7f5dc3a3b000 ---p 00019000 00:65 165034796                  /usr/lib/x86_64-linux-gnu/libz.so.1.2.11
7f5dc3a3b000-7f5dc3a3c000 r--p 00019000 00:65 165034796                  /usr/lib/x86_64-linux-gnu/libz.so.1.2.11
7f5dc3a3c000-7f5dc3a3d000 rw-p 0001a000 00:65 165034796                  /usr/lib/x86_64-linux-gnu/libz.so.1.2.11
7f5dc3a3d000-7f5dc3a45000 rw-s 00000000 00:65 71965686                   /tmp/hsperfdata_root/24392
7f5dc3a45000-7f5dc3a48000 rw-p 00000000 00:00 0 
7f5dc3a48000-7f5dc3a49000 r--p 00000000 00:65 165033992                  /usr/lib/x86_64-linux-gnu/ld-2.31.so
7f5dc3a49000-7f5dc3a6c000 r-xp 00001000 00:65 165033992                  /usr/lib/x86_64-linux-gnu/ld-2.31.so
7f5dc3a6c000-7f5dc3a74000 r--p 00024000 00:65 165033992                  /usr/lib/x86_64-linux-gnu/ld-2.31.so
7f5dc3a74000-7f5dc3a75000 r--p 00000000 00:00 0 
7f5dc3a75000-7f5dc3a76000 r--p 0002c000 00:65 165033992                  /usr/lib/x86_64-linux-gnu/ld-2.31.so
7f5dc3a76000-7f5dc3a77000 rw-p 0002d000 00:65 165033992                  /usr/lib/x86_64-linux-gnu/ld-2.31.so
7f5dc3a77000-7f5dc3a78000 rw-p 00000000 00:00 0 
7fffdc3c1000-7fffdc3e2000 rw-p 00000000 00:00 0                          [stack]
7fffdc3ef000-7fffdc3f2000 r--p 00000000 00:00 0                          [vvar]
7fffdc3f2000-7fffdc3f3000 r-xp 00000000 00:00 0                          [vdso]
ffffffffff600000-ffffffffff601000 --xp 00000000 00:00 0                  [vsyscall]

VM Arguments:
jvm_args: -Xbootclasspath/a:/usr/local/java/jdk1.8.0_301/jre/lib/rt.jar -Xverify:none 
java_command: org.eclipse.core.runtime.adaptor.EclipseStarter -debug
java_class_path (initial): ./sootOutput/eclipse/
Launcher Type: SUN_STANDARD

Logging:
Log output configuration:
#0: stdout all=warning uptime,level,tags
#1: stderr all=off uptime,level,tags

Environment Variables:
JAVA_HOME=/root/oracle/jdk-9.0.4
JRE_HOME=/root/oracle/jdk-9.0.4
CLASSPATH=.:/root/oracle/jdk-9.0.4/lib:/JVMfuzzing/htm/CFSynthesis/resource/commons-lang3-3.12.0/commons-lang3-3.12.0.jar
PATH=/root/oracle/jdk-9.0.4/bin:/root/.vscode-server/bin/da76f93349a72022ca4670c1b84860304616aaa2/bin/remote-cli:/root/oracle/jdk-9.0.4/bin:/usr/local/sbin:/usr/local/bin:/usr/sbin:/usr/bin:/sbin:/bin:/usr/games:/usr/local/games:/snap/bin
SHELL=/bin/bash

Signal Handlers:
SIGSEGV: [libjvm.so+0xd4d370], sa_mask[0]=11111111011111111101111111111110, sa_flags=SA_RESTART|SA_SIGINFO
SIGBUS: [libjvm.so+0xd4d370], sa_mask[0]=11111111011111111101111111111110, sa_flags=SA_RESTART|SA_SIGINFO
SIGFPE: [libjvm.so+0xd4d370], sa_mask[0]=11111111011111111101111111111110, sa_flags=SA_RESTART|SA_SIGINFO
SIGPIPE: [libjvm.so+0xb64780], sa_mask[0]=11111111011111111101111111111110, sa_flags=SA_RESTART|SA_SIGINFO
SIGXFSZ: [libjvm.so+0xb64780], sa_mask[0]=11111111011111111101111111111110, sa_flags=SA_RESTART|SA_SIGINFO
SIGILL: [libjvm.so+0xd4d370], sa_mask[0]=11111111011111111101111111111110, sa_flags=SA_RESTART|SA_SIGINFO
SIGUSR2: [libjvm.so+0xb64640], sa_mask[0]=00100000000000000000000000000000, sa_flags=SA_RESTART|SA_SIGINFO
SIGHUP: [libjvm.so+0xb64850], sa_mask[0]=11111111011111111101111111111110, sa_flags=SA_RESTART|SA_SIGINFO
SIGINT: [libjvm.so+0xb64850], sa_mask[0]=11111111011111111101111111111110, sa_flags=SA_RESTART|SA_SIGINFO
SIGTERM: [libjvm.so+0xb64850], sa_mask[0]=11111111011111111101111111111110, sa_flags=SA_RESTART|SA_SIGINFO
SIGQUIT: [libjvm.so+0xb64850], sa_mask[0]=11111111011111111101111111111110, sa_flags=SA_RESTART|SA_SIGINFO


---------------  S Y S T E M  ---------------

OS:DISTRIB_ID=Ubuntu
DISTRIB_RELEASE=20.04
DISTRIB_CODENAME=focal
DISTRIB_DESCRIPTION="Ubuntu 20.04.3 LTS"
uname:Linux 5.4.0-124-generic #140~18.04.1-Ubuntu SMP Fri Aug 5 11:43:34 UTC 2022 x86_64
libc:glibc 2.31 NPTL 2.31 
rlimit: STACK 8192k, CORE infinity, NPROC infinity, NOFILE 1048576, AS infinity
load average:41.17 40.67 39.37

/proc/meminfo:
MemTotal:       65549624 kB
MemFree:         6252388 kB
MemAvailable:   33293436 kB
Buffers:         5872664 kB
Cached:          3661664 kB
SwapCached:         8092 kB
Active:         32672016 kB
Inactive:        6437952 kB
Active(anon):   25578228 kB
Inactive(anon):  4018444 kB
Active(file):    7093788 kB
Inactive(file):  2419508 kB
Unevictable:          16 kB
Mlocked:              16 kB
SwapTotal:       2097148 kB
SwapFree:              0 kB
Dirty:             44192 kB
Writeback:             0 kB
AnonPages:      29567544 kB
Mapped:           854028 kB
Shmem:             25608 kB
KReclaimable:   18259676 kB
Slab:           19429848 kB
SReclaimable:   18259676 kB
SUnreclaim:      1170172 kB
KernelStack:       78560 kB
PageTables:       242936 kB
NFS_Unstable:          0 kB
Bounce:                0 kB
WritebackTmp:          0 kB
CommitLimit:    34871960 kB
Committed_AS:   85181856 kB
VmallocTotal:   34359738367 kB
VmallocUsed:      161376 kB
VmallocChunk:          0 kB
Percpu:            32512 kB
HardwareCorrupted:     0 kB
AnonHugePages:         0 kB
ShmemHugePages:        0 kB
ShmemPmdMapped:        0 kB
FileHugePages:         0 kB
FilePmdMapped:         0 kB
CmaTotal:              0 kB
CmaFree:               0 kB
HugePages_Total:       0
HugePages_Free:        0
HugePages_Rsvd:        0
HugePages_Surp:        0
Hugepagesize:       2048 kB
Hugetlb:               0 kB
DirectMap4k:    15497632 kB
DirectMap2M:    51298304 kB
DirectMap1G:           0 kB


CPU:total 28 (initial active 28) (14 cores per cpu, 2 threads per core) family 6 model 85 stepping 4, cmov, cx8, fxsr, mmx, sse, sse2, sse3, ssse3, sse4.1, sse4.2, popcnt, avx, avx2, aes, clmul, erms, rtm, 3dnowpref, lzcnt, ht, tsc, tscinvbit, bmi1, bmi2, adx, fma
CPU Model and flags from /proc/cpuinfo:
model name	: Intel(R) Core(TM) i9-9940X CPU @ 3.30GHz
flags		: fpu vme de pse tsc msr pae mce cx8 apic sep mtrr pge mca cmov pat pse36 clflush dts acpi mmx fxsr sse sse2 ss ht tm pbe syscall nx pdpe1gb rdtscp lm constant_tsc art arch_perfmon pebs bts rep_good nopl xtopology nonstop_tsc cpuid aperfmperf pni pclmulqdq dtes64 monitor ds_cpl vmx est tm2 ssse3 sdbg fma cx16 xtpr pdcm pcid dca sse4_1 sse4_2 x2apic movbe popcnt tsc_deadline_timer aes xsave avx f16c rdrand lahf_lm abm 3dnowprefetch cpuid_fault epb cat_l3 cdp_l3 invpcid_single pti ssbd mba ibrs ibpb stibp tpr_shadow vnmi flexpriority ept vpid ept_ad fsgsbase tsc_adjust bmi1 hle avx2 smep bmi2 erms invpcid rtm cqm mpx rdt_a avx512f avx512dq rdseed adx smap clflushopt clwb intel_pt avx512cd avx512bw avx512vl xsaveopt xsavec xgetbv1 xsaves cqm_llc cqm_occup_llc cqm_mbm_total cqm_mbm_local dtherm ida arat pln pts hwp hwp_act_window hwp_epp hwp_pkg_req md_clear flush_l1d arch_capabilities

Memory: 4k page, physical 65549624k(6252388k free), swap 2097148k(0k free)

vm_info: Java HotSpot(TM) 64-Bit Server VM (9.0.4+11) for linux-amd64 JRE (9.0.4+11), built on Dec 19 2017 18:12:19 by "mach5one" with gcc 4.9.2

END.
