#
# A fatal error has been detected by the Java Runtime Environment:
#
#  SIGSEGV (0xb) at pc=0x00007f170b8239ac, pid=14664, tid=14733
#
# JRE version: Java(TM) SE Runtime Environment (9.0+11) (build 9.0.4+11)
# Java VM: Java HotSpot(TM) 64-Bit Server VM (9.0.4+11, mixed mode, tiered, compressed oops, g1 gc, linux-amd64)
# Problematic frame:
# V  [libjvm.so+0x4ad9ac]  GraphBuilder::try_inline_full(ciMethod*, bool, bool, Bytecodes::Code, Instruction*)+0x44c
#
# Core dump will be written. Default location: Core dumps may be processed with "/usr/share/apport/apport -p%p -s%s -c%c -d%d -P%P -u%u -g%g -- %E" (or dumping to /JVMfuzzing/zjy/classming/Fuzzing-Testing-of-JVM-Implementations/core.14664)
#
# If you would like to submit a bug report, please visit:
#   http://bugreport.java.com/bugreport/crash.jsp
#

---------------  S U M M A R Y ------------

Command Line: -Xbootclasspath/a:/usr/local/java/jdk1.8.0_301/jre/lib/rt.jar -Xverify:none org.eclipse.core.runtime.adaptor.EclipseStarter -debug

Host: Intel(R) Core(TM) i9-9940X CPU @ 3.30GHz, 28 cores, 62G, Ubuntu 20.04.3 LTS
Time: Thu Nov  3 08:59:16 2022 UTC elapsed time: 2 seconds (0d 0h 0m 2s)

---------------  T H R E A D  ---------------

Current thread (0x00007f17042bf000):  JavaThread "C1 CompilerThread10" daemon [_thread_in_native, id=14733, stack(0x00007f15e37f8000,0x00007f15e38f9000)]


Current CompileTask:
C1:   2253  280 %     3       org.eclipse.core.runtime.adaptor.EclipseStarter::main @ 30 (348 bytes)

Stack: [0x00007f15e37f8000,0x00007f15e38f9000],  sp=0x00007f15e38f70b0,  free space=1020k
Native frames: (J=compiled Java code, A=aot compiled Java code, j=interpreted, Vv=VM code, C=native code)
V  [libjvm.so+0x4ad9ac]  GraphBuilder::try_inline_full(ciMethod*, bool, bool, Bytecodes::Code, Instruction*)+0x44c
V  [libjvm.so+0x4ae2fc]  GraphBuilder::try_inline(ciMethod*, bool, bool, Bytecodes::Code, Instruction*)+0x1dc
V  [libjvm.so+0x4aee6d]  GraphBuilder::invoke(Bytecodes::Code)+0x3ed
V  [libjvm.so+0x4b163e]  GraphBuilder::iterate_bytecodes_for_block(int)+0x1c4e
V  [libjvm.so+0x4b1ad5]  GraphBuilder::iterate_all_blocks(bool)+0x85
V  [libjvm.so+0x4b1ec9]  GraphBuilder::GraphBuilder(Compilation*, IRScope*)+0x389
V  [libjvm.so+0x4b70a8]  IR::IR(Compilation*, ciMethod*, int)+0x1e8
V  [libjvm.so+0x497832]  Compilation::build_hir() [clone .part.93]+0x162
V  [libjvm.so+0x499633]  Compilation::compile_java_method()+0x3c3
V  [libjvm.so+0x4997af]  Compilation::compile_method()+0x12f
V  [libjvm.so+0x499c31]  Compilation::Compilation(AbstractCompiler*, ciEnv*, ciMethod*, int, BufferBlob*, DirectiveSet*)+0x271
V  [libjvm.so+0x49ac1e]  Compiler::compile_method(ciEnv*, ciMethod*, int, DirectiveSet*)+0xae
V  [libjvm.so+0x6125ac]  CompileBroker::invoke_compiler_on_method(CompileTask*)+0x41c
V  [libjvm.so+0x61344b]  CompileBroker::compiler_thread_loop()+0x28b
V  [libjvm.so+0xcef338]  JavaThread::thread_main_inner()+0xd8
V  [libjvm.so+0xb6e132]  thread_native_entry(Thread*)+0xf2
C  [libpthread.so.0+0x9609]  start_thread+0xd9


siginfo: si_signo: 11 (SIGSEGV), si_code: 1 (SEGV_MAPERR), si_addr: 0x0000000000000018

Register to memory mapping:

RAX=0x00007f15bc0277a0 is an unknown value
RBX=0x00007f15e38f7460 is pointing into the stack for thread: 0x00007f17042bf000
RCX=0x0000000000000000 is an unknown value
RDX=0x0000000000000000 is an unknown value
RSP=0x00007f15e38f70b0 is pointing into the stack for thread: 0x00007f17042bf000
RBP=0x00007f15e38f7130 is pointing into the stack for thread: 0x00007f17042bf000
RSI=0x0000000000000000 is an unknown value
RDI=0x00007f15e38f7460 is pointing into the stack for thread: 0x00007f17042bf000
R8 =0x0000000000000000 is an unknown value
R9 =0x00007f15bc026f50 is an unknown value
R10=0x000000000000000c is an unknown value
R11=0x0000000000000001 is an unknown value
R12=0x00007f15d81a3a30 is an unknown value
R13=0x0000000000000000 is an unknown value
R14=0x0000000000000000 is an unknown value
R15=0x0000000000000001 is an unknown value


Registers:
RAX=0x00007f15bc0277a0, RBX=0x00007f15e38f7460, RCX=0x0000000000000000, RDX=0x0000000000000000
RSP=0x00007f15e38f70b0, RBP=0x00007f15e38f7130, RSI=0x0000000000000000, RDI=0x00007f15e38f7460
R8 =0x0000000000000000, R9 =0x00007f15bc026f50, R10=0x000000000000000c, R11=0x0000000000000001
R12=0x00007f15d81a3a30, R13=0x0000000000000000, R14=0x0000000000000000, R15=0x0000000000000001
RIP=0x00007f170b8239ac, EFLAGS=0x0000000000010246, CSGSFS=0x002b000000000033, ERR=0x0000000000000004
  TRAPNO=0x000000000000000e

Top of Stack: (sp=0x00007f15e38f70b0)
0x00007f15e38f70b0:   00007f170c6bf4cc 00007f15e38f70e0
0x00007f15e38f70c0:   00000000e38f7130 00007f15bc0278c0
0x00007f15e38f70d0:   00007f15c403a1c0 00007f15bc0277a0
0x00007f15e38f70e0:   00000000000000bf 00007f15bc026cb0 

Instructions: (pc=0x00007f170b8239ac)
0x00007f170b82398c:   40 08 44 39 68 38 7e 3f 48 8b 50 50 49 63 f0 44
0x00007f170b82399c:   89 c1 44 29 e9 48 89 df 48 89 45 a8 48 8b 14 f2
0x00007f170b8239ac:   48 8b 72 18 44 03 46 08 48 8b 75 98 44 89 45 b0
0x00007f170b8239bc:   44 89 45 88 e8 3b 36 ff ff 48 8b 45 a8 44 8b 45 


---------------  P R O C E S S  ---------------

Java Threads: ( => current thread )
  0x00007f1704361000 JavaThread "Service Thread" daemon [_thread_blocked, id=14737, stack(0x00007f15e2fcc000,0x00007f15e30cd000)]
  0x00007f17042d1800 JavaThread "Common-Cleaner" daemon [_thread_blocked, id=14736, stack(0x00007f15e30cd000,0x00007f15e31ce000)]
  0x00007f17042c2800 JavaThread "Sweeper thread" daemon [_thread_blocked, id=14735, stack(0x00007f15e35f6000,0x00007f15e36f7000)]
  0x00007f17042c1000 JavaThread "C1 CompilerThread11" daemon [_thread_blocked, id=14734, stack(0x00007f15e36f7000,0x00007f15e37f8000)]
=>0x00007f17042bf000 JavaThread "C1 CompilerThread10" daemon [_thread_in_native, id=14733, stack(0x00007f15e37f8000,0x00007f15e38f9000)]
  0x00007f17042bd800 JavaThread "C1 CompilerThread9" daemon [_thread_blocked, id=14732, stack(0x00007f15e38f9000,0x00007f15e39fa000)]
  0x00007f17042bb800 JavaThread "C1 CompilerThread8" daemon [_thread_blocked, id=14731, stack(0x00007f15e39fa000,0x00007f15e3afb000)]
  0x00007f17042b9800 JavaThread "C2 CompilerThread7" daemon [_thread_blocked, id=14730, stack(0x00007f15e3afb000,0x00007f15e3bfc000)]
  0x00007f17042b8000 JavaThread "C2 CompilerThread6" daemon [_thread_blocked, id=14729, stack(0x00007f15e3bfc000,0x00007f15e3cfd000)]
  0x00007f17042b6000 JavaThread "C2 CompilerThread5" daemon [_thread_blocked, id=14728, stack(0x00007f15e3cfd000,0x00007f15e3dfe000)]
  0x00007f17042b4800 JavaThread "C2 CompilerThread4" daemon [_thread_blocked, id=14727, stack(0x00007f15e3dfe000,0x00007f15e3eff000)]
  0x00007f17042b2800 JavaThread "C2 CompilerThread3" daemon [_thread_blocked, id=14726, stack(0x00007f15e3eff000,0x00007f15e4000000)]
  0x00007f17042b1000 JavaThread "C2 CompilerThread2" daemon [_thread_blocked, id=14725, stack(0x00007f16040e8000,0x00007f16041e9000)]
  0x00007f17042af000 JavaThread "C2 CompilerThread1" daemon [_thread_blocked, id=14724, stack(0x00007f16041e9000,0x00007f16042ea000)]
  0x00007f17042ad000 JavaThread "C2 CompilerThread0" daemon [_thread_blocked, id=14723, stack(0x00007f16042ea000,0x00007f16043eb000)]
  0x00007f17042ab000 JavaThread "Signal Dispatcher" daemon [_thread_blocked, id=14722, stack(0x00007f16043eb000,0x00007f16044ec000)]
  0x00007f1704291000 JavaThread "Finalizer" daemon [_thread_blocked, id=14720, stack(0x00007f16044ec000,0x00007f16045ed000)]
  0x00007f1704288800 JavaThread "Reference Handler" daemon [_thread_blocked, id=14719, stack(0x00007f16045ed000,0x00007f16046ee000)]
  0x00007f1704011800 JavaThread "main" [_thread_in_native, id=14666, stack(0x00007f170b128000,0x00007f170b227000)]

Other Threads:
  0x00007f1704281000 VMThread "VM Thread" [stack: 0x00007f16046f0000,0x00007f16047f0000] [id=14718]
  0x00007f1704363800 WatcherThread [stack: 0x00007f15e2ecc000,0x00007f15e2fcc000] [id=14738]
  0x00007f1704034000 GCTaskThread "GC Thread#0" [stack: 0x00007f170a382000,0x00007f170a482000] [id=14667]
  0x00007f1704035800 GCTaskThread "GC Thread#1" [stack: 0x00007f170a280000,0x00007f170a380000] [id=14668]
  0x00007f1704037000 GCTaskThread "GC Thread#2" [stack: 0x00007f170a17e000,0x00007f170a27e000] [id=14669]
  0x00007f1704039000 GCTaskThread "GC Thread#3" [stack: 0x00007f170a07c000,0x00007f170a17c000] [id=14670]
  0x00007f170403a800 GCTaskThread "GC Thread#4" [stack: 0x00007f1709f7a000,0x00007f170a07a000] [id=14671]
  0x00007f170403c800 GCTaskThread "GC Thread#5" [stack: 0x00007f1709e78000,0x00007f1709f78000] [id=14672]
  0x00007f170403e000 GCTaskThread "GC Thread#6" [stack: 0x00007f1709d76000,0x00007f1709e76000] [id=14673]
  0x00007f170403f800 GCTaskThread "GC Thread#7" [stack: 0x00007f1709c74000,0x00007f1709d74000] [id=14674]
  0x00007f1704041800 GCTaskThread "GC Thread#8" [stack: 0x00007f1709b72000,0x00007f1709c72000] [id=14675]
  0x00007f1704043000 GCTaskThread "GC Thread#9" [stack: 0x00007f1709a70000,0x00007f1709b70000] [id=14676]
  0x00007f1704045000 GCTaskThread "GC Thread#10" [stack: 0x00007f170996e000,0x00007f1709a6e000] [id=14677]
  0x00007f1704046800 GCTaskThread "GC Thread#11" [stack: 0x00007f170986c000,0x00007f170996c000] [id=14678]
  0x00007f1704048800 GCTaskThread "GC Thread#12" [stack: 0x00007f170976a000,0x00007f170986a000] [id=14679]
  0x00007f170404a000 GCTaskThread "GC Thread#13" [stack: 0x00007f1709668000,0x00007f1709768000] [id=14680]
  0x00007f170404c000 GCTaskThread "GC Thread#14" [stack: 0x00007f1709566000,0x00007f1709666000] [id=14681]
  0x00007f170404d800 GCTaskThread "GC Thread#15" [stack: 0x00007f1709464000,0x00007f1709564000] [id=14682]
  0x00007f170404f800 GCTaskThread "GC Thread#16" [stack: 0x00007f1709362000,0x00007f1709462000] [id=14683]
  0x00007f1704051000 GCTaskThread "GC Thread#17" [stack: 0x00007f1709260000,0x00007f1709360000] [id=14684]
  0x00007f1704052800 GCTaskThread "GC Thread#18" [stack: 0x00007f170915e000,0x00007f170925e000] [id=14685]
  0x00007f1704054800 GCTaskThread "GC Thread#19" [stack: 0x00007f170905c000,0x00007f170915c000] [id=14686]
  0x00007f170409f800 ConcurrentGCThread "G1 Main Marker" [stack: 0x00007f161c9ef000,0x00007f161caef000] [id=14708]
  0x00007f17040a1000 ConcurrentGCThread "G1 Marker#0" [stack: 0x00007f161c8ed000,0x00007f161c9ed000] [id=14709]
  0x00007f17040a3000 ConcurrentGCThread "G1 Marker#1" [stack: 0x00007f161c7eb000,0x00007f161c8eb000] [id=14711]
  0x00007f17040a4800 ConcurrentGCThread "G1 Marker#2" [stack: 0x00007f161c6e9000,0x00007f161c7e9000] [id=14712]
  0x00007f17040a6800 ConcurrentGCThread "G1 Marker#3" [stack: 0x00007f161c5e7000,0x00007f161c6e7000] [id=14713]
  0x00007f17040a8000 ConcurrentGCThread "G1 Marker#4" [stack: 0x00007f161c4e5000,0x00007f161c5e5000] [id=14714]
  0x00007f1704079000 ConcurrentGCThread "G1 Refine#0" [stack: 0x00007f16e8319000,0x00007f16e8419000] [id=14706]
  0x00007f1704077000 ConcurrentGCThread "G1 Refine#1" [stack: 0x00007f16e841b000,0x00007f16e851b000] [id=14705]
  0x00007f1704075000 ConcurrentGCThread "G1 Refine#2" [stack: 0x00007f16e851d000,0x00007f16e861d000] [id=14704]
  0x00007f1704073800 ConcurrentGCThread "G1 Refine#3" [stack: 0x00007f16e861f000,0x00007f16e871f000] [id=14703]
  0x00007f1704071800 ConcurrentGCThread "G1 Refine#4" [stack: 0x00007f16e8721000,0x00007f16e8821000] [id=14702]
  0x00007f1704070000 ConcurrentGCThread "G1 Refine#5" [stack: 0x00007f16e8823000,0x00007f16e8923000] [id=14701]
  0x00007f170406e000 ConcurrentGCThread "G1 Refine#6" [stack: 0x00007f16e8925000,0x00007f16e8a25000] [id=14700]
  0x00007f170406c800 ConcurrentGCThread "G1 Refine#7" [stack: 0x00007f16e8a27000,0x00007f16e8b27000] [id=14699]
  0x00007f170406a800 ConcurrentGCThread "G1 Refine#8" [stack: 0x00007f16e8b29000,0x00007f16e8c29000] [id=14698]
  0x00007f1704069000 ConcurrentGCThread "G1 Refine#9" [stack: 0x00007f16e8c2b000,0x00007f16e8d2b000] [id=14697]
  0x00007f1704067000 ConcurrentGCThread "G1 Refine#10" [stack: 0x00007f16e8d2d000,0x00007f16e8e2d000] [id=14696]
  0x00007f1704065000 ConcurrentGCThread "G1 Refine#11" [stack: 0x00007f16e8e2f000,0x00007f16e8f2f000] [id=14695]
  0x00007f1704063800 ConcurrentGCThread "G1 Refine#12" [stack: 0x00007f16e8f31000,0x00007f16e9031000] [id=14694]
  0x00007f1704061800 ConcurrentGCThread "G1 Refine#13" [stack: 0x00007f16e9033000,0x00007f16e9133000] [id=14693]
  0x00007f1704060000 ConcurrentGCThread "G1 Refine#14" [stack: 0x00007f16e9135000,0x00007f16e9235000] [id=14692]
  0x00007f170405e000 ConcurrentGCThread "G1 Refine#15" [stack: 0x00007f16e9237000,0x00007f16e9337000] [id=14691]
  0x00007f170405c800 ConcurrentGCThread "G1 Refine#16" [stack: 0x00007f16e9339000,0x00007f16e9439000] [id=14690]
  0x00007f170405a800 ConcurrentGCThread "G1 Refine#17" [stack: 0x00007f16e943b000,0x00007f16e953b000] [id=14689]
  0x00007f1704059000 ConcurrentGCThread "G1 Refine#18" [stack: 0x00007f16e953d000,0x00007f16e963d000] [id=14688]
  0x00007f1704057000 ConcurrentGCThread "G1 Refine#19" [stack: 0x00007f16e963f000,0x00007f16e973f000] [id=14687]
  0x00007f170407a800 ConcurrentGCThread "G1 Young RemSet Sampling" [stack: 0x00007f16e8217000,0x00007f16e8317000] [id=14707]

Threads with active compile tasks:
C1 CompilerThread10 280 %     3       org.eclipse.core.runtime.adaptor.EclipseStarter::main @ 30 (348 bytes)

VM state:not at safepoint (normal execution)

VM Mutex/Monitor currently owned by a thread: None

Heap address: 0x00000003d7c00000, size: 16004 MB, Compressed Oops mode: Zero based, Oop shift amount: 3
Narrow klass base: 0x0000000000000000, Narrow klass shift: 3
Compressed class space size: 1073741824 Address: 0x00000007c0000000

Heap:
 garbage-first heap   total 1028096K, used 13187K [0x00000003d7c00000, 0x00000003d80007d8, 0x00000007c0000000)
  region size 4096K, 5 young (20480K), 1 survivors (4096K)
 Metaspace       used 4316K, capacity 4616K, committed 4864K, reserved 1056768K
  class space    used 356K, capacity 388K, committed 512K, reserved 1048576K
Heap Regions: E=young(eden), S=young(survivor), O=old, HS=humongous(starts), HC=humongous(continues), CS=collection set, F=free, A=archive, TS=gc time stamp, AC=allocation context, TAMS=top-at-mark-start (previous, next)
|   0|0x00000003d7c00000, 0x00000003d7c00000, 0x00000003d8000000|  0%| F|  |TS  0|AC  0|TAMS 0x00000003d7c00000, 0x00000003d7c00000|
|   1|0x00000003d8000000, 0x00000003d8000000, 0x00000003d8400000|  0%| F|  |TS  0|AC  0|TAMS 0x00000003d8000000, 0x00000003d8000000|
|   2|0x00000003d8400000, 0x00000003d8400000, 0x00000003d8800000|  0%| F|  |TS  0|AC  0|TAMS 0x00000003d8400000, 0x00000003d8400000|
|   3|0x00000003d8800000, 0x00000003d8800000, 0x00000003d8c00000|  0%| F|  |TS  0|AC  0|TAMS 0x00000003d8800000, 0x00000003d8800000|
|   4|0x00000003d8c00000, 0x00000003d8c00000, 0x00000003d9000000|  0%| F|  |TS  0|AC  0|TAMS 0x00000003d8c00000, 0x00000003d8c00000|
|   5|0x00000003d9000000, 0x00000003d9000000, 0x00000003d9400000|  0%| F|  |TS  0|AC  0|TAMS 0x00000003d9000000, 0x00000003d9000000|
|   6|0x00000003d9400000, 0x00000003d9400000, 0x00000003d9800000|  0%| F|  |TS  0|AC  0|TAMS 0x00000003d9400000, 0x00000003d9400000|
|   7|0x00000003d9800000, 0x00000003d9800000, 0x00000003d9c00000|  0%| F|  |TS  0|AC  0|TAMS 0x00000003d9800000, 0x00000003d9800000|
|   8|0x00000003d9c00000, 0x00000003d9c00000, 0x00000003da000000|  0%| F|  |TS  0|AC  0|TAMS 0x00000003d9c00000, 0x00000003d9c00000|
|   9|0x00000003da000000, 0x00000003da000000, 0x00000003da400000|  0%| F|  |TS  0|AC  0|TAMS 0x00000003da000000, 0x00000003da000000|
|  10|0x00000003da400000, 0x00000003da400000, 0x00000003da800000|  0%| F|  |TS  0|AC  0|TAMS 0x00000003da400000, 0x00000003da400000|
|  11|0x00000003da800000, 0x00000003da800000, 0x00000003dac00000|  0%| F|  |TS  0|AC  0|TAMS 0x00000003da800000, 0x00000003da800000|
|  12|0x00000003dac00000, 0x00000003dac00000, 0x00000003db000000|  0%| F|  |TS  0|AC  0|TAMS 0x00000003dac00000, 0x00000003dac00000|
|  13|0x00000003db000000, 0x00000003db000000, 0x00000003db400000|  0%| F|  |TS  0|AC  0|TAMS 0x00000003db000000, 0x00000003db000000|
|  14|0x00000003db400000, 0x00000003db400000, 0x00000003db800000|  0%| F|  |TS  0|AC  0|TAMS 0x00000003db400000, 0x00000003db400000|
|  15|0x00000003db800000, 0x00000003db800000, 0x00000003dbc00000|  0%| F|  |TS  0|AC  0|TAMS 0x00000003db800000, 0x00000003db800000|
|  16|0x00000003dbc00000, 0x00000003dbc00000, 0x00000003dc000000|  0%| F|  |TS  0|AC  0|TAMS 0x00000003dbc00000, 0x00000003dbc00000|
|  17|0x00000003dc000000, 0x00000003dc000000, 0x00000003dc400000|  0%| F|  |TS  0|AC  0|TAMS 0x00000003dc000000, 0x00000003dc000000|
|  18|0x00000003dc400000, 0x00000003dc400000, 0x00000003dc800000|  0%| F|  |TS  0|AC  0|TAMS 0x00000003dc400000, 0x00000003dc400000|
|  19|0x00000003dc800000, 0x00000003dc800000, 0x00000003dcc00000|  0%| F|  |TS  0|AC  0|TAMS 0x00000003dc800000, 0x00000003dc800000|
|  20|0x00000003dcc00000, 0x00000003dcc00000, 0x00000003dd000000|  0%| F|  |TS  0|AC  0|TAMS 0x00000003dcc00000, 0x00000003dcc00000|
|  21|0x00000003dd000000, 0x00000003dd000000, 0x00000003dd400000|  0%| F|  |TS  0|AC  0|TAMS 0x00000003dd000000, 0x00000003dd000000|
|  22|0x00000003dd400000, 0x00000003dd400000, 0x00000003dd800000|  0%| F|  |TS  0|AC  0|TAMS 0x00000003dd400000, 0x00000003dd400000|
|  23|0x00000003dd800000, 0x00000003dd800000, 0x00000003ddc00000|  0%| F|  |TS  0|AC  0|TAMS 0x00000003dd800000, 0x00000003dd800000|
|  24|0x00000003ddc00000, 0x00000003ddc00000, 0x00000003de000000|  0%| F|  |TS  0|AC  0|TAMS 0x00000003ddc00000, 0x00000003ddc00000|
|  25|0x00000003de000000, 0x00000003de000000, 0x00000003de400000|  0%| F|  |TS  0|AC  0|TAMS 0x00000003de000000, 0x00000003de000000|
|  26|0x00000003de400000, 0x00000003de400000, 0x00000003de800000|  0%| F|  |TS  0|AC  0|TAMS 0x00000003de400000, 0x00000003de400000|
|  27|0x00000003de800000, 0x00000003de800000, 0x00000003dec00000|  0%| F|  |TS  0|AC  0|TAMS 0x00000003de800000, 0x00000003de800000|
|  28|0x00000003dec00000, 0x00000003dec00000, 0x00000003df000000|  0%| F|  |TS  0|AC  0|TAMS 0x00000003dec00000, 0x00000003dec00000|
|  29|0x00000003df000000, 0x00000003df000000, 0x00000003df400000|  0%| F|  |TS  0|AC  0|TAMS 0x00000003df000000, 0x00000003df000000|
|  30|0x00000003df400000, 0x00000003df400000, 0x00000003df800000|  0%| F|  |TS  0|AC  0|TAMS 0x00000003df400000, 0x00000003df400000|
|  31|0x00000003df800000, 0x00000003df800000, 0x00000003dfc00000|  0%| F|  |TS  0|AC  0|TAMS 0x00000003df800000, 0x00000003df800000|
|  32|0x00000003dfc00000, 0x00000003dfc00000, 0x00000003e0000000|  0%| F|  |TS  0|AC  0|TAMS 0x00000003dfc00000, 0x00000003dfc00000|
|  33|0x00000003e0000000, 0x00000003e0000000, 0x00000003e0400000|  0%| F|  |TS  0|AC  0|TAMS 0x00000003e0000000, 0x00000003e0000000|
|  34|0x00000003e0400000, 0x00000003e0400000, 0x00000003e0800000|  0%| F|  |TS  0|AC  0|TAMS 0x00000003e0400000, 0x00000003e0400000|
|  35|0x00000003e0800000, 0x00000003e0800000, 0x00000003e0c00000|  0%| F|  |TS  0|AC  0|TAMS 0x00000003e0800000, 0x00000003e0800000|
|  36|0x00000003e0c00000, 0x00000003e0c00000, 0x00000003e1000000|  0%| F|  |TS  0|AC  0|TAMS 0x00000003e0c00000, 0x00000003e0c00000|
|  37|0x00000003e1000000, 0x00000003e1000000, 0x00000003e1400000|  0%| F|  |TS  0|AC  0|TAMS 0x00000003e1000000, 0x00000003e1000000|
|  38|0x00000003e1400000, 0x00000003e1400000, 0x00000003e1800000|  0%| F|  |TS  0|AC  0|TAMS 0x00000003e1400000, 0x00000003e1400000|
|  39|0x00000003e1800000, 0x00000003e1800000, 0x00000003e1c00000|  0%| F|  |TS  0|AC  0|TAMS 0x00000003e1800000, 0x00000003e1800000|
|  40|0x00000003e1c00000, 0x00000003e1c00000, 0x00000003e2000000|  0%| F|  |TS  0|AC  0|TAMS 0x00000003e1c00000, 0x00000003e1c00000|
|  41|0x00000003e2000000, 0x00000003e2000000, 0x00000003e2400000|  0%| F|  |TS  0|AC  0|TAMS 0x00000003e2000000, 0x00000003e2000000|
|  42|0x00000003e2400000, 0x00000003e2400000, 0x00000003e2800000|  0%| F|  |TS  0|AC  0|TAMS 0x00000003e2400000, 0x00000003e2400000|
|  43|0x00000003e2800000, 0x00000003e2800000, 0x00000003e2c00000|  0%| F|  |TS  0|AC  0|TAMS 0x00000003e2800000, 0x00000003e2800000|
|  44|0x00000003e2c00000, 0x00000003e2c00000, 0x00000003e3000000|  0%| F|  |TS  0|AC  0|TAMS 0x00000003e2c00000, 0x00000003e2c00000|
|  45|0x00000003e3000000, 0x00000003e3000000, 0x00000003e3400000|  0%| F|  |TS  0|AC  0|TAMS 0x00000003e3000000, 0x00000003e3000000|
|  46|0x00000003e3400000, 0x00000003e3400000, 0x00000003e3800000|  0%| F|  |TS  0|AC  0|TAMS 0x00000003e3400000, 0x00000003e3400000|
|  47|0x00000003e3800000, 0x00000003e3800000, 0x00000003e3c00000|  0%| F|  |TS  0|AC  0|TAMS 0x00000003e3800000, 0x00000003e3800000|
|  48|0x00000003e3c00000, 0x00000003e3c00000, 0x00000003e4000000|  0%| F|  |TS  0|AC  0|TAMS 0x00000003e3c00000, 0x00000003e3c00000|
|  49|0x00000003e4000000, 0x00000003e4000000, 0x00000003e4400000|  0%| F|  |TS  0|AC  0|TAMS 0x00000003e4000000, 0x00000003e4000000|
|  50|0x00000003e4400000, 0x00000003e4400000, 0x00000003e4800000|  0%| F|  |TS  0|AC  0|TAMS 0x00000003e4400000, 0x00000003e4400000|
|  51|0x00000003e4800000, 0x00000003e4800000, 0x00000003e4c00000|  0%| F|  |TS  0|AC  0|TAMS 0x00000003e4800000, 0x00000003e4800000|
|  52|0x00000003e4c00000, 0x00000003e4c00000, 0x00000003e5000000|  0%| F|  |TS  0|AC  0|TAMS 0x00000003e4c00000, 0x00000003e4c00000|
|  53|0x00000003e5000000, 0x00000003e5000000, 0x00000003e5400000|  0%| F|  |TS  0|AC  0|TAMS 0x00000003e5000000, 0x00000003e5000000|
|  54|0x00000003e5400000, 0x00000003e5400000, 0x00000003e5800000|  0%| F|  |TS  0|AC  0|TAMS 0x00000003e5400000, 0x00000003e5400000|
|  55|0x00000003e5800000, 0x00000003e5800000, 0x00000003e5c00000|  0%| F|  |TS  0|AC  0|TAMS 0x00000003e5800000, 0x00000003e5800000|
|  56|0x00000003e5c00000, 0x00000003e5c00000, 0x00000003e6000000|  0%| F|  |TS  0|AC  0|TAMS 0x00000003e5c00000, 0x00000003e5c00000|
|  57|0x00000003e6000000, 0x00000003e6000000, 0x00000003e6400000|  0%| F|  |TS  0|AC  0|TAMS 0x00000003e6000000, 0x00000003e6000000|
|  58|0x00000003e6400000, 0x00000003e6400000, 0x00000003e6800000|  0%| F|  |TS  0|AC  0|TAMS 0x00000003e6400000, 0x00000003e6400000|
|  59|0x00000003e6800000, 0x00000003e6800000, 0x00000003e6c00000|  0%| F|  |TS  0|AC  0|TAMS 0x00000003e6800000, 0x00000003e6800000|
|  60|0x00000003e6c00000, 0x00000003e6c00000, 0x00000003e7000000|  0%| F|  |TS  0|AC  0|TAMS 0x00000003e6c00000, 0x00000003e6c00000|
|  61|0x00000003e7000000, 0x00000003e7000000, 0x00000003e7400000|  0%| F|  |TS  0|AC  0|TAMS 0x00000003e7000000, 0x00000003e7000000|
|  62|0x00000003e7400000, 0x00000003e7400000, 0x00000003e7800000|  0%| F|  |TS  0|AC  0|TAMS 0x00000003e7400000, 0x00000003e7400000|
|  63|0x00000003e7800000, 0x00000003e7800000, 0x00000003e7c00000|  0%| F|  |TS  0|AC  0|TAMS 0x00000003e7800000, 0x00000003e7800000|
|  64|0x00000003e7c00000, 0x00000003e7c00000, 0x00000003e8000000|  0%| F|  |TS  0|AC  0|TAMS 0x00000003e7c00000, 0x00000003e7c00000|
|  65|0x00000003e8000000, 0x00000003e8000000, 0x00000003e8400000|  0%| F|  |TS  0|AC  0|TAMS 0x00000003e8000000, 0x00000003e8000000|
|  66|0x00000003e8400000, 0x00000003e8400000, 0x00000003e8800000|  0%| F|  |TS  0|AC  0|TAMS 0x00000003e8400000, 0x00000003e8400000|
|  67|0x00000003e8800000, 0x00000003e8800000, 0x00000003e8c00000|  0%| F|  |TS  0|AC  0|TAMS 0x00000003e8800000, 0x00000003e8800000|
|  68|0x00000003e8c00000, 0x00000003e8c00000, 0x00000003e9000000|  0%| F|  |TS  0|AC  0|TAMS 0x00000003e8c00000, 0x00000003e8c00000|
|  69|0x00000003e9000000, 0x00000003e9000000, 0x00000003e9400000|  0%| F|  |TS  0|AC  0|TAMS 0x00000003e9000000, 0x00000003e9000000|
|  70|0x00000003e9400000, 0x00000003e9400000, 0x00000003e9800000|  0%| F|  |TS  0|AC  0|TAMS 0x00000003e9400000, 0x00000003e9400000|
|  71|0x00000003e9800000, 0x00000003e9800000, 0x00000003e9c00000|  0%| F|  |TS  0|AC  0|TAMS 0x00000003e9800000, 0x00000003e9800000|
|  72|0x00000003e9c00000, 0x00000003e9c00000, 0x00000003ea000000|  0%| F|  |TS  0|AC  0|TAMS 0x00000003e9c00000, 0x00000003e9c00000|
|  73|0x00000003ea000000, 0x00000003ea000000, 0x00000003ea400000|  0%| F|  |TS  0|AC  0|TAMS 0x00000003ea000000, 0x00000003ea000000|
|  74|0x00000003ea400000, 0x00000003ea400000, 0x00000003ea800000|  0%| F|  |TS  0|AC  0|TAMS 0x00000003ea400000, 0x00000003ea400000|
|  75|0x00000003ea800000, 0x00000003ea800000, 0x00000003eac00000|  0%| F|  |TS  0|AC  0|TAMS 0x00000003ea800000, 0x00000003ea800000|
|  76|0x00000003eac00000, 0x00000003eac00000, 0x00000003eb000000|  0%| F|  |TS  0|AC  0|TAMS 0x00000003eac00000, 0x00000003eac00000|
|  77|0x00000003eb000000, 0x00000003eb000000, 0x00000003eb400000|  0%| F|  |TS  0|AC  0|TAMS 0x00000003eb000000, 0x00000003eb000000|
|  78|0x00000003eb400000, 0x00000003eb400000, 0x00000003eb800000|  0%| F|  |TS  0|AC  0|TAMS 0x00000003eb400000, 0x00000003eb400000|
|  79|0x00000003eb800000, 0x00000003eb800000, 0x00000003ebc00000|  0%| F|  |TS  0|AC  0|TAMS 0x00000003eb800000, 0x00000003eb800000|
|  80|0x00000003ebc00000, 0x00000003ebc00000, 0x00000003ec000000|  0%| F|  |TS  0|AC  0|TAMS 0x00000003ebc00000, 0x00000003ebc00000|
|  81|0x00000003ec000000, 0x00000003ec000000, 0x00000003ec400000|  0%| F|  |TS  0|AC  0|TAMS 0x00000003ec000000, 0x00000003ec000000|
|  82|0x00000003ec400000, 0x00000003ec400000, 0x00000003ec800000|  0%| F|  |TS  0|AC  0|TAMS 0x00000003ec400000, 0x00000003ec400000|
|  83|0x00000003ec800000, 0x00000003ec800000, 0x00000003ecc00000|  0%| F|  |TS  0|AC  0|TAMS 0x00000003ec800000, 0x00000003ec800000|
|  84|0x00000003ecc00000, 0x00000003ecc00000, 0x00000003ed000000|  0%| F|  |TS  0|AC  0|TAMS 0x00000003ecc00000, 0x00000003ecc00000|
|  85|0x00000003ed000000, 0x00000003ed000000, 0x00000003ed400000|  0%| F|  |TS  0|AC  0|TAMS 0x00000003ed000000, 0x00000003ed000000|
|  86|0x00000003ed400000, 0x00000003ed400000, 0x00000003ed800000|  0%| F|  |TS  0|AC  0|TAMS 0x00000003ed400000, 0x00000003ed400000|
|  87|0x00000003ed800000, 0x00000003ed800000, 0x00000003edc00000|  0%| F|  |TS  0|AC  0|TAMS 0x00000003ed800000, 0x00000003ed800000|
|  88|0x00000003edc00000, 0x00000003edc00000, 0x00000003ee000000|  0%| F|  |TS  0|AC  0|TAMS 0x00000003edc00000, 0x00000003edc00000|
|  89|0x00000003ee000000, 0x00000003ee000000, 0x00000003ee400000|  0%| F|  |TS  0|AC  0|TAMS 0x00000003ee000000, 0x00000003ee000000|
|  90|0x00000003ee400000, 0x00000003ee400000, 0x00000003ee800000|  0%| F|  |TS  0|AC  0|TAMS 0x00000003ee400000, 0x00000003ee400000|
|  91|0x00000003ee800000, 0x00000003ee800000, 0x00000003eec00000|  0%| F|  |TS  0|AC  0|TAMS 0x00000003ee800000, 0x00000003ee800000|
|  92|0x00000003eec00000, 0x00000003eec00000, 0x00000003ef000000|  0%| F|  |TS  0|AC  0|TAMS 0x00000003eec00000, 0x00000003eec00000|
|  93|0x00000003ef000000, 0x00000003ef000000, 0x00000003ef400000|  0%| F|  |TS  0|AC  0|TAMS 0x00000003ef000000, 0x00000003ef000000|
|  94|0x00000003ef400000, 0x00000003ef400000, 0x00000003ef800000|  0%| F|  |TS  0|AC  0|TAMS 0x00000003ef400000, 0x00000003ef400000|
|  95|0x00000003ef800000, 0x00000003ef800000, 0x00000003efc00000|  0%| F|  |TS  0|AC  0|TAMS 0x00000003ef800000, 0x00000003ef800000|
|  96|0x00000003efc00000, 0x00000003efc00000, 0x00000003f0000000|  0%| F|  |TS  0|AC  0|TAMS 0x00000003efc00000, 0x00000003efc00000|
|  97|0x00000003f0000000, 0x00000003f0000000, 0x00000003f0400000|  0%| F|  |TS  0|AC  0|TAMS 0x00000003f0000000, 0x00000003f0000000|
|  98|0x00000003f0400000, 0x00000003f0400000, 0x00000003f0800000|  0%| F|  |TS  0|AC  0|TAMS 0x00000003f0400000, 0x00000003f0400000|
|  99|0x00000003f0800000, 0x00000003f0800000, 0x00000003f0c00000|  0%| F|  |TS  0|AC  0|TAMS 0x00000003f0800000, 0x00000003f0800000|
| 100|0x00000003f0c00000, 0x00000003f0c00000, 0x00000003f1000000|  0%| F|  |TS  0|AC  0|TAMS 0x00000003f0c00000, 0x00000003f0c00000|
| 101|0x00000003f1000000, 0x00000003f1000000, 0x00000003f1400000|  0%| F|  |TS  0|AC  0|TAMS 0x00000003f1000000, 0x00000003f1000000|
| 102|0x00000003f1400000, 0x00000003f1400000, 0x00000003f1800000|  0%| F|  |TS  0|AC  0|TAMS 0x00000003f1400000, 0x00000003f1400000|
| 103|0x00000003f1800000, 0x00000003f1800000, 0x00000003f1c00000|  0%| F|  |TS  0|AC  0|TAMS 0x00000003f1800000, 0x00000003f1800000|
| 104|0x00000003f1c00000, 0x00000003f1c00000, 0x00000003f2000000|  0%| F|  |TS  0|AC  0|TAMS 0x00000003f1c00000, 0x00000003f1c00000|
| 105|0x00000003f2000000, 0x00000003f2000000, 0x00000003f2400000|  0%| F|  |TS  0|AC  0|TAMS 0x00000003f2000000, 0x00000003f2000000|
| 106|0x00000003f2400000, 0x00000003f2400000, 0x00000003f2800000|  0%| F|  |TS  0|AC  0|TAMS 0x00000003f2400000, 0x00000003f2400000|
| 107|0x00000003f2800000, 0x00000003f2800000, 0x00000003f2c00000|  0%| F|  |TS  0|AC  0|TAMS 0x00000003f2800000, 0x00000003f2800000|
| 108|0x00000003f2c00000, 0x00000003f2c00000, 0x00000003f3000000|  0%| F|  |TS  0|AC  0|TAMS 0x00000003f2c00000, 0x00000003f2c00000|
| 109|0x00000003f3000000, 0x00000003f3000000, 0x00000003f3400000|  0%| F|  |TS  0|AC  0|TAMS 0x00000003f3000000, 0x00000003f3000000|
| 110|0x00000003f3400000, 0x00000003f3400000, 0x00000003f3800000|  0%| F|  |TS  0|AC  0|TAMS 0x00000003f3400000, 0x00000003f3400000|
| 111|0x00000003f3800000, 0x00000003f3800000, 0x00000003f3c00000|  0%| F|  |TS  0|AC  0|TAMS 0x00000003f3800000, 0x00000003f3800000|
| 112|0x00000003f3c00000, 0x00000003f3c00000, 0x00000003f4000000|  0%| F|  |TS  0|AC  0|TAMS 0x00000003f3c00000, 0x00000003f3c00000|
| 113|0x00000003f4000000, 0x00000003f4000000, 0x00000003f4400000|  0%| F|  |TS  0|AC  0|TAMS 0x00000003f4000000, 0x00000003f4000000|
| 114|0x00000003f4400000, 0x00000003f4400000, 0x00000003f4800000|  0%| F|  |TS  0|AC  0|TAMS 0x00000003f4400000, 0x00000003f4400000|
| 115|0x00000003f4800000, 0x00000003f4800000, 0x00000003f4c00000|  0%| F|  |TS  0|AC  0|TAMS 0x00000003f4800000, 0x00000003f4800000|
| 116|0x00000003f4c00000, 0x00000003f4c00000, 0x00000003f5000000|  0%| F|  |TS  0|AC  0|TAMS 0x00000003f4c00000, 0x00000003f4c00000|
| 117|0x00000003f5000000, 0x00000003f5000000, 0x00000003f5400000|  0%| F|  |TS  0|AC  0|TAMS 0x00000003f5000000, 0x00000003f5000000|
| 118|0x00000003f5400000, 0x00000003f5400000, 0x00000003f5800000|  0%| F|  |TS  0|AC  0|TAMS 0x00000003f5400000, 0x00000003f5400000|
| 119|0x00000003f5800000, 0x00000003f5800000, 0x00000003f5c00000|  0%| F|  |TS  0|AC  0|TAMS 0x00000003f5800000, 0x00000003f5800000|
| 120|0x00000003f5c00000, 0x00000003f5c00000, 0x00000003f6000000|  0%| F|  |TS  0|AC  0|TAMS 0x00000003f5c00000, 0x00000003f5c00000|
| 121|0x00000003f6000000, 0x00000003f6000000, 0x00000003f6400000|  0%| F|  |TS  0|AC  0|TAMS 0x00000003f6000000, 0x00000003f6000000|
| 122|0x00000003f6400000, 0x00000003f6400000, 0x00000003f6800000|  0%| F|  |TS  0|AC  0|TAMS 0x00000003f6400000, 0x00000003f6400000|
| 123|0x00000003f6800000, 0x00000003f6800000, 0x00000003f6c00000|  0%| F|  |TS  0|AC  0|TAMS 0x00000003f6800000, 0x00000003f6800000|
| 124|0x00000003f6c00000, 0x00000003f6c00000, 0x00000003f7000000|  0%| F|  |TS  0|AC  0|TAMS 0x00000003f6c00000, 0x00000003f6c00000|
| 125|0x00000003f7000000, 0x00000003f7000000, 0x00000003f7400000|  0%| F|  |TS  0|AC  0|TAMS 0x00000003f7000000, 0x00000003f7000000|
| 126|0x00000003f7400000, 0x00000003f7400000, 0x00000003f7800000|  0%| F|  |TS  0|AC  0|TAMS 0x00000003f7400000, 0x00000003f7400000|
| 127|0x00000003f7800000, 0x00000003f7800000, 0x00000003f7c00000|  0%| F|  |TS  0|AC  0|TAMS 0x00000003f7800000, 0x00000003f7800000|
| 128|0x00000003f7c00000, 0x00000003f7c00000, 0x00000003f8000000|  0%| F|  |TS  0|AC  0|TAMS 0x00000003f7c00000, 0x00000003f7c00000|
| 129|0x00000003f8000000, 0x00000003f8000000, 0x00000003f8400000|  0%| F|  |TS  0|AC  0|TAMS 0x00000003f8000000, 0x00000003f8000000|
| 130|0x00000003f8400000, 0x00000003f8400000, 0x00000003f8800000|  0%| F|  |TS  0|AC  0|TAMS 0x00000003f8400000, 0x00000003f8400000|
| 131|0x00000003f8800000, 0x00000003f8800000, 0x00000003f8c00000|  0%| F|  |TS  0|AC  0|TAMS 0x00000003f8800000, 0x00000003f8800000|
| 132|0x00000003f8c00000, 0x00000003f8c00000, 0x00000003f9000000|  0%| F|  |TS  0|AC  0|TAMS 0x00000003f8c00000, 0x00000003f8c00000|
| 133|0x00000003f9000000, 0x00000003f9000000, 0x00000003f9400000|  0%| F|  |TS  0|AC  0|TAMS 0x00000003f9000000, 0x00000003f9000000|
| 134|0x00000003f9400000, 0x00000003f9400000, 0x00000003f9800000|  0%| F|  |TS  0|AC  0|TAMS 0x00000003f9400000, 0x00000003f9400000|
| 135|0x00000003f9800000, 0x00000003f9800000, 0x00000003f9c00000|  0%| F|  |TS  0|AC  0|TAMS 0x00000003f9800000, 0x00000003f9800000|
| 136|0x00000003f9c00000, 0x00000003f9c00000, 0x00000003fa000000|  0%| F|  |TS  0|AC  0|TAMS 0x00000003f9c00000, 0x00000003f9c00000|
| 137|0x00000003fa000000, 0x00000003fa000000, 0x00000003fa400000|  0%| F|  |TS  0|AC  0|TAMS 0x00000003fa000000, 0x00000003fa000000|
| 138|0x00000003fa400000, 0x00000003fa400000, 0x00000003fa800000|  0%| F|  |TS  0|AC  0|TAMS 0x00000003fa400000, 0x00000003fa400000|
| 139|0x00000003fa800000, 0x00000003fa800000, 0x00000003fac00000|  0%| F|  |TS  0|AC  0|TAMS 0x00000003fa800000, 0x00000003fa800000|
| 140|0x00000003fac00000, 0x00000003fac00000, 0x00000003fb000000|  0%| F|  |TS  0|AC  0|TAMS 0x00000003fac00000, 0x00000003fac00000|
| 141|0x00000003fb000000, 0x00000003fb000000, 0x00000003fb400000|  0%| F|  |TS  0|AC  0|TAMS 0x00000003fb000000, 0x00000003fb000000|
| 142|0x00000003fb400000, 0x00000003fb400000, 0x00000003fb800000|  0%| F|  |TS  0|AC  0|TAMS 0x00000003fb400000, 0x00000003fb400000|
| 143|0x00000003fb800000, 0x00000003fb800000, 0x00000003fbc00000|  0%| F|  |TS  0|AC  0|TAMS 0x00000003fb800000, 0x00000003fb800000|
| 144|0x00000003fbc00000, 0x00000003fbc00000, 0x00000003fc000000|  0%| F|  |TS  0|AC  0|TAMS 0x00000003fbc00000, 0x00000003fbc00000|
| 145|0x00000003fc000000, 0x00000003fc000000, 0x00000003fc400000|  0%| F|  |TS  0|AC  0|TAMS 0x00000003fc000000, 0x00000003fc000000|
| 146|0x00000003fc400000, 0x00000003fc400000, 0x00000003fc800000|  0%| F|  |TS  0|AC  0|TAMS 0x00000003fc400000, 0x00000003fc400000|
| 147|0x00000003fc800000, 0x00000003fc800000, 0x00000003fcc00000|  0%| F|  |TS  0|AC  0|TAMS 0x00000003fc800000, 0x00000003fc800000|
| 148|0x00000003fcc00000, 0x00000003fcc00000, 0x00000003fd000000|  0%| F|  |TS  0|AC  0|TAMS 0x00000003fcc00000, 0x00000003fcc00000|
| 149|0x00000003fd000000, 0x00000003fd000000, 0x00000003fd400000|  0%| F|  |TS  0|AC  0|TAMS 0x00000003fd000000, 0x00000003fd000000|
| 150|0x00000003fd400000, 0x00000003fd400000, 0x00000003fd800000|  0%| F|  |TS  0|AC  0|TAMS 0x00000003fd400000, 0x00000003fd400000|
| 151|0x00000003fd800000, 0x00000003fd800000, 0x00000003fdc00000|  0%| F|  |TS  0|AC  0|TAMS 0x00000003fd800000, 0x00000003fd800000|
| 152|0x00000003fdc00000, 0x00000003fdc00000, 0x00000003fe000000|  0%| F|  |TS  0|AC  0|TAMS 0x00000003fdc00000, 0x00000003fdc00000|
| 153|0x00000003fe000000, 0x00000003fe000000, 0x00000003fe400000|  0%| F|  |TS  0|AC  0|TAMS 0x00000003fe000000, 0x00000003fe000000|
| 154|0x00000003fe400000, 0x00000003fe400000, 0x00000003fe800000|  0%| F|  |TS  0|AC  0|TAMS 0x00000003fe400000, 0x00000003fe400000|
| 155|0x00000003fe800000, 0x00000003fe800000, 0x00000003fec00000|  0%| F|  |TS  0|AC  0|TAMS 0x00000003fe800000, 0x00000003fe800000|
| 156|0x00000003fec00000, 0x00000003fec00000, 0x00000003ff000000|  0%| F|  |TS  0|AC  0|TAMS 0x00000003fec00000, 0x00000003fec00000|
| 157|0x00000003ff000000, 0x00000003ff000000, 0x00000003ff400000|  0%| F|  |TS  0|AC  0|TAMS 0x00000003ff000000, 0x00000003ff000000|
| 158|0x00000003ff400000, 0x00000003ff400000, 0x00000003ff800000|  0%| F|  |TS  0|AC  0|TAMS 0x00000003ff400000, 0x00000003ff400000|
| 159|0x00000003ff800000, 0x00000003ff800000, 0x00000003ffc00000|  0%| F|  |TS  0|AC  0|TAMS 0x00000003ff800000, 0x00000003ff800000|
| 160|0x00000003ffc00000, 0x00000003ffc00000, 0x0000000400000000|  0%| F|  |TS  0|AC  0|TAMS 0x00000003ffc00000, 0x00000003ffc00000|
| 161|0x0000000400000000, 0x0000000400000000, 0x0000000400400000|  0%| F|  |TS  0|AC  0|TAMS 0x0000000400000000, 0x0000000400000000|
| 162|0x0000000400400000, 0x0000000400400000, 0x0000000400800000|  0%| F|  |TS  0|AC  0|TAMS 0x0000000400400000, 0x0000000400400000|
| 163|0x0000000400800000, 0x0000000400800000, 0x0000000400c00000|  0%| F|  |TS  0|AC  0|TAMS 0x0000000400800000, 0x0000000400800000|
| 164|0x0000000400c00000, 0x0000000400c00000, 0x0000000401000000|  0%| F|  |TS  0|AC  0|TAMS 0x0000000400c00000, 0x0000000400c00000|
| 165|0x0000000401000000, 0x0000000401000000, 0x0000000401400000|  0%| F|  |TS  0|AC  0|TAMS 0x0000000401000000, 0x0000000401000000|
| 166|0x0000000401400000, 0x0000000401400000, 0x0000000401800000|  0%| F|  |TS  0|AC  0|TAMS 0x0000000401400000, 0x0000000401400000|
| 167|0x0000000401800000, 0x0000000401800000, 0x0000000401c00000|  0%| F|  |TS  0|AC  0|TAMS 0x0000000401800000, 0x0000000401800000|
| 168|0x0000000401c00000, 0x0000000401c00000, 0x0000000402000000|  0%| F|  |TS  0|AC  0|TAMS 0x0000000401c00000, 0x0000000401c00000|
| 169|0x0000000402000000, 0x0000000402000000, 0x0000000402400000|  0%| F|  |TS  0|AC  0|TAMS 0x0000000402000000, 0x0000000402000000|
| 170|0x0000000402400000, 0x0000000402400000, 0x0000000402800000|  0%| F|  |TS  0|AC  0|TAMS 0x0000000402400000, 0x0000000402400000|
| 171|0x0000000402800000, 0x0000000402800000, 0x0000000402c00000|  0%| F|  |TS  0|AC  0|TAMS 0x0000000402800000, 0x0000000402800000|
| 172|0x0000000402c00000, 0x0000000402c00000, 0x0000000403000000|  0%| F|  |TS  0|AC  0|TAMS 0x0000000402c00000, 0x0000000402c00000|
| 173|0x0000000403000000, 0x0000000403000000, 0x0000000403400000|  0%| F|  |TS  0|AC  0|TAMS 0x0000000403000000, 0x0000000403000000|
| 174|0x0000000403400000, 0x0000000403400000, 0x0000000403800000|  0%| F|  |TS  0|AC  0|TAMS 0x0000000403400000, 0x0000000403400000|
| 175|0x0000000403800000, 0x0000000403800000, 0x0000000403c00000|  0%| F|  |TS  0|AC  0|TAMS 0x0000000403800000, 0x0000000403800000|
| 176|0x0000000403c00000, 0x0000000403c00000, 0x0000000404000000|  0%| F|  |TS  0|AC  0|TAMS 0x0000000403c00000, 0x0000000403c00000|
| 177|0x0000000404000000, 0x0000000404000000, 0x0000000404400000|  0%| F|  |TS  0|AC  0|TAMS 0x0000000404000000, 0x0000000404000000|
| 178|0x0000000404400000, 0x0000000404400000, 0x0000000404800000|  0%| F|  |TS  0|AC  0|TAMS 0x0000000404400000, 0x0000000404400000|
| 179|0x0000000404800000, 0x0000000404800000, 0x0000000404c00000|  0%| F|  |TS  0|AC  0|TAMS 0x0000000404800000, 0x0000000404800000|
| 180|0x0000000404c00000, 0x0000000404c00000, 0x0000000405000000|  0%| F|  |TS  0|AC  0|TAMS 0x0000000404c00000, 0x0000000404c00000|
| 181|0x0000000405000000, 0x0000000405000000, 0x0000000405400000|  0%| F|  |TS  0|AC  0|TAMS 0x0000000405000000, 0x0000000405000000|
| 182|0x0000000405400000, 0x0000000405400000, 0x0000000405800000|  0%| F|  |TS  0|AC  0|TAMS 0x0000000405400000, 0x0000000405400000|
| 183|0x0000000405800000, 0x0000000405800000, 0x0000000405c00000|  0%| F|  |TS  0|AC  0|TAMS 0x0000000405800000, 0x0000000405800000|
| 184|0x0000000405c00000, 0x0000000405c00000, 0x0000000406000000|  0%| F|  |TS  0|AC  0|TAMS 0x0000000405c00000, 0x0000000405c00000|
| 185|0x0000000406000000, 0x0000000406000000, 0x0000000406400000|  0%| F|  |TS  0|AC  0|TAMS 0x0000000406000000, 0x0000000406000000|
| 186|0x0000000406400000, 0x0000000406400000, 0x0000000406800000|  0%| F|  |TS  0|AC  0|TAMS 0x0000000406400000, 0x0000000406400000|
| 187|0x0000000406800000, 0x0000000406800000, 0x0000000406c00000|  0%| F|  |TS  0|AC  0|TAMS 0x0000000406800000, 0x0000000406800000|
| 188|0x0000000406c00000, 0x0000000406c00000, 0x0000000407000000|  0%| F|  |TS  0|AC  0|TAMS 0x0000000406c00000, 0x0000000406c00000|
| 189|0x0000000407000000, 0x0000000407000000, 0x0000000407400000|  0%| F|  |TS  0|AC  0|TAMS 0x0000000407000000, 0x0000000407000000|
| 190|0x0000000407400000, 0x0000000407400000, 0x0000000407800000|  0%| F|  |TS  0|AC  0|TAMS 0x0000000407400000, 0x0000000407400000|
| 191|0x0000000407800000, 0x0000000407800000, 0x0000000407c00000|  0%| F|  |TS  0|AC  0|TAMS 0x0000000407800000, 0x0000000407800000|
| 192|0x0000000407c00000, 0x0000000407c00000, 0x0000000408000000|  0%| F|  |TS  0|AC  0|TAMS 0x0000000407c00000, 0x0000000407c00000|
| 193|0x0000000408000000, 0x0000000408000000, 0x0000000408400000|  0%| F|  |TS  0|AC  0|TAMS 0x0000000408000000, 0x0000000408000000|
| 194|0x0000000408400000, 0x0000000408400000, 0x0000000408800000|  0%| F|  |TS  0|AC  0|TAMS 0x0000000408400000, 0x0000000408400000|
| 195|0x0000000408800000, 0x0000000408800000, 0x0000000408c00000|  0%| F|  |TS  0|AC  0|TAMS 0x0000000408800000, 0x0000000408800000|
| 196|0x0000000408c00000, 0x0000000408c00000, 0x0000000409000000|  0%| F|  |TS  0|AC  0|TAMS 0x0000000408c00000, 0x0000000408c00000|
| 197|0x0000000409000000, 0x0000000409000000, 0x0000000409400000|  0%| F|  |TS  0|AC  0|TAMS 0x0000000409000000, 0x0000000409000000|
| 198|0x0000000409400000, 0x0000000409400000, 0x0000000409800000|  0%| F|  |TS  0|AC  0|TAMS 0x0000000409400000, 0x0000000409400000|
| 199|0x0000000409800000, 0x0000000409800000, 0x0000000409c00000|  0%| F|  |TS  0|AC  0|TAMS 0x0000000409800000, 0x0000000409800000|
| 200|0x0000000409c00000, 0x0000000409c00000, 0x000000040a000000|  0%| F|  |TS  0|AC  0|TAMS 0x0000000409c00000, 0x0000000409c00000|
| 201|0x000000040a000000, 0x000000040a000000, 0x000000040a400000|  0%| F|  |TS  0|AC  0|TAMS 0x000000040a000000, 0x000000040a000000|
| 202|0x000000040a400000, 0x000000040a400000, 0x000000040a800000|  0%| F|  |TS  0|AC  0|TAMS 0x000000040a400000, 0x000000040a400000|
| 203|0x000000040a800000, 0x000000040a800000, 0x000000040ac00000|  0%| F|  |TS  0|AC  0|TAMS 0x000000040a800000, 0x000000040a800000|
| 204|0x000000040ac00000, 0x000000040ac00000, 0x000000040b000000|  0%| F|  |TS  0|AC  0|TAMS 0x000000040ac00000, 0x000000040ac00000|
| 205|0x000000040b000000, 0x000000040b000000, 0x000000040b400000|  0%| F|  |TS  0|AC  0|TAMS 0x000000040b000000, 0x000000040b000000|
| 206|0x000000040b400000, 0x000000040b400000, 0x000000040b800000|  0%| F|  |TS  0|AC  0|TAMS 0x000000040b400000, 0x000000040b400000|
| 207|0x000000040b800000, 0x000000040b800000, 0x000000040bc00000|  0%| F|  |TS  0|AC  0|TAMS 0x000000040b800000, 0x000000040b800000|
| 208|0x000000040bc00000, 0x000000040bc00000, 0x000000040c000000|  0%| F|  |TS  0|AC  0|TAMS 0x000000040bc00000, 0x000000040bc00000|
| 209|0x000000040c000000, 0x000000040c000000, 0x000000040c400000|  0%| F|  |TS  0|AC  0|TAMS 0x000000040c000000, 0x000000040c000000|
| 210|0x000000040c400000, 0x000000040c400000, 0x000000040c800000|  0%| F|  |TS  0|AC  0|TAMS 0x000000040c400000, 0x000000040c400000|
| 211|0x000000040c800000, 0x000000040c800000, 0x000000040cc00000|  0%| F|  |TS  0|AC  0|TAMS 0x000000040c800000, 0x000000040c800000|
| 212|0x000000040cc00000, 0x000000040cc00000, 0x000000040d000000|  0%| F|  |TS  0|AC  0|TAMS 0x000000040cc00000, 0x000000040cc00000|
| 213|0x000000040d000000, 0x000000040d000000, 0x000000040d400000|  0%| F|  |TS  0|AC  0|TAMS 0x000000040d000000, 0x000000040d000000|
| 214|0x000000040d400000, 0x000000040d400000, 0x000000040d800000|  0%| F|  |TS  0|AC  0|TAMS 0x000000040d400000, 0x000000040d400000|
| 215|0x000000040d800000, 0x000000040d800000, 0x000000040dc00000|  0%| F|  |TS  0|AC  0|TAMS 0x000000040d800000, 0x000000040d800000|
| 216|0x000000040dc00000, 0x000000040dc00000, 0x000000040e000000|  0%| F|  |TS  0|AC  0|TAMS 0x000000040dc00000, 0x000000040dc00000|
| 217|0x000000040e000000, 0x000000040e000000, 0x000000040e400000|  0%| F|  |TS  0|AC  0|TAMS 0x000000040e000000, 0x000000040e000000|
| 218|0x000000040e400000, 0x000000040e400000, 0x000000040e800000|  0%| F|  |TS  0|AC  0|TAMS 0x000000040e400000, 0x000000040e400000|
| 219|0x000000040e800000, 0x000000040e800000, 0x000000040ec00000|  0%| F|  |TS  0|AC  0|TAMS 0x000000040e800000, 0x000000040e800000|
| 220|0x000000040ec00000, 0x000000040ec00000, 0x000000040f000000|  0%| F|  |TS  0|AC  0|TAMS 0x000000040ec00000, 0x000000040ec00000|
| 221|0x000000040f000000, 0x000000040f000000, 0x000000040f400000|  0%| F|  |TS  0|AC  0|TAMS 0x000000040f000000, 0x000000040f000000|
| 222|0x000000040f400000, 0x000000040f400000, 0x000000040f800000|  0%| F|  |TS  0|AC  0|TAMS 0x000000040f400000, 0x000000040f400000|
| 223|0x000000040f800000, 0x000000040f800000, 0x000000040fc00000|  0%| F|  |TS  0|AC  0|TAMS 0x000000040f800000, 0x000000040f800000|
| 224|0x000000040fc00000, 0x000000040fc00000, 0x0000000410000000|  0%| F|  |TS  0|AC  0|TAMS 0x000000040fc00000, 0x000000040fc00000|
| 225|0x0000000410000000, 0x0000000410000000, 0x0000000410400000|  0%| F|  |TS  0|AC  0|TAMS 0x0000000410000000, 0x0000000410000000|
| 226|0x0000000410400000, 0x0000000410400000, 0x0000000410800000|  0%| F|  |TS  0|AC  0|TAMS 0x0000000410400000, 0x0000000410400000|
| 227|0x0000000410800000, 0x0000000410800000, 0x0000000410c00000|  0%| F|  |TS  0|AC  0|TAMS 0x0000000410800000, 0x0000000410800000|
| 228|0x0000000410c00000, 0x0000000410c00000, 0x0000000411000000|  0%| F|  |TS  0|AC  0|TAMS 0x0000000410c00000, 0x0000000410c00000|
| 229|0x0000000411000000, 0x0000000411000000, 0x0000000411400000|  0%| F|  |TS  0|AC  0|TAMS 0x0000000411000000, 0x0000000411000000|
| 230|0x0000000411400000, 0x0000000411400000, 0x0000000411800000|  0%| F|  |TS  0|AC  0|TAMS 0x0000000411400000, 0x0000000411400000|
| 231|0x0000000411800000, 0x0000000411800000, 0x0000000411c00000|  0%| F|  |TS  0|AC  0|TAMS 0x0000000411800000, 0x0000000411800000|
| 232|0x0000000411c00000, 0x0000000411c00000, 0x0000000412000000|  0%| F|  |TS  0|AC  0|TAMS 0x0000000411c00000, 0x0000000411c00000|
| 233|0x0000000412000000, 0x0000000412000000, 0x0000000412400000|  0%| F|  |TS  0|AC  0|TAMS 0x0000000412000000, 0x0000000412000000|
| 234|0x0000000412400000, 0x0000000412400000, 0x0000000412800000|  0%| F|  |TS  0|AC  0|TAMS 0x0000000412400000, 0x0000000412400000|
| 235|0x0000000412800000, 0x0000000412800000, 0x0000000412c00000|  0%| F|  |TS  0|AC  0|TAMS 0x0000000412800000, 0x0000000412800000|
| 236|0x0000000412c00000, 0x0000000412c00000, 0x0000000413000000|  0%| F|  |TS  0|AC  0|TAMS 0x0000000412c00000, 0x0000000412c00000|
| 237|0x0000000413000000, 0x0000000413000000, 0x0000000413400000|  0%| F|  |TS  0|AC  0|TAMS 0x0000000413000000, 0x0000000413000000|
| 238|0x0000000413400000, 0x00000004134e0e90, 0x0000000413800000| 21%| S|CS|TS  1|AC  0|TAMS 0x0000000413400000, 0x0000000413400000|
| 239|0x0000000413800000, 0x0000000413800000, 0x0000000413c00000|  0%| F|  |TS  1|AC  0|TAMS 0x0000000413800000, 0x0000000413800000|
| 240|0x0000000413c00000, 0x0000000413c00000, 0x0000000414000000|  0%| F|  |TS  1|AC  0|TAMS 0x0000000413c00000, 0x0000000413c00000|
| 241|0x0000000414000000, 0x0000000414000000, 0x0000000414400000|  0%| F|  |TS  1|AC  0|TAMS 0x0000000414000000, 0x0000000414000000|
| 242|0x0000000414400000, 0x0000000414400000, 0x0000000414800000|  0%| F|  |TS  1|AC  0|TAMS 0x0000000414400000, 0x0000000414400000|
| 243|0x0000000414800000, 0x0000000414800000, 0x0000000414c00000|  0%| F|  |TS  1|AC  0|TAMS 0x0000000414800000, 0x0000000414800000|
| 244|0x0000000414c00000, 0x0000000414c00000, 0x0000000415000000|  0%| F|  |TS  1|AC  0|TAMS 0x0000000414c00000, 0x0000000414c00000|
| 245|0x0000000415000000, 0x0000000415000000, 0x0000000415400000|  0%| F|  |TS  1|AC  0|TAMS 0x0000000415000000, 0x0000000415000000|
| 246|0x0000000415400000, 0x0000000415400000, 0x0000000415800000|  0%| F|  |TS  1|AC  0|TAMS 0x0000000415400000, 0x0000000415400000|
| 247|0x0000000415800000, 0x0000000415a00800, 0x0000000415c00000| 50%| E|  |TS  1|AC  0|TAMS 0x0000000415800000, 0x0000000415800000|
| 248|0x0000000415c00000, 0x0000000416000000, 0x0000000416000000|100%| E|CS|TS  1|AC  0|TAMS 0x0000000415c00000, 0x0000000415c00000|
| 249|0x0000000416000000, 0x0000000416400000, 0x0000000416400000|100%| E|CS|TS  1|AC  0|TAMS 0x0000000416000000, 0x0000000416000000|
| 250|0x0000000416400000, 0x0000000416800000, 0x0000000416800000|100%| E|CS|TS  1|AC  0|TAMS 0x0000000416400000, 0x0000000416400000|

Card table byte_map: [0x00007f163e23a000,0x00007f164017c000] byte_map_base: 0x00007f163c37c000

Marking Bits (Prev, Next): (CMBitMap*) 0x00007f170409e820, (CMBitMap*) 0x00007f170409e858
 Prev Bits: [0x00007f162c8e8000, 0x00007f163c2f8000)
 Next Bits: [0x00007f161ced8000, 0x00007f162c8e8000)

Polling page: 0x00007f170cb7a000

CodeHeap 'non-profiled nmethods': size=119172Kb used=160Kb max_used=160Kb free=119011Kb
 bounds [0x00007f16f16e2000, 0x00007f16f1952000, 0x00007f16f8b43000]
CodeHeap 'profiled nmethods': size=119172Kb used=386Kb max_used=386Kb free=118786Kb
 bounds [0x00007f16ea281000, 0x00007f16ea4f1000, 0x00007f16f16e2000]
CodeHeap 'non-nmethods': size=7416Kb used=2826Kb max_used=2865Kb free=4589Kb
 bounds [0x00007f16e9b43000, 0x00007f16e9e13000, 0x00007f16ea281000]
 total_blobs=674 nmethods=279 adapters=168
 compilation: enabled

Compilation events (10 events):
Event: 0.397 Thread 0x00007f17042b2800  276       4       java.lang.Long::getChars (208 bytes)
Event: 0.399 Thread 0x00007f17042b1000 nmethod 275 0x00007f16f1705110 code [0x00007f16f1705300, 0x00007f16f1705938]
Event: 0.406 Thread 0x00007f17042b2800 nmethod 276 0x00007f16f1705d90 code [0x00007f16f1705f60, 0x00007f16f17066d8]
Event: 0.420 Thread 0x00007f17042b1000  277   !   4       java.util.concurrent.ConcurrentHashMap::putVal (432 bytes)
Event: 0.448 Thread 0x00007f17042b1000 nmethod 277 0x00007f16f1706a10 code [0x00007f16f1706c60, 0x00007f16f1707f20]
Event: 0.450 Thread 0x00007f17042b4800  278       4       org.eclipse.osgi.framework.internal.core.FrameworkProperties::setProperty (35 bytes)
Event: 0.453 Thread 0x00007f17042b4800 nmethod 278 0x00007f16f1708890 code [0x00007f16f1708a60, 0x00007f16f1708fe8]
Event: 0.477 Thread 0x00007f17042ad000  279       4       java.lang.Long::toString (55 bytes)
Event: 0.491 Thread 0x00007f17042ad000 nmethod 279 0x00007f16f1709210 code [0x00007f16f17093e0, 0x00007f16f1709e58]
Event: 2.228 Thread 0x00007f17042bf000  280 %     3       org.eclipse.core.runtime.adaptor.EclipseStarter::main @ 30 (348 bytes)

GC Heap History (2 events):
Event: 1.763 GC heap before
{Heap before GC invocations=0 (full 0):
 garbage-first heap   total 1028096K, used 49152K [0x00000003d7c00000, 0x00000003d80007d8, 0x00000007c0000000)
  region size 4096K, 12 young (49152K), 0 survivors (0K)
 Metaspace       used 4305K, capacity 4616K, committed 4864K, reserved 1056768K
  class space    used 356K, capacity 388K, committed 512K, reserved 1048576K
}
Event: 1.769 GC heap after
{Heap after GC invocations=1 (full 0):
 garbage-first heap   total 1028096K, used 899K [0x00000003d7c00000, 0x00000003d80007d8, 0x00000007c0000000)
  region size 4096K, 1 young (4096K), 1 survivors (4096K)
 Metaspace       used 4305K, capacity 4616K, committed 4864K, reserved 1056768K
  class space    used 356K, capacity 388K, committed 512K, reserved 1048576K
}

Deoptimization events (0 events):
No events

Classes redefined (0 events):
No events

Internal exceptions (0 events):
No events

Events (10 events):
Event: 0.309 Thread 0x00007f1704011800 DEOPT PACKING pc=0x00007f16ea2bb2a4 sp=0x00007f170b2252b0
Event: 0.309 Thread 0x00007f1704011800 DEOPT UNPACKING pc=0x00007f16e9b90aab sp=0x00007f170b224898 mode 0
Event: 0.309 Thread 0x00007f1704011800 DEOPT PACKING pc=0x00007f16ea2bb2a4 sp=0x00007f170b2252b0
Event: 0.309 Thread 0x00007f1704011800 DEOPT UNPACKING pc=0x00007f16e9b90aab sp=0x00007f170b224898 mode 0
Event: 0.309 Thread 0x00007f1704011800 DEOPT PACKING pc=0x00007f16ea2bb2a4 sp=0x00007f170b2252b0
Event: 0.309 Thread 0x00007f1704011800 DEOPT UNPACKING pc=0x00007f16e9b90aab sp=0x00007f170b224898 mode 0
Event: 0.310 Thread 0x00007f1704011800 DEOPT PACKING pc=0x00007f16ea2bb2a4 sp=0x00007f170b2252b0
Event: 0.310 Thread 0x00007f1704011800 DEOPT UNPACKING pc=0x00007f16e9b90aab sp=0x00007f170b224898 mode 0
Event: 1.763 Executing VM operation: G1IncCollectionPause
Event: 1.769 Executing VM operation: G1IncCollectionPause done


Dynamic libraries:
00400000-00401000 r-xp 00000000 00:65 77077150                           /root/oracle/jdk-9.0.4/bin/java
00600000-00601000 rw-p 00000000 00:65 77077150                           /root/oracle/jdk-9.0.4/bin/java
00d71000-00d92000 rw-p 00000000 00:00 0                                  [heap]
3d7c00000-416800000 rw-p 00000000 00:00 0 
416800000-7c0000000 ---p 00000000 00:00 0 
7c0000000-7c0080000 rw-p 00000000 00:00 0 
7c0080000-800000000 ---p 00000000 00:00 0 
7f15ac000000-7f15ac021000 rw-p 00000000 00:00 0 
7f15ac021000-7f15b0000000 ---p 00000000 00:00 0 
7f15b0000000-7f15b0021000 rw-p 00000000 00:00 0 
7f15b0021000-7f15b4000000 ---p 00000000 00:00 0 
7f15b4000000-7f15b4021000 rw-p 00000000 00:00 0 
7f15b4021000-7f15b8000000 ---p 00000000 00:00 0 
7f15b8000000-7f15b8021000 rw-p 00000000 00:00 0 
7f15b8021000-7f15bc000000 ---p 00000000 00:00 0 
7f15bc000000-7f15bc3ac000 rw-p 00000000 00:00 0 
7f15bc3ac000-7f15c0000000 ---p 00000000 00:00 0 
7f15c0000000-7f15c003e000 rw-p 00000000 00:00 0 
7f15c003e000-7f15c4000000 ---p 00000000 00:00 0 
7f15c4000000-7f15c4095000 rw-p 00000000 00:00 0 
7f15c4095000-7f15c8000000 ---p 00000000 00:00 0 
7f15c8000000-7f15c8064000 rw-p 00000000 00:00 0 
7f15c8064000-7f15cc000000 ---p 00000000 00:00 0 
7f15cc000000-7f15cc166000 rw-p 00000000 00:00 0 
7f15cc166000-7f15d0000000 ---p 00000000 00:00 0 
7f15d0000000-7f15d00d3000 rw-p 00000000 00:00 0 
7f15d00d3000-7f15d4000000 ---p 00000000 00:00 0 
7f15d4000000-7f15d4108000 rw-p 00000000 00:00 0 
7f15d4108000-7f15d8000000 ---p 00000000 00:00 0 
7f15d8000000-7f15d81be000 rw-p 00000000 00:00 0 
7f15d81be000-7f15dc000000 ---p 00000000 00:00 0 
7f15dc000000-7f15dc119000 rw-p 00000000 00:00 0 
7f15dc119000-7f15e0000000 ---p 00000000 00:00 0 
7f15e2eca000-7f15e2ecb000 ---p 00000000 00:00 0 
7f15e2ecb000-7f15e2fcc000 rw-p 00000000 00:00 0 
7f15e2fcc000-7f15e2fd0000 ---p 00000000 00:00 0 
7f15e2fd0000-7f15e30cd000 rw-p 00000000 00:00 0 
7f15e30cd000-7f15e30d1000 ---p 00000000 00:00 0 
7f15e30d1000-7f15e31ce000 rw-p 00000000 00:00 0 
7f15e31ce000-7f15e31e4000 r-xp 00000000 00:65 77077477                   /root/oracle/jdk-9.0.4/lib/libnet.so
7f15e31e4000-7f15e33e4000 ---p 00016000 00:65 77077477                   /root/oracle/jdk-9.0.4/lib/libnet.so
7f15e33e4000-7f15e33e5000 rw-p 00016000 00:65 77077477                   /root/oracle/jdk-9.0.4/lib/libnet.so
7f15e33e5000-7f15e33f5000 r-xp 00000000 00:65 77077594                   /root/oracle/jdk-9.0.4/lib/libnio.so
7f15e33f5000-7f15e35f5000 ---p 00010000 00:65 77077594                   /root/oracle/jdk-9.0.4/lib/libnio.so
7f15e35f5000-7f15e35f6000 rw-p 00010000 00:65 77077594                   /root/oracle/jdk-9.0.4/lib/libnio.so
7f15e35f6000-7f15e35fa000 ---p 00000000 00:00 0 
7f15e35fa000-7f15e36f7000 rw-p 00000000 00:00 0 
7f15e36f7000-7f15e36fb000 ---p 00000000 00:00 0 
7f15e36fb000-7f15e37f8000 rw-p 00000000 00:00 0 
7f15e37f8000-7f15e37fc000 ---p 00000000 00:00 0 
7f15e37fc000-7f15e38f9000 rw-p 00000000 00:00 0 
7f15e38f9000-7f15e38fd000 ---p 00000000 00:00 0 
7f15e38fd000-7f15e39fa000 rw-p 00000000 00:00 0 
7f15e39fa000-7f15e39fe000 ---p 00000000 00:00 0 
7f15e39fe000-7f15e3afb000 rw-p 00000000 00:00 0 
7f15e3afb000-7f15e3aff000 ---p 00000000 00:00 0 
7f15e3aff000-7f15e3bfc000 rw-p 00000000 00:00 0 
7f15e3bfc000-7f15e3c00000 ---p 00000000 00:00 0 
7f15e3c00000-7f15e3cfd000 rw-p 00000000 00:00 0 
7f15e3cfd000-7f15e3d01000 ---p 00000000 00:00 0 
7f15e3d01000-7f15e3dfe000 rw-p 00000000 00:00 0 
7f15e3dfe000-7f15e3e02000 ---p 00000000 00:00 0 
7f15e3e02000-7f15e3eff000 rw-p 00000000 00:00 0 
7f15e3eff000-7f15e3f03000 ---p 00000000 00:00 0 
7f15e3f03000-7f15e4000000 rw-p 00000000 00:00 0 
7f15e4000000-7f15e41b2000 rw-p 00000000 00:00 0 
7f15e41b2000-7f15e8000000 ---p 00000000 00:00 0 
7f15e8000000-7f15e81fa000 rw-p 00000000 00:00 0 
7f15e81fa000-7f15ec000000 ---p 00000000 00:00 0 
7f15ec000000-7f15ec021000 rw-p 00000000 00:00 0 
7f15ec021000-7f15f0000000 ---p 00000000 00:00 0 
7f15f0000000-7f15f015c000 rw-p 00000000 00:00 0 
7f15f015c000-7f15f4000000 ---p 00000000 00:00 0 
7f15f4000000-7f15f4021000 rw-p 00000000 00:00 0 
7f15f4021000-7f15f8000000 ---p 00000000 00:00 0 
7f15f8000000-7f15f8021000 rw-p 00000000 00:00 0 
7f15f8021000-7f15fc000000 ---p 00000000 00:00 0 
7f15fc000000-7f15fc021000 rw-p 00000000 00:00 0 
7f15fc021000-7f1600000000 ---p 00000000 00:00 0 
7f1600000000-7f1600021000 rw-p 00000000 00:00 0 
7f1600021000-7f1604000000 ---p 00000000 00:00 0 
7f16040e8000-7f16040ec000 ---p 00000000 00:00 0 
7f16040ec000-7f16041e9000 rw-p 00000000 00:00 0 
7f16041e9000-7f16041ed000 ---p 00000000 00:00 0 
7f16041ed000-7f16042ea000 rw-p 00000000 00:00 0 
7f16042ea000-7f16042ee000 ---p 00000000 00:00 0 
7f16042ee000-7f16043eb000 rw-p 00000000 00:00 0 
7f16043eb000-7f16043ef000 ---p 00000000 00:00 0 
7f16043ef000-7f16044ec000 rw-p 00000000 00:00 0 
7f16044ec000-7f16044f0000 ---p 00000000 00:00 0 
7f16044f0000-7f16045ed000 rw-p 00000000 00:00 0 
7f16045ed000-7f16045f1000 ---p 00000000 00:00 0 
7f16045f1000-7f16046ee000 rw-p 00000000 00:00 0 
7f16046ee000-7f16046ef000 ---p 00000000 00:00 0 
7f16046ef000-7f1604c30000 rw-p 00000000 00:00 0 
7f1604c30000-7f1604ff0000 ---p 00000000 00:00 0 
7f1604ff0000-7f1606000000 rw-p 00000000 00:00 0 
7f1606000000-7f1608000000 rwxp 00000000 00:00 0 
7f1608000000-7f1608021000 rw-p 00000000 00:00 0 
7f1608021000-7f160c000000 ---p 00000000 00:00 0 
7f160c000000-7f160c021000 rw-p 00000000 00:00 0 
7f160c021000-7f1610000000 ---p 00000000 00:00 0 
7f1610000000-7f1610021000 rw-p 00000000 00:00 0 
7f1610021000-7f1614000000 ---p 00000000 00:00 0 
7f1614000000-7f1614021000 rw-p 00000000 00:00 0 
7f1614021000-7f1618000000 ---p 00000000 00:00 0 
7f1618000000-7f1618021000 rw-p 00000000 00:00 0 
7f1618021000-7f161c000000 ---p 00000000 00:00 0 
7f161c069000-7f161c4e3000 rw-p 00000000 00:00 0 
7f161c4e3000-7f161c4e4000 ---p 00000000 00:00 0 
7f161c4e4000-7f161c5e5000 rw-p 00000000 00:00 0 
7f161c5e5000-7f161c5e6000 ---p 00000000 00:00 0 
7f161c5e6000-7f161c6e7000 rw-p 00000000 00:00 0 
7f161c6e7000-7f161c6e8000 ---p 00000000 00:00 0 
7f161c6e8000-7f161c7e9000 rw-p 00000000 00:00 0 
7f161c7e9000-7f161c7ea000 ---p 00000000 00:00 0 
7f161c7ea000-7f161c8eb000 rw-p 00000000 00:00 0 
7f161c8eb000-7f161c8ec000 ---p 00000000 00:00 0 
7f161c8ec000-7f161c9ed000 rw-p 00000000 00:00 0 
7f161c9ed000-7f161c9ee000 ---p 00000000 00:00 0 
7f161c9ee000-7f161de88000 rw-p 00000000 00:00 0 
7f161de88000-7f162c8e8000 ---p 00000000 00:00 0 
7f162c8e8000-7f162d898000 rw-p 00000000 00:00 0 
7f162d898000-7f163c2f8000 ---p 00000000 00:00 0 
7f163c2f8000-7f163c4ee000 rw-p 00000000 00:00 0 
7f163c4ee000-7f163e23a000 ---p 00000000 00:00 0 
7f163e23a000-7f163e430000 rw-p 00000000 00:00 0 
7f163e430000-7f16420be000 ---p 00000000 00:00 0 
7f16420be000-7f16422b4000 rw-p 00000000 00:00 0 
7f16422b4000-7f1644000000 ---p 00000000 00:00 0 
7f1644000000-7f1644021000 rw-p 00000000 00:00 0 
7f1644021000-7f1648000000 ---p 00000000 00:00 0 
7f1648000000-7f1648021000 rw-p 00000000 00:00 0 
7f1648021000-7f164c000000 ---p 00000000 00:00 0 
7f164c000000-7f164c021000 rw-p 00000000 00:00 0 
7f164c021000-7f1650000000 ---p 00000000 00:00 0 
7f1650000000-7f1650021000 rw-p 00000000 00:00 0 
7f1650021000-7f1654000000 ---p 00000000 00:00 0 
7f1654000000-7f1654021000 rw-p 00000000 00:00 0 
7f1654021000-7f1658000000 ---p 00000000 00:00 0 
7f1658000000-7f1658021000 rw-p 00000000 00:00 0 
7f1658021000-7f165c000000 ---p 00000000 00:00 0 
7f165c000000-7f165c021000 rw-p 00000000 00:00 0 
7f165c021000-7f1660000000 ---p 00000000 00:00 0 
7f1660000000-7f1660021000 rw-p 00000000 00:00 0 
7f1660021000-7f1664000000 ---p 00000000 00:00 0 
7f1664000000-7f1664021000 rw-p 00000000 00:00 0 
7f1664021000-7f1668000000 ---p 00000000 00:00 0 
7f1668000000-7f1668021000 rw-p 00000000 00:00 0 
7f1668021000-7f166c000000 ---p 00000000 00:00 0 
7f166c000000-7f166c021000 rw-p 00000000 00:00 0 
7f166c021000-7f1670000000 ---p 00000000 00:00 0 
7f1670000000-7f1670021000 rw-p 00000000 00:00 0 
7f1670021000-7f1674000000 ---p 00000000 00:00 0 
7f1674000000-7f1674021000 rw-p 00000000 00:00 0 
7f1674021000-7f1678000000 ---p 00000000 00:00 0 
7f1678000000-7f1678021000 rw-p 00000000 00:00 0 
7f1678021000-7f167c000000 ---p 00000000 00:00 0 
7f167c000000-7f167c021000 rw-p 00000000 00:00 0 
7f167c021000-7f1680000000 ---p 00000000 00:00 0 
7f1680000000-7f1680021000 rw-p 00000000 00:00 0 
7f1680021000-7f1684000000 ---p 00000000 00:00 0 
7f1684000000-7f1684021000 rw-p 00000000 00:00 0 
7f1684021000-7f1688000000 ---p 00000000 00:00 0 
7f1688000000-7f1688021000 rw-p 00000000 00:00 0 
7f1688021000-7f168c000000 ---p 00000000 00:00 0 
7f168c000000-7f168c021000 rw-p 00000000 00:00 0 
7f168c021000-7f1690000000 ---p 00000000 00:00 0 
7f1690000000-7f1690021000 rw-p 00000000 00:00 0 
7f1690021000-7f1694000000 ---p 00000000 00:00 0 
7f1694000000-7f1694021000 rw-p 00000000 00:00 0 
7f1694021000-7f1698000000 ---p 00000000 00:00 0 
7f1698000000-7f1698021000 rw-p 00000000 00:00 0 
7f1698021000-7f169c000000 ---p 00000000 00:00 0 
7f169c000000-7f169c021000 rw-p 00000000 00:00 0 
7f169c021000-7f16a0000000 ---p 00000000 00:00 0 
7f16a0000000-7f16a0021000 rw-p 00000000 00:00 0 
7f16a0021000-7f16a4000000 ---p 00000000 00:00 0 
7f16a4000000-7f16a4021000 rw-p 00000000 00:00 0 
7f16a4021000-7f16a8000000 ---p 00000000 00:00 0 
7f16a8000000-7f16a8021000 rw-p 00000000 00:00 0 
7f16a8021000-7f16ac000000 ---p 00000000 00:00 0 
7f16ac000000-7f16ac021000 rw-p 00000000 00:00 0 
7f16ac021000-7f16b0000000 ---p 00000000 00:00 0 
7f16b0000000-7f16b0021000 rw-p 00000000 00:00 0 
7f16b0021000-7f16b4000000 ---p 00000000 00:00 0 
7f16b4000000-7f16b4021000 rw-p 00000000 00:00 0 
7f16b4021000-7f16b8000000 ---p 00000000 00:00 0 
7f16b8000000-7f16b8021000 rw-p 00000000 00:00 0 
7f16b8021000-7f16bc000000 ---p 00000000 00:00 0 
7f16bc000000-7f16bc021000 rw-p 00000000 00:00 0 
7f16bc021000-7f16c0000000 ---p 00000000 00:00 0 
7f16c0000000-7f16c0021000 rw-p 00000000 00:00 0 
7f16c0021000-7f16c4000000 ---p 00000000 00:00 0 
7f16c4000000-7f16c4021000 rw-p 00000000 00:00 0 
7f16c4021000-7f16c8000000 ---p 00000000 00:00 0 
7f16c8000000-7f16c8021000 rw-p 00000000 00:00 0 
7f16c8021000-7f16cc000000 ---p 00000000 00:00 0 
7f16cc000000-7f16cc021000 rw-p 00000000 00:00 0 
7f16cc021000-7f16d0000000 ---p 00000000 00:00 0 
7f16d0000000-7f16d0021000 rw-p 00000000 00:00 0 
7f16d0021000-7f16d4000000 ---p 00000000 00:00 0 
7f16d4000000-7f16d4021000 rw-p 00000000 00:00 0 
7f16d4021000-7f16d8000000 ---p 00000000 00:00 0 
7f16d8000000-7f16d8021000 rw-p 00000000 00:00 0 
7f16d8021000-7f16dc000000 ---p 00000000 00:00 0 
7f16dc000000-7f16dc021000 rw-p 00000000 00:00 0 
7f16dc021000-7f16e0000000 ---p 00000000 00:00 0 
7f16e0000000-7f16e0021000 rw-p 00000000 00:00 0 
7f16e0021000-7f16e4000000 ---p 00000000 00:00 0 
7f16e4000000-7f16e4021000 rw-p 00000000 00:00 0 
7f16e4021000-7f16e8000000 ---p 00000000 00:00 0 
7f16e8009000-7f16e8215000 rw-p 00000000 00:00 0 
7f16e8215000-7f16e8216000 ---p 00000000 00:00 0 
7f16e8216000-7f16e8317000 rw-p 00000000 00:00 0 
7f16e8317000-7f16e8318000 ---p 00000000 00:00 0 
7f16e8318000-7f16e8419000 rw-p 00000000 00:00 0 
7f16e8419000-7f16e841a000 ---p 00000000 00:00 0 
7f16e841a000-7f16e851b000 rw-p 00000000 00:00 0 
7f16e851b000-7f16e851c000 ---p 00000000 00:00 0 
7f16e851c000-7f16e861d000 rw-p 00000000 00:00 0 
7f16e861d000-7f16e861e000 ---p 00000000 00:00 0 
7f16e861e000-7f16e871f000 rw-p 00000000 00:00 0 
7f16e871f000-7f16e8720000 ---p 00000000 00:00 0 
7f16e8720000-7f16e8821000 rw-p 00000000 00:00 0 
7f16e8821000-7f16e8822000 ---p 00000000 00:00 0 
7f16e8822000-7f16e8923000 rw-p 00000000 00:00 0 
7f16e8923000-7f16e8924000 ---p 00000000 00:00 0 
7f16e8924000-7f16e8a25000 rw-p 00000000 00:00 0 
7f16e8a25000-7f16e8a26000 ---p 00000000 00:00 0 
7f16e8a26000-7f16e8b27000 rw-p 00000000 00:00 0 
7f16e8b27000-7f16e8b28000 ---p 00000000 00:00 0 
7f16e8b28000-7f16e8c29000 rw-p 00000000 00:00 0 
7f16e8c29000-7f16e8c2a000 ---p 00000000 00:00 0 
7f16e8c2a000-7f16e8d2b000 rw-p 00000000 00:00 0 
7f16e8d2b000-7f16e8d2c000 ---p 00000000 00:00 0 
7f16e8d2c000-7f16e8e2d000 rw-p 00000000 00:00 0 
7f16e8e2d000-7f16e8e2e000 ---p 00000000 00:00 0 
7f16e8e2e000-7f16e8f2f000 rw-p 00000000 00:00 0 
7f16e8f2f000-7f16e8f30000 ---p 00000000 00:00 0 
7f16e8f30000-7f16e9031000 rw-p 00000000 00:00 0 
7f16e9031000-7f16e9032000 ---p 00000000 00:00 0 
7f16e9032000-7f16e9133000 rw-p 00000000 00:00 0 
7f16e9133000-7f16e9134000 ---p 00000000 00:00 0 
7f16e9134000-7f16e9235000 rw-p 00000000 00:00 0 
7f16e9235000-7f16e9236000 ---p 00000000 00:00 0 
7f16e9236000-7f16e9337000 rw-p 00000000 00:00 0 
7f16e9337000-7f16e9338000 ---p 00000000 00:00 0 
7f16e9338000-7f16e9439000 rw-p 00000000 00:00 0 
7f16e9439000-7f16e943a000 ---p 00000000 00:00 0 
7f16e943a000-7f16e953b000 rw-p 00000000 00:00 0 
7f16e953b000-7f16e953c000 ---p 00000000 00:00 0 
7f16e953c000-7f16e963d000 rw-p 00000000 00:00 0 
7f16e963d000-7f16e963e000 ---p 00000000 00:00 0 
7f16e963e000-7f16e9b43000 rw-p 00000000 00:00 0 
7f16e9b43000-7f16e9e13000 rwxp 00000000 00:00 0 
7f16e9e13000-7f16ea281000 ---p 00000000 00:00 0 
7f16ea281000-7f16ea4f1000 rwxp 00000000 00:00 0 
7f16ea4f1000-7f16f16e2000 ---p 00000000 00:00 0 
7f16f16e2000-7f16f1952000 rwxp 00000000 00:00 0 
7f16f1952000-7f16f8b43000 ---p 00000000 00:00 0 
7f16f8b43000-7f1704000000 r--s 00000000 00:65 77077560                   /root/oracle/jdk-9.0.4/lib/modules
7f1704000000-7f170472f000 rw-p 00000000 00:00 0 
7f170472f000-7f1708000000 ---p 00000000 00:00 0 
7f1708022000-7f170905a000 rw-p 00000000 00:00 0 
7f170905a000-7f170905b000 ---p 00000000 00:00 0 
7f170905b000-7f170915c000 rw-p 00000000 00:00 0 
7f170915c000-7f170915d000 ---p 00000000 00:00 0 
7f170915d000-7f170925e000 rw-p 00000000 00:00 0 
7f170925e000-7f170925f000 ---p 00000000 00:00 0 
7f170925f000-7f1709360000 rw-p 00000000 00:00 0 
7f1709360000-7f1709361000 ---p 00000000 00:00 0 
7f1709361000-7f1709462000 rw-p 00000000 00:00 0 
7f1709462000-7f1709463000 ---p 00000000 00:00 0 
7f1709463000-7f1709564000 rw-p 00000000 00:00 0 
7f1709564000-7f1709565000 ---p 00000000 00:00 0 
7f1709565000-7f1709666000 rw-p 00000000 00:00 0 
7f1709666000-7f1709667000 ---p 00000000 00:00 0 
7f1709667000-7f1709768000 rw-p 00000000 00:00 0 
7f1709768000-7f1709769000 ---p 00000000 00:00 0 
7f1709769000-7f170986a000 rw-p 00000000 00:00 0 
7f170986a000-7f170986b000 ---p 00000000 00:00 0 
7f170986b000-7f170996c000 rw-p 00000000 00:00 0 
7f170996c000-7f170996d000 ---p 00000000 00:00 0 
7f170996d000-7f1709a6e000 rw-p 00000000 00:00 0 
7f1709a6e000-7f1709a6f000 ---p 00000000 00:00 0 
7f1709a6f000-7f1709b70000 rw-p 00000000 00:00 0 
7f1709b70000-7f1709b71000 ---p 00000000 00:00 0 
7f1709b71000-7f1709c72000 rw-p 00000000 00:00 0 
7f1709c72000-7f1709c73000 ---p 00000000 00:00 0 
7f1709c73000-7f1709d74000 rw-p 00000000 00:00 0 
7f1709d74000-7f1709d75000 ---p 00000000 00:00 0 
7f1709d75000-7f1709e76000 rw-p 00000000 00:00 0 
7f1709e76000-7f1709e77000 ---p 00000000 00:00 0 
7f1709e77000-7f1709f78000 rw-p 00000000 00:00 0 
7f1709f78000-7f1709f79000 ---p 00000000 00:00 0 
7f1709f79000-7f170a07a000 rw-p 00000000 00:00 0 
7f170a07a000-7f170a07b000 ---p 00000000 00:00 0 
7f170a07b000-7f170a17c000 rw-p 00000000 00:00 0 
7f170a17c000-7f170a17d000 ---p 00000000 00:00 0 
7f170a17d000-7f170a27e000 rw-p 00000000 00:00 0 
7f170a27e000-7f170a27f000 ---p 00000000 00:00 0 
7f170a27f000-7f170a380000 rw-p 00000000 00:00 0 
7f170a380000-7f170a381000 ---p 00000000 00:00 0 
7f170a381000-7f170a487000 rw-p 00000000 00:00 0 
7f170a487000-7f170a56b000 ---p 00000000 00:00 0 
7f170a56b000-7f170a570000 rw-p 00000000 00:00 0 
7f170a570000-7f170a654000 ---p 00000000 00:00 0 
7f170a654000-7f170a65a000 rw-p 00000000 00:00 0 
7f170a65a000-7f170a663000 ---p 00000000 00:00 0 
7f170a663000-7f170a6b3000 rw-p 00000000 00:00 0 
7f170a6b3000-7f170a890000 r--s 03e31000 00:65 101727669                  /usr/local/java/jdk1.8.0_301/jre/lib/rt.jar
7f170a890000-7f170a8aa000 r-xp 00000000 00:65 77077435                   /root/oracle/jdk-9.0.4/lib/libjimage.so
7f170a8aa000-7f170aaa9000 ---p 0001a000 00:65 77077435                   /root/oracle/jdk-9.0.4/lib/libjimage.so
7f170aaa9000-7f170aaab000 rw-p 00019000 00:65 77077435                   /root/oracle/jdk-9.0.4/lib/libjimage.so
7f170aaab000-7f170aabd000 rw-p 00000000 00:00 0 
7f170aabd000-7f170aac4000 r-xp 00000000 00:65 77083131                   /root/oracle/jdk-9.0.4/lib/libzip.so
7f170aac4000-7f170acc3000 ---p 00007000 00:65 77083131                   /root/oracle/jdk-9.0.4/lib/libzip.so
7f170acc3000-7f170acc4000 rw-p 00006000 00:65 77083131                   /root/oracle/jdk-9.0.4/lib/libzip.so
7f170acc4000-7f170acc7000 r--p 00000000 00:65 165034530                  /usr/lib/x86_64-linux-gnu/libnss_files-2.31.so
7f170acc7000-7f170acce000 r-xp 00003000 00:65 165034530                  /usr/lib/x86_64-linux-gnu/libnss_files-2.31.so
7f170acce000-7f170acd0000 r--p 0000a000 00:65 165034530                  /usr/lib/x86_64-linux-gnu/libnss_files-2.31.so
7f170acd0000-7f170acd1000 r--p 0000b000 00:65 165034530                  /usr/lib/x86_64-linux-gnu/libnss_files-2.31.so
7f170acd1000-7f170acd2000 rw-p 0000c000 00:65 165034530                  /usr/lib/x86_64-linux-gnu/libnss_files-2.31.so
7f170acd2000-7f170acd8000 rw-p 00000000 00:00 0 
7f170ace0000-7f170ace1000 rw-p 00000000 00:00 0 
7f170ace1000-7f170ad0c000 r-xp 00000000 00:65 77077470                   /root/oracle/jdk-9.0.4/lib/libjava.so
7f170ad0c000-7f170af0b000 ---p 0002b000 00:65 77077470                   /root/oracle/jdk-9.0.4/lib/libjava.so
7f170af0b000-7f170af0d000 rw-p 0002a000 00:65 77077470                   /root/oracle/jdk-9.0.4/lib/libjava.so
7f170af0d000-7f170af1a000 r-xp 00000000 00:65 77077494                   /root/oracle/jdk-9.0.4/lib/libverify.so
7f170af1a000-7f170b119000 ---p 0000d000 00:65 77077494                   /root/oracle/jdk-9.0.4/lib/libverify.so
7f170b119000-7f170b11b000 rw-p 0000c000 00:65 77077494                   /root/oracle/jdk-9.0.4/lib/libverify.so
7f170b11b000-7f170b11e000 r--p 00000000 00:65 165034636                  /usr/lib/x86_64-linux-gnu/librt-2.31.so
7f170b11e000-7f170b122000 r-xp 00003000 00:65 165034636                  /usr/lib/x86_64-linux-gnu/librt-2.31.so
7f170b122000-7f170b123000 r--p 00007000 00:65 165034636                  /usr/lib/x86_64-linux-gnu/librt-2.31.so
7f170b123000-7f170b124000 ---p 00008000 00:65 165034636                  /usr/lib/x86_64-linux-gnu/librt-2.31.so
7f170b124000-7f170b125000 r--p 00008000 00:65 165034636                  /usr/lib/x86_64-linux-gnu/librt-2.31.so
7f170b125000-7f170b126000 rw-p 00009000 00:65 165034636                  /usr/lib/x86_64-linux-gnu/librt-2.31.so
7f170b126000-7f170b127000 ---p 00000000 00:00 0 
7f170b127000-7f170b128000 rw-p 00000000 00:00 0 
7f170b128000-7f170b12c000 ---p 00000000 00:00 0 
7f170b12c000-7f170b227000 rw-p 00000000 00:00 0 
7f170b227000-7f170b236000 r--p 00000000 00:65 165034468                  /usr/lib/x86_64-linux-gnu/libm-2.31.so
7f170b236000-7f170b2dd000 r-xp 0000f000 00:65 165034468                  /usr/lib/x86_64-linux-gnu/libm-2.31.so
7f170b2dd000-7f170b374000 r--p 000b6000 00:65 165034468                  /usr/lib/x86_64-linux-gnu/libm-2.31.so
7f170b374000-7f170b375000 r--p 0014c000 00:65 165034468                  /usr/lib/x86_64-linux-gnu/libm-2.31.so
7f170b375000-7f170b376000 rw-p 0014d000 00:65 165034468                  /usr/lib/x86_64-linux-gnu/libm-2.31.so
7f170b376000-7f170c38b000 r-xp 00000000 00:65 77083135                   /root/oracle/jdk-9.0.4/lib/server/libjvm.so
7f170c38b000-7f170c58a000 ---p 01015000 00:65 77083135                   /root/oracle/jdk-9.0.4/lib/server/libjvm.so
7f170c58a000-7f170c65b000 r--p 01014000 00:65 77083135                   /root/oracle/jdk-9.0.4/lib/server/libjvm.so
7f170c65b000-7f170c692000 rw-p 010e5000 00:65 77083135                   /root/oracle/jdk-9.0.4/lib/server/libjvm.so
7f170c692000-7f170c6fd000 rw-p 00000000 00:00 0 
7f170c6fd000-7f170c722000 r--p 00000000 00:65 165034165                  /usr/lib/x86_64-linux-gnu/libc-2.31.so
7f170c722000-7f170c89a000 r-xp 00025000 00:65 165034165                  /usr/lib/x86_64-linux-gnu/libc-2.31.so
7f170c89a000-7f170c8e4000 r--p 0019d000 00:65 165034165                  /usr/lib/x86_64-linux-gnu/libc-2.31.so
7f170c8e4000-7f170c8e5000 ---p 001e7000 00:65 165034165                  /usr/lib/x86_64-linux-gnu/libc-2.31.so
7f170c8e5000-7f170c8e8000 r--p 001e7000 00:65 165034165                  /usr/lib/x86_64-linux-gnu/libc-2.31.so
7f170c8e8000-7f170c8eb000 rw-p 001ea000 00:65 165034165                  /usr/lib/x86_64-linux-gnu/libc-2.31.so
7f170c8eb000-7f170c8ef000 rw-p 00000000 00:00 0 
7f170c8ef000-7f170c8f0000 r--p 00000000 00:65 165034236                  /usr/lib/x86_64-linux-gnu/libdl-2.31.so
7f170c8f0000-7f170c8f2000 r-xp 00001000 00:65 165034236                  /usr/lib/x86_64-linux-gnu/libdl-2.31.so
7f170c8f2000-7f170c8f3000 r--p 00003000 00:65 165034236                  /usr/lib/x86_64-linux-gnu/libdl-2.31.so
7f170c8f3000-7f170c8f4000 r--p 00003000 00:65 165034236                  /usr/lib/x86_64-linux-gnu/libdl-2.31.so
7f170c8f4000-7f170c8f5000 rw-p 00004000 00:65 165034236                  /usr/lib/x86_64-linux-gnu/libdl-2.31.so
7f170c8f5000-7f170c903000 r-xp 00000000 00:65 77083142                   /root/oracle/jdk-9.0.4/lib/jli/libjli.so
7f170c903000-7f170cb03000 ---p 0000e000 00:65 77083142                   /root/oracle/jdk-9.0.4/lib/jli/libjli.so
7f170cb03000-7f170cb04000 rw-p 0000e000 00:65 77083142                   /root/oracle/jdk-9.0.4/lib/jli/libjli.so
7f170cb04000-7f170cb0b000 r--p 00000000 00:65 165034610                  /usr/lib/x86_64-linux-gnu/libpthread-2.31.so
7f170cb0b000-7f170cb1c000 r-xp 00007000 00:65 165034610                  /usr/lib/x86_64-linux-gnu/libpthread-2.31.so
7f170cb1c000-7f170cb21000 r--p 00018000 00:65 165034610                  /usr/lib/x86_64-linux-gnu/libpthread-2.31.so
7f170cb21000-7f170cb22000 r--p 0001c000 00:65 165034610                  /usr/lib/x86_64-linux-gnu/libpthread-2.31.so
7f170cb22000-7f170cb23000 rw-p 0001d000 00:65 165034610                  /usr/lib/x86_64-linux-gnu/libpthread-2.31.so
7f170cb23000-7f170cb27000 rw-p 00000000 00:00 0 
7f170cb27000-7f170cb29000 r--p 00000000 00:65 165034796                  /usr/lib/x86_64-linux-gnu/libz.so.1.2.11
7f170cb29000-7f170cb3a000 r-xp 00002000 00:65 165034796                  /usr/lib/x86_64-linux-gnu/libz.so.1.2.11
7f170cb3a000-7f170cb40000 r--p 00013000 00:65 165034796                  /usr/lib/x86_64-linux-gnu/libz.so.1.2.11
7f170cb40000-7f170cb41000 ---p 00019000 00:65 165034796                  /usr/lib/x86_64-linux-gnu/libz.so.1.2.11
7f170cb41000-7f170cb42000 r--p 00019000 00:65 165034796                  /usr/lib/x86_64-linux-gnu/libz.so.1.2.11
7f170cb42000-7f170cb43000 rw-p 0001a000 00:65 165034796                  /usr/lib/x86_64-linux-gnu/libz.so.1.2.11
7f170cb43000-7f170cb4b000 rw-s 00000000 00:65 71965686                   /tmp/hsperfdata_root/14664
7f170cb4b000-7f170cb4e000 rw-p 00000000 00:00 0 
7f170cb4e000-7f170cb4f000 r--p 00000000 00:65 165033992                  /usr/lib/x86_64-linux-gnu/ld-2.31.so
7f170cb4f000-7f170cb72000 r-xp 00001000 00:65 165033992                  /usr/lib/x86_64-linux-gnu/ld-2.31.so
7f170cb72000-7f170cb7a000 r--p 00024000 00:65 165033992                  /usr/lib/x86_64-linux-gnu/ld-2.31.so
7f170cb7a000-7f170cb7b000 r--p 00000000 00:00 0 
7f170cb7b000-7f170cb7c000 r--p 0002c000 00:65 165033992                  /usr/lib/x86_64-linux-gnu/ld-2.31.so
7f170cb7c000-7f170cb7d000 rw-p 0002d000 00:65 165033992                  /usr/lib/x86_64-linux-gnu/ld-2.31.so
7f170cb7d000-7f170cb7e000 rw-p 00000000 00:00 0 
7fff12a42000-7fff12a63000 rw-p 00000000 00:00 0                          [stack]
7fff12b05000-7fff12b08000 r--p 00000000 00:00 0                          [vvar]
7fff12b08000-7fff12b09000 r-xp 00000000 00:00 0                          [vdso]
ffffffffff600000-ffffffffff601000 --xp 00000000 00:00 0                  [vsyscall]

VM Arguments:
jvm_args: -Xbootclasspath/a:/usr/local/java/jdk1.8.0_301/jre/lib/rt.jar -Xverify:none 
java_command: org.eclipse.core.runtime.adaptor.EclipseStarter -debug
java_class_path (initial): ./sootOutput/eclipse/
Launcher Type: SUN_STANDARD

Logging:
Log output configuration:
#0: stdout all=warning uptime,level,tags
#1: stderr all=off uptime,level,tags

Environment Variables:
JAVA_HOME=/root/oracle/jdk-9.0.4
JRE_HOME=/root/oracle/jdk-9.0.4
CLASSPATH=.:/root/oracle/jdk-9.0.4/lib:/JVMfuzzing/htm/CFSynthesis/resource/commons-lang3-3.12.0/commons-lang3-3.12.0.jar
PATH=/root/oracle/jdk-9.0.4/bin:/root/.vscode-server/bin/da76f93349a72022ca4670c1b84860304616aaa2/bin/remote-cli:/root/oracle/jdk-9.0.4/bin:/usr/local/sbin:/usr/local/bin:/usr/sbin:/usr/bin:/sbin:/bin:/usr/games:/usr/local/games:/snap/bin
SHELL=/bin/bash

Signal Handlers:
SIGSEGV: [libjvm.so+0xd4d370], sa_mask[0]=11111111011111111101111111111110, sa_flags=SA_RESTART|SA_SIGINFO
SIGBUS: [libjvm.so+0xd4d370], sa_mask[0]=11111111011111111101111111111110, sa_flags=SA_RESTART|SA_SIGINFO
SIGFPE: [libjvm.so+0xd4d370], sa_mask[0]=11111111011111111101111111111110, sa_flags=SA_RESTART|SA_SIGINFO
SIGPIPE: [libjvm.so+0xb64780], sa_mask[0]=11111111011111111101111111111110, sa_flags=SA_RESTART|SA_SIGINFO
SIGXFSZ: [libjvm.so+0xb64780], sa_mask[0]=11111111011111111101111111111110, sa_flags=SA_RESTART|SA_SIGINFO
SIGILL: [libjvm.so+0xd4d370], sa_mask[0]=11111111011111111101111111111110, sa_flags=SA_RESTART|SA_SIGINFO
SIGUSR2: [libjvm.so+0xb64640], sa_mask[0]=00100000000000000000000000000000, sa_flags=SA_RESTART|SA_SIGINFO
SIGHUP: [libjvm.so+0xb64850], sa_mask[0]=11111111011111111101111111111110, sa_flags=SA_RESTART|SA_SIGINFO
SIGINT: [libjvm.so+0xb64850], sa_mask[0]=11111111011111111101111111111110, sa_flags=SA_RESTART|SA_SIGINFO
SIGTERM: [libjvm.so+0xb64850], sa_mask[0]=11111111011111111101111111111110, sa_flags=SA_RESTART|SA_SIGINFO
SIGQUIT: [libjvm.so+0xb64850], sa_mask[0]=11111111011111111101111111111110, sa_flags=SA_RESTART|SA_SIGINFO


---------------  S Y S T E M  ---------------

OS:DISTRIB_ID=Ubuntu
DISTRIB_RELEASE=20.04
DISTRIB_CODENAME=focal
DISTRIB_DESCRIPTION="Ubuntu 20.04.3 LTS"
uname:Linux 5.4.0-124-generic #140~18.04.1-Ubuntu SMP Fri Aug 5 11:43:34 UTC 2022 x86_64
libc:glibc 2.31 NPTL 2.31 
rlimit: STACK 8192k, CORE infinity, NPROC infinity, NOFILE 1048576, AS infinity
load average:37.94 38.33 37.78

/proc/meminfo:
MemTotal:       65549624 kB
MemFree:        10967080 kB
MemAvailable:   37622824 kB
Buffers:         5871440 kB
Cached:          3290964 kB
SwapCached:         8096 kB
Active:         28315752 kB
Inactive:        6102180 kB
Active(anon):   21259552 kB
Inactive(anon):  4017140 kB
Active(file):    7056200 kB
Inactive(file):  2085040 kB
Unevictable:          16 kB
Mlocked:              16 kB
SwapTotal:       2097148 kB
SwapFree:             12 kB
Dirty:             15464 kB
Writeback:             0 kB
AnonPages:      25247756 kB
Mapped:           841576 kB
Shmem:             25624 kB
KReclaimable:   18246428 kB
Slab:           19416932 kB
SReclaimable:   18246428 kB
SUnreclaim:      1170504 kB
KernelStack:       78768 kB
PageTables:       231872 kB
NFS_Unstable:          0 kB
Bounce:                0 kB
WritebackTmp:          0 kB
CommitLimit:    34871960 kB
Committed_AS:   79886468 kB
VmallocTotal:   34359738367 kB
VmallocUsed:      161536 kB
VmallocChunk:          0 kB
Percpu:            32512 kB
HardwareCorrupted:     0 kB
AnonHugePages:         0 kB
ShmemHugePages:        0 kB
ShmemPmdMapped:        0 kB
FileHugePages:         0 kB
FilePmdMapped:         0 kB
CmaTotal:              0 kB
CmaFree:               0 kB
HugePages_Total:       0
HugePages_Free:        0
HugePages_Rsvd:        0
HugePages_Surp:        0
Hugepagesize:       2048 kB
Hugetlb:               0 kB
DirectMap4k:    15497632 kB
DirectMap2M:    51298304 kB
DirectMap1G:           0 kB


CPU:total 28 (initial active 28) (14 cores per cpu, 2 threads per core) family 6 model 85 stepping 4, cmov, cx8, fxsr, mmx, sse, sse2, sse3, ssse3, sse4.1, sse4.2, popcnt, avx, avx2, aes, clmul, erms, rtm, 3dnowpref, lzcnt, ht, tsc, tscinvbit, bmi1, bmi2, adx, fma
CPU Model and flags from /proc/cpuinfo:
model name	: Intel(R) Core(TM) i9-9940X CPU @ 3.30GHz
flags		: fpu vme de pse tsc msr pae mce cx8 apic sep mtrr pge mca cmov pat pse36 clflush dts acpi mmx fxsr sse sse2 ss ht tm pbe syscall nx pdpe1gb rdtscp lm constant_tsc art arch_perfmon pebs bts rep_good nopl xtopology nonstop_tsc cpuid aperfmperf pni pclmulqdq dtes64 monitor ds_cpl vmx est tm2 ssse3 sdbg fma cx16 xtpr pdcm pcid dca sse4_1 sse4_2 x2apic movbe popcnt tsc_deadline_timer aes xsave avx f16c rdrand lahf_lm abm 3dnowprefetch cpuid_fault epb cat_l3 cdp_l3 invpcid_single pti ssbd mba ibrs ibpb stibp tpr_shadow vnmi flexpriority ept vpid ept_ad fsgsbase tsc_adjust bmi1 hle avx2 smep bmi2 erms invpcid rtm cqm mpx rdt_a avx512f avx512dq rdseed adx smap clflushopt clwb intel_pt avx512cd avx512bw avx512vl xsaveopt xsavec xgetbv1 xsaves cqm_llc cqm_occup_llc cqm_mbm_total cqm_mbm_local dtherm ida arat pln pts hwp hwp_act_window hwp_epp hwp_pkg_req md_clear flush_l1d arch_capabilities

Memory: 4k page, physical 65549624k(10967080k free), swap 2097148k(12k free)

vm_info: Java HotSpot(TM) 64-Bit Server VM (9.0.4+11) for linux-amd64 JRE (9.0.4+11), built on Dec 19 2017 18:12:19 by "mach5one" with gcc 4.9.2

END.
