#
# A fatal error has been detected by the Java Runtime Environment:
#
#  SIGSEGV (0xb) at pc=0x00007f6955508b2c, pid=17409, tid=17476
#
# JRE version: Java(TM) SE Runtime Environment (9.0+11) (build 9.0.4+11)
# Java VM: Java HotSpot(TM) 64-Bit Server VM (9.0.4+11, mixed mode, tiered, compressed oops, g1 gc, linux-amd64)
# Problematic frame:
# V  [libjvm.so+0x48eb2c]  Canonicalizer::do_If(If*)+0x1c
#
# Core dump will be written. Default location: Core dumps may be processed with "/usr/share/apport/apport -p%p -s%s -c%c -d%d -P%P -u%u -g%g -- %E" (or dumping to /JVMfuzzing/zjy/classming/Fuzzing-Testing-of-JVM-Implementations/core.17409)
#
# If you would like to submit a bug report, please visit:
#   http://bugreport.java.com/bugreport/crash.jsp
#

---------------  S U M M A R Y ------------

Command Line: -Xbootclasspath/a:/usr/local/java/jdk1.8.0_301/jre/lib/rt.jar -Xverify:none org.eclipse.core.runtime.adaptor.EclipseStarter -debug

Host: Intel(R) Core(TM) i9-9940X CPU @ 3.30GHz, 28 cores, 62G, Ubuntu 20.04.3 LTS
Time: Thu Nov  3 08:59:49 2022 UTC elapsed time: 0 seconds (0d 0h 0m 0s)

---------------  T H R E A D  ---------------

Current thread (0x00007f69502bf000):  JavaThread "C1 CompilerThread10" daemon [_thread_in_native, id=17476, stack(0x00007f684d5f6000,0x00007f684d6f7000)]


Current CompileTask:
C1:    533  255 %     3       org.eclipse.core.runtime.adaptor.EclipseStarter::main @ 74 (567 bytes)

Stack: [0x00007f684d5f6000,0x00007f684d6f7000],  sp=0x00007f684d6f50c0,  free space=1020k
Native frames: (J=compiled Java code, A=aot compiled Java code, j=interpreted, Vv=VM code, C=native code)
V  [libjvm.so+0x48eb2c]  Canonicalizer::do_If(If*)+0x1c
V  [libjvm.so+0x4a0452]  GraphBuilder::append_with_bci(Instruction*, int)+0x42
V  [libjvm.so+0x4a3526]  GraphBuilder::if_node(Instruction*, Instruction::Condition, Instruction*, ValueStack*)+0x2a6
V  [libjvm.so+0x4b1873]  GraphBuilder::iterate_bytecodes_for_block(int)+0x1e83
V  [libjvm.so+0x4b1ad5]  GraphBuilder::iterate_all_blocks(bool)+0x85
V  [libjvm.so+0x4b1ec9]  GraphBuilder::GraphBuilder(Compilation*, IRScope*)+0x389
V  [libjvm.so+0x4b70a8]  IR::IR(Compilation*, ciMethod*, int)+0x1e8
V  [libjvm.so+0x497832]  Compilation::build_hir() [clone .part.93]+0x162
V  [libjvm.so+0x499633]  Compilation::compile_java_method()+0x3c3
V  [libjvm.so+0x4997af]  Compilation::compile_method()+0x12f
V  [libjvm.so+0x499c31]  Compilation::Compilation(AbstractCompiler*, ciEnv*, ciMethod*, int, BufferBlob*, DirectiveSet*)+0x271
V  [libjvm.so+0x49ac1e]  Compiler::compile_method(ciEnv*, ciMethod*, int, DirectiveSet*)+0xae
V  [libjvm.so+0x6125ac]  CompileBroker::invoke_compiler_on_method(CompileTask*)+0x41c
V  [libjvm.so+0x61344b]  CompileBroker::compiler_thread_loop()+0x28b
V  [libjvm.so+0xcef338]  JavaThread::thread_main_inner()+0xd8
V  [libjvm.so+0xb6e132]  thread_native_entry(Thread*)+0xf2
C  [libpthread.so.0+0x9609]  start_thread+0xd9


siginfo: si_signo: 11 (SIGSEGV), si_code: 1 (SEGV_MAPERR), si_addr: 0x0000000000000018

Register to memory mapping:

RAX=0x0000000000000000 is an unknown value
RBX=0x00007f6838170a90 is an unknown value
RCX=0x00007f684d6f5800 is pointing into the stack for thread: 0x00007f69502bf000
RDX=0x00007f6838170a90 is an unknown value
RSP=0x00007f684d6f50c0 is pointing into the stack for thread: 0x00007f69502bf000
RBP=0x00007f684d6f5130 is pointing into the stack for thread: 0x00007f69502bf000
RSI=0x00007f6838170a90 is an unknown value
RDI=0x00007f684d6f5160 is pointing into the stack for thread: 0x00007f69502bf000
R8 =0x00007f6838170910 is an unknown value
R9 =0x000000000000001a is an unknown value
R10=0x0000000001000000 is an unknown value
R11=0x0000000000000000 is an unknown value
R12=0x00007f6838170b30 is an unknown value
R13=0x00007f684d6f5460 is pointing into the stack for thread: 0x00007f69502bf000
R14=0x00007f6838170a90 is an unknown value
R15=0x00007f6838170b30 is an unknown value


Registers:
RAX=0x0000000000000000, RBX=0x00007f6838170a90, RCX=0x00007f684d6f5800, RDX=0x00007f6838170a90
RSP=0x00007f684d6f50c0, RBP=0x00007f684d6f5130, RSI=0x00007f6838170a90, RDI=0x00007f684d6f5160
R8 =0x00007f6838170910, R9 =0x000000000000001a, R10=0x0000000001000000, R11=0x0000000000000000
R12=0x00007f6838170b30, R13=0x00007f684d6f5460, R14=0x00007f6838170a90, R15=0x00007f6838170b30
RIP=0x00007f6955508b2c, EFLAGS=0x0000000000010206, CSGSFS=0x002b000000000033, ERR=0x0000000000000004
  TRAPNO=0x000000000000000e

Top of Stack: (sp=0x00007f684d6f50c0)
0x00007f684d6f50c0:   000000004d6f5130 00007f682c16af90
0x00007f684d6f50d0:   00007f682c03e3a0 0000000000000000
0x00007f684d6f50e0:   00007f684d6f5110 00007f6955535598
0x00007f684d6f50f0:   00000000502bf000 00007f684d6f5160 

Instructions: (pc=0x00007f6955508b2c)
0x00007f6955508b0c:   ff 90 66 90 55 48 89 e5 41 57 41 56 41 55 41 54
0x00007f6955508b1c:   53 48 89 f3 48 83 ec 48 48 8b 46 70 48 89 7d c8
0x00007f6955508b2c:   48 8b 78 18 48 8b 07 ff 50 18 84 c0 0f 85 a2 00
0x00007f6955508b3c:   00 00 4c 8b 63 70 48 8b 83 80 00 00 00 49 39 c4 


---------------  P R O C E S S  ---------------

Java Threads: ( => current thread )
  0x00007f6950360000 JavaThread "Service Thread" daemon [_thread_blocked, id=17480, stack(0x00007f684cdca000,0x00007f684cecb000)]
  0x00007f69502d1800 JavaThread "Common-Cleaner" daemon [_thread_blocked, id=17479, stack(0x00007f684cecb000,0x00007f684cfcc000)]
  0x00007f69502c2800 JavaThread "Sweeper thread" daemon [_thread_blocked, id=17478, stack(0x00007f684d3f4000,0x00007f684d4f5000)]
  0x00007f69502c1000 JavaThread "C1 CompilerThread11" daemon [_thread_blocked, id=17477, stack(0x00007f684d4f5000,0x00007f684d5f6000)]
=>0x00007f69502bf000 JavaThread "C1 CompilerThread10" daemon [_thread_in_native, id=17476, stack(0x00007f684d5f6000,0x00007f684d6f7000)]
  0x00007f69502bd800 JavaThread "C1 CompilerThread9" daemon [_thread_blocked, id=17475, stack(0x00007f684d6f7000,0x00007f684d7f8000)]
  0x00007f69502bb800 JavaThread "C1 CompilerThread8" daemon [_thread_blocked, id=17474, stack(0x00007f684d7f8000,0x00007f684d8f9000)]
  0x00007f69502b9800 JavaThread "C2 CompilerThread7" daemon [_thread_blocked, id=17473, stack(0x00007f684d8f9000,0x00007f684d9fa000)]
  0x00007f69502b8000 JavaThread "C2 CompilerThread6" daemon [_thread_blocked, id=17472, stack(0x00007f684d9fa000,0x00007f684dafb000)]
  0x00007f69502b6000 JavaThread "C2 CompilerThread5" daemon [_thread_blocked, id=17471, stack(0x00007f684dafb000,0x00007f684dbfc000)]
  0x00007f69502b4800 JavaThread "C2 CompilerThread4" daemon [_thread_blocked, id=17470, stack(0x00007f684dbfc000,0x00007f684dcfd000)]
  0x00007f69502b2800 JavaThread "C2 CompilerThread3" daemon [_thread_blocked, id=17469, stack(0x00007f684dcfd000,0x00007f684ddfe000)]
  0x00007f69502b1000 JavaThread "C2 CompilerThread2" daemon [_thread_blocked, id=17468, stack(0x00007f684ddfe000,0x00007f684deff000)]
  0x00007f69502af000 JavaThread "C2 CompilerThread1" daemon [_thread_blocked, id=17467, stack(0x00007f684deff000,0x00007f684e000000)]
  0x00007f69502ad000 JavaThread "C2 CompilerThread0" daemon [_thread_blocked, id=17466, stack(0x00007f686405b000,0x00007f686415c000)]
  0x00007f69502ab000 JavaThread "Signal Dispatcher" daemon [_thread_blocked, id=17465, stack(0x00007f686415c000,0x00007f686425d000)]
  0x00007f6950291000 JavaThread "Finalizer" daemon [_thread_blocked, id=17464, stack(0x00007f686425d000,0x00007f686435e000)]
  0x00007f6950288800 JavaThread "Reference Handler" daemon [_thread_blocked, id=17463, stack(0x00007f686435e000,0x00007f686445f000)]
  0x00007f6950011800 JavaThread "main" [_thread_in_vm, id=17411, stack(0x00007f6954e2c000,0x00007f6954f2b000)]

Other Threads:
  0x00007f6950281000 VMThread "VM Thread" [stack: 0x00007f6864461000,0x00007f6864561000] [id=17462]
  0x00007f6950363000 WatcherThread [stack: 0x00007f684ccca000,0x00007f684cdca000] [id=17481]
  0x00007f6950034000 GCTaskThread "GC Thread#0" [stack: 0x00007f6954086000,0x00007f6954186000] [id=17412]
  0x00007f6950035800 GCTaskThread "GC Thread#1" [stack: 0x00007f6935a43000,0x00007f6935b43000] [id=17413]
  0x00007f6950037000 GCTaskThread "GC Thread#2" [stack: 0x00007f6935941000,0x00007f6935a41000] [id=17414]
  0x00007f6950039000 GCTaskThread "GC Thread#3" [stack: 0x00007f693583f000,0x00007f693593f000] [id=17415]
  0x00007f695003a800 GCTaskThread "GC Thread#4" [stack: 0x00007f693573d000,0x00007f693583d000] [id=17416]
  0x00007f695003c800 GCTaskThread "GC Thread#5" [stack: 0x00007f693563b000,0x00007f693573b000] [id=17417]
  0x00007f695003e000 GCTaskThread "GC Thread#6" [stack: 0x00007f6935539000,0x00007f6935639000] [id=17418]
  0x00007f695003f800 GCTaskThread "GC Thread#7" [stack: 0x00007f6935437000,0x00007f6935537000] [id=17419]
  0x00007f6950041800 GCTaskThread "GC Thread#8" [stack: 0x00007f6935335000,0x00007f6935435000] [id=17420]
  0x00007f6950043000 GCTaskThread "GC Thread#9" [stack: 0x00007f6935233000,0x00007f6935333000] [id=17421]
  0x00007f6950045000 GCTaskThread "GC Thread#10" [stack: 0x00007f6935131000,0x00007f6935231000] [id=17422]
  0x00007f6950046800 GCTaskThread "GC Thread#11" [stack: 0x00007f693502f000,0x00007f693512f000] [id=17424]
  0x00007f6950048800 GCTaskThread "GC Thread#12" [stack: 0x00007f6934f2d000,0x00007f693502d000] [id=17426]
  0x00007f695004a000 GCTaskThread "GC Thread#13" [stack: 0x00007f6934e2b000,0x00007f6934f2b000] [id=17427]
  0x00007f695004c000 GCTaskThread "GC Thread#14" [stack: 0x00007f6934d29000,0x00007f6934e29000] [id=17429]
  0x00007f695004d800 GCTaskThread "GC Thread#15" [stack: 0x00007f6934c27000,0x00007f6934d27000] [id=17430]
  0x00007f695004f800 GCTaskThread "GC Thread#16" [stack: 0x00007f6934b25000,0x00007f6934c25000] [id=17431]
  0x00007f6950051000 GCTaskThread "GC Thread#17" [stack: 0x00007f6934a23000,0x00007f6934b23000] [id=17432]
  0x00007f6950052800 GCTaskThread "GC Thread#18" [stack: 0x00007f6934921000,0x00007f6934a21000] [id=17433]
  0x00007f6950054800 GCTaskThread "GC Thread#19" [stack: 0x00007f693481f000,0x00007f693491f000] [id=17434]
  0x00007f695009f800 ConcurrentGCThread "G1 Main Marker" [stack: 0x00007f68e58df000,0x00007f68e59df000] [id=17456]
  0x00007f69500a1000 ConcurrentGCThread "G1 Marker#0" [stack: 0x00007f68e57dd000,0x00007f68e58dd000] [id=17457]
  0x00007f69500a3000 ConcurrentGCThread "G1 Marker#1" [stack: 0x00007f68e56db000,0x00007f68e57db000] [id=17458]
  0x00007f69500a4800 ConcurrentGCThread "G1 Marker#2" [stack: 0x00007f68e55d9000,0x00007f68e56d9000] [id=17459]
  0x00007f69500a6800 ConcurrentGCThread "G1 Marker#3" [stack: 0x00007f68e54d7000,0x00007f68e55d7000] [id=17460]
  0x00007f69500a8000 ConcurrentGCThread "G1 Marker#4" [stack: 0x00007f68e53d5000,0x00007f68e54d5000] [id=17461]
  0x00007f6950079000 ConcurrentGCThread "G1 Refine#0" [stack: 0x00007f68e5fce000,0x00007f68e60ce000] [id=17454]
  0x00007f6950077000 ConcurrentGCThread "G1 Refine#1" [stack: 0x00007f68e60d0000,0x00007f68e61d0000] [id=17453]
  0x00007f6950075000 ConcurrentGCThread "G1 Refine#2" [stack: 0x00007f68e61d2000,0x00007f68e62d2000] [id=17452]
  0x00007f6950073800 ConcurrentGCThread "G1 Refine#3" [stack: 0x00007f68e62d4000,0x00007f68e63d4000] [id=17451]
  0x00007f6950071800 ConcurrentGCThread "G1 Refine#4" [stack: 0x00007f68e63d6000,0x00007f68e64d6000] [id=17450]
  0x00007f6950070000 ConcurrentGCThread "G1 Refine#5" [stack: 0x00007f68e64d8000,0x00007f68e65d8000] [id=17449]
  0x00007f695006e000 ConcurrentGCThread "G1 Refine#6" [stack: 0x00007f68e65da000,0x00007f68e66da000] [id=17448]
  0x00007f695006c800 ConcurrentGCThread "G1 Refine#7" [stack: 0x00007f68e66dc000,0x00007f68e67dc000] [id=17447]
  0x00007f695006a800 ConcurrentGCThread "G1 Refine#8" [stack: 0x00007f68e67de000,0x00007f68e68de000] [id=17446]
  0x00007f6950069000 ConcurrentGCThread "G1 Refine#9" [stack: 0x00007f68e68e0000,0x00007f68e69e0000] [id=17445]
  0x00007f6950067000 ConcurrentGCThread "G1 Refine#10" [stack: 0x00007f68e69e2000,0x00007f68e6ae2000] [id=17444]
  0x00007f6950065000 ConcurrentGCThread "G1 Refine#11" [stack: 0x00007f68e6ae4000,0x00007f68e6be4000] [id=17443]
  0x00007f6950063800 ConcurrentGCThread "G1 Refine#12" [stack: 0x00007f68e6be6000,0x00007f68e6ce6000] [id=17442]
  0x00007f6950061800 ConcurrentGCThread "G1 Refine#13" [stack: 0x00007f68e6ce8000,0x00007f68e6de8000] [id=17441]
  0x00007f6950060000 ConcurrentGCThread "G1 Refine#14" [stack: 0x00007f68e6dea000,0x00007f68e6eea000] [id=17440]
  0x00007f695005e000 ConcurrentGCThread "G1 Refine#15" [stack: 0x00007f68e6eec000,0x00007f68e6fec000] [id=17439]
  0x00007f695005c800 ConcurrentGCThread "G1 Refine#16" [stack: 0x00007f68e6fee000,0x00007f68e70ee000] [id=17438]
  0x00007f695005a800 ConcurrentGCThread "G1 Refine#17" [stack: 0x00007f68e70f0000,0x00007f68e71f0000] [id=17437]
  0x00007f6950059000 ConcurrentGCThread "G1 Refine#18" [stack: 0x00007f68e71f2000,0x00007f68e72f2000] [id=17436]
  0x00007f6950057000 ConcurrentGCThread "G1 Refine#19" [stack: 0x00007f68e72f4000,0x00007f68e73f4000] [id=17435]
  0x00007f695007a800 ConcurrentGCThread "G1 Young RemSet Sampling" [stack: 0x00007f68e5ecc000,0x00007f68e5fcc000] [id=17455]

Threads with active compile tasks:
C1 CompilerThread10 255 %     3       org.eclipse.core.runtime.adaptor.EclipseStarter::main @ 74 (567 bytes)

VM state:not at safepoint (normal execution)

VM Mutex/Monitor currently owned by a thread: None

Heap address: 0x00000003d7c00000, size: 16004 MB, Compressed Oops mode: Zero based, Oop shift amount: 3
Narrow klass base: 0x0000000000000000, Narrow klass shift: 3
Compressed class space size: 1073741824 Address: 0x00000007c0000000

Heap:
 garbage-first heap   total 1028096K, used 8192K [0x00000003d7c00000, 0x00000003d80007d8, 0x00000007c0000000)
  region size 4096K, 3 young (12288K), 0 survivors (0K)
 Metaspace       used 4292K, capacity 4616K, committed 4864K, reserved 1056768K
  class space    used 356K, capacity 388K, committed 512K, reserved 1048576K
Heap Regions: E=young(eden), S=young(survivor), O=old, HS=humongous(starts), HC=humongous(continues), CS=collection set, F=free, A=archive, TS=gc time stamp, AC=allocation context, TAMS=top-at-mark-start (previous, next)
|   0|0x00000003d7c00000, 0x00000003d7c00000, 0x00000003d8000000|  0%| F|  |TS  0|AC  0|TAMS 0x00000003d7c00000, 0x00000003d7c00000|
|   1|0x00000003d8000000, 0x00000003d8000000, 0x00000003d8400000|  0%| F|  |TS  0|AC  0|TAMS 0x00000003d8000000, 0x00000003d8000000|
|   2|0x00000003d8400000, 0x00000003d8400000, 0x00000003d8800000|  0%| F|  |TS  0|AC  0|TAMS 0x00000003d8400000, 0x00000003d8400000|
|   3|0x00000003d8800000, 0x00000003d8800000, 0x00000003d8c00000|  0%| F|  |TS  0|AC  0|TAMS 0x00000003d8800000, 0x00000003d8800000|
|   4|0x00000003d8c00000, 0x00000003d8c00000, 0x00000003d9000000|  0%| F|  |TS  0|AC  0|TAMS 0x00000003d8c00000, 0x00000003d8c00000|
|   5|0x00000003d9000000, 0x00000003d9000000, 0x00000003d9400000|  0%| F|  |TS  0|AC  0|TAMS 0x00000003d9000000, 0x00000003d9000000|
|   6|0x00000003d9400000, 0x00000003d9400000, 0x00000003d9800000|  0%| F|  |TS  0|AC  0|TAMS 0x00000003d9400000, 0x00000003d9400000|
|   7|0x00000003d9800000, 0x00000003d9800000, 0x00000003d9c00000|  0%| F|  |TS  0|AC  0|TAMS 0x00000003d9800000, 0x00000003d9800000|
|   8|0x00000003d9c00000, 0x00000003d9c00000, 0x00000003da000000|  0%| F|  |TS  0|AC  0|TAMS 0x00000003d9c00000, 0x00000003d9c00000|
|   9|0x00000003da000000, 0x00000003da000000, 0x00000003da400000|  0%| F|  |TS  0|AC  0|TAMS 0x00000003da000000, 0x00000003da000000|
|  10|0x00000003da400000, 0x00000003da400000, 0x00000003da800000|  0%| F|  |TS  0|AC  0|TAMS 0x00000003da400000, 0x00000003da400000|
|  11|0x00000003da800000, 0x00000003da800000, 0x00000003dac00000|  0%| F|  |TS  0|AC  0|TAMS 0x00000003da800000, 0x00000003da800000|
|  12|0x00000003dac00000, 0x00000003dac00000, 0x00000003db000000|  0%| F|  |TS  0|AC  0|TAMS 0x00000003dac00000, 0x00000003dac00000|
|  13|0x00000003db000000, 0x00000003db000000, 0x00000003db400000|  0%| F|  |TS  0|AC  0|TAMS 0x00000003db000000, 0x00000003db000000|
|  14|0x00000003db400000, 0x00000003db400000, 0x00000003db800000|  0%| F|  |TS  0|AC  0|TAMS 0x00000003db400000, 0x00000003db400000|
|  15|0x00000003db800000, 0x00000003db800000, 0x00000003dbc00000|  0%| F|  |TS  0|AC  0|TAMS 0x00000003db800000, 0x00000003db800000|
|  16|0x00000003dbc00000, 0x00000003dbc00000, 0x00000003dc000000|  0%| F|  |TS  0|AC  0|TAMS 0x00000003dbc00000, 0x00000003dbc00000|
|  17|0x00000003dc000000, 0x00000003dc000000, 0x00000003dc400000|  0%| F|  |TS  0|AC  0|TAMS 0x00000003dc000000, 0x00000003dc000000|
|  18|0x00000003dc400000, 0x00000003dc400000, 0x00000003dc800000|  0%| F|  |TS  0|AC  0|TAMS 0x00000003dc400000, 0x00000003dc400000|
|  19|0x00000003dc800000, 0x00000003dc800000, 0x00000003dcc00000|  0%| F|  |TS  0|AC  0|TAMS 0x00000003dc800000, 0x00000003dc800000|
|  20|0x00000003dcc00000, 0x00000003dcc00000, 0x00000003dd000000|  0%| F|  |TS  0|AC  0|TAMS 0x00000003dcc00000, 0x00000003dcc00000|
|  21|0x00000003dd000000, 0x00000003dd000000, 0x00000003dd400000|  0%| F|  |TS  0|AC  0|TAMS 0x00000003dd000000, 0x00000003dd000000|
|  22|0x00000003dd400000, 0x00000003dd400000, 0x00000003dd800000|  0%| F|  |TS  0|AC  0|TAMS 0x00000003dd400000, 0x00000003dd400000|
|  23|0x00000003dd800000, 0x00000003dd800000, 0x00000003ddc00000|  0%| F|  |TS  0|AC  0|TAMS 0x00000003dd800000, 0x00000003dd800000|
|  24|0x00000003ddc00000, 0x00000003ddc00000, 0x00000003de000000|  0%| F|  |TS  0|AC  0|TAMS 0x00000003ddc00000, 0x00000003ddc00000|
|  25|0x00000003de000000, 0x00000003de000000, 0x00000003de400000|  0%| F|  |TS  0|AC  0|TAMS 0x00000003de000000, 0x00000003de000000|
|  26|0x00000003de400000, 0x00000003de400000, 0x00000003de800000|  0%| F|  |TS  0|AC  0|TAMS 0x00000003de400000, 0x00000003de400000|
|  27|0x00000003de800000, 0x00000003de800000, 0x00000003dec00000|  0%| F|  |TS  0|AC  0|TAMS 0x00000003de800000, 0x00000003de800000|
|  28|0x00000003dec00000, 0x00000003dec00000, 0x00000003df000000|  0%| F|  |TS  0|AC  0|TAMS 0x00000003dec00000, 0x00000003dec00000|
|  29|0x00000003df000000, 0x00000003df000000, 0x00000003df400000|  0%| F|  |TS  0|AC  0|TAMS 0x00000003df000000, 0x00000003df000000|
|  30|0x00000003df400000, 0x00000003df400000, 0x00000003df800000|  0%| F|  |TS  0|AC  0|TAMS 0x00000003df400000, 0x00000003df400000|
|  31|0x00000003df800000, 0x00000003df800000, 0x00000003dfc00000|  0%| F|  |TS  0|AC  0|TAMS 0x00000003df800000, 0x00000003df800000|
|  32|0x00000003dfc00000, 0x00000003dfc00000, 0x00000003e0000000|  0%| F|  |TS  0|AC  0|TAMS 0x00000003dfc00000, 0x00000003dfc00000|
|  33|0x00000003e0000000, 0x00000003e0000000, 0x00000003e0400000|  0%| F|  |TS  0|AC  0|TAMS 0x00000003e0000000, 0x00000003e0000000|
|  34|0x00000003e0400000, 0x00000003e0400000, 0x00000003e0800000|  0%| F|  |TS  0|AC  0|TAMS 0x00000003e0400000, 0x00000003e0400000|
|  35|0x00000003e0800000, 0x00000003e0800000, 0x00000003e0c00000|  0%| F|  |TS  0|AC  0|TAMS 0x00000003e0800000, 0x00000003e0800000|
|  36|0x00000003e0c00000, 0x00000003e0c00000, 0x00000003e1000000|  0%| F|  |TS  0|AC  0|TAMS 0x00000003e0c00000, 0x00000003e0c00000|
|  37|0x00000003e1000000, 0x00000003e1000000, 0x00000003e1400000|  0%| F|  |TS  0|AC  0|TAMS 0x00000003e1000000, 0x00000003e1000000|
|  38|0x00000003e1400000, 0x00000003e1400000, 0x00000003e1800000|  0%| F|  |TS  0|AC  0|TAMS 0x00000003e1400000, 0x00000003e1400000|
|  39|0x00000003e1800000, 0x00000003e1800000, 0x00000003e1c00000|  0%| F|  |TS  0|AC  0|TAMS 0x00000003e1800000, 0x00000003e1800000|
|  40|0x00000003e1c00000, 0x00000003e1c00000, 0x00000003e2000000|  0%| F|  |TS  0|AC  0|TAMS 0x00000003e1c00000, 0x00000003e1c00000|
|  41|0x00000003e2000000, 0x00000003e2000000, 0x00000003e2400000|  0%| F|  |TS  0|AC  0|TAMS 0x00000003e2000000, 0x00000003e2000000|
|  42|0x00000003e2400000, 0x00000003e2400000, 0x00000003e2800000|  0%| F|  |TS  0|AC  0|TAMS 0x00000003e2400000, 0x00000003e2400000|
|  43|0x00000003e2800000, 0x00000003e2800000, 0x00000003e2c00000|  0%| F|  |TS  0|AC  0|TAMS 0x00000003e2800000, 0x00000003e2800000|
|  44|0x00000003e2c00000, 0x00000003e2c00000, 0x00000003e3000000|  0%| F|  |TS  0|AC  0|TAMS 0x00000003e2c00000, 0x00000003e2c00000|
|  45|0x00000003e3000000, 0x00000003e3000000, 0x00000003e3400000|  0%| F|  |TS  0|AC  0|TAMS 0x00000003e3000000, 0x00000003e3000000|
|  46|0x00000003e3400000, 0x00000003e3400000, 0x00000003e3800000|  0%| F|  |TS  0|AC  0|TAMS 0x00000003e3400000, 0x00000003e3400000|
|  47|0x00000003e3800000, 0x00000003e3800000, 0x00000003e3c00000|  0%| F|  |TS  0|AC  0|TAMS 0x00000003e3800000, 0x00000003e3800000|
|  48|0x00000003e3c00000, 0x00000003e3c00000, 0x00000003e4000000|  0%| F|  |TS  0|AC  0|TAMS 0x00000003e3c00000, 0x00000003e3c00000|
|  49|0x00000003e4000000, 0x00000003e4000000, 0x00000003e4400000|  0%| F|  |TS  0|AC  0|TAMS 0x00000003e4000000, 0x00000003e4000000|
|  50|0x00000003e4400000, 0x00000003e4400000, 0x00000003e4800000|  0%| F|  |TS  0|AC  0|TAMS 0x00000003e4400000, 0x00000003e4400000|
|  51|0x00000003e4800000, 0x00000003e4800000, 0x00000003e4c00000|  0%| F|  |TS  0|AC  0|TAMS 0x00000003e4800000, 0x00000003e4800000|
|  52|0x00000003e4c00000, 0x00000003e4c00000, 0x00000003e5000000|  0%| F|  |TS  0|AC  0|TAMS 0x00000003e4c00000, 0x00000003e4c00000|
|  53|0x00000003e5000000, 0x00000003e5000000, 0x00000003e5400000|  0%| F|  |TS  0|AC  0|TAMS 0x00000003e5000000, 0x00000003e5000000|
|  54|0x00000003e5400000, 0x00000003e5400000, 0x00000003e5800000|  0%| F|  |TS  0|AC  0|TAMS 0x00000003e5400000, 0x00000003e5400000|
|  55|0x00000003e5800000, 0x00000003e5800000, 0x00000003e5c00000|  0%| F|  |TS  0|AC  0|TAMS 0x00000003e5800000, 0x00000003e5800000|
|  56|0x00000003e5c00000, 0x00000003e5c00000, 0x00000003e6000000|  0%| F|  |TS  0|AC  0|TAMS 0x00000003e5c00000, 0x00000003e5c00000|
|  57|0x00000003e6000000, 0x00000003e6000000, 0x00000003e6400000|  0%| F|  |TS  0|AC  0|TAMS 0x00000003e6000000, 0x00000003e6000000|
|  58|0x00000003e6400000, 0x00000003e6400000, 0x00000003e6800000|  0%| F|  |TS  0|AC  0|TAMS 0x00000003e6400000, 0x00000003e6400000|
|  59|0x00000003e6800000, 0x00000003e6800000, 0x00000003e6c00000|  0%| F|  |TS  0|AC  0|TAMS 0x00000003e6800000, 0x00000003e6800000|
|  60|0x00000003e6c00000, 0x00000003e6c00000, 0x00000003e7000000|  0%| F|  |TS  0|AC  0|TAMS 0x00000003e6c00000, 0x00000003e6c00000|
|  61|0x00000003e7000000, 0x00000003e7000000, 0x00000003e7400000|  0%| F|  |TS  0|AC  0|TAMS 0x00000003e7000000, 0x00000003e7000000|
|  62|0x00000003e7400000, 0x00000003e7400000, 0x00000003e7800000|  0%| F|  |TS  0|AC  0|TAMS 0x00000003e7400000, 0x00000003e7400000|
|  63|0x00000003e7800000, 0x00000003e7800000, 0x00000003e7c00000|  0%| F|  |TS  0|AC  0|TAMS 0x00000003e7800000, 0x00000003e7800000|
|  64|0x00000003e7c00000, 0x00000003e7c00000, 0x00000003e8000000|  0%| F|  |TS  0|AC  0|TAMS 0x00000003e7c00000, 0x00000003e7c00000|
|  65|0x00000003e8000000, 0x00000003e8000000, 0x00000003e8400000|  0%| F|  |TS  0|AC  0|TAMS 0x00000003e8000000, 0x00000003e8000000|
|  66|0x00000003e8400000, 0x00000003e8400000, 0x00000003e8800000|  0%| F|  |TS  0|AC  0|TAMS 0x00000003e8400000, 0x00000003e8400000|
|  67|0x00000003e8800000, 0x00000003e8800000, 0x00000003e8c00000|  0%| F|  |TS  0|AC  0|TAMS 0x00000003e8800000, 0x00000003e8800000|
|  68|0x00000003e8c00000, 0x00000003e8c00000, 0x00000003e9000000|  0%| F|  |TS  0|AC  0|TAMS 0x00000003e8c00000, 0x00000003e8c00000|
|  69|0x00000003e9000000, 0x00000003e9000000, 0x00000003e9400000|  0%| F|  |TS  0|AC  0|TAMS 0x00000003e9000000, 0x00000003e9000000|
|  70|0x00000003e9400000, 0x00000003e9400000, 0x00000003e9800000|  0%| F|  |TS  0|AC  0|TAMS 0x00000003e9400000, 0x00000003e9400000|
|  71|0x00000003e9800000, 0x00000003e9800000, 0x00000003e9c00000|  0%| F|  |TS  0|AC  0|TAMS 0x00000003e9800000, 0x00000003e9800000|
|  72|0x00000003e9c00000, 0x00000003e9c00000, 0x00000003ea000000|  0%| F|  |TS  0|AC  0|TAMS 0x00000003e9c00000, 0x00000003e9c00000|
|  73|0x00000003ea000000, 0x00000003ea000000, 0x00000003ea400000|  0%| F|  |TS  0|AC  0|TAMS 0x00000003ea000000, 0x00000003ea000000|
|  74|0x00000003ea400000, 0x00000003ea400000, 0x00000003ea800000|  0%| F|  |TS  0|AC  0|TAMS 0x00000003ea400000, 0x00000003ea400000|
|  75|0x00000003ea800000, 0x00000003ea800000, 0x00000003eac00000|  0%| F|  |TS  0|AC  0|TAMS 0x00000003ea800000, 0x00000003ea800000|
|  76|0x00000003eac00000, 0x00000003eac00000, 0x00000003eb000000|  0%| F|  |TS  0|AC  0|TAMS 0x00000003eac00000, 0x00000003eac00000|
|  77|0x00000003eb000000, 0x00000003eb000000, 0x00000003eb400000|  0%| F|  |TS  0|AC  0|TAMS 0x00000003eb000000, 0x00000003eb000000|
|  78|0x00000003eb400000, 0x00000003eb400000, 0x00000003eb800000|  0%| F|  |TS  0|AC  0|TAMS 0x00000003eb400000, 0x00000003eb400000|
|  79|0x00000003eb800000, 0x00000003eb800000, 0x00000003ebc00000|  0%| F|  |TS  0|AC  0|TAMS 0x00000003eb800000, 0x00000003eb800000|
|  80|0x00000003ebc00000, 0x00000003ebc00000, 0x00000003ec000000|  0%| F|  |TS  0|AC  0|TAMS 0x00000003ebc00000, 0x00000003ebc00000|
|  81|0x00000003ec000000, 0x00000003ec000000, 0x00000003ec400000|  0%| F|  |TS  0|AC  0|TAMS 0x00000003ec000000, 0x00000003ec000000|
|  82|0x00000003ec400000, 0x00000003ec400000, 0x00000003ec800000|  0%| F|  |TS  0|AC  0|TAMS 0x00000003ec400000, 0x00000003ec400000|
|  83|0x00000003ec800000, 0x00000003ec800000, 0x00000003ecc00000|  0%| F|  |TS  0|AC  0|TAMS 0x00000003ec800000, 0x00000003ec800000|
|  84|0x00000003ecc00000, 0x00000003ecc00000, 0x00000003ed000000|  0%| F|  |TS  0|AC  0|TAMS 0x00000003ecc00000, 0x00000003ecc00000|
|  85|0x00000003ed000000, 0x00000003ed000000, 0x00000003ed400000|  0%| F|  |TS  0|AC  0|TAMS 0x00000003ed000000, 0x00000003ed000000|
|  86|0x00000003ed400000, 0x00000003ed400000, 0x00000003ed800000|  0%| F|  |TS  0|AC  0|TAMS 0x00000003ed400000, 0x00000003ed400000|
|  87|0x00000003ed800000, 0x00000003ed800000, 0x00000003edc00000|  0%| F|  |TS  0|AC  0|TAMS 0x00000003ed800000, 0x00000003ed800000|
|  88|0x00000003edc00000, 0x00000003edc00000, 0x00000003ee000000|  0%| F|  |TS  0|AC  0|TAMS 0x00000003edc00000, 0x00000003edc00000|
|  89|0x00000003ee000000, 0x00000003ee000000, 0x00000003ee400000|  0%| F|  |TS  0|AC  0|TAMS 0x00000003ee000000, 0x00000003ee000000|
|  90|0x00000003ee400000, 0x00000003ee400000, 0x00000003ee800000|  0%| F|  |TS  0|AC  0|TAMS 0x00000003ee400000, 0x00000003ee400000|
|  91|0x00000003ee800000, 0x00000003ee800000, 0x00000003eec00000|  0%| F|  |TS  0|AC  0|TAMS 0x00000003ee800000, 0x00000003ee800000|
|  92|0x00000003eec00000, 0x00000003eec00000, 0x00000003ef000000|  0%| F|  |TS  0|AC  0|TAMS 0x00000003eec00000, 0x00000003eec00000|
|  93|0x00000003ef000000, 0x00000003ef000000, 0x00000003ef400000|  0%| F|  |TS  0|AC  0|TAMS 0x00000003ef000000, 0x00000003ef000000|
|  94|0x00000003ef400000, 0x00000003ef400000, 0x00000003ef800000|  0%| F|  |TS  0|AC  0|TAMS 0x00000003ef400000, 0x00000003ef400000|
|  95|0x00000003ef800000, 0x00000003ef800000, 0x00000003efc00000|  0%| F|  |TS  0|AC  0|TAMS 0x00000003ef800000, 0x00000003ef800000|
|  96|0x00000003efc00000, 0x00000003efc00000, 0x00000003f0000000|  0%| F|  |TS  0|AC  0|TAMS 0x00000003efc00000, 0x00000003efc00000|
|  97|0x00000003f0000000, 0x00000003f0000000, 0x00000003f0400000|  0%| F|  |TS  0|AC  0|TAMS 0x00000003f0000000, 0x00000003f0000000|
|  98|0x00000003f0400000, 0x00000003f0400000, 0x00000003f0800000|  0%| F|  |TS  0|AC  0|TAMS 0x00000003f0400000, 0x00000003f0400000|
|  99|0x00000003f0800000, 0x00000003f0800000, 0x00000003f0c00000|  0%| F|  |TS  0|AC  0|TAMS 0x00000003f0800000, 0x00000003f0800000|
| 100|0x00000003f0c00000, 0x00000003f0c00000, 0x00000003f1000000|  0%| F|  |TS  0|AC  0|TAMS 0x00000003f0c00000, 0x00000003f0c00000|
| 101|0x00000003f1000000, 0x00000003f1000000, 0x00000003f1400000|  0%| F|  |TS  0|AC  0|TAMS 0x00000003f1000000, 0x00000003f1000000|
| 102|0x00000003f1400000, 0x00000003f1400000, 0x00000003f1800000|  0%| F|  |TS  0|AC  0|TAMS 0x00000003f1400000, 0x00000003f1400000|
| 103|0x00000003f1800000, 0x00000003f1800000, 0x00000003f1c00000|  0%| F|  |TS  0|AC  0|TAMS 0x00000003f1800000, 0x00000003f1800000|
| 104|0x00000003f1c00000, 0x00000003f1c00000, 0x00000003f2000000|  0%| F|  |TS  0|AC  0|TAMS 0x00000003f1c00000, 0x00000003f1c00000|
| 105|0x00000003f2000000, 0x00000003f2000000, 0x00000003f2400000|  0%| F|  |TS  0|AC  0|TAMS 0x00000003f2000000, 0x00000003f2000000|
| 106|0x00000003f2400000, 0x00000003f2400000, 0x00000003f2800000|  0%| F|  |TS  0|AC  0|TAMS 0x00000003f2400000, 0x00000003f2400000|
| 107|0x00000003f2800000, 0x00000003f2800000, 0x00000003f2c00000|  0%| F|  |TS  0|AC  0|TAMS 0x00000003f2800000, 0x00000003f2800000|
| 108|0x00000003f2c00000, 0x00000003f2c00000, 0x00000003f3000000|  0%| F|  |TS  0|AC  0|TAMS 0x00000003f2c00000, 0x00000003f2c00000|
| 109|0x00000003f3000000, 0x00000003f3000000, 0x00000003f3400000|  0%| F|  |TS  0|AC  0|TAMS 0x00000003f3000000, 0x00000003f3000000|
| 110|0x00000003f3400000, 0x00000003f3400000, 0x00000003f3800000|  0%| F|  |TS  0|AC  0|TAMS 0x00000003f3400000, 0x00000003f3400000|
| 111|0x00000003f3800000, 0x00000003f3800000, 0x00000003f3c00000|  0%| F|  |TS  0|AC  0|TAMS 0x00000003f3800000, 0x00000003f3800000|
| 112|0x00000003f3c00000, 0x00000003f3c00000, 0x00000003f4000000|  0%| F|  |TS  0|AC  0|TAMS 0x00000003f3c00000, 0x00000003f3c00000|
| 113|0x00000003f4000000, 0x00000003f4000000, 0x00000003f4400000|  0%| F|  |TS  0|AC  0|TAMS 0x00000003f4000000, 0x00000003f4000000|
| 114|0x00000003f4400000, 0x00000003f4400000, 0x00000003f4800000|  0%| F|  |TS  0|AC  0|TAMS 0x00000003f4400000, 0x00000003f4400000|
| 115|0x00000003f4800000, 0x00000003f4800000, 0x00000003f4c00000|  0%| F|  |TS  0|AC  0|TAMS 0x00000003f4800000, 0x00000003f4800000|
| 116|0x00000003f4c00000, 0x00000003f4c00000, 0x00000003f5000000|  0%| F|  |TS  0|AC  0|TAMS 0x00000003f4c00000, 0x00000003f4c00000|
| 117|0x00000003f5000000, 0x00000003f5000000, 0x00000003f5400000|  0%| F|  |TS  0|AC  0|TAMS 0x00000003f5000000, 0x00000003f5000000|
| 118|0x00000003f5400000, 0x00000003f5400000, 0x00000003f5800000|  0%| F|  |TS  0|AC  0|TAMS 0x00000003f5400000, 0x00000003f5400000|
| 119|0x00000003f5800000, 0x00000003f5800000, 0x00000003f5c00000|  0%| F|  |TS  0|AC  0|TAMS 0x00000003f5800000, 0x00000003f5800000|
| 120|0x00000003f5c00000, 0x00000003f5c00000, 0x00000003f6000000|  0%| F|  |TS  0|AC  0|TAMS 0x00000003f5c00000, 0x00000003f5c00000|
| 121|0x00000003f6000000, 0x00000003f6000000, 0x00000003f6400000|  0%| F|  |TS  0|AC  0|TAMS 0x00000003f6000000, 0x00000003f6000000|
| 122|0x00000003f6400000, 0x00000003f6400000, 0x00000003f6800000|  0%| F|  |TS  0|AC  0|TAMS 0x00000003f6400000, 0x00000003f6400000|
| 123|0x00000003f6800000, 0x00000003f6800000, 0x00000003f6c00000|  0%| F|  |TS  0|AC  0|TAMS 0x00000003f6800000, 0x00000003f6800000|
| 124|0x00000003f6c00000, 0x00000003f6c00000, 0x00000003f7000000|  0%| F|  |TS  0|AC  0|TAMS 0x00000003f6c00000, 0x00000003f6c00000|
| 125|0x00000003f7000000, 0x00000003f7000000, 0x00000003f7400000|  0%| F|  |TS  0|AC  0|TAMS 0x00000003f7000000, 0x00000003f7000000|
| 126|0x00000003f7400000, 0x00000003f7400000, 0x00000003f7800000|  0%| F|  |TS  0|AC  0|TAMS 0x00000003f7400000, 0x00000003f7400000|
| 127|0x00000003f7800000, 0x00000003f7800000, 0x00000003f7c00000|  0%| F|  |TS  0|AC  0|TAMS 0x00000003f7800000, 0x00000003f7800000|
| 128|0x00000003f7c00000, 0x00000003f7c00000, 0x00000003f8000000|  0%| F|  |TS  0|AC  0|TAMS 0x00000003f7c00000, 0x00000003f7c00000|
| 129|0x00000003f8000000, 0x00000003f8000000, 0x00000003f8400000|  0%| F|  |TS  0|AC  0|TAMS 0x00000003f8000000, 0x00000003f8000000|
| 130|0x00000003f8400000, 0x00000003f8400000, 0x00000003f8800000|  0%| F|  |TS  0|AC  0|TAMS 0x00000003f8400000, 0x00000003f8400000|
| 131|0x00000003f8800000, 0x00000003f8800000, 0x00000003f8c00000|  0%| F|  |TS  0|AC  0|TAMS 0x00000003f8800000, 0x00000003f8800000|
| 132|0x00000003f8c00000, 0x00000003f8c00000, 0x00000003f9000000|  0%| F|  |TS  0|AC  0|TAMS 0x00000003f8c00000, 0x00000003f8c00000|
| 133|0x00000003f9000000, 0x00000003f9000000, 0x00000003f9400000|  0%| F|  |TS  0|AC  0|TAMS 0x00000003f9000000, 0x00000003f9000000|
| 134|0x00000003f9400000, 0x00000003f9400000, 0x00000003f9800000|  0%| F|  |TS  0|AC  0|TAMS 0x00000003f9400000, 0x00000003f9400000|
| 135|0x00000003f9800000, 0x00000003f9800000, 0x00000003f9c00000|  0%| F|  |TS  0|AC  0|TAMS 0x00000003f9800000, 0x00000003f9800000|
| 136|0x00000003f9c00000, 0x00000003f9c00000, 0x00000003fa000000|  0%| F|  |TS  0|AC  0|TAMS 0x00000003f9c00000, 0x00000003f9c00000|
| 137|0x00000003fa000000, 0x00000003fa000000, 0x00000003fa400000|  0%| F|  |TS  0|AC  0|TAMS 0x00000003fa000000, 0x00000003fa000000|
| 138|0x00000003fa400000, 0x00000003fa400000, 0x00000003fa800000|  0%| F|  |TS  0|AC  0|TAMS 0x00000003fa400000, 0x00000003fa400000|
| 139|0x00000003fa800000, 0x00000003fa800000, 0x00000003fac00000|  0%| F|  |TS  0|AC  0|TAMS 0x00000003fa800000, 0x00000003fa800000|
| 140|0x00000003fac00000, 0x00000003fac00000, 0x00000003fb000000|  0%| F|  |TS  0|AC  0|TAMS 0x00000003fac00000, 0x00000003fac00000|
| 141|0x00000003fb000000, 0x00000003fb000000, 0x00000003fb400000|  0%| F|  |TS  0|AC  0|TAMS 0x00000003fb000000, 0x00000003fb000000|
| 142|0x00000003fb400000, 0x00000003fb400000, 0x00000003fb800000|  0%| F|  |TS  0|AC  0|TAMS 0x00000003fb400000, 0x00000003fb400000|
| 143|0x00000003fb800000, 0x00000003fb800000, 0x00000003fbc00000|  0%| F|  |TS  0|AC  0|TAMS 0x00000003fb800000, 0x00000003fb800000|
| 144|0x00000003fbc00000, 0x00000003fbc00000, 0x00000003fc000000|  0%| F|  |TS  0|AC  0|TAMS 0x00000003fbc00000, 0x00000003fbc00000|
| 145|0x00000003fc000000, 0x00000003fc000000, 0x00000003fc400000|  0%| F|  |TS  0|AC  0|TAMS 0x00000003fc000000, 0x00000003fc000000|
| 146|0x00000003fc400000, 0x00000003fc400000, 0x00000003fc800000|  0%| F|  |TS  0|AC  0|TAMS 0x00000003fc400000, 0x00000003fc400000|
| 147|0x00000003fc800000, 0x00000003fc800000, 0x00000003fcc00000|  0%| F|  |TS  0|AC  0|TAMS 0x00000003fc800000, 0x00000003fc800000|
| 148|0x00000003fcc00000, 0x00000003fcc00000, 0x00000003fd000000|  0%| F|  |TS  0|AC  0|TAMS 0x00000003fcc00000, 0x00000003fcc00000|
| 149|0x00000003fd000000, 0x00000003fd000000, 0x00000003fd400000|  0%| F|  |TS  0|AC  0|TAMS 0x00000003fd000000, 0x00000003fd000000|
| 150|0x00000003fd400000, 0x00000003fd400000, 0x00000003fd800000|  0%| F|  |TS  0|AC  0|TAMS 0x00000003fd400000, 0x00000003fd400000|
| 151|0x00000003fd800000, 0x00000003fd800000, 0x00000003fdc00000|  0%| F|  |TS  0|AC  0|TAMS 0x00000003fd800000, 0x00000003fd800000|
| 152|0x00000003fdc00000, 0x00000003fdc00000, 0x00000003fe000000|  0%| F|  |TS  0|AC  0|TAMS 0x00000003fdc00000, 0x00000003fdc00000|
| 153|0x00000003fe000000, 0x00000003fe000000, 0x00000003fe400000|  0%| F|  |TS  0|AC  0|TAMS 0x00000003fe000000, 0x00000003fe000000|
| 154|0x00000003fe400000, 0x00000003fe400000, 0x00000003fe800000|  0%| F|  |TS  0|AC  0|TAMS 0x00000003fe400000, 0x00000003fe400000|
| 155|0x00000003fe800000, 0x00000003fe800000, 0x00000003fec00000|  0%| F|  |TS  0|AC  0|TAMS 0x00000003fe800000, 0x00000003fe800000|
| 156|0x00000003fec00000, 0x00000003fec00000, 0x00000003ff000000|  0%| F|  |TS  0|AC  0|TAMS 0x00000003fec00000, 0x00000003fec00000|
| 157|0x00000003ff000000, 0x00000003ff000000, 0x00000003ff400000|  0%| F|  |TS  0|AC  0|TAMS 0x00000003ff000000, 0x00000003ff000000|
| 158|0x00000003ff400000, 0x00000003ff400000, 0x00000003ff800000|  0%| F|  |TS  0|AC  0|TAMS 0x00000003ff400000, 0x00000003ff400000|
| 159|0x00000003ff800000, 0x00000003ff800000, 0x00000003ffc00000|  0%| F|  |TS  0|AC  0|TAMS 0x00000003ff800000, 0x00000003ff800000|
| 160|0x00000003ffc00000, 0x00000003ffc00000, 0x0000000400000000|  0%| F|  |TS  0|AC  0|TAMS 0x00000003ffc00000, 0x00000003ffc00000|
| 161|0x0000000400000000, 0x0000000400000000, 0x0000000400400000|  0%| F|  |TS  0|AC  0|TAMS 0x0000000400000000, 0x0000000400000000|
| 162|0x0000000400400000, 0x0000000400400000, 0x0000000400800000|  0%| F|  |TS  0|AC  0|TAMS 0x0000000400400000, 0x0000000400400000|
| 163|0x0000000400800000, 0x0000000400800000, 0x0000000400c00000|  0%| F|  |TS  0|AC  0|TAMS 0x0000000400800000, 0x0000000400800000|
| 164|0x0000000400c00000, 0x0000000400c00000, 0x0000000401000000|  0%| F|  |TS  0|AC  0|TAMS 0x0000000400c00000, 0x0000000400c00000|
| 165|0x0000000401000000, 0x0000000401000000, 0x0000000401400000|  0%| F|  |TS  0|AC  0|TAMS 0x0000000401000000, 0x0000000401000000|
| 166|0x0000000401400000, 0x0000000401400000, 0x0000000401800000|  0%| F|  |TS  0|AC  0|TAMS 0x0000000401400000, 0x0000000401400000|
| 167|0x0000000401800000, 0x0000000401800000, 0x0000000401c00000|  0%| F|  |TS  0|AC  0|TAMS 0x0000000401800000, 0x0000000401800000|
| 168|0x0000000401c00000, 0x0000000401c00000, 0x0000000402000000|  0%| F|  |TS  0|AC  0|TAMS 0x0000000401c00000, 0x0000000401c00000|
| 169|0x0000000402000000, 0x0000000402000000, 0x0000000402400000|  0%| F|  |TS  0|AC  0|TAMS 0x0000000402000000, 0x0000000402000000|
| 170|0x0000000402400000, 0x0000000402400000, 0x0000000402800000|  0%| F|  |TS  0|AC  0|TAMS 0x0000000402400000, 0x0000000402400000|
| 171|0x0000000402800000, 0x0000000402800000, 0x0000000402c00000|  0%| F|  |TS  0|AC  0|TAMS 0x0000000402800000, 0x0000000402800000|
| 172|0x0000000402c00000, 0x0000000402c00000, 0x0000000403000000|  0%| F|  |TS  0|AC  0|TAMS 0x0000000402c00000, 0x0000000402c00000|
| 173|0x0000000403000000, 0x0000000403000000, 0x0000000403400000|  0%| F|  |TS  0|AC  0|TAMS 0x0000000403000000, 0x0000000403000000|
| 174|0x0000000403400000, 0x0000000403400000, 0x0000000403800000|  0%| F|  |TS  0|AC  0|TAMS 0x0000000403400000, 0x0000000403400000|
| 175|0x0000000403800000, 0x0000000403800000, 0x0000000403c00000|  0%| F|  |TS  0|AC  0|TAMS 0x0000000403800000, 0x0000000403800000|
| 176|0x0000000403c00000, 0x0000000403c00000, 0x0000000404000000|  0%| F|  |TS  0|AC  0|TAMS 0x0000000403c00000, 0x0000000403c00000|
| 177|0x0000000404000000, 0x0000000404000000, 0x0000000404400000|  0%| F|  |TS  0|AC  0|TAMS 0x0000000404000000, 0x0000000404000000|
| 178|0x0000000404400000, 0x0000000404400000, 0x0000000404800000|  0%| F|  |TS  0|AC  0|TAMS 0x0000000404400000, 0x0000000404400000|
| 179|0x0000000404800000, 0x0000000404800000, 0x0000000404c00000|  0%| F|  |TS  0|AC  0|TAMS 0x0000000404800000, 0x0000000404800000|
| 180|0x0000000404c00000, 0x0000000404c00000, 0x0000000405000000|  0%| F|  |TS  0|AC  0|TAMS 0x0000000404c00000, 0x0000000404c00000|
| 181|0x0000000405000000, 0x0000000405000000, 0x0000000405400000|  0%| F|  |TS  0|AC  0|TAMS 0x0000000405000000, 0x0000000405000000|
| 182|0x0000000405400000, 0x0000000405400000, 0x0000000405800000|  0%| F|  |TS  0|AC  0|TAMS 0x0000000405400000, 0x0000000405400000|
| 183|0x0000000405800000, 0x0000000405800000, 0x0000000405c00000|  0%| F|  |TS  0|AC  0|TAMS 0x0000000405800000, 0x0000000405800000|
| 184|0x0000000405c00000, 0x0000000405c00000, 0x0000000406000000|  0%| F|  |TS  0|AC  0|TAMS 0x0000000405c00000, 0x0000000405c00000|
| 185|0x0000000406000000, 0x0000000406000000, 0x0000000406400000|  0%| F|  |TS  0|AC  0|TAMS 0x0000000406000000, 0x0000000406000000|
| 186|0x0000000406400000, 0x0000000406400000, 0x0000000406800000|  0%| F|  |TS  0|AC  0|TAMS 0x0000000406400000, 0x0000000406400000|
| 187|0x0000000406800000, 0x0000000406800000, 0x0000000406c00000|  0%| F|  |TS  0|AC  0|TAMS 0x0000000406800000, 0x0000000406800000|
| 188|0x0000000406c00000, 0x0000000406c00000, 0x0000000407000000|  0%| F|  |TS  0|AC  0|TAMS 0x0000000406c00000, 0x0000000406c00000|
| 189|0x0000000407000000, 0x0000000407000000, 0x0000000407400000|  0%| F|  |TS  0|AC  0|TAMS 0x0000000407000000, 0x0000000407000000|
| 190|0x0000000407400000, 0x0000000407400000, 0x0000000407800000|  0%| F|  |TS  0|AC  0|TAMS 0x0000000407400000, 0x0000000407400000|
| 191|0x0000000407800000, 0x0000000407800000, 0x0000000407c00000|  0%| F|  |TS  0|AC  0|TAMS 0x0000000407800000, 0x0000000407800000|
| 192|0x0000000407c00000, 0x0000000407c00000, 0x0000000408000000|  0%| F|  |TS  0|AC  0|TAMS 0x0000000407c00000, 0x0000000407c00000|
| 193|0x0000000408000000, 0x0000000408000000, 0x0000000408400000|  0%| F|  |TS  0|AC  0|TAMS 0x0000000408000000, 0x0000000408000000|
| 194|0x0000000408400000, 0x0000000408400000, 0x0000000408800000|  0%| F|  |TS  0|AC  0|TAMS 0x0000000408400000, 0x0000000408400000|
| 195|0x0000000408800000, 0x0000000408800000, 0x0000000408c00000|  0%| F|  |TS  0|AC  0|TAMS 0x0000000408800000, 0x0000000408800000|
| 196|0x0000000408c00000, 0x0000000408c00000, 0x0000000409000000|  0%| F|  |TS  0|AC  0|TAMS 0x0000000408c00000, 0x0000000408c00000|
| 197|0x0000000409000000, 0x0000000409000000, 0x0000000409400000|  0%| F|  |TS  0|AC  0|TAMS 0x0000000409000000, 0x0000000409000000|
| 198|0x0000000409400000, 0x0000000409400000, 0x0000000409800000|  0%| F|  |TS  0|AC  0|TAMS 0x0000000409400000, 0x0000000409400000|
| 199|0x0000000409800000, 0x0000000409800000, 0x0000000409c00000|  0%| F|  |TS  0|AC  0|TAMS 0x0000000409800000, 0x0000000409800000|
| 200|0x0000000409c00000, 0x0000000409c00000, 0x000000040a000000|  0%| F|  |TS  0|AC  0|TAMS 0x0000000409c00000, 0x0000000409c00000|
| 201|0x000000040a000000, 0x000000040a000000, 0x000000040a400000|  0%| F|  |TS  0|AC  0|TAMS 0x000000040a000000, 0x000000040a000000|
| 202|0x000000040a400000, 0x000000040a400000, 0x000000040a800000|  0%| F|  |TS  0|AC  0|TAMS 0x000000040a400000, 0x000000040a400000|
| 203|0x000000040a800000, 0x000000040a800000, 0x000000040ac00000|  0%| F|  |TS  0|AC  0|TAMS 0x000000040a800000, 0x000000040a800000|
| 204|0x000000040ac00000, 0x000000040ac00000, 0x000000040b000000|  0%| F|  |TS  0|AC  0|TAMS 0x000000040ac00000, 0x000000040ac00000|
| 205|0x000000040b000000, 0x000000040b000000, 0x000000040b400000|  0%| F|  |TS  0|AC  0|TAMS 0x000000040b000000, 0x000000040b000000|
| 206|0x000000040b400000, 0x000000040b400000, 0x000000040b800000|  0%| F|  |TS  0|AC  0|TAMS 0x000000040b400000, 0x000000040b400000|
| 207|0x000000040b800000, 0x000000040b800000, 0x000000040bc00000|  0%| F|  |TS  0|AC  0|TAMS 0x000000040b800000, 0x000000040b800000|
| 208|0x000000040bc00000, 0x000000040bc00000, 0x000000040c000000|  0%| F|  |TS  0|AC  0|TAMS 0x000000040bc00000, 0x000000040bc00000|
| 209|0x000000040c000000, 0x000000040c000000, 0x000000040c400000|  0%| F|  |TS  0|AC  0|TAMS 0x000000040c000000, 0x000000040c000000|
| 210|0x000000040c400000, 0x000000040c400000, 0x000000040c800000|  0%| F|  |TS  0|AC  0|TAMS 0x000000040c400000, 0x000000040c400000|
| 211|0x000000040c800000, 0x000000040c800000, 0x000000040cc00000|  0%| F|  |TS  0|AC  0|TAMS 0x000000040c800000, 0x000000040c800000|
| 212|0x000000040cc00000, 0x000000040cc00000, 0x000000040d000000|  0%| F|  |TS  0|AC  0|TAMS 0x000000040cc00000, 0x000000040cc00000|
| 213|0x000000040d000000, 0x000000040d000000, 0x000000040d400000|  0%| F|  |TS  0|AC  0|TAMS 0x000000040d000000, 0x000000040d000000|
| 214|0x000000040d400000, 0x000000040d400000, 0x000000040d800000|  0%| F|  |TS  0|AC  0|TAMS 0x000000040d400000, 0x000000040d400000|
| 215|0x000000040d800000, 0x000000040d800000, 0x000000040dc00000|  0%| F|  |TS  0|AC  0|TAMS 0x000000040d800000, 0x000000040d800000|
| 216|0x000000040dc00000, 0x000000040dc00000, 0x000000040e000000|  0%| F|  |TS  0|AC  0|TAMS 0x000000040dc00000, 0x000000040dc00000|
| 217|0x000000040e000000, 0x000000040e000000, 0x000000040e400000|  0%| F|  |TS  0|AC  0|TAMS 0x000000040e000000, 0x000000040e000000|
| 218|0x000000040e400000, 0x000000040e400000, 0x000000040e800000|  0%| F|  |TS  0|AC  0|TAMS 0x000000040e400000, 0x000000040e400000|
| 219|0x000000040e800000, 0x000000040e800000, 0x000000040ec00000|  0%| F|  |TS  0|AC  0|TAMS 0x000000040e800000, 0x000000040e800000|
| 220|0x000000040ec00000, 0x000000040ec00000, 0x000000040f000000|  0%| F|  |TS  0|AC  0|TAMS 0x000000040ec00000, 0x000000040ec00000|
| 221|0x000000040f000000, 0x000000040f000000, 0x000000040f400000|  0%| F|  |TS  0|AC  0|TAMS 0x000000040f000000, 0x000000040f000000|
| 222|0x000000040f400000, 0x000000040f400000, 0x000000040f800000|  0%| F|  |TS  0|AC  0|TAMS 0x000000040f400000, 0x000000040f400000|
| 223|0x000000040f800000, 0x000000040f800000, 0x000000040fc00000|  0%| F|  |TS  0|AC  0|TAMS 0x000000040f800000, 0x000000040f800000|
| 224|0x000000040fc00000, 0x000000040fc00000, 0x0000000410000000|  0%| F|  |TS  0|AC  0|TAMS 0x000000040fc00000, 0x000000040fc00000|
| 225|0x0000000410000000, 0x0000000410000000, 0x0000000410400000|  0%| F|  |TS  0|AC  0|TAMS 0x0000000410000000, 0x0000000410000000|
| 226|0x0000000410400000, 0x0000000410400000, 0x0000000410800000|  0%| F|  |TS  0|AC  0|TAMS 0x0000000410400000, 0x0000000410400000|
| 227|0x0000000410800000, 0x0000000410800000, 0x0000000410c00000|  0%| F|  |TS  0|AC  0|TAMS 0x0000000410800000, 0x0000000410800000|
| 228|0x0000000410c00000, 0x0000000410c00000, 0x0000000411000000|  0%| F|  |TS  0|AC  0|TAMS 0x0000000410c00000, 0x0000000410c00000|
| 229|0x0000000411000000, 0x0000000411000000, 0x0000000411400000|  0%| F|  |TS  0|AC  0|TAMS 0x0000000411000000, 0x0000000411000000|
| 230|0x0000000411400000, 0x0000000411400000, 0x0000000411800000|  0%| F|  |TS  0|AC  0|TAMS 0x0000000411400000, 0x0000000411400000|
| 231|0x0000000411800000, 0x0000000411800000, 0x0000000411c00000|  0%| F|  |TS  0|AC  0|TAMS 0x0000000411800000, 0x0000000411800000|
| 232|0x0000000411c00000, 0x0000000411c00000, 0x0000000412000000|  0%| F|  |TS  0|AC  0|TAMS 0x0000000411c00000, 0x0000000411c00000|
| 233|0x0000000412000000, 0x0000000412000000, 0x0000000412400000|  0%| F|  |TS  0|AC  0|TAMS 0x0000000412000000, 0x0000000412000000|
| 234|0x0000000412400000, 0x0000000412400000, 0x0000000412800000|  0%| F|  |TS  0|AC  0|TAMS 0x0000000412400000, 0x0000000412400000|
| 235|0x0000000412800000, 0x0000000412800000, 0x0000000412c00000|  0%| F|  |TS  0|AC  0|TAMS 0x0000000412800000, 0x0000000412800000|
| 236|0x0000000412c00000, 0x0000000412c00000, 0x0000000413000000|  0%| F|  |TS  0|AC  0|TAMS 0x0000000412c00000, 0x0000000412c00000|
| 237|0x0000000413000000, 0x0000000413000000, 0x0000000413400000|  0%| F|  |TS  0|AC  0|TAMS 0x0000000413000000, 0x0000000413000000|
| 238|0x0000000413400000, 0x0000000413400000, 0x0000000413800000|  0%| F|  |TS  0|AC  0|TAMS 0x0000000413400000, 0x0000000413400000|
| 239|0x0000000413800000, 0x0000000413800000, 0x0000000413c00000|  0%| F|  |TS  0|AC  0|TAMS 0x0000000413800000, 0x0000000413800000|
| 240|0x0000000413c00000, 0x0000000413c00000, 0x0000000414000000|  0%| F|  |TS  0|AC  0|TAMS 0x0000000413c00000, 0x0000000413c00000|
| 241|0x0000000414000000, 0x0000000414000000, 0x0000000414400000|  0%| F|  |TS  0|AC  0|TAMS 0x0000000414000000, 0x0000000414000000|
| 242|0x0000000414400000, 0x0000000414400000, 0x0000000414800000|  0%| F|  |TS  0|AC  0|TAMS 0x0000000414400000, 0x0000000414400000|
| 243|0x0000000414800000, 0x0000000414800000, 0x0000000414c00000|  0%| F|  |TS  0|AC  0|TAMS 0x0000000414800000, 0x0000000414800000|
| 244|0x0000000414c00000, 0x0000000414c00000, 0x0000000415000000|  0%| F|  |TS  0|AC  0|TAMS 0x0000000414c00000, 0x0000000414c00000|
| 245|0x0000000415000000, 0x0000000415000000, 0x0000000415400000|  0%| F|  |TS  0|AC  0|TAMS 0x0000000415000000, 0x0000000415000000|
| 246|0x0000000415400000, 0x0000000415400000, 0x0000000415800000|  0%| F|  |TS  0|AC  0|TAMS 0x0000000415400000, 0x0000000415400000|
| 247|0x0000000415800000, 0x0000000415800000, 0x0000000415c00000|  0%| F|  |TS  0|AC  0|TAMS 0x0000000415800000, 0x0000000415800000|
| 248|0x0000000415c00000, 0x0000000415ee1cf0, 0x0000000416000000| 72%| E|  |TS  0|AC  0|TAMS 0x0000000415c00000, 0x0000000415c00000|
| 249|0x0000000416000000, 0x0000000416400000, 0x0000000416400000|100%| E|CS|TS  0|AC  0|TAMS 0x0000000416000000, 0x0000000416000000|
| 250|0x0000000416400000, 0x0000000416800000, 0x0000000416800000|100%| E|CS|TS  0|AC  0|TAMS 0x0000000416400000, 0x0000000416400000|

Card table byte_map: [0x00007f688623a000,0x00007f688817c000] byte_map_base: 0x00007f688437c000

Marking Bits (Prev, Next): (CMBitMap*) 0x00007f695009e820, (CMBitMap*) 0x00007f695009e858
 Prev Bits: [0x00007f68748e8000, 0x00007f68842f8000)
 Next Bits: [0x00007f6864ed8000, 0x00007f68748e8000)

Polling page: 0x00007f695687e000

CodeHeap 'non-profiled nmethods': size=119172Kb used=148Kb max_used=148Kb free=119023Kb
 bounds [0x00007f693d6e2000, 0x00007f693d952000, 0x00007f6944b43000]
CodeHeap 'profiled nmethods': size=119172Kb used=334Kb max_used=334Kb free=118837Kb
 bounds [0x00007f6936281000, 0x00007f69364f1000, 0x00007f693d6e2000]
CodeHeap 'non-nmethods': size=7416Kb used=2826Kb max_used=2879Kb free=4589Kb
 bounds [0x00007f6935b43000, 0x00007f6935e23000, 0x00007f6936281000]
 total_blobs=639 nmethods=254 adapters=168
 compilation: enabled

Compilation events (10 events):
Event: 0.302 Thread 0x00007f69502af000 nmethod 246 0x00007f693d6f8d90 code [0x00007f693d6f9000, 0x00007f693d6fa128]
Event: 0.302 Thread 0x00007f69502af000  244       4       sun.nio.cs.StreamEncoder::implWrite (137 bytes)
Event: 0.305 Thread 0x00007f69502af000 nmethod 244 0x00007f693d6faa10 code [0x00007f693d6fabe0, 0x00007f693d6fae88]
Event: 0.307 Thread 0x00007f69502b6000 nmethod 245 0x00007f693d6fb290 code [0x00007f693d6fb500, 0x00007f693d6fc968]
Event: 0.311 Thread 0x00007f69502b8000 nmethod 243 0x00007f693d6fd390 code [0x00007f693d6fd5a0, 0x00007f693d6fe0c8]
Event: 0.311 Thread 0x00007f69502b1000 nmethod 233 0x00007f693d6fe990 code [0x00007f693d6feb20, 0x00007f693d6fec18]
Event: 0.322 Thread 0x00007f69502b2800 nmethod 254 0x00007f693d6fed10 code [0x00007f693d6fef80, 0x00007f693d7004e8]
Event: 0.335 Thread 0x00007f69502b4800 nmethod 253 0x00007f693d700f90 code [0x00007f693d7011c0, 0x00007f693d702198]
Event: 0.348 Thread 0x00007f69502b9800 nmethod 252 0x00007f693d702a90 code [0x00007f693d702e20, 0x00007f693d7058e0]
Event: 0.531 Thread 0x00007f69502bf000  255 %     3       org.eclipse.core.runtime.adaptor.EclipseStarter::main @ 74 (567 bytes)

GC Heap History (0 events):
No events

Deoptimization events (0 events):
No events

Classes redefined (0 events):
No events

Internal exceptions (0 events):
No events

Events (10 events):
Event: 0.281 Thread 0x00007f6950011800 DEOPT PACKING pc=0x00007f69362b47a4 sp=0x00007f6954f29250
Event: 0.281 Thread 0x00007f6950011800 DEOPT UNPACKING pc=0x00007f6935b90aab sp=0x00007f6954f28838 mode 0
Event: 0.282 Thread 0x00007f6950011800 DEOPT PACKING pc=0x00007f69362b47a4 sp=0x00007f6954f29250
Event: 0.282 Thread 0x00007f6950011800 DEOPT UNPACKING pc=0x00007f6935b90aab sp=0x00007f6954f28838 mode 0
Event: 0.282 Thread 0x00007f6950011800 DEOPT PACKING pc=0x00007f69362b47a4 sp=0x00007f6954f29250
Event: 0.282 Thread 0x00007f6950011800 DEOPT UNPACKING pc=0x00007f6935b90aab sp=0x00007f6954f28838 mode 0
Event: 0.282 Thread 0x00007f6950011800 DEOPT PACKING pc=0x00007f69362b47a4 sp=0x00007f6954f29250
Event: 0.282 Thread 0x00007f6950011800 DEOPT UNPACKING pc=0x00007f6935b90aab sp=0x00007f6954f28838 mode 0
Event: 0.282 Thread 0x00007f6950011800 DEOPT PACKING pc=0x00007f69362b47a4 sp=0x00007f6954f29250
Event: 0.282 Thread 0x00007f6950011800 DEOPT UNPACKING pc=0x00007f6935b90aab sp=0x00007f6954f28838 mode 0


Dynamic libraries:
00400000-00401000 r-xp 00000000 00:65 77077150                           /root/oracle/jdk-9.0.4/bin/java
00600000-00601000 rw-p 00000000 00:65 77077150                           /root/oracle/jdk-9.0.4/bin/java
00bfe000-00c1f000 rw-p 00000000 00:00 0                                  [heap]
3d7c00000-416800000 rw-p 00000000 00:00 0 
416800000-7c0000000 ---p 00000000 00:00 0 
7c0000000-7c0080000 rw-p 00000000 00:00 0 
7c0080000-800000000 ---p 00000000 00:00 0 
7f67f4000000-7f67f4021000 rw-p 00000000 00:00 0 
7f67f4021000-7f67f8000000 ---p 00000000 00:00 0 
7f67fc000000-7f67fc021000 rw-p 00000000 00:00 0 
7f67fc021000-7f6800000000 ---p 00000000 00:00 0 
7f6800000000-7f6800021000 rw-p 00000000 00:00 0 
7f6800021000-7f6804000000 ---p 00000000 00:00 0 
7f6804000000-7f6804055000 rw-p 00000000 00:00 0 
7f6804055000-7f6808000000 ---p 00000000 00:00 0 
7f6808000000-7f6808021000 rw-p 00000000 00:00 0 
7f6808021000-7f680c000000 ---p 00000000 00:00 0 
7f680c000000-7f680c05a000 rw-p 00000000 00:00 0 
7f680c05a000-7f6810000000 ---p 00000000 00:00 0 
7f6810000000-7f6810047000 rw-p 00000000 00:00 0 
7f6810047000-7f6814000000 ---p 00000000 00:00 0 
7f6814000000-7f6814223000 rw-p 00000000 00:00 0 
7f6814223000-7f6818000000 ---p 00000000 00:00 0 
7f6818000000-7f6818021000 rw-p 00000000 00:00 0 
7f6818021000-7f681c000000 ---p 00000000 00:00 0 
7f681c000000-7f681c189000 rw-p 00000000 00:00 0 
7f681c189000-7f6820000000 ---p 00000000 00:00 0 
7f6820000000-7f682013f000 rw-p 00000000 00:00 0 
7f682013f000-7f6824000000 ---p 00000000 00:00 0 
7f6824000000-7f6824196000 rw-p 00000000 00:00 0 
7f6824196000-7f6828000000 ---p 00000000 00:00 0 
7f6828000000-7f682809e000 rw-p 00000000 00:00 0 
7f682809e000-7f682c000000 ---p 00000000 00:00 0 
7f682c000000-7f682c1db000 rw-p 00000000 00:00 0 
7f682c1db000-7f6830000000 ---p 00000000 00:00 0 
7f6830000000-7f6830021000 rw-p 00000000 00:00 0 
7f6830021000-7f6834000000 ---p 00000000 00:00 0 
7f6834000000-7f6834021000 rw-p 00000000 00:00 0 
7f6834021000-7f6838000000 ---p 00000000 00:00 0 
7f6838000000-7f6838188000 rw-p 00000000 00:00 0 
7f6838188000-7f683c000000 ---p 00000000 00:00 0 
7f683c000000-7f683c021000 rw-p 00000000 00:00 0 
7f683c021000-7f6840000000 ---p 00000000 00:00 0 
7f6840000000-7f6840021000 rw-p 00000000 00:00 0 
7f6840021000-7f6844000000 ---p 00000000 00:00 0 
7f6844000000-7f6844021000 rw-p 00000000 00:00 0 
7f6844021000-7f6848000000 ---p 00000000 00:00 0 
7f6848000000-7f6848021000 rw-p 00000000 00:00 0 
7f6848021000-7f684c000000 ---p 00000000 00:00 0 
7f684c99a000-7f684ccc8000 rw-p 00000000 00:00 0 
7f684ccc8000-7f684ccc9000 ---p 00000000 00:00 0 
7f684ccc9000-7f684cdca000 rw-p 00000000 00:00 0 
7f684cdca000-7f684cdce000 ---p 00000000 00:00 0 
7f684cdce000-7f684cecb000 rw-p 00000000 00:00 0 
7f684cecb000-7f684cecf000 ---p 00000000 00:00 0 
7f684cecf000-7f684cfcc000 rw-p 00000000 00:00 0 
7f684cfcc000-7f684cfe2000 r-xp 00000000 00:65 77077477                   /root/oracle/jdk-9.0.4/lib/libnet.so
7f684cfe2000-7f684d1e2000 ---p 00016000 00:65 77077477                   /root/oracle/jdk-9.0.4/lib/libnet.so
7f684d1e2000-7f684d1e3000 rw-p 00016000 00:65 77077477                   /root/oracle/jdk-9.0.4/lib/libnet.so
7f684d1e3000-7f684d1f3000 r-xp 00000000 00:65 77077594                   /root/oracle/jdk-9.0.4/lib/libnio.so
7f684d1f3000-7f684d3f3000 ---p 00010000 00:65 77077594                   /root/oracle/jdk-9.0.4/lib/libnio.so
7f684d3f3000-7f684d3f4000 rw-p 00010000 00:65 77077594                   /root/oracle/jdk-9.0.4/lib/libnio.so
7f684d3f4000-7f684d3f8000 ---p 00000000 00:00 0 
7f684d3f8000-7f684d4f5000 rw-p 00000000 00:00 0 
7f684d4f5000-7f684d4f9000 ---p 00000000 00:00 0 
7f684d4f9000-7f684d5f6000 rw-p 00000000 00:00 0 
7f684d5f6000-7f684d5fa000 ---p 00000000 00:00 0 
7f684d5fa000-7f684d6f7000 rw-p 00000000 00:00 0 
7f684d6f7000-7f684d6fb000 ---p 00000000 00:00 0 
7f684d6fb000-7f684d7f8000 rw-p 00000000 00:00 0 
7f684d7f8000-7f684d7fc000 ---p 00000000 00:00 0 
7f684d7fc000-7f684d8f9000 rw-p 00000000 00:00 0 
7f684d8f9000-7f684d8fd000 ---p 00000000 00:00 0 
7f684d8fd000-7f684d9fa000 rw-p 00000000 00:00 0 
7f684d9fa000-7f684d9fe000 ---p 00000000 00:00 0 
7f684d9fe000-7f684dafb000 rw-p 00000000 00:00 0 
7f684dafb000-7f684daff000 ---p 00000000 00:00 0 
7f684daff000-7f684dbfc000 rw-p 00000000 00:00 0 
7f684dbfc000-7f684dc00000 ---p 00000000 00:00 0 
7f684dc00000-7f684dcfd000 rw-p 00000000 00:00 0 
7f684dcfd000-7f684dd01000 ---p 00000000 00:00 0 
7f684dd01000-7f684ddfe000 rw-p 00000000 00:00 0 
7f684ddfe000-7f684de02000 ---p 00000000 00:00 0 
7f684de02000-7f684deff000 rw-p 00000000 00:00 0 
7f684deff000-7f684df03000 ---p 00000000 00:00 0 
7f684df03000-7f684e000000 rw-p 00000000 00:00 0 
7f684e000000-7f6850000000 rwxp 00000000 00:00 0 
7f6850000000-7f6850021000 rw-p 00000000 00:00 0 
7f6850021000-7f6854000000 ---p 00000000 00:00 0 
7f6854000000-7f6854021000 rw-p 00000000 00:00 0 
7f6854021000-7f6858000000 ---p 00000000 00:00 0 
7f6858000000-7f6858021000 rw-p 00000000 00:00 0 
7f6858021000-7f685c000000 ---p 00000000 00:00 0 
7f685c000000-7f685c021000 rw-p 00000000 00:00 0 
7f685c021000-7f6860000000 ---p 00000000 00:00 0 
7f6860000000-7f6860021000 rw-p 00000000 00:00 0 
7f6860021000-7f6864000000 ---p 00000000 00:00 0 
7f686405b000-7f686405f000 ---p 00000000 00:00 0 
7f686405f000-7f686415c000 rw-p 00000000 00:00 0 
7f686415c000-7f6864160000 ---p 00000000 00:00 0 
7f6864160000-7f686425d000 rw-p 00000000 00:00 0 
7f686425d000-7f6864261000 ---p 00000000 00:00 0 
7f6864261000-7f686435e000 rw-p 00000000 00:00 0 
7f686435e000-7f6864362000 ---p 00000000 00:00 0 
7f6864362000-7f686445f000 rw-p 00000000 00:00 0 
7f686445f000-7f6864460000 ---p 00000000 00:00 0 
7f6864460000-7f6864a17000 rw-p 00000000 00:00 0 
7f6864a17000-7f6864dd7000 ---p 00000000 00:00 0 
7f6864dd7000-7f6865e88000 rw-p 00000000 00:00 0 
7f6865e88000-7f68748e8000 ---p 00000000 00:00 0 
7f68748e8000-7f6875898000 rw-p 00000000 00:00 0 
7f6875898000-7f68842f8000 ---p 00000000 00:00 0 
7f68842f8000-7f68844ee000 rw-p 00000000 00:00 0 
7f68844ee000-7f688623a000 ---p 00000000 00:00 0 
7f688623a000-7f6886430000 rw-p 00000000 00:00 0 
7f6886430000-7f688a0be000 ---p 00000000 00:00 0 
7f688a0be000-7f688a2b4000 rw-p 00000000 00:00 0 
7f688a2b4000-7f688c000000 ---p 00000000 00:00 0 
7f688c000000-7f688c021000 rw-p 00000000 00:00 0 
7f688c021000-7f6890000000 ---p 00000000 00:00 0 
7f6890000000-7f6890021000 rw-p 00000000 00:00 0 
7f6890021000-7f6894000000 ---p 00000000 00:00 0 
7f6894000000-7f6894021000 rw-p 00000000 00:00 0 
7f6894021000-7f6898000000 ---p 00000000 00:00 0 
7f6898000000-7f6898021000 rw-p 00000000 00:00 0 
7f6898021000-7f689c000000 ---p 00000000 00:00 0 
7f689c000000-7f689c021000 rw-p 00000000 00:00 0 
7f689c021000-7f68a0000000 ---p 00000000 00:00 0 
7f68a0000000-7f68a0021000 rw-p 00000000 00:00 0 
7f68a0021000-7f68a4000000 ---p 00000000 00:00 0 
7f68a4000000-7f68a4021000 rw-p 00000000 00:00 0 
7f68a4021000-7f68a8000000 ---p 00000000 00:00 0 
7f68a8000000-7f68a8021000 rw-p 00000000 00:00 0 
7f68a8021000-7f68ac000000 ---p 00000000 00:00 0 
7f68ac000000-7f68ac021000 rw-p 00000000 00:00 0 
7f68ac021000-7f68b0000000 ---p 00000000 00:00 0 
7f68b0000000-7f68b0021000 rw-p 00000000 00:00 0 
7f68b0021000-7f68b4000000 ---p 00000000 00:00 0 
7f68b4000000-7f68b4021000 rw-p 00000000 00:00 0 
7f68b4021000-7f68b8000000 ---p 00000000 00:00 0 
7f68b8000000-7f68b8021000 rw-p 00000000 00:00 0 
7f68b8021000-7f68bc000000 ---p 00000000 00:00 0 
7f68bc000000-7f68bc021000 rw-p 00000000 00:00 0 
7f68bc021000-7f68c0000000 ---p 00000000 00:00 0 
7f68c0000000-7f68c0021000 rw-p 00000000 00:00 0 
7f68c0021000-7f68c4000000 ---p 00000000 00:00 0 
7f68c4000000-7f68c4021000 rw-p 00000000 00:00 0 
7f68c4021000-7f68c8000000 ---p 00000000 00:00 0 
7f68c8000000-7f68c8021000 rw-p 00000000 00:00 0 
7f68c8021000-7f68cc000000 ---p 00000000 00:00 0 
7f68cc000000-7f68cc021000 rw-p 00000000 00:00 0 
7f68cc021000-7f68d0000000 ---p 00000000 00:00 0 
7f68d0000000-7f68d0021000 rw-p 00000000 00:00 0 
7f68d0021000-7f68d4000000 ---p 00000000 00:00 0 
7f68d4000000-7f68d4021000 rw-p 00000000 00:00 0 
7f68d4021000-7f68d8000000 ---p 00000000 00:00 0 
7f68d8000000-7f68d8021000 rw-p 00000000 00:00 0 
7f68d8021000-7f68dc000000 ---p 00000000 00:00 0 
7f68dc000000-7f68dc021000 rw-p 00000000 00:00 0 
7f68dc021000-7f68e0000000 ---p 00000000 00:00 0 
7f68e0000000-7f68e0021000 rw-p 00000000 00:00 0 
7f68e0021000-7f68e4000000 ---p 00000000 00:00 0 
7f68e400c000-7f68e53d3000 rw-p 00000000 00:00 0 
7f68e53d3000-7f68e53d4000 ---p 00000000 00:00 0 
7f68e53d4000-7f68e54d5000 rw-p 00000000 00:00 0 
7f68e54d5000-7f68e54d6000 ---p 00000000 00:00 0 
7f68e54d6000-7f68e55d7000 rw-p 00000000 00:00 0 
7f68e55d7000-7f68e55d8000 ---p 00000000 00:00 0 
7f68e55d8000-7f68e56d9000 rw-p 00000000 00:00 0 
7f68e56d9000-7f68e56da000 ---p 00000000 00:00 0 
7f68e56da000-7f68e57db000 rw-p 00000000 00:00 0 
7f68e57db000-7f68e57dc000 ---p 00000000 00:00 0 
7f68e57dc000-7f68e58dd000 rw-p 00000000 00:00 0 
7f68e58dd000-7f68e58de000 ---p 00000000 00:00 0 
7f68e58de000-7f68e5eca000 rw-p 00000000 00:00 0 
7f68e5eca000-7f68e5ecb000 ---p 00000000 00:00 0 
7f68e5ecb000-7f68e5fcc000 rw-p 00000000 00:00 0 
7f68e5fcc000-7f68e5fcd000 ---p 00000000 00:00 0 
7f68e5fcd000-7f68e60ce000 rw-p 00000000 00:00 0 
7f68e60ce000-7f68e60cf000 ---p 00000000 00:00 0 
7f68e60cf000-7f68e61d0000 rw-p 00000000 00:00 0 
7f68e61d0000-7f68e61d1000 ---p 00000000 00:00 0 
7f68e61d1000-7f68e62d2000 rw-p 00000000 00:00 0 
7f68e62d2000-7f68e62d3000 ---p 00000000 00:00 0 
7f68e62d3000-7f68e63d4000 rw-p 00000000 00:00 0 
7f68e63d4000-7f68e63d5000 ---p 00000000 00:00 0 
7f68e63d5000-7f68e64d6000 rw-p 00000000 00:00 0 
7f68e64d6000-7f68e64d7000 ---p 00000000 00:00 0 
7f68e64d7000-7f68e65d8000 rw-p 00000000 00:00 0 
7f68e65d8000-7f68e65d9000 ---p 00000000 00:00 0 
7f68e65d9000-7f68e66da000 rw-p 00000000 00:00 0 
7f68e66da000-7f68e66db000 ---p 00000000 00:00 0 
7f68e66db000-7f68e67dc000 rw-p 00000000 00:00 0 
7f68e67dc000-7f68e67dd000 ---p 00000000 00:00 0 
7f68e67dd000-7f68e68de000 rw-p 00000000 00:00 0 
7f68e68de000-7f68e68df000 ---p 00000000 00:00 0 
7f68e68df000-7f68e69e0000 rw-p 00000000 00:00 0 
7f68e69e0000-7f68e69e1000 ---p 00000000 00:00 0 
7f68e69e1000-7f68e6ae2000 rw-p 00000000 00:00 0 
7f68e6ae2000-7f68e6ae3000 ---p 00000000 00:00 0 
7f68e6ae3000-7f68e6be4000 rw-p 00000000 00:00 0 
7f68e6be4000-7f68e6be5000 ---p 00000000 00:00 0 
7f68e6be5000-7f68e6ce6000 rw-p 00000000 00:00 0 
7f68e6ce6000-7f68e6ce7000 ---p 00000000 00:00 0 
7f68e6ce7000-7f68e6de8000 rw-p 00000000 00:00 0 
7f68e6de8000-7f68e6de9000 ---p 00000000 00:00 0 
7f68e6de9000-7f68e6eea000 rw-p 00000000 00:00 0 
7f68e6eea000-7f68e6eeb000 ---p 00000000 00:00 0 
7f68e6eeb000-7f68e6fec000 rw-p 00000000 00:00 0 
7f68e6fec000-7f68e6fed000 ---p 00000000 00:00 0 
7f68e6fed000-7f68e70ee000 rw-p 00000000 00:00 0 
7f68e70ee000-7f68e70ef000 ---p 00000000 00:00 0 
7f68e70ef000-7f68e71f0000 rw-p 00000000 00:00 0 
7f68e71f0000-7f68e71f1000 ---p 00000000 00:00 0 
7f68e71f1000-7f68e72f2000 rw-p 00000000 00:00 0 
7f68e72f2000-7f68e72f3000 ---p 00000000 00:00 0 
7f68e72f3000-7f68e8000000 rw-p 00000000 00:00 0 
7f68e8000000-7f68e8021000 rw-p 00000000 00:00 0 
7f68e8021000-7f68ec000000 ---p 00000000 00:00 0 
7f68ec000000-7f68ec021000 rw-p 00000000 00:00 0 
7f68ec021000-7f68f0000000 ---p 00000000 00:00 0 
7f68f0000000-7f68f0021000 rw-p 00000000 00:00 0 
7f68f0021000-7f68f4000000 ---p 00000000 00:00 0 
7f68f4000000-7f68f4021000 rw-p 00000000 00:00 0 
7f68f4021000-7f68f8000000 ---p 00000000 00:00 0 
7f68f8000000-7f68f8021000 rw-p 00000000 00:00 0 
7f68f8021000-7f68fc000000 ---p 00000000 00:00 0 
7f68fc000000-7f68fc021000 rw-p 00000000 00:00 0 
7f68fc021000-7f6900000000 ---p 00000000 00:00 0 
7f6900000000-7f6900021000 rw-p 00000000 00:00 0 
7f6900021000-7f6904000000 ---p 00000000 00:00 0 
7f6904000000-7f6904021000 rw-p 00000000 00:00 0 
7f6904021000-7f6908000000 ---p 00000000 00:00 0 
7f6908000000-7f6908021000 rw-p 00000000 00:00 0 
7f6908021000-7f690c000000 ---p 00000000 00:00 0 
7f690c000000-7f690c021000 rw-p 00000000 00:00 0 
7f690c021000-7f6910000000 ---p 00000000 00:00 0 
7f6910000000-7f6910021000 rw-p 00000000 00:00 0 
7f6910021000-7f6914000000 ---p 00000000 00:00 0 
7f6914000000-7f6914021000 rw-p 00000000 00:00 0 
7f6914021000-7f6918000000 ---p 00000000 00:00 0 
7f6918000000-7f6918021000 rw-p 00000000 00:00 0 
7f6918021000-7f691c000000 ---p 00000000 00:00 0 
7f691c000000-7f691c021000 rw-p 00000000 00:00 0 
7f691c021000-7f6920000000 ---p 00000000 00:00 0 
7f6920000000-7f6920021000 rw-p 00000000 00:00 0 
7f6920021000-7f6924000000 ---p 00000000 00:00 0 
7f6924000000-7f6924021000 rw-p 00000000 00:00 0 
7f6924021000-7f6928000000 ---p 00000000 00:00 0 
7f6928000000-7f6928021000 rw-p 00000000 00:00 0 
7f6928021000-7f692c000000 ---p 00000000 00:00 0 
7f692c000000-7f692c021000 rw-p 00000000 00:00 0 
7f692c021000-7f6930000000 ---p 00000000 00:00 0 
7f6930000000-7f6930021000 rw-p 00000000 00:00 0 
7f6930021000-7f6934000000 ---p 00000000 00:00 0 
7f6934015000-7f693481d000 rw-p 00000000 00:00 0 
7f693481d000-7f693481e000 ---p 00000000 00:00 0 
7f693481e000-7f693491f000 rw-p 00000000 00:00 0 
7f693491f000-7f6934920000 ---p 00000000 00:00 0 
7f6934920000-7f6934a21000 rw-p 00000000 00:00 0 
7f6934a21000-7f6934a22000 ---p 00000000 00:00 0 
7f6934a22000-7f6934b23000 rw-p 00000000 00:00 0 
7f6934b23000-7f6934b24000 ---p 00000000 00:00 0 
7f6934b24000-7f6934c25000 rw-p 00000000 00:00 0 
7f6934c25000-7f6934c26000 ---p 00000000 00:00 0 
7f6934c26000-7f6934d27000 rw-p 00000000 00:00 0 
7f6934d27000-7f6934d28000 ---p 00000000 00:00 0 
7f6934d28000-7f6934e29000 rw-p 00000000 00:00 0 
7f6934e29000-7f6934e2a000 ---p 00000000 00:00 0 
7f6934e2a000-7f6934f2b000 rw-p 00000000 00:00 0 
7f6934f2b000-7f6934f2c000 ---p 00000000 00:00 0 
7f6934f2c000-7f693502d000 rw-p 00000000 00:00 0 
7f693502d000-7f693502e000 ---p 00000000 00:00 0 
7f693502e000-7f693512f000 rw-p 00000000 00:00 0 
7f693512f000-7f6935130000 ---p 00000000 00:00 0 
7f6935130000-7f6935231000 rw-p 00000000 00:00 0 
7f6935231000-7f6935232000 ---p 00000000 00:00 0 
7f6935232000-7f6935333000 rw-p 00000000 00:00 0 
7f6935333000-7f6935334000 ---p 00000000 00:00 0 
7f6935334000-7f6935435000 rw-p 00000000 00:00 0 
7f6935435000-7f6935436000 ---p 00000000 00:00 0 
7f6935436000-7f6935537000 rw-p 00000000 00:00 0 
7f6935537000-7f6935538000 ---p 00000000 00:00 0 
7f6935538000-7f6935639000 rw-p 00000000 00:00 0 
7f6935639000-7f693563a000 ---p 00000000 00:00 0 
7f693563a000-7f693573b000 rw-p 00000000 00:00 0 
7f693573b000-7f693573c000 ---p 00000000 00:00 0 
7f693573c000-7f693583d000 rw-p 00000000 00:00 0 
7f693583d000-7f693583e000 ---p 00000000 00:00 0 
7f693583e000-7f693593f000 rw-p 00000000 00:00 0 
7f693593f000-7f6935940000 ---p 00000000 00:00 0 
7f6935940000-7f6935a41000 rw-p 00000000 00:00 0 
7f6935a41000-7f6935a42000 ---p 00000000 00:00 0 
7f6935a42000-7f6935b43000 rw-p 00000000 00:00 0 
7f6935b43000-7f6935e23000 rwxp 00000000 00:00 0 
7f6935e23000-7f6936281000 ---p 00000000 00:00 0 
7f6936281000-7f69364f1000 rwxp 00000000 00:00 0 
7f69364f1000-7f693d6e2000 ---p 00000000 00:00 0 
7f693d6e2000-7f693d952000 rwxp 00000000 00:00 0 
7f693d952000-7f6944b43000 ---p 00000000 00:00 0 
7f6944b43000-7f6950000000 r--s 00000000 00:65 77077560                   /root/oracle/jdk-9.0.4/lib/modules
7f6950000000-7f695042f000 rw-p 00000000 00:00 0 
7f695042f000-7f6954000000 ---p 00000000 00:00 0 
7f6954006000-7f6954084000 rw-p 00000000 00:00 0 
7f6954084000-7f6954085000 ---p 00000000 00:00 0 
7f6954085000-7f695418b000 rw-p 00000000 00:00 0 
7f695418b000-7f695426f000 ---p 00000000 00:00 0 
7f695426f000-7f6954274000 rw-p 00000000 00:00 0 
7f6954274000-7f6954358000 ---p 00000000 00:00 0 
7f6954358000-7f695435e000 rw-p 00000000 00:00 0 
7f695435e000-7f6954367000 ---p 00000000 00:00 0 
7f6954367000-7f69543b7000 rw-p 00000000 00:00 0 
7f69543b7000-7f6954594000 r--s 03e31000 00:65 101727669                  /usr/local/java/jdk1.8.0_301/jre/lib/rt.jar
7f6954594000-7f69545ae000 r-xp 00000000 00:65 77077435                   /root/oracle/jdk-9.0.4/lib/libjimage.so
7f69545ae000-7f69547ad000 ---p 0001a000 00:65 77077435                   /root/oracle/jdk-9.0.4/lib/libjimage.so
7f69547ad000-7f69547af000 rw-p 00019000 00:65 77077435                   /root/oracle/jdk-9.0.4/lib/libjimage.so
7f69547af000-7f69547c1000 rw-p 00000000 00:00 0 
7f69547c1000-7f69547c8000 r-xp 00000000 00:65 77083131                   /root/oracle/jdk-9.0.4/lib/libzip.so
7f69547c8000-7f69549c7000 ---p 00007000 00:65 77083131                   /root/oracle/jdk-9.0.4/lib/libzip.so
7f69549c7000-7f69549c8000 rw-p 00006000 00:65 77083131                   /root/oracle/jdk-9.0.4/lib/libzip.so
7f69549c8000-7f69549cb000 r--p 00000000 00:65 165034530                  /usr/lib/x86_64-linux-gnu/libnss_files-2.31.so
7f69549cb000-7f69549d2000 r-xp 00003000 00:65 165034530                  /usr/lib/x86_64-linux-gnu/libnss_files-2.31.so
7f69549d2000-7f69549d4000 r--p 0000a000 00:65 165034530                  /usr/lib/x86_64-linux-gnu/libnss_files-2.31.so
7f69549d4000-7f69549d5000 r--p 0000b000 00:65 165034530                  /usr/lib/x86_64-linux-gnu/libnss_files-2.31.so
7f69549d5000-7f69549d6000 rw-p 0000c000 00:65 165034530                  /usr/lib/x86_64-linux-gnu/libnss_files-2.31.so
7f69549d6000-7f69549dc000 rw-p 00000000 00:00 0 
7f69549e4000-7f69549e5000 rw-p 00000000 00:00 0 
7f69549e5000-7f6954a10000 r-xp 00000000 00:65 77077470                   /root/oracle/jdk-9.0.4/lib/libjava.so
7f6954a10000-7f6954c0f000 ---p 0002b000 00:65 77077470                   /root/oracle/jdk-9.0.4/lib/libjava.so
7f6954c0f000-7f6954c11000 rw-p 0002a000 00:65 77077470                   /root/oracle/jdk-9.0.4/lib/libjava.so
7f6954c11000-7f6954c1e000 r-xp 00000000 00:65 77077494                   /root/oracle/jdk-9.0.4/lib/libverify.so
7f6954c1e000-7f6954e1d000 ---p 0000d000 00:65 77077494                   /root/oracle/jdk-9.0.4/lib/libverify.so
7f6954e1d000-7f6954e1f000 rw-p 0000c000 00:65 77077494                   /root/oracle/jdk-9.0.4/lib/libverify.so
7f6954e1f000-7f6954e22000 r--p 00000000 00:65 165034636                  /usr/lib/x86_64-linux-gnu/librt-2.31.so
7f6954e22000-7f6954e26000 r-xp 00003000 00:65 165034636                  /usr/lib/x86_64-linux-gnu/librt-2.31.so
7f6954e26000-7f6954e27000 r--p 00007000 00:65 165034636                  /usr/lib/x86_64-linux-gnu/librt-2.31.so
7f6954e27000-7f6954e28000 ---p 00008000 00:65 165034636                  /usr/lib/x86_64-linux-gnu/librt-2.31.so
7f6954e28000-7f6954e29000 r--p 00008000 00:65 165034636                  /usr/lib/x86_64-linux-gnu/librt-2.31.so
7f6954e29000-7f6954e2a000 rw-p 00009000 00:65 165034636                  /usr/lib/x86_64-linux-gnu/librt-2.31.so
7f6954e2a000-7f6954e2b000 ---p 00000000 00:00 0 
7f6954e2b000-7f6954e2c000 rw-p 00000000 00:00 0 
7f6954e2c000-7f6954e30000 ---p 00000000 00:00 0 
7f6954e30000-7f6954f2b000 rw-p 00000000 00:00 0 
7f6954f2b000-7f6954f3a000 r--p 00000000 00:65 165034468                  /usr/lib/x86_64-linux-gnu/libm-2.31.so
7f6954f3a000-7f6954fe1000 r-xp 0000f000 00:65 165034468                  /usr/lib/x86_64-linux-gnu/libm-2.31.so
7f6954fe1000-7f6955078000 r--p 000b6000 00:65 165034468                  /usr/lib/x86_64-linux-gnu/libm-2.31.so
7f6955078000-7f6955079000 r--p 0014c000 00:65 165034468                  /usr/lib/x86_64-linux-gnu/libm-2.31.so
7f6955079000-7f695507a000 rw-p 0014d000 00:65 165034468                  /usr/lib/x86_64-linux-gnu/libm-2.31.so
7f695507a000-7f695608f000 r-xp 00000000 00:65 77083135                   /root/oracle/jdk-9.0.4/lib/server/libjvm.so
7f695608f000-7f695628e000 ---p 01015000 00:65 77083135                   /root/oracle/jdk-9.0.4/lib/server/libjvm.so
7f695628e000-7f695635f000 r--p 01014000 00:65 77083135                   /root/oracle/jdk-9.0.4/lib/server/libjvm.so
7f695635f000-7f6956396000 rw-p 010e5000 00:65 77083135                   /root/oracle/jdk-9.0.4/lib/server/libjvm.so
7f6956396000-7f6956401000 rw-p 00000000 00:00 0 
7f6956401000-7f6956426000 r--p 00000000 00:65 165034165                  /usr/lib/x86_64-linux-gnu/libc-2.31.so
7f6956426000-7f695659e000 r-xp 00025000 00:65 165034165                  /usr/lib/x86_64-linux-gnu/libc-2.31.so
7f695659e000-7f69565e8000 r--p 0019d000 00:65 165034165                  /usr/lib/x86_64-linux-gnu/libc-2.31.so
7f69565e8000-7f69565e9000 ---p 001e7000 00:65 165034165                  /usr/lib/x86_64-linux-gnu/libc-2.31.so
7f69565e9000-7f69565ec000 r--p 001e7000 00:65 165034165                  /usr/lib/x86_64-linux-gnu/libc-2.31.so
7f69565ec000-7f69565ef000 rw-p 001ea000 00:65 165034165                  /usr/lib/x86_64-linux-gnu/libc-2.31.so
7f69565ef000-7f69565f3000 rw-p 00000000 00:00 0 
7f69565f3000-7f69565f4000 r--p 00000000 00:65 165034236                  /usr/lib/x86_64-linux-gnu/libdl-2.31.so
7f69565f4000-7f69565f6000 r-xp 00001000 00:65 165034236                  /usr/lib/x86_64-linux-gnu/libdl-2.31.so
7f69565f6000-7f69565f7000 r--p 00003000 00:65 165034236                  /usr/lib/x86_64-linux-gnu/libdl-2.31.so
7f69565f7000-7f69565f8000 r--p 00003000 00:65 165034236                  /usr/lib/x86_64-linux-gnu/libdl-2.31.so
7f69565f8000-7f69565f9000 rw-p 00004000 00:65 165034236                  /usr/lib/x86_64-linux-gnu/libdl-2.31.so
7f69565f9000-7f6956607000 r-xp 00000000 00:65 77083142                   /root/oracle/jdk-9.0.4/lib/jli/libjli.so
7f6956607000-7f6956807000 ---p 0000e000 00:65 77083142                   /root/oracle/jdk-9.0.4/lib/jli/libjli.so
7f6956807000-7f6956808000 rw-p 0000e000 00:65 77083142                   /root/oracle/jdk-9.0.4/lib/jli/libjli.so
7f6956808000-7f695680f000 r--p 00000000 00:65 165034610                  /usr/lib/x86_64-linux-gnu/libpthread-2.31.so
7f695680f000-7f6956820000 r-xp 00007000 00:65 165034610                  /usr/lib/x86_64-linux-gnu/libpthread-2.31.so
7f6956820000-7f6956825000 r--p 00018000 00:65 165034610                  /usr/lib/x86_64-linux-gnu/libpthread-2.31.so
7f6956825000-7f6956826000 r--p 0001c000 00:65 165034610                  /usr/lib/x86_64-linux-gnu/libpthread-2.31.so
7f6956826000-7f6956827000 rw-p 0001d000 00:65 165034610                  /usr/lib/x86_64-linux-gnu/libpthread-2.31.so
7f6956827000-7f695682b000 rw-p 00000000 00:00 0 
7f695682b000-7f695682d000 r--p 00000000 00:65 165034796                  /usr/lib/x86_64-linux-gnu/libz.so.1.2.11
7f695682d000-7f695683e000 r-xp 00002000 00:65 165034796                  /usr/lib/x86_64-linux-gnu/libz.so.1.2.11
7f695683e000-7f6956844000 r--p 00013000 00:65 165034796                  /usr/lib/x86_64-linux-gnu/libz.so.1.2.11
7f6956844000-7f6956845000 ---p 00019000 00:65 165034796                  /usr/lib/x86_64-linux-gnu/libz.so.1.2.11
7f6956845000-7f6956846000 r--p 00019000 00:65 165034796                  /usr/lib/x86_64-linux-gnu/libz.so.1.2.11
7f6956846000-7f6956847000 rw-p 0001a000 00:65 165034796                  /usr/lib/x86_64-linux-gnu/libz.so.1.2.11
7f6956847000-7f695684f000 rw-s 00000000 00:65 71965686                   /tmp/hsperfdata_root/17409
7f695684f000-7f6956852000 rw-p 00000000 00:00 0 
7f6956852000-7f6956853000 r--p 00000000 00:65 165033992                  /usr/lib/x86_64-linux-gnu/ld-2.31.so
7f6956853000-7f6956876000 r-xp 00001000 00:65 165033992                  /usr/lib/x86_64-linux-gnu/ld-2.31.so
7f6956876000-7f695687e000 r--p 00024000 00:65 165033992                  /usr/lib/x86_64-linux-gnu/ld-2.31.so
7f695687e000-7f695687f000 r--p 00000000 00:00 0 
7f695687f000-7f6956880000 r--p 0002c000 00:65 165033992                  /usr/lib/x86_64-linux-gnu/ld-2.31.so
7f6956880000-7f6956881000 rw-p 0002d000 00:65 165033992                  /usr/lib/x86_64-linux-gnu/ld-2.31.so
7f6956881000-7f6956882000 rw-p 00000000 00:00 0 
7ffc17430000-7ffc17451000 rw-p 00000000 00:00 0                          [stack]
7ffc17513000-7ffc17516000 r--p 00000000 00:00 0                          [vvar]
7ffc17516000-7ffc17517000 r-xp 00000000 00:00 0                          [vdso]
ffffffffff600000-ffffffffff601000 --xp 00000000 00:00 0                  [vsyscall]

VM Arguments:
jvm_args: -Xbootclasspath/a:/usr/local/java/jdk1.8.0_301/jre/lib/rt.jar -Xverify:none 
java_command: org.eclipse.core.runtime.adaptor.EclipseStarter -debug
java_class_path (initial): ./sootOutput/eclipse/
Launcher Type: SUN_STANDARD

Logging:
Log output configuration:
#0: stdout all=warning uptime,level,tags
#1: stderr all=off uptime,level,tags

Environment Variables:
JAVA_HOME=/root/oracle/jdk-9.0.4
JRE_HOME=/root/oracle/jdk-9.0.4
CLASSPATH=.:/root/oracle/jdk-9.0.4/lib:/JVMfuzzing/htm/CFSynthesis/resource/commons-lang3-3.12.0/commons-lang3-3.12.0.jar
PATH=/root/oracle/jdk-9.0.4/bin:/root/.vscode-server/bin/da76f93349a72022ca4670c1b84860304616aaa2/bin/remote-cli:/root/oracle/jdk-9.0.4/bin:/usr/local/sbin:/usr/local/bin:/usr/sbin:/usr/bin:/sbin:/bin:/usr/games:/usr/local/games:/snap/bin
SHELL=/bin/bash

Signal Handlers:
SIGSEGV: [libjvm.so+0xd4d370], sa_mask[0]=11111111011111111101111111111110, sa_flags=SA_RESTART|SA_SIGINFO
SIGBUS: [libjvm.so+0xd4d370], sa_mask[0]=11111111011111111101111111111110, sa_flags=SA_RESTART|SA_SIGINFO
SIGFPE: [libjvm.so+0xd4d370], sa_mask[0]=11111111011111111101111111111110, sa_flags=SA_RESTART|SA_SIGINFO
SIGPIPE: [libjvm.so+0xb64780], sa_mask[0]=11111111011111111101111111111110, sa_flags=SA_RESTART|SA_SIGINFO
SIGXFSZ: [libjvm.so+0xb64780], sa_mask[0]=11111111011111111101111111111110, sa_flags=SA_RESTART|SA_SIGINFO
SIGILL: [libjvm.so+0xd4d370], sa_mask[0]=11111111011111111101111111111110, sa_flags=SA_RESTART|SA_SIGINFO
SIGUSR2: [libjvm.so+0xb64640], sa_mask[0]=00100000000000000000000000000000, sa_flags=SA_RESTART|SA_SIGINFO
SIGHUP: [libjvm.so+0xb64850], sa_mask[0]=11111111011111111101111111111110, sa_flags=SA_RESTART|SA_SIGINFO
SIGINT: [libjvm.so+0xb64850], sa_mask[0]=11111111011111111101111111111110, sa_flags=SA_RESTART|SA_SIGINFO
SIGTERM: [libjvm.so+0xb64850], sa_mask[0]=11111111011111111101111111111110, sa_flags=SA_RESTART|SA_SIGINFO
SIGQUIT: [libjvm.so+0xb64850], sa_mask[0]=11111111011111111101111111111110, sa_flags=SA_RESTART|SA_SIGINFO


---------------  S Y S T E M  ---------------

OS:DISTRIB_ID=Ubuntu
DISTRIB_RELEASE=20.04
DISTRIB_CODENAME=focal
DISTRIB_DESCRIPTION="Ubuntu 20.04.3 LTS"
uname:Linux 5.4.0-124-generic #140~18.04.1-Ubuntu SMP Fri Aug 5 11:43:34 UTC 2022 x86_64
libc:glibc 2.31 NPTL 2.31 
rlimit: STACK 8192k, CORE infinity, NPROC infinity, NOFILE 1048576, AS infinity
load average:37.24 38.17 37.75

/proc/meminfo:
MemTotal:       65549624 kB
MemFree:        11008596 kB
MemAvailable:   37676556 kB
Buffers:         5871532 kB
Cached:          3302688 kB
SwapCached:         8096 kB
Active:         28266540 kB
Inactive:        6106708 kB
Active(anon):   21203048 kB
Inactive(anon):  4017120 kB
Active(file):    7063492 kB
Inactive(file):  2089588 kB
Unevictable:          16 kB
Mlocked:              16 kB
SwapTotal:       2097148 kB
SwapFree:             12 kB
Dirty:             27464 kB
Writeback:             0 kB
AnonPages:      25191900 kB
Mapped:           869348 kB
Shmem:             25624 kB
KReclaimable:   18246804 kB
Slab:           19417436 kB
SReclaimable:   18246804 kB
SUnreclaim:      1170632 kB
KernelStack:       78616 kB
PageTables:       232932 kB
NFS_Unstable:          0 kB
Bounce:                0 kB
WritebackTmp:          0 kB
CommitLimit:    34871960 kB
Committed_AS:   80096616 kB
VmallocTotal:   34359738367 kB
VmallocUsed:      161376 kB
VmallocChunk:          0 kB
Percpu:            32512 kB
HardwareCorrupted:     0 kB
AnonHugePages:         0 kB
ShmemHugePages:        0 kB
ShmemPmdMapped:        0 kB
FileHugePages:         0 kB
FilePmdMapped:         0 kB
CmaTotal:              0 kB
CmaFree:               0 kB
HugePages_Total:       0
HugePages_Free:        0
HugePages_Rsvd:        0
HugePages_Surp:        0
Hugepagesize:       2048 kB
Hugetlb:               0 kB
DirectMap4k:    15497632 kB
DirectMap2M:    51298304 kB
DirectMap1G:           0 kB


CPU:total 28 (initial active 28) (14 cores per cpu, 2 threads per core) family 6 model 85 stepping 4, cmov, cx8, fxsr, mmx, sse, sse2, sse3, ssse3, sse4.1, sse4.2, popcnt, avx, avx2, aes, clmul, erms, rtm, 3dnowpref, lzcnt, ht, tsc, tscinvbit, bmi1, bmi2, adx, fma
CPU Model and flags from /proc/cpuinfo:
model name	: Intel(R) Core(TM) i9-9940X CPU @ 3.30GHz
flags		: fpu vme de pse tsc msr pae mce cx8 apic sep mtrr pge mca cmov pat pse36 clflush dts acpi mmx fxsr sse sse2 ss ht tm pbe syscall nx pdpe1gb rdtscp lm constant_tsc art arch_perfmon pebs bts rep_good nopl xtopology nonstop_tsc cpuid aperfmperf pni pclmulqdq dtes64 monitor ds_cpl vmx est tm2 ssse3 sdbg fma cx16 xtpr pdcm pcid dca sse4_1 sse4_2 x2apic movbe popcnt tsc_deadline_timer aes xsave avx f16c rdrand lahf_lm abm 3dnowprefetch cpuid_fault epb cat_l3 cdp_l3 invpcid_single pti ssbd mba ibrs ibpb stibp tpr_shadow vnmi flexpriority ept vpid ept_ad fsgsbase tsc_adjust bmi1 hle avx2 smep bmi2 erms invpcid rtm cqm mpx rdt_a avx512f avx512dq rdseed adx smap clflushopt clwb intel_pt avx512cd avx512bw avx512vl xsaveopt xsavec xgetbv1 xsaves cqm_llc cqm_occup_llc cqm_mbm_total cqm_mbm_local dtherm ida arat pln pts hwp hwp_act_window hwp_epp hwp_pkg_req md_clear flush_l1d arch_capabilities

Memory: 4k page, physical 65549624k(11008596k free), swap 2097148k(12k free)

vm_info: Java HotSpot(TM) 64-Bit Server VM (9.0.4+11) for linux-amd64 JRE (9.0.4+11), built on Dec 19 2017 18:12:19 by "mach5one" with gcc 4.9.2

END.
