#
# A fatal error has been detected by the Java Runtime Environment:
#
#  SIGSEGV (0xb) at pc=0x00007fa8b7716199, pid=9360, tid=9428
#
# JRE version: Java(TM) SE Runtime Environment (9.0+11) (build 9.0.4+11)
# Java VM: Java HotSpot(TM) 64-Bit Server VM (9.0.4+11, mixed mode, tiered, compressed oops, g1 gc, linux-amd64)
# Problematic frame:
# V  [libjvm.so+0x4a8199]  GraphBuilder::arithmetic_op(ValueType*, Bytecodes::Code, ValueStack*)+0xc9
#
# Core dump will be written. Default location: Core dumps may be processed with "/usr/share/apport/apport -p%p -s%s -c%c -d%d -P%P -u%u -g%g -- %E" (or dumping to /JVMfuzzing/zjy/classming/Fuzzing-Testing-of-JVM-Implementations/core.9360)
#
# If you would like to submit a bug report, please visit:
#   http://bugreport.java.com/bugreport/crash.jsp
#

---------------  S U M M A R Y ------------

Command Line: -Xbootclasspath/a:/usr/local/java/jdk1.8.0_301/jre/lib/rt.jar -Xverify:none org.apache.batik.apps.rasterizer.Main

Host: Intel(R) Core(TM) i9-9940X CPU @ 3.30GHz, 28 cores, 62G, Ubuntu 20.04.3 LTS
Time: Thu Nov  3 07:52:13 2022 UTC elapsed time: 0 seconds (0d 0h 0m 0s)

---------------  T H R E A D  ---------------

Current thread (0x00007fa8b02c1800):  JavaThread "C1 CompilerThread11" daemon [_thread_in_native, id=9428, stack(0x00007fa7975f6000,0x00007fa7976f7000)]


Current CompileTask:
C1:    734  420 %     3       org.apache.batik.apps.rasterizer.Main::main @ 286 (6471 bytes)

Stack: [0x00007fa7975f6000,0x00007fa7976f7000],  sp=0x00007fa7976f5180,  free space=1020k
Native frames: (J=compiled Java code, A=aot compiled Java code, j=interpreted, Vv=VM code, C=native code)
V  [libjvm.so+0x4a8199]  GraphBuilder::arithmetic_op(ValueType*, Bytecodes::Code, ValueStack*)+0xc9
V  [libjvm.so+0x4a84e4]  GraphBuilder::increment()+0x214
V  [libjvm.so+0x4b055a]  GraphBuilder::iterate_bytecodes_for_block(int)+0xb6a
V  [libjvm.so+0x4b1ad5]  GraphBuilder::iterate_all_blocks(bool)+0x85
V  [libjvm.so+0x4b1ec9]  GraphBuilder::GraphBuilder(Compilation*, IRScope*)+0x389
V  [libjvm.so+0x4b70a8]  IR::IR(Compilation*, ciMethod*, int)+0x1e8
V  [libjvm.so+0x497832]  Compilation::build_hir() [clone .part.93]+0x162
V  [libjvm.so+0x499633]  Compilation::compile_java_method()+0x3c3
V  [libjvm.so+0x4997af]  Compilation::compile_method()+0x12f
V  [libjvm.so+0x499c31]  Compilation::Compilation(AbstractCompiler*, ciEnv*, ciMethod*, int, BufferBlob*, DirectiveSet*)+0x271
V  [libjvm.so+0x49ac1e]  Compiler::compile_method(ciEnv*, ciMethod*, int, DirectiveSet*)+0xae
V  [libjvm.so+0x6125ac]  CompileBroker::invoke_compiler_on_method(CompileTask*)+0x41c
V  [libjvm.so+0x61344b]  CompileBroker::compiler_thread_loop()+0x28b
V  [libjvm.so+0xcef338]  JavaThread::thread_main_inner()+0xd8
V  [libjvm.so+0xb6e132]  thread_native_entry(Thread*)+0xf2
C  [libpthread.so.0+0x9609]  start_thread+0xd9


siginfo: si_signo: 11 (SIGSEGV), si_code: 1 (SEGV_MAPERR), si_addr: 0x0000000000000018

Register to memory mapping:

RAX=0x00000000000001c0 is an unknown value
RBX=0x00007fa7976f5460 is pointing into the stack for thread: 0x00007fa8b02c1800
RCX=0x00007fa7976f5800 is pointing into the stack for thread: 0x00007fa8b02c1800
RDX=0x00007fa77005aca0 is an unknown value
RSP=0x00007fa7976f5180 is pointing into the stack for thread: 0x00007fa8b02c1800
RBP=0x00007fa7976f51d0 is pointing into the stack for thread: 0x00007fa8b02c1800
RSI=0x00007fa77005ac00 is an unknown value
RDI=0x00007fa8b8552fe0: <offset 0x00000000012e4fe0> in /root/oracle/jdk-9.0.4/lib/server/libjvm.so at 0x00007fa8b726e000
R8 =0x00007fa7976f5800 is pointing into the stack for thread: 0x00007fa8b02c1800
R9 =0x0000000000000040 is an unknown value
R10=0x0004000000000000 is an unknown value
R11=0x0000000000000000 is an unknown value
R12=0x00007fa79c019910 is an unknown value
R13=0x00007fa77005ac20 is an unknown value
R14=0x0000000000000000 is an unknown value
R15=0x00007fa77005aca0 is an unknown value


Registers:
RAX=0x00000000000001c0, RBX=0x00007fa7976f5460, RCX=0x00007fa7976f5800, RDX=0x00007fa77005aca0
RSP=0x00007fa7976f5180, RBP=0x00007fa7976f51d0, RSI=0x00007fa77005ac00, RDI=0x00007fa8b8552fe0
R8 =0x00007fa7976f5800, R9 =0x0000000000000040, R10=0x0004000000000000, R11=0x0000000000000000
R12=0x00007fa79c019910, R13=0x00007fa77005ac20, R14=0x0000000000000000, R15=0x00007fa77005aca0
RIP=0x00007fa8b7716199, EFLAGS=0x0000000000010293, CSGSFS=0x002b000000000033, ERR=0x0000000000000004
  TRAPNO=0x000000000000000e

Top of Stack: (sp=0x00007fa7976f5180)
0x00007fa7976f5180:   00007fa8b8485cd0 00007fa7976f5800
0x00007fa7976f5190:   0000000000000000 0000000000000060
0x00007fa7976f51a0:   0000000000000000 00007fa77005a5a0
0x00007fa7976f51b0:   00007fa7976f5460 00007fa77005ac00 

Instructions: (pc=0x00007fa8b7716199)
0x00007fa8b7716179:   77 20 0f 87 2f 01 00 00 49 89 77 18 49 89 d7 8b
0x00007fa8b7716189:   41 08 8d 70 01 89 71 08 41 89 47 08 49 8b 75 18
0x00007fa8b7716199:   49 8b 7e 18 e8 4e b9 08 00 48 8d 0d 97 64 e1 00
0x00007fa8b77161a9:   49 89 47 18 4c 89 ff 48 8d 05 d9 bb e7 00 41 c7 


---------------  P R O C E S S  ---------------

Java Threads: ( => current thread )
  0x00007fa8b0381800 JavaThread "Service Thread" daemon [_thread_blocked, id=9431, stack(0x00007fa796ecb000,0x00007fa796fcc000)]
  0x00007fa8b02d2000 JavaThread "Common-Cleaner" daemon [_thread_blocked, id=9430, stack(0x00007fa796fcc000,0x00007fa7970cd000)]
  0x00007fa8b02c3800 JavaThread "Sweeper thread" daemon [_thread_blocked, id=9429, stack(0x00007fa7974f5000,0x00007fa7975f6000)]
=>0x00007fa8b02c1800 JavaThread "C1 CompilerThread11" daemon [_thread_in_native, id=9428, stack(0x00007fa7975f6000,0x00007fa7976f7000)]
  0x00007fa8b02bf800 JavaThread "C1 CompilerThread10" daemon [_thread_blocked, id=9427, stack(0x00007fa7976f7000,0x00007fa7977f8000)]
  0x00007fa8b02be000 JavaThread "C1 CompilerThread9" daemon [_thread_blocked, id=9426, stack(0x00007fa7977f8000,0x00007fa7978f9000)]
  0x00007fa8b02bc000 JavaThread "C1 CompilerThread8" daemon [_thread_blocked, id=9425, stack(0x00007fa7978f9000,0x00007fa7979fa000)]
  0x00007fa8b02ba800 JavaThread "C2 CompilerThread7" daemon [_thread_blocked, id=9424, stack(0x00007fa7979fa000,0x00007fa797afb000)]
  0x00007fa8b02b8800 JavaThread "C2 CompilerThread6" daemon [_thread_blocked, id=9423, stack(0x00007fa797afb000,0x00007fa797bfc000)]
  0x00007fa8b02b7000 JavaThread "C2 CompilerThread5" daemon [_thread_blocked, id=9422, stack(0x00007fa797bfc000,0x00007fa797cfd000)]
  0x00007fa8b02b5000 JavaThread "C2 CompilerThread4" daemon [_thread_blocked, id=9421, stack(0x00007fa797cfd000,0x00007fa797dfe000)]
  0x00007fa8b02b3000 JavaThread "C2 CompilerThread3" daemon [_thread_blocked, id=9420, stack(0x00007fa797dfe000,0x00007fa797eff000)]
  0x00007fa8b02b1000 JavaThread "C2 CompilerThread2" daemon [_thread_blocked, id=9419, stack(0x00007fa797eff000,0x00007fa798000000)]
  0x00007fa8b02af000 JavaThread "C2 CompilerThread1" daemon [_thread_blocked, id=9418, stack(0x00007fa7b00e8000,0x00007fa7b01e9000)]
  0x00007fa8b02ad000 JavaThread "C2 CompilerThread0" daemon [_thread_blocked, id=9417, stack(0x00007fa7b01e9000,0x00007fa7b02ea000)]
  0x00007fa8b02ab000 JavaThread "Signal Dispatcher" daemon [_thread_blocked, id=9416, stack(0x00007fa7b02ea000,0x00007fa7b03eb000)]
  0x00007fa8b0291000 JavaThread "Finalizer" daemon [_thread_blocked, id=9415, stack(0x00007fa7b03eb000,0x00007fa7b04ec000)]
  0x00007fa8b0288800 JavaThread "Reference Handler" daemon [_thread_blocked, id=9414, stack(0x00007fa7b04ec000,0x00007fa7b05ed000)]
  0x00007fa8b0011800 JavaThread "main" [_thread_in_native, id=9362, stack(0x00007fa8b7020000,0x00007fa8b711f000)]

Other Threads:
  0x00007fa8b0281000 VMThread "VM Thread" [stack: 0x00007fa7b05ef000,0x00007fa7b06ef000] [id=9413]
  0x00007fa8b0384000 WatcherThread [stack: 0x00007fa796dcb000,0x00007fa796ecb000] [id=9432]
  0x00007fa8b0034000 GCTaskThread "GC Thread#0" [stack: 0x00007fa8b627a000,0x00007fa8b637a000] [id=9363]
  0x00007fa8b0035800 GCTaskThread "GC Thread#1" [stack: 0x00007fa8b6178000,0x00007fa8b6278000] [id=9364]
  0x00007fa8b0037000 GCTaskThread "GC Thread#2" [stack: 0x00007fa8b6076000,0x00007fa8b6176000] [id=9365]
  0x00007fa8b0039000 GCTaskThread "GC Thread#3" [stack: 0x00007fa8b5f74000,0x00007fa8b6074000] [id=9366]
  0x00007fa8b003a800 GCTaskThread "GC Thread#4" [stack: 0x00007fa8b5e72000,0x00007fa8b5f72000] [id=9367]
  0x00007fa8b003c800 GCTaskThread "GC Thread#5" [stack: 0x00007fa8b5d70000,0x00007fa8b5e70000] [id=9368]
  0x00007fa8b003e000 GCTaskThread "GC Thread#6" [stack: 0x00007fa8b5c6e000,0x00007fa8b5d6e000] [id=9369]
  0x00007fa8b003f800 GCTaskThread "GC Thread#7" [stack: 0x00007fa8b5b6c000,0x00007fa8b5c6c000] [id=9370]
  0x00007fa8b0041800 GCTaskThread "GC Thread#8" [stack: 0x00007fa8b5a6a000,0x00007fa8b5b6a000] [id=9371]
  0x00007fa8b0043000 GCTaskThread "GC Thread#9" [stack: 0x00007fa8b5968000,0x00007fa8b5a68000] [id=9373]
  0x00007fa8b0045000 GCTaskThread "GC Thread#10" [stack: 0x00007fa8b5866000,0x00007fa8b5966000] [id=9374]
  0x00007fa8b0046800 GCTaskThread "GC Thread#11" [stack: 0x00007fa8b5764000,0x00007fa8b5864000] [id=9375]
  0x00007fa8b0048800 GCTaskThread "GC Thread#12" [stack: 0x00007fa8b5662000,0x00007fa8b5762000] [id=9376]
  0x00007fa8b004a000 GCTaskThread "GC Thread#13" [stack: 0x00007fa8b5560000,0x00007fa8b5660000] [id=9377]
  0x00007fa8b004c000 GCTaskThread "GC Thread#14" [stack: 0x00007fa8b545e000,0x00007fa8b555e000] [id=9378]
  0x00007fa8b004d800 GCTaskThread "GC Thread#15" [stack: 0x00007fa8b535c000,0x00007fa8b545c000] [id=9379]
  0x00007fa8b004f800 GCTaskThread "GC Thread#16" [stack: 0x00007fa8b525a000,0x00007fa8b535a000] [id=9380]
  0x00007fa8b0051000 GCTaskThread "GC Thread#17" [stack: 0x00007fa8b5158000,0x00007fa8b5258000] [id=9381]
  0x00007fa8b0052800 GCTaskThread "GC Thread#18" [stack: 0x00007fa8b5056000,0x00007fa8b5156000] [id=9382]
  0x00007fa8b0054800 GCTaskThread "GC Thread#19" [stack: 0x00007fa8b4f54000,0x00007fa8b5054000] [id=9383]
  0x00007fa8b009f800 ConcurrentGCThread "G1 Main Marker" [stack: 0x00007fa7c88ed000,0x00007fa7c89ed000] [id=9405]
  0x00007fa8b00a1000 ConcurrentGCThread "G1 Marker#0" [stack: 0x00007fa7c87eb000,0x00007fa7c88eb000] [id=9407]
  0x00007fa8b00a3000 ConcurrentGCThread "G1 Marker#1" [stack: 0x00007fa7c86e9000,0x00007fa7c87e9000] [id=9409]
  0x00007fa8b00a4800 ConcurrentGCThread "G1 Marker#2" [stack: 0x00007fa7c85e7000,0x00007fa7c86e7000] [id=9410]
  0x00007fa8b00a6800 ConcurrentGCThread "G1 Marker#3" [stack: 0x00007fa7c84e5000,0x00007fa7c85e5000] [id=9411]
  0x00007fa8b00a8000 ConcurrentGCThread "G1 Marker#4" [stack: 0x00007fa7c83e3000,0x00007fa7c84e3000] [id=9412]
  0x00007fa8b0078800 ConcurrentGCThread "G1 Refine#0" [stack: 0x00007fa894218000,0x00007fa894318000] [id=9403]
  0x00007fa8b0077000 ConcurrentGCThread "G1 Refine#1" [stack: 0x00007fa89431a000,0x00007fa89441a000] [id=9402]
  0x00007fa8b0075000 ConcurrentGCThread "G1 Refine#2" [stack: 0x00007fa89441c000,0x00007fa89451c000] [id=9401]
  0x00007fa8b0073800 ConcurrentGCThread "G1 Refine#3" [stack: 0x00007fa89451e000,0x00007fa89461e000] [id=9400]
  0x00007fa8b0071800 ConcurrentGCThread "G1 Refine#4" [stack: 0x00007fa894620000,0x00007fa894720000] [id=9399]
  0x00007fa8b0070000 ConcurrentGCThread "G1 Refine#5" [stack: 0x00007fa894722000,0x00007fa894822000] [id=9398]
  0x00007fa8b006e000 ConcurrentGCThread "G1 Refine#6" [stack: 0x00007fa894824000,0x00007fa894924000] [id=9397]
  0x00007fa8b006c800 ConcurrentGCThread "G1 Refine#7" [stack: 0x00007fa894926000,0x00007fa894a26000] [id=9396]
  0x00007fa8b006a800 ConcurrentGCThread "G1 Refine#8" [stack: 0x00007fa894a28000,0x00007fa894b28000] [id=9395]
  0x00007fa8b0069000 ConcurrentGCThread "G1 Refine#9" [stack: 0x00007fa894b2a000,0x00007fa894c2a000] [id=9394]
  0x00007fa8b0067000 ConcurrentGCThread "G1 Refine#10" [stack: 0x00007fa894c2c000,0x00007fa894d2c000] [id=9393]
  0x00007fa8b0065000 ConcurrentGCThread "G1 Refine#11" [stack: 0x00007fa894d2e000,0x00007fa894e2e000] [id=9392]
  0x00007fa8b0063800 ConcurrentGCThread "G1 Refine#12" [stack: 0x00007fa894e30000,0x00007fa894f30000] [id=9391]
  0x00007fa8b0061800 ConcurrentGCThread "G1 Refine#13" [stack: 0x00007fa894f32000,0x00007fa895032000] [id=9390]
  0x00007fa8b0060000 ConcurrentGCThread "G1 Refine#14" [stack: 0x00007fa895034000,0x00007fa895134000] [id=9389]
  0x00007fa8b005e000 ConcurrentGCThread "G1 Refine#15" [stack: 0x00007fa895136000,0x00007fa895236000] [id=9388]
  0x00007fa8b005c800 ConcurrentGCThread "G1 Refine#16" [stack: 0x00007fa895238000,0x00007fa895338000] [id=9387]
  0x00007fa8b005a800 ConcurrentGCThread "G1 Refine#17" [stack: 0x00007fa89533a000,0x00007fa89543a000] [id=9386]
  0x00007fa8b0059000 ConcurrentGCThread "G1 Refine#18" [stack: 0x00007fa89543c000,0x00007fa89553c000] [id=9385]
  0x00007fa8b0057000 ConcurrentGCThread "G1 Refine#19" [stack: 0x00007fa89553e000,0x00007fa89563e000] [id=9384]
  0x00007fa8b007a800 ConcurrentGCThread "G1 Young RemSet Sampling" [stack: 0x00007fa894116000,0x00007fa894216000] [id=9404]

Threads with active compile tasks:
C1 CompilerThread11 420 %     3       org.apache.batik.apps.rasterizer.Main::main @ 286 (6471 bytes)

VM state:not at safepoint (normal execution)

VM Mutex/Monitor currently owned by a thread: None

Heap address: 0x00000003d7c00000, size: 16004 MB, Compressed Oops mode: Zero based, Oop shift amount: 3
Narrow klass base: 0x0000000000000000, Narrow klass shift: 3
Compressed class space size: 1073741824 Address: 0x00000007c0000000

Heap:
 garbage-first heap   total 1028096K, used 12288K [0x00000003d7c00000, 0x00000003d80007d8, 0x00000007c0000000)
  region size 4096K, 4 young (16384K), 0 survivors (0K)
 Metaspace       used 6522K, capacity 6690K, committed 6784K, reserved 1056768K
  class space    used 564K, capacity 611K, committed 640K, reserved 1048576K
Heap Regions: E=young(eden), S=young(survivor), O=old, HS=humongous(starts), HC=humongous(continues), CS=collection set, F=free, A=archive, TS=gc time stamp, AC=allocation context, TAMS=top-at-mark-start (previous, next)
|   0|0x00000003d7c00000, 0x00000003d7c00000, 0x00000003d8000000|  0%| F|  |TS  0|AC  0|TAMS 0x00000003d7c00000, 0x00000003d7c00000|
|   1|0x00000003d8000000, 0x00000003d8000000, 0x00000003d8400000|  0%| F|  |TS  0|AC  0|TAMS 0x00000003d8000000, 0x00000003d8000000|
|   2|0x00000003d8400000, 0x00000003d8400000, 0x00000003d8800000|  0%| F|  |TS  0|AC  0|TAMS 0x00000003d8400000, 0x00000003d8400000|
|   3|0x00000003d8800000, 0x00000003d8800000, 0x00000003d8c00000|  0%| F|  |TS  0|AC  0|TAMS 0x00000003d8800000, 0x00000003d8800000|
|   4|0x00000003d8c00000, 0x00000003d8c00000, 0x00000003d9000000|  0%| F|  |TS  0|AC  0|TAMS 0x00000003d8c00000, 0x00000003d8c00000|
|   5|0x00000003d9000000, 0x00000003d9000000, 0x00000003d9400000|  0%| F|  |TS  0|AC  0|TAMS 0x00000003d9000000, 0x00000003d9000000|
|   6|0x00000003d9400000, 0x00000003d9400000, 0x00000003d9800000|  0%| F|  |TS  0|AC  0|TAMS 0x00000003d9400000, 0x00000003d9400000|
|   7|0x00000003d9800000, 0x00000003d9800000, 0x00000003d9c00000|  0%| F|  |TS  0|AC  0|TAMS 0x00000003d9800000, 0x00000003d9800000|
|   8|0x00000003d9c00000, 0x00000003d9c00000, 0x00000003da000000|  0%| F|  |TS  0|AC  0|TAMS 0x00000003d9c00000, 0x00000003d9c00000|
|   9|0x00000003da000000, 0x00000003da000000, 0x00000003da400000|  0%| F|  |TS  0|AC  0|TAMS 0x00000003da000000, 0x00000003da000000|
|  10|0x00000003da400000, 0x00000003da400000, 0x00000003da800000|  0%| F|  |TS  0|AC  0|TAMS 0x00000003da400000, 0x00000003da400000|
|  11|0x00000003da800000, 0x00000003da800000, 0x00000003dac00000|  0%| F|  |TS  0|AC  0|TAMS 0x00000003da800000, 0x00000003da800000|
|  12|0x00000003dac00000, 0x00000003dac00000, 0x00000003db000000|  0%| F|  |TS  0|AC  0|TAMS 0x00000003dac00000, 0x00000003dac00000|
|  13|0x00000003db000000, 0x00000003db000000, 0x00000003db400000|  0%| F|  |TS  0|AC  0|TAMS 0x00000003db000000, 0x00000003db000000|
|  14|0x00000003db400000, 0x00000003db400000, 0x00000003db800000|  0%| F|  |TS  0|AC  0|TAMS 0x00000003db400000, 0x00000003db400000|
|  15|0x00000003db800000, 0x00000003db800000, 0x00000003dbc00000|  0%| F|  |TS  0|AC  0|TAMS 0x00000003db800000, 0x00000003db800000|
|  16|0x00000003dbc00000, 0x00000003dbc00000, 0x00000003dc000000|  0%| F|  |TS  0|AC  0|TAMS 0x00000003dbc00000, 0x00000003dbc00000|
|  17|0x00000003dc000000, 0x00000003dc000000, 0x00000003dc400000|  0%| F|  |TS  0|AC  0|TAMS 0x00000003dc000000, 0x00000003dc000000|
|  18|0x00000003dc400000, 0x00000003dc400000, 0x00000003dc800000|  0%| F|  |TS  0|AC  0|TAMS 0x00000003dc400000, 0x00000003dc400000|
|  19|0x00000003dc800000, 0x00000003dc800000, 0x00000003dcc00000|  0%| F|  |TS  0|AC  0|TAMS 0x00000003dc800000, 0x00000003dc800000|
|  20|0x00000003dcc00000, 0x00000003dcc00000, 0x00000003dd000000|  0%| F|  |TS  0|AC  0|TAMS 0x00000003dcc00000, 0x00000003dcc00000|
|  21|0x00000003dd000000, 0x00000003dd000000, 0x00000003dd400000|  0%| F|  |TS  0|AC  0|TAMS 0x00000003dd000000, 0x00000003dd000000|
|  22|0x00000003dd400000, 0x00000003dd400000, 0x00000003dd800000|  0%| F|  |TS  0|AC  0|TAMS 0x00000003dd400000, 0x00000003dd400000|
|  23|0x00000003dd800000, 0x00000003dd800000, 0x00000003ddc00000|  0%| F|  |TS  0|AC  0|TAMS 0x00000003dd800000, 0x00000003dd800000|
|  24|0x00000003ddc00000, 0x00000003ddc00000, 0x00000003de000000|  0%| F|  |TS  0|AC  0|TAMS 0x00000003ddc00000, 0x00000003ddc00000|
|  25|0x00000003de000000, 0x00000003de000000, 0x00000003de400000|  0%| F|  |TS  0|AC  0|TAMS 0x00000003de000000, 0x00000003de000000|
|  26|0x00000003de400000, 0x00000003de400000, 0x00000003de800000|  0%| F|  |TS  0|AC  0|TAMS 0x00000003de400000, 0x00000003de400000|
|  27|0x00000003de800000, 0x00000003de800000, 0x00000003dec00000|  0%| F|  |TS  0|AC  0|TAMS 0x00000003de800000, 0x00000003de800000|
|  28|0x00000003dec00000, 0x00000003dec00000, 0x00000003df000000|  0%| F|  |TS  0|AC  0|TAMS 0x00000003dec00000, 0x00000003dec00000|
|  29|0x00000003df000000, 0x00000003df000000, 0x00000003df400000|  0%| F|  |TS  0|AC  0|TAMS 0x00000003df000000, 0x00000003df000000|
|  30|0x00000003df400000, 0x00000003df400000, 0x00000003df800000|  0%| F|  |TS  0|AC  0|TAMS 0x00000003df400000, 0x00000003df400000|
|  31|0x00000003df800000, 0x00000003df800000, 0x00000003dfc00000|  0%| F|  |TS  0|AC  0|TAMS 0x00000003df800000, 0x00000003df800000|
|  32|0x00000003dfc00000, 0x00000003dfc00000, 0x00000003e0000000|  0%| F|  |TS  0|AC  0|TAMS 0x00000003dfc00000, 0x00000003dfc00000|
|  33|0x00000003e0000000, 0x00000003e0000000, 0x00000003e0400000|  0%| F|  |TS  0|AC  0|TAMS 0x00000003e0000000, 0x00000003e0000000|
|  34|0x00000003e0400000, 0x00000003e0400000, 0x00000003e0800000|  0%| F|  |TS  0|AC  0|TAMS 0x00000003e0400000, 0x00000003e0400000|
|  35|0x00000003e0800000, 0x00000003e0800000, 0x00000003e0c00000|  0%| F|  |TS  0|AC  0|TAMS 0x00000003e0800000, 0x00000003e0800000|
|  36|0x00000003e0c00000, 0x00000003e0c00000, 0x00000003e1000000|  0%| F|  |TS  0|AC  0|TAMS 0x00000003e0c00000, 0x00000003e0c00000|
|  37|0x00000003e1000000, 0x00000003e1000000, 0x00000003e1400000|  0%| F|  |TS  0|AC  0|TAMS 0x00000003e1000000, 0x00000003e1000000|
|  38|0x00000003e1400000, 0x00000003e1400000, 0x00000003e1800000|  0%| F|  |TS  0|AC  0|TAMS 0x00000003e1400000, 0x00000003e1400000|
|  39|0x00000003e1800000, 0x00000003e1800000, 0x00000003e1c00000|  0%| F|  |TS  0|AC  0|TAMS 0x00000003e1800000, 0x00000003e1800000|
|  40|0x00000003e1c00000, 0x00000003e1c00000, 0x00000003e2000000|  0%| F|  |TS  0|AC  0|TAMS 0x00000003e1c00000, 0x00000003e1c00000|
|  41|0x00000003e2000000, 0x00000003e2000000, 0x00000003e2400000|  0%| F|  |TS  0|AC  0|TAMS 0x00000003e2000000, 0x00000003e2000000|
|  42|0x00000003e2400000, 0x00000003e2400000, 0x00000003e2800000|  0%| F|  |TS  0|AC  0|TAMS 0x00000003e2400000, 0x00000003e2400000|
|  43|0x00000003e2800000, 0x00000003e2800000, 0x00000003e2c00000|  0%| F|  |TS  0|AC  0|TAMS 0x00000003e2800000, 0x00000003e2800000|
|  44|0x00000003e2c00000, 0x00000003e2c00000, 0x00000003e3000000|  0%| F|  |TS  0|AC  0|TAMS 0x00000003e2c00000, 0x00000003e2c00000|
|  45|0x00000003e3000000, 0x00000003e3000000, 0x00000003e3400000|  0%| F|  |TS  0|AC  0|TAMS 0x00000003e3000000, 0x00000003e3000000|
|  46|0x00000003e3400000, 0x00000003e3400000, 0x00000003e3800000|  0%| F|  |TS  0|AC  0|TAMS 0x00000003e3400000, 0x00000003e3400000|
|  47|0x00000003e3800000, 0x00000003e3800000, 0x00000003e3c00000|  0%| F|  |TS  0|AC  0|TAMS 0x00000003e3800000, 0x00000003e3800000|
|  48|0x00000003e3c00000, 0x00000003e3c00000, 0x00000003e4000000|  0%| F|  |TS  0|AC  0|TAMS 0x00000003e3c00000, 0x00000003e3c00000|
|  49|0x00000003e4000000, 0x00000003e4000000, 0x00000003e4400000|  0%| F|  |TS  0|AC  0|TAMS 0x00000003e4000000, 0x00000003e4000000|
|  50|0x00000003e4400000, 0x00000003e4400000, 0x00000003e4800000|  0%| F|  |TS  0|AC  0|TAMS 0x00000003e4400000, 0x00000003e4400000|
|  51|0x00000003e4800000, 0x00000003e4800000, 0x00000003e4c00000|  0%| F|  |TS  0|AC  0|TAMS 0x00000003e4800000, 0x00000003e4800000|
|  52|0x00000003e4c00000, 0x00000003e4c00000, 0x00000003e5000000|  0%| F|  |TS  0|AC  0|TAMS 0x00000003e4c00000, 0x00000003e4c00000|
|  53|0x00000003e5000000, 0x00000003e5000000, 0x00000003e5400000|  0%| F|  |TS  0|AC  0|TAMS 0x00000003e5000000, 0x00000003e5000000|
|  54|0x00000003e5400000, 0x00000003e5400000, 0x00000003e5800000|  0%| F|  |TS  0|AC  0|TAMS 0x00000003e5400000, 0x00000003e5400000|
|  55|0x00000003e5800000, 0x00000003e5800000, 0x00000003e5c00000|  0%| F|  |TS  0|AC  0|TAMS 0x00000003e5800000, 0x00000003e5800000|
|  56|0x00000003e5c00000, 0x00000003e5c00000, 0x00000003e6000000|  0%| F|  |TS  0|AC  0|TAMS 0x00000003e5c00000, 0x00000003e5c00000|
|  57|0x00000003e6000000, 0x00000003e6000000, 0x00000003e6400000|  0%| F|  |TS  0|AC  0|TAMS 0x00000003e6000000, 0x00000003e6000000|
|  58|0x00000003e6400000, 0x00000003e6400000, 0x00000003e6800000|  0%| F|  |TS  0|AC  0|TAMS 0x00000003e6400000, 0x00000003e6400000|
|  59|0x00000003e6800000, 0x00000003e6800000, 0x00000003e6c00000|  0%| F|  |TS  0|AC  0|TAMS 0x00000003e6800000, 0x00000003e6800000|
|  60|0x00000003e6c00000, 0x00000003e6c00000, 0x00000003e7000000|  0%| F|  |TS  0|AC  0|TAMS 0x00000003e6c00000, 0x00000003e6c00000|
|  61|0x00000003e7000000, 0x00000003e7000000, 0x00000003e7400000|  0%| F|  |TS  0|AC  0|TAMS 0x00000003e7000000, 0x00000003e7000000|
|  62|0x00000003e7400000, 0x00000003e7400000, 0x00000003e7800000|  0%| F|  |TS  0|AC  0|TAMS 0x00000003e7400000, 0x00000003e7400000|
|  63|0x00000003e7800000, 0x00000003e7800000, 0x00000003e7c00000|  0%| F|  |TS  0|AC  0|TAMS 0x00000003e7800000, 0x00000003e7800000|
|  64|0x00000003e7c00000, 0x00000003e7c00000, 0x00000003e8000000|  0%| F|  |TS  0|AC  0|TAMS 0x00000003e7c00000, 0x00000003e7c00000|
|  65|0x00000003e8000000, 0x00000003e8000000, 0x00000003e8400000|  0%| F|  |TS  0|AC  0|TAMS 0x00000003e8000000, 0x00000003e8000000|
|  66|0x00000003e8400000, 0x00000003e8400000, 0x00000003e8800000|  0%| F|  |TS  0|AC  0|TAMS 0x00000003e8400000, 0x00000003e8400000|
|  67|0x00000003e8800000, 0x00000003e8800000, 0x00000003e8c00000|  0%| F|  |TS  0|AC  0|TAMS 0x00000003e8800000, 0x00000003e8800000|
|  68|0x00000003e8c00000, 0x00000003e8c00000, 0x00000003e9000000|  0%| F|  |TS  0|AC  0|TAMS 0x00000003e8c00000, 0x00000003e8c00000|
|  69|0x00000003e9000000, 0x00000003e9000000, 0x00000003e9400000|  0%| F|  |TS  0|AC  0|TAMS 0x00000003e9000000, 0x00000003e9000000|
|  70|0x00000003e9400000, 0x00000003e9400000, 0x00000003e9800000|  0%| F|  |TS  0|AC  0|TAMS 0x00000003e9400000, 0x00000003e9400000|
|  71|0x00000003e9800000, 0x00000003e9800000, 0x00000003e9c00000|  0%| F|  |TS  0|AC  0|TAMS 0x00000003e9800000, 0x00000003e9800000|
|  72|0x00000003e9c00000, 0x00000003e9c00000, 0x00000003ea000000|  0%| F|  |TS  0|AC  0|TAMS 0x00000003e9c00000, 0x00000003e9c00000|
|  73|0x00000003ea000000, 0x00000003ea000000, 0x00000003ea400000|  0%| F|  |TS  0|AC  0|TAMS 0x00000003ea000000, 0x00000003ea000000|
|  74|0x00000003ea400000, 0x00000003ea400000, 0x00000003ea800000|  0%| F|  |TS  0|AC  0|TAMS 0x00000003ea400000, 0x00000003ea400000|
|  75|0x00000003ea800000, 0x00000003ea800000, 0x00000003eac00000|  0%| F|  |TS  0|AC  0|TAMS 0x00000003ea800000, 0x00000003ea800000|
|  76|0x00000003eac00000, 0x00000003eac00000, 0x00000003eb000000|  0%| F|  |TS  0|AC  0|TAMS 0x00000003eac00000, 0x00000003eac00000|
|  77|0x00000003eb000000, 0x00000003eb000000, 0x00000003eb400000|  0%| F|  |TS  0|AC  0|TAMS 0x00000003eb000000, 0x00000003eb000000|
|  78|0x00000003eb400000, 0x00000003eb400000, 0x00000003eb800000|  0%| F|  |TS  0|AC  0|TAMS 0x00000003eb400000, 0x00000003eb400000|
|  79|0x00000003eb800000, 0x00000003eb800000, 0x00000003ebc00000|  0%| F|  |TS  0|AC  0|TAMS 0x00000003eb800000, 0x00000003eb800000|
|  80|0x00000003ebc00000, 0x00000003ebc00000, 0x00000003ec000000|  0%| F|  |TS  0|AC  0|TAMS 0x00000003ebc00000, 0x00000003ebc00000|
|  81|0x00000003ec000000, 0x00000003ec000000, 0x00000003ec400000|  0%| F|  |TS  0|AC  0|TAMS 0x00000003ec000000, 0x00000003ec000000|
|  82|0x00000003ec400000, 0x00000003ec400000, 0x00000003ec800000|  0%| F|  |TS  0|AC  0|TAMS 0x00000003ec400000, 0x00000003ec400000|
|  83|0x00000003ec800000, 0x00000003ec800000, 0x00000003ecc00000|  0%| F|  |TS  0|AC  0|TAMS 0x00000003ec800000, 0x00000003ec800000|
|  84|0x00000003ecc00000, 0x00000003ecc00000, 0x00000003ed000000|  0%| F|  |TS  0|AC  0|TAMS 0x00000003ecc00000, 0x00000003ecc00000|
|  85|0x00000003ed000000, 0x00000003ed000000, 0x00000003ed400000|  0%| F|  |TS  0|AC  0|TAMS 0x00000003ed000000, 0x00000003ed000000|
|  86|0x00000003ed400000, 0x00000003ed400000, 0x00000003ed800000|  0%| F|  |TS  0|AC  0|TAMS 0x00000003ed400000, 0x00000003ed400000|
|  87|0x00000003ed800000, 0x00000003ed800000, 0x00000003edc00000|  0%| F|  |TS  0|AC  0|TAMS 0x00000003ed800000, 0x00000003ed800000|
|  88|0x00000003edc00000, 0x00000003edc00000, 0x00000003ee000000|  0%| F|  |TS  0|AC  0|TAMS 0x00000003edc00000, 0x00000003edc00000|
|  89|0x00000003ee000000, 0x00000003ee000000, 0x00000003ee400000|  0%| F|  |TS  0|AC  0|TAMS 0x00000003ee000000, 0x00000003ee000000|
|  90|0x00000003ee400000, 0x00000003ee400000, 0x00000003ee800000|  0%| F|  |TS  0|AC  0|TAMS 0x00000003ee400000, 0x00000003ee400000|
|  91|0x00000003ee800000, 0x00000003ee800000, 0x00000003eec00000|  0%| F|  |TS  0|AC  0|TAMS 0x00000003ee800000, 0x00000003ee800000|
|  92|0x00000003eec00000, 0x00000003eec00000, 0x00000003ef000000|  0%| F|  |TS  0|AC  0|TAMS 0x00000003eec00000, 0x00000003eec00000|
|  93|0x00000003ef000000, 0x00000003ef000000, 0x00000003ef400000|  0%| F|  |TS  0|AC  0|TAMS 0x00000003ef000000, 0x00000003ef000000|
|  94|0x00000003ef400000, 0x00000003ef400000, 0x00000003ef800000|  0%| F|  |TS  0|AC  0|TAMS 0x00000003ef400000, 0x00000003ef400000|
|  95|0x00000003ef800000, 0x00000003ef800000, 0x00000003efc00000|  0%| F|  |TS  0|AC  0|TAMS 0x00000003ef800000, 0x00000003ef800000|
|  96|0x00000003efc00000, 0x00000003efc00000, 0x00000003f0000000|  0%| F|  |TS  0|AC  0|TAMS 0x00000003efc00000, 0x00000003efc00000|
|  97|0x00000003f0000000, 0x00000003f0000000, 0x00000003f0400000|  0%| F|  |TS  0|AC  0|TAMS 0x00000003f0000000, 0x00000003f0000000|
|  98|0x00000003f0400000, 0x00000003f0400000, 0x00000003f0800000|  0%| F|  |TS  0|AC  0|TAMS 0x00000003f0400000, 0x00000003f0400000|
|  99|0x00000003f0800000, 0x00000003f0800000, 0x00000003f0c00000|  0%| F|  |TS  0|AC  0|TAMS 0x00000003f0800000, 0x00000003f0800000|
| 100|0x00000003f0c00000, 0x00000003f0c00000, 0x00000003f1000000|  0%| F|  |TS  0|AC  0|TAMS 0x00000003f0c00000, 0x00000003f0c00000|
| 101|0x00000003f1000000, 0x00000003f1000000, 0x00000003f1400000|  0%| F|  |TS  0|AC  0|TAMS 0x00000003f1000000, 0x00000003f1000000|
| 102|0x00000003f1400000, 0x00000003f1400000, 0x00000003f1800000|  0%| F|  |TS  0|AC  0|TAMS 0x00000003f1400000, 0x00000003f1400000|
| 103|0x00000003f1800000, 0x00000003f1800000, 0x00000003f1c00000|  0%| F|  |TS  0|AC  0|TAMS 0x00000003f1800000, 0x00000003f1800000|
| 104|0x00000003f1c00000, 0x00000003f1c00000, 0x00000003f2000000|  0%| F|  |TS  0|AC  0|TAMS 0x00000003f1c00000, 0x00000003f1c00000|
| 105|0x00000003f2000000, 0x00000003f2000000, 0x00000003f2400000|  0%| F|  |TS  0|AC  0|TAMS 0x00000003f2000000, 0x00000003f2000000|
| 106|0x00000003f2400000, 0x00000003f2400000, 0x00000003f2800000|  0%| F|  |TS  0|AC  0|TAMS 0x00000003f2400000, 0x00000003f2400000|
| 107|0x00000003f2800000, 0x00000003f2800000, 0x00000003f2c00000|  0%| F|  |TS  0|AC  0|TAMS 0x00000003f2800000, 0x00000003f2800000|
| 108|0x00000003f2c00000, 0x00000003f2c00000, 0x00000003f3000000|  0%| F|  |TS  0|AC  0|TAMS 0x00000003f2c00000, 0x00000003f2c00000|
| 109|0x00000003f3000000, 0x00000003f3000000, 0x00000003f3400000|  0%| F|  |TS  0|AC  0|TAMS 0x00000003f3000000, 0x00000003f3000000|
| 110|0x00000003f3400000, 0x00000003f3400000, 0x00000003f3800000|  0%| F|  |TS  0|AC  0|TAMS 0x00000003f3400000, 0x00000003f3400000|
| 111|0x00000003f3800000, 0x00000003f3800000, 0x00000003f3c00000|  0%| F|  |TS  0|AC  0|TAMS 0x00000003f3800000, 0x00000003f3800000|
| 112|0x00000003f3c00000, 0x00000003f3c00000, 0x00000003f4000000|  0%| F|  |TS  0|AC  0|TAMS 0x00000003f3c00000, 0x00000003f3c00000|
| 113|0x00000003f4000000, 0x00000003f4000000, 0x00000003f4400000|  0%| F|  |TS  0|AC  0|TAMS 0x00000003f4000000, 0x00000003f4000000|
| 114|0x00000003f4400000, 0x00000003f4400000, 0x00000003f4800000|  0%| F|  |TS  0|AC  0|TAMS 0x00000003f4400000, 0x00000003f4400000|
| 115|0x00000003f4800000, 0x00000003f4800000, 0x00000003f4c00000|  0%| F|  |TS  0|AC  0|TAMS 0x00000003f4800000, 0x00000003f4800000|
| 116|0x00000003f4c00000, 0x00000003f4c00000, 0x00000003f5000000|  0%| F|  |TS  0|AC  0|TAMS 0x00000003f4c00000, 0x00000003f4c00000|
| 117|0x00000003f5000000, 0x00000003f5000000, 0x00000003f5400000|  0%| F|  |TS  0|AC  0|TAMS 0x00000003f5000000, 0x00000003f5000000|
| 118|0x00000003f5400000, 0x00000003f5400000, 0x00000003f5800000|  0%| F|  |TS  0|AC  0|TAMS 0x00000003f5400000, 0x00000003f5400000|
| 119|0x00000003f5800000, 0x00000003f5800000, 0x00000003f5c00000|  0%| F|  |TS  0|AC  0|TAMS 0x00000003f5800000, 0x00000003f5800000|
| 120|0x00000003f5c00000, 0x00000003f5c00000, 0x00000003f6000000|  0%| F|  |TS  0|AC  0|TAMS 0x00000003f5c00000, 0x00000003f5c00000|
| 121|0x00000003f6000000, 0x00000003f6000000, 0x00000003f6400000|  0%| F|  |TS  0|AC  0|TAMS 0x00000003f6000000, 0x00000003f6000000|
| 122|0x00000003f6400000, 0x00000003f6400000, 0x00000003f6800000|  0%| F|  |TS  0|AC  0|TAMS 0x00000003f6400000, 0x00000003f6400000|
| 123|0x00000003f6800000, 0x00000003f6800000, 0x00000003f6c00000|  0%| F|  |TS  0|AC  0|TAMS 0x00000003f6800000, 0x00000003f6800000|
| 124|0x00000003f6c00000, 0x00000003f6c00000, 0x00000003f7000000|  0%| F|  |TS  0|AC  0|TAMS 0x00000003f6c00000, 0x00000003f6c00000|
| 125|0x00000003f7000000, 0x00000003f7000000, 0x00000003f7400000|  0%| F|  |TS  0|AC  0|TAMS 0x00000003f7000000, 0x00000003f7000000|
| 126|0x00000003f7400000, 0x00000003f7400000, 0x00000003f7800000|  0%| F|  |TS  0|AC  0|TAMS 0x00000003f7400000, 0x00000003f7400000|
| 127|0x00000003f7800000, 0x00000003f7800000, 0x00000003f7c00000|  0%| F|  |TS  0|AC  0|TAMS 0x00000003f7800000, 0x00000003f7800000|
| 128|0x00000003f7c00000, 0x00000003f7c00000, 0x00000003f8000000|  0%| F|  |TS  0|AC  0|TAMS 0x00000003f7c00000, 0x00000003f7c00000|
| 129|0x00000003f8000000, 0x00000003f8000000, 0x00000003f8400000|  0%| F|  |TS  0|AC  0|TAMS 0x00000003f8000000, 0x00000003f8000000|
| 130|0x00000003f8400000, 0x00000003f8400000, 0x00000003f8800000|  0%| F|  |TS  0|AC  0|TAMS 0x00000003f8400000, 0x00000003f8400000|
| 131|0x00000003f8800000, 0x00000003f8800000, 0x00000003f8c00000|  0%| F|  |TS  0|AC  0|TAMS 0x00000003f8800000, 0x00000003f8800000|
| 132|0x00000003f8c00000, 0x00000003f8c00000, 0x00000003f9000000|  0%| F|  |TS  0|AC  0|TAMS 0x00000003f8c00000, 0x00000003f8c00000|
| 133|0x00000003f9000000, 0x00000003f9000000, 0x00000003f9400000|  0%| F|  |TS  0|AC  0|TAMS 0x00000003f9000000, 0x00000003f9000000|
| 134|0x00000003f9400000, 0x00000003f9400000, 0x00000003f9800000|  0%| F|  |TS  0|AC  0|TAMS 0x00000003f9400000, 0x00000003f9400000|
| 135|0x00000003f9800000, 0x00000003f9800000, 0x00000003f9c00000|  0%| F|  |TS  0|AC  0|TAMS 0x00000003f9800000, 0x00000003f9800000|
| 136|0x00000003f9c00000, 0x00000003f9c00000, 0x00000003fa000000|  0%| F|  |TS  0|AC  0|TAMS 0x00000003f9c00000, 0x00000003f9c00000|
| 137|0x00000003fa000000, 0x00000003fa000000, 0x00000003fa400000|  0%| F|  |TS  0|AC  0|TAMS 0x00000003fa000000, 0x00000003fa000000|
| 138|0x00000003fa400000, 0x00000003fa400000, 0x00000003fa800000|  0%| F|  |TS  0|AC  0|TAMS 0x00000003fa400000, 0x00000003fa400000|
| 139|0x00000003fa800000, 0x00000003fa800000, 0x00000003fac00000|  0%| F|  |TS  0|AC  0|TAMS 0x00000003fa800000, 0x00000003fa800000|
| 140|0x00000003fac00000, 0x00000003fac00000, 0x00000003fb000000|  0%| F|  |TS  0|AC  0|TAMS 0x00000003fac00000, 0x00000003fac00000|
| 141|0x00000003fb000000, 0x00000003fb000000, 0x00000003fb400000|  0%| F|  |TS  0|AC  0|TAMS 0x00000003fb000000, 0x00000003fb000000|
| 142|0x00000003fb400000, 0x00000003fb400000, 0x00000003fb800000|  0%| F|  |TS  0|AC  0|TAMS 0x00000003fb400000, 0x00000003fb400000|
| 143|0x00000003fb800000, 0x00000003fb800000, 0x00000003fbc00000|  0%| F|  |TS  0|AC  0|TAMS 0x00000003fb800000, 0x00000003fb800000|
| 144|0x00000003fbc00000, 0x00000003fbc00000, 0x00000003fc000000|  0%| F|  |TS  0|AC  0|TAMS 0x00000003fbc00000, 0x00000003fbc00000|
| 145|0x00000003fc000000, 0x00000003fc000000, 0x00000003fc400000|  0%| F|  |TS  0|AC  0|TAMS 0x00000003fc000000, 0x00000003fc000000|
| 146|0x00000003fc400000, 0x00000003fc400000, 0x00000003fc800000|  0%| F|  |TS  0|AC  0|TAMS 0x00000003fc400000, 0x00000003fc400000|
| 147|0x00000003fc800000, 0x00000003fc800000, 0x00000003fcc00000|  0%| F|  |TS  0|AC  0|TAMS 0x00000003fc800000, 0x00000003fc800000|
| 148|0x00000003fcc00000, 0x00000003fcc00000, 0x00000003fd000000|  0%| F|  |TS  0|AC  0|TAMS 0x00000003fcc00000, 0x00000003fcc00000|
| 149|0x00000003fd000000, 0x00000003fd000000, 0x00000003fd400000|  0%| F|  |TS  0|AC  0|TAMS 0x00000003fd000000, 0x00000003fd000000|
| 150|0x00000003fd400000, 0x00000003fd400000, 0x00000003fd800000|  0%| F|  |TS  0|AC  0|TAMS 0x00000003fd400000, 0x00000003fd400000|
| 151|0x00000003fd800000, 0x00000003fd800000, 0x00000003fdc00000|  0%| F|  |TS  0|AC  0|TAMS 0x00000003fd800000, 0x00000003fd800000|
| 152|0x00000003fdc00000, 0x00000003fdc00000, 0x00000003fe000000|  0%| F|  |TS  0|AC  0|TAMS 0x00000003fdc00000, 0x00000003fdc00000|
| 153|0x00000003fe000000, 0x00000003fe000000, 0x00000003fe400000|  0%| F|  |TS  0|AC  0|TAMS 0x00000003fe000000, 0x00000003fe000000|
| 154|0x00000003fe400000, 0x00000003fe400000, 0x00000003fe800000|  0%| F|  |TS  0|AC  0|TAMS 0x00000003fe400000, 0x00000003fe400000|
| 155|0x00000003fe800000, 0x00000003fe800000, 0x00000003fec00000|  0%| F|  |TS  0|AC  0|TAMS 0x00000003fe800000, 0x00000003fe800000|
| 156|0x00000003fec00000, 0x00000003fec00000, 0x00000003ff000000|  0%| F|  |TS  0|AC  0|TAMS 0x00000003fec00000, 0x00000003fec00000|
| 157|0x00000003ff000000, 0x00000003ff000000, 0x00000003ff400000|  0%| F|  |TS  0|AC  0|TAMS 0x00000003ff000000, 0x00000003ff000000|
| 158|0x00000003ff400000, 0x00000003ff400000, 0x00000003ff800000|  0%| F|  |TS  0|AC  0|TAMS 0x00000003ff400000, 0x00000003ff400000|
| 159|0x00000003ff800000, 0x00000003ff800000, 0x00000003ffc00000|  0%| F|  |TS  0|AC  0|TAMS 0x00000003ff800000, 0x00000003ff800000|
| 160|0x00000003ffc00000, 0x00000003ffc00000, 0x0000000400000000|  0%| F|  |TS  0|AC  0|TAMS 0x00000003ffc00000, 0x00000003ffc00000|
| 161|0x0000000400000000, 0x0000000400000000, 0x0000000400400000|  0%| F|  |TS  0|AC  0|TAMS 0x0000000400000000, 0x0000000400000000|
| 162|0x0000000400400000, 0x0000000400400000, 0x0000000400800000|  0%| F|  |TS  0|AC  0|TAMS 0x0000000400400000, 0x0000000400400000|
| 163|0x0000000400800000, 0x0000000400800000, 0x0000000400c00000|  0%| F|  |TS  0|AC  0|TAMS 0x0000000400800000, 0x0000000400800000|
| 164|0x0000000400c00000, 0x0000000400c00000, 0x0000000401000000|  0%| F|  |TS  0|AC  0|TAMS 0x0000000400c00000, 0x0000000400c00000|
| 165|0x0000000401000000, 0x0000000401000000, 0x0000000401400000|  0%| F|  |TS  0|AC  0|TAMS 0x0000000401000000, 0x0000000401000000|
| 166|0x0000000401400000, 0x0000000401400000, 0x0000000401800000|  0%| F|  |TS  0|AC  0|TAMS 0x0000000401400000, 0x0000000401400000|
| 167|0x0000000401800000, 0x0000000401800000, 0x0000000401c00000|  0%| F|  |TS  0|AC  0|TAMS 0x0000000401800000, 0x0000000401800000|
| 168|0x0000000401c00000, 0x0000000401c00000, 0x0000000402000000|  0%| F|  |TS  0|AC  0|TAMS 0x0000000401c00000, 0x0000000401c00000|
| 169|0x0000000402000000, 0x0000000402000000, 0x0000000402400000|  0%| F|  |TS  0|AC  0|TAMS 0x0000000402000000, 0x0000000402000000|
| 170|0x0000000402400000, 0x0000000402400000, 0x0000000402800000|  0%| F|  |TS  0|AC  0|TAMS 0x0000000402400000, 0x0000000402400000|
| 171|0x0000000402800000, 0x0000000402800000, 0x0000000402c00000|  0%| F|  |TS  0|AC  0|TAMS 0x0000000402800000, 0x0000000402800000|
| 172|0x0000000402c00000, 0x0000000402c00000, 0x0000000403000000|  0%| F|  |TS  0|AC  0|TAMS 0x0000000402c00000, 0x0000000402c00000|
| 173|0x0000000403000000, 0x0000000403000000, 0x0000000403400000|  0%| F|  |TS  0|AC  0|TAMS 0x0000000403000000, 0x0000000403000000|
| 174|0x0000000403400000, 0x0000000403400000, 0x0000000403800000|  0%| F|  |TS  0|AC  0|TAMS 0x0000000403400000, 0x0000000403400000|
| 175|0x0000000403800000, 0x0000000403800000, 0x0000000403c00000|  0%| F|  |TS  0|AC  0|TAMS 0x0000000403800000, 0x0000000403800000|
| 176|0x0000000403c00000, 0x0000000403c00000, 0x0000000404000000|  0%| F|  |TS  0|AC  0|TAMS 0x0000000403c00000, 0x0000000403c00000|
| 177|0x0000000404000000, 0x0000000404000000, 0x0000000404400000|  0%| F|  |TS  0|AC  0|TAMS 0x0000000404000000, 0x0000000404000000|
| 178|0x0000000404400000, 0x0000000404400000, 0x0000000404800000|  0%| F|  |TS  0|AC  0|TAMS 0x0000000404400000, 0x0000000404400000|
| 179|0x0000000404800000, 0x0000000404800000, 0x0000000404c00000|  0%| F|  |TS  0|AC  0|TAMS 0x0000000404800000, 0x0000000404800000|
| 180|0x0000000404c00000, 0x0000000404c00000, 0x0000000405000000|  0%| F|  |TS  0|AC  0|TAMS 0x0000000404c00000, 0x0000000404c00000|
| 181|0x0000000405000000, 0x0000000405000000, 0x0000000405400000|  0%| F|  |TS  0|AC  0|TAMS 0x0000000405000000, 0x0000000405000000|
| 182|0x0000000405400000, 0x0000000405400000, 0x0000000405800000|  0%| F|  |TS  0|AC  0|TAMS 0x0000000405400000, 0x0000000405400000|
| 183|0x0000000405800000, 0x0000000405800000, 0x0000000405c00000|  0%| F|  |TS  0|AC  0|TAMS 0x0000000405800000, 0x0000000405800000|
| 184|0x0000000405c00000, 0x0000000405c00000, 0x0000000406000000|  0%| F|  |TS  0|AC  0|TAMS 0x0000000405c00000, 0x0000000405c00000|
| 185|0x0000000406000000, 0x0000000406000000, 0x0000000406400000|  0%| F|  |TS  0|AC  0|TAMS 0x0000000406000000, 0x0000000406000000|
| 186|0x0000000406400000, 0x0000000406400000, 0x0000000406800000|  0%| F|  |TS  0|AC  0|TAMS 0x0000000406400000, 0x0000000406400000|
| 187|0x0000000406800000, 0x0000000406800000, 0x0000000406c00000|  0%| F|  |TS  0|AC  0|TAMS 0x0000000406800000, 0x0000000406800000|
| 188|0x0000000406c00000, 0x0000000406c00000, 0x0000000407000000|  0%| F|  |TS  0|AC  0|TAMS 0x0000000406c00000, 0x0000000406c00000|
| 189|0x0000000407000000, 0x0000000407000000, 0x0000000407400000|  0%| F|  |TS  0|AC  0|TAMS 0x0000000407000000, 0x0000000407000000|
| 190|0x0000000407400000, 0x0000000407400000, 0x0000000407800000|  0%| F|  |TS  0|AC  0|TAMS 0x0000000407400000, 0x0000000407400000|
| 191|0x0000000407800000, 0x0000000407800000, 0x0000000407c00000|  0%| F|  |TS  0|AC  0|TAMS 0x0000000407800000, 0x0000000407800000|
| 192|0x0000000407c00000, 0x0000000407c00000, 0x0000000408000000|  0%| F|  |TS  0|AC  0|TAMS 0x0000000407c00000, 0x0000000407c00000|
| 193|0x0000000408000000, 0x0000000408000000, 0x0000000408400000|  0%| F|  |TS  0|AC  0|TAMS 0x0000000408000000, 0x0000000408000000|
| 194|0x0000000408400000, 0x0000000408400000, 0x0000000408800000|  0%| F|  |TS  0|AC  0|TAMS 0x0000000408400000, 0x0000000408400000|
| 195|0x0000000408800000, 0x0000000408800000, 0x0000000408c00000|  0%| F|  |TS  0|AC  0|TAMS 0x0000000408800000, 0x0000000408800000|
| 196|0x0000000408c00000, 0x0000000408c00000, 0x0000000409000000|  0%| F|  |TS  0|AC  0|TAMS 0x0000000408c00000, 0x0000000408c00000|
| 197|0x0000000409000000, 0x0000000409000000, 0x0000000409400000|  0%| F|  |TS  0|AC  0|TAMS 0x0000000409000000, 0x0000000409000000|
| 198|0x0000000409400000, 0x0000000409400000, 0x0000000409800000|  0%| F|  |TS  0|AC  0|TAMS 0x0000000409400000, 0x0000000409400000|
| 199|0x0000000409800000, 0x0000000409800000, 0x0000000409c00000|  0%| F|  |TS  0|AC  0|TAMS 0x0000000409800000, 0x0000000409800000|
| 200|0x0000000409c00000, 0x0000000409c00000, 0x000000040a000000|  0%| F|  |TS  0|AC  0|TAMS 0x0000000409c00000, 0x0000000409c00000|
| 201|0x000000040a000000, 0x000000040a000000, 0x000000040a400000|  0%| F|  |TS  0|AC  0|TAMS 0x000000040a000000, 0x000000040a000000|
| 202|0x000000040a400000, 0x000000040a400000, 0x000000040a800000|  0%| F|  |TS  0|AC  0|TAMS 0x000000040a400000, 0x000000040a400000|
| 203|0x000000040a800000, 0x000000040a800000, 0x000000040ac00000|  0%| F|  |TS  0|AC  0|TAMS 0x000000040a800000, 0x000000040a800000|
| 204|0x000000040ac00000, 0x000000040ac00000, 0x000000040b000000|  0%| F|  |TS  0|AC  0|TAMS 0x000000040ac00000, 0x000000040ac00000|
| 205|0x000000040b000000, 0x000000040b000000, 0x000000040b400000|  0%| F|  |TS  0|AC  0|TAMS 0x000000040b000000, 0x000000040b000000|
| 206|0x000000040b400000, 0x000000040b400000, 0x000000040b800000|  0%| F|  |TS  0|AC  0|TAMS 0x000000040b400000, 0x000000040b400000|
| 207|0x000000040b800000, 0x000000040b800000, 0x000000040bc00000|  0%| F|  |TS  0|AC  0|TAMS 0x000000040b800000, 0x000000040b800000|
| 208|0x000000040bc00000, 0x000000040bc00000, 0x000000040c000000|  0%| F|  |TS  0|AC  0|TAMS 0x000000040bc00000, 0x000000040bc00000|
| 209|0x000000040c000000, 0x000000040c000000, 0x000000040c400000|  0%| F|  |TS  0|AC  0|TAMS 0x000000040c000000, 0x000000040c000000|
| 210|0x000000040c400000, 0x000000040c400000, 0x000000040c800000|  0%| F|  |TS  0|AC  0|TAMS 0x000000040c400000, 0x000000040c400000|
| 211|0x000000040c800000, 0x000000040c800000, 0x000000040cc00000|  0%| F|  |TS  0|AC  0|TAMS 0x000000040c800000, 0x000000040c800000|
| 212|0x000000040cc00000, 0x000000040cc00000, 0x000000040d000000|  0%| F|  |TS  0|AC  0|TAMS 0x000000040cc00000, 0x000000040cc00000|
| 213|0x000000040d000000, 0x000000040d000000, 0x000000040d400000|  0%| F|  |TS  0|AC  0|TAMS 0x000000040d000000, 0x000000040d000000|
| 214|0x000000040d400000, 0x000000040d400000, 0x000000040d800000|  0%| F|  |TS  0|AC  0|TAMS 0x000000040d400000, 0x000000040d400000|
| 215|0x000000040d800000, 0x000000040d800000, 0x000000040dc00000|  0%| F|  |TS  0|AC  0|TAMS 0x000000040d800000, 0x000000040d800000|
| 216|0x000000040dc00000, 0x000000040dc00000, 0x000000040e000000|  0%| F|  |TS  0|AC  0|TAMS 0x000000040dc00000, 0x000000040dc00000|
| 217|0x000000040e000000, 0x000000040e000000, 0x000000040e400000|  0%| F|  |TS  0|AC  0|TAMS 0x000000040e000000, 0x000000040e000000|
| 218|0x000000040e400000, 0x000000040e400000, 0x000000040e800000|  0%| F|  |TS  0|AC  0|TAMS 0x000000040e400000, 0x000000040e400000|
| 219|0x000000040e800000, 0x000000040e800000, 0x000000040ec00000|  0%| F|  |TS  0|AC  0|TAMS 0x000000040e800000, 0x000000040e800000|
| 220|0x000000040ec00000, 0x000000040ec00000, 0x000000040f000000|  0%| F|  |TS  0|AC  0|TAMS 0x000000040ec00000, 0x000000040ec00000|
| 221|0x000000040f000000, 0x000000040f000000, 0x000000040f400000|  0%| F|  |TS  0|AC  0|TAMS 0x000000040f000000, 0x000000040f000000|
| 222|0x000000040f400000, 0x000000040f400000, 0x000000040f800000|  0%| F|  |TS  0|AC  0|TAMS 0x000000040f400000, 0x000000040f400000|
| 223|0x000000040f800000, 0x000000040f800000, 0x000000040fc00000|  0%| F|  |TS  0|AC  0|TAMS 0x000000040f800000, 0x000000040f800000|
| 224|0x000000040fc00000, 0x000000040fc00000, 0x0000000410000000|  0%| F|  |TS  0|AC  0|TAMS 0x000000040fc00000, 0x000000040fc00000|
| 225|0x0000000410000000, 0x0000000410000000, 0x0000000410400000|  0%| F|  |TS  0|AC  0|TAMS 0x0000000410000000, 0x0000000410000000|
| 226|0x0000000410400000, 0x0000000410400000, 0x0000000410800000|  0%| F|  |TS  0|AC  0|TAMS 0x0000000410400000, 0x0000000410400000|
| 227|0x0000000410800000, 0x0000000410800000, 0x0000000410c00000|  0%| F|  |TS  0|AC  0|TAMS 0x0000000410800000, 0x0000000410800000|
| 228|0x0000000410c00000, 0x0000000410c00000, 0x0000000411000000|  0%| F|  |TS  0|AC  0|TAMS 0x0000000410c00000, 0x0000000410c00000|
| 229|0x0000000411000000, 0x0000000411000000, 0x0000000411400000|  0%| F|  |TS  0|AC  0|TAMS 0x0000000411000000, 0x0000000411000000|
| 230|0x0000000411400000, 0x0000000411400000, 0x0000000411800000|  0%| F|  |TS  0|AC  0|TAMS 0x0000000411400000, 0x0000000411400000|
| 231|0x0000000411800000, 0x0000000411800000, 0x0000000411c00000|  0%| F|  |TS  0|AC  0|TAMS 0x0000000411800000, 0x0000000411800000|
| 232|0x0000000411c00000, 0x0000000411c00000, 0x0000000412000000|  0%| F|  |TS  0|AC  0|TAMS 0x0000000411c00000, 0x0000000411c00000|
| 233|0x0000000412000000, 0x0000000412000000, 0x0000000412400000|  0%| F|  |TS  0|AC  0|TAMS 0x0000000412000000, 0x0000000412000000|
| 234|0x0000000412400000, 0x0000000412400000, 0x0000000412800000|  0%| F|  |TS  0|AC  0|TAMS 0x0000000412400000, 0x0000000412400000|
| 235|0x0000000412800000, 0x0000000412800000, 0x0000000412c00000|  0%| F|  |TS  0|AC  0|TAMS 0x0000000412800000, 0x0000000412800000|
| 236|0x0000000412c00000, 0x0000000412c00000, 0x0000000413000000|  0%| F|  |TS  0|AC  0|TAMS 0x0000000412c00000, 0x0000000412c00000|
| 237|0x0000000413000000, 0x0000000413000000, 0x0000000413400000|  0%| F|  |TS  0|AC  0|TAMS 0x0000000413000000, 0x0000000413000000|
| 238|0x0000000413400000, 0x0000000413400000, 0x0000000413800000|  0%| F|  |TS  0|AC  0|TAMS 0x0000000413400000, 0x0000000413400000|
| 239|0x0000000413800000, 0x0000000413800000, 0x0000000413c00000|  0%| F|  |TS  0|AC  0|TAMS 0x0000000413800000, 0x0000000413800000|
| 240|0x0000000413c00000, 0x0000000413c00000, 0x0000000414000000|  0%| F|  |TS  0|AC  0|TAMS 0x0000000413c00000, 0x0000000413c00000|
| 241|0x0000000414000000, 0x0000000414000000, 0x0000000414400000|  0%| F|  |TS  0|AC  0|TAMS 0x0000000414000000, 0x0000000414000000|
| 242|0x0000000414400000, 0x0000000414400000, 0x0000000414800000|  0%| F|  |TS  0|AC  0|TAMS 0x0000000414400000, 0x0000000414400000|
| 243|0x0000000414800000, 0x0000000414800000, 0x0000000414c00000|  0%| F|  |TS  0|AC  0|TAMS 0x0000000414800000, 0x0000000414800000|
| 244|0x0000000414c00000, 0x0000000414c00000, 0x0000000415000000|  0%| F|  |TS  0|AC  0|TAMS 0x0000000414c00000, 0x0000000414c00000|
| 245|0x0000000415000000, 0x0000000415000000, 0x0000000415400000|  0%| F|  |TS  0|AC  0|TAMS 0x0000000415000000, 0x0000000415000000|
| 246|0x0000000415400000, 0x0000000415400000, 0x0000000415800000|  0%| F|  |TS  0|AC  0|TAMS 0x0000000415400000, 0x0000000415400000|
| 247|0x0000000415800000, 0x0000000415ae1d08, 0x0000000415c00000| 72%| E|  |TS  0|AC  0|TAMS 0x0000000415800000, 0x0000000415800000|
| 248|0x0000000415c00000, 0x0000000416000000, 0x0000000416000000|100%| E|CS|TS  0|AC  0|TAMS 0x0000000415c00000, 0x0000000415c00000|
| 249|0x0000000416000000, 0x0000000416400000, 0x0000000416400000|100%| E|CS|TS  0|AC  0|TAMS 0x0000000416000000, 0x0000000416000000|
| 250|0x0000000416400000, 0x0000000416800000, 0x0000000416800000|100%| E|CS|TS  0|AC  0|TAMS 0x0000000416400000, 0x0000000416400000|

Card table byte_map: [0x00007fa7ea23a000,0x00007fa7ec17c000] byte_map_base: 0x00007fa7e837c000

Marking Bits (Prev, Next): (CMBitMap*) 0x00007fa8b009e800, (CMBitMap*) 0x00007fa8b009e838
 Prev Bits: [0x00007fa7d88e8000, 0x00007fa7e82f8000)
 Next Bits: [0x00007fa7c8ed8000, 0x00007fa7d88e8000)

Polling page: 0x00007fa8b8a72000

CodeHeap 'non-profiled nmethods': size=119172Kb used=191Kb max_used=191Kb free=118981Kb
 bounds [0x00007fa89d6e2000, 0x00007fa89d952000, 0x00007fa8a4b43000]
CodeHeap 'profiled nmethods': size=119172Kb used=553Kb max_used=553Kb free=118618Kb
 bounds [0x00007fa896281000, 0x00007fa8964f1000, 0x00007fa89d6e2000]
CodeHeap 'non-nmethods': size=7416Kb used=2866Kb max_used=2892Kb free=4549Kb
 bounds [0x00007fa895b43000, 0x00007fa895e23000, 0x00007fa896281000]
 total_blobs=906 nmethods=419 adapters=236
 compilation: enabled

Compilation events (10 events):
Event: 0.540 Thread 0x00007fa8b02af000 nmethod 410 0x00007fa89d705b90 code [0x00007fa89d705dc0, 0x00007fa89d706928]
Event: 0.542 Thread 0x00007fa8b02b3000 nmethod 415 0x00007fa89d707210 code [0x00007fa89d7073c0, 0x00007fa89d7076f8]
Event: 0.543 Thread 0x00007fa8b02ba800  417       4       Print::logPrint (8 bytes)
Event: 0.551 Thread 0x00007fa8b02b7000  418   !   4       java.io.PrintStream::write (83 bytes)
Event: 0.551 Thread 0x00007fa8b02b1000 nmethod 405 0x00007fa89d707890 code [0x00007fa89d707ac0, 0x00007fa89d708988]
Event: 0.551 Thread 0x00007fa8b02b1000  419   !   4       java.io.PrintStream::newLine (73 bytes)
Event: 0.570 Thread 0x00007fa8b02b7000 nmethod 418 0x00007fa89d709390 code [0x00007fa89d7095e0, 0x00007fa89d70a7d8]
Event: 0.582 Thread 0x00007fa8b02b1000 nmethod 419 0x00007fa89d70b310 code [0x00007fa89d70b5a0, 0x00007fa89d70c908]
Event: 0.601 Thread 0x00007fa8b02ba800 nmethod 417 0x00007fa89d70d490 code [0x00007fa89d70d820, 0x00007fa89d7102e0]
Event: 0.709 Thread 0x00007fa8b02c1800  420 %     3       org.apache.batik.apps.rasterizer.Main::main @ 286 (6471 bytes)

GC Heap History (0 events):
No events

Deoptimization events (0 events):
No events

Classes redefined (0 events):
No events

Internal exceptions (2 events):
Event: 0.344 Thread 0x00007fa8b0011800 Exception <a 'java/lang/NoSuchMethodError'{0x00000004167c3a78}: java.lang.invoke.DirectMethodHandle$Holder.invokeInterface(Ljava/lang/Object;Ljava/lang/Object;)Ljava/lang/Object;> (0x00000004167c3a78) thrown at [/scratch/opt/mach5/mesos/work_dir/slaves/5a
Event: 0.353 Thread 0x00007fa8b0011800 Exception <a 'java/lang/NoSuchMethodError'{0x00000004167d02e0}: java.lang.invoke.DirectMethodHandle$Holder.invokeInterface(Ljava/lang/Object;Ljava/lang/Object;Ljava/lang/Object;)I> (0x00000004167d02e0) thrown at [/scratch/opt/mach5/mesos/work_dir/slaves/5

Events (10 events):
Event: 0.506 Thread 0x00007fa8b0011800 DEOPT PACKING pc=0x00007fa8962eefa4 sp=0x00007fa8b711cd80
Event: 0.506 Thread 0x00007fa8b0011800 DEOPT UNPACKING pc=0x00007fa895b90aab sp=0x00007fa8b711c368 mode 0
Event: 0.506 Thread 0x00007fa8b0011800 DEOPT PACKING pc=0x00007fa8962eefa4 sp=0x00007fa8b711cd80
Event: 0.506 Thread 0x00007fa8b0011800 DEOPT UNPACKING pc=0x00007fa895b90aab sp=0x00007fa8b711c368 mode 0
Event: 0.506 Thread 0x00007fa8b0011800 DEOPT PACKING pc=0x00007fa8962eefa4 sp=0x00007fa8b711cd80
Event: 0.506 Thread 0x00007fa8b0011800 DEOPT UNPACKING pc=0x00007fa895b90aab sp=0x00007fa8b711c368 mode 0
Event: 0.507 Thread 0x00007fa8b0011800 DEOPT PACKING pc=0x00007fa8962eefa4 sp=0x00007fa8b711cd80
Event: 0.507 Thread 0x00007fa8b0011800 DEOPT UNPACKING pc=0x00007fa895b90aab sp=0x00007fa8b711c368 mode 0
Event: 0.507 Thread 0x00007fa8b0011800 DEOPT PACKING pc=0x00007fa8962eefa4 sp=0x00007fa8b711cd80
Event: 0.507 Thread 0x00007fa8b0011800 DEOPT UNPACKING pc=0x00007fa895b90aab sp=0x00007fa8b711c368 mode 0


Dynamic libraries:
00400000-00401000 r-xp 00000000 00:65 77077150                           /root/oracle/jdk-9.0.4/bin/java
00600000-00601000 rw-p 00000000 00:65 77077150                           /root/oracle/jdk-9.0.4/bin/java
01d66000-01d87000 rw-p 00000000 00:00 0                                  [heap]
3d7c00000-416800000 rw-p 00000000 00:00 0 
416800000-7c0000000 ---p 00000000 00:00 0 
7c0000000-7c00a0000 rw-p 00000000 00:00 0 
7c00a0000-800000000 ---p 00000000 00:00 0 
7fa754000000-7fa754021000 rw-p 00000000 00:00 0 
7fa754021000-7fa758000000 ---p 00000000 00:00 0 
7fa75c000000-7fa75c021000 rw-p 00000000 00:00 0 
7fa75c021000-7fa760000000 ---p 00000000 00:00 0 
7fa760000000-7fa760021000 rw-p 00000000 00:00 0 
7fa760021000-7fa764000000 ---p 00000000 00:00 0 
7fa764000000-7fa764045000 rw-p 00000000 00:00 0 
7fa764045000-7fa768000000 ---p 00000000 00:00 0 
7fa768000000-7fa768021000 rw-p 00000000 00:00 0 
7fa768021000-7fa76c000000 ---p 00000000 00:00 0 
7fa76c000000-7fa76c02c000 rw-p 00000000 00:00 0 
7fa76c02c000-7fa770000000 ---p 00000000 00:00 0 
7fa770000000-7fa7700d5000 rw-p 00000000 00:00 0 
7fa7700d5000-7fa774000000 ---p 00000000 00:00 0 
7fa774000000-7fa7742fa000 rw-p 00000000 00:00 0 
7fa7742fa000-7fa778000000 ---p 00000000 00:00 0 
7fa778000000-7fa778021000 rw-p 00000000 00:00 0 
7fa778021000-7fa77c000000 ---p 00000000 00:00 0 
7fa77c000000-7fa77c18c000 rw-p 00000000 00:00 0 
7fa77c18c000-7fa780000000 ---p 00000000 00:00 0 
7fa780000000-7fa7800d5000 rw-p 00000000 00:00 0 
7fa7800d5000-7fa784000000 ---p 00000000 00:00 0 
7fa784000000-7fa7840a6000 rw-p 00000000 00:00 0 
7fa7840a6000-7fa788000000 ---p 00000000 00:00 0 
7fa788000000-7fa788111000 rw-p 00000000 00:00 0 
7fa788111000-7fa78c000000 ---p 00000000 00:00 0 
7fa78c000000-7fa78c12f000 rw-p 00000000 00:00 0 
7fa78c12f000-7fa790000000 ---p 00000000 00:00 0 
7fa790000000-7fa7900fb000 rw-p 00000000 00:00 0 
7fa7900fb000-7fa794000000 ---p 00000000 00:00 0 
7fa796a9b000-7fa796dc9000 rw-p 00000000 00:00 0 
7fa796dc9000-7fa796dca000 ---p 00000000 00:00 0 
7fa796dca000-7fa796ecb000 rw-p 00000000 00:00 0 
7fa796ecb000-7fa796ecf000 ---p 00000000 00:00 0 
7fa796ecf000-7fa796fcc000 rw-p 00000000 00:00 0 
7fa796fcc000-7fa796fd0000 ---p 00000000 00:00 0 
7fa796fd0000-7fa7970cd000 rw-p 00000000 00:00 0 
7fa7970cd000-7fa7970e3000 r-xp 00000000 00:65 77077477                   /root/oracle/jdk-9.0.4/lib/libnet.so
7fa7970e3000-7fa7972e3000 ---p 00016000 00:65 77077477                   /root/oracle/jdk-9.0.4/lib/libnet.so
7fa7972e3000-7fa7972e4000 rw-p 00016000 00:65 77077477                   /root/oracle/jdk-9.0.4/lib/libnet.so
7fa7972e4000-7fa7972f4000 r-xp 00000000 00:65 77077594                   /root/oracle/jdk-9.0.4/lib/libnio.so
7fa7972f4000-7fa7974f4000 ---p 00010000 00:65 77077594                   /root/oracle/jdk-9.0.4/lib/libnio.so
7fa7974f4000-7fa7974f5000 rw-p 00010000 00:65 77077594                   /root/oracle/jdk-9.0.4/lib/libnio.so
7fa7974f5000-7fa7974f9000 ---p 00000000 00:00 0 
7fa7974f9000-7fa7975f6000 rw-p 00000000 00:00 0 
7fa7975f6000-7fa7975fa000 ---p 00000000 00:00 0 
7fa7975fa000-7fa7976f7000 rw-p 00000000 00:00 0 
7fa7976f7000-7fa7976fb000 ---p 00000000 00:00 0 
7fa7976fb000-7fa7977f8000 rw-p 00000000 00:00 0 
7fa7977f8000-7fa7977fc000 ---p 00000000 00:00 0 
7fa7977fc000-7fa7978f9000 rw-p 00000000 00:00 0 
7fa7978f9000-7fa7978fd000 ---p 00000000 00:00 0 
7fa7978fd000-7fa7979fa000 rw-p 00000000 00:00 0 
7fa7979fa000-7fa7979fe000 ---p 00000000 00:00 0 
7fa7979fe000-7fa797afb000 rw-p 00000000 00:00 0 
7fa797afb000-7fa797aff000 ---p 00000000 00:00 0 
7fa797aff000-7fa797bfc000 rw-p 00000000 00:00 0 
7fa797bfc000-7fa797c00000 ---p 00000000 00:00 0 
7fa797c00000-7fa797cfd000 rw-p 00000000 00:00 0 
7fa797cfd000-7fa797d01000 ---p 00000000 00:00 0 
7fa797d01000-7fa797dfe000 rw-p 00000000 00:00 0 
7fa797dfe000-7fa797e02000 ---p 00000000 00:00 0 
7fa797e02000-7fa797eff000 rw-p 00000000 00:00 0 
7fa797eff000-7fa797f03000 ---p 00000000 00:00 0 
7fa797f03000-7fa798000000 rw-p 00000000 00:00 0 
7fa798000000-7fa798021000 rw-p 00000000 00:00 0 
7fa798021000-7fa79c000000 ---p 00000000 00:00 0 
7fa79c000000-7fa79c066000 rw-p 00000000 00:00 0 
7fa79c066000-7fa7a0000000 ---p 00000000 00:00 0 
7fa7a0000000-7fa7a0021000 rw-p 00000000 00:00 0 
7fa7a0021000-7fa7a4000000 ---p 00000000 00:00 0 
7fa7a4000000-7fa7a4021000 rw-p 00000000 00:00 0 
7fa7a4021000-7fa7a8000000 ---p 00000000 00:00 0 
7fa7a8000000-7fa7a8021000 rw-p 00000000 00:00 0 
7fa7a8021000-7fa7ac000000 ---p 00000000 00:00 0 
7fa7ac000000-7fa7ac021000 rw-p 00000000 00:00 0 
7fa7ac021000-7fa7b0000000 ---p 00000000 00:00 0 
7fa7b00e8000-7fa7b00ec000 ---p 00000000 00:00 0 
7fa7b00ec000-7fa7b01e9000 rw-p 00000000 00:00 0 
7fa7b01e9000-7fa7b01ed000 ---p 00000000 00:00 0 
7fa7b01ed000-7fa7b02ea000 rw-p 00000000 00:00 0 
7fa7b02ea000-7fa7b02ee000 ---p 00000000 00:00 0 
7fa7b02ee000-7fa7b03eb000 rw-p 00000000 00:00 0 
7fa7b03eb000-7fa7b03ef000 ---p 00000000 00:00 0 
7fa7b03ef000-7fa7b04ec000 rw-p 00000000 00:00 0 
7fa7b04ec000-7fa7b04f0000 ---p 00000000 00:00 0 
7fa7b04f0000-7fa7b05ed000 rw-p 00000000 00:00 0 
7fa7b05ed000-7fa7b05ee000 ---p 00000000 00:00 0 
7fa7b05ee000-7fa7b0cef000 rw-p 00000000 00:00 0 
7fa7b0cef000-7fa7b0eef000 ---p 00000000 00:00 0 
7fa7b0eef000-7fa7b2000000 rw-p 00000000 00:00 0 
7fa7b2000000-7fa7b4000000 rwxp 00000000 00:00 0 
7fa7b4000000-7fa7b4021000 rw-p 00000000 00:00 0 
7fa7b4021000-7fa7b8000000 ---p 00000000 00:00 0 
7fa7b8000000-7fa7b8021000 rw-p 00000000 00:00 0 
7fa7b8021000-7fa7bc000000 ---p 00000000 00:00 0 
7fa7bc000000-7fa7bc021000 rw-p 00000000 00:00 0 
7fa7bc021000-7fa7c0000000 ---p 00000000 00:00 0 
7fa7c0000000-7fa7c0021000 rw-p 00000000 00:00 0 
7fa7c0021000-7fa7c4000000 ---p 00000000 00:00 0 
7fa7c4000000-7fa7c4021000 rw-p 00000000 00:00 0 
7fa7c4021000-7fa7c8000000 ---p 00000000 00:00 0 
7fa7c8068000-7fa7c83e1000 rw-p 00000000 00:00 0 
7fa7c83e1000-7fa7c83e2000 ---p 00000000 00:00 0 
7fa7c83e2000-7fa7c84e3000 rw-p 00000000 00:00 0 
7fa7c84e3000-7fa7c84e4000 ---p 00000000 00:00 0 
7fa7c84e4000-7fa7c85e5000 rw-p 00000000 00:00 0 
7fa7c85e5000-7fa7c85e6000 ---p 00000000 00:00 0 
7fa7c85e6000-7fa7c86e7000 rw-p 00000000 00:00 0 
7fa7c86e7000-7fa7c86e8000 ---p 00000000 00:00 0 
7fa7c86e8000-7fa7c87e9000 rw-p 00000000 00:00 0 
7fa7c87e9000-7fa7c87ea000 ---p 00000000 00:00 0 
7fa7c87ea000-7fa7c88eb000 rw-p 00000000 00:00 0 
7fa7c88eb000-7fa7c88ec000 ---p 00000000 00:00 0 
7fa7c88ec000-7fa7c9e88000 rw-p 00000000 00:00 0 
7fa7c9e88000-7fa7d88e8000 ---p 00000000 00:00 0 
7fa7d88e8000-7fa7d9898000 rw-p 00000000 00:00 0 
7fa7d9898000-7fa7e82f8000 ---p 00000000 00:00 0 
7fa7e82f8000-7fa7e84ee000 rw-p 00000000 00:00 0 
7fa7e84ee000-7fa7ea23a000 ---p 00000000 00:00 0 
7fa7ea23a000-7fa7ea430000 rw-p 00000000 00:00 0 
7fa7ea430000-7fa7ee0be000 ---p 00000000 00:00 0 
7fa7ee0be000-7fa7ee2b4000 rw-p 00000000 00:00 0 
7fa7ee2b4000-7fa7f0000000 ---p 00000000 00:00 0 
7fa7f0000000-7fa7f0021000 rw-p 00000000 00:00 0 
7fa7f0021000-7fa7f4000000 ---p 00000000 00:00 0 
7fa7f4000000-7fa7f4021000 rw-p 00000000 00:00 0 
7fa7f4021000-7fa7f8000000 ---p 00000000 00:00 0 
7fa7f8000000-7fa7f8021000 rw-p 00000000 00:00 0 
7fa7f8021000-7fa7fc000000 ---p 00000000 00:00 0 
7fa7fc000000-7fa7fc021000 rw-p 00000000 00:00 0 
7fa7fc021000-7fa800000000 ---p 00000000 00:00 0 
7fa800000000-7fa800021000 rw-p 00000000 00:00 0 
7fa800021000-7fa804000000 ---p 00000000 00:00 0 
7fa804000000-7fa804021000 rw-p 00000000 00:00 0 
7fa804021000-7fa808000000 ---p 00000000 00:00 0 
7fa808000000-7fa808021000 rw-p 00000000 00:00 0 
7fa808021000-7fa80c000000 ---p 00000000 00:00 0 
7fa80c000000-7fa80c021000 rw-p 00000000 00:00 0 
7fa80c021000-7fa810000000 ---p 00000000 00:00 0 
7fa810000000-7fa810021000 rw-p 00000000 00:00 0 
7fa810021000-7fa814000000 ---p 00000000 00:00 0 
7fa814000000-7fa814021000 rw-p 00000000 00:00 0 
7fa814021000-7fa818000000 ---p 00000000 00:00 0 
7fa818000000-7fa818021000 rw-p 00000000 00:00 0 
7fa818021000-7fa81c000000 ---p 00000000 00:00 0 
7fa81c000000-7fa81c021000 rw-p 00000000 00:00 0 
7fa81c021000-7fa820000000 ---p 00000000 00:00 0 
7fa820000000-7fa820021000 rw-p 00000000 00:00 0 
7fa820021000-7fa824000000 ---p 00000000 00:00 0 
7fa824000000-7fa824021000 rw-p 00000000 00:00 0 
7fa824021000-7fa828000000 ---p 00000000 00:00 0 
7fa828000000-7fa828021000 rw-p 00000000 00:00 0 
7fa828021000-7fa82c000000 ---p 00000000 00:00 0 
7fa82c000000-7fa82c021000 rw-p 00000000 00:00 0 
7fa82c021000-7fa830000000 ---p 00000000 00:00 0 
7fa830000000-7fa830021000 rw-p 00000000 00:00 0 
7fa830021000-7fa834000000 ---p 00000000 00:00 0 
7fa834000000-7fa834021000 rw-p 00000000 00:00 0 
7fa834021000-7fa838000000 ---p 00000000 00:00 0 
7fa838000000-7fa838021000 rw-p 00000000 00:00 0 
7fa838021000-7fa83c000000 ---p 00000000 00:00 0 
7fa83c000000-7fa83c021000 rw-p 00000000 00:00 0 
7fa83c021000-7fa840000000 ---p 00000000 00:00 0 
7fa840000000-7fa840021000 rw-p 00000000 00:00 0 
7fa840021000-7fa844000000 ---p 00000000 00:00 0 
7fa844000000-7fa844021000 rw-p 00000000 00:00 0 
7fa844021000-7fa848000000 ---p 00000000 00:00 0 
7fa848000000-7fa848021000 rw-p 00000000 00:00 0 
7fa848021000-7fa84c000000 ---p 00000000 00:00 0 
7fa84c000000-7fa84c021000 rw-p 00000000 00:00 0 
7fa84c021000-7fa850000000 ---p 00000000 00:00 0 
7fa850000000-7fa850021000 rw-p 00000000 00:00 0 
7fa850021000-7fa854000000 ---p 00000000 00:00 0 
7fa854000000-7fa854021000 rw-p 00000000 00:00 0 
7fa854021000-7fa858000000 ---p 00000000 00:00 0 
7fa858000000-7fa858021000 rw-p 00000000 00:00 0 
7fa858021000-7fa85c000000 ---p 00000000 00:00 0 
7fa85c000000-7fa85c021000 rw-p 00000000 00:00 0 
7fa85c021000-7fa860000000 ---p 00000000 00:00 0 
7fa860000000-7fa860021000 rw-p 00000000 00:00 0 
7fa860021000-7fa864000000 ---p 00000000 00:00 0 
7fa864000000-7fa864021000 rw-p 00000000 00:00 0 
7fa864021000-7fa868000000 ---p 00000000 00:00 0 
7fa868000000-7fa868021000 rw-p 00000000 00:00 0 
7fa868021000-7fa86c000000 ---p 00000000 00:00 0 
7fa86c000000-7fa86c021000 rw-p 00000000 00:00 0 
7fa86c021000-7fa870000000 ---p 00000000 00:00 0 
7fa870000000-7fa870021000 rw-p 00000000 00:00 0 
7fa870021000-7fa874000000 ---p 00000000 00:00 0 
7fa874000000-7fa874021000 rw-p 00000000 00:00 0 
7fa874021000-7fa878000000 ---p 00000000 00:00 0 
7fa878000000-7fa878021000 rw-p 00000000 00:00 0 
7fa878021000-7fa87c000000 ---p 00000000 00:00 0 
7fa87c000000-7fa87c021000 rw-p 00000000 00:00 0 
7fa87c021000-7fa880000000 ---p 00000000 00:00 0 
7fa880000000-7fa880021000 rw-p 00000000 00:00 0 
7fa880021000-7fa884000000 ---p 00000000 00:00 0 
7fa884000000-7fa884021000 rw-p 00000000 00:00 0 
7fa884021000-7fa888000000 ---p 00000000 00:00 0 
7fa888000000-7fa888021000 rw-p 00000000 00:00 0 
7fa888021000-7fa88c000000 ---p 00000000 00:00 0 
7fa88c000000-7fa88c021000 rw-p 00000000 00:00 0 
7fa88c021000-7fa890000000 ---p 00000000 00:00 0 
7fa890000000-7fa890021000 rw-p 00000000 00:00 0 
7fa890021000-7fa894000000 ---p 00000000 00:00 0 
7fa89400a000-7fa894114000 rw-p 00000000 00:00 0 
7fa894114000-7fa894115000 ---p 00000000 00:00 0 
7fa894115000-7fa894216000 rw-p 00000000 00:00 0 
7fa894216000-7fa894217000 ---p 00000000 00:00 0 
7fa894217000-7fa894318000 rw-p 00000000 00:00 0 
7fa894318000-7fa894319000 ---p 00000000 00:00 0 
7fa894319000-7fa89441a000 rw-p 00000000 00:00 0 
7fa89441a000-7fa89441b000 ---p 00000000 00:00 0 
7fa89441b000-7fa89451c000 rw-p 00000000 00:00 0 
7fa89451c000-7fa89451d000 ---p 00000000 00:00 0 
7fa89451d000-7fa89461e000 rw-p 00000000 00:00 0 
7fa89461e000-7fa89461f000 ---p 00000000 00:00 0 
7fa89461f000-7fa894720000 rw-p 00000000 00:00 0 
7fa894720000-7fa894721000 ---p 00000000 00:00 0 
7fa894721000-7fa894822000 rw-p 00000000 00:00 0 
7fa894822000-7fa894823000 ---p 00000000 00:00 0 
7fa894823000-7fa894924000 rw-p 00000000 00:00 0 
7fa894924000-7fa894925000 ---p 00000000 00:00 0 
7fa894925000-7fa894a26000 rw-p 00000000 00:00 0 
7fa894a26000-7fa894a27000 ---p 00000000 00:00 0 
7fa894a27000-7fa894b28000 rw-p 00000000 00:00 0 
7fa894b28000-7fa894b29000 ---p 00000000 00:00 0 
7fa894b29000-7fa894c2a000 rw-p 00000000 00:00 0 
7fa894c2a000-7fa894c2b000 ---p 00000000 00:00 0 
7fa894c2b000-7fa894d2c000 rw-p 00000000 00:00 0 
7fa894d2c000-7fa894d2d000 ---p 00000000 00:00 0 
7fa894d2d000-7fa894e2e000 rw-p 00000000 00:00 0 
7fa894e2e000-7fa894e2f000 ---p 00000000 00:00 0 
7fa894e2f000-7fa894f30000 rw-p 00000000 00:00 0 
7fa894f30000-7fa894f31000 ---p 00000000 00:00 0 
7fa894f31000-7fa895032000 rw-p 00000000 00:00 0 
7fa895032000-7fa895033000 ---p 00000000 00:00 0 
7fa895033000-7fa895134000 rw-p 00000000 00:00 0 
7fa895134000-7fa895135000 ---p 00000000 00:00 0 
7fa895135000-7fa895236000 rw-p 00000000 00:00 0 
7fa895236000-7fa895237000 ---p 00000000 00:00 0 
7fa895237000-7fa895338000 rw-p 00000000 00:00 0 
7fa895338000-7fa895339000 ---p 00000000 00:00 0 
7fa895339000-7fa89543a000 rw-p 00000000 00:00 0 
7fa89543a000-7fa89543b000 ---p 00000000 00:00 0 
7fa89543b000-7fa89553c000 rw-p 00000000 00:00 0 
7fa89553c000-7fa89553d000 ---p 00000000 00:00 0 
7fa89553d000-7fa895b43000 rw-p 00000000 00:00 0 
7fa895b43000-7fa895e23000 rwxp 00000000 00:00 0 
7fa895e23000-7fa896281000 ---p 00000000 00:00 0 
7fa896281000-7fa8964f1000 rwxp 00000000 00:00 0 
7fa8964f1000-7fa89d6e2000 ---p 00000000 00:00 0 
7fa89d6e2000-7fa89d952000 rwxp 00000000 00:00 0 
7fa89d952000-7fa8a4b43000 ---p 00000000 00:00 0 
7fa8a4b43000-7fa8b0000000 r--s 00000000 00:65 77077560                   /root/oracle/jdk-9.0.4/lib/modules
7fa8b0000000-7fa8b0418000 rw-p 00000000 00:00 0 
7fa8b0418000-7fa8b4000000 ---p 00000000 00:00 0 
7fa8b401b000-7fa8b4f52000 rw-p 00000000 00:00 0 
7fa8b4f52000-7fa8b4f53000 ---p 00000000 00:00 0 
7fa8b4f53000-7fa8b5054000 rw-p 00000000 00:00 0 
7fa8b5054000-7fa8b5055000 ---p 00000000 00:00 0 
7fa8b5055000-7fa8b5156000 rw-p 00000000 00:00 0 
7fa8b5156000-7fa8b5157000 ---p 00000000 00:00 0 
7fa8b5157000-7fa8b5258000 rw-p 00000000 00:00 0 
7fa8b5258000-7fa8b5259000 ---p 00000000 00:00 0 
7fa8b5259000-7fa8b535a000 rw-p 00000000 00:00 0 
7fa8b535a000-7fa8b535b000 ---p 00000000 00:00 0 
7fa8b535b000-7fa8b545c000 rw-p 00000000 00:00 0 
7fa8b545c000-7fa8b545d000 ---p 00000000 00:00 0 
7fa8b545d000-7fa8b555e000 rw-p 00000000 00:00 0 
7fa8b555e000-7fa8b555f000 ---p 00000000 00:00 0 
7fa8b555f000-7fa8b5660000 rw-p 00000000 00:00 0 
7fa8b5660000-7fa8b5661000 ---p 00000000 00:00 0 
7fa8b5661000-7fa8b5762000 rw-p 00000000 00:00 0 
7fa8b5762000-7fa8b5763000 ---p 00000000 00:00 0 
7fa8b5763000-7fa8b5864000 rw-p 00000000 00:00 0 
7fa8b5864000-7fa8b5865000 ---p 00000000 00:00 0 
7fa8b5865000-7fa8b5966000 rw-p 00000000 00:00 0 
7fa8b5966000-7fa8b5967000 ---p 00000000 00:00 0 
7fa8b5967000-7fa8b5a68000 rw-p 00000000 00:00 0 
7fa8b5a68000-7fa8b5a69000 ---p 00000000 00:00 0 
7fa8b5a69000-7fa8b5b6a000 rw-p 00000000 00:00 0 
7fa8b5b6a000-7fa8b5b6b000 ---p 00000000 00:00 0 
7fa8b5b6b000-7fa8b5c6c000 rw-p 00000000 00:00 0 
7fa8b5c6c000-7fa8b5c6d000 ---p 00000000 00:00 0 
7fa8b5c6d000-7fa8b5d6e000 rw-p 00000000 00:00 0 
7fa8b5d6e000-7fa8b5d6f000 ---p 00000000 00:00 0 
7fa8b5d6f000-7fa8b5e70000 rw-p 00000000 00:00 0 
7fa8b5e70000-7fa8b5e71000 ---p 00000000 00:00 0 
7fa8b5e71000-7fa8b5f72000 rw-p 00000000 00:00 0 
7fa8b5f72000-7fa8b5f73000 ---p 00000000 00:00 0 
7fa8b5f73000-7fa8b6074000 rw-p 00000000 00:00 0 
7fa8b6074000-7fa8b6075000 ---p 00000000 00:00 0 
7fa8b6075000-7fa8b6176000 rw-p 00000000 00:00 0 
7fa8b6176000-7fa8b6177000 ---p 00000000 00:00 0 
7fa8b6177000-7fa8b6278000 rw-p 00000000 00:00 0 
7fa8b6278000-7fa8b6279000 ---p 00000000 00:00 0 
7fa8b6279000-7fa8b637f000 rw-p 00000000 00:00 0 
7fa8b637f000-7fa8b6463000 ---p 00000000 00:00 0 
7fa8b6463000-7fa8b6468000 rw-p 00000000 00:00 0 
7fa8b6468000-7fa8b654c000 ---p 00000000 00:00 0 
7fa8b654c000-7fa8b6552000 rw-p 00000000 00:00 0 
7fa8b6552000-7fa8b655b000 ---p 00000000 00:00 0 
7fa8b655b000-7fa8b65ab000 rw-p 00000000 00:00 0 
7fa8b65ab000-7fa8b6788000 r--s 03e31000 00:65 101727669                  /usr/local/java/jdk1.8.0_301/jre/lib/rt.jar
7fa8b6788000-7fa8b67a2000 r-xp 00000000 00:65 77077435                   /root/oracle/jdk-9.0.4/lib/libjimage.so
7fa8b67a2000-7fa8b69a1000 ---p 0001a000 00:65 77077435                   /root/oracle/jdk-9.0.4/lib/libjimage.so
7fa8b69a1000-7fa8b69a3000 rw-p 00019000 00:65 77077435                   /root/oracle/jdk-9.0.4/lib/libjimage.so
7fa8b69a3000-7fa8b69b5000 rw-p 00000000 00:00 0 
7fa8b69b5000-7fa8b69bc000 r-xp 00000000 00:65 77083131                   /root/oracle/jdk-9.0.4/lib/libzip.so
7fa8b69bc000-7fa8b6bbb000 ---p 00007000 00:65 77083131                   /root/oracle/jdk-9.0.4/lib/libzip.so
7fa8b6bbb000-7fa8b6bbc000 rw-p 00006000 00:65 77083131                   /root/oracle/jdk-9.0.4/lib/libzip.so
7fa8b6bbc000-7fa8b6bbf000 r--p 00000000 00:65 165034530                  /usr/lib/x86_64-linux-gnu/libnss_files-2.31.so
7fa8b6bbf000-7fa8b6bc6000 r-xp 00003000 00:65 165034530                  /usr/lib/x86_64-linux-gnu/libnss_files-2.31.so
7fa8b6bc6000-7fa8b6bc8000 r--p 0000a000 00:65 165034530                  /usr/lib/x86_64-linux-gnu/libnss_files-2.31.so
7fa8b6bc8000-7fa8b6bc9000 r--p 0000b000 00:65 165034530                  /usr/lib/x86_64-linux-gnu/libnss_files-2.31.so
7fa8b6bc9000-7fa8b6bca000 rw-p 0000c000 00:65 165034530                  /usr/lib/x86_64-linux-gnu/libnss_files-2.31.so
7fa8b6bca000-7fa8b6bd0000 rw-p 00000000 00:00 0 
7fa8b6bd8000-7fa8b6bd9000 rw-p 00000000 00:00 0 
7fa8b6bd9000-7fa8b6c04000 r-xp 00000000 00:65 77077470                   /root/oracle/jdk-9.0.4/lib/libjava.so
7fa8b6c04000-7fa8b6e03000 ---p 0002b000 00:65 77077470                   /root/oracle/jdk-9.0.4/lib/libjava.so
7fa8b6e03000-7fa8b6e05000 rw-p 0002a000 00:65 77077470                   /root/oracle/jdk-9.0.4/lib/libjava.so
7fa8b6e05000-7fa8b6e12000 r-xp 00000000 00:65 77077494                   /root/oracle/jdk-9.0.4/lib/libverify.so
7fa8b6e12000-7fa8b7011000 ---p 0000d000 00:65 77077494                   /root/oracle/jdk-9.0.4/lib/libverify.so
7fa8b7011000-7fa8b7013000 rw-p 0000c000 00:65 77077494                   /root/oracle/jdk-9.0.4/lib/libverify.so
7fa8b7013000-7fa8b7016000 r--p 00000000 00:65 165034636                  /usr/lib/x86_64-linux-gnu/librt-2.31.so
7fa8b7016000-7fa8b701a000 r-xp 00003000 00:65 165034636                  /usr/lib/x86_64-linux-gnu/librt-2.31.so
7fa8b701a000-7fa8b701b000 r--p 00007000 00:65 165034636                  /usr/lib/x86_64-linux-gnu/librt-2.31.so
7fa8b701b000-7fa8b701c000 ---p 00008000 00:65 165034636                  /usr/lib/x86_64-linux-gnu/librt-2.31.so
7fa8b701c000-7fa8b701d000 r--p 00008000 00:65 165034636                  /usr/lib/x86_64-linux-gnu/librt-2.31.so
7fa8b701d000-7fa8b701e000 rw-p 00009000 00:65 165034636                  /usr/lib/x86_64-linux-gnu/librt-2.31.so
7fa8b701e000-7fa8b701f000 ---p 00000000 00:00 0 
7fa8b701f000-7fa8b7020000 rw-p 00000000 00:00 0 
7fa8b7020000-7fa8b7024000 ---p 00000000 00:00 0 
7fa8b7024000-7fa8b711f000 rw-p 00000000 00:00 0 
7fa8b711f000-7fa8b712e000 r--p 00000000 00:65 165034468                  /usr/lib/x86_64-linux-gnu/libm-2.31.so
7fa8b712e000-7fa8b71d5000 r-xp 0000f000 00:65 165034468                  /usr/lib/x86_64-linux-gnu/libm-2.31.so
7fa8b71d5000-7fa8b726c000 r--p 000b6000 00:65 165034468                  /usr/lib/x86_64-linux-gnu/libm-2.31.so
7fa8b726c000-7fa8b726d000 r--p 0014c000 00:65 165034468                  /usr/lib/x86_64-linux-gnu/libm-2.31.so
7fa8b726d000-7fa8b726e000 rw-p 0014d000 00:65 165034468                  /usr/lib/x86_64-linux-gnu/libm-2.31.so
7fa8b726e000-7fa8b8283000 r-xp 00000000 00:65 77083135                   /root/oracle/jdk-9.0.4/lib/server/libjvm.so
7fa8b8283000-7fa8b8482000 ---p 01015000 00:65 77083135                   /root/oracle/jdk-9.0.4/lib/server/libjvm.so
7fa8b8482000-7fa8b8553000 r--p 01014000 00:65 77083135                   /root/oracle/jdk-9.0.4/lib/server/libjvm.so
7fa8b8553000-7fa8b858a000 rw-p 010e5000 00:65 77083135                   /root/oracle/jdk-9.0.4/lib/server/libjvm.so
7fa8b858a000-7fa8b85f5000 rw-p 00000000 00:00 0 
7fa8b85f5000-7fa8b861a000 r--p 00000000 00:65 165034165                  /usr/lib/x86_64-linux-gnu/libc-2.31.so
7fa8b861a000-7fa8b8792000 r-xp 00025000 00:65 165034165                  /usr/lib/x86_64-linux-gnu/libc-2.31.so
7fa8b8792000-7fa8b87dc000 r--p 0019d000 00:65 165034165                  /usr/lib/x86_64-linux-gnu/libc-2.31.so
7fa8b87dc000-7fa8b87dd000 ---p 001e7000 00:65 165034165                  /usr/lib/x86_64-linux-gnu/libc-2.31.so
7fa8b87dd000-7fa8b87e0000 r--p 001e7000 00:65 165034165                  /usr/lib/x86_64-linux-gnu/libc-2.31.so
7fa8b87e0000-7fa8b87e3000 rw-p 001ea000 00:65 165034165                  /usr/lib/x86_64-linux-gnu/libc-2.31.so
7fa8b87e3000-7fa8b87e7000 rw-p 00000000 00:00 0 
7fa8b87e7000-7fa8b87e8000 r--p 00000000 00:65 165034236                  /usr/lib/x86_64-linux-gnu/libdl-2.31.so
7fa8b87e8000-7fa8b87ea000 r-xp 00001000 00:65 165034236                  /usr/lib/x86_64-linux-gnu/libdl-2.31.so
7fa8b87ea000-7fa8b87eb000 r--p 00003000 00:65 165034236                  /usr/lib/x86_64-linux-gnu/libdl-2.31.so
7fa8b87eb000-7fa8b87ec000 r--p 00003000 00:65 165034236                  /usr/lib/x86_64-linux-gnu/libdl-2.31.so
7fa8b87ec000-7fa8b87ed000 rw-p 00004000 00:65 165034236                  /usr/lib/x86_64-linux-gnu/libdl-2.31.so
7fa8b87ed000-7fa8b87fb000 r-xp 00000000 00:65 77083142                   /root/oracle/jdk-9.0.4/lib/jli/libjli.so
7fa8b87fb000-7fa8b89fb000 ---p 0000e000 00:65 77083142                   /root/oracle/jdk-9.0.4/lib/jli/libjli.so
7fa8b89fb000-7fa8b89fc000 rw-p 0000e000 00:65 77083142                   /root/oracle/jdk-9.0.4/lib/jli/libjli.so
7fa8b89fc000-7fa8b8a03000 r--p 00000000 00:65 165034610                  /usr/lib/x86_64-linux-gnu/libpthread-2.31.so
7fa8b8a03000-7fa8b8a14000 r-xp 00007000 00:65 165034610                  /usr/lib/x86_64-linux-gnu/libpthread-2.31.so
7fa8b8a14000-7fa8b8a19000 r--p 00018000 00:65 165034610                  /usr/lib/x86_64-linux-gnu/libpthread-2.31.so
7fa8b8a19000-7fa8b8a1a000 r--p 0001c000 00:65 165034610                  /usr/lib/x86_64-linux-gnu/libpthread-2.31.so
7fa8b8a1a000-7fa8b8a1b000 rw-p 0001d000 00:65 165034610                  /usr/lib/x86_64-linux-gnu/libpthread-2.31.so
7fa8b8a1b000-7fa8b8a1f000 rw-p 00000000 00:00 0 
7fa8b8a1f000-7fa8b8a21000 r--p 00000000 00:65 165034796                  /usr/lib/x86_64-linux-gnu/libz.so.1.2.11
7fa8b8a21000-7fa8b8a32000 r-xp 00002000 00:65 165034796                  /usr/lib/x86_64-linux-gnu/libz.so.1.2.11
7fa8b8a32000-7fa8b8a38000 r--p 00013000 00:65 165034796                  /usr/lib/x86_64-linux-gnu/libz.so.1.2.11
7fa8b8a38000-7fa8b8a39000 ---p 00019000 00:65 165034796                  /usr/lib/x86_64-linux-gnu/libz.so.1.2.11
7fa8b8a39000-7fa8b8a3a000 r--p 00019000 00:65 165034796                  /usr/lib/x86_64-linux-gnu/libz.so.1.2.11
7fa8b8a3a000-7fa8b8a3b000 rw-p 0001a000 00:65 165034796                  /usr/lib/x86_64-linux-gnu/libz.so.1.2.11
7fa8b8a3b000-7fa8b8a43000 rw-s 00000000 00:65 71965686                   /tmp/hsperfdata_root/9360
7fa8b8a43000-7fa8b8a46000 rw-p 00000000 00:00 0 
7fa8b8a46000-7fa8b8a47000 r--p 00000000 00:65 165033992                  /usr/lib/x86_64-linux-gnu/ld-2.31.so
7fa8b8a47000-7fa8b8a6a000 r-xp 00001000 00:65 165033992                  /usr/lib/x86_64-linux-gnu/ld-2.31.so
7fa8b8a6a000-7fa8b8a72000 r--p 00024000 00:65 165033992                  /usr/lib/x86_64-linux-gnu/ld-2.31.so
7fa8b8a72000-7fa8b8a73000 r--p 00000000 00:00 0 
7fa8b8a73000-7fa8b8a74000 r--p 0002c000 00:65 165033992                  /usr/lib/x86_64-linux-gnu/ld-2.31.so
7fa8b8a74000-7fa8b8a75000 rw-p 0002d000 00:65 165033992                  /usr/lib/x86_64-linux-gnu/ld-2.31.so
7fa8b8a75000-7fa8b8a76000 rw-p 00000000 00:00 0 
7fff22623000-7fff22644000 rw-p 00000000 00:00 0                          [stack]
7fff226c7000-7fff226ca000 r--p 00000000 00:00 0                          [vvar]
7fff226ca000-7fff226cb000 r-xp 00000000 00:00 0                          [vdso]
ffffffffff600000-ffffffffff601000 --xp 00000000 00:00 0                  [vsyscall]

VM Arguments:
jvm_args: -Xbootclasspath/a:/usr/local/java/jdk1.8.0_301/jre/lib/rt.jar -Xverify:none 
java_command: org.apache.batik.apps.rasterizer.Main
java_class_path (initial): ./sootOutput/batik-all/
Launcher Type: SUN_STANDARD

Logging:
Log output configuration:
#0: stdout all=warning uptime,level,tags
#1: stderr all=off uptime,level,tags

Environment Variables:
JAVA_HOME=/root/oracle/jdk-9.0.4
JRE_HOME=/root/oracle/jdk-9.0.4
CLASSPATH=.:/root/oracle/jdk-9.0.4/lib:/JVMfuzzing/htm/CFSynthesis/resource/commons-lang3-3.12.0/commons-lang3-3.12.0.jar
PATH=/root/oracle/jdk-9.0.4/bin:/root/.vscode-server/bin/da76f93349a72022ca4670c1b84860304616aaa2/bin/remote-cli:/root/oracle/jdk-9.0.4/bin:/usr/local/sbin:/usr/local/bin:/usr/sbin:/usr/bin:/sbin:/bin:/usr/games:/usr/local/games:/snap/bin
SHELL=/bin/bash

Signal Handlers:
SIGSEGV: [libjvm.so+0xd4d370], sa_mask[0]=11111111011111111101111111111110, sa_flags=SA_RESTART|SA_SIGINFO
SIGBUS: [libjvm.so+0xd4d370], sa_mask[0]=11111111011111111101111111111110, sa_flags=SA_RESTART|SA_SIGINFO
SIGFPE: [libjvm.so+0xd4d370], sa_mask[0]=11111111011111111101111111111110, sa_flags=SA_RESTART|SA_SIGINFO
SIGPIPE: [libjvm.so+0xb64780], sa_mask[0]=11111111011111111101111111111110, sa_flags=SA_RESTART|SA_SIGINFO
SIGXFSZ: [libjvm.so+0xb64780], sa_mask[0]=11111111011111111101111111111110, sa_flags=SA_RESTART|SA_SIGINFO
SIGILL: [libjvm.so+0xd4d370], sa_mask[0]=11111111011111111101111111111110, sa_flags=SA_RESTART|SA_SIGINFO
SIGUSR2: [libjvm.so+0xb64640], sa_mask[0]=00100000000000000000000000000000, sa_flags=SA_RESTART|SA_SIGINFO
SIGHUP: [libjvm.so+0xb64850], sa_mask[0]=11111111011111111101111111111110, sa_flags=SA_RESTART|SA_SIGINFO
SIGINT: [libjvm.so+0xb64850], sa_mask[0]=11111111011111111101111111111110, sa_flags=SA_RESTART|SA_SIGINFO
SIGTERM: [libjvm.so+0xb64850], sa_mask[0]=11111111011111111101111111111110, sa_flags=SA_RESTART|SA_SIGINFO
SIGQUIT: [libjvm.so+0xb64850], sa_mask[0]=11111111011111111101111111111110, sa_flags=SA_RESTART|SA_SIGINFO


---------------  S Y S T E M  ---------------

OS:DISTRIB_ID=Ubuntu
DISTRIB_RELEASE=20.04
DISTRIB_CODENAME=focal
DISTRIB_DESCRIPTION="Ubuntu 20.04.3 LTS"
uname:Linux 5.4.0-124-generic #140~18.04.1-Ubuntu SMP Fri Aug 5 11:43:34 UTC 2022 x86_64
libc:glibc 2.31 NPTL 2.31 
rlimit: STACK 8192k, CORE infinity, NPROC infinity, NOFILE 1048576, AS infinity
load average:40.04 39.09 34.95

/proc/meminfo:
MemTotal:       65549624 kB
MemFree:        14275204 kB
MemAvailable:   40579876 kB
Buffers:         5875664 kB
Cached:          3022752 kB
SwapCached:         7560 kB
Active:         25488960 kB
Inactive:        5767248 kB
Active(anon):   18386068 kB
Inactive(anon):  3992524 kB
Active(file):    7102892 kB
Inactive(file):  1774724 kB
Unevictable:          16 kB
Mlocked:              16 kB
SwapTotal:       2097148 kB
SwapFree:              4 kB
Dirty:             24160 kB
Writeback:             0 kB
AnonPages:      22350900 kB
Mapped:           820224 kB
Shmem:             25660 kB
KReclaimable:   18158980 kB
Slab:           19314028 kB
SReclaimable:   18158980 kB
SUnreclaim:      1155048 kB
KernelStack:       78056 kB
PageTables:       209124 kB
NFS_Unstable:          0 kB
Bounce:                0 kB
WritebackTmp:          0 kB
CommitLimit:    34871960 kB
Committed_AS:   78508236 kB
VmallocTotal:   34359738367 kB
VmallocUsed:      160552 kB
VmallocChunk:          0 kB
Percpu:            32512 kB
HardwareCorrupted:     0 kB
AnonHugePages:         0 kB
ShmemHugePages:        0 kB
ShmemPmdMapped:        0 kB
FileHugePages:         0 kB
FilePmdMapped:         0 kB
CmaTotal:              0 kB
CmaFree:               0 kB
HugePages_Total:       0
HugePages_Free:        0
HugePages_Rsvd:        0
HugePages_Surp:        0
Hugepagesize:       2048 kB
Hugetlb:               0 kB
DirectMap4k:    15497632 kB
DirectMap2M:    51298304 kB
DirectMap1G:           0 kB


CPU:total 28 (initial active 28) (14 cores per cpu, 2 threads per core) family 6 model 85 stepping 4, cmov, cx8, fxsr, mmx, sse, sse2, sse3, ssse3, sse4.1, sse4.2, popcnt, avx, avx2, aes, clmul, erms, rtm, 3dnowpref, lzcnt, ht, tsc, tscinvbit, bmi1, bmi2, adx, fma
CPU Model and flags from /proc/cpuinfo:
model name	: Intel(R) Core(TM) i9-9940X CPU @ 3.30GHz
flags		: fpu vme de pse tsc msr pae mce cx8 apic sep mtrr pge mca cmov pat pse36 clflush dts acpi mmx fxsr sse sse2 ss ht tm pbe syscall nx pdpe1gb rdtscp lm constant_tsc art arch_perfmon pebs bts rep_good nopl xtopology nonstop_tsc cpuid aperfmperf pni pclmulqdq dtes64 monitor ds_cpl vmx est tm2 ssse3 sdbg fma cx16 xtpr pdcm pcid dca sse4_1 sse4_2 x2apic movbe popcnt tsc_deadline_timer aes xsave avx f16c rdrand lahf_lm abm 3dnowprefetch cpuid_fault epb cat_l3 cdp_l3 invpcid_single pti ssbd mba ibrs ibpb stibp tpr_shadow vnmi flexpriority ept vpid ept_ad fsgsbase tsc_adjust bmi1 hle avx2 smep bmi2 erms invpcid rtm cqm mpx rdt_a avx512f avx512dq rdseed adx smap clflushopt clwb intel_pt avx512cd avx512bw avx512vl xsaveopt xsavec xgetbv1 xsaves cqm_llc cqm_occup_llc cqm_mbm_total cqm_mbm_local dtherm ida arat pln pts hwp hwp_act_window hwp_epp hwp_pkg_req md_clear flush_l1d arch_capabilities

Memory: 4k page, physical 65549624k(14275204k free), swap 2097148k(4k free)

vm_info: Java HotSpot(TM) 64-Bit Server VM (9.0.4+11) for linux-amd64 JRE (9.0.4+11), built on Dec 19 2017 18:12:19 by "mach5one" with gcc 4.9.2

END.
